> Recv: 0 B, Paid 0 FIL, ClientEventOpen (DealStatusNew)
> Recv: 0 B, Paid 0 FIL, ClientEventDealProposed (DealStatusWaitForAcceptance)
> Recv: 0 B, Paid 0 FIL, ClientEventDealAccepted (DealStatusAccepted)
> Recv: 0 B, Paid 0 FIL, ClientEventPaymentChannelCreateInitiated (DealStatusPaymentChannelCreating)
> Recv: 2.077 KiB, Paid 0 FIL, ClientEventBlocksReceived (DealStatusPaymentChannelCreating)
> Recv: 3.023 KiB, Paid 0 FIL, ClientEventBlocksReceived (DealStatusPaymentChannelCreating)
2020-10-24T11:43:30.553-0700	[34mINFO[0m	rpc	go-jsonrpc@v0.1.2-0.20201008195726-68c6a2704e49/client.go:346	rpc output message buffer	{"n": 2}
> Recv: 259 KiB, Paid 0 FIL, ClientEventBlocksReceived (DealStatusPaymentChannelCreating)
> Recv: 515.1 KiB, Paid 0 FIL, ClientEventBlocksReceived (DealStatusPaymentChannelCreating)
> Recv: 771.1 KiB, Paid 0 FIL, ClientEventBlocksReceived (DealStatusPaymentChannelCreating)
> Recv: 771.1 KiB, Paid 0 FIL, ClientEventPaymentRequested (DealStatusPaymentChannelCreating)
2020-10-24T11:43:30.570-0700	[34mINFO[0m	rpc	go-jsonrpc@v0.1.2-0.20201008195726-68c6a2704e49/client.go:346	rpc output message buffer	{"n": 2}
> Recv: 1.003 MiB, Paid 0 FIL, ClientEventBlocksReceived (DealStatusPaymentChannelCreating)
> Recv: 1.003 MiB, Paid 0 FIL, ClientEventPaymentChannelReady (DealStatusPaymentChannelAllocatingLane)
> Recv: 1.003 MiB, Paid 0 FIL, ClientEventLaneAllocated (DealStatusOngoing)
> Recv: 1.003 MiB, Paid 0 FIL, ClientEventPaymentRequested (DealStatusFundsNeeded)
> Recv: 1.003 MiB, Paid 0 FIL, ClientEventSendFunds (DealStatusSendFunds)
> Recv: 1.003 MiB, Paid 0.000000000002103456 FIL, ClientEventPaymentSent (DealStatusOngoing)
> Recv: 1.253 MiB, Paid 0.000000000002103456 FIL, ClientEventBlocksReceived (DealStatusOngoing)
> Recv: 1.503 MiB, Paid 0.000000000002103456 FIL, ClientEventBlocksReceived (DealStatusOngoing)
> Recv: 1.753 MiB, Paid 0.000000000002103456 FIL, ClientEventBlocksReceived (DealStatusOngoing)
> Recv: 2.003 MiB, Paid 0.000000000002103456 FIL, ClientEventBlocksReceived (DealStatusOngoing)
> Recv: 2.253 MiB, Paid 0.000000000002103456 FIL, ClientEventBlocksReceived (DealStatusOngoing)
> Recv: 2.503 MiB, Paid 0.000000000002103456 FIL, ClientEventBlocksReceived (DealStatusOngoing)
> Recv: 2.753 MiB, Paid 0.000000000002103456 FIL, ClientEventBlocksReceived (DealStatusOngoing)
> Recv: 2.753 MiB, Paid 0.000000000002103456 FIL, ClientEventPaymentRequested (DealStatusFundsNeeded)
> Recv: 3.003 MiB, Paid 0.000000000002103456 FIL, ClientEventBlocksReceived (DealStatusFundsNeeded)
> Recv: 3.003 MiB, Paid 0.000000000002103456 FIL, ClientEventSendFunds (DealStatusSendFunds)
> Recv: 3.003 MiB, Paid 0.000000000006297984 FIL, ClientEventPaymentSent (DealStatusOngoing)
> Recv: 3.253 MiB, Paid 0.000000000006297984 FIL, ClientEventBlocksReceived (DealStatusOngoing)
> Recv: 3.503 MiB, Paid 0.000000000006297984 FIL, ClientEventBlocksReceived (DealStatusOngoing)
> Recv: 3.753 MiB, Paid 0.000000000006297984 FIL, ClientEventBlocksReceived (DealStatusOngoing)
> Recv: 4.003 MiB, Paid 0.000000000006297984 FIL, ClientEventBlocksReceived (DealStatusOngoing)
> Recv: 4.253 MiB, Paid 0.000000000006297984 FIL, ClientEventBlocksReceived (DealStatusOngoing)
> Recv: 4.503 MiB, Paid 0.000000000006297984 FIL, ClientEventBlocksReceived (DealStatusOngoing)
> Recv: 4.753 MiB, Paid 0.000000000006297984 FIL, ClientEventBlocksReceived (DealStatusOngoing)
> Recv: 4.772 MiB, Paid 0.000000000006297984 FIL, ClientEventBlocksReceived (DealStatusOngoing)
> Recv: 4.773 MiB, Paid 0.000000000006297984 FIL, ClientEventBlocksReceived (DealStatusOngoing)
> Recv: 5.023 MiB, Paid 0.000000000006297984 FIL, ClientEventBlocksReceived (DealStatusOngoing)
> Recv: 5.273 MiB, Paid 0.000000000006297984 FIL, ClientEventBlocksReceived (DealStatusOngoing)
> Recv: 5.523 MiB, Paid 0.000000000006297984 FIL, ClientEventBlocksReceived (DealStatusOngoing)
> Recv: 5.773 MiB, Paid 0.000000000006297984 FIL, ClientEventBlocksReceived (DealStatusOngoing)
> Recv: 5.773 MiB, Paid 0.000000000006297984 FIL, ClientEventPaymentRequested (DealStatusFundsNeeded)
> Recv: 6.023 MiB, Paid 0.000000000006297984 FIL, ClientEventBlocksReceived (DealStatusFundsNeeded)
> Recv: 6.023 MiB, Paid 0.000000000006297984 FIL, ClientEventSendFunds (DealStatusSendFunds)
> Recv: 6.023 MiB, Paid 0.00000000001263027 FIL, ClientEventPaymentSent (DealStatusOngoing)
> Recv: 6.273 MiB, Paid 0.00000000001263027 FIL, ClientEventBlocksReceived (DealStatusOngoing)
> Recv: 6.523 MiB, Paid 0.00000000001263027 FIL, ClientEventBlocksReceived (DealStatusOngoing)
> Recv: 6.773 MiB, Paid 0.00000000001263027 FIL, ClientEventBlocksReceived (DealStatusOngoing)
> Recv: 7.023 MiB, Paid 0.00000000001263027 FIL, ClientEventBlocksReceived (DealStatusOngoing)
> Recv: 7.273 MiB, Paid 0.00000000001263027 FIL, ClientEventBlocksReceived (DealStatusOngoing)
> Recv: 7.523 MiB, Paid 0.00000000001263027 FIL, ClientEventBlocksReceived (DealStatusOngoing)
> Recv: 7.773 MiB, Paid 0.00000000001263027 FIL, ClientEventBlocksReceived (DealStatusOngoing)
> Recv: 8.023 MiB, Paid 0.00000000001263027 FIL, ClientEventBlocksReceived (DealStatusOngoing)
> Recv: 8.273 MiB, Paid 0.00000000001263027 FIL, ClientEventBlocksReceived (DealStatusOngoing)
> Recv: 8.523 MiB, Paid 0.00000000001263027 FIL, ClientEventBlocksReceived (DealStatusOngoing)
> Recv: 8.773 MiB, Paid 0.00000000001263027 FIL, ClientEventBlocksReceived (DealStatusOngoing)
> Recv: 9.023 MiB, Paid 0.00000000001263027 FIL, ClientEventBlocksReceived (DealStatusOngoing)
> Recv: 9.273 MiB, Paid 0.00000000001263027 FIL, ClientEventBlocksReceived (DealStatusOngoing)
> Recv: 9.523 MiB, Paid 0.00000000001263027 FIL, ClientEventBlocksReceived (DealStatusOngoing)
> Recv: 9.541 MiB, Paid 0.00000000001263027 FIL, ClientEventBlocksReceived (DealStatusOngoing)
> Recv: 9.542 MiB, Paid 0.00000000001263027 FIL, ClientEventBlocksReceived (DealStatusOngoing)
> Recv: 9.792 MiB, Paid 0.00000000001263027 FIL, ClientEventBlocksReceived (DealStatusOngoing)
> Recv: 9.792 MiB, Paid 0.00000000001263027 FIL, ClientEventPaymentRequested (DealStatusFundsNeeded)
2020-10-24T11:44:34.951-0700	[34mINFO[0m	rpc	go-jsonrpc@v0.1.2-0.20201008195726-68c6a2704e49/client.go:346	rpc output message buffer	{"n": 2}
> Recv: 10.04 MiB, Paid 0.00000000001263027 FIL, ClientEventBlocksReceived (DealStatusFundsNeeded)
> Recv: 10.04 MiB, Paid 0.00000000001263027 FIL, ClientEventSendFunds (DealStatusSendFunds)
> Recv: 10.04 MiB, Paid 0.00000000002105982 FIL, ClientEventPaymentSent (DealStatusOngoing)
> Recv: 10.29 MiB, Paid 0.00000000002105982 FIL, ClientEventBlocksReceived (DealStatusOngoing)
> Recv: 10.54 MiB, Paid 0.00000000002105982 FIL, ClientEventBlocksReceived (DealStatusOngoing)
> Recv: 10.79 MiB, Paid 0.00000000002105982 FIL, ClientEventBlocksReceived (DealStatusOngoing)
> Recv: 11.04 MiB, Paid 0.00000000002105982 FIL, ClientEventBlocksReceived (DealStatusOngoing)
> Recv: 11.29 MiB, Paid 0.00000000002105982 FIL, ClientEventBlocksReceived (DealStatusOngoing)
> Recv: 11.54 MiB, Paid 0.00000000002105982 FIL, ClientEventBlocksReceived (DealStatusOngoing)
> Recv: 11.79 MiB, Paid 0.00000000002105982 FIL, ClientEventBlocksReceived (DealStatusOngoing)
> Recv: 12.04 MiB, Paid 0.00000000002105982 FIL, ClientEventBlocksReceived (DealStatusOngoing)
> Recv: 12.29 MiB, Paid 0.00000000002105982 FIL, ClientEventBlocksReceived (DealStatusOngoing)
> Recv: 12.54 MiB, Paid 0.00000000002105982 FIL, ClientEventBlocksReceived (DealStatusOngoing)
> Recv: 12.79 MiB, Paid 0.00000000002105982 FIL, ClientEventBlocksReceived (DealStatusOngoing)
> Recv: 13.04 MiB, Paid 0.00000000002105982 FIL, ClientEventBlocksReceived (DealStatusOngoing)
> Recv: 13.29 MiB, Paid 0.00000000002105982 FIL, ClientEventBlocksReceived (DealStatusOngoing)
> Recv: 13.54 MiB, Paid 0.00000000002105982 FIL, ClientEventBlocksReceived (DealStatusOngoing)
> Recv: 13.79 MiB, Paid 0.00000000002105982 FIL, ClientEventBlocksReceived (DealStatusOngoing)
> Recv: 14.04 MiB, Paid 0.00000000002105982 FIL, ClientEventBlocksReceived (DealStatusOngoing)
> Recv: 14.29 MiB, Paid 0.00000000002105982 FIL, ClientEventBlocksReceived (DealStatusOngoing)
> Recv: 14.31 MiB, Paid 0.00000000002105982 FIL, ClientEventBlocksReceived (DealStatusOngoing)
> Recv: 14.31 MiB, Paid 0.00000000002105982 FIL, ClientEventBlocksReceived (DealStatusOngoing)
> Recv: 14.56 MiB, Paid 0.00000000002105982 FIL, ClientEventBlocksReceived (DealStatusOngoing)
> Recv: 14.81 MiB, Paid 0.00000000002105982 FIL, ClientEventBlocksReceived (DealStatusOngoing)
> Recv: 14.81 MiB, Paid 0.00000000002105982 FIL, ClientEventPaymentRequested (DealStatusFundsNeeded)
> Recv: 15.06 MiB, Paid 0.00000000002105982 FIL, ClientEventBlocksReceived (DealStatusFundsNeeded)
> Recv: 15.06 MiB, Paid 0.00000000002105982 FIL, ClientEventSendFunds (DealStatusSendFunds)
> Recv: 15.06 MiB, Paid 0.000000000031586634 FIL, ClientEventPaymentSent (DealStatusOngoing)
> Recv: 15.31 MiB, Paid 0.000000000031586634 FIL, ClientEventBlocksReceived (DealStatusOngoing)
> Recv: 15.56 MiB, Paid 0.000000000031586634 FIL, ClientEventBlocksReceived (DealStatusOngoing)
> Recv: 15.81 MiB, Paid 0.000000000031586634 FIL, ClientEventBlocksReceived (DealStatusOngoing)
> Recv: 16.06 MiB, Paid 0.000000000031586634 FIL, ClientEventBlocksReceived (DealStatusOngoing)
> Recv: 16.31 MiB, Paid 0.000000000031586634 FIL, ClientEventBlocksReceived (DealStatusOngoing)
> Recv: 16.56 MiB, Paid 0.000000000031586634 FIL, ClientEventBlocksReceived (DealStatusOngoing)
> Recv: 16.81 MiB, Paid 0.000000000031586634 FIL, ClientEventBlocksReceived (DealStatusOngoing)
> Recv: 17.06 MiB, Paid 0.000000000031586634 FIL, ClientEventBlocksReceived (DealStatusOngoing)
> Recv: 17.31 MiB, Paid 0.000000000031586634 FIL, ClientEventBlocksReceived (DealStatusOngoing)
> Recv: 17.56 MiB, Paid 0.000000000031586634 FIL, ClientEventBlocksReceived (DealStatusOngoing)
> Recv: 17.81 MiB, Paid 0.000000000031586634 FIL, ClientEventBlocksReceived (DealStatusOngoing)
> Recv: 18.06 MiB, Paid 0.000000000031586634 FIL, ClientEventBlocksReceived (DealStatusOngoing)
> Recv: 18.31 MiB, Paid 0.000000000031586634 FIL, ClientEventBlocksReceived (DealStatusOngoing)
> Recv: 18.56 MiB, Paid 0.000000000031586634 FIL, ClientEventBlocksReceived (DealStatusOngoing)
> Recv: 18.81 MiB, Paid 0.000000000031586634 FIL, ClientEventBlocksReceived (DealStatusOngoing)
> Recv: 19.06 MiB, Paid 0.000000000031586634 FIL, ClientEventBlocksReceived (DealStatusOngoing)
> Recv: 19.08 MiB, Paid 0.000000000031586634 FIL, ClientEventBlocksReceived (DealStatusOngoing)
> Recv: 19.08 MiB, Paid 0.000000000031586634 FIL, ClientEventBlocksReceived (DealStatusOngoing)
> Recv: 19.33 MiB, Paid 0.000000000031586634 FIL, ClientEventBlocksReceived (DealStatusOngoing)
> Recv: 19.58 MiB, Paid 0.000000000031586634 FIL, ClientEventBlocksReceived (DealStatusOngoing)
> Recv: 19.83 MiB, Paid 0.000000000031586634 FIL, ClientEventBlocksReceived (DealStatusOngoing)
> Recv: 20.08 MiB, Paid 0.000000000031586634 FIL, ClientEventBlocksReceived (DealStatusOngoing)
> Recv: 20.33 MiB, Paid 0.000000000031586634 FIL, ClientEventBlocksReceived (DealStatusOngoing)
> Recv: 20.58 MiB, Paid 0.000000000031586634 FIL, ClientEventBlocksReceived (DealStatusOngoing)
> Recv: 20.83 MiB, Paid 0.000000000031586634 FIL, ClientEventBlocksReceived (DealStatusOngoing)
> Recv: 20.83 MiB, Paid 0.000000000031586634 FIL, ClientEventPaymentRequested (DealStatusFundsNeeded)
> Recv: 21.08 MiB, Paid 0.000000000031586634 FIL, ClientEventBlocksReceived (DealStatusFundsNeeded)
> Recv: 21.08 MiB, Paid 0.000000000031586634 FIL, ClientEventSendFunds (DealStatusSendFunds)
> Recv: 21.08 MiB, Paid 0.000000000044210712 FIL, ClientEventPaymentSent (DealStatusOngoing)
> Recv: 21.33 MiB, Paid 0.000000000044210712 FIL, ClientEventBlocksReceived (DealStatusOngoing)
> Recv: 21.58 MiB, Paid 0.000000000044210712 FIL, ClientEventBlocksReceived (DealStatusOngoing)
> Recv: 21.83 MiB, Paid 0.000000000044210712 FIL, ClientEventBlocksReceived (DealStatusOngoing)
> Recv: 22.08 MiB, Paid 0.000000000044210712 FIL, ClientEventBlocksReceived (DealStatusOngoing)
> Recv: 22.33 MiB, Paid 0.000000000044210712 FIL, ClientEventBlocksReceived (DealStatusOngoing)
> Recv: 22.58 MiB, Paid 0.000000000044210712 FIL, ClientEventBlocksReceived (DealStatusOngoing)
> Recv: 22.83 MiB, Paid 0.000000000044210712 FIL, ClientEventBlocksReceived (DealStatusOngoing)
> Recv: 23.08 MiB, Paid 0.000000000044210712 FIL, ClientEventBlocksReceived (DealStatusOngoing)
> Recv: 23.33 MiB, Paid 0.000000000044210712 FIL, ClientEventBlocksReceived (DealStatusOngoing)
> Recv: 23.58 MiB, Paid 0.000000000044210712 FIL, ClientEventBlocksReceived (DealStatusOngoing)
> Recv: 23.83 MiB, Paid 0.000000000044210712 FIL, ClientEventBlocksReceived (DealStatusOngoing)
> Recv: 23.85 MiB, Paid 0.000000000044210712 FIL, ClientEventBlocksReceived (DealStatusOngoing)
> Recv: 23.85 MiB, Paid 0.000000000044210712 FIL, ClientEventBlocksReceived (DealStatusOngoing)
> Recv: 24.1 MiB, Paid 0.000000000044210712 FIL, ClientEventBlocksReceived (DealStatusOngoing)
> Recv: 24.35 MiB, Paid 0.000000000044210712 FIL, ClientEventBlocksReceived (DealStatusOngoing)
> Recv: 24.6 MiB, Paid 0.000000000044210712 FIL, ClientEventBlocksReceived (DealStatusOngoing)
> Recv: 24.85 MiB, Paid 0.000000000044210712 FIL, ClientEventBlocksReceived (DealStatusOngoing)
> Recv: 25.1 MiB, Paid 0.000000000044210712 FIL, ClientEventBlocksReceived (DealStatusOngoing)
> Recv: 25.35 MiB, Paid 0.000000000044210712 FIL, ClientEventBlocksReceived (DealStatusOngoing)
> Recv: 25.6 MiB, Paid 0.000000000044210712 FIL, ClientEventBlocksReceived (DealStatusOngoing)
> Recv: 25.85 MiB, Paid 0.000000000044210712 FIL, ClientEventBlocksReceived (DealStatusOngoing)
> Recv: 26.1 MiB, Paid 0.000000000044210712 FIL, ClientEventBlocksReceived (DealStatusOngoing)
> Recv: 26.35 MiB, Paid 0.000000000044210712 FIL, ClientEventBlocksReceived (DealStatusOngoing)
> Recv: 26.6 MiB, Paid 0.000000000044210712 FIL, ClientEventBlocksReceived (DealStatusOngoing)
> Recv: 26.85 MiB, Paid 0.000000000044210712 FIL, ClientEventBlocksReceived (DealStatusOngoing)
> Recv: 27.1 MiB, Paid 0.000000000044210712 FIL, ClientEventBlocksReceived (DealStatusOngoing)
> Recv: 27.35 MiB, Paid 0.000000000044210712 FIL, ClientEventBlocksReceived (DealStatusOngoing)
> Recv: 27.6 MiB, Paid 0.000000000044210712 FIL, ClientEventBlocksReceived (DealStatusOngoing)
> Recv: 27.85 MiB, Paid 0.000000000044210712 FIL, ClientEventBlocksReceived (DealStatusOngoing)
> Recv: 27.85 MiB, Paid 0.000000000044210712 FIL, ClientEventPaymentRequested (DealStatusFundsNeeded)
> Recv: 28.1 MiB, Paid 0.000000000044210712 FIL, ClientEventBlocksReceived (DealStatusFundsNeeded)
> Recv: 28.1 MiB, Paid 0.000000000044210712 FIL, ClientEventSendFunds (DealStatusSendFunds)
> Recv: 28.1 MiB, Paid 0.000000000058932054 FIL, ClientEventPaymentSent (DealStatusOngoing)
> Recv: 28.35 MiB, Paid 0.000000000058932054 FIL, ClientEventBlocksReceived (DealStatusOngoing)
> Recv: 28.6 MiB, Paid 0.000000000058932054 FIL, ClientEventBlocksReceived (DealStatusOngoing)
> Recv: 28.62 MiB, Paid 0.000000000058932054 FIL, ClientEventBlocksReceived (DealStatusOngoing)
> Recv: 28.62 MiB, Paid 0.000000000058932054 FIL, ClientEventBlocksReceived (DealStatusOngoing)
> Recv: 28.87 MiB, Paid 0.000000000058932054 FIL, ClientEventBlocksReceived (DealStatusOngoing)
> Recv: 29.12 MiB, Paid 0.000000000058932054 FIL, ClientEventBlocksReceived (DealStatusOngoing)
> Recv: 29.37 MiB, Paid 0.000000000058932054 FIL, ClientEventBlocksReceived (DealStatusOngoing)
> Recv: 29.62 MiB, Paid 0.000000000058932054 FIL, ClientEventBlocksReceived (DealStatusOngoing)
> Recv: 29.87 MiB, Paid 0.000000000058932054 FIL, ClientEventBlocksReceived (DealStatusOngoing)
> Recv: 30.12 MiB, Paid 0.000000000058932054 FIL, ClientEventBlocksReceived (DealStatusOngoing)
> Recv: 30.37 MiB, Paid 0.000000000058932054 FIL, ClientEventBlocksReceived (DealStatusOngoing)
> Recv: 30.62 MiB, Paid 0.000000000058932054 FIL, ClientEventBlocksReceived (DealStatusOngoing)
> Recv: 30.87 MiB, Paid 0.000000000058932054 FIL, ClientEventBlocksReceived (DealStatusOngoing)
> Recv: 31.12 MiB, Paid 0.000000000058932054 FIL, ClientEventBlocksReceived (DealStatusOngoing)
> Recv: 31.37 MiB, Paid 0.000000000058932054 FIL, ClientEventBlocksReceived (DealStatusOngoing)
> Recv: 31.62 MiB, Paid 0.000000000058932054 FIL, ClientEventBlocksReceived (DealStatusOngoing)
> Recv: 31.87 MiB, Paid 0.000000000058932054 FIL, ClientEventBlocksReceived (DealStatusOngoing)
> Recv: 32.12 MiB, Paid 0.000000000058932054 FIL, ClientEventBlocksReceived (DealStatusOngoing)
> Recv: 32.37 MiB, Paid 0.000000000058932054 FIL, ClientEventBlocksReceived (DealStatusOngoing)
> Recv: 32.62 MiB, Paid 0.000000000058932054 FIL, ClientEventBlocksReceived (DealStatusOngoing)
> Recv: 32.87 MiB, Paid 0.000000000058932054 FIL, ClientEventBlocksReceived (DealStatusOngoing)
> Recv: 33.12 MiB, Paid 0.000000000058932054 FIL, ClientEventBlocksReceived (DealStatusOngoing)
> Recv: 33.37 MiB, Paid 0.000000000058932054 FIL, ClientEventBlocksReceived (DealStatusOngoing)
> Recv: 33.39 MiB, Paid 0.000000000058932054 FIL, ClientEventBlocksReceived (DealStatusOngoing)
> Recv: 33.39 MiB, Paid 0.000000000058932054 FIL, ClientEventBlocksReceived (DealStatusOngoing)
> Recv: 33.64 MiB, Paid 0.000000000058932054 FIL, ClientEventBlocksReceived (DealStatusOngoing)
> Recv: 33.89 MiB, Paid 0.000000000058932054 FIL, ClientEventBlocksReceived (DealStatusOngoing)
> Recv: 34.14 MiB, Paid 0.000000000058932054 FIL, ClientEventBlocksReceived (DealStatusOngoing)
> Recv: 34.39 MiB, Paid 0.000000000058932054 FIL, ClientEventBlocksReceived (DealStatusOngoing)
> Recv: 34.64 MiB, Paid 0.000000000058932054 FIL, ClientEventBlocksReceived (DealStatusOngoing)
> Recv: 34.89 MiB, Paid 0.000000000058932054 FIL, ClientEventBlocksReceived (DealStatusOngoing)
> Recv: 35.14 MiB, Paid 0.000000000058932054 FIL, ClientEventBlocksReceived (DealStatusOngoing)
> Recv: 35.39 MiB, Paid 0.000000000058932054 FIL, ClientEventBlocksReceived (DealStatusOngoing)
> Recv: 35.64 MiB, Paid 0.000000000058932054 FIL, ClientEventBlocksReceived (DealStatusOngoing)
> Recv: 35.89 MiB, Paid 0.000000000058932054 FIL, ClientEventBlocksReceived (DealStatusOngoing)
> Recv: 35.89 MiB, Paid 0.000000000058932054 FIL, ClientEventPaymentRequested (DealStatusFundsNeeded)
> Recv: 36.14 MiB, Paid 0.000000000058932054 FIL, ClientEventBlocksReceived (DealStatusFundsNeeded)
> Recv: 36.14 MiB, Paid 0.000000000058932054 FIL, ClientEventSendFunds (DealStatusSendFunds)
> Recv: 36.14 MiB, Paid 0.000000000075791154 FIL, ClientEventPaymentSent (DealStatusOngoing)
> Recv: 36.39 MiB, Paid 0.000000000075791154 FIL, ClientEventBlocksReceived (DealStatusOngoing)
> Recv: 36.64 MiB, Paid 0.000000000075791154 FIL, ClientEventBlocksReceived (DealStatusOngoing)
> Recv: 36.89 MiB, Paid 0.000000000075791154 FIL, ClientEventBlocksReceived (DealStatusOngoing)
> Recv: 37.14 MiB, Paid 0.000000000075791154 FIL, ClientEventBlocksReceived (DealStatusOngoing)
> Recv: 37.39 MiB, Paid 0.000000000075791154 FIL, ClientEventBlocksReceived (DealStatusOngoing)
> Recv: 37.64 MiB, Paid 0.000000000075791154 FIL, ClientEventBlocksReceived (DealStatusOngoing)
> Recv: 37.89 MiB, Paid 0.000000000075791154 FIL, ClientEventBlocksReceived (DealStatusOngoing)
> Recv: 38.14 MiB, Paid 0.000000000075791154 FIL, ClientEventBlocksReceived (DealStatusOngoing)
> Recv: 38.16 MiB, Paid 0.000000000075791154 FIL, ClientEventBlocksReceived (DealStatusOngoing)
> Recv: 38.16 MiB, Paid 0.000000000075791154 FIL, ClientEventBlocksReceived (DealStatusOngoing)
> Recv: 38.41 MiB, Paid 0.000000000075791154 FIL, ClientEventBlocksReceived (DealStatusOngoing)
> Recv: 38.66 MiB, Paid 0.000000000075791154 FIL, ClientEventBlocksReceived (DealStatusOngoing)
> Recv: 38.91 MiB, Paid 0.000000000075791154 FIL, ClientEventBlocksReceived (DealStatusOngoing)
> Recv: 39.16 MiB, Paid 0.000000000075791154 FIL, ClientEventBlocksReceived (DealStatusOngoing)
> Recv: 39.41 MiB, Paid 0.000000000075791154 FIL, ClientEventBlocksReceived (DealStatusOngoing)
> Recv: 39.66 MiB, Paid 0.000000000075791154 FIL, ClientEventBlocksReceived (DealStatusOngoing)
> Recv: 39.91 MiB, Paid 0.000000000075791154 FIL, ClientEventBlocksReceived (DealStatusOngoing)
> Recv: 40.16 MiB, Paid 0.000000000075791154 FIL, ClientEventBlocksReceived (DealStatusOngoing)
> Recv: 40.41 MiB, Paid 0.000000000075791154 FIL, ClientEventBlocksReceived (DealStatusOngoing)
> Recv: 40.66 MiB, Paid 0.000000000075791154 FIL, ClientEventBlocksReceived (DealStatusOngoing)
> Recv: 40.91 MiB, Paid 0.000000000075791154 FIL, ClientEventBlocksReceived (DealStatusOngoing)
> Recv: 41.16 MiB, Paid 0.000000000075791154 FIL, ClientEventBlocksReceived (DealStatusOngoing)
> Recv: 41.16 MiB, Paid 0.000000000075791154 FIL, ClientEventPaymentRequested (DealStatusFundsNeeded)
ERROR: retrieval timed out

Command exited with non-zero status 124
0.20user 0.15system 22:00.00elapsed 0%CPU (0avgtext+0avgdata 43844maxresident)k
0inputs+0outputs (0major+3877minor)pagefaults 0swaps
