> Recv: 0 B, Paid 0 FIL, ClientEventOpen (DealStatusNew)
> Recv: 0 B, Paid 0 FIL, ClientEventDealProposed (DealStatusWaitForAcceptance)
> Recv: 0 B, Paid 0 FIL, ClientEventDealAccepted (DealStatusAccepted)
> Recv: 0 B, Paid 0 FIL, ClientEventPaymentChannelCreateInitiated (DealStatusPaymentChannelCreating)
> Recv: 1.444 KiB, Paid 0 FIL, ClientEventBlocksReceived (DealStatusPaymentChannelCreating)
2020-10-23T15:03:33.629-0700	[34mINFO[0m	rpc	go-jsonrpc@v0.1.2-0.20201008195726-68c6a2704e49/client.go:346	rpc output message buffer	{"n": 2}
> Recv: 2.391 KiB, Paid 0 FIL, ClientEventBlocksReceived (DealStatusPaymentChannelCreating)
> Recv: 258.4 KiB, Paid 0 FIL, ClientEventBlocksReceived (DealStatusPaymentChannelCreating)
> Recv: 514.4 KiB, Paid 0 FIL, ClientEventBlocksReceived (DealStatusPaymentChannelCreating)
2020-10-23T15:03:33.638-0700	[34mINFO[0m	rpc	go-jsonrpc@v0.1.2-0.20201008195726-68c6a2704e49/client.go:346	rpc output message buffer	{"n": 2}
> Recv: 770.4 KiB, Paid 0 FIL, ClientEventBlocksReceived (DealStatusPaymentChannelCreating)
> Recv: 770.4 KiB, Paid 0 FIL, ClientEventPaymentRequested (DealStatusPaymentChannelCreating)
2020-10-23T15:03:33.648-0700	[34mINFO[0m	rpc	go-jsonrpc@v0.1.2-0.20201008195726-68c6a2704e49/client.go:346	rpc output message buffer	{"n": 2}
> Recv: 1.002 MiB, Paid 0 FIL, ClientEventBlocksReceived (DealStatusPaymentChannelCreating)
> Recv: 1.002 MiB, Paid 0 FIL, ClientEventPaymentChannelReady (DealStatusPaymentChannelAllocatingLane)
> Recv: 1.002 MiB, Paid 0 FIL, ClientEventLaneAllocated (DealStatusOngoing)
> Recv: 1.002 MiB, Paid 0 FIL, ClientEventPaymentRequested (DealStatusFundsNeeded)
> Recv: 1.002 MiB, Paid 0 FIL, ClientEventSendFunds (DealStatusSendFunds)
> Recv: 1.002 MiB, Paid 0.00000000000210216 FIL, ClientEventPaymentSent (DealStatusOngoing)
ERROR: retrieval timed out

Command exited with non-zero status 124
0.13user 0.08system 17:00.00elapsed 0%CPU (0avgtext+0avgdata 44252maxresident)k
0inputs+0outputs (0major+4006minor)pagefaults 0swaps
