> Recv: 0 B, Paid 0 FIL, ClientEventOpen (DealStatusNew)
> Recv: 0 B, Paid 0 FIL, ClientEventDealProposed (DealStatusWaitForAcceptance)
> Recv: 0 B, Paid 0 FIL, ClientEventDealAccepted (DealStatusAccepted)
> Recv: 0 B, Paid 0 FIL, ClientEventPaymentChannelCreateInitiated (DealStatusPaymentChannelCreating)
> Recv: 1.502 KiB, Paid 0 FIL, ClientEventBlocksReceived (DealStatusPaymentChannelCreating)
> Recv: 2.308 KiB, Paid 0 FIL, ClientEventBlocksReceived (DealStatusPaymentChannelCreating)
> Recv: 258.3 KiB, Paid 0 FIL, ClientEventBlocksReceived (DealStatusPaymentChannelCreating)
> Recv: 514.3 KiB, Paid 0 FIL, ClientEventBlocksReceived (DealStatusPaymentChannelCreating)
> Recv: 770.3 KiB, Paid 0 FIL, ClientEventBlocksReceived (DealStatusPaymentChannelCreating)
> Recv: 770.3 KiB, Paid 0 FIL, ClientEventPaymentRequested (DealStatusPaymentChannelCreating)
> Recv: 1.002 MiB, Paid 0 FIL, ClientEventBlocksReceived (DealStatusPaymentChannelCreating)
> Recv: 1.002 MiB, Paid 0 FIL, ClientEventPaymentChannelReady (DealStatusPaymentChannelAllocatingLane)
> Recv: 1.002 MiB, Paid 0 FIL, ClientEventLaneAllocated (DealStatusOngoing)
> Recv: 1.002 MiB, Paid 0 FIL, ClientEventPaymentRequested (DealStatusFundsNeeded)
> Recv: 1.002 MiB, Paid 0 FIL, ClientEventSendFunds (DealStatusSendFunds)
> Recv: 1.002 MiB, Paid 0.00000000000210199 FIL, ClientEventPaymentSent (DealStatusOngoing)
> Recv: 1.252 MiB, Paid 0.00000000000210199 FIL, ClientEventBlocksReceived (DealStatusOngoing)
> Recv: 1.502 MiB, Paid 0.00000000000210199 FIL, ClientEventBlocksReceived (DealStatusOngoing)
> Recv: 1.752 MiB, Paid 0.00000000000210199 FIL, ClientEventBlocksReceived (DealStatusOngoing)
> Recv: 2.002 MiB, Paid 0.00000000000210199 FIL, ClientEventBlocksReceived (DealStatusOngoing)
> Recv: 2.252 MiB, Paid 0.00000000000210199 FIL, ClientEventBlocksReceived (DealStatusOngoing)
> Recv: 2.502 MiB, Paid 0.00000000000210199 FIL, ClientEventBlocksReceived (DealStatusOngoing)
> Recv: 2.752 MiB, Paid 0.00000000000210199 FIL, ClientEventBlocksReceived (DealStatusOngoing)
ERROR: retrieval timed out

Command exited with non-zero status 124
0.17user 0.06system 22:00.00elapsed 0%CPU (0avgtext+0avgdata 43232maxresident)k
0inputs+0outputs (0major+3814minor)pagefaults 0swaps
