> Recv: 0 B, Paid 0 FIL, ClientEventOpen (DealStatusNew)
> Recv: 0 B, Paid 0 FIL, ClientEventDealProposed (DealStatusWaitForAcceptance)
> Recv: 0 B, Paid 0 FIL, ClientEventDealAccepted (DealStatusAccepted)
> Recv: 1.444 KiB, Paid 0 FIL, ClientEventBlocksReceived (DealStatusAccepted)
> Recv: 2.391 KiB, Paid 0 FIL, ClientEventBlocksReceived (DealStatusAccepted)
> Recv: 258.4 KiB, Paid 0 FIL, ClientEventBlocksReceived (DealStatusAccepted)
> Recv: 514.4 KiB, Paid 0 FIL, ClientEventBlocksReceived (DealStatusAccepted)
> Recv: 770.4 KiB, Paid 0 FIL, ClientEventBlocksReceived (DealStatusAccepted)
> Recv: 770.4 KiB, Paid 0 FIL, ClientEventPaymentRequested (DealStatusAccepted)
> Recv: 1.002 MiB, Paid 0 FIL, ClientEventBlocksReceived (DealStatusAccepted)
> Recv: 1.002 MiB, Paid 0 FIL, ClientEventPaymentChannelCreateInitiated (DealStatusPaymentChannelCreating)
> Recv: 1.002 MiB, Paid 0 FIL, ClientEventPaymentChannelReady (DealStatusPaymentChannelAllocatingLane)
> Recv: 1.002 MiB, Paid 0 FIL, ClientEventLaneAllocated (DealStatusOngoing)
> Recv: 1.002 MiB, Paid 0 FIL, ClientEventPaymentRequested (DealStatusFundsNeeded)
> Recv: 1.002 MiB, Paid 0 FIL, ClientEventSendFunds (DealStatusSendFunds)
> Recv: 1.002 MiB, Paid 0.00000000000210216 FIL, ClientEventPaymentSent (DealStatusOngoing)
ERROR: retrieval timed out

Command exited with non-zero status 124
0.13user 0.09system 22:00.00elapsed 0%CPU (0avgtext+0avgdata 43104maxresident)k
0inputs+0outputs (0major+3939minor)pagefaults 0swaps
