Loading deals t015968
Loading deals t015968
Loading deals t03296
Loading deals t015968
Loading deals t03296
t03296 1 wiki.zip.aa.aa
t03296 1 wiki.zip.aa.aa
Loading deals t03296
t03296 2 wiki.zip.aa.ab
t03296 1 wiki.zip.aa.aa
t03296 2 wiki.zip.aa.ab
t03296 3 wiki.zip.aa.ac
t03296 3 wiki.zip.aa.ac
t03296 2 wiki.zip.aa.ab
t03296 4 wiki.zip.aa.ad
t03296 3 wiki.zip.aa.ac
t03296 4 wiki.zip.aa.ad
t03296 4 wiki.zip.aa.ad
t03296 5 wiki.zip.aa.ae
t03296 5 wiki.zip.aa.ae
t03296 5 wiki.zip.aa.ae
t03296 6 wiki.zip.aa.af
t03296 6 wiki.zip.aa.af
t03296 6 wiki.zip.aa.af
t03296 7 wiki.zip.aa.ag
t03296 7 wiki.zip.aa.ag
t03296 7 wiki.zip.aa.ag
t03296 8 wiki.zip.aa.ah
t03296 8 wiki.zip.aa.ah
t03296 8 wiki.zip.aa.ah
t03296 9 wiki.zip.aa.ai
t03296 9 wiki.zip.aa.ai
t03296 9 wiki.zip.aa.ai
t03296 10 wiki.zip.aa.aj
t03296 10 wiki.zip.aa.aj
t03296 10 wiki.zip.aa.aj
t03296 11 wiki.zip.aa.ak
t03296 11 wiki.zip.aa.ak
t03296 11 wiki.zip.aa.ak
t03296 12 wiki.zip.aa.al
t03296 12 wiki.zip.aa.al
t03296 12 wiki.zip.aa.al
t03296 13 wiki.zip.aa.am
t03296 13 wiki.zip.aa.am
t03296 13 wiki.zip.aa.am
t03296 14 wiki.zip.aa.an
t03296 14 wiki.zip.aa.an
t03296 14 wiki.zip.aa.an
t03296 15 wiki.zip.aa.ao
t03296 15 wiki.zip.aa.ao
t03296 15 wiki.zip.aa.ao
t03296 16 wiki.zip.aa.ap
t03296 16 wiki.zip.aa.ap
t03296 16 wiki.zip.aa.ap
t03296 17 wiki.zip.aa.aq
t03296 17 wiki.zip.aa.aq
t03296 18 wiki.zip.aa.ar
t03296 17 wiki.zip.aa.aq
t03296 18 wiki.zip.aa.ar
t03296 19 wiki.zip.aa.as
t03296 18 wiki.zip.aa.ar
t03296 20 wiki.zip.aa.at
t03296 19 wiki.zip.aa.as
t03296 19 wiki.zip.aa.as
t03296 21 wiki.zip.aa.au
t03296 20 wiki.zip.aa.at
t03296 20 wiki.zip.aa.at
t03296 21 wiki.zip.aa.au
t03296 22 wiki.zip.aa.av
t03296 21 wiki.zip.aa.au
t03296 23 wiki.zip.aa.aw
t03296 22 wiki.zip.aa.av
t03296 22 wiki.zip.aa.av
t03296 24 wiki.zip.aa.ax
t03296 23 wiki.zip.aa.aw
t03296 23 wiki.zip.aa.aw
t03296 25 wiki.zip.aa.ay
t03296 24 wiki.zip.aa.ax
t03296 24 wiki.zip.aa.ax
t03296 26 wiki.zip.aa.az
t03296 25 wiki.zip.aa.ay
t03296 25 wiki.zip.aa.ay
t03296 27 wiki.zip.aa.ba
t03296 26 wiki.zip.aa.az
t03296 28 wiki.zip.aa.bb
t03296 26 wiki.zip.aa.az
t03296 27 wiki.zip.aa.ba
t03296 27 wiki.zip.aa.ba
t03296 29 wiki.zip.aa.bc
t03296 28 wiki.zip.aa.bb
t03296 30 wiki.zip.aa.bd
t03296 28 wiki.zip.aa.bb
t03296 29 wiki.zip.aa.bc
t03296 31 wiki.zip.aa.be
t03296 30 wiki.zip.aa.bd
t03296 29 wiki.zip.aa.bc
t03296 32 wiki.zip.aa.bf
t03296 30 wiki.zip.aa.bd
t03296 31 wiki.zip.aa.be
t03296 33 wiki.zip.aa.bg
t03296 31 wiki.zip.aa.be
t03296 32 wiki.zip.aa.bf
t03296 34 wiki.zip.aa.bh
t03296 32 wiki.zip.aa.bf
t03296 33 wiki.zip.aa.bg
t03296 35 wiki.zip.aa.bi
t03296 34 wiki.zip.aa.bh
t03296 33 wiki.zip.aa.bg
t03296 35 wiki.zip.aa.bi
t03296 36 wiki.zip.aa.bj
t03296 34 wiki.zip.aa.bh
t03296 37 wiki.zip.aa.bk
t03296 36 wiki.zip.aa.bj
t03296 35 wiki.zip.aa.bi
t03296 38 wiki.zip.aa.bl
t03296 36 wiki.zip.aa.bj
t03296 39 wiki.zip.aa.bm
t03296 37 wiki.zip.aa.bk
t03296 38 wiki.zip.aa.bl
t03296 37 wiki.zip.aa.bk
t03296 40 wiki.zip.aa.bn
t03296 39 wiki.zip.aa.bm
t03296 38 wiki.zip.aa.bl
t03296 40 wiki.zip.aa.bn
t03296 41 wiki.zip.aa.bo
t03296 39 wiki.zip.aa.bm
t03296 42 wiki.zip.aa.bp
t03296 40 wiki.zip.aa.bn
t03296 41 wiki.zip.aa.bo
t03296 43 wiki.zip.aa.bq
t03296 42 wiki.zip.aa.bp
t03296 41 wiki.zip.aa.bo
t03296 43 wiki.zip.aa.bq
t03296 44 wiki.zip.aa.br
t03296 44 wiki.zip.aa.br
t03296 42 wiki.zip.aa.bp
t03296 45 wiki.zip.aa.bs
t03296 45 wiki.zip.aa.bs
t03296 43 wiki.zip.aa.bq
t03296 46 wiki.zip.aa.bt
t03296 46 wiki.zip.aa.bt
t03296 44 wiki.zip.aa.br
t03296 47 wiki.zip.aa.bu
t03296 47 wiki.zip.aa.bu
t03296 48 wiki.zip.aa.bv
t03296 45 wiki.zip.aa.bs
t03296 48 wiki.zip.aa.bv
t03296 49 wiki.zip.aa.bw
t03296 46 wiki.zip.aa.bt
t03296 49 wiki.zip.aa.bw
t03296 47 wiki.zip.aa.bu
t03296 50 wiki.zip.aa.bx
t03296 50 wiki.zip.aa.bx
t03296 48 wiki.zip.aa.bv
t03296 51 wiki.zip.aa.by
t03296 51 wiki.zip.aa.by
t03296 49 wiki.zip.aa.bw
t03296 52 wiki.zip.aa.bz
t03296 53 wiki.zip.aa.ca
t03296 52 wiki.zip.aa.bz
t03296 50 wiki.zip.aa.bx
t03296 54 wiki.zip.ab.aa
t03296 53 wiki.zip.aa.ca
t03296 51 wiki.zip.aa.by
t03296 54 wiki.zip.ab.aa
t03296 55 wiki.zip.ab.ab
t03296 52 wiki.zip.aa.bz
t03296 55 wiki.zip.ab.ab
t03296 53 wiki.zip.aa.ca
t03296 56 wiki.zip.ab.ac
t03296 56 wiki.zip.ab.ac
t03296 54 wiki.zip.ab.aa
t03296 57 wiki.zip.ab.ad
t03296 55 wiki.zip.ab.ab
t03296 57 wiki.zip.ab.ad
t03296 58 wiki.zip.ab.ae
t03296 56 wiki.zip.ab.ac
t03296 58 wiki.zip.ab.ae
t03296 57 wiki.zip.ab.ad
t03296 59 wiki.zip.ab.af
t03296 60 wiki.zip.ab.ag
t03296 59 wiki.zip.ab.af
t03296 58 wiki.zip.ab.ae
t03296 61 wiki.zip.ab.ah
t03296 59 wiki.zip.ab.af
t03296 60 wiki.zip.ab.ag
t03296 62 wiki.zip.ab.ai
t03296 60 wiki.zip.ab.ag
t03296 63 wiki.zip.ab.aj
t03296 61 wiki.zip.ab.ah
t03296 61 wiki.zip.ab.ah
t03296 64 wiki.zip.ab.ak
t03296 65 wiki.zip.ab.al
t03296 62 wiki.zip.ab.ai
t03296 62 wiki.zip.ab.ai
t03296 66 wiki.zip.ab.am
t03296 63 wiki.zip.ab.aj
t03296 63 wiki.zip.ab.aj
t03296 64 wiki.zip.ab.ak
t03296 64 wiki.zip.ab.ak
t03296 67 wiki.zip.ab.an
t03296 65 wiki.zip.ab.al
t03296 68 wiki.zip.ab.ao
t03296 66 wiki.zip.ab.am
t03296 67 wiki.zip.ab.an
t03296 65 wiki.zip.ab.al
t03296 69 wiki.zip.ab.ap
t03296 68 wiki.zip.ab.ao
t03296 66 wiki.zip.ab.am
t03296 70 wiki.zip.ab.aq
t03296 67 wiki.zip.ab.an
t03296 69 wiki.zip.ab.ap
t03296 71 wiki.zip.ab.ar
t03296 68 wiki.zip.ab.ao
t03296 70 wiki.zip.ab.aq
t03296 69 wiki.zip.ab.ap
t03296 72 wiki.zip.ab.as
t03296 71 wiki.zip.ab.ar
t03296 70 wiki.zip.ab.aq
t03296 73 wiki.zip.ab.at
t03296 72 wiki.zip.ab.as
t03296 71 wiki.zip.ab.ar
t03296 72 wiki.zip.ab.as
t03296 73 wiki.zip.ab.at
t03296 74 wiki.zip.ab.au
t03296 73 wiki.zip.ab.at
t03296 74 wiki.zip.ab.au
t03296 74 wiki.zip.ab.au
t03296 75 wiki.zip.ab.av
t03296 75 wiki.zip.ab.av
t03296 75 wiki.zip.ab.av
t03296 76 wiki.zip.ab.aw
t03296 76 wiki.zip.ab.aw
t03296 76 wiki.zip.ab.aw
t03296 77 wiki.zip.ab.ax
t03296 77 wiki.zip.ab.ax
t03296 77 wiki.zip.ab.ax
t03296 78 wiki.zip.ab.ay
t03296 78 wiki.zip.ab.ay
t03296 78 wiki.zip.ab.ay
t03296 79 wiki.zip.ab.az
t03296 79 wiki.zip.ab.az
t03296 79 wiki.zip.ab.az
t03296 80 wiki.zip.ab.ba
t03296 80 wiki.zip.ab.ba
t03296 80 wiki.zip.ab.ba
t03296 81 wiki.zip.ab.bb
t03296 81 wiki.zip.ab.bb
t03296 81 wiki.zip.ab.bb
t03296 82 wiki.zip.ab.bc
t03296 82 wiki.zip.ab.bc
t03296 82 wiki.zip.ab.bc
t03296 83 wiki.zip.ab.bd
t03296 83 wiki.zip.ab.bd
t03296 83 wiki.zip.ab.bd
t03296 84 wiki.zip.ab.be
t03296 84 wiki.zip.ab.be
t03296 84 wiki.zip.ab.be
t03296 85 wiki.zip.ab.bf
t03296 86 wiki.zip.ab.bg
t03296 85 wiki.zip.ab.bf
t03296 85 wiki.zip.ab.bf
t03296 87 wiki.zip.ab.bh
t03296 86 wiki.zip.ab.bg
t03296 86 wiki.zip.ab.bg
t03296 88 wiki.zip.ab.bi
t03296 87 wiki.zip.ab.bh
t03296 87 wiki.zip.ab.bh
t03296 89 wiki.zip.ab.bj
t03296 88 wiki.zip.ab.bi
t03296 90 wiki.zip.ab.bk
t03296 88 wiki.zip.ab.bi
t03296 89 wiki.zip.ab.bj
t03296 91 wiki.zip.ab.bl
t03296 89 wiki.zip.ab.bj
t03296 90 wiki.zip.ab.bk
t03296 92 wiki.zip.ab.bm
t03296 91 wiki.zip.ab.bl
t03296 90 wiki.zip.ab.bk
t03296 93 wiki.zip.ab.bn
t03296 91 wiki.zip.ab.bl
t03296 92 wiki.zip.ab.bm
t03296 93 wiki.zip.ab.bn
t03296 92 wiki.zip.ab.bm
t03296 94 wiki.zip.ab.bo
t03296 94 wiki.zip.ab.bo
t03296 95 wiki.zip.ab.bp
t03296 93 wiki.zip.ab.bn
t03296 96 wiki.zip.ab.bq
t03296 95 wiki.zip.ab.bp
t03296 94 wiki.zip.ab.bo
t03296 97 wiki.zip.ab.br
t03296 96 wiki.zip.ab.bq
t03296 95 wiki.zip.ab.bp
t03296 98 wiki.zip.ab.bs
t03296 97 wiki.zip.ab.br
t03296 96 wiki.zip.ab.bq
t03296 99 wiki.zip.ab.bt
t03296 98 wiki.zip.ab.bs
t03296 97 wiki.zip.ab.br
t03296 100 wiki.zip.ab.bu
t03296 98 wiki.zip.ab.bs
t03296 99 wiki.zip.ab.bt
t03296 99 wiki.zip.ab.bt
t03296 101 wiki.zip.ab.bv
t03296 100 wiki.zip.ab.bu
t03296 102 wiki.zip.ab.bw
t03296 100 wiki.zip.ab.bu
t03296 101 wiki.zip.ab.bv
t03296 103 wiki.zip.ab.bx
t03296 101 wiki.zip.ab.bv
t03296 102 wiki.zip.ab.bw
t03296 104 wiki.zip.ab.by
t03296 102 wiki.zip.ab.bw
t03296 103 wiki.zip.ab.bx
t03296 105 wiki.zip.ab.bz
t03296 104 wiki.zip.ab.by
t03296 103 wiki.zip.ab.bx
t03296 106 wiki.zip.ab.ca
t03296 105 wiki.zip.ab.bz
t03296 104 wiki.zip.ab.by
t03296 107 wiki.zip.ac.aa
t03296 105 wiki.zip.ab.bz
t03296 106 wiki.zip.ab.ca
t03296 106 wiki.zip.ab.ca
t03296 107 wiki.zip.ac.aa
t03296 108 wiki.zip.ac.ab
t03296 107 wiki.zip.ac.aa
t03296 108 wiki.zip.ac.ab
t03296 109 wiki.zip.ac.ac
t03296 108 wiki.zip.ac.ab
t03296 110 wiki.zip.ac.ad
t03296 109 wiki.zip.ac.ac
t03296 109 wiki.zip.ac.ac
t03296 111 wiki.zip.ac.ae
t03296 110 wiki.zip.ac.ad
t03296 112 wiki.zip.ac.af
t03296 110 wiki.zip.ac.ad
t03296 111 wiki.zip.ac.ae
t03296 113 wiki.zip.ac.ag
t03296 111 wiki.zip.ac.ae
t03296 112 wiki.zip.ac.af
t03296 114 wiki.zip.ac.ah
t03296 112 wiki.zip.ac.af
t03296 113 wiki.zip.ac.ag
t03296 113 wiki.zip.ac.ag
t03296 115 wiki.zip.ac.ai
t03296 114 wiki.zip.ac.ah
t03296 114 wiki.zip.ac.ah
t03296 115 wiki.zip.ac.ai
t03296 116 wiki.zip.ac.aj
t03296 117 wiki.zip.ac.ak
t03296 116 wiki.zip.ac.aj
t03296 115 wiki.zip.ac.ai
t03296 118 wiki.zip.ac.al
t03296 117 wiki.zip.ac.ak
t03296 116 wiki.zip.ac.aj
t03296 119 wiki.zip.ac.am
t03296 118 wiki.zip.ac.al
t03296 117 wiki.zip.ac.ak
t03296 120 wiki.zip.ac.an
t03296 119 wiki.zip.ac.am
t03296 118 wiki.zip.ac.al
t03296 121 wiki.zip.ac.ao
t03296 120 wiki.zip.ac.an
t03296 119 wiki.zip.ac.am
t03296 122 wiki.zip.ac.ap
t03296 121 wiki.zip.ac.ao
t03296 123 wiki.zip.ac.aq
t03296 120 wiki.zip.ac.an
t03296 122 wiki.zip.ac.ap
t03296 124 wiki.zip.ac.ar
t03296 121 wiki.zip.ac.ao
t03296 123 wiki.zip.ac.aq
t03296 125 wiki.zip.ac.as
t03296 124 wiki.zip.ac.ar
t03296 126 wiki.zip.ac.at
t03296 122 wiki.zip.ac.ap
t03296 125 wiki.zip.ac.as
t03296 127 wiki.zip.ac.au
t03296 123 wiki.zip.ac.aq
t03296 126 wiki.zip.ac.at
t03296 128 wiki.zip.ac.av
t03296 124 wiki.zip.ac.ar
t03296 125 wiki.zip.ac.as
t03296 127 wiki.zip.ac.au
t03296 129 wiki.zip.ac.aw
t03296 126 wiki.zip.ac.at
t03296 130 wiki.zip.ac.ax
t03296 127 wiki.zip.ac.au
t03296 128 wiki.zip.ac.av
t03296 131 wiki.zip.ac.ay
t03296 128 wiki.zip.ac.av
t03296 132 wiki.zip.ac.az
t03296 129 wiki.zip.ac.aw
t03296 129 wiki.zip.ac.aw
t03296 133 wiki.zip.ac.ba
t03296 130 wiki.zip.ac.ax
t03296 130 wiki.zip.ac.ax
t03296 131 wiki.zip.ac.ay
t03296 134 wiki.zip.ac.bb
t03296 131 wiki.zip.ac.ay
t03296 132 wiki.zip.ac.az
t03296 135 wiki.zip.ac.bc
t03296 132 wiki.zip.ac.az
t03296 136 wiki.zip.ac.bd
t03296 133 wiki.zip.ac.ba
t03296 133 wiki.zip.ac.ba
t03296 134 wiki.zip.ac.bb
t03296 137 wiki.zip.ac.be
t03296 134 wiki.zip.ac.bb
t03296 138 wiki.zip.ac.bf
t03296 135 wiki.zip.ac.bc
t03296 135 wiki.zip.ac.bc
t03296 139 wiki.zip.ac.bg
t03296 136 wiki.zip.ac.bd
t03296 136 wiki.zip.ac.bd
t03296 140 wiki.zip.ac.bh
t03296 137 wiki.zip.ac.be
t03296 137 wiki.zip.ac.be
t03296 138 wiki.zip.ac.bf
t03296 141 wiki.zip.ac.bi
t03296 138 wiki.zip.ac.bf
t03296 139 wiki.zip.ac.bg
t03296 142 wiki.zip.ac.bj
t03296 139 wiki.zip.ac.bg
t03296 140 wiki.zip.ac.bh
t03296 140 wiki.zip.ac.bh
t03296 143 wiki.zip.ac.bk
t03296 141 wiki.zip.ac.bi
t03296 141 wiki.zip.ac.bi
t03296 144 wiki.zip.ac.bl
t03296 142 wiki.zip.ac.bj
t03296 142 wiki.zip.ac.bj
t03296 143 wiki.zip.ac.bk
t03296 145 wiki.zip.ac.bm
t03296 143 wiki.zip.ac.bk
t03296 144 wiki.zip.ac.bl
t03296 146 wiki.zip.ac.bn
t03296 147 wiki.zip.ac.bo
t03296 145 wiki.zip.ac.bm
t03296 144 wiki.zip.ac.bl
t03296 148 wiki.zip.ac.bp
t03296 146 wiki.zip.ac.bn
t03296 145 wiki.zip.ac.bm
t03296 149 wiki.zip.ac.bq
t03296 146 wiki.zip.ac.bn
t03296 147 wiki.zip.ac.bo
t03296 150 wiki.zip.ac.br
t03296 147 wiki.zip.ac.bo
t03296 148 wiki.zip.ac.bp
t03296 151 wiki.zip.ac.bs
t03296 149 wiki.zip.ac.bq
t03296 148 wiki.zip.ac.bp
t03296 152 wiki.zip.ac.bt
t03296 149 wiki.zip.ac.bq
t03296 150 wiki.zip.ac.br
t03296 150 wiki.zip.ac.br
t03296 153 wiki.zip.ac.bu
t03296 151 wiki.zip.ac.bs
t03296 151 wiki.zip.ac.bs
t03296 154 wiki.zip.ac.bv
t03296 152 wiki.zip.ac.bt
t03296 152 wiki.zip.ac.bt
t03296 153 wiki.zip.ac.bu
t03296 155 wiki.zip.ac.bw
t03296 153 wiki.zip.ac.bu
t03296 154 wiki.zip.ac.bv
t03296 156 wiki.zip.ac.bx
t03296 157 wiki.zip.ac.by
t03296 155 wiki.zip.ac.bw
t03296 154 wiki.zip.ac.bv
t03296 156 wiki.zip.ac.bx
t03296 158 wiki.zip.ac.bz
t03296 155 wiki.zip.ac.bw
t03296 159 wiki.zip.ac.ca
t03296 157 wiki.zip.ac.by
t03296 156 wiki.zip.ac.bx
t03296 160 wiki.zip.ad.aa
t03296 157 wiki.zip.ac.by
t03296 161 wiki.zip.ad.ab
t03296 158 wiki.zip.ac.bz
t03296 158 wiki.zip.ac.bz
t03296 162 wiki.zip.ad.ac
t03296 159 wiki.zip.ac.ca
t03296 159 wiki.zip.ac.ca
t03296 160 wiki.zip.ad.aa
t03296 163 wiki.zip.ad.ad
t03296 160 wiki.zip.ad.aa
t03296 161 wiki.zip.ad.ab
t03296 164 wiki.zip.ad.ae
t03296 161 wiki.zip.ad.ab
t03296 162 wiki.zip.ad.ac
t03296 165 wiki.zip.ad.af
t03296 163 wiki.zip.ad.ad
t03296 162 wiki.zip.ad.ac
t03296 166 wiki.zip.ad.ag
t03296 163 wiki.zip.ad.ad
t03296 167 wiki.zip.ad.ah
t03296 164 wiki.zip.ad.ae
t03296 164 wiki.zip.ad.ae
t03296 165 wiki.zip.ad.af
t03296 165 wiki.zip.ad.af
t03296 168 wiki.zip.ad.ai
t03296 166 wiki.zip.ad.ag
t03296 166 wiki.zip.ad.ag
t03296 169 wiki.zip.ad.aj
t03296 167 wiki.zip.ad.ah
t03296 167 wiki.zip.ad.ah
t03296 168 wiki.zip.ad.ai
t03296 170 wiki.zip.ad.ak
t03296 168 wiki.zip.ad.ai
t03296 169 wiki.zip.ad.aj
t03296 169 wiki.zip.ad.aj
t03296 170 wiki.zip.ad.ak
t03296 171 wiki.zip.ad.al
t03296 170 wiki.zip.ad.ak
t03296 171 wiki.zip.ad.al
t03296 172 wiki.zip.ad.am
t03296 171 wiki.zip.ad.al
t03296 172 wiki.zip.ad.am
t03296 172 wiki.zip.ad.am
t03296 173 wiki.zip.ad.an
t03296 173 wiki.zip.ad.an
t03296 174 wiki.zip.ad.ao
t03296 173 wiki.zip.ad.an
t03296 174 wiki.zip.ad.ao
t03296 175 wiki.zip.ad.ap
t03296 174 wiki.zip.ad.ao
t03296 176 wiki.zip.ad.aq
t03296 175 wiki.zip.ad.ap
t03296 177 wiki.zip.ad.ar
t03296 175 wiki.zip.ad.ap
t03296 176 wiki.zip.ad.aq
t03296 178 wiki.zip.ad.as
t03296 176 wiki.zip.ad.aq
t03296 177 wiki.zip.ad.ar
t03296 177 wiki.zip.ad.ar
t03296 178 wiki.zip.ad.as
t03296 179 wiki.zip.ad.at
t03296 180 wiki.zip.ad.au
t03296 178 wiki.zip.ad.as
t03296 179 wiki.zip.ad.at
t03296 181 wiki.zip.ad.av
t03296 179 wiki.zip.ad.at
t03296 180 wiki.zip.ad.au
t03296 180 wiki.zip.ad.au
t03296 182 wiki.zip.ad.aw
t03296 181 wiki.zip.ad.av
t03296 183 wiki.zip.ad.ax
t03296 181 wiki.zip.ad.av
t03296 182 wiki.zip.ad.aw
t03296 184 wiki.zip.ad.ay
t03296 182 wiki.zip.ad.aw
t03296 183 wiki.zip.ad.ax
t03296 183 wiki.zip.ad.ax
t03296 185 wiki.zip.ad.az
t03296 184 wiki.zip.ad.ay
t03296 184 wiki.zip.ad.ay
t03296 186 wiki.zip.ad.ba
t03296 185 wiki.zip.ad.az
t03296 185 wiki.zip.ad.az
t03296 187 wiki.zip.ad.bb
t03296 186 wiki.zip.ad.ba
t03296 186 wiki.zip.ad.ba
t03296 187 wiki.zip.ad.bb
t03296 187 wiki.zip.ad.bb
t03296 188 wiki.zip.ad.bc
t03296 188 wiki.zip.ad.bc
t03296 188 wiki.zip.ad.bc
t03296 189 wiki.zip.ad.bd
t03296 189 wiki.zip.ad.bd
t03296 189 wiki.zip.ad.bd
t03296 190 wiki.zip.ad.be
t03296 191 wiki.zip.ad.bf
t03296 190 wiki.zip.ad.be
t03296 190 wiki.zip.ad.be
t03296 191 wiki.zip.ad.bf
t03296 192 wiki.zip.ad.bg
t03296 191 wiki.zip.ad.bf
t03296 192 wiki.zip.ad.bg
t03296 193 wiki.zip.ad.bh
t03296 192 wiki.zip.ad.bg
t03296 194 wiki.zip.ad.bi
t03296 193 wiki.zip.ad.bh
t03296 195 wiki.zip.ad.bj
t03296 194 wiki.zip.ad.bi
t03296 195 wiki.zip.ad.bj
t03296 193 wiki.zip.ad.bh
t03296 196 wiki.zip.ad.bk
t03296 196 wiki.zip.ad.bk
t03296 197 wiki.zip.ad.bl
t03296 194 wiki.zip.ad.bi
t03296 197 wiki.zip.ad.bl
t03296 198 wiki.zip.ad.bm
t03296 195 wiki.zip.ad.bj
t03296 198 wiki.zip.ad.bm
t03296 199 wiki.zip.ad.bn
t03296 196 wiki.zip.ad.bk
t03296 200 wiki.zip.ad.bo
t03296 199 wiki.zip.ad.bn
t03296 197 wiki.zip.ad.bl
t03296 201 wiki.zip.ad.bp
t03296 200 wiki.zip.ad.bo
t03296 198 wiki.zip.ad.bm
t03296 201 wiki.zip.ad.bp
t03296 202 wiki.zip.ad.bq
t03296 202 wiki.zip.ad.bq
t03296 199 wiki.zip.ad.bn
t03296 203 wiki.zip.ad.br
t03296 203 wiki.zip.ad.br
t03296 204 wiki.zip.ad.bs
t03296 200 wiki.zip.ad.bo
t03296 205 wiki.zip.ad.bt
t03296 204 wiki.zip.ad.bs
t03296 201 wiki.zip.ad.bp
t03296 206 wiki.zip.ad.bu
t03296 205 wiki.zip.ad.bt
t03296 202 wiki.zip.ad.bq
t03296 206 wiki.zip.ad.bu
t03296 203 wiki.zip.ad.br
t03296 207 wiki.zip.ad.bv
t03296 207 wiki.zip.ad.bv
t03296 208 wiki.zip.ad.bw
t03296 208 wiki.zip.ad.bw
t03296 204 wiki.zip.ad.bs
t03296 209 wiki.zip.ad.bx
t03296 209 wiki.zip.ad.bx
t03296 210 wiki.zip.ad.by
t03296 205 wiki.zip.ad.bt
t03296 206 wiki.zip.ad.bu
t03296 210 wiki.zip.ad.by
t03296 211 wiki.zip.ad.bz
t03296 211 wiki.zip.ad.bz
t03296 207 wiki.zip.ad.bv
t03296 208 wiki.zip.ad.bw
t03296 212 wiki.zip.ad.ca
t03296 209 wiki.zip.ad.bx
t03296 212 wiki.zip.ad.ca
t03296 213 wiki.zip.ae.aa
t03296 210 wiki.zip.ad.by
t03296 213 wiki.zip.ae.aa
t03296 211 wiki.zip.ad.bz
t03296 214 wiki.zip.ae.ab
t03296 214 wiki.zip.ae.ab
t03296 212 wiki.zip.ad.ca
t03296 215 wiki.zip.ae.ac
t03296 213 wiki.zip.ae.aa
t03296 215 wiki.zip.ae.ac
t03296 216 wiki.zip.ae.ad
t03296 214 wiki.zip.ae.ab
t03296 216 wiki.zip.ae.ad
t03296 217 wiki.zip.ae.ae
t03296 217 wiki.zip.ae.ae
t03296 215 wiki.zip.ae.ac
t03296 218 wiki.zip.ae.af
t03296 218 wiki.zip.ae.af
t03296 219 wiki.zip.ae.ag
t03296 216 wiki.zip.ae.ad
t03296 219 wiki.zip.ae.ag
t03296 217 wiki.zip.ae.ae
t03296 220 wiki.zip.ae.ah
t03296 220 wiki.zip.ae.ah
t03296 221 wiki.zip.ae.ai
t03296 221 wiki.zip.ae.ai
t03296 218 wiki.zip.ae.af
t03296 222 wiki.zip.ae.aj
t03296 222 wiki.zip.ae.aj
t03296 219 wiki.zip.ae.ag
t03296 223 wiki.zip.ae.ak
t03296 224 wiki.zip.ae.al
t03296 220 wiki.zip.ae.ah
t03296 223 wiki.zip.ae.ak
t03296 225 wiki.zip.ae.am
t03296 224 wiki.zip.ae.al
t03296 221 wiki.zip.ae.ai
t03296 222 wiki.zip.ae.aj
t03296 225 wiki.zip.ae.am
t03296 226 wiki.zip.ae.an
t03296 227 wiki.zip.ae.ao
t03296 223 wiki.zip.ae.ak
t03296 226 wiki.zip.ae.an
t03296 228 wiki.zip.ae.ap
t03296 224 wiki.zip.ae.al
t03296 229 wiki.zip.ae.aq
t03296 225 wiki.zip.ae.am
t03296 227 wiki.zip.ae.ao
t03296 230 wiki.zip.ae.ar
t03296 228 wiki.zip.ae.ap
t03296 226 wiki.zip.ae.an
t03296 231 wiki.zip.ae.as
t03296 229 wiki.zip.ae.aq
t03296 227 wiki.zip.ae.ao
t03296 232 wiki.zip.ae.at
t03296 230 wiki.zip.ae.ar
t03296 228 wiki.zip.ae.ap
t03296 229 wiki.zip.ae.aq
t03296 231 wiki.zip.ae.as
t03296 233 wiki.zip.ae.au
t03296 230 wiki.zip.ae.ar
t03296 234 wiki.zip.ae.av
t03296 232 wiki.zip.ae.at
t03296 231 wiki.zip.ae.as
t03296 235 wiki.zip.ae.aw
t03296 233 wiki.zip.ae.au
t03296 232 wiki.zip.ae.at
t03296 236 wiki.zip.ae.ax
t03296 233 wiki.zip.ae.au
t03296 234 wiki.zip.ae.av
t03296 235 wiki.zip.ae.aw
t03296 237 wiki.zip.ae.ay
t03296 236 wiki.zip.ae.ax
t03296 234 wiki.zip.ae.av
t03296 237 wiki.zip.ae.ay
t03296 238 wiki.zip.ae.az
t03296 235 wiki.zip.ae.aw
t03296 238 wiki.zip.ae.az
t03296 239 wiki.zip.ae.ba
t03296 236 wiki.zip.ae.ax
t03296 239 wiki.zip.ae.ba
t03296 240 wiki.zip.ae.bb
t03296 240 wiki.zip.ae.bb
t03296 237 wiki.zip.ae.ay
t03296 241 wiki.zip.ae.bc
t03296 241 wiki.zip.ae.bc
t03296 242 wiki.zip.ae.bd
t03296 238 wiki.zip.ae.az
t03296 242 wiki.zip.ae.bd
t03296 239 wiki.zip.ae.ba
t03296 240 wiki.zip.ae.bb
t03296 243 wiki.zip.ae.be
t03296 243 wiki.zip.ae.be
t03296 244 wiki.zip.ae.bf
t03296 244 wiki.zip.ae.bf
t03296 241 wiki.zip.ae.bc
t03296 245 wiki.zip.ae.bg
t03296 242 wiki.zip.ae.bd
t03296 245 wiki.zip.ae.bg
t03296 246 wiki.zip.ae.bh
t03296 243 wiki.zip.ae.be
t03296 247 wiki.zip.ae.bi
t03296 246 wiki.zip.ae.bh
t03296 247 wiki.zip.ae.bi
t03296 244 wiki.zip.ae.bf
t03296 248 wiki.zip.ae.bj
t03296 245 wiki.zip.ae.bg
t03296 248 wiki.zip.ae.bj
t03296 249 wiki.zip.ae.bk
t03296 246 wiki.zip.ae.bh
t03296 250 wiki.zip.ae.bl
t03296 249 wiki.zip.ae.bk
t03296 247 wiki.zip.ae.bi
t03296 251 wiki.zip.ae.bm
t03296 250 wiki.zip.ae.bl
t03296 248 wiki.zip.ae.bj
t03296 252 wiki.zip.ae.bn
t03296 249 wiki.zip.ae.bk
t03296 251 wiki.zip.ae.bm
t03296 253 wiki.zip.ae.bo
t03296 250 wiki.zip.ae.bl
t03296 252 wiki.zip.ae.bn
t03296 254 wiki.zip.ae.bp
t03296 251 wiki.zip.ae.bm
t03296 253 wiki.zip.ae.bo
t03296 252 wiki.zip.ae.bn
t03296 255 wiki.zip.ae.bq
t03296 254 wiki.zip.ae.bp
t03296 253 wiki.zip.ae.bo
t03296 255 wiki.zip.ae.bq
t03296 256 wiki.zip.ae.br
t03296 254 wiki.zip.ae.bp
t03296 257 wiki.zip.ae.bs
t03296 256 wiki.zip.ae.br
t03296 258 wiki.zip.ae.bt
t03296 255 wiki.zip.ae.bq
t03296 257 wiki.zip.ae.bs
t03296 256 wiki.zip.ae.br
t03296 259 wiki.zip.ae.bu
t03296 258 wiki.zip.ae.bt
t03296 257 wiki.zip.ae.bs
t03296 260 wiki.zip.ae.bv
t03296 258 wiki.zip.ae.bt
t03296 259 wiki.zip.ae.bu
t03296 261 wiki.zip.ae.bw
t03296 259 wiki.zip.ae.bu
t03296 260 wiki.zip.ae.bv
t03296 262 wiki.zip.ae.bx
t03296 263 wiki.zip.ae.by
t03296 261 wiki.zip.ae.bw
t03296 260 wiki.zip.ae.bv
t03296 262 wiki.zip.ae.bx
t03296 264 wiki.zip.ae.bz
t03296 261 wiki.zip.ae.bw
t03296 263 wiki.zip.ae.by
t03296 265 wiki.zip.ae.ca
t03296 262 wiki.zip.ae.bx
t03296 264 wiki.zip.ae.bz
t03296 266 wiki.zip.af.aa
t03296 263 wiki.zip.ae.by
t03296 265 wiki.zip.ae.ca
t03296 264 wiki.zip.ae.bz
t03296 265 wiki.zip.ae.ca
t03296 266 wiki.zip.af.aa
t03296 267 wiki.zip.af.ab
t03296 266 wiki.zip.af.aa
t03296 268 wiki.zip.af.ac
t03296 267 wiki.zip.af.ab
t03296 267 wiki.zip.af.ab
t03296 269 wiki.zip.af.ad
t03296 268 wiki.zip.af.ac
t03296 268 wiki.zip.af.ac
t03296 270 wiki.zip.af.ae
t03296 269 wiki.zip.af.ad
t03296 269 wiki.zip.af.ad
t03296 271 wiki.zip.af.af
t03296 270 wiki.zip.af.ae
t03296 270 wiki.zip.af.ae
t03296 272 wiki.zip.af.ag
t03296 271 wiki.zip.af.af
t03296 271 wiki.zip.af.af
t03296 273 wiki.zip.af.ah
t03296 272 wiki.zip.af.ag
t03296 273 wiki.zip.af.ah
t03296 274 wiki.zip.af.ai
t03296 272 wiki.zip.af.ag
t03296 274 wiki.zip.af.ai
t03296 275 wiki.zip.af.aj
t03296 273 wiki.zip.af.ah
t03296 275 wiki.zip.af.aj
t03296 276 wiki.zip.af.ak
t03296 274 wiki.zip.af.ai
t03296 276 wiki.zip.af.ak
t03296 277 wiki.zip.af.al
t03296 277 wiki.zip.af.al
t03296 275 wiki.zip.af.aj
t03296 278 wiki.zip.af.am
t03296 278 wiki.zip.af.am
t03296 276 wiki.zip.af.ak
t03296 279 wiki.zip.af.an
t03296 277 wiki.zip.af.al
t03296 279 wiki.zip.af.an
t03296 280 wiki.zip.af.ao
t03296 278 wiki.zip.af.am
t03296 280 wiki.zip.af.ao
t03296 281 wiki.zip.af.ap
t03296 281 wiki.zip.af.ap
t03296 279 wiki.zip.af.an
t03296 282 wiki.zip.af.aq
t03296 280 wiki.zip.af.ao
t03296 282 wiki.zip.af.aq
t03296 283 wiki.zip.af.ar
t03296 283 wiki.zip.af.ar
t03296 281 wiki.zip.af.ap
t03296 282 wiki.zip.af.aq
t03296 284 wiki.zip.af.as
t03296 284 wiki.zip.af.as
t03296 283 wiki.zip.af.ar
t03296 285 wiki.zip.af.at
t03296 285 wiki.zip.af.at
t03296 284 wiki.zip.af.as
t03296 285 wiki.zip.af.at
t03296 286 wiki.zip.af.au
t03296 286 wiki.zip.af.au
t03296 286 wiki.zip.af.au
t03296 287 wiki.zip.af.av
t03296 287 wiki.zip.af.av
t03296 288 wiki.zip.af.aw
t03296 287 wiki.zip.af.av
t03296 288 wiki.zip.af.aw
t03296 288 wiki.zip.af.aw
t03296 289 wiki.zip.af.ax
t03296 289 wiki.zip.af.ax
t03296 290 wiki.zip.af.ay
t03296 289 wiki.zip.af.ax
t03296 290 wiki.zip.af.ay
t03296 291 wiki.zip.af.az
t03296 291 wiki.zip.af.az
t03296 290 wiki.zip.af.ay
t03296 292 wiki.zip.af.ba
t03296 292 wiki.zip.af.ba
t03296 291 wiki.zip.af.az
t03296 293 wiki.zip.af.bb
t03296 292 wiki.zip.af.ba
t03296 293 wiki.zip.af.bb
t03296 294 wiki.zip.af.bc
t03296 293 wiki.zip.af.bb
t03296 294 wiki.zip.af.bc
t03296 295 wiki.zip.af.bd
t03296 294 wiki.zip.af.bc
t03296 295 wiki.zip.af.bd
t03296 296 wiki.zip.af.be
t03296 295 wiki.zip.af.bd
t03296 297 wiki.zip.af.bf
t03296 296 wiki.zip.af.be
t03296 296 wiki.zip.af.be
t03296 298 wiki.zip.af.bg
t03296 297 wiki.zip.af.bf
t03296 299 wiki.zip.af.bh
t03296 297 wiki.zip.af.bf
t03296 298 wiki.zip.af.bg
t03296 298 wiki.zip.af.bg
t03296 300 wiki.zip.af.bi
t03296 299 wiki.zip.af.bh
t03296 299 wiki.zip.af.bh
t03296 301 wiki.zip.af.bj
t03296 300 wiki.zip.af.bi
t03296 300 wiki.zip.af.bi
t03296 302 wiki.zip.af.bk
t03296 301 wiki.zip.af.bj
t03296 301 wiki.zip.af.bj
t03296 303 wiki.zip.af.bl
t03296 302 wiki.zip.af.bk
t03296 304 wiki.zip.af.bm
t03296 302 wiki.zip.af.bk
t03296 303 wiki.zip.af.bl
t03296 305 wiki.zip.af.bn
t03296 303 wiki.zip.af.bl
t03296 304 wiki.zip.af.bm
t03296 304 wiki.zip.af.bm
t03296 306 wiki.zip.af.bo
t03296 305 wiki.zip.af.bn
t03296 305 wiki.zip.af.bn
t03296 307 wiki.zip.af.bp
t03296 306 wiki.zip.af.bo
t03296 308 wiki.zip.af.bq
t03296 306 wiki.zip.af.bo
t03296 307 wiki.zip.af.bp
t03296 309 wiki.zip.af.br
t03296 307 wiki.zip.af.bp
t03296 308 wiki.zip.af.bq
t03296 310 wiki.zip.af.bs
t03296 308 wiki.zip.af.bq
t03296 309 wiki.zip.af.br
t03296 309 wiki.zip.af.br
t03296 311 wiki.zip.af.bt
t03296 310 wiki.zip.af.bs
t03296 310 wiki.zip.af.bs
t03296 312 wiki.zip.af.bu
t03296 311 wiki.zip.af.bt
t03296 311 wiki.zip.af.bt
t03296 313 wiki.zip.af.bv
t03296 312 wiki.zip.af.bu
t03296 312 wiki.zip.af.bu
t03296 314 wiki.zip.af.bw
t03296 313 wiki.zip.af.bv
t03296 315 wiki.zip.af.bx
t03296 313 wiki.zip.af.bv
t03296 314 wiki.zip.af.bw
t03296 314 wiki.zip.af.bw
t03296 316 wiki.zip.af.by
t03296 315 wiki.zip.af.bx
t03296 315 wiki.zip.af.bx
t03296 317 wiki.zip.af.bz
t03296 316 wiki.zip.af.by
t03296 316 wiki.zip.af.by
t03296 318 wiki.zip.af.ca
t03296 317 wiki.zip.af.bz
t03296 317 wiki.zip.af.bz
t03296 319 wiki.zip.ag.aa
t03296 318 wiki.zip.af.ca
t03296 318 wiki.zip.af.ca
t03296 320 wiki.zip.ag.ab
t03296 319 wiki.zip.ag.aa
t03296 319 wiki.zip.ag.aa
t03296 321 wiki.zip.ag.ac
t03296 320 wiki.zip.ag.ab
t03296 322 wiki.zip.ag.ad
t03296 321 wiki.zip.ag.ac
t03296 320 wiki.zip.ag.ab
t03296 323 wiki.zip.ag.ae
t03296 322 wiki.zip.ag.ad
t03296 321 wiki.zip.ag.ac
t03296 323 wiki.zip.ag.ae
t03296 322 wiki.zip.ag.ad
t03296 324 wiki.zip.ag.af
t03296 324 wiki.zip.ag.af
t03296 323 wiki.zip.ag.ae
t03296 325 wiki.zip.ag.ag
t03296 324 wiki.zip.ag.af
t03296 325 wiki.zip.ag.ag
t03296 326 wiki.zip.ag.ah
t03296 325 wiki.zip.ag.ag
t03296 326 wiki.zip.ag.ah
t03296 327 wiki.zip.ag.ai
t03296 328 wiki.zip.ag.aj
t03296 326 wiki.zip.ag.ah
t03296 327 wiki.zip.ag.ai
t03296 327 wiki.zip.ag.ai
t03296 329 wiki.zip.ag.ak
t03296 328 wiki.zip.ag.aj
t03296 328 wiki.zip.ag.aj
t03296 330 wiki.zip.ag.al
t03296 329 wiki.zip.ag.ak
t03296 329 wiki.zip.ag.ak
t03296 331 wiki.zip.ag.am
t03296 330 wiki.zip.ag.al
t03296 330 wiki.zip.ag.al
t03296 332 wiki.zip.ag.an
t03296 331 wiki.zip.ag.am
t03296 331 wiki.zip.ag.am
t03296 333 wiki.zip.ag.ao
t03296 332 wiki.zip.ag.an
t03296 332 wiki.zip.ag.an
t03296 334 wiki.zip.ag.ap
t03296 333 wiki.zip.ag.ao
t03296 335 wiki.zip.ag.aq
t03296 333 wiki.zip.ag.ao
t03296 334 wiki.zip.ag.ap
t03296 334 wiki.zip.ag.ap
t03296 336 wiki.zip.ag.ar
t03296 335 wiki.zip.ag.aq
t03296 335 wiki.zip.ag.aq
t03296 337 wiki.zip.ag.as
t03296 336 wiki.zip.ag.ar
t03296 336 wiki.zip.ag.ar
t03296 338 wiki.zip.ag.at
t03296 337 wiki.zip.ag.as
t03296 337 wiki.zip.ag.as
t03296 339 wiki.zip.ag.au
t03296 338 wiki.zip.ag.at
t03296 338 wiki.zip.ag.at
t03296 340 wiki.zip.ag.av
t03296 339 wiki.zip.ag.au
t03296 339 wiki.zip.ag.au
t03296 341 wiki.zip.ag.aw
t03296 340 wiki.zip.ag.av
t03296 340 wiki.zip.ag.av
t03296 342 wiki.zip.ag.ax
t03296 341 wiki.zip.ag.aw
t03296 341 wiki.zip.ag.aw
t03296 343 wiki.zip.ag.ay
t03296 342 wiki.zip.ag.ax
t03296 342 wiki.zip.ag.ax
t03296 344 wiki.zip.ag.az
t03296 343 wiki.zip.ag.ay
t03296 345 wiki.zip.ag.ba
t03296 343 wiki.zip.ag.ay
t03296 344 wiki.zip.ag.az
t03296 344 wiki.zip.ag.az
t03296 346 wiki.zip.ag.bb
t03296 347 wiki.zip.ag.bc
t03296 345 wiki.zip.ag.ba
t03296 345 wiki.zip.ag.ba
t03296 348 wiki.zip.ag.bd
t03296 346 wiki.zip.ag.bb
t03296 346 wiki.zip.ag.bb
t03296 349 wiki.zip.ag.be
t03296 347 wiki.zip.ag.bc
t03296 347 wiki.zip.ag.bc
t03296 350 wiki.zip.ag.bf
t03296 348 wiki.zip.ag.bd
t03296 348 wiki.zip.ag.bd
t03296 351 wiki.zip.ag.bg
t03296 349 wiki.zip.ag.be
t03296 349 wiki.zip.ag.be
t03296 352 wiki.zip.ag.bh
t03296 350 wiki.zip.ag.bf
t03296 350 wiki.zip.ag.bf
t03296 353 wiki.zip.ag.bi
t03296 351 wiki.zip.ag.bg
t03296 351 wiki.zip.ag.bg
t03296 354 wiki.zip.ag.bj
t03296 352 wiki.zip.ag.bh
t03296 352 wiki.zip.ag.bh
t03296 355 wiki.zip.ag.bk
t03296 353 wiki.zip.ag.bi
t03296 356 wiki.zip.ag.bl
t03296 353 wiki.zip.ag.bi
t03296 357 wiki.zip.ag.bm
t03296 354 wiki.zip.ag.bj
t03296 354 wiki.zip.ag.bj
t03296 358 wiki.zip.ag.bn
t03296 355 wiki.zip.ag.bk
t03296 355 wiki.zip.ag.bk
t03296 359 wiki.zip.ag.bo
t03296 356 wiki.zip.ag.bl
t03296 356 wiki.zip.ag.bl
t03296 357 wiki.zip.ag.bm
t03296 360 wiki.zip.ag.bp
t03296 357 wiki.zip.ag.bm
t03296 361 wiki.zip.ag.bq
t03296 358 wiki.zip.ag.bn
t03296 358 wiki.zip.ag.bn
t03296 362 wiki.zip.ag.br
t03296 359 wiki.zip.ag.bo
t03296 363 wiki.zip.ag.bs
t03296 359 wiki.zip.ag.bo
t03296 360 wiki.zip.ag.bp
t03296 364 wiki.zip.ag.bt
t03296 360 wiki.zip.ag.bp
t03296 365 wiki.zip.ag.bu
t03296 361 wiki.zip.ag.bq
t03296 361 wiki.zip.ag.bq
t03296 366 wiki.zip.ag.bv
t03296 362 wiki.zip.ag.br
t03296 362 wiki.zip.ag.br
t03296 367 wiki.zip.ag.bw
t03296 363 wiki.zip.ag.bs
t03296 368 wiki.zip.ag.bx
t03296 363 wiki.zip.ag.bs
t03296 364 wiki.zip.ag.bt
t03296 364 wiki.zip.ag.bt
t03296 369 wiki.zip.ag.by
t03296 365 wiki.zip.ag.bu
t03296 365 wiki.zip.ag.bu
t03296 370 wiki.zip.ag.bz
t03296 366 wiki.zip.ag.bv
t03296 366 wiki.zip.ag.bv
t03296 371 wiki.zip.ag.ca
t03296 367 wiki.zip.ag.bw
t03296 372 wiki.zip.ah.aa
t03296 368 wiki.zip.ag.bx
t03296 367 wiki.zip.ag.bw
t03296 373 wiki.zip.ah.ab
t03296 369 wiki.zip.ag.by
t03296 368 wiki.zip.ag.bx
t03296 374 wiki.zip.ah.ac
t03296 370 wiki.zip.ag.bz
t03296 369 wiki.zip.ag.by
t03296 375 wiki.zip.ah.ad
t03296 371 wiki.zip.ag.ca
t03296 370 wiki.zip.ag.bz
t03296 372 wiki.zip.ah.aa
t03296 376 wiki.zip.ah.ae
t03296 373 wiki.zip.ah.ab
t03296 371 wiki.zip.ag.ca
t03296 377 wiki.zip.ah.af
t03296 372 wiki.zip.ah.aa
t03296 374 wiki.zip.ah.ac
t03296 378 wiki.zip.ah.ag
t03296 373 wiki.zip.ah.ab
t03296 375 wiki.zip.ah.ad
t03296 379 wiki.zip.ah.ah
t03296 376 wiki.zip.ah.ae
t03296 374 wiki.zip.ah.ac
t03296 380 wiki.zip.ah.ai
t03296 375 wiki.zip.ah.ad
t03296 381 wiki.zip.ah.aj
t03296 377 wiki.zip.ah.af
t03296 376 wiki.zip.ah.ae
t03296 378 wiki.zip.ah.ag
t03296 382 wiki.zip.ah.ak
t03296 377 wiki.zip.ah.af
t03296 379 wiki.zip.ah.ah
t03296 383 wiki.zip.ah.al
t03296 378 wiki.zip.ah.ag
t03296 384 wiki.zip.ah.am
t03296 379 wiki.zip.ah.ah
t03296 380 wiki.zip.ah.ai
t03296 385 wiki.zip.ah.an
t03296 380 wiki.zip.ah.ai
t03296 381 wiki.zip.ah.aj
t03296 386 wiki.zip.ah.ao
t03296 381 wiki.zip.ah.aj
t03296 382 wiki.zip.ah.ak
t03296 387 wiki.zip.ah.ap
t03296 382 wiki.zip.ah.ak
t03296 383 wiki.zip.ah.al
t03296 383 wiki.zip.ah.al
t03296 388 wiki.zip.ah.aq
t03296 384 wiki.zip.ah.am
t03296 384 wiki.zip.ah.am
t03296 389 wiki.zip.ah.ar
t03296 385 wiki.zip.ah.an
t03296 385 wiki.zip.ah.an
t03296 390 wiki.zip.ah.as
t03296 386 wiki.zip.ah.ao
t03296 391 wiki.zip.ah.at
t03296 386 wiki.zip.ah.ao
t03296 387 wiki.zip.ah.ap
t03296 392 wiki.zip.ah.au
t03296 387 wiki.zip.ah.ap
t03296 388 wiki.zip.ah.aq
t03296 388 wiki.zip.ah.aq
t03296 393 wiki.zip.ah.av
t03296 389 wiki.zip.ah.ar
t03296 389 wiki.zip.ah.ar
t03296 394 wiki.zip.ah.aw
t03296 395 wiki.zip.ah.ax
t03296 390 wiki.zip.ah.as
t03296 390 wiki.zip.ah.as
t03296 396 wiki.zip.ah.ay
t03296 391 wiki.zip.ah.at
t03296 391 wiki.zip.ah.at
t03296 397 wiki.zip.ah.az
t03296 392 wiki.zip.ah.au
t03296 398 wiki.zip.ah.ba
t03296 392 wiki.zip.ah.au
t03296 399 wiki.zip.ah.bb
t03296 393 wiki.zip.ah.av
t03296 393 wiki.zip.ah.av
t03296 400 wiki.zip.ah.bc
t03296 394 wiki.zip.ah.aw
t03296 394 wiki.zip.ah.aw
t03296 401 wiki.zip.ah.bd
t03296 395 wiki.zip.ah.ax
t03296 395 wiki.zip.ah.ax
t03296 402 wiki.zip.ah.be
t03296 396 wiki.zip.ah.ay
t03296 396 wiki.zip.ah.ay
t03296 397 wiki.zip.ah.az
t03296 403 wiki.zip.ah.bf
t03296 397 wiki.zip.ah.az
t03296 398 wiki.zip.ah.ba
t03296 404 wiki.zip.ah.bg
t03296 398 wiki.zip.ah.ba
t03296 399 wiki.zip.ah.bb
t03296 405 wiki.zip.ah.bh
t03296 399 wiki.zip.ah.bb
t03296 400 wiki.zip.ah.bc
t03296 406 wiki.zip.ah.bi
t03296 401 wiki.zip.ah.bd
t03296 400 wiki.zip.ah.bc
t03296 407 wiki.zip.ah.bj
t03296 402 wiki.zip.ah.be
t03296 401 wiki.zip.ah.bd
t03296 408 wiki.zip.ah.bk
t03296 403 wiki.zip.ah.bf
t03296 402 wiki.zip.ah.be
t03296 409 wiki.zip.ah.bl
t03296 404 wiki.zip.ah.bg
t03296 403 wiki.zip.ah.bf
t03296 410 wiki.zip.ah.bm
t03296 404 wiki.zip.ah.bg
t03296 405 wiki.zip.ah.bh
t03296 411 wiki.zip.ah.bn
t03296 405 wiki.zip.ah.bh
t03296 406 wiki.zip.ah.bi
t03296 412 wiki.zip.ah.bo
t03296 406 wiki.zip.ah.bi
t03296 407 wiki.zip.ah.bj
t03296 413 wiki.zip.ah.bp
t03296 407 wiki.zip.ah.bj
t03296 414 wiki.zip.ah.bq
t03296 408 wiki.zip.ah.bk
t03296 408 wiki.zip.ah.bk
t03296 415 wiki.zip.ah.br
t03296 409 wiki.zip.ah.bl
t03296 409 wiki.zip.ah.bl
t03296 410 wiki.zip.ah.bm
t03296 416 wiki.zip.ah.bs
t03296 410 wiki.zip.ah.bm
t03296 411 wiki.zip.ah.bn
t03296 417 wiki.zip.ah.bt
t03296 411 wiki.zip.ah.bn
t03296 412 wiki.zip.ah.bo
t03296 412 wiki.zip.ah.bo
t03296 418 wiki.zip.ah.bu
t03296 413 wiki.zip.ah.bp
t03296 413 wiki.zip.ah.bp
t03296 414 wiki.zip.ah.bq
t03296 419 wiki.zip.ah.bv
t03296 414 wiki.zip.ah.bq
t03296 415 wiki.zip.ah.br
t03296 420 wiki.zip.ah.bw
t03296 415 wiki.zip.ah.br
t03296 421 wiki.zip.ah.bx
t03296 416 wiki.zip.ah.bs
t03296 416 wiki.zip.ah.bs
t03296 417 wiki.zip.ah.bt
t03296 417 wiki.zip.ah.bt
t03296 422 wiki.zip.ah.by
t03296 418 wiki.zip.ah.bu
t03296 418 wiki.zip.ah.bu
t03296 423 wiki.zip.ah.bz
t03296 424 wiki.zip.ah.ca
t03296 419 wiki.zip.ah.bv
t03296 425 wiki.zip.ai.aa
t03296 419 wiki.zip.ah.bv
t03296 420 wiki.zip.ah.bw
t03296 426 wiki.zip.ai.ab
t03296 420 wiki.zip.ah.bw
t03296 421 wiki.zip.ah.bx
t03296 427 wiki.zip.ai.ac
t03296 421 wiki.zip.ah.bx
t03296 422 wiki.zip.ah.by
t03296 428 wiki.zip.ai.ad
t03296 422 wiki.zip.ah.by
t03296 429 wiki.zip.ai.ae
t03296 423 wiki.zip.ah.bz
t03296 423 wiki.zip.ah.bz
t03296 430 wiki.zip.ai.af
t03296 424 wiki.zip.ah.ca
t03296 424 wiki.zip.ah.ca
t03296 425 wiki.zip.ai.aa
t03296 431 wiki.zip.ai.ag
t03296 425 wiki.zip.ai.aa
t03296 426 wiki.zip.ai.ab
t03296 432 wiki.zip.ai.ah
t03296 426 wiki.zip.ai.ab
t03296 427 wiki.zip.ai.ac
t03296 433 wiki.zip.ai.ai
t03296 428 wiki.zip.ai.ad
t03296 427 wiki.zip.ai.ac
t03296 434 wiki.zip.ai.aj
t03296 428 wiki.zip.ai.ad
t03296 429 wiki.zip.ai.ae
t03296 435 wiki.zip.ai.ak
t03296 430 wiki.zip.ai.af
t03296 436 wiki.zip.ai.al
t03296 429 wiki.zip.ai.ae
t03296 437 wiki.zip.ai.am
t03296 431 wiki.zip.ai.ag
t03296 430 wiki.zip.ai.af
t03296 432 wiki.zip.ai.ah
t03296 438 wiki.zip.ai.an
t03296 431 wiki.zip.ai.ag
t03296 433 wiki.zip.ai.ai
t03296 439 wiki.zip.ai.ao
t03296 432 wiki.zip.ai.ah
t03296 440 wiki.zip.ai.ap
t03296 434 wiki.zip.ai.aj
t03296 433 wiki.zip.ai.ai
t03296 435 wiki.zip.ai.ak
t03296 441 wiki.zip.ai.aq
t03296 434 wiki.zip.ai.aj
t03296 436 wiki.zip.ai.al
t03296 442 wiki.zip.ai.ar
t03296 437 wiki.zip.ai.am
t03296 435 wiki.zip.ai.ak
t03296 443 wiki.zip.ai.as
t03296 438 wiki.zip.ai.an
t03296 436 wiki.zip.ai.al
t03296 444 wiki.zip.ai.at
t03296 439 wiki.zip.ai.ao
t03296 437 wiki.zip.ai.am
t03296 445 wiki.zip.ai.au
t03296 440 wiki.zip.ai.ap
t03296 438 wiki.zip.ai.an
t03296 446 wiki.zip.ai.av
t03296 441 wiki.zip.ai.aq
t03296 439 wiki.zip.ai.ao
t03296 447 wiki.zip.ai.aw
t03296 442 wiki.zip.ai.ar
t03296 440 wiki.zip.ai.ap
t03296 448 wiki.zip.ai.ax
t03296 443 wiki.zip.ai.as
t03296 441 wiki.zip.ai.aq
t03296 449 wiki.zip.ai.ay
t03296 444 wiki.zip.ai.at
t03296 442 wiki.zip.ai.ar
t03296 450 wiki.zip.ai.az
t03296 443 wiki.zip.ai.as
t03296 445 wiki.zip.ai.au
t03296 451 wiki.zip.ai.ba
t03296 446 wiki.zip.ai.av
t03296 444 wiki.zip.ai.at
t03296 452 wiki.zip.ai.bb
t03296 447 wiki.zip.ai.aw
t03296 445 wiki.zip.ai.au
t03296 453 wiki.zip.ai.bc
t03296 448 wiki.zip.ai.ax
t03296 454 wiki.zip.ai.bd
t03296 446 wiki.zip.ai.av
t03296 449 wiki.zip.ai.ay
t03296 455 wiki.zip.ai.be
t03296 447 wiki.zip.ai.aw
t03296 450 wiki.zip.ai.az
t03296 456 wiki.zip.ai.bf
t03296 448 wiki.zip.ai.ax
t03296 451 wiki.zip.ai.ba
t03296 457 wiki.zip.ai.bg
t03296 452 wiki.zip.ai.bb
t03296 458 wiki.zip.ai.bh
t03296 449 wiki.zip.ai.ay
t03296 453 wiki.zip.ai.bc
t03296 459 wiki.zip.ai.bi
t03296 450 wiki.zip.ai.az
t03296 460 wiki.zip.ai.bj
t03296 454 wiki.zip.ai.bd
t03296 451 wiki.zip.ai.ba
t03296 461 wiki.zip.ai.bk
t03296 455 wiki.zip.ai.be
t03296 452 wiki.zip.ai.bb
t03296 462 wiki.zip.ai.bl
t03296 456 wiki.zip.ai.bf
t03296 453 wiki.zip.ai.bc
t03296 463 wiki.zip.ai.bm
t03296 457 wiki.zip.ai.bg
t03296 454 wiki.zip.ai.bd
t03296 464 wiki.zip.ai.bn
t03296 458 wiki.zip.ai.bh
t03296 455 wiki.zip.ai.be
t03296 459 wiki.zip.ai.bi
t03296 465 wiki.zip.ai.bo
t03296 456 wiki.zip.ai.bf
t03296 457 wiki.zip.ai.bg
t03296 466 wiki.zip.ai.bp
t03296 460 wiki.zip.ai.bj
t03296 458 wiki.zip.ai.bh
t03296 467 wiki.zip.ai.bq
t03296 461 wiki.zip.ai.bk
t03296 459 wiki.zip.ai.bi
t03296 468 wiki.zip.ai.br
t03296 462 wiki.zip.ai.bl
t03296 460 wiki.zip.ai.bj
t03296 469 wiki.zip.ai.bs
t03296 461 wiki.zip.ai.bk
t03296 463 wiki.zip.ai.bm
t03296 470 wiki.zip.ai.bt
t03296 471 wiki.zip.ai.bu
t03296 462 wiki.zip.ai.bl
t03296 464 wiki.zip.ai.bn
t03296 472 wiki.zip.ai.bv
t03296 463 wiki.zip.ai.bm
t03296 465 wiki.zip.ai.bo
t03296 464 wiki.zip.ai.bn
t03296 473 wiki.zip.ai.bw
t03296 466 wiki.zip.ai.bp
t03296 465 wiki.zip.ai.bo
t03296 474 wiki.zip.ai.bx
t03296 467 wiki.zip.ai.bq
t03296 475 wiki.zip.ai.by
t03296 466 wiki.zip.ai.bp
t03296 468 wiki.zip.ai.br
t03296 476 wiki.zip.ai.bz
t03296 467 wiki.zip.ai.bq
t03296 469 wiki.zip.ai.bs
t03296 477 wiki.zip.ai.ca
t03296 468 wiki.zip.ai.br
t03296 470 wiki.zip.ai.bt
t03296 469 wiki.zip.ai.bs
t03296 478 wiki.zip.aj.aa
t03296 471 wiki.zip.ai.bu
t03296 470 wiki.zip.ai.bt
t03296 479 wiki.zip.aj.ab
t03296 472 wiki.zip.ai.bv
t03296 480 wiki.zip.aj.ac
t03296 471 wiki.zip.ai.bu
t03296 473 wiki.zip.ai.bw
t03296 481 wiki.zip.aj.ad
t03296 472 wiki.zip.ai.bv
t03296 474 wiki.zip.ai.bx
t03296 473 wiki.zip.ai.bw
t03296 482 wiki.zip.aj.ae
t03296 474 wiki.zip.ai.bx
t03296 475 wiki.zip.ai.by
t03296 483 wiki.zip.aj.af
t03296 475 wiki.zip.ai.by
t03296 476 wiki.zip.ai.bz
t03296 484 wiki.zip.aj.ag
t03296 476 wiki.zip.ai.bz
t03296 477 wiki.zip.ai.ca
t03296 485 wiki.zip.aj.ah
t03296 477 wiki.zip.ai.ca
t03296 486 wiki.zip.aj.ai
t03296 478 wiki.zip.aj.aa
t03296 478 wiki.zip.aj.aa
t03296 487 wiki.zip.aj.aj
t03296 479 wiki.zip.aj.ab
t03296 479 wiki.zip.aj.ab
t03296 488 wiki.zip.aj.ak
t03296 480 wiki.zip.aj.ac
t03296 489 wiki.zip.aj.al
t03296 480 wiki.zip.aj.ac
t03296 481 wiki.zip.aj.ad
t03296 490 wiki.zip.aj.am
t03296 481 wiki.zip.aj.ad
t03296 482 wiki.zip.aj.ae
t03296 491 wiki.zip.aj.an
t03296 483 wiki.zip.aj.af
t03296 492 wiki.zip.aj.ao
t03296 482 wiki.zip.aj.ae
t03296 484 wiki.zip.aj.ag
t03296 493 wiki.zip.aj.ap
t03296 483 wiki.zip.aj.af
t03296 485 wiki.zip.aj.ah
t03296 494 wiki.zip.aj.aq
t03296 484 wiki.zip.aj.ag
t03296 485 wiki.zip.aj.ah
t03296 486 wiki.zip.aj.ai
t03296 495 wiki.zip.aj.ar
t03296 486 wiki.zip.aj.ai
t03296 496 wiki.zip.aj.as
t03296 487 wiki.zip.aj.aj
t03296 487 wiki.zip.aj.aj
t03296 488 wiki.zip.aj.ak
t03296 497 wiki.zip.aj.at
t03296 489 wiki.zip.aj.al
t03296 498 wiki.zip.aj.au
t03296 488 wiki.zip.aj.ak
t03296 499 wiki.zip.aj.av
t03296 490 wiki.zip.aj.am
t03296 489 wiki.zip.aj.al
t03296 500 wiki.zip.aj.aw
t03296 490 wiki.zip.aj.am
t03296 491 wiki.zip.aj.an
t03296 491 wiki.zip.aj.an
t03296 501 wiki.zip.aj.ax
t03296 492 wiki.zip.aj.ao
t03296 492 wiki.zip.aj.ao
t03296 502 wiki.zip.aj.ay
t03296 493 wiki.zip.aj.ap
t03296 493 wiki.zip.aj.ap
t03296 503 wiki.zip.aj.az
t03296 494 wiki.zip.aj.aq
t03296 504 wiki.zip.aj.ba
t03296 494 wiki.zip.aj.aq
t03296 495 wiki.zip.aj.ar
t03296 505 wiki.zip.aj.bb
t03296 495 wiki.zip.aj.ar
t03296 496 wiki.zip.aj.as
t03296 506 wiki.zip.aj.bc
t03296 496 wiki.zip.aj.as
t03296 497 wiki.zip.aj.at
t03296 507 wiki.zip.aj.bd
t03296 497 wiki.zip.aj.at
t03296 498 wiki.zip.aj.au
t03296 508 wiki.zip.aj.be
t03296 498 wiki.zip.aj.au
t03296 499 wiki.zip.aj.av
t03296 509 wiki.zip.aj.bf
t03296 499 wiki.zip.aj.av
t03296 510 wiki.zip.aj.bg
t03296 500 wiki.zip.aj.aw
t03296 500 wiki.zip.aj.aw
t03296 511 wiki.zip.aj.bh
t03296 501 wiki.zip.aj.ax
t03296 512 wiki.zip.aj.bi
t03296 501 wiki.zip.aj.ax
t03296 513 wiki.zip.aj.bj
t03296 502 wiki.zip.aj.ay
t03296 502 wiki.zip.aj.ay
t03296 503 wiki.zip.aj.az
t03296 503 wiki.zip.aj.az
t03296 514 wiki.zip.aj.bk
t03296 504 wiki.zip.aj.ba
t03296 504 wiki.zip.aj.ba
t03296 515 wiki.zip.aj.bl
t03296 505 wiki.zip.aj.bb
t03296 505 wiki.zip.aj.bb
t03296 506 wiki.zip.aj.bc
t03296 516 wiki.zip.aj.bm
t03296 506 wiki.zip.aj.bc
t03296 507 wiki.zip.aj.bd
t03296 517 wiki.zip.aj.bn
t03296 507 wiki.zip.aj.bd
t03296 508 wiki.zip.aj.be
t03296 508 wiki.zip.aj.be
t03296 518 wiki.zip.aj.bo
t03296 509 wiki.zip.aj.bf
t03296 509 wiki.zip.aj.bf
t03296 519 wiki.zip.aj.bp
t03296 510 wiki.zip.aj.bg
t03296 510 wiki.zip.aj.bg
t03296 520 wiki.zip.aj.bq
t03296 511 wiki.zip.aj.bh
t03296 521 wiki.zip.aj.br
t03296 511 wiki.zip.aj.bh
t03296 512 wiki.zip.aj.bi
t03296 513 wiki.zip.aj.bj
t03296 512 wiki.zip.aj.bi
t03296 522 wiki.zip.aj.bs
t03296 514 wiki.zip.aj.bk
t03296 513 wiki.zip.aj.bj
t03296 523 wiki.zip.aj.bt
t03296 515 wiki.zip.aj.bl
t03296 524 wiki.zip.aj.bu
t03296 514 wiki.zip.aj.bk
t03296 516 wiki.zip.aj.bm
t03296 515 wiki.zip.aj.bl
t03296 525 wiki.zip.aj.bv
t03296 516 wiki.zip.aj.bm
t03296 517 wiki.zip.aj.bn
t03296 526 wiki.zip.aj.bw
t03296 517 wiki.zip.aj.bn
t03296 518 wiki.zip.aj.bo
t03296 527 wiki.zip.aj.bx
t03296 518 wiki.zip.aj.bo
t03296 519 wiki.zip.aj.bp
t03296 528 wiki.zip.aj.by
t03296 519 wiki.zip.aj.bp
t03296 529 wiki.zip.aj.bz
t03296 520 wiki.zip.aj.bq
t03296 520 wiki.zip.aj.bq
t03296 530 wiki.zip.aj.ca
t03296 521 wiki.zip.aj.br
t03296 521 wiki.zip.aj.br
t03296 531 wiki.zip.ak.aa
t03296 522 wiki.zip.aj.bs
t03296 522 wiki.zip.aj.bs
t03296 532 wiki.zip.ak.ab
t03296 523 wiki.zip.aj.bt
t03296 533 wiki.zip.ak.ac
t03296 524 wiki.zip.aj.bu
t03296 523 wiki.zip.aj.bt
t03296 534 wiki.zip.ak.ad
t03296 525 wiki.zip.aj.bv
t03296 535 wiki.zip.ak.ae
t03296 526 wiki.zip.aj.bw
t03296 524 wiki.zip.aj.bu
t03296 536 wiki.zip.ak.af
t03296 527 wiki.zip.aj.bx
t03296 525 wiki.zip.aj.bv
t03296 537 wiki.zip.ak.ag
t03296 528 wiki.zip.aj.by
t03296 526 wiki.zip.aj.bw
t03296 538 wiki.zip.ak.ah
t03296 529 wiki.zip.aj.bz
t03296 527 wiki.zip.aj.bx
t03296 539 wiki.zip.ak.ai
t03296 530 wiki.zip.aj.ca
t03296 540 wiki.zip.ak.aj
t03296 528 wiki.zip.aj.by
t03296 541 wiki.zip.ak.ak
t03296 529 wiki.zip.aj.bz
t03296 531 wiki.zip.ak.aa
t03296 530 wiki.zip.aj.ca
t03296 542 wiki.zip.ak.al
t03296 532 wiki.zip.ak.ab
t03296 543 wiki.zip.ak.am
t03296 531 wiki.zip.ak.aa
t03296 533 wiki.zip.ak.ac
t03296 544 wiki.zip.ak.an
t03296 534 wiki.zip.ak.ad
t03296 532 wiki.zip.ak.ab
t03296 545 wiki.zip.ak.ao
t03296 533 wiki.zip.ak.ac
t03296 535 wiki.zip.ak.ae
t03296 536 wiki.zip.ak.af
t03296 546 wiki.zip.ak.ap
t03296 537 wiki.zip.ak.ag
t03296 534 wiki.zip.ak.ad
t03296 547 wiki.zip.ak.aq
t03296 538 wiki.zip.ak.ah
t03296 535 wiki.zip.ak.ae
t03296 548 wiki.zip.ak.ar
t03296 539 wiki.zip.ak.ai
t03296 536 wiki.zip.ak.af
t03296 549 wiki.zip.ak.as
t03296 537 wiki.zip.ak.ag
t03296 540 wiki.zip.ak.aj
t03296 538 wiki.zip.ak.ah
t03296 550 wiki.zip.ak.at
t03296 541 wiki.zip.ak.ak
t03296 539 wiki.zip.ak.ai
t03296 551 wiki.zip.ak.au
t03296 542 wiki.zip.ak.al
t03296 540 wiki.zip.ak.aj
t03296 552 wiki.zip.ak.av
t03296 543 wiki.zip.ak.am
t03296 553 wiki.zip.ak.aw
t03296 541 wiki.zip.ak.ak
t03296 544 wiki.zip.ak.an
t03296 545 wiki.zip.ak.ao
t03296 542 wiki.zip.ak.al
t03296 554 wiki.zip.ak.ax
t03296 546 wiki.zip.ak.ap
t03296 543 wiki.zip.ak.am
t03296 555 wiki.zip.ak.ay
t03296 547 wiki.zip.ak.aq
t03296 544 wiki.zip.ak.an
t03296 545 wiki.zip.ak.ao
t03296 556 wiki.zip.ak.az
t03296 548 wiki.zip.ak.ar
t03296 546 wiki.zip.ak.ap
t03296 549 wiki.zip.ak.as
t03296 557 wiki.zip.ak.ba
t03296 550 wiki.zip.ak.at
t03296 547 wiki.zip.ak.aq
t03296 558 wiki.zip.ak.bb
t03296 551 wiki.zip.ak.au
t03296 548 wiki.zip.ak.ar
t03296 559 wiki.zip.ak.bc
t03296 552 wiki.zip.ak.av
t03296 549 wiki.zip.ak.as
t03296 560 wiki.zip.ak.bd
t03296 553 wiki.zip.ak.aw
t03296 561 wiki.zip.ak.be
t03296 550 wiki.zip.ak.at
t03296 554 wiki.zip.ak.ax
t03296 562 wiki.zip.ak.bf
t03296 551 wiki.zip.ak.au
t03296 555 wiki.zip.ak.ay
t03296 552 wiki.zip.ak.av
t03296 563 wiki.zip.ak.bg
t03296 556 wiki.zip.ak.az
t03296 553 wiki.zip.ak.aw
t03296 564 wiki.zip.ak.bh
t03296 557 wiki.zip.ak.ba
t03296 565 wiki.zip.ak.bi
t03296 554 wiki.zip.ak.ax
t03296 558 wiki.zip.ak.bb
t03296 566 wiki.zip.ak.bj
t03296 559 wiki.zip.ak.bc
t03296 555 wiki.zip.ak.ay
t03296 560 wiki.zip.ak.bd
t03296 567 wiki.zip.ak.bk
t03296 556 wiki.zip.ak.az
t03296 561 wiki.zip.ak.be
t03296 557 wiki.zip.ak.ba
t03296 558 wiki.zip.ak.bb
t03296 568 wiki.zip.ak.bl
t03296 562 wiki.zip.ak.bf
t03296 559 wiki.zip.ak.bc
t03296 569 wiki.zip.ak.bm
t03296 563 wiki.zip.ak.bg
t03296 570 wiki.zip.ak.bn
t03296 560 wiki.zip.ak.bd
t03296 564 wiki.zip.ak.bh
t03296 571 wiki.zip.ak.bo
t03296 565 wiki.zip.ak.bi
t03296 561 wiki.zip.ak.be
t03296 572 wiki.zip.ak.bp
t03296 573 wiki.zip.ak.bq
t03296 566 wiki.zip.ak.bj
t03296 562 wiki.zip.ak.bf
t03296 563 wiki.zip.ak.bg
t03296 567 wiki.zip.ak.bk
t03296 574 wiki.zip.ak.br
t03296 568 wiki.zip.ak.bl
t03296 564 wiki.zip.ak.bh
t03296 569 wiki.zip.ak.bm
t03296 575 wiki.zip.ak.bs
t03296 565 wiki.zip.ak.bi
t03296 570 wiki.zip.ak.bn
t03296 576 wiki.zip.ak.bt
t03296 566 wiki.zip.ak.bj
t03296 571 wiki.zip.ak.bo
t03296 577 wiki.zip.ak.bu
t03296 567 wiki.zip.ak.bk
t03296 578 wiki.zip.ak.bv
t03296 568 wiki.zip.ak.bl
t03296 572 wiki.zip.ak.bp
t03296 579 wiki.zip.ak.bw
t03296 569 wiki.zip.ak.bm
t03296 573 wiki.zip.ak.bq
t03296 570 wiki.zip.ak.bn
t03296 574 wiki.zip.ak.br
t03296 580 wiki.zip.ak.bx
t03296 575 wiki.zip.ak.bs
t03296 576 wiki.zip.ak.bt
t03296 571 wiki.zip.ak.bo
t03296 581 wiki.zip.ak.by
t03296 577 wiki.zip.ak.bu
t03296 572 wiki.zip.ak.bp
t03296 582 wiki.zip.ak.bz
t03296 578 wiki.zip.ak.bv
t03296 573 wiki.zip.ak.bq
t03296 583 wiki.zip.ak.ca
t03296 579 wiki.zip.ak.bw
t03296 574 wiki.zip.ak.br
t03296 584 wiki.zip.al.aa
t03296 580 wiki.zip.ak.bx
t03296 575 wiki.zip.ak.bs
t03296 585 wiki.zip.al.ab
t03296 576 wiki.zip.ak.bt
t03296 581 wiki.zip.ak.by
t03296 586 wiki.zip.al.ac
t03296 587 wiki.zip.al.ad
t03296 577 wiki.zip.ak.bu
t03296 582 wiki.zip.ak.bz
t03296 578 wiki.zip.ak.bv
t03296 588 wiki.zip.al.ae
t03296 583 wiki.zip.ak.ca
t03296 589 wiki.zip.al.af
t03296 579 wiki.zip.ak.bw
t03296 584 wiki.zip.al.aa
t03296 590 wiki.zip.al.ag
t03296 580 wiki.zip.ak.bx
t03296 591 wiki.zip.al.ah
t03296 585 wiki.zip.al.ab
t03296 592 wiki.zip.al.ai
t03296 581 wiki.zip.ak.by
t03296 593 wiki.zip.al.aj
t03296 586 wiki.zip.al.ac
t03296 582 wiki.zip.ak.bz
t03296 587 wiki.zip.al.ad
t03296 594 wiki.zip.al.ak
t03296 583 wiki.zip.ak.ca
t03296 595 wiki.zip.al.al
t03296 588 wiki.zip.al.ae
t03296 584 wiki.zip.al.aa
t03296 596 wiki.zip.al.am
t03296 589 wiki.zip.al.af
t03296 585 wiki.zip.al.ab
t03296 597 wiki.zip.al.an
t03296 586 wiki.zip.al.ac
t03296 590 wiki.zip.al.ag
t03296 598 wiki.zip.al.ao
t03296 587 wiki.zip.al.ad
t03296 591 wiki.zip.al.ah
t03296 599 wiki.zip.al.ap
t03296 588 wiki.zip.al.ae
t03296 592 wiki.zip.al.ai
t03296 600 wiki.zip.al.aq
t03296 589 wiki.zip.al.af
t03296 601 wiki.zip.al.ar
t03296 593 wiki.zip.al.aj
t03296 590 wiki.zip.al.ag
t03296 602 wiki.zip.al.as
t03296 594 wiki.zip.al.ak
t03296 591 wiki.zip.al.ah
t03296 592 wiki.zip.al.ai
t03296 595 wiki.zip.al.al
t03296 603 wiki.zip.al.at
t03296 596 wiki.zip.al.am
t03296 604 wiki.zip.al.au
t03296 593 wiki.zip.al.aj
t03296 597 wiki.zip.al.an
t03296 605 wiki.zip.al.av
t03296 606 wiki.zip.al.aw
t03296 594 wiki.zip.al.ak
t03296 598 wiki.zip.al.ao
t03296 599 wiki.zip.al.ap
t03296 595 wiki.zip.al.al
t03296 607 wiki.zip.al.ax
t03296 600 wiki.zip.al.aq
t03296 596 wiki.zip.al.am
t03296 608 wiki.zip.al.ay
t03296 601 wiki.zip.al.ar
t03296 597 wiki.zip.al.an
t03296 609 wiki.zip.al.az
t03296 602 wiki.zip.al.as
t03296 598 wiki.zip.al.ao
t03296 603 wiki.zip.al.at
t03296 610 wiki.zip.al.ba
t03296 599 wiki.zip.al.ap
t03296 611 wiki.zip.al.bb
t03296 604 wiki.zip.al.au
t03296 600 wiki.zip.al.aq
t03296 605 wiki.zip.al.av
t03296 612 wiki.zip.al.bc
t03296 601 wiki.zip.al.ar
t03296 606 wiki.zip.al.aw
t03296 602 wiki.zip.al.as
t03296 613 wiki.zip.al.bd
t03296 607 wiki.zip.al.ax
t03296 614 wiki.zip.al.be
t03296 603 wiki.zip.al.at
t03296 608 wiki.zip.al.ay
t03296 615 wiki.zip.al.bf
t03296 604 wiki.zip.al.au
t03296 616 wiki.zip.al.bg
t03296 609 wiki.zip.al.az
t03296 605 wiki.zip.al.av
t03296 610 wiki.zip.al.ba
t03296 617 wiki.zip.al.bh
t03296 606 wiki.zip.al.aw
t03296 618 wiki.zip.al.bi
t03296 611 wiki.zip.al.bb
t03296 607 wiki.zip.al.ax
t03296 619 wiki.zip.al.bj
t03296 612 wiki.zip.al.bc
t03296 608 wiki.zip.al.ay
t03296 613 wiki.zip.al.bd
t03296 620 wiki.zip.al.bk
t03296 621 wiki.zip.al.bl
t03296 609 wiki.zip.al.az
t03296 614 wiki.zip.al.be
t03296 610 wiki.zip.al.ba
t03296 622 wiki.zip.al.bm
t03296 615 wiki.zip.al.bf
t03296 611 wiki.zip.al.bb
t03296 623 wiki.zip.al.bn
t03296 616 wiki.zip.al.bg
t03296 612 wiki.zip.al.bc
t03296 624 wiki.zip.al.bo
t03296 617 wiki.zip.al.bh
t03296 613 wiki.zip.al.bd
t03296 625 wiki.zip.al.bp
t03296 618 wiki.zip.al.bi
t03296 614 wiki.zip.al.be
t03296 626 wiki.zip.al.bq
t03296 619 wiki.zip.al.bj
t03296 615 wiki.zip.al.bf
t03296 627 wiki.zip.al.br
t03296 620 wiki.zip.al.bk
t03296 628 wiki.zip.al.bs
t03296 616 wiki.zip.al.bg
t03296 621 wiki.zip.al.bl
t03296 629 wiki.zip.al.bt
t03296 622 wiki.zip.al.bm
t03296 617 wiki.zip.al.bh
t03296 630 wiki.zip.al.bu
t03296 623 wiki.zip.al.bn
t03296 618 wiki.zip.al.bi
t03296 631 wiki.zip.al.bv
t03296 624 wiki.zip.al.bo
t03296 619 wiki.zip.al.bj
t03296 625 wiki.zip.al.bp
t03296 632 wiki.zip.al.bw
t03296 620 wiki.zip.al.bk
t03296 626 wiki.zip.al.bq
t03296 633 wiki.zip.al.bx
t03296 621 wiki.zip.al.bl
t03296 627 wiki.zip.al.br
t03296 622 wiki.zip.al.bm
t03296 634 wiki.zip.al.by
t03296 628 wiki.zip.al.bs
t03296 635 wiki.zip.al.bz
t03296 623 wiki.zip.al.bn
t03296 629 wiki.zip.al.bt
t03296 636 wiki.zip.al.ca
t03296 630 wiki.zip.al.bu
t03296 624 wiki.zip.al.bo
t03296 637 wiki.zip.am.aa
t03296 631 wiki.zip.al.bv
t03296 625 wiki.zip.al.bp
t03296 632 wiki.zip.al.bw
t03296 638 wiki.zip.am.ab
t03296 639 wiki.zip.am.ac
t03296 626 wiki.zip.al.bq
t03296 633 wiki.zip.al.bx
t03296 640 wiki.zip.am.ad
t03296 634 wiki.zip.al.by
t03296 627 wiki.zip.al.br
t03296 635 wiki.zip.al.bz
t03296 641 wiki.zip.am.ae
t03296 628 wiki.zip.al.bs
t03296 642 wiki.zip.am.af
t03296 636 wiki.zip.al.ca
t03296 629 wiki.zip.al.bt
t03296 643 wiki.zip.am.ag
t03296 637 wiki.zip.am.aa
t03296 630 wiki.zip.al.bu
t03296 644 wiki.zip.am.ah
t03296 638 wiki.zip.am.ab
t03296 631 wiki.zip.al.bv
t03296 645 wiki.zip.am.ai
t03296 639 wiki.zip.am.ac
t03296 632 wiki.zip.al.bw
t03296 640 wiki.zip.am.ad
t03296 646 wiki.zip.am.aj
t03296 633 wiki.zip.al.bx
t03296 647 wiki.zip.am.ak
t03296 641 wiki.zip.am.ae
t03296 648 wiki.zip.am.al
t03296 634 wiki.zip.al.by
t03296 642 wiki.zip.am.af
t03296 649 wiki.zip.am.am
t03296 635 wiki.zip.al.bz
t03296 650 wiki.zip.am.an
t03296 643 wiki.zip.am.ag
t03296 636 wiki.zip.al.ca
t03296 644 wiki.zip.am.ah
t03296 637 wiki.zip.am.aa
t03296 651 wiki.zip.am.ao
t03296 645 wiki.zip.am.ai
t03296 638 wiki.zip.am.ab
t03296 652 wiki.zip.am.ap
t03296 639 wiki.zip.am.ac
t03296 646 wiki.zip.am.aj
t03296 653 wiki.zip.am.aq
t03296 640 wiki.zip.am.ad
t03296 647 wiki.zip.am.ak
t03296 654 wiki.zip.am.ar
t03296 648 wiki.zip.am.al
t03296 641 wiki.zip.am.ae
t03296 655 wiki.zip.am.as
t03296 649 wiki.zip.am.am
t03296 642 wiki.zip.am.af
t03296 656 wiki.zip.am.at
t03296 643 wiki.zip.am.ag
t03296 650 wiki.zip.am.an
t03296 644 wiki.zip.am.ah
t03296 657 wiki.zip.am.au
t03296 651 wiki.zip.am.ao
t03296 658 wiki.zip.am.av
t03296 645 wiki.zip.am.ai
t03296 652 wiki.zip.am.ap
t03296 659 wiki.zip.am.aw
t03296 646 wiki.zip.am.aj
t03296 653 wiki.zip.am.aq
t03296 647 wiki.zip.am.ak
t03296 660 wiki.zip.am.ax
t03296 648 wiki.zip.am.al
t03296 654 wiki.zip.am.ar
t03296 661 wiki.zip.am.ay
t03296 649 wiki.zip.am.am
t03296 655 wiki.zip.am.as
t03296 662 wiki.zip.am.az
t03296 650 wiki.zip.am.an
t03296 656 wiki.zip.am.at
t03296 663 wiki.zip.am.ba
t03296 651 wiki.zip.am.ao
t03296 657 wiki.zip.am.au
t03296 664 wiki.zip.am.bb
t03296 652 wiki.zip.am.ap
t03296 665 wiki.zip.am.bc
t03296 658 wiki.zip.am.av
t03296 659 wiki.zip.am.aw
t03296 666 wiki.zip.am.bd
t03296 653 wiki.zip.am.aq
t03296 660 wiki.zip.am.ax
t03296 654 wiki.zip.am.ar
t03296 667 wiki.zip.am.be
t03296 661 wiki.zip.am.ay
t03296 655 wiki.zip.am.as
t03296 668 wiki.zip.am.bf
t03296 656 wiki.zip.am.at
t03296 662 wiki.zip.am.az
t03296 669 wiki.zip.am.bg
t03296 670 wiki.zip.am.bh
t03296 663 wiki.zip.am.ba
t03296 657 wiki.zip.am.au
t03296 671 wiki.zip.am.bi
t03296 664 wiki.zip.am.bb
t03296 658 wiki.zip.am.av
t03296 665 wiki.zip.am.bc
t03296 672 wiki.zip.am.bj
t03296 659 wiki.zip.am.aw
t03296 666 wiki.zip.am.bd
t03296 673 wiki.zip.am.bk
t03296 660 wiki.zip.am.ax
t03296 667 wiki.zip.am.be
t03296 674 wiki.zip.am.bl
t03296 661 wiki.zip.am.ay
t03296 668 wiki.zip.am.bf
t03296 675 wiki.zip.am.bm
t03296 662 wiki.zip.am.az
t03296 676 wiki.zip.am.bn
t03296 669 wiki.zip.am.bg
t03296 663 wiki.zip.am.ba
t03296 670 wiki.zip.am.bh
t03296 677 wiki.zip.am.bo
t03296 664 wiki.zip.am.bb
t03296 671 wiki.zip.am.bi
t03296 678 wiki.zip.am.bp
t03296 665 wiki.zip.am.bc
t03296 679 wiki.zip.am.bq
t03296 666 wiki.zip.am.bd
t03296 672 wiki.zip.am.bj
t03296 680 wiki.zip.am.br
t03296 667 wiki.zip.am.be
t03296 673 wiki.zip.am.bk
t03296 681 wiki.zip.am.bs
t03296 668 wiki.zip.am.bf
t03296 682 wiki.zip.am.bt
t03296 674 wiki.zip.am.bl
t03296 669 wiki.zip.am.bg
t03296 683 wiki.zip.am.bu
t03296 675 wiki.zip.am.bm
t03296 670 wiki.zip.am.bh
t03296 684 wiki.zip.am.bv
t03296 676 wiki.zip.am.bn
t03296 671 wiki.zip.am.bi
t03296 677 wiki.zip.am.bo
t03296 685 wiki.zip.am.bw
t03296 672 wiki.zip.am.bj
t03296 678 wiki.zip.am.bp
t03296 686 wiki.zip.am.bx
t03296 673 wiki.zip.am.bk
t03296 679 wiki.zip.am.bq
t03296 687 wiki.zip.am.by
t03296 674 wiki.zip.am.bl
t03296 680 wiki.zip.am.br
t03296 688 wiki.zip.am.bz
t03296 681 wiki.zip.am.bs
t03296 675 wiki.zip.am.bm
t03296 689 wiki.zip.am.ca
t03296 682 wiki.zip.am.bt
t03296 676 wiki.zip.am.bn
t03296 690 wiki.zip.an.aa
t03296 683 wiki.zip.am.bu
t03296 691 wiki.zip.an.ab
t03296 677 wiki.zip.am.bo
t03296 684 wiki.zip.am.bv
t03296 692 wiki.zip.an.ac
t03296 678 wiki.zip.am.bp
t03296 693 wiki.zip.an.ad
t03296 685 wiki.zip.am.bw
t03296 679 wiki.zip.am.bq
t03296 694 wiki.zip.an.ae
t03296 686 wiki.zip.am.bx
t03296 680 wiki.zip.am.br
t03296 695 wiki.zip.an.af
t03296 681 wiki.zip.am.bs
t03296 687 wiki.zip.am.by
t03296 696 wiki.zip.an.ag
t03296 682 wiki.zip.am.bt
t03296 688 wiki.zip.am.bz
t03296 697 wiki.zip.an.ah
t03296 683 wiki.zip.am.bu
t03296 689 wiki.zip.am.ca
Loading deals t08106
t03296 684 wiki.zip.am.bv
t08106 1 wiki.zip.aa.aa
t03296 690 wiki.zip.an.aa
t03296 685 wiki.zip.am.bw
t08106 2 wiki.zip.aa.ab
t03296 691 wiki.zip.an.ab
t03296 692 wiki.zip.an.ac
t08106 3 wiki.zip.aa.ac
t03296 686 wiki.zip.am.bx
t03296 693 wiki.zip.an.ad
t08106 4 wiki.zip.aa.ad
t03296 687 wiki.zip.am.by
t03296 688 wiki.zip.am.bz
t03296 694 wiki.zip.an.ae
t08106 5 wiki.zip.aa.ae
t03296 689 wiki.zip.am.ca
t08106 6 wiki.zip.aa.af
t03296 695 wiki.zip.an.af
t08106 7 wiki.zip.aa.ag
t03296 690 wiki.zip.an.aa
t03296 696 wiki.zip.an.ag
t08106 8 wiki.zip.aa.ah
t03296 691 wiki.zip.an.ab
t08106 9 wiki.zip.aa.ai
t03296 697 wiki.zip.an.ah
t03296 692 wiki.zip.an.ac
t08106 10 wiki.zip.aa.aj
t03296 693 wiki.zip.an.ad
Loading deals t08106
t08106 11 wiki.zip.aa.ak
t03296 694 wiki.zip.an.ae
t08106 1 wiki.zip.aa.aa
t08106 12 wiki.zip.aa.al
t03296 695 wiki.zip.an.af
t08106 2 wiki.zip.aa.ab
t08106 13 wiki.zip.aa.am
t03296 696 wiki.zip.an.ag
t08106 3 wiki.zip.aa.ac
t08106 14 wiki.zip.aa.an
t08106 15 wiki.zip.aa.ao
t03296 697 wiki.zip.an.ah
t08106 4 wiki.zip.aa.ad
t08106 16 wiki.zip.aa.ap
Loading deals t08106
t08106 5 wiki.zip.aa.ae
t08106 17 wiki.zip.aa.aq
t08106 1 wiki.zip.aa.aa
t08106 18 wiki.zip.aa.ar
t08106 2 wiki.zip.aa.ab
t08106 6 wiki.zip.aa.af
t08106 19 wiki.zip.aa.as
t08106 3 wiki.zip.aa.ac
t08106 7 wiki.zip.aa.ag
t08106 20 wiki.zip.aa.at
t08106 4 wiki.zip.aa.ad
t08106 8 wiki.zip.aa.ah
t08106 21 wiki.zip.aa.au
t08106 5 wiki.zip.aa.ae
t08106 9 wiki.zip.aa.ai
t08106 22 wiki.zip.aa.av
t08106 6 wiki.zip.aa.af
t08106 10 wiki.zip.aa.aj
t08106 23 wiki.zip.aa.aw
t08106 11 wiki.zip.aa.ak
t08106 7 wiki.zip.aa.ag
t08106 24 wiki.zip.aa.ax
t08106 12 wiki.zip.aa.al
t08106 25 wiki.zip.aa.ay
t08106 8 wiki.zip.aa.ah
t08106 13 wiki.zip.aa.am
t08106 9 wiki.zip.aa.ai
t08106 26 wiki.zip.aa.az
t08106 14 wiki.zip.aa.an
t08106 10 wiki.zip.aa.aj
t08106 27 wiki.zip.aa.ba
t08106 11 wiki.zip.aa.ak
t08106 15 wiki.zip.aa.ao
t08106 28 wiki.zip.aa.bb
t08106 12 wiki.zip.aa.al
t08106 16 wiki.zip.aa.ap
t08106 29 wiki.zip.aa.bc
t08106 13 wiki.zip.aa.am
t08106 17 wiki.zip.aa.aq
t08106 30 wiki.zip.aa.bd
t08106 18 wiki.zip.aa.ar
t08106 14 wiki.zip.aa.an
t08106 31 wiki.zip.aa.be
t08106 19 wiki.zip.aa.as
t08106 15 wiki.zip.aa.ao
t08106 32 wiki.zip.aa.bf
t08106 20 wiki.zip.aa.at
t08106 16 wiki.zip.aa.ap
t08106 33 wiki.zip.aa.bg
t08106 21 wiki.zip.aa.au
t08106 17 wiki.zip.aa.aq
t08106 34 wiki.zip.aa.bh
t08106 22 wiki.zip.aa.av
t08106 18 wiki.zip.aa.ar
t08106 35 wiki.zip.aa.bi
t08106 23 wiki.zip.aa.aw
t08106 19 wiki.zip.aa.as
t08106 36 wiki.zip.aa.bj
t08106 24 wiki.zip.aa.ax
t08106 37 wiki.zip.aa.bk
t08106 20 wiki.zip.aa.at
t08106 25 wiki.zip.aa.ay
t08106 21 wiki.zip.aa.au
t08106 38 wiki.zip.aa.bl
t08106 26 wiki.zip.aa.az
t08106 22 wiki.zip.aa.av
t08106 39 wiki.zip.aa.bm
t08106 27 wiki.zip.aa.ba
t08106 23 wiki.zip.aa.aw
t08106 40 wiki.zip.aa.bn
t08106 28 wiki.zip.aa.bb
t08106 24 wiki.zip.aa.ax
t08106 41 wiki.zip.aa.bo
t08106 29 wiki.zip.aa.bc
t08106 25 wiki.zip.aa.ay
t08106 42 wiki.zip.aa.bp
t08106 26 wiki.zip.aa.az
t08106 30 wiki.zip.aa.bd
t08106 43 wiki.zip.aa.bq
t08106 31 wiki.zip.aa.be
t08106 27 wiki.zip.aa.ba
t08106 44 wiki.zip.aa.br
t08106 28 wiki.zip.aa.bb
t08106 32 wiki.zip.aa.bf
t08106 45 wiki.zip.aa.bs
t08106 29 wiki.zip.aa.bc
t08106 33 wiki.zip.aa.bg
t08106 30 wiki.zip.aa.bd
t08106 46 wiki.zip.aa.bt
t08106 34 wiki.zip.aa.bh
t08106 31 wiki.zip.aa.be
t08106 47 wiki.zip.aa.bu
t08106 35 wiki.zip.aa.bi
t08106 48 wiki.zip.aa.bv
t08106 32 wiki.zip.aa.bf
t08106 36 wiki.zip.aa.bj
t08106 49 wiki.zip.aa.bw
t08106 37 wiki.zip.aa.bk
t08106 33 wiki.zip.aa.bg
t08106 50 wiki.zip.aa.bx
t08106 38 wiki.zip.aa.bl
t08106 34 wiki.zip.aa.bh
t08106 51 wiki.zip.aa.by
t08106 39 wiki.zip.aa.bm
t08106 35 wiki.zip.aa.bi
t08106 52 wiki.zip.aa.bz
t08106 40 wiki.zip.aa.bn
t08106 36 wiki.zip.aa.bj
t08106 53 wiki.zip.aa.ca
t08106 41 wiki.zip.aa.bo
t08106 37 wiki.zip.aa.bk
t08106 54 wiki.zip.ab.aa
t08106 42 wiki.zip.aa.bp
t08106 55 wiki.zip.ab.ab
t08106 38 wiki.zip.aa.bl
t08106 43 wiki.zip.aa.bq
t08106 56 wiki.zip.ab.ac
t08106 39 wiki.zip.aa.bm
t08106 44 wiki.zip.aa.br
t08106 57 wiki.zip.ab.ad
t08106 40 wiki.zip.aa.bn
t08106 45 wiki.zip.aa.bs
t08106 58 wiki.zip.ab.ae
t08106 41 wiki.zip.aa.bo
t08106 46 wiki.zip.aa.bt
t08106 59 wiki.zip.ab.af
t08106 42 wiki.zip.aa.bp
t08106 47 wiki.zip.aa.bu
t08106 60 wiki.zip.ab.ag
t08106 43 wiki.zip.aa.bq
t08106 48 wiki.zip.aa.bv
t08106 61 wiki.zip.ab.ah
t08106 49 wiki.zip.aa.bw
t08106 44 wiki.zip.aa.br
t08106 62 wiki.zip.ab.ai
t08106 50 wiki.zip.aa.bx
t08106 45 wiki.zip.aa.bs
t08106 63 wiki.zip.ab.aj
t08106 51 wiki.zip.aa.by
t08106 46 wiki.zip.aa.bt
t08106 64 wiki.zip.ab.ak
t08106 47 wiki.zip.aa.bu
t08106 52 wiki.zip.aa.bz
t08106 65 wiki.zip.ab.al
t08106 48 wiki.zip.aa.bv
t08106 53 wiki.zip.aa.ca
t08106 66 wiki.zip.ab.am
t08106 67 wiki.zip.ab.an
t08106 54 wiki.zip.ab.aa
t08106 49 wiki.zip.aa.bw
t08106 55 wiki.zip.ab.ab
t08106 68 wiki.zip.ab.ao
t08106 50 wiki.zip.aa.bx
t08106 56 wiki.zip.ab.ac
t08106 69 wiki.zip.ab.ap
t08106 51 wiki.zip.aa.by
t08106 70 wiki.zip.ab.aq
t08106 57 wiki.zip.ab.ad
t08106 52 wiki.zip.aa.bz
t08106 71 wiki.zip.ab.ar
t08106 58 wiki.zip.ab.ae
t08106 53 wiki.zip.aa.ca
t08106 72 wiki.zip.ab.as
t08106 59 wiki.zip.ab.af
t08106 54 wiki.zip.ab.aa
t08106 73 wiki.zip.ab.at
t08106 60 wiki.zip.ab.ag
t08106 55 wiki.zip.ab.ab
t08106 74 wiki.zip.ab.au
t08106 61 wiki.zip.ab.ah
t08106 56 wiki.zip.ab.ac
t08106 75 wiki.zip.ab.av
t08106 62 wiki.zip.ab.ai
t08106 57 wiki.zip.ab.ad
t08106 76 wiki.zip.ab.aw
t08106 63 wiki.zip.ab.aj
t08106 58 wiki.zip.ab.ae
t08106 77 wiki.zip.ab.ax
t08106 64 wiki.zip.ab.ak
t08106 59 wiki.zip.ab.af
t08106 78 wiki.zip.ab.ay
t08106 65 wiki.zip.ab.al
t08106 60 wiki.zip.ab.ag
t08106 79 wiki.zip.ab.az
t08106 66 wiki.zip.ab.am
t08106 61 wiki.zip.ab.ah
t08106 80 wiki.zip.ab.ba
t08106 62 wiki.zip.ab.ai
t08106 67 wiki.zip.ab.an
t08106 81 wiki.zip.ab.bb
t08106 63 wiki.zip.ab.aj
t08106 68 wiki.zip.ab.ao
t08106 82 wiki.zip.ab.bc
t08106 64 wiki.zip.ab.ak
t08106 83 wiki.zip.ab.bd
t08106 69 wiki.zip.ab.ap
t08106 70 wiki.zip.ab.aq
t08106 65 wiki.zip.ab.al
t08106 84 wiki.zip.ab.be
t08106 71 wiki.zip.ab.ar
t08106 66 wiki.zip.ab.am
t08106 85 wiki.zip.ab.bf
t08106 72 wiki.zip.ab.as
t08106 67 wiki.zip.ab.an
t08106 86 wiki.zip.ab.bg
t08106 73 wiki.zip.ab.at
t08106 68 wiki.zip.ab.ao
t08106 87 wiki.zip.ab.bh
t08106 74 wiki.zip.ab.au
t08106 69 wiki.zip.ab.ap
t08106 88 wiki.zip.ab.bi
t08106 70 wiki.zip.ab.aq
t08106 75 wiki.zip.ab.av
t08106 89 wiki.zip.ab.bj
t08106 71 wiki.zip.ab.ar
t08106 76 wiki.zip.ab.aw
t08106 90 wiki.zip.ab.bk
t08106 72 wiki.zip.ab.as
t08106 77 wiki.zip.ab.ax
t08106 91 wiki.zip.ab.bl
t08106 73 wiki.zip.ab.at
t08106 78 wiki.zip.ab.ay
t08106 92 wiki.zip.ab.bm
t08106 74 wiki.zip.ab.au
t08106 79 wiki.zip.ab.az
t08106 93 wiki.zip.ab.bn
t08106 75 wiki.zip.ab.av
t08106 80 wiki.zip.ab.ba
t08106 94 wiki.zip.ab.bo
t08106 76 wiki.zip.ab.aw
t08106 81 wiki.zip.ab.bb
t08106 95 wiki.zip.ab.bp
t08106 77 wiki.zip.ab.ax
t08106 82 wiki.zip.ab.bc
t08106 96 wiki.zip.ab.bq
t08106 78 wiki.zip.ab.ay
t08106 83 wiki.zip.ab.bd
t08106 97 wiki.zip.ab.br
t08106 79 wiki.zip.ab.az
t08106 84 wiki.zip.ab.be
t08106 98 wiki.zip.ab.bs
t08106 80 wiki.zip.ab.ba
t08106 85 wiki.zip.ab.bf
t08106 99 wiki.zip.ab.bt
t08106 81 wiki.zip.ab.bb
t08106 100 wiki.zip.ab.bu
t08106 86 wiki.zip.ab.bg
t08106 82 wiki.zip.ab.bc
t08106 87 wiki.zip.ab.bh
t08106 83 wiki.zip.ab.bd
t08106 101 wiki.zip.ab.bv
t08106 88 wiki.zip.ab.bi
t08106 84 wiki.zip.ab.be
t08106 102 wiki.zip.ab.bw
t08106 89 wiki.zip.ab.bj
t08106 103 wiki.zip.ab.bx
t08106 85 wiki.zip.ab.bf
t08106 90 wiki.zip.ab.bk
t08106 104 wiki.zip.ab.by
t08106 86 wiki.zip.ab.bg
t08106 91 wiki.zip.ab.bl
t08106 87 wiki.zip.ab.bh
t08106 105 wiki.zip.ab.bz
t08106 92 wiki.zip.ab.bm
t08106 88 wiki.zip.ab.bi
t08106 106 wiki.zip.ab.ca
t08106 93 wiki.zip.ab.bn
t08106 89 wiki.zip.ab.bj
t08106 107 wiki.zip.ac.aa
t08106 94 wiki.zip.ab.bo
t08106 90 wiki.zip.ab.bk
t08106 108 wiki.zip.ac.ab
t08106 95 wiki.zip.ab.bp
t08106 91 wiki.zip.ab.bl
t08106 109 wiki.zip.ac.ac
t08106 96 wiki.zip.ab.bq
t08106 92 wiki.zip.ab.bm
t08106 110 wiki.zip.ac.ad
t08106 97 wiki.zip.ab.br
t08106 93 wiki.zip.ab.bn
t08106 111 wiki.zip.ac.ae
t08106 98 wiki.zip.ab.bs
t08106 94 wiki.zip.ab.bo
t08106 112 wiki.zip.ac.af
t08106 99 wiki.zip.ab.bt
t08106 95 wiki.zip.ab.bp
t08106 113 wiki.zip.ac.ag
t08106 96 wiki.zip.ab.bq
t08106 100 wiki.zip.ab.bu
t08106 114 wiki.zip.ac.ah
t08106 97 wiki.zip.ab.br
t08106 101 wiki.zip.ab.bv
t08106 115 wiki.zip.ac.ai
t08106 98 wiki.zip.ab.bs
t08106 116 wiki.zip.ac.aj
t08106 102 wiki.zip.ab.bw
t08106 99 wiki.zip.ab.bt
t08106 117 wiki.zip.ac.ak
t08106 103 wiki.zip.ab.bx
t08106 100 wiki.zip.ab.bu
t08106 118 wiki.zip.ac.al
t08106 104 wiki.zip.ab.by
t08106 101 wiki.zip.ab.bv
t08106 119 wiki.zip.ac.am
t08106 105 wiki.zip.ab.bz
t08106 102 wiki.zip.ab.bw
t08106 120 wiki.zip.ac.an
t08106 106 wiki.zip.ab.ca
t08106 103 wiki.zip.ab.bx
t08106 107 wiki.zip.ac.aa
t08106 121 wiki.zip.ac.ao
t08106 104 wiki.zip.ab.by
t08106 122 wiki.zip.ac.ap
t08106 108 wiki.zip.ac.ab
t08106 105 wiki.zip.ab.bz
t08106 123 wiki.zip.ac.aq
t08106 109 wiki.zip.ac.ac
t08106 106 wiki.zip.ab.ca
t08106 124 wiki.zip.ac.ar
t08106 110 wiki.zip.ac.ad
t08106 107 wiki.zip.ac.aa
t08106 125 wiki.zip.ac.as
t08106 111 wiki.zip.ac.ae
t08106 108 wiki.zip.ac.ab
t08106 126 wiki.zip.ac.at
t08106 112 wiki.zip.ac.af
t08106 109 wiki.zip.ac.ac
t08106 127 wiki.zip.ac.au
t08106 113 wiki.zip.ac.ag
t08106 110 wiki.zip.ac.ad
t08106 128 wiki.zip.ac.av
t08106 114 wiki.zip.ac.ah
t08106 111 wiki.zip.ac.ae
t08106 129 wiki.zip.ac.aw
t08106 115 wiki.zip.ac.ai
t08106 130 wiki.zip.ac.ax
t08106 112 wiki.zip.ac.af
t08106 116 wiki.zip.ac.aj
t08106 131 wiki.zip.ac.ay
t08106 113 wiki.zip.ac.ag
t08106 117 wiki.zip.ac.ak
t08106 132 wiki.zip.ac.az
t08106 114 wiki.zip.ac.ah
t08106 118 wiki.zip.ac.al
t08106 133 wiki.zip.ac.ba
t08106 115 wiki.zip.ac.ai
t08106 119 wiki.zip.ac.am
t08106 134 wiki.zip.ac.bb
t08106 116 wiki.zip.ac.aj
t08106 120 wiki.zip.ac.an
t08106 135 wiki.zip.ac.bc
t08106 117 wiki.zip.ac.ak
t08106 121 wiki.zip.ac.ao
t08106 136 wiki.zip.ac.bd
t08106 118 wiki.zip.ac.al
t08106 122 wiki.zip.ac.ap
t08106 137 wiki.zip.ac.be
t08106 119 wiki.zip.ac.am
t08106 123 wiki.zip.ac.aq
t08106 138 wiki.zip.ac.bf
t08106 120 wiki.zip.ac.an
t08106 124 wiki.zip.ac.ar
t08106 121 wiki.zip.ac.ao
t08106 139 wiki.zip.ac.bg
t08106 125 wiki.zip.ac.as
t08106 122 wiki.zip.ac.ap
t08106 140 wiki.zip.ac.bh
t08106 126 wiki.zip.ac.at
t08106 123 wiki.zip.ac.aq
t08106 141 wiki.zip.ac.bi
t08106 127 wiki.zip.ac.au
t08106 142 wiki.zip.ac.bj
t08106 124 wiki.zip.ac.ar
t08106 128 wiki.zip.ac.av
t08106 129 wiki.zip.ac.aw
t08106 125 wiki.zip.ac.as
t08106 143 wiki.zip.ac.bk
t08106 126 wiki.zip.ac.at
t08106 130 wiki.zip.ac.ax
t08106 144 wiki.zip.ac.bl
t08106 127 wiki.zip.ac.au
t08106 131 wiki.zip.ac.ay
t08106 145 wiki.zip.ac.bm
t08106 128 wiki.zip.ac.av
t08106 132 wiki.zip.ac.az
t08106 146 wiki.zip.ac.bn
t08106 129 wiki.zip.ac.aw
t08106 133 wiki.zip.ac.ba
t08106 147 wiki.zip.ac.bo
t08106 130 wiki.zip.ac.ax
t08106 134 wiki.zip.ac.bb
t08106 148 wiki.zip.ac.bp
t08106 135 wiki.zip.ac.bc
t08106 131 wiki.zip.ac.ay
t08106 149 wiki.zip.ac.bq
t08106 136 wiki.zip.ac.bd
t08106 132 wiki.zip.ac.az
t08106 150 wiki.zip.ac.br
t08106 137 wiki.zip.ac.be
t08106 133 wiki.zip.ac.ba
t08106 151 wiki.zip.ac.bs
t08106 138 wiki.zip.ac.bf
t08106 134 wiki.zip.ac.bb
t08106 152 wiki.zip.ac.bt
t08106 139 wiki.zip.ac.bg
t08106 135 wiki.zip.ac.bc
t08106 153 wiki.zip.ac.bu
t08106 140 wiki.zip.ac.bh
t08106 136 wiki.zip.ac.bd
t08106 154 wiki.zip.ac.bv
t08106 141 wiki.zip.ac.bi
t08106 137 wiki.zip.ac.be
t08106 155 wiki.zip.ac.bw
t08106 138 wiki.zip.ac.bf
t08106 142 wiki.zip.ac.bj
t08106 156 wiki.zip.ac.bx
t08106 139 wiki.zip.ac.bg
t08106 143 wiki.zip.ac.bk
t08106 157 wiki.zip.ac.by
t08106 140 wiki.zip.ac.bh
t08106 144 wiki.zip.ac.bl
t08106 158 wiki.zip.ac.bz
t08106 141 wiki.zip.ac.bi
t08106 159 wiki.zip.ac.ca
t08106 145 wiki.zip.ac.bm
t08106 142 wiki.zip.ac.bj
t08106 160 wiki.zip.ad.aa
t08106 146 wiki.zip.ac.bn
t08106 143 wiki.zip.ac.bk
t08106 161 wiki.zip.ad.ab
t08106 147 wiki.zip.ac.bo
t08106 144 wiki.zip.ac.bl
t08106 162 wiki.zip.ad.ac
t08106 148 wiki.zip.ac.bp
t08106 145 wiki.zip.ac.bm
t08106 163 wiki.zip.ad.ad
t08106 149 wiki.zip.ac.bq
t08106 146 wiki.zip.ac.bn
t08106 164 wiki.zip.ad.ae
t08106 150 wiki.zip.ac.br
t08106 147 wiki.zip.ac.bo
t08106 165 wiki.zip.ad.af
t08106 151 wiki.zip.ac.bs
t08106 148 wiki.zip.ac.bp
t08106 152 wiki.zip.ac.bt
t08106 166 wiki.zip.ad.ag
t08106 149 wiki.zip.ac.bq
t08106 167 wiki.zip.ad.ah
t08106 153 wiki.zip.ac.bu
t08106 150 wiki.zip.ac.br
t08106 168 wiki.zip.ad.ai
t08106 154 wiki.zip.ac.bv
t08106 151 wiki.zip.ac.bs
t08106 169 wiki.zip.ad.aj
t08106 155 wiki.zip.ac.bw
t08106 152 wiki.zip.ac.bt
t08106 170 wiki.zip.ad.ak
t08106 156 wiki.zip.ac.bx
t08106 153 wiki.zip.ac.bu
t08106 171 wiki.zip.ad.al
t08106 157 wiki.zip.ac.by
t08106 154 wiki.zip.ac.bv
t08106 172 wiki.zip.ad.am
t08106 158 wiki.zip.ac.bz
t08106 155 wiki.zip.ac.bw
t08106 173 wiki.zip.ad.an
t08106 159 wiki.zip.ac.ca
t08106 174 wiki.zip.ad.ao
t08106 160 wiki.zip.ad.aa
t08106 156 wiki.zip.ac.bx
t08106 175 wiki.zip.ad.ap
t08106 161 wiki.zip.ad.ab
t08106 157 wiki.zip.ac.by
t08106 176 wiki.zip.ad.aq
t08106 162 wiki.zip.ad.ac
t08106 158 wiki.zip.ac.bz
t08106 177 wiki.zip.ad.ar
t08106 163 wiki.zip.ad.ad
t08106 159 wiki.zip.ac.ca
t08106 178 wiki.zip.ad.as
t08106 164 wiki.zip.ad.ae
t08106 160 wiki.zip.ad.aa
t08106 179 wiki.zip.ad.at
t08106 165 wiki.zip.ad.af
t08106 161 wiki.zip.ad.ab
t08106 180 wiki.zip.ad.au
t08106 166 wiki.zip.ad.ag
t08106 162 wiki.zip.ad.ac
t08106 181 wiki.zip.ad.av
t08106 167 wiki.zip.ad.ah
t08106 163 wiki.zip.ad.ad
t08106 182 wiki.zip.ad.aw
t08106 168 wiki.zip.ad.ai
t08106 164 wiki.zip.ad.ae
t08106 169 wiki.zip.ad.aj
t08106 183 wiki.zip.ad.ax
t08106 165 wiki.zip.ad.af
t08106 170 wiki.zip.ad.ak
t08106 184 wiki.zip.ad.ay
t08106 171 wiki.zip.ad.al
t08106 166 wiki.zip.ad.ag
t08106 185 wiki.zip.ad.az
t08106 172 wiki.zip.ad.am
t08106 167 wiki.zip.ad.ah
t08106 186 wiki.zip.ad.ba
t08106 173 wiki.zip.ad.an
t08106 168 wiki.zip.ad.ai
t08106 187 wiki.zip.ad.bb
t08106 174 wiki.zip.ad.ao
t08106 169 wiki.zip.ad.aj
t08106 188 wiki.zip.ad.bc
t08106 175 wiki.zip.ad.ap
t08106 170 wiki.zip.ad.ak
t08106 189 wiki.zip.ad.bd
t08106 176 wiki.zip.ad.aq
t08106 171 wiki.zip.ad.al
t08106 190 wiki.zip.ad.be
t08106 177 wiki.zip.ad.ar
t08106 172 wiki.zip.ad.am
t08106 191 wiki.zip.ad.bf
t08106 173 wiki.zip.ad.an
t08106 178 wiki.zip.ad.as
t08106 192 wiki.zip.ad.bg
t08106 179 wiki.zip.ad.at
t08106 174 wiki.zip.ad.ao
t08106 180 wiki.zip.ad.au
t08106 193 wiki.zip.ad.bh
t08106 175 wiki.zip.ad.ap
t08106 181 wiki.zip.ad.av
t08106 194 wiki.zip.ad.bi
t08106 176 wiki.zip.ad.aq
t08106 182 wiki.zip.ad.aw
t08106 195 wiki.zip.ad.bj
t08106 177 wiki.zip.ad.ar
t08106 183 wiki.zip.ad.ax
t08106 196 wiki.zip.ad.bk
t08106 178 wiki.zip.ad.as
t08106 184 wiki.zip.ad.ay
t08106 197 wiki.zip.ad.bl
t08106 179 wiki.zip.ad.at
t08106 185 wiki.zip.ad.az
t08106 198 wiki.zip.ad.bm
t08106 180 wiki.zip.ad.au
t08106 186 wiki.zip.ad.ba
t08106 199 wiki.zip.ad.bn
t08106 181 wiki.zip.ad.av
t08106 187 wiki.zip.ad.bb
t08106 200 wiki.zip.ad.bo
t08106 182 wiki.zip.ad.aw
t08106 188 wiki.zip.ad.bc
t08106 201 wiki.zip.ad.bp
t08106 183 wiki.zip.ad.ax
t08106 189 wiki.zip.ad.bd
t08106 202 wiki.zip.ad.bq
t08106 184 wiki.zip.ad.ay
t08106 190 wiki.zip.ad.be
t08106 203 wiki.zip.ad.br
t08106 185 wiki.zip.ad.az
t08106 191 wiki.zip.ad.bf
t08106 204 wiki.zip.ad.bs
t08106 186 wiki.zip.ad.ba
t08106 192 wiki.zip.ad.bg
t08106 205 wiki.zip.ad.bt
t08106 187 wiki.zip.ad.bb
t08106 193 wiki.zip.ad.bh
t08106 206 wiki.zip.ad.bu
t08106 188 wiki.zip.ad.bc
t08106 194 wiki.zip.ad.bi
t08106 207 wiki.zip.ad.bv
t08106 189 wiki.zip.ad.bd
t08106 208 wiki.zip.ad.bw
t08106 195 wiki.zip.ad.bj
t08106 190 wiki.zip.ad.be
t08106 196 wiki.zip.ad.bk
t08106 209 wiki.zip.ad.bx
t08106 191 wiki.zip.ad.bf
t08106 197 wiki.zip.ad.bl
t08106 210 wiki.zip.ad.by
t08106 192 wiki.zip.ad.bg
t08106 198 wiki.zip.ad.bm
t08106 211 wiki.zip.ad.bz
t08106 193 wiki.zip.ad.bh
t08106 199 wiki.zip.ad.bn
t08106 212 wiki.zip.ad.ca
t08106 194 wiki.zip.ad.bi
t08106 200 wiki.zip.ad.bo
t08106 213 wiki.zip.ae.aa
t08106 195 wiki.zip.ad.bj
t08106 201 wiki.zip.ad.bp
t08106 214 wiki.zip.ae.ab
t08106 196 wiki.zip.ad.bk
t08106 202 wiki.zip.ad.bq
t08106 215 wiki.zip.ae.ac
t08106 197 wiki.zip.ad.bl
t08106 203 wiki.zip.ad.br
t08106 216 wiki.zip.ae.ad
t08106 198 wiki.zip.ad.bm
t08106 204 wiki.zip.ad.bs
t08106 217 wiki.zip.ae.ae
t08106 199 wiki.zip.ad.bn
t08106 205 wiki.zip.ad.bt
t08106 218 wiki.zip.ae.af
t08106 206 wiki.zip.ad.bu
t08106 200 wiki.zip.ad.bo
t08106 219 wiki.zip.ae.ag
t08106 201 wiki.zip.ad.bp
t08106 207 wiki.zip.ad.bv
t08106 220 wiki.zip.ae.ah
t08106 202 wiki.zip.ad.bq
t08106 221 wiki.zip.ae.ai
t08106 208 wiki.zip.ad.bw
t08106 203 wiki.zip.ad.br
t08106 222 wiki.zip.ae.aj
t08106 209 wiki.zip.ad.bx
t08106 204 wiki.zip.ad.bs
t08106 223 wiki.zip.ae.ak
t08106 210 wiki.zip.ad.by
t08106 205 wiki.zip.ad.bt
t08106 224 wiki.zip.ae.al
t08106 211 wiki.zip.ad.bz
t08106 206 wiki.zip.ad.bu
t08106 225 wiki.zip.ae.am
t08106 212 wiki.zip.ad.ca
t08106 207 wiki.zip.ad.bv
t08106 226 wiki.zip.ae.an
t08106 213 wiki.zip.ae.aa
t08106 227 wiki.zip.ae.ao
t08106 208 wiki.zip.ad.bw
t08106 228 wiki.zip.ae.ap
t08106 214 wiki.zip.ae.ab
t08106 209 wiki.zip.ad.bx
t08106 210 wiki.zip.ad.by
t08106 229 wiki.zip.ae.aq
t08106 215 wiki.zip.ae.ac
t08106 211 wiki.zip.ad.bz
t08106 216 wiki.zip.ae.ad
t08106 230 wiki.zip.ae.ar
t08106 217 wiki.zip.ae.ae
t08106 212 wiki.zip.ad.ca
t08106 231 wiki.zip.ae.as
t08106 213 wiki.zip.ae.aa
t08106 218 wiki.zip.ae.af
t08106 232 wiki.zip.ae.at
t08106 214 wiki.zip.ae.ab
t08106 219 wiki.zip.ae.ag
t08106 233 wiki.zip.ae.au
t08106 215 wiki.zip.ae.ac
t08106 220 wiki.zip.ae.ah
t08106 234 wiki.zip.ae.av
t08106 216 wiki.zip.ae.ad
t08106 221 wiki.zip.ae.ai
t08106 235 wiki.zip.ae.aw
t08106 222 wiki.zip.ae.aj
t08106 217 wiki.zip.ae.ae
t08106 236 wiki.zip.ae.ax
t08106 223 wiki.zip.ae.ak
t08106 218 wiki.zip.ae.af
t08106 237 wiki.zip.ae.ay
t08106 224 wiki.zip.ae.al
t08106 219 wiki.zip.ae.ag
t08106 238 wiki.zip.ae.az
t08106 220 wiki.zip.ae.ah
t08106 225 wiki.zip.ae.am
t08106 239 wiki.zip.ae.ba
t08106 221 wiki.zip.ae.ai
t08106 226 wiki.zip.ae.an
t08106 240 wiki.zip.ae.bb
t08106 222 wiki.zip.ae.aj
t08106 227 wiki.zip.ae.ao
t08106 241 wiki.zip.ae.bc
t08106 223 wiki.zip.ae.ak
t08106 228 wiki.zip.ae.ap
t08106 242 wiki.zip.ae.bd
t08106 229 wiki.zip.ae.aq
t08106 224 wiki.zip.ae.al
t08106 243 wiki.zip.ae.be
t08106 230 wiki.zip.ae.ar
t08106 225 wiki.zip.ae.am
t08106 244 wiki.zip.ae.bf
t08106 231 wiki.zip.ae.as
t08106 245 wiki.zip.ae.bg
t08106 226 wiki.zip.ae.an
t08106 232 wiki.zip.ae.at
t08106 246 wiki.zip.ae.bh
t08106 227 wiki.zip.ae.ao
t08106 233 wiki.zip.ae.au
t08106 247 wiki.zip.ae.bi
t08106 228 wiki.zip.ae.ap
t08106 234 wiki.zip.ae.av
t08106 229 wiki.zip.ae.aq
t08106 248 wiki.zip.ae.bj
t08106 235 wiki.zip.ae.aw
t08106 230 wiki.zip.ae.ar
t08106 249 wiki.zip.ae.bk
t08106 236 wiki.zip.ae.ax
t08106 231 wiki.zip.ae.as
t08106 250 wiki.zip.ae.bl
t08106 237 wiki.zip.ae.ay
t08106 232 wiki.zip.ae.at
t08106 251 wiki.zip.ae.bm
t08106 238 wiki.zip.ae.az
t08106 233 wiki.zip.ae.au
t08106 252 wiki.zip.ae.bn
t08106 239 wiki.zip.ae.ba
t08106 234 wiki.zip.ae.av
t08106 253 wiki.zip.ae.bo
t08106 240 wiki.zip.ae.bb
t08106 254 wiki.zip.ae.bp
t08106 241 wiki.zip.ae.bc
t08106 235 wiki.zip.ae.aw
t08106 242 wiki.zip.ae.bd
t08106 255 wiki.zip.ae.bq
t08106 236 wiki.zip.ae.ax
t08106 243 wiki.zip.ae.be
t08106 256 wiki.zip.ae.br
t08106 237 wiki.zip.ae.ay
t08106 244 wiki.zip.ae.bf
t08106 257 wiki.zip.ae.bs
t08106 238 wiki.zip.ae.az
t08106 258 wiki.zip.ae.bt
t08106 245 wiki.zip.ae.bg
t08106 239 wiki.zip.ae.ba
t08106 259 wiki.zip.ae.bu
t08106 246 wiki.zip.ae.bh
t08106 240 wiki.zip.ae.bb
t08106 260 wiki.zip.ae.bv
t08106 247 wiki.zip.ae.bi
t08106 241 wiki.zip.ae.bc
t08106 261 wiki.zip.ae.bw
t08106 242 wiki.zip.ae.bd
t08106 248 wiki.zip.ae.bj
t08106 262 wiki.zip.ae.bx
t08106 243 wiki.zip.ae.be
t08106 249 wiki.zip.ae.bk
t08106 263 wiki.zip.ae.by
t08106 250 wiki.zip.ae.bl
t08106 244 wiki.zip.ae.bf
t08106 264 wiki.zip.ae.bz
t08106 251 wiki.zip.ae.bm
t08106 245 wiki.zip.ae.bg
t08106 265 wiki.zip.ae.ca
t08106 252 wiki.zip.ae.bn
t08106 246 wiki.zip.ae.bh
t08106 266 wiki.zip.af.aa
t08106 253 wiki.zip.ae.bo
t08106 247 wiki.zip.ae.bi
t08106 267 wiki.zip.af.ab
t08106 254 wiki.zip.ae.bp
t08106 248 wiki.zip.ae.bj
t08106 268 wiki.zip.af.ac
t08106 255 wiki.zip.ae.bq
t08106 269 wiki.zip.af.ad
t08106 249 wiki.zip.ae.bk
t08106 256 wiki.zip.ae.br
t08106 270 wiki.zip.af.ae
t08106 250 wiki.zip.ae.bl
t08106 257 wiki.zip.ae.bs
t08106 271 wiki.zip.af.af
t08106 251 wiki.zip.ae.bm
t08106 272 wiki.zip.af.ag
t08106 258 wiki.zip.ae.bt
t08106 252 wiki.zip.ae.bn
t08106 273 wiki.zip.af.ah
t08106 259 wiki.zip.ae.bu
t08106 253 wiki.zip.ae.bo
t08106 274 wiki.zip.af.ai
t08106 260 wiki.zip.ae.bv
t08106 275 wiki.zip.af.aj
t08106 254 wiki.zip.ae.bp
t08106 261 wiki.zip.ae.bw
t08106 276 wiki.zip.af.ak
t08106 255 wiki.zip.ae.bq
t08106 277 wiki.zip.af.al
t08106 262 wiki.zip.ae.bx
t08106 256 wiki.zip.ae.br
t08106 278 wiki.zip.af.am
t08106 263 wiki.zip.ae.by
t08106 257 wiki.zip.ae.bs
t08106 279 wiki.zip.af.an
t08106 264 wiki.zip.ae.bz
t08106 258 wiki.zip.ae.bt
t08106 280 wiki.zip.af.ao
t08106 259 wiki.zip.ae.bu
t08106 265 wiki.zip.ae.ca
t08106 281 wiki.zip.af.ap
t08106 260 wiki.zip.ae.bv
t08106 266 wiki.zip.af.aa
t08106 261 wiki.zip.ae.bw
t08106 282 wiki.zip.af.aq
t08106 267 wiki.zip.af.ab
t08106 262 wiki.zip.ae.bx
t08106 283 wiki.zip.af.ar
t08106 268 wiki.zip.af.ac
t08106 263 wiki.zip.ae.by
t08106 269 wiki.zip.af.ad
t08106 284 wiki.zip.af.as
t08106 264 wiki.zip.ae.bz
t08106 270 wiki.zip.af.ae
t08106 285 wiki.zip.af.at
t08106 265 wiki.zip.ae.ca
t08106 271 wiki.zip.af.af
t08106 286 wiki.zip.af.au
t08106 266 wiki.zip.af.aa
t08106 272 wiki.zip.af.ag
t08106 287 wiki.zip.af.av
t08106 267 wiki.zip.af.ab
t08106 273 wiki.zip.af.ah
t08106 288 wiki.zip.af.aw
t08106 268 wiki.zip.af.ac
t08106 274 wiki.zip.af.ai
t08106 289 wiki.zip.af.ax
t08106 275 wiki.zip.af.aj
t08106 269 wiki.zip.af.ad
t08106 290 wiki.zip.af.ay
t08106 276 wiki.zip.af.ak
t08106 270 wiki.zip.af.ae
t08106 291 wiki.zip.af.az
t08106 277 wiki.zip.af.al
t08106 271 wiki.zip.af.af
t08106 292 wiki.zip.af.ba
t08106 278 wiki.zip.af.am
t08106 272 wiki.zip.af.ag
t08106 293 wiki.zip.af.bb
t08106 279 wiki.zip.af.an
t08106 273 wiki.zip.af.ah
t08106 274 wiki.zip.af.ai
t08106 294 wiki.zip.af.bc
t08106 280 wiki.zip.af.ao
t08106 295 wiki.zip.af.bd
t08106 275 wiki.zip.af.aj
t08106 281 wiki.zip.af.ap
t08106 296 wiki.zip.af.be
t08106 276 wiki.zip.af.ak
t08106 282 wiki.zip.af.aq
t08106 277 wiki.zip.af.al
t08106 297 wiki.zip.af.bf
t08106 283 wiki.zip.af.ar
t08106 298 wiki.zip.af.bg
t08106 278 wiki.zip.af.am
t08106 299 wiki.zip.af.bh
t08106 284 wiki.zip.af.as
t08106 279 wiki.zip.af.an
t08106 285 wiki.zip.af.at
t08106 300 wiki.zip.af.bi
t08106 280 wiki.zip.af.ao
t08106 286 wiki.zip.af.au
t08106 301 wiki.zip.af.bj
t08106 281 wiki.zip.af.ap
t08106 287 wiki.zip.af.av
t08106 302 wiki.zip.af.bk
t08106 282 wiki.zip.af.aq
t08106 288 wiki.zip.af.aw
t08106 303 wiki.zip.af.bl
t08106 283 wiki.zip.af.ar
t08106 289 wiki.zip.af.ax
t08106 304 wiki.zip.af.bm
t08106 284 wiki.zip.af.as
t08106 290 wiki.zip.af.ay
t08106 305 wiki.zip.af.bn
t08106 285 wiki.zip.af.at
t08106 291 wiki.zip.af.az
t08106 306 wiki.zip.af.bo
t08106 286 wiki.zip.af.au
t08106 307 wiki.zip.af.bp
t08106 292 wiki.zip.af.ba
t08106 287 wiki.zip.af.av
t08106 308 wiki.zip.af.bq
t08106 293 wiki.zip.af.bb
t08106 288 wiki.zip.af.aw
t08106 294 wiki.zip.af.bc
t08106 309 wiki.zip.af.br
t08106 289 wiki.zip.af.ax
t08106 310 wiki.zip.af.bs
t08106 295 wiki.zip.af.bd
t08106 290 wiki.zip.af.ay
t08106 311 wiki.zip.af.bt
t08106 296 wiki.zip.af.be
t08106 291 wiki.zip.af.az
t08106 312 wiki.zip.af.bu
t08106 297 wiki.zip.af.bf
t08106 298 wiki.zip.af.bg
t08106 292 wiki.zip.af.ba
t08106 313 wiki.zip.af.bv
t08106 299 wiki.zip.af.bh
t08106 293 wiki.zip.af.bb
t08106 314 wiki.zip.af.bw
t08106 300 wiki.zip.af.bi
t08106 294 wiki.zip.af.bc
t08106 315 wiki.zip.af.bx
t08106 301 wiki.zip.af.bj
t08106 316 wiki.zip.af.by
t08106 295 wiki.zip.af.bd
t08106 302 wiki.zip.af.bk
t08106 317 wiki.zip.af.bz
t08106 296 wiki.zip.af.be
t08106 318 wiki.zip.af.ca
t08106 303 wiki.zip.af.bl
t08106 297 wiki.zip.af.bf
t08106 304 wiki.zip.af.bm
t08106 319 wiki.zip.ag.aa
t08106 298 wiki.zip.af.bg
t08106 305 wiki.zip.af.bn
t08106 320 wiki.zip.ag.ab
t08106 299 wiki.zip.af.bh
t08106 306 wiki.zip.af.bo
t08106 321 wiki.zip.ag.ac
t08106 300 wiki.zip.af.bi
t08106 307 wiki.zip.af.bp
t08106 322 wiki.zip.ag.ad
t08106 301 wiki.zip.af.bj
t08106 323 wiki.zip.ag.ae
t08106 308 wiki.zip.af.bq
t08106 302 wiki.zip.af.bk
t08106 309 wiki.zip.af.br
t08106 324 wiki.zip.ag.af
t08106 303 wiki.zip.af.bl
t08106 310 wiki.zip.af.bs
t08106 325 wiki.zip.ag.ag
t08106 304 wiki.zip.af.bm
t08106 326 wiki.zip.ag.ah
t08106 311 wiki.zip.af.bt
t08106 305 wiki.zip.af.bn
t08106 312 wiki.zip.af.bu
t08106 327 wiki.zip.ag.ai
t08106 306 wiki.zip.af.bo
t08106 313 wiki.zip.af.bv
t08106 328 wiki.zip.ag.aj
t08106 329 wiki.zip.ag.ak
t08106 307 wiki.zip.af.bp
t08106 314 wiki.zip.af.bw
t08106 308 wiki.zip.af.bq
t08106 330 wiki.zip.ag.al
t08106 315 wiki.zip.af.bx
t08106 331 wiki.zip.ag.am
t08106 309 wiki.zip.af.br
t08106 316 wiki.zip.af.by
t08106 317 wiki.zip.af.bz
t08106 310 wiki.zip.af.bs
t08106 332 wiki.zip.ag.an
t08106 318 wiki.zip.af.ca
t08106 311 wiki.zip.af.bt
t08106 333 wiki.zip.ag.ao
t08106 319 wiki.zip.ag.aa
t08106 334 wiki.zip.ag.ap
t08106 312 wiki.zip.af.bu
t08106 335 wiki.zip.ag.aq
t08106 320 wiki.zip.ag.ab
t08106 313 wiki.zip.af.bv
t08106 336 wiki.zip.ag.ar
t08106 321 wiki.zip.ag.ac
t08106 314 wiki.zip.af.bw
t08106 337 wiki.zip.ag.as
t08106 322 wiki.zip.ag.ad
t08106 315 wiki.zip.af.bx
t08106 338 wiki.zip.ag.at
t08106 323 wiki.zip.ag.ae
t08106 339 wiki.zip.ag.au
t08106 316 wiki.zip.af.by
t08106 317 wiki.zip.af.bz
t08106 324 wiki.zip.ag.af
t08106 340 wiki.zip.ag.av
t08106 318 wiki.zip.af.ca
t08106 325 wiki.zip.ag.ag
t08106 341 wiki.zip.ag.aw
t08106 319 wiki.zip.ag.aa
t08106 326 wiki.zip.ag.ah
t08106 342 wiki.zip.ag.ax
t08106 320 wiki.zip.ag.ab
t08106 343 wiki.zip.ag.ay
t08106 327 wiki.zip.ag.ai
t08106 321 wiki.zip.ag.ac
t08106 344 wiki.zip.ag.az
t08106 328 wiki.zip.ag.aj
t08106 322 wiki.zip.ag.ad
t08106 345 wiki.zip.ag.ba
t08106 329 wiki.zip.ag.ak
t08106 323 wiki.zip.ag.ae
t08106 346 wiki.zip.ag.bb
t08106 330 wiki.zip.ag.al
t08106 324 wiki.zip.ag.af
t08106 347 wiki.zip.ag.bc
t08106 331 wiki.zip.ag.am
t08106 325 wiki.zip.ag.ag
t08106 348 wiki.zip.ag.bd
t08106 332 wiki.zip.ag.an
t08106 349 wiki.zip.ag.be
t08106 326 wiki.zip.ag.ah
t08106 333 wiki.zip.ag.ao
t08106 327 wiki.zip.ag.ai
t08106 350 wiki.zip.ag.bf
t08106 334 wiki.zip.ag.ap
t08106 328 wiki.zip.ag.aj
t08106 351 wiki.zip.ag.bg
t08106 335 wiki.zip.ag.aq
t08106 329 wiki.zip.ag.ak
t08106 336 wiki.zip.ag.ar
t08106 352 wiki.zip.ag.bh
