{"jsonrpc":"2.0","result":{"Err":"","Root":{"/":"QmeVdFidDdoNoAEQxyhh3yAHgS2QP11PM4Ua6pgFpRAsMJ"},"Piece":null,"Size":134217728,"MinPrice":"268435456","UnsealPrice":"0","PaymentInterval":1048576,"PaymentIntervalIncrease":1048576,"Miner":"f04277","MinerPeer":{"Address":"f05317","ID":"12D3KooWJzcHitRmzEkZPCzuUNftJGK7GwNLUJm3aMPythyngb4y","PieceCID":null}},"id":1}
> Recv: 0 B, Paid 0 FIL, ClientEventOpen (DealStatusNew)
> Recv: 0 B, Paid 0 FIL, ClientEventDealProposed (DealStatusWaitForAcceptance)
> Recv: 0 B, Paid 0 FIL, ClientEventDealAccepted (DealStatusAccepted)
> Recv: 0 B, Paid 0 FIL, ClientEventPaymentChannelAddingFunds (DealStatusPaymentChannelAllocatingLane)
> Recv: 0 B, Paid 0 FIL, ClientEventLaneAllocated (DealStatusOngoing)
> Recv: 1.502 KiB, Paid 0 FIL, ClientEventBlocksReceived (DealStatusOngoing)
> Recv: 2.448 KiB, Paid 0 FIL, ClientEventBlocksReceived (DealStatusOngoing)
> Recv: 258.5 KiB, Paid 0 FIL, ClientEventBlocksReceived (DealStatusOngoing)
> Recv: 514.5 KiB, Paid 0 FIL, ClientEventBlocksReceived (DealStatusOngoing)
> Recv: 770.5 KiB, Paid 0 FIL, ClientEventBlocksReceived (DealStatusOngoing)
> Recv: 770.5 KiB, Paid 0 FIL, ClientEventPaymentRequested (DealStatusFundsNeeded)
> Recv: 1.002 MiB, Paid 0 FIL, ClientEventBlocksReceived (DealStatusFundsNeeded)
> Recv: 1.002 MiB, Paid 0 FIL, ClientEventSendFunds (DealStatusSendFunds)
> Recv: 1.002 MiB, Paid 0.000000000002102278 FIL, ClientEventPaymentSent (DealStatusOngoing)
> Recv: 1.252 MiB, Paid 0.000000000002102278 FIL, ClientEventBlocksReceived (DealStatusOngoing)
> Recv: 1.502 MiB, Paid 0.000000000002102278 FIL, ClientEventBlocksReceived (DealStatusOngoing)
> Recv: 1.752 MiB, Paid 0.000000000002102278 FIL, ClientEventBlocksReceived (DealStatusOngoing)
> Recv: 2.002 MiB, Paid 0.000000000002102278 FIL, ClientEventBlocksReceived (DealStatusOngoing)
> Recv: 2.253 MiB, Paid 0.000000000002102278 FIL, ClientEventBlocksReceived (DealStatusOngoing)
> Recv: 2.253 MiB, Paid 0.000000000002102278 FIL, ClientEventPaymentRequested (DealStatusFundsNeeded)
> Recv: 2.503 MiB, Paid 0.000000000002102278 FIL, ClientEventBlocksReceived (DealStatusFundsNeeded)
> Recv: 2.753 MiB, Paid 0.000000000002102278 FIL, ClientEventBlocksReceived (DealStatusFundsNeeded)
> Recv: 3.003 MiB, Paid 0.000000000002102278 FIL, ClientEventBlocksReceived (DealStatusFundsNeeded)
> Recv: 3.003 MiB, Paid 0.000000000002102278 FIL, ClientEventSendFunds (DealStatusSendFunds)
> Recv: 3.003 MiB, Paid 0.000000000006296806 FIL, ClientEventPaymentSent (DealStatusOngoing)
> Recv: 3.253 MiB, Paid 0.000000000006296806 FIL, ClientEventBlocksReceived (DealStatusOngoing)
> Recv: 3.503 MiB, Paid 0.000000000006296806 FIL, ClientEventBlocksReceived (DealStatusOngoing)
> Recv: 3.753 MiB, Paid 0.000000000006296806 FIL, ClientEventBlocksReceived (DealStatusOngoing)
> Recv: 4.003 MiB, Paid 0.000000000006296806 FIL, ClientEventBlocksReceived (DealStatusOngoing)
> Recv: 4.253 MiB, Paid 0.000000000006296806 FIL, ClientEventBlocksReceived (DealStatusOngoing)
> Recv: 4.503 MiB, Paid 0.000000000006296806 FIL, ClientEventBlocksReceived (DealStatusOngoing)
> Recv: 4.753 MiB, Paid 0.000000000006296806 FIL, ClientEventBlocksReceived (DealStatusOngoing)
> Recv: 4.771 MiB, Paid 0.000000000006296806 FIL, ClientEventBlocksReceived (DealStatusOngoing)
> Recv: 4.772 MiB, Paid 0.000000000006296806 FIL, ClientEventBlocksReceived (DealStatusOngoing)
> Recv: 5.022 MiB, Paid 0.000000000006296806 FIL, ClientEventBlocksReceived (DealStatusOngoing)
> Recv: 5.272 MiB, Paid 0.000000000006296806 FIL, ClientEventBlocksReceived (DealStatusOngoing)
> Recv: 5.522 MiB, Paid 0.000000000006296806 FIL, ClientEventBlocksReceived (DealStatusOngoing)
> Recv: 5.522 MiB, Paid 0.000000000006296806 FIL, ClientEventPaymentRequested (DealStatusFundsNeeded)
> Recv: 5.772 MiB, Paid 0.000000000006296806 FIL, ClientEventBlocksReceived (DealStatusFundsNeeded)
> Recv: 6.022 MiB, Paid 0.000000000006296806 FIL, ClientEventBlocksReceived (DealStatusFundsNeeded)
> Recv: 6.022 MiB, Paid 0.000000000006296806 FIL, ClientEventSendFunds (DealStatusSendFunds)
> Recv: 6.022 MiB, Paid 0.000000000012629092 FIL, ClientEventPaymentSent (DealStatusOngoing)
> Recv: 6.272 MiB, Paid 0.000000000012629092 FIL, ClientEventBlocksReceived (DealStatusOngoing)
> Recv: 6.522 MiB, Paid 0.000000000012629092 FIL, ClientEventBlocksReceived (DealStatusOngoing)
> Recv: 6.772 MiB, Paid 0.000000000012629092 FIL, ClientEventBlocksReceived (DealStatusOngoing)
> Recv: 7.022 MiB, Paid 0.000000000012629092 FIL, ClientEventBlocksReceived (DealStatusOngoing)
> Recv: 7.272 MiB, Paid 0.000000000012629092 FIL, ClientEventBlocksReceived (DealStatusOngoing)
> Recv: 7.522 MiB, Paid 0.000000000012629092 FIL, ClientEventBlocksReceived (DealStatusOngoing)
> Recv: 7.772 MiB, Paid 0.000000000012629092 FIL, ClientEventBlocksReceived (DealStatusOngoing)
> Recv: 8.022 MiB, Paid 0.000000000012629092 FIL, ClientEventBlocksReceived (DealStatusOngoing)
> Recv: 8.272 MiB, Paid 0.000000000012629092 FIL, ClientEventBlocksReceived (DealStatusOngoing)
> Recv: 8.522 MiB, Paid 0.000000000012629092 FIL, ClientEventBlocksReceived (DealStatusOngoing)
> Recv: 8.772 MiB, Paid 0.000000000012629092 FIL, ClientEventBlocksReceived (DealStatusOngoing)
> Recv: 9.022 MiB, Paid 0.000000000012629092 FIL, ClientEventBlocksReceived (DealStatusOngoing)
> Recv: 9.272 MiB, Paid 0.000000000012629092 FIL, ClientEventBlocksReceived (DealStatusOngoing)
> Recv: 9.272 MiB, Paid 0.000000000012629092 FIL, ClientEventPaymentRequested (DealStatusFundsNeeded)
> Recv: 9.522 MiB, Paid 0.000000000012629092 FIL, ClientEventBlocksReceived (DealStatusFundsNeeded)
> Recv: 9.541 MiB, Paid 0.000000000012629092 FIL, ClientEventBlocksReceived (DealStatusFundsNeeded)
> Recv: 9.542 MiB, Paid 0.000000000012629092 FIL, ClientEventBlocksReceived (DealStatusFundsNeeded)
> Recv: 9.792 MiB, Paid 0.000000000012629092 FIL, ClientEventBlocksReceived (DealStatusFundsNeeded)
> Recv: 10.04 MiB, Paid 0.000000000012629092 FIL, ClientEventBlocksReceived (DealStatusFundsNeeded)
> Recv: 10.04 MiB, Paid 0.000000000012629092 FIL, ClientEventSendFunds (DealStatusSendFunds)
> Recv: 10.04 MiB, Paid 0.000000000021058642 FIL, ClientEventPaymentSent (DealStatusOngoing)
> Recv: 10.29 MiB, Paid 0.000000000021058642 FIL, ClientEventBlocksReceived (DealStatusOngoing)
> Recv: 10.54 MiB, Paid 0.000000000021058642 FIL, ClientEventBlocksReceived (DealStatusOngoing)
> Recv: 10.79 MiB, Paid 0.000000000021058642 FIL, ClientEventBlocksReceived (DealStatusOngoing)
> Recv: 11.04 MiB, Paid 0.000000000021058642 FIL, ClientEventBlocksReceived (DealStatusOngoing)
> Recv: 11.29 MiB, Paid 0.000000000021058642 FIL, ClientEventBlocksReceived (DealStatusOngoing)
> Recv: 11.54 MiB, Paid 0.000000000021058642 FIL, ClientEventBlocksReceived (DealStatusOngoing)
> Recv: 11.79 MiB, Paid 0.000000000021058642 FIL, ClientEventBlocksReceived (DealStatusOngoing)
> Recv: 12.04 MiB, Paid 0.000000000021058642 FIL, ClientEventBlocksReceived (DealStatusOngoing)
> Recv: 12.29 MiB, Paid 0.000000000021058642 FIL, ClientEventBlocksReceived (DealStatusOngoing)
> Recv: 12.54 MiB, Paid 0.000000000021058642 FIL, ClientEventBlocksReceived (DealStatusOngoing)
> Recv: 12.79 MiB, Paid 0.000000000021058642 FIL, ClientEventBlocksReceived (DealStatusOngoing)
> Recv: 13.04 MiB, Paid 0.000000000021058642 FIL, ClientEventBlocksReceived (DealStatusOngoing)
> Recv: 13.29 MiB, Paid 0.000000000021058642 FIL, ClientEventBlocksReceived (DealStatusOngoing)
> Recv: 13.54 MiB, Paid 0.000000000021058642 FIL, ClientEventBlocksReceived (DealStatusOngoing)
> Recv: 13.79 MiB, Paid 0.000000000021058642 FIL, ClientEventBlocksReceived (DealStatusOngoing)
> Recv: 14.04 MiB, Paid 0.000000000021058642 FIL, ClientEventBlocksReceived (DealStatusOngoing)
> Recv: 14.04 MiB, Paid 0.000000000021058642 FIL, ClientEventPaymentRequested (DealStatusFundsNeeded)
> Recv: 14.29 MiB, Paid 0.000000000021058642 FIL, ClientEventBlocksReceived (DealStatusFundsNeeded)
> Recv: 14.31 MiB, Paid 0.000000000021058642 FIL, ClientEventBlocksReceived (DealStatusFundsNeeded)
> Recv: 14.31 MiB, Paid 0.000000000021058642 FIL, ClientEventBlocksReceived (DealStatusFundsNeeded)
> Recv: 14.56 MiB, Paid 0.000000000021058642 FIL, ClientEventBlocksReceived (DealStatusFundsNeeded)
> Recv: 14.81 MiB, Paid 0.000000000021058642 FIL, ClientEventBlocksReceived (DealStatusFundsNeeded)
> Recv: 15.06 MiB, Paid 0.000000000021058642 FIL, ClientEventBlocksReceived (DealStatusFundsNeeded)
> Recv: 15.06 MiB, Paid 0.000000000021058642 FIL, ClientEventSendFunds (DealStatusSendFunds)
> Recv: 15.06 MiB, Paid 0.000000000031585456 FIL, ClientEventPaymentSent (DealStatusOngoing)
> Recv: 15.31 MiB, Paid 0.000000000031585456 FIL, ClientEventBlocksReceived (DealStatusOngoing)
> Recv: 15.56 MiB, Paid 0.000000000031585456 FIL, ClientEventBlocksReceived (DealStatusOngoing)
> Recv: 15.81 MiB, Paid 0.000000000031585456 FIL, ClientEventBlocksReceived (DealStatusOngoing)
> Recv: 16.06 MiB, Paid 0.000000000031585456 FIL, ClientEventBlocksReceived (DealStatusOngoing)
> Recv: 16.31 MiB, Paid 0.000000000031585456 FIL, ClientEventBlocksReceived (DealStatusOngoing)
> Recv: 16.56 MiB, Paid 0.000000000031585456 FIL, ClientEventBlocksReceived (DealStatusOngoing)
> Recv: 16.81 MiB, Paid 0.000000000031585456 FIL, ClientEventBlocksReceived (DealStatusOngoing)
> Recv: 17.06 MiB, Paid 0.000000000031585456 FIL, ClientEventBlocksReceived (DealStatusOngoing)
> Recv: 17.31 MiB, Paid 0.000000000031585456 FIL, ClientEventBlocksReceived (DealStatusOngoing)
> Recv: 17.56 MiB, Paid 0.000000000031585456 FIL, ClientEventBlocksReceived (DealStatusOngoing)
> Recv: 17.81 MiB, Paid 0.000000000031585456 FIL, ClientEventBlocksReceived (DealStatusOngoing)
> Recv: 18.06 MiB, Paid 0.000000000031585456 FIL, ClientEventBlocksReceived (DealStatusOngoing)
> Recv: 18.31 MiB, Paid 0.000000000031585456 FIL, ClientEventBlocksReceived (DealStatusOngoing)
> Recv: 18.56 MiB, Paid 0.000000000031585456 FIL, ClientEventBlocksReceived (DealStatusOngoing)
> Recv: 18.81 MiB, Paid 0.000000000031585456 FIL, ClientEventBlocksReceived (DealStatusOngoing)
> Recv: 19.06 MiB, Paid 0.000000000031585456 FIL, ClientEventBlocksReceived (DealStatusOngoing)
> Recv: 19.08 MiB, Paid 0.000000000031585456 FIL, ClientEventBlocksReceived (DealStatusOngoing)
> Recv: 19.08 MiB, Paid 0.000000000031585456 FIL, ClientEventBlocksReceived (DealStatusOngoing)
> Recv: 19.33 MiB, Paid 0.000000000031585456 FIL, ClientEventBlocksReceived (DealStatusOngoing)
> Recv: 19.58 MiB, Paid 0.000000000031585456 FIL, ClientEventBlocksReceived (DealStatusOngoing)
> Recv: 19.83 MiB, Paid 0.000000000031585456 FIL, ClientEventBlocksReceived (DealStatusOngoing)
> Recv: 20.08 MiB, Paid 0.000000000031585456 FIL, ClientEventBlocksReceived (DealStatusOngoing)
> Recv: 20.33 MiB, Paid 0.000000000031585456 FIL, ClientEventBlocksReceived (DealStatusOngoing)
> Recv: 20.58 MiB, Paid 0.000000000031585456 FIL, ClientEventBlocksReceived (DealStatusOngoing)
> Recv: 20.83 MiB, Paid 0.000000000031585456 FIL, ClientEventBlocksReceived (DealStatusOngoing)
> Recv: 20.83 MiB, Paid 0.000000000031585456 FIL, ClientEventPaymentRequested (DealStatusFundsNeeded)
> Recv: 21.08 MiB, Paid 0.000000000031585456 FIL, ClientEventBlocksReceived (DealStatusFundsNeeded)
> Recv: 21.08 MiB, Paid 0.000000000031585456 FIL, ClientEventSendFunds (DealStatusSendFunds)
> Recv: 21.08 MiB, Paid 0.000000000044209534 FIL, ClientEventPaymentSent (DealStatusOngoing)
> Recv: 21.33 MiB, Paid 0.000000000044209534 FIL, ClientEventBlocksReceived (DealStatusOngoing)
> Recv: 21.58 MiB, Paid 0.000000000044209534 FIL, ClientEventBlocksReceived (DealStatusOngoing)
> Recv: 21.83 MiB, Paid 0.000000000044209534 FIL, ClientEventBlocksReceived (DealStatusOngoing)
> Recv: 22.08 MiB, Paid 0.000000000044209534 FIL, ClientEventBlocksReceived (DealStatusOngoing)
> Recv: 22.33 MiB, Paid 0.000000000044209534 FIL, ClientEventBlocksReceived (DealStatusOngoing)
> Recv: 22.58 MiB, Paid 0.000000000044209534 FIL, ClientEventBlocksReceived (DealStatusOngoing)
> Recv: 22.83 MiB, Paid 0.000000000044209534 FIL, ClientEventBlocksReceived (DealStatusOngoing)
> Recv: 23.08 MiB, Paid 0.000000000044209534 FIL, ClientEventBlocksReceived (DealStatusOngoing)
> Recv: 23.33 MiB, Paid 0.000000000044209534 FIL, ClientEventBlocksReceived (DealStatusOngoing)
> Recv: 23.58 MiB, Paid 0.000000000044209534 FIL, ClientEventBlocksReceived (DealStatusOngoing)
> Recv: 23.83 MiB, Paid 0.000000000044209534 FIL, ClientEventBlocksReceived (DealStatusOngoing)
> Recv: 23.85 MiB, Paid 0.000000000044209534 FIL, ClientEventBlocksReceived (DealStatusOngoing)
> Recv: 23.85 MiB, Paid 0.000000000044209534 FIL, ClientEventBlocksReceived (DealStatusOngoing)
> Recv: 24.1 MiB, Paid 0.000000000044209534 FIL, ClientEventBlocksReceived (DealStatusOngoing)
> Recv: 24.35 MiB, Paid 0.000000000044209534 FIL, ClientEventBlocksReceived (DealStatusOngoing)
> Recv: 24.6 MiB, Paid 0.000000000044209534 FIL, ClientEventBlocksReceived (DealStatusOngoing)
> Recv: 24.85 MiB, Paid 0.000000000044209534 FIL, ClientEventBlocksReceived (DealStatusOngoing)
> Recv: 25.1 MiB, Paid 0.000000000044209534 FIL, ClientEventBlocksReceived (DealStatusOngoing)
> Recv: 25.35 MiB, Paid 0.000000000044209534 FIL, ClientEventBlocksReceived (DealStatusOngoing)
> Recv: 25.6 MiB, Paid 0.000000000044209534 FIL, ClientEventBlocksReceived (DealStatusOngoing)
> Recv: 25.85 MiB, Paid 0.000000000044209534 FIL, ClientEventBlocksReceived (DealStatusOngoing)
> Recv: 26.1 MiB, Paid 0.000000000044209534 FIL, ClientEventBlocksReceived (DealStatusOngoing)
> Recv: 26.35 MiB, Paid 0.000000000044209534 FIL, ClientEventBlocksReceived (DealStatusOngoing)
> Recv: 26.6 MiB, Paid 0.000000000044209534 FIL, ClientEventBlocksReceived (DealStatusOngoing)
> Recv: 26.85 MiB, Paid 0.000000000044209534 FIL, ClientEventBlocksReceived (DealStatusOngoing)
> Recv: 27.1 MiB, Paid 0.000000000044209534 FIL, ClientEventBlocksReceived (DealStatusOngoing)
> Recv: 27.35 MiB, Paid 0.000000000044209534 FIL, ClientEventBlocksReceived (DealStatusOngoing)
> Recv: 27.6 MiB, Paid 0.000000000044209534 FIL, ClientEventBlocksReceived (DealStatusOngoing)
> Recv: 27.6 MiB, Paid 0.000000000044209534 FIL, ClientEventPaymentRequested (DealStatusFundsNeeded)
> Recv: 27.85 MiB, Paid 0.000000000044209534 FIL, ClientEventBlocksReceived (DealStatusFundsNeeded)
> Recv: 28.1 MiB, Paid 0.000000000044209534 FIL, ClientEventBlocksReceived (DealStatusFundsNeeded)
> Recv: 28.1 MiB, Paid 0.000000000044209534 FIL, ClientEventSendFunds (DealStatusSendFunds)
> Recv: 28.1 MiB, Paid 0.000000000058930876 FIL, ClientEventPaymentSent (DealStatusOngoing)
> Recv: 28.35 MiB, Paid 0.000000000058930876 FIL, ClientEventBlocksReceived (DealStatusOngoing)
> Recv: 28.6 MiB, Paid 0.000000000058930876 FIL, ClientEventBlocksReceived (DealStatusOngoing)
> Recv: 28.62 MiB, Paid 0.000000000058930876 FIL, ClientEventBlocksReceived (DealStatusOngoing)
> Recv: 28.62 MiB, Paid 0.000000000058930876 FIL, ClientEventBlocksReceived (DealStatusOngoing)
> Recv: 28.87 MiB, Paid 0.000000000058930876 FIL, ClientEventBlocksReceived (DealStatusOngoing)
> Recv: 29.12 MiB, Paid 0.000000000058930876 FIL, ClientEventBlocksReceived (DealStatusOngoing)
> Recv: 29.37 MiB, Paid 0.000000000058930876 FIL, ClientEventBlocksReceived (DealStatusOngoing)
> Recv: 29.62 MiB, Paid 0.000000000058930876 FIL, ClientEventBlocksReceived (DealStatusOngoing)
> Recv: 29.87 MiB, Paid 0.000000000058930876 FIL, ClientEventBlocksReceived (DealStatusOngoing)
> Recv: 30.12 MiB, Paid 0.000000000058930876 FIL, ClientEventBlocksReceived (DealStatusOngoing)
> Recv: 30.37 MiB, Paid 0.000000000058930876 FIL, ClientEventBlocksReceived (DealStatusOngoing)
> Recv: 30.62 MiB, Paid 0.000000000058930876 FIL, ClientEventBlocksReceived (DealStatusOngoing)
> Recv: 30.87 MiB, Paid 0.000000000058930876 FIL, ClientEventBlocksReceived (DealStatusOngoing)
> Recv: 31.12 MiB, Paid 0.000000000058930876 FIL, ClientEventBlocksReceived (DealStatusOngoing)
> Recv: 31.37 MiB, Paid 0.000000000058930876 FIL, ClientEventBlocksReceived (DealStatusOngoing)
> Recv: 31.62 MiB, Paid 0.000000000058930876 FIL, ClientEventBlocksReceived (DealStatusOngoing)
> Recv: 31.87 MiB, Paid 0.000000000058930876 FIL, ClientEventBlocksReceived (DealStatusOngoing)
> Recv: 32.12 MiB, Paid 0.000000000058930876 FIL, ClientEventBlocksReceived (DealStatusOngoing)
> Recv: 32.37 MiB, Paid 0.000000000058930876 FIL, ClientEventBlocksReceived (DealStatusOngoing)
> Recv: 32.62 MiB, Paid 0.000000000058930876 FIL, ClientEventBlocksReceived (DealStatusOngoing)
> Recv: 32.87 MiB, Paid 0.000000000058930876 FIL, ClientEventBlocksReceived (DealStatusOngoing)
> Recv: 33.12 MiB, Paid 0.000000000058930876 FIL, ClientEventBlocksReceived (DealStatusOngoing)
> Recv: 33.37 MiB, Paid 0.000000000058930876 FIL, ClientEventBlocksReceived (DealStatusOngoing)
> Recv: 33.39 MiB, Paid 0.000000000058930876 FIL, ClientEventBlocksReceived (DealStatusOngoing)
> Recv: 33.39 MiB, Paid 0.000000000058930876 FIL, ClientEventBlocksReceived (DealStatusOngoing)
> Recv: 33.64 MiB, Paid 0.000000000058930876 FIL, ClientEventBlocksReceived (DealStatusOngoing)
> Recv: 33.89 MiB, Paid 0.000000000058930876 FIL, ClientEventBlocksReceived (DealStatusOngoing)
> Recv: 34.14 MiB, Paid 0.000000000058930876 FIL, ClientEventBlocksReceived (DealStatusOngoing)
> Recv: 34.39 MiB, Paid 0.000000000058930876 FIL, ClientEventBlocksReceived (DealStatusOngoing)
> Recv: 34.64 MiB, Paid 0.000000000058930876 FIL, ClientEventBlocksReceived (DealStatusOngoing)
> Recv: 34.89 MiB, Paid 0.000000000058930876 FIL, ClientEventBlocksReceived (DealStatusOngoing)
> Recv: 35.14 MiB, Paid 0.000000000058930876 FIL, ClientEventBlocksReceived (DealStatusOngoing)
> Recv: 35.39 MiB, Paid 0.000000000058930876 FIL, ClientEventBlocksReceived (DealStatusOngoing)
> Recv: 35.39 MiB, Paid 0.000000000058930876 FIL, ClientEventPaymentRequested (DealStatusFundsNeeded)
> Recv: 35.64 MiB, Paid 0.000000000058930876 FIL, ClientEventBlocksReceived (DealStatusFundsNeeded)
> Recv: 35.89 MiB, Paid 0.000000000058930876 FIL, ClientEventBlocksReceived (DealStatusFundsNeeded)
> Recv: 36.14 MiB, Paid 0.000000000058930876 FIL, ClientEventBlocksReceived (DealStatusFundsNeeded)
> Recv: 36.14 MiB, Paid 0.000000000058930876 FIL, ClientEventSendFunds (DealStatusSendFunds)
> Recv: 36.14 MiB, Paid 0.000000000075789976 FIL, ClientEventPaymentSent (DealStatusOngoing)
> Recv: 36.39 MiB, Paid 0.000000000075789976 FIL, ClientEventBlocksReceived (DealStatusOngoing)
> Recv: 36.64 MiB, Paid 0.000000000075789976 FIL, ClientEventBlocksReceived (DealStatusOngoing)
> Recv: 36.89 MiB, Paid 0.000000000075789976 FIL, ClientEventBlocksReceived (DealStatusOngoing)
> Recv: 37.14 MiB, Paid 0.000000000075789976 FIL, ClientEventBlocksReceived (DealStatusOngoing)
> Recv: 37.39 MiB, Paid 0.000000000075789976 FIL, ClientEventBlocksReceived (DealStatusOngoing)
> Recv: 37.64 MiB, Paid 0.000000000075789976 FIL, ClientEventBlocksReceived (DealStatusOngoing)
> Recv: 37.89 MiB, Paid 0.000000000075789976 FIL, ClientEventBlocksReceived (DealStatusOngoing)
> Recv: 38.14 MiB, Paid 0.000000000075789976 FIL, ClientEventBlocksReceived (DealStatusOngoing)
> Recv: 38.16 MiB, Paid 0.000000000075789976 FIL, ClientEventBlocksReceived (DealStatusOngoing)
> Recv: 38.16 MiB, Paid 0.000000000075789976 FIL, ClientEventBlocksReceived (DealStatusOngoing)
> Recv: 38.41 MiB, Paid 0.000000000075789976 FIL, ClientEventBlocksReceived (DealStatusOngoing)
> Recv: 38.66 MiB, Paid 0.000000000075789976 FIL, ClientEventBlocksReceived (DealStatusOngoing)
> Recv: 38.91 MiB, Paid 0.000000000075789976 FIL, ClientEventBlocksReceived (DealStatusOngoing)
> Recv: 39.16 MiB, Paid 0.000000000075789976 FIL, ClientEventBlocksReceived (DealStatusOngoing)
> Recv: 39.41 MiB, Paid 0.000000000075789976 FIL, ClientEventBlocksReceived (DealStatusOngoing)
> Recv: 39.66 MiB, Paid 0.000000000075789976 FIL, ClientEventBlocksReceived (DealStatusOngoing)
> Recv: 39.91 MiB, Paid 0.000000000075789976 FIL, ClientEventBlocksReceived (DealStatusOngoing)
> Recv: 40.16 MiB, Paid 0.000000000075789976 FIL, ClientEventBlocksReceived (DealStatusOngoing)
> Recv: 40.41 MiB, Paid 0.000000000075789976 FIL, ClientEventBlocksReceived (DealStatusOngoing)
> Recv: 40.66 MiB, Paid 0.000000000075789976 FIL, ClientEventBlocksReceived (DealStatusOngoing)
> Recv: 40.91 MiB, Paid 0.000000000075789976 FIL, ClientEventBlocksReceived (DealStatusOngoing)
> Recv: 41.16 MiB, Paid 0.000000000075789976 FIL, ClientEventBlocksReceived (DealStatusOngoing)
> Recv: 41.41 MiB, Paid 0.000000000075789976 FIL, ClientEventBlocksReceived (DealStatusOngoing)
> Recv: 41.66 MiB, Paid 0.000000000075789976 FIL, ClientEventBlocksReceived (DealStatusOngoing)
> Recv: 41.91 MiB, Paid 0.000000000075789976 FIL, ClientEventBlocksReceived (DealStatusOngoing)
> Recv: 42.16 MiB, Paid 0.000000000075789976 FIL, ClientEventBlocksReceived (DealStatusOngoing)
> Recv: 42.41 MiB, Paid 0.000000000075789976 FIL, ClientEventBlocksReceived (DealStatusOngoing)
> Recv: 42.66 MiB, Paid 0.000000000075789976 FIL, ClientEventBlocksReceived (DealStatusOngoing)
> Recv: 42.91 MiB, Paid 0.000000000075789976 FIL, ClientEventBlocksReceived (DealStatusOngoing)
> Recv: 42.93 MiB, Paid 0.000000000075789976 FIL, ClientEventBlocksReceived (DealStatusOngoing)
> Recv: 42.93 MiB, Paid 0.000000000075789976 FIL, ClientEventBlocksReceived (DealStatusOngoing)
> Recv: 43.18 MiB, Paid 0.000000000075789976 FIL, ClientEventBlocksReceived (DealStatusOngoing)
> Recv: 43.43 MiB, Paid 0.000000000075789976 FIL, ClientEventBlocksReceived (DealStatusOngoing)
> Recv: 43.68 MiB, Paid 0.000000000075789976 FIL, ClientEventBlocksReceived (DealStatusOngoing)
> Recv: 43.93 MiB, Paid 0.000000000075789976 FIL, ClientEventBlocksReceived (DealStatusOngoing)
> Recv: 44.18 MiB, Paid 0.000000000075789976 FIL, ClientEventBlocksReceived (DealStatusOngoing)
> Recv: 44.43 MiB, Paid 0.000000000075789976 FIL, ClientEventBlocksReceived (DealStatusOngoing)
> Recv: 44.68 MiB, Paid 0.000000000075789976 FIL, ClientEventBlocksReceived (DealStatusOngoing)
> Recv: 44.93 MiB, Paid 0.000000000075789976 FIL, ClientEventBlocksReceived (DealStatusOngoing)
> Recv: 44.93 MiB, Paid 0.000000000075789976 FIL, ClientEventPaymentRequested (DealStatusFundsNeeded)
> Recv: 45.18 MiB, Paid 0.000000000075789976 FIL, ClientEventBlocksReceived (DealStatusFundsNeeded)
> Recv: 45.18 MiB, Paid 0.000000000075789976 FIL, ClientEventSendFunds (DealStatusSendFunds)
> Recv: 45.18 MiB, Paid 0.000000000094746052 FIL, ClientEventPaymentSent (DealStatusOngoing)
> Recv: 45.43 MiB, Paid 0.000000000094746052 FIL, ClientEventBlocksReceived (DealStatusOngoing)
> Recv: 45.68 MiB, Paid 0.000000000094746052 FIL, ClientEventBlocksReceived (DealStatusOngoing)
> Recv: 45.93 MiB, Paid 0.000000000094746052 FIL, ClientEventBlocksReceived (DealStatusOngoing)
> Recv: 46.18 MiB, Paid 0.000000000094746052 FIL, ClientEventBlocksReceived (DealStatusOngoing)
> Recv: 46.43 MiB, Paid 0.000000000094746052 FIL, ClientEventBlocksReceived (DealStatusOngoing)
> Recv: 46.68 MiB, Paid 0.000000000094746052 FIL, ClientEventBlocksReceived (DealStatusOngoing)
> Recv: 46.93 MiB, Paid 0.000000000094746052 FIL, ClientEventBlocksReceived (DealStatusOngoing)
> Recv: 46.97 MiB, Paid 0.000000000094746052 FIL, ClientEventBlocksReceived (DealStatusOngoing)
> Recv: 46.97 MiB, Paid 0.000000000094746052 FIL, ClientEventBlocksReceived (DealStatusOngoing)
> Recv: 47.22 MiB, Paid 0.000000000094746052 FIL, ClientEventBlocksReceived (DealStatusOngoing)
> Recv: 47.47 MiB, Paid 0.000000000094746052 FIL, ClientEventBlocksReceived (DealStatusOngoing)
> Recv: 47.72 MiB, Paid 0.000000000094746052 FIL, ClientEventBlocksReceived (DealStatusOngoing)
> Recv: 47.97 MiB, Paid 0.000000000094746052 FIL, ClientEventBlocksReceived (DealStatusOngoing)
> Recv: 48.22 MiB, Paid 0.000000000094746052 FIL, ClientEventBlocksReceived (DealStatusOngoing)
> Recv: 48.47 MiB, Paid 0.000000000094746052 FIL, ClientEventBlocksReceived (DealStatusOngoing)
> Recv: 48.72 MiB, Paid 0.000000000094746052 FIL, ClientEventBlocksReceived (DealStatusOngoing)
> Recv: 48.97 MiB, Paid 0.000000000094746052 FIL, ClientEventBlocksReceived (DealStatusOngoing)
> Recv: 49.22 MiB, Paid 0.000000000094746052 FIL, ClientEventBlocksReceived (DealStatusOngoing)
> Recv: 49.47 MiB, Paid 0.000000000094746052 FIL, ClientEventBlocksReceived (DealStatusOngoing)
> Recv: 49.72 MiB, Paid 0.000000000094746052 FIL, ClientEventBlocksReceived (DealStatusOngoing)
> Recv: 49.97 MiB, Paid 0.000000000094746052 FIL, ClientEventBlocksReceived (DealStatusOngoing)
> Recv: 50.22 MiB, Paid 0.000000000094746052 FIL, ClientEventBlocksReceived (DealStatusOngoing)
> Recv: 50.47 MiB, Paid 0.000000000094746052 FIL, ClientEventBlocksReceived (DealStatusOngoing)
> Recv: 50.72 MiB, Paid 0.000000000094746052 FIL, ClientEventBlocksReceived (DealStatusOngoing)
> Recv: 50.97 MiB, Paid 0.000000000094746052 FIL, ClientEventBlocksReceived (DealStatusOngoing)
> Recv: 51.22 MiB, Paid 0.000000000094746052 FIL, ClientEventBlocksReceived (DealStatusOngoing)
> Recv: 51.47 MiB, Paid 0.000000000094746052 FIL, ClientEventBlocksReceived (DealStatusOngoing)
> Recv: 51.72 MiB, Paid 0.000000000094746052 FIL, ClientEventBlocksReceived (DealStatusOngoing)
> Recv: 51.74 MiB, Paid 0.000000000094746052 FIL, ClientEventBlocksReceived (DealStatusOngoing)
> Recv: 51.74 MiB, Paid 0.000000000094746052 FIL, ClientEventBlocksReceived (DealStatusOngoing)
> Recv: 51.99 MiB, Paid 0.000000000094746052 FIL, ClientEventBlocksReceived (DealStatusOngoing)
> Recv: 52.24 MiB, Paid 0.000000000094746052 FIL, ClientEventBlocksReceived (DealStatusOngoing)
> Recv: 52.49 MiB, Paid 0.000000000094746052 FIL, ClientEventBlocksReceived (DealStatusOngoing)
> Recv: 52.74 MiB, Paid 0.000000000094746052 FIL, ClientEventBlocksReceived (DealStatusOngoing)
> Recv: 52.99 MiB, Paid 0.000000000094746052 FIL, ClientEventBlocksReceived (DealStatusOngoing)
> Recv: 53.24 MiB, Paid 0.000000000094746052 FIL, ClientEventBlocksReceived (DealStatusOngoing)
> Recv: 53.49 MiB, Paid 0.000000000094746052 FIL, ClientEventBlocksReceived (DealStatusOngoing)
> Recv: 53.74 MiB, Paid 0.000000000094746052 FIL, ClientEventBlocksReceived (DealStatusOngoing)
> Recv: 53.99 MiB, Paid 0.000000000094746052 FIL, ClientEventBlocksReceived (DealStatusOngoing)
> Recv: 54.24 MiB, Paid 0.000000000094746052 FIL, ClientEventBlocksReceived (DealStatusOngoing)
> Recv: 54.49 MiB, Paid 0.000000000094746052 FIL, ClientEventBlocksReceived (DealStatusOngoing)
> Recv: 54.49 MiB, Paid 0.000000000094746052 FIL, ClientEventPaymentRequested (DealStatusFundsNeeded)
> Recv: 54.74 MiB, Paid 0.000000000094746052 FIL, ClientEventBlocksReceived (DealStatusFundsNeeded)
> Recv: 54.99 MiB, Paid 0.000000000094746052 FIL, ClientEventBlocksReceived (DealStatusFundsNeeded)
> Recv: 55.24 MiB, Paid 0.000000000094746052 FIL, ClientEventBlocksReceived (DealStatusFundsNeeded)
> Recv: 55.24 MiB, Paid 0.000000000094746052 FIL, ClientEventSendFunds (DealStatusSendFunds)
> Recv: 55.24 MiB, Paid 0.000000000094746052 FIL, ClientEventVoucherShortfall (DealStatusCheckFunds)
> Recv: 55.24 MiB, Paid 0.000000000094746052 FIL, ClientEventPaymentChannelAddingFunds (DealStatusPaymentChannelAddingFunds)
> Recv: 55.24 MiB, Paid 0.000000000094746052 FIL, ClientEventPaymentChannelReady (DealStatusOngoing)
> Recv: 55.24 MiB, Paid 0.000000000094746052 FIL, ClientEventPaymentRequested (DealStatusFundsNeeded)
> Recv: 55.24 MiB, Paid 0.000000000094746052 FIL, ClientEventSendFunds (DealStatusSendFunds)
> Recv: 55.24 MiB, Paid 0.000000000115854848 FIL, ClientEventPaymentSent (DealStatusOngoing)
> Recv: 55.49 MiB, Paid 0.000000000115854848 FIL, ClientEventBlocksReceived (DealStatusOngoing)
ERROR: retrieval timed out

Command exited with non-zero status 124
1.13user 0.20system 22:00.02elapsed 0%CPU (0avgtext+0avgdata 64704maxresident)k
960inputs+0outputs (82major+10484minor)pagefaults 0swaps
