{"jsonrpc":"2.0","result":{"Err":"","Root":{"/":"QmVJ7gLMJXVdeBu7udZV78sz3SbUNH5A94UWd4nXGy5MM1"},"Piece":null,"Size":134217728,"MinPrice":"268435456","UnsealPrice":"0","PaymentInterval":1048576,"PaymentIntervalIncrease":1048576,"Miner":"f023218","MinerPeer":{"Address":"f023495","ID":"12D3KooWGuHatdAvc3tWKuaDPJWGnRebcxuZkt8HSPoJY8D6CqSS","PieceCID":null}},"id":1}
> Recv: 0 B, Paid 0 FIL, ClientEventOpen (DealStatusNew)
> Recv: 0 B, Paid 0 FIL, ClientEventDealProposed (DealStatusWaitForAcceptance)
> Recv: 0 B, Paid 0 FIL, ClientEventDealAccepted (DealStatusAccepted)
> Recv: 1.502 KiB, Paid 0 FIL, ClientEventBlocksReceived (DealStatusAccepted)
> Recv: 2.448 KiB, Paid 0 FIL, ClientEventBlocksReceived (DealStatusAccepted)
> Recv: 258.5 KiB, Paid 0 FIL, ClientEventBlocksReceived (DealStatusAccepted)
> Recv: 514.5 KiB, Paid 0 FIL, ClientEventBlocksReceived (DealStatusAccepted)
> Recv: 770.5 KiB, Paid 0 FIL, ClientEventBlocksReceived (DealStatusAccepted)
> Recv: 770.5 KiB, Paid 0 FIL, ClientEventPaymentRequested (DealStatusAccepted)
> Recv: 1.002 MiB, Paid 0 FIL, ClientEventBlocksReceived (DealStatusAccepted)
> Recv: 1.002 MiB, Paid 0 FIL, ClientEventPaymentChannelAddingFunds (DealStatusPaymentChannelAllocatingLane)
> Recv: 1.002 MiB, Paid 0 FIL, ClientEventLaneAllocated (DealStatusOngoing)
> Recv: 1.002 MiB, Paid 0 FIL, ClientEventPaymentRequested (DealStatusFundsNeeded)
> Recv: 1.002 MiB, Paid 0 FIL, ClientEventSendFunds (DealStatusSendFunds)
> Recv: 1.002 MiB, Paid 0.000000000002102278 FIL, ClientEventPaymentSent (DealStatusOngoing)
> Recv: 1.252 MiB, Paid 0.000000000002102278 FIL, ClientEventBlocksReceived (DealStatusOngoing)
> Recv: 1.502 MiB, Paid 0.000000000002102278 FIL, ClientEventBlocksReceived (DealStatusOngoing)
> Recv: 1.752 MiB, Paid 0.000000000002102278 FIL, ClientEventBlocksReceived (DealStatusOngoing)
> Recv: 2.002 MiB, Paid 0.000000000002102278 FIL, ClientEventBlocksReceived (DealStatusOngoing)
> Recv: 2.253 MiB, Paid 0.000000000002102278 FIL, ClientEventBlocksReceived (DealStatusOngoing)
> Recv: 2.503 MiB, Paid 0.000000000002102278 FIL, ClientEventBlocksReceived (DealStatusOngoing)
> Recv: 2.753 MiB, Paid 0.000000000002102278 FIL, ClientEventBlocksReceived (DealStatusOngoing)
> Recv: 2.753 MiB, Paid 0.000000000002102278 FIL, ClientEventPaymentRequested (DealStatusFundsNeeded)
> Recv: 3.003 MiB, Paid 0.000000000002102278 FIL, ClientEventBlocksReceived (DealStatusFundsNeeded)
> Recv: 3.003 MiB, Paid 0.000000000002102278 FIL, ClientEventSendFunds (DealStatusSendFunds)
> Recv: 3.003 MiB, Paid 0.000000000006296806 FIL, ClientEventPaymentSent (DealStatusOngoing)
> Recv: 3.253 MiB, Paid 0.000000000006296806 FIL, ClientEventBlocksReceived (DealStatusOngoing)
> Recv: 3.503 MiB, Paid 0.000000000006296806 FIL, ClientEventBlocksReceived (DealStatusOngoing)
ERROR: retrieval timed out

Command exited with non-zero status 124
1.21user 0.32system 22:00.02elapsed 0%CPU (0avgtext+0avgdata 62124maxresident)k
114016inputs+0outputs (11963major+12312minor)pagefaults 0swaps
