> Recv: 0 B, Paid 0 FIL, ClientEventOpen (DealStatusNew)
> Recv: 0 B, Paid 0 FIL, ClientEventDealProposed (DealStatusWaitForAcceptance)
> Recv: 0 B, Paid 0 FIL, ClientEventDealAccepted (DealStatusAccepted)
> Recv: 0 B, Paid 0 FIL, ClientEventPaymentChannelCreateInitiated (DealStatusPaymentChannelCreating)
> Recv: 1.444 KiB, Paid 0 FIL, ClientEventBlocksReceived (DealStatusPaymentChannelCreating)
2020-11-06T13:04:00.557Z	[34mINFO[0m	rpc	go-jsonrpc@v0.1.2-0.20201008195726-68c6a2704e49/client.go:346	rpc output message buffer	{"n": 2}
> Recv: 2.391 KiB, Paid 0 FIL, ClientEventBlocksReceived (DealStatusPaymentChannelCreating)
> Recv: 258.4 KiB, Paid 0 FIL, ClientEventBlocksReceived (DealStatusPaymentChannelCreating)
2020-11-06T13:04:00.560Z	[34mINFO[0m	rpc	go-jsonrpc@v0.1.2-0.20201008195726-68c6a2704e49/client.go:346	rpc output message buffer	{"n": 2}
> Recv: 514.4 KiB, Paid 0 FIL, ClientEventBlocksReceived (DealStatusPaymentChannelCreating)
> Recv: 770.4 KiB, Paid 0 FIL, ClientEventBlocksReceived (DealStatusPaymentChannelCreating)
2020-11-06T13:04:00.590Z	[34mINFO[0m	rpc	go-jsonrpc@v0.1.2-0.20201008195726-68c6a2704e49/client.go:346	rpc output message buffer	{"n": 2}
2020-11-06T13:04:00.590Z	[34mINFO[0m	rpc	go-jsonrpc@v0.1.2-0.20201008195726-68c6a2704e49/client.go:346	rpc output message buffer	{"n": 2}
> Recv: 770.4 KiB, Paid 0 FIL, ClientEventPaymentRequested (DealStatusPaymentChannelCreating)
> Recv: 1.002 MiB, Paid 0 FIL, ClientEventBlocksReceived (DealStatusPaymentChannelCreating)
> Recv: 1.002 MiB, Paid 0 FIL, ClientEventPaymentChannelReady (DealStatusPaymentChannelAllocatingLane)
> Recv: 1.002 MiB, Paid 0 FIL, ClientEventLaneAllocated (DealStatusOngoing)
> Recv: 1.002 MiB, Paid 0 FIL, ClientEventPaymentRequested (DealStatusFundsNeeded)
> Recv: 1.002 MiB, Paid 0 FIL, ClientEventSendFunds (DealStatusSendFunds)
> Recv: 1.002 MiB, Paid 0.00000000000210216 FIL, ClientEventPaymentSent (DealStatusOngoing)
> Recv: 1.252 MiB, Paid 0.00000000000210216 FIL, ClientEventBlocksReceived (DealStatusOngoing)
> Recv: 1.502 MiB, Paid 0.00000000000210216 FIL, ClientEventBlocksReceived (DealStatusOngoing)
> Recv: 1.752 MiB, Paid 0.00000000000210216 FIL, ClientEventBlocksReceived (DealStatusOngoing)
> Recv: 2.002 MiB, Paid 0.00000000000210216 FIL, ClientEventBlocksReceived (DealStatusOngoing)
> Recv: 2.252 MiB, Paid 0.00000000000210216 FIL, ClientEventBlocksReceived (DealStatusOngoing)
> Recv: 2.502 MiB, Paid 0.00000000000210216 FIL, ClientEventBlocksReceived (DealStatusOngoing)
> Recv: 2.752 MiB, Paid 0.00000000000210216 FIL, ClientEventBlocksReceived (DealStatusOngoing)
> Recv: 2.752 MiB, Paid 0.00000000000210216 FIL, ClientEventPaymentRequested (DealStatusFundsNeeded)
> Recv: 3.002 MiB, Paid 0.00000000000210216 FIL, ClientEventBlocksReceived (DealStatusFundsNeeded)
> Recv: 3.002 MiB, Paid 0.00000000000210216 FIL, ClientEventSendFunds (DealStatusSendFunds)
> Recv: 3.002 MiB, Paid 0.000000000006296688 FIL, ClientEventPaymentSent (DealStatusOngoing)
> Recv: 3.253 MiB, Paid 0.000000000006296688 FIL, ClientEventBlocksReceived (DealStatusOngoing)
> Recv: 3.503 MiB, Paid 0.000000000006296688 FIL, ClientEventBlocksReceived (DealStatusOngoing)
> Recv: 3.753 MiB, Paid 0.000000000006296688 FIL, ClientEventBlocksReceived (DealStatusOngoing)
> Recv: 4.003 MiB, Paid 0.000000000006296688 FIL, ClientEventBlocksReceived (DealStatusOngoing)
> Recv: 4.253 MiB, Paid 0.000000000006296688 FIL, ClientEventBlocksReceived (DealStatusOngoing)
> Recv: 4.503 MiB, Paid 0.000000000006296688 FIL, ClientEventBlocksReceived (DealStatusOngoing)
> Recv: 4.753 MiB, Paid 0.000000000006296688 FIL, ClientEventBlocksReceived (DealStatusOngoing)
> Recv: 4.771 MiB, Paid 0.000000000006296688 FIL, ClientEventBlocksReceived (DealStatusOngoing)
> Recv: 4.772 MiB, Paid 0.000000000006296688 FIL, ClientEventBlocksReceived (DealStatusOngoing)
> Recv: 5.022 MiB, Paid 0.000000000006296688 FIL, ClientEventBlocksReceived (DealStatusOngoing)
> Recv: 5.272 MiB, Paid 0.000000000006296688 FIL, ClientEventBlocksReceived (DealStatusOngoing)
> Recv: 5.522 MiB, Paid 0.000000000006296688 FIL, ClientEventBlocksReceived (DealStatusOngoing)
> Recv: 5.772 MiB, Paid 0.000000000006296688 FIL, ClientEventBlocksReceived (DealStatusOngoing)
> Recv: 5.772 MiB, Paid 0.000000000006296688 FIL, ClientEventPaymentRequested (DealStatusFundsNeeded)
> Recv: 6.022 MiB, Paid 0.000000000006296688 FIL, ClientEventBlocksReceived (DealStatusFundsNeeded)
> Recv: 6.022 MiB, Paid 0.000000000006296688 FIL, ClientEventSendFunds (DealStatusSendFunds)
> Recv: 6.022 MiB, Paid 0.000000000012628974 FIL, ClientEventPaymentSent (DealStatusOngoing)
> Recv: 6.272 MiB, Paid 0.000000000012628974 FIL, ClientEventBlocksReceived (DealStatusOngoing)
> Recv: 6.522 MiB, Paid 0.000000000012628974 FIL, ClientEventBlocksReceived (DealStatusOngoing)
ERROR: retrieval timed out

Command exited with non-zero status 124
0.28user 0.12system 22:00.02elapsed 0%CPU (0avgtext+0avgdata 38072maxresident)k
6112inputs+0outputs (517major+4212minor)pagefaults 0swaps
