{"jsonrpc":"2.0","result":{"Err":"","Root":{"/":"bafykbzaceazee5wr2xtg4gpmjeo65uawsjx5i7kpxlv6h75hinjfqc7sg72sa"},"Piece":null,"Size":34359738368,"MinPrice":"68719476736","UnsealPrice":"0","PaymentInterval":1048576,"PaymentIntervalIncrease":1048576,"Miner":"f01030","MinerPeer":{"Address":"f022163","ID":"12D3KooWDXMs6HMEdL7ein6hBWJHv42g7VMGWwUEgH8gYZ8kELYT","PieceCID":null}},"id":1}
Apr 01 04:31:29 > Recv: 0 B, Paid 0 FIL, ClientEventOpen (DealStatusNew)
Apr 01 04:31:29 > Recv: 0 B, Paid 0 FIL, ClientEventDealProposed (DealStatusWaitForAcceptance)
Apr 01 04:32:27 > Recv: 0 B, Paid 0 FIL, ClientEventDealAccepted (DealStatusAccepted)
Apr 01 04:32:28 > Recv: 0 B, Paid 0 FIL, ClientEventPaymentChannelAddingFunds (DealStatusPaymentChannelAddingInitialFunds)
Apr 01 04:36:00 > Recv: 0 B, Paid 0 FIL, ClientEventPaymentChannelReady (DealStatusPaymentChannelAllocatingLane)
Apr 01 04:36:00 > Recv: 0 B, Paid 0 FIL, ClientEventLaneAllocated (DealStatusOngoing)
Apr 01 04:49:32 > Recv: 962 B, Paid 0 FIL, ClientEventBlocksReceived (DealStatusOngoing)
Apr 01 04:49:33 > Recv: 52.95 KiB, Paid 0 FIL, ClientEventBlocksReceived (DealStatusOngoing)
Apr 01 04:49:36 > Recv: 52.95 KiB, Paid 0 FIL, ClientEventPaymentRequested (DealStatusFundsNeeded)
Apr 01 04:49:36 > Recv: 1.052 MiB, Paid 0 FIL, ClientEventBlocksReceived (DealStatusFundsNeeded)
Apr 01 04:49:36 > Recv: 1.052 MiB, Paid 0 FIL, ClientEventSendFunds (DealStatusSendFunds)
Apr 01 04:49:36 > Recv: 1.052 MiB, Paid 0.000000000002205594 FIL, ClientEventPaymentSent (DealStatusOngoing)
Apr 01 05:25:30 > Recv: 2.052 MiB, Paid 0.000000000002205594 FIL, ClientEventBlocksReceived (DealStatusOngoing)
Apr 01 05:25:30 > Recv: 2.052 MiB, Paid 0.000000000002205594 FIL, ClientEventPaymentRequested (DealStatusFundsNeeded)
Apr 01 05:25:30 > Recv: 3.052 MiB, Paid 0.000000000002205594 FIL, ClientEventBlocksReceived (DealStatusFundsNeeded)
Apr 01 05:25:30 > Recv: 3.052 MiB, Paid 0.000000000002205594 FIL, ClientEventSendFunds (DealStatusSendFunds)
Apr 01 05:25:30 > Recv: 3.052 MiB, Paid 0.000000000006399898 FIL, ClientEventPaymentSent (DealStatusOngoing)
Apr 01 05:28:39 > Recv: 4.052 MiB, Paid 0.000000000006399898 FIL, ClientEventBlocksReceived (DealStatusOngoing)
Apr 01 05:28:39 > Recv: 4.052 MiB, Paid 0.000000000006399898 FIL, ClientEventPaymentRequested (DealStatusFundsNeeded)
Apr 01 05:28:39 > Recv: 5.052 MiB, Paid 0.000000000006399898 FIL, ClientEventBlocksReceived (DealStatusFundsNeeded)
Apr 01 05:28:39 > Recv: 6.052 MiB, Paid 0.000000000006399898 FIL, ClientEventBlocksReceived (DealStatusFundsNeeded)
Apr 01 05:28:39 > Recv: 6.052 MiB, Paid 0.000000000006399898 FIL, ClientEventSendFunds (DealStatusSendFunds)
Apr 01 05:28:39 > Recv: 6.052 MiB, Paid 0.000000000012691354 FIL, ClientEventPaymentSent (DealStatusOngoing)
Apr 01 05:30:52 > Recv: 7.052 MiB, Paid 0.000000000012691354 FIL, ClientEventBlocksReceived (DealStatusOngoing)
Apr 01 05:30:52 > Recv: 8.052 MiB, Paid 0.000000000012691354 FIL, ClientEventBlocksReceived (DealStatusOngoing)
Apr 01 05:30:53 > Recv: 9.052 MiB, Paid 0.000000000012691354 FIL, ClientEventBlocksReceived (DealStatusOngoing)
Apr 01 05:30:53 > Recv: 9.052 MiB, Paid 0.000000000012691354 FIL, ClientEventPaymentRequested (DealStatusFundsNeeded)
Apr 01 05:30:53 > Recv: 10.05 MiB, Paid 0.000000000012691354 FIL, ClientEventBlocksReceived (DealStatusFundsNeeded)
Apr 01 05:30:53 > Recv: 10.05 MiB, Paid 0.000000000012691354 FIL, ClientEventSendFunds (DealStatusSendFunds)
Apr 01 05:30:53 > Recv: 10.05 MiB, Paid 0.000000000021079962 FIL, ClientEventPaymentSent (DealStatusOngoing)
Apr 01 05:34:24 > Recv: 11.05 MiB, Paid 0.000000000021079962 FIL, ClientEventBlocksReceived (DealStatusOngoing)
Apr 01 05:34:24 > Recv: 12.05 MiB, Paid 0.000000000021079962 FIL, ClientEventBlocksReceived (DealStatusOngoing)
Apr 01 05:34:24 > Recv: 13.05 MiB, Paid 0.000000000021079962 FIL, ClientEventBlocksReceived (DealStatusOngoing)
Apr 01 05:34:24 > Recv: 14.05 MiB, Paid 0.000000000021079962 FIL, ClientEventBlocksReceived (DealStatusOngoing)
Apr 01 05:34:24 > Recv: 14.05 MiB, Paid 0.000000000021079962 FIL, ClientEventPaymentRequested (DealStatusFundsNeeded)
Apr 01 05:34:24 > Recv: 15.05 MiB, Paid 0.000000000021079962 FIL, ClientEventBlocksReceived (DealStatusFundsNeeded)
Apr 01 05:34:24 > Recv: 15.05 MiB, Paid 0.000000000021079962 FIL, ClientEventSendFunds (DealStatusSendFunds)
Apr 01 05:34:24 > Recv: 15.05 MiB, Paid 0.000000000031565722 FIL, ClientEventPaymentSent (DealStatusOngoing)
Apr 01 05:39:21 > Recv: 16.05 MiB, Paid 0.000000000031565722 FIL, ClientEventBlocksReceived (DealStatusOngoing)
Apr 01 05:39:21 > Recv: 17.05 MiB, Paid 0.000000000031565722 FIL, ClientEventBlocksReceived (DealStatusOngoing)
Apr 01 05:39:21 > Recv: 18.05 MiB, Paid 0.000000000031565722 FIL, ClientEventBlocksReceived (DealStatusOngoing)
Apr 01 05:39:21 > Recv: 19.05 MiB, Paid 0.000000000031565722 FIL, ClientEventBlocksReceived (DealStatusOngoing)
Apr 01 05:39:21 > Recv: 20.05 MiB, Paid 0.000000000031565722 FIL, ClientEventBlocksReceived (DealStatusOngoing)
Apr 01 05:39:21 > Recv: 20.05 MiB, Paid 0.000000000031565722 FIL, ClientEventPaymentRequested (DealStatusFundsNeeded)
Apr 01 05:39:21 > Recv: 21.05 MiB, Paid 0.000000000031565722 FIL, ClientEventBlocksReceived (DealStatusFundsNeeded)
Apr 01 05:39:21 > Recv: 21.05 MiB, Paid 0.000000000031565722 FIL, ClientEventSendFunds (DealStatusSendFunds)
Apr 01 05:39:21 > Recv: 21.05 MiB, Paid 0.000000000044148634 FIL, ClientEventPaymentSent (DealStatusOngoing)
Apr 01 05:47:06 > Recv: 22.05 MiB, Paid 0.000000000044148634 FIL, ClientEventBlocksReceived (DealStatusOngoing)
Apr 01 05:47:07 > Recv: 23.05 MiB, Paid 0.000000000044148634 FIL, ClientEventBlocksReceived (DealStatusOngoing)
Apr 01 05:47:07 > Recv: 24.05 MiB, Paid 0.000000000044148634 FIL, ClientEventBlocksReceived (DealStatusOngoing)
Apr 01 05:47:07 > Recv: 25.05 MiB, Paid 0.000000000044148634 FIL, ClientEventBlocksReceived (DealStatusOngoing)
Apr 01 05:47:07 > Recv: 26.05 MiB, Paid 0.000000000044148634 FIL, ClientEventBlocksReceived (DealStatusOngoing)
Apr 01 05:47:07 > Recv: 27.05 MiB, Paid 0.000000000044148634 FIL, ClientEventBlocksReceived (DealStatusOngoing)
Apr 01 05:47:07 > Recv: 27.05 MiB, Paid 0.000000000044148634 FIL, ClientEventPaymentRequested (DealStatusFundsNeeded)
Apr 01 05:47:07 > Recv: 28.05 MiB, Paid 0.000000000044148634 FIL, ClientEventBlocksReceived (DealStatusFundsNeeded)
Apr 01 05:47:07 > Recv: 28.05 MiB, Paid 0.000000000044148634 FIL, ClientEventSendFunds (DealStatusSendFunds)
Apr 01 05:47:07 > Recv: 28.05 MiB, Paid 0.000000000058828698 FIL, ClientEventPaymentSent (DealStatusOngoing)
Apr 01 06:04:19 > Recv: 29.05 MiB, Paid 0.000000000058828698 FIL, ClientEventBlocksReceived (DealStatusOngoing)
Apr 01 06:04:19 > Recv: 30.05 MiB, Paid 0.000000000058828698 FIL, ClientEventBlocksReceived (DealStatusOngoing)
Apr 01 06:04:19 > Recv: 31.05 MiB, Paid 0.000000000058828698 FIL, ClientEventBlocksReceived (DealStatusOngoing)
Apr 01 06:04:19 > Recv: 32.05 MiB, Paid 0.000000000058828698 FIL, ClientEventBlocksReceived (DealStatusOngoing)
Apr 01 06:04:19 > Recv: 33.05 MiB, Paid 0.000000000058828698 FIL, ClientEventBlocksReceived (DealStatusOngoing)
Apr 01 06:04:19 > Recv: 34.05 MiB, Paid 0.000000000058828698 FIL, ClientEventBlocksReceived (DealStatusOngoing)
Apr 01 06:04:19 > Recv: 35.05 MiB, Paid 0.000000000058828698 FIL, ClientEventBlocksReceived (DealStatusOngoing)
Apr 01 06:04:20 > Recv: 35.05 MiB, Paid 0.000000000058828698 FIL, ClientEventPaymentRequested (DealStatusFundsNeeded)
Apr 01 06:04:20 > Recv: 36.05 MiB, Paid 0.000000000058828698 FIL, ClientEventBlocksReceived (DealStatusFundsNeeded)
Apr 01 06:04:20 > Recv: 36.05 MiB, Paid 0.000000000058828698 FIL, ClientEventSendFunds (DealStatusSendFunds)
Apr 01 06:04:20 > Recv: 36.05 MiB, Paid 0.000000000075605914 FIL, ClientEventPaymentSent (DealStatusOngoing)
Apr 01 06:24:19 > Recv: 37.05 MiB, Paid 0.000000000075605914 FIL, ClientEventBlocksReceived (DealStatusOngoing)
Apr 01 06:24:19 > Recv: 38.05 MiB, Paid 0.000000000075605914 FIL, ClientEventBlocksReceived (DealStatusOngoing)
Apr 01 06:24:19 > Recv: 39.05 MiB, Paid 0.000000000075605914 FIL, ClientEventBlocksReceived (DealStatusOngoing)
Apr 01 06:24:19 > Recv: 40.05 MiB, Paid 0.000000000075605914 FIL, ClientEventBlocksReceived (DealStatusOngoing)
Apr 01 06:24:19 > Recv: 41.05 MiB, Paid 0.000000000075605914 FIL, ClientEventBlocksReceived (DealStatusOngoing)
Apr 01 06:24:19 > Recv: 42.05 MiB, Paid 0.000000000075605914 FIL, ClientEventBlocksReceived (DealStatusOngoing)
Apr 01 06:24:19 > Recv: 43.05 MiB, Paid 0.000000000075605914 FIL, ClientEventBlocksReceived (DealStatusOngoing)
Apr 01 06:24:19 > Recv: 44.05 MiB, Paid 0.000000000075605914 FIL, ClientEventBlocksReceived (DealStatusOngoing)
Apr 01 06:24:19 > Recv: 44.05 MiB, Paid 0.000000000075605914 FIL, ClientEventPaymentRequested (DealStatusFundsNeeded)
Apr 01 06:24:19 > Recv: 45.05 MiB, Paid 0.000000000075605914 FIL, ClientEventBlocksReceived (DealStatusFundsNeeded)
Apr 01 06:24:19 > Recv: 45.05 MiB, Paid 0.000000000075605914 FIL, ClientEventSendFunds (DealStatusSendFunds)
Apr 01 06:24:19 > Recv: 45.05 MiB, Paid 0.000000000094480282 FIL, ClientEventPaymentSent (DealStatusOngoing)
Apr 01 06:25:43 > Recv: 46.05 MiB, Paid 0.000000000094480282 FIL, ClientEventBlocksReceived (DealStatusOngoing)
Apr 01 06:25:43 > Recv: 47.05 MiB, Paid 0.000000000094480282 FIL, ClientEventBlocksReceived (DealStatusOngoing)
Apr 01 06:25:43 > Recv: 48.05 MiB, Paid 0.000000000094480282 FIL, ClientEventBlocksReceived (DealStatusOngoing)
Apr 01 06:25:43 > Recv: 49.05 MiB, Paid 0.000000000094480282 FIL, ClientEventBlocksReceived (DealStatusOngoing)
Apr 01 06:25:43 > Recv: 50.05 MiB, Paid 0.000000000094480282 FIL, ClientEventBlocksReceived (DealStatusOngoing)
Apr 01 06:25:43 > Recv: 51.05 MiB, Paid 0.000000000094480282 FIL, ClientEventBlocksReceived (DealStatusOngoing)
Apr 01 06:25:43 > Recv: 52.05 MiB, Paid 0.000000000094480282 FIL, ClientEventBlocksReceived (DealStatusOngoing)
Apr 01 06:25:43 > Recv: 53.05 MiB, Paid 0.000000000094480282 FIL, ClientEventBlocksReceived (DealStatusOngoing)
Apr 01 06:25:43 > Recv: 54.05 MiB, Paid 0.000000000094480282 FIL, ClientEventBlocksReceived (DealStatusOngoing)
Apr 01 06:25:43 > Recv: 54.05 MiB, Paid 0.000000000094480282 FIL, ClientEventPaymentRequested (DealStatusFundsNeeded)
Apr 01 06:25:43 > Recv: 55.05 MiB, Paid 0.000000000094480282 FIL, ClientEventBlocksReceived (DealStatusFundsNeeded)
Apr 01 06:25:43 > Recv: 55.05 MiB, Paid 0.000000000094480282 FIL, ClientEventSendFunds (DealStatusSendFunds)
Apr 01 06:25:43 > Recv: 55.05 MiB, Paid 0.000000000115451802 FIL, ClientEventPaymentSent (DealStatusOngoing)
Apr 01 06:27:19 > Recv: 56.05 MiB, Paid 0.000000000115451802 FIL, ClientEventBlocksReceived (DealStatusOngoing)
Apr 01 06:27:19 > Recv: 57.05 MiB, Paid 0.000000000115451802 FIL, ClientEventBlocksReceived (DealStatusOngoing)
Apr 01 06:27:19 > Recv: 58.05 MiB, Paid 0.000000000115451802 FIL, ClientEventBlocksReceived (DealStatusOngoing)
Apr 01 06:27:19 > Recv: 59.05 MiB, Paid 0.000000000115451802 FIL, ClientEventBlocksReceived (DealStatusOngoing)
Apr 01 06:27:19 > Recv: 60.05 MiB, Paid 0.000000000115451802 FIL, ClientEventBlocksReceived (DealStatusOngoing)
Apr 01 06:27:19 > Recv: 61.05 MiB, Paid 0.000000000115451802 FIL, ClientEventBlocksReceived (DealStatusOngoing)
Apr 01 06:27:20 > Recv: 62.05 MiB, Paid 0.000000000115451802 FIL, ClientEventBlocksReceived (DealStatusOngoing)
Apr 01 06:27:20 > Recv: 63.05 MiB, Paid 0.000000000115451802 FIL, ClientEventBlocksReceived (DealStatusOngoing)
Apr 01 06:27:20 > Recv: 64.05 MiB, Paid 0.000000000115451802 FIL, ClientEventBlocksReceived (DealStatusOngoing)
Apr 01 06:27:20 > Recv: 65.05 MiB, Paid 0.000000000115451802 FIL, ClientEventBlocksReceived (DealStatusOngoing)
Apr 01 06:27:20 > Recv: 65.05 MiB, Paid 0.000000000115451802 FIL, ClientEventPaymentRequested (DealStatusFundsNeeded)
Apr 01 06:27:20 > Recv: 66.05 MiB, Paid 0.000000000115451802 FIL, ClientEventBlocksReceived (DealStatusFundsNeeded)
Apr 01 06:27:20 > Recv: 66.05 MiB, Paid 0.000000000115451802 FIL, ClientEventSendFunds (DealStatusSendFunds)
Apr 01 06:27:20 > Recv: 66.05 MiB, Paid 0.000000000138520474 FIL, ClientEventPaymentSent (DealStatusOngoing)
Apr 01 06:29:13 > Recv: 67.05 MiB, Paid 0.000000000138520474 FIL, ClientEventBlocksReceived (DealStatusOngoing)
Apr 01 06:29:13 > Recv: 68.05 MiB, Paid 0.000000000138520474 FIL, ClientEventBlocksReceived (DealStatusOngoing)
Apr 01 06:29:13 > Recv: 69.05 MiB, Paid 0.000000000138520474 FIL, ClientEventBlocksReceived (DealStatusOngoing)
Apr 01 06:29:13 > Recv: 70.05 MiB, Paid 0.000000000138520474 FIL, ClientEventBlocksReceived (DealStatusOngoing)
Apr 01 06:29:13 > Recv: 71.05 MiB, Paid 0.000000000138520474 FIL, ClientEventBlocksReceived (DealStatusOngoing)
Apr 01 06:29:13 > Recv: 72.05 MiB, Paid 0.000000000138520474 FIL, ClientEventBlocksReceived (DealStatusOngoing)
Apr 01 06:29:13 > Recv: 73.05 MiB, Paid 0.000000000138520474 FIL, ClientEventBlocksReceived (DealStatusOngoing)
Apr 01 06:29:13 > Recv: 74.05 MiB, Paid 0.000000000138520474 FIL, ClientEventBlocksReceived (DealStatusOngoing)
Apr 01 06:29:13 > Recv: 75.05 MiB, Paid 0.000000000138520474 FIL, ClientEventBlocksReceived (DealStatusOngoing)
Apr 01 06:29:13 > Recv: 76.05 MiB, Paid 0.000000000138520474 FIL, ClientEventBlocksReceived (DealStatusOngoing)
Apr 01 06:29:14 > Recv: 77.05 MiB, Paid 0.000000000138520474 FIL, ClientEventBlocksReceived (DealStatusOngoing)
Apr 01 06:29:14 > Recv: 77.05 MiB, Paid 0.000000000138520474 FIL, ClientEventPaymentRequested (DealStatusFundsNeeded)
Apr 01 06:29:14 > Recv: 78.05 MiB, Paid 0.000000000138520474 FIL, ClientEventBlocksReceived (DealStatusFundsNeeded)
Apr 01 06:29:14 > Recv: 78.05 MiB, Paid 0.000000000138520474 FIL, ClientEventSendFunds (DealStatusSendFunds)
Apr 01 06:29:14 > Recv: 78.05 MiB, Paid 0.000000000163686298 FIL, ClientEventPaymentSent (DealStatusOngoing)
Apr 01 06:30:31 Success
Apr 01 06:30:31 3.45user 0.47system 1:59:02elapsed 0%CPU (0avgtext+0avgdata 70288maxresident)k
Apr 01 06:30:31 2488inputs+0outputs (137major+11902minor)pagefaults 0swaps
