1 wiki.zip.aa.aa
2 wiki.zip.aa.ab
3 wiki.zip.aa.ac
4 wiki.zip.aa.ad
5 wiki.zip.aa.ae
6 wiki.zip.aa.af
7 wiki.zip.aa.ag
8 wiki.zip.aa.ah
9 wiki.zip.aa.ai
10 wiki.zip.aa.aj
11 wiki.zip.aa.ak
12 wiki.zip.aa.al
13 wiki.zip.aa.am
14 wiki.zip.aa.an
15 wiki.zip.aa.ao
16 wiki.zip.aa.ap
17 wiki.zip.aa.aq
18 wiki.zip.aa.ar
19 wiki.zip.aa.as
20 wiki.zip.aa.at
21 wiki.zip.aa.au
22 wiki.zip.aa.av
23 wiki.zip.aa.aw
24 wiki.zip.aa.ax
25 wiki.zip.aa.ay
26 wiki.zip.aa.az
27 wiki.zip.aa.ba
28 wiki.zip.aa.bb
29 wiki.zip.aa.bc
30 wiki.zip.aa.bd
31 wiki.zip.aa.be
32 wiki.zip.aa.bf
33 wiki.zip.aa.bg
34 wiki.zip.aa.bh
35 wiki.zip.aa.bi
36 wiki.zip.aa.bj
37 wiki.zip.aa.bk
38 wiki.zip.aa.bl
39 wiki.zip.aa.bm
40 wiki.zip.aa.bn
41 wiki.zip.aa.bo
42 wiki.zip.aa.bp
43 wiki.zip.aa.bq
44 wiki.zip.aa.br
45 wiki.zip.aa.bs
46 wiki.zip.aa.bt
47 wiki.zip.aa.bu
48 wiki.zip.aa.bv
49 wiki.zip.aa.bw
50 wiki.zip.aa.bx
51 wiki.zip.aa.by
52 wiki.zip.aa.bz
53 wiki.zip.aa.ca
54 wiki.zip.ab.aa
55 wiki.zip.ab.ab
56 wiki.zip.ab.ac
57 wiki.zip.ab.ad
58 wiki.zip.ab.ae
59 wiki.zip.ab.af
60 wiki.zip.ab.ag
61 wiki.zip.ab.ah
62 wiki.zip.ab.ai
63 wiki.zip.ab.aj
64 wiki.zip.ab.ak
65 wiki.zip.ab.al
66 wiki.zip.ab.am
67 wiki.zip.ab.an
68 wiki.zip.ab.ao
69 wiki.zip.ab.ap
70 wiki.zip.ab.aq
71 wiki.zip.ab.ar
72 wiki.zip.ab.as
73 wiki.zip.ab.at
74 wiki.zip.ab.au
75 wiki.zip.ab.av
76 wiki.zip.ab.aw
77 wiki.zip.ab.ax
78 wiki.zip.ab.ay
79 wiki.zip.ab.az
80 wiki.zip.ab.ba
81 wiki.zip.ab.bb
82 wiki.zip.ab.bc
83 wiki.zip.ab.bd
84 wiki.zip.ab.be
85 wiki.zip.ab.bf
86 wiki.zip.ab.bg
87 wiki.zip.ab.bh
88 wiki.zip.ab.bi
89 wiki.zip.ab.bj
90 wiki.zip.ab.bk
91 wiki.zip.ab.bl
92 wiki.zip.ab.bm
93 wiki.zip.ab.bn
94 wiki.zip.ab.bo
95 wiki.zip.ab.bp
96 wiki.zip.ab.bq
97 wiki.zip.ab.br
98 wiki.zip.ab.bs
99 wiki.zip.ab.bt
100 wiki.zip.ab.bu
101 wiki.zip.ab.bv
102 wiki.zip.ab.bw
103 wiki.zip.ab.bx
104 wiki.zip.ab.by
105 wiki.zip.ab.bz
106 wiki.zip.ab.ca
107 wiki.zip.ac.aa
108 wiki.zip.ac.ab
109 wiki.zip.ac.ac
110 wiki.zip.ac.ad
111 wiki.zip.ac.ae
112 wiki.zip.ac.af
113 wiki.zip.ac.ag
114 wiki.zip.ac.ah
115 wiki.zip.ac.ai
116 wiki.zip.ac.aj
117 wiki.zip.ac.ak
118 wiki.zip.ac.al
119 wiki.zip.ac.am
120 wiki.zip.ac.an
121 wiki.zip.ac.ao
122 wiki.zip.ac.ap
123 wiki.zip.ac.aq
124 wiki.zip.ac.ar
125 wiki.zip.ac.as
126 wiki.zip.ac.at
127 wiki.zip.ac.au
128 wiki.zip.ac.av
129 wiki.zip.ac.aw
130 wiki.zip.ac.ax
131 wiki.zip.ac.ay
132 wiki.zip.ac.az
133 wiki.zip.ac.ba
134 wiki.zip.ac.bb
135 wiki.zip.ac.bc
136 wiki.zip.ac.bd
137 wiki.zip.ac.be
138 wiki.zip.ac.bf
139 wiki.zip.ac.bg
140 wiki.zip.ac.bh
141 wiki.zip.ac.bi
142 wiki.zip.ac.bj
143 wiki.zip.ac.bk
144 wiki.zip.ac.bl
145 wiki.zip.ac.bm
146 wiki.zip.ac.bn
147 wiki.zip.ac.bo
148 wiki.zip.ac.bp
149 wiki.zip.ac.bq
150 wiki.zip.ac.br
151 wiki.zip.ac.bs
152 wiki.zip.ac.bt
153 wiki.zip.ac.bu
154 wiki.zip.ac.bv
155 wiki.zip.ac.bw
156 wiki.zip.ac.bx
157 wiki.zip.ac.by
158 wiki.zip.ac.bz
159 wiki.zip.ac.ca
160 wiki.zip.ad.aa
161 wiki.zip.ad.ab
162 wiki.zip.ad.ac
163 wiki.zip.ad.ad
164 wiki.zip.ad.ae
165 wiki.zip.ad.af
166 wiki.zip.ad.ag
167 wiki.zip.ad.ah
168 wiki.zip.ad.ai
169 wiki.zip.ad.aj
170 wiki.zip.ad.ak
171 wiki.zip.ad.al
172 wiki.zip.ad.am
173 wiki.zip.ad.an
174 wiki.zip.ad.ao
175 wiki.zip.ad.ap
176 wiki.zip.ad.aq
177 wiki.zip.ad.ar
178 wiki.zip.ad.as
179 wiki.zip.ad.at
180 wiki.zip.ad.au
181 wiki.zip.ad.av
182 wiki.zip.ad.aw
183 wiki.zip.ad.ax
184 wiki.zip.ad.ay
185 wiki.zip.ad.az
186 wiki.zip.ad.ba
187 wiki.zip.ad.bb
188 wiki.zip.ad.bc
189 wiki.zip.ad.bd
190 wiki.zip.ad.be
191 wiki.zip.ad.bf
192 wiki.zip.ad.bg
193 wiki.zip.ad.bh
194 wiki.zip.ad.bi
195 wiki.zip.ad.bj
196 wiki.zip.ad.bk
197 wiki.zip.ad.bl
198 wiki.zip.ad.bm
199 wiki.zip.ad.bn
200 wiki.zip.ad.bo
201 wiki.zip.ad.bp
202 wiki.zip.ad.bq
203 wiki.zip.ad.br
204 wiki.zip.ad.bs
205 wiki.zip.ad.bt
206 wiki.zip.ad.bu
207 wiki.zip.ad.bv
208 wiki.zip.ad.bw
209 wiki.zip.ad.bx
210 wiki.zip.ad.by
211 wiki.zip.ad.bz
212 wiki.zip.ad.ca
213 wiki.zip.ae.aa
214 wiki.zip.ae.ab
215 wiki.zip.ae.ac
216 wiki.zip.ae.ad
217 wiki.zip.ae.ae
218 wiki.zip.ae.af
219 wiki.zip.ae.ag
220 wiki.zip.ae.ah
221 wiki.zip.ae.ai
222 wiki.zip.ae.aj
223 wiki.zip.ae.ak
224 wiki.zip.ae.al
225 wiki.zip.ae.am
226 wiki.zip.ae.an
227 wiki.zip.ae.ao
228 wiki.zip.ae.ap
229 wiki.zip.ae.aq
230 wiki.zip.ae.ar
231 wiki.zip.ae.as
232 wiki.zip.ae.at
233 wiki.zip.ae.au
234 wiki.zip.ae.av
235 wiki.zip.ae.aw
236 wiki.zip.ae.ax
237 wiki.zip.ae.ay
238 wiki.zip.ae.az
239 wiki.zip.ae.ba
240 wiki.zip.ae.bb
241 wiki.zip.ae.bc
242 wiki.zip.ae.bd
243 wiki.zip.ae.be
244 wiki.zip.ae.bf
245 wiki.zip.ae.bg
246 wiki.zip.ae.bh
247 wiki.zip.ae.bi
248 wiki.zip.ae.bj
249 wiki.zip.ae.bk
250 wiki.zip.ae.bl
251 wiki.zip.ae.bm
252 wiki.zip.ae.bn
253 wiki.zip.ae.bo
254 wiki.zip.ae.bp
255 wiki.zip.ae.bq
256 wiki.zip.ae.br
257 wiki.zip.ae.bs
258 wiki.zip.ae.bt
259 wiki.zip.ae.bu
260 wiki.zip.ae.bv
261 wiki.zip.ae.bw
262 wiki.zip.ae.bx
263 wiki.zip.ae.by
264 wiki.zip.ae.bz
265 wiki.zip.ae.ca
266 wiki.zip.af.aa
267 wiki.zip.af.ab
268 wiki.zip.af.ac
269 wiki.zip.af.ad
270 wiki.zip.af.ae
271 wiki.zip.af.af
272 wiki.zip.af.ag
273 wiki.zip.af.ah
274 wiki.zip.af.ai
275 wiki.zip.af.aj
276 wiki.zip.af.ak
277 wiki.zip.af.al
278 wiki.zip.af.am
279 wiki.zip.af.an
280 wiki.zip.af.ao
281 wiki.zip.af.ap
282 wiki.zip.af.aq
283 wiki.zip.af.ar
284 wiki.zip.af.as
285 wiki.zip.af.at
286 wiki.zip.af.au
287 wiki.zip.af.av
288 wiki.zip.af.aw
289 wiki.zip.af.ax
290 wiki.zip.af.ay
291 wiki.zip.af.az
292 wiki.zip.af.ba
293 wiki.zip.af.bb
294 wiki.zip.af.bc
295 wiki.zip.af.bd
296 wiki.zip.af.be
297 wiki.zip.af.bf
298 wiki.zip.af.bg
299 wiki.zip.af.bh
300 wiki.zip.af.bi
301 wiki.zip.af.bj
302 wiki.zip.af.bk
303 wiki.zip.af.bl
304 wiki.zip.af.bm
305 wiki.zip.af.bn
306 wiki.zip.af.bo
307 wiki.zip.af.bp
308 wiki.zip.af.bq
309 wiki.zip.af.br
310 wiki.zip.af.bs
311 wiki.zip.af.bt
312 wiki.zip.af.bu
313 wiki.zip.af.bv
314 wiki.zip.af.bw
315 wiki.zip.af.bx
316 wiki.zip.af.by
317 wiki.zip.af.bz
318 wiki.zip.af.ca
319 wiki.zip.ag.aa
320 wiki.zip.ag.ab
321 wiki.zip.ag.ac
322 wiki.zip.ag.ad
323 wiki.zip.ag.ae
324 wiki.zip.ag.af
325 wiki.zip.ag.ag
326 wiki.zip.ag.ah
327 wiki.zip.ag.ai
328 wiki.zip.ag.aj
329 wiki.zip.ag.ak
330 wiki.zip.ag.al
331 wiki.zip.ag.am
332 wiki.zip.ag.an
333 wiki.zip.ag.ao
334 wiki.zip.ag.ap
335 wiki.zip.ag.aq
336 wiki.zip.ag.ar
337 wiki.zip.ag.as
338 wiki.zip.ag.at
339 wiki.zip.ag.au
340 wiki.zip.ag.av
341 wiki.zip.ag.aw
342 wiki.zip.ag.ax
343 wiki.zip.ag.ay
344 wiki.zip.ag.az
345 wiki.zip.ag.ba
346 wiki.zip.ag.bb
347 wiki.zip.ag.bc
348 wiki.zip.ag.bd
349 wiki.zip.ag.be
350 wiki.zip.ag.bf
351 wiki.zip.ag.bg
352 wiki.zip.ag.bh
353 wiki.zip.ag.bi
354 wiki.zip.ag.bj
355 wiki.zip.ag.bk
356 wiki.zip.ag.bl
357 wiki.zip.ag.bm
358 wiki.zip.ag.bn
359 wiki.zip.ag.bo
360 wiki.zip.ag.bp
361 wiki.zip.ag.bq
362 wiki.zip.ag.br
363 wiki.zip.ag.bs
364 wiki.zip.ag.bt
365 wiki.zip.ag.bu
366 wiki.zip.ag.bv
367 wiki.zip.ag.bw
368 wiki.zip.ag.bx
369 wiki.zip.ag.by
370 wiki.zip.ag.bz
371 wiki.zip.ag.ca
372 wiki.zip.ah.aa
373 wiki.zip.ah.ab
374 wiki.zip.ah.ac
375 wiki.zip.ah.ad
376 wiki.zip.ah.ae
377 wiki.zip.ah.af
378 wiki.zip.ah.ag
379 wiki.zip.ah.ah
380 wiki.zip.ah.ai
381 wiki.zip.ah.aj
382 wiki.zip.ah.ak
383 wiki.zip.ah.al
384 wiki.zip.ah.am
385 wiki.zip.ah.an
386 wiki.zip.ah.ao
387 wiki.zip.ah.ap
388 wiki.zip.ah.aq
389 wiki.zip.ah.ar
390 wiki.zip.ah.as
391 wiki.zip.ah.at
392 wiki.zip.ah.au
393 wiki.zip.ah.av
394 wiki.zip.ah.aw
395 wiki.zip.ah.ax
396 wiki.zip.ah.ay
397 wiki.zip.ah.az
398 wiki.zip.ah.ba
399 wiki.zip.ah.bb
400 wiki.zip.ah.bc
401 wiki.zip.ah.bd
402 wiki.zip.ah.be
403 wiki.zip.ah.bf
404 wiki.zip.ah.bg
405 wiki.zip.ah.bh
406 wiki.zip.ah.bi
407 wiki.zip.ah.bj
408 wiki.zip.ah.bk
409 wiki.zip.ah.bl
410 wiki.zip.ah.bm
411 wiki.zip.ah.bn
412 wiki.zip.ah.bo
413 wiki.zip.ah.bp
414 wiki.zip.ah.bq
415 wiki.zip.ah.br
416 wiki.zip.ah.bs
417 wiki.zip.ah.bt
418 wiki.zip.ah.bu
419 wiki.zip.ah.bv
420 wiki.zip.ah.bw
421 wiki.zip.ah.bx
422 wiki.zip.ah.by
423 wiki.zip.ah.bz
424 wiki.zip.ah.ca
425 wiki.zip.ai.aa
426 wiki.zip.ai.ab
427 wiki.zip.ai.ac
428 wiki.zip.ai.ad
429 wiki.zip.ai.ae
430 wiki.zip.ai.af
431 wiki.zip.ai.ag
432 wiki.zip.ai.ah
433 wiki.zip.ai.ai
434 wiki.zip.ai.aj
435 wiki.zip.ai.ak
436 wiki.zip.ai.al
437 wiki.zip.ai.am
438 wiki.zip.ai.an
439 wiki.zip.ai.ao
440 wiki.zip.ai.ap
441 wiki.zip.ai.aq
442 wiki.zip.ai.ar
443 wiki.zip.ai.as
444 wiki.zip.ai.at
445 wiki.zip.ai.au
446 wiki.zip.ai.av
447 wiki.zip.ai.aw
448 wiki.zip.ai.ax
449 wiki.zip.ai.ay
450 wiki.zip.ai.az
451 wiki.zip.ai.ba
452 wiki.zip.ai.bb
453 wiki.zip.ai.bc
454 wiki.zip.ai.bd
455 wiki.zip.ai.be
456 wiki.zip.ai.bf
457 wiki.zip.ai.bg
458 wiki.zip.ai.bh
459 wiki.zip.ai.bi
460 wiki.zip.ai.bj
461 wiki.zip.ai.bk
462 wiki.zip.ai.bl
463 wiki.zip.ai.bm
464 wiki.zip.ai.bn
465 wiki.zip.ai.bo
466 wiki.zip.ai.bp
467 wiki.zip.ai.bq
468 wiki.zip.ai.br
469 wiki.zip.ai.bs
470 wiki.zip.ai.bt
471 wiki.zip.ai.bu
472 wiki.zip.ai.bv
473 wiki.zip.ai.bw
474 wiki.zip.ai.bx
475 wiki.zip.ai.by
476 wiki.zip.ai.bz
477 wiki.zip.ai.ca
478 wiki.zip.aj.aa
479 wiki.zip.aj.ab
480 wiki.zip.aj.ac
481 wiki.zip.aj.ad
482 wiki.zip.aj.ae
483 wiki.zip.aj.af
484 wiki.zip.aj.ag
485 wiki.zip.aj.ah
486 wiki.zip.aj.ai
487 wiki.zip.aj.aj
488 wiki.zip.aj.ak
489 wiki.zip.aj.al
490 wiki.zip.aj.am
491 wiki.zip.aj.an
492 wiki.zip.aj.ao
493 wiki.zip.aj.ap
494 wiki.zip.aj.aq
495 wiki.zip.aj.ar
496 wiki.zip.aj.as
497 wiki.zip.aj.at
498 wiki.zip.aj.au
499 wiki.zip.aj.av
500 wiki.zip.aj.aw
501 wiki.zip.aj.ax
502 wiki.zip.aj.ay
503 wiki.zip.aj.az
504 wiki.zip.aj.ba
505 wiki.zip.aj.bb
506 wiki.zip.aj.bc
507 wiki.zip.aj.bd
508 wiki.zip.aj.be
509 wiki.zip.aj.bf
510 wiki.zip.aj.bg
511 wiki.zip.aj.bh
512 wiki.zip.aj.bi
513 wiki.zip.aj.bj
514 wiki.zip.aj.bk
515 wiki.zip.aj.bl
516 wiki.zip.aj.bm
517 wiki.zip.aj.bn
518 wiki.zip.aj.bo
519 wiki.zip.aj.bp
520 wiki.zip.aj.bq
521 wiki.zip.aj.br
522 wiki.zip.aj.bs
523 wiki.zip.aj.bt
524 wiki.zip.aj.bu
525 wiki.zip.aj.bv
526 wiki.zip.aj.bw
527 wiki.zip.aj.bx
528 wiki.zip.aj.by
529 wiki.zip.aj.bz
530 wiki.zip.aj.ca
531 wiki.zip.ak.aa
532 wiki.zip.ak.ab
533 wiki.zip.ak.ac
534 wiki.zip.ak.ad
535 wiki.zip.ak.ae
536 wiki.zip.ak.af
537 wiki.zip.ak.ag
538 wiki.zip.ak.ah
539 wiki.zip.ak.ai
540 wiki.zip.ak.aj
541 wiki.zip.ak.ak
542 wiki.zip.ak.al
543 wiki.zip.ak.am
544 wiki.zip.ak.an
545 wiki.zip.ak.ao
546 wiki.zip.ak.ap
547 wiki.zip.ak.aq
548 wiki.zip.ak.ar
549 wiki.zip.ak.as
550 wiki.zip.ak.at
551 wiki.zip.ak.au
552 wiki.zip.ak.av
553 wiki.zip.ak.aw
554 wiki.zip.ak.ax
555 wiki.zip.ak.ay
556 wiki.zip.ak.az
557 wiki.zip.ak.ba
558 wiki.zip.ak.bb
559 wiki.zip.ak.bc
560 wiki.zip.ak.bd
561 wiki.zip.ak.be
562 wiki.zip.ak.bf
563 wiki.zip.ak.bg
564 wiki.zip.ak.bh
565 wiki.zip.ak.bi
566 wiki.zip.ak.bj
567 wiki.zip.ak.bk
568 wiki.zip.ak.bl
569 wiki.zip.ak.bm
570 wiki.zip.ak.bn
571 wiki.zip.ak.bo
572 wiki.zip.ak.bp
573 wiki.zip.ak.bq
574 wiki.zip.ak.br
575 wiki.zip.ak.bs
576 wiki.zip.ak.bt
577 wiki.zip.ak.bu
578 wiki.zip.ak.bv
579 wiki.zip.ak.bw
580 wiki.zip.ak.bx
581 wiki.zip.ak.by
582 wiki.zip.ak.bz
583 wiki.zip.ak.ca
584 wiki.zip.al.aa
585 wiki.zip.al.ab
586 wiki.zip.al.ac
587 wiki.zip.al.ad
588 wiki.zip.al.ae
589 wiki.zip.al.af
590 wiki.zip.al.ag
591 wiki.zip.al.ah
592 wiki.zip.al.ai
593 wiki.zip.al.aj
594 wiki.zip.al.ak
595 wiki.zip.al.al
596 wiki.zip.al.am
597 wiki.zip.al.an
598 wiki.zip.al.ao
599 wiki.zip.al.ap
600 wiki.zip.al.aq
601 wiki.zip.al.ar
602 wiki.zip.al.as
603 wiki.zip.al.at
604 wiki.zip.al.au
605 wiki.zip.al.av
606 wiki.zip.al.aw
607 wiki.zip.al.ax
608 wiki.zip.al.ay
609 wiki.zip.al.az
610 wiki.zip.al.ba
611 wiki.zip.al.bb
612 wiki.zip.al.bc
613 wiki.zip.al.bd
614 wiki.zip.al.be
615 wiki.zip.al.bf
616 wiki.zip.al.bg
617 wiki.zip.al.bh
618 wiki.zip.al.bi
619 wiki.zip.al.bj
620 wiki.zip.al.bk
621 wiki.zip.al.bl
622 wiki.zip.al.bm
623 wiki.zip.al.bn
624 wiki.zip.al.bo
625 wiki.zip.al.bp
626 wiki.zip.al.bq
627 wiki.zip.al.br
628 wiki.zip.al.bs
629 wiki.zip.al.bt
630 wiki.zip.al.bu
631 wiki.zip.al.bv
632 wiki.zip.al.bw
633 wiki.zip.al.bx
634 wiki.zip.al.by
635 wiki.zip.al.bz
636 wiki.zip.al.ca
637 wiki.zip.am.aa
638 wiki.zip.am.ab
639 wiki.zip.am.ac
640 wiki.zip.am.ad
641 wiki.zip.am.ae
642 wiki.zip.am.af
643 wiki.zip.am.ag
644 wiki.zip.am.ah
645 wiki.zip.am.ai
646 wiki.zip.am.aj
647 wiki.zip.am.ak
648 wiki.zip.am.al
649 wiki.zip.am.am
650 wiki.zip.am.an
651 wiki.zip.am.ao
652 wiki.zip.am.ap
653 wiki.zip.am.aq
654 wiki.zip.am.ar
655 wiki.zip.am.as
656 wiki.zip.am.at
657 wiki.zip.am.au
658 wiki.zip.am.av
659 wiki.zip.am.aw
660 wiki.zip.am.ax
661 wiki.zip.am.ay
662 wiki.zip.am.az
663 wiki.zip.am.ba
664 wiki.zip.am.bb
665 wiki.zip.am.bc
666 wiki.zip.am.bd
667 wiki.zip.am.be
668 wiki.zip.am.bf
669 wiki.zip.am.bg
670 wiki.zip.am.bh
671 wiki.zip.am.bi
672 wiki.zip.am.bj
673 wiki.zip.am.bk
674 wiki.zip.am.bl
675 wiki.zip.am.bm
676 wiki.zip.am.bn
677 wiki.zip.am.bo
678 wiki.zip.am.bp
679 wiki.zip.am.bq
680 wiki.zip.am.br
681 wiki.zip.am.bs
682 wiki.zip.am.bt
683 wiki.zip.am.bu
684 wiki.zip.am.bv
685 wiki.zip.am.bw
686 wiki.zip.am.bx
687 wiki.zip.am.by
688 wiki.zip.am.bz
689 wiki.zip.am.ca
690 wiki.zip.an.aa
691 wiki.zip.an.ab
692 wiki.zip.an.ac
693 wiki.zip.an.ad
694 wiki.zip.an.ae
695 wiki.zip.an.af
696 wiki.zip.an.ag
697 wiki.zip.an.ah
rm: missing operand
Try 'rm --help' for more information.
1 wiki.zip.ah.bv
t01593-10495 t02315-11248 t02675-12020 t02965-12821 t05025-16335 t03052-17899 t02014-19262 t02098-21616 t069967-22354 t02263-6271
Already have log for t01593 10495 bafykbzacecrea6nozksjoeaasmnuicu3m4yvyztw5qj333ppgiaqgqlqfrn5w
Retrieving t02315 11248 bafykbzacecrea6nozksjoeaasmnuicu3m4yvyztw5qj333ppgiaqgqlqfrn5w
2020-08-24T12:19:40.602-0700	[33mWARN[0m	rpc	go-jsonrpc@v0.1.2-0.20200817153016-2ea5cbaf5ec0/client.go:430	unmarshaling failed	{"message": "{\"Err\":\"failed to dial 12D3KooWHesJWTtJonjUP8MedttQ1j5KgjjBvvNuMtsjES6cP5Dw: all dials failed\\n  * [/ip4/34.220.91.72/tcp/28003] dial tcp4 34.220.91.72:28003: connect: connection refused\",\"Root\":null,\"Piece\":null,\"Size\":0,\"MinPrice\":\"\\u003cnil\\u003e\",\"UnsealPrice\":\"\\u003cnil\\u003e\",\"PaymentInterval\":0,\"PaymentIntervalIncrease\":0,\"Miner\":\"t02315\",\"MinerPeer\":{\"Address\":\"t02315\",\"ID\":\"12D3KooWHesJWTtJonjUP8MedttQ1j5KgjjBvvNuMtsjES6cP5Dw\",\"PieceCID\":null}}"}
ERROR: RPC client error: unmarshaling result: failed to parse big string: '"\u003cnil\u003e"'

Command exited with non-zero status 1
0.02user 0.00system 0:00.07elapsed 46%CPU (0avgtext+0avgdata 37788maxresident)k
0inputs+0outputs (0major+3741minor)pagefaults 0swaps
Skipping ahead

1 wiki.zip.ae.aq
t05025-10224 t02315-14106 t02014-16011 t01909-17669 t01824-19697 t02264-6047 t01827-8551
Retrieving t05025 10224 bafykbzacedfvez27jhzim5rlj4uqzmp7vl3afmicrd47uk6wauqcsvv7phpdw
2020-08-24T12:19:46.656-0700	[33mWARN[0m	rpc	go-jsonrpc@v0.1.2-0.20200817153016-2ea5cbaf5ec0/client.go:430	unmarshaling failed	{"message": "{\"Err\":\"failed to dial 12D3KooWAxA2MbBiS1TNuzAQZwnwLBVsj4exe5PS19w1gn78oqWN: all dials failed\\n  * [/ip4/117.48.133.73/tcp/1348] dial tcp4 0.0.0.0:35515-\\u003e117.48.133.73:1348: i/o timeout\",\"Root\":null,\"Piece\":null,\"Size\":0,\"MinPrice\":\"\\u003cnil\\u003e\",\"UnsealPrice\":\"\\u003cnil\\u003e\",\"PaymentInterval\":0,\"PaymentIntervalIncrease\":0,\"Miner\":\"t05025\",\"MinerPeer\":{\"Address\":\"t05025\",\"ID\":\"12D3KooWAxA2MbBiS1TNuzAQZwnwLBVsj4exe5PS19w1gn78oqWN\",\"PieceCID\":null}}"}
ERROR: RPC client error: unmarshaling result: failed to parse big string: '"\u003cnil\u003e"'

Command exited with non-zero status 1
0.01user 0.02system 0:05.03elapsed 0%CPU (0avgtext+0avgdata 38072maxresident)k
0inputs+0outputs (0major+3753minor)pagefaults 0swaps
Skipping ahead

1 wiki.zip.ad.ad
t02554-10099 t02896-11037 t01945-11810 t02306-12669 t01593-14016 t05025-15928 t069967-19622 t01699-20512 t096605-21343 t02014-22085 t02264-6020 t01591-8431
Retrieving t02554 10099 bafykbzacedpqpcdmfc4yw5dhemg2ejt324nt6pgnhottowbuc44jegjpe7kme
> Recv: 0 B, Paid 0 FIL, ClientEventOpen (DealStatusNew)
> Recv: 0 B, Paid 0 FIL, ClientEventDealProposed (DealStatusWaitForAcceptance)
2020-08-24T12:19:49.967-0700	[34mINFO[0m	rpc	go-jsonrpc@v0.1.2-0.20200817153016-2ea5cbaf5ec0/client.go:213	rpc output message buffer	{"n": 2}
> Recv: 0 B, Paid 0 FIL, ClientEventDataTransferError (DealStatusErrored)
> Recv: 0 B, Paid 0 FIL, ClientEventOpen (DealStatusNew)
ERROR: retrieval failed: Retrieve: Retrieval Error: error generated by data transfer: deal data transfer failed: Response Rejected

Command exited with non-zero status 1
0.02user 0.01system 0:02.29elapsed 1%CPU (0avgtext+0avgdata 38516maxresident)k
0inputs+0outputs (0major+3677minor)pagefaults 0swaps
Skipping ahead

1 wiki.zip.al.bu
t02302-10852 t02675-12200 t01819-16772 t03052-18269 t01824-19946 t069967-20858 t02014-21865
Already have log for t02302 10852 bafykbzaceak7uldah6meqa2euglkfni4at4bzwnurgeirvoo4jjicibtds2za
Already have log for t02675 12200 bafykbzaceak7uldah6meqa2euglkfni4at4bzwnurgeirvoo4jjicibtds2za
Retrieving t01819 16772 bafykbzaceak7uldah6meqa2euglkfni4at4bzwnurgeirvoo4jjicibtds2za
> Recv: 0 B, Paid 0 FIL, ClientEventOpen (DealStatusNew)
> Recv: 0 B, Paid 0 FIL, ClientEventDealProposed (DealStatusWaitForAcceptance)
> Recv: 0 B, Paid 0 FIL, ClientEventDealAccepted (DealStatusAccepted)
> Recv: 0 B, Paid 0 FIL, ClientEventPaymentChannelAddingFunds (DealStatusPaymentChannelAddingFunds)
2020-08-24T12:24:00.332-0700	[34mINFO[0m	rpc	go-jsonrpc@v0.1.2-0.20200817153016-2ea5cbaf5ec0/client.go:213	rpc output message buffer	{"n": 2}
> Recv: 269 B, Paid 0 FIL, ClientEventBlocksReceived (DealStatusPaymentChannelAddingFunds)
> Recv: 269 B, Paid 0 FIL, ClientEventPaymentRequested (DealStatusPaymentChannelAddingFunds)
> Recv: 1 MiB, Paid 0 FIL, ClientEventBlocksReceived (DealStatusPaymentChannelAddingFunds)
> Recv: 1 MiB, Paid 0 FIL, ClientEventPaymentChannelReady (DealStatusOngoing)
> Recv: 1 MiB, Paid 0 FIL, ClientEventPaymentRequested (DealStatusFundsNeeded)
> Recv: 1 MiB, Paid 0 FIL, ClientEventSendFunds (DealStatusSendFunds)
> Recv: 1 MiB, Paid 0.00000000000209769 FIL, ClientEventPaymentSent (DealStatusOngoing)
> Recv: 2 MiB, Paid 0.00000000000209769 FIL, ClientEventBlocksReceived (DealStatusOngoing)
> Recv: 2 MiB, Paid 0.00000000000209769 FIL, ClientEventPaymentRequested (DealStatusFundsNeeded)
> Recv: 3 MiB, Paid 0.00000000000209769 FIL, ClientEventBlocksReceived (DealStatusFundsNeeded)
> Recv: 3 MiB, Paid 0.00000000000209769 FIL, ClientEventSendFunds (DealStatusSendFunds)
> Recv: 3 MiB, Paid 0.000000000006291994 FIL, ClientEventPaymentSent (DealStatusOngoing)
> Recv: 4 MiB, Paid 0.000000000006291994 FIL, ClientEventBlocksReceived (DealStatusOngoing)
> Recv: 4 MiB, Paid 0.000000000006291994 FIL, ClientEventLastPaymentRequested (DealStatusFundsNeededLastPayment)
> Recv: 4.769 MiB, Paid 0.000000000006291994 FIL, ClientEventBlocksReceived (DealStatusFundsNeededLastPayment)
> Recv: 4.769 MiB, Paid 0.000000000006291994 FIL, ClientEventAllBlocksReceived (DealStatusSendFundsLastPayment)
> Recv: 4.769 MiB, Paid 0.000000000010000538 FIL, ClientEventPaymentSent (DealStatusFinalizing)
> Recv: 4.769 MiB, Paid 0.000000000010000538 FIL, ClientEventComplete (DealStatusCompleted)
Success
0.01user 0.03system 4:13.07elapsed 0%CPU (0avgtext+0avgdata 38272maxresident)k
0inputs+0outputs (0major+3715minor)pagefaults 0swaps
Skipping ahead

1 wiki.zip.aj.bc
t01945-10566 t02896-11352 t01632-12945 t01819-16575 t01699-18127 t069967-19320 t02014-20758 t02554-8826 t02197-9606
Already have log for t01945 10566 bafykbzacectofrwrf5pqp46r237e5d2k2jjsnpsyng4wsxqzmolk5eknbvx4g
Retrieving t02896 11352 bafykbzacectofrwrf5pqp46r237e5d2k2jjsnpsyng4wsxqzmolk5eknbvx4g
2020-08-24T12:24:24.395-0700	[33mWARN[0m	rpc	go-jsonrpc@v0.1.2-0.20200817153016-2ea5cbaf5ec0/client.go:430	unmarshaling failed	{"message": "{\"Err\":\"routing: not found\",\"Root\":null,\"Piece\":null,\"Size\":0,\"MinPrice\":\"\\u003cnil\\u003e\",\"UnsealPrice\":\"\\u003cnil\\u003e\",\"PaymentInterval\":0,\"PaymentIntervalIncrease\":0,\"Miner\":\"t02896\",\"MinerPeer\":{\"Address\":\"t02896\",\"ID\":\"12D3KooWAxJdKvDZCaFDJQhi6yNaqBsWHpgvdUTmsKCGtnFNfeuz\",\"PieceCID\":null}}"}
ERROR: RPC client error: unmarshaling result: failed to parse big string: '"\u003cnil\u003e"'

Command exited with non-zero status 1
0.02user 0.01system 0:16.28elapsed 0%CPU (0avgtext+0avgdata 36896maxresident)k
0inputs+0outputs (0major+3591minor)pagefaults 0swaps
Skipping ahead

1 wiki.zip.af.av
t01902-11910 t01988-16098 t02302-17746 t01819-21476 t02965-22215 t02332-23937 t02014-8644 t02674-9397
Already have log for t01902 11910 bafykbzaceas5ce2j45wvwpwfiz4urg5m2bcwlkdjflj5q3rbxusgyrvqzjtvk
Retrieving t01988 16098 bafykbzaceas5ce2j45wvwpwfiz4urg5m2bcwlkdjflj5q3rbxusgyrvqzjtvk
> Recv: 0 B, Paid 0 FIL, ClientEventOpen (DealStatusNew)
> Recv: 0 B, Paid 0 FIL, ClientEventDealProposed (DealStatusWaitForAcceptance)
> Recv: 0 B, Paid 0 FIL, ClientEventDealAccepted (DealStatusAccepted)
> Recv: 0 B, Paid 0 FIL, ClientEventPaymentChannelAddingFunds (DealStatusPaymentChannelAddingFunds)
> Recv: 269 B, Paid 0 FIL, ClientEventBlocksReceived (DealStatusPaymentChannelAddingFunds)
> Recv: 269 B, Paid 0 FIL, ClientEventPaymentRequested (DealStatusPaymentChannelAddingFunds)
> Recv: 1 MiB, Paid 0 FIL, ClientEventBlocksReceived (DealStatusPaymentChannelAddingFunds)
> Recv: 1 MiB, Paid 0 FIL, ClientEventPaymentChannelReady (DealStatusOngoing)
> Recv: 1 MiB, Paid 0 FIL, ClientEventPaymentRequested (DealStatusFundsNeeded)
> Recv: 1 MiB, Paid 0 FIL, ClientEventSendFunds (DealStatusSendFunds)
> Recv: 1 MiB, Paid 0.00000000000209769 FIL, ClientEventPaymentSent (DealStatusOngoing)
> Recv: 2 MiB, Paid 0.00000000000209769 FIL, ClientEventBlocksReceived (DealStatusOngoing)
> Recv: 2 MiB, Paid 0.00000000000209769 FIL, ClientEventPaymentRequested (DealStatusFundsNeeded)
> Recv: 3 MiB, Paid 0.00000000000209769 FIL, ClientEventBlocksReceived (DealStatusFundsNeeded)
> Recv: 3 MiB, Paid 0.00000000000209769 FIL, ClientEventSendFunds (DealStatusSendFunds)
> Recv: 3 MiB, Paid 0.000000000006291994 FIL, ClientEventPaymentSent (DealStatusOngoing)
> Recv: 4 MiB, Paid 0.000000000006291994 FIL, ClientEventBlocksReceived (DealStatusOngoing)
> Recv: 4 MiB, Paid 0.000000000006291994 FIL, ClientEventLastPaymentRequested (DealStatusFundsNeededLastPayment)
> Recv: 4.769 MiB, Paid 0.000000000006291994 FIL, ClientEventBlocksReceived (DealStatusFundsNeededLastPayment)
> Recv: 4.769 MiB, Paid 0.000000000006291994 FIL, ClientEventAllBlocksReceived (DealStatusSendFundsLastPayment)
> Recv: 4.769 MiB, Paid 0.000000000010000538 FIL, ClientEventPaymentSent (DealStatusFinalizing)
> Recv: 4.769 MiB, Paid 0.000000000010000538 FIL, ClientEventComplete (DealStatusCompleted)
Success
0.03user 0.02system 4:38.04elapsed 0%CPU (0avgtext+0avgdata 37960maxresident)k
0inputs+0outputs (0major+3694minor)pagefaults 0swaps
Skipping ahead

1 wiki.zip.aj.bg
t02674-10569 t01988-16580 t02750-19325 t02098-20765 t02965-23028 t01593-6354 t05025-8833 t02675-9613
Already have log for t02674 10569 bafykbzacebei2latfjvlqlvaujvlxth2galiccp27lt5azigpug75bqgmmwpy
Retrieving t01988 16580 bafykbzacebei2latfjvlqlvaujvlxth2galiccp27lt5azigpug75bqgmmwpy
> Recv: 0 B, Paid 0 FIL, ClientEventOpen (DealStatusNew)
> Recv: 0 B, Paid 0 FIL, ClientEventDealProposed (DealStatusWaitForAcceptance)
> Recv: 0 B, Paid 0 FIL, ClientEventDealAccepted (DealStatusAccepted)
> Recv: 0 B, Paid 0 FIL, ClientEventPaymentChannelAddingFunds (DealStatusPaymentChannelAddingFunds)
> Recv: 269 B, Paid 0 FIL, ClientEventBlocksReceived (DealStatusPaymentChannelAddingFunds)
> Recv: 269 B, Paid 0 FIL, ClientEventPaymentRequested (DealStatusPaymentChannelAddingFunds)
> Recv: 1 MiB, Paid 0 FIL, ClientEventBlocksReceived (DealStatusPaymentChannelAddingFunds)
> Recv: 1 MiB, Paid 0 FIL, ClientEventPaymentChannelReady (DealStatusOngoing)
2020-08-24T12:34:00.135-0700	[34mINFO[0m	rpc	go-jsonrpc@v0.1.2-0.20200817153016-2ea5cbaf5ec0/client.go:213	rpc output message buffer	{"n": 2}
> Recv: 1 MiB, Paid 0 FIL, ClientEventPaymentRequested (DealStatusFundsNeeded)
> Recv: 1 MiB, Paid 0 FIL, ClientEventSendFunds (DealStatusSendFunds)
> Recv: 1 MiB, Paid 0.00000000000209769 FIL, ClientEventPaymentSent (DealStatusOngoing)
> Recv: 2 MiB, Paid 0.00000000000209769 FIL, ClientEventBlocksReceived (DealStatusOngoing)
> Recv: 2 MiB, Paid 0.00000000000209769 FIL, ClientEventPaymentRequested (DealStatusFundsNeeded)
> Recv: 3 MiB, Paid 0.00000000000209769 FIL, ClientEventBlocksReceived (DealStatusFundsNeeded)
> Recv: 3 MiB, Paid 0.00000000000209769 FIL, ClientEventSendFunds (DealStatusSendFunds)
> Recv: 3 MiB, Paid 0.000000000006291994 FIL, ClientEventPaymentSent (DealStatusOngoing)
> Recv: 4 MiB, Paid 0.000000000006291994 FIL, ClientEventBlocksReceived (DealStatusOngoing)
> Recv: 4 MiB, Paid 0.000000000006291994 FIL, ClientEventLastPaymentRequested (DealStatusFundsNeededLastPayment)
> Recv: 4.769 MiB, Paid 0.000000000006291994 FIL, ClientEventBlocksReceived (DealStatusFundsNeededLastPayment)
> Recv: 4.769 MiB, Paid 0.000000000006291994 FIL, ClientEventAllBlocksReceived (DealStatusSendFundsLastPayment)
> Recv: 4.769 MiB, Paid 0.000000000010000538 FIL, ClientEventPaymentSent (DealStatusFinalizing)
> Recv: 4.769 MiB, Paid 0.000000000010000538 FIL, ClientEventComplete (DealStatusCompleted)
Success
0.02user 0.04system 4:57.54elapsed 0%CPU (0avgtext+0avgdata 38660maxresident)k
0inputs+0outputs (0major+3766minor)pagefaults 0swaps
Skipping ahead

1 wiki.zip.ai.ap
t01699-10477 t02896-11276 t01824-12024 t02014-12852 t096589-16387 t02306-17969 t01945-20699 t02981-21646 t02263-6272
Already have log for t01699 10477 bafykbzacedirzqhx4dwoxysgdt4gnwgkd46oo2um356argam5wrr5bvu5ddwg
Already have log for t02896 11276 bafykbzacedirzqhx4dwoxysgdt4gnwgkd46oo2um356argam5wrr5bvu5ddwg
Retrieving t01824 12024 bafykbzacedirzqhx4dwoxysgdt4gnwgkd46oo2um356argam5wrr5bvu5ddwg
2020-08-24T12:34:07.611-0700	[33mWARN[0m	rpc	go-jsonrpc@v0.1.2-0.20200817153016-2ea5cbaf5ec0/client.go:430	unmarshaling failed	{"message": "{\"Err\":\"failed to dial 12D3KooWAcAC6hESHLkndpbpp3cNsHHCGP3K4WBi5sn1FU6nbZwh: all dials failed\\n  * [/ip4/101.206.156.202/tcp/18880] failed to negotiate security protocol: read tcp4 192.168.25.165:35515-\\u003e101.206.156.202:18880: read: connection reset by peer\",\"Root\":null,\"Piece\":null,\"Size\":0,\"MinPrice\":\"\\u003cnil\\u003e\",\"UnsealPrice\":\"\\u003cnil\\u003e\",\"PaymentInterval\":0,\"PaymentIntervalIncrease\":0,\"Miner\":\"t01824\",\"MinerPeer\":{\"Address\":\"t01824\",\"ID\":\"12D3KooWAcAC6hESHLkndpbpp3cNsHHCGP3K4WBi5sn1FU6nbZwh\",\"PieceCID\":null}}"}
ERROR: RPC client error: unmarshaling result: failed to parse big string: '"\u003cnil\u003e"'

Command exited with non-zero status 1
0.02user 0.00system 0:00.52elapsed 5%CPU (0avgtext+0avgdata 37452maxresident)k
0inputs+0outputs (0major+3659minor)pagefaults 0swaps
Skipping ahead

1 wiki.zip.al.ad
t02306-10645 t02750-13010 t02249-16710 t069967-19441 t02098-20821 t02014-23112 t01945-6891 t01902-8986
Already have log for t02306 10645 bafykbzacec2rndf3wffw5yfmflteepd46xlqp2r63wzlph25bctzh3rohut4m
Retrieving t02750 13010 bafykbzacec2rndf3wffw5yfmflteepd46xlqp2r63wzlph25bctzh3rohut4m
> Recv: 0 B, Paid 0 FIL, ClientEventOpen (DealStatusNew)
> Recv: 0 B, Paid 0 FIL, ClientEventDealProposed (DealStatusWaitForAcceptance)
> Recv: 0 B, Paid 0 FIL, ClientEventDealAccepted (DealStatusAccepted)
> Recv: 269 B, Paid 0 FIL, ClientEventBlocksReceived (DealStatusAccepted)
> Recv: 269 B, Paid 0 FIL, ClientEventPaymentRequested (DealStatusAccepted)
> Recv: 1 MiB, Paid 0 FIL, ClientEventBlocksReceived (DealStatusAccepted)
> Recv: 1 MiB, Paid 0 FIL, ClientEventPaymentChannelAddingFunds (DealStatusPaymentChannelAddingFunds)
> Recv: 1 MiB, Paid 0 FIL, ClientEventPaymentChannelReady (DealStatusOngoing)
> Recv: 1 MiB, Paid 0 FIL, ClientEventPaymentRequested (DealStatusFundsNeeded)
> Recv: 1 MiB, Paid 0 FIL, ClientEventSendFunds (DealStatusSendFunds)
> Recv: 1 MiB, Paid 0.00000000000209769 FIL, ClientEventPaymentSent (DealStatusOngoing)
> Recv: 2 MiB, Paid 0.00000000000209769 FIL, ClientEventBlocksReceived (DealStatusOngoing)
> Recv: 2 MiB, Paid 0.00000000000209769 FIL, ClientEventPaymentRequested (DealStatusFundsNeeded)
> Recv: 3 MiB, Paid 0.00000000000209769 FIL, ClientEventBlocksReceived (DealStatusFundsNeeded)
> Recv: 3 MiB, Paid 0.00000000000209769 FIL, ClientEventSendFunds (DealStatusSendFunds)
> Recv: 3 MiB, Paid 0.000000000006291994 FIL, ClientEventPaymentSent (DealStatusOngoing)
> Recv: 4 MiB, Paid 0.000000000006291994 FIL, ClientEventBlocksReceived (DealStatusOngoing)
> Recv: 4 MiB, Paid 0.000000000006291994 FIL, ClientEventLastPaymentRequested (DealStatusFundsNeededLastPayment)
> Recv: 4.769 MiB, Paid 0.000000000006291994 FIL, ClientEventBlocksReceived (DealStatusFundsNeededLastPayment)
> Recv: 4.769 MiB, Paid 0.000000000006291994 FIL, ClientEventAllBlocksReceived (DealStatusSendFundsLastPayment)
> Recv: 4.769 MiB, Paid 0.000000000010000538 FIL, ClientEventPaymentSent (DealStatusFinalizing)
> Recv: 4.769 MiB, Paid 0.000000000010000538 FIL, ClientEventComplete (DealStatusCompleted)
Success
0.04user 0.02system 5:54.63elapsed 0%CPU (0avgtext+0avgdata 37748maxresident)k
0inputs+0outputs (0major+3755minor)pagefaults 0swaps
Skipping ahead

1 wiki.zip.ah.bs
t02014-10450 t04985-11240 t01819-12834 t01988-16321 t02896-19259 t02306-19755 t01945-20678 t02810-21613 t01699-6254 t01902-8744 t02965-9541
Already have log for t02014 10450 bafykbzacedpq36soqqw27hqgguomvzsbqolpzqyzgwqyjzegdwwfdkeuerfjk
Retrieving t04985 11240 bafykbzacedpq36soqqw27hqgguomvzsbqolpzqyzgwqyjzegdwwfdkeuerfjk
2020-08-24T12:40:06.763-0700	[33mWARN[0m	rpc	go-jsonrpc@v0.1.2-0.20200817153016-2ea5cbaf5ec0/client.go:430	unmarshaling failed	{"message": "{\"Err\":\"failed to dial 12D3KooWKHaJMXg717d3fMPrQPuYoR1Hj14EtiJnJFQakjWHdpwW: all dials failed\\n  * [/ip4/109.156.140.10/tcp/3456] failed to negotiate security protocol: peer IDs don't match\",\"Root\":null,\"Piece\":null,\"Size\":0,\"MinPrice\":\"\\u003cnil\\u003e\",\"UnsealPrice\":\"\\u003cnil\\u003e\",\"PaymentInterval\":0,\"PaymentIntervalIncrease\":0,\"Miner\":\"t04985\",\"MinerPeer\":{\"Address\":\"t04985\",\"ID\":\"12D3KooWKHaJMXg717d3fMPrQPuYoR1Hj14EtiJnJFQakjWHdpwW\",\"PieceCID\":null}}"}
ERROR: RPC client error: unmarshaling result: failed to parse big string: '"\u003cnil\u003e"'

Command exited with non-zero status 1
0.00user 0.03system 0:00.45elapsed 8%CPU (0avgtext+0avgdata 38092maxresident)k
0inputs+0outputs (0major+3589minor)pagefaults 0swaps
Skipping ahead

1 wiki.zip.ah.am
t01632-10403 t01824-12019 t01988-16280 t02306-17859 t01699-19238 t03052-21573 t01819-6695 t02098-9491
Already have log for t01632 10403 bafykbzacebldmfbxvjdqvwnm2otrcwgrjhdjt4jgfcy2hcdjyqly2tomqvihg
Already have log for t01824 12019 bafykbzacebldmfbxvjdqvwnm2otrcwgrjhdjt4jgfcy2hcdjyqly2tomqvihg
Already have log for t01988 16280 bafykbzacebldmfbxvjdqvwnm2otrcwgrjhdjt4jgfcy2hcdjyqly2tomqvihg
Already have log for t02306 17859 bafykbzacebldmfbxvjdqvwnm2otrcwgrjhdjt4jgfcy2hcdjyqly2tomqvihg
Retrieving t01699 19238 bafykbzacebldmfbxvjdqvwnm2otrcwgrjhdjt4jgfcy2hcdjyqly2tomqvihg
> Recv: 0 B, Paid 0 FIL, ClientEventOpen (DealStatusNew)
> Recv: 0 B, Paid 0 FIL, ClientEventDealProposed (DealStatusWaitForAcceptance)
> Recv: 0 B, Paid 0 FIL, ClientEventDealAccepted (DealStatusAccepted)
> Recv: 0 B, Paid 0 FIL, ClientEventPaymentChannelAddingFunds (DealStatusPaymentChannelAddingFunds)
> Recv: 269 B, Paid 0 FIL, ClientEventBlocksReceived (DealStatusPaymentChannelAddingFunds)
> Recv: 269 B, Paid 0 FIL, ClientEventPaymentRequested (DealStatusPaymentChannelAddingFunds)
> Recv: 1 MiB, Paid 0 FIL, ClientEventBlocksReceived (DealStatusPaymentChannelAddingFunds)
> Recv: 1 MiB, Paid 0 FIL, ClientEventPaymentChannelReady (DealStatusOngoing)
2020-08-24T12:43:30.138-0700	[34mINFO[0m	rpc	go-jsonrpc@v0.1.2-0.20200817153016-2ea5cbaf5ec0/client.go:213	rpc output message buffer	{"n": 2}
> Recv: 1 MiB, Paid 0 FIL, ClientEventPaymentRequested (DealStatusFundsNeeded)
> Recv: 1 MiB, Paid 0 FIL, ClientEventSendFunds (DealStatusSendFunds)
> Recv: 1 MiB, Paid 0.00000000000209769 FIL, ClientEventPaymentSent (DealStatusOngoing)
> Recv: 2 MiB, Paid 0.00000000000209769 FIL, ClientEventBlocksReceived (DealStatusOngoing)
> Recv: 2 MiB, Paid 0.00000000000209769 FIL, ClientEventPaymentRequested (DealStatusFundsNeeded)
> Recv: 3 MiB, Paid 0.00000000000209769 FIL, ClientEventBlocksReceived (DealStatusFundsNeeded)
> Recv: 3 MiB, Paid 0.00000000000209769 FIL, ClientEventSendFunds (DealStatusSendFunds)
> Recv: 3 MiB, Paid 0.000000000006291994 FIL, ClientEventPaymentSent (DealStatusOngoing)
> Recv: 4 MiB, Paid 0.000000000006291994 FIL, ClientEventBlocksReceived (DealStatusOngoing)
> Recv: 4 MiB, Paid 0.000000000006291994 FIL, ClientEventLastPaymentRequested (DealStatusFundsNeededLastPayment)
> Recv: 4.769 MiB, Paid 0.000000000006291994 FIL, ClientEventBlocksReceived (DealStatusFundsNeededLastPayment)
> Recv: 4.769 MiB, Paid 0.000000000006291994 FIL, ClientEventAllBlocksReceived (DealStatusSendFundsLastPayment)
> Recv: 4.769 MiB, Paid 0.000000000010000538 FIL, ClientEventPaymentSent (DealStatusFinalizing)
> Recv: 4.769 MiB, Paid 0.000000000010000538 FIL, ClientEventComplete (DealStatusCompleted)
Success
0.01user 0.04system 3:21.14elapsed 0%CPU (0avgtext+0avgdata 38860maxresident)k
88inputs+0outputs (1major+3744minor)pagefaults 0swaps
Skipping ahead

1 wiki.zip.al.aq
t04985-10686 t01824-16717 t01819-18234 t01699-19440 t02302-21830 t02004-23129 t02206-6925 t02306-9751
Already have log for t04985 10686 bafykbzacea6iv5dxx6g24rka26cug5tlvegfpk7b6dvm6ruvgi5le4q4pjeh2
Already have log for t01824 16717 bafykbzacea6iv5dxx6g24rka26cug5tlvegfpk7b6dvm6ruvgi5le4q4pjeh2
Retrieving t01819 18234 bafykbzacea6iv5dxx6g24rka26cug5tlvegfpk7b6dvm6ruvgi5le4q4pjeh2
> Recv: 0 B, Paid 0 FIL, ClientEventOpen (DealStatusNew)
> Recv: 0 B, Paid 0 FIL, ClientEventDealProposed (DealStatusWaitForAcceptance)
> Recv: 0 B, Paid 0 FIL, ClientEventDealAccepted (DealStatusAccepted)
> Recv: 0 B, Paid 0 FIL, ClientEventPaymentChannelAddingFunds (DealStatusPaymentChannelAddingFunds)
> Recv: 269 B, Paid 0 FIL, ClientEventBlocksReceived (DealStatusPaymentChannelAddingFunds)
> Recv: 269 B, Paid 0 FIL, ClientEventPaymentRequested (DealStatusPaymentChannelAddingFunds)
> Recv: 1 MiB, Paid 0 FIL, ClientEventBlocksReceived (DealStatusPaymentChannelAddingFunds)
> Recv: 1 MiB, Paid 0 FIL, ClientEventPaymentChannelReady (DealStatusOngoing)
> Recv: 1 MiB, Paid 0 FIL, ClientEventPaymentRequested (DealStatusFundsNeeded)
> Recv: 1 MiB, Paid 0 FIL, ClientEventSendFunds (DealStatusSendFunds)
> Recv: 1 MiB, Paid 0.00000000000209769 FIL, ClientEventPaymentSent (DealStatusOngoing)
> Recv: 2 MiB, Paid 0.00000000000209769 FIL, ClientEventBlocksReceived (DealStatusOngoing)
> Recv: 2 MiB, Paid 0.00000000000209769 FIL, ClientEventPaymentRequested (DealStatusFundsNeeded)
> Recv: 3 MiB, Paid 0.00000000000209769 FIL, ClientEventBlocksReceived (DealStatusFundsNeeded)
> Recv: 3 MiB, Paid 0.00000000000209769 FIL, ClientEventSendFunds (DealStatusSendFunds)
> Recv: 3 MiB, Paid 0.000000000006291994 FIL, ClientEventPaymentSent (DealStatusOngoing)
> Recv: 4 MiB, Paid 0.000000000006291994 FIL, ClientEventBlocksReceived (DealStatusOngoing)
> Recv: 4 MiB, Paid 0.000000000006291994 FIL, ClientEventLastPaymentRequested (DealStatusFundsNeededLastPayment)
> Recv: 4.769 MiB, Paid 0.000000000006291994 FIL, ClientEventBlocksReceived (DealStatusFundsNeededLastPayment)
> Recv: 4.769 MiB, Paid 0.000000000006291994 FIL, ClientEventAllBlocksReceived (DealStatusSendFundsLastPayment)
> Recv: 4.769 MiB, Paid 0.000000000010000538 FIL, ClientEventPaymentSent (DealStatusFinalizing)
> Recv: 4.769 MiB, Paid 0.000000000010000538 FIL, ClientEventComplete (DealStatusCompleted)
Success
0.03user 0.03system 5:02.81elapsed 0%CPU (0avgtext+0avgdata 38360maxresident)k
0inputs+0outputs (0major+3747minor)pagefaults 0swaps
Skipping ahead

1 wiki.zip.ad.br
t01699-10174 t02674-11845 t02315-14165 t01827-15982 t03052-21387 t02197-22108
Already have log for t01699 10174 bafykbzaceb2xf7xxktteyge6chbkofmdqdbwzd6a3mmp3lnspcoip5o6f5dvc
Already have log for t02674 11845 bafykbzaceb2xf7xxktteyge6chbkofmdqdbwzd6a3mmp3lnspcoip5o6f5dvc
Retrieving t02315 14165 bafykbzaceb2xf7xxktteyge6chbkofmdqdbwzd6a3mmp3lnspcoip5o6f5dvc
2020-08-24T12:48:41.941-0700	[33mWARN[0m	rpc	go-jsonrpc@v0.1.2-0.20200817153016-2ea5cbaf5ec0/client.go:430	unmarshaling failed	{"message": "{\"Err\":\"failed to dial 12D3KooWHesJWTtJonjUP8MedttQ1j5KgjjBvvNuMtsjES6cP5Dw: all dials failed\\n  * [/ip4/34.220.91.72/tcp/28003] dial tcp4 34.220.91.72:28003: connect: connection refused\",\"Root\":null,\"Piece\":null,\"Size\":0,\"MinPrice\":\"\\u003cnil\\u003e\",\"UnsealPrice\":\"\\u003cnil\\u003e\",\"PaymentInterval\":0,\"PaymentIntervalIncrease\":0,\"Miner\":\"t02315\",\"MinerPeer\":{\"Address\":\"t02315\",\"ID\":\"12D3KooWHesJWTtJonjUP8MedttQ1j5KgjjBvvNuMtsjES6cP5Dw\",\"PieceCID\":null}}"}
ERROR: RPC client error: unmarshaling result: failed to parse big string: '"\u003cnil\u003e"'

Command exited with non-zero status 1
0.02user 0.00system 0:00.06elapsed 47%CPU (0avgtext+0avgdata 37356maxresident)k
0inputs+0outputs (0major+3684minor)pagefaults 0swaps
Skipping ahead

1 wiki.zip.ah.ay
t01902-10435 t01699-11263 t01824-12824 t02182-16292 t02896-17878 t02197-20676 t02965-21589 t02263-6208 t02014-8761 t02306-9508
Already have log for t01902 10435 bafykbzacecd63hdj5ll5p3un5mwhtbo7ktn3undluo6sd3362jkimplnivcj2
Retrieving t01699 11263 bafykbzacecd63hdj5ll5p3un5mwhtbo7ktn3undluo6sd3362jkimplnivcj2
> Recv: 0 B, Paid 0 FIL, ClientEventOpen (DealStatusNew)
> Recv: 0 B, Paid 0 FIL, ClientEventDealProposed (DealStatusWaitForAcceptance)
> Recv: 0 B, Paid 0 FIL, ClientEventDealAccepted (DealStatusAccepted)
> Recv: 0 B, Paid 0 FIL, ClientEventPaymentChannelAddingFunds (DealStatusPaymentChannelAddingFunds)
> Recv: 269 B, Paid 0 FIL, ClientEventBlocksReceived (DealStatusPaymentChannelAddingFunds)
> Recv: 269 B, Paid 0 FIL, ClientEventPaymentRequested (DealStatusPaymentChannelAddingFunds)
> Recv: 1 MiB, Paid 0 FIL, ClientEventBlocksReceived (DealStatusPaymentChannelAddingFunds)
> Recv: 1 MiB, Paid 0 FIL, ClientEventPaymentChannelReady (DealStatusOngoing)
> Recv: 1 MiB, Paid 0 FIL, ClientEventPaymentRequested (DealStatusFundsNeeded)
> Recv: 1 MiB, Paid 0 FIL, ClientEventSendFunds (DealStatusSendFunds)
> Recv: 1 MiB, Paid 0.00000000000209769 FIL, ClientEventPaymentSent (DealStatusOngoing)
> Recv: 2 MiB, Paid 0.00000000000209769 FIL, ClientEventBlocksReceived (DealStatusOngoing)
> Recv: 2 MiB, Paid 0.00000000000209769 FIL, ClientEventPaymentRequested (DealStatusFundsNeeded)
> Recv: 3 MiB, Paid 0.00000000000209769 FIL, ClientEventBlocksReceived (DealStatusFundsNeeded)
> Recv: 3 MiB, Paid 0.00000000000209769 FIL, ClientEventSendFunds (DealStatusSendFunds)
> Recv: 3 MiB, Paid 0.000000000006291994 FIL, ClientEventPaymentSent (DealStatusOngoing)
> Recv: 4 MiB, Paid 0.000000000006291994 FIL, ClientEventBlocksReceived (DealStatusOngoing)
> Recv: 4 MiB, Paid 0.000000000006291994 FIL, ClientEventLastPaymentRequested (DealStatusFundsNeededLastPayment)
> Recv: 4.769 MiB, Paid 0.000000000006291994 FIL, ClientEventBlocksReceived (DealStatusFundsNeededLastPayment)
> Recv: 4.769 MiB, Paid 0.000000000006291994 FIL, ClientEventAllBlocksReceived (DealStatusSendFundsLastPayment)
> Recv: 4.769 MiB, Paid 0.000000000010000538 FIL, ClientEventPaymentSent (DealStatusFinalizing)
> Recv: 4.769 MiB, Paid 0.000000000010000538 FIL, ClientEventComplete (DealStatusCompleted)
Success
0.03user 0.04system 10:19.88elapsed 0%CPU (0avgtext+0avgdata 38044maxresident)k
0inputs+0outputs (0major+3683minor)pagefaults 0swaps
Skipping ahead

1 wiki.zip.ad.bo
t01945-10169 t02675-11060 t02014-11849 t02965-12691 t069967-15972 t02302-17647 t01699-19084 t01824-21381 t096492-22105
Already have log for t01945 10169 bafykbzaceagay6tcw6lymgvx2e4wbbesnrcnz3uuy7lhm6xxwfh3qnmlooegw
Retrieving t02675 11060 bafykbzaceagay6tcw6lymgvx2e4wbbesnrcnz3uuy7lhm6xxwfh3qnmlooegw
2020-08-24T12:59:10.923-0700	[33mWARN[0m	rpc	go-jsonrpc@v0.1.2-0.20200817153016-2ea5cbaf5ec0/client.go:430	unmarshaling failed	{"message": "{\"Err\":\"failed to dial 12D3KooWAfmJvpRxfNLBdvToYhS9osKRozg81DTNQDDYkzPUetPG: all dials failed\\n  * [/ip4/34.222.193.200/tcp/28003] dial tcp4 0.0.0.0:35515-\\u003e34.222.193.200:28003: i/o timeout\",\"Root\":null,\"Piece\":null,\"Size\":0,\"MinPrice\":\"\\u003cnil\\u003e\",\"UnsealPrice\":\"\\u003cnil\\u003e\",\"PaymentInterval\":0,\"PaymentIntervalIncrease\":0,\"Miner\":\"t02675\",\"MinerPeer\":{\"Address\":\"t02675\",\"ID\":\"12D3KooWAfmJvpRxfNLBdvToYhS9osKRozg81DTNQDDYkzPUetPG\",\"PieceCID\":null}}"}
ERROR: RPC client error: unmarshaling result: failed to parse big string: '"\u003cnil\u003e"'

Command exited with non-zero status 1
0.03user 0.01system 0:05.03elapsed 0%CPU (0avgtext+0avgdata 37944maxresident)k
0inputs+0outputs (0major+3701minor)pagefaults 0swaps
Skipping ahead

1 wiki.zip.ab.av
t02014-10021 t03052-10911 t02750-12637 t01827-15821 t069967-21254 t01902-22029 t01819-5873 t02098-8315 t02182-9203
Already have log for t02014 10021 bafykbzacec62xhkodnrbjmpzpgltgttyscvd6aivegeck23hooufjzne4wfk2
Already have log for t03052 10911 bafykbzacec62xhkodnrbjmpzpgltgttyscvd6aivegeck23hooufjzne4wfk2
Already have log for t02750 12637 bafykbzacec62xhkodnrbjmpzpgltgttyscvd6aivegeck23hooufjzne4wfk2
Already have log for t01827 15821 bafykbzacec62xhkodnrbjmpzpgltgttyscvd6aivegeck23hooufjzne4wfk2
Already have log for t069967 21254 bafykbzacec62xhkodnrbjmpzpgltgttyscvd6aivegeck23hooufjzne4wfk2
Already have log for t01902 22029 bafykbzacec62xhkodnrbjmpzpgltgttyscvd6aivegeck23hooufjzne4wfk2
Already have log for t01819 5873 bafykbzacec62xhkodnrbjmpzpgltgttyscvd6aivegeck23hooufjzne4wfk2
Already have log for t02098 8315 bafykbzacec62xhkodnrbjmpzpgltgttyscvd6aivegeck23hooufjzne4wfk2
Already have log for t02182 9203 bafykbzacec62xhkodnrbjmpzpgltgttyscvd6aivegeck23hooufjzne4wfk2

0 wiki.zip.ad.bp
t01743-10170 t02554-12689 t069967-20537 t02810-21384 t05025-22102 t01819-6036 t02197-9306
Already have log for t01743 10170 bafykbzacecxcm42vd7nulobxhzztxkvtvn5zmzwz32d3zoroiqxkynxkxmsoo
Retrieving t02554 12689 bafykbzacecxcm42vd7nulobxhzztxkvtvn5zmzwz32d3zoroiqxkynxkxmsoo
> Recv: 0 B, Paid 0 FIL, ClientEventOpen (DealStatusNew)
> Recv: 0 B, Paid 0 FIL, ClientEventDealProposed (DealStatusWaitForAcceptance)
2020-08-24T12:59:23.913-0700	[34mINFO[0m	rpc	go-jsonrpc@v0.1.2-0.20200817153016-2ea5cbaf5ec0/client.go:213	rpc output message buffer	{"n": 2}
> Recv: 0 B, Paid 0 FIL, ClientEventDataTransferError (DealStatusErrored)
> Recv: 0 B, Paid 0 FIL, ClientEventOpen (DealStatusNew)
ERROR: retrieval failed: Retrieve: Retrieval Error: error generated by data transfer: deal data transfer failed: Response Rejected

Command exited with non-zero status 1
0.02user 0.01system 0:00.85elapsed 4%CPU (0avgtext+0avgdata 38368maxresident)k
0inputs+0outputs (0major+3695minor)pagefaults 0swaps
Skipping ahead

1 wiki.zip.al.be
t02098-10723 t01632-12190 t01827-16756 t01988-18254 t02896-19456 t02306-19936 t01902-20835 t0151229-21832 t01699-8008 t02315-9847
Already have log for t02098 10723 bafykbzacedmy7mlalj7lrulnv5semq6wj5gpgepskruymbxwut5wkkl2zstse
Retrieving t01632 12190 bafykbzacedmy7mlalj7lrulnv5semq6wj5gpgepskruymbxwut5wkkl2zstse
2020-08-24T12:59:26.325-0700	[33mWARN[0m	rpc	go-jsonrpc@v0.1.2-0.20200817153016-2ea5cbaf5ec0/client.go:430	unmarshaling failed	{"message": "{\"Err\":\"failed to dial 12D3KooWDmcfoMZd58DS7mBXxY9a9ceddrSnYr6g8Rcv6fDfXF4q: all dials failed\\n  * [/ip4/120.133.36.57/tcp/23456] dial tcp4 120.133.36.57:23456: connect: connection refused\",\"Root\":null,\"Piece\":null,\"Size\":0,\"MinPrice\":\"\\u003cnil\\u003e\",\"UnsealPrice\":\"\\u003cnil\\u003e\",\"PaymentInterval\":0,\"PaymentIntervalIncrease\":0,\"Miner\":\"t01632\",\"MinerPeer\":{\"Address\":\"t01632\",\"ID\":\"12D3KooWDmcfoMZd58DS7mBXxY9a9ceddrSnYr6g8Rcv6fDfXF4q\",\"PieceCID\":null}}"}
ERROR: RPC client error: unmarshaling result: failed to parse big string: '"\u003cnil\u003e"'

Command exited with non-zero status 1
0.02user 0.01system 0:00.38elapsed 9%CPU (0avgtext+0avgdata 37616maxresident)k
0inputs+0outputs (0major+3673minor)pagefaults 0swaps
Skipping ahead

1 wiki.zip.aa.bw
t01593-10953 t01824-12608 t01988-17450 t02750-18945 t02306-19502 t02896-21229 t02302-21951 t02315-8362 t01632-9131 t05036-9911
Retrieving t01593 10953 bafykbzaceajvobn24ihaulam5qlehaahwbi2nuypwm7gvso7adbnecxfgvxis
2020-08-24T12:59:32.756-0700	[33mWARN[0m	rpc	go-jsonrpc@v0.1.2-0.20200817153016-2ea5cbaf5ec0/client.go:430	unmarshaling failed	{"message": "{\"Err\":\"routing: not found\",\"Root\":null,\"Piece\":null,\"Size\":0,\"MinPrice\":\"\\u003cnil\\u003e\",\"UnsealPrice\":\"\\u003cnil\\u003e\",\"PaymentInterval\":0,\"PaymentIntervalIncrease\":0,\"Miner\":\"t01593\",\"MinerPeer\":{\"Address\":\"t01593\",\"ID\":\"12D3KooWBxQqffcLnrpGGovydDLrPPZsrVtJwgKKyRHAPRAQwaNQ\",\"PieceCID\":null}}"}
ERROR: RPC client error: unmarshaling result: failed to parse big string: '"\u003cnil\u003e"'

Command exited with non-zero status 1
0.01user 0.01system 0:05.41elapsed 0%CPU (0avgtext+0avgdata 37268maxresident)k
0inputs+0outputs (0major+3615minor)pagefaults 0swaps
Skipping ahead

1 wiki.zip.al.bi
t02014-11497 t02315-12197 t02965-16748 t02750-19446 t02004-19943 t01699-20845 t02896-21835 t05036-9035 t01909-9769
Already have log for t02014 11497 bafykbzacecgz3odus5fn4qbupuds5bvdp2hxm7vrde2roeipmacwqby2bn2py
Retrieving t02315 12197 bafykbzacecgz3odus5fn4qbupuds5bvdp2hxm7vrde2roeipmacwqby2bn2py
2020-08-24T12:59:34.868-0700	[33mWARN[0m	rpc	go-jsonrpc@v0.1.2-0.20200817153016-2ea5cbaf5ec0/client.go:430	unmarshaling failed	{"message": "{\"Err\":\"failed to dial 12D3KooWHesJWTtJonjUP8MedttQ1j5KgjjBvvNuMtsjES6cP5Dw: all dials failed\\n  * [/ip4/34.220.91.72/tcp/28003] dial tcp4 34.220.91.72:28003: connect: connection refused\",\"Root\":null,\"Piece\":null,\"Size\":0,\"MinPrice\":\"\\u003cnil\\u003e\",\"UnsealPrice\":\"\\u003cnil\\u003e\",\"PaymentInterval\":0,\"PaymentIntervalIncrease\":0,\"Miner\":\"t02315\",\"MinerPeer\":{\"Address\":\"t02315\",\"ID\":\"12D3KooWHesJWTtJonjUP8MedttQ1j5KgjjBvvNuMtsjES6cP5Dw\",\"PieceCID\":null}}"}
ERROR: RPC client error: unmarshaling result: failed to parse big string: '"\u003cnil\u003e"'

Command exited with non-zero status 1
0.02user 0.01system 0:00.07elapsed 50%CPU (0avgtext+0avgdata 37960maxresident)k
0inputs+0outputs (0major+3748minor)pagefaults 0swaps
Skipping ahead

1 wiki.zip.aj.bm
t02315-11397 t02197-16590 t02004-18144 t01824-19369 t01699-20766 t01945-21741 t02014-6378 t01909-9631
Already have log for t02315 11397 bafykbzacec5mccbq2sx7mnptrhvnmuao44q5dqgut7rsre6xmkjl3day4wpce
Already have log for t02197 16590 bafykbzacec5mccbq2sx7mnptrhvnmuao44q5dqgut7rsre6xmkjl3day4wpce
Retrieving t02004 18144 bafykbzacec5mccbq2sx7mnptrhvnmuao44q5dqgut7rsre6xmkjl3day4wpce
2020-08-24T12:59:38.254-0700	[33mWARN[0m	rpc	go-jsonrpc@v0.1.2-0.20200817153016-2ea5cbaf5ec0/client.go:430	unmarshaling failed	{"message": "{\"Err\":\"failed to dial 12D3KooWRL2sjoGinBB4QSyRjJ7UkYMUPXgCPZykLgBaoLwmqSX4: all dials failed\\n  * [/ip4/113.215.188.183/tcp/35252] dial tcp4 113.215.188.183:35252: connect: connection refused\",\"Root\":null,\"Piece\":null,\"Size\":0,\"MinPrice\":\"\\u003cnil\\u003e\",\"UnsealPrice\":\"\\u003cnil\\u003e\",\"PaymentInterval\":0,\"PaymentIntervalIncrease\":0,\"Miner\":\"t02004\",\"MinerPeer\":{\"Address\":\"t02004\",\"ID\":\"12D3KooWRL2sjoGinBB4QSyRjJ7UkYMUPXgCPZykLgBaoLwmqSX4\",\"PieceCID\":null}}"}
ERROR: RPC client error: unmarshaling result: failed to parse big string: '"\u003cnil\u003e"'

Command exited with non-zero status 1
0.03user 0.00system 0:00.34elapsed 9%CPU (0avgtext+0avgdata 37176maxresident)k
0inputs+0outputs (0major+3577minor)pagefaults 0swaps
Skipping ahead

1 wiki.zip.ai.at
t01824-10493 t01819-11283 t02965-12034 t01945-17953 t03052-20704 t02004-21650 t01699-24036 t02306-8810 t01827-9572
Already have log for t01824 10493 bafykbzacebisqzlny3rmjpq6zqnjrcpn3ye6jms3jartg4dpba63r43wirzwc
Already have log for t01819 11283 bafykbzacebisqzlny3rmjpq6zqnjrcpn3ye6jms3jartg4dpba63r43wirzwc
Retrieving t02965 12034 bafykbzacebisqzlny3rmjpq6zqnjrcpn3ye6jms3jartg4dpba63r43wirzwc
2020-08-24T12:59:44.622-0700	[33mWARN[0m	rpc	go-jsonrpc@v0.1.2-0.20200817153016-2ea5cbaf5ec0/client.go:430	unmarshaling failed	{"message": "{\"Err\":\"routing: not found\",\"Root\":null,\"Piece\":null,\"Size\":0,\"MinPrice\":\"\\u003cnil\\u003e\",\"UnsealPrice\":\"\\u003cnil\\u003e\",\"PaymentInterval\":0,\"PaymentIntervalIncrease\":0,\"Miner\":\"t02965\",\"MinerPeer\":{\"Address\":\"t02965\",\"ID\":\"12D3KooWCkwvoDCbgTeA449F3LEfpMMPSVZsarDNRFtQWeqREdV8\",\"PieceCID\":null}}"}
ERROR: RPC client error: unmarshaling result: failed to parse big string: '"\u003cnil\u003e"'

Command exited with non-zero status 1
0.01user 0.01system 0:03.33elapsed 0%CPU (0avgtext+0avgdata 38220maxresident)k
0inputs+0outputs (0major+3573minor)pagefaults 0swaps
Skipping ahead

1 wiki.zip.aj.bf
t01591-10578 t02004-11391 t01632-12071 t02750-12956 t02896-8820 t01902-9610
Already have log for t01591 10578 bafykbzacead7kyucze6llqxqgodz7b7vstbocpaclnfubuvhokr5oofkpceei
Retrieving t02004 11391 bafykbzacead7kyucze6llqxqgodz7b7vstbocpaclnfubuvhokr5oofkpceei
2020-08-24T12:59:47.017-0700	[33mWARN[0m	rpc	go-jsonrpc@v0.1.2-0.20200817153016-2ea5cbaf5ec0/client.go:430	unmarshaling failed	{"message": "{\"Err\":\"failed to dial 12D3KooWRL2sjoGinBB4QSyRjJ7UkYMUPXgCPZykLgBaoLwmqSX4: all dials failed\\n  * [/ip4/113.215.188.183/tcp/35252] dial tcp4 113.215.188.183:35252: connect: connection refused\",\"Root\":null,\"Piece\":null,\"Size\":0,\"MinPrice\":\"\\u003cnil\\u003e\",\"UnsealPrice\":\"\\u003cnil\\u003e\",\"PaymentInterval\":0,\"PaymentIntervalIncrease\":0,\"Miner\":\"t02004\",\"MinerPeer\":{\"Address\":\"t02004\",\"ID\":\"12D3KooWRL2sjoGinBB4QSyRjJ7UkYMUPXgCPZykLgBaoLwmqSX4\",\"PieceCID\":null}}"}
ERROR: RPC client error: unmarshaling result: failed to parse big string: '"\u003cnil\u003e"'

Command exited with non-zero status 1
0.02user 0.01system 0:00.36elapsed 10%CPU (0avgtext+0avgdata 36920maxresident)k
0inputs+0outputs (0major+3592minor)pagefaults 0swaps
Skipping ahead

1 wiki.zip.ag.ax
t02004-11217 t01945-12796 t01593-16188 t01699-19740 t03052-20632 t096605-21537 t02332-22267 t02206-7940 t01827-9444
Already have log for t02004 11217 bafykbzacechff4rbwtdzb3wann4sp4p6wivoqbmu6usi34yc5ggdv2yhzo3ds
Retrieving t01945 12796 bafykbzacechff4rbwtdzb3wann4sp4p6wivoqbmu6usi34yc5ggdv2yhzo3ds
> Recv: 0 B, Paid 0 FIL, ClientEventOpen (DealStatusNew)
> Recv: 0 B, Paid 0 FIL, ClientEventDealProposed (DealStatusWaitForAcceptance)
> Recv: 0 B, Paid 0 FIL, ClientEventDealAccepted (DealStatusAccepted)
> Recv: 0 B, Paid 0 FIL, ClientEventPaymentChannelAddingFunds (DealStatusPaymentChannelAddingFunds)
> Recv: 269 B, Paid 0 FIL, ClientEventBlocksReceived (DealStatusPaymentChannelAddingFunds)
> Recv: 269 B, Paid 0 FIL, ClientEventPaymentRequested (DealStatusPaymentChannelAddingFunds)
> Recv: 1 MiB, Paid 0 FIL, ClientEventBlocksReceived (DealStatusPaymentChannelAddingFunds)
> Recv: 1 MiB, Paid 0 FIL, ClientEventPaymentChannelReady (DealStatusOngoing)
> Recv: 1 MiB, Paid 0 FIL, ClientEventPaymentRequested (DealStatusFundsNeeded)
> Recv: 1 MiB, Paid 0 FIL, ClientEventSendFunds (DealStatusSendFunds)
> Recv: 1 MiB, Paid 0.00000000000209769 FIL, ClientEventPaymentSent (DealStatusOngoing)
> Recv: 2 MiB, Paid 0.00000000000209769 FIL, ClientEventBlocksReceived (DealStatusOngoing)
> Recv: 2 MiB, Paid 0.00000000000209769 FIL, ClientEventPaymentRequested (DealStatusFundsNeeded)
> Recv: 3 MiB, Paid 0.00000000000209769 FIL, ClientEventBlocksReceived (DealStatusFundsNeeded)
> Recv: 3 MiB, Paid 0.00000000000209769 FIL, ClientEventSendFunds (DealStatusSendFunds)
> Recv: 3 MiB, Paid 0.000000000006291994 FIL, ClientEventPaymentSent (DealStatusOngoing)
> Recv: 4 MiB, Paid 0.000000000006291994 FIL, ClientEventBlocksReceived (DealStatusOngoing)
> Recv: 4 MiB, Paid 0.000000000006291994 FIL, ClientEventLastPaymentRequested (DealStatusFundsNeededLastPayment)
> Recv: 4.769 MiB, Paid 0.000000000006291994 FIL, ClientEventBlocksReceived (DealStatusFundsNeededLastPayment)
> Recv: 4.769 MiB, Paid 0.000000000006291994 FIL, ClientEventAllBlocksReceived (DealStatusSendFundsLastPayment)
> Recv: 4.769 MiB, Paid 0.000000000010000538 FIL, ClientEventPaymentSent (DealStatusFinalizing)
> Recv: 4.769 MiB, Paid 0.000000000010000538 FIL, ClientEventComplete (DealStatusCompleted)
Success
0.03user 0.02system 3:51.53elapsed 0%CPU (0avgtext+0avgdata 38940maxresident)k
0inputs+0outputs (0major+3732minor)pagefaults 0swaps
Skipping ahead

1 wiki.zip.aa.ay
t02554-11733 t02306-13912 t096589-15729 t02965-17437 t01945-19510 t02014-20450 t01988-21196 t01699-21960 t03052-22488 t01902-8338 t05025-9168
Already have log for t02554 11733 bafykbzacedjbxe6dcynee7fzljntadc6zzbh4bvn7t4npdokbxhfeqjyp2qus
Already have log for t02306 13912 bafykbzacedjbxe6dcynee7fzljntadc6zzbh4bvn7t4npdokbxhfeqjyp2qus
Retrieving t096589 15729 bafykbzacedjbxe6dcynee7fzljntadc6zzbh4bvn7t4npdokbxhfeqjyp2qus
2020-08-24T13:03:44.141-0700	[33mWARN[0m	rpc	go-jsonrpc@v0.1.2-0.20200817153016-2ea5cbaf5ec0/client.go:430	unmarshaling failed	{"message": "{\"Err\":\"failed to dial 12D3KooWJFqxLXnMHMWkUhR54iVhMir1q75BLDT2QNbo4Hf1KmBu: all dials failed\\n  * [/ip4/175.6.13.37/tcp/23450] dial tcp4 175.6.13.37:23450: connect: connection refused\",\"Root\":null,\"Piece\":null,\"Size\":0,\"MinPrice\":\"\\u003cnil\\u003e\",\"UnsealPrice\":\"\\u003cnil\\u003e\",\"PaymentInterval\":0,\"PaymentIntervalIncrease\":0,\"Miner\":\"t096589\",\"MinerPeer\":{\"Address\":\"t096589\",\"ID\":\"12D3KooWJFqxLXnMHMWkUhR54iVhMir1q75BLDT2QNbo4Hf1KmBu\",\"PieceCID\":null}}"}
ERROR: RPC client error: unmarshaling result: failed to parse big string: '"\u003cnil\u003e"'

Command exited with non-zero status 1
0.04user 0.01system 0:00.49elapsed 10%CPU (0avgtext+0avgdata 37232maxresident)k
168inputs+0outputs (1major+3652minor)pagefaults 0swaps
Skipping ahead

1 wiki.zip.aa.bi
t02315-12602 t096589-17435 t01988-20454 t02249-21212 t02332-21987 t01824-22531 t02264-5854 t02197-8343 t01902-9155
Already have log for t02315 12602 bafykbzacecd7fioa7tjeyzud7p7b5dcdptfompcrtaa23oytkcr2rqxqwmlxo
Retrieving t096589 17435 bafykbzacecd7fioa7tjeyzud7p7b5dcdptfompcrtaa23oytkcr2rqxqwmlxo
2020-08-24T13:03:46.214-0700	[33mWARN[0m	rpc	go-jsonrpc@v0.1.2-0.20200817153016-2ea5cbaf5ec0/client.go:430	unmarshaling failed	{"message": "{\"Err\":\"dial backoff\",\"Root\":null,\"Piece\":null,\"Size\":0,\"MinPrice\":\"\\u003cnil\\u003e\",\"UnsealPrice\":\"\\u003cnil\\u003e\",\"PaymentInterval\":0,\"PaymentIntervalIncrease\":0,\"Miner\":\"t096589\",\"MinerPeer\":{\"Address\":\"t096589\",\"ID\":\"12D3KooWJFqxLXnMHMWkUhR54iVhMir1q75BLDT2QNbo4Hf1KmBu\",\"PieceCID\":null}}"}
ERROR: RPC client error: unmarshaling result: failed to parse big string: '"\u003cnil\u003e"'

Command exited with non-zero status 1
0.02user 0.01system 0:00.03elapsed 97%CPU (0avgtext+0avgdata 38776maxresident)k
0inputs+0outputs (0major+3790minor)pagefaults 0swaps
Skipping ahead

1 wiki.zip.am.al
t02098-10804 t02554-12216 t02965-16801 t03052-20872 t02306-6909 t01824-9078 t02315-9850
Already have log for t02098 10804 bafykbzacecytmyto77lbxxxj6if6l445xakquhsmnwbn4khpj4xpawdzxd35w
Retrieving t02554 12216 bafykbzacecytmyto77lbxxxj6if6l445xakquhsmnwbn4khpj4xpawdzxd35w
> Recv: 0 B, Paid 0 FIL, ClientEventOpen (DealStatusNew)
> Recv: 0 B, Paid 0 FIL, ClientEventDealProposed (DealStatusWaitForAcceptance)
> Recv: 0 B, Paid 0 FIL, ClientEventDataTransferError (DealStatusErrored)
> Recv: 0 B, Paid 0 FIL, ClientEventOpen (DealStatusNew)
ERROR: retrieval failed: Retrieve: Retrieval Error: error generated by data transfer: deal data transfer failed: Response Rejected

Command exited with non-zero status 1
0.01user 0.03system 0:00.87elapsed 4%CPU (0avgtext+0avgdata 38740maxresident)k
0inputs+0outputs (0major+3818minor)pagefaults 0swaps
Skipping ahead

1 wiki.zip.ag.bf
t01632-10346 t02315-11234 t01593-11988 t02014-14198 t01824-16200 t02306-17825 t01819-20637 t096492-21550 t01902-22268 t02332-22849 t01699-6184 t02098-9504
Already have log for t01632 10346 bafykbzacebgvnyk6qbesqgw5mfepmv3lv66ds3oymdjifubmhq6knjjrgme4e
Retrieving t02315 11234 bafykbzacebgvnyk6qbesqgw5mfepmv3lv66ds3oymdjifubmhq6knjjrgme4e
2020-08-24T13:03:51.220-0700	[33mWARN[0m	rpc	go-jsonrpc@v0.1.2-0.20200817153016-2ea5cbaf5ec0/client.go:430	unmarshaling failed	{"message": "{\"Err\":\"failed to dial 12D3KooWHesJWTtJonjUP8MedttQ1j5KgjjBvvNuMtsjES6cP5Dw: all dials failed\\n  * [/ip4/34.220.91.72/tcp/28003] dial tcp4 34.220.91.72:28003: connect: connection refused\",\"Root\":null,\"Piece\":null,\"Size\":0,\"MinPrice\":\"\\u003cnil\\u003e\",\"UnsealPrice\":\"\\u003cnil\\u003e\",\"PaymentInterval\":0,\"PaymentIntervalIncrease\":0,\"Miner\":\"t02315\",\"MinerPeer\":{\"Address\":\"t02315\",\"ID\":\"12D3KooWHesJWTtJonjUP8MedttQ1j5KgjjBvvNuMtsjES6cP5Dw\",\"PieceCID\":null}}"}
ERROR: RPC client error: unmarshaling result: failed to parse big string: '"\u003cnil\u003e"'

Command exited with non-zero status 1
0.02user 0.00system 0:00.06elapsed 45%CPU (0avgtext+0avgdata 38248maxresident)k
0inputs+0outputs (0major+3653minor)pagefaults 0swaps
Skipping ahead

1 wiki.zip.ab.bp
t02554-12623 t02674-13968 t02098-15846 t01824-21270 t096492-21972 t02014-22558 t01945-6553 t02965-9957
Already have log for t02554 12623 bafykbzacedurt3mchx3q5l6rjfye622bsbwwgvrrnouwht3ibh7vnthy7oe4c
Already have log for t02674 13968 bafykbzacedurt3mchx3q5l6rjfye622bsbwwgvrrnouwht3ibh7vnthy7oe4c
Retrieving t02098 15846 bafykbzacedurt3mchx3q5l6rjfye622bsbwwgvrrnouwht3ibh7vnthy7oe4c
> Recv: 0 B, Paid 0 FIL, ClientEventOpen (DealStatusNew)
> Recv: 0 B, Paid 0 FIL, ClientEventDealProposed (DealStatusWaitForAcceptance)
> Recv: 0 B, Paid 0 FIL, ClientEventDealAccepted (DealStatusAccepted)
> Recv: 0 B, Paid 0 FIL, ClientEventPaymentChannelAddingFunds (DealStatusPaymentChannelAddingFunds)
Success
0.04user 0.02system 5:06.62elapsed 0%CPU (0avgtext+0avgdata 38124maxresident)k
0inputs+0outputs (0major+3735minor)pagefaults 0swaps
Skipping ahead

1 wiki.zip.ab.bz
t02315-11006 t01593-12656 t01824-17552 t02965-18987 t02249-21287 t02332-22002 t069967-22579 t01902-5943 t01699-8411 t01827-9276
Already have log for t02315 11006 bafykbzaceckz6db3tveruge2vjvnuepqseyttd4wxlut6sb6l755zrmk4fi7s
Already have log for t01593 12656 bafykbzaceckz6db3tveruge2vjvnuepqseyttd4wxlut6sb6l755zrmk4fi7s
Already have log for t01824 17552 bafykbzaceckz6db3tveruge2vjvnuepqseyttd4wxlut6sb6l755zrmk4fi7s
Already have log for t02965 18987 bafykbzaceckz6db3tveruge2vjvnuepqseyttd4wxlut6sb6l755zrmk4fi7s
Retrieving t02249 21287 bafykbzaceckz6db3tveruge2vjvnuepqseyttd4wxlut6sb6l755zrmk4fi7s
ERROR: dial tcp 127.0.0.1:1234: connect: connection refused

Command exited with non-zero status 1
0.02user 0.01system 0:00.04elapsed 88%CPU (0avgtext+0avgdata 36600maxresident)k
0inputs+0outputs (0major+3675minor)pagefaults 0swaps
Skipping ahead

1 wiki.zip.ah.bg
t01743-10432 t01824-11261 t01593-12010 t02674-12829 t01902-16304 t01988-17887 t02981-21606 t01945-23998 t02197-8775 t04985-9515
Already have log for t01743 10432 bafykbzaceasworwjabt3gh3bygt7h6qh4irizn42nekh4z3mlhnhobo7rfszy
Already have log for t01824 11261 bafykbzaceasworwjabt3gh3bygt7h6qh4irizn42nekh4z3mlhnhobo7rfszy
Retrieving t01593 12010 bafykbzaceasworwjabt3gh3bygt7h6qh4irizn42nekh4z3mlhnhobo7rfszy
ERROR: dial tcp 127.0.0.1:1234: connect: connection refused

Command exited with non-zero status 1
0.02user 0.01system 0:00.03elapsed 86%CPU (0avgtext+0avgdata 36424maxresident)k
0inputs+0outputs (0major+3508minor)pagefaults 0swaps
Skipping ahead

1 wiki.zip.aa.bk
t02965-10869 t02675-11741 t02014-12606 t05025-15750 t02306-18929 t01824-19499 t069967-21214 t02004-22529 t01593-5852 t01699-8350 t02315-9158
Already have log for t02965 10869 bafykbzacec73edqe6per7bb67hczaxlqq6v57twxpefm3ori5va5mavhwzn7i
Already have log for t02675 11741 bafykbzacec73edqe6per7bb67hczaxlqq6v57twxpefm3ori5va5mavhwzn7i
Already have log for t02014 12606 bafykbzacec73edqe6per7bb67hczaxlqq6v57twxpefm3ori5va5mavhwzn7i
Already have log for t05025 15750 bafykbzacec73edqe6per7bb67hczaxlqq6v57twxpefm3ori5va5mavhwzn7i
Already have log for t02306 18929 bafykbzacec73edqe6per7bb67hczaxlqq6v57twxpefm3ori5va5mavhwzn7i
Already have log for t01824 19499 bafykbzacec73edqe6per7bb67hczaxlqq6v57twxpefm3ori5va5mavhwzn7i
Already have log for t069967 21214 bafykbzacec73edqe6per7bb67hczaxlqq6v57twxpefm3ori5va5mavhwzn7i
Retrieving t02004 22529 bafykbzacec73edqe6per7bb67hczaxlqq6v57twxpefm3ori5va5mavhwzn7i
ERROR: dial tcp 127.0.0.1:1234: connect: connection refused

Command exited with non-zero status 1
0.01user 0.01system 0:00.03elapsed 91%CPU (0avgtext+0avgdata 36640maxresident)k
0inputs+0outputs (0major+3591minor)pagefaults 0swaps
Skipping ahead

1 wiki.zip.ah.ar
t05036-10410 t03052-11255 t02675-12816 t02197-16284 t02306-19753 t01699-20659 t02556-21581 t01819-8753 t02674-9501
Already have log for t05036 10410 bafykbzaceax5vz36vl6mqroyos4dywkok6o6ycwfdavm6lriulqq2obqnyzqw
Retrieving t03052 11255 bafykbzaceax5vz36vl6mqroyos4dywkok6o6ycwfdavm6lriulqq2obqnyzqw
ERROR: dial tcp 127.0.0.1:1234: connect: connection refused

Command exited with non-zero status 1
0.01user 0.01system 0:00.03elapsed 90%CPU (0avgtext+0avgdata 36704maxresident)k
0inputs+0outputs (0major+3624minor)pagefaults 0swaps
Skipping ahead

1 wiki.zip.aa.bc
t01819-10895 t01824-11719 t02674-12601 t096379-15751 t01945-17441 t02004-18933 t096492-21205 t01902-5846 t02098-8333 t01743-9952
Already have log for t01819 10895 bafykbzaceal4dooslfamvuw5w6t4gw64wsidvhjx2wtijfbqjfjwqw44dzywo
Already have log for t01824 11719 bafykbzaceal4dooslfamvuw5w6t4gw64wsidvhjx2wtijfbqjfjwqw44dzywo
Already have log for t02674 12601 bafykbzaceal4dooslfamvuw5w6t4gw64wsidvhjx2wtijfbqjfjwqw44dzywo
Retrieving t096379 15751 bafykbzaceal4dooslfamvuw5w6t4gw64wsidvhjx2wtijfbqjfjwqw44dzywo
ERROR: dial tcp 127.0.0.1:1234: connect: connection refused

Command exited with non-zero status 1
0.02user 0.00system 0:00.03elapsed 93%CPU (0avgtext+0avgdata 36332maxresident)k
0inputs+0outputs (0major+3594minor)pagefaults 0swaps
Skipping ahead

1 wiki.zip.af.aa
t01827-11158 t01593-11919 t02674-12741 t02965-14142 t069967-19159 t01945-22768 t02315-6087 t02014-8605 t01743-9375
Already have log for t01827 11158 bafykbzacedu7z2fnpwye2ywrrrrabw7wzo323hyimzztf3w7ust3bgvrshqic
Retrieving t01593 11919 bafykbzacedu7z2fnpwye2ywrrrrabw7wzo323hyimzztf3w7ust3bgvrshqic
ERROR: dial tcp 127.0.0.1:1234: connect: connection refused

Command exited with non-zero status 1
0.02user 0.00system 0:00.03elapsed 90%CPU (0avgtext+0avgdata 35448maxresident)k
0inputs+0outputs (0major+3488minor)pagefaults 0swaps
Skipping ahead

1 wiki.zip.ag.ah
t01945-11971 t02014-16177 t02965-19730 t01819-20623 t02156-21519 t02332-23953 t01699-6143 t01593-8680 t01708-9483
Already have log for t01945 11971 bafykbzacec2qeojub7qzrjadsntmew6u4q6y3cy5mgkrtrfg7be5vfebnlzhi
Retrieving t02014 16177 bafykbzacec2qeojub7qzrjadsntmew6u4q6y3cy5mgkrtrfg7be5vfebnlzhi
ERROR: dial tcp 127.0.0.1:1234: connect: connection refused

Command exited with non-zero status 1
0.01user 0.01system 0:00.03elapsed 93%CPU (0avgtext+0avgdata 36060maxresident)k
0inputs+0outputs (0major+3488minor)pagefaults 0swaps
Skipping ahead

1 wiki.zip.ac.bd
t01699-10050 t01945-10971 t02306-12678 t02750-13990 t069967-15894 t01988-17588 t02965-20498 t01920-21315 t02098-22041 t02014-23857 t01819-5964 t01902-9208
Already have log for t01699 10050 bafykbzacedwi3d5ic7aml3na4e4tcz3lz44dbgnqmokpuxdm3q3vgt7hetdm4
Already have log for t01945 10971 bafykbzacedwi3d5ic7aml3na4e4tcz3lz44dbgnqmokpuxdm3q3vgt7hetdm4
Retrieving t02306 12678 bafykbzacedwi3d5ic7aml3na4e4tcz3lz44dbgnqmokpuxdm3q3vgt7hetdm4
ERROR: dial tcp 127.0.0.1:1234: connect: connection refused

Command exited with non-zero status 1
0.01user 0.00system 0:00.02elapsed 96%CPU (0avgtext+0avgdata 36064maxresident)k
0inputs+0outputs (0major+3637minor)pagefaults 0swaps
Skipping ahead

1 wiki.zip.ab.ai
t02675-10904 t096379-15779 t03052-17465 t02965-20461 t01824-21236 t02197-22009 t01819-5886 t02263-9923
Retrieving t02675 10904 bafykbzaceap43pmebt5vkwesf5b5nqozdpjugv7rlcbfvprh4zdhyunyivsf2
ERROR: dial tcp 127.0.0.1:1234: connect: connection refused

Command exited with non-zero status 1
0.02user 0.00system 0:00.03elapsed 76%CPU (0avgtext+0avgdata 37000maxresident)k
0inputs+0outputs (0major+3660minor)pagefaults 0swaps
Skipping ahead

1 wiki.zip.ah.ca
t02182-10456 t02014-11253 t01819-12424 t03052-16344 t02965-19248 t01920-21627 t02206-7964 t01824-8747 t02263-9612
Already have log for t02182 10456 bafykbzaced5fqnoxrffrpd6oix6g3sjxiqebpfxi2xctg34n7ytsu22re4r2q
Already have log for t02014 11253 bafykbzaced5fqnoxrffrpd6oix6g3sjxiqebpfxi2xctg34n7ytsu22re4r2q
Retrieving t01819 12424 bafykbzaced5fqnoxrffrpd6oix6g3sjxiqebpfxi2xctg34n7ytsu22re4r2q
ERROR: dial tcp 127.0.0.1:1234: connect: connection refused

Command exited with non-zero status 1
0.02user 0.00system 0:00.03elapsed 86%CPU (0avgtext+0avgdata 35876maxresident)k
0inputs+0outputs (0major+3508minor)pagefaults 0swaps
Skipping ahead

1 wiki.zip.ai.as
t02306-12028 t02675-12836 t01591-16382 t069967-19854 t01824-20700 t01902-21649 t02014-6269 t01827-8811 t02315-9575
Already have log for t02306 12028 bafykbzacebk6pfrcr4xpjzypnupljnvosp7ztpul5vtyvbynspsxmpya3xtto
Retrieving t02675 12836 bafykbzacebk6pfrcr4xpjzypnupljnvosp7ztpul5vtyvbynspsxmpya3xtto
ERROR: dial tcp 127.0.0.1:1234: connect: connection refused

Command exited with non-zero status 1
0.02user 0.00system 0:00.03elapsed 80%CPU (0avgtext+0avgdata 36828maxresident)k
0inputs+0outputs (0major+3585minor)pagefaults 0swaps
Skipping ahead

1 wiki.zip.al.ax
t01819-11463 t02896-18243 t02306-19450 t02014-19934 t05025-20836 t069967-21825 t01945-23130
Already have log for t01819 11463 bafykbzacecl4cyuzs5miclpf6qo476zdnsntfm6tmjdrchx43nsv7u5kgdalg
Already have log for t02896 18243 bafykbzacecl4cyuzs5miclpf6qo476zdnsntfm6tmjdrchx43nsv7u5kgdalg
Already have log for t02306 19450 bafykbzacecl4cyuzs5miclpf6qo476zdnsntfm6tmjdrchx43nsv7u5kgdalg
Retrieving t02014 19934 bafykbzacecl4cyuzs5miclpf6qo476zdnsntfm6tmjdrchx43nsv7u5kgdalg
ERROR: dial tcp 127.0.0.1:1234: connect: connection refused

Command exited with non-zero status 1
0.01user 0.01system 0:00.03elapsed 80%CPU (0avgtext+0avgdata 36764maxresident)k
0inputs+0outputs (0major+3573minor)pagefaults 0swaps
Skipping ahead

1 wiki.zip.ae.am
t02315-10219 t01902-11075 t02306-11858 t02675-12699 t02896-16004 t096492-17662 t02004-19149 t069967-20548 t02197-21417 t03052-22123
Already have log for t02315 10219 bafykbzacebq7yhzu5qawemohh4ivc3la4cjepxrllznjcgeuw2zjl3eg46fpe
Already have log for t01902 11075 bafykbzacebq7yhzu5qawemohh4ivc3la4cjepxrllznjcgeuw2zjl3eg46fpe
Already have log for t02306 11858 bafykbzacebq7yhzu5qawemohh4ivc3la4cjepxrllznjcgeuw2zjl3eg46fpe
Already have log for t02675 12699 bafykbzacebq7yhzu5qawemohh4ivc3la4cjepxrllznjcgeuw2zjl3eg46fpe
Retrieving t02896 16004 bafykbzacebq7yhzu5qawemohh4ivc3la4cjepxrllznjcgeuw2zjl3eg46fpe
ERROR: dial tcp 127.0.0.1:1234: connect: connection refused

Command exited with non-zero status 1
0.02user 0.01system 0:00.03elapsed 87%CPU (0avgtext+0avgdata 36620maxresident)k
0inputs+0outputs (0major+3652minor)pagefaults 0swaps
Skipping ahead

1 wiki.zip.ag.bl
t02182-10368 t02014-12779 t05025-16216 t01699-17837 t069967-23982 t02315-7959
Already have log for t02182 10368 bafykbzacedzbgj6pmibqot4r3paxe4urb77u37kcpsivmyayaolgt2g4sbbte
Already have log for t02014 12779 bafykbzacedzbgj6pmibqot4r3paxe4urb77u37kcpsivmyayaolgt2g4sbbte
Already have log for t05025 16216 bafykbzacedzbgj6pmibqot4r3paxe4urb77u37kcpsivmyayaolgt2g4sbbte
Retrieving t01699 17837 bafykbzacedzbgj6pmibqot4r3paxe4urb77u37kcpsivmyayaolgt2g4sbbte
ERROR: dial tcp 127.0.0.1:1234: connect: connection refused

Command exited with non-zero status 1
0.02user 0.01system 0:00.03elapsed 94%CPU (0avgtext+0avgdata 36368maxresident)k
0inputs+0outputs (0major+3660minor)pagefaults 0swaps
Skipping ahead

1 wiki.zip.am.ac
t01945-10773 t02675-11500 t02750-13055 t03052-16796 t069967-18283 t02014-19457 t02306-19947 t01902-20862 t01824-8016 t02263-9019 t02302-9844
Already have log for t01945 10773 bafykbzacebebzblfiagnj3ftm3f2v4g5w2okkxbiaopefso4farzorp4e2ln2
Retrieving t02675 11500 bafykbzacebebzblfiagnj3ftm3f2v4g5w2okkxbiaopefso4farzorp4e2ln2
ERROR: dial tcp 127.0.0.1:1234: connect: connection refused

Command exited with non-zero status 1
0.01user 0.01system 0:00.03elapsed 85%CPU (0avgtext+0avgdata 36564maxresident)k
0inputs+0outputs (0major+3663minor)pagefaults 0swaps
Skipping ahead

1 wiki.zip.ae.bf
t02014-10288 t01945-11884 t01902-16031 t01591-17739 t02750-19157 t069967-19703 t01824-20561 t01920-21430 t01827-22171 t02332-23923 t02315-8594 t01909-9344
Already have log for t02014 10288 bafykbzacebxumikah4cpbnwuok66cb4el6b57p6egfrrmxo253oox2fnce46u
Already have log for t01945 11884 bafykbzacebxumikah4cpbnwuok66cb4el6b57p6egfrrmxo253oox2fnce46u
Already have log for t01902 16031 bafykbzacebxumikah4cpbnwuok66cb4el6b57p6egfrrmxo253oox2fnce46u
Already have log for t01591 17739 bafykbzacebxumikah4cpbnwuok66cb4el6b57p6egfrrmxo253oox2fnce46u
Retrieving t02750 19157 bafykbzacebxumikah4cpbnwuok66cb4el6b57p6egfrrmxo253oox2fnce46u
ERROR: dial tcp 127.0.0.1:1234: connect: connection refused

Command exited with non-zero status 1
0.01user 0.01system 0:00.04elapsed 69%CPU (0avgtext+0avgdata 36452maxresident)k
0inputs+0outputs (0major+3651minor)pagefaults 0swaps
Skipping ahead

1 wiki.zip.aa.an
t01632-10884 t01593-11725 t096492-15735 t069967-17412 t01945-20443 t02896-21188 t03052-21934 t02014-22483 t02264-5838 t01699-8336 t05036-9937
Already have log for t01632 10884 bafykbzaceccua2onasdxgksvx2d4wnacdrpultry4nuptyo76v6z52mhsotrw
Already have log for t01593 11725 bafykbzaceccua2onasdxgksvx2d4wnacdrpultry4nuptyo76v6z52mhsotrw
Already have log for t096492 15735 bafykbzaceccua2onasdxgksvx2d4wnacdrpultry4nuptyo76v6z52mhsotrw
Already have log for t069967 17412 bafykbzaceccua2onasdxgksvx2d4wnacdrpultry4nuptyo76v6z52mhsotrw
Already have log for t01945 20443 bafykbzaceccua2onasdxgksvx2d4wnacdrpultry4nuptyo76v6z52mhsotrw
Already have log for t02896 21188 bafykbzaceccua2onasdxgksvx2d4wnacdrpultry4nuptyo76v6z52mhsotrw
Retrieving t03052 21934 bafykbzaceccua2onasdxgksvx2d4wnacdrpultry4nuptyo76v6z52mhsotrw
ERROR: dial tcp 127.0.0.1:1234: connect: connection refused

Command exited with non-zero status 1
0.01user 0.01system 0:00.03elapsed 94%CPU (0avgtext+0avgdata 35992maxresident)k
0inputs+0outputs (0major+3541minor)pagefaults 0swaps
Skipping ahead

1 wiki.zip.am.bb
t01591-11529 t02674-12225 t02750-13074 t02306-16822 t02014-19475 t01902-20884 t02315-8047 t01945-9056 t01824-9866
Already have log for t01591 11529 bafykbzaceckzhwztm57at23wi2ezqu7a7g4h4rba2tjdvchz2dlkodr2kd6h2
Already have log for t02674 12225 bafykbzaceckzhwztm57at23wi2ezqu7a7g4h4rba2tjdvchz2dlkodr2kd6h2
Already have log for t02750 13074 bafykbzaceckzhwztm57at23wi2ezqu7a7g4h4rba2tjdvchz2dlkodr2kd6h2
Already have log for t02306 16822 bafykbzaceckzhwztm57at23wi2ezqu7a7g4h4rba2tjdvchz2dlkodr2kd6h2
Already have log for t02014 19475 bafykbzaceckzhwztm57at23wi2ezqu7a7g4h4rba2tjdvchz2dlkodr2kd6h2
Already have log for t01902 20884 bafykbzaceckzhwztm57at23wi2ezqu7a7g4h4rba2tjdvchz2dlkodr2kd6h2
Retrieving t02315 8047 bafykbzaceckzhwztm57at23wi2ezqu7a7g4h4rba2tjdvchz2dlkodr2kd6h2
2020-08-24T13:10:11.475-0700	[33mWARN[0m	rpc	go-jsonrpc@v0.1.2-0.20200817153016-2ea5cbaf5ec0/client.go:430	unmarshaling failed	{"message": "{\"Err\":\"failed to dial 12D3KooWHesJWTtJonjUP8MedttQ1j5KgjjBvvNuMtsjES6cP5Dw: all dials failed\\n  * [/ip4/34.220.91.72/tcp/28003] dial tcp4 34.220.91.72:28003: connect: connection refused\",\"Root\":null,\"Piece\":null,\"Size\":0,\"MinPrice\":\"\\u003cnil\\u003e\",\"UnsealPrice\":\"\\u003cnil\\u003e\",\"PaymentInterval\":0,\"PaymentIntervalIncrease\":0,\"Miner\":\"t02315\",\"MinerPeer\":{\"Address\":\"t02315\",\"ID\":\"12D3KooWHesJWTtJonjUP8MedttQ1j5KgjjBvvNuMtsjES6cP5Dw\",\"PieceCID\":null}}"}
ERROR: RPC client error: unmarshaling result: failed to parse big string: '"\u003cnil\u003e"'

Command exited with non-zero status 1
0.01user 0.01system 0:00.07elapsed 45%CPU (0avgtext+0avgdata 37200maxresident)k
0inputs+0outputs (0major+3596minor)pagefaults 0swaps
Skipping ahead

1 wiki.zip.ak.av
t02965-12974 t02182-16664 t02197-20796 t01945-21772 t02306-6823 t03052-8887 t02014-9686
Already have log for t02965 12974 bafykbzaceco3b7vuhu4n4mztp4tyb2kykhvans77xq5j7i4koq3zyq5kf4wz6
Retrieving t02182 16664 bafykbzaceco3b7vuhu4n4mztp4tyb2kykhvans77xq5j7i4koq3zyq5kf4wz6
> Recv: 0 B, Paid 0 FIL, ClientEventOpen (DealStatusNew)
> Recv: 0 B, Paid 0 FIL, ClientEventDealProposed (DealStatusWaitForAcceptance)
> Recv: 0 B, Paid 0 FIL, ClientEventDealAccepted (DealStatusAccepted)
> Recv: 269 B, Paid 0 FIL, ClientEventBlocksReceived (DealStatusAccepted)
> Recv: 269 B, Paid 0 FIL, ClientEventPaymentRequested (DealStatusAccepted)
> Recv: 1 MiB, Paid 0 FIL, ClientEventBlocksReceived (DealStatusAccepted)
> Recv: 1 MiB, Paid 0 FIL, ClientEventPaymentChannelAddingFunds (DealStatusPaymentChannelAddingFunds)
> Recv: 1 MiB, Paid 0 FIL, ClientEventPaymentChannelReady (DealStatusOngoing)
> Recv: 1 MiB, Paid 0 FIL, ClientEventPaymentRequested (DealStatusFundsNeeded)
> Recv: 1 MiB, Paid 0 FIL, ClientEventSendFunds (DealStatusSendFunds)
> Recv: 1 MiB, Paid 0.00000000000209769 FIL, ClientEventPaymentSent (DealStatusOngoing)
> Recv: 2 MiB, Paid 0.00000000000209769 FIL, ClientEventBlocksReceived (DealStatusOngoing)
> Recv: 2 MiB, Paid 0.00000000000209769 FIL, ClientEventPaymentRequested (DealStatusFundsNeeded)
> Recv: 3 MiB, Paid 0.00000000000209769 FIL, ClientEventBlocksReceived (DealStatusFundsNeeded)
> Recv: 3 MiB, Paid 0.00000000000209769 FIL, ClientEventSendFunds (DealStatusSendFunds)
> Recv: 3 MiB, Paid 0.000000000006291994 FIL, ClientEventPaymentSent (DealStatusOngoing)
> Recv: 4 MiB, Paid 0.000000000006291994 FIL, ClientEventBlocksReceived (DealStatusOngoing)
> Recv: 4 MiB, Paid 0.000000000006291994 FIL, ClientEventLastPaymentRequested (DealStatusFundsNeededLastPayment)
> Recv: 4.769 MiB, Paid 0.000000000006291994 FIL, ClientEventBlocksReceived (DealStatusFundsNeededLastPayment)
> Recv: 4.769 MiB, Paid 0.000000000006291994 FIL, ClientEventAllBlocksReceived (DealStatusSendFundsLastPayment)
> Recv: 4.769 MiB, Paid 0.000000000010000538 FIL, ClientEventPaymentSent (DealStatusFinalizing)
> Recv: 4.769 MiB, Paid 0.000000000010000538 FIL, ClientEventComplete (DealStatusCompleted)
Success
0.03user 0.02system 3:50.51elapsed 0%CPU (0avgtext+0avgdata 38448maxresident)k
0inputs+0outputs (0major+3776minor)pagefaults 0swaps
Skipping ahead

1 wiki.zip.ae.ar
t02965-10216 t05025-11080 t02014-11900 t069967-16014 t02306-6049 t01824-8496 t01591-9387
Already have log for t02965 10216 bafykbzacecexia6jkgcp3a5vjfdifjzweoe5orkk4ykv3p7624aqb4edpubpk
Already have log for t05025 11080 bafykbzacecexia6jkgcp3a5vjfdifjzweoe5orkk4ykv3p7624aqb4edpubpk
Already have log for t02014 11900 bafykbzacecexia6jkgcp3a5vjfdifjzweoe5orkk4ykv3p7624aqb4edpubpk
Already have log for t069967 16014 bafykbzacecexia6jkgcp3a5vjfdifjzweoe5orkk4ykv3p7624aqb4edpubpk
Retrieving t02306 6049 bafykbzacecexia6jkgcp3a5vjfdifjzweoe5orkk4ykv3p7624aqb4edpubpk
2020-08-24T13:14:14.203-0700	[33mWARN[0m	rpc	go-jsonrpc@v0.1.2-0.20200817153016-2ea5cbaf5ec0/client.go:430	unmarshaling failed	{"message": "{\"Err\":\"failed to dial 12D3KooWE2c5CzRJFbirE8pKSeHuXtQFiWVC5YgfLhY5mobpK4ez: all dials failed\\n  * [/ip4/116.211.58.216/tcp/1579] dial tcp4 0.0.0.0:33291-\\u003e116.211.58.216:1579: i/o timeout\",\"Root\":null,\"Piece\":null,\"Size\":0,\"MinPrice\":\"\\u003cnil\\u003e\",\"UnsealPrice\":\"\\u003cnil\\u003e\",\"PaymentInterval\":0,\"PaymentIntervalIncrease\":0,\"Miner\":\"t02306\",\"MinerPeer\":{\"Address\":\"t02306\",\"ID\":\"12D3KooWE2c5CzRJFbirE8pKSeHuXtQFiWVC5YgfLhY5mobpK4ez\",\"PieceCID\":null}}"}
ERROR: RPC client error: unmarshaling result: failed to parse big string: '"\u003cnil\u003e"'

Command exited with non-zero status 1
0.02user 0.01system 0:05.03elapsed 0%CPU (0avgtext+0avgdata 36900maxresident)k
0inputs+0outputs (0major+3572minor)pagefaults 0swaps
Skipping ahead

1 wiki.zip.ah.bn
t01824-10494 t02004-11236 t02315-12913 t02302-16314 t01827-17895 t01945-21611 t02332-22351 t02014-7961 t01819-8743 t01593-9532
Already have log for t01824 10494 bafykbzacedda7blmdrphidddd2bedz25xc2oxhww63ec4htkqbxube4yv24se
Retrieving t02004 11236 bafykbzacedda7blmdrphidddd2bedz25xc2oxhww63ec4htkqbxube4yv24se
2020-08-24T13:14:16.597-0700	[33mWARN[0m	rpc	go-jsonrpc@v0.1.2-0.20200817153016-2ea5cbaf5ec0/client.go:430	unmarshaling failed	{"message": "{\"Err\":\"failed to dial 12D3KooWRL2sjoGinBB4QSyRjJ7UkYMUPXgCPZykLgBaoLwmqSX4: all dials failed\\n  * [/ip4/113.215.188.183/tcp/35252] dial tcp4 113.215.188.183:35252: connect: connection refused\",\"Root\":null,\"Piece\":null,\"Size\":0,\"MinPrice\":\"\\u003cnil\\u003e\",\"UnsealPrice\":\"\\u003cnil\\u003e\",\"PaymentInterval\":0,\"PaymentIntervalIncrease\":0,\"Miner\":\"t02004\",\"MinerPeer\":{\"Address\":\"t02004\",\"ID\":\"12D3KooWRL2sjoGinBB4QSyRjJ7UkYMUPXgCPZykLgBaoLwmqSX4\",\"PieceCID\":null}}"}
ERROR: RPC client error: unmarshaling result: failed to parse big string: '"\u003cnil\u003e"'

Command exited with non-zero status 1
0.01user 0.02system 0:00.35elapsed 10%CPU (0avgtext+0avgdata 37644maxresident)k
0inputs+0outputs (0major+3704minor)pagefaults 0swaps
Skipping ahead

1 wiki.zip.am.bh
t02674-13098 t069967-16842 t02750-19480 t01945-24239 t05025-9879
Already have log for t02674 13098 bafykbzacebaywbpjpler5c5zwwxm3bagkjmbuidp7eo4bldaumbmdneqi24va
Retrieving t069967 16842 bafykbzacebaywbpjpler5c5zwwxm3bagkjmbuidp7eo4bldaumbmdneqi24va
> Recv: 0 B, Paid 0 FIL, ClientEventOpen (DealStatusNew)
> Recv: 0 B, Paid 0 FIL, ClientEventDealProposed (DealStatusWaitForAcceptance)
> Recv: 0 B, Paid 0 FIL, ClientEventDealAccepted (DealStatusAccepted)
> Recv: 0 B, Paid 0 FIL, ClientEventPaymentChannelAddingFunds (DealStatusPaymentChannelAddingFunds)
