1 wiki.zip.aa.aa
2 wiki.zip.aa.ab
3 wiki.zip.aa.ac
4 wiki.zip.aa.ad
5 wiki.zip.aa.ae
6 wiki.zip.aa.af
7 wiki.zip.aa.ag
8 wiki.zip.aa.ah
9 wiki.zip.aa.ai
10 wiki.zip.aa.aj
11 wiki.zip.aa.ak
12 wiki.zip.aa.al
13 wiki.zip.aa.am
14 wiki.zip.aa.an
15 wiki.zip.aa.ao
16 wiki.zip.aa.ap
17 wiki.zip.aa.aq
18 wiki.zip.aa.ar
19 wiki.zip.aa.as
20 wiki.zip.aa.at
21 wiki.zip.aa.au
22 wiki.zip.aa.av
23 wiki.zip.aa.aw
24 wiki.zip.aa.ax
25 wiki.zip.aa.ay
26 wiki.zip.aa.az
27 wiki.zip.aa.ba
28 wiki.zip.aa.bb
29 wiki.zip.aa.bc
30 wiki.zip.aa.bd
31 wiki.zip.aa.be
32 wiki.zip.aa.bf
33 wiki.zip.aa.bg
34 wiki.zip.aa.bh
35 wiki.zip.aa.bi
36 wiki.zip.aa.bj
37 wiki.zip.aa.bk
38 wiki.zip.aa.bl
39 wiki.zip.aa.bm
40 wiki.zip.aa.bn
41 wiki.zip.aa.bo
42 wiki.zip.aa.bp
43 wiki.zip.aa.bq
44 wiki.zip.aa.br
45 wiki.zip.aa.bs
46 wiki.zip.aa.bt
47 wiki.zip.aa.bu
48 wiki.zip.aa.bv
49 wiki.zip.aa.bw
50 wiki.zip.aa.bx
51 wiki.zip.aa.by
52 wiki.zip.aa.bz
53 wiki.zip.aa.ca
54 wiki.zip.ab.aa
55 wiki.zip.ab.ab
56 wiki.zip.ab.ac
57 wiki.zip.ab.ad
58 wiki.zip.ab.ae
59 wiki.zip.ab.af
60 wiki.zip.ab.ag
61 wiki.zip.ab.ah
62 wiki.zip.ab.ai
63 wiki.zip.ab.aj
64 wiki.zip.ab.ak
65 wiki.zip.ab.al
66 wiki.zip.ab.am
67 wiki.zip.ab.an
68 wiki.zip.ab.ao
69 wiki.zip.ab.ap
70 wiki.zip.ab.aq
71 wiki.zip.ab.ar
72 wiki.zip.ab.as
73 wiki.zip.ab.at
74 wiki.zip.ab.au
75 wiki.zip.ab.av
76 wiki.zip.ab.aw
77 wiki.zip.ab.ax
78 wiki.zip.ab.ay
79 wiki.zip.ab.az
80 wiki.zip.ab.ba
81 wiki.zip.ab.bb
82 wiki.zip.ab.bc
83 wiki.zip.ab.bd
84 wiki.zip.ab.be
85 wiki.zip.ab.bf
86 wiki.zip.ab.bg
87 wiki.zip.ab.bh
88 wiki.zip.ab.bi
89 wiki.zip.ab.bj
90 wiki.zip.ab.bk
91 wiki.zip.ab.bl
92 wiki.zip.ab.bm
93 wiki.zip.ab.bn
94 wiki.zip.ab.bo
95 wiki.zip.ab.bp
96 wiki.zip.ab.bq
97 wiki.zip.ab.br
98 wiki.zip.ab.bs
99 wiki.zip.ab.bt
100 wiki.zip.ab.bu
101 wiki.zip.ab.bv
102 wiki.zip.ab.bw
103 wiki.zip.ab.bx
104 wiki.zip.ab.by
105 wiki.zip.ab.bz
106 wiki.zip.ab.ca
107 wiki.zip.ac.aa
108 wiki.zip.ac.ab
109 wiki.zip.ac.ac
110 wiki.zip.ac.ad
111 wiki.zip.ac.ae
112 wiki.zip.ac.af
113 wiki.zip.ac.ag
114 wiki.zip.ac.ah
115 wiki.zip.ac.ai
116 wiki.zip.ac.aj
117 wiki.zip.ac.ak
118 wiki.zip.ac.al
119 wiki.zip.ac.am
120 wiki.zip.ac.an
121 wiki.zip.ac.ao
122 wiki.zip.ac.ap
123 wiki.zip.ac.aq
124 wiki.zip.ac.ar
125 wiki.zip.ac.as
126 wiki.zip.ac.at
127 wiki.zip.ac.au
128 wiki.zip.ac.av
129 wiki.zip.ac.aw
130 wiki.zip.ac.ax
131 wiki.zip.ac.ay
132 wiki.zip.ac.az
133 wiki.zip.ac.ba
134 wiki.zip.ac.bb
135 wiki.zip.ac.bc
136 wiki.zip.ac.bd
137 wiki.zip.ac.be
138 wiki.zip.ac.bf
139 wiki.zip.ac.bg
140 wiki.zip.ac.bh
141 wiki.zip.ac.bi
142 wiki.zip.ac.bj
143 wiki.zip.ac.bk
144 wiki.zip.ac.bl
145 wiki.zip.ac.bm
146 wiki.zip.ac.bn
147 wiki.zip.ac.bo
148 wiki.zip.ac.bp
149 wiki.zip.ac.bq
150 wiki.zip.ac.br
151 wiki.zip.ac.bs
152 wiki.zip.ac.bt
153 wiki.zip.ac.bu
154 wiki.zip.ac.bv
155 wiki.zip.ac.bw
156 wiki.zip.ac.bx
157 wiki.zip.ac.by
158 wiki.zip.ac.bz
159 wiki.zip.ac.ca
160 wiki.zip.ad.aa
161 wiki.zip.ad.ab
162 wiki.zip.ad.ac
163 wiki.zip.ad.ad
164 wiki.zip.ad.ae
165 wiki.zip.ad.af
166 wiki.zip.ad.ag
167 wiki.zip.ad.ah
168 wiki.zip.ad.ai
169 wiki.zip.ad.aj
170 wiki.zip.ad.ak
171 wiki.zip.ad.al
172 wiki.zip.ad.am
173 wiki.zip.ad.an
174 wiki.zip.ad.ao
175 wiki.zip.ad.ap
176 wiki.zip.ad.aq
177 wiki.zip.ad.ar
178 wiki.zip.ad.as
179 wiki.zip.ad.at
180 wiki.zip.ad.au
181 wiki.zip.ad.av
182 wiki.zip.ad.aw
183 wiki.zip.ad.ax
184 wiki.zip.ad.ay
185 wiki.zip.ad.az
186 wiki.zip.ad.ba
187 wiki.zip.ad.bb
188 wiki.zip.ad.bc
189 wiki.zip.ad.bd
190 wiki.zip.ad.be
191 wiki.zip.ad.bf
192 wiki.zip.ad.bg
193 wiki.zip.ad.bh
194 wiki.zip.ad.bi
195 wiki.zip.ad.bj
196 wiki.zip.ad.bk
197 wiki.zip.ad.bl
198 wiki.zip.ad.bm
199 wiki.zip.ad.bn
200 wiki.zip.ad.bo
201 wiki.zip.ad.bp
202 wiki.zip.ad.bq
203 wiki.zip.ad.br
204 wiki.zip.ad.bs
205 wiki.zip.ad.bt
206 wiki.zip.ad.bu
207 wiki.zip.ad.bv
208 wiki.zip.ad.bw
209 wiki.zip.ad.bx
210 wiki.zip.ad.by
211 wiki.zip.ad.bz
212 wiki.zip.ad.ca
213 wiki.zip.ae.aa
214 wiki.zip.ae.ab
215 wiki.zip.ae.ac
216 wiki.zip.ae.ad
217 wiki.zip.ae.ae
218 wiki.zip.ae.af
219 wiki.zip.ae.ag
220 wiki.zip.ae.ah
221 wiki.zip.ae.ai
222 wiki.zip.ae.aj
223 wiki.zip.ae.ak
224 wiki.zip.ae.al
225 wiki.zip.ae.am
226 wiki.zip.ae.an
227 wiki.zip.ae.ao
228 wiki.zip.ae.ap
229 wiki.zip.ae.aq
230 wiki.zip.ae.ar
231 wiki.zip.ae.as
232 wiki.zip.ae.at
233 wiki.zip.ae.au
234 wiki.zip.ae.av
235 wiki.zip.ae.aw
236 wiki.zip.ae.ax
237 wiki.zip.ae.ay
238 wiki.zip.ae.az
239 wiki.zip.ae.ba
240 wiki.zip.ae.bb
241 wiki.zip.ae.bc
242 wiki.zip.ae.bd
243 wiki.zip.ae.be
244 wiki.zip.ae.bf
245 wiki.zip.ae.bg
246 wiki.zip.ae.bh
247 wiki.zip.ae.bi
248 wiki.zip.ae.bj
249 wiki.zip.ae.bk
250 wiki.zip.ae.bl
251 wiki.zip.ae.bm
252 wiki.zip.ae.bn
253 wiki.zip.ae.bo
254 wiki.zip.ae.bp
255 wiki.zip.ae.bq
256 wiki.zip.ae.br
257 wiki.zip.ae.bs
258 wiki.zip.ae.bt
259 wiki.zip.ae.bu
260 wiki.zip.ae.bv
261 wiki.zip.ae.bw
262 wiki.zip.ae.bx
263 wiki.zip.ae.by
264 wiki.zip.ae.bz
265 wiki.zip.ae.ca
266 wiki.zip.af.aa
267 wiki.zip.af.ab
268 wiki.zip.af.ac
269 wiki.zip.af.ad
270 wiki.zip.af.ae
271 wiki.zip.af.af
272 wiki.zip.af.ag
273 wiki.zip.af.ah
274 wiki.zip.af.ai
275 wiki.zip.af.aj
276 wiki.zip.af.ak
277 wiki.zip.af.al
278 wiki.zip.af.am
279 wiki.zip.af.an
280 wiki.zip.af.ao
281 wiki.zip.af.ap
282 wiki.zip.af.aq
283 wiki.zip.af.ar
284 wiki.zip.af.as
285 wiki.zip.af.at
286 wiki.zip.af.au
287 wiki.zip.af.av
288 wiki.zip.af.aw
289 wiki.zip.af.ax
290 wiki.zip.af.ay
291 wiki.zip.af.az
292 wiki.zip.af.ba
293 wiki.zip.af.bb
294 wiki.zip.af.bc
295 wiki.zip.af.bd
296 wiki.zip.af.be
297 wiki.zip.af.bf
298 wiki.zip.af.bg
299 wiki.zip.af.bh
300 wiki.zip.af.bi
301 wiki.zip.af.bj
302 wiki.zip.af.bk
303 wiki.zip.af.bl
304 wiki.zip.af.bm
305 wiki.zip.af.bn
306 wiki.zip.af.bo
307 wiki.zip.af.bp
308 wiki.zip.af.bq
309 wiki.zip.af.br
310 wiki.zip.af.bs
311 wiki.zip.af.bt
312 wiki.zip.af.bu
313 wiki.zip.af.bv
314 wiki.zip.af.bw
315 wiki.zip.af.bx
316 wiki.zip.af.by
317 wiki.zip.af.bz
318 wiki.zip.af.ca
319 wiki.zip.ag.aa
320 wiki.zip.ag.ab
321 wiki.zip.ag.ac
322 wiki.zip.ag.ad
323 wiki.zip.ag.ae
324 wiki.zip.ag.af
325 wiki.zip.ag.ag
326 wiki.zip.ag.ah
327 wiki.zip.ag.ai
328 wiki.zip.ag.aj
329 wiki.zip.ag.ak
330 wiki.zip.ag.al
331 wiki.zip.ag.am
332 wiki.zip.ag.an
333 wiki.zip.ag.ao
334 wiki.zip.ag.ap
335 wiki.zip.ag.aq
336 wiki.zip.ag.ar
337 wiki.zip.ag.as
338 wiki.zip.ag.at
339 wiki.zip.ag.au
340 wiki.zip.ag.av
341 wiki.zip.ag.aw
342 wiki.zip.ag.ax
343 wiki.zip.ag.ay
344 wiki.zip.ag.az
345 wiki.zip.ag.ba
346 wiki.zip.ag.bb
347 wiki.zip.ag.bc
348 wiki.zip.ag.bd
349 wiki.zip.ag.be
350 wiki.zip.ag.bf
351 wiki.zip.ag.bg
352 wiki.zip.ag.bh
353 wiki.zip.ag.bi
354 wiki.zip.ag.bj
355 wiki.zip.ag.bk
356 wiki.zip.ag.bl
357 wiki.zip.ag.bm
358 wiki.zip.ag.bn
359 wiki.zip.ag.bo
360 wiki.zip.ag.bp
361 wiki.zip.ag.bq
362 wiki.zip.ag.br
363 wiki.zip.ag.bs
364 wiki.zip.ag.bt
365 wiki.zip.ag.bu
366 wiki.zip.ag.bv
367 wiki.zip.ag.bw
368 wiki.zip.ag.bx
369 wiki.zip.ag.by
370 wiki.zip.ag.bz
371 wiki.zip.ag.ca
372 wiki.zip.ah.aa
373 wiki.zip.ah.ab
374 wiki.zip.ah.ac
375 wiki.zip.ah.ad
376 wiki.zip.ah.ae
377 wiki.zip.ah.af
378 wiki.zip.ah.ag
379 wiki.zip.ah.ah
380 wiki.zip.ah.ai
381 wiki.zip.ah.aj
382 wiki.zip.ah.ak
383 wiki.zip.ah.al
384 wiki.zip.ah.am
385 wiki.zip.ah.an
386 wiki.zip.ah.ao
387 wiki.zip.ah.ap
388 wiki.zip.ah.aq
389 wiki.zip.ah.ar
390 wiki.zip.ah.as
391 wiki.zip.ah.at
392 wiki.zip.ah.au
393 wiki.zip.ah.av
394 wiki.zip.ah.aw
395 wiki.zip.ah.ax
396 wiki.zip.ah.ay
397 wiki.zip.ah.az
398 wiki.zip.ah.ba
399 wiki.zip.ah.bb
400 wiki.zip.ah.bc
401 wiki.zip.ah.bd
402 wiki.zip.ah.be
403 wiki.zip.ah.bf
404 wiki.zip.ah.bg
405 wiki.zip.ah.bh
406 wiki.zip.ah.bi
407 wiki.zip.ah.bj
408 wiki.zip.ah.bk
409 wiki.zip.ah.bl
410 wiki.zip.ah.bm
411 wiki.zip.ah.bn
412 wiki.zip.ah.bo
413 wiki.zip.ah.bp
414 wiki.zip.ah.bq
415 wiki.zip.ah.br
416 wiki.zip.ah.bs
417 wiki.zip.ah.bt
418 wiki.zip.ah.bu
419 wiki.zip.ah.bv
420 wiki.zip.ah.bw
421 wiki.zip.ah.bx
422 wiki.zip.ah.by
423 wiki.zip.ah.bz
424 wiki.zip.ah.ca
425 wiki.zip.ai.aa
426 wiki.zip.ai.ab
427 wiki.zip.ai.ac
428 wiki.zip.ai.ad
429 wiki.zip.ai.ae
430 wiki.zip.ai.af
431 wiki.zip.ai.ag
432 wiki.zip.ai.ah
433 wiki.zip.ai.ai
434 wiki.zip.ai.aj
435 wiki.zip.ai.ak
436 wiki.zip.ai.al
437 wiki.zip.ai.am
438 wiki.zip.ai.an
439 wiki.zip.ai.ao
440 wiki.zip.ai.ap
441 wiki.zip.ai.aq
442 wiki.zip.ai.ar
443 wiki.zip.ai.as
444 wiki.zip.ai.at
445 wiki.zip.ai.au
446 wiki.zip.ai.av
447 wiki.zip.ai.aw
448 wiki.zip.ai.ax
449 wiki.zip.ai.ay
450 wiki.zip.ai.az
451 wiki.zip.ai.ba
452 wiki.zip.ai.bb
453 wiki.zip.ai.bc
454 wiki.zip.ai.bd
455 wiki.zip.ai.be
456 wiki.zip.ai.bf
457 wiki.zip.ai.bg
458 wiki.zip.ai.bh
459 wiki.zip.ai.bi
460 wiki.zip.ai.bj
461 wiki.zip.ai.bk
462 wiki.zip.ai.bl
463 wiki.zip.ai.bm
464 wiki.zip.ai.bn
465 wiki.zip.ai.bo
466 wiki.zip.ai.bp
467 wiki.zip.ai.bq
468 wiki.zip.ai.br
469 wiki.zip.ai.bs
470 wiki.zip.ai.bt
471 wiki.zip.ai.bu
472 wiki.zip.ai.bv
473 wiki.zip.ai.bw
474 wiki.zip.ai.bx
475 wiki.zip.ai.by
476 wiki.zip.ai.bz
477 wiki.zip.ai.ca
478 wiki.zip.aj.aa
479 wiki.zip.aj.ab
480 wiki.zip.aj.ac
481 wiki.zip.aj.ad
482 wiki.zip.aj.ae
483 wiki.zip.aj.af
484 wiki.zip.aj.ag
485 wiki.zip.aj.ah
486 wiki.zip.aj.ai
487 wiki.zip.aj.aj
488 wiki.zip.aj.ak
489 wiki.zip.aj.al
490 wiki.zip.aj.am
491 wiki.zip.aj.an
492 wiki.zip.aj.ao
493 wiki.zip.aj.ap
494 wiki.zip.aj.aq
495 wiki.zip.aj.ar
496 wiki.zip.aj.as
497 wiki.zip.aj.at
498 wiki.zip.aj.au
499 wiki.zip.aj.av
500 wiki.zip.aj.aw
501 wiki.zip.aj.ax
502 wiki.zip.aj.ay
503 wiki.zip.aj.az
504 wiki.zip.aj.ba
505 wiki.zip.aj.bb
506 wiki.zip.aj.bc
507 wiki.zip.aj.bd
508 wiki.zip.aj.be
509 wiki.zip.aj.bf
510 wiki.zip.aj.bg
511 wiki.zip.aj.bh
512 wiki.zip.aj.bi
513 wiki.zip.aj.bj
514 wiki.zip.aj.bk
515 wiki.zip.aj.bl
516 wiki.zip.aj.bm
517 wiki.zip.aj.bn
518 wiki.zip.aj.bo
519 wiki.zip.aj.bp
520 wiki.zip.aj.bq
521 wiki.zip.aj.br
522 wiki.zip.aj.bs
523 wiki.zip.aj.bt
524 wiki.zip.aj.bu
525 wiki.zip.aj.bv
526 wiki.zip.aj.bw
527 wiki.zip.aj.bx
528 wiki.zip.aj.by
529 wiki.zip.aj.bz
530 wiki.zip.aj.ca
531 wiki.zip.ak.aa
532 wiki.zip.ak.ab
533 wiki.zip.ak.ac
534 wiki.zip.ak.ad
535 wiki.zip.ak.ae
536 wiki.zip.ak.af
537 wiki.zip.ak.ag
538 wiki.zip.ak.ah
539 wiki.zip.ak.ai
540 wiki.zip.ak.aj
541 wiki.zip.ak.ak
542 wiki.zip.ak.al
543 wiki.zip.ak.am
544 wiki.zip.ak.an
545 wiki.zip.ak.ao
546 wiki.zip.ak.ap
547 wiki.zip.ak.aq
548 wiki.zip.ak.ar
549 wiki.zip.ak.as
550 wiki.zip.ak.at
551 wiki.zip.ak.au
552 wiki.zip.ak.av
553 wiki.zip.ak.aw
554 wiki.zip.ak.ax
555 wiki.zip.ak.ay
556 wiki.zip.ak.az
557 wiki.zip.ak.ba
558 wiki.zip.ak.bb
559 wiki.zip.ak.bc
560 wiki.zip.ak.bd
561 wiki.zip.ak.be
562 wiki.zip.ak.bf
563 wiki.zip.ak.bg
564 wiki.zip.ak.bh
565 wiki.zip.ak.bi
566 wiki.zip.ak.bj
567 wiki.zip.ak.bk
568 wiki.zip.ak.bl
569 wiki.zip.ak.bm
570 wiki.zip.ak.bn
571 wiki.zip.ak.bo
572 wiki.zip.ak.bp
573 wiki.zip.ak.bq
574 wiki.zip.ak.br
575 wiki.zip.ak.bs
576 wiki.zip.ak.bt
577 wiki.zip.ak.bu
578 wiki.zip.ak.bv
579 wiki.zip.ak.bw
580 wiki.zip.ak.bx
581 wiki.zip.ak.by
582 wiki.zip.ak.bz
583 wiki.zip.ak.ca
584 wiki.zip.al.aa
585 wiki.zip.al.ab
586 wiki.zip.al.ac
587 wiki.zip.al.ad
588 wiki.zip.al.ae
589 wiki.zip.al.af
590 wiki.zip.al.ag
591 wiki.zip.al.ah
592 wiki.zip.al.ai
593 wiki.zip.al.aj
594 wiki.zip.al.ak
595 wiki.zip.al.al
596 wiki.zip.al.am
597 wiki.zip.al.an
598 wiki.zip.al.ao
599 wiki.zip.al.ap
600 wiki.zip.al.aq
601 wiki.zip.al.ar
602 wiki.zip.al.as
603 wiki.zip.al.at
604 wiki.zip.al.au
605 wiki.zip.al.av
606 wiki.zip.al.aw
607 wiki.zip.al.ax
608 wiki.zip.al.ay
609 wiki.zip.al.az
610 wiki.zip.al.ba
611 wiki.zip.al.bb
612 wiki.zip.al.bc
613 wiki.zip.al.bd
614 wiki.zip.al.be
615 wiki.zip.al.bf
616 wiki.zip.al.bg
617 wiki.zip.al.bh
618 wiki.zip.al.bi
619 wiki.zip.al.bj
620 wiki.zip.al.bk
621 wiki.zip.al.bl
622 wiki.zip.al.bm
623 wiki.zip.al.bn
624 wiki.zip.al.bo
625 wiki.zip.al.bp
626 wiki.zip.al.bq
627 wiki.zip.al.br
628 wiki.zip.al.bs
629 wiki.zip.al.bt
630 wiki.zip.al.bu
631 wiki.zip.al.bv
632 wiki.zip.al.bw
633 wiki.zip.al.bx
634 wiki.zip.al.by
635 wiki.zip.al.bz
636 wiki.zip.al.ca
637 wiki.zip.am.aa
638 wiki.zip.am.ab
639 wiki.zip.am.ac
640 wiki.zip.am.ad
641 wiki.zip.am.ae
642 wiki.zip.am.af
643 wiki.zip.am.ag
644 wiki.zip.am.ah
645 wiki.zip.am.ai
646 wiki.zip.am.aj
647 wiki.zip.am.ak
648 wiki.zip.am.al
649 wiki.zip.am.am
650 wiki.zip.am.an
651 wiki.zip.am.ao
652 wiki.zip.am.ap
653 wiki.zip.am.aq
654 wiki.zip.am.ar
655 wiki.zip.am.as
656 wiki.zip.am.at
657 wiki.zip.am.au
658 wiki.zip.am.av
659 wiki.zip.am.aw
660 wiki.zip.am.ax
661 wiki.zip.am.ay
662 wiki.zip.am.az
663 wiki.zip.am.ba
664 wiki.zip.am.bb
665 wiki.zip.am.bc
666 wiki.zip.am.bd
667 wiki.zip.am.be
668 wiki.zip.am.bf
669 wiki.zip.am.bg
670 wiki.zip.am.bh
671 wiki.zip.am.bi
672 wiki.zip.am.bj
673 wiki.zip.am.bk
674 wiki.zip.am.bl
675 wiki.zip.am.bm
676 wiki.zip.am.bn
677 wiki.zip.am.bo
678 wiki.zip.am.bp
679 wiki.zip.am.bq
680 wiki.zip.am.br
681 wiki.zip.am.bs
682 wiki.zip.am.bt
683 wiki.zip.am.bu
684 wiki.zip.am.bv
685 wiki.zip.am.bw
686 wiki.zip.am.bx
687 wiki.zip.am.by
688 wiki.zip.am.bz
689 wiki.zip.am.ca
690 wiki.zip.an.aa
691 wiki.zip.an.ab
692 wiki.zip.an.ac
693 wiki.zip.an.ad
694 wiki.zip.an.ae
695 wiki.zip.an.af
696 wiki.zip.an.ag
697 wiki.zip.an.ah
removed 'retrievals/t02721/wiki.zip.am.bo-t02315-13113-1598296863.log'
1 wiki.zip.ab.au
t02004-10037 t01743-10915 t02750-11766 t01945-12633 t02315-13939 t02014-17495 t069967-20469 t05025-21255 t01819-9214
Already have log for t02004 10037 bafykbzacebd57xohwcoikhirrbagjih5h66axi674h6tjkigjukgnob4fx54m
Already have log for t01743 10915 bafykbzacebd57xohwcoikhirrbagjih5h66axi674h6tjkigjukgnob4fx54m
Already have log for t02750 11766 bafykbzacebd57xohwcoikhirrbagjih5h66axi674h6tjkigjukgnob4fx54m
Already have log for t01945 12633 bafykbzacebd57xohwcoikhirrbagjih5h66axi674h6tjkigjukgnob4fx54m
Already have log for t02315 13939 bafykbzacebd57xohwcoikhirrbagjih5h66axi674h6tjkigjukgnob4fx54m
Already have log for t02014 17495 bafykbzacebd57xohwcoikhirrbagjih5h66axi674h6tjkigjukgnob4fx54m
Already have log for t069967 20469 bafykbzacebd57xohwcoikhirrbagjih5h66axi674h6tjkigjukgnob4fx54m
Already have log for t05025 21255 bafykbzacebd57xohwcoikhirrbagjih5h66axi674h6tjkigjukgnob4fx54m
Already have log for t01819 9214 bafykbzacebd57xohwcoikhirrbagjih5h66axi674h6tjkigjukgnob4fx54m

0 wiki.zip.af.ax
t01819-10292 t01699-11122 t02750-11906 t01945-12736 t02306-16100 t02896-19184 t01988-20588 t05025-21479 t02004-22213 t02014-22811 t01824-9402
Already have log for t01819 10292 bafykbzaceac3kiakby6m2fczhnmypb3ouhhqw6qqsrcrvlmnvhos3zaxnodqq
Retrieving t01699 11122 bafykbzaceac3kiakby6m2fczhnmypb3ouhhqw6qqsrcrvlmnvhos3zaxnodqq
> Recv: 0 B, Paid 0 FIL, ClientEventOpen (DealStatusNew)
> Recv: 0 B, Paid 0 FIL, ClientEventDealProposed (DealStatusWaitForAcceptance)
> Recv: 0 B, Paid 0 FIL, ClientEventDealAccepted (DealStatusAccepted)
> Recv: 0 B, Paid 0 FIL, ClientEventPaymentChannelAddingFunds (DealStatusPaymentChannelAddingFunds)
> Recv: 0 B, Paid 0 FIL, ClientEventOpen (DealStatusNew)
> Recv: 0 B, Paid 0 FIL, ClientEventDealProposed (DealStatusWaitForAcceptance)
> Recv: 0 B, Paid 0 FIL, ClientEventDealAccepted (DealStatusAccepted)
> Recv: 0 B, Paid 0 FIL, ClientEventPaymentChannelAddingFunds (DealStatusPaymentChannelAddingFunds)
> Recv: 0 B, Paid 0 FIL, ClientEventPaymentChannelReady (DealStatusOngoing)
> Recv: 269 B, Paid 0 FIL, ClientEventBlocksReceived (DealStatusOngoing)
> Recv: 269 B, Paid 0 FIL, ClientEventPaymentRequested (DealStatusFundsNeeded)
> Recv: 1 MiB, Paid 0 FIL, ClientEventBlocksReceived (DealStatusFundsNeeded)
> Recv: 1 MiB, Paid 0 FIL, ClientEventSendFunds (DealStatusSendFunds)
> Recv: 1 MiB, Paid 0.00000000000209769 FIL, ClientEventPaymentSent (DealStatusOngoing)
> Recv: 2 MiB, Paid 0.00000000000209769 FIL, ClientEventBlocksReceived (DealStatusOngoing)
> Recv: 2 MiB, Paid 0.00000000000209769 FIL, ClientEventPaymentRequested (DealStatusFundsNeeded)
> Recv: 3 MiB, Paid 0.00000000000209769 FIL, ClientEventBlocksReceived (DealStatusFundsNeeded)
> Recv: 3 MiB, Paid 0.00000000000209769 FIL, ClientEventSendFunds (DealStatusSendFunds)
> Recv: 3 MiB, Paid 0.000000000006291994 FIL, ClientEventPaymentSent (DealStatusOngoing)
> Recv: 4 MiB, Paid 0.000000000006291994 FIL, ClientEventBlocksReceived (DealStatusOngoing)
> Recv: 4 MiB, Paid 0.000000000006291994 FIL, ClientEventLastPaymentRequested (DealStatusFundsNeededLastPayment)
> Recv: 4.769 MiB, Paid 0.000000000006291994 FIL, ClientEventBlocksReceived (DealStatusFundsNeededLastPayment)
> Recv: 4.769 MiB, Paid 0.000000000006291994 FIL, ClientEventAllBlocksReceived (DealStatusSendFundsLastPayment)
> Recv: 4.769 MiB, Paid 0.000000000010000538 FIL, ClientEventPaymentSent (DealStatusFinalizing)
> Recv: 4.769 MiB, Paid 0.000000000010000538 FIL, ClientEventComplete (DealStatusCompleted)
Success
0.04user 0.03system 9:03.42elapsed 0%CPU (0avgtext+0avgdata 38176maxresident)k
0inputs+0outputs (0major+3673minor)pagefaults 0swaps
Skipping ahead

1 wiki.zip.ah.bt
t02306-10481 t01593-11709 t02965-12021 t02675-12837 t02896-16328 t01699-17900 t01945-19759 t02750-20679 t01988-21618 t02332-22929 t02263-6724 t02315-8750 t03052-9546
Already have log for t02306 10481 bafykbzacea6n62zo43u26dxsbo5wi3okubg2y5t3jgivdbmqdx56ydxmm6t7o
Retrieving t01593 11709 bafykbzacea6n62zo43u26dxsbo5wi3okubg2y5t3jgivdbmqdx56ydxmm6t7o
2020-08-24T12:30:41.969-0700	[33mWARN[0m	rpc	go-jsonrpc@v0.1.2-0.20200817153016-2ea5cbaf5ec0/client.go:430	unmarshaling failed	{"message": "{\"Err\":\"routing: not found\",\"Root\":null,\"Piece\":null,\"Size\":0,\"MinPrice\":\"\\u003cnil\\u003e\",\"UnsealPrice\":\"\\u003cnil\\u003e\",\"PaymentInterval\":0,\"PaymentIntervalIncrease\":0,\"Miner\":\"t01593\",\"MinerPeer\":{\"Address\":\"t01593\",\"ID\":\"12D3KooWBxQqffcLnrpGGovydDLrPPZsrVtJwgKKyRHAPRAQwaNQ\",\"PieceCID\":null}}"}
ERROR: RPC client error: unmarshaling result: failed to parse big string: '"\u003cnil\u003e"'

Command exited with non-zero status 1
0.02user 0.01system 0:08.92elapsed 0%CPU (0avgtext+0avgdata 37232maxresident)k
0inputs+0outputs (0major+3610minor)pagefaults 0swaps
Skipping ahead

1 wiki.zip.ab.av
t02014-10021 t03052-10911 t02750-12637 t01827-15821 t069967-21254 t01902-22029 t01819-5873 t02098-8315 t02182-9203
Already have log for t02014 10021 bafykbzacec62xhkodnrbjmpzpgltgttyscvd6aivegeck23hooufjzne4wfk2
Already have log for t03052 10911 bafykbzacec62xhkodnrbjmpzpgltgttyscvd6aivegeck23hooufjzne4wfk2
Already have log for t02750 12637 bafykbzacec62xhkodnrbjmpzpgltgttyscvd6aivegeck23hooufjzne4wfk2
Already have log for t01827 15821 bafykbzacec62xhkodnrbjmpzpgltgttyscvd6aivegeck23hooufjzne4wfk2
Already have log for t069967 21254 bafykbzacec62xhkodnrbjmpzpgltgttyscvd6aivegeck23hooufjzne4wfk2
Already have log for t01902 22029 bafykbzacec62xhkodnrbjmpzpgltgttyscvd6aivegeck23hooufjzne4wfk2
Already have log for t01819 5873 bafykbzacec62xhkodnrbjmpzpgltgttyscvd6aivegeck23hooufjzne4wfk2
Already have log for t02098 8315 bafykbzacec62xhkodnrbjmpzpgltgttyscvd6aivegeck23hooufjzne4wfk2
Already have log for t02182 9203 bafykbzacec62xhkodnrbjmpzpgltgttyscvd6aivegeck23hooufjzne4wfk2

0 wiki.zip.aj.br
t01593-10607 t02014-11372 t02306-12106 t02182-16612 t02965-19914 t01827-20772 t096605-21743 t02197-8892
Already have log for t01593 10607 bafykbzaceavqoxgfn7pvwvlz5q62ia7kvugt5aqzhq2j5gkvkdtqhs663czy4
Already have log for t02014 11372 bafykbzaceavqoxgfn7pvwvlz5q62ia7kvugt5aqzhq2j5gkvkdtqhs663czy4
Already have log for t02306 12106 bafykbzaceavqoxgfn7pvwvlz5q62ia7kvugt5aqzhq2j5gkvkdtqhs663czy4
Retrieving t02182 16612 bafykbzaceavqoxgfn7pvwvlz5q62ia7kvugt5aqzhq2j5gkvkdtqhs663czy4
> Recv: 0 B, Paid 0 FIL, ClientEventOpen (DealStatusNew)
> Recv: 0 B, Paid 0 FIL, ClientEventDealProposed (DealStatusWaitForAcceptance)
> Recv: 0 B, Paid 0 FIL, ClientEventDealAccepted (DealStatusAccepted)
> Recv: 0 B, Paid 0 FIL, ClientEventPaymentChannelAddingFunds (DealStatusPaymentChannelAddingFunds)
> Recv: 269 B, Paid 0 FIL, ClientEventBlocksReceived (DealStatusPaymentChannelAddingFunds)
> Recv: 269 B, Paid 0 FIL, ClientEventPaymentRequested (DealStatusPaymentChannelAddingFunds)
> Recv: 1 MiB, Paid 0 FIL, ClientEventBlocksReceived (DealStatusPaymentChannelAddingFunds)
> Recv: 1 MiB, Paid 0 FIL, ClientEventPaymentChannelReady (DealStatusOngoing)
> Recv: 1 MiB, Paid 0 FIL, ClientEventPaymentRequested (DealStatusFundsNeeded)
> Recv: 1 MiB, Paid 0 FIL, ClientEventSendFunds (DealStatusSendFunds)
> Recv: 1 MiB, Paid 0.00000000000209769 FIL, ClientEventPaymentSent (DealStatusOngoing)
> Recv: 2 MiB, Paid 0.00000000000209769 FIL, ClientEventBlocksReceived (DealStatusOngoing)
> Recv: 2 MiB, Paid 0.00000000000209769 FIL, ClientEventPaymentRequested (DealStatusFundsNeeded)
> Recv: 3 MiB, Paid 0.00000000000209769 FIL, ClientEventBlocksReceived (DealStatusFundsNeeded)
> Recv: 3 MiB, Paid 0.00000000000209769 FIL, ClientEventSendFunds (DealStatusSendFunds)
> Recv: 3 MiB, Paid 0.000000000006291994 FIL, ClientEventPaymentSent (DealStatusOngoing)
> Recv: 4 MiB, Paid 0.000000000006291994 FIL, ClientEventBlocksReceived (DealStatusOngoing)
> Recv: 4 MiB, Paid 0.000000000006291994 FIL, ClientEventLastPaymentRequested (DealStatusFundsNeededLastPayment)
> Recv: 4.769 MiB, Paid 0.000000000006291994 FIL, ClientEventBlocksReceived (DealStatusFundsNeededLastPayment)
> Recv: 4.769 MiB, Paid 0.000000000006291994 FIL, ClientEventAllBlocksReceived (DealStatusSendFundsLastPayment)
> Recv: 4.769 MiB, Paid 0.000000000010000538 FIL, ClientEventPaymentSent (DealStatusFinalizing)
> Recv: 4.769 MiB, Paid 0.000000000010000538 FIL, ClientEventComplete (DealStatusCompleted)
Success
0.03user 0.03system 5:38.14elapsed 0%CPU (0avgtext+0avgdata 38900maxresident)k
0inputs+0outputs (0major+3782minor)pagefaults 0swaps
Skipping ahead

1 wiki.zip.ah.aa
t01699-10389 t02554-11203 t02750-11985 t01593-14203 t01945-16237 t01824-17853 t01902-21563 t02896-22290 t02965-22883
Already have log for t01699 10389 bafykbzaceavqskl3dr2t4qutyklz6wbodcyxcbex23deow5og2mjbybj2nlwm
Already have log for t02554 11203 bafykbzaceavqskl3dr2t4qutyklz6wbodcyxcbex23deow5og2mjbybj2nlwm
Already have log for t02750 11985 bafykbzaceavqskl3dr2t4qutyklz6wbodcyxcbex23deow5og2mjbybj2nlwm
Retrieving t01593 14203 bafykbzaceavqskl3dr2t4qutyklz6wbodcyxcbex23deow5og2mjbybj2nlwm
2020-08-24T12:37:40.329-0700	[33mWARN[0m	rpc	go-jsonrpc@v0.1.2-0.20200817153016-2ea5cbaf5ec0/client.go:430	unmarshaling failed	{"message": "{\"Err\":\"routing: not found\",\"Root\":null,\"Piece\":null,\"Size\":0,\"MinPrice\":\"\\u003cnil\\u003e\",\"UnsealPrice\":\"\\u003cnil\\u003e\",\"PaymentInterval\":0,\"PaymentIntervalIncrease\":0,\"Miner\":\"t01593\",\"MinerPeer\":{\"Address\":\"t01593\",\"ID\":\"12D3KooWBxQqffcLnrpGGovydDLrPPZsrVtJwgKKyRHAPRAQwaNQ\",\"PieceCID\":null}}"}
ERROR: RPC client error: unmarshaling result: failed to parse big string: '"\u003cnil\u003e"'

Command exited with non-zero status 1
0.02user 0.00system 1:02.01elapsed 0%CPU (0avgtext+0avgdata 37736maxresident)k
0inputs+0outputs (0major+3630minor)pagefaults 0swaps
Skipping ahead

1 wiki.zip.aj.ao
t02182-10548 t02315-12924 t096492-16547 t01824-18076 t01699-19361 t069967-19901 t01945-20750 t02302-21723 t02264-6772 t02014-8860 t02263-9673
Already have log for t02182 10548 bafykbzacedccohl24kh4belmky7nncicgi67fcm52fcxyzo54s3duudd33ejk
Retrieving t02315 12924 bafykbzacedccohl24kh4belmky7nncicgi67fcm52fcxyzo54s3duudd33ejk
2020-08-24T12:37:42.424-0700	[33mWARN[0m	rpc	go-jsonrpc@v0.1.2-0.20200817153016-2ea5cbaf5ec0/client.go:430	unmarshaling failed	{"message": "{\"Err\":\"failed to dial 12D3KooWHesJWTtJonjUP8MedttQ1j5KgjjBvvNuMtsjES6cP5Dw: all dials failed\\n  * [/ip4/34.220.91.72/tcp/28003] dial tcp4 34.220.91.72:28003: connect: connection refused\",\"Root\":null,\"Piece\":null,\"Size\":0,\"MinPrice\":\"\\u003cnil\\u003e\",\"UnsealPrice\":\"\\u003cnil\\u003e\",\"PaymentInterval\":0,\"PaymentIntervalIncrease\":0,\"Miner\":\"t02315\",\"MinerPeer\":{\"Address\":\"t02315\",\"ID\":\"12D3KooWHesJWTtJonjUP8MedttQ1j5KgjjBvvNuMtsjES6cP5Dw\",\"PieceCID\":null}}"}
ERROR: RPC client error: unmarshaling result: failed to parse big string: '"\u003cnil\u003e"'

Command exited with non-zero status 1
0.01user 0.01system 0:00.06elapsed 53%CPU (0avgtext+0avgdata 37892maxresident)k
0inputs+0outputs (0major+3746minor)pagefaults 0swaps
Skipping ahead

1 wiki.zip.af.bd
t04985-10289 t01902-11176 t01824-14163 t03052-16104 t01945-17747 t02965-19172 t069967-19717 t01699-23945 t01593-7927 t05025-9436
Already have log for t04985 10289 bafykbzaceae3z35qwvugmk5uiva3zm74wpnxbgyadeopjz5v42zgzm54zsd5m
Retrieving t01902 11176 bafykbzaceae3z35qwvugmk5uiva3zm74wpnxbgyadeopjz5v42zgzm54zsd5m
> Recv: 0 B, Paid 0 FIL, ClientEventOpen (DealStatusNew)
> Recv: 0 B, Paid 0 FIL, ClientEventDealProposed (DealStatusWaitForAcceptance)
> Recv: 0 B, Paid 0 FIL, ClientEventDealAccepted (DealStatusAccepted)
> Recv: 0 B, Paid 0 FIL, ClientEventPaymentChannelAddingFunds (DealStatusPaymentChannelAddingFunds)
> Recv: 269 B, Paid 0 FIL, ClientEventBlocksReceived (DealStatusPaymentChannelAddingFunds)
> Recv: 269 B, Paid 0 FIL, ClientEventPaymentRequested (DealStatusPaymentChannelAddingFunds)
> Recv: 1 MiB, Paid 0 FIL, ClientEventBlocksReceived (DealStatusPaymentChannelAddingFunds)
> Recv: 1 MiB, Paid 0 FIL, ClientEventPaymentChannelReady (DealStatusOngoing)
> Recv: 1 MiB, Paid 0 FIL, ClientEventPaymentRequested (DealStatusFundsNeeded)
> Recv: 1 MiB, Paid 0 FIL, ClientEventSendFunds (DealStatusSendFunds)
> Recv: 1 MiB, Paid 0.00000000000209769 FIL, ClientEventPaymentSent (DealStatusOngoing)
> Recv: 2 MiB, Paid 0.00000000000209769 FIL, ClientEventBlocksReceived (DealStatusOngoing)
> Recv: 2 MiB, Paid 0.00000000000209769 FIL, ClientEventPaymentRequested (DealStatusFundsNeeded)
> Recv: 3 MiB, Paid 0.00000000000209769 FIL, ClientEventBlocksReceived (DealStatusFundsNeeded)
> Recv: 3 MiB, Paid 0.00000000000209769 FIL, ClientEventSendFunds (DealStatusSendFunds)
> Recv: 3 MiB, Paid 0.000000000006291994 FIL, ClientEventPaymentSent (DealStatusOngoing)
> Recv: 4 MiB, Paid 0.000000000006291994 FIL, ClientEventBlocksReceived (DealStatusOngoing)
> Recv: 4 MiB, Paid 0.000000000006291994 FIL, ClientEventLastPaymentRequested (DealStatusFundsNeededLastPayment)
> Recv: 4.769 MiB, Paid 0.000000000006291994 FIL, ClientEventBlocksReceived (DealStatusFundsNeededLastPayment)
> Recv: 4.769 MiB, Paid 0.000000000006291994 FIL, ClientEventAllBlocksReceived (DealStatusSendFundsLastPayment)
> Recv: 4.769 MiB, Paid 0.000000000010000538 FIL, ClientEventPaymentSent (DealStatusFinalizing)
> Recv: 4.769 MiB, Paid 0.000000000010000538 FIL, ClientEventComplete (DealStatusCompleted)
Success
0.04user 0.01system 4:50.80elapsed 0%CPU (0avgtext+0avgdata 37760maxresident)k
0inputs+0outputs (0major+3841minor)pagefaults 0swaps
Skipping ahead

1 wiki.zip.ah.aj
t02306-11237 t01945-11995 t02674-14214 t01819-16266 t01824-21576 t02014-9537
Already have log for t02306 11237 bafykbzacebd7u4l3iikvkvzvgzrxste7wlv22myvff2nbg7aabhouszcu2ufi
Retrieving t01945 11995 bafykbzacebd7u4l3iikvkvzvgzrxste7wlv22myvff2nbg7aabhouszcu2ufi
> Recv: 0 B, Paid 0 FIL, ClientEventOpen (DealStatusNew)
> Recv: 0 B, Paid 0 FIL, ClientEventDealProposed (DealStatusWaitForAcceptance)
> Recv: 0 B, Paid 0 FIL, ClientEventDealAccepted (DealStatusAccepted)
> Recv: 0 B, Paid 0 FIL, ClientEventPaymentChannelAddingFunds (DealStatusPaymentChannelAddingFunds)
> Recv: 269 B, Paid 0 FIL, ClientEventBlocksReceived (DealStatusPaymentChannelAddingFunds)
> Recv: 269 B, Paid 0 FIL, ClientEventPaymentRequested (DealStatusPaymentChannelAddingFunds)
> Recv: 1 MiB, Paid 0 FIL, ClientEventBlocksReceived (DealStatusPaymentChannelAddingFunds)
> Recv: 1 MiB, Paid 0 FIL, ClientEventPaymentChannelReady (DealStatusOngoing)
> Recv: 1 MiB, Paid 0 FIL, ClientEventPaymentRequested (DealStatusFundsNeeded)
> Recv: 1 MiB, Paid 0 FIL, ClientEventSendFunds (DealStatusSendFunds)
> Recv: 1 MiB, Paid 0.00000000000209769 FIL, ClientEventPaymentSent (DealStatusOngoing)
> Recv: 2 MiB, Paid 0.00000000000209769 FIL, ClientEventBlocksReceived (DealStatusOngoing)
> Recv: 2 MiB, Paid 0.00000000000209769 FIL, ClientEventPaymentRequested (DealStatusFundsNeeded)
> Recv: 3 MiB, Paid 0.00000000000209769 FIL, ClientEventBlocksReceived (DealStatusFundsNeeded)
> Recv: 3 MiB, Paid 0.00000000000209769 FIL, ClientEventSendFunds (DealStatusSendFunds)
> Recv: 3 MiB, Paid 0.000000000006291994 FIL, ClientEventPaymentSent (DealStatusOngoing)
> Recv: 4 MiB, Paid 0.000000000006291994 FIL, ClientEventBlocksReceived (DealStatusOngoing)
> Recv: 4 MiB, Paid 0.000000000006291994 FIL, ClientEventLastPaymentRequested (DealStatusFundsNeededLastPayment)
> Recv: 4.769 MiB, Paid 0.000000000006291994 FIL, ClientEventBlocksReceived (DealStatusFundsNeededLastPayment)
> Recv: 4.769 MiB, Paid 0.000000000006291994 FIL, ClientEventAllBlocksReceived (DealStatusSendFundsLastPayment)
> Recv: 4.769 MiB, Paid 0.000000000010000538 FIL, ClientEventPaymentSent (DealStatusFinalizing)
> Recv: 4.769 MiB, Paid 0.000000000010000538 FIL, ClientEventComplete (DealStatusCompleted)
Success
0.01user 0.04system 3:58.63elapsed 0%CPU (0avgtext+0avgdata 38244maxresident)k
0inputs+0outputs (0major+3769minor)pagefaults 0swaps
Skipping ahead

1 wiki.zip.ah.ad
t01827-10393 t02674-11701 t01699-16249 t01824-19749 t069967-20651 t01945-21567 t01593-6198 t02014-8698 t02315-9573
Already have log for t01827 10393 bafykbzaceah2nnixcaxstolftfdbz5fu5pul7db5gzk4earhjogb74nxtkaky
Already have log for t02674 11701 bafykbzaceah2nnixcaxstolftfdbz5fu5pul7db5gzk4earhjogb74nxtkaky
Retrieving t01699 16249 bafykbzaceah2nnixcaxstolftfdbz5fu5pul7db5gzk4earhjogb74nxtkaky
> Recv: 0 B, Paid 0 FIL, ClientEventOpen (DealStatusNew)
> Recv: 0 B, Paid 0 FIL, ClientEventDealProposed (DealStatusWaitForAcceptance)
> Recv: 0 B, Paid 0 FIL, ClientEventDealAccepted (DealStatusAccepted)
> Recv: 269 B, Paid 0 FIL, ClientEventBlocksReceived (DealStatusAccepted)
> Recv: 269 B, Paid 0 FIL, ClientEventPaymentRequested (DealStatusAccepted)
> Recv: 1 MiB, Paid 0 FIL, ClientEventBlocksReceived (DealStatusAccepted)
> Recv: 1 MiB, Paid 0 FIL, ClientEventPaymentChannelAddingFunds (DealStatusPaymentChannelAddingFunds)
> Recv: 1 MiB, Paid 0 FIL, ClientEventPaymentChannelReady (DealStatusOngoing)
> Recv: 1 MiB, Paid 0 FIL, ClientEventPaymentRequested (DealStatusFundsNeeded)
> Recv: 1 MiB, Paid 0 FIL, ClientEventSendFunds (DealStatusSendFunds)
> Recv: 1 MiB, Paid 0.00000000000209769 FIL, ClientEventPaymentSent (DealStatusOngoing)
> Recv: 2 MiB, Paid 0.00000000000209769 FIL, ClientEventBlocksReceived (DealStatusOngoing)
> Recv: 2 MiB, Paid 0.00000000000209769 FIL, ClientEventPaymentRequested (DealStatusFundsNeeded)
> Recv: 3 MiB, Paid 0.00000000000209769 FIL, ClientEventBlocksReceived (DealStatusFundsNeeded)
> Recv: 3 MiB, Paid 0.00000000000209769 FIL, ClientEventSendFunds (DealStatusSendFunds)
> Recv: 3 MiB, Paid 0.000000000006291994 FIL, ClientEventPaymentSent (DealStatusOngoing)
> Recv: 4 MiB, Paid 0.000000000006291994 FIL, ClientEventBlocksReceived (DealStatusOngoing)
> Recv: 4 MiB, Paid 0.000000000006291994 FIL, ClientEventLastPaymentRequested (DealStatusFundsNeededLastPayment)
> Recv: 4.769 MiB, Paid 0.000000000006291994 FIL, ClientEventBlocksReceived (DealStatusFundsNeededLastPayment)
> Recv: 4.769 MiB, Paid 0.000000000006291994 FIL, ClientEventAllBlocksReceived (DealStatusSendFundsLastPayment)
> Recv: 4.769 MiB, Paid 0.000000000010000538 FIL, ClientEventPaymentSent (DealStatusFinalizing)
> Recv: 4.769 MiB, Paid 0.000000000010000538 FIL, ClientEventComplete (DealStatusCompleted)
Success
0.06user 0.02system 12:24.48elapsed 0%CPU (0avgtext+0avgdata 38976maxresident)k
0inputs+0outputs (0major+3896minor)pagefaults 0swaps
Skipping ahead

1 wiki.zip.aa.av
t01824-12597 t01909-15728 t02004-19508 t096605-21199 t02014-22520 t01593-8326 t01699-9176 t04985-9889
Already have log for t01824 12597 bafykbzacedzmh7o56g6xivlxza7kjymqnuba74arp52cnsqnebwwimwvjkffo
Already have log for t01909 15728 bafykbzacedzmh7o56g6xivlxza7kjymqnuba74arp52cnsqnebwwimwvjkffo
Already have log for t02004 19508 bafykbzacedzmh7o56g6xivlxza7kjymqnuba74arp52cnsqnebwwimwvjkffo
Already have log for t096605 21199 bafykbzacedzmh7o56g6xivlxza7kjymqnuba74arp52cnsqnebwwimwvjkffo
Already have log for t02014 22520 bafykbzacedzmh7o56g6xivlxza7kjymqnuba74arp52cnsqnebwwimwvjkffo
Already have log for t01593 8326 bafykbzacedzmh7o56g6xivlxza7kjymqnuba74arp52cnsqnebwwimwvjkffo
Already have log for t01699 9176 bafykbzacedzmh7o56g6xivlxza7kjymqnuba74arp52cnsqnebwwimwvjkffo
Already have log for t04985 9889 bafykbzacedzmh7o56g6xivlxza7kjymqnuba74arp52cnsqnebwwimwvjkffo

0 wiki.zip.ac.bh
t02315-10993 t01824-13995 t01827-15901 t01945-19070 t02332-22032 t01593-9230
Retrieving t02315 10993 bafykbzaced6vbcpwt2by45pw2k35aq6qozfbn6yj6sme6ahgpujyprzfmwlqe
2020-08-24T12:59:13.669-0700	[33mWARN[0m	rpc	go-jsonrpc@v0.1.2-0.20200817153016-2ea5cbaf5ec0/client.go:430	unmarshaling failed	{"message": "{\"Err\":\"failed to dial 12D3KooWHesJWTtJonjUP8MedttQ1j5KgjjBvvNuMtsjES6cP5Dw: all dials failed\\n  * [/ip4/34.220.91.72/tcp/28003] dial tcp4 34.220.91.72:28003: connect: connection refused\",\"Root\":null,\"Piece\":null,\"Size\":0,\"MinPrice\":\"\\u003cnil\\u003e\",\"UnsealPrice\":\"\\u003cnil\\u003e\",\"PaymentInterval\":0,\"PaymentIntervalIncrease\":0,\"Miner\":\"t02315\",\"MinerPeer\":{\"Address\":\"t02315\",\"ID\":\"12D3KooWHesJWTtJonjUP8MedttQ1j5KgjjBvvNuMtsjES6cP5Dw\",\"PieceCID\":null}}"}
ERROR: RPC client error: unmarshaling result: failed to parse big string: '"\u003cnil\u003e"'

Command exited with non-zero status 1
0.01user 0.01system 0:00.11elapsed 25%CPU (0avgtext+0avgdata 38116maxresident)k
0inputs+0outputs (0major+3705minor)pagefaults 0swaps
Skipping ahead

1 wiki.zip.ak.am
t01591-10627 t01819-11398 t02306-12968 t05025-16652 t02004-19420 t01699-20783 t01909-21765 t069967-24105 t01824-7988 t02896-8875 t01902-9716
Already have log for t01591 10627 bafykbzacebbuou7ftdmpxidqgqwfpijl2owweyiwls2mwtzx274p7euaddqae
Retrieving t01819 11398 bafykbzacebbuou7ftdmpxidqgqwfpijl2owweyiwls2mwtzx274p7euaddqae
> Recv: 0 B, Paid 0 FIL, ClientEventOpen (DealStatusNew)
> Recv: 0 B, Paid 0 FIL, ClientEventDealProposed (DealStatusWaitForAcceptance)
> Recv: 0 B, Paid 0 FIL, ClientEventDealAccepted (DealStatusAccepted)
> Recv: 269 B, Paid 0 FIL, ClientEventBlocksReceived (DealStatusAccepted)
> Recv: 269 B, Paid 0 FIL, ClientEventPaymentRequested (DealStatusAccepted)
> Recv: 1 MiB, Paid 0 FIL, ClientEventBlocksReceived (DealStatusAccepted)
> Recv: 1 MiB, Paid 0 FIL, ClientEventPaymentChannelAddingFunds (DealStatusPaymentChannelAddingFunds)
> Recv: 1 MiB, Paid 0 FIL, ClientEventPaymentChannelReady (DealStatusOngoing)
> Recv: 1 MiB, Paid 0 FIL, ClientEventPaymentRequested (DealStatusFundsNeeded)
> Recv: 1 MiB, Paid 0 FIL, ClientEventSendFunds (DealStatusSendFunds)
> Recv: 1 MiB, Paid 0.00000000000209769 FIL, ClientEventPaymentSent (DealStatusOngoing)
> Recv: 2 MiB, Paid 0.00000000000209769 FIL, ClientEventBlocksReceived (DealStatusOngoing)
> Recv: 2 MiB, Paid 0.00000000000209769 FIL, ClientEventPaymentRequested (DealStatusFundsNeeded)
> Recv: 3 MiB, Paid 0.00000000000209769 FIL, ClientEventBlocksReceived (DealStatusFundsNeeded)
> Recv: 3 MiB, Paid 0.00000000000209769 FIL, ClientEventSendFunds (DealStatusSendFunds)
> Recv: 3 MiB, Paid 0.000000000006291994 FIL, ClientEventPaymentSent (DealStatusOngoing)
> Recv: 4 MiB, Paid 0.000000000006291994 FIL, ClientEventBlocksReceived (DealStatusOngoing)
> Recv: 4 MiB, Paid 0.000000000006291994 FIL, ClientEventLastPaymentRequested (DealStatusFundsNeededLastPayment)
> Recv: 4.769 MiB, Paid 0.000000000006291994 FIL, ClientEventBlocksReceived (DealStatusFundsNeededLastPayment)
> Recv: 4.769 MiB, Paid 0.000000000006291994 FIL, ClientEventAllBlocksReceived (DealStatusSendFundsLastPayment)
> Recv: 4.769 MiB, Paid 0.000000000010000538 FIL, ClientEventPaymentSent (DealStatusFinalizing)
> Recv: 4.769 MiB, Paid 0.000000000010000538 FIL, ClientEventComplete (DealStatusCompleted)
Success
0.06user 0.00system 6:22.26elapsed 0%CPU (0avgtext+0avgdata 38484maxresident)k
0inputs+0outputs (0major+3776minor)pagefaults 0swaps
Skipping ahead

1 wiki.zip.al.ax
t01819-11463 t02896-18243 t02306-19450 t02014-19934 t05025-20836 t069967-21825 t01945-23130
Already have log for t01819 11463 bafykbzacecl4cyuzs5miclpf6qo476zdnsntfm6tmjdrchx43nsv7u5kgdalg
Already have log for t02896 18243 bafykbzacecl4cyuzs5miclpf6qo476zdnsntfm6tmjdrchx43nsv7u5kgdalg
Retrieving t02306 19450 bafykbzacecl4cyuzs5miclpf6qo476zdnsntfm6tmjdrchx43nsv7u5kgdalg
2020-08-24T13:05:46.044-0700	[33mWARN[0m	rpc	go-jsonrpc@v0.1.2-0.20200817153016-2ea5cbaf5ec0/client.go:430	unmarshaling failed	{"message": "{\"Err\":\"failed to dial 12D3KooWE2c5CzRJFbirE8pKSeHuXtQFiWVC5YgfLhY5mobpK4ez: all dials failed\\n  * [/ip4/116.211.58.216/tcp/1579] dial tcp4 0.0.0.0:35515-\\u003e116.211.58.216:1579: i/o timeout\",\"Root\":null,\"Piece\":null,\"Size\":0,\"MinPrice\":\"\\u003cnil\\u003e\",\"UnsealPrice\":\"\\u003cnil\\u003e\",\"PaymentInterval\":0,\"PaymentIntervalIncrease\":0,\"Miner\":\"t02306\",\"MinerPeer\":{\"Address\":\"t02306\",\"ID\":\"12D3KooWE2c5CzRJFbirE8pKSeHuXtQFiWVC5YgfLhY5mobpK4ez\",\"PieceCID\":null}}"}
ERROR: RPC client error: unmarshaling result: failed to parse big string: '"\u003cnil\u003e"'

Command exited with non-zero status 1
0.03user 0.01system 0:05.03elapsed 0%CPU (0avgtext+0avgdata 37396maxresident)k
0inputs+0outputs (0major+3662minor)pagefaults 0swaps
Skipping ahead

1 wiki.zip.ad.am
t02674-10139 t04985-10996 t02965-12693 t01827-17623 t01920-21353 t02098-22069 t01699-7875 t02263-8446
Already have log for t02674 10139 bafykbzacea4ggk57f4zr4e25rnh7sjvzavvpgxpbpfpdptxf3ow4kwgnfjyzg
Retrieving t04985 10996 bafykbzacea4ggk57f4zr4e25rnh7sjvzavvpgxpbpfpdptxf3ow4kwgnfjyzg
2020-08-24T13:05:48.541-0700	[33mWARN[0m	rpc	go-jsonrpc@v0.1.2-0.20200817153016-2ea5cbaf5ec0/client.go:430	unmarshaling failed	{"message": "{\"Err\":\"failed to dial 12D3KooWKHaJMXg717d3fMPrQPuYoR1Hj14EtiJnJFQakjWHdpwW: all dials failed\\n  * [/ip4/109.156.140.10/tcp/3456] failed to negotiate security protocol: peer IDs don't match\",\"Root\":null,\"Piece\":null,\"Size\":0,\"MinPrice\":\"\\u003cnil\\u003e\",\"UnsealPrice\":\"\\u003cnil\\u003e\",\"PaymentInterval\":0,\"PaymentIntervalIncrease\":0,\"Miner\":\"t04985\",\"MinerPeer\":{\"Address\":\"t04985\",\"ID\":\"12D3KooWKHaJMXg717d3fMPrQPuYoR1Hj14EtiJnJFQakjWHdpwW\",\"PieceCID\":null}}"}
ERROR: RPC client error: unmarshaling result: failed to parse big string: '"\u003cnil\u003e"'

Command exited with non-zero status 1
0.01user 0.02system 0:00.46elapsed 7%CPU (0avgtext+0avgdata 37788maxresident)k
0inputs+0outputs (0major+3684minor)pagefaults 0swaps
Skipping ahead

1 wiki.zip.ac.bf
t02674-10113 t02197-10980 t01945-11781 t02014-12679 t02965-13994 t02302-17615 t01819-6562 t01827-9228
Already have log for t02674 10113 bafykbzacedplymg67hduvitxcgax2gxko5g4kr2mt375yhmo2r7lxui7mvwm6
Already have log for t02197 10980 bafykbzacedplymg67hduvitxcgax2gxko5g4kr2mt375yhmo2r7lxui7mvwm6
Retrieving t01945 11781 bafykbzacedplymg67hduvitxcgax2gxko5g4kr2mt375yhmo2r7lxui7mvwm6
> Recv: 0 B, Paid 0 FIL, ClientEventOpen (DealStatusNew)
> Recv: 0 B, Paid 0 FIL, ClientEventDealProposed (DealStatusWaitForAcceptance)
> Recv: 0 B, Paid 0 FIL, ClientEventDealAccepted (DealStatusAccepted)
Success
0.02user 0.02system 3:09.29elapsed 0%CPU (0avgtext+0avgdata 38040maxresident)k
0inputs+0outputs (0major+3660minor)pagefaults 0swaps
Skipping ahead

1 wiki.zip.ac.au
t04985-10019 t02554-10965 t01902-11806 t01945-12647 t02098-15888 t01819-19007 t01699-21305 t01824-22598 t02014-6560
Already have log for t04985 10019 bafykbzacebqigwuzkhtfi3oqyzgujqgvxdspamuptfswqccijqq5dgkjxpgaa
Already have log for t02554 10965 bafykbzacebqigwuzkhtfi3oqyzgujqgvxdspamuptfswqccijqq5dgkjxpgaa
Already have log for t01902 11806 bafykbzacebqigwuzkhtfi3oqyzgujqgvxdspamuptfswqccijqq5dgkjxpgaa
Already have log for t01945 12647 bafykbzacebqigwuzkhtfi3oqyzgujqgvxdspamuptfswqccijqq5dgkjxpgaa
Retrieving t02098 15888 bafykbzacebqigwuzkhtfi3oqyzgujqgvxdspamuptfswqccijqq5dgkjxpgaa
ERROR: dial tcp 127.0.0.1:1234: connect: connection refused

Command exited with non-zero status 1
0.01user 0.01system 0:00.05elapsed 58%CPU (0avgtext+0avgdata 35836maxresident)k
0inputs+0outputs (0major+3563minor)pagefaults 0swaps
Skipping ahead

1 wiki.zip.aj.av
t04985-10553 t01593-11344 t01699-16565 t02306-19349 t02249-21727 t02263-6787 t05025-9680
Already have log for t04985 10553 bafykbzacebgwvebrd7zzgak26eiryeu2dq7iaxa3b43b2c3hz55g6kvwlo7ly
Retrieving t01593 11344 bafykbzacebgwvebrd7zzgak26eiryeu2dq7iaxa3b43b2c3hz55g6kvwlo7ly
ERROR: dial tcp 127.0.0.1:1234: connect: connection refused

Command exited with non-zero status 1
0.02user 0.00system 0:00.03elapsed 75%CPU (0avgtext+0avgdata 35832maxresident)k
0inputs+0outputs (0major+3496minor)pagefaults 0swaps
Skipping ahead

1 wiki.zip.ad.bj
t04985-10157 t01824-11865 t01988-17639 t01945-19081 t02556-22097 t02306-6586
Already have log for t04985 10157 bafykbzaceck6we34nyo42fvb4rphpluizotxpspn5id2nfsbdml45gounaxxi
Retrieving t01824 11865 bafykbzaceck6we34nyo42fvb4rphpluizotxpspn5id2nfsbdml45gounaxxi
ERROR: dial tcp 127.0.0.1:1234: connect: connection refused

Command exited with non-zero status 1
0.01user 0.01system 0:00.03elapsed 82%CPU (0avgtext+0avgdata 36224maxresident)k
0inputs+0outputs (0major+3547minor)pagefaults 0swaps
Skipping ahead

1 wiki.zip.ak.ai
t02896-11412 t01593-12967 t02302-16655 t01945-19917 t05025-21753 t02014-23066 t01819-6794 t02098-8874
Already have log for t02896 11412 bafykbzaceaocvx3hoteipd6ql5r37wdjz2po2txj3kotdr6osegmd7al5pqi4
Already have log for t01593 12967 bafykbzaceaocvx3hoteipd6ql5r37wdjz2po2txj3kotdr6osegmd7al5pqi4
Already have log for t02302 16655 bafykbzaceaocvx3hoteipd6ql5r37wdjz2po2txj3kotdr6osegmd7al5pqi4
Retrieving t01945 19917 bafykbzaceaocvx3hoteipd6ql5r37wdjz2po2txj3kotdr6osegmd7al5pqi4
ERROR: dial tcp 127.0.0.1:1234: connect: connection refused

Command exited with non-zero status 1
0.01user 0.01system 0:00.03elapsed 77%CPU (0avgtext+0avgdata 35688maxresident)k
0inputs+0outputs (0major+3546minor)pagefaults 0swaps
Skipping ahead

1 wiki.zip.aa.bn
t03052-10936 t02674-11721 t069967-15782 t02004-17449 t05025-21221 t02981-21971 t02332-22492 t02965-22544 t02206-6534 t02263-8355 t01819-9156 t02014-9980
Already have log for t03052 10936 bafykbzacedxv4lg53cahdqvt7czwksxrdn2bog25vu7hxl3rnyjp65jv3ldfa
Already have log for t02674 11721 bafykbzacedxv4lg53cahdqvt7czwksxrdn2bog25vu7hxl3rnyjp65jv3ldfa
Already have log for t069967 15782 bafykbzacedxv4lg53cahdqvt7czwksxrdn2bog25vu7hxl3rnyjp65jv3ldfa
Already have log for t02004 17449 bafykbzacedxv4lg53cahdqvt7czwksxrdn2bog25vu7hxl3rnyjp65jv3ldfa
Retrieving t05025 21221 bafykbzacedxv4lg53cahdqvt7czwksxrdn2bog25vu7hxl3rnyjp65jv3ldfa
ERROR: dial tcp 127.0.0.1:1234: connect: connection refused

Command exited with non-zero status 1
0.01user 0.01system 0:00.04elapsed 73%CPU (0avgtext+0avgdata 36440maxresident)k
0inputs+0outputs (0major+3573minor)pagefaults 0swaps
Skipping ahead

1 wiki.zip.ai.bn
t01902-10507 t01593-11335 t01945-12051 t02315-12917 t02965-16469 t01988-18015 t01699-19276 t01819-6750 t01591-8840 t02306-9579
Already have log for t01902 10507 bafykbzacedus77cz25fmqyiptvlkthytsjc4uaiyog2ckedrzs3bq2aye3d5k
Retrieving t01593 11335 bafykbzacedus77cz25fmqyiptvlkthytsjc4uaiyog2ckedrzs3bq2aye3d5k
ERROR: dial tcp 127.0.0.1:1234: connect: connection refused

Command exited with non-zero status 1
0.01user 0.01system 0:00.04elapsed 74%CPU (0avgtext+0avgdata 37256maxresident)k
0inputs+0outputs (0major+3739minor)pagefaults 0swaps
Skipping ahead

1 wiki.zip.af.bf
t02554-10342 t05025-11180 t01593-14158 t01945-19188 t03052-20598 t02197-21492 t02014-22202 t069967-22798 t01699-8653 t01591-9431
Already have log for t02554 10342 bafykbzaceafpmki7lm5nzf5vlmre7ns6pjecjq2c2rqhzvgehgv4ykf2mzlwe
Already have log for t05025 11180 bafykbzaceafpmki7lm5nzf5vlmre7ns6pjecjq2c2rqhzvgehgv4ykf2mzlwe
Already have log for t01593 14158 bafykbzaceafpmki7lm5nzf5vlmre7ns6pjecjq2c2rqhzvgehgv4ykf2mzlwe
Already have log for t01945 19188 bafykbzaceafpmki7lm5nzf5vlmre7ns6pjecjq2c2rqhzvgehgv4ykf2mzlwe
Retrieving t03052 20598 bafykbzaceafpmki7lm5nzf5vlmre7ns6pjecjq2c2rqhzvgehgv4ykf2mzlwe
ERROR: dial tcp 127.0.0.1:1234: connect: connection refused

Command exited with non-zero status 1
0.02user 0.00system 0:00.03elapsed 91%CPU (0avgtext+0avgdata 36360maxresident)k
0inputs+0outputs (0major+3522minor)pagefaults 0swaps
Skipping ahead

1 wiki.zip.aa.bc
t01819-10895 t01824-11719 t02674-12601 t096379-15751 t01945-17441 t02004-18933 t096492-21205 t01902-5846 t02098-8333 t01743-9952
Already have log for t01819 10895 bafykbzaceal4dooslfamvuw5w6t4gw64wsidvhjx2wtijfbqjfjwqw44dzywo
Already have log for t01824 11719 bafykbzaceal4dooslfamvuw5w6t4gw64wsidvhjx2wtijfbqjfjwqw44dzywo
Already have log for t02674 12601 bafykbzaceal4dooslfamvuw5w6t4gw64wsidvhjx2wtijfbqjfjwqw44dzywo
Already have log for t096379 15751 bafykbzaceal4dooslfamvuw5w6t4gw64wsidvhjx2wtijfbqjfjwqw44dzywo
Retrieving t01945 17441 bafykbzaceal4dooslfamvuw5w6t4gw64wsidvhjx2wtijfbqjfjwqw44dzywo
ERROR: dial tcp 127.0.0.1:1234: connect: connection refused

Command exited with non-zero status 1
0.02user 0.00system 0:00.03elapsed 93%CPU (0avgtext+0avgdata 36816maxresident)k
0inputs+0outputs (0major+3602minor)pagefaults 0swaps
Skipping ahead

1 wiki.zip.ak.bg
t02302-10659 t01902-11443 t01593-12122 t096589-16679 t02965-19433 t01945-8939 t02896-9704
Already have log for t02302 10659 bafykbzacedvtwfaupz63l4s3hus3n253gqpwaukecs4a2kvi44zhnqho7sxwg
Already have log for t01902 11443 bafykbzacedvtwfaupz63l4s3hus3n253gqpwaukecs4a2kvi44zhnqho7sxwg
Already have log for t01593 12122 bafykbzacedvtwfaupz63l4s3hus3n253gqpwaukecs4a2kvi44zhnqho7sxwg
Retrieving t096589 16679 bafykbzacedvtwfaupz63l4s3hus3n253gqpwaukecs4a2kvi44zhnqho7sxwg
ERROR: dial tcp 127.0.0.1:1234: connect: connection refused

Command exited with non-zero status 1
0.01user 0.01system 0:00.04elapsed 85%CPU (0avgtext+0avgdata 36312maxresident)k
0inputs+0outputs (0major+3567minor)pagefaults 0swaps
Skipping ahead

1 wiki.zip.ae.ad
t02014-14136 t096589-15997 t02965-19118 t01699-19694 t05025-21398 t069967-22118 t01593-7880
Already have log for t02014 14136 bafykbzaceazuudyzlwlrg3wfa7ikpwiipvwt4kuw7yaiblzjwnvxrrntld5a6
Already have log for t096589 15997 bafykbzaceazuudyzlwlrg3wfa7ikpwiipvwt4kuw7yaiblzjwnvxrrntld5a6
Already have log for t02965 19118 bafykbzaceazuudyzlwlrg3wfa7ikpwiipvwt4kuw7yaiblzjwnvxrrntld5a6
Retrieving t01699 19694 bafykbzaceazuudyzlwlrg3wfa7ikpwiipvwt4kuw7yaiblzjwnvxrrntld5a6
ERROR: dial tcp 127.0.0.1:1234: connect: connection refused

Command exited with non-zero status 1
0.02user 0.01system 0:00.03elapsed 91%CPU (0avgtext+0avgdata 36828maxresident)k
0inputs+0outputs (0major+3731minor)pagefaults 0swaps
Skipping ahead

1 wiki.zip.ae.ak
t02302-10227 t01632-11076 t01824-11857 t02674-14062 t02098-16002 t02965-19691 t01819-6058 t01902-8492 t05036-9384
Already have log for t02302 10227 bafykbzaceczdhtvss7ewlw2frubyyduxfztvyxiksgtvesva7qqn6rwt5ik2m
Retrieving t01632 11076 bafykbzaceczdhtvss7ewlw2frubyyduxfztvyxiksgtvesva7qqn6rwt5ik2m
ERROR: dial tcp 127.0.0.1:1234: connect: connection refused

Command exited with non-zero status 1
0.02user 0.00system 0:00.04elapsed 68%CPU (0avgtext+0avgdata 36712maxresident)k
88inputs+0outputs (0major+3661minor)pagefaults 0swaps
Skipping ahead

1 wiki.zip.ak.ba
t01699-11413 t01824-12985 t02249-16668 t02896-19405 t02014-19927 t02810-21778 t02965-23082 t02533-6827 t01632-8894 t02554-9696
Already have log for t01699 11413 bafykbzacedaku37czrnvdcf2uu4qay4qjxhk5caitalu7mbvepm6phkrwp2y6
Already have log for t01824 12985 bafykbzacedaku37czrnvdcf2uu4qay4qjxhk5caitalu7mbvepm6phkrwp2y6
Already have log for t02249 16668 bafykbzacedaku37czrnvdcf2uu4qay4qjxhk5caitalu7mbvepm6phkrwp2y6
Already have log for t02896 19405 bafykbzacedaku37czrnvdcf2uu4qay4qjxhk5caitalu7mbvepm6phkrwp2y6
Retrieving t02014 19927 bafykbzacedaku37czrnvdcf2uu4qay4qjxhk5caitalu7mbvepm6phkrwp2y6
ERROR: dial tcp 127.0.0.1:1234: connect: connection refused

Command exited with non-zero status 1
0.02user 0.00system 0:00.03elapsed 88%CPU (0avgtext+0avgdata 35512maxresident)k
0inputs+0outputs (0major+3499minor)pagefaults 0swaps
Skipping ahead

1 wiki.zip.ae.bs
t02302-10295 t02965-11092 t02315-14175 t02306-16052 t02014-19709 t01909-21444 t02004-22148 t01699-6606 t02263-8617 t02896-9364
Already have log for t02302 10295 bafykbzacecczom3amavznrfdb7aessnd7vp64kxmbcvdrg6mu4bctkqhfgidk
Retrieving t02965 11092 bafykbzacecczom3amavznrfdb7aessnd7vp64kxmbcvdrg6mu4bctkqhfgidk
ERROR: dial tcp 127.0.0.1:1234: connect: connection refused

Command exited with non-zero status 1
0.03user 0.00system 0:00.04elapsed 68%CPU (0avgtext+0avgdata 35880maxresident)k
0inputs+0outputs (0major+3563minor)pagefaults 0swaps
Skipping ahead

1 wiki.zip.aj.ar
t02302-10551 t02674-11364 t01824-12079 t02750-20751 t02556-21724 t01902-22413 t02315-6330 t02981-8865 t02896-9671
Already have log for t02302 10551 bafykbzacebftsxmc4d4w3yhrsqyysqpn4zhbc5k7ytc5lpaydteogs7epadh4
Already have log for t02674 11364 bafykbzacebftsxmc4d4w3yhrsqyysqpn4zhbc5k7ytc5lpaydteogs7epadh4
Retrieving t01824 12079 bafykbzacebftsxmc4d4w3yhrsqyysqpn4zhbc5k7ytc5lpaydteogs7epadh4
ERROR: dial tcp 127.0.0.1:1234: connect: connection refused

Command exited with non-zero status 1
0.02user 0.00system 0:00.03elapsed 93%CPU (0avgtext+0avgdata 36188maxresident)k
0inputs+0outputs (0major+3592minor)pagefaults 0swaps
Skipping ahead

1 wiki.zip.ai.bd
t03052-11300 t02750-12844 t02014-16428 t01988-21664 t02533-6746 t01945-9576
Already have log for t03052 11300 bafykbzacecx56km7b4nwlyknk6m4vutyf2oovna63bxvpryuzlxjydmhi254a
Already have log for t02750 12844 bafykbzacecx56km7b4nwlyknk6m4vutyf2oovna63bxvpryuzlxjydmhi254a
Already have log for t02014 16428 bafykbzacecx56km7b4nwlyknk6m4vutyf2oovna63bxvpryuzlxjydmhi254a
Retrieving t01988 21664 bafykbzacecx56km7b4nwlyknk6m4vutyf2oovna63bxvpryuzlxjydmhi254a
ERROR: dial tcp 127.0.0.1:1234: connect: connection refused

Command exited with non-zero status 1
0.02user 0.01system 0:00.03elapsed 91%CPU (0avgtext+0avgdata 36332maxresident)k
0inputs+0outputs (0major+3570minor)pagefaults 0swaps
Skipping ahead

1 wiki.zip.ai.bg
t05036-10536 t01593-12851 t02981-16446 t01902-17992 t02014-19858 t096492-21670 t02674-9577
Already have log for t05036 10536 bafykbzacebw7l4x6qskjp22jkbkity5p62htz2s4jpgj24lvq53d3cagdq254
Already have log for t01593 12851 bafykbzacebw7l4x6qskjp22jkbkity5p62htz2s4jpgj24lvq53d3cagdq254
Retrieving t02981 16446 bafykbzacebw7l4x6qskjp22jkbkity5p62htz2s4jpgj24lvq53d3cagdq254
ERROR: dial tcp 127.0.0.1:1234: connect: connection refused

Command exited with non-zero status 1
0.01user 0.00system 0:00.02elapsed 96%CPU (0avgtext+0avgdata 36380maxresident)k
0inputs+0outputs (0major+3560minor)pagefaults 0swaps
Skipping ahead

1 wiki.zip.ai.ab
t01699-11268 t01945-12842 t02810-16359 t02896-17920 t01824-19829 t069967-20682 t02014-24015 t02533-6264 t02197-8752 t05036-9591
Already have log for t01699 11268 bafykbzaceaeaapmkdgfbybvemliyztgfhxvc4sbpw3zzz3rkrfaohuoktbwea
Already have log for t01945 12842 bafykbzaceaeaapmkdgfbybvemliyztgfhxvc4sbpw3zzz3rkrfaohuoktbwea
Retrieving t02810 16359 bafykbzaceaeaapmkdgfbybvemliyztgfhxvc4sbpw3zzz3rkrfaohuoktbwea
ERROR: dial tcp 127.0.0.1:1234: connect: connection refused

Command exited with non-zero status 1
0.02user 0.01system 0:00.05elapsed 68%CPU (0avgtext+0avgdata 36880maxresident)k
0inputs+0outputs (0major+3577minor)pagefaults 0swaps
Skipping ahead

1 wiki.zip.ab.an
t01945-10914 t01819-13937 t02197-17479 t02306-18946 t01824-20466 t02556-21248 t01827-22038 t02332-22542 t01699-6544 t01593-8389 t01591-9921
Already have log for t01945 10914 bafykbzacechbglutxu2h4n27la2tcfqbycv2kglijcceneu4qtfoldhyxj7lo
Already have log for t01819 13937 bafykbzacechbglutxu2h4n27la2tcfqbycv2kglijcceneu4qtfoldhyxj7lo
Retrieving t02197 17479 bafykbzacechbglutxu2h4n27la2tcfqbycv2kglijcceneu4qtfoldhyxj7lo
ERROR: dial tcp 127.0.0.1:1234: connect: connection refused

Command exited with non-zero status 1
0.02user 0.01system 0:00.03elapsed 89%CPU (0avgtext+0avgdata 36580maxresident)k
0inputs+0outputs (0major+3715minor)pagefaults 0swaps
Skipping ahead

1 wiki.zip.ai.aj
t02965-10466 t01591-11271 t01593-12825 t01945-16376 t01988-17951 t01824-19265 t05025-21640 t02302-8769
Already have log for t02965 10466 bafykbzacea27snyixjza2y2ktjlz4eiq63ho7iho5irjmajpukziuvzntvjgc
Already have log for t01591 11271 bafykbzacea27snyixjza2y2ktjlz4eiq63ho7iho5irjmajpukziuvzntvjgc
Already have log for t01593 12825 bafykbzacea27snyixjza2y2ktjlz4eiq63ho7iho5irjmajpukziuvzntvjgc
Retrieving t01945 16376 bafykbzacea27snyixjza2y2ktjlz4eiq63ho7iho5irjmajpukziuvzntvjgc
> Recv: 0 B, Paid 0 FIL, ClientEventOpen (DealStatusNew)
> Recv: 0 B, Paid 0 FIL, ClientEventDealProposed (DealStatusWaitForAcceptance)
> Recv: 0 B, Paid 0 FIL, ClientEventDealAccepted (DealStatusAccepted)
> Recv: 269 B, Paid 0 FIL, ClientEventBlocksReceived (DealStatusAccepted)
2020-08-24T13:10:22.521-0700	[34mINFO[0m	rpc	go-jsonrpc@v0.1.2-0.20200817153016-2ea5cbaf5ec0/client.go:213	rpc output message buffer	{"n": 2}
2020-08-24T13:10:22.522-0700	[34mINFO[0m	rpc	go-jsonrpc@v0.1.2-0.20200817153016-2ea5cbaf5ec0/client.go:213	rpc output message buffer	{"n": 2}
> Recv: 269 B, Paid 0 FIL, ClientEventPaymentRequested (DealStatusAccepted)
> Recv: 1 MiB, Paid 0 FIL, ClientEventBlocksReceived (DealStatusAccepted)
> Recv: 1 MiB, Paid 0 FIL, ClientEventPaymentChannelAddingFunds (DealStatusPaymentChannelAddingFunds)
> Recv: 1 MiB, Paid 0 FIL, ClientEventPaymentChannelReady (DealStatusOngoing)
> Recv: 1 MiB, Paid 0 FIL, ClientEventPaymentRequested (DealStatusFundsNeeded)
> Recv: 1 MiB, Paid 0 FIL, ClientEventSendFunds (DealStatusSendFunds)
> Recv: 1 MiB, Paid 0.00000000000209769 FIL, ClientEventPaymentSent (DealStatusOngoing)
> Recv: 2 MiB, Paid 0.00000000000209769 FIL, ClientEventBlocksReceived (DealStatusOngoing)
> Recv: 2 MiB, Paid 0.00000000000209769 FIL, ClientEventPaymentRequested (DealStatusFundsNeeded)
> Recv: 3 MiB, Paid 0.00000000000209769 FIL, ClientEventBlocksReceived (DealStatusFundsNeeded)
> Recv: 3 MiB, Paid 0.00000000000209769 FIL, ClientEventSendFunds (DealStatusSendFunds)
> Recv: 3 MiB, Paid 0.000000000006291994 FIL, ClientEventPaymentSent (DealStatusOngoing)
> Recv: 4 MiB, Paid 0.000000000006291994 FIL, ClientEventBlocksReceived (DealStatusOngoing)
> Recv: 4 MiB, Paid 0.000000000006291994 FIL, ClientEventLastPaymentRequested (DealStatusFundsNeededLastPayment)
> Recv: 4.769 MiB, Paid 0.000000000006291994 FIL, ClientEventBlocksReceived (DealStatusFundsNeededLastPayment)
> Recv: 4.769 MiB, Paid 0.000000000006291994 FIL, ClientEventAllBlocksReceived (DealStatusSendFundsLastPayment)
> Recv: 4.769 MiB, Paid 0.000000000010000538 FIL, ClientEventPaymentSent (DealStatusFinalizing)
> Recv: 4.769 MiB, Paid 0.000000000010000538 FIL, ClientEventComplete (DealStatusCompleted)
Success
0.02user 0.03system 3:55.60elapsed 0%CPU (0avgtext+0avgdata 38492maxresident)k
0inputs+0outputs (0major+3781minor)pagefaults 0swaps
Skipping ahead

1 wiki.zip.ae.by
t02554-10318 t02750-12748 t01945-14141 t069967-16064 t02014-19169 t01988-20571 t01902-21449 t01593-6607 t01591-9373
Already have log for t02554 10318 bafykbzacebdjya2tmw7d2i4bvlpuqob7fpqq6yb4jl3mrhlnwsgagm7mtta5q
Retrieving t02750 12748 bafykbzacebdjya2tmw7d2i4bvlpuqob7fpqq6yb4jl3mrhlnwsgagm7mtta5q
> Recv: 0 B, Paid 0 FIL, ClientEventOpen (DealStatusNew)
> Recv: 0 B, Paid 0 FIL, ClientEventDealProposed (DealStatusWaitForAcceptance)
> Recv: 0 B, Paid 0 FIL, ClientEventDealAccepted (DealStatusAccepted)
> Recv: 0 B, Paid 0 FIL, ClientEventPaymentChannelAddingFunds (DealStatusPaymentChannelAddingFunds)
