Apr 02 07:00:40 1234
Apr 02 07:00:40 eyJhbGciOiJIUzI1NiIsInR5cCI6IkpXVCJ9.eyJBbGxvdyI6WyJyZWFkIiwid3JpdGUiLCJzaWduIiwiYWRtaW4iXX0.RzY4hBx900NTgTTAA7E-5suH8551qNnu4IWj05cheAs
Apr 02 07:00:41 Loading deals f0421499
Apr 02 07:00:41 f0421499 1 minimal_finality_stateroots_616300_2021-03-26_22-00-00.car.aa
Apr 02 07:00:41 f0421499 2 minimal_finality_stateroots_616300_2021-03-26_22-00-00.car.ab
Apr 02 07:00:41 f0421499 3 minimal_finality_stateroots_620860_2021-03-28_12-00-00.car.aa
Apr 02 07:00:41 f0421499 4 minimal_finality_stateroots_620860_2021-03-28_12-00-00.car.ab
Apr 02 07:00:41 f0421499 5 minimal_finality_stateroots_624460_2021-03-29_18-00-00.car.aa
Apr 02 07:00:41 f0421499 6 minimal_finality_stateroots_624460_2021-03-29_18-00-00.car.ab
Apr 02 07:00:41 f0421499 7 minimal_finality_stateroots_627340_2021-03-30_18-00-00.car.aa
Apr 02 07:00:41 f0421499 8 minimal_finality_stateroots_627340_2021-03-30_18-00-00.car.ab
Apr 02 07:00:41 1 minimal_finality_stateroots_627340_2021-03-30_18-00-00.car.aa
Apr 02 07:00:41 f09848-1652857 f019551-1651158 f066596-1652487 f022163-1652788
Apr 02 07:00:41 Already have log for f09848 1652857 bafykbzaceaoebu76qzfrijr63ghpslqqzgcqneq75lfbrdhp5v7l3dtv6n2j4
Apr 02 07:00:42 Mpool pending 1, skipping + sleeping 30s
Apr 02 07:01:13 Mpool pending 1, skipping + sleeping 30s
Apr 02 07:01:51 Mpool pending 1, skipping + sleeping 30s
Apr 02 07:02:21 
Apr 02 07:02:22 0 minimal_finality_stateroots_620860_2021-03-28_12-00-00.car.ab
Apr 02 07:02:22 f071624-1643068 f09848-1642933 f019551-1645164 f01278-1645170 f08403-1645178 f022352-1652238 f058369-1652461 f0145874-1652527 f023467-1652489 f099608-1652792
Apr 02 07:02:26 Retrieving f071624 1643068 bafykbzacedqs6z3a56hasssv234ddhav7zgrlaukfnj6norlu4deptzsezn6g
Apr 02 07:02:26   % Total    % Received % Xferd  Average Speed   Time    Time     Time  Current
Apr 02 07:02:26                                  Dload  Upload   Total   Spent    Left  Speed
Apr 02 07:02:26   0     0    0     0    0     0      0      0 --:--:-- --:--:-- --:--:--     0100   563  100   386  100   177   1615    740 --:--:-- --:--:-- --:--:--  2355
Apr 02 07:02:26 {"jsonrpc":"2.0","result":{"Err":"","Root":{"/":"bafykbzacedqs6z3a56hasssv234ddhav7zgrlaukfnj6norlu4deptzsezn6g"},"Piece":null,"Size":34359738368,"MinPrice":"68719476736","UnsealPrice":"0","PaymentInterval":1048576,"PaymentIntervalIncrease":1048576,"Miner":"f070441","MinerPeer":{"Address":"f071624","ID":"12D3KooWByTFdr3VbnnST9woj7SQAq5ZBAWXbkADdGzYjnJZrTN1","PieceCID":null}},"id":1}
Apr 02 07:02:27 > Recv: 0 B, Paid 0 FIL, ClientEventOpen (DealStatusNew)
Apr 02 07:02:27 > Recv: 0 B, Paid 0 FIL, ClientEventDealProposed (DealStatusWaitForAcceptance)
Apr 02 07:02:27 > Recv: 0 B, Paid 0 FIL, ClientEventDealAccepted (DealStatusAccepted)
Apr 02 07:02:27 > Recv: 0 B, Paid 0 FIL, ClientEventPaymentChannelAddingFunds (DealStatusPaymentChannelAddingInitialFunds)
