Apr 02 19:39:19 1234
Apr 02 19:39:19 eyJhbGciOiJIUzI1NiIsInR5cCI6IkpXVCJ9.eyJBbGxvdyI6WyJyZWFkIiwid3JpdGUiLCJzaWduIiwiYWRtaW4iXX0.RzY4hBx900NTgTTAA7E-5suH8551qNnu4IWj05cheAs
Apr 02 19:39:19 Loading deals f0421499
Apr 02 19:39:19 f0421499 1 minimal_finality_stateroots_616300_2021-03-26_22-00-00.car.aa
Apr 02 19:39:19 f0421499 2 minimal_finality_stateroots_616300_2021-03-26_22-00-00.car.ab
Apr 02 19:39:20 f0421499 3 minimal_finality_stateroots_620860_2021-03-28_12-00-00.car.aa
Apr 02 19:39:20 f0421499 4 minimal_finality_stateroots_620860_2021-03-28_12-00-00.car.ab
Apr 02 19:39:20 f0421499 5 minimal_finality_stateroots_624460_2021-03-29_18-00-00.car.aa
Apr 02 19:39:20 f0421499 6 minimal_finality_stateroots_624460_2021-03-29_18-00-00.car.ab
Apr 02 19:39:20 f0421499 7 minimal_finality_stateroots_627340_2021-03-30_18-00-00.car.aa
Apr 02 19:39:20 f0421499 8 minimal_finality_stateroots_627340_2021-03-30_18-00-00.car.ab
Apr 02 19:39:20 1 minimal_finality_stateroots_627340_2021-03-30_18-00-00.car.ab
Apr 02 19:39:20 f08403-1652750 f019551-1652790
Apr 02 19:39:23 Already have log for f08403 1652750 bafykbzacebrkcuqlkatfr5t72rvi622se6vvwndcn6akviq547jp3whpufdjs
Apr 02 19:39:25 Already have log for f019551 1652790 bafykbzacebrkcuqlkatfr5t72rvi622se6vvwndcn6akviq547jp3whpufdjs
Apr 02 19:39:26 
Apr 02 19:39:27 0 minimal_finality_stateroots_620860_2021-03-28_12-00-00.car.ab
Apr 02 19:39:27 f071624-1643068 f09848-1642933 f019551-1645164 f01278-1645170 f08403-1645178 f022352-1652238 f058369-1652461 f0145874-1652527 f023467-1652489 f099608-1652792
Apr 02 19:39:27 Already have log for f071624 1643068 bafykbzacedqs6z3a56hasssv234ddhav7zgrlaukfnj6norlu4deptzsezn6g
Apr 02 19:39:28 Already have log for f09848 1642933 bafykbzacedqs6z3a56hasssv234ddhav7zgrlaukfnj6norlu4deptzsezn6g
Apr 02 19:39:29 Already have log for f019551 1645164 bafykbzacedqs6z3a56hasssv234ddhav7zgrlaukfnj6norlu4deptzsezn6g
Apr 02 19:39:30 Already have log for f01278 1645170 bafykbzacedqs6z3a56hasssv234ddhav7zgrlaukfnj6norlu4deptzsezn6g
Apr 02 19:39:32 Already have log for f08403 1645178 bafykbzacedqs6z3a56hasssv234ddhav7zgrlaukfnj6norlu4deptzsezn6g
Apr 02 19:39:33 Already have log for f022352 1652238 bafykbzacedqs6z3a56hasssv234ddhav7zgrlaukfnj6norlu4deptzsezn6g
Apr 02 19:39:34 Retrieving f058369 1652461 bafykbzacedqs6z3a56hasssv234ddhav7zgrlaukfnj6norlu4deptzsezn6g
Apr 02 19:39:35   % Total    % Received % Xferd  Average Speed   Time    Time     Time  Current
Apr 02 19:39:35                                  Dload  Upload   Total   Spent    Left  Speed
Apr 02 19:39:35   0     0    0     0    0     0      0      0 --:--:-- --:--:-- --:--:--     0100   563  100   386  100   177   4288   1966 --:--:-- --:--:-- --:--:--  6471
Apr 02 19:39:35 {"jsonrpc":"2.0","result":{"Err":"","Root":{"/":"bafykbzacedqs6z3a56hasssv234ddhav7zgrlaukfnj6norlu4deptzsezn6g"},"Piece":null,"Size":34359738368,"MinPrice":"68719476736","UnsealPrice":"0","PaymentInterval":1048576,"PaymentIntervalIncrease":1048576,"Miner":"f057190","MinerPeer":{"Address":"f058369","ID":"12D3KooWDdbAtcsG4ngdnmUW4SuirrWiRzUNdJMmquPEV5eeS2uh","PieceCID":null}},"id":1}
Apr 02 19:39:35 > Recv: 0 B, Paid 0 FIL, ClientEventOpen (DealStatusNew)
Apr 02 19:39:35 > Recv: 0 B, Paid 0 FIL, ClientEventDealProposed (DealStatusWaitForAcceptance)
Apr 02 19:39:35 > Recv: 0 B, Paid 0 FIL, ClientEventDealAccepted (DealStatusAccepted)
Apr 02 19:39:35 > Recv: 0 B, Paid 0 FIL, ClientEventPaymentChannelAddingFunds (DealStatusPaymentChannelAddingInitialFunds)
Apr 02 19:43:11 > Recv: 0 B, Paid 0 FIL, ClientEventPaymentChannelReady (DealStatusPaymentChannelAllocatingLane)
Apr 02 19:43:11 > Recv: 0 B, Paid 0 FIL, ClientEventLaneAllocated (DealStatusOngoing)
Apr 02 23:39:35 ERROR: retrieval timed out
Apr 02 23:39:35 
Apr 02 23:39:35 Command exited with non-zero status 124
Apr 02 23:39:35 6.88user 0.78system 4:00:00elapsed 0%CPU (0avgtext+0avgdata 71920maxresident)k
Apr 02 23:39:35 1232inputs+0outputs (93major+11917minor)pagefaults 0swaps
Apr 02 23:39:35 f0421499: 23.200080533902685634 FIL (190G free)
Apr 02 23:39:35 Skipping ahead
Apr 02 23:39:35 
Apr 02 23:39:36 1 minimal_finality_stateroots_616300_2021-03-26_22-00-00.car.aa
Apr 02 23:39:36 f023971-1638943 f0157535-1639420 f015927-1639425 f066596-1639456 f071624-1640606 f08403-1641409 f01234-1640777 f023467-1641041 f019551-1641211 f022352-1642427
Apr 02 23:39:45 Already have log for f023971 1638943 bafykbzacedoze6ckqa36rd7sxv7pcpjhugbbdnfssif2meiivcykvcvqup5h2
Apr 02 23:39:47 Already have log for f0157535 1639420 bafykbzacedoze6ckqa36rd7sxv7pcpjhugbbdnfssif2meiivcykvcvqup5h2
Apr 02 23:39:48 Already have log for f015927 1639425 bafykbzacedoze6ckqa36rd7sxv7pcpjhugbbdnfssif2meiivcykvcvqup5h2
Apr 02 23:39:49 Already have log for f066596 1639456 bafykbzacedoze6ckqa36rd7sxv7pcpjhugbbdnfssif2meiivcykvcvqup5h2
Apr 02 23:39:51 Already have log for f071624 1640606 bafykbzacedoze6ckqa36rd7sxv7pcpjhugbbdnfssif2meiivcykvcvqup5h2
Apr 02 23:39:52 Already have log for f08403 1641409 bafykbzacedoze6ckqa36rd7sxv7pcpjhugbbdnfssif2meiivcykvcvqup5h2
Apr 02 23:39:53 Already have log for f01234 1640777 bafykbzacedoze6ckqa36rd7sxv7pcpjhugbbdnfssif2meiivcykvcvqup5h2
Apr 02 23:39:54 Already have log for f023467 1641041 bafykbzacedoze6ckqa36rd7sxv7pcpjhugbbdnfssif2meiivcykvcvqup5h2
Apr 02 23:39:56 Already have log for f019551 1641211 bafykbzacedoze6ckqa36rd7sxv7pcpjhugbbdnfssif2meiivcykvcvqup5h2
Apr 02 23:39:57 Already have log for f022352 1642427 bafykbzacedoze6ckqa36rd7sxv7pcpjhugbbdnfssif2meiivcykvcvqup5h2
Apr 02 23:39:58 
Apr 02 23:39:59 0 minimal_finality_stateroots_616300_2021-03-26_22-00-00.car.ab
Apr 02 23:39:59 f08403-1639685 f022163-1639544 f014768-1639431 f01278-1639717 f01234-1639443 f071624-1639479 f022352-1639878 f099608-1640642 f01240-1640769 f0145874-1640738 f02576-1640964 f015927-1641099 f010479-1641179
Apr 02 23:39:59 Already have log for f08403 1639685 bafykbzacea5dewvdatvbxc2tmi26bomowduqhoi7ery4yqi3n6li32n4oe546
Apr 02 23:40:01 Already have log for f022163 1639544 bafykbzacea5dewvdatvbxc2tmi26bomowduqhoi7ery4yqi3n6li32n4oe546
Apr 02 23:40:02 Already have log for f014768 1639431 bafykbzacea5dewvdatvbxc2tmi26bomowduqhoi7ery4yqi3n6li32n4oe546
Apr 02 23:40:04 Already have log for f01278 1639717 bafykbzacea5dewvdatvbxc2tmi26bomowduqhoi7ery4yqi3n6li32n4oe546
Apr 02 23:40:05 Already have log for f01234 1639443 bafykbzacea5dewvdatvbxc2tmi26bomowduqhoi7ery4yqi3n6li32n4oe546
Apr 02 23:40:06 Already have log for f071624 1639479 bafykbzacea5dewvdatvbxc2tmi26bomowduqhoi7ery4yqi3n6li32n4oe546
Apr 02 23:40:08 Already have log for f022352 1639878 bafykbzacea5dewvdatvbxc2tmi26bomowduqhoi7ery4yqi3n6li32n4oe546
Apr 02 23:40:18 Already have log for f099608 1640642 bafykbzacea5dewvdatvbxc2tmi26bomowduqhoi7ery4yqi3n6li32n4oe546
Apr 02 23:40:19 Already have log for f01240 1640769 bafykbzacea5dewvdatvbxc2tmi26bomowduqhoi7ery4yqi3n6li32n4oe546
Apr 02 23:40:20 Already have log for f0145874 1640738 bafykbzacea5dewvdatvbxc2tmi26bomowduqhoi7ery4yqi3n6li32n4oe546
Apr 02 23:40:21 Already have log for f02576 1640964 bafykbzacea5dewvdatvbxc2tmi26bomowduqhoi7ery4yqi3n6li32n4oe546
Apr 02 23:40:23 Already have log for f015927 1641099 bafykbzacea5dewvdatvbxc2tmi26bomowduqhoi7ery4yqi3n6li32n4oe546
Apr 02 23:40:24 Already have log for f010479 1641179 bafykbzacea5dewvdatvbxc2tmi26bomowduqhoi7ery4yqi3n6li32n4oe546
Apr 02 23:40:25 
Apr 02 23:40:26 0 minimal_finality_stateroots_627340_2021-03-30_18-00-00.car.aa
Apr 02 23:40:26 f09848-1652857 f019551-1651158 f066596-1652487 f022163-1652788
Apr 02 23:40:26 Already have log for f09848 1652857 bafykbzaceaoebu76qzfrijr63ghpslqqzgcqneq75lfbrdhp5v7l3dtv6n2j4
Apr 02 23:40:28 Already have log for f019551 1651158 bafykbzaceaoebu76qzfrijr63ghpslqqzgcqneq75lfbrdhp5v7l3dtv6n2j4
Apr 02 23:40:29 Already have log for f066596 1652487 bafykbzaceaoebu76qzfrijr63ghpslqqzgcqneq75lfbrdhp5v7l3dtv6n2j4
Apr 02 23:40:30 Already have log for f022163 1652788 bafykbzaceaoebu76qzfrijr63ghpslqqzgcqneq75lfbrdhp5v7l3dtv6n2j4
Apr 02 23:40:31 
Apr 02 23:40:33 0 minimal_finality_stateroots_624460_2021-03-29_18-00-00.car.aa
Apr 02 23:40:33 f02576-1650987 f08399-1652420 f010479-1652545
Apr 02 23:40:33 Already have log for f02576 1650987 bafykbzacecpfagbszu24mq4jynabqouymjp5m3waz3kw6ccqqziwwcjm732ry
Apr 02 23:40:34 Already have log for f08399 1652420 bafykbzacecpfagbszu24mq4jynabqouymjp5m3waz3kw6ccqqziwwcjm732ry
Apr 02 23:40:44 Already have log for f010479 1652545 bafykbzacecpfagbszu24mq4jynabqouymjp5m3waz3kw6ccqqziwwcjm732ry
Apr 02 23:40:45 
Apr 02 23:40:46 0 minimal_finality_stateroots_620860_2021-03-28_12-00-00.car.aa
Apr 02 23:40:46 f0165400-1642717 f022163-1643006 f019551-1645067 f022352-1642861 f066596-1643069 f0145874-1642998 f071624-1645163 f08403-1645153 f022142-1652418 f014768-1652440 f023467-1652230 f058369-1652547
Apr 02 23:40:46 Already have log for f0165400 1642717 bafykbzacebwfpdjhfkv4dckre5pdb6dbtn3drso5mdqbmbofexmrri6vt3py2
Apr 02 23:40:47 Already have log for f022163 1643006 bafykbzacebwfpdjhfkv4dckre5pdb6dbtn3drso5mdqbmbofexmrri6vt3py2
Apr 02 23:40:49 Already have log for f019551 1645067 bafykbzacebwfpdjhfkv4dckre5pdb6dbtn3drso5mdqbmbofexmrri6vt3py2
Apr 02 23:40:50 Already have log for f022352 1642861 bafykbzacebwfpdjhfkv4dckre5pdb6dbtn3drso5mdqbmbofexmrri6vt3py2
Apr 02 23:40:51 Already have log for f066596 1643069 bafykbzacebwfpdjhfkv4dckre5pdb6dbtn3drso5mdqbmbofexmrri6vt3py2
Apr 02 23:40:53 Already have log for f0145874 1642998 bafykbzacebwfpdjhfkv4dckre5pdb6dbtn3drso5mdqbmbofexmrri6vt3py2
Apr 02 23:40:54 Already have log for f071624 1645163 bafykbzacebwfpdjhfkv4dckre5pdb6dbtn3drso5mdqbmbofexmrri6vt3py2
Apr 02 23:40:55 Already have log for f08403 1645153 bafykbzacebwfpdjhfkv4dckre5pdb6dbtn3drso5mdqbmbofexmrri6vt3py2
Apr 02 23:40:57 Already have log for f022142 1652418 bafykbzacebwfpdjhfkv4dckre5pdb6dbtn3drso5mdqbmbofexmrri6vt3py2
Apr 02 23:40:58 Already have log for f014768 1652440 bafykbzacebwfpdjhfkv4dckre5pdb6dbtn3drso5mdqbmbofexmrri6vt3py2
Apr 02 23:40:59 Already have log for f023467 1652230 bafykbzacebwfpdjhfkv4dckre5pdb6dbtn3drso5mdqbmbofexmrri6vt3py2
Apr 02 23:41:01 Already have log for f058369 1652547 bafykbzacebwfpdjhfkv4dckre5pdb6dbtn3drso5mdqbmbofexmrri6vt3py2
Apr 02 23:41:02 
Apr 02 23:41:03 0 minimal_finality_stateroots_624460_2021-03-29_18-00-00.car.ab
Apr 02 23:41:03 f099608-1652417 f01240-1652718 f022163-1652787
Apr 02 23:41:03 Already have log for f099608 1652417 bafykbzaceazee5wr2xtg4gpmjeo65uawsjx5i7kpxlv6h75hinjfqc7sg72sa
Apr 02 23:41:04 Already have log for f01240 1652718 bafykbzaceazee5wr2xtg4gpmjeo65uawsjx5i7kpxlv6h75hinjfqc7sg72sa
Apr 02 23:41:06 Already have log for f022163 1652787 bafykbzaceazee5wr2xtg4gpmjeo65uawsjx5i7kpxlv6h75hinjfqc7sg72sa
Apr 02 23:41:07 
