{"jsonrpc":"2.0","result":{"Err":"","Root":{"/":"QmNnM8RXjLYiXr7DatzfC5fy4Mwmi3JwzYVWzaLop21rGG"},"Piece":null,"Size":134217728,"MinPrice":"268435456","UnsealPrice":"0","PaymentInterval":1048576,"PaymentIntervalIncrease":1048576,"Miner":"f015937","MinerPeer":{"Address":"f015941","ID":"12D3KooWGVdc5QckTCXzDNQ7UgjpoBTUfaXoh662YnXQs281EToA","PieceCID":null}},"id":1}
> Recv: 0 B, Paid 0 FIL, ClientEventOpen (DealStatusNew)
> Recv: 0 B, Paid 0 FIL, ClientEventDealProposed (DealStatusWaitForAcceptance)
> Recv: 0 B, Paid 0 FIL, ClientEventDealAccepted (DealStatusAccepted)
> Recv: 1.502 KiB, Paid 0 FIL, ClientEventBlocksReceived (DealStatusAccepted)
> Recv: 2.448 KiB, Paid 0 FIL, ClientEventBlocksReceived (DealStatusAccepted)
> Recv: 258.5 KiB, Paid 0 FIL, ClientEventBlocksReceived (DealStatusAccepted)
> Recv: 514.5 KiB, Paid 0 FIL, ClientEventBlocksReceived (DealStatusAccepted)
> Recv: 770.5 KiB, Paid 0 FIL, ClientEventBlocksReceived (DealStatusAccepted)
> Recv: 770.5 KiB, Paid 0 FIL, ClientEventPaymentRequested (DealStatusAccepted)
> Recv: 1.002 MiB, Paid 0 FIL, ClientEventBlocksReceived (DealStatusAccepted)
> Recv: 1.002 MiB, Paid 0 FIL, ClientEventPaymentChannelAddingFunds (DealStatusPaymentChannelAllocatingLane)
> Recv: 1.002 MiB, Paid 0 FIL, ClientEventLaneAllocated (DealStatusOngoing)
> Recv: 1.002 MiB, Paid 0 FIL, ClientEventPaymentRequested (DealStatusFundsNeeded)
> Recv: 1.002 MiB, Paid 0 FIL, ClientEventSendFunds (DealStatusSendFunds)
> Recv: 1.002 MiB, Paid 0.000000000002102278 FIL, ClientEventPaymentSent (DealStatusOngoing)
> Recv: 1.252 MiB, Paid 0.000000000002102278 FIL, ClientEventBlocksReceived (DealStatusOngoing)
> Recv: 1.502 MiB, Paid 0.000000000002102278 FIL, ClientEventBlocksReceived (DealStatusOngoing)
> Recv: 1.752 MiB, Paid 0.000000000002102278 FIL, ClientEventBlocksReceived (DealStatusOngoing)
> Recv: 2.002 MiB, Paid 0.000000000002102278 FIL, ClientEventBlocksReceived (DealStatusOngoing)
> Recv: 2.253 MiB, Paid 0.000000000002102278 FIL, ClientEventBlocksReceived (DealStatusOngoing)
> Recv: 2.503 MiB, Paid 0.000000000002102278 FIL, ClientEventBlocksReceived (DealStatusOngoing)
> Recv: 2.753 MiB, Paid 0.000000000002102278 FIL, ClientEventBlocksReceived (DealStatusOngoing)
> Recv: 2.753 MiB, Paid 0.000000000002102278 FIL, ClientEventPaymentRequested (DealStatusFundsNeeded)
> Recv: 3.003 MiB, Paid 0.000000000002102278 FIL, ClientEventBlocksReceived (DealStatusFundsNeeded)
> Recv: 3.003 MiB, Paid 0.000000000002102278 FIL, ClientEventSendFunds (DealStatusSendFunds)
> Recv: 3.003 MiB, Paid 0.000000000006296806 FIL, ClientEventPaymentSent (DealStatusOngoing)
> Recv: 3.253 MiB, Paid 0.000000000006296806 FIL, ClientEventBlocksReceived (DealStatusOngoing)
> Recv: 3.503 MiB, Paid 0.000000000006296806 FIL, ClientEventBlocksReceived (DealStatusOngoing)
> Recv: 3.753 MiB, Paid 0.000000000006296806 FIL, ClientEventBlocksReceived (DealStatusOngoing)
> Recv: 4.003 MiB, Paid 0.000000000006296806 FIL, ClientEventBlocksReceived (DealStatusOngoing)
> Recv: 4.253 MiB, Paid 0.000000000006296806 FIL, ClientEventBlocksReceived (DealStatusOngoing)
> Recv: 4.503 MiB, Paid 0.000000000006296806 FIL, ClientEventBlocksReceived (DealStatusOngoing)
> Recv: 4.753 MiB, Paid 0.000000000006296806 FIL, ClientEventBlocksReceived (DealStatusOngoing)
> Recv: 4.771 MiB, Paid 0.000000000006296806 FIL, ClientEventBlocksReceived (DealStatusOngoing)
> Recv: 4.772 MiB, Paid 0.000000000006296806 FIL, ClientEventBlocksReceived (DealStatusOngoing)
> Recv: 5.022 MiB, Paid 0.000000000006296806 FIL, ClientEventBlocksReceived (DealStatusOngoing)
> Recv: 5.272 MiB, Paid 0.000000000006296806 FIL, ClientEventBlocksReceived (DealStatusOngoing)
> Recv: 5.522 MiB, Paid 0.000000000006296806 FIL, ClientEventBlocksReceived (DealStatusOngoing)
> Recv: 5.772 MiB, Paid 0.000000000006296806 FIL, ClientEventBlocksReceived (DealStatusOngoing)
> Recv: 5.772 MiB, Paid 0.000000000006296806 FIL, ClientEventPaymentRequested (DealStatusFundsNeeded)
> Recv: 6.022 MiB, Paid 0.000000000006296806 FIL, ClientEventBlocksReceived (DealStatusFundsNeeded)
> Recv: 6.022 MiB, Paid 0.000000000006296806 FIL, ClientEventSendFunds (DealStatusSendFunds)
> Recv: 6.022 MiB, Paid 0.000000000012629092 FIL, ClientEventPaymentSent (DealStatusOngoing)
> Recv: 6.272 MiB, Paid 0.000000000012629092 FIL, ClientEventBlocksReceived (DealStatusOngoing)
> Recv: 6.522 MiB, Paid 0.000000000012629092 FIL, ClientEventBlocksReceived (DealStatusOngoing)
> Recv: 6.772 MiB, Paid 0.000000000012629092 FIL, ClientEventBlocksReceived (DealStatusOngoing)
> Recv: 7.022 MiB, Paid 0.000000000012629092 FIL, ClientEventBlocksReceived (DealStatusOngoing)
> Recv: 7.272 MiB, Paid 0.000000000012629092 FIL, ClientEventBlocksReceived (DealStatusOngoing)
> Recv: 7.522 MiB, Paid 0.000000000012629092 FIL, ClientEventBlocksReceived (DealStatusOngoing)
> Recv: 7.772 MiB, Paid 0.000000000012629092 FIL, ClientEventBlocksReceived (DealStatusOngoing)
> Recv: 8.022 MiB, Paid 0.000000000012629092 FIL, ClientEventBlocksReceived (DealStatusOngoing)
> Recv: 8.272 MiB, Paid 0.000000000012629092 FIL, ClientEventBlocksReceived (DealStatusOngoing)
> Recv: 8.522 MiB, Paid 0.000000000012629092 FIL, ClientEventBlocksReceived (DealStatusOngoing)
> Recv: 8.772 MiB, Paid 0.000000000012629092 FIL, ClientEventBlocksReceived (DealStatusOngoing)
> Recv: 9.022 MiB, Paid 0.000000000012629092 FIL, ClientEventBlocksReceived (DealStatusOngoing)
> Recv: 9.272 MiB, Paid 0.000000000012629092 FIL, ClientEventBlocksReceived (DealStatusOngoing)
> Recv: 9.522 MiB, Paid 0.000000000012629092 FIL, ClientEventBlocksReceived (DealStatusOngoing)
> Recv: 9.522 MiB, Paid 0.000000000012629092 FIL, ClientEventPaymentRequested (DealStatusFundsNeeded)
> Recv: 9.541 MiB, Paid 0.000000000012629092 FIL, ClientEventBlocksReceived (DealStatusFundsNeeded)
> Recv: 9.541 MiB, Paid 0.000000000012629092 FIL, ClientEventBlocksReceived (DealStatusFundsNeeded)
> Recv: 9.791 MiB, Paid 0.000000000012629092 FIL, ClientEventBlocksReceived (DealStatusFundsNeeded)
> Recv: 10.04 MiB, Paid 0.000000000012629092 FIL, ClientEventBlocksReceived (DealStatusFundsNeeded)
> Recv: 10.04 MiB, Paid 0.000000000012629092 FIL, ClientEventSendFunds (DealStatusSendFunds)
> Recv: 10.04 MiB, Paid 0.000000000021058354 FIL, ClientEventPaymentSent (DealStatusOngoing)
> Recv: 10.29 MiB, Paid 0.000000000021058354 FIL, ClientEventBlocksReceived (DealStatusOngoing)
> Recv: 10.54 MiB, Paid 0.000000000021058354 FIL, ClientEventBlocksReceived (DealStatusOngoing)
> Recv: 10.79 MiB, Paid 0.000000000021058354 FIL, ClientEventBlocksReceived (DealStatusOngoing)
> Recv: 11.04 MiB, Paid 0.000000000021058354 FIL, ClientEventBlocksReceived (DealStatusOngoing)
> Recv: 11.29 MiB, Paid 0.000000000021058354 FIL, ClientEventBlocksReceived (DealStatusOngoing)
> Recv: 11.54 MiB, Paid 0.000000000021058354 FIL, ClientEventBlocksReceived (DealStatusOngoing)
> Recv: 11.79 MiB, Paid 0.000000000021058354 FIL, ClientEventBlocksReceived (DealStatusOngoing)
> Recv: 12.04 MiB, Paid 0.000000000021058354 FIL, ClientEventBlocksReceived (DealStatusOngoing)
> Recv: 12.29 MiB, Paid 0.000000000021058354 FIL, ClientEventBlocksReceived (DealStatusOngoing)
> Recv: 12.54 MiB, Paid 0.000000000021058354 FIL, ClientEventBlocksReceived (DealStatusOngoing)
> Recv: 12.79 MiB, Paid 0.000000000021058354 FIL, ClientEventBlocksReceived (DealStatusOngoing)
> Recv: 13.04 MiB, Paid 0.000000000021058354 FIL, ClientEventBlocksReceived (DealStatusOngoing)
> Recv: 13.29 MiB, Paid 0.000000000021058354 FIL, ClientEventBlocksReceived (DealStatusOngoing)
> Recv: 13.54 MiB, Paid 0.000000000021058354 FIL, ClientEventBlocksReceived (DealStatusOngoing)
> Recv: 13.59 MiB, Paid 0.000000000021058354 FIL, ClientEventBlocksReceived (DealStatusOngoing)
> Recv: 13.59 MiB, Paid 0.000000000021058354 FIL, ClientEventBlocksReceived (DealStatusOngoing)
> Recv: 13.84 MiB, Paid 0.000000000021058354 FIL, ClientEventBlocksReceived (DealStatusOngoing)
> Recv: 14.09 MiB, Paid 0.000000000021058354 FIL, ClientEventBlocksReceived (DealStatusOngoing)
> Recv: 14.34 MiB, Paid 0.000000000021058354 FIL, ClientEventBlocksReceived (DealStatusOngoing)
> Recv: 14.59 MiB, Paid 0.000000000021058354 FIL, ClientEventBlocksReceived (DealStatusOngoing)
> Recv: 14.59 MiB, Paid 0.000000000021058354 FIL, ClientEventPaymentRequested (DealStatusFundsNeeded)
> Recv: 14.84 MiB, Paid 0.000000000021058354 FIL, ClientEventBlocksReceived (DealStatusFundsNeeded)
> Recv: 15.09 MiB, Paid 0.000000000021058354 FIL, ClientEventBlocksReceived (DealStatusFundsNeeded)
> Recv: 15.09 MiB, Paid 0.000000000021058354 FIL, ClientEventSendFunds (DealStatusSendFunds)
> Recv: 15.09 MiB, Paid 0.000000000021058354 FIL, ClientEventVoucherShortfall (DealStatusCheckFunds)
> Recv: 15.09 MiB, Paid 0.000000000021058354 FIL, ClientEventPaymentChannelAddingFunds (DealStatusPaymentChannelAddingFunds)
> Recv: 15.09 MiB, Paid 0.000000000021058354 FIL, ClientEventPaymentChannelReady (DealStatusOngoing)
> Recv: 15.09 MiB, Paid 0.000000000021058354 FIL, ClientEventPaymentRequested (DealStatusFundsNeeded)
> Recv: 15.09 MiB, Paid 0.000000000021058354 FIL, ClientEventSendFunds (DealStatusSendFunds)
> Recv: 15.09 MiB, Paid 0.000000000031640336 FIL, ClientEventPaymentSent (DealStatusOngoing)
ERROR: retrieval timed out

Command exited with non-zero status 124
0.88user 0.12system 22:00.00elapsed 0%CPU (0avgtext+0avgdata 74732maxresident)k
0inputs+0outputs (0major+11762minor)pagefaults 0swaps
