{"jsonrpc":"2.0","result":{"Err":"","Root":{"/":"bafykbzacedoze6ckqa36rd7sxv7pcpjhugbbdnfssif2meiivcykvcvqup5h2"},"Piece":null,"Size":34359738368,"MinPrice":"68719476736","UnsealPrice":"0","PaymentInterval":1048576,"PaymentIntervalIncrease":1048576,"Miner":"f019559","MinerPeer":{"Address":"f022352","ID":"12D3KooWDaYp2U3XiDeYvXVruQ5BwGUxwobQA62fASdvZGZVb4n8","PieceCID":null}},"id":1}
Apr 03 22:34:47 > Recv: 0 B, Paid 0 FIL, ClientEventOpen (DealStatusNew)
Apr 03 22:34:47 > Recv: 0 B, Paid 0 FIL, ClientEventDealProposed (DealStatusWaitForAcceptance)
Apr 03 22:34:55 > Recv: 0 B, Paid 0 FIL, ClientEventDealAccepted (DealStatusAccepted)
Apr 03 22:36:29 > Recv: 0 B, Paid 0 FIL, ClientEventPaymentChannelAddingFunds (DealStatusPaymentChannelAddingInitialFunds)
Apr 03 22:39:59 > Recv: 962 B, Paid 0 FIL, ClientEventBlocksReceived (DealStatusPaymentChannelAddingInitialFunds)
Apr 03 22:39:59 > Recv: 52.95 KiB, Paid 0 FIL, ClientEventBlocksReceived (DealStatusPaymentChannelAddingInitialFunds)
Apr 03 22:39:59 > Recv: 52.95 KiB, Paid 0 FIL, ClientEventPaymentRequested (DealStatusPaymentChannelAddingInitialFunds)
Apr 03 22:39:59 > Recv: 1.052 MiB, Paid 0 FIL, ClientEventBlocksReceived (DealStatusPaymentChannelAddingInitialFunds)
Apr 03 22:39:59 > Recv: 1.052 MiB, Paid 0 FIL, ClientEventPaymentChannelReady (DealStatusPaymentChannelAllocatingLane)
Apr 03 22:39:59 > Recv: 1.052 MiB, Paid 0 FIL, ClientEventLaneAllocated (DealStatusOngoing)
Apr 03 22:39:59 > Recv: 1.052 MiB, Paid 0 FIL, ClientEventPaymentRequested (DealStatusFundsNeeded)
Apr 03 22:39:59 > Recv: 1.052 MiB, Paid 0 FIL, ClientEventSendFunds (DealStatusSendFunds)
Apr 03 22:39:59 > Recv: 1.052 MiB, Paid 0.000000000002205594 FIL, ClientEventPaymentSent (DealStatusOngoing)
Apr 03 22:40:58 > Recv: 2.052 MiB, Paid 0.000000000002205594 FIL, ClientEventBlocksReceived (DealStatusOngoing)
Apr 03 22:41:04 > Recv: 2.052 MiB, Paid 0.000000000002205594 FIL, ClientEventPaymentRequested (DealStatusFundsNeeded)
Apr 03 22:41:04 > Recv: 3.052 MiB, Paid 0.000000000002205594 FIL, ClientEventBlocksReceived (DealStatusFundsNeeded)
Apr 03 22:41:04 > Recv: 3.052 MiB, Paid 0.000000000002205594 FIL, ClientEventSendFunds (DealStatusSendFunds)
Apr 03 22:41:04 > Recv: 3.052 MiB, Paid 0.000000000006399898 FIL, ClientEventPaymentSent (DealStatusOngoing)
Apr 03 22:42:04 > Recv: 4.052 MiB, Paid 0.000000000006399898 FIL, ClientEventBlocksReceived (DealStatusOngoing)
Apr 03 22:42:04 > Recv: 5.052 MiB, Paid 0.000000000006399898 FIL, ClientEventBlocksReceived (DealStatusOngoing)
Apr 03 22:42:05 > Recv: 5.052 MiB, Paid 0.000000000006399898 FIL, ClientEventPaymentRequested (DealStatusFundsNeeded)
Apr 03 22:42:05 > Recv: 6.052 MiB, Paid 0.000000000006399898 FIL, ClientEventBlocksReceived (DealStatusFundsNeeded)
Apr 03 22:42:05 > Recv: 6.052 MiB, Paid 0.000000000006399898 FIL, ClientEventSendFunds (DealStatusSendFunds)
Apr 03 22:42:05 > Recv: 6.052 MiB, Paid 0.000000000012691354 FIL, ClientEventPaymentSent (DealStatusOngoing)
Apr 03 22:42:56 > Recv: 7.052 MiB, Paid 0.000000000012691354 FIL, ClientEventBlocksReceived (DealStatusOngoing)
Apr 03 22:42:58 > Recv: 8.052 MiB, Paid 0.000000000012691354 FIL, ClientEventBlocksReceived (DealStatusOngoing)
Apr 03 22:43:08 > Recv: 9.052 MiB, Paid 0.000000000012691354 FIL, ClientEventBlocksReceived (DealStatusOngoing)
Apr 03 22:43:16 > Recv: 9.052 MiB, Paid 0.000000000012691354 FIL, ClientEventPaymentRequested (DealStatusFundsNeeded)
Apr 03 22:43:16 > Recv: 9.052 MiB, Paid 0.000000000012691354 FIL, ClientEventSendFunds (DealStatusSendFunds)
Apr 03 22:43:16 > Recv: 9.052 MiB, Paid 0.000000000021079962 FIL, ClientEventPaymentSent (DealStatusOngoing)
