Apr 03 22:26:59 1234
Apr 03 22:26:59 eyJhbGciOiJIUzI1NiIsInR5cCI6IkpXVCJ9.eyJBbGxvdyI6WyJyZWFkIiwid3JpdGUiLCJzaWduIiwiYWRtaW4iXX0.RzY4hBx900NTgTTAA7E-5suH8551qNnu4IWj05cheAs
Apr 03 22:26:59 Loading deals f0421499
Apr 03 22:27:00 f0421499 1 minimal_finality_stateroots_616300_2021-03-26_22-00-00.car.aa
Apr 03 22:27:00 f0421499 2 minimal_finality_stateroots_616300_2021-03-26_22-00-00.car.ab
Apr 03 22:27:00 f0421499 3 minimal_finality_stateroots_620860_2021-03-28_12-00-00.car.aa
Apr 03 22:27:00 f0421499 4 minimal_finality_stateroots_620860_2021-03-28_12-00-00.car.ab
Apr 03 22:27:00 f0421499 5 minimal_finality_stateroots_624460_2021-03-29_18-00-00.car.aa
Apr 03 22:27:00 f0421499 6 minimal_finality_stateroots_624460_2021-03-29_18-00-00.car.ab
Apr 03 22:27:00 f0421499 7 minimal_finality_stateroots_627340_2021-03-30_18-00-00.car.aa
Apr 03 22:27:00 f0421499 8 minimal_finality_stateroots_627340_2021-03-30_18-00-00.car.ab
Apr 03 22:27:00 1 minimal_finality_stateroots_627340_2021-03-30_18-00-00.car.aa
Apr 03 22:27:00 f09848-1652857 f019551-1651158 f066596-1652487 f022163-1652788
Apr 03 22:27:00 Mpool pending 1, skipping + sleeping 30s
Apr 03 22:27:30 Already have log for f019551 1651158 bafykbzaceaoebu76qzfrijr63ghpslqqzgcqneq75lfbrdhp5v7l3dtv6n2j4
Apr 03 22:27:31 Mpool pending 2, skipping + sleeping 30s
Apr 03 22:28:02 Mpool pending 2, skipping + sleeping 30s
Apr 03 22:28:32 
Apr 03 22:28:33 0 minimal_finality_stateroots_624460_2021-03-29_18-00-00.car.ab
Apr 03 22:28:33 f099608-1652417 f01240-1652718 f022163-1652787
Apr 03 22:28:36 Retrieving f099608 1652417 bafykbzaceazee5wr2xtg4gpmjeo65uawsjx5i7kpxlv6h75hinjfqc7sg72sa
Apr 03 22:28:36   % Total    % Received % Xferd  Average Speed   Time    Time     Time  Current
Apr 03 22:28:36                                  Dload  Upload   Total   Spent    Left  Speed
Apr 03 22:28:37   0     0    0     0    0     0      0      0 --:--:-- --:--:-- --:--:--     0100   177    0     0  100   177      0    885 --:--:-- --:--:-- --:--:--   880100   563  100   386  100   177    426    195 --:--:-- --:--:-- --:--:--   620
Apr 03 22:28:37 {"jsonrpc":"2.0","result":{"Err":"","Root":{"/":"bafykbzaceazee5wr2xtg4gpmjeo65uawsjx5i7kpxlv6h75hinjfqc7sg72sa"},"Piece":null,"Size":34359738368,"MinPrice":"68719476736","UnsealPrice":"0","PaymentInterval":1048576,"PaymentIntervalIncrease":1048576,"Miner":"f099600","MinerPeer":{"Address":"f099608","ID":"12D3KooWMF32Az9K6knsUwttFYUJ4qrArvDgg1bnAdUw3mt6eEZr","PieceCID":null}},"id":1}
Apr 03 22:28:38 > Recv: 0 B, Paid 0 FIL, ClientEventOpen (DealStatusNew)
Apr 03 22:28:38 > Recv: 0 B, Paid 0 FIL, ClientEventDealProposed (DealStatusWaitForAcceptance)
Apr 03 22:28:38 > Recv: 0 B, Paid 0 FIL, ClientEventDealAccepted (DealStatusAccepted)
Apr 03 22:28:38 > Recv: 0 B, Paid 0 FIL, ClientEventPaymentChannelAddingFunds (DealStatusPaymentChannelAddingInitialFunds)
Apr 03 22:32:00 > Recv: 0 B, Paid 0 FIL, ClientEventPaymentChannelReady (DealStatusPaymentChannelAllocatingLane)
Apr 03 22:32:00 > Recv: 0 B, Paid 0 FIL, ClientEventLaneAllocated (DealStatusOngoing)
Apr 03 22:32:08 > Recv: 962 B, Paid 0 FIL, ClientEventBlocksReceived (DealStatusOngoing)
Apr 03 22:32:08 > Recv: 52.95 KiB, Paid 0 FIL, ClientEventBlocksReceived (DealStatusOngoing)
Apr 03 22:32:09 > Recv: 52.95 KiB, Paid 0 FIL, ClientEventPaymentRequested (DealStatusFundsNeeded)
Apr 03 22:32:09 > Recv: 1.052 MiB, Paid 0 FIL, ClientEventBlocksReceived (DealStatusFundsNeeded)
Apr 03 22:32:09 > Recv: 1.052 MiB, Paid 0 FIL, ClientEventSendFunds (DealStatusSendFunds)
Apr 03 22:32:09 > Recv: 1.052 MiB, Paid 0.000000000002205594 FIL, ClientEventPaymentSent (DealStatusOngoing)
Apr 03 22:32:09 > Recv: 2.052 MiB, Paid 0.000000000002205594 FIL, ClientEventBlocksReceived (DealStatusOngoing)
Apr 03 22:32:09 > Recv: 2.052 MiB, Paid 0.000000000002205594 FIL, ClientEventPaymentRequested (DealStatusFundsNeeded)
Apr 03 22:32:09 > Recv: 2.052 MiB, Paid 0.000000000002205594 FIL, ClientEventSendFunds (DealStatusSendFunds)
Apr 03 22:32:10 > Recv: 2.052 MiB, Paid 0.000000000006399898 FIL, ClientEventPaymentSent (DealStatusOngoing)
Apr 03 22:32:10 > Recv: 4.052 MiB, Paid 0.000000000006399898 FIL, ClientEventBlocksReceived (DealStatusOngoing)
Apr 03 22:32:10 > Recv: 5.052 MiB, Paid 0.000000000006399898 FIL, ClientEventBlocksReceived (DealStatusOngoing)
Apr 03 22:32:10 > Recv: 5.052 MiB, Paid 0.000000000006399898 FIL, ClientEventPaymentRequested (DealStatusFundsNeeded)
Apr 03 22:32:10 > Recv: 5.052 MiB, Paid 0.000000000006399898 FIL, ClientEventSendFunds (DealStatusSendFunds)
Apr 03 22:32:10 > Recv: 5.052 MiB, Paid 0.000000000012691354 FIL, ClientEventPaymentSent (DealStatusOngoing)
Apr 03 22:32:11 > Recv: 7.052 MiB, Paid 0.000000000012691354 FIL, ClientEventBlocksReceived (DealStatusOngoing)
Apr 03 22:32:11 > Recv: 8.052 MiB, Paid 0.000000000012691354 FIL, ClientEventBlocksReceived (DealStatusOngoing)
Apr 03 22:32:11 > Recv: 9.052 MiB, Paid 0.000000000012691354 FIL, ClientEventBlocksReceived (DealStatusOngoing)
Apr 03 22:32:11 > Recv: 9.052 MiB, Paid 0.000000000012691354 FIL, ClientEventPaymentRequested (DealStatusFundsNeeded)
Apr 03 22:32:11 > Recv: 9.052 MiB, Paid 0.000000000012691354 FIL, ClientEventSendFunds (DealStatusSendFunds)
Apr 03 22:32:11 > Recv: 9.052 MiB, Paid 0.000000000021079962 FIL, ClientEventPaymentSent (DealStatusOngoing)
Apr 03 22:32:12 > Recv: 11.05 MiB, Paid 0.000000000021079962 FIL, ClientEventBlocksReceived (DealStatusOngoing)
Apr 03 22:32:12 > Recv: 12.05 MiB, Paid 0.000000000021079962 FIL, ClientEventBlocksReceived (DealStatusOngoing)
Apr 03 22:32:13 > Recv: 13.05 MiB, Paid 0.000000000021079962 FIL, ClientEventBlocksReceived (DealStatusOngoing)
Apr 03 22:32:14 > Recv: 14.05 MiB, Paid 0.000000000021079962 FIL, ClientEventBlocksReceived (DealStatusOngoing)
Apr 03 22:32:15 > Recv: 14.05 MiB, Paid 0.000000000021079962 FIL, ClientEventPaymentRequested (DealStatusFundsNeeded)
Apr 03 22:32:15 > Recv: 14.05 MiB, Paid 0.000000000021079962 FIL, ClientEventSendFunds (DealStatusSendFunds)
Apr 03 22:32:15 > Recv: 14.05 MiB, Paid 0.000000000031565722 FIL, ClientEventPaymentSent (DealStatusOngoing)
Apr 03 22:32:17 > Recv: 16.05 MiB, Paid 0.000000000031565722 FIL, ClientEventBlocksReceived (DealStatusOngoing)
Apr 03 22:32:19 > Recv: 17.05 MiB, Paid 0.000000000031565722 FIL, ClientEventBlocksReceived (DealStatusOngoing)
Apr 03 22:32:20 > Recv: 18.05 MiB, Paid 0.000000000031565722 FIL, ClientEventBlocksReceived (DealStatusOngoing)
Apr 03 22:32:21 > Recv: 19.05 MiB, Paid 0.000000000031565722 FIL, ClientEventBlocksReceived (DealStatusOngoing)
Apr 03 22:32:23 > Recv: 20.05 MiB, Paid 0.000000000031565722 FIL, ClientEventBlocksReceived (DealStatusOngoing)
Apr 03 22:32:26 > Recv: 20.05 MiB, Paid 0.000000000031565722 FIL, ClientEventPaymentRequested (DealStatusFundsNeeded)
Apr 03 22:32:26 > Recv: 20.05 MiB, Paid 0.000000000031565722 FIL, ClientEventSendFunds (DealStatusSendFunds)
Apr 03 22:32:26 > Recv: 20.05 MiB, Paid 0.000000000044148634 FIL, ClientEventPaymentSent (DealStatusOngoing)
Apr 03 22:32:28 > Recv: 22.05 MiB, Paid 0.000000000044148634 FIL, ClientEventBlocksReceived (DealStatusOngoing)
Apr 03 22:32:31 > Recv: 23.05 MiB, Paid 0.000000000044148634 FIL, ClientEventBlocksReceived (DealStatusOngoing)
Apr 03 22:32:34 > Recv: 24.05 MiB, Paid 0.000000000044148634 FIL, ClientEventBlocksReceived (DealStatusOngoing)
Apr 03 22:32:37 > Recv: 25.05 MiB, Paid 0.000000000044148634 FIL, ClientEventBlocksReceived (DealStatusOngoing)
Apr 03 22:32:40 > Recv: 26.05 MiB, Paid 0.000000000044148634 FIL, ClientEventBlocksReceived (DealStatusOngoing)
Apr 03 22:32:43 > Recv: 27.05 MiB, Paid 0.000000000044148634 FIL, ClientEventBlocksReceived (DealStatusOngoing)
Apr 03 22:32:44 > Recv: 27.05 MiB, Paid 0.000000000044148634 FIL, ClientEventPaymentRequested (DealStatusFundsNeeded)
Apr 03 22:32:44 > Recv: 27.05 MiB, Paid 0.000000000044148634 FIL, ClientEventSendFunds (DealStatusSendFunds)
Apr 03 22:32:44 > Recv: 27.05 MiB, Paid 0.000000000058828698 FIL, ClientEventPaymentSent (DealStatusOngoing)
Apr 03 22:32:47 > Recv: 29.05 MiB, Paid 0.000000000058828698 FIL, ClientEventBlocksReceived (DealStatusOngoing)
Apr 03 22:32:50 > Recv: 30.05 MiB, Paid 0.000000000058828698 FIL, ClientEventBlocksReceived (DealStatusOngoing)
Apr 03 22:32:54 > Recv: 31.05 MiB, Paid 0.000000000058828698 FIL, ClientEventBlocksReceived (DealStatusOngoing)
Apr 03 22:32:57 > Recv: 32.05 MiB, Paid 0.000000000058828698 FIL, ClientEventBlocksReceived (DealStatusOngoing)
Apr 03 22:32:59 > Recv: 33.05 MiB, Paid 0.000000000058828698 FIL, ClientEventBlocksReceived (DealStatusOngoing)
Apr 03 22:33:02 > Recv: 34.05 MiB, Paid 0.000000000058828698 FIL, ClientEventBlocksReceived (DealStatusOngoing)
Apr 03 22:33:04 > Recv: 35.05 MiB, Paid 0.000000000058828698 FIL, ClientEventBlocksReceived (DealStatusOngoing)
Apr 03 22:33:07 > Recv: 35.05 MiB, Paid 0.000000000058828698 FIL, ClientEventPaymentRequested (DealStatusFundsNeeded)
Apr 03 22:33:07 > Recv: 35.05 MiB, Paid 0.000000000058828698 FIL, ClientEventSendFunds (DealStatusSendFunds)
Apr 03 22:33:07 > Recv: 35.05 MiB, Paid 0.000000000075605914 FIL, ClientEventPaymentSent (DealStatusOngoing)
Apr 03 22:33:10 > Recv: 37.05 MiB, Paid 0.000000000075605914 FIL, ClientEventBlocksReceived (DealStatusOngoing)
Apr 03 22:33:13 > Recv: 38.05 MiB, Paid 0.000000000075605914 FIL, ClientEventBlocksReceived (DealStatusOngoing)
Apr 03 22:33:16 > Recv: 39.05 MiB, Paid 0.000000000075605914 FIL, ClientEventBlocksReceived (DealStatusOngoing)
Apr 03 22:33:20 > Recv: 40.05 MiB, Paid 0.000000000075605914 FIL, ClientEventBlocksReceived (DealStatusOngoing)
Apr 03 22:33:23 > Recv: 41.05 MiB, Paid 0.000000000075605914 FIL, ClientEventBlocksReceived (DealStatusOngoing)
Apr 03 22:33:26 > Recv: 42.05 MiB, Paid 0.000000000075605914 FIL, ClientEventBlocksReceived (DealStatusOngoing)
Apr 03 22:33:29 > Recv: 43.05 MiB, Paid 0.000000000075605914 FIL, ClientEventBlocksReceived (DealStatusOngoing)
Apr 03 22:33:32 > Recv: 44.05 MiB, Paid 0.000000000075605914 FIL, ClientEventBlocksReceived (DealStatusOngoing)
Apr 03 22:33:34 > Recv: 44.05 MiB, Paid 0.000000000075605914 FIL, ClientEventPaymentRequested (DealStatusFundsNeeded)
Apr 03 22:33:34 > Recv: 44.05 MiB, Paid 0.000000000075605914 FIL, ClientEventSendFunds (DealStatusSendFunds)
Apr 03 22:33:35 > Recv: 44.05 MiB, Paid 0.000000000094480282 FIL, ClientEventPaymentSent (DealStatusOngoing)
Apr 03 22:33:37 > Recv: 46.05 MiB, Paid 0.000000000094480282 FIL, ClientEventBlocksReceived (DealStatusOngoing)
Apr 03 22:33:40 > Recv: 47.05 MiB, Paid 0.000000000094480282 FIL, ClientEventBlocksReceived (DealStatusOngoing)
Apr 03 22:33:42 > Recv: 48.05 MiB, Paid 0.000000000094480282 FIL, ClientEventBlocksReceived (DealStatusOngoing)
Apr 03 22:33:44 > Recv: 49.05 MiB, Paid 0.000000000094480282 FIL, ClientEventBlocksReceived (DealStatusOngoing)
Apr 03 22:33:47 > Recv: 50.05 MiB, Paid 0.000000000094480282 FIL, ClientEventBlocksReceived (DealStatusOngoing)
Apr 03 22:33:49 > Recv: 51.05 MiB, Paid 0.000000000094480282 FIL, ClientEventBlocksReceived (DealStatusOngoing)
Apr 03 22:33:52 > Recv: 52.05 MiB, Paid 0.000000000094480282 FIL, ClientEventBlocksReceived (DealStatusOngoing)
Apr 03 22:33:54 > Recv: 53.05 MiB, Paid 0.000000000094480282 FIL, ClientEventBlocksReceived (DealStatusOngoing)
Apr 03 22:33:57 > Recv: 54.05 MiB, Paid 0.000000000094480282 FIL, ClientEventBlocksReceived (DealStatusOngoing)
Apr 03 22:34:00 > Recv: 54.05 MiB, Paid 0.000000000094480282 FIL, ClientEventPaymentRequested (DealStatusFundsNeeded)
Apr 03 22:34:00 > Recv: 54.05 MiB, Paid 0.000000000094480282 FIL, ClientEventSendFunds (DealStatusSendFunds)
Apr 03 22:34:00 > Recv: 54.05 MiB, Paid 0.000000000115451802 FIL, ClientEventPaymentSent (DealStatusOngoing)
Apr 03 22:34:03 > Recv: 56.05 MiB, Paid 0.000000000115451802 FIL, ClientEventBlocksReceived (DealStatusOngoing)
Apr 03 22:34:05 > Recv: 57.05 MiB, Paid 0.000000000115451802 FIL, ClientEventBlocksReceived (DealStatusOngoing)
Apr 03 22:34:08 > Recv: 58.05 MiB, Paid 0.000000000115451802 FIL, ClientEventBlocksReceived (DealStatusOngoing)
Apr 03 22:34:12 > Recv: 59.05 MiB, Paid 0.000000000115451802 FIL, ClientEventBlocksReceived (DealStatusOngoing)
Apr 03 22:34:15 > Recv: 60.05 MiB, Paid 0.000000000115451802 FIL, ClientEventBlocksReceived (DealStatusOngoing)
Apr 03 22:34:16 > Recv: 61.05 MiB, Paid 0.000000000115451802 FIL, ClientEventBlocksReceived (DealStatusOngoing)
Apr 03 22:34:18 > Recv: 62.05 MiB, Paid 0.000000000115451802 FIL, ClientEventBlocksReceived (DealStatusOngoing)
Apr 03 22:34:20 > Recv: 63.05 MiB, Paid 0.000000000115451802 FIL, ClientEventBlocksReceived (DealStatusOngoing)
Apr 03 22:34:24 > Recv: 64.05 MiB, Paid 0.000000000115451802 FIL, ClientEventBlocksReceived (DealStatusOngoing)
Apr 03 22:34:27 > Recv: 65.05 MiB, Paid 0.000000000115451802 FIL, ClientEventBlocksReceived (DealStatusOngoing)
Apr 03 22:34:30 > Recv: 65.05 MiB, Paid 0.000000000115451802 FIL, ClientEventPaymentRequested (DealStatusFundsNeeded)
Apr 03 22:34:30 > Recv: 65.05 MiB, Paid 0.000000000115451802 FIL, ClientEventSendFunds (DealStatusSendFunds)
Apr 03 22:34:30 > Recv: 65.05 MiB, Paid 0.000000000138520474 FIL, ClientEventPaymentSent (DealStatusOngoing)
Apr 03 22:34:33 > Recv: 67.05 MiB, Paid 0.000000000138520474 FIL, ClientEventBlocksReceived (DealStatusOngoing)
Apr 03 22:34:35 > Recv: 68.05 MiB, Paid 0.000000000138520474 FIL, ClientEventBlocksReceived (DealStatusOngoing)
Apr 03 22:34:38 > Recv: 69.05 MiB, Paid 0.000000000138520474 FIL, ClientEventBlocksReceived (DealStatusOngoing)
Apr 03 22:34:42 > Recv: 70.05 MiB, Paid 0.000000000138520474 FIL, ClientEventBlocksReceived (DealStatusOngoing)
Apr 03 22:34:45 > Recv: 71.05 MiB, Paid 0.000000000138520474 FIL, ClientEventBlocksReceived (DealStatusOngoing)
Apr 03 22:34:47 > Recv: 72.05 MiB, Paid 0.000000000138520474 FIL, ClientEventBlocksReceived (DealStatusOngoing)
Apr 03 22:34:50 > Recv: 73.05 MiB, Paid 0.000000000138520474 FIL, ClientEventBlocksReceived (DealStatusOngoing)
Apr 03 22:34:53 > Recv: 74.05 MiB, Paid 0.000000000138520474 FIL, ClientEventBlocksReceived (DealStatusOngoing)
Apr 03 22:34:56 > Recv: 75.05 MiB, Paid 0.000000000138520474 FIL, ClientEventBlocksReceived (DealStatusOngoing)
Apr 03 22:34:58 > Recv: 76.05 MiB, Paid 0.000000000138520474 FIL, ClientEventBlocksReceived (DealStatusOngoing)
Apr 03 22:35:00 > Recv: 77.05 MiB, Paid 0.000000000138520474 FIL, ClientEventBlocksReceived (DealStatusOngoing)
Apr 03 22:35:01 > Recv: 77.05 MiB, Paid 0.000000000138520474 FIL, ClientEventPaymentRequested (DealStatusFundsNeeded)
Apr 03 22:35:01 > Recv: 77.05 MiB, Paid 0.000000000138520474 FIL, ClientEventSendFunds (DealStatusSendFunds)
Apr 03 22:35:01 > Recv: 77.05 MiB, Paid 0.000000000163686298 FIL, ClientEventPaymentSent (DealStatusOngoing)
Apr 03 22:35:02 > Recv: 79.05 MiB, Paid 0.000000000163686298 FIL, ClientEventBlocksReceived (DealStatusOngoing)
Apr 03 22:35:05 > Recv: 80.05 MiB, Paid 0.000000000163686298 FIL, ClientEventBlocksReceived (DealStatusOngoing)
Apr 03 22:35:08 > Recv: 81.05 MiB, Paid 0.000000000163686298 FIL, ClientEventBlocksReceived (DealStatusOngoing)
Apr 03 22:35:12 > Recv: 82.05 MiB, Paid 0.000000000163686298 FIL, ClientEventBlocksReceived (DealStatusOngoing)
Apr 03 22:35:17 > Recv: 83.05 MiB, Paid 0.000000000163686298 FIL, ClientEventBlocksReceived (DealStatusOngoing)
