Apr 03 22:29:51 1234
Apr 03 22:29:52 eyJhbGciOiJIUzI1NiIsInR5cCI6IkpXVCJ9.eyJBbGxvdyI6WyJyZWFkIiwid3JpdGUiLCJzaWduIiwiYWRtaW4iXX0.RzY4hBx900NTgTTAA7E-5suH8551qNnu4IWj05cheAs
Apr 03 22:29:52 Loading deals f0421499
Apr 03 22:29:52 f0421499 1 minimal_finality_stateroots_616300_2021-03-26_22-00-00.car.aa
Apr 03 22:29:52 f0421499 2 minimal_finality_stateroots_616300_2021-03-26_22-00-00.car.ab
Apr 03 22:29:52 f0421499 3 minimal_finality_stateroots_620860_2021-03-28_12-00-00.car.aa
Apr 03 22:29:52 f0421499 4 minimal_finality_stateroots_620860_2021-03-28_12-00-00.car.ab
Apr 03 22:29:52 f0421499 5 minimal_finality_stateroots_624460_2021-03-29_18-00-00.car.aa
Apr 03 22:29:52 f0421499 6 minimal_finality_stateroots_624460_2021-03-29_18-00-00.car.ab
Apr 03 22:29:52 f0421499 7 minimal_finality_stateroots_627340_2021-03-30_18-00-00.car.aa
Apr 03 22:29:52 f0421499 8 minimal_finality_stateroots_627340_2021-03-30_18-00-00.car.ab
Apr 03 22:29:52 1 minimal_finality_stateroots_620860_2021-03-28_12-00-00.car.ab
Apr 03 22:29:52 f071624-1643068 f09848-1642933 f019551-1645164 f01278-1645170 f08403-1645178 f022352-1652238 f058369-1652461 f0145874-1652527 f023467-1652489 f099608-1652792
Apr 03 22:29:52 Mpool pending 1, skipping + sleeping 30s
Apr 03 22:30:22 Already have log for f09848 1642933 bafykbzacedqs6z3a56hasssv234ddhav7zgrlaukfnj6norlu4deptzsezn6g
Apr 03 22:30:23 Already have log for f019551 1645164 bafykbzacedqs6z3a56hasssv234ddhav7zgrlaukfnj6norlu4deptzsezn6g
Apr 03 22:30:24 Retrieving f01278 1645170 bafykbzacedqs6z3a56hasssv234ddhav7zgrlaukfnj6norlu4deptzsezn6g
Apr 03 22:30:24   % Total    % Received % Xferd  Average Speed   Time    Time     Time  Current
Apr 03 22:30:24                                  Dload  Upload   Total   Spent    Left  Speed
Apr 03 22:30:25   0     0    0     0    0     0      0      0 --:--:-- --:--:-- --:--:--     0100   550  100   374  100   176   6925   3259 --:--:-- --:--:-- --:--:-- 10000100   550  100   374  100   176   6925   3259 --:--:-- --:--:-- --:--:-- 10000
Apr 03 22:30:25 {"jsonrpc":"2.0","result":{"Err":"","Root":{"/":"bafykbzacedqs6z3a56hasssv234ddhav7zgrlaukfnj6norlu4deptzsezn6g"},"Piece":null,"Size":34359738368,"MinPrice":"0","UnsealPrice":"0","PaymentInterval":1048576,"PaymentIntervalIncrease":1048576,"Miner":"f01019","MinerPeer":{"Address":"f01278","ID":"12D3KooWQvdhZSSArWTSBiyjVZa3mAmzoLHXV2QS9nFoaGLv3fL7","PieceCID":null}},"id":1}
Apr 03 22:30:25 > Recv: 0 B, Paid 0 FIL, ClientEventOpen (DealStatusNew)
Apr 03 22:30:25 > Recv: 0 B, Paid 0 FIL, ClientEventDealProposed (DealStatusWaitForAcceptance)
Apr 03 22:30:25 > Recv: 0 B, Paid 0 FIL, ClientEventDealAccepted (DealStatusAccepted)
Apr 03 22:30:25 > Recv: 0 B, Paid 0 FIL, ClientEventPaymentChannelSkip (DealStatusOngoing)
