Apr 03 22:27:46 1234
Apr 03 22:27:46 eyJhbGciOiJIUzI1NiIsInR5cCI6IkpXVCJ9.eyJBbGxvdyI6WyJyZWFkIiwid3JpdGUiLCJzaWduIiwiYWRtaW4iXX0.RzY4hBx900NTgTTAA7E-5suH8551qNnu4IWj05cheAs
Apr 03 22:27:46 Loading deals f0421499
Apr 03 22:27:46 f0421499 1 minimal_finality_stateroots_616300_2021-03-26_22-00-00.car.aa
Apr 03 22:27:46 f0421499 2 minimal_finality_stateroots_616300_2021-03-26_22-00-00.car.ab
Apr 03 22:27:46 f0421499 3 minimal_finality_stateroots_620860_2021-03-28_12-00-00.car.aa
Apr 03 22:27:46 f0421499 4 minimal_finality_stateroots_620860_2021-03-28_12-00-00.car.ab
Apr 03 22:27:46 f0421499 5 minimal_finality_stateroots_624460_2021-03-29_18-00-00.car.aa
Apr 03 22:27:46 f0421499 6 minimal_finality_stateroots_624460_2021-03-29_18-00-00.car.ab
Apr 03 22:27:46 f0421499 7 minimal_finality_stateroots_627340_2021-03-30_18-00-00.car.aa
Apr 03 22:27:46 f0421499 8 minimal_finality_stateroots_627340_2021-03-30_18-00-00.car.ab
Apr 03 22:27:46 1 minimal_finality_stateroots_620860_2021-03-28_12-00-00.car.aa
Apr 03 22:27:46 f0165400-1642717 f022163-1643006 f019551-1645067 f022352-1642861 f066596-1643069 f0145874-1642998 f071624-1645163 f08403-1645153 f022142-1652418 f014768-1652440 f023467-1652230 f058369-1652547
Apr 03 22:27:46 Mpool pending 2, skipping + sleeping 30s
Apr 03 22:28:16 Mpool pending 1, skipping + sleeping 30s
Apr 03 22:28:47 Mpool pending 1, skipping + sleeping 30s
Apr 03 22:29:17 Retrieving f022352 1642861 bafykbzacebwfpdjhfkv4dckre5pdb6dbtn3drso5mdqbmbofexmrri6vt3py2
Apr 03 22:29:17   % Total    % Received % Xferd  Average Speed   Time    Time     Time  Current
Apr 03 22:29:17                                  Dload  Upload   Total   Spent    Left  Speed
Apr 03 22:29:18   0     0    0     0    0     0      0      0 --:--:-- --:--:-- --:--:--     0100   563  100   386  100   177    538    246 --:--:-- --:--:-- --:--:--   784100   563  100   386  100   177    538    246 --:--:-- --:--:-- --:--:--   784
Apr 03 22:29:18 {"jsonrpc":"2.0","result":{"Err":"","Root":{"/":"bafykbzacebwfpdjhfkv4dckre5pdb6dbtn3drso5mdqbmbofexmrri6vt3py2"},"Piece":null,"Size":34359738368,"MinPrice":"68719476736","UnsealPrice":"0","PaymentInterval":1048576,"PaymentIntervalIncrease":1048576,"Miner":"f019559","MinerPeer":{"Address":"f022352","ID":"12D3KooWDaYp2U3XiDeYvXVruQ5BwGUxwobQA62fASdvZGZVb4n8","PieceCID":null}},"id":1}
Apr 03 22:29:18 > Recv: 0 B, Paid 0 FIL, ClientEventOpen (DealStatusNew)
Apr 03 22:29:18 > Recv: 0 B, Paid 0 FIL, ClientEventDealProposed (DealStatusWaitForAcceptance)
Apr 03 22:29:18 > Recv: 0 B, Paid 0 FIL, ClientEventDealAccepted (DealStatusAccepted)
Apr 03 22:29:18 > Recv: 0 B, Paid 0 FIL, ClientEventPaymentChannelAddingFunds (DealStatusPaymentChannelAddingInitialFunds)
Apr 03 22:32:30 > Recv: 0 B, Paid 0 FIL, ClientEventPaymentChannelReady (DealStatusPaymentChannelAllocatingLane)
Apr 03 22:32:30 > Recv: 0 B, Paid 0 FIL, ClientEventLaneAllocated (DealStatusOngoing)
Apr 03 22:33:23 > Recv: 962 B, Paid 0 FIL, ClientEventBlocksReceived (DealStatusOngoing)
Apr 03 22:33:23 > Recv: 52.95 KiB, Paid 0 FIL, ClientEventBlocksReceived (DealStatusOngoing)
Apr 03 22:33:26 > Recv: 52.95 KiB, Paid 0 FIL, ClientEventPaymentRequested (DealStatusFundsNeeded)
Apr 03 22:33:26 > Recv: 1.052 MiB, Paid 0 FIL, ClientEventBlocksReceived (DealStatusFundsNeeded)
Apr 03 22:33:26 > Recv: 1.052 MiB, Paid 0 FIL, ClientEventSendFunds (DealStatusSendFunds)
Apr 03 22:33:26 > Recv: 1.052 MiB, Paid 0.000000000002205594 FIL, ClientEventPaymentSent (DealStatusOngoing)
Apr 03 22:33:29 > Recv: 2.052 MiB, Paid 0.000000000002205594 FIL, ClientEventBlocksReceived (DealStatusOngoing)
Apr 03 22:33:33 > Recv: 2.052 MiB, Paid 0.000000000002205594 FIL, ClientEventPaymentRequested (DealStatusFundsNeeded)
Apr 03 22:33:33 > Recv: 2.052 MiB, Paid 0.000000000002205594 FIL, ClientEventSendFunds (DealStatusSendFunds)
Apr 03 22:33:33 > Recv: 2.052 MiB, Paid 0.000000000006399898 FIL, ClientEventPaymentSent (DealStatusOngoing)
Apr 03 22:33:37 > Recv: 4.052 MiB, Paid 0.000000000006399898 FIL, ClientEventBlocksReceived (DealStatusOngoing)
Apr 03 22:33:40 > Recv: 5.052 MiB, Paid 0.000000000006399898 FIL, ClientEventBlocksReceived (DealStatusOngoing)
Apr 03 22:33:42 > Recv: 5.052 MiB, Paid 0.000000000006399898 FIL, ClientEventPaymentRequested (DealStatusFundsNeeded)
Apr 03 22:33:42 > Recv: 6.052 MiB, Paid 0.000000000006399898 FIL, ClientEventBlocksReceived (DealStatusFundsNeeded)
Apr 03 22:33:42 > Recv: 6.052 MiB, Paid 0.000000000006399898 FIL, ClientEventSendFunds (DealStatusSendFunds)
Apr 03 22:33:42 > Recv: 6.052 MiB, Paid 0.000000000012691354 FIL, ClientEventPaymentSent (DealStatusOngoing)
Apr 03 22:33:46 > Recv: 7.052 MiB, Paid 0.000000000012691354 FIL, ClientEventBlocksReceived (DealStatusOngoing)
Apr 03 22:33:50 > Recv: 8.052 MiB, Paid 0.000000000012691354 FIL, ClientEventBlocksReceived (DealStatusOngoing)
Apr 03 22:33:53 > Recv: 9.052 MiB, Paid 0.000000000012691354 FIL, ClientEventBlocksReceived (DealStatusOngoing)
Apr 03 22:33:55 > Recv: 9.052 MiB, Paid 0.000000000012691354 FIL, ClientEventPaymentRequested (DealStatusFundsNeeded)
Apr 03 22:33:55 > Recv: 9.052 MiB, Paid 0.000000000012691354 FIL, ClientEventSendFunds (DealStatusSendFunds)
Apr 03 22:33:55 > Recv: 9.052 MiB, Paid 0.000000000021079962 FIL, ClientEventPaymentSent (DealStatusOngoing)
Apr 03 22:33:57 > Recv: 11.05 MiB, Paid 0.000000000021079962 FIL, ClientEventBlocksReceived (DealStatusOngoing)
Apr 03 22:34:00 > Recv: 12.05 MiB, Paid 0.000000000021079962 FIL, ClientEventBlocksReceived (DealStatusOngoing)
Apr 03 22:34:02 > Recv: 13.05 MiB, Paid 0.000000000021079962 FIL, ClientEventBlocksReceived (DealStatusOngoing)
Apr 03 22:34:04 > Recv: 14.05 MiB, Paid 0.000000000021079962 FIL, ClientEventBlocksReceived (DealStatusOngoing)
Apr 03 22:34:07 > Recv: 14.05 MiB, Paid 0.000000000021079962 FIL, ClientEventPaymentRequested (DealStatusFundsNeeded)
Apr 03 22:34:07 > Recv: 14.05 MiB, Paid 0.000000000021079962 FIL, ClientEventSendFunds (DealStatusSendFunds)
Apr 03 22:34:07 > Recv: 14.05 MiB, Paid 0.000000000031565722 FIL, ClientEventPaymentSent (DealStatusOngoing)
Apr 03 22:34:12 > Recv: 16.05 MiB, Paid 0.000000000031565722 FIL, ClientEventBlocksReceived (DealStatusOngoing)
Apr 03 22:34:14 > Recv: 17.05 MiB, Paid 0.000000000031565722 FIL, ClientEventBlocksReceived (DealStatusOngoing)
Apr 03 22:34:16 > Recv: 18.05 MiB, Paid 0.000000000031565722 FIL, ClientEventBlocksReceived (DealStatusOngoing)
Apr 03 22:34:17 > Recv: 19.05 MiB, Paid 0.000000000031565722 FIL, ClientEventBlocksReceived (DealStatusOngoing)
Apr 03 22:34:22 > Recv: 20.05 MiB, Paid 0.000000000031565722 FIL, ClientEventBlocksReceived (DealStatusOngoing)
Apr 03 22:34:25 > Recv: 20.05 MiB, Paid 0.000000000031565722 FIL, ClientEventPaymentRequested (DealStatusFundsNeeded)
Apr 03 22:34:25 > Recv: 20.05 MiB, Paid 0.000000000031565722 FIL, ClientEventSendFunds (DealStatusSendFunds)
Apr 03 22:34:25 > Recv: 20.05 MiB, Paid 0.000000000044148634 FIL, ClientEventPaymentSent (DealStatusOngoing)
Apr 03 22:34:31 > Recv: 22.05 MiB, Paid 0.000000000044148634 FIL, ClientEventBlocksReceived (DealStatusOngoing)
Apr 03 22:34:34 > Recv: 23.05 MiB, Paid 0.000000000044148634 FIL, ClientEventBlocksReceived (DealStatusOngoing)
Apr 03 22:34:36 > Recv: 24.05 MiB, Paid 0.000000000044148634 FIL, ClientEventBlocksReceived (DealStatusOngoing)
Apr 03 22:34:39 > Recv: 25.05 MiB, Paid 0.000000000044148634 FIL, ClientEventBlocksReceived (DealStatusOngoing)
Apr 03 22:34:42 > Recv: 26.05 MiB, Paid 0.000000000044148634 FIL, ClientEventBlocksReceived (DealStatusOngoing)
Apr 03 22:34:45 > Recv: 27.05 MiB, Paid 0.000000000044148634 FIL, ClientEventBlocksReceived (DealStatusOngoing)
Apr 03 22:34:47 > Recv: 27.05 MiB, Paid 0.000000000044148634 FIL, ClientEventPaymentRequested (DealStatusFundsNeeded)
Apr 03 22:34:47 > Recv: 27.05 MiB, Paid 0.000000000044148634 FIL, ClientEventSendFunds (DealStatusSendFunds)
Apr 03 22:34:47 > Recv: 27.05 MiB, Paid 0.000000000058828698 FIL, ClientEventPaymentSent (DealStatusOngoing)
Apr 03 22:34:52 > Recv: 29.05 MiB, Paid 0.000000000058828698 FIL, ClientEventBlocksReceived (DealStatusOngoing)
Apr 03 22:34:55 > Recv: 30.05 MiB, Paid 0.000000000058828698 FIL, ClientEventBlocksReceived (DealStatusOngoing)
Apr 03 22:34:57 > Recv: 31.05 MiB, Paid 0.000000000058828698 FIL, ClientEventBlocksReceived (DealStatusOngoing)
Apr 03 22:34:59 > Recv: 32.05 MiB, Paid 0.000000000058828698 FIL, ClientEventBlocksReceived (DealStatusOngoing)
Apr 03 22:35:00 > Recv: 33.05 MiB, Paid 0.000000000058828698 FIL, ClientEventBlocksReceived (DealStatusOngoing)
Apr 03 22:35:05 > Recv: 34.05 MiB, Paid 0.000000000058828698 FIL, ClientEventBlocksReceived (DealStatusOngoing)
Apr 03 22:35:09 > Recv: 35.05 MiB, Paid 0.000000000058828698 FIL, ClientEventBlocksReceived (DealStatusOngoing)
Apr 03 22:35:14 > Recv: 35.05 MiB, Paid 0.000000000058828698 FIL, ClientEventPaymentRequested (DealStatusFundsNeeded)
Apr 03 22:35:14 > Recv: 35.05 MiB, Paid 0.000000000058828698 FIL, ClientEventSendFunds (DealStatusSendFunds)
Apr 03 22:35:14 > Recv: 35.05 MiB, Paid 0.000000000075605914 FIL, ClientEventPaymentSent (DealStatusOngoing)
Apr 03 22:35:25 > Recv: 37.05 MiB, Paid 0.000000000075605914 FIL, ClientEventBlocksReceived (DealStatusOngoing)
Apr 03 22:35:28 > Recv: 38.05 MiB, Paid 0.000000000075605914 FIL, ClientEventBlocksReceived (DealStatusOngoing)
Apr 03 22:35:31 > Recv: 39.05 MiB, Paid 0.000000000075605914 FIL, ClientEventBlocksReceived (DealStatusOngoing)
Apr 03 22:35:35 > Recv: 40.05 MiB, Paid 0.000000000075605914 FIL, ClientEventBlocksReceived (DealStatusOngoing)
Apr 03 22:35:40 > Recv: 41.05 MiB, Paid 0.000000000075605914 FIL, ClientEventBlocksReceived (DealStatusOngoing)
Apr 03 22:35:43 > Recv: 42.05 MiB, Paid 0.000000000075605914 FIL, ClientEventBlocksReceived (DealStatusOngoing)
Apr 03 22:35:46 > Recv: 43.05 MiB, Paid 0.000000000075605914 FIL, ClientEventBlocksReceived (DealStatusOngoing)
Apr 03 22:35:49 > Recv: 44.05 MiB, Paid 0.000000000075605914 FIL, ClientEventBlocksReceived (DealStatusOngoing)
Apr 03 22:35:53 > Recv: 44.05 MiB, Paid 0.000000000075605914 FIL, ClientEventPaymentRequested (DealStatusFundsNeeded)
Apr 03 22:35:53 > Recv: 44.05 MiB, Paid 0.000000000075605914 FIL, ClientEventSendFunds (DealStatusSendFunds)
Apr 03 22:35:53 > Recv: 44.05 MiB, Paid 0.000000000094480282 FIL, ClientEventPaymentSent (DealStatusOngoing)
Apr 03 22:36:00 > Recv: 46.05 MiB, Paid 0.000000000094480282 FIL, ClientEventBlocksReceived (DealStatusOngoing)
Apr 03 22:36:03 > Recv: 47.05 MiB, Paid 0.000000000094480282 FIL, ClientEventBlocksReceived (DealStatusOngoing)
Apr 03 22:36:06 > Recv: 48.05 MiB, Paid 0.000000000094480282 FIL, ClientEventBlocksReceived (DealStatusOngoing)
Apr 03 22:36:09 > Recv: 49.05 MiB, Paid 0.000000000094480282 FIL, ClientEventBlocksReceived (DealStatusOngoing)
Apr 03 22:36:12 > Recv: 50.05 MiB, Paid 0.000000000094480282 FIL, ClientEventBlocksReceived (DealStatusOngoing)
Apr 03 22:36:16 > Recv: 51.05 MiB, Paid 0.000000000094480282 FIL, ClientEventBlocksReceived (DealStatusOngoing)
Apr 03 22:36:21 > Recv: 52.05 MiB, Paid 0.000000000094480282 FIL, ClientEventBlocksReceived (DealStatusOngoing)
Apr 03 22:36:28 > Recv: 53.05 MiB, Paid 0.000000000094480282 FIL, ClientEventBlocksReceived (DealStatusOngoing)
Apr 03 22:36:33 > Recv: 54.05 MiB, Paid 0.000000000094480282 FIL, ClientEventBlocksReceived (DealStatusOngoing)
Apr 03 22:36:37 > Recv: 54.05 MiB, Paid 0.000000000094480282 FIL, ClientEventPaymentRequested (DealStatusFundsNeeded)
Apr 03 22:36:37 > Recv: 54.05 MiB, Paid 0.000000000094480282 FIL, ClientEventSendFunds (DealStatusSendFunds)
Apr 03 22:36:37 > Recv: 54.05 MiB, Paid 0.000000000115451802 FIL, ClientEventPaymentSent (DealStatusOngoing)
Apr 03 22:36:48 > Recv: 56.05 MiB, Paid 0.000000000115451802 FIL, ClientEventBlocksReceived (DealStatusOngoing)
Apr 03 22:36:55 > Recv: 57.05 MiB, Paid 0.000000000115451802 FIL, ClientEventBlocksReceived (DealStatusOngoing)
Apr 03 22:36:58 > Recv: 58.05 MiB, Paid 0.000000000115451802 FIL, ClientEventBlocksReceived (DealStatusOngoing)
Apr 03 22:37:01 > Recv: 59.05 MiB, Paid 0.000000000115451802 FIL, ClientEventBlocksReceived (DealStatusOngoing)
Apr 03 22:37:08 > Recv: 60.05 MiB, Paid 0.000000000115451802 FIL, ClientEventBlocksReceived (DealStatusOngoing)
Apr 03 22:37:10 > Recv: 61.05 MiB, Paid 0.000000000115451802 FIL, ClientEventBlocksReceived (DealStatusOngoing)
Apr 03 22:37:16 > Recv: 62.05 MiB, Paid 0.000000000115451802 FIL, ClientEventBlocksReceived (DealStatusOngoing)
Apr 03 22:37:21 > Recv: 63.05 MiB, Paid 0.000000000115451802 FIL, ClientEventBlocksReceived (DealStatusOngoing)
Apr 03 22:37:25 > Recv: 64.05 MiB, Paid 0.000000000115451802 FIL, ClientEventBlocksReceived (DealStatusOngoing)
Apr 03 22:37:30 > Recv: 65.05 MiB, Paid 0.000000000115451802 FIL, ClientEventBlocksReceived (DealStatusOngoing)
Apr 03 22:37:34 > Recv: 65.05 MiB, Paid 0.000000000115451802 FIL, ClientEventPaymentRequested (DealStatusFundsNeeded)
Apr 03 22:37:34 > Recv: 65.05 MiB, Paid 0.000000000115451802 FIL, ClientEventSendFunds (DealStatusSendFunds)
Apr 03 22:37:34 > Recv: 65.05 MiB, Paid 0.000000000138520474 FIL, ClientEventPaymentSent (DealStatusOngoing)
Apr 03 22:37:49 > Recv: 67.05 MiB, Paid 0.000000000138520474 FIL, ClientEventBlocksReceived (DealStatusOngoing)
Apr 03 22:37:54 > Recv: 68.05 MiB, Paid 0.000000000138520474 FIL, ClientEventBlocksReceived (DealStatusOngoing)
Apr 03 22:37:59 > Recv: 69.05 MiB, Paid 0.000000000138520474 FIL, ClientEventBlocksReceived (DealStatusOngoing)
Apr 03 22:38:05 > Recv: 70.05 MiB, Paid 0.000000000138520474 FIL, ClientEventBlocksReceived (DealStatusOngoing)
Apr 03 22:38:08 > Recv: 71.05 MiB, Paid 0.000000000138520474 FIL, ClientEventBlocksReceived (DealStatusOngoing)
Apr 03 22:38:13 > Recv: 72.05 MiB, Paid 0.000000000138520474 FIL, ClientEventBlocksReceived (DealStatusOngoing)
Apr 03 22:38:14 > Recv: 73.05 MiB, Paid 0.000000000138520474 FIL, ClientEventBlocksReceived (DealStatusOngoing)
Apr 03 22:38:21 > Recv: 74.05 MiB, Paid 0.000000000138520474 FIL, ClientEventBlocksReceived (DealStatusOngoing)
Apr 03 22:38:26 > Recv: 75.05 MiB, Paid 0.000000000138520474 FIL, ClientEventBlocksReceived (DealStatusOngoing)
Apr 03 22:38:31 > Recv: 76.05 MiB, Paid 0.000000000138520474 FIL, ClientEventBlocksReceived (DealStatusOngoing)
Apr 03 22:38:32 > Recv: 77.05 MiB, Paid 0.000000000138520474 FIL, ClientEventBlocksReceived (DealStatusOngoing)
Apr 03 22:38:35 > Recv: 77.05 MiB, Paid 0.000000000138520474 FIL, ClientEventPaymentRequested (DealStatusFundsNeeded)
Apr 03 22:38:35 > Recv: 77.05 MiB, Paid 0.000000000138520474 FIL, ClientEventSendFunds (DealStatusSendFunds)
Apr 03 22:38:35 > Recv: 77.05 MiB, Paid 0.000000000163686298 FIL, ClientEventPaymentSent (DealStatusOngoing)
Apr 03 22:38:57 > Recv: 79.05 MiB, Paid 0.000000000163686298 FIL, ClientEventBlocksReceived (DealStatusOngoing)
Apr 03 22:39:01 > Recv: 80.05 MiB, Paid 0.000000000163686298 FIL, ClientEventBlocksReceived (DealStatusOngoing)
Apr 03 22:39:03 > Recv: 81.05 MiB, Paid 0.000000000163686298 FIL, ClientEventBlocksReceived (DealStatusOngoing)
Apr 03 22:39:10 > Recv: 82.05 MiB, Paid 0.000000000163686298 FIL, ClientEventBlocksReceived (DealStatusOngoing)
Apr 03 22:39:12 > Recv: 83.05 MiB, Paid 0.000000000163686298 FIL, ClientEventBlocksReceived (DealStatusOngoing)
Apr 03 22:39:13 > Recv: 84.05 MiB, Paid 0.000000000163686298 FIL, ClientEventBlocksReceived (DealStatusOngoing)
Apr 03 22:39:18 > Recv: 85.05 MiB, Paid 0.000000000163686298 FIL, ClientEventBlocksReceived (DealStatusOngoing)
Apr 03 22:39:22 > Recv: 86.05 MiB, Paid 0.000000000163686298 FIL, ClientEventBlocksReceived (DealStatusOngoing)
Apr 03 22:39:22 > Recv: 87.05 MiB, Paid 0.000000000163686298 FIL, ClientEventBlocksReceived (DealStatusOngoing)
Apr 03 22:39:25 > Recv: 88.05 MiB, Paid 0.000000000163686298 FIL, ClientEventBlocksReceived (DealStatusOngoing)
Apr 03 22:39:32 > Recv: 89.05 MiB, Paid 0.000000000163686298 FIL, ClientEventBlocksReceived (DealStatusOngoing)
Apr 03 22:39:36 > Recv: 90.05 MiB, Paid 0.000000000163686298 FIL, ClientEventBlocksReceived (DealStatusOngoing)
Apr 03 22:39:40 > Recv: 90.05 MiB, Paid 0.000000000163686298 FIL, ClientEventPaymentRequested (DealStatusFundsNeeded)
Apr 03 22:39:40 > Recv: 90.05 MiB, Paid 0.000000000163686298 FIL, ClientEventSendFunds (DealStatusSendFunds)
Apr 03 22:39:40 > Recv: 90.05 MiB, Paid 0.000000000190949274 FIL, ClientEventPaymentSent (DealStatusOngoing)
Apr 03 22:39:49 > Recv: 92.05 MiB, Paid 0.000000000190949274 FIL, ClientEventBlocksReceived (DealStatusOngoing)
Apr 03 22:39:52 > Recv: 93.05 MiB, Paid 0.000000000190949274 FIL, ClientEventBlocksReceived (DealStatusOngoing)
Apr 03 22:39:58 > Recv: 94.05 MiB, Paid 0.000000000190949274 FIL, ClientEventBlocksReceived (DealStatusOngoing)
Apr 03 22:39:58 > Recv: 95.05 MiB, Paid 0.000000000190949274 FIL, ClientEventBlocksReceived (DealStatusOngoing)
Apr 03 22:40:05 > Recv: 96.05 MiB, Paid 0.000000000190949274 FIL, ClientEventBlocksReceived (DealStatusOngoing)
Apr 03 22:40:10 > Recv: 97.05 MiB, Paid 0.000000000190949274 FIL, ClientEventBlocksReceived (DealStatusOngoing)
Apr 03 22:40:11 > Recv: 98.05 MiB, Paid 0.000000000190949274 FIL, ClientEventBlocksReceived (DealStatusOngoing)
Apr 03 22:40:13 > Recv: 99.05 MiB, Paid 0.000000000190949274 FIL, ClientEventBlocksReceived (DealStatusOngoing)
Apr 03 22:40:21 > Recv: 100.1 MiB, Paid 0.000000000190949274 FIL, ClientEventBlocksReceived (DealStatusOngoing)
Apr 03 22:40:23 > Recv: 101.1 MiB, Paid 0.000000000190949274 FIL, ClientEventBlocksReceived (DealStatusOngoing)
Apr 03 22:40:26 > Recv: 102.1 MiB, Paid 0.000000000190949274 FIL, ClientEventBlocksReceived (DealStatusOngoing)
Apr 03 22:40:36 > Recv: 103.1 MiB, Paid 0.000000000190949274 FIL, ClientEventBlocksReceived (DealStatusOngoing)
Apr 03 22:40:37 > Recv: 104.1 MiB, Paid 0.000000000190949274 FIL, ClientEventBlocksReceived (DealStatusOngoing)
Apr 03 22:40:39 > Recv: 104.1 MiB, Paid 0.000000000190949274 FIL, ClientEventPaymentRequested (DealStatusFundsNeeded)
Apr 03 22:40:39 > Recv: 104.1 MiB, Paid 0.000000000190949274 FIL, ClientEventSendFunds (DealStatusSendFunds)
Apr 03 22:40:39 > Recv: 104.1 MiB, Paid 0.000000000220309402 FIL, ClientEventPaymentSent (DealStatusOngoing)
Apr 03 22:41:07 > Recv: 106.1 MiB, Paid 0.000000000220309402 FIL, ClientEventBlocksReceived (DealStatusOngoing)
Apr 03 22:41:09 > Recv: 107.1 MiB, Paid 0.000000000220309402 FIL, ClientEventBlocksReceived (DealStatusOngoing)
Apr 03 22:41:13 > Recv: 108.1 MiB, Paid 0.000000000220309402 FIL, ClientEventBlocksReceived (DealStatusOngoing)
Apr 03 22:41:18 > Recv: 109.1 MiB, Paid 0.000000000220309402 FIL, ClientEventBlocksReceived (DealStatusOngoing)
Apr 03 22:41:26 > Recv: 110.1 MiB, Paid 0.000000000220309402 FIL, ClientEventBlocksReceived (DealStatusOngoing)
Apr 03 22:41:28 > Recv: 111.1 MiB, Paid 0.000000000220309402 FIL, ClientEventBlocksReceived (DealStatusOngoing)
Apr 03 22:41:30 > Recv: 112.1 MiB, Paid 0.000000000220309402 FIL, ClientEventBlocksReceived (DealStatusOngoing)
Apr 03 22:41:31 > Recv: 113.1 MiB, Paid 0.000000000220309402 FIL, ClientEventBlocksReceived (DealStatusOngoing)
Apr 03 22:41:31 > Recv: 114.1 MiB, Paid 0.000000000220309402 FIL, ClientEventBlocksReceived (DealStatusOngoing)
Apr 03 22:41:34 > Recv: 115.1 MiB, Paid 0.000000000220309402 FIL, ClientEventBlocksReceived (DealStatusOngoing)
Apr 03 22:41:37 > Recv: 116.1 MiB, Paid 0.000000000220309402 FIL, ClientEventBlocksReceived (DealStatusOngoing)
Apr 03 22:41:40 > Recv: 117.1 MiB, Paid 0.000000000220309402 FIL, ClientEventBlocksReceived (DealStatusOngoing)
Apr 03 22:41:43 > Recv: 118.1 MiB, Paid 0.000000000220309402 FIL, ClientEventBlocksReceived (DealStatusOngoing)
Apr 03 22:41:46 > Recv: 119.1 MiB, Paid 0.000000000220309402 FIL, ClientEventBlocksReceived (DealStatusOngoing)
Apr 03 22:41:49 > Recv: 119.1 MiB, Paid 0.000000000220309402 FIL, ClientEventPaymentRequested (DealStatusFundsNeeded)
Apr 03 22:41:49 > Recv: 119.1 MiB, Paid 0.000000000220309402 FIL, ClientEventSendFunds (DealStatusSendFunds)
Apr 03 22:41:49 > Recv: 119.1 MiB, Paid 0.000000000251766682 FIL, ClientEventPaymentSent (DealStatusOngoing)
Apr 03 22:42:05 > Recv: 121.1 MiB, Paid 0.000000000251766682 FIL, ClientEventBlocksReceived (DealStatusOngoing)
Apr 03 22:42:05 > Recv: 122.1 MiB, Paid 0.000000000251766682 FIL, ClientEventBlocksReceived (DealStatusOngoing)
Apr 03 22:42:06 > Recv: 123.1 MiB, Paid 0.000000000251766682 FIL, ClientEventBlocksReceived (DealStatusOngoing)
Apr 03 22:42:07 > Recv: 124.1 MiB, Paid 0.000000000251766682 FIL, ClientEventBlocksReceived (DealStatusOngoing)
Apr 03 22:42:14 > Recv: 125.1 MiB, Paid 0.000000000251766682 FIL, ClientEventBlocksReceived (DealStatusOngoing)
Apr 03 22:42:18 > Recv: 126.1 MiB, Paid 0.000000000251766682 FIL, ClientEventBlocksReceived (DealStatusOngoing)
Apr 03 22:42:23 > Recv: 127.1 MiB, Paid 0.000000000251766682 FIL, ClientEventBlocksReceived (DealStatusOngoing)
Apr 03 22:42:25 > Recv: 128.1 MiB, Paid 0.000000000251766682 FIL, ClientEventBlocksReceived (DealStatusOngoing)
Apr 03 22:42:27 > Recv: 129.1 MiB, Paid 0.000000000251766682 FIL, ClientEventBlocksReceived (DealStatusOngoing)
Apr 03 22:42:29 > Recv: 130.1 MiB, Paid 0.000000000251766682 FIL, ClientEventBlocksReceived (DealStatusOngoing)
Apr 03 22:42:33 > Recv: 131.1 MiB, Paid 0.000000000251766682 FIL, ClientEventBlocksReceived (DealStatusOngoing)
Apr 03 22:42:39 > Recv: 132.1 MiB, Paid 0.000000000251766682 FIL, ClientEventBlocksReceived (DealStatusOngoing)
Apr 03 22:42:40 > Recv: 133.1 MiB, Paid 0.000000000251766682 FIL, ClientEventBlocksReceived (DealStatusOngoing)
Apr 03 22:42:40 > Recv: 134.1 MiB, Paid 0.000000000251766682 FIL, ClientEventBlocksReceived (DealStatusOngoing)
Apr 03 22:42:40 > Recv: 135.1 MiB, Paid 0.000000000251766682 FIL, ClientEventBlocksReceived (DealStatusOngoing)
Apr 03 22:42:41 > Recv: 135.1 MiB, Paid 0.000000000251766682 FIL, ClientEventPaymentRequested (DealStatusFundsNeeded)
Apr 03 22:42:41 > Recv: 135.1 MiB, Paid 0.000000000251766682 FIL, ClientEventSendFunds (DealStatusSendFunds)
Apr 03 22:42:41 > Recv: 135.1 MiB, Paid 0.000000000285321114 FIL, ClientEventPaymentSent (DealStatusOngoing)
Apr 03 22:43:19 > Recv: 137.1 MiB, Paid 0.000000000285321114 FIL, ClientEventBlocksReceived (DealStatusOngoing)
Apr 03 22:43:25 > Recv: 138.1 MiB, Paid 0.000000000285321114 FIL, ClientEventBlocksReceived (DealStatusOngoing)
Apr 03 22:43:30 > Recv: 139.1 MiB, Paid 0.000000000285321114 FIL, ClientEventBlocksReceived (DealStatusOngoing)
Apr 03 22:43:34 > Recv: 140.1 MiB, Paid 0.000000000285321114 FIL, ClientEventBlocksReceived (DealStatusOngoing)
Apr 03 22:43:35 > Recv: 141.1 MiB, Paid 0.000000000285321114 FIL, ClientEventBlocksReceived (DealStatusOngoing)
Apr 03 22:43:35 > Recv: 142.1 MiB, Paid 0.000000000285321114 FIL, ClientEventBlocksReceived (DealStatusOngoing)
Apr 03 22:43:35 > Recv: 143.1 MiB, Paid 0.000000000285321114 FIL, ClientEventBlocksReceived (DealStatusOngoing)
Apr 03 22:43:35 > Recv: 144.1 MiB, Paid 0.000000000285321114 FIL, ClientEventBlocksReceived (DealStatusOngoing)
Apr 04 02:19:17 > Recv: 144.1 MiB, Paid 0.000000000285321114 FIL, ClientEventProviderCancelled (DealStatusCancelling)
Apr 04 02:19:17 > Recv: 144.1 MiB, Paid 0.000000000285321114 FIL, ClientEventDataTransferError (DealStatusErrored)
Apr 04 02:19:17 > Recv: 0 B, Paid 0 FIL, ClientEventOpen (DealStatusNew)
Apr 04 02:19:17 ERROR: retrieval failed: Retrieve: Retrieval Error: error generated by data transfer: unable to send cancel to channel FSM: normal shutdown of state machine
Apr 04 02:19:17 
Apr 04 02:19:17 Command exited with non-zero status 1
Apr 04 02:19:17 3.85user 0.12system 3:49:58elapsed 0%CPU (0avgtext+0avgdata 72800maxresident)k
Apr 04 02:19:17 0inputs+0outputs (0major+11681minor)pagefaults 0swaps
Apr 04 02:19:17 f0421499: 23.155554101693199027 FIL (358G free)
Apr 04 02:19:17 Skipping ahead
Apr 04 02:19:17 
Apr 04 02:19:18 1 minimal_finality_stateroots_624460_2021-03-29_18-00-00.car.ab
Apr 04 02:19:18 f099608-1652417 f01240-1652718 f022163-1652787
Apr 04 02:19:23 Already have log for f099608 1652417 bafykbzaceazee5wr2xtg4gpmjeo65uawsjx5i7kpxlv6h75hinjfqc7sg72sa
Apr 04 02:19:26 Already have log for f01240 1652718 bafykbzaceazee5wr2xtg4gpmjeo65uawsjx5i7kpxlv6h75hinjfqc7sg72sa
Apr 04 02:19:28 Already have log for f022163 1652787 bafykbzaceazee5wr2xtg4gpmjeo65uawsjx5i7kpxlv6h75hinjfqc7sg72sa
Apr 04 02:19:29 
Apr 04 02:19:30 0 minimal_finality_stateroots_620860_2021-03-28_12-00-00.car.ab
Apr 04 02:19:30 f071624-1643068 f09848-1642933 f019551-1645164 f01278-1645170 f08403-1645178 f022352-1652238 f058369-1652461 f0145874-1652527 f023467-1652489 f099608-1652792
Apr 04 02:19:33 Already have log for f071624 1643068 bafykbzacedqs6z3a56hasssv234ddhav7zgrlaukfnj6norlu4deptzsezn6g
Apr 04 02:19:36 Already have log for f09848 1642933 bafykbzacedqs6z3a56hasssv234ddhav7zgrlaukfnj6norlu4deptzsezn6g
Apr 04 02:19:43 Already have log for f019551 1645164 bafykbzacedqs6z3a56hasssv234ddhav7zgrlaukfnj6norlu4deptzsezn6g
Apr 04 02:19:47 Already have log for f01278 1645170 bafykbzacedqs6z3a56hasssv234ddhav7zgrlaukfnj6norlu4deptzsezn6g
Apr 04 02:19:51 Already have log for f08403 1645178 bafykbzacedqs6z3a56hasssv234ddhav7zgrlaukfnj6norlu4deptzsezn6g
Apr 04 02:19:56 Already have log for f022352 1652238 bafykbzacedqs6z3a56hasssv234ddhav7zgrlaukfnj6norlu4deptzsezn6g
Apr 04 02:20:00 Already have log for f058369 1652461 bafykbzacedqs6z3a56hasssv234ddhav7zgrlaukfnj6norlu4deptzsezn6g
Apr 04 02:20:05 Already have log for f0145874 1652527 bafykbzacedqs6z3a56hasssv234ddhav7zgrlaukfnj6norlu4deptzsezn6g
Apr 04 02:20:12 Already have log for f023467 1652489 bafykbzacedqs6z3a56hasssv234ddhav7zgrlaukfnj6norlu4deptzsezn6g
Apr 04 02:20:19 Already have log for f099608 1652792 bafykbzacedqs6z3a56hasssv234ddhav7zgrlaukfnj6norlu4deptzsezn6g
Apr 04 02:20:20 
Apr 04 02:20:21 0 minimal_finality_stateroots_616300_2021-03-26_22-00-00.car.ab
Apr 04 02:20:21 f08403-1639685 f022163-1639544 f014768-1639431 f01278-1639717 f01234-1639443 f071624-1639479 f022352-1639878 f099608-1640642 f01240-1640769 f0145874-1640738 f02576-1640964 f015927-1641099 f010479-1641179
Apr 04 02:20:25 Already have log for f08403 1639685 bafykbzacea5dewvdatvbxc2tmi26bomowduqhoi7ery4yqi3n6li32n4oe546
Apr 04 02:20:28 Already have log for f022163 1639544 bafykbzacea5dewvdatvbxc2tmi26bomowduqhoi7ery4yqi3n6li32n4oe546
Apr 04 02:20:33 Already have log for f014768 1639431 bafykbzacea5dewvdatvbxc2tmi26bomowduqhoi7ery4yqi3n6li32n4oe546
Apr 04 02:20:38 Already have log for f01278 1639717 bafykbzacea5dewvdatvbxc2tmi26bomowduqhoi7ery4yqi3n6li32n4oe546
Apr 04 02:20:48 Already have log for f01234 1639443 bafykbzacea5dewvdatvbxc2tmi26bomowduqhoi7ery4yqi3n6li32n4oe546
Apr 04 02:20:57 Already have log for f071624 1639479 bafykbzacea5dewvdatvbxc2tmi26bomowduqhoi7ery4yqi3n6li32n4oe546
Apr 04 02:21:07 Already have log for f022352 1639878 bafykbzacea5dewvdatvbxc2tmi26bomowduqhoi7ery4yqi3n6li32n4oe546
Apr 04 02:21:13 Already have log for f099608 1640642 bafykbzacea5dewvdatvbxc2tmi26bomowduqhoi7ery4yqi3n6li32n4oe546
Apr 04 02:21:18 Already have log for f01240 1640769 bafykbzacea5dewvdatvbxc2tmi26bomowduqhoi7ery4yqi3n6li32n4oe546
Apr 04 02:21:23 Already have log for f0145874 1640738 bafykbzacea5dewvdatvbxc2tmi26bomowduqhoi7ery4yqi3n6li32n4oe546
Apr 04 02:21:27 Already have log for f02576 1640964 bafykbzacea5dewvdatvbxc2tmi26bomowduqhoi7ery4yqi3n6li32n4oe546
Apr 04 02:21:32 Already have log for f015927 1641099 bafykbzacea5dewvdatvbxc2tmi26bomowduqhoi7ery4yqi3n6li32n4oe546
Apr 04 02:21:39 Already have log for f010479 1641179 bafykbzacea5dewvdatvbxc2tmi26bomowduqhoi7ery4yqi3n6li32n4oe546
Apr 04 02:21:40 
Apr 04 02:21:41 0 minimal_finality_stateroots_627340_2021-03-30_18-00-00.car.ab
Apr 04 02:21:41 f08403-1652750 f019551-1652790
Apr 04 02:21:49 Already have log for f08403 1652750 bafykbzacebrkcuqlkatfr5t72rvi622se6vvwndcn6akviq547jp3whpufdjs
Apr 04 02:21:53 Mpool pending 1, skipping + sleeping 30s
Apr 04 02:22:23 
Apr 04 02:22:24 0 minimal_finality_stateroots_624460_2021-03-29_18-00-00.car.aa
Apr 04 02:22:24 f02576-1650987 f08399-1652420 f010479-1652545
Apr 04 02:22:27 Mpool pending 4, skipping + sleeping 30s
Apr 04 02:23:00 Already have log for f08399 1652420 bafykbzacecpfagbszu24mq4jynabqouymjp5m3waz3kw6ccqqziwwcjm732ry
Apr 04 02:23:05 Already have log for f010479 1652545 bafykbzacecpfagbszu24mq4jynabqouymjp5m3waz3kw6ccqqziwwcjm732ry
Apr 04 02:23:06 
Apr 04 02:23:07 0 minimal_finality_stateroots_616300_2021-03-26_22-00-00.car.aa
Apr 04 02:23:07 f023971-1638943 f0157535-1639420 f015927-1639425 f066596-1639456 f071624-1640606 f08403-1641409 f01234-1640777 f023467-1641041 f019551-1641211 f022352-1642427
Apr 04 02:23:16 Already have log for f023971 1638943 bafykbzacedoze6ckqa36rd7sxv7pcpjhugbbdnfssif2meiivcykvcvqup5h2
Apr 04 02:23:24 Already have log for f0157535 1639420 bafykbzacedoze6ckqa36rd7sxv7pcpjhugbbdnfssif2meiivcykvcvqup5h2
Apr 04 02:23:28 Already have log for f015927 1639425 bafykbzacedoze6ckqa36rd7sxv7pcpjhugbbdnfssif2meiivcykvcvqup5h2
Apr 04 02:23:34 Already have log for f066596 1639456 bafykbzacedoze6ckqa36rd7sxv7pcpjhugbbdnfssif2meiivcykvcvqup5h2
Apr 04 02:23:38 Already have log for f071624 1640606 bafykbzacedoze6ckqa36rd7sxv7pcpjhugbbdnfssif2meiivcykvcvqup5h2
Apr 04 02:23:46 Already have log for f08403 1641409 bafykbzacedoze6ckqa36rd7sxv7pcpjhugbbdnfssif2meiivcykvcvqup5h2
Apr 04 02:23:50 Already have log for f01234 1640777 bafykbzacedoze6ckqa36rd7sxv7pcpjhugbbdnfssif2meiivcykvcvqup5h2
Apr 04 02:23:54 Already have log for f023467 1641041 bafykbzacedoze6ckqa36rd7sxv7pcpjhugbbdnfssif2meiivcykvcvqup5h2
Apr 04 02:23:58 Already have log for f019551 1641211 bafykbzacedoze6ckqa36rd7sxv7pcpjhugbbdnfssif2meiivcykvcvqup5h2
Apr 04 02:24:00 Already have log for f022352 1642427 bafykbzacedoze6ckqa36rd7sxv7pcpjhugbbdnfssif2meiivcykvcvqup5h2
Apr 04 02:24:01 
Apr 04 02:24:02 0 minimal_finality_stateroots_627340_2021-03-30_18-00-00.car.aa
Apr 04 02:24:02 f09848-1652857 f019551-1651158 f066596-1652487 f022163-1652788
Apr 04 02:24:09 Already have log for f09848 1652857 bafykbzaceaoebu76qzfrijr63ghpslqqzgcqneq75lfbrdhp5v7l3dtv6n2j4
Apr 04 02:24:15 Already have log for f019551 1651158 bafykbzaceaoebu76qzfrijr63ghpslqqzgcqneq75lfbrdhp5v7l3dtv6n2j4
Apr 04 02:24:17 Already have log for f066596 1652487 bafykbzaceaoebu76qzfrijr63ghpslqqzgcqneq75lfbrdhp5v7l3dtv6n2j4
Apr 04 02:24:20 Already have log for f022163 1652788 bafykbzaceaoebu76qzfrijr63ghpslqqzgcqneq75lfbrdhp5v7l3dtv6n2j4
Apr 04 02:24:21 
