Apr 03 22:29:58 1234
Apr 03 22:29:58 eyJhbGciOiJIUzI1NiIsInR5cCI6IkpXVCJ9.eyJBbGxvdyI6WyJyZWFkIiwid3JpdGUiLCJzaWduIiwiYWRtaW4iXX0.RzY4hBx900NTgTTAA7E-5suH8551qNnu4IWj05cheAs
Apr 03 22:29:58 Loading deals f0421499
Apr 03 22:29:58 f0421499 1 minimal_finality_stateroots_616300_2021-03-26_22-00-00.car.aa
Apr 03 22:29:58 f0421499 2 minimal_finality_stateroots_616300_2021-03-26_22-00-00.car.ab
Apr 03 22:29:58 f0421499 3 minimal_finality_stateroots_620860_2021-03-28_12-00-00.car.aa
Apr 03 22:29:58 f0421499 4 minimal_finality_stateroots_620860_2021-03-28_12-00-00.car.ab
Apr 03 22:29:58 f0421499 5 minimal_finality_stateroots_624460_2021-03-29_18-00-00.car.aa
Apr 03 22:29:58 f0421499 6 minimal_finality_stateroots_624460_2021-03-29_18-00-00.car.ab
Apr 03 22:29:58 f0421499 7 minimal_finality_stateroots_627340_2021-03-30_18-00-00.car.aa
Apr 03 22:29:58 f0421499 8 minimal_finality_stateroots_627340_2021-03-30_18-00-00.car.ab
Apr 03 22:29:58 1 minimal_finality_stateroots_627340_2021-03-30_18-00-00.car.ab
Apr 03 22:29:58 f08403-1652750 f019551-1652790
Apr 03 22:29:58 Mpool pending 1, skipping + sleeping 30s
Apr 03 22:30:29 Retrieving f019551 1652790 bafykbzacebrkcuqlkatfr5t72rvi622se6vvwndcn6akviq547jp3whpufdjs
Apr 03 22:30:29   % Total    % Received % Xferd  Average Speed   Time    Time     Time  Current
Apr 03 22:30:29                                  Dload  Upload   Total   Spent    Left  Speed
Apr 03 22:30:29   0     0    0     0    0     0      0      0 --:--:-- --:--:-- --:--:--     0100   568  100   391  100   177   4443   2011 --:--:-- --:--:-- --:--:--  6454
Apr 03 22:30:29 {"jsonrpc":"2.0","result":{"Err":"","Root":{"/":"bafykbzacebrkcuqlkatfr5t72rvi622se6vvwndcn6akviq547jp3whpufdjs"},"Piece":null,"Size":34359738368,"MinPrice":"31988916420608","UnsealPrice":"0","PaymentInterval":33554432,"PaymentIntervalIncrease":33554432,"Miner":"f019519","MinerPeer":{"Address":"f019551","ID":"12D3KooWQKi3L61jRSYfwDMAA2xJVWxhXFUchAg15uk6fFQEK6S3","PieceCID":null}},"id":1}
Apr 03 22:30:29 > Recv: 0 B, Paid 0 FIL, ClientEventOpen (DealStatusNew)
Apr 03 22:30:29 > Recv: 0 B, Paid 0 FIL, ClientEventDealProposed (DealStatusWaitForAcceptance)
