{"jsonrpc":"2.0","result":{"Err":"","Root":{"/":"bafykbzacea5dewvdatvbxc2tmi26bomowduqhoi7ery4yqi3n6li32n4oe546"},"Piece":null,"Size":34359738368,"MinPrice":"68719476736","UnsealPrice":"0","PaymentInterval":1048576,"PaymentIntervalIncrease":1048576,"Miner":"f08391","MinerPeer":{"Address":"f010479","ID":"12D3KooWHZeU9K4FQ5YYNavdnuajopXWZaH39xm3QkmPYvj48M91","PieceCID":null}},"id":1}
Mar 29 21:15:37 > Recv: 0 B, Paid 0 FIL, ClientEventOpen (DealStatusNew)
Mar 29 21:15:37 > Recv: 0 B, Paid 0 FIL, ClientEventDealProposed (DealStatusWaitForAcceptance)
Mar 29 21:15:51 > Recv: 0 B, Paid 0 FIL, ClientEventDealAccepted (DealStatusAccepted)
Mar 29 21:15:55 > Recv: 0 B, Paid 0 FIL, ClientEventPaymentChannelAddingFunds (DealStatusPaymentChannelAllocatingLane)
Mar 29 21:15:56 > Recv: 0 B, Paid 0 FIL, ClientEventLaneAllocated (DealStatusOngoing)
Mar 29 21:18:54 > Recv: 962 B, Paid 0 FIL, ClientEventBlocksReceived (DealStatusOngoing)
Mar 29 21:18:54 > Recv: 52.95 KiB, Paid 0 FIL, ClientEventBlocksReceived (DealStatusOngoing)
Mar 29 21:18:55 > Recv: 52.95 KiB, Paid 0 FIL, ClientEventPaymentRequested (DealStatusFundsNeeded)
Mar 29 21:18:55 > Recv: 1.052 MiB, Paid 0 FIL, ClientEventBlocksReceived (DealStatusFundsNeeded)
Mar 29 21:18:55 > Recv: 1.052 MiB, Paid 0 FIL, ClientEventSendFunds (DealStatusSendFunds)
Mar 29 21:18:55 > Recv: 1.052 MiB, Paid 0.000000000002205594 FIL, ClientEventPaymentSent (DealStatusOngoing)
Mar 29 21:19:15 > Recv: 2.052 MiB, Paid 0.000000000002205594 FIL, ClientEventBlocksReceived (DealStatusOngoing)
Mar 29 21:19:15 > Recv: 2.052 MiB, Paid 0.000000000002205594 FIL, ClientEventPaymentRequested (DealStatusFundsNeeded)
Mar 29 21:19:15 > Recv: 3.052 MiB, Paid 0.000000000002205594 FIL, ClientEventBlocksReceived (DealStatusFundsNeeded)
Mar 29 21:19:15 > Recv: 3.052 MiB, Paid 0.000000000002205594 FIL, ClientEventSendFunds (DealStatusSendFunds)
Mar 29 21:19:15 > Recv: 3.052 MiB, Paid 0.000000000006399898 FIL, ClientEventPaymentSent (DealStatusOngoing)
Mar 29 21:19:36 > Recv: 4.052 MiB, Paid 0.000000000006399898 FIL, ClientEventBlocksReceived (DealStatusOngoing)
Mar 29 21:19:36 > Recv: 5.052 MiB, Paid 0.000000000006399898 FIL, ClientEventBlocksReceived (DealStatusOngoing)
Mar 29 21:19:36 > Recv: 5.052 MiB, Paid 0.000000000006399898 FIL, ClientEventPaymentRequested (DealStatusFundsNeeded)
Mar 29 21:19:36 > Recv: 6.052 MiB, Paid 0.000000000006399898 FIL, ClientEventBlocksReceived (DealStatusFundsNeeded)
Mar 29 21:19:36 > Recv: 6.052 MiB, Paid 0.000000000006399898 FIL, ClientEventSendFunds (DealStatusSendFunds)
Mar 29 21:19:37 > Recv: 6.052 MiB, Paid 0.000000000012691354 FIL, ClientEventPaymentSent (DealStatusOngoing)
Mar 29 21:19:59 > Recv: 7.052 MiB, Paid 0.000000000012691354 FIL, ClientEventBlocksReceived (DealStatusOngoing)
Mar 29 21:19:59 > Recv: 8.052 MiB, Paid 0.000000000012691354 FIL, ClientEventBlocksReceived (DealStatusOngoing)
Mar 29 21:19:59 > Recv: 9.052 MiB, Paid 0.000000000012691354 FIL, ClientEventBlocksReceived (DealStatusOngoing)
Mar 29 21:19:59 > Recv: 9.052 MiB, Paid 0.000000000012691354 FIL, ClientEventPaymentRequested (DealStatusFundsNeeded)
Mar 29 21:19:59 > Recv: 9.052 MiB, Paid 0.000000000012691354 FIL, ClientEventSendFunds (DealStatusSendFunds)
Mar 29 21:19:59 > Recv: 9.052 MiB, Paid 0.000000000021079962 FIL, ClientEventPaymentSent (DealStatusOngoing)
Mar 29 21:20:18 > Recv: 11.05 MiB, Paid 0.000000000021079962 FIL, ClientEventBlocksReceived (DealStatusOngoing)
Mar 29 21:20:19 > Recv: 12.05 MiB, Paid 0.000000000021079962 FIL, ClientEventBlocksReceived (DealStatusOngoing)
Mar 29 21:20:19 > Recv: 13.05 MiB, Paid 0.000000000021079962 FIL, ClientEventBlocksReceived (DealStatusOngoing)
Mar 29 21:20:19 > Recv: 14.05 MiB, Paid 0.000000000021079962 FIL, ClientEventBlocksReceived (DealStatusOngoing)
Mar 29 21:20:19 > Recv: 14.05 MiB, Paid 0.000000000021079962 FIL, ClientEventPaymentRequested (DealStatusFundsNeeded)
Mar 29 21:20:19 > Recv: 15.05 MiB, Paid 0.000000000021079962 FIL, ClientEventBlocksReceived (DealStatusFundsNeeded)
Mar 29 21:20:19 > Recv: 15.05 MiB, Paid 0.000000000021079962 FIL, ClientEventSendFunds (DealStatusSendFunds)
Mar 29 21:20:20 > Recv: 15.05 MiB, Paid 0.000000000031565722 FIL, ClientEventPaymentSent (DealStatusOngoing)
Mar 29 21:20:33 > Recv: 16.05 MiB, Paid 0.000000000031565722 FIL, ClientEventBlocksReceived (DealStatusOngoing)
Mar 29 21:20:34 > Recv: 17.05 MiB, Paid 0.000000000031565722 FIL, ClientEventBlocksReceived (DealStatusOngoing)
Mar 29 21:20:34 > Recv: 18.05 MiB, Paid 0.000000000031565722 FIL, ClientEventBlocksReceived (DealStatusOngoing)
Mar 29 21:20:34 > Recv: 19.05 MiB, Paid 0.000000000031565722 FIL, ClientEventBlocksReceived (DealStatusOngoing)
Mar 29 21:20:34 > Recv: 20.05 MiB, Paid 0.000000000031565722 FIL, ClientEventBlocksReceived (DealStatusOngoing)
Mar 29 21:20:34 > Recv: 20.05 MiB, Paid 0.000000000031565722 FIL, ClientEventPaymentRequested (DealStatusFundsNeeded)
Mar 29 21:20:34 > Recv: 21.05 MiB, Paid 0.000000000031565722 FIL, ClientEventBlocksReceived (DealStatusFundsNeeded)
Mar 29 21:20:34 > Recv: 21.05 MiB, Paid 0.000000000031565722 FIL, ClientEventSendFunds (DealStatusSendFunds)
Mar 29 21:20:34 > Recv: 21.05 MiB, Paid 0.000000000044148634 FIL, ClientEventPaymentSent (DealStatusOngoing)
Mar 29 21:20:52 > Recv: 22.05 MiB, Paid 0.000000000044148634 FIL, ClientEventBlocksReceived (DealStatusOngoing)
Mar 29 21:20:52 > Recv: 23.05 MiB, Paid 0.000000000044148634 FIL, ClientEventBlocksReceived (DealStatusOngoing)
Mar 29 21:20:52 > Recv: 24.05 MiB, Paid 0.000000000044148634 FIL, ClientEventBlocksReceived (DealStatusOngoing)
Mar 29 21:20:52 > Recv: 25.05 MiB, Paid 0.000000000044148634 FIL, ClientEventBlocksReceived (DealStatusOngoing)
Mar 29 21:20:52 > Recv: 26.05 MiB, Paid 0.000000000044148634 FIL, ClientEventBlocksReceived (DealStatusOngoing)
Mar 29 21:20:52 > Recv: 27.05 MiB, Paid 0.000000000044148634 FIL, ClientEventBlocksReceived (DealStatusOngoing)
Mar 29 21:20:52 > Recv: 27.05 MiB, Paid 0.000000000044148634 FIL, ClientEventPaymentRequested (DealStatusFundsNeeded)
Mar 29 21:20:52 > Recv: 28.05 MiB, Paid 0.000000000044148634 FIL, ClientEventBlocksReceived (DealStatusFundsNeeded)
Mar 29 21:20:52 > Recv: 28.05 MiB, Paid 0.000000000044148634 FIL, ClientEventSendFunds (DealStatusSendFunds)
Mar 29 21:20:53 > Recv: 28.05 MiB, Paid 0.000000000058828698 FIL, ClientEventPaymentSent (DealStatusOngoing)
Mar 29 21:21:09 > Recv: 29.05 MiB, Paid 0.000000000058828698 FIL, ClientEventBlocksReceived (DealStatusOngoing)
Mar 29 21:21:09 > Recv: 30.05 MiB, Paid 0.000000000058828698 FIL, ClientEventBlocksReceived (DealStatusOngoing)
Mar 29 21:21:09 > Recv: 31.05 MiB, Paid 0.000000000058828698 FIL, ClientEventBlocksReceived (DealStatusOngoing)
Mar 29 21:21:09 > Recv: 32.05 MiB, Paid 0.000000000058828698 FIL, ClientEventBlocksReceived (DealStatusOngoing)
Mar 29 21:21:10 > Recv: 33.05 MiB, Paid 0.000000000058828698 FIL, ClientEventBlocksReceived (DealStatusOngoing)
Mar 29 21:21:10 > Recv: 34.05 MiB, Paid 0.000000000058828698 FIL, ClientEventBlocksReceived (DealStatusOngoing)
Mar 29 21:21:10 > Recv: 35.05 MiB, Paid 0.000000000058828698 FIL, ClientEventBlocksReceived (DealStatusOngoing)
Mar 29 21:21:10 > Recv: 35.05 MiB, Paid 0.000000000058828698 FIL, ClientEventPaymentRequested (DealStatusFundsNeeded)
Mar 29 21:21:10 > Recv: 36.05 MiB, Paid 0.000000000058828698 FIL, ClientEventBlocksReceived (DealStatusFundsNeeded)
Mar 29 21:21:10 > Recv: 36.05 MiB, Paid 0.000000000058828698 FIL, ClientEventSendFunds (DealStatusSendFunds)
Mar 29 21:21:10 > Recv: 36.05 MiB, Paid 0.000000000075605914 FIL, ClientEventPaymentSent (DealStatusOngoing)
Mar 29 21:21:33 > Recv: 37.05 MiB, Paid 0.000000000075605914 FIL, ClientEventBlocksReceived (DealStatusOngoing)
Mar 29 21:21:33 > Recv: 38.05 MiB, Paid 0.000000000075605914 FIL, ClientEventBlocksReceived (DealStatusOngoing)
Mar 29 21:21:33 > Recv: 39.05 MiB, Paid 0.000000000075605914 FIL, ClientEventBlocksReceived (DealStatusOngoing)
Mar 29 21:21:33 > Recv: 40.05 MiB, Paid 0.000000000075605914 FIL, ClientEventBlocksReceived (DealStatusOngoing)
Mar 29 21:21:33 > Recv: 41.05 MiB, Paid 0.000000000075605914 FIL, ClientEventBlocksReceived (DealStatusOngoing)
Mar 29 21:21:33 > Recv: 42.05 MiB, Paid 0.000000000075605914 FIL, ClientEventBlocksReceived (DealStatusOngoing)
Mar 29 21:21:33 > Recv: 43.05 MiB, Paid 0.000000000075605914 FIL, ClientEventBlocksReceived (DealStatusOngoing)
Mar 29 21:21:33 > Recv: 44.05 MiB, Paid 0.000000000075605914 FIL, ClientEventBlocksReceived (DealStatusOngoing)
Mar 29 21:21:33 > Recv: 44.05 MiB, Paid 0.000000000075605914 FIL, ClientEventPaymentRequested (DealStatusFundsNeeded)
Mar 29 21:21:33 > Recv: 45.05 MiB, Paid 0.000000000075605914 FIL, ClientEventBlocksReceived (DealStatusFundsNeeded)
Mar 29 21:21:33 > Recv: 45.05 MiB, Paid 0.000000000075605914 FIL, ClientEventSendFunds (DealStatusSendFunds)
Mar 29 21:21:33 > Recv: 45.05 MiB, Paid 0.000000000094480282 FIL, ClientEventPaymentSent (DealStatusOngoing)
Mar 29 21:22:03 > Recv: 46.05 MiB, Paid 0.000000000094480282 FIL, ClientEventBlocksReceived (DealStatusOngoing)
Mar 29 21:22:04 > Recv: 47.05 MiB, Paid 0.000000000094480282 FIL, ClientEventBlocksReceived (DealStatusOngoing)
Mar 29 21:22:04 > Recv: 48.05 MiB, Paid 0.000000000094480282 FIL, ClientEventBlocksReceived (DealStatusOngoing)
Mar 29 21:22:04 > Recv: 49.05 MiB, Paid 0.000000000094480282 FIL, ClientEventBlocksReceived (DealStatusOngoing)
Mar 29 21:22:04 > Recv: 50.05 MiB, Paid 0.000000000094480282 FIL, ClientEventBlocksReceived (DealStatusOngoing)
Mar 29 21:22:05 > Recv: 51.05 MiB, Paid 0.000000000094480282 FIL, ClientEventBlocksReceived (DealStatusOngoing)
Mar 29 21:22:05 > Recv: 52.05 MiB, Paid 0.000000000094480282 FIL, ClientEventBlocksReceived (DealStatusOngoing)
Mar 29 21:22:05 > Recv: 53.05 MiB, Paid 0.000000000094480282 FIL, ClientEventBlocksReceived (DealStatusOngoing)
Mar 29 21:22:05 > Recv: 54.05 MiB, Paid 0.000000000094480282 FIL, ClientEventBlocksReceived (DealStatusOngoing)
Mar 29 21:22:05 > Recv: 54.05 MiB, Paid 0.000000000094480282 FIL, ClientEventPaymentRequested (DealStatusFundsNeeded)
Mar 29 21:22:05 > Recv: 55.05 MiB, Paid 0.000000000094480282 FIL, ClientEventBlocksReceived (DealStatusFundsNeeded)
Mar 29 21:22:05 > Recv: 55.05 MiB, Paid 0.000000000094480282 FIL, ClientEventSendFunds (DealStatusSendFunds)
Mar 29 21:22:05 > Recv: 55.05 MiB, Paid 0.000000000115451802 FIL, ClientEventPaymentSent (DealStatusOngoing)
Mar 29 21:22:23 > Recv: 56.05 MiB, Paid 0.000000000115451802 FIL, ClientEventBlocksReceived (DealStatusOngoing)
Mar 29 21:22:23 > Recv: 57.05 MiB, Paid 0.000000000115451802 FIL, ClientEventBlocksReceived (DealStatusOngoing)
Mar 29 21:22:23 > Recv: 58.05 MiB, Paid 0.000000000115451802 FIL, ClientEventBlocksReceived (DealStatusOngoing)
Mar 29 21:22:23 > Recv: 59.05 MiB, Paid 0.000000000115451802 FIL, ClientEventBlocksReceived (DealStatusOngoing)
Mar 29 21:22:23 > Recv: 60.05 MiB, Paid 0.000000000115451802 FIL, ClientEventBlocksReceived (DealStatusOngoing)
Mar 29 21:22:24 > Recv: 61.05 MiB, Paid 0.000000000115451802 FIL, ClientEventBlocksReceived (DealStatusOngoing)
Mar 29 21:22:24 > Recv: 62.05 MiB, Paid 0.000000000115451802 FIL, ClientEventBlocksReceived (DealStatusOngoing)
Mar 29 21:22:24 > Recv: 63.05 MiB, Paid 0.000000000115451802 FIL, ClientEventBlocksReceived (DealStatusOngoing)
Mar 29 21:22:24 > Recv: 64.05 MiB, Paid 0.000000000115451802 FIL, ClientEventBlocksReceived (DealStatusOngoing)
Mar 29 21:22:24 > Recv: 65.05 MiB, Paid 0.000000000115451802 FIL, ClientEventBlocksReceived (DealStatusOngoing)
Mar 29 21:22:24 > Recv: 65.05 MiB, Paid 0.000000000115451802 FIL, ClientEventPaymentRequested (DealStatusFundsNeeded)
Mar 29 21:22:24 > Recv: 66.05 MiB, Paid 0.000000000115451802 FIL, ClientEventBlocksReceived (DealStatusFundsNeeded)
Mar 29 21:22:24 > Recv: 66.05 MiB, Paid 0.000000000115451802 FIL, ClientEventSendFunds (DealStatusSendFunds)
Mar 29 21:22:25 > Recv: 66.05 MiB, Paid 0.000000000138520474 FIL, ClientEventPaymentSent (DealStatusOngoing)
Mar 29 21:22:43 > Recv: 67.05 MiB, Paid 0.000000000138520474 FIL, ClientEventBlocksReceived (DealStatusOngoing)
Mar 29 21:22:43 > Recv: 68.05 MiB, Paid 0.000000000138520474 FIL, ClientEventBlocksReceived (DealStatusOngoing)
Mar 29 21:22:44 > Recv: 69.05 MiB, Paid 0.000000000138520474 FIL, ClientEventBlocksReceived (DealStatusOngoing)
Mar 29 21:22:44 > Recv: 70.05 MiB, Paid 0.000000000138520474 FIL, ClientEventBlocksReceived (DealStatusOngoing)
Mar 29 21:22:44 > Recv: 71.05 MiB, Paid 0.000000000138520474 FIL, ClientEventBlocksReceived (DealStatusOngoing)
Mar 29 21:22:44 > Recv: 72.05 MiB, Paid 0.000000000138520474 FIL, ClientEventBlocksReceived (DealStatusOngoing)
Mar 29 21:22:44 > Recv: 73.05 MiB, Paid 0.000000000138520474 FIL, ClientEventBlocksReceived (DealStatusOngoing)
Mar 29 21:22:44 > Recv: 74.05 MiB, Paid 0.000000000138520474 FIL, ClientEventBlocksReceived (DealStatusOngoing)
Mar 29 21:22:44 > Recv: 75.05 MiB, Paid 0.000000000138520474 FIL, ClientEventBlocksReceived (DealStatusOngoing)
Mar 29 21:22:44 > Recv: 76.05 MiB, Paid 0.000000000138520474 FIL, ClientEventBlocksReceived (DealStatusOngoing)
Mar 29 21:22:44 > Recv: 77.05 MiB, Paid 0.000000000138520474 FIL, ClientEventBlocksReceived (DealStatusOngoing)
Mar 29 21:22:45 > Recv: 77.05 MiB, Paid 0.000000000138520474 FIL, ClientEventPaymentRequested (DealStatusFundsNeeded)
Mar 29 21:22:45 > Recv: 77.05 MiB, Paid 0.000000000138520474 FIL, ClientEventSendFunds (DealStatusSendFunds)
Mar 29 21:22:45 > Recv: 77.05 MiB, Paid 0.000000000163686298 FIL, ClientEventPaymentSent (DealStatusOngoing)
Mar 29 21:23:08 > Recv: 79.05 MiB, Paid 0.000000000163686298 FIL, ClientEventBlocksReceived (DealStatusOngoing)
Mar 29 21:23:08 > Recv: 80.05 MiB, Paid 0.000000000163686298 FIL, ClientEventBlocksReceived (DealStatusOngoing)
Mar 29 21:23:08 > Recv: 81.05 MiB, Paid 0.000000000163686298 FIL, ClientEventBlocksReceived (DealStatusOngoing)
Mar 29 21:23:08 > Recv: 82.05 MiB, Paid 0.000000000163686298 FIL, ClientEventBlocksReceived (DealStatusOngoing)
Mar 29 21:23:08 > Recv: 83.05 MiB, Paid 0.000000000163686298 FIL, ClientEventBlocksReceived (DealStatusOngoing)
Mar 29 21:23:08 > Recv: 84.05 MiB, Paid 0.000000000163686298 FIL, ClientEventBlocksReceived (DealStatusOngoing)
Mar 29 21:23:08 > Recv: 85.05 MiB, Paid 0.000000000163686298 FIL, ClientEventBlocksReceived (DealStatusOngoing)
Mar 29 21:23:09 > Recv: 86.05 MiB, Paid 0.000000000163686298 FIL, ClientEventBlocksReceived (DealStatusOngoing)
Mar 29 21:23:09 > Recv: 87.05 MiB, Paid 0.000000000163686298 FIL, ClientEventBlocksReceived (DealStatusOngoing)
Mar 29 21:23:09 > Recv: 88.05 MiB, Paid 0.000000000163686298 FIL, ClientEventBlocksReceived (DealStatusOngoing)
Mar 29 21:23:09 > Recv: 89.05 MiB, Paid 0.000000000163686298 FIL, ClientEventBlocksReceived (DealStatusOngoing)
Mar 29 21:23:09 > Recv: 90.05 MiB, Paid 0.000000000163686298 FIL, ClientEventBlocksReceived (DealStatusOngoing)
Mar 29 21:23:09 > Recv: 90.05 MiB, Paid 0.000000000163686298 FIL, ClientEventPaymentRequested (DealStatusFundsNeeded)
Mar 29 21:23:09 > Recv: 91.05 MiB, Paid 0.000000000163686298 FIL, ClientEventBlocksReceived (DealStatusFundsNeeded)
Mar 29 21:23:09 > Recv: 91.05 MiB, Paid 0.000000000163686298 FIL, ClientEventSendFunds (DealStatusSendFunds)
Mar 29 21:23:10 > Recv: 91.05 MiB, Paid 0.000000000190949274 FIL, ClientEventPaymentSent (DealStatusOngoing)
Mar 29 21:23:35 > Recv: 92.05 MiB, Paid 0.000000000190949274 FIL, ClientEventBlocksReceived (DealStatusOngoing)
Mar 29 21:23:35 > Recv: 93.05 MiB, Paid 0.000000000190949274 FIL, ClientEventBlocksReceived (DealStatusOngoing)
Mar 29 21:23:35 > Recv: 94.05 MiB, Paid 0.000000000190949274 FIL, ClientEventBlocksReceived (DealStatusOngoing)
Mar 29 21:23:35 > Recv: 95.05 MiB, Paid 0.000000000190949274 FIL, ClientEventBlocksReceived (DealStatusOngoing)
Mar 29 21:23:35 > Recv: 96.05 MiB, Paid 0.000000000190949274 FIL, ClientEventBlocksReceived (DealStatusOngoing)
Mar 29 21:23:36 > Recv: 97.05 MiB, Paid 0.000000000190949274 FIL, ClientEventBlocksReceived (DealStatusOngoing)
Mar 29 21:23:36 > Recv: 98.05 MiB, Paid 0.000000000190949274 FIL, ClientEventBlocksReceived (DealStatusOngoing)
Mar 29 21:23:36 > Recv: 99.05 MiB, Paid 0.000000000190949274 FIL, ClientEventBlocksReceived (DealStatusOngoing)
Mar 29 21:23:36 > Recv: 100.1 MiB, Paid 0.000000000190949274 FIL, ClientEventBlocksReceived (DealStatusOngoing)
Mar 29 21:23:36 > Recv: 101.1 MiB, Paid 0.000000000190949274 FIL, ClientEventBlocksReceived (DealStatusOngoing)
Mar 29 21:23:37 > Recv: 102.1 MiB, Paid 0.000000000190949274 FIL, ClientEventBlocksReceived (DealStatusOngoing)
Mar 29 21:23:37 > Recv: 103.1 MiB, Paid 0.000000000190949274 FIL, ClientEventBlocksReceived (DealStatusOngoing)
Mar 29 21:23:37 > Recv: 104.1 MiB, Paid 0.000000000190949274 FIL, ClientEventBlocksReceived (DealStatusOngoing)
Mar 29 21:23:37 > Recv: 104.1 MiB, Paid 0.000000000190949274 FIL, ClientEventPaymentRequested (DealStatusFundsNeeded)
Mar 29 21:23:37 > Recv: 104.1 MiB, Paid 0.000000000190949274 FIL, ClientEventSendFunds (DealStatusSendFunds)
Mar 29 21:23:38 > Recv: 104.1 MiB, Paid 0.000000000220309402 FIL, ClientEventPaymentSent (DealStatusOngoing)
Mar 29 21:24:03 > Recv: 106.1 MiB, Paid 0.000000000220309402 FIL, ClientEventBlocksReceived (DealStatusOngoing)
Mar 29 21:24:03 > Recv: 107.1 MiB, Paid 0.000000000220309402 FIL, ClientEventBlocksReceived (DealStatusOngoing)
Mar 29 21:24:03 > Recv: 108.1 MiB, Paid 0.000000000220309402 FIL, ClientEventBlocksReceived (DealStatusOngoing)
Mar 29 21:24:03 > Recv: 109.1 MiB, Paid 0.000000000220309402 FIL, ClientEventBlocksReceived (DealStatusOngoing)
Mar 29 21:24:03 > Recv: 110.1 MiB, Paid 0.000000000220309402 FIL, ClientEventBlocksReceived (DealStatusOngoing)
Mar 29 21:24:03 > Recv: 111.1 MiB, Paid 0.000000000220309402 FIL, ClientEventBlocksReceived (DealStatusOngoing)
Mar 29 21:24:03 > Recv: 112.1 MiB, Paid 0.000000000220309402 FIL, ClientEventBlocksReceived (DealStatusOngoing)
Mar 29 21:24:03 > Recv: 113.1 MiB, Paid 0.000000000220309402 FIL, ClientEventBlocksReceived (DealStatusOngoing)
Mar 29 21:24:03 > Recv: 114.1 MiB, Paid 0.000000000220309402 FIL, ClientEventBlocksReceived (DealStatusOngoing)
Mar 29 21:24:03 > Recv: 115.1 MiB, Paid 0.000000000220309402 FIL, ClientEventBlocksReceived (DealStatusOngoing)
Mar 29 21:24:03 > Recv: 116.1 MiB, Paid 0.000000000220309402 FIL, ClientEventBlocksReceived (DealStatusOngoing)
Mar 29 21:24:03 > Recv: 117.1 MiB, Paid 0.000000000220309402 FIL, ClientEventBlocksReceived (DealStatusOngoing)
Mar 29 21:24:03 > Recv: 118.1 MiB, Paid 0.000000000220309402 FIL, ClientEventBlocksReceived (DealStatusOngoing)
Mar 29 21:24:03 > Recv: 119.1 MiB, Paid 0.000000000220309402 FIL, ClientEventBlocksReceived (DealStatusOngoing)
Mar 29 21:24:03 > Recv: 119.1 MiB, Paid 0.000000000220309402 FIL, ClientEventPaymentRequested (DealStatusFundsNeeded)
Mar 29 21:24:03 > Recv: 119.1 MiB, Paid 0.000000000220309402 FIL, ClientEventSendFunds (DealStatusSendFunds)
Mar 29 21:24:03 > Recv: 119.1 MiB, Paid 0.000000000251766682 FIL, ClientEventPaymentSent (DealStatusOngoing)
Mar 29 21:24:30 > Recv: 121.1 MiB, Paid 0.000000000251766682 FIL, ClientEventBlocksReceived (DealStatusOngoing)
Mar 29 21:24:30 > Recv: 122.1 MiB, Paid 0.000000000251766682 FIL, ClientEventBlocksReceived (DealStatusOngoing)
Mar 29 21:24:30 > Recv: 123.1 MiB, Paid 0.000000000251766682 FIL, ClientEventBlocksReceived (DealStatusOngoing)
Mar 29 21:24:30 > Recv: 124.1 MiB, Paid 0.000000000251766682 FIL, ClientEventBlocksReceived (DealStatusOngoing)
Mar 29 21:24:30 > Recv: 125.1 MiB, Paid 0.000000000251766682 FIL, ClientEventBlocksReceived (DealStatusOngoing)
Mar 29 21:24:30 > Recv: 126.1 MiB, Paid 0.000000000251766682 FIL, ClientEventBlocksReceived (DealStatusOngoing)
Mar 29 21:24:30 > Recv: 127.1 MiB, Paid 0.000000000251766682 FIL, ClientEventBlocksReceived (DealStatusOngoing)
Mar 29 21:24:31 > Recv: 128.1 MiB, Paid 0.000000000251766682 FIL, ClientEventBlocksReceived (DealStatusOngoing)
Mar 29 21:24:31 > Recv: 129.1 MiB, Paid 0.000000000251766682 FIL, ClientEventBlocksReceived (DealStatusOngoing)
Mar 29 21:24:31 > Recv: 130.1 MiB, Paid 0.000000000251766682 FIL, ClientEventBlocksReceived (DealStatusOngoing)
Mar 29 21:24:31 > Recv: 131.1 MiB, Paid 0.000000000251766682 FIL, ClientEventBlocksReceived (DealStatusOngoing)
Mar 29 21:24:32 > Recv: 132.1 MiB, Paid 0.000000000251766682 FIL, ClientEventBlocksReceived (DealStatusOngoing)
Mar 29 21:24:32 > Recv: 133.1 MiB, Paid 0.000000000251766682 FIL, ClientEventBlocksReceived (DealStatusOngoing)
Mar 29 21:24:32 > Recv: 134.1 MiB, Paid 0.000000000251766682 FIL, ClientEventBlocksReceived (DealStatusOngoing)
Mar 29 21:24:32 > Recv: 134.1 MiB, Paid 0.000000000251766682 FIL, ClientEventPaymentRequested (DealStatusFundsNeeded)
Mar 29 21:24:32 > Recv: 134.1 MiB, Paid 0.000000000251766682 FIL, ClientEventSendFunds (DealStatusSendFunds)
Mar 29 21:24:33 > Recv: 134.1 MiB, Paid 0.000000000285321114 FIL, ClientEventPaymentSent (DealStatusOngoing)
Mar 29 21:25:01 > Recv: 137.1 MiB, Paid 0.000000000285321114 FIL, ClientEventBlocksReceived (DealStatusOngoing)
Mar 29 21:25:01 > Recv: 138.1 MiB, Paid 0.000000000285321114 FIL, ClientEventBlocksReceived (DealStatusOngoing)
Mar 29 21:25:01 > Recv: 139.1 MiB, Paid 0.000000000285321114 FIL, ClientEventBlocksReceived (DealStatusOngoing)
Mar 29 21:25:01 > Recv: 140.1 MiB, Paid 0.000000000285321114 FIL, ClientEventBlocksReceived (DealStatusOngoing)
Mar 29 21:25:01 > Recv: 141.1 MiB, Paid 0.000000000285321114 FIL, ClientEventBlocksReceived (DealStatusOngoing)
Mar 29 21:25:01 > Recv: 142.1 MiB, Paid 0.000000000285321114 FIL, ClientEventBlocksReceived (DealStatusOngoing)
Mar 29 21:25:01 > Recv: 143.1 MiB, Paid 0.000000000285321114 FIL, ClientEventBlocksReceived (DealStatusOngoing)
Mar 29 21:25:01 > Recv: 144.1 MiB, Paid 0.000000000285321114 FIL, ClientEventBlocksReceived (DealStatusOngoing)
Mar 29 21:25:01 > Recv: 145.1 MiB, Paid 0.000000000285321114 FIL, ClientEventBlocksReceived (DealStatusOngoing)
Mar 29 21:25:01 > Recv: 146.1 MiB, Paid 0.000000000285321114 FIL, ClientEventBlocksReceived (DealStatusOngoing)
Mar 29 21:25:01 > Recv: 147.1 MiB, Paid 0.000000000285321114 FIL, ClientEventBlocksReceived (DealStatusOngoing)
Mar 29 21:25:01 > Recv: 148.1 MiB, Paid 0.000000000285321114 FIL, ClientEventBlocksReceived (DealStatusOngoing)
Mar 29 21:25:01 > Recv: 149.1 MiB, Paid 0.000000000285321114 FIL, ClientEventBlocksReceived (DealStatusOngoing)
Mar 29 21:25:01 > Recv: 150.1 MiB, Paid 0.000000000285321114 FIL, ClientEventBlocksReceived (DealStatusOngoing)
Mar 29 21:25:02 > Recv: 151.1 MiB, Paid 0.000000000285321114 FIL, ClientEventBlocksReceived (DealStatusOngoing)
Mar 29 21:25:02 > Recv: 152.1 MiB, Paid 0.000000000285321114 FIL, ClientEventBlocksReceived (DealStatusOngoing)
Mar 29 21:25:02 > Recv: 152.1 MiB, Paid 0.000000000285321114 FIL, ClientEventPaymentRequested (DealStatusFundsNeeded)
Mar 29 21:25:02 > Recv: 152.1 MiB, Paid 0.000000000285321114 FIL, ClientEventSendFunds (DealStatusSendFunds)
Mar 29 21:25:02 > Recv: 152.1 MiB, Paid 0.000000000320972698 FIL, ClientEventPaymentSent (DealStatusOngoing)
Mar 29 21:25:30 > Recv: 154.1 MiB, Paid 0.000000000320972698 FIL, ClientEventBlocksReceived (DealStatusOngoing)
Mar 29 21:25:30 > Recv: 155.1 MiB, Paid 0.000000000320972698 FIL, ClientEventBlocksReceived (DealStatusOngoing)
Mar 29 21:25:30 > Recv: 156.1 MiB, Paid 0.000000000320972698 FIL, ClientEventBlocksReceived (DealStatusOngoing)
Mar 29 21:25:31 > Recv: 157.1 MiB, Paid 0.000000000320972698 FIL, ClientEventBlocksReceived (DealStatusOngoing)
Mar 29 21:25:31 > Recv: 158.1 MiB, Paid 0.000000000320972698 FIL, ClientEventBlocksReceived (DealStatusOngoing)
Mar 29 21:25:31 > Recv: 159.1 MiB, Paid 0.000000000320972698 FIL, ClientEventBlocksReceived (DealStatusOngoing)
Mar 29 21:25:32 > Recv: 160.1 MiB, Paid 0.000000000320972698 FIL, ClientEventBlocksReceived (DealStatusOngoing)
Mar 29 21:25:32 > Recv: 161.1 MiB, Paid 0.000000000320972698 FIL, ClientEventBlocksReceived (DealStatusOngoing)
Mar 29 21:25:32 > Recv: 162.1 MiB, Paid 0.000000000320972698 FIL, ClientEventBlocksReceived (DealStatusOngoing)
Mar 29 21:25:33 > Recv: 163.1 MiB, Paid 0.000000000320972698 FIL, ClientEventBlocksReceived (DealStatusOngoing)
Mar 29 21:25:33 > Recv: 164.1 MiB, Paid 0.000000000320972698 FIL, ClientEventBlocksReceived (DealStatusOngoing)
Mar 29 21:25:34 > Recv: 165.1 MiB, Paid 0.000000000320972698 FIL, ClientEventBlocksReceived (DealStatusOngoing)
Mar 29 21:25:34 > Recv: 166.1 MiB, Paid 0.000000000320972698 FIL, ClientEventBlocksReceived (DealStatusOngoing)
Mar 29 21:25:34 > Recv: 167.1 MiB, Paid 0.000000000320972698 FIL, ClientEventBlocksReceived (DealStatusOngoing)
Mar 29 21:25:35 > Recv: 168.1 MiB, Paid 0.000000000320972698 FIL, ClientEventBlocksReceived (DealStatusOngoing)
Mar 29 21:25:35 > Recv: 169.1 MiB, Paid 0.000000000320972698 FIL, ClientEventBlocksReceived (DealStatusOngoing)
Mar 29 21:25:36 > Recv: 170.1 MiB, Paid 0.000000000320972698 FIL, ClientEventBlocksReceived (DealStatusOngoing)
Mar 29 21:25:36 > Recv: 170.1 MiB, Paid 0.000000000320972698 FIL, ClientEventPaymentRequested (DealStatusFundsNeeded)
Mar 29 21:25:36 > Recv: 171.1 MiB, Paid 0.000000000320972698 FIL, ClientEventBlocksReceived (DealStatusFundsNeeded)
Mar 29 21:25:36 > Recv: 171.1 MiB, Paid 0.000000000320972698 FIL, ClientEventSendFunds (DealStatusSendFunds)
Mar 29 21:25:37 > Recv: 171.1 MiB, Paid 0.000000000358721434 FIL, ClientEventPaymentSent (DealStatusOngoing)
Mar 29 21:26:01 > Recv: 172.1 MiB, Paid 0.000000000358721434 FIL, ClientEventBlocksReceived (DealStatusOngoing)
Mar 29 21:26:01 > Recv: 173.1 MiB, Paid 0.000000000358721434 FIL, ClientEventBlocksReceived (DealStatusOngoing)
Mar 29 21:26:01 > Recv: 174.1 MiB, Paid 0.000000000358721434 FIL, ClientEventBlocksReceived (DealStatusOngoing)
Mar 29 21:26:01 > Recv: 175.1 MiB, Paid 0.000000000358721434 FIL, ClientEventBlocksReceived (DealStatusOngoing)
Mar 29 21:26:01 > Recv: 176.1 MiB, Paid 0.000000000358721434 FIL, ClientEventBlocksReceived (DealStatusOngoing)
Mar 29 21:26:01 > Recv: 177.1 MiB, Paid 0.000000000358721434 FIL, ClientEventBlocksReceived (DealStatusOngoing)
Mar 29 21:26:01 > Recv: 178.1 MiB, Paid 0.000000000358721434 FIL, ClientEventBlocksReceived (DealStatusOngoing)
Mar 29 21:26:01 > Recv: 179.1 MiB, Paid 0.000000000358721434 FIL, ClientEventBlocksReceived (DealStatusOngoing)
Mar 29 21:26:01 > Recv: 180.1 MiB, Paid 0.000000000358721434 FIL, ClientEventBlocksReceived (DealStatusOngoing)
Mar 29 21:26:01 > Recv: 181.1 MiB, Paid 0.000000000358721434 FIL, ClientEventBlocksReceived (DealStatusOngoing)
Mar 29 21:26:01 > Recv: 182.1 MiB, Paid 0.000000000358721434 FIL, ClientEventBlocksReceived (DealStatusOngoing)
Mar 29 21:26:01 > Recv: 183.1 MiB, Paid 0.000000000358721434 FIL, ClientEventBlocksReceived (DealStatusOngoing)
Mar 29 21:26:01 > Recv: 184.1 MiB, Paid 0.000000000358721434 FIL, ClientEventBlocksReceived (DealStatusOngoing)
Mar 29 21:26:01 > Recv: 185.1 MiB, Paid 0.000000000358721434 FIL, ClientEventBlocksReceived (DealStatusOngoing)
Mar 29 21:26:01 > Recv: 186.1 MiB, Paid 0.000000000358721434 FIL, ClientEventBlocksReceived (DealStatusOngoing)
Mar 29 21:26:01 > Recv: 187.1 MiB, Paid 0.000000000358721434 FIL, ClientEventBlocksReceived (DealStatusOngoing)
Mar 29 21:26:01 > Recv: 188.1 MiB, Paid 0.000000000358721434 FIL, ClientEventBlocksReceived (DealStatusOngoing)
Mar 29 21:26:01 > Recv: 189.1 MiB, Paid 0.000000000358721434 FIL, ClientEventBlocksReceived (DealStatusOngoing)
Mar 29 21:26:01 > Recv: 189.1 MiB, Paid 0.000000000358721434 FIL, ClientEventPaymentRequested (DealStatusFundsNeeded)
Mar 29 21:26:01 > Recv: 189.1 MiB, Paid 0.000000000358721434 FIL, ClientEventSendFunds (DealStatusSendFunds)
Mar 29 21:26:02 > Recv: 189.1 MiB, Paid 0.000000000398567322 FIL, ClientEventPaymentSent (DealStatusOngoing)
Mar 29 21:26:28 > Recv: 191.1 MiB, Paid 0.000000000398567322 FIL, ClientEventBlocksReceived (DealStatusOngoing)
Mar 29 21:26:28 > Recv: 192.1 MiB, Paid 0.000000000398567322 FIL, ClientEventBlocksReceived (DealStatusOngoing)
Mar 29 21:26:29 > Recv: 193.1 MiB, Paid 0.000000000398567322 FIL, ClientEventBlocksReceived (DealStatusOngoing)
Mar 29 21:26:29 > Recv: 194.1 MiB, Paid 0.000000000398567322 FIL, ClientEventBlocksReceived (DealStatusOngoing)
Mar 29 21:26:29 > Recv: 195.1 MiB, Paid 0.000000000398567322 FIL, ClientEventBlocksReceived (DealStatusOngoing)
Mar 29 21:26:30 > Recv: 196.1 MiB, Paid 0.000000000398567322 FIL, ClientEventBlocksReceived (DealStatusOngoing)
Mar 29 21:26:30 > Recv: 197.1 MiB, Paid 0.000000000398567322 FIL, ClientEventBlocksReceived (DealStatusOngoing)
Mar 29 21:26:30 > Recv: 198.1 MiB, Paid 0.000000000398567322 FIL, ClientEventBlocksReceived (DealStatusOngoing)
Mar 29 21:26:31 > Recv: 199.1 MiB, Paid 0.000000000398567322 FIL, ClientEventBlocksReceived (DealStatusOngoing)
Mar 29 21:26:31 > Recv: 200.1 MiB, Paid 0.000000000398567322 FIL, ClientEventBlocksReceived (DealStatusOngoing)
Mar 29 21:26:31 > Recv: 201.1 MiB, Paid 0.000000000398567322 FIL, ClientEventBlocksReceived (DealStatusOngoing)
Mar 29 21:26:32 > Recv: 202.1 MiB, Paid 0.000000000398567322 FIL, ClientEventBlocksReceived (DealStatusOngoing)
Mar 29 21:26:32 > Recv: 203.1 MiB, Paid 0.000000000398567322 FIL, ClientEventBlocksReceived (DealStatusOngoing)
Mar 29 21:26:33 > Recv: 204.1 MiB, Paid 0.000000000398567322 FIL, ClientEventBlocksReceived (DealStatusOngoing)
Mar 29 21:26:33 > Recv: 205.1 MiB, Paid 0.000000000398567322 FIL, ClientEventBlocksReceived (DealStatusOngoing)
Mar 29 21:26:34 > Recv: 206.1 MiB, Paid 0.000000000398567322 FIL, ClientEventBlocksReceived (DealStatusOngoing)
Mar 29 21:26:34 > Recv: 207.1 MiB, Paid 0.000000000398567322 FIL, ClientEventBlocksReceived (DealStatusOngoing)
Mar 29 21:26:34 > Recv: 208.1 MiB, Paid 0.000000000398567322 FIL, ClientEventBlocksReceived (DealStatusOngoing)
Mar 29 21:26:35 > Recv: 209.1 MiB, Paid 0.000000000398567322 FIL, ClientEventBlocksReceived (DealStatusOngoing)
Mar 29 21:26:35 > Recv: 209.1 MiB, Paid 0.000000000398567322 FIL, ClientEventPaymentRequested (DealStatusFundsNeeded)
Mar 29 21:26:35 > Recv: 210.1 MiB, Paid 0.000000000398567322 FIL, ClientEventBlocksReceived (DealStatusFundsNeeded)
Mar 29 21:26:35 > Recv: 210.1 MiB, Paid 0.000000000398567322 FIL, ClientEventSendFunds (DealStatusSendFunds)
Mar 29 21:26:36 > Recv: 210.1 MiB, Paid 0.000000000440510362 FIL, ClientEventPaymentSent (DealStatusOngoing)
Mar 29 21:26:57 > Recv: 211.1 MiB, Paid 0.000000000440510362 FIL, ClientEventBlocksReceived (DealStatusOngoing)
Mar 29 21:26:57 > Recv: 212.1 MiB, Paid 0.000000000440510362 FIL, ClientEventBlocksReceived (DealStatusOngoing)
Mar 29 21:26:57 > Recv: 213.1 MiB, Paid 0.000000000440510362 FIL, ClientEventBlocksReceived (DealStatusOngoing)
Mar 29 21:26:57 > Recv: 214.1 MiB, Paid 0.000000000440510362 FIL, ClientEventBlocksReceived (DealStatusOngoing)
Mar 29 21:26:57 > Recv: 215.1 MiB, Paid 0.000000000440510362 FIL, ClientEventBlocksReceived (DealStatusOngoing)
Mar 29 21:26:57 > Recv: 216.1 MiB, Paid 0.000000000440510362 FIL, ClientEventBlocksReceived (DealStatusOngoing)
Mar 29 21:26:57 > Recv: 217.1 MiB, Paid 0.000000000440510362 FIL, ClientEventBlocksReceived (DealStatusOngoing)
Mar 29 21:26:57 > Recv: 218.1 MiB, Paid 0.000000000440510362 FIL, ClientEventBlocksReceived (DealStatusOngoing)
Mar 29 21:26:57 > Recv: 219.1 MiB, Paid 0.000000000440510362 FIL, ClientEventBlocksReceived (DealStatusOngoing)
Mar 29 21:26:57 > Recv: 220.1 MiB, Paid 0.000000000440510362 FIL, ClientEventBlocksReceived (DealStatusOngoing)
Mar 29 21:26:57 > Recv: 221.1 MiB, Paid 0.000000000440510362 FIL, ClientEventBlocksReceived (DealStatusOngoing)
Mar 29 21:26:57 > Recv: 222.1 MiB, Paid 0.000000000440510362 FIL, ClientEventBlocksReceived (DealStatusOngoing)
Mar 29 21:26:57 > Recv: 223.1 MiB, Paid 0.000000000440510362 FIL, ClientEventBlocksReceived (DealStatusOngoing)
Mar 29 21:26:57 > Recv: 224.1 MiB, Paid 0.000000000440510362 FIL, ClientEventBlocksReceived (DealStatusOngoing)
Mar 29 21:26:57 > Recv: 225.1 MiB, Paid 0.000000000440510362 FIL, ClientEventBlocksReceived (DealStatusOngoing)
Mar 29 21:26:57 > Recv: 226.1 MiB, Paid 0.000000000440510362 FIL, ClientEventBlocksReceived (DealStatusOngoing)
Mar 29 21:26:57 > Recv: 227.1 MiB, Paid 0.000000000440510362 FIL, ClientEventBlocksReceived (DealStatusOngoing)
Mar 29 21:26:57 > Recv: 228.1 MiB, Paid 0.000000000440510362 FIL, ClientEventBlocksReceived (DealStatusOngoing)
Mar 29 21:26:57 > Recv: 229.1 MiB, Paid 0.000000000440510362 FIL, ClientEventBlocksReceived (DealStatusOngoing)
Mar 29 21:26:58 > Recv: 230.1 MiB, Paid 0.000000000440510362 FIL, ClientEventBlocksReceived (DealStatusOngoing)
Mar 29 21:26:58 > Recv: 230.1 MiB, Paid 0.000000000440510362 FIL, ClientEventPaymentRequested (DealStatusFundsNeeded)
Mar 29 21:26:58 > Recv: 230.1 MiB, Paid 0.000000000440510362 FIL, ClientEventSendFunds (DealStatusSendFunds)
Mar 29 21:26:58 > Recv: 230.1 MiB, Paid 0.000000000484550554 FIL, ClientEventPaymentSent (DealStatusOngoing)
Mar 29 21:27:07 > Recv: 232.1 MiB, Paid 0.000000000484550554 FIL, ClientEventBlocksReceived (DealStatusOngoing)
Mar 29 21:27:08 > Recv: 233.1 MiB, Paid 0.000000000484550554 FIL, ClientEventBlocksReceived (DealStatusOngoing)
Mar 29 21:27:08 > Recv: 234.1 MiB, Paid 0.000000000484550554 FIL, ClientEventBlocksReceived (DealStatusOngoing)
Mar 29 21:27:09 > Recv: 235.1 MiB, Paid 0.000000000484550554 FIL, ClientEventBlocksReceived (DealStatusOngoing)
Mar 29 21:27:09 > Recv: 236.1 MiB, Paid 0.000000000484550554 FIL, ClientEventBlocksReceived (DealStatusOngoing)
Mar 29 21:27:09 > Recv: 237.1 MiB, Paid 0.000000000484550554 FIL, ClientEventBlocksReceived (DealStatusOngoing)
Mar 29 21:27:10 > Recv: 238.1 MiB, Paid 0.000000000484550554 FIL, ClientEventBlocksReceived (DealStatusOngoing)
Mar 29 21:27:10 > Recv: 239.1 MiB, Paid 0.000000000484550554 FIL, ClientEventBlocksReceived (DealStatusOngoing)
Mar 29 21:27:10 > Recv: 240.1 MiB, Paid 0.000000000484550554 FIL, ClientEventBlocksReceived (DealStatusOngoing)
Mar 29 21:27:11 > Recv: 241.1 MiB, Paid 0.000000000484550554 FIL, ClientEventBlocksReceived (DealStatusOngoing)
Mar 29 21:27:11 > Recv: 242.1 MiB, Paid 0.000000000484550554 FIL, ClientEventBlocksReceived (DealStatusOngoing)
Mar 29 21:27:12 > Recv: 243.1 MiB, Paid 0.000000000484550554 FIL, ClientEventBlocksReceived (DealStatusOngoing)
Mar 29 21:27:12 > Recv: 244.1 MiB, Paid 0.000000000484550554 FIL, ClientEventBlocksReceived (DealStatusOngoing)
Mar 29 21:27:12 > Recv: 245.1 MiB, Paid 0.000000000484550554 FIL, ClientEventBlocksReceived (DealStatusOngoing)
Mar 29 21:27:13 > Recv: 246.1 MiB, Paid 0.000000000484550554 FIL, ClientEventBlocksReceived (DealStatusOngoing)
Mar 29 21:27:13 > Recv: 247.1 MiB, Paid 0.000000000484550554 FIL, ClientEventBlocksReceived (DealStatusOngoing)
Mar 29 21:27:14 > Recv: 248.1 MiB, Paid 0.000000000484550554 FIL, ClientEventBlocksReceived (DealStatusOngoing)
Mar 29 21:27:14 > Recv: 249.1 MiB, Paid 0.000000000484550554 FIL, ClientEventBlocksReceived (DealStatusOngoing)
Mar 29 21:27:15 > Recv: 250.1 MiB, Paid 0.000000000484550554 FIL, ClientEventBlocksReceived (DealStatusOngoing)
Mar 29 21:27:15 > Recv: 251.1 MiB, Paid 0.000000000484550554 FIL, ClientEventBlocksReceived (DealStatusOngoing)
Mar 29 21:27:15 > Recv: 252.1 MiB, Paid 0.000000000484550554 FIL, ClientEventBlocksReceived (DealStatusOngoing)
Mar 29 21:27:16 > Recv: 252.1 MiB, Paid 0.000000000484550554 FIL, ClientEventPaymentRequested (DealStatusFundsNeeded)
Mar 29 21:27:16 > Recv: 252.1 MiB, Paid 0.000000000484550554 FIL, ClientEventSendFunds (DealStatusSendFunds)
Mar 29 21:27:17 > Recv: 252.1 MiB, Paid 0.000000000530687898 FIL, ClientEventPaymentSent (DealStatusOngoing)
Mar 29 21:27:35 > Recv: 254.1 MiB, Paid 0.000000000530687898 FIL, ClientEventBlocksReceived (DealStatusOngoing)
Mar 29 21:27:35 > Recv: 255.1 MiB, Paid 0.000000000530687898 FIL, ClientEventBlocksReceived (DealStatusOngoing)
Mar 29 21:27:35 > Recv: 256.1 MiB, Paid 0.000000000530687898 FIL, ClientEventBlocksReceived (DealStatusOngoing)
Mar 29 21:27:36 > Recv: 257.1 MiB, Paid 0.000000000530687898 FIL, ClientEventBlocksReceived (DealStatusOngoing)
Mar 29 21:27:36 > Recv: 258.1 MiB, Paid 0.000000000530687898 FIL, ClientEventBlocksReceived (DealStatusOngoing)
Mar 29 21:27:36 > Recv: 259.1 MiB, Paid 0.000000000530687898 FIL, ClientEventBlocksReceived (DealStatusOngoing)
Mar 29 21:27:36 > Recv: 260.1 MiB, Paid 0.000000000530687898 FIL, ClientEventBlocksReceived (DealStatusOngoing)
Mar 29 21:27:37 > Recv: 261.1 MiB, Paid 0.000000000530687898 FIL, ClientEventBlocksReceived (DealStatusOngoing)
Mar 29 21:27:38 > Recv: 262.1 MiB, Paid 0.000000000530687898 FIL, ClientEventBlocksReceived (DealStatusOngoing)
Mar 29 21:27:38 > Recv: 263.1 MiB, Paid 0.000000000530687898 FIL, ClientEventBlocksReceived (DealStatusOngoing)
Mar 29 21:27:39 > Recv: 264.1 MiB, Paid 0.000000000530687898 FIL, ClientEventBlocksReceived (DealStatusOngoing)
Mar 29 21:27:39 > Recv: 265.1 MiB, Paid 0.000000000530687898 FIL, ClientEventBlocksReceived (DealStatusOngoing)
Mar 29 21:27:39 > Recv: 266.1 MiB, Paid 0.000000000530687898 FIL, ClientEventBlocksReceived (DealStatusOngoing)
Mar 29 21:27:40 > Recv: 267.1 MiB, Paid 0.000000000530687898 FIL, ClientEventBlocksReceived (DealStatusOngoing)
Mar 29 21:27:40 > Recv: 268.1 MiB, Paid 0.000000000530687898 FIL, ClientEventBlocksReceived (DealStatusOngoing)
Mar 29 21:27:41 > Recv: 269.1 MiB, Paid 0.000000000530687898 FIL, ClientEventBlocksReceived (DealStatusOngoing)
Mar 29 21:27:42 > Recv: 270.1 MiB, Paid 0.000000000530687898 FIL, ClientEventBlocksReceived (DealStatusOngoing)
Mar 29 21:27:42 > Recv: 271.1 MiB, Paid 0.000000000530687898 FIL, ClientEventBlocksReceived (DealStatusOngoing)
Mar 29 21:27:43 > Recv: 272.1 MiB, Paid 0.000000000530687898 FIL, ClientEventBlocksReceived (DealStatusOngoing)
Mar 29 21:27:43 > Recv: 273.1 MiB, Paid 0.000000000530687898 FIL, ClientEventBlocksReceived (DealStatusOngoing)
Mar 29 21:27:44 > Recv: 274.1 MiB, Paid 0.000000000530687898 FIL, ClientEventBlocksReceived (DealStatusOngoing)
Mar 29 21:27:45 > Recv: 275.1 MiB, Paid 0.000000000530687898 FIL, ClientEventBlocksReceived (DealStatusOngoing)
Mar 29 21:27:45 > Recv: 275.1 MiB, Paid 0.000000000530687898 FIL, ClientEventPaymentRequested (DealStatusFundsNeeded)
Mar 29 21:27:45 > Recv: 275.1 MiB, Paid 0.000000000530687898 FIL, ClientEventSendFunds (DealStatusSendFunds)
Mar 29 21:27:45 > Recv: 275.1 MiB, Paid 0.000000000578922394 FIL, ClientEventPaymentSent (DealStatusOngoing)
Mar 29 21:28:15 > Recv: 277.1 MiB, Paid 0.000000000578922394 FIL, ClientEventBlocksReceived (DealStatusOngoing)
Mar 29 21:28:15 > Recv: 278.1 MiB, Paid 0.000000000578922394 FIL, ClientEventBlocksReceived (DealStatusOngoing)
Mar 29 21:28:15 > Recv: 279.1 MiB, Paid 0.000000000578922394 FIL, ClientEventBlocksReceived (DealStatusOngoing)
Mar 29 21:28:15 > Recv: 280.1 MiB, Paid 0.000000000578922394 FIL, ClientEventBlocksReceived (DealStatusOngoing)
Mar 29 21:28:15 > Recv: 281.1 MiB, Paid 0.000000000578922394 FIL, ClientEventBlocksReceived (DealStatusOngoing)
Mar 29 21:28:16 > Recv: 282.1 MiB, Paid 0.000000000578922394 FIL, ClientEventBlocksReceived (DealStatusOngoing)
Mar 29 21:28:16 > Recv: 283.1 MiB, Paid 0.000000000578922394 FIL, ClientEventBlocksReceived (DealStatusOngoing)
Mar 29 21:28:16 > Recv: 284.1 MiB, Paid 0.000000000578922394 FIL, ClientEventBlocksReceived (DealStatusOngoing)
Mar 29 21:28:16 > Recv: 285.1 MiB, Paid 0.000000000578922394 FIL, ClientEventBlocksReceived (DealStatusOngoing)
Mar 29 21:28:16 > Recv: 286.1 MiB, Paid 0.000000000578922394 FIL, ClientEventBlocksReceived (DealStatusOngoing)
Mar 29 21:28:16 > Recv: 287.1 MiB, Paid 0.000000000578922394 FIL, ClientEventBlocksReceived (DealStatusOngoing)
Mar 29 21:28:16 > Recv: 288.1 MiB, Paid 0.000000000578922394 FIL, ClientEventBlocksReceived (DealStatusOngoing)
Mar 29 21:28:16 > Recv: 289.1 MiB, Paid 0.000000000578922394 FIL, ClientEventBlocksReceived (DealStatusOngoing)
Mar 29 21:28:16 > Recv: 290.1 MiB, Paid 0.000000000578922394 FIL, ClientEventBlocksReceived (DealStatusOngoing)
Mar 29 21:28:16 > Recv: 291.1 MiB, Paid 0.000000000578922394 FIL, ClientEventBlocksReceived (DealStatusOngoing)
Mar 29 21:28:16 > Recv: 292.1 MiB, Paid 0.000000000578922394 FIL, ClientEventBlocksReceived (DealStatusOngoing)
Mar 29 21:28:16 > Recv: 293.1 MiB, Paid 0.000000000578922394 FIL, ClientEventBlocksReceived (DealStatusOngoing)
Mar 29 21:28:16 > Recv: 294.1 MiB, Paid 0.000000000578922394 FIL, ClientEventBlocksReceived (DealStatusOngoing)
Mar 29 21:28:16 > Recv: 295.1 MiB, Paid 0.000000000578922394 FIL, ClientEventBlocksReceived (DealStatusOngoing)
Mar 29 21:28:16 > Recv: 296.1 MiB, Paid 0.000000000578922394 FIL, ClientEventBlocksReceived (DealStatusOngoing)
Mar 29 21:28:16 > Recv: 297.1 MiB, Paid 0.000000000578922394 FIL, ClientEventBlocksReceived (DealStatusOngoing)
Mar 29 21:28:16 > Recv: 298.1 MiB, Paid 0.000000000578922394 FIL, ClientEventBlocksReceived (DealStatusOngoing)
Mar 29 21:28:16 > Recv: 299.1 MiB, Paid 0.000000000578922394 FIL, ClientEventBlocksReceived (DealStatusOngoing)
Mar 29 21:28:16 > Recv: 299.1 MiB, Paid 0.000000000578922394 FIL, ClientEventPaymentRequested (DealStatusFundsNeeded)
Mar 29 21:28:16 > Recv: 299.1 MiB, Paid 0.000000000578922394 FIL, ClientEventSendFunds (DealStatusSendFunds)
Mar 29 21:28:17 > Recv: 299.1 MiB, Paid 0.000000000629254042 FIL, ClientEventPaymentSent (DealStatusOngoing)
Mar 29 21:28:45 > Recv: 301.1 MiB, Paid 0.000000000629254042 FIL, ClientEventBlocksReceived (DealStatusOngoing)
Mar 29 21:28:45 > Recv: 302.1 MiB, Paid 0.000000000629254042 FIL, ClientEventBlocksReceived (DealStatusOngoing)
Mar 29 21:28:46 > Recv: 303.1 MiB, Paid 0.000000000629254042 FIL, ClientEventBlocksReceived (DealStatusOngoing)
Mar 29 21:28:46 > Recv: 304.1 MiB, Paid 0.000000000629254042 FIL, ClientEventBlocksReceived (DealStatusOngoing)
Mar 29 21:28:46 > Recv: 305.1 MiB, Paid 0.000000000629254042 FIL, ClientEventBlocksReceived (DealStatusOngoing)
Mar 29 21:28:46 > Recv: 306.1 MiB, Paid 0.000000000629254042 FIL, ClientEventBlocksReceived (DealStatusOngoing)
Mar 29 21:28:47 > Recv: 307.1 MiB, Paid 0.000000000629254042 FIL, ClientEventBlocksReceived (DealStatusOngoing)
Mar 29 21:28:47 > Recv: 308.1 MiB, Paid 0.000000000629254042 FIL, ClientEventBlocksReceived (DealStatusOngoing)
Mar 29 21:28:47 > Recv: 309.1 MiB, Paid 0.000000000629254042 FIL, ClientEventBlocksReceived (DealStatusOngoing)
Mar 29 21:28:47 > Recv: 310.1 MiB, Paid 0.000000000629254042 FIL, ClientEventBlocksReceived (DealStatusOngoing)
Mar 29 21:28:47 > Recv: 311.1 MiB, Paid 0.000000000629254042 FIL, ClientEventBlocksReceived (DealStatusOngoing)
Mar 29 21:28:48 > Recv: 312.1 MiB, Paid 0.000000000629254042 FIL, ClientEventBlocksReceived (DealStatusOngoing)
Mar 29 21:28:48 > Recv: 313.1 MiB, Paid 0.000000000629254042 FIL, ClientEventBlocksReceived (DealStatusOngoing)
Mar 29 21:28:48 > Recv: 314.1 MiB, Paid 0.000000000629254042 FIL, ClientEventBlocksReceived (DealStatusOngoing)
Mar 29 21:28:49 > Recv: 315.1 MiB, Paid 0.000000000629254042 FIL, ClientEventBlocksReceived (DealStatusOngoing)
Mar 29 21:28:49 > Recv: 316.1 MiB, Paid 0.000000000629254042 FIL, ClientEventBlocksReceived (DealStatusOngoing)
Mar 29 21:28:49 > Recv: 317.1 MiB, Paid 0.000000000629254042 FIL, ClientEventBlocksReceived (DealStatusOngoing)
Mar 29 21:28:49 > Recv: 318.1 MiB, Paid 0.000000000629254042 FIL, ClientEventBlocksReceived (DealStatusOngoing)
Mar 29 21:28:50 > Recv: 319.1 MiB, Paid 0.000000000629254042 FIL, ClientEventBlocksReceived (DealStatusOngoing)
Mar 29 21:28:50 > Recv: 320.1 MiB, Paid 0.000000000629254042 FIL, ClientEventBlocksReceived (DealStatusOngoing)
Mar 29 21:28:50 > Recv: 321.1 MiB, Paid 0.000000000629254042 FIL, ClientEventBlocksReceived (DealStatusOngoing)
Mar 29 21:28:50 > Recv: 322.1 MiB, Paid 0.000000000629254042 FIL, ClientEventBlocksReceived (DealStatusOngoing)
Mar 29 21:28:50 > Recv: 323.1 MiB, Paid 0.000000000629254042 FIL, ClientEventBlocksReceived (DealStatusOngoing)
Mar 29 21:28:51 > Recv: 324.1 MiB, Paid 0.000000000629254042 FIL, ClientEventBlocksReceived (DealStatusOngoing)
Mar 29 21:28:51 > Recv: 324.1 MiB, Paid 0.000000000629254042 FIL, ClientEventPaymentRequested (DealStatusFundsNeeded)
Mar 29 21:28:51 > Recv: 324.1 MiB, Paid 0.000000000629254042 FIL, ClientEventSendFunds (DealStatusSendFunds)
Mar 29 21:28:51 > Recv: 324.1 MiB, Paid 0.000000000681682842 FIL, ClientEventPaymentSent (DealStatusOngoing)
