Mar 30 02:27:02 1234
Mar 30 02:27:02 eyJhbGciOiJIUzI1NiIsInR5cCI6IkpXVCJ9.eyJBbGxvdyI6WyJyZWFkIiwid3JpdGUiLCJzaWduIiwiYWRtaW4iXX0.RzY4hBx900NTgTTAA7E-5suH8551qNnu4IWj05cheAs
Mar 30 02:27:02 Loading deals f0421499
Mar 30 02:27:02 f0421499 1 minimal_finality_stateroots_616300_2021-03-26_22-00-00.car.aa
Mar 30 02:27:02 f0421499 2 minimal_finality_stateroots_616300_2021-03-26_22-00-00.car.ab
Mar 30 02:27:02 f0421499 3 minimal_finality_stateroots_620860_2021-03-28_12-00-00.car.aa
Mar 30 02:27:02 f0421499 4 minimal_finality_stateroots_620860_2021-03-28_12-00-00.car.ab
Mar 30 02:27:02 f0421499 5 minimal_finality_stateroots_624460_2021-03-29_18-00-00.car.aa
Mar 30 02:27:02 f0421499 6 minimal_finality_stateroots_624460_2021-03-29_18-00-00.car.ab
Mar 30 02:27:02 1 minimal_finality_stateroots_620860_2021-03-28_12-00-00.car.ab
Mar 30 02:27:02 f071624-1643068 f09848-1642933 f022142-1645157 f058369-1645147 f019551-1645164 f01278-1645170 f0165400-1645269 f099608-1648223 f01234-1645250 f01240-1648939 f08399-1645225 f08403-1645178 f022352-1645318 f066596-1645275 f019041-1648221 f015927-1645310 f0145874-1645326 f014768-1645409 f023467-1645375 f010479-1645464 f07998-1648368
Mar 30 02:27:03 Mpool pending 1, skipping + sleeping 30s
Mar 30 02:27:35 Mpool pending 1, skipping + sleeping 30s
Mar 30 02:28:06 Mpool pending 1, skipping + sleeping 30s
Mar 30 02:28:38 Mpool pending 1, skipping + sleeping 30s
Mar 30 02:29:09 Mpool pending 1, skipping + sleeping 30s
Mar 30 02:29:42 Mpool pending 1, skipping + sleeping 30s
Mar 30 02:30:14 Mpool pending 1, skipping + sleeping 30s
Mar 30 02:30:45 Mpool pending 1, skipping + sleeping 30s
Mar 30 02:31:17 Mpool pending 1, skipping + sleeping 30s
Mar 30 02:31:48 Mpool pending 1, skipping + sleeping 30s
Mar 30 02:32:20 Mpool pending 1, skipping + sleeping 30s
Mar 30 02:32:52 Mpool pending 1, skipping + sleeping 30s
Mar 30 02:33:24 Mpool pending 1, skipping + sleeping 30s
Mar 30 02:33:55 Mpool pending 1, skipping + sleeping 30s
Mar 30 02:34:40 Retrieving f019041 1648221 bafykbzacedqs6z3a56hasssv234ddhav7zgrlaukfnj6norlu4deptzsezn6g
Mar 30 02:34:40   % Total    % Received % Xferd  Average Speed   Time    Time     Time  Current
Mar 30 02:34:40                                  Dload  Upload   Total   Spent    Left  Speed
Mar 30 02:34:43   0     0    0     0    0     0      0      0 --:--:-- --:--:-- --:--:--     0100   177    0     0  100   177      0    147  0:00:01  0:00:01 --:--:--   147100   690  100   513  100   177    246     85  0:00:02  0:00:02 --:--:--   332100   690  100   513  100   177    246     85  0:00:02  0:00:02 --:--:--   332
Mar 30 02:34:43 {"jsonrpc":"2.0","result":{"Err":"retrieval query offer errored: get cid info: No state for /bafykbzacedqs6z3a56hasssv234ddhav7zgrlaukfnj6norlu4deptzsezn6g: datastore: key not found","Root":{"/":"bafykbzacedqs6z3a56hasssv234ddhav7zgrlaukfnj6norlu4deptzsezn6g"},"Piece":null,"Size":0,"MinPrice":"0","UnsealPrice":"0","PaymentInterval":1048576,"PaymentIntervalIncrease":1048576,"Miner":"f019039","MinerPeer":{"Address":"f019041","ID":"12D3KooWJCDVwifzmPY667ySn4B5hGGReR6up3HzhSs5YJQjvSVt","PieceCID":null}},"id":1}
Mar 30 02:34:44 ERROR: The received offer errored: retrieval query offer errored: get cid info: No state for /bafykbzacedqs6z3a56hasssv234ddhav7zgrlaukfnj6norlu4deptzsezn6g: datastore: key not found
Mar 30 02:34:44 
Mar 30 02:34:44 Command exited with non-zero status 1
Mar 30 02:34:44 0.34user 0.04system 0:01.64elapsed 23%CPU (0avgtext+0avgdata 72880maxresident)k
Mar 30 02:34:44 0inputs+0outputs (0major+11400minor)pagefaults 0swaps
Mar 30 02:34:45 f0421499: 23.308034025734658825 FIL (19G free)
Mar 30 02:34:45 Skipping ahead
Mar 30 02:34:45 
Mar 30 02:34:46 1 minimal_finality_stateroots_616300_2021-03-26_22-00-00.car.aa
Mar 30 02:34:46 f0145874-1639395 f023971-1638943 f0157535-1639420 f015927-1639425 f066596-1639456 f071624-1640606 f08403-1641409 f01234-1640777 f023467-1641041 f019551-1641211 f022352-1642427
Mar 30 02:34:47 Mpool pending 3, skipping + sleeping 30s
Mar 30 02:35:18 Mpool pending 3, skipping + sleeping 30s
Mar 30 02:35:48 Mpool pending 3, skipping + sleeping 30s
Mar 30 02:36:19 Mpool pending 3, skipping + sleeping 30s
Mar 30 02:36:51 Mpool pending 3, skipping + sleeping 30s
Mar 30 02:37:22 Mpool pending 3, skipping + sleeping 30s
Mar 30 02:37:53 Mpool pending 3, skipping + sleeping 30s
Mar 30 02:38:24 Mpool pending 3, skipping + sleeping 30s
Mar 30 02:38:55 Mpool pending 3, skipping + sleeping 30s
Mar 30 02:39:25 Mpool pending 3, skipping + sleeping 30s
Mar 30 02:40:06 Already have log for f022352 1642427 bafykbzacedoze6ckqa36rd7sxv7pcpjhugbbdnfssif2meiivcykvcvqup5h2
Mar 30 02:40:07 
Mar 30 02:40:08 0 minimal_finality_stateroots_616300_2021-03-26_22-00-00.car.ab
Mar 30 02:40:08 f08403-1639685 f022163-1639544 f014768-1639431 f01278-1639717 f01234-1639443 f071624-1639479 f022352-1639878 f099608-1640642 f01240-1640769 f0145874-1640738 f02576-1640964 f015927-1641099 f010479-1641179
Mar 30 02:40:09 Already have log for f08403 1639685 bafykbzacea5dewvdatvbxc2tmi26bomowduqhoi7ery4yqi3n6li32n4oe546
Mar 30 02:40:10 Mpool pending 1, skipping + sleeping 30s
Mar 30 02:40:50 Mpool pending 1, skipping + sleeping 30s
Mar 30 02:41:21 Already have log for f01278 1639717 bafykbzacea5dewvdatvbxc2tmi26bomowduqhoi7ery4yqi3n6li32n4oe546
Mar 30 02:41:34 Already have log for f01234 1639443 bafykbzacea5dewvdatvbxc2tmi26bomowduqhoi7ery4yqi3n6li32n4oe546
Mar 30 02:41:35 Already have log for f071624 1639479 bafykbzacea5dewvdatvbxc2tmi26bomowduqhoi7ery4yqi3n6li32n4oe546
Mar 30 02:41:37 Already have log for f022352 1639878 bafykbzacea5dewvdatvbxc2tmi26bomowduqhoi7ery4yqi3n6li32n4oe546
Mar 30 02:41:50 Already have log for f099608 1640642 bafykbzacea5dewvdatvbxc2tmi26bomowduqhoi7ery4yqi3n6li32n4oe546
Mar 30 02:41:52 Already have log for f01240 1640769 bafykbzacea5dewvdatvbxc2tmi26bomowduqhoi7ery4yqi3n6li32n4oe546
Mar 30 02:41:53 Mpool pending 1, skipping + sleeping 30s
Mar 30 02:42:23 Already have log for f02576 1640964 bafykbzacea5dewvdatvbxc2tmi26bomowduqhoi7ery4yqi3n6li32n4oe546
Mar 30 02:42:24 Already have log for f015927 1641099 bafykbzacea5dewvdatvbxc2tmi26bomowduqhoi7ery4yqi3n6li32n4oe546
Mar 30 02:42:26 Already have log for f010479 1641179 bafykbzacea5dewvdatvbxc2tmi26bomowduqhoi7ery4yqi3n6li32n4oe546
Mar 30 02:42:27 
Mar 30 02:42:28 0 minimal_finality_stateroots_620860_2021-03-28_12-00-00.car.aa
Mar 30 02:42:28 f0165400-1642717 f022163-1643006 f019551-1645067 f022352-1642861 f066596-1643069 f023467-1642894 f01234-1642981 f0145874-1642998 f071624-1645163 f010479-1645175 f08399-1645224 f08403-1645153 f015927-1645215 f014768-1645276 f09848-1645265 f07998-1645308 f058369-1645356 f022142-1645422 f02576-1645489 f01240-1648942
Mar 30 02:42:28 Mpool pending 1, skipping + sleeping 30s
Mar 30 02:42:58 Mpool pending 1, skipping + sleeping 30s
Mar 30 02:43:29 Already have log for f019551 1645067 bafykbzacebwfpdjhfkv4dckre5pdb6dbtn3drso5mdqbmbofexmrri6vt3py2
Mar 30 02:43:30 Already have log for f022352 1642861 bafykbzacebwfpdjhfkv4dckre5pdb6dbtn3drso5mdqbmbofexmrri6vt3py2
Mar 30 02:43:31 Already have log for f066596 1643069 bafykbzacebwfpdjhfkv4dckre5pdb6dbtn3drso5mdqbmbofexmrri6vt3py2
Mar 30 02:43:46 Already have log for f023467 1642894 bafykbzacebwfpdjhfkv4dckre5pdb6dbtn3drso5mdqbmbofexmrri6vt3py2
Mar 30 02:43:47 Already have log for f01234 1642981 bafykbzacebwfpdjhfkv4dckre5pdb6dbtn3drso5mdqbmbofexmrri6vt3py2
Mar 30 02:43:48 Already have log for f0145874 1642998 bafykbzacebwfpdjhfkv4dckre5pdb6dbtn3drso5mdqbmbofexmrri6vt3py2
Mar 30 02:43:49 Already have log for f071624 1645163 bafykbzacebwfpdjhfkv4dckre5pdb6dbtn3drso5mdqbmbofexmrri6vt3py2
Mar 30 02:43:51 Already have log for f010479 1645175 bafykbzacebwfpdjhfkv4dckre5pdb6dbtn3drso5mdqbmbofexmrri6vt3py2
Mar 30 02:43:52 Already have log for f08399 1645224 bafykbzacebwfpdjhfkv4dckre5pdb6dbtn3drso5mdqbmbofexmrri6vt3py2
Mar 30 02:43:53 Already have log for f08403 1645153 bafykbzacebwfpdjhfkv4dckre5pdb6dbtn3drso5mdqbmbofexmrri6vt3py2
Mar 30 02:43:55 Already have log for f015927 1645215 bafykbzacebwfpdjhfkv4dckre5pdb6dbtn3drso5mdqbmbofexmrri6vt3py2
Mar 30 02:43:56 Already have log for f014768 1645276 bafykbzacebwfpdjhfkv4dckre5pdb6dbtn3drso5mdqbmbofexmrri6vt3py2
Mar 30 02:43:57 Already have log for f09848 1645265 bafykbzacebwfpdjhfkv4dckre5pdb6dbtn3drso5mdqbmbofexmrri6vt3py2
Mar 30 02:43:58 Already have log for f07998 1645308 bafykbzacebwfpdjhfkv4dckre5pdb6dbtn3drso5mdqbmbofexmrri6vt3py2
Mar 30 02:44:00 Already have log for f058369 1645356 bafykbzacebwfpdjhfkv4dckre5pdb6dbtn3drso5mdqbmbofexmrri6vt3py2
Mar 30 02:44:01 Already have log for f022142 1645422 bafykbzacebwfpdjhfkv4dckre5pdb6dbtn3drso5mdqbmbofexmrri6vt3py2
Mar 30 02:44:02 Already have log for f02576 1645489 bafykbzacebwfpdjhfkv4dckre5pdb6dbtn3drso5mdqbmbofexmrri6vt3py2
Mar 30 02:44:04 Already have log for f01240 1648942 bafykbzacebwfpdjhfkv4dckre5pdb6dbtn3drso5mdqbmbofexmrri6vt3py2
Mar 30 02:44:05 
Mar 30 02:44:06 0 minimal_finality_stateroots_624460_2021-03-29_18-00-00.car.ab
Mar 30 02:44:06 f019362-1645426 f023467-1645376 f022142-1647798 f09848-1648932 f010479-1648931
Mar 30 02:44:17 Already have log for f019362 1645426 bafykbzaceazee5wr2xtg4gpmjeo65uawsjx5i7kpxlv6h75hinjfqc7sg72sa
Mar 30 02:44:19 Already have log for f023467 1645376 bafykbzaceazee5wr2xtg4gpmjeo65uawsjx5i7kpxlv6h75hinjfqc7sg72sa
Mar 30 02:44:20 Already have log for f022142 1647798 bafykbzaceazee5wr2xtg4gpmjeo65uawsjx5i7kpxlv6h75hinjfqc7sg72sa
Mar 30 02:44:21 Already have log for f09848 1648932 bafykbzaceazee5wr2xtg4gpmjeo65uawsjx5i7kpxlv6h75hinjfqc7sg72sa
Mar 30 02:44:23 Retrieving f010479 1648931 bafykbzaceazee5wr2xtg4gpmjeo65uawsjx5i7kpxlv6h75hinjfqc7sg72sa
Mar 30 02:44:23   % Total    % Received % Xferd  Average Speed   Time    Time     Time  Current
Mar 30 02:44:23                                  Dload  Upload   Total   Spent    Left  Speed
Mar 30 02:44:23   0     0    0     0    0     0      0      0 --:--:-- --:--:-- --:--:--     0100   562  100   385  100   177   2162    994 --:--:-- --:--:-- --:--:--  3157
Mar 30 02:44:23 {"jsonrpc":"2.0","result":{"Err":"","Root":{"/":"bafykbzaceazee5wr2xtg4gpmjeo65uawsjx5i7kpxlv6h75hinjfqc7sg72sa"},"Piece":null,"Size":34359738368,"MinPrice":"68719476736","UnsealPrice":"0","PaymentInterval":1048576,"PaymentIntervalIncrease":1048576,"Miner":"f08391","MinerPeer":{"Address":"f010479","ID":"12D3KooWHZeU9K4FQ5YYNavdnuajopXWZaH39xm3QkmPYvj48M91","PieceCID":null}},"id":1}
Mar 30 02:44:23 > Recv: 0 B, Paid 0 FIL, ClientEventOpen (DealStatusNew)
Mar 30 02:44:23 > Recv: 0 B, Paid 0 FIL, ClientEventDealProposed (DealStatusWaitForAcceptance)
Mar 30 02:44:23 > Recv: 0 B, Paid 0 FIL, ClientEventDealAccepted (DealStatusAccepted)
Mar 30 02:44:23 > Recv: 0 B, Paid 0 FIL, ClientEventPaymentChannelAddingFunds (DealStatusPaymentChannelAllocatingLane)
Mar 30 02:44:24 > Recv: 0 B, Paid 0 FIL, ClientEventLaneAllocated (DealStatusOngoing)
Mar 30 04:44:23 ERROR: retrieval timed out
Mar 30 04:44:23 
Mar 30 04:44:23 Command exited with non-zero status 124
Mar 30 04:44:23 3.60user 0.37system 2:00:00elapsed 0%CPU (0avgtext+0avgdata 70580maxresident)k
Mar 30 04:44:23 1040inputs+0outputs (100major+11892minor)pagefaults 0swaps
Mar 30 04:44:23 f0421499: 23.293832210218907393 FIL (11G free)
Mar 30 04:44:23 Skipping ahead
Mar 30 04:44:23 
Mar 30 04:44:24 1 minimal_finality_stateroots_624460_2021-03-29_18-00-00.car.aa
Mar 30 04:44:24 f019041-1648222 f08403-1645450 f09848-1645415 f066596-1645517 f099608-1648224 f022142-1647799 f058369-1648954
Mar 30 04:44:28 Already have log for f019041 1648222 bafykbzacecpfagbszu24mq4jynabqouymjp5m3waz3kw6ccqqziwwcjm732ry
Mar 30 04:44:34 Already have log for f08403 1645450 bafykbzacecpfagbszu24mq4jynabqouymjp5m3waz3kw6ccqqziwwcjm732ry
Mar 30 04:44:38 Already have log for f09848 1645415 bafykbzacecpfagbszu24mq4jynabqouymjp5m3waz3kw6ccqqziwwcjm732ry
Mar 30 04:44:43 Already have log for f066596 1645517 bafykbzacecpfagbszu24mq4jynabqouymjp5m3waz3kw6ccqqziwwcjm732ry
Mar 30 04:44:48 Already have log for f099608 1648224 bafykbzacecpfagbszu24mq4jynabqouymjp5m3waz3kw6ccqqziwwcjm732ry
Mar 30 04:44:53 Already have log for f022142 1647799 bafykbzacecpfagbszu24mq4jynabqouymjp5m3waz3kw6ccqqziwwcjm732ry
Mar 30 04:44:57 Already have log for f058369 1648954 bafykbzacecpfagbszu24mq4jynabqouymjp5m3waz3kw6ccqqziwwcjm732ry
Mar 30 04:44:58 
