Mar 29 23:43:18 1234
Mar 29 23:43:19 eyJhbGciOiJIUzI1NiIsInR5cCI6IkpXVCJ9.eyJBbGxvdyI6WyJyZWFkIiwid3JpdGUiLCJzaWduIiwiYWRtaW4iXX0.RzY4hBx900NTgTTAA7E-5suH8551qNnu4IWj05cheAs
Mar 29 23:43:19 Loading deals f0421499
Mar 29 23:43:19 f0421499 1 minimal_finality_stateroots_616300_2021-03-26_22-00-00.car.aa
Mar 29 23:43:19 f0421499 2 minimal_finality_stateroots_616300_2021-03-26_22-00-00.car.ab
Mar 29 23:43:20 f0421499 3 minimal_finality_stateroots_620860_2021-03-28_12-00-00.car.aa
Mar 29 23:43:20 f0421499 4 minimal_finality_stateroots_620860_2021-03-28_12-00-00.car.ab
Mar 29 23:43:20 f0421499 5 minimal_finality_stateroots_624460_2021-03-29_18-00-00.car.aa
Mar 29 23:43:20 f0421499 6 minimal_finality_stateroots_624460_2021-03-29_18-00-00.car.ab
Mar 29 23:43:20 1 minimal_finality_stateroots_624460_2021-03-29_18-00-00.car.aa
Mar 29 23:43:20 
Mar 29 23:43:20 
Mar 29 23:43:21 0 minimal_finality_stateroots_620860_2021-03-28_12-00-00.car.aa
Mar 29 23:43:21 f0165400-1642717 f022163-1643006 f019551-1645067 f022352-1642861 f066596-1643069 f023467-1642894 f01234-1642981 f0145874-1642998 f071624-1645163 f010479-1645175 f08399-1645224 f08403-1645153 f015927-1645215 f014768-1645276 f09848-1645265 f07998-1645308 f058369-1645356
Mar 29 23:43:22 Mpool pending 1, skipping + sleeping 30s
Mar 29 23:43:53 Mpool pending 1, skipping + sleeping 30s
Mar 29 23:44:24 Mpool pending 1, skipping + sleeping 30s
Mar 29 23:44:55 Mpool pending 1, skipping + sleeping 30s
Mar 29 23:45:26 Mpool pending 1, skipping + sleeping 30s
Mar 29 23:46:25 Mpool pending 1, skipping + sleeping 30s
Mar 29 23:46:56 Mpool pending 1, skipping + sleeping 30s
Mar 29 23:47:28 Mpool pending 1, skipping + sleeping 30s
Mar 29 23:47:59 Mpool pending 1, skipping + sleeping 30s
Mar 29 23:48:31 Mpool pending 1, skipping + sleeping 30s
Mar 29 23:49:03 Mpool pending 1, skipping + sleeping 30s
Mar 29 23:49:34 Mpool pending 1, skipping + sleeping 30s
Mar 29 23:50:09 Already have log for f015927 1645215 bafykbzacebwfpdjhfkv4dckre5pdb6dbtn3drso5mdqbmbofexmrri6vt3py2
Mar 29 23:50:11 Already have log for f014768 1645276 bafykbzacebwfpdjhfkv4dckre5pdb6dbtn3drso5mdqbmbofexmrri6vt3py2
Mar 29 23:50:13 Already have log for f09848 1645265 bafykbzacebwfpdjhfkv4dckre5pdb6dbtn3drso5mdqbmbofexmrri6vt3py2
Mar 29 23:50:16 Already have log for f07998 1645308 bafykbzacebwfpdjhfkv4dckre5pdb6dbtn3drso5mdqbmbofexmrri6vt3py2
Mar 29 23:50:19 Already have log for f058369 1645356 bafykbzacebwfpdjhfkv4dckre5pdb6dbtn3drso5mdqbmbofexmrri6vt3py2
Mar 29 23:50:20 
Mar 29 23:50:21 0 minimal_finality_stateroots_624460_2021-03-29_18-00-00.car.ab
Mar 29 23:50:21 f023467-1645376
Mar 29 23:50:22 Mpool pending 1, skipping + sleeping 30s
Mar 29 23:50:52 
Mar 29 23:50:53 0 minimal_finality_stateroots_620860_2021-03-28_12-00-00.car.ab
Mar 29 23:50:53 f071624-1643068 f09848-1642933 f022142-1645157 f058369-1645147 f019551-1645164 f01278-1645170 f0165400-1645269 f01234-1645250 f08399-1645225 f08403-1645178 f022352-1645318 f066596-1645275 f015927-1645310 f0145874-1645326 f014768-1645409 f023467-1645375
Mar 29 23:50:53 Mpool pending 1, skipping + sleeping 30s
Mar 29 23:51:24 Mpool pending 1, skipping + sleeping 30s
Mar 29 23:51:56 Mpool pending 1, skipping + sleeping 30s
Mar 29 23:52:28 Mpool pending 1, skipping + sleeping 30s
Mar 29 23:52:58 Mpool pending 1, skipping + sleeping 30s
Mar 29 23:53:30 Mpool pending 1, skipping + sleeping 30s
Mar 29 23:54:02 Mpool pending 1, skipping + sleeping 30s
Mar 29 23:54:33 Mpool pending 1, skipping + sleeping 30s
Mar 29 23:55:04 Mpool pending 1, skipping + sleeping 30s
Mar 29 23:55:35 Mpool pending 1, skipping + sleeping 30s
Mar 29 23:56:07 Mpool pending 1, skipping + sleeping 30s
Mar 29 23:56:45 Already have log for f066596 1645275 bafykbzacedqs6z3a56hasssv234ddhav7zgrlaukfnj6norlu4deptzsezn6g
Mar 29 23:56:47 Already have log for f015927 1645310 bafykbzacedqs6z3a56hasssv234ddhav7zgrlaukfnj6norlu4deptzsezn6g
Mar 29 23:56:50 Already have log for f0145874 1645326 bafykbzacedqs6z3a56hasssv234ddhav7zgrlaukfnj6norlu4deptzsezn6g
Mar 29 23:56:52 Already have log for f014768 1645409 bafykbzacedqs6z3a56hasssv234ddhav7zgrlaukfnj6norlu4deptzsezn6g
Mar 29 23:56:54 Retrieving f023467 1645375 bafykbzacedqs6z3a56hasssv234ddhav7zgrlaukfnj6norlu4deptzsezn6g
Mar 29 23:56:54   % Total    % Received % Xferd  Average Speed   Time    Time     Time  Current
Mar 29 23:56:54                                  Dload  Upload   Total   Spent    Left  Speed
Mar 29 23:56:54   0     0    0     0    0     0      0      0 --:--:-- --:--:-- --:--:--     0100   563  100   386  100   177   3216   1475 --:--:-- --:--:-- --:--:--  4691
Mar 29 23:56:55 {"jsonrpc":"2.0","result":{"Err":"","Root":{"/":"bafykbzacedqs6z3a56hasssv234ddhav7zgrlaukfnj6norlu4deptzsezn6g"},"Piece":null,"Size":34359738368,"MinPrice":"68719476736","UnsealPrice":"0","PaymentInterval":1048576,"PaymentIntervalIncrease":1048576,"Miner":"f023242","MinerPeer":{"Address":"f023467","ID":"12D3KooWMpuRzgVuRS6m285cucGgnXWwTnsNtGzjsMJeEqS7UtJw","PieceCID":null}},"id":1}
Mar 29 23:56:55 > Recv: 0 B, Paid 0 FIL, ClientEventOpen (DealStatusNew)
Mar 29 23:56:55 > Recv: 0 B, Paid 0 FIL, ClientEventDealProposed (DealStatusWaitForAcceptance)
Mar 29 23:56:55 > Recv: 0 B, Paid 0 FIL, ClientEventDealAccepted (DealStatusAccepted)
Mar 29 23:56:57 > Recv: 0 B, Paid 0 FIL, ClientEventPaymentChannelAddingFunds (DealStatusPaymentChannelAllocatingLane)
Mar 29 23:56:57 > Recv: 0 B, Paid 0 FIL, ClientEventLaneAllocated (DealStatusOngoing)
Mar 30 01:56:55 Success
Mar 30 01:56:55 Command exited with non-zero status 124
Mar 30 01:56:55 3.95user 0.47system 2:00:00elapsed 0%CPU (0avgtext+0avgdata 70860maxresident)k
Mar 30 01:56:55 33696inputs+0outputs (3586major+12580minor)pagefaults 0swaps
Mar 30 01:56:55 f0421499: 23.311372269204350478 FIL (33G free)
Mar 30 01:56:55 Skipping ahead
Mar 30 01:56:55 
Mar 30 01:56:56 1 minimal_finality_stateroots_616300_2021-03-26_22-00-00.car.aa
Mar 30 01:56:56 f0145874-1639395 f023971-1638943 f0157535-1639420 f015927-1639425 f066596-1639456 f071624-1640606 f08403-1641409 f01234-1640777 f023467-1641041 f019551-1641211 f022352-1642427
Mar 30 01:57:02 Mpool pending 1, skipping + sleeping 30s
Mar 30 01:57:38 Mpool pending 1, skipping + sleeping 30s
Mar 30 01:58:13 Mpool pending 1, skipping + sleeping 30s
Mar 30 01:58:50 Mpool pending 1, skipping + sleeping 30s
Mar 30 01:59:26 Mpool pending 1, skipping + sleeping 30s
Mar 30 02:00:02 Mpool pending 1, skipping + sleeping 30s
Mar 30 02:00:37 Mpool pending 1, skipping + sleeping 30s
Mar 30 02:01:12 Mpool pending 1, skipping + sleeping 30s
Mar 30 02:01:48 Mpool pending 1, skipping + sleeping 30s
Mar 30 02:02:23 Mpool pending 1, skipping + sleeping 30s
Mar 30 02:03:00 Mpool pending 1, skipping + sleeping 30s
Mar 30 02:03:30 
Mar 30 02:03:31 0 minimal_finality_stateroots_616300_2021-03-26_22-00-00.car.ab
Mar 30 02:03:31 f08403-1639685 f022163-1639544 f014768-1639431 f01278-1639717 f01234-1639443 f071624-1639479 f022352-1639878 f099608-1640642 f01240-1640769 f0145874-1640738 f02576-1640964 f015927-1641099 f010479-1641179
Mar 30 02:03:35 Mpool pending 1, skipping + sleeping 30s
Mar 30 02:04:11 Mpool pending 1, skipping + sleeping 30s
Mar 30 02:04:49 Mpool pending 1, skipping + sleeping 30s
Mar 30 02:05:26 Mpool pending 1, skipping + sleeping 30s
Mar 30 02:06:02 Mpool pending 1, skipping + sleeping 30s
Mar 30 02:06:38 Mpool pending 1, skipping + sleeping 30s
Mar 30 02:07:13 Mpool pending 1, skipping + sleeping 30s
Mar 30 02:07:50 Mpool pending 1, skipping + sleeping 30s
Mar 30 02:08:24 Mpool pending 1, skipping + sleeping 30s
Mar 30 02:09:00 Mpool pending 1, skipping + sleeping 30s
Mar 30 02:09:34 Mpool pending 1, skipping + sleeping 30s
Mar 30 02:10:08 Already have log for f015927 1641099 bafykbzacea5dewvdatvbxc2tmi26bomowduqhoi7ery4yqi3n6li32n4oe546
Mar 30 02:10:12 Already have log for f010479 1641179 bafykbzacea5dewvdatvbxc2tmi26bomowduqhoi7ery4yqi3n6li32n4oe546
Mar 30 02:10:13 
