Mar 30 11:42:15 1234
Mar 30 11:42:16 eyJhbGciOiJIUzI1NiIsInR5cCI6IkpXVCJ9.eyJBbGxvdyI6WyJyZWFkIiwid3JpdGUiLCJzaWduIiwiYWRtaW4iXX0.RzY4hBx900NTgTTAA7E-5suH8551qNnu4IWj05cheAs
Mar 30 11:42:16 Loading deals f0421499
Mar 30 11:42:17 f0421499 1 minimal_finality_stateroots_616300_2021-03-26_22-00-00.car.aa
Mar 30 11:42:17 f0421499 2 minimal_finality_stateroots_616300_2021-03-26_22-00-00.car.ab
Mar 30 11:42:17 f0421499 3 minimal_finality_stateroots_620860_2021-03-28_12-00-00.car.aa
Mar 30 11:42:17 f0421499 4 minimal_finality_stateroots_620860_2021-03-28_12-00-00.car.ab
Mar 30 11:42:17 f0421499 5 minimal_finality_stateroots_624460_2021-03-29_18-00-00.car.aa
Mar 30 11:42:17 f0421499 6 minimal_finality_stateroots_624460_2021-03-29_18-00-00.car.ab
Mar 30 11:42:17 1 minimal_finality_stateroots_616300_2021-03-26_22-00-00.car.aa
Mar 30 11:42:17 f0145874-1639395 f023971-1638943 f0157535-1639420 f015927-1639425 f066596-1639456 f071624-1640606 f08403-1641409 f01234-1640777 f023467-1641041 f019551-1641211 f022352-1642427
Mar 30 11:42:21 Already have log for f0145874 1639395 bafykbzacedoze6ckqa36rd7sxv7pcpjhugbbdnfssif2meiivcykvcvqup5h2
Mar 30 11:42:25 Already have log for f023971 1638943 bafykbzacedoze6ckqa36rd7sxv7pcpjhugbbdnfssif2meiivcykvcvqup5h2
Mar 30 11:42:30 Already have log for f0157535 1639420 bafykbzacedoze6ckqa36rd7sxv7pcpjhugbbdnfssif2meiivcykvcvqup5h2
Mar 30 11:42:35 Already have log for f015927 1639425 bafykbzacedoze6ckqa36rd7sxv7pcpjhugbbdnfssif2meiivcykvcvqup5h2
Mar 30 11:42:39 Already have log for f066596 1639456 bafykbzacedoze6ckqa36rd7sxv7pcpjhugbbdnfssif2meiivcykvcvqup5h2
Mar 30 11:42:44 Already have log for f071624 1640606 bafykbzacedoze6ckqa36rd7sxv7pcpjhugbbdnfssif2meiivcykvcvqup5h2
Mar 30 11:42:48 Already have log for f08403 1641409 bafykbzacedoze6ckqa36rd7sxv7pcpjhugbbdnfssif2meiivcykvcvqup5h2
Mar 30 11:42:52 Already have log for f01234 1640777 bafykbzacedoze6ckqa36rd7sxv7pcpjhugbbdnfssif2meiivcykvcvqup5h2
Mar 30 11:42:57 Already have log for f023467 1641041 bafykbzacedoze6ckqa36rd7sxv7pcpjhugbbdnfssif2meiivcykvcvqup5h2
Mar 30 11:43:02 Already have log for f019551 1641211 bafykbzacedoze6ckqa36rd7sxv7pcpjhugbbdnfssif2meiivcykvcvqup5h2
Mar 30 11:43:06 Already have log for f022352 1642427 bafykbzacedoze6ckqa36rd7sxv7pcpjhugbbdnfssif2meiivcykvcvqup5h2
Mar 30 11:43:07 
Mar 30 11:43:08 0 minimal_finality_stateroots_620860_2021-03-28_12-00-00.car.ab
Mar 30 11:43:08 f071624-1643068 f09848-1642933 f022142-1645157 f058369-1645147 f019551-1645164 f01278-1645170 f0165400-1645269 f099608-1648223 f01234-1645250 f01240-1648939 f08399-1645225 f08403-1645178 f022352-1645318 f066596-1645275 f019041-1648221 f015927-1645310 f0145874-1645326 f014768-1645409 f023467-1645375 f010479-1645464 f07998-1648368
Mar 30 11:43:12 Already have log for f071624 1643068 bafykbzacedqs6z3a56hasssv234ddhav7zgrlaukfnj6norlu4deptzsezn6g
Mar 30 11:43:16 Already have log for f09848 1642933 bafykbzacedqs6z3a56hasssv234ddhav7zgrlaukfnj6norlu4deptzsezn6g
Mar 30 11:43:20 Already have log for f022142 1645157 bafykbzacedqs6z3a56hasssv234ddhav7zgrlaukfnj6norlu4deptzsezn6g
Mar 30 11:43:25 Already have log for f058369 1645147 bafykbzacedqs6z3a56hasssv234ddhav7zgrlaukfnj6norlu4deptzsezn6g
Mar 30 11:43:29 Already have log for f019551 1645164 bafykbzacedqs6z3a56hasssv234ddhav7zgrlaukfnj6norlu4deptzsezn6g
Mar 30 11:43:34 Already have log for f01278 1645170 bafykbzacedqs6z3a56hasssv234ddhav7zgrlaukfnj6norlu4deptzsezn6g
Mar 30 11:43:38 Already have log for f0165400 1645269 bafykbzacedqs6z3a56hasssv234ddhav7zgrlaukfnj6norlu4deptzsezn6g
Mar 30 11:43:43 Already have log for f099608 1648223 bafykbzacedqs6z3a56hasssv234ddhav7zgrlaukfnj6norlu4deptzsezn6g
Mar 30 11:43:47 Already have log for f01234 1645250 bafykbzacedqs6z3a56hasssv234ddhav7zgrlaukfnj6norlu4deptzsezn6g
Mar 30 11:43:52 Already have log for f01240 1648939 bafykbzacedqs6z3a56hasssv234ddhav7zgrlaukfnj6norlu4deptzsezn6g
Mar 30 11:43:56 Already have log for f08399 1645225 bafykbzacedqs6z3a56hasssv234ddhav7zgrlaukfnj6norlu4deptzsezn6g
Mar 30 11:44:01 Already have log for f08403 1645178 bafykbzacedqs6z3a56hasssv234ddhav7zgrlaukfnj6norlu4deptzsezn6g
Mar 30 11:44:06 Already have log for f022352 1645318 bafykbzacedqs6z3a56hasssv234ddhav7zgrlaukfnj6norlu4deptzsezn6g
Mar 30 11:44:11 Already have log for f066596 1645275 bafykbzacedqs6z3a56hasssv234ddhav7zgrlaukfnj6norlu4deptzsezn6g
Mar 30 11:44:16 Already have log for f019041 1648221 bafykbzacedqs6z3a56hasssv234ddhav7zgrlaukfnj6norlu4deptzsezn6g
Mar 30 11:44:20 Already have log for f015927 1645310 bafykbzacedqs6z3a56hasssv234ddhav7zgrlaukfnj6norlu4deptzsezn6g
Mar 30 11:44:25 Already have log for f0145874 1645326 bafykbzacedqs6z3a56hasssv234ddhav7zgrlaukfnj6norlu4deptzsezn6g
Mar 30 11:44:30 Already have log for f014768 1645409 bafykbzacedqs6z3a56hasssv234ddhav7zgrlaukfnj6norlu4deptzsezn6g
Mar 30 11:44:35 Already have log for f023467 1645375 bafykbzacedqs6z3a56hasssv234ddhav7zgrlaukfnj6norlu4deptzsezn6g
Mar 30 11:44:39 Already have log for f010479 1645464 bafykbzacedqs6z3a56hasssv234ddhav7zgrlaukfnj6norlu4deptzsezn6g
Mar 30 11:44:44 Already have log for f07998 1648368 bafykbzacedqs6z3a56hasssv234ddhav7zgrlaukfnj6norlu4deptzsezn6g
Mar 30 11:44:45 
Mar 30 11:44:46 0 minimal_finality_stateroots_624460_2021-03-29_18-00-00.car.ab
Mar 30 11:44:46 f019362-1645426 f023467-1645376 f022142-1647798 f09848-1648932 f010479-1648931
Mar 30 11:44:49 Already have log for f019362 1645426 bafykbzaceazee5wr2xtg4gpmjeo65uawsjx5i7kpxlv6h75hinjfqc7sg72sa
Mar 30 11:44:53 Already have log for f023467 1645376 bafykbzaceazee5wr2xtg4gpmjeo65uawsjx5i7kpxlv6h75hinjfqc7sg72sa
Mar 30 11:44:58 Already have log for f022142 1647798 bafykbzaceazee5wr2xtg4gpmjeo65uawsjx5i7kpxlv6h75hinjfqc7sg72sa
Mar 30 11:45:03 Already have log for f09848 1648932 bafykbzaceazee5wr2xtg4gpmjeo65uawsjx5i7kpxlv6h75hinjfqc7sg72sa
Mar 30 11:45:07 Already have log for f010479 1648931 bafykbzaceazee5wr2xtg4gpmjeo65uawsjx5i7kpxlv6h75hinjfqc7sg72sa
Mar 30 11:45:08 
Mar 30 11:45:09 0 minimal_finality_stateroots_624460_2021-03-29_18-00-00.car.aa
Mar 30 11:45:09 f019041-1648222 f08403-1645450 f09848-1645415 f066596-1645517 f099608-1648224 f022142-1647799 f058369-1648954
Mar 30 11:45:13 Already have log for f019041 1648222 bafykbzacecpfagbszu24mq4jynabqouymjp5m3waz3kw6ccqqziwwcjm732ry
Mar 30 11:45:17 Already have log for f08403 1645450 bafykbzacecpfagbszu24mq4jynabqouymjp5m3waz3kw6ccqqziwwcjm732ry
Mar 30 11:45:22 Already have log for f09848 1645415 bafykbzacecpfagbszu24mq4jynabqouymjp5m3waz3kw6ccqqziwwcjm732ry
Mar 30 11:45:27 Already have log for f066596 1645517 bafykbzacecpfagbszu24mq4jynabqouymjp5m3waz3kw6ccqqziwwcjm732ry
Mar 30 11:45:31 Already have log for f099608 1648224 bafykbzacecpfagbszu24mq4jynabqouymjp5m3waz3kw6ccqqziwwcjm732ry
Mar 30 11:45:35 Already have log for f022142 1647799 bafykbzacecpfagbszu24mq4jynabqouymjp5m3waz3kw6ccqqziwwcjm732ry
Mar 30 11:45:40 Already have log for f058369 1648954 bafykbzacecpfagbszu24mq4jynabqouymjp5m3waz3kw6ccqqziwwcjm732ry
Mar 30 11:45:41 
Mar 30 11:45:42 0 minimal_finality_stateroots_616300_2021-03-26_22-00-00.car.ab
Mar 30 11:45:42 f08403-1639685 f022163-1639544 f014768-1639431 f01278-1639717 f01234-1639443 f071624-1639479 f022352-1639878 f099608-1640642 f01240-1640769 f0145874-1640738 f02576-1640964 f015927-1641099 f010479-1641179
Mar 30 11:45:46 Already have log for f08403 1639685 bafykbzacea5dewvdatvbxc2tmi26bomowduqhoi7ery4yqi3n6li32n4oe546
Mar 30 11:45:52 Already have log for f022163 1639544 bafykbzacea5dewvdatvbxc2tmi26bomowduqhoi7ery4yqi3n6li32n4oe546
Mar 30 11:45:56 Already have log for f014768 1639431 bafykbzacea5dewvdatvbxc2tmi26bomowduqhoi7ery4yqi3n6li32n4oe546
Mar 30 11:46:01 Already have log for f01278 1639717 bafykbzacea5dewvdatvbxc2tmi26bomowduqhoi7ery4yqi3n6li32n4oe546
Mar 30 11:46:05 Already have log for f01234 1639443 bafykbzacea5dewvdatvbxc2tmi26bomowduqhoi7ery4yqi3n6li32n4oe546
Mar 30 11:46:10 Already have log for f071624 1639479 bafykbzacea5dewvdatvbxc2tmi26bomowduqhoi7ery4yqi3n6li32n4oe546
Mar 30 11:46:15 Already have log for f022352 1639878 bafykbzacea5dewvdatvbxc2tmi26bomowduqhoi7ery4yqi3n6li32n4oe546
Mar 30 11:46:20 Already have log for f099608 1640642 bafykbzacea5dewvdatvbxc2tmi26bomowduqhoi7ery4yqi3n6li32n4oe546
Mar 30 11:46:24 Already have log for f01240 1640769 bafykbzacea5dewvdatvbxc2tmi26bomowduqhoi7ery4yqi3n6li32n4oe546
Mar 30 11:46:28 Already have log for f0145874 1640738 bafykbzacea5dewvdatvbxc2tmi26bomowduqhoi7ery4yqi3n6li32n4oe546
Mar 30 11:46:33 Already have log for f02576 1640964 bafykbzacea5dewvdatvbxc2tmi26bomowduqhoi7ery4yqi3n6li32n4oe546
Mar 30 11:46:38 Already have log for f015927 1641099 bafykbzacea5dewvdatvbxc2tmi26bomowduqhoi7ery4yqi3n6li32n4oe546
Mar 30 11:46:42 Already have log for f010479 1641179 bafykbzacea5dewvdatvbxc2tmi26bomowduqhoi7ery4yqi3n6li32n4oe546
Mar 30 11:46:43 
Mar 30 11:46:44 0 minimal_finality_stateroots_620860_2021-03-28_12-00-00.car.aa
Mar 30 11:46:44 f0165400-1642717 f022163-1643006 f019551-1645067 f022352-1642861 f066596-1643069 f023467-1642894 f01234-1642981 f0145874-1642998 f071624-1645163 f010479-1645175 f08399-1645224 f08403-1645153 f015927-1645215 f014768-1645276 f09848-1645265 f07998-1645308 f058369-1645356 f022142-1645422 f02576-1645489 f01240-1648942
Mar 30 11:46:48 Already have log for f0165400 1642717 bafykbzacebwfpdjhfkv4dckre5pdb6dbtn3drso5mdqbmbofexmrri6vt3py2
Mar 30 11:46:53 Already have log for f022163 1643006 bafykbzacebwfpdjhfkv4dckre5pdb6dbtn3drso5mdqbmbofexmrri6vt3py2
Mar 30 11:46:58 Already have log for f019551 1645067 bafykbzacebwfpdjhfkv4dckre5pdb6dbtn3drso5mdqbmbofexmrri6vt3py2
Mar 30 11:47:02 Already have log for f022352 1642861 bafykbzacebwfpdjhfkv4dckre5pdb6dbtn3drso5mdqbmbofexmrri6vt3py2
Mar 30 11:47:07 Already have log for f066596 1643069 bafykbzacebwfpdjhfkv4dckre5pdb6dbtn3drso5mdqbmbofexmrri6vt3py2
Mar 30 11:47:11 Already have log for f023467 1642894 bafykbzacebwfpdjhfkv4dckre5pdb6dbtn3drso5mdqbmbofexmrri6vt3py2
Mar 30 11:47:15 Already have log for f01234 1642981 bafykbzacebwfpdjhfkv4dckre5pdb6dbtn3drso5mdqbmbofexmrri6vt3py2
Mar 30 11:47:21 Already have log for f0145874 1642998 bafykbzacebwfpdjhfkv4dckre5pdb6dbtn3drso5mdqbmbofexmrri6vt3py2
Mar 30 11:47:25 Already have log for f071624 1645163 bafykbzacebwfpdjhfkv4dckre5pdb6dbtn3drso5mdqbmbofexmrri6vt3py2
Mar 30 11:47:29 Already have log for f010479 1645175 bafykbzacebwfpdjhfkv4dckre5pdb6dbtn3drso5mdqbmbofexmrri6vt3py2
Mar 30 11:47:34 Already have log for f08399 1645224 bafykbzacebwfpdjhfkv4dckre5pdb6dbtn3drso5mdqbmbofexmrri6vt3py2
Mar 30 11:47:39 Already have log for f08403 1645153 bafykbzacebwfpdjhfkv4dckre5pdb6dbtn3drso5mdqbmbofexmrri6vt3py2
Mar 30 11:47:44 Already have log for f015927 1645215 bafykbzacebwfpdjhfkv4dckre5pdb6dbtn3drso5mdqbmbofexmrri6vt3py2
Mar 30 11:47:48 Already have log for f014768 1645276 bafykbzacebwfpdjhfkv4dckre5pdb6dbtn3drso5mdqbmbofexmrri6vt3py2
Mar 30 11:47:53 Already have log for f09848 1645265 bafykbzacebwfpdjhfkv4dckre5pdb6dbtn3drso5mdqbmbofexmrri6vt3py2
Mar 30 11:47:58 Already have log for f07998 1645308 bafykbzacebwfpdjhfkv4dckre5pdb6dbtn3drso5mdqbmbofexmrri6vt3py2
Mar 30 11:48:04 Already have log for f058369 1645356 bafykbzacebwfpdjhfkv4dckre5pdb6dbtn3drso5mdqbmbofexmrri6vt3py2
Mar 30 11:48:09 Already have log for f022142 1645422 bafykbzacebwfpdjhfkv4dckre5pdb6dbtn3drso5mdqbmbofexmrri6vt3py2
Mar 30 11:48:14 Already have log for f02576 1645489 bafykbzacebwfpdjhfkv4dckre5pdb6dbtn3drso5mdqbmbofexmrri6vt3py2
Mar 30 11:48:18 Already have log for f01240 1648942 bafykbzacebwfpdjhfkv4dckre5pdb6dbtn3drso5mdqbmbofexmrri6vt3py2
Mar 30 11:48:19 
