Mar 30 02:50:59 1234
Mar 30 02:50:59 eyJhbGciOiJIUzI1NiIsInR5cCI6IkpXVCJ9.eyJBbGxvdyI6WyJyZWFkIiwid3JpdGUiLCJzaWduIiwiYWRtaW4iXX0.RzY4hBx900NTgTTAA7E-5suH8551qNnu4IWj05cheAs
Mar 30 02:50:59 Loading deals f0421499
Mar 30 02:50:59 f0421499 1 minimal_finality_stateroots_616300_2021-03-26_22-00-00.car.aa
Mar 30 02:50:59 f0421499 2 minimal_finality_stateroots_616300_2021-03-26_22-00-00.car.ab
Mar 30 02:50:59 f0421499 3 minimal_finality_stateroots_620860_2021-03-28_12-00-00.car.aa
Mar 30 02:50:59 f0421499 4 minimal_finality_stateroots_620860_2021-03-28_12-00-00.car.ab
Mar 30 02:50:59 f0421499 5 minimal_finality_stateroots_624460_2021-03-29_18-00-00.car.aa
Mar 30 02:50:59 f0421499 6 minimal_finality_stateroots_624460_2021-03-29_18-00-00.car.ab
Mar 30 02:50:59 1 minimal_finality_stateroots_620860_2021-03-28_12-00-00.car.aa
Mar 30 02:50:59 f0165400-1642717 f022163-1643006 f019551-1645067 f022352-1642861 f066596-1643069 f023467-1642894 f01234-1642981 f0145874-1642998 f071624-1645163 f010479-1645175 f08399-1645224 f08403-1645153 f015927-1645215 f014768-1645276 f09848-1645265 f07998-1645308 f058369-1645356 f022142-1645422 f02576-1645489 f01240-1648942
Mar 30 02:50:59 Already have log for f0165400 1642717 bafykbzacebwfpdjhfkv4dckre5pdb6dbtn3drso5mdqbmbofexmrri6vt3py2
Mar 30 02:51:01 Already have log for f022163 1643006 bafykbzacebwfpdjhfkv4dckre5pdb6dbtn3drso5mdqbmbofexmrri6vt3py2
Mar 30 02:51:02 Already have log for f019551 1645067 bafykbzacebwfpdjhfkv4dckre5pdb6dbtn3drso5mdqbmbofexmrri6vt3py2
Mar 30 02:51:04 Already have log for f022352 1642861 bafykbzacebwfpdjhfkv4dckre5pdb6dbtn3drso5mdqbmbofexmrri6vt3py2
Mar 30 02:51:05 Already have log for f066596 1643069 bafykbzacebwfpdjhfkv4dckre5pdb6dbtn3drso5mdqbmbofexmrri6vt3py2
Mar 30 02:51:06 Already have log for f023467 1642894 bafykbzacebwfpdjhfkv4dckre5pdb6dbtn3drso5mdqbmbofexmrri6vt3py2
Mar 30 02:51:08 Already have log for f01234 1642981 bafykbzacebwfpdjhfkv4dckre5pdb6dbtn3drso5mdqbmbofexmrri6vt3py2
Mar 30 02:51:09 Already have log for f0145874 1642998 bafykbzacebwfpdjhfkv4dckre5pdb6dbtn3drso5mdqbmbofexmrri6vt3py2
Mar 30 02:51:11 Already have log for f071624 1645163 bafykbzacebwfpdjhfkv4dckre5pdb6dbtn3drso5mdqbmbofexmrri6vt3py2
Mar 30 02:51:12 Already have log for f010479 1645175 bafykbzacebwfpdjhfkv4dckre5pdb6dbtn3drso5mdqbmbofexmrri6vt3py2
Mar 30 02:51:13 Already have log for f08399 1645224 bafykbzacebwfpdjhfkv4dckre5pdb6dbtn3drso5mdqbmbofexmrri6vt3py2
Mar 30 02:51:15 Already have log for f08403 1645153 bafykbzacebwfpdjhfkv4dckre5pdb6dbtn3drso5mdqbmbofexmrri6vt3py2
Mar 30 02:51:16 Already have log for f015927 1645215 bafykbzacebwfpdjhfkv4dckre5pdb6dbtn3drso5mdqbmbofexmrri6vt3py2
Mar 30 02:51:17 Already have log for f014768 1645276 bafykbzacebwfpdjhfkv4dckre5pdb6dbtn3drso5mdqbmbofexmrri6vt3py2
Mar 30 02:51:19 Already have log for f09848 1645265 bafykbzacebwfpdjhfkv4dckre5pdb6dbtn3drso5mdqbmbofexmrri6vt3py2
Mar 30 02:51:20 Already have log for f07998 1645308 bafykbzacebwfpdjhfkv4dckre5pdb6dbtn3drso5mdqbmbofexmrri6vt3py2
Mar 30 02:51:22 Already have log for f058369 1645356 bafykbzacebwfpdjhfkv4dckre5pdb6dbtn3drso5mdqbmbofexmrri6vt3py2
Mar 30 02:51:23 Already have log for f022142 1645422 bafykbzacebwfpdjhfkv4dckre5pdb6dbtn3drso5mdqbmbofexmrri6vt3py2
Mar 30 02:51:25 Already have log for f02576 1645489 bafykbzacebwfpdjhfkv4dckre5pdb6dbtn3drso5mdqbmbofexmrri6vt3py2
Mar 30 02:51:26 Already have log for f01240 1648942 bafykbzacebwfpdjhfkv4dckre5pdb6dbtn3drso5mdqbmbofexmrri6vt3py2
Mar 30 02:51:27 
Mar 30 02:51:28 0 minimal_finality_stateroots_624460_2021-03-29_18-00-00.car.aa
Mar 30 02:51:28 f019041-1648222 f08403-1645450 f09848-1645415 f066596-1645517 f099608-1648224 f022142-1647799 f058369-1648954
Mar 30 02:51:28 Retrieving f019041 1648222 bafykbzacecpfagbszu24mq4jynabqouymjp5m3waz3kw6ccqqziwwcjm732ry
Mar 30 02:51:28   % Total    % Received % Xferd  Average Speed   Time    Time     Time  Current
Mar 30 02:51:28                                  Dload  Upload   Total   Spent    Left  Speed
Mar 30 02:51:29   0     0    0     0    0     0      0      0 --:--:-- --:--:-- --:--:--     0100   690  100   513  100   177    919    317 --:--:-- --:--:-- --:--:--  1238
Mar 30 02:51:29 {"jsonrpc":"2.0","result":{"Err":"retrieval query offer errored: get cid info: No state for /bafykbzacecpfagbszu24mq4jynabqouymjp5m3waz3kw6ccqqziwwcjm732ry: datastore: key not found","Root":{"/":"bafykbzacecpfagbszu24mq4jynabqouymjp5m3waz3kw6ccqqziwwcjm732ry"},"Piece":null,"Size":0,"MinPrice":"0","UnsealPrice":"0","PaymentInterval":1048576,"PaymentIntervalIncrease":1048576,"Miner":"f019039","MinerPeer":{"Address":"f019041","ID":"12D3KooWJCDVwifzmPY667ySn4B5hGGReR6up3HzhSs5YJQjvSVt","PieceCID":null}},"id":1}
Mar 30 02:51:30 ERROR: The received offer errored: retrieval query offer errored: get cid info: No state for /bafykbzacecpfagbszu24mq4jynabqouymjp5m3waz3kw6ccqqziwwcjm732ry: datastore: key not found
Mar 30 02:51:30 
Mar 30 02:51:30 Command exited with non-zero status 1
Mar 30 02:51:30 0.31user 0.05system 0:00.85elapsed 42%CPU (0avgtext+0avgdata 71864maxresident)k
Mar 30 02:51:30 40inputs+0outputs (1major+11169minor)pagefaults 0swaps
Mar 30 02:51:30 f0421499: 23.293832210218907393 FIL (11G free)
Mar 30 02:51:30 Skipping ahead
Mar 30 02:51:30 
Mar 30 02:51:31 1 minimal_finality_stateroots_616300_2021-03-26_22-00-00.car.aa
Mar 30 02:51:31 f0145874-1639395 f023971-1638943 f0157535-1639420 f015927-1639425 f066596-1639456 f071624-1640606 f08403-1641409 f01234-1640777 f023467-1641041 f019551-1641211 f022352-1642427
Mar 30 02:51:31 Already have log for f0145874 1639395 bafykbzacedoze6ckqa36rd7sxv7pcpjhugbbdnfssif2meiivcykvcvqup5h2
Mar 30 02:51:33 Already have log for f023971 1638943 bafykbzacedoze6ckqa36rd7sxv7pcpjhugbbdnfssif2meiivcykvcvqup5h2
Mar 30 02:51:34 Already have log for f0157535 1639420 bafykbzacedoze6ckqa36rd7sxv7pcpjhugbbdnfssif2meiivcykvcvqup5h2
Mar 30 02:51:36 Already have log for f015927 1639425 bafykbzacedoze6ckqa36rd7sxv7pcpjhugbbdnfssif2meiivcykvcvqup5h2
Mar 30 02:51:37 Already have log for f066596 1639456 bafykbzacedoze6ckqa36rd7sxv7pcpjhugbbdnfssif2meiivcykvcvqup5h2
Mar 30 02:51:38 Already have log for f071624 1640606 bafykbzacedoze6ckqa36rd7sxv7pcpjhugbbdnfssif2meiivcykvcvqup5h2
Mar 30 02:51:40 Already have log for f08403 1641409 bafykbzacedoze6ckqa36rd7sxv7pcpjhugbbdnfssif2meiivcykvcvqup5h2
Mar 30 02:51:41 Already have log for f01234 1640777 bafykbzacedoze6ckqa36rd7sxv7pcpjhugbbdnfssif2meiivcykvcvqup5h2
Mar 30 02:51:43 Already have log for f023467 1641041 bafykbzacedoze6ckqa36rd7sxv7pcpjhugbbdnfssif2meiivcykvcvqup5h2
Mar 30 02:51:44 Already have log for f019551 1641211 bafykbzacedoze6ckqa36rd7sxv7pcpjhugbbdnfssif2meiivcykvcvqup5h2
Mar 30 02:51:46 Already have log for f022352 1642427 bafykbzacedoze6ckqa36rd7sxv7pcpjhugbbdnfssif2meiivcykvcvqup5h2
Mar 30 02:51:47 
Mar 30 02:51:48 0 minimal_finality_stateroots_620860_2021-03-28_12-00-00.car.ab
Mar 30 02:51:48 f071624-1643068 f09848-1642933 f022142-1645157 f058369-1645147 f019551-1645164 f01278-1645170 f0165400-1645269 f099608-1648223 f01234-1645250 f01240-1648939 f08399-1645225 f08403-1645178 f022352-1645318 f066596-1645275 f019041-1648221 f015927-1645310 f0145874-1645326 f014768-1645409 f023467-1645375 f010479-1645464 f07998-1648368
Mar 30 02:51:48 Already have log for f071624 1643068 bafykbzacedqs6z3a56hasssv234ddhav7zgrlaukfnj6norlu4deptzsezn6g
Mar 30 02:51:49 Already have log for f09848 1642933 bafykbzacedqs6z3a56hasssv234ddhav7zgrlaukfnj6norlu4deptzsezn6g
Mar 30 02:51:51 Already have log for f022142 1645157 bafykbzacedqs6z3a56hasssv234ddhav7zgrlaukfnj6norlu4deptzsezn6g
Mar 30 02:51:52 Already have log for f058369 1645147 bafykbzacedqs6z3a56hasssv234ddhav7zgrlaukfnj6norlu4deptzsezn6g
Mar 30 02:51:54 Already have log for f019551 1645164 bafykbzacedqs6z3a56hasssv234ddhav7zgrlaukfnj6norlu4deptzsezn6g
Mar 30 02:51:55 Already have log for f01278 1645170 bafykbzacedqs6z3a56hasssv234ddhav7zgrlaukfnj6norlu4deptzsezn6g
Mar 30 02:51:57 Already have log for f0165400 1645269 bafykbzacedqs6z3a56hasssv234ddhav7zgrlaukfnj6norlu4deptzsezn6g
Mar 30 02:51:58 Retrieving f099608 1648223 bafykbzacedqs6z3a56hasssv234ddhav7zgrlaukfnj6norlu4deptzsezn6g
Mar 30 02:51:58   % Total    % Received % Xferd  Average Speed   Time    Time     Time  Current
Mar 30 02:51:58                                  Dload  Upload   Total   Spent    Left  Speed
Mar 30 02:51:59   0     0    0     0    0     0      0      0 --:--:-- --:--:-- --:--:--     0100   563  100   386  100   177    455    208 --:--:-- --:--:-- --:--:--   663100   563  100   386  100   177    455    208 --:--:-- --:--:-- --:--:--   663
Mar 30 02:51:59 {"jsonrpc":"2.0","result":{"Err":"","Root":{"/":"bafykbzacedqs6z3a56hasssv234ddhav7zgrlaukfnj6norlu4deptzsezn6g"},"Piece":null,"Size":34359738368,"MinPrice":"68719476736","UnsealPrice":"0","PaymentInterval":1048576,"PaymentIntervalIncrease":1048576,"Miner":"f099600","MinerPeer":{"Address":"f099608","ID":"12D3KooWMF32Az9K6knsUwttFYUJ4qrArvDgg1bnAdUw3mt6eEZr","PieceCID":null}},"id":1}
Mar 30 02:51:59 > Recv: 0 B, Paid 0 FIL, ClientEventOpen (DealStatusNew)
Mar 30 02:51:59 ERROR: retrieval failed: Error setting up new store: write /home/ubuntu/.lotus/datastore/metadata/074403.log: no space left on device
Mar 30 02:51:59 
Mar 30 02:51:59 Command exited with non-zero status 1
Mar 30 02:51:59 0.31user 0.04system 0:00.27elapsed 128%CPU (0avgtext+0avgdata 72492maxresident)k
Mar 30 02:51:59 0inputs+0outputs (0major+11366minor)pagefaults 0swaps
Mar 30 02:52:00 f0421499: 23.293832210218907393 FIL (11G free)
Mar 30 02:52:00 Skipping ahead
Mar 30 02:52:00 
Mar 30 02:52:01 1 minimal_finality_stateroots_624460_2021-03-29_18-00-00.car.ab
Mar 30 02:52:01 f019362-1645426 f023467-1645376 f022142-1647798 f09848-1648932 f010479-1648931
Mar 30 02:52:01 Already have log for f019362 1645426 bafykbzaceazee5wr2xtg4gpmjeo65uawsjx5i7kpxlv6h75hinjfqc7sg72sa
Mar 30 02:52:03 Already have log for f023467 1645376 bafykbzaceazee5wr2xtg4gpmjeo65uawsjx5i7kpxlv6h75hinjfqc7sg72sa
Mar 30 02:52:04 Already have log for f022142 1647798 bafykbzaceazee5wr2xtg4gpmjeo65uawsjx5i7kpxlv6h75hinjfqc7sg72sa
Mar 30 02:52:06 Already have log for f09848 1648932 bafykbzaceazee5wr2xtg4gpmjeo65uawsjx5i7kpxlv6h75hinjfqc7sg72sa
Mar 30 02:52:07 Already have log for f010479 1648931 bafykbzaceazee5wr2xtg4gpmjeo65uawsjx5i7kpxlv6h75hinjfqc7sg72sa
Mar 30 02:52:08 
Mar 30 02:52:09 0 minimal_finality_stateroots_616300_2021-03-26_22-00-00.car.ab
Mar 30 02:52:09 f08403-1639685 f022163-1639544 f014768-1639431 f01278-1639717 f01234-1639443 f071624-1639479 f022352-1639878 f099608-1640642 f01240-1640769 f0145874-1640738 f02576-1640964 f015927-1641099 f010479-1641179
Mar 30 02:52:10 Already have log for f08403 1639685 bafykbzacea5dewvdatvbxc2tmi26bomowduqhoi7ery4yqi3n6li32n4oe546
Mar 30 02:52:11 Already have log for f022163 1639544 bafykbzacea5dewvdatvbxc2tmi26bomowduqhoi7ery4yqi3n6li32n4oe546
Mar 30 02:52:13 Already have log for f014768 1639431 bafykbzacea5dewvdatvbxc2tmi26bomowduqhoi7ery4yqi3n6li32n4oe546
Mar 30 02:52:14 Already have log for f01278 1639717 bafykbzacea5dewvdatvbxc2tmi26bomowduqhoi7ery4yqi3n6li32n4oe546
Mar 30 02:52:16 Already have log for f01234 1639443 bafykbzacea5dewvdatvbxc2tmi26bomowduqhoi7ery4yqi3n6li32n4oe546
Mar 30 02:52:17 Already have log for f071624 1639479 bafykbzacea5dewvdatvbxc2tmi26bomowduqhoi7ery4yqi3n6li32n4oe546
Mar 30 02:52:18 Already have log for f022352 1639878 bafykbzacea5dewvdatvbxc2tmi26bomowduqhoi7ery4yqi3n6li32n4oe546
Mar 30 02:52:20 Already have log for f099608 1640642 bafykbzacea5dewvdatvbxc2tmi26bomowduqhoi7ery4yqi3n6li32n4oe546
Mar 30 02:52:21 Already have log for f01240 1640769 bafykbzacea5dewvdatvbxc2tmi26bomowduqhoi7ery4yqi3n6li32n4oe546
Mar 30 02:52:23 Already have log for f0145874 1640738 bafykbzacea5dewvdatvbxc2tmi26bomowduqhoi7ery4yqi3n6li32n4oe546
Mar 30 02:52:25 Already have log for f02576 1640964 bafykbzacea5dewvdatvbxc2tmi26bomowduqhoi7ery4yqi3n6li32n4oe546
Mar 30 02:52:26 Already have log for f015927 1641099 bafykbzacea5dewvdatvbxc2tmi26bomowduqhoi7ery4yqi3n6li32n4oe546
Mar 30 02:52:28 Already have log for f010479 1641179 bafykbzacea5dewvdatvbxc2tmi26bomowduqhoi7ery4yqi3n6li32n4oe546
Mar 30 02:52:29 
