{"jsonrpc":"2.0","result":{"Err":"","Root":{"/":"bafykbzacebwfpdjhfkv4dckre5pdb6dbtn3drso5mdqbmbofexmrri6vt3py2"},"Piece":null,"Size":34359738368,"MinPrice":"68719476736","UnsealPrice":"0","PaymentInterval":1048576,"PaymentIntervalIncrease":1048576,"Miner":"f014754","MinerPeer":{"Address":"f014768","ID":"12D3KooWEFAhaG4kVzpxuoKXZxzbD47Qmwp98tzUYB8ho2BQnzeL","PieceCID":null}},"id":1}
Apr 05 11:39:41 > Recv: 0 B, Paid 0 FIL, ClientEventOpen (DealStatusNew)
Apr 05 11:39:41 > Recv: 0 B, Paid 0 FIL, ClientEventDealProposed (DealStatusWaitForAcceptance)
Apr 05 11:39:42 > Recv: 0 B, Paid 0 FIL, ClientEventDealAccepted (DealStatusAccepted)
Apr 05 11:39:42 > Recv: 0 B, Paid 0 FIL, ClientEventPaymentChannelAddingFunds (DealStatusPaymentChannelAddingInitialFunds)
Apr 05 11:43:00 > Recv: 0 B, Paid 0 FIL, ClientEventPaymentChannelReady (DealStatusPaymentChannelAllocatingLane)
Apr 05 11:43:00 > Recv: 0 B, Paid 0 FIL, ClientEventLaneAllocated (DealStatusOngoing)
Apr 05 11:45:06 > Recv: 962 B, Paid 0 FIL, ClientEventBlocksReceived (DealStatusOngoing)
Apr 05 11:45:06 > Recv: 52.95 KiB, Paid 0 FIL, ClientEventBlocksReceived (DealStatusOngoing)
Apr 05 11:45:11 > Recv: 52.95 KiB, Paid 0 FIL, ClientEventPaymentRequested (DealStatusFundsNeeded)
Apr 05 11:45:11 > Recv: 1.052 MiB, Paid 0 FIL, ClientEventBlocksReceived (DealStatusFundsNeeded)
Apr 05 11:45:11 > Recv: 1.052 MiB, Paid 0 FIL, ClientEventSendFunds (DealStatusSendFunds)
Apr 05 11:45:11 > Recv: 1.052 MiB, Paid 0.000000000002205594 FIL, ClientEventPaymentSent (DealStatusOngoing)
Apr 05 11:45:21 > Recv: 2.052 MiB, Paid 0.000000000002205594 FIL, ClientEventBlocksReceived (DealStatusOngoing)
Apr 05 11:45:21 > Recv: 2.052 MiB, Paid 0.000000000002205594 FIL, ClientEventPaymentRequested (DealStatusFundsNeeded)
Apr 05 11:45:21 > Recv: 2.052 MiB, Paid 0.000000000002205594 FIL, ClientEventSendFunds (DealStatusSendFunds)
Apr 05 11:45:21 > Recv: 2.052 MiB, Paid 0.000000000006399898 FIL, ClientEventPaymentSent (DealStatusOngoing)
Apr 05 11:45:34 > Recv: 4.052 MiB, Paid 0.000000000006399898 FIL, ClientEventBlocksReceived (DealStatusOngoing)
Apr 05 11:45:42 > Recv: 5.052 MiB, Paid 0.000000000006399898 FIL, ClientEventBlocksReceived (DealStatusOngoing)
Apr 05 11:45:46 > Recv: 5.052 MiB, Paid 0.000000000006399898 FIL, ClientEventPaymentRequested (DealStatusFundsNeeded)
Apr 05 11:45:46 > Recv: 5.052 MiB, Paid 0.000000000006399898 FIL, ClientEventSendFunds (DealStatusSendFunds)
Apr 05 11:45:46 > Recv: 5.052 MiB, Paid 0.000000000012691354 FIL, ClientEventPaymentSent (DealStatusOngoing)
Apr 05 11:46:00 > Recv: 7.052 MiB, Paid 0.000000000012691354 FIL, ClientEventBlocksReceived (DealStatusOngoing)
Apr 05 11:46:04 > Recv: 8.052 MiB, Paid 0.000000000012691354 FIL, ClientEventBlocksReceived (DealStatusOngoing)
Apr 05 11:46:10 > Recv: 9.052 MiB, Paid 0.000000000012691354 FIL, ClientEventBlocksReceived (DealStatusOngoing)
Apr 05 11:46:13 > Recv: 9.052 MiB, Paid 0.000000000012691354 FIL, ClientEventPaymentRequested (DealStatusFundsNeeded)
Apr 05 11:46:13 > Recv: 9.052 MiB, Paid 0.000000000012691354 FIL, ClientEventSendFunds (DealStatusSendFunds)
Apr 05 11:46:14 > Recv: 9.052 MiB, Paid 0.000000000021079962 FIL, ClientEventPaymentSent (DealStatusOngoing)
Apr 05 11:46:25 > Recv: 11.05 MiB, Paid 0.000000000021079962 FIL, ClientEventBlocksReceived (DealStatusOngoing)
Apr 05 11:46:28 > Recv: 12.05 MiB, Paid 0.000000000021079962 FIL, ClientEventBlocksReceived (DealStatusOngoing)
Apr 05 11:46:32 > Recv: 13.05 MiB, Paid 0.000000000021079962 FIL, ClientEventBlocksReceived (DealStatusOngoing)
Apr 05 11:46:38 > Recv: 14.05 MiB, Paid 0.000000000021079962 FIL, ClientEventBlocksReceived (DealStatusOngoing)
Apr 05 11:46:39 > Recv: 14.05 MiB, Paid 0.000000000021079962 FIL, ClientEventPaymentRequested (DealStatusFundsNeeded)
Apr 05 11:46:39 > Recv: 14.05 MiB, Paid 0.000000000021079962 FIL, ClientEventSendFunds (DealStatusSendFunds)
Apr 05 11:46:40 > Recv: 14.05 MiB, Paid 0.000000000031565722 FIL, ClientEventPaymentSent (DealStatusOngoing)
Apr 05 11:46:48 > Recv: 16.05 MiB, Paid 0.000000000031565722 FIL, ClientEventBlocksReceived (DealStatusOngoing)
Apr 05 11:46:52 > Recv: 17.05 MiB, Paid 0.000000000031565722 FIL, ClientEventBlocksReceived (DealStatusOngoing)
Apr 05 11:46:59 > Recv: 18.05 MiB, Paid 0.000000000031565722 FIL, ClientEventBlocksReceived (DealStatusOngoing)
Apr 05 11:47:02 > Recv: 19.05 MiB, Paid 0.000000000031565722 FIL, ClientEventBlocksReceived (DealStatusOngoing)
Apr 05 11:47:10 > Recv: 20.05 MiB, Paid 0.000000000031565722 FIL, ClientEventBlocksReceived (DealStatusOngoing)
Apr 05 11:47:15 > Recv: 20.05 MiB, Paid 0.000000000031565722 FIL, ClientEventPaymentRequested (DealStatusFundsNeeded)
Apr 05 11:47:15 > Recv: 20.05 MiB, Paid 0.000000000031565722 FIL, ClientEventSendFunds (DealStatusSendFunds)
Apr 05 11:47:16 > Recv: 20.05 MiB, Paid 0.000000000044148634 FIL, ClientEventPaymentSent (DealStatusOngoing)
Apr 05 11:47:29 > Recv: 22.05 MiB, Paid 0.000000000044148634 FIL, ClientEventBlocksReceived (DealStatusOngoing)
Apr 05 11:47:30 > Recv: 23.05 MiB, Paid 0.000000000044148634 FIL, ClientEventBlocksReceived (DealStatusOngoing)
Apr 05 11:47:38 > Recv: 24.05 MiB, Paid 0.000000000044148634 FIL, ClientEventBlocksReceived (DealStatusOngoing)
Apr 05 11:47:43 > Recv: 25.05 MiB, Paid 0.000000000044148634 FIL, ClientEventBlocksReceived (DealStatusOngoing)
Apr 05 11:47:45 > Recv: 26.05 MiB, Paid 0.000000000044148634 FIL, ClientEventBlocksReceived (DealStatusOngoing)
Apr 05 11:47:52 > Recv: 27.05 MiB, Paid 0.000000000044148634 FIL, ClientEventBlocksReceived (DealStatusOngoing)
Apr 05 11:47:57 > Recv: 27.05 MiB, Paid 0.000000000044148634 FIL, ClientEventPaymentRequested (DealStatusFundsNeeded)
Apr 05 11:47:57 > Recv: 27.05 MiB, Paid 0.000000000044148634 FIL, ClientEventSendFunds (DealStatusSendFunds)
Apr 05 11:47:57 > Recv: 27.05 MiB, Paid 0.000000000058828698 FIL, ClientEventPaymentSent (DealStatusOngoing)
Apr 05 11:48:12 > Recv: 29.05 MiB, Paid 0.000000000058828698 FIL, ClientEventBlocksReceived (DealStatusOngoing)
Apr 05 11:48:14 > Recv: 30.05 MiB, Paid 0.000000000058828698 FIL, ClientEventBlocksReceived (DealStatusOngoing)
Apr 05 11:48:21 > Recv: 31.05 MiB, Paid 0.000000000058828698 FIL, ClientEventBlocksReceived (DealStatusOngoing)
Apr 05 11:48:28 > Recv: 32.05 MiB, Paid 0.000000000058828698 FIL, ClientEventBlocksReceived (DealStatusOngoing)
Apr 05 11:48:33 > Recv: 33.05 MiB, Paid 0.000000000058828698 FIL, ClientEventBlocksReceived (DealStatusOngoing)
Apr 05 11:48:42 > Recv: 34.05 MiB, Paid 0.000000000058828698 FIL, ClientEventBlocksReceived (DealStatusOngoing)
Apr 05 11:48:44 > Recv: 35.05 MiB, Paid 0.000000000058828698 FIL, ClientEventBlocksReceived (DealStatusOngoing)
Apr 05 11:48:45 > Recv: 35.05 MiB, Paid 0.000000000058828698 FIL, ClientEventPaymentRequested (DealStatusFundsNeeded)
Apr 05 11:48:45 > Recv: 35.05 MiB, Paid 0.000000000058828698 FIL, ClientEventSendFunds (DealStatusSendFunds)
Apr 05 11:48:45 > Recv: 35.05 MiB, Paid 0.000000000075605914 FIL, ClientEventPaymentSent (DealStatusOngoing)
Apr 05 11:48:52 > Recv: 37.05 MiB, Paid 0.000000000075605914 FIL, ClientEventBlocksReceived (DealStatusOngoing)
Apr 05 11:48:57 > Recv: 38.05 MiB, Paid 0.000000000075605914 FIL, ClientEventBlocksReceived (DealStatusOngoing)
Apr 05 11:48:58 > Recv: 39.05 MiB, Paid 0.000000000075605914 FIL, ClientEventBlocksReceived (DealStatusOngoing)
Apr 05 11:49:00 > Recv: 40.05 MiB, Paid 0.000000000075605914 FIL, ClientEventBlocksReceived (DealStatusOngoing)
Apr 05 11:49:09 > Recv: 41.05 MiB, Paid 0.000000000075605914 FIL, ClientEventBlocksReceived (DealStatusOngoing)
Apr 05 11:49:17 > Recv: 42.05 MiB, Paid 0.000000000075605914 FIL, ClientEventBlocksReceived (DealStatusOngoing)
Apr 05 11:49:18 > Recv: 43.05 MiB, Paid 0.000000000075605914 FIL, ClientEventBlocksReceived (DealStatusOngoing)
Apr 05 11:49:18 > Recv: 44.05 MiB, Paid 0.000000000075605914 FIL, ClientEventBlocksReceived (DealStatusOngoing)
Apr 05 11:49:19 > Recv: 44.05 MiB, Paid 0.000000000075605914 FIL, ClientEventPaymentRequested (DealStatusFundsNeeded)
Apr 05 11:49:19 > Recv: 44.05 MiB, Paid 0.000000000075605914 FIL, ClientEventSendFunds (DealStatusSendFunds)
Apr 05 11:49:19 > Recv: 44.05 MiB, Paid 0.000000000094480282 FIL, ClientEventPaymentSent (DealStatusOngoing)
Apr 05 11:49:32 > Recv: 46.05 MiB, Paid 0.000000000094480282 FIL, ClientEventBlocksReceived (DealStatusOngoing)
Apr 05 11:49:34 > Recv: 47.05 MiB, Paid 0.000000000094480282 FIL, ClientEventBlocksReceived (DealStatusOngoing)
Apr 05 11:49:36 > Recv: 48.05 MiB, Paid 0.000000000094480282 FIL, ClientEventBlocksReceived (DealStatusOngoing)
Apr 05 11:49:42 > Recv: 49.05 MiB, Paid 0.000000000094480282 FIL, ClientEventBlocksReceived (DealStatusOngoing)
Apr 05 11:49:50 > Recv: 50.05 MiB, Paid 0.000000000094480282 FIL, ClientEventBlocksReceived (DealStatusOngoing)
Apr 05 11:49:53 > Recv: 51.05 MiB, Paid 0.000000000094480282 FIL, ClientEventBlocksReceived (DealStatusOngoing)
Apr 05 11:49:53 > Recv: 52.05 MiB, Paid 0.000000000094480282 FIL, ClientEventBlocksReceived (DealStatusOngoing)
Apr 05 11:49:57 > Recv: 53.05 MiB, Paid 0.000000000094480282 FIL, ClientEventBlocksReceived (DealStatusOngoing)
Apr 05 11:50:07 > Recv: 54.05 MiB, Paid 0.000000000094480282 FIL, ClientEventBlocksReceived (DealStatusOngoing)
Apr 05 11:50:09 > Recv: 54.05 MiB, Paid 0.000000000094480282 FIL, ClientEventPaymentRequested (DealStatusFundsNeeded)
Apr 05 11:50:09 > Recv: 54.05 MiB, Paid 0.000000000094480282 FIL, ClientEventSendFunds (DealStatusSendFunds)
Apr 05 11:50:09 > Recv: 54.05 MiB, Paid 0.000000000115451802 FIL, ClientEventPaymentSent (DealStatusOngoing)
Apr 05 11:50:25 > Recv: 56.05 MiB, Paid 0.000000000115451802 FIL, ClientEventBlocksReceived (DealStatusOngoing)
Apr 05 11:50:27 > Recv: 57.05 MiB, Paid 0.000000000115451802 FIL, ClientEventBlocksReceived (DealStatusOngoing)
Apr 05 11:50:36 > Recv: 58.05 MiB, Paid 0.000000000115451802 FIL, ClientEventBlocksReceived (DealStatusOngoing)
Apr 05 11:50:45 > Recv: 59.05 MiB, Paid 0.000000000115451802 FIL, ClientEventBlocksReceived (DealStatusOngoing)
Apr 05 11:50:47 > Recv: 60.05 MiB, Paid 0.000000000115451802 FIL, ClientEventBlocksReceived (DealStatusOngoing)
Apr 05 11:50:48 > Recv: 61.05 MiB, Paid 0.000000000115451802 FIL, ClientEventBlocksReceived (DealStatusOngoing)
Apr 05 11:50:48 > Recv: 62.05 MiB, Paid 0.000000000115451802 FIL, ClientEventBlocksReceived (DealStatusOngoing)
Apr 05 11:50:50 > Recv: 63.05 MiB, Paid 0.000000000115451802 FIL, ClientEventBlocksReceived (DealStatusOngoing)
Apr 05 11:50:51 > Recv: 64.05 MiB, Paid 0.000000000115451802 FIL, ClientEventBlocksReceived (DealStatusOngoing)
Apr 05 11:50:55 > Recv: 65.05 MiB, Paid 0.000000000115451802 FIL, ClientEventBlocksReceived (DealStatusOngoing)
Apr 05 11:51:00 > Recv: 65.05 MiB, Paid 0.000000000115451802 FIL, ClientEventPaymentRequested (DealStatusFundsNeeded)
Apr 05 11:51:00 > Recv: 65.05 MiB, Paid 0.000000000115451802 FIL, ClientEventSendFunds (DealStatusSendFunds)
Apr 05 11:51:00 > Recv: 65.05 MiB, Paid 0.000000000138520474 FIL, ClientEventPaymentSent (DealStatusOngoing)
Apr 05 11:51:07 > Recv: 67.05 MiB, Paid 0.000000000138520474 FIL, ClientEventBlocksReceived (DealStatusOngoing)
Apr 05 11:51:15 > Recv: 68.05 MiB, Paid 0.000000000138520474 FIL, ClientEventBlocksReceived (DealStatusOngoing)
Apr 05 11:51:25 > Recv: 69.05 MiB, Paid 0.000000000138520474 FIL, ClientEventBlocksReceived (DealStatusOngoing)
Apr 05 11:51:25 > Recv: 70.05 MiB, Paid 0.000000000138520474 FIL, ClientEventBlocksReceived (DealStatusOngoing)
Apr 05 11:51:26 > Recv: 71.05 MiB, Paid 0.000000000138520474 FIL, ClientEventBlocksReceived (DealStatusOngoing)
Apr 05 11:51:27 > Recv: 72.05 MiB, Paid 0.000000000138520474 FIL, ClientEventBlocksReceived (DealStatusOngoing)
Apr 05 11:51:37 > Recv: 73.05 MiB, Paid 0.000000000138520474 FIL, ClientEventBlocksReceived (DealStatusOngoing)
Apr 05 11:51:46 > Recv: 74.05 MiB, Paid 0.000000000138520474 FIL, ClientEventBlocksReceived (DealStatusOngoing)
Apr 05 11:51:47 > Recv: 75.05 MiB, Paid 0.000000000138520474 FIL, ClientEventBlocksReceived (DealStatusOngoing)
Apr 05 11:51:47 > Recv: 76.05 MiB, Paid 0.000000000138520474 FIL, ClientEventBlocksReceived (DealStatusOngoing)
Apr 05 11:51:48 > Recv: 77.05 MiB, Paid 0.000000000138520474 FIL, ClientEventBlocksReceived (DealStatusOngoing)
Apr 05 11:51:48 > Recv: 77.05 MiB, Paid 0.000000000138520474 FIL, ClientEventPaymentRequested (DealStatusFundsNeeded)
Apr 05 11:51:48 > Recv: 77.05 MiB, Paid 0.000000000138520474 FIL, ClientEventSendFunds (DealStatusSendFunds)
Apr 05 11:51:48 > Recv: 77.05 MiB, Paid 0.000000000163686298 FIL, ClientEventPaymentSent (DealStatusOngoing)
Apr 05 11:52:04 > Recv: 79.05 MiB, Paid 0.000000000163686298 FIL, ClientEventBlocksReceived (DealStatusOngoing)
Apr 05 11:52:08 > Recv: 80.05 MiB, Paid 0.000000000163686298 FIL, ClientEventBlocksReceived (DealStatusOngoing)
Apr 05 11:52:10 > Recv: 81.05 MiB, Paid 0.000000000163686298 FIL, ClientEventBlocksReceived (DealStatusOngoing)
Apr 05 11:52:26 > Recv: 82.05 MiB, Paid 0.000000000163686298 FIL, ClientEventBlocksReceived (DealStatusOngoing)
Apr 05 11:52:29 > Recv: 83.05 MiB, Paid 0.000000000163686298 FIL, ClientEventBlocksReceived (DealStatusOngoing)
Apr 05 11:52:32 > Recv: 84.05 MiB, Paid 0.000000000163686298 FIL, ClientEventBlocksReceived (DealStatusOngoing)
Apr 05 11:52:32 > Recv: 85.05 MiB, Paid 0.000000000163686298 FIL, ClientEventBlocksReceived (DealStatusOngoing)
Apr 05 11:52:34 > Recv: 86.05 MiB, Paid 0.000000000163686298 FIL, ClientEventBlocksReceived (DealStatusOngoing)
Apr 05 11:52:36 > Recv: 87.05 MiB, Paid 0.000000000163686298 FIL, ClientEventBlocksReceived (DealStatusOngoing)
Apr 05 11:52:40 > Recv: 88.05 MiB, Paid 0.000000000163686298 FIL, ClientEventBlocksReceived (DealStatusOngoing)
Apr 05 11:52:45 > Recv: 89.05 MiB, Paid 0.000000000163686298 FIL, ClientEventBlocksReceived (DealStatusOngoing)
Apr 05 11:52:50 > Recv: 90.05 MiB, Paid 0.000000000163686298 FIL, ClientEventBlocksReceived (DealStatusOngoing)
Apr 05 11:52:55 > Recv: 90.05 MiB, Paid 0.000000000163686298 FIL, ClientEventPaymentRequested (DealStatusFundsNeeded)
Apr 05 11:52:55 > Recv: 90.05 MiB, Paid 0.000000000163686298 FIL, ClientEventSendFunds (DealStatusSendFunds)
Apr 05 11:52:55 > Recv: 90.05 MiB, Paid 0.000000000190949274 FIL, ClientEventPaymentSent (DealStatusOngoing)
Apr 05 11:53:09 > Recv: 92.05 MiB, Paid 0.000000000190949274 FIL, ClientEventBlocksReceived (DealStatusOngoing)
Apr 05 11:53:19 > Recv: 93.05 MiB, Paid 0.000000000190949274 FIL, ClientEventBlocksReceived (DealStatusOngoing)
Apr 05 11:53:20 > Recv: 94.05 MiB, Paid 0.000000000190949274 FIL, ClientEventBlocksReceived (DealStatusOngoing)
Apr 05 11:53:20 > Recv: 95.05 MiB, Paid 0.000000000190949274 FIL, ClientEventBlocksReceived (DealStatusOngoing)
Apr 05 11:53:20 > Recv: 96.05 MiB, Paid 0.000000000190949274 FIL, ClientEventBlocksReceived (DealStatusOngoing)
Apr 05 11:53:20 > Recv: 97.05 MiB, Paid 0.000000000190949274 FIL, ClientEventBlocksReceived (DealStatusOngoing)
Apr 05 11:53:20 > Recv: 98.05 MiB, Paid 0.000000000190949274 FIL, ClientEventBlocksReceived (DealStatusOngoing)
Apr 05 11:53:21 > Recv: 99.05 MiB, Paid 0.000000000190949274 FIL, ClientEventBlocksReceived (DealStatusOngoing)
Apr 05 11:53:22 > Recv: 100.1 MiB, Paid 0.000000000190949274 FIL, ClientEventBlocksReceived (DealStatusOngoing)
Apr 05 11:53:26 > Recv: 101.1 MiB, Paid 0.000000000190949274 FIL, ClientEventBlocksReceived (DealStatusOngoing)
Apr 05 11:53:34 > Recv: 102.1 MiB, Paid 0.000000000190949274 FIL, ClientEventBlocksReceived (DealStatusOngoing)
Apr 05 11:53:41 > Recv: 103.1 MiB, Paid 0.000000000190949274 FIL, ClientEventBlocksReceived (DealStatusOngoing)
Apr 05 11:53:43 > Recv: 104.1 MiB, Paid 0.000000000190949274 FIL, ClientEventBlocksReceived (DealStatusOngoing)
Apr 05 11:53:44 > Recv: 104.1 MiB, Paid 0.000000000190949274 FIL, ClientEventPaymentRequested (DealStatusFundsNeeded)
Apr 05 11:53:44 > Recv: 104.1 MiB, Paid 0.000000000190949274 FIL, ClientEventSendFunds (DealStatusSendFunds)
Apr 05 11:53:44 > Recv: 104.1 MiB, Paid 0.000000000220309402 FIL, ClientEventPaymentSent (DealStatusOngoing)
Apr 05 11:53:59 > Recv: 106.1 MiB, Paid 0.000000000220309402 FIL, ClientEventBlocksReceived (DealStatusOngoing)
Apr 05 11:54:07 > Recv: 107.1 MiB, Paid 0.000000000220309402 FIL, ClientEventBlocksReceived (DealStatusOngoing)
Apr 05 11:54:09 > Recv: 108.1 MiB, Paid 0.000000000220309402 FIL, ClientEventBlocksReceived (DealStatusOngoing)
Apr 05 11:54:10 > Recv: 109.1 MiB, Paid 0.000000000220309402 FIL, ClientEventBlocksReceived (DealStatusOngoing)
Apr 05 11:54:11 > Recv: 110.1 MiB, Paid 0.000000000220309402 FIL, ClientEventBlocksReceived (DealStatusOngoing)
Apr 05 11:54:11 > Recv: 111.1 MiB, Paid 0.000000000220309402 FIL, ClientEventBlocksReceived (DealStatusOngoing)
Apr 05 11:54:11 > Recv: 112.1 MiB, Paid 0.000000000220309402 FIL, ClientEventBlocksReceived (DealStatusOngoing)
Apr 05 11:54:11 > Recv: 113.1 MiB, Paid 0.000000000220309402 FIL, ClientEventBlocksReceived (DealStatusOngoing)
Apr 05 11:54:11 > Recv: 114.1 MiB, Paid 0.000000000220309402 FIL, ClientEventBlocksReceived (DealStatusOngoing)
Apr 05 11:54:12 > Recv: 115.1 MiB, Paid 0.000000000220309402 FIL, ClientEventBlocksReceived (DealStatusOngoing)
Apr 05 11:54:13 > Recv: 116.1 MiB, Paid 0.000000000220309402 FIL, ClientEventBlocksReceived (DealStatusOngoing)
Apr 05 11:54:19 > Recv: 117.1 MiB, Paid 0.000000000220309402 FIL, ClientEventBlocksReceived (DealStatusOngoing)
Apr 05 11:54:31 > Recv: 118.1 MiB, Paid 0.000000000220309402 FIL, ClientEventBlocksReceived (DealStatusOngoing)
Apr 05 11:54:33 > Recv: 119.1 MiB, Paid 0.000000000220309402 FIL, ClientEventBlocksReceived (DealStatusOngoing)
Apr 05 11:54:34 > Recv: 119.1 MiB, Paid 0.000000000220309402 FIL, ClientEventPaymentRequested (DealStatusFundsNeeded)
Apr 05 11:54:34 > Recv: 119.1 MiB, Paid 0.000000000220309402 FIL, ClientEventSendFunds (DealStatusSendFunds)
Apr 05 11:54:34 > Recv: 119.1 MiB, Paid 0.000000000251766682 FIL, ClientEventPaymentSent (DealStatusOngoing)
Apr 05 11:54:56 > Recv: 121.1 MiB, Paid 0.000000000251766682 FIL, ClientEventBlocksReceived (DealStatusOngoing)
Apr 05 11:54:58 > Recv: 122.1 MiB, Paid 0.000000000251766682 FIL, ClientEventBlocksReceived (DealStatusOngoing)
Apr 05 11:55:02 > Recv: 123.1 MiB, Paid 0.000000000251766682 FIL, ClientEventBlocksReceived (DealStatusOngoing)
Apr 05 11:55:02 > Recv: 124.1 MiB, Paid 0.000000000251766682 FIL, ClientEventBlocksReceived (DealStatusOngoing)
Apr 05 11:55:03 > Recv: 125.1 MiB, Paid 0.000000000251766682 FIL, ClientEventBlocksReceived (DealStatusOngoing)
Apr 05 11:55:04 > Recv: 126.1 MiB, Paid 0.000000000251766682 FIL, ClientEventBlocksReceived (DealStatusOngoing)
Apr 05 11:55:08 > Recv: 127.1 MiB, Paid 0.000000000251766682 FIL, ClientEventBlocksReceived (DealStatusOngoing)
Apr 05 11:55:14 > Recv: 128.1 MiB, Paid 0.000000000251766682 FIL, ClientEventBlocksReceived (DealStatusOngoing)
Apr 05 11:55:21 > Recv: 129.1 MiB, Paid 0.000000000251766682 FIL, ClientEventBlocksReceived (DealStatusOngoing)
Apr 05 11:55:21 > Recv: 130.1 MiB, Paid 0.000000000251766682 FIL, ClientEventBlocksReceived (DealStatusOngoing)
Apr 05 11:55:22 > Recv: 131.1 MiB, Paid 0.000000000251766682 FIL, ClientEventBlocksReceived (DealStatusOngoing)
Apr 05 11:55:24 > Recv: 132.1 MiB, Paid 0.000000000251766682 FIL, ClientEventBlocksReceived (DealStatusOngoing)
Apr 05 11:55:25 > Recv: 133.1 MiB, Paid 0.000000000251766682 FIL, ClientEventBlocksReceived (DealStatusOngoing)
Apr 05 11:55:26 > Recv: 134.1 MiB, Paid 0.000000000251766682 FIL, ClientEventBlocksReceived (DealStatusOngoing)
Apr 05 11:55:26 > Recv: 135.1 MiB, Paid 0.000000000251766682 FIL, ClientEventBlocksReceived (DealStatusOngoing)
Apr 05 11:55:35 > Recv: 135.1 MiB, Paid 0.000000000251766682 FIL, ClientEventPaymentRequested (DealStatusFundsNeeded)
Apr 05 11:55:35 > Recv: 135.1 MiB, Paid 0.000000000251766682 FIL, ClientEventSendFunds (DealStatusSendFunds)
Apr 05 11:55:35 > Recv: 135.1 MiB, Paid 0.000000000285321114 FIL, ClientEventPaymentSent (DealStatusOngoing)
Apr 05 11:55:35 > Recv: 136.1 MiB, Paid 0.000000000285321114 FIL, ClientEventBlocksReceived (DealStatusOngoing)
Apr 05 11:55:46 > Recv: 137.1 MiB, Paid 0.000000000285321114 FIL, ClientEventBlocksReceived (DealStatusOngoing)
Apr 05 11:55:46 > Recv: 138.1 MiB, Paid 0.000000000285321114 FIL, ClientEventBlocksReceived (DealStatusOngoing)
Apr 05 11:55:50 > Recv: 139.1 MiB, Paid 0.000000000285321114 FIL, ClientEventBlocksReceived (DealStatusOngoing)
Apr 05 11:55:56 > Recv: 140.1 MiB, Paid 0.000000000285321114 FIL, ClientEventBlocksReceived (DealStatusOngoing)
Apr 05 11:56:04 > Recv: 141.1 MiB, Paid 0.000000000285321114 FIL, ClientEventBlocksReceived (DealStatusOngoing)
Apr 05 11:56:05 > Recv: 142.1 MiB, Paid 0.000000000285321114 FIL, ClientEventBlocksReceived (DealStatusOngoing)
Apr 05 11:56:05 > Recv: 143.1 MiB, Paid 0.000000000285321114 FIL, ClientEventBlocksReceived (DealStatusOngoing)
Apr 05 11:56:06 > Recv: 144.1 MiB, Paid 0.000000000285321114 FIL, ClientEventBlocksReceived (DealStatusOngoing)
Apr 05 11:56:06 > Recv: 145.1 MiB, Paid 0.000000000285321114 FIL, ClientEventBlocksReceived (DealStatusOngoing)
Apr 05 11:56:07 > Recv: 146.1 MiB, Paid 0.000000000285321114 FIL, ClientEventBlocksReceived (DealStatusOngoing)
Apr 05 11:56:08 > Recv: 147.1 MiB, Paid 0.000000000285321114 FIL, ClientEventBlocksReceived (DealStatusOngoing)
Apr 05 11:56:14 > Recv: 148.1 MiB, Paid 0.000000000285321114 FIL, ClientEventBlocksReceived (DealStatusOngoing)
Apr 05 11:56:22 > Recv: 149.1 MiB, Paid 0.000000000285321114 FIL, ClientEventBlocksReceived (DealStatusOngoing)
Apr 05 11:56:26 > Recv: 150.1 MiB, Paid 0.000000000285321114 FIL, ClientEventBlocksReceived (DealStatusOngoing)
Apr 05 11:56:27 > Recv: 151.1 MiB, Paid 0.000000000285321114 FIL, ClientEventBlocksReceived (DealStatusOngoing)
Apr 05 11:56:28 > Recv: 152.1 MiB, Paid 0.000000000285321114 FIL, ClientEventBlocksReceived (DealStatusOngoing)
Apr 05 11:56:28 > Recv: 152.1 MiB, Paid 0.000000000285321114 FIL, ClientEventPaymentRequested (DealStatusFundsNeeded)
Apr 05 11:56:28 > Recv: 152.1 MiB, Paid 0.000000000285321114 FIL, ClientEventSendFunds (DealStatusSendFunds)
Apr 05 11:56:29 > Recv: 152.1 MiB, Paid 0.000000000320972698 FIL, ClientEventPaymentSent (DealStatusOngoing)
Apr 05 11:56:48 > Recv: 154.1 MiB, Paid 0.000000000320972698 FIL, ClientEventBlocksReceived (DealStatusOngoing)
Apr 05 11:56:49 > Recv: 155.1 MiB, Paid 0.000000000320972698 FIL, ClientEventBlocksReceived (DealStatusOngoing)
Apr 05 11:56:50 > Recv: 156.1 MiB, Paid 0.000000000320972698 FIL, ClientEventBlocksReceived (DealStatusOngoing)
Apr 05 11:56:51 > Recv: 157.1 MiB, Paid 0.000000000320972698 FIL, ClientEventBlocksReceived (DealStatusOngoing)
Apr 05 11:56:51 > Recv: 158.1 MiB, Paid 0.000000000320972698 FIL, ClientEventBlocksReceived (DealStatusOngoing)
Apr 05 11:56:55 > Recv: 159.1 MiB, Paid 0.000000000320972698 FIL, ClientEventBlocksReceived (DealStatusOngoing)
Apr 05 11:57:08 > Recv: 160.1 MiB, Paid 0.000000000320972698 FIL, ClientEventBlocksReceived (DealStatusOngoing)
