Apr 05 11:37:44 1234
Apr 05 11:37:44 eyJhbGciOiJIUzI1NiIsInR5cCI6IkpXVCJ9.eyJBbGxvdyI6WyJyZWFkIiwid3JpdGUiLCJzaWduIiwiYWRtaW4iXX0.RzY4hBx900NTgTTAA7E-5suH8551qNnu4IWj05cheAs
Apr 05 11:37:44 Loading deals f0421499
Apr 05 11:37:44 f0421499 1 minimal_finality_stateroots_616300_2021-03-26_22-00-00.car.aa
Apr 05 11:37:44 f0421499 2 minimal_finality_stateroots_616300_2021-03-26_22-00-00.car.ab
Apr 05 11:37:44 f0421499 3 minimal_finality_stateroots_620860_2021-03-28_12-00-00.car.aa
Apr 05 11:37:44 f0421499 4 minimal_finality_stateroots_620860_2021-03-28_12-00-00.car.ab
Apr 05 11:37:44 f0421499 5 minimal_finality_stateroots_624460_2021-03-29_18-00-00.car.aa
Apr 05 11:37:44 f0421499 6 minimal_finality_stateroots_624460_2021-03-29_18-00-00.car.ab
Apr 05 11:37:44 f0421499 7 minimal_finality_stateroots_627340_2021-03-30_18-00-00.car.aa
Apr 05 11:37:44 f0421499 8 minimal_finality_stateroots_627340_2021-03-30_18-00-00.car.ab
Apr 05 11:37:44 1 minimal_finality_stateroots_624460_2021-03-29_18-00-00.car.aa
Apr 05 11:37:44 f02576-1650987 f08399-1652420 f010479-1652545
Apr 05 11:37:45 Mpool pending 2, skipping + sleeping 30s
Apr 05 11:38:15 Already have log for f08399 1652420 bafykbzacecpfagbszu24mq4jynabqouymjp5m3waz3kw6ccqqziwwcjm732ry
Apr 05 11:38:16 Already have log for f010479 1652545 bafykbzacecpfagbszu24mq4jynabqouymjp5m3waz3kw6ccqqziwwcjm732ry
Apr 05 11:38:17 
Apr 05 11:38:18 0 minimal_finality_stateroots_624460_2021-03-29_18-00-00.car.ab
Apr 05 11:38:18 f099608-1652417 f01240-1652718 f022163-1652787
Apr 05 11:38:18 Already have log for f099608 1652417 bafykbzaceazee5wr2xtg4gpmjeo65uawsjx5i7kpxlv6h75hinjfqc7sg72sa
Apr 05 11:38:20 Already have log for f01240 1652718 bafykbzaceazee5wr2xtg4gpmjeo65uawsjx5i7kpxlv6h75hinjfqc7sg72sa
Apr 05 11:38:21 Already have log for f022163 1652787 bafykbzaceazee5wr2xtg4gpmjeo65uawsjx5i7kpxlv6h75hinjfqc7sg72sa
Apr 05 11:38:22 
Apr 05 11:38:23 0 minimal_finality_stateroots_627340_2021-03-30_18-00-00.car.ab
Apr 05 11:38:23 f08403-1652750 f019551-1652790
Apr 05 11:38:23 Already have log for f08403 1652750 bafykbzacebrkcuqlkatfr5t72rvi622se6vvwndcn6akviq547jp3whpufdjs
Apr 05 11:38:25 Already have log for f019551 1652790 bafykbzacebrkcuqlkatfr5t72rvi622se6vvwndcn6akviq547jp3whpufdjs
Apr 05 11:38:26 
Apr 05 11:38:27 0 minimal_finality_stateroots_620860_2021-03-28_12-00-00.car.ab
Apr 05 11:38:27 f071624-1643068 f09848-1642933 f019551-1645164 f01278-1645170 f08403-1645178 f022352-1652238 f058369-1652461 f0145874-1652527 f023467-1652489 f099608-1652792
Apr 05 11:38:27 Already have log for f071624 1643068 bafykbzacedqs6z3a56hasssv234ddhav7zgrlaukfnj6norlu4deptzsezn6g
Apr 05 11:38:29 Already have log for f09848 1642933 bafykbzacedqs6z3a56hasssv234ddhav7zgrlaukfnj6norlu4deptzsezn6g
Apr 05 11:38:31 Already have log for f019551 1645164 bafykbzacedqs6z3a56hasssv234ddhav7zgrlaukfnj6norlu4deptzsezn6g
Apr 05 11:38:33 Mpool pending 1, skipping + sleeping 30s
Apr 05 11:39:08 Mpool pending 1, skipping + sleeping 30s
Apr 05 11:39:38 Retrieving f022352 1652238 bafykbzacedqs6z3a56hasssv234ddhav7zgrlaukfnj6norlu4deptzsezn6g
Apr 05 11:39:39   % Total    % Received % Xferd  Average Speed   Time    Time     Time  Current
Apr 05 11:39:39                                  Dload  Upload   Total   Spent    Left  Speed
Apr 05 11:39:52   0     0    0     0    0     0      0      0 --:--:-- --:--:-- --:--:--     0100   177    0     0  100   177      0    147  0:00:01  0:00:01 --:--:--   147100   177    0     0  100   177      0     80  0:00:02  0:00:02 --:--:--    80100   177    0     0  100   177      0     55  0:00:03  0:00:03 --:--:--    55100   177    0     0  100   177      0     42  0:00:04  0:00:04 --:--:--    42100   177    0     0  100   177      0     34  0:00:05  0:00:05 --:--:--    34100   177    0     0  100   177      0     28  0:00:06  0:00:06 --:--:--     0100   177    0     0  100   177      0     24  0:00:07  0:00:07 --:--:--     0100   177    0     0  100   177      0     21  0:00:08  0:00:08 --:--:--     0100   177    0     0  100   177      0     19  0:00:09  0:00:09 --:--:--     0100   177    0     0  100   177      0     17  0:00:10  0:00:10 --:--:--     0100   177    0     0  100   177      0     15  0:00:11  0:00:11 --:--:--     0100   177    0     0  100   177      0     14  0:00:12  0:00:12 --:--:--     0100   177    0     0  100   177      0     13  0:00:13  0:00:13 --:--:--     0100   563  100   386  100   177     28     13  0:00:13  0:00:13 --:--:--    91
Apr 05 11:39:52 {"jsonrpc":"2.0","result":{"Err":"","Root":{"/":"bafykbzacedqs6z3a56hasssv234ddhav7zgrlaukfnj6norlu4deptzsezn6g"},"Piece":null,"Size":34359738368,"MinPrice":"68719476736","UnsealPrice":"0","PaymentInterval":1048576,"PaymentIntervalIncrease":1048576,"Miner":"f019559","MinerPeer":{"Address":"f022352","ID":"12D3KooWDaYp2U3XiDeYvXVruQ5BwGUxwobQA62fASdvZGZVb4n8","PieceCID":null}},"id":1}
Apr 05 11:39:57 > Recv: 0 B, Paid 0 FIL, ClientEventOpen (DealStatusNew)
Apr 05 11:39:57 > Recv: 0 B, Paid 0 FIL, ClientEventDealProposed (DealStatusWaitForAcceptance)
Apr 05 11:39:57 > Recv: 0 B, Paid 0 FIL, ClientEventDealAccepted (DealStatusAccepted)
Apr 05 11:39:57 > Recv: 0 B, Paid 0 FIL, ClientEventPaymentChannelAddingFunds (DealStatusPaymentChannelAddingInitialFunds)
Apr 05 11:43:31 > Recv: 0 B, Paid 0 FIL, ClientEventPaymentChannelReady (DealStatusPaymentChannelAllocatingLane)
Apr 05 11:43:32 > Recv: 0 B, Paid 0 FIL, ClientEventLaneAllocated (DealStatusOngoing)
Apr 05 11:45:15 > Recv: 962 B, Paid 0 FIL, ClientEventBlocksReceived (DealStatusOngoing)
Apr 05 11:45:15 > Recv: 52.95 KiB, Paid 0 FIL, ClientEventBlocksReceived (DealStatusOngoing)
Apr 05 11:45:21 > Recv: 52.95 KiB, Paid 0 FIL, ClientEventPaymentRequested (DealStatusFundsNeeded)
Apr 05 11:45:21 > Recv: 1.052 MiB, Paid 0 FIL, ClientEventBlocksReceived (DealStatusFundsNeeded)
Apr 05 11:45:21 > Recv: 1.052 MiB, Paid 0 FIL, ClientEventSendFunds (DealStatusSendFunds)
Apr 05 11:45:21 > Recv: 1.052 MiB, Paid 0.000000000002205594 FIL, ClientEventPaymentSent (DealStatusOngoing)
Apr 05 11:46:12 > Recv: 2.052 MiB, Paid 0.000000000002205594 FIL, ClientEventBlocksReceived (DealStatusOngoing)
Apr 05 11:46:13 > Recv: 2.052 MiB, Paid 0.000000000002205594 FIL, ClientEventPaymentRequested (DealStatusFundsNeeded)
Apr 05 11:46:13 > Recv: 3.052 MiB, Paid 0.000000000002205594 FIL, ClientEventBlocksReceived (DealStatusFundsNeeded)
Apr 05 11:46:13 > Recv: 3.052 MiB, Paid 0.000000000002205594 FIL, ClientEventSendFunds (DealStatusSendFunds)
Apr 05 11:46:14 > Recv: 3.052 MiB, Paid 0.000000000006399898 FIL, ClientEventPaymentSent (DealStatusOngoing)
Apr 05 11:47:02 > Recv: 4.052 MiB, Paid 0.000000000006399898 FIL, ClientEventBlocksReceived (DealStatusOngoing)
Apr 05 11:47:02 > Recv: 5.052 MiB, Paid 0.000000000006399898 FIL, ClientEventBlocksReceived (DealStatusOngoing)
Apr 05 11:47:02 > Recv: 5.052 MiB, Paid 0.000000000006399898 FIL, ClientEventPaymentRequested (DealStatusFundsNeeded)
Apr 05 11:47:02 > Recv: 5.052 MiB, Paid 0.000000000006399898 FIL, ClientEventSendFunds (DealStatusSendFunds)
Apr 05 11:47:02 > Recv: 5.052 MiB, Paid 0.000000000012691354 FIL, ClientEventPaymentSent (DealStatusOngoing)
