Apr 05 11:38:32 1234
Apr 05 11:38:32 eyJhbGciOiJIUzI1NiIsInR5cCI6IkpXVCJ9.eyJBbGxvdyI6WyJyZWFkIiwid3JpdGUiLCJzaWduIiwiYWRtaW4iXX0.RzY4hBx900NTgTTAA7E-5suH8551qNnu4IWj05cheAs
Apr 05 11:38:32 Loading deals f0421499
Apr 05 11:38:32 f0421499 1 minimal_finality_stateroots_616300_2021-03-26_22-00-00.car.aa
Apr 05 11:38:32 f0421499 2 minimal_finality_stateroots_616300_2021-03-26_22-00-00.car.ab
Apr 05 11:38:32 f0421499 3 minimal_finality_stateroots_620860_2021-03-28_12-00-00.car.aa
Apr 05 11:38:32 f0421499 4 minimal_finality_stateroots_620860_2021-03-28_12-00-00.car.ab
Apr 05 11:38:32 f0421499 5 minimal_finality_stateroots_624460_2021-03-29_18-00-00.car.aa
Apr 05 11:38:32 f0421499 6 minimal_finality_stateroots_624460_2021-03-29_18-00-00.car.ab
Apr 05 11:38:32 f0421499 7 minimal_finality_stateroots_627340_2021-03-30_18-00-00.car.aa
Apr 05 11:38:32 f0421499 8 minimal_finality_stateroots_627340_2021-03-30_18-00-00.car.ab
Apr 05 11:38:32 1 minimal_finality_stateroots_616300_2021-03-26_22-00-00.car.ab
Apr 05 11:38:32 f08403-1639685 f022163-1639544 f014768-1639431 f01278-1639717 f01234-1639443 f071624-1639479 f022352-1639878 f099608-1640642 f01240-1640769 f0145874-1640738 f02576-1640964 f015927-1641099 f010479-1641179
Apr 05 11:38:33 Mpool pending 1, skipping + sleeping 30s
Apr 05 11:39:08 Mpool pending 1, skipping + sleeping 30s
Apr 05 11:39:39 Already have log for f014768 1639431 bafykbzacea5dewvdatvbxc2tmi26bomowduqhoi7ery4yqi3n6li32n4oe546
Apr 05 11:39:40 Mpool pending 1, skipping + sleeping 30s
Apr 05 11:40:11 Mpool pending 1, skipping + sleeping 30s
Apr 05 11:40:41 Already have log for f071624 1639479 bafykbzacea5dewvdatvbxc2tmi26bomowduqhoi7ery4yqi3n6li32n4oe546
Apr 05 11:40:43 Retrieving f022352 1639878 bafykbzacea5dewvdatvbxc2tmi26bomowduqhoi7ery4yqi3n6li32n4oe546
Apr 05 11:40:43   % Total    % Received % Xferd  Average Speed   Time    Time     Time  Current
Apr 05 11:40:43                                  Dload  Upload   Total   Spent    Left  Speed
Apr 05 11:40:50   0     0    0     0    0     0      0      0 --:--:-- --:--:-- --:--:--     0100   177    0     0  100   177      0    147  0:00:01  0:00:01 --:--:--   147100   177    0     0  100   177      0     80  0:00:02  0:00:02 --:--:--    80100   177    0     0  100   177      0     55  0:00:03  0:00:03 --:--:--    55100   177    0     0  100   177      0     42  0:00:04  0:00:04 --:--:--    42100   177    0     0  100   177      0     34  0:00:05  0:00:05 --:--:--    34100   177    0     0  100   177      0     28  0:00:06  0:00:06 --:--:--     0100   177    0     0  100   177      0     24  0:00:07  0:00:07 --:--:--     0100   563  100   386  100   177     48     22  0:00:08  0:00:07  0:00:01    81100   563  100   386  100   177     48     22  0:00:08  0:00:07  0:00:01   103
Apr 05 11:40:50 {"jsonrpc":"2.0","result":{"Err":"","Root":{"/":"bafykbzacea5dewvdatvbxc2tmi26bomowduqhoi7ery4yqi3n6li32n4oe546"},"Piece":null,"Size":34359738368,"MinPrice":"68719476736","UnsealPrice":"0","PaymentInterval":1048576,"PaymentIntervalIncrease":1048576,"Miner":"f019559","MinerPeer":{"Address":"f022352","ID":"12D3KooWDaYp2U3XiDeYvXVruQ5BwGUxwobQA62fASdvZGZVb4n8","PieceCID":null}},"id":1}
Apr 05 11:40:51 > Recv: 0 B, Paid 0 FIL, ClientEventOpen (DealStatusNew)
Apr 05 11:40:51 > Recv: 0 B, Paid 0 FIL, ClientEventDealProposed (DealStatusWaitForAcceptance)
Apr 05 11:40:55 > Recv: 0 B, Paid 0 FIL, ClientEventDealAccepted (DealStatusAccepted)
Apr 05 11:43:31 > Recv: 0 B, Paid 0 FIL, ClientEventPaymentChannelAddingFunds (DealStatusPaymentChannelAddingInitialFunds)
Apr 05 11:47:00 > Recv: 962 B, Paid 0 FIL, ClientEventBlocksReceived (DealStatusPaymentChannelAddingInitialFunds)
Apr 05 11:47:00 > Recv: 52.95 KiB, Paid 0 FIL, ClientEventBlocksReceived (DealStatusPaymentChannelAddingInitialFunds)
Apr 05 11:47:00 > Recv: 52.95 KiB, Paid 0 FIL, ClientEventPaymentRequested (DealStatusPaymentChannelAddingInitialFunds)
Apr 05 11:47:00 > Recv: 1.052 MiB, Paid 0 FIL, ClientEventBlocksReceived (DealStatusPaymentChannelAddingInitialFunds)
Apr 05 11:47:00 > Recv: 1.052 MiB, Paid 0 FIL, ClientEventPaymentChannelReady (DealStatusPaymentChannelAllocatingLane)
Apr 05 11:47:00 > Recv: 1.052 MiB, Paid 0 FIL, ClientEventLaneAllocated (DealStatusOngoing)
Apr 05 11:47:00 > Recv: 1.052 MiB, Paid 0 FIL, ClientEventPaymentRequested (DealStatusFundsNeeded)
Apr 05 11:47:00 > Recv: 1.052 MiB, Paid 0 FIL, ClientEventSendFunds (DealStatusSendFunds)
Apr 05 11:47:01 > Recv: 1.052 MiB, Paid 0.000000000002205594 FIL, ClientEventPaymentSent (DealStatusOngoing)
