Apr 05 11:37:57 1234
Apr 05 11:37:58 eyJhbGciOiJIUzI1NiIsInR5cCI6IkpXVCJ9.eyJBbGxvdyI6WyJyZWFkIiwid3JpdGUiLCJzaWduIiwiYWRtaW4iXX0.RzY4hBx900NTgTTAA7E-5suH8551qNnu4IWj05cheAs
Apr 05 11:37:58 Loading deals f0421499
Apr 05 11:37:58 f0421499 1 minimal_finality_stateroots_616300_2021-03-26_22-00-00.car.aa
Apr 05 11:37:58 f0421499 2 minimal_finality_stateroots_616300_2021-03-26_22-00-00.car.ab
Apr 05 11:37:58 f0421499 3 minimal_finality_stateroots_620860_2021-03-28_12-00-00.car.aa
Apr 05 11:37:58 f0421499 4 minimal_finality_stateroots_620860_2021-03-28_12-00-00.car.ab
Apr 05 11:37:58 f0421499 5 minimal_finality_stateroots_624460_2021-03-29_18-00-00.car.aa
Apr 05 11:37:58 f0421499 6 minimal_finality_stateroots_624460_2021-03-29_18-00-00.car.ab
Apr 05 11:37:58 f0421499 7 minimal_finality_stateroots_627340_2021-03-30_18-00-00.car.aa
Apr 05 11:37:58 f0421499 8 minimal_finality_stateroots_627340_2021-03-30_18-00-00.car.ab
Apr 05 11:37:58 1 minimal_finality_stateroots_627340_2021-03-30_18-00-00.car.aa
Apr 05 11:37:58 f09848-1652857 f019551-1651158 f066596-1652487 f022163-1652788
Apr 05 11:37:58 Mpool pending 2, skipping + sleeping 30s
Apr 05 11:38:29 Already have log for f019551 1651158 bafykbzaceaoebu76qzfrijr63ghpslqqzgcqneq75lfbrdhp5v7l3dtv6n2j4
Apr 05 11:38:31 Already have log for f066596 1652487 bafykbzaceaoebu76qzfrijr63ghpslqqzgcqneq75lfbrdhp5v7l3dtv6n2j4
Apr 05 11:38:33 Mpool pending 1, skipping + sleeping 30s
Apr 05 11:39:03 
Apr 05 11:39:04 0 minimal_finality_stateroots_624460_2021-03-29_18-00-00.car.ab
Apr 05 11:39:04 f099608-1652417 f01240-1652718 f022163-1652787
Apr 05 11:39:08 Mpool pending 1, skipping + sleeping 30s
Apr 05 11:39:38 Already have log for f01240 1652718 bafykbzaceazee5wr2xtg4gpmjeo65uawsjx5i7kpxlv6h75hinjfqc7sg72sa
Apr 05 11:39:40 Mpool pending 1, skipping + sleeping 30s
Apr 05 11:40:10 
Apr 05 11:40:11 0 minimal_finality_stateroots_624460_2021-03-29_18-00-00.car.aa
Apr 05 11:40:11 f02576-1650987 f08399-1652420 f010479-1652545
Apr 05 11:40:11 Mpool pending 1, skipping + sleeping 30s
Apr 05 11:40:42 Already have log for f08399 1652420 bafykbzacecpfagbszu24mq4jynabqouymjp5m3waz3kw6ccqqziwwcjm732ry
Apr 05 11:40:44 Already have log for f010479 1652545 bafykbzacecpfagbszu24mq4jynabqouymjp5m3waz3kw6ccqqziwwcjm732ry
Apr 05 11:40:45 
Apr 05 11:40:46 0 minimal_finality_stateroots_616300_2021-03-26_22-00-00.car.ab
Apr 05 11:40:46 f08403-1639685 f022163-1639544 f014768-1639431 f01278-1639717 f01234-1639443 f071624-1639479 f022352-1639878 f099608-1640642 f01240-1640769 f0145874-1640738 f02576-1640964 f015927-1641099 f010479-1641179
Apr 05 11:40:46 Mpool pending 1, skipping + sleeping 30s
Apr 05 11:41:17 Mpool pending 1, skipping + sleeping 30s
Apr 05 11:41:48 Already have log for f014768 1639431 bafykbzacea5dewvdatvbxc2tmi26bomowduqhoi7ery4yqi3n6li32n4oe546
Apr 05 11:41:49 Mpool pending 1, skipping + sleeping 30s
Apr 05 11:42:20 Already have log for f01234 1639443 bafykbzacea5dewvdatvbxc2tmi26bomowduqhoi7ery4yqi3n6li32n4oe546
Apr 05 11:42:22 Already have log for f071624 1639479 bafykbzacea5dewvdatvbxc2tmi26bomowduqhoi7ery4yqi3n6li32n4oe546
Apr 05 11:42:23 Already have log for f022352 1639878 bafykbzacea5dewvdatvbxc2tmi26bomowduqhoi7ery4yqi3n6li32n4oe546
Apr 05 11:42:25 Retrieving f099608 1640642 bafykbzacea5dewvdatvbxc2tmi26bomowduqhoi7ery4yqi3n6li32n4oe546
Apr 05 11:42:25   % Total    % Received % Xferd  Average Speed   Time    Time     Time  Current
Apr 05 11:42:25                                  Dload  Upload   Total   Spent    Left  Speed
Apr 05 11:42:25   0     0    0     0    0     0      0      0 --:--:-- --:--:-- --:--:--     0100   563  100   386  100   177   1451    665 --:--:-- --:--:-- --:--:--  2116
Apr 05 11:42:25 {"jsonrpc":"2.0","result":{"Err":"","Root":{"/":"bafykbzacea5dewvdatvbxc2tmi26bomowduqhoi7ery4yqi3n6li32n4oe546"},"Piece":null,"Size":34359738368,"MinPrice":"68719476736","UnsealPrice":"0","PaymentInterval":1048576,"PaymentIntervalIncrease":1048576,"Miner":"f099600","MinerPeer":{"Address":"f099608","ID":"12D3KooWMF32Az9K6knsUwttFYUJ4qrArvDgg1bnAdUw3mt6eEZr","PieceCID":null}},"id":1}
Apr 05 11:42:25 > Recv: 0 B, Paid 0 FIL, ClientEventOpen (DealStatusNew)
Apr 05 11:42:25 > Recv: 0 B, Paid 0 FIL, ClientEventDealProposed (DealStatusWaitForAcceptance)
