Apr 05 11:36:47 1234
Apr 05 11:36:47 eyJhbGciOiJIUzI1NiIsInR5cCI6IkpXVCJ9.eyJBbGxvdyI6WyJyZWFkIiwid3JpdGUiLCJzaWduIiwiYWRtaW4iXX0.RzY4hBx900NTgTTAA7E-5suH8551qNnu4IWj05cheAs
Apr 05 11:36:47 Loading deals f0421499
Apr 05 11:36:47 f0421499 1 minimal_finality_stateroots_616300_2021-03-26_22-00-00.car.aa
Apr 05 11:36:47 f0421499 2 minimal_finality_stateroots_616300_2021-03-26_22-00-00.car.ab
Apr 05 11:36:47 f0421499 3 minimal_finality_stateroots_620860_2021-03-28_12-00-00.car.aa
Apr 05 11:36:47 f0421499 4 minimal_finality_stateroots_620860_2021-03-28_12-00-00.car.ab
Apr 05 11:36:47 f0421499 5 minimal_finality_stateroots_624460_2021-03-29_18-00-00.car.aa
Apr 05 11:36:47 f0421499 6 minimal_finality_stateroots_624460_2021-03-29_18-00-00.car.ab
Apr 05 11:36:47 f0421499 7 minimal_finality_stateroots_627340_2021-03-30_18-00-00.car.aa
Apr 05 11:36:47 f0421499 8 minimal_finality_stateroots_627340_2021-03-30_18-00-00.car.ab
Apr 05 11:36:48 1 minimal_finality_stateroots_624460_2021-03-29_18-00-00.car.ab
Apr 05 11:36:48 f099608-1652417 f01240-1652718 f022163-1652787
Apr 05 11:36:48 Already have log for f099608 1652417 bafykbzaceazee5wr2xtg4gpmjeo65uawsjx5i7kpxlv6h75hinjfqc7sg72sa
Apr 05 11:36:49 Already have log for f01240 1652718 bafykbzaceazee5wr2xtg4gpmjeo65uawsjx5i7kpxlv6h75hinjfqc7sg72sa
Apr 05 11:36:51 Mpool pending 1, skipping + sleeping 30s
Apr 05 11:37:21 
Apr 05 11:37:22 0 minimal_finality_stateroots_620860_2021-03-28_12-00-00.car.aa
Apr 05 11:37:22 f0165400-1642717 f022163-1643006 f019551-1645067 f022352-1642861 f066596-1643069 f0145874-1642998 f071624-1645163 f08403-1645153 f022142-1652418 f014768-1652440 f023467-1652230 f058369-1652547
Apr 05 11:37:22 Already have log for f0165400 1642717 bafykbzacebwfpdjhfkv4dckre5pdb6dbtn3drso5mdqbmbofexmrri6vt3py2
Apr 05 11:37:23 Already have log for f022163 1643006 bafykbzacebwfpdjhfkv4dckre5pdb6dbtn3drso5mdqbmbofexmrri6vt3py2
Apr 05 11:37:25 Already have log for f019551 1645067 bafykbzacebwfpdjhfkv4dckre5pdb6dbtn3drso5mdqbmbofexmrri6vt3py2
Apr 05 11:37:26 Already have log for f022352 1642861 bafykbzacebwfpdjhfkv4dckre5pdb6dbtn3drso5mdqbmbofexmrri6vt3py2
Apr 05 11:37:28 Mpool pending 1, skipping + sleeping 30s
Apr 05 11:37:58 Mpool pending 2, skipping + sleeping 30s
Apr 05 11:38:29 Already have log for f071624 1645163 bafykbzacebwfpdjhfkv4dckre5pdb6dbtn3drso5mdqbmbofexmrri6vt3py2
Apr 05 11:38:30 Retrieving f08403 1645153 bafykbzacebwfpdjhfkv4dckre5pdb6dbtn3drso5mdqbmbofexmrri6vt3py2
Apr 05 11:38:30   % Total    % Received % Xferd  Average Speed   Time    Time     Time  Current
Apr 05 11:38:30                                  Dload  Upload   Total   Spent    Left  Speed
Apr 05 11:38:30   0     0    0     0    0     0      0      0 --:--:-- --:--:-- --:--:--     0100   550  100   374  100   176   3777   1777 --:--:-- --:--:-- --:--:--  5555
Apr 05 11:38:30 {"jsonrpc":"2.0","result":{"Err":"","Root":{"/":"bafykbzacebwfpdjhfkv4dckre5pdb6dbtn3drso5mdqbmbofexmrri6vt3py2"},"Piece":null,"Size":34359738368,"MinPrice":"0","UnsealPrice":"0","PaymentInterval":1048576,"PaymentIntervalIncrease":1048576,"Miner":"f08395","MinerPeer":{"Address":"f08403","ID":"12D3KooWKG9mQfyAAyCc3huFVMMzpKCdbgLhED6PYFhwM7q8Ab3W","PieceCID":null}},"id":1}
Apr 05 11:38:31 > Recv: 0 B, Paid 0 FIL, ClientEventOpen (DealStatusNew)
Apr 05 11:38:31 > Recv: 0 B, Paid 0 FIL, ClientEventDealProposed (DealStatusWaitForAcceptance)
