Apr 05 11:37:25 1234
Apr 05 11:37:25 eyJhbGciOiJIUzI1NiIsInR5cCI6IkpXVCJ9.eyJBbGxvdyI6WyJyZWFkIiwid3JpdGUiLCJzaWduIiwiYWRtaW4iXX0.RzY4hBx900NTgTTAA7E-5suH8551qNnu4IWj05cheAs
Apr 05 11:37:25 Loading deals f0421499
Apr 05 11:37:25 f0421499 1 minimal_finality_stateroots_616300_2021-03-26_22-00-00.car.aa
Apr 05 11:37:25 f0421499 2 minimal_finality_stateroots_616300_2021-03-26_22-00-00.car.ab
Apr 05 11:37:25 f0421499 3 minimal_finality_stateroots_620860_2021-03-28_12-00-00.car.aa
Apr 05 11:37:25 f0421499 4 minimal_finality_stateroots_620860_2021-03-28_12-00-00.car.ab
Apr 05 11:37:25 f0421499 5 minimal_finality_stateroots_624460_2021-03-29_18-00-00.car.aa
Apr 05 11:37:25 f0421499 6 minimal_finality_stateroots_624460_2021-03-29_18-00-00.car.ab
Apr 05 11:37:25 f0421499 7 minimal_finality_stateroots_627340_2021-03-30_18-00-00.car.aa
Apr 05 11:37:25 f0421499 8 minimal_finality_stateroots_627340_2021-03-30_18-00-00.car.ab
Apr 05 11:37:25 1 minimal_finality_stateroots_627340_2021-03-30_18-00-00.car.aa
Apr 05 11:37:25 f09848-1652857 f019551-1651158 f066596-1652487 f022163-1652788
Apr 05 11:37:26 Already have log for f09848 1652857 bafykbzaceaoebu76qzfrijr63ghpslqqzgcqneq75lfbrdhp5v7l3dtv6n2j4
Apr 05 11:37:27 Mpool pending 1, skipping + sleeping 30s
Apr 05 11:37:58 Mpool pending 2, skipping + sleeping 30s
Apr 05 11:38:28 Already have log for f022163 1652788 bafykbzaceaoebu76qzfrijr63ghpslqqzgcqneq75lfbrdhp5v7l3dtv6n2j4
Apr 05 11:38:29 
Apr 05 11:38:30 0 minimal_finality_stateroots_627340_2021-03-30_18-00-00.car.ab
Apr 05 11:38:30 f08403-1652750 f019551-1652790
Apr 05 11:38:31 Mpool pending 1, skipping + sleeping 30s
Apr 05 11:39:02 Mpool pending 1, skipping + sleeping 30s
Apr 05 11:39:32 
Apr 05 11:39:33 0 minimal_finality_stateroots_616300_2021-03-26_22-00-00.car.aa
Apr 05 11:39:33 f023971-1638943 f0157535-1639420 f015927-1639425 f066596-1639456 f071624-1640606 f08403-1641409 f01234-1640777 f023467-1641041 f019551-1641211 f022352-1642427
Apr 05 11:39:37 Already have log for f023971 1638943 bafykbzacedoze6ckqa36rd7sxv7pcpjhugbbdnfssif2meiivcykvcvqup5h2
Apr 05 11:39:39 Already have log for f0157535 1639420 bafykbzacedoze6ckqa36rd7sxv7pcpjhugbbdnfssif2meiivcykvcvqup5h2
Apr 05 11:39:40 Mpool pending 1, skipping + sleeping 30s
Apr 05 11:40:11 Mpool pending 1, skipping + sleeping 30s
Apr 05 11:40:41 Already have log for f071624 1640606 bafykbzacedoze6ckqa36rd7sxv7pcpjhugbbdnfssif2meiivcykvcvqup5h2
Apr 05 11:40:43 Already have log for f08403 1641409 bafykbzacedoze6ckqa36rd7sxv7pcpjhugbbdnfssif2meiivcykvcvqup5h2
Apr 05 11:40:44 Mpool pending 1, skipping + sleeping 30s
Apr 05 11:41:17 Mpool pending 1, skipping + sleeping 30s
Apr 05 11:41:48 Already have log for f019551 1641211 bafykbzacedoze6ckqa36rd7sxv7pcpjhugbbdnfssif2meiivcykvcvqup5h2
Apr 05 11:41:49 Mpool pending 1, skipping + sleeping 30s
Apr 05 11:42:19 
Apr 05 11:42:20 0 minimal_finality_stateroots_624460_2021-03-29_18-00-00.car.aa
Apr 05 11:42:20 f02576-1650987 f08399-1652420 f010479-1652545
Apr 05 11:42:21 Already have log for f02576 1650987 bafykbzacecpfagbszu24mq4jynabqouymjp5m3waz3kw6ccqqziwwcjm732ry
Apr 05 11:42:22 Already have log for f08399 1652420 bafykbzacecpfagbszu24mq4jynabqouymjp5m3waz3kw6ccqqziwwcjm732ry
Apr 05 11:42:24 Already have log for f010479 1652545 bafykbzacecpfagbszu24mq4jynabqouymjp5m3waz3kw6ccqqziwwcjm732ry
Apr 05 11:42:25 
Apr 05 11:42:26 0 minimal_finality_stateroots_616300_2021-03-26_22-00-00.car.ab
Apr 05 11:42:26 f08403-1639685 f022163-1639544 f014768-1639431 f01278-1639717 f01234-1639443 f071624-1639479 f022352-1639878 f099608-1640642 f01240-1640769 f0145874-1640738 f02576-1640964 f015927-1641099 f010479-1641179
Apr 05 11:42:26 Mpool pending 1, skipping + sleeping 30s
Apr 05 11:42:56 Already have log for f022163 1639544 bafykbzacea5dewvdatvbxc2tmi26bomowduqhoi7ery4yqi3n6li32n4oe546
Apr 05 11:42:58 Already have log for f014768 1639431 bafykbzacea5dewvdatvbxc2tmi26bomowduqhoi7ery4yqi3n6li32n4oe546
Apr 05 11:42:59 Already have log for f01278 1639717 bafykbzacea5dewvdatvbxc2tmi26bomowduqhoi7ery4yqi3n6li32n4oe546
Apr 05 11:43:01 Already have log for f01234 1639443 bafykbzacea5dewvdatvbxc2tmi26bomowduqhoi7ery4yqi3n6li32n4oe546
Apr 05 11:43:02 Already have log for f071624 1639479 bafykbzacea5dewvdatvbxc2tmi26bomowduqhoi7ery4yqi3n6li32n4oe546
Apr 05 11:43:07 Already have log for f022352 1639878 bafykbzacea5dewvdatvbxc2tmi26bomowduqhoi7ery4yqi3n6li32n4oe546
Apr 05 11:43:09 Mpool pending 1, skipping + sleeping 30s
Apr 05 11:43:39 Mpool pending 1, skipping + sleeping 30s
Apr 05 11:44:12 Already have log for f0145874 1640738 bafykbzacea5dewvdatvbxc2tmi26bomowduqhoi7ery4yqi3n6li32n4oe546
Apr 05 11:44:14 Already have log for f02576 1640964 bafykbzacea5dewvdatvbxc2tmi26bomowduqhoi7ery4yqi3n6li32n4oe546
Apr 05 11:44:15 Already have log for f015927 1641099 bafykbzacea5dewvdatvbxc2tmi26bomowduqhoi7ery4yqi3n6li32n4oe546
Apr 05 11:44:16 Retrieving f010479 1641179 bafykbzacea5dewvdatvbxc2tmi26bomowduqhoi7ery4yqi3n6li32n4oe546
Apr 05 11:44:16   % Total    % Received % Xferd  Average Speed   Time    Time     Time  Current
Apr 05 11:44:16                                  Dload  Upload   Total   Spent    Left  Speed
Apr 05 11:44:16   0     0    0     0    0     0      0      0 --:--:-- --:--:-- --:--:--     0100   562  100   385  100   177   2175   1000 --:--:-- --:--:-- --:--:--  3175
Apr 05 11:44:16 {"jsonrpc":"2.0","result":{"Err":"","Root":{"/":"bafykbzacea5dewvdatvbxc2tmi26bomowduqhoi7ery4yqi3n6li32n4oe546"},"Piece":null,"Size":34359738368,"MinPrice":"68719476736","UnsealPrice":"0","PaymentInterval":1048576,"PaymentIntervalIncrease":1048576,"Miner":"f08391","MinerPeer":{"Address":"f010479","ID":"12D3KooWHZeU9K4FQ5YYNavdnuajopXWZaH39xm3QkmPYvj48M91","PieceCID":null}},"id":1}
Apr 05 11:44:17 > Recv: 0 B, Paid 0 FIL, ClientEventOpen (DealStatusNew)
Apr 05 11:44:17 > Recv: 0 B, Paid 0 FIL, ClientEventDealProposed (DealStatusWaitForAcceptance)
