Apr 05 11:37:38 1234
Apr 05 11:37:38 eyJhbGciOiJIUzI1NiIsInR5cCI6IkpXVCJ9.eyJBbGxvdyI6WyJyZWFkIiwid3JpdGUiLCJzaWduIiwiYWRtaW4iXX0.RzY4hBx900NTgTTAA7E-5suH8551qNnu4IWj05cheAs
Apr 05 11:37:38 Loading deals f0421499
Apr 05 11:37:38 f0421499 1 minimal_finality_stateroots_616300_2021-03-26_22-00-00.car.aa
Apr 05 11:37:38 f0421499 2 minimal_finality_stateroots_616300_2021-03-26_22-00-00.car.ab
Apr 05 11:37:38 f0421499 3 minimal_finality_stateroots_620860_2021-03-28_12-00-00.car.aa
Apr 05 11:37:38 f0421499 4 minimal_finality_stateroots_620860_2021-03-28_12-00-00.car.ab
Apr 05 11:37:38 f0421499 5 minimal_finality_stateroots_624460_2021-03-29_18-00-00.car.aa
Apr 05 11:37:38 f0421499 6 minimal_finality_stateroots_624460_2021-03-29_18-00-00.car.ab
Apr 05 11:37:38 f0421499 7 minimal_finality_stateroots_627340_2021-03-30_18-00-00.car.aa
Apr 05 11:37:38 f0421499 8 minimal_finality_stateroots_627340_2021-03-30_18-00-00.car.ab
Apr 05 11:37:38 1 minimal_finality_stateroots_616300_2021-03-26_22-00-00.car.aa
Apr 05 11:37:38 f023971-1638943 f0157535-1639420 f015927-1639425 f066596-1639456 f071624-1640606 f08403-1641409 f01234-1640777 f023467-1641041 f019551-1641211 f022352-1642427
Apr 05 11:37:38 Mpool pending 2, skipping + sleeping 30s
Apr 05 11:38:09 Already have log for f0157535 1639420 bafykbzacedoze6ckqa36rd7sxv7pcpjhugbbdnfssif2meiivcykvcvqup5h2
Apr 05 11:38:10 Already have log for f015927 1639425 bafykbzacedoze6ckqa36rd7sxv7pcpjhugbbdnfssif2meiivcykvcvqup5h2
Apr 05 11:38:12 Already have log for f066596 1639456 bafykbzacedoze6ckqa36rd7sxv7pcpjhugbbdnfssif2meiivcykvcvqup5h2
Apr 05 11:38:13 Already have log for f071624 1640606 bafykbzacedoze6ckqa36rd7sxv7pcpjhugbbdnfssif2meiivcykvcvqup5h2
Apr 05 11:38:14 Retrieving f08403 1641409 bafykbzacedoze6ckqa36rd7sxv7pcpjhugbbdnfssif2meiivcykvcvqup5h2
Apr 05 11:38:14   % Total    % Received % Xferd  Average Speed   Time    Time     Time  Current
Apr 05 11:38:14                                  Dload  Upload   Total   Spent    Left  Speed
Apr 05 11:38:14   0     0    0     0    0     0      0      0 --:--:-- --:--:-- --:--:--     0100   550  100   374  100   176   4506   2120 --:--:-- --:--:-- --:--:--  6626
Apr 05 11:38:14 {"jsonrpc":"2.0","result":{"Err":"","Root":{"/":"bafykbzacedoze6ckqa36rd7sxv7pcpjhugbbdnfssif2meiivcykvcvqup5h2"},"Piece":null,"Size":34359738368,"MinPrice":"0","UnsealPrice":"0","PaymentInterval":1048576,"PaymentIntervalIncrease":1048576,"Miner":"f08395","MinerPeer":{"Address":"f08403","ID":"12D3KooWKG9mQfyAAyCc3huFVMMzpKCdbgLhED6PYFhwM7q8Ab3W","PieceCID":null}},"id":1}
Apr 05 11:38:14 > Recv: 0 B, Paid 0 FIL, ClientEventOpen (DealStatusNew)
Apr 05 11:38:14 > Recv: 0 B, Paid 0 FIL, ClientEventDealProposed (DealStatusWaitForAcceptance)
