{"jsonrpc":"2.0","result":{"Err":"","Root":{"/":"bafykbzacea5dewvdatvbxc2tmi26bomowduqhoi7ery4yqi3n6li32n4oe546"},"Piece":null,"Size":34359738368,"MinPrice":"68719476736","UnsealPrice":"0","PaymentInterval":1048576,"PaymentIntervalIncrease":1048576,"Miner":"f099600","MinerPeer":{"Address":"f099608","ID":"12D3KooWMF32Az9K6knsUwttFYUJ4qrArvDgg1bnAdUw3mt6eEZr","PieceCID":null}},"id":1}
Apr 03 03:01:31 > Recv: 0 B, Paid 0 FIL, ClientEventOpen (DealStatusNew)
Apr 03 03:01:31 > Recv: 0 B, Paid 0 FIL, ClientEventDealProposed (DealStatusWaitForAcceptance)
Apr 03 03:01:32 > Recv: 0 B, Paid 0 FIL, ClientEventDealAccepted (DealStatusAccepted)
Apr 03 03:01:32 > Recv: 0 B, Paid 0 FIL, ClientEventPaymentChannelAddingFunds (DealStatusPaymentChannelAddingInitialFunds)
Apr 03 03:05:00 > Recv: 962 B, Paid 0 FIL, ClientEventBlocksReceived (DealStatusPaymentChannelAddingInitialFunds)
Apr 03 03:05:00 > Recv: 52.95 KiB, Paid 0 FIL, ClientEventBlocksReceived (DealStatusPaymentChannelAddingInitialFunds)
Apr 03 03:05:00 > Recv: 52.95 KiB, Paid 0 FIL, ClientEventPaymentRequested (DealStatusPaymentChannelAddingInitialFunds)
Apr 03 03:05:00 > Recv: 1.052 MiB, Paid 0 FIL, ClientEventBlocksReceived (DealStatusPaymentChannelAddingInitialFunds)
Apr 03 03:05:00 > Recv: 1.052 MiB, Paid 0 FIL, ClientEventPaymentChannelReady (DealStatusPaymentChannelAllocatingLane)
Apr 03 03:05:00 > Recv: 1.052 MiB, Paid 0 FIL, ClientEventLaneAllocated (DealStatusOngoing)
Apr 03 03:05:00 > Recv: 1.052 MiB, Paid 0 FIL, ClientEventPaymentRequested (DealStatusFundsNeeded)
Apr 03 03:05:00 > Recv: 1.052 MiB, Paid 0 FIL, ClientEventSendFunds (DealStatusSendFunds)
Apr 03 03:05:00 > Recv: 1.052 MiB, Paid 0.000000000002205594 FIL, ClientEventPaymentSent (DealStatusOngoing)
Apr 03 03:05:02 > Recv: 2.052 MiB, Paid 0.000000000002205594 FIL, ClientEventBlocksReceived (DealStatusOngoing)
Apr 03 03:05:03 > Recv: 2.052 MiB, Paid 0.000000000002205594 FIL, ClientEventPaymentRequested (DealStatusFundsNeeded)
Apr 03 03:05:03 > Recv: 2.052 MiB, Paid 0.000000000002205594 FIL, ClientEventSendFunds (DealStatusSendFunds)
Apr 03 03:05:03 > Recv: 2.052 MiB, Paid 0.000000000006399898 FIL, ClientEventPaymentSent (DealStatusOngoing)
Apr 03 03:05:04 > Recv: 4.052 MiB, Paid 0.000000000006399898 FIL, ClientEventBlocksReceived (DealStatusOngoing)
Apr 03 03:05:06 > Recv: 5.052 MiB, Paid 0.000000000006399898 FIL, ClientEventBlocksReceived (DealStatusOngoing)
Apr 03 03:05:08 > Recv: 5.052 MiB, Paid 0.000000000006399898 FIL, ClientEventPaymentRequested (DealStatusFundsNeeded)
Apr 03 03:05:08 > Recv: 5.052 MiB, Paid 0.000000000006399898 FIL, ClientEventSendFunds (DealStatusSendFunds)
Apr 03 03:05:08 > Recv: 5.052 MiB, Paid 0.000000000012691354 FIL, ClientEventPaymentSent (DealStatusOngoing)
Apr 03 03:05:10 > Recv: 7.052 MiB, Paid 0.000000000012691354 FIL, ClientEventBlocksReceived (DealStatusOngoing)
Apr 03 03:05:13 > Recv: 8.052 MiB, Paid 0.000000000012691354 FIL, ClientEventBlocksReceived (DealStatusOngoing)
Apr 03 03:05:15 > Recv: 9.052 MiB, Paid 0.000000000012691354 FIL, ClientEventBlocksReceived (DealStatusOngoing)
Apr 03 03:05:17 > Recv: 9.052 MiB, Paid 0.000000000012691354 FIL, ClientEventPaymentRequested (DealStatusFundsNeeded)
Apr 03 03:05:17 > Recv: 10.05 MiB, Paid 0.000000000012691354 FIL, ClientEventBlocksReceived (DealStatusFundsNeeded)
Apr 03 03:05:17 > Recv: 10.05 MiB, Paid 0.000000000012691354 FIL, ClientEventSendFunds (DealStatusSendFunds)
Apr 03 03:05:17 > Recv: 10.05 MiB, Paid 0.000000000021079962 FIL, ClientEventPaymentSent (DealStatusOngoing)
Apr 03 03:05:20 > Recv: 11.05 MiB, Paid 0.000000000021079962 FIL, ClientEventBlocksReceived (DealStatusOngoing)
Apr 03 03:05:22 > Recv: 12.05 MiB, Paid 0.000000000021079962 FIL, ClientEventBlocksReceived (DealStatusOngoing)
Apr 03 03:05:24 > Recv: 13.05 MiB, Paid 0.000000000021079962 FIL, ClientEventBlocksReceived (DealStatusOngoing)
Apr 03 03:05:25 > Recv: 14.05 MiB, Paid 0.000000000021079962 FIL, ClientEventBlocksReceived (DealStatusOngoing)
Apr 03 03:05:26 > Recv: 14.05 MiB, Paid 0.000000000021079962 FIL, ClientEventPaymentRequested (DealStatusFundsNeeded)
Apr 03 03:05:26 > Recv: 14.05 MiB, Paid 0.000000000021079962 FIL, ClientEventSendFunds (DealStatusSendFunds)
Apr 03 03:05:26 > Recv: 14.05 MiB, Paid 0.000000000031565722 FIL, ClientEventPaymentSent (DealStatusOngoing)
Apr 03 03:05:28 > Recv: 16.05 MiB, Paid 0.000000000031565722 FIL, ClientEventBlocksReceived (DealStatusOngoing)
Apr 03 03:05:28 > Recv: 17.05 MiB, Paid 0.000000000031565722 FIL, ClientEventBlocksReceived (DealStatusOngoing)
Apr 03 03:05:29 > Recv: 18.05 MiB, Paid 0.000000000031565722 FIL, ClientEventBlocksReceived (DealStatusOngoing)
Apr 03 03:05:31 > Recv: 19.05 MiB, Paid 0.000000000031565722 FIL, ClientEventBlocksReceived (DealStatusOngoing)
Apr 03 03:05:32 > Recv: 20.05 MiB, Paid 0.000000000031565722 FIL, ClientEventBlocksReceived (DealStatusOngoing)
Apr 03 03:05:33 > Recv: 20.05 MiB, Paid 0.000000000031565722 FIL, ClientEventPaymentRequested (DealStatusFundsNeeded)
Apr 03 03:05:33 > Recv: 21.05 MiB, Paid 0.000000000031565722 FIL, ClientEventBlocksReceived (DealStatusFundsNeeded)
Apr 03 03:05:33 > Recv: 21.05 MiB, Paid 0.000000000031565722 FIL, ClientEventSendFunds (DealStatusSendFunds)
Apr 03 03:05:33 > Recv: 21.05 MiB, Paid 0.000000000044148634 FIL, ClientEventPaymentSent (DealStatusOngoing)
Apr 03 03:05:35 > Recv: 22.05 MiB, Paid 0.000000000044148634 FIL, ClientEventBlocksReceived (DealStatusOngoing)
Apr 03 03:05:37 > Recv: 23.05 MiB, Paid 0.000000000044148634 FIL, ClientEventBlocksReceived (DealStatusOngoing)
Apr 03 03:05:39 > Recv: 24.05 MiB, Paid 0.000000000044148634 FIL, ClientEventBlocksReceived (DealStatusOngoing)
Apr 03 03:05:40 > Recv: 25.05 MiB, Paid 0.000000000044148634 FIL, ClientEventBlocksReceived (DealStatusOngoing)
Apr 03 03:05:41 > Recv: 26.05 MiB, Paid 0.000000000044148634 FIL, ClientEventBlocksReceived (DealStatusOngoing)
Apr 03 03:05:42 > Recv: 27.05 MiB, Paid 0.000000000044148634 FIL, ClientEventBlocksReceived (DealStatusOngoing)
Apr 03 03:05:43 > Recv: 27.05 MiB, Paid 0.000000000044148634 FIL, ClientEventPaymentRequested (DealStatusFundsNeeded)
Apr 03 03:05:43 > Recv: 27.05 MiB, Paid 0.000000000044148634 FIL, ClientEventSendFunds (DealStatusSendFunds)
Apr 03 03:05:43 > Recv: 27.05 MiB, Paid 0.000000000058828698 FIL, ClientEventPaymentSent (DealStatusOngoing)
Apr 03 03:05:44 > Recv: 29.05 MiB, Paid 0.000000000058828698 FIL, ClientEventBlocksReceived (DealStatusOngoing)
Apr 03 03:05:46 > Recv: 30.05 MiB, Paid 0.000000000058828698 FIL, ClientEventBlocksReceived (DealStatusOngoing)
Apr 03 03:05:47 > Recv: 31.05 MiB, Paid 0.000000000058828698 FIL, ClientEventBlocksReceived (DealStatusOngoing)
Apr 03 03:05:49 > Recv: 32.05 MiB, Paid 0.000000000058828698 FIL, ClientEventBlocksReceived (DealStatusOngoing)
Apr 03 03:05:50 > Recv: 33.05 MiB, Paid 0.000000000058828698 FIL, ClientEventBlocksReceived (DealStatusOngoing)
Apr 03 03:05:51 > Recv: 34.05 MiB, Paid 0.000000000058828698 FIL, ClientEventBlocksReceived (DealStatusOngoing)
Apr 03 03:05:53 > Recv: 35.05 MiB, Paid 0.000000000058828698 FIL, ClientEventBlocksReceived (DealStatusOngoing)
Apr 03 03:05:54 > Recv: 35.05 MiB, Paid 0.000000000058828698 FIL, ClientEventPaymentRequested (DealStatusFundsNeeded)
Apr 03 03:05:54 > Recv: 35.05 MiB, Paid 0.000000000058828698 FIL, ClientEventSendFunds (DealStatusSendFunds)
Apr 03 03:05:54 > Recv: 35.05 MiB, Paid 0.000000000075605914 FIL, ClientEventPaymentSent (DealStatusOngoing)
Apr 03 03:05:56 > Recv: 37.05 MiB, Paid 0.000000000075605914 FIL, ClientEventBlocksReceived (DealStatusOngoing)
Apr 03 03:05:57 > Recv: 38.05 MiB, Paid 0.000000000075605914 FIL, ClientEventBlocksReceived (DealStatusOngoing)
Apr 03 03:05:58 > Recv: 39.05 MiB, Paid 0.000000000075605914 FIL, ClientEventBlocksReceived (DealStatusOngoing)
Apr 03 03:05:59 > Recv: 40.05 MiB, Paid 0.000000000075605914 FIL, ClientEventBlocksReceived (DealStatusOngoing)
Apr 03 03:06:01 > Recv: 41.05 MiB, Paid 0.000000000075605914 FIL, ClientEventBlocksReceived (DealStatusOngoing)
Apr 03 03:06:02 > Recv: 42.05 MiB, Paid 0.000000000075605914 FIL, ClientEventBlocksReceived (DealStatusOngoing)
Apr 03 03:06:03 > Recv: 43.05 MiB, Paid 0.000000000075605914 FIL, ClientEventBlocksReceived (DealStatusOngoing)
Apr 03 03:06:04 > Recv: 44.05 MiB, Paid 0.000000000075605914 FIL, ClientEventBlocksReceived (DealStatusOngoing)
Apr 03 03:06:06 > Recv: 44.05 MiB, Paid 0.000000000075605914 FIL, ClientEventPaymentRequested (DealStatusFundsNeeded)
Apr 03 03:06:06 > Recv: 44.05 MiB, Paid 0.000000000075605914 FIL, ClientEventSendFunds (DealStatusSendFunds)
Apr 03 03:06:06 > Recv: 44.05 MiB, Paid 0.000000000094480282 FIL, ClientEventPaymentSent (DealStatusOngoing)
Apr 03 03:06:08 > Recv: 46.05 MiB, Paid 0.000000000094480282 FIL, ClientEventBlocksReceived (DealStatusOngoing)
Apr 03 03:06:09 > Recv: 47.05 MiB, Paid 0.000000000094480282 FIL, ClientEventBlocksReceived (DealStatusOngoing)
Apr 03 03:06:11 > Recv: 48.05 MiB, Paid 0.000000000094480282 FIL, ClientEventBlocksReceived (DealStatusOngoing)
Apr 03 03:06:12 > Recv: 49.05 MiB, Paid 0.000000000094480282 FIL, ClientEventBlocksReceived (DealStatusOngoing)
Apr 03 03:06:14 > Recv: 50.05 MiB, Paid 0.000000000094480282 FIL, ClientEventBlocksReceived (DealStatusOngoing)
Apr 03 03:06:16 > Recv: 51.05 MiB, Paid 0.000000000094480282 FIL, ClientEventBlocksReceived (DealStatusOngoing)
Apr 03 03:06:18 > Recv: 52.05 MiB, Paid 0.000000000094480282 FIL, ClientEventBlocksReceived (DealStatusOngoing)
Apr 03 03:06:20 > Recv: 53.05 MiB, Paid 0.000000000094480282 FIL, ClientEventBlocksReceived (DealStatusOngoing)
Apr 03 03:06:22 > Recv: 54.05 MiB, Paid 0.000000000094480282 FIL, ClientEventBlocksReceived (DealStatusOngoing)
Apr 03 03:06:23 > Recv: 54.05 MiB, Paid 0.000000000094480282 FIL, ClientEventPaymentRequested (DealStatusFundsNeeded)
Apr 03 03:06:23 > Recv: 54.05 MiB, Paid 0.000000000094480282 FIL, ClientEventSendFunds (DealStatusSendFunds)
Apr 03 03:06:23 > Recv: 54.05 MiB, Paid 0.000000000115451802 FIL, ClientEventPaymentSent (DealStatusOngoing)
Apr 03 03:06:25 > Recv: 56.05 MiB, Paid 0.000000000115451802 FIL, ClientEventBlocksReceived (DealStatusOngoing)
Apr 03 03:06:26 > Recv: 57.05 MiB, Paid 0.000000000115451802 FIL, ClientEventBlocksReceived (DealStatusOngoing)
Apr 03 03:06:27 > Recv: 58.05 MiB, Paid 0.000000000115451802 FIL, ClientEventBlocksReceived (DealStatusOngoing)
Apr 03 03:06:28 > Recv: 59.05 MiB, Paid 0.000000000115451802 FIL, ClientEventBlocksReceived (DealStatusOngoing)
Apr 03 03:06:29 > Recv: 60.05 MiB, Paid 0.000000000115451802 FIL, ClientEventBlocksReceived (DealStatusOngoing)
Apr 03 03:06:30 > Recv: 61.05 MiB, Paid 0.000000000115451802 FIL, ClientEventBlocksReceived (DealStatusOngoing)
Apr 03 03:06:31 > Recv: 62.05 MiB, Paid 0.000000000115451802 FIL, ClientEventBlocksReceived (DealStatusOngoing)
Apr 03 03:06:32 > Recv: 63.05 MiB, Paid 0.000000000115451802 FIL, ClientEventBlocksReceived (DealStatusOngoing)
Apr 03 03:06:33 > Recv: 64.05 MiB, Paid 0.000000000115451802 FIL, ClientEventBlocksReceived (DealStatusOngoing)
Apr 03 03:06:34 > Recv: 65.05 MiB, Paid 0.000000000115451802 FIL, ClientEventBlocksReceived (DealStatusOngoing)
Apr 03 03:06:34 > Recv: 65.05 MiB, Paid 0.000000000115451802 FIL, ClientEventPaymentRequested (DealStatusFundsNeeded)
Apr 03 03:06:34 > Recv: 65.05 MiB, Paid 0.000000000115451802 FIL, ClientEventSendFunds (DealStatusSendFunds)
Apr 03 03:06:35 > Recv: 65.05 MiB, Paid 0.000000000138520474 FIL, ClientEventPaymentSent (DealStatusOngoing)
Apr 03 03:06:36 > Recv: 67.05 MiB, Paid 0.000000000138520474 FIL, ClientEventBlocksReceived (DealStatusOngoing)
Apr 03 03:06:37 > Recv: 68.05 MiB, Paid 0.000000000138520474 FIL, ClientEventBlocksReceived (DealStatusOngoing)
Apr 03 03:06:39 > Recv: 69.05 MiB, Paid 0.000000000138520474 FIL, ClientEventBlocksReceived (DealStatusOngoing)
Apr 03 03:06:40 > Recv: 70.05 MiB, Paid 0.000000000138520474 FIL, ClientEventBlocksReceived (DealStatusOngoing)
Apr 03 03:06:42 > Recv: 71.05 MiB, Paid 0.000000000138520474 FIL, ClientEventBlocksReceived (DealStatusOngoing)
Apr 03 03:06:43 > Recv: 72.05 MiB, Paid 0.000000000138520474 FIL, ClientEventBlocksReceived (DealStatusOngoing)
Apr 03 03:06:44 > Recv: 73.05 MiB, Paid 0.000000000138520474 FIL, ClientEventBlocksReceived (DealStatusOngoing)
Apr 03 03:06:45 > Recv: 74.05 MiB, Paid 0.000000000138520474 FIL, ClientEventBlocksReceived (DealStatusOngoing)
Apr 03 03:06:45 > Recv: 75.05 MiB, Paid 0.000000000138520474 FIL, ClientEventBlocksReceived (DealStatusOngoing)
Apr 03 03:06:46 > Recv: 76.05 MiB, Paid 0.000000000138520474 FIL, ClientEventBlocksReceived (DealStatusOngoing)
Apr 03 03:06:47 > Recv: 77.05 MiB, Paid 0.000000000138520474 FIL, ClientEventBlocksReceived (DealStatusOngoing)
Apr 03 03:06:48 > Recv: 77.05 MiB, Paid 0.000000000138520474 FIL, ClientEventPaymentRequested (DealStatusFundsNeeded)
Apr 03 03:06:48 > Recv: 77.05 MiB, Paid 0.000000000138520474 FIL, ClientEventSendFunds (DealStatusSendFunds)
Apr 03 03:06:49 > Recv: 77.05 MiB, Paid 0.000000000163686298 FIL, ClientEventPaymentSent (DealStatusOngoing)
Apr 03 03:06:51 > Recv: 79.05 MiB, Paid 0.000000000163686298 FIL, ClientEventBlocksReceived (DealStatusOngoing)
Apr 03 03:06:52 > Recv: 80.05 MiB, Paid 0.000000000163686298 FIL, ClientEventBlocksReceived (DealStatusOngoing)
Apr 03 03:06:54 > Recv: 81.05 MiB, Paid 0.000000000163686298 FIL, ClientEventBlocksReceived (DealStatusOngoing)
Apr 03 03:06:56 > Recv: 82.05 MiB, Paid 0.000000000163686298 FIL, ClientEventBlocksReceived (DealStatusOngoing)
Apr 03 03:06:59 > Recv: 83.05 MiB, Paid 0.000000000163686298 FIL, ClientEventBlocksReceived (DealStatusOngoing)
Apr 03 03:07:01 > Recv: 84.05 MiB, Paid 0.000000000163686298 FIL, ClientEventBlocksReceived (DealStatusOngoing)
Apr 03 03:07:02 > Recv: 85.05 MiB, Paid 0.000000000163686298 FIL, ClientEventBlocksReceived (DealStatusOngoing)
Apr 03 03:07:04 > Recv: 86.05 MiB, Paid 0.000000000163686298 FIL, ClientEventBlocksReceived (DealStatusOngoing)
Apr 03 03:07:06 > Recv: 87.05 MiB, Paid 0.000000000163686298 FIL, ClientEventBlocksReceived (DealStatusOngoing)
Apr 03 03:07:07 > Recv: 88.05 MiB, Paid 0.000000000163686298 FIL, ClientEventBlocksReceived (DealStatusOngoing)
Apr 03 03:07:08 > Recv: 89.05 MiB, Paid 0.000000000163686298 FIL, ClientEventBlocksReceived (DealStatusOngoing)
Apr 03 03:07:09 > Recv: 90.05 MiB, Paid 0.000000000163686298 FIL, ClientEventBlocksReceived (DealStatusOngoing)
Apr 03 03:07:09 > Recv: 90.05 MiB, Paid 0.000000000163686298 FIL, ClientEventPaymentRequested (DealStatusFundsNeeded)
Apr 03 03:07:09 > Recv: 90.05 MiB, Paid 0.000000000163686298 FIL, ClientEventSendFunds (DealStatusSendFunds)
Apr 03 03:07:09 > Recv: 90.05 MiB, Paid 0.000000000190949274 FIL, ClientEventPaymentSent (DealStatusOngoing)
Apr 03 03:07:10 > Recv: 92.05 MiB, Paid 0.000000000190949274 FIL, ClientEventBlocksReceived (DealStatusOngoing)
Apr 03 03:07:11 > Recv: 93.05 MiB, Paid 0.000000000190949274 FIL, ClientEventBlocksReceived (DealStatusOngoing)
Apr 03 03:07:12 > Recv: 94.05 MiB, Paid 0.000000000190949274 FIL, ClientEventBlocksReceived (DealStatusOngoing)
Apr 03 03:07:13 > Recv: 95.05 MiB, Paid 0.000000000190949274 FIL, ClientEventBlocksReceived (DealStatusOngoing)
Apr 03 03:07:14 > Recv: 96.05 MiB, Paid 0.000000000190949274 FIL, ClientEventBlocksReceived (DealStatusOngoing)
Apr 03 03:07:15 > Recv: 97.05 MiB, Paid 0.000000000190949274 FIL, ClientEventBlocksReceived (DealStatusOngoing)
Apr 03 03:07:16 > Recv: 98.05 MiB, Paid 0.000000000190949274 FIL, ClientEventBlocksReceived (DealStatusOngoing)
Apr 03 03:07:17 > Recv: 99.05 MiB, Paid 0.000000000190949274 FIL, ClientEventBlocksReceived (DealStatusOngoing)
Apr 03 03:07:18 > Recv: 100.1 MiB, Paid 0.000000000190949274 FIL, ClientEventBlocksReceived (DealStatusOngoing)
Apr 03 03:07:19 > Recv: 101.1 MiB, Paid 0.000000000190949274 FIL, ClientEventBlocksReceived (DealStatusOngoing)
Apr 03 03:07:20 > Recv: 102.1 MiB, Paid 0.000000000190949274 FIL, ClientEventBlocksReceived (DealStatusOngoing)
Apr 03 03:07:21 > Recv: 103.1 MiB, Paid 0.000000000190949274 FIL, ClientEventBlocksReceived (DealStatusOngoing)
Apr 03 03:07:22 > Recv: 104.1 MiB, Paid 0.000000000190949274 FIL, ClientEventBlocksReceived (DealStatusOngoing)
Apr 03 03:07:24 > Recv: 104.1 MiB, Paid 0.000000000190949274 FIL, ClientEventPaymentRequested (DealStatusFundsNeeded)
Apr 03 03:07:24 > Recv: 104.1 MiB, Paid 0.000000000190949274 FIL, ClientEventSendFunds (DealStatusSendFunds)
Apr 03 03:07:24 > Recv: 104.1 MiB, Paid 0.000000000220309402 FIL, ClientEventPaymentSent (DealStatusOngoing)
Apr 03 03:07:26 > Recv: 106.1 MiB, Paid 0.000000000220309402 FIL, ClientEventBlocksReceived (DealStatusOngoing)
Apr 03 03:07:28 > Recv: 107.1 MiB, Paid 0.000000000220309402 FIL, ClientEventBlocksReceived (DealStatusOngoing)
Apr 03 03:07:30 > Recv: 108.1 MiB, Paid 0.000000000220309402 FIL, ClientEventBlocksReceived (DealStatusOngoing)
Apr 03 03:07:32 > Recv: 109.1 MiB, Paid 0.000000000220309402 FIL, ClientEventBlocksReceived (DealStatusOngoing)
Apr 03 03:07:34 > Recv: 110.1 MiB, Paid 0.000000000220309402 FIL, ClientEventBlocksReceived (DealStatusOngoing)
Apr 03 03:07:35 > Recv: 111.1 MiB, Paid 0.000000000220309402 FIL, ClientEventBlocksReceived (DealStatusOngoing)
Apr 03 03:07:37 > Recv: 112.1 MiB, Paid 0.000000000220309402 FIL, ClientEventBlocksReceived (DealStatusOngoing)
Apr 03 03:07:38 > Recv: 113.1 MiB, Paid 0.000000000220309402 FIL, ClientEventBlocksReceived (DealStatusOngoing)
Apr 03 03:07:39 > Recv: 114.1 MiB, Paid 0.000000000220309402 FIL, ClientEventBlocksReceived (DealStatusOngoing)
Apr 03 03:07:40 > Recv: 115.1 MiB, Paid 0.000000000220309402 FIL, ClientEventBlocksReceived (DealStatusOngoing)
Apr 03 03:07:41 > Recv: 116.1 MiB, Paid 0.000000000220309402 FIL, ClientEventBlocksReceived (DealStatusOngoing)
Apr 03 03:07:42 > Recv: 117.1 MiB, Paid 0.000000000220309402 FIL, ClientEventBlocksReceived (DealStatusOngoing)
Apr 03 03:07:43 > Recv: 118.1 MiB, Paid 0.000000000220309402 FIL, ClientEventBlocksReceived (DealStatusOngoing)
Apr 03 03:07:44 > Recv: 119.1 MiB, Paid 0.000000000220309402 FIL, ClientEventBlocksReceived (DealStatusOngoing)
Apr 03 03:07:45 > Recv: 119.1 MiB, Paid 0.000000000220309402 FIL, ClientEventPaymentRequested (DealStatusFundsNeeded)
Apr 03 03:07:45 > Recv: 119.1 MiB, Paid 0.000000000220309402 FIL, ClientEventSendFunds (DealStatusSendFunds)
Apr 03 03:07:45 > Recv: 119.1 MiB, Paid 0.000000000251766682 FIL, ClientEventPaymentSent (DealStatusOngoing)
Apr 03 03:07:46 > Recv: 121.1 MiB, Paid 0.000000000251766682 FIL, ClientEventBlocksReceived (DealStatusOngoing)
Apr 03 03:07:47 > Recv: 122.1 MiB, Paid 0.000000000251766682 FIL, ClientEventBlocksReceived (DealStatusOngoing)
Apr 03 03:07:49 > Recv: 123.1 MiB, Paid 0.000000000251766682 FIL, ClientEventBlocksReceived (DealStatusOngoing)
Apr 03 03:07:51 > Recv: 124.1 MiB, Paid 0.000000000251766682 FIL, ClientEventBlocksReceived (DealStatusOngoing)
Apr 03 03:07:52 > Recv: 125.1 MiB, Paid 0.000000000251766682 FIL, ClientEventBlocksReceived (DealStatusOngoing)
Apr 03 03:07:54 > Recv: 126.1 MiB, Paid 0.000000000251766682 FIL, ClientEventBlocksReceived (DealStatusOngoing)
Apr 03 03:07:57 > Recv: 127.1 MiB, Paid 0.000000000251766682 FIL, ClientEventBlocksReceived (DealStatusOngoing)
Apr 03 03:08:00 > Recv: 128.1 MiB, Paid 0.000000000251766682 FIL, ClientEventBlocksReceived (DealStatusOngoing)
Apr 03 03:08:02 > Recv: 129.1 MiB, Paid 0.000000000251766682 FIL, ClientEventBlocksReceived (DealStatusOngoing)
Apr 03 03:08:05 > Recv: 130.1 MiB, Paid 0.000000000251766682 FIL, ClientEventBlocksReceived (DealStatusOngoing)
Apr 03 03:08:06 > Recv: 131.1 MiB, Paid 0.000000000251766682 FIL, ClientEventBlocksReceived (DealStatusOngoing)
Apr 03 03:08:08 > Recv: 132.1 MiB, Paid 0.000000000251766682 FIL, ClientEventBlocksReceived (DealStatusOngoing)
Apr 03 03:08:10 > Recv: 133.1 MiB, Paid 0.000000000251766682 FIL, ClientEventBlocksReceived (DealStatusOngoing)
Apr 03 03:08:11 > Recv: 134.1 MiB, Paid 0.000000000251766682 FIL, ClientEventBlocksReceived (DealStatusOngoing)
Apr 03 03:08:12 > Recv: 135.1 MiB, Paid 0.000000000251766682 FIL, ClientEventBlocksReceived (DealStatusOngoing)
Apr 03 03:08:14 > Recv: 135.1 MiB, Paid 0.000000000251766682 FIL, ClientEventPaymentRequested (DealStatusFundsNeeded)
Apr 03 03:08:14 > Recv: 135.1 MiB, Paid 0.000000000251766682 FIL, ClientEventSendFunds (DealStatusSendFunds)
Apr 03 03:08:14 > Recv: 135.1 MiB, Paid 0.000000000285321114 FIL, ClientEventPaymentSent (DealStatusOngoing)
Apr 03 03:08:16 > Recv: 137.1 MiB, Paid 0.000000000285321114 FIL, ClientEventBlocksReceived (DealStatusOngoing)
Apr 03 03:08:17 > Recv: 138.1 MiB, Paid 0.000000000285321114 FIL, ClientEventBlocksReceived (DealStatusOngoing)
Apr 03 03:08:19 > Recv: 139.1 MiB, Paid 0.000000000285321114 FIL, ClientEventBlocksReceived (DealStatusOngoing)
Apr 03 03:08:22 > Recv: 140.1 MiB, Paid 0.000000000285321114 FIL, ClientEventBlocksReceived (DealStatusOngoing)
Apr 03 03:08:24 > Recv: 141.1 MiB, Paid 0.000000000285321114 FIL, ClientEventBlocksReceived (DealStatusOngoing)
Apr 03 03:08:26 > Recv: 142.1 MiB, Paid 0.000000000285321114 FIL, ClientEventBlocksReceived (DealStatusOngoing)
Apr 03 03:08:28 > Recv: 143.1 MiB, Paid 0.000000000285321114 FIL, ClientEventBlocksReceived (DealStatusOngoing)
Apr 03 03:08:29 > Recv: 144.1 MiB, Paid 0.000000000285321114 FIL, ClientEventBlocksReceived (DealStatusOngoing)
Apr 03 03:08:30 > Recv: 145.1 MiB, Paid 0.000000000285321114 FIL, ClientEventBlocksReceived (DealStatusOngoing)
Apr 03 03:08:31 > Recv: 146.1 MiB, Paid 0.000000000285321114 FIL, ClientEventBlocksReceived (DealStatusOngoing)
Apr 03 03:08:32 > Recv: 147.1 MiB, Paid 0.000000000285321114 FIL, ClientEventBlocksReceived (DealStatusOngoing)
Apr 03 03:08:33 > Recv: 148.1 MiB, Paid 0.000000000285321114 FIL, ClientEventBlocksReceived (DealStatusOngoing)
Apr 03 03:08:33 > Recv: 149.1 MiB, Paid 0.000000000285321114 FIL, ClientEventBlocksReceived (DealStatusOngoing)
Apr 03 03:08:34 > Recv: 150.1 MiB, Paid 0.000000000285321114 FIL, ClientEventBlocksReceived (DealStatusOngoing)
Apr 03 03:08:35 > Recv: 151.1 MiB, Paid 0.000000000285321114 FIL, ClientEventBlocksReceived (DealStatusOngoing)
Apr 03 03:08:36 > Recv: 152.1 MiB, Paid 0.000000000285321114 FIL, ClientEventBlocksReceived (DealStatusOngoing)
Apr 03 03:08:37 > Recv: 152.1 MiB, Paid 0.000000000285321114 FIL, ClientEventPaymentRequested (DealStatusFundsNeeded)
Apr 03 03:08:37 > Recv: 152.1 MiB, Paid 0.000000000285321114 FIL, ClientEventSendFunds (DealStatusSendFunds)
Apr 03 03:08:38 > Recv: 152.1 MiB, Paid 0.000000000320972698 FIL, ClientEventPaymentSent (DealStatusOngoing)
Apr 03 03:08:39 > Recv: 154.1 MiB, Paid 0.000000000320972698 FIL, ClientEventBlocksReceived (DealStatusOngoing)
Apr 03 03:08:41 > Recv: 155.1 MiB, Paid 0.000000000320972698 FIL, ClientEventBlocksReceived (DealStatusOngoing)
Apr 03 03:08:42 > Recv: 156.1 MiB, Paid 0.000000000320972698 FIL, ClientEventBlocksReceived (DealStatusOngoing)
Apr 03 03:08:44 > Recv: 157.1 MiB, Paid 0.000000000320972698 FIL, ClientEventBlocksReceived (DealStatusOngoing)
Apr 03 03:08:45 > Recv: 158.1 MiB, Paid 0.000000000320972698 FIL, ClientEventBlocksReceived (DealStatusOngoing)
Apr 03 03:08:47 > Recv: 159.1 MiB, Paid 0.000000000320972698 FIL, ClientEventBlocksReceived (DealStatusOngoing)
Apr 03 03:08:47 > Recv: 160.1 MiB, Paid 0.000000000320972698 FIL, ClientEventBlocksReceived (DealStatusOngoing)
Apr 03 03:08:48 > Recv: 161.1 MiB, Paid 0.000000000320972698 FIL, ClientEventBlocksReceived (DealStatusOngoing)
Apr 03 03:08:49 > Recv: 162.1 MiB, Paid 0.000000000320972698 FIL, ClientEventBlocksReceived (DealStatusOngoing)
Apr 03 03:08:49 > Recv: 163.1 MiB, Paid 0.000000000320972698 FIL, ClientEventBlocksReceived (DealStatusOngoing)
Apr 03 03:08:50 > Recv: 164.1 MiB, Paid 0.000000000320972698 FIL, ClientEventBlocksReceived (DealStatusOngoing)
Apr 03 03:08:50 > Recv: 165.1 MiB, Paid 0.000000000320972698 FIL, ClientEventBlocksReceived (DealStatusOngoing)
Apr 03 03:08:51 > Recv: 166.1 MiB, Paid 0.000000000320972698 FIL, ClientEventBlocksReceived (DealStatusOngoing)
Apr 03 03:08:51 > Recv: 167.1 MiB, Paid 0.000000000320972698 FIL, ClientEventBlocksReceived (DealStatusOngoing)
Apr 03 03:08:51 > Recv: 168.1 MiB, Paid 0.000000000320972698 FIL, ClientEventBlocksReceived (DealStatusOngoing)
Apr 03 03:08:52 > Recv: 169.1 MiB, Paid 0.000000000320972698 FIL, ClientEventBlocksReceived (DealStatusOngoing)
Apr 03 03:08:52 > Recv: 170.1 MiB, Paid 0.000000000320972698 FIL, ClientEventBlocksReceived (DealStatusOngoing)
Apr 03 03:08:53 > Recv: 170.1 MiB, Paid 0.000000000320972698 FIL, ClientEventPaymentRequested (DealStatusFundsNeeded)
Apr 03 03:08:53 > Recv: 170.1 MiB, Paid 0.000000000320972698 FIL, ClientEventSendFunds (DealStatusSendFunds)
Apr 03 03:08:53 > Recv: 170.1 MiB, Paid 0.000000000358721434 FIL, ClientEventPaymentSent (DealStatusOngoing)
Apr 03 03:08:53 > Recv: 172.1 MiB, Paid 0.000000000358721434 FIL, ClientEventBlocksReceived (DealStatusOngoing)
Apr 03 03:08:54 > Recv: 173.1 MiB, Paid 0.000000000358721434 FIL, ClientEventBlocksReceived (DealStatusOngoing)
Apr 03 03:08:55 > Recv: 174.1 MiB, Paid 0.000000000358721434 FIL, ClientEventBlocksReceived (DealStatusOngoing)
Apr 03 03:08:56 > Recv: 175.1 MiB, Paid 0.000000000358721434 FIL, ClientEventBlocksReceived (DealStatusOngoing)
Apr 03 03:08:56 > Recv: 176.1 MiB, Paid 0.000000000358721434 FIL, ClientEventBlocksReceived (DealStatusOngoing)
Apr 03 03:08:57 > Recv: 177.1 MiB, Paid 0.000000000358721434 FIL, ClientEventBlocksReceived (DealStatusOngoing)
Apr 03 03:08:58 > Recv: 178.1 MiB, Paid 0.000000000358721434 FIL, ClientEventBlocksReceived (DealStatusOngoing)
Apr 03 03:08:59 > Recv: 179.1 MiB, Paid 0.000000000358721434 FIL, ClientEventBlocksReceived (DealStatusOngoing)
Apr 03 03:08:59 > Recv: 180.1 MiB, Paid 0.000000000358721434 FIL, ClientEventBlocksReceived (DealStatusOngoing)
Apr 03 03:09:00 > Recv: 181.1 MiB, Paid 0.000000000358721434 FIL, ClientEventBlocksReceived (DealStatusOngoing)
Apr 03 03:09:01 > Recv: 182.1 MiB, Paid 0.000000000358721434 FIL, ClientEventBlocksReceived (DealStatusOngoing)
Apr 03 03:09:02 > Recv: 183.1 MiB, Paid 0.000000000358721434 FIL, ClientEventBlocksReceived (DealStatusOngoing)
Apr 03 03:09:02 > Recv: 184.1 MiB, Paid 0.000000000358721434 FIL, ClientEventBlocksReceived (DealStatusOngoing)
Apr 03 03:09:03 > Recv: 185.1 MiB, Paid 0.000000000358721434 FIL, ClientEventBlocksReceived (DealStatusOngoing)
Apr 03 03:09:04 > Recv: 186.1 MiB, Paid 0.000000000358721434 FIL, ClientEventBlocksReceived (DealStatusOngoing)
Apr 03 03:09:05 > Recv: 187.1 MiB, Paid 0.000000000358721434 FIL, ClientEventBlocksReceived (DealStatusOngoing)
Apr 03 03:09:06 > Recv: 188.1 MiB, Paid 0.000000000358721434 FIL, ClientEventBlocksReceived (DealStatusOngoing)
Apr 03 03:09:07 > Recv: 189.1 MiB, Paid 0.000000000358721434 FIL, ClientEventBlocksReceived (DealStatusOngoing)
Apr 03 03:09:07 > Recv: 189.1 MiB, Paid 0.000000000358721434 FIL, ClientEventPaymentRequested (DealStatusFundsNeeded)
Apr 03 03:09:07 > Recv: 189.1 MiB, Paid 0.000000000358721434 FIL, ClientEventSendFunds (DealStatusSendFunds)
Apr 03 03:09:07 > Recv: 189.1 MiB, Paid 0.000000000398567322 FIL, ClientEventPaymentSent (DealStatusOngoing)
Apr 03 03:09:10 > Recv: 191.1 MiB, Paid 0.000000000398567322 FIL, ClientEventBlocksReceived (DealStatusOngoing)
Apr 03 03:09:11 > Recv: 192.1 MiB, Paid 0.000000000398567322 FIL, ClientEventBlocksReceived (DealStatusOngoing)
Apr 03 03:09:12 > Recv: 193.1 MiB, Paid 0.000000000398567322 FIL, ClientEventBlocksReceived (DealStatusOngoing)
Apr 03 03:09:12 > Recv: 194.1 MiB, Paid 0.000000000398567322 FIL, ClientEventBlocksReceived (DealStatusOngoing)
Apr 03 03:09:13 > Recv: 195.1 MiB, Paid 0.000000000398567322 FIL, ClientEventBlocksReceived (DealStatusOngoing)
Apr 03 03:09:14 > Recv: 196.1 MiB, Paid 0.000000000398567322 FIL, ClientEventBlocksReceived (DealStatusOngoing)
Apr 03 03:09:14 > Recv: 197.1 MiB, Paid 0.000000000398567322 FIL, ClientEventBlocksReceived (DealStatusOngoing)
Apr 03 03:09:15 > Recv: 198.1 MiB, Paid 0.000000000398567322 FIL, ClientEventBlocksReceived (DealStatusOngoing)
Apr 03 03:09:15 > Recv: 199.1 MiB, Paid 0.000000000398567322 FIL, ClientEventBlocksReceived (DealStatusOngoing)
Apr 03 03:09:16 > Recv: 200.1 MiB, Paid 0.000000000398567322 FIL, ClientEventBlocksReceived (DealStatusOngoing)
Apr 03 03:09:17 > Recv: 201.1 MiB, Paid 0.000000000398567322 FIL, ClientEventBlocksReceived (DealStatusOngoing)
Apr 03 03:09:17 > Recv: 202.1 MiB, Paid 0.000000000398567322 FIL, ClientEventBlocksReceived (DealStatusOngoing)
Apr 03 03:09:18 > Recv: 203.1 MiB, Paid 0.000000000398567322 FIL, ClientEventBlocksReceived (DealStatusOngoing)
Apr 03 03:09:20 > Recv: 204.1 MiB, Paid 0.000000000398567322 FIL, ClientEventBlocksReceived (DealStatusOngoing)
Apr 03 03:09:21 > Recv: 205.1 MiB, Paid 0.000000000398567322 FIL, ClientEventBlocksReceived (DealStatusOngoing)
Apr 03 03:09:22 > Recv: 206.1 MiB, Paid 0.000000000398567322 FIL, ClientEventBlocksReceived (DealStatusOngoing)
Apr 03 03:09:23 > Recv: 207.1 MiB, Paid 0.000000000398567322 FIL, ClientEventBlocksReceived (DealStatusOngoing)
Apr 03 03:09:24 > Recv: 208.1 MiB, Paid 0.000000000398567322 FIL, ClientEventBlocksReceived (DealStatusOngoing)
Apr 03 03:09:25 > Recv: 209.1 MiB, Paid 0.000000000398567322 FIL, ClientEventBlocksReceived (DealStatusOngoing)
Apr 03 03:09:26 > Recv: 209.1 MiB, Paid 0.000000000398567322 FIL, ClientEventPaymentRequested (DealStatusFundsNeeded)
Apr 03 03:09:26 > Recv: 209.1 MiB, Paid 0.000000000398567322 FIL, ClientEventSendFunds (DealStatusSendFunds)
Apr 03 03:09:26 > Recv: 209.1 MiB, Paid 0.000000000440510362 FIL, ClientEventPaymentSent (DealStatusOngoing)
Apr 03 03:09:27 > Recv: 211.1 MiB, Paid 0.000000000440510362 FIL, ClientEventBlocksReceived (DealStatusOngoing)
Apr 03 03:09:28 > Recv: 212.1 MiB, Paid 0.000000000440510362 FIL, ClientEventBlocksReceived (DealStatusOngoing)
Apr 03 03:09:29 > Recv: 213.1 MiB, Paid 0.000000000440510362 FIL, ClientEventBlocksReceived (DealStatusOngoing)
Apr 03 03:09:31 > Recv: 214.1 MiB, Paid 0.000000000440510362 FIL, ClientEventBlocksReceived (DealStatusOngoing)
Apr 03 03:09:32 > Recv: 215.1 MiB, Paid 0.000000000440510362 FIL, ClientEventBlocksReceived (DealStatusOngoing)
Apr 03 03:09:33 > Recv: 216.1 MiB, Paid 0.000000000440510362 FIL, ClientEventBlocksReceived (DealStatusOngoing)
Apr 03 03:09:34 > Recv: 217.1 MiB, Paid 0.000000000440510362 FIL, ClientEventBlocksReceived (DealStatusOngoing)
Apr 03 03:09:35 > Recv: 218.1 MiB, Paid 0.000000000440510362 FIL, ClientEventBlocksReceived (DealStatusOngoing)
Apr 03 03:09:36 > Recv: 219.1 MiB, Paid 0.000000000440510362 FIL, ClientEventBlocksReceived (DealStatusOngoing)
Apr 03 03:09:37 > Recv: 220.1 MiB, Paid 0.000000000440510362 FIL, ClientEventBlocksReceived (DealStatusOngoing)
Apr 03 03:09:37 > Recv: 221.1 MiB, Paid 0.000000000440510362 FIL, ClientEventBlocksReceived (DealStatusOngoing)
Apr 03 03:09:39 > Recv: 222.1 MiB, Paid 0.000000000440510362 FIL, ClientEventBlocksReceived (DealStatusOngoing)
Apr 03 03:09:40 > Recv: 223.1 MiB, Paid 0.000000000440510362 FIL, ClientEventBlocksReceived (DealStatusOngoing)
Apr 03 03:09:41 > Recv: 224.1 MiB, Paid 0.000000000440510362 FIL, ClientEventBlocksReceived (DealStatusOngoing)
Apr 03 03:09:43 > Recv: 225.1 MiB, Paid 0.000000000440510362 FIL, ClientEventBlocksReceived (DealStatusOngoing)
Apr 03 03:09:44 > Recv: 226.1 MiB, Paid 0.000000000440510362 FIL, ClientEventBlocksReceived (DealStatusOngoing)
Apr 03 03:09:46 > Recv: 227.1 MiB, Paid 0.000000000440510362 FIL, ClientEventBlocksReceived (DealStatusOngoing)
Apr 03 03:09:47 > Recv: 228.1 MiB, Paid 0.000000000440510362 FIL, ClientEventBlocksReceived (DealStatusOngoing)
Apr 03 03:09:48 > Recv: 229.1 MiB, Paid 0.000000000440510362 FIL, ClientEventBlocksReceived (DealStatusOngoing)
Apr 03 03:09:50 > Recv: 230.1 MiB, Paid 0.000000000440510362 FIL, ClientEventBlocksReceived (DealStatusOngoing)
Apr 03 03:09:51 > Recv: 230.1 MiB, Paid 0.000000000440510362 FIL, ClientEventPaymentRequested (DealStatusFundsNeeded)
Apr 03 03:09:51 > Recv: 230.1 MiB, Paid 0.000000000440510362 FIL, ClientEventSendFunds (DealStatusSendFunds)
Apr 03 03:09:51 > Recv: 230.1 MiB, Paid 0.000000000484550554 FIL, ClientEventPaymentSent (DealStatusOngoing)
Apr 03 03:09:53 > Recv: 232.1 MiB, Paid 0.000000000484550554 FIL, ClientEventBlocksReceived (DealStatusOngoing)
Apr 03 03:09:54 > Recv: 233.1 MiB, Paid 0.000000000484550554 FIL, ClientEventBlocksReceived (DealStatusOngoing)
Apr 03 03:09:56 > Recv: 234.1 MiB, Paid 0.000000000484550554 FIL, ClientEventBlocksReceived (DealStatusOngoing)
Apr 03 03:09:58 > Recv: 235.1 MiB, Paid 0.000000000484550554 FIL, ClientEventBlocksReceived (DealStatusOngoing)
Apr 03 03:09:59 > Recv: 236.1 MiB, Paid 0.000000000484550554 FIL, ClientEventBlocksReceived (DealStatusOngoing)
Apr 03 03:10:01 > Recv: 237.1 MiB, Paid 0.000000000484550554 FIL, ClientEventBlocksReceived (DealStatusOngoing)
Apr 03 03:10:02 > Recv: 238.1 MiB, Paid 0.000000000484550554 FIL, ClientEventBlocksReceived (DealStatusOngoing)
Apr 03 03:10:04 > Recv: 239.1 MiB, Paid 0.000000000484550554 FIL, ClientEventBlocksReceived (DealStatusOngoing)
Apr 03 03:10:05 > Recv: 240.1 MiB, Paid 0.000000000484550554 FIL, ClientEventBlocksReceived (DealStatusOngoing)
Apr 03 03:10:07 > Recv: 241.1 MiB, Paid 0.000000000484550554 FIL, ClientEventBlocksReceived (DealStatusOngoing)
Apr 03 03:10:08 > Recv: 242.1 MiB, Paid 0.000000000484550554 FIL, ClientEventBlocksReceived (DealStatusOngoing)
Apr 03 03:10:10 > Recv: 243.1 MiB, Paid 0.000000000484550554 FIL, ClientEventBlocksReceived (DealStatusOngoing)
Apr 03 03:10:12 > Recv: 244.1 MiB, Paid 0.000000000484550554 FIL, ClientEventBlocksReceived (DealStatusOngoing)
Apr 03 03:10:13 > Recv: 245.1 MiB, Paid 0.000000000484550554 FIL, ClientEventBlocksReceived (DealStatusOngoing)
Apr 03 03:10:15 > Recv: 246.1 MiB, Paid 0.000000000484550554 FIL, ClientEventBlocksReceived (DealStatusOngoing)
Apr 03 03:10:16 > Recv: 247.1 MiB, Paid 0.000000000484550554 FIL, ClientEventBlocksReceived (DealStatusOngoing)
Apr 03 03:10:18 > Recv: 248.1 MiB, Paid 0.000000000484550554 FIL, ClientEventBlocksReceived (DealStatusOngoing)
Apr 03 03:10:19 > Recv: 249.1 MiB, Paid 0.000000000484550554 FIL, ClientEventBlocksReceived (DealStatusOngoing)
Apr 03 03:10:20 > Recv: 250.1 MiB, Paid 0.000000000484550554 FIL, ClientEventBlocksReceived (DealStatusOngoing)
Apr 03 03:10:21 > Recv: 251.1 MiB, Paid 0.000000000484550554 FIL, ClientEventBlocksReceived (DealStatusOngoing)
Apr 03 03:10:22 > Recv: 252.1 MiB, Paid 0.000000000484550554 FIL, ClientEventBlocksReceived (DealStatusOngoing)
Apr 03 03:10:23 > Recv: 252.1 MiB, Paid 0.000000000484550554 FIL, ClientEventPaymentRequested (DealStatusFundsNeeded)
Apr 03 03:10:23 > Recv: 252.1 MiB, Paid 0.000000000484550554 FIL, ClientEventSendFunds (DealStatusSendFunds)
Apr 03 03:10:23 > Recv: 252.1 MiB, Paid 0.000000000530687898 FIL, ClientEventPaymentSent (DealStatusOngoing)
Apr 03 03:10:26 > Recv: 254.1 MiB, Paid 0.000000000530687898 FIL, ClientEventBlocksReceived (DealStatusOngoing)
Apr 03 03:10:27 > Recv: 255.1 MiB, Paid 0.000000000530687898 FIL, ClientEventBlocksReceived (DealStatusOngoing)
Apr 03 03:10:28 > Recv: 256.1 MiB, Paid 0.000000000530687898 FIL, ClientEventBlocksReceived (DealStatusOngoing)
Apr 03 03:10:30 > Recv: 257.1 MiB, Paid 0.000000000530687898 FIL, ClientEventBlocksReceived (DealStatusOngoing)
Apr 03 03:10:31 > Recv: 258.1 MiB, Paid 0.000000000530687898 FIL, ClientEventBlocksReceived (DealStatusOngoing)
Apr 03 03:10:32 > Recv: 259.1 MiB, Paid 0.000000000530687898 FIL, ClientEventBlocksReceived (DealStatusOngoing)
Apr 03 03:10:34 > Recv: 260.1 MiB, Paid 0.000000000530687898 FIL, ClientEventBlocksReceived (DealStatusOngoing)
Apr 03 03:10:35 > Recv: 261.1 MiB, Paid 0.000000000530687898 FIL, ClientEventBlocksReceived (DealStatusOngoing)
Apr 03 03:10:36 > Recv: 262.1 MiB, Paid 0.000000000530687898 FIL, ClientEventBlocksReceived (DealStatusOngoing)
Apr 03 03:10:37 > Recv: 263.1 MiB, Paid 0.000000000530687898 FIL, ClientEventBlocksReceived (DealStatusOngoing)
Apr 03 03:10:38 > Recv: 264.1 MiB, Paid 0.000000000530687898 FIL, ClientEventBlocksReceived (DealStatusOngoing)
Apr 03 03:10:38 > Recv: 265.1 MiB, Paid 0.000000000530687898 FIL, ClientEventBlocksReceived (DealStatusOngoing)
Apr 03 03:10:39 > Recv: 266.1 MiB, Paid 0.000000000530687898 FIL, ClientEventBlocksReceived (DealStatusOngoing)
Apr 03 03:10:39 > Recv: 267.1 MiB, Paid 0.000000000530687898 FIL, ClientEventBlocksReceived (DealStatusOngoing)
Apr 03 03:10:40 > Recv: 268.1 MiB, Paid 0.000000000530687898 FIL, ClientEventBlocksReceived (DealStatusOngoing)
Apr 03 03:10:40 > Recv: 269.1 MiB, Paid 0.000000000530687898 FIL, ClientEventBlocksReceived (DealStatusOngoing)
Apr 03 03:10:40 > Recv: 270.1 MiB, Paid 0.000000000530687898 FIL, ClientEventBlocksReceived (DealStatusOngoing)
Apr 03 03:10:41 > Recv: 271.1 MiB, Paid 0.000000000530687898 FIL, ClientEventBlocksReceived (DealStatusOngoing)
Apr 03 03:10:41 > Recv: 272.1 MiB, Paid 0.000000000530687898 FIL, ClientEventBlocksReceived (DealStatusOngoing)
Apr 03 03:10:41 > Recv: 273.1 MiB, Paid 0.000000000530687898 FIL, ClientEventBlocksReceived (DealStatusOngoing)
Apr 03 03:10:42 > Recv: 274.1 MiB, Paid 0.000000000530687898 FIL, ClientEventBlocksReceived (DealStatusOngoing)
Apr 03 03:10:42 > Recv: 275.1 MiB, Paid 0.000000000530687898 FIL, ClientEventBlocksReceived (DealStatusOngoing)
Apr 03 03:10:43 > Recv: 275.1 MiB, Paid 0.000000000530687898 FIL, ClientEventPaymentRequested (DealStatusFundsNeeded)
Apr 03 03:10:43 > Recv: 275.1 MiB, Paid 0.000000000530687898 FIL, ClientEventSendFunds (DealStatusSendFunds)
Apr 03 03:10:43 > Recv: 275.1 MiB, Paid 0.000000000578922394 FIL, ClientEventPaymentSent (DealStatusOngoing)
Apr 03 03:10:44 > Recv: 277.1 MiB, Paid 0.000000000578922394 FIL, ClientEventBlocksReceived (DealStatusOngoing)
Apr 03 03:10:46 > Recv: 278.1 MiB, Paid 0.000000000578922394 FIL, ClientEventBlocksReceived (DealStatusOngoing)
Apr 03 03:10:48 > Recv: 279.1 MiB, Paid 0.000000000578922394 FIL, ClientEventBlocksReceived (DealStatusOngoing)
Apr 03 03:10:50 > Recv: 280.1 MiB, Paid 0.000000000578922394 FIL, ClientEventBlocksReceived (DealStatusOngoing)
Apr 03 03:10:51 > Recv: 281.1 MiB, Paid 0.000000000578922394 FIL, ClientEventBlocksReceived (DealStatusOngoing)
Apr 03 03:10:53 > Recv: 282.1 MiB, Paid 0.000000000578922394 FIL, ClientEventBlocksReceived (DealStatusOngoing)
Apr 03 03:10:55 > Recv: 283.1 MiB, Paid 0.000000000578922394 FIL, ClientEventBlocksReceived (DealStatusOngoing)
Apr 03 03:10:56 > Recv: 284.1 MiB, Paid 0.000000000578922394 FIL, ClientEventBlocksReceived (DealStatusOngoing)
Apr 03 03:10:57 > Recv: 285.1 MiB, Paid 0.000000000578922394 FIL, ClientEventBlocksReceived (DealStatusOngoing)
Apr 03 03:10:59 > Recv: 286.1 MiB, Paid 0.000000000578922394 FIL, ClientEventBlocksReceived (DealStatusOngoing)
Apr 03 03:11:00 > Recv: 287.1 MiB, Paid 0.000000000578922394 FIL, ClientEventBlocksReceived (DealStatusOngoing)
Apr 03 03:11:01 > Recv: 288.1 MiB, Paid 0.000000000578922394 FIL, ClientEventBlocksReceived (DealStatusOngoing)
Apr 03 03:11:01 > Recv: 289.1 MiB, Paid 0.000000000578922394 FIL, ClientEventBlocksReceived (DealStatusOngoing)
Apr 03 03:11:02 > Recv: 290.1 MiB, Paid 0.000000000578922394 FIL, ClientEventBlocksReceived (DealStatusOngoing)
Apr 03 03:11:03 > Recv: 291.1 MiB, Paid 0.000000000578922394 FIL, ClientEventBlocksReceived (DealStatusOngoing)
Apr 03 03:11:03 > Recv: 292.1 MiB, Paid 0.000000000578922394 FIL, ClientEventBlocksReceived (DealStatusOngoing)
Apr 03 03:11:04 > Recv: 293.1 MiB, Paid 0.000000000578922394 FIL, ClientEventBlocksReceived (DealStatusOngoing)
Apr 03 03:11:04 > Recv: 294.1 MiB, Paid 0.000000000578922394 FIL, ClientEventBlocksReceived (DealStatusOngoing)
Apr 03 03:11:05 > Recv: 295.1 MiB, Paid 0.000000000578922394 FIL, ClientEventBlocksReceived (DealStatusOngoing)
Apr 03 03:11:06 > Recv: 296.1 MiB, Paid 0.000000000578922394 FIL, ClientEventBlocksReceived (DealStatusOngoing)
Apr 03 03:11:07 > Recv: 297.1 MiB, Paid 0.000000000578922394 FIL, ClientEventBlocksReceived (DealStatusOngoing)
Apr 03 03:11:09 > Recv: 298.1 MiB, Paid 0.000000000578922394 FIL, ClientEventBlocksReceived (DealStatusOngoing)
Apr 03 03:11:10 > Recv: 299.1 MiB, Paid 0.000000000578922394 FIL, ClientEventBlocksReceived (DealStatusOngoing)
Apr 03 03:11:11 > Recv: 299.1 MiB, Paid 0.000000000578922394 FIL, ClientEventPaymentRequested (DealStatusFundsNeeded)
Apr 03 03:11:11 > Recv: 299.1 MiB, Paid 0.000000000578922394 FIL, ClientEventSendFunds (DealStatusSendFunds)
Apr 03 03:11:11 > Recv: 299.1 MiB, Paid 0.000000000629254042 FIL, ClientEventPaymentSent (DealStatusOngoing)
Apr 03 03:11:13 > Recv: 301.1 MiB, Paid 0.000000000629254042 FIL, ClientEventBlocksReceived (DealStatusOngoing)
Apr 03 03:11:14 > Recv: 302.1 MiB, Paid 0.000000000629254042 FIL, ClientEventBlocksReceived (DealStatusOngoing)
Apr 03 03:11:15 > Recv: 303.1 MiB, Paid 0.000000000629254042 FIL, ClientEventBlocksReceived (DealStatusOngoing)
Apr 03 03:11:16 > Recv: 304.1 MiB, Paid 0.000000000629254042 FIL, ClientEventBlocksReceived (DealStatusOngoing)
Apr 03 03:11:17 > Recv: 305.1 MiB, Paid 0.000000000629254042 FIL, ClientEventBlocksReceived (DealStatusOngoing)
Apr 03 03:11:18 > Recv: 306.1 MiB, Paid 0.000000000629254042 FIL, ClientEventBlocksReceived (DealStatusOngoing)
Apr 03 03:11:19 > Recv: 307.1 MiB, Paid 0.000000000629254042 FIL, ClientEventBlocksReceived (DealStatusOngoing)
Apr 03 03:11:20 > Recv: 308.1 MiB, Paid 0.000000000629254042 FIL, ClientEventBlocksReceived (DealStatusOngoing)
Apr 03 03:11:21 > Recv: 309.1 MiB, Paid 0.000000000629254042 FIL, ClientEventBlocksReceived (DealStatusOngoing)
Apr 03 03:11:22 > Recv: 310.1 MiB, Paid 0.000000000629254042 FIL, ClientEventBlocksReceived (DealStatusOngoing)
Apr 03 03:11:23 > Recv: 311.1 MiB, Paid 0.000000000629254042 FIL, ClientEventBlocksReceived (DealStatusOngoing)
Apr 03 03:11:24 > Recv: 312.1 MiB, Paid 0.000000000629254042 FIL, ClientEventBlocksReceived (DealStatusOngoing)
Apr 03 03:11:24 > Recv: 313.1 MiB, Paid 0.000000000629254042 FIL, ClientEventBlocksReceived (DealStatusOngoing)
Apr 03 03:11:25 > Recv: 314.1 MiB, Paid 0.000000000629254042 FIL, ClientEventBlocksReceived (DealStatusOngoing)
Apr 03 03:11:26 > Recv: 315.1 MiB, Paid 0.000000000629254042 FIL, ClientEventBlocksReceived (DealStatusOngoing)
Apr 03 03:11:27 > Recv: 316.1 MiB, Paid 0.000000000629254042 FIL, ClientEventBlocksReceived (DealStatusOngoing)
Apr 03 03:11:28 > Recv: 317.1 MiB, Paid 0.000000000629254042 FIL, ClientEventBlocksReceived (DealStatusOngoing)
Apr 03 03:11:29 > Recv: 318.1 MiB, Paid 0.000000000629254042 FIL, ClientEventBlocksReceived (DealStatusOngoing)
Apr 03 03:11:30 > Recv: 319.1 MiB, Paid 0.000000000629254042 FIL, ClientEventBlocksReceived (DealStatusOngoing)
Apr 03 03:11:31 > Recv: 320.1 MiB, Paid 0.000000000629254042 FIL, ClientEventBlocksReceived (DealStatusOngoing)
Apr 03 03:11:32 > Recv: 321.1 MiB, Paid 0.000000000629254042 FIL, ClientEventBlocksReceived (DealStatusOngoing)
Apr 03 03:11:33 > Recv: 322.1 MiB, Paid 0.000000000629254042 FIL, ClientEventBlocksReceived (DealStatusOngoing)
Apr 03 03:11:34 > Recv: 323.1 MiB, Paid 0.000000000629254042 FIL, ClientEventBlocksReceived (DealStatusOngoing)
Apr 03 03:11:34 > Recv: 324.1 MiB, Paid 0.000000000629254042 FIL, ClientEventBlocksReceived (DealStatusOngoing)
Apr 03 03:11:35 > Recv: 324.1 MiB, Paid 0.000000000629254042 FIL, ClientEventPaymentRequested (DealStatusFundsNeeded)
Apr 03 03:11:35 > Recv: 324.1 MiB, Paid 0.000000000629254042 FIL, ClientEventSendFunds (DealStatusSendFunds)
Apr 03 03:11:35 > Recv: 324.1 MiB, Paid 0.000000000681682842 FIL, ClientEventPaymentSent (DealStatusOngoing)
Apr 03 03:11:36 > Recv: 326.1 MiB, Paid 0.000000000681682842 FIL, ClientEventBlocksReceived (DealStatusOngoing)
Apr 03 03:11:37 > Recv: 327.1 MiB, Paid 0.000000000681682842 FIL, ClientEventBlocksReceived (DealStatusOngoing)
Apr 03 03:11:38 > Recv: 328.1 MiB, Paid 0.000000000681682842 FIL, ClientEventBlocksReceived (DealStatusOngoing)
Apr 03 03:11:39 > Recv: 329.1 MiB, Paid 0.000000000681682842 FIL, ClientEventBlocksReceived (DealStatusOngoing)
Apr 03 03:11:40 > Recv: 330.1 MiB, Paid 0.000000000681682842 FIL, ClientEventBlocksReceived (DealStatusOngoing)
Apr 03 03:11:41 > Recv: 331.1 MiB, Paid 0.000000000681682842 FIL, ClientEventBlocksReceived (DealStatusOngoing)
Apr 03 03:11:42 > Recv: 332.1 MiB, Paid 0.000000000681682842 FIL, ClientEventBlocksReceived (DealStatusOngoing)
Apr 03 03:11:44 > Recv: 333.1 MiB, Paid 0.000000000681682842 FIL, ClientEventBlocksReceived (DealStatusOngoing)
Apr 03 03:11:45 > Recv: 334.1 MiB, Paid 0.000000000681682842 FIL, ClientEventBlocksReceived (DealStatusOngoing)
Apr 03 03:11:47 > Recv: 335.1 MiB, Paid 0.000000000681682842 FIL, ClientEventBlocksReceived (DealStatusOngoing)
Apr 03 03:11:49 > Recv: 336.1 MiB, Paid 0.000000000681682842 FIL, ClientEventBlocksReceived (DealStatusOngoing)
Apr 03 03:11:50 > Recv: 337.1 MiB, Paid 0.000000000681682842 FIL, ClientEventBlocksReceived (DealStatusOngoing)
Apr 03 03:11:52 > Recv: 338.1 MiB, Paid 0.000000000681682842 FIL, ClientEventBlocksReceived (DealStatusOngoing)
Apr 03 03:11:53 > Recv: 339.1 MiB, Paid 0.000000000681682842 FIL, ClientEventBlocksReceived (DealStatusOngoing)
Apr 03 03:11:55 > Recv: 340.1 MiB, Paid 0.000000000681682842 FIL, ClientEventBlocksReceived (DealStatusOngoing)
Apr 03 03:11:57 > Recv: 341.1 MiB, Paid 0.000000000681682842 FIL, ClientEventBlocksReceived (DealStatusOngoing)
Apr 03 03:11:58 > Recv: 342.1 MiB, Paid 0.000000000681682842 FIL, ClientEventBlocksReceived (DealStatusOngoing)
Apr 03 03:12:00 > Recv: 343.1 MiB, Paid 0.000000000681682842 FIL, ClientEventBlocksReceived (DealStatusOngoing)
Apr 03 03:12:01 > Recv: 344.1 MiB, Paid 0.000000000681682842 FIL, ClientEventBlocksReceived (DealStatusOngoing)
Apr 03 03:12:02 > Recv: 345.1 MiB, Paid 0.000000000681682842 FIL, ClientEventBlocksReceived (DealStatusOngoing)
Apr 03 03:12:04 > Recv: 346.1 MiB, Paid 0.000000000681682842 FIL, ClientEventBlocksReceived (DealStatusOngoing)
Apr 03 03:12:05 > Recv: 347.1 MiB, Paid 0.000000000681682842 FIL, ClientEventBlocksReceived (DealStatusOngoing)
Apr 03 03:12:05 > Recv: 348.1 MiB, Paid 0.000000000681682842 FIL, ClientEventBlocksReceived (DealStatusOngoing)
Apr 03 03:12:06 > Recv: 349.1 MiB, Paid 0.000000000681682842 FIL, ClientEventBlocksReceived (DealStatusOngoing)
Apr 03 03:12:07 > Recv: 350.1 MiB, Paid 0.000000000681682842 FIL, ClientEventBlocksReceived (DealStatusOngoing)
Apr 03 03:12:08 > Recv: 350.1 MiB, Paid 0.000000000681682842 FIL, ClientEventPaymentRequested (DealStatusFundsNeeded)
Apr 03 03:12:08 > Recv: 350.1 MiB, Paid 0.000000000681682842 FIL, ClientEventSendFunds (DealStatusSendFunds)
Apr 03 03:12:08 > Recv: 350.1 MiB, Paid 0.000000000736208794 FIL, ClientEventPaymentSent (DealStatusOngoing)
Apr 03 03:12:12 > Recv: 352.1 MiB, Paid 0.000000000736208794 FIL, ClientEventBlocksReceived (DealStatusOngoing)
Apr 03 03:12:13 > Recv: 353.1 MiB, Paid 0.000000000736208794 FIL, ClientEventBlocksReceived (DealStatusOngoing)
Apr 03 03:12:15 > Recv: 354.1 MiB, Paid 0.000000000736208794 FIL, ClientEventBlocksReceived (DealStatusOngoing)
Apr 03 03:12:16 > Recv: 355.1 MiB, Paid 0.000000000736208794 FIL, ClientEventBlocksReceived (DealStatusOngoing)
Apr 03 03:12:18 > Recv: 356.1 MiB, Paid 0.000000000736208794 FIL, ClientEventBlocksReceived (DealStatusOngoing)
Apr 03 03:12:20 > Recv: 357.1 MiB, Paid 0.000000000736208794 FIL, ClientEventBlocksReceived (DealStatusOngoing)
Apr 03 03:12:21 > Recv: 358.1 MiB, Paid 0.000000000736208794 FIL, ClientEventBlocksReceived (DealStatusOngoing)
Apr 03 03:12:22 > Recv: 359.1 MiB, Paid 0.000000000736208794 FIL, ClientEventBlocksReceived (DealStatusOngoing)
Apr 03 03:12:24 > Recv: 360.1 MiB, Paid 0.000000000736208794 FIL, ClientEventBlocksReceived (DealStatusOngoing)
Apr 03 03:12:25 > Recv: 361.1 MiB, Paid 0.000000000736208794 FIL, ClientEventBlocksReceived (DealStatusOngoing)
Apr 03 03:12:26 > Recv: 362.1 MiB, Paid 0.000000000736208794 FIL, ClientEventBlocksReceived (DealStatusOngoing)
Apr 03 03:12:27 > Recv: 363.1 MiB, Paid 0.000000000736208794 FIL, ClientEventBlocksReceived (DealStatusOngoing)
Apr 03 03:12:28 > Recv: 364.1 MiB, Paid 0.000000000736208794 FIL, ClientEventBlocksReceived (DealStatusOngoing)
Apr 03 03:12:28 > Recv: 365.1 MiB, Paid 0.000000000736208794 FIL, ClientEventBlocksReceived (DealStatusOngoing)
Apr 03 03:12:29 > Recv: 366.1 MiB, Paid 0.000000000736208794 FIL, ClientEventBlocksReceived (DealStatusOngoing)
Apr 03 03:12:30 > Recv: 367.1 MiB, Paid 0.000000000736208794 FIL, ClientEventBlocksReceived (DealStatusOngoing)
Apr 03 03:12:30 > Recv: 368.1 MiB, Paid 0.000000000736208794 FIL, ClientEventBlocksReceived (DealStatusOngoing)
Apr 03 03:12:31 > Recv: 369.1 MiB, Paid 0.000000000736208794 FIL, ClientEventBlocksReceived (DealStatusOngoing)
Apr 03 03:12:32 > Recv: 370.1 MiB, Paid 0.000000000736208794 FIL, ClientEventBlocksReceived (DealStatusOngoing)
Apr 03 03:12:32 > Recv: 371.1 MiB, Paid 0.000000000736208794 FIL, ClientEventBlocksReceived (DealStatusOngoing)
Apr 03 03:12:33 > Recv: 372.1 MiB, Paid 0.000000000736208794 FIL, ClientEventBlocksReceived (DealStatusOngoing)
Apr 03 03:12:33 > Recv: 373.1 MiB, Paid 0.000000000736208794 FIL, ClientEventBlocksReceived (DealStatusOngoing)
Apr 03 03:12:34 > Recv: 374.1 MiB, Paid 0.000000000736208794 FIL, ClientEventBlocksReceived (DealStatusOngoing)
Apr 03 03:12:35 > Recv: 375.1 MiB, Paid 0.000000000736208794 FIL, ClientEventBlocksReceived (DealStatusOngoing)
Apr 03 03:12:36 > Recv: 376.1 MiB, Paid 0.000000000736208794 FIL, ClientEventBlocksReceived (DealStatusOngoing)
Apr 03 03:12:37 > Recv: 377.1 MiB, Paid 0.000000000736208794 FIL, ClientEventBlocksReceived (DealStatusOngoing)
Apr 03 03:12:38 > Recv: 377.1 MiB, Paid 0.000000000736208794 FIL, ClientEventPaymentRequested (DealStatusFundsNeeded)
Apr 03 03:12:38 > Recv: 377.1 MiB, Paid 0.000000000736208794 FIL, ClientEventSendFunds (DealStatusSendFunds)
Apr 03 03:12:38 > Recv: 377.1 MiB, Paid 0.000000000792831898 FIL, ClientEventPaymentSent (DealStatusOngoing)
Apr 03 03:12:42 > Recv: 379.1 MiB, Paid 0.000000000792831898 FIL, ClientEventBlocksReceived (DealStatusOngoing)
Apr 03 03:12:44 > Recv: 380.1 MiB, Paid 0.000000000792831898 FIL, ClientEventBlocksReceived (DealStatusOngoing)
Apr 03 03:12:46 > Recv: 381.1 MiB, Paid 0.000000000792831898 FIL, ClientEventBlocksReceived (DealStatusOngoing)
Apr 03 03:12:48 > Recv: 382.1 MiB, Paid 0.000000000792831898 FIL, ClientEventBlocksReceived (DealStatusOngoing)
Apr 03 03:12:49 > Recv: 383.1 MiB, Paid 0.000000000792831898 FIL, ClientEventBlocksReceived (DealStatusOngoing)
Apr 03 03:12:51 > Recv: 384.1 MiB, Paid 0.000000000792831898 FIL, ClientEventBlocksReceived (DealStatusOngoing)
Apr 03 03:12:52 > Recv: 385.1 MiB, Paid 0.000000000792831898 FIL, ClientEventBlocksReceived (DealStatusOngoing)
Apr 03 03:12:53 > Recv: 386.1 MiB, Paid 0.000000000792831898 FIL, ClientEventBlocksReceived (DealStatusOngoing)
Apr 03 03:12:54 > Recv: 387.1 MiB, Paid 0.000000000792831898 FIL, ClientEventBlocksReceived (DealStatusOngoing)
Apr 03 03:12:54 > Recv: 388.1 MiB, Paid 0.000000000792831898 FIL, ClientEventBlocksReceived (DealStatusOngoing)
Apr 03 03:12:55 > Recv: 389.1 MiB, Paid 0.000000000792831898 FIL, ClientEventBlocksReceived (DealStatusOngoing)
Apr 03 03:12:56 > Recv: 390.1 MiB, Paid 0.000000000792831898 FIL, ClientEventBlocksReceived (DealStatusOngoing)
Apr 03 03:12:58 > Recv: 391.1 MiB, Paid 0.000000000792831898 FIL, ClientEventBlocksReceived (DealStatusOngoing)
Apr 03 03:12:59 > Recv: 392.1 MiB, Paid 0.000000000792831898 FIL, ClientEventBlocksReceived (DealStatusOngoing)
Apr 03 03:13:01 > Recv: 393.1 MiB, Paid 0.000000000792831898 FIL, ClientEventBlocksReceived (DealStatusOngoing)
Apr 03 03:13:03 > Recv: 394.1 MiB, Paid 0.000000000792831898 FIL, ClientEventBlocksReceived (DealStatusOngoing)
Apr 03 03:13:05 > Recv: 395.1 MiB, Paid 0.000000000792831898 FIL, ClientEventBlocksReceived (DealStatusOngoing)
Apr 03 03:13:06 > Recv: 396.1 MiB, Paid 0.000000000792831898 FIL, ClientEventBlocksReceived (DealStatusOngoing)
Apr 03 03:13:07 > Recv: 397.1 MiB, Paid 0.000000000792831898 FIL, ClientEventBlocksReceived (DealStatusOngoing)
Apr 03 03:13:08 > Recv: 398.1 MiB, Paid 0.000000000792831898 FIL, ClientEventBlocksReceived (DealStatusOngoing)
Apr 03 03:13:08 > Recv: 399.1 MiB, Paid 0.000000000792831898 FIL, ClientEventBlocksReceived (DealStatusOngoing)
Apr 03 03:13:09 > Recv: 400.1 MiB, Paid 0.000000000792831898 FIL, ClientEventBlocksReceived (DealStatusOngoing)
Apr 03 03:13:10 > Recv: 401.1 MiB, Paid 0.000000000792831898 FIL, ClientEventBlocksReceived (DealStatusOngoing)
Apr 03 03:13:11 > Recv: 402.1 MiB, Paid 0.000000000792831898 FIL, ClientEventBlocksReceived (DealStatusOngoing)
Apr 03 03:13:11 > Recv: 403.1 MiB, Paid 0.000000000792831898 FIL, ClientEventBlocksReceived (DealStatusOngoing)
Apr 03 03:13:12 > Recv: 404.1 MiB, Paid 0.000000000792831898 FIL, ClientEventBlocksReceived (DealStatusOngoing)
Apr 03 03:13:13 > Recv: 405.1 MiB, Paid 0.000000000792831898 FIL, ClientEventBlocksReceived (DealStatusOngoing)
Apr 03 03:13:14 > Recv: 405.1 MiB, Paid 0.000000000792831898 FIL, ClientEventPaymentRequested (DealStatusFundsNeeded)
Apr 03 03:13:14 > Recv: 405.1 MiB, Paid 0.000000000792831898 FIL, ClientEventSendFunds (DealStatusSendFunds)
Apr 03 03:13:14 > Recv: 405.1 MiB, Paid 0.000000000851552154 FIL, ClientEventPaymentSent (DealStatusOngoing)
Apr 03 03:13:19 > Recv: 407.1 MiB, Paid 0.000000000851552154 FIL, ClientEventBlocksReceived (DealStatusOngoing)
Apr 03 03:13:19 > Recv: 408.1 MiB, Paid 0.000000000851552154 FIL, ClientEventBlocksReceived (DealStatusOngoing)
Apr 03 03:13:20 > Recv: 409.1 MiB, Paid 0.000000000851552154 FIL, ClientEventBlocksReceived (DealStatusOngoing)
Apr 03 03:13:21 > Recv: 410.1 MiB, Paid 0.000000000851552154 FIL, ClientEventBlocksReceived (DealStatusOngoing)
Apr 03 03:13:21 > Recv: 411.1 MiB, Paid 0.000000000851552154 FIL, ClientEventBlocksReceived (DealStatusOngoing)
Apr 03 03:13:22 > Recv: 412.1 MiB, Paid 0.000000000851552154 FIL, ClientEventBlocksReceived (DealStatusOngoing)
Apr 03 03:13:23 > Recv: 413.1 MiB, Paid 0.000000000851552154 FIL, ClientEventBlocksReceived (DealStatusOngoing)
Apr 03 03:13:24 > Recv: 414.1 MiB, Paid 0.000000000851552154 FIL, ClientEventBlocksReceived (DealStatusOngoing)
Apr 03 03:13:25 > Recv: 415.1 MiB, Paid 0.000000000851552154 FIL, ClientEventBlocksReceived (DealStatusOngoing)
Apr 03 03:13:26 > Recv: 416.1 MiB, Paid 0.000000000851552154 FIL, ClientEventBlocksReceived (DealStatusOngoing)
Apr 03 03:13:27 > Recv: 417.1 MiB, Paid 0.000000000851552154 FIL, ClientEventBlocksReceived (DealStatusOngoing)
Apr 03 03:13:27 > Recv: 418.1 MiB, Paid 0.000000000851552154 FIL, ClientEventBlocksReceived (DealStatusOngoing)
Apr 03 03:13:28 > Recv: 419.1 MiB, Paid 0.000000000851552154 FIL, ClientEventBlocksReceived (DealStatusOngoing)
Apr 03 03:13:29 > Recv: 420.1 MiB, Paid 0.000000000851552154 FIL, ClientEventBlocksReceived (DealStatusOngoing)
Apr 03 03:13:30 > Recv: 421.1 MiB, Paid 0.000000000851552154 FIL, ClientEventBlocksReceived (DealStatusOngoing)
Apr 03 03:13:31 > Recv: 422.1 MiB, Paid 0.000000000851552154 FIL, ClientEventBlocksReceived (DealStatusOngoing)
Apr 03 03:13:31 > Recv: 423.1 MiB, Paid 0.000000000851552154 FIL, ClientEventBlocksReceived (DealStatusOngoing)
Apr 03 03:13:32 > Recv: 424.1 MiB, Paid 0.000000000851552154 FIL, ClientEventBlocksReceived (DealStatusOngoing)
Apr 03 03:13:32 > Recv: 425.1 MiB, Paid 0.000000000851552154 FIL, ClientEventBlocksReceived (DealStatusOngoing)
Apr 03 03:13:33 > Recv: 426.1 MiB, Paid 0.000000000851552154 FIL, ClientEventBlocksReceived (DealStatusOngoing)
Apr 03 03:13:35 > Recv: 427.1 MiB, Paid 0.000000000851552154 FIL, ClientEventBlocksReceived (DealStatusOngoing)
Apr 03 03:13:35 > Recv: 428.1 MiB, Paid 0.000000000851552154 FIL, ClientEventBlocksReceived (DealStatusOngoing)
Apr 03 03:13:36 > Recv: 429.1 MiB, Paid 0.000000000851552154 FIL, ClientEventBlocksReceived (DealStatusOngoing)
Apr 03 03:13:37 > Recv: 430.1 MiB, Paid 0.000000000851552154 FIL, ClientEventBlocksReceived (DealStatusOngoing)
Apr 03 03:13:38 > Recv: 431.1 MiB, Paid 0.000000000851552154 FIL, ClientEventBlocksReceived (DealStatusOngoing)
Apr 03 03:13:40 > Recv: 432.1 MiB, Paid 0.000000000851552154 FIL, ClientEventBlocksReceived (DealStatusOngoing)
Apr 03 03:13:41 > Recv: 433.1 MiB, Paid 0.000000000851552154 FIL, ClientEventBlocksReceived (DealStatusOngoing)
Apr 03 03:13:43 > Recv: 434.1 MiB, Paid 0.000000000851552154 FIL, ClientEventBlocksReceived (DealStatusOngoing)
Apr 03 03:13:44 > Recv: 434.1 MiB, Paid 0.000000000851552154 FIL, ClientEventPaymentRequested (DealStatusFundsNeeded)
Apr 03 03:13:44 > Recv: 434.1 MiB, Paid 0.000000000851552154 FIL, ClientEventSendFunds (DealStatusSendFunds)
Apr 03 03:13:44 > Recv: 434.1 MiB, Paid 0.000000000912369562 FIL, ClientEventPaymentSent (DealStatusOngoing)
Apr 03 03:13:49 > Recv: 436.1 MiB, Paid 0.000000000912369562 FIL, ClientEventBlocksReceived (DealStatusOngoing)
Apr 03 03:13:50 > Recv: 437.1 MiB, Paid 0.000000000912369562 FIL, ClientEventBlocksReceived (DealStatusOngoing)
Apr 03 03:13:52 > Recv: 438.1 MiB, Paid 0.000000000912369562 FIL, ClientEventBlocksReceived (DealStatusOngoing)
Apr 03 03:13:54 > Recv: 439.1 MiB, Paid 0.000000000912369562 FIL, ClientEventBlocksReceived (DealStatusOngoing)
Apr 03 03:13:56 > Recv: 440.1 MiB, Paid 0.000000000912369562 FIL, ClientEventBlocksReceived (DealStatusOngoing)
Apr 03 03:13:58 > Recv: 441.1 MiB, Paid 0.000000000912369562 FIL, ClientEventBlocksReceived (DealStatusOngoing)
Apr 03 03:14:01 > Recv: 442.1 MiB, Paid 0.000000000912369562 FIL, ClientEventBlocksReceived (DealStatusOngoing)
Apr 03 03:14:04 > Recv: 443.1 MiB, Paid 0.000000000912369562 FIL, ClientEventBlocksReceived (DealStatusOngoing)
Apr 03 03:14:06 > Recv: 444.1 MiB, Paid 0.000000000912369562 FIL, ClientEventBlocksReceived (DealStatusOngoing)
Apr 03 03:14:08 > Recv: 445.1 MiB, Paid 0.000000000912369562 FIL, ClientEventBlocksReceived (DealStatusOngoing)
Apr 03 03:14:09 > Recv: 446.1 MiB, Paid 0.000000000912369562 FIL, ClientEventBlocksReceived (DealStatusOngoing)
Apr 03 03:14:10 > Recv: 447.1 MiB, Paid 0.000000000912369562 FIL, ClientEventBlocksReceived (DealStatusOngoing)
Apr 03 03:14:11 > Recv: 448.1 MiB, Paid 0.000000000912369562 FIL, ClientEventBlocksReceived (DealStatusOngoing)
Apr 03 03:14:12 > Recv: 449.1 MiB, Paid 0.000000000912369562 FIL, ClientEventBlocksReceived (DealStatusOngoing)
Apr 03 03:14:12 > Recv: 450.1 MiB, Paid 0.000000000912369562 FIL, ClientEventBlocksReceived (DealStatusOngoing)
Apr 03 03:14:13 > Recv: 451.1 MiB, Paid 0.000000000912369562 FIL, ClientEventBlocksReceived (DealStatusOngoing)
Apr 03 03:14:13 > Recv: 452.1 MiB, Paid 0.000000000912369562 FIL, ClientEventBlocksReceived (DealStatusOngoing)
Apr 03 03:14:14 > Recv: 453.1 MiB, Paid 0.000000000912369562 FIL, ClientEventBlocksReceived (DealStatusOngoing)
Apr 03 03:14:14 > Recv: 454.1 MiB, Paid 0.000000000912369562 FIL, ClientEventBlocksReceived (DealStatusOngoing)
Apr 03 03:14:15 > Recv: 455.1 MiB, Paid 0.000000000912369562 FIL, ClientEventBlocksReceived (DealStatusOngoing)
Apr 03 03:14:16 > Recv: 456.1 MiB, Paid 0.000000000912369562 FIL, ClientEventBlocksReceived (DealStatusOngoing)
Apr 03 03:14:16 > Recv: 457.1 MiB, Paid 0.000000000912369562 FIL, ClientEventBlocksReceived (DealStatusOngoing)
Apr 03 03:14:17 > Recv: 458.1 MiB, Paid 0.000000000912369562 FIL, ClientEventBlocksReceived (DealStatusOngoing)
Apr 03 03:14:17 > Recv: 459.1 MiB, Paid 0.000000000912369562 FIL, ClientEventBlocksReceived (DealStatusOngoing)
Apr 03 03:14:18 > Recv: 460.1 MiB, Paid 0.000000000912369562 FIL, ClientEventBlocksReceived (DealStatusOngoing)
Apr 03 03:14:18 > Recv: 461.1 MiB, Paid 0.000000000912369562 FIL, ClientEventBlocksReceived (DealStatusOngoing)
Apr 03 03:14:19 > Recv: 462.1 MiB, Paid 0.000000000912369562 FIL, ClientEventBlocksReceived (DealStatusOngoing)
Apr 03 03:14:20 > Recv: 463.1 MiB, Paid 0.000000000912369562 FIL, ClientEventBlocksReceived (DealStatusOngoing)
Apr 03 03:14:20 > Recv: 464.1 MiB, Paid 0.000000000912369562 FIL, ClientEventBlocksReceived (DealStatusOngoing)
Apr 03 03:14:21 > Recv: 464.1 MiB, Paid 0.000000000912369562 FIL, ClientEventPaymentRequested (DealStatusFundsNeeded)
Apr 03 03:14:21 > Recv: 464.1 MiB, Paid 0.000000000912369562 FIL, ClientEventSendFunds (DealStatusSendFunds)
Apr 03 03:14:21 > Recv: 464.1 MiB, Paid 0.000000000975284122 FIL, ClientEventPaymentSent (DealStatusOngoing)
Apr 03 03:14:21 > Recv: 465.1 MiB, Paid 0.000000000975284122 FIL, ClientEventBlocksReceived (DealStatusOngoing)
Apr 03 03:14:32 > Recv: 466.1 MiB, Paid 0.000000000975284122 FIL, ClientEventBlocksReceived (DealStatusOngoing)
Apr 03 03:14:33 > Recv: 467.1 MiB, Paid 0.000000000975284122 FIL, ClientEventBlocksReceived (DealStatusOngoing)
Apr 03 03:14:34 > Recv: 468.1 MiB, Paid 0.000000000975284122 FIL, ClientEventBlocksReceived (DealStatusOngoing)
Apr 03 03:14:34 > Recv: 469.1 MiB, Paid 0.000000000975284122 FIL, ClientEventBlocksReceived (DealStatusOngoing)
Apr 03 03:14:35 > Recv: 470.1 MiB, Paid 0.000000000975284122 FIL, ClientEventBlocksReceived (DealStatusOngoing)
Apr 03 03:14:36 > Recv: 471.1 MiB, Paid 0.000000000975284122 FIL, ClientEventBlocksReceived (DealStatusOngoing)
Apr 03 03:14:37 > Recv: 472.1 MiB, Paid 0.000000000975284122 FIL, ClientEventBlocksReceived (DealStatusOngoing)
Apr 03 03:14:38 > Recv: 473.1 MiB, Paid 0.000000000975284122 FIL, ClientEventBlocksReceived (DealStatusOngoing)
Apr 03 03:14:39 > Recv: 474.1 MiB, Paid 0.000000000975284122 FIL, ClientEventBlocksReceived (DealStatusOngoing)
Apr 03 03:14:39 > Recv: 475.1 MiB, Paid 0.000000000975284122 FIL, ClientEventBlocksReceived (DealStatusOngoing)
Apr 03 03:14:40 > Recv: 476.1 MiB, Paid 0.000000000975284122 FIL, ClientEventBlocksReceived (DealStatusOngoing)
Apr 03 03:14:41 > Recv: 477.1 MiB, Paid 0.000000000975284122 FIL, ClientEventBlocksReceived (DealStatusOngoing)
Apr 03 03:14:42 > Recv: 478.1 MiB, Paid 0.000000000975284122 FIL, ClientEventBlocksReceived (DealStatusOngoing)
Apr 03 03:14:42 > Recv: 479.1 MiB, Paid 0.000000000975284122 FIL, ClientEventBlocksReceived (DealStatusOngoing)
Apr 03 03:14:43 > Recv: 480.1 MiB, Paid 0.000000000975284122 FIL, ClientEventBlocksReceived (DealStatusOngoing)
Apr 03 03:14:44 > Recv: 481.1 MiB, Paid 0.000000000975284122 FIL, ClientEventBlocksReceived (DealStatusOngoing)
Apr 03 03:14:45 > Recv: 482.1 MiB, Paid 0.000000000975284122 FIL, ClientEventBlocksReceived (DealStatusOngoing)
Apr 03 03:14:46 > Recv: 483.1 MiB, Paid 0.000000000975284122 FIL, ClientEventBlocksReceived (DealStatusOngoing)
Apr 03 03:14:46 > Recv: 484.1 MiB, Paid 0.000000000975284122 FIL, ClientEventBlocksReceived (DealStatusOngoing)
Apr 03 03:14:47 > Recv: 485.1 MiB, Paid 0.000000000975284122 FIL, ClientEventBlocksReceived (DealStatusOngoing)
Apr 03 03:14:48 > Recv: 486.1 MiB, Paid 0.000000000975284122 FIL, ClientEventBlocksReceived (DealStatusOngoing)
Apr 03 03:14:48 > Recv: 487.1 MiB, Paid 0.000000000975284122 FIL, ClientEventBlocksReceived (DealStatusOngoing)
Apr 03 03:14:49 > Recv: 488.1 MiB, Paid 0.000000000975284122 FIL, ClientEventBlocksReceived (DealStatusOngoing)
Apr 03 03:14:49 > Recv: 489.1 MiB, Paid 0.000000000975284122 FIL, ClientEventBlocksReceived (DealStatusOngoing)
Apr 03 03:14:50 > Recv: 490.1 MiB, Paid 0.000000000975284122 FIL, ClientEventBlocksReceived (DealStatusOngoing)
Apr 03 03:14:51 > Recv: 491.1 MiB, Paid 0.000000000975284122 FIL, ClientEventBlocksReceived (DealStatusOngoing)
Apr 03 03:14:51 > Recv: 492.1 MiB, Paid 0.000000000975284122 FIL, ClientEventBlocksReceived (DealStatusOngoing)
Apr 03 03:14:52 > Recv: 493.1 MiB, Paid 0.000000000975284122 FIL, ClientEventBlocksReceived (DealStatusOngoing)
Apr 03 03:14:53 > Recv: 494.1 MiB, Paid 0.000000000975284122 FIL, ClientEventBlocksReceived (DealStatusOngoing)
Apr 03 03:14:53 > Recv: 495.1 MiB, Paid 0.000000000975284122 FIL, ClientEventBlocksReceived (DealStatusOngoing)
Apr 03 03:14:54 > Recv: 495.1 MiB, Paid 0.000000000975284122 FIL, ClientEventPaymentRequested (DealStatusFundsNeeded)
Apr 03 03:14:54 > Recv: 495.1 MiB, Paid 0.000000000975284122 FIL, ClientEventSendFunds (DealStatusSendFunds)
Apr 03 03:14:54 > Recv: 495.1 MiB, Paid 0.000000001040295834 FIL, ClientEventPaymentSent (DealStatusOngoing)
Apr 03 03:15:12 > Recv: 497.1 MiB, Paid 0.000000001040295834 FIL, ClientEventBlocksReceived (DealStatusOngoing)
Apr 03 03:15:13 > Recv: 498.1 MiB, Paid 0.000000001040295834 FIL, ClientEventBlocksReceived (DealStatusOngoing)
Apr 03 03:15:14 > Recv: 499.1 MiB, Paid 0.000000001040295834 FIL, ClientEventBlocksReceived (DealStatusOngoing)
Apr 03 03:15:15 > Recv: 500.1 MiB, Paid 0.000000001040295834 FIL, ClientEventBlocksReceived (DealStatusOngoing)
Apr 03 03:15:15 > Recv: 501.1 MiB, Paid 0.000000001040295834 FIL, ClientEventBlocksReceived (DealStatusOngoing)
Apr 03 03:15:16 > Recv: 502.1 MiB, Paid 0.000000001040295834 FIL, ClientEventBlocksReceived (DealStatusOngoing)
Apr 03 03:15:16 > Recv: 503.1 MiB, Paid 0.000000001040295834 FIL, ClientEventBlocksReceived (DealStatusOngoing)
Apr 03 03:15:17 > Recv: 504.1 MiB, Paid 0.000000001040295834 FIL, ClientEventBlocksReceived (DealStatusOngoing)
Apr 03 03:15:18 > Recv: 505.1 MiB, Paid 0.000000001040295834 FIL, ClientEventBlocksReceived (DealStatusOngoing)
Apr 03 03:15:18 > Recv: 506.1 MiB, Paid 0.000000001040295834 FIL, ClientEventBlocksReceived (DealStatusOngoing)
Apr 03 03:15:19 > Recv: 507.1 MiB, Paid 0.000000001040295834 FIL, ClientEventBlocksReceived (DealStatusOngoing)
Apr 03 03:15:19 > Recv: 508.1 MiB, Paid 0.000000001040295834 FIL, ClientEventBlocksReceived (DealStatusOngoing)
Apr 03 03:15:20 > Recv: 509.1 MiB, Paid 0.000000001040295834 FIL, ClientEventBlocksReceived (DealStatusOngoing)
Apr 03 03:15:20 > Recv: 510.1 MiB, Paid 0.000000001040295834 FIL, ClientEventBlocksReceived (DealStatusOngoing)
Apr 03 03:15:21 > Recv: 511.1 MiB, Paid 0.000000001040295834 FIL, ClientEventBlocksReceived (DealStatusOngoing)
Apr 03 03:15:21 > Recv: 512.1 MiB, Paid 0.000000001040295834 FIL, ClientEventBlocksReceived (DealStatusOngoing)
Apr 03 03:15:22 > Recv: 513.1 MiB, Paid 0.000000001040295834 FIL, ClientEventBlocksReceived (DealStatusOngoing)
Apr 03 03:15:22 > Recv: 514.1 MiB, Paid 0.000000001040295834 FIL, ClientEventBlocksReceived (DealStatusOngoing)
Apr 03 03:15:22 > Recv: 515.1 MiB, Paid 0.000000001040295834 FIL, ClientEventBlocksReceived (DealStatusOngoing)
Apr 03 03:15:23 > Recv: 516.1 MiB, Paid 0.000000001040295834 FIL, ClientEventBlocksReceived (DealStatusOngoing)
Apr 03 03:15:23 > Recv: 517.1 MiB, Paid 0.000000001040295834 FIL, ClientEventBlocksReceived (DealStatusOngoing)
Apr 03 03:15:23 > Recv: 518.1 MiB, Paid 0.000000001040295834 FIL, ClientEventBlocksReceived (DealStatusOngoing)
Apr 03 03:15:24 > Recv: 519.1 MiB, Paid 0.000000001040295834 FIL, ClientEventBlocksReceived (DealStatusOngoing)
Apr 03 03:15:24 > Recv: 520.1 MiB, Paid 0.000000001040295834 FIL, ClientEventBlocksReceived (DealStatusOngoing)
Apr 03 03:15:25 > Recv: 521.1 MiB, Paid 0.000000001040295834 FIL, ClientEventBlocksReceived (DealStatusOngoing)
Apr 03 03:15:26 > Recv: 522.1 MiB, Paid 0.000000001040295834 FIL, ClientEventBlocksReceived (DealStatusOngoing)
Apr 03 03:15:27 > Recv: 523.1 MiB, Paid 0.000000001040295834 FIL, ClientEventBlocksReceived (DealStatusOngoing)
Apr 03 03:15:27 > Recv: 524.1 MiB, Paid 0.000000001040295834 FIL, ClientEventBlocksReceived (DealStatusOngoing)
Apr 03 03:15:28 > Recv: 525.1 MiB, Paid 0.000000001040295834 FIL, ClientEventBlocksReceived (DealStatusOngoing)
Apr 03 03:15:29 > Recv: 526.1 MiB, Paid 0.000000001040295834 FIL, ClientEventBlocksReceived (DealStatusOngoing)
Apr 03 03:15:30 > Recv: 527.1 MiB, Paid 0.000000001040295834 FIL, ClientEventBlocksReceived (DealStatusOngoing)
Apr 03 03:15:31 > Recv: 527.1 MiB, Paid 0.000000001040295834 FIL, ClientEventPaymentRequested (DealStatusFundsNeeded)
Apr 03 03:15:31 > Recv: 527.1 MiB, Paid 0.000000001040295834 FIL, ClientEventSendFunds (DealStatusSendFunds)
Apr 03 03:15:31 > Recv: 527.1 MiB, Paid 0.000000001107404698 FIL, ClientEventPaymentSent (DealStatusOngoing)
Apr 03 03:15:51 > Recv: 529.1 MiB, Paid 0.000000001107404698 FIL, ClientEventBlocksReceived (DealStatusOngoing)
Apr 03 03:15:52 > Recv: 530.1 MiB, Paid 0.000000001107404698 FIL, ClientEventBlocksReceived (DealStatusOngoing)
Apr 03 03:15:54 > Recv: 531.1 MiB, Paid 0.000000001107404698 FIL, ClientEventBlocksReceived (DealStatusOngoing)
Apr 03 03:15:56 > Recv: 532.1 MiB, Paid 0.000000001107404698 FIL, ClientEventBlocksReceived (DealStatusOngoing)
Apr 03 03:15:58 > Recv: 533.1 MiB, Paid 0.000000001107404698 FIL, ClientEventBlocksReceived (DealStatusOngoing)
Apr 03 03:16:00 > Recv: 534.1 MiB, Paid 0.000000001107404698 FIL, ClientEventBlocksReceived (DealStatusOngoing)
Apr 03 03:16:01 > Recv: 535.1 MiB, Paid 0.000000001107404698 FIL, ClientEventBlocksReceived (DealStatusOngoing)
Apr 03 03:16:03 > Recv: 536.1 MiB, Paid 0.000000001107404698 FIL, ClientEventBlocksReceived (DealStatusOngoing)
Apr 03 03:16:04 > Recv: 537.1 MiB, Paid 0.000000001107404698 FIL, ClientEventBlocksReceived (DealStatusOngoing)
Apr 03 03:16:05 > Recv: 538.1 MiB, Paid 0.000000001107404698 FIL, ClientEventBlocksReceived (DealStatusOngoing)
Apr 03 03:16:06 > Recv: 539.1 MiB, Paid 0.000000001107404698 FIL, ClientEventBlocksReceived (DealStatusOngoing)
Apr 03 03:16:06 > Recv: 540.1 MiB, Paid 0.000000001107404698 FIL, ClientEventBlocksReceived (DealStatusOngoing)
Apr 03 03:16:07 > Recv: 541.1 MiB, Paid 0.000000001107404698 FIL, ClientEventBlocksReceived (DealStatusOngoing)
Apr 03 03:16:08 > Recv: 542.1 MiB, Paid 0.000000001107404698 FIL, ClientEventBlocksReceived (DealStatusOngoing)
Apr 03 03:16:09 > Recv: 543.1 MiB, Paid 0.000000001107404698 FIL, ClientEventBlocksReceived (DealStatusOngoing)
Apr 03 03:16:09 > Recv: 544.1 MiB, Paid 0.000000001107404698 FIL, ClientEventBlocksReceived (DealStatusOngoing)
Apr 03 03:16:10 > Recv: 545.1 MiB, Paid 0.000000001107404698 FIL, ClientEventBlocksReceived (DealStatusOngoing)
Apr 03 03:16:11 > Recv: 546.1 MiB, Paid 0.000000001107404698 FIL, ClientEventBlocksReceived (DealStatusOngoing)
Apr 03 03:16:12 > Recv: 547.1 MiB, Paid 0.000000001107404698 FIL, ClientEventBlocksReceived (DealStatusOngoing)
Apr 03 03:16:13 > Recv: 548.1 MiB, Paid 0.000000001107404698 FIL, ClientEventBlocksReceived (DealStatusOngoing)
Apr 03 03:16:14 > Recv: 549.1 MiB, Paid 0.000000001107404698 FIL, ClientEventBlocksReceived (DealStatusOngoing)
Apr 03 03:16:15 > Recv: 550.1 MiB, Paid 0.000000001107404698 FIL, ClientEventBlocksReceived (DealStatusOngoing)
Apr 03 03:16:15 > Recv: 551.1 MiB, Paid 0.000000001107404698 FIL, ClientEventBlocksReceived (DealStatusOngoing)
Apr 03 03:16:16 > Recv: 552.1 MiB, Paid 0.000000001107404698 FIL, ClientEventBlocksReceived (DealStatusOngoing)
Apr 03 03:16:17 > Recv: 553.1 MiB, Paid 0.000000001107404698 FIL, ClientEventBlocksReceived (DealStatusOngoing)
Apr 03 03:16:18 > Recv: 554.1 MiB, Paid 0.000000001107404698 FIL, ClientEventBlocksReceived (DealStatusOngoing)
Apr 03 03:16:19 > Recv: 555.1 MiB, Paid 0.000000001107404698 FIL, ClientEventBlocksReceived (DealStatusOngoing)
Apr 03 03:16:20 > Recv: 556.1 MiB, Paid 0.000000001107404698 FIL, ClientEventBlocksReceived (DealStatusOngoing)
Apr 03 03:16:21 > Recv: 557.1 MiB, Paid 0.000000001107404698 FIL, ClientEventBlocksReceived (DealStatusOngoing)
Apr 03 03:16:21 > Recv: 558.1 MiB, Paid 0.000000001107404698 FIL, ClientEventBlocksReceived (DealStatusOngoing)
Apr 03 03:16:22 > Recv: 559.1 MiB, Paid 0.000000001107404698 FIL, ClientEventBlocksReceived (DealStatusOngoing)
Apr 03 03:16:23 > Recv: 560.1 MiB, Paid 0.000000001107404698 FIL, ClientEventBlocksReceived (DealStatusOngoing)
Apr 03 03:16:23 > Recv: 560.1 MiB, Paid 0.000000001107404698 FIL, ClientEventPaymentRequested (DealStatusFundsNeeded)
Apr 03 03:16:23 > Recv: 560.1 MiB, Paid 0.000000001107404698 FIL, ClientEventSendFunds (DealStatusSendFunds)
Apr 03 03:16:23 > Recv: 560.1 MiB, Paid 0.000000001176610714 FIL, ClientEventPaymentSent (DealStatusOngoing)
Apr 03 03:16:54 > Recv: 562.1 MiB, Paid 0.000000001176610714 FIL, ClientEventBlocksReceived (DealStatusOngoing)
Apr 03 03:16:55 > Recv: 563.1 MiB, Paid 0.000000001176610714 FIL, ClientEventBlocksReceived (DealStatusOngoing)
Apr 03 03:16:56 > Recv: 564.1 MiB, Paid 0.000000001176610714 FIL, ClientEventBlocksReceived (DealStatusOngoing)
Apr 03 03:16:56 > Recv: 565.1 MiB, Paid 0.000000001176610714 FIL, ClientEventBlocksReceived (DealStatusOngoing)
Apr 03 03:16:57 > Recv: 566.1 MiB, Paid 0.000000001176610714 FIL, ClientEventBlocksReceived (DealStatusOngoing)
Apr 03 03:16:58 > Recv: 567.1 MiB, Paid 0.000000001176610714 FIL, ClientEventBlocksReceived (DealStatusOngoing)
Apr 03 03:16:58 > Recv: 568.1 MiB, Paid 0.000000001176610714 FIL, ClientEventBlocksReceived (DealStatusOngoing)
Apr 03 03:16:59 > Recv: 569.1 MiB, Paid 0.000000001176610714 FIL, ClientEventBlocksReceived (DealStatusOngoing)
Apr 03 03:17:00 > Recv: 570.1 MiB, Paid 0.000000001176610714 FIL, ClientEventBlocksReceived (DealStatusOngoing)
Apr 03 03:17:01 > Recv: 571.1 MiB, Paid 0.000000001176610714 FIL, ClientEventBlocksReceived (DealStatusOngoing)
Apr 03 03:17:01 > Recv: 572.1 MiB, Paid 0.000000001176610714 FIL, ClientEventBlocksReceived (DealStatusOngoing)
Apr 03 03:17:02 > Recv: 573.1 MiB, Paid 0.000000001176610714 FIL, ClientEventBlocksReceived (DealStatusOngoing)
Apr 03 03:17:03 > Recv: 574.1 MiB, Paid 0.000000001176610714 FIL, ClientEventBlocksReceived (DealStatusOngoing)
Apr 03 03:17:03 > Recv: 575.1 MiB, Paid 0.000000001176610714 FIL, ClientEventBlocksReceived (DealStatusOngoing)
Apr 03 03:17:04 > Recv: 576.1 MiB, Paid 0.000000001176610714 FIL, ClientEventBlocksReceived (DealStatusOngoing)
Apr 03 03:17:06 > Recv: 577.1 MiB, Paid 0.000000001176610714 FIL, ClientEventBlocksReceived (DealStatusOngoing)
Apr 03 03:17:07 > Recv: 578.1 MiB, Paid 0.000000001176610714 FIL, ClientEventBlocksReceived (DealStatusOngoing)
Apr 03 03:17:08 > Recv: 579.1 MiB, Paid 0.000000001176610714 FIL, ClientEventBlocksReceived (DealStatusOngoing)
Apr 03 03:17:09 > Recv: 580.1 MiB, Paid 0.000000001176610714 FIL, ClientEventBlocksReceived (DealStatusOngoing)
Apr 03 03:17:09 > Recv: 581.1 MiB, Paid 0.000000001176610714 FIL, ClientEventBlocksReceived (DealStatusOngoing)
Apr 03 03:17:10 > Recv: 582.1 MiB, Paid 0.000000001176610714 FIL, ClientEventBlocksReceived (DealStatusOngoing)
Apr 03 03:17:11 > Recv: 583.1 MiB, Paid 0.000000001176610714 FIL, ClientEventBlocksReceived (DealStatusOngoing)
Apr 03 03:17:11 > Recv: 584.1 MiB, Paid 0.000000001176610714 FIL, ClientEventBlocksReceived (DealStatusOngoing)
Apr 03 03:17:12 > Recv: 585.1 MiB, Paid 0.000000001176610714 FIL, ClientEventBlocksReceived (DealStatusOngoing)
Apr 03 03:17:13 > Recv: 586.1 MiB, Paid 0.000000001176610714 FIL, ClientEventBlocksReceived (DealStatusOngoing)
Apr 03 03:17:14 > Recv: 587.1 MiB, Paid 0.000000001176610714 FIL, ClientEventBlocksReceived (DealStatusOngoing)
Apr 03 03:17:15 > Recv: 588.1 MiB, Paid 0.000000001176610714 FIL, ClientEventBlocksReceived (DealStatusOngoing)
Apr 03 03:17:16 > Recv: 589.1 MiB, Paid 0.000000001176610714 FIL, ClientEventBlocksReceived (DealStatusOngoing)
Apr 03 03:17:17 > Recv: 590.1 MiB, Paid 0.000000001176610714 FIL, ClientEventBlocksReceived (DealStatusOngoing)
Apr 03 03:17:18 > Recv: 591.1 MiB, Paid 0.000000001176610714 FIL, ClientEventBlocksReceived (DealStatusOngoing)
Apr 03 03:17:19 > Recv: 592.1 MiB, Paid 0.000000001176610714 FIL, ClientEventBlocksReceived (DealStatusOngoing)
Apr 03 03:17:20 > Recv: 593.1 MiB, Paid 0.000000001176610714 FIL, ClientEventBlocksReceived (DealStatusOngoing)
Apr 03 03:17:21 > Recv: 594.1 MiB, Paid 0.000000001176610714 FIL, ClientEventBlocksReceived (DealStatusOngoing)
Apr 03 03:17:22 > Recv: 594.1 MiB, Paid 0.000000001176610714 FIL, ClientEventPaymentRequested (DealStatusFundsNeeded)
Apr 03 03:17:22 > Recv: 594.1 MiB, Paid 0.000000001176610714 FIL, ClientEventSendFunds (DealStatusSendFunds)
Apr 03 03:17:22 > Recv: 594.1 MiB, Paid 0.000000001247913882 FIL, ClientEventPaymentSent (DealStatusOngoing)
Apr 03 03:18:07 > Recv: 596.1 MiB, Paid 0.000000001247913882 FIL, ClientEventBlocksReceived (DealStatusOngoing)
Apr 03 03:18:08 > Recv: 597.1 MiB, Paid 0.000000001247913882 FIL, ClientEventBlocksReceived (DealStatusOngoing)
Apr 03 03:18:10 > Recv: 598.1 MiB, Paid 0.000000001247913882 FIL, ClientEventBlocksReceived (DealStatusOngoing)
Apr 03 03:18:11 > Recv: 599.1 MiB, Paid 0.000000001247913882 FIL, ClientEventBlocksReceived (DealStatusOngoing)
Apr 03 03:18:12 > Recv: 600.1 MiB, Paid 0.000000001247913882 FIL, ClientEventBlocksReceived (DealStatusOngoing)
Apr 03 03:18:14 > Recv: 601.1 MiB, Paid 0.000000001247913882 FIL, ClientEventBlocksReceived (DealStatusOngoing)
Apr 03 03:18:15 > Recv: 602.1 MiB, Paid 0.000000001247913882 FIL, ClientEventBlocksReceived (DealStatusOngoing)
Apr 03 03:18:16 > Recv: 603.1 MiB, Paid 0.000000001247913882 FIL, ClientEventBlocksReceived (DealStatusOngoing)
Apr 03 03:18:18 > Recv: 604.1 MiB, Paid 0.000000001247913882 FIL, ClientEventBlocksReceived (DealStatusOngoing)
Apr 03 03:18:19 > Recv: 605.1 MiB, Paid 0.000000001247913882 FIL, ClientEventBlocksReceived (DealStatusOngoing)
Apr 03 03:18:20 > Recv: 606.1 MiB, Paid 0.000000001247913882 FIL, ClientEventBlocksReceived (DealStatusOngoing)
Apr 03 03:18:21 > Recv: 607.1 MiB, Paid 0.000000001247913882 FIL, ClientEventBlocksReceived (DealStatusOngoing)
Apr 03 03:18:21 > Recv: 608.1 MiB, Paid 0.000000001247913882 FIL, ClientEventBlocksReceived (DealStatusOngoing)
Apr 03 03:18:22 > Recv: 609.1 MiB, Paid 0.000000001247913882 FIL, ClientEventBlocksReceived (DealStatusOngoing)
Apr 03 03:18:22 > Recv: 610.1 MiB, Paid 0.000000001247913882 FIL, ClientEventBlocksReceived (DealStatusOngoing)
Apr 03 03:18:22 > Recv: 611.1 MiB, Paid 0.000000001247913882 FIL, ClientEventBlocksReceived (DealStatusOngoing)
Apr 03 03:18:23 > Recv: 612.1 MiB, Paid 0.000000001247913882 FIL, ClientEventBlocksReceived (DealStatusOngoing)
Apr 03 03:18:23 > Recv: 613.1 MiB, Paid 0.000000001247913882 FIL, ClientEventBlocksReceived (DealStatusOngoing)
Apr 03 03:18:23 > Recv: 614.1 MiB, Paid 0.000000001247913882 FIL, ClientEventBlocksReceived (DealStatusOngoing)
Apr 03 03:18:23 > Recv: 615.1 MiB, Paid 0.000000001247913882 FIL, ClientEventBlocksReceived (DealStatusOngoing)
Apr 03 03:18:24 > Recv: 616.1 MiB, Paid 0.000000001247913882 FIL, ClientEventBlocksReceived (DealStatusOngoing)
Apr 03 03:18:24 > Recv: 617.1 MiB, Paid 0.000000001247913882 FIL, ClientEventBlocksReceived (DealStatusOngoing)
Apr 03 03:18:24 > Recv: 618.1 MiB, Paid 0.000000001247913882 FIL, ClientEventBlocksReceived (DealStatusOngoing)
Apr 03 03:18:24 > Recv: 619.1 MiB, Paid 0.000000001247913882 FIL, ClientEventBlocksReceived (DealStatusOngoing)
Apr 03 03:18:24 > Recv: 620.1 MiB, Paid 0.000000001247913882 FIL, ClientEventBlocksReceived (DealStatusOngoing)
Apr 03 03:18:25 > Recv: 621.1 MiB, Paid 0.000000001247913882 FIL, ClientEventBlocksReceived (DealStatusOngoing)
Apr 03 03:18:25 > Recv: 622.1 MiB, Paid 0.000000001247913882 FIL, ClientEventBlocksReceived (DealStatusOngoing)
Apr 03 03:18:26 > Recv: 623.1 MiB, Paid 0.000000001247913882 FIL, ClientEventBlocksReceived (DealStatusOngoing)
Apr 03 03:18:26 > Recv: 624.1 MiB, Paid 0.000000001247913882 FIL, ClientEventBlocksReceived (DealStatusOngoing)
Apr 03 03:18:26 > Recv: 625.1 MiB, Paid 0.000000001247913882 FIL, ClientEventBlocksReceived (DealStatusOngoing)
Apr 03 03:18:27 > Recv: 626.1 MiB, Paid 0.000000001247913882 FIL, ClientEventBlocksReceived (DealStatusOngoing)
Apr 03 03:18:27 > Recv: 627.1 MiB, Paid 0.000000001247913882 FIL, ClientEventBlocksReceived (DealStatusOngoing)
Apr 03 03:18:28 > Recv: 628.1 MiB, Paid 0.000000001247913882 FIL, ClientEventBlocksReceived (DealStatusOngoing)
Apr 03 03:18:28 > Recv: 629.1 MiB, Paid 0.000000001247913882 FIL, ClientEventBlocksReceived (DealStatusOngoing)
Apr 03 03:18:29 > Recv: 629.1 MiB, Paid 0.000000001247913882 FIL, ClientEventPaymentRequested (DealStatusFundsNeeded)
Apr 03 03:18:29 > Recv: 629.1 MiB, Paid 0.000000001247913882 FIL, ClientEventSendFunds (DealStatusSendFunds)
Apr 03 03:18:29 > Recv: 629.1 MiB, Paid 0.000000001321314202 FIL, ClientEventPaymentSent (DealStatusOngoing)
Apr 03 03:19:29 > Recv: 631.1 MiB, Paid 0.000000001321314202 FIL, ClientEventBlocksReceived (DealStatusOngoing)
Apr 03 03:19:29 > Recv: 632.1 MiB, Paid 0.000000001321314202 FIL, ClientEventBlocksReceived (DealStatusOngoing)
Apr 03 03:19:30 > Recv: 633.1 MiB, Paid 0.000000001321314202 FIL, ClientEventBlocksReceived (DealStatusOngoing)
Apr 03 03:19:30 > Recv: 634.1 MiB, Paid 0.000000001321314202 FIL, ClientEventBlocksReceived (DealStatusOngoing)
Apr 03 03:19:31 > Recv: 635.1 MiB, Paid 0.000000001321314202 FIL, ClientEventBlocksReceived (DealStatusOngoing)
Apr 03 03:19:31 > Recv: 636.1 MiB, Paid 0.000000001321314202 FIL, ClientEventBlocksReceived (DealStatusOngoing)
Apr 03 03:19:32 > Recv: 637.1 MiB, Paid 0.000000001321314202 FIL, ClientEventBlocksReceived (DealStatusOngoing)
Apr 03 03:19:33 > Recv: 638.1 MiB, Paid 0.000000001321314202 FIL, ClientEventBlocksReceived (DealStatusOngoing)
Apr 03 03:19:33 > Recv: 639.1 MiB, Paid 0.000000001321314202 FIL, ClientEventBlocksReceived (DealStatusOngoing)
Apr 03 03:19:34 > Recv: 640.1 MiB, Paid 0.000000001321314202 FIL, ClientEventBlocksReceived (DealStatusOngoing)
Apr 03 03:19:35 > Recv: 641.1 MiB, Paid 0.000000001321314202 FIL, ClientEventBlocksReceived (DealStatusOngoing)
Apr 03 03:19:35 > Recv: 642.1 MiB, Paid 0.000000001321314202 FIL, ClientEventBlocksReceived (DealStatusOngoing)
Apr 03 03:19:36 > Recv: 643.1 MiB, Paid 0.000000001321314202 FIL, ClientEventBlocksReceived (DealStatusOngoing)
Apr 03 03:19:37 > Recv: 644.1 MiB, Paid 0.000000001321314202 FIL, ClientEventBlocksReceived (DealStatusOngoing)
Apr 03 03:19:37 > Recv: 645.1 MiB, Paid 0.000000001321314202 FIL, ClientEventBlocksReceived (DealStatusOngoing)
Apr 03 03:19:38 > Recv: 646.1 MiB, Paid 0.000000001321314202 FIL, ClientEventBlocksReceived (DealStatusOngoing)
Apr 03 03:19:39 > Recv: 647.1 MiB, Paid 0.000000001321314202 FIL, ClientEventBlocksReceived (DealStatusOngoing)
Apr 03 03:19:40 > Recv: 648.1 MiB, Paid 0.000000001321314202 FIL, ClientEventBlocksReceived (DealStatusOngoing)
Apr 03 03:19:40 > Recv: 649.1 MiB, Paid 0.000000001321314202 FIL, ClientEventBlocksReceived (DealStatusOngoing)
Apr 03 03:19:41 > Recv: 650.1 MiB, Paid 0.000000001321314202 FIL, ClientEventBlocksReceived (DealStatusOngoing)
Apr 03 03:19:42 > Recv: 651.1 MiB, Paid 0.000000001321314202 FIL, ClientEventBlocksReceived (DealStatusOngoing)
Apr 03 03:19:42 > Recv: 652.1 MiB, Paid 0.000000001321314202 FIL, ClientEventBlocksReceived (DealStatusOngoing)
Apr 03 03:19:43 > Recv: 653.1 MiB, Paid 0.000000001321314202 FIL, ClientEventBlocksReceived (DealStatusOngoing)
Apr 03 03:19:44 > Recv: 654.1 MiB, Paid 0.000000001321314202 FIL, ClientEventBlocksReceived (DealStatusOngoing)
Apr 03 03:19:44 > Recv: 655.1 MiB, Paid 0.000000001321314202 FIL, ClientEventBlocksReceived (DealStatusOngoing)
Apr 03 03:19:45 > Recv: 656.1 MiB, Paid 0.000000001321314202 FIL, ClientEventBlocksReceived (DealStatusOngoing)
Apr 03 03:19:46 > Recv: 657.1 MiB, Paid 0.000000001321314202 FIL, ClientEventBlocksReceived (DealStatusOngoing)
Apr 03 03:19:46 > Recv: 658.1 MiB, Paid 0.000000001321314202 FIL, ClientEventBlocksReceived (DealStatusOngoing)
Apr 03 03:19:47 > Recv: 659.1 MiB, Paid 0.000000001321314202 FIL, ClientEventBlocksReceived (DealStatusOngoing)
Apr 03 03:19:47 > Recv: 660.1 MiB, Paid 0.000000001321314202 FIL, ClientEventBlocksReceived (DealStatusOngoing)
Apr 03 03:19:48 > Recv: 661.1 MiB, Paid 0.000000001321314202 FIL, ClientEventBlocksReceived (DealStatusOngoing)
Apr 03 03:19:48 > Recv: 662.1 MiB, Paid 0.000000001321314202 FIL, ClientEventBlocksReceived (DealStatusOngoing)
Apr 03 03:19:49 > Recv: 663.1 MiB, Paid 0.000000001321314202 FIL, ClientEventBlocksReceived (DealStatusOngoing)
Apr 03 03:19:49 > Recv: 664.1 MiB, Paid 0.000000001321314202 FIL, ClientEventBlocksReceived (DealStatusOngoing)
Apr 03 03:19:50 > Recv: 665.1 MiB, Paid 0.000000001321314202 FIL, ClientEventBlocksReceived (DealStatusOngoing)
Apr 03 03:19:50 > Recv: 665.1 MiB, Paid 0.000000001321314202 FIL, ClientEventPaymentRequested (DealStatusFundsNeeded)
Apr 03 03:19:50 > Recv: 665.1 MiB, Paid 0.000000001321314202 FIL, ClientEventSendFunds (DealStatusSendFunds)
Apr 03 03:19:50 > Recv: 665.1 MiB, Paid 0.000000001396811674 FIL, ClientEventPaymentSent (DealStatusOngoing)
Apr 03 03:20:40 > Recv: 667.1 MiB, Paid 0.000000001396811674 FIL, ClientEventBlocksReceived (DealStatusOngoing)
Apr 03 03:20:40 > Recv: 668.1 MiB, Paid 0.000000001396811674 FIL, ClientEventBlocksReceived (DealStatusOngoing)
Apr 03 03:20:40 > Recv: 669.1 MiB, Paid 0.000000001396811674 FIL, ClientEventBlocksReceived (DealStatusOngoing)
Apr 03 03:20:40 > Recv: 670.1 MiB, Paid 0.000000001396811674 FIL, ClientEventBlocksReceived (DealStatusOngoing)
Apr 03 03:20:40 > Recv: 671.1 MiB, Paid 0.000000001396811674 FIL, ClientEventBlocksReceived (DealStatusOngoing)
Apr 03 03:20:40 > Recv: 672.1 MiB, Paid 0.000000001396811674 FIL, ClientEventBlocksReceived (DealStatusOngoing)
Apr 03 03:20:40 > Recv: 673.1 MiB, Paid 0.000000001396811674 FIL, ClientEventBlocksReceived (DealStatusOngoing)
Apr 03 03:20:40 > Recv: 674.1 MiB, Paid 0.000000001396811674 FIL, ClientEventBlocksReceived (DealStatusOngoing)
Apr 03 03:20:40 > Recv: 675.1 MiB, Paid 0.000000001396811674 FIL, ClientEventBlocksReceived (DealStatusOngoing)
Apr 03 03:20:40 > Recv: 676.1 MiB, Paid 0.000000001396811674 FIL, ClientEventBlocksReceived (DealStatusOngoing)
Apr 03 03:20:40 > Recv: 677.1 MiB, Paid 0.000000001396811674 FIL, ClientEventBlocksReceived (DealStatusOngoing)
Apr 03 03:20:40 > Recv: 678.1 MiB, Paid 0.000000001396811674 FIL, ClientEventBlocksReceived (DealStatusOngoing)
Apr 03 03:20:40 > Recv: 679.1 MiB, Paid 0.000000001396811674 FIL, ClientEventBlocksReceived (DealStatusOngoing)
Apr 03 03:20:40 > Recv: 680.1 MiB, Paid 0.000000001396811674 FIL, ClientEventBlocksReceived (DealStatusOngoing)
Apr 03 03:20:40 > Recv: 681.1 MiB, Paid 0.000000001396811674 FIL, ClientEventBlocksReceived (DealStatusOngoing)
Apr 03 03:20:40 > Recv: 682.1 MiB, Paid 0.000000001396811674 FIL, ClientEventBlocksReceived (DealStatusOngoing)
Apr 03 03:20:40 > Recv: 683.1 MiB, Paid 0.000000001396811674 FIL, ClientEventBlocksReceived (DealStatusOngoing)
Apr 03 03:20:40 > Recv: 684.1 MiB, Paid 0.000000001396811674 FIL, ClientEventBlocksReceived (DealStatusOngoing)
Apr 03 03:20:40 > Recv: 685.1 MiB, Paid 0.000000001396811674 FIL, ClientEventBlocksReceived (DealStatusOngoing)
Apr 03 03:20:40 > Recv: 686.1 MiB, Paid 0.000000001396811674 FIL, ClientEventBlocksReceived (DealStatusOngoing)
Apr 03 03:20:40 > Recv: 687.1 MiB, Paid 0.000000001396811674 FIL, ClientEventBlocksReceived (DealStatusOngoing)
Apr 03 03:20:40 > Recv: 688.1 MiB, Paid 0.000000001396811674 FIL, ClientEventBlocksReceived (DealStatusOngoing)
Apr 03 03:20:40 > Recv: 689.1 MiB, Paid 0.000000001396811674 FIL, ClientEventBlocksReceived (DealStatusOngoing)
Apr 03 03:20:40 > Recv: 690.1 MiB, Paid 0.000000001396811674 FIL, ClientEventBlocksReceived (DealStatusOngoing)
Apr 03 03:20:40 > Recv: 691.1 MiB, Paid 0.000000001396811674 FIL, ClientEventBlocksReceived (DealStatusOngoing)
Apr 03 03:20:40 > Recv: 692.1 MiB, Paid 0.000000001396811674 FIL, ClientEventBlocksReceived (DealStatusOngoing)
Apr 03 03:20:40 > Recv: 693.1 MiB, Paid 0.000000001396811674 FIL, ClientEventBlocksReceived (DealStatusOngoing)
Apr 03 03:20:40 > Recv: 694.1 MiB, Paid 0.000000001396811674 FIL, ClientEventBlocksReceived (DealStatusOngoing)
Apr 03 03:20:40 > Recv: 695.1 MiB, Paid 0.000000001396811674 FIL, ClientEventBlocksReceived (DealStatusOngoing)
Apr 03 03:20:40 > Recv: 696.1 MiB, Paid 0.000000001396811674 FIL, ClientEventBlocksReceived (DealStatusOngoing)
Apr 03 03:20:40 > Recv: 697.1 MiB, Paid 0.000000001396811674 FIL, ClientEventBlocksReceived (DealStatusOngoing)
Apr 03 03:20:40 > Recv: 698.1 MiB, Paid 0.000000001396811674 FIL, ClientEventBlocksReceived (DealStatusOngoing)
Apr 03 03:20:40 > Recv: 699.1 MiB, Paid 0.000000001396811674 FIL, ClientEventBlocksReceived (DealStatusOngoing)
Apr 03 03:20:40 > Recv: 700.1 MiB, Paid 0.000000001396811674 FIL, ClientEventBlocksReceived (DealStatusOngoing)
Apr 03 03:20:40 > Recv: 701.1 MiB, Paid 0.000000001396811674 FIL, ClientEventBlocksReceived (DealStatusOngoing)
Apr 03 03:20:40 > Recv: 702.1 MiB, Paid 0.000000001396811674 FIL, ClientEventBlocksReceived (DealStatusOngoing)
Apr 03 03:20:40 > Recv: 702.1 MiB, Paid 0.000000001396811674 FIL, ClientEventPaymentRequested (DealStatusFundsNeeded)
Apr 03 03:20:40 > Recv: 702.1 MiB, Paid 0.000000001396811674 FIL, ClientEventSendFunds (DealStatusSendFunds)
Apr 03 03:20:40 > Recv: 702.1 MiB, Paid 0.000000001474406298 FIL, ClientEventPaymentSent (DealStatusOngoing)
Apr 03 03:20:48 > Recv: 704.1 MiB, Paid 0.000000001474406298 FIL, ClientEventBlocksReceived (DealStatusOngoing)
Apr 03 03:20:49 > Recv: 705.1 MiB, Paid 0.000000001474406298 FIL, ClientEventBlocksReceived (DealStatusOngoing)
Apr 03 03:20:49 > Recv: 706.1 MiB, Paid 0.000000001474406298 FIL, ClientEventBlocksReceived (DealStatusOngoing)
Apr 03 03:20:49 > Recv: 707.1 MiB, Paid 0.000000001474406298 FIL, ClientEventBlocksReceived (DealStatusOngoing)
Apr 03 03:20:49 > Recv: 708.1 MiB, Paid 0.000000001474406298 FIL, ClientEventBlocksReceived (DealStatusOngoing)
Apr 03 03:20:50 > Recv: 709.1 MiB, Paid 0.000000001474406298 FIL, ClientEventBlocksReceived (DealStatusOngoing)
Apr 03 03:20:50 > Recv: 710.1 MiB, Paid 0.000000001474406298 FIL, ClientEventBlocksReceived (DealStatusOngoing)
Apr 03 03:20:51 > Recv: 711.1 MiB, Paid 0.000000001474406298 FIL, ClientEventBlocksReceived (DealStatusOngoing)
Apr 03 03:20:53 > Recv: 712.1 MiB, Paid 0.000000001474406298 FIL, ClientEventBlocksReceived (DealStatusOngoing)
Apr 03 03:20:54 > Recv: 713.1 MiB, Paid 0.000000001474406298 FIL, ClientEventBlocksReceived (DealStatusOngoing)
Apr 03 03:20:56 > Recv: 714.1 MiB, Paid 0.000000001474406298 FIL, ClientEventBlocksReceived (DealStatusOngoing)
Apr 03 03:20:58 > Recv: 715.1 MiB, Paid 0.000000001474406298 FIL, ClientEventBlocksReceived (DealStatusOngoing)
Apr 03 03:20:58 > Recv: 716.1 MiB, Paid 0.000000001474406298 FIL, ClientEventBlocksReceived (DealStatusOngoing)
Apr 03 03:20:59 > Recv: 717.1 MiB, Paid 0.000000001474406298 FIL, ClientEventBlocksReceived (DealStatusOngoing)
Apr 03 03:21:00 > Recv: 718.1 MiB, Paid 0.000000001474406298 FIL, ClientEventBlocksReceived (DealStatusOngoing)
Apr 03 03:21:01 > Recv: 719.1 MiB, Paid 0.000000001474406298 FIL, ClientEventBlocksReceived (DealStatusOngoing)
Apr 03 03:21:02 > Recv: 720.1 MiB, Paid 0.000000001474406298 FIL, ClientEventBlocksReceived (DealStatusOngoing)
Apr 03 03:21:04 > Recv: 721.1 MiB, Paid 0.000000001474406298 FIL, ClientEventBlocksReceived (DealStatusOngoing)
Apr 03 03:21:05 > Recv: 722.1 MiB, Paid 0.000000001474406298 FIL, ClientEventBlocksReceived (DealStatusOngoing)
Apr 03 03:21:06 > Recv: 723.1 MiB, Paid 0.000000001474406298 FIL, ClientEventBlocksReceived (DealStatusOngoing)
Apr 03 03:21:08 > Recv: 724.1 MiB, Paid 0.000000001474406298 FIL, ClientEventBlocksReceived (DealStatusOngoing)
Apr 03 03:21:09 > Recv: 725.1 MiB, Paid 0.000000001474406298 FIL, ClientEventBlocksReceived (DealStatusOngoing)
Apr 03 03:21:10 > Recv: 726.1 MiB, Paid 0.000000001474406298 FIL, ClientEventBlocksReceived (DealStatusOngoing)
Apr 03 03:21:11 > Recv: 727.1 MiB, Paid 0.000000001474406298 FIL, ClientEventBlocksReceived (DealStatusOngoing)
Apr 03 03:21:13 > Recv: 728.1 MiB, Paid 0.000000001474406298 FIL, ClientEventBlocksReceived (DealStatusOngoing)
Apr 03 03:21:14 > Recv: 729.1 MiB, Paid 0.000000001474406298 FIL, ClientEventBlocksReceived (DealStatusOngoing)
Apr 03 03:21:15 > Recv: 730.1 MiB, Paid 0.000000001474406298 FIL, ClientEventBlocksReceived (DealStatusOngoing)
Apr 03 03:21:16 > Recv: 731.1 MiB, Paid 0.000000001474406298 FIL, ClientEventBlocksReceived (DealStatusOngoing)
Apr 03 03:21:18 > Recv: 732.1 MiB, Paid 0.000000001474406298 FIL, ClientEventBlocksReceived (DealStatusOngoing)
Apr 03 03:21:19 > Recv: 733.1 MiB, Paid 0.000000001474406298 FIL, ClientEventBlocksReceived (DealStatusOngoing)
Apr 03 03:21:20 > Recv: 734.1 MiB, Paid 0.000000001474406298 FIL, ClientEventBlocksReceived (DealStatusOngoing)
Apr 03 03:21:21 > Recv: 735.1 MiB, Paid 0.000000001474406298 FIL, ClientEventBlocksReceived (DealStatusOngoing)
Apr 03 03:21:23 > Recv: 736.1 MiB, Paid 0.000000001474406298 FIL, ClientEventBlocksReceived (DealStatusOngoing)
Apr 03 03:21:27 > Recv: 737.1 MiB, Paid 0.000000001474406298 FIL, ClientEventBlocksReceived (DealStatusOngoing)
Apr 03 03:21:29 > Recv: 738.1 MiB, Paid 0.000000001474406298 FIL, ClientEventBlocksReceived (DealStatusOngoing)
Apr 03 03:21:32 > Recv: 739.1 MiB, Paid 0.000000001474406298 FIL, ClientEventBlocksReceived (DealStatusOngoing)
Apr 03 03:21:36 > Recv: 740.1 MiB, Paid 0.000000001474406298 FIL, ClientEventBlocksReceived (DealStatusOngoing)
Apr 03 03:21:39 > Recv: 740.1 MiB, Paid 0.000000001474406298 FIL, ClientEventPaymentRequested (DealStatusFundsNeeded)
Apr 03 03:21:39 > Recv: 740.1 MiB, Paid 0.000000001474406298 FIL, ClientEventSendFunds (DealStatusSendFunds)
Apr 03 03:21:39 > Recv: 740.1 MiB, Paid 0.000000001554098074 FIL, ClientEventPaymentSent (DealStatusOngoing)
Apr 03 03:21:43 > Recv: 742.1 MiB, Paid 0.000000001554098074 FIL, ClientEventBlocksReceived (DealStatusOngoing)
Apr 03 03:21:47 > Recv: 743.1 MiB, Paid 0.000000001554098074 FIL, ClientEventBlocksReceived (DealStatusOngoing)
Apr 03 03:21:51 > Recv: 744.1 MiB, Paid 0.000000001554098074 FIL, ClientEventBlocksReceived (DealStatusOngoing)
Apr 03 03:21:54 > Recv: 745.1 MiB, Paid 0.000000001554098074 FIL, ClientEventBlocksReceived (DealStatusOngoing)
Apr 03 03:21:56 > Recv: 746.1 MiB, Paid 0.000000001554098074 FIL, ClientEventBlocksReceived (DealStatusOngoing)
Apr 03 03:21:58 > Recv: 747.1 MiB, Paid 0.000000001554098074 FIL, ClientEventBlocksReceived (DealStatusOngoing)
Apr 03 03:21:59 > Recv: 748.1 MiB, Paid 0.000000001554098074 FIL, ClientEventBlocksReceived (DealStatusOngoing)
Apr 03 03:22:01 > Recv: 749.1 MiB, Paid 0.000000001554098074 FIL, ClientEventBlocksReceived (DealStatusOngoing)
Apr 03 03:22:04 > Recv: 750.1 MiB, Paid 0.000000001554098074 FIL, ClientEventBlocksReceived (DealStatusOngoing)
Apr 03 03:22:06 > Recv: 751.1 MiB, Paid 0.000000001554098074 FIL, ClientEventBlocksReceived (DealStatusOngoing)
Apr 03 03:22:08 > Recv: 752.1 MiB, Paid 0.000000001554098074 FIL, ClientEventBlocksReceived (DealStatusOngoing)
Apr 03 03:22:10 > Recv: 753.1 MiB, Paid 0.000000001554098074 FIL, ClientEventBlocksReceived (DealStatusOngoing)
Apr 03 03:22:12 > Recv: 754.1 MiB, Paid 0.000000001554098074 FIL, ClientEventBlocksReceived (DealStatusOngoing)
Apr 03 03:22:14 > Recv: 755.1 MiB, Paid 0.000000001554098074 FIL, ClientEventBlocksReceived (DealStatusOngoing)
Apr 03 03:22:15 > Recv: 756.1 MiB, Paid 0.000000001554098074 FIL, ClientEventBlocksReceived (DealStatusOngoing)
Apr 03 03:22:18 > Recv: 757.1 MiB, Paid 0.000000001554098074 FIL, ClientEventBlocksReceived (DealStatusOngoing)
Apr 03 03:22:20 > Recv: 758.1 MiB, Paid 0.000000001554098074 FIL, ClientEventBlocksReceived (DealStatusOngoing)
Apr 03 03:22:22 > Recv: 759.1 MiB, Paid 0.000000001554098074 FIL, ClientEventBlocksReceived (DealStatusOngoing)
Apr 03 03:22:24 > Recv: 760.1 MiB, Paid 0.000000001554098074 FIL, ClientEventBlocksReceived (DealStatusOngoing)
Apr 03 03:22:26 > Recv: 761.1 MiB, Paid 0.000000001554098074 FIL, ClientEventBlocksReceived (DealStatusOngoing)
Apr 03 03:22:28 > Recv: 762.1 MiB, Paid 0.000000001554098074 FIL, ClientEventBlocksReceived (DealStatusOngoing)
Apr 03 03:22:30 > Recv: 763.1 MiB, Paid 0.000000001554098074 FIL, ClientEventBlocksReceived (DealStatusOngoing)
Apr 03 03:22:32 > Recv: 764.1 MiB, Paid 0.000000001554098074 FIL, ClientEventBlocksReceived (DealStatusOngoing)
Apr 03 03:22:34 > Recv: 765.1 MiB, Paid 0.000000001554098074 FIL, ClientEventBlocksReceived (DealStatusOngoing)
Apr 03 03:22:37 > Recv: 766.1 MiB, Paid 0.000000001554098074 FIL, ClientEventBlocksReceived (DealStatusOngoing)
Apr 03 03:22:40 > Recv: 767.1 MiB, Paid 0.000000001554098074 FIL, ClientEventBlocksReceived (DealStatusOngoing)
Apr 03 03:22:45 > Recv: 768.1 MiB, Paid 0.000000001554098074 FIL, ClientEventBlocksReceived (DealStatusOngoing)
Apr 03 07:01:31 ERROR: retrieval timed out
Apr 03 07:01:31 
Apr 03 07:01:31 Command exited with non-zero status 124
Apr 03 07:01:31 4.16user 0.26system 4:00:00elapsed 0%CPU (0avgtext+0avgdata 74840maxresident)k
Apr 03 07:01:31 0inputs+0outputs (0major+11842minor)pagefaults 0swaps
