Apr 03 03:10:31 1234
Apr 03 03:10:31 eyJhbGciOiJIUzI1NiIsInR5cCI6IkpXVCJ9.eyJBbGxvdyI6WyJyZWFkIiwid3JpdGUiLCJzaWduIiwiYWRtaW4iXX0.RzY4hBx900NTgTTAA7E-5suH8551qNnu4IWj05cheAs
Apr 03 03:10:31 Loading deals f0421499
Apr 03 03:10:31 f0421499 1 minimal_finality_stateroots_616300_2021-03-26_22-00-00.car.aa
Apr 03 03:10:31 f0421499 2 minimal_finality_stateroots_616300_2021-03-26_22-00-00.car.ab
Apr 03 03:10:31 f0421499 3 minimal_finality_stateroots_620860_2021-03-28_12-00-00.car.aa
Apr 03 03:10:31 f0421499 4 minimal_finality_stateroots_620860_2021-03-28_12-00-00.car.ab
Apr 03 03:10:31 f0421499 5 minimal_finality_stateroots_624460_2021-03-29_18-00-00.car.aa
Apr 03 03:10:31 f0421499 6 minimal_finality_stateroots_624460_2021-03-29_18-00-00.car.ab
Apr 03 03:10:31 f0421499 7 minimal_finality_stateroots_627340_2021-03-30_18-00-00.car.aa
Apr 03 03:10:31 f0421499 8 minimal_finality_stateroots_627340_2021-03-30_18-00-00.car.ab
Apr 03 03:10:31 1 minimal_finality_stateroots_627340_2021-03-30_18-00-00.car.ab
Apr 03 03:10:31 f08403-1652750 f019551-1652790
Apr 03 03:10:32 Mpool pending 1, skipping + sleeping 30s
Apr 03 03:11:02 Mpool pending 1, skipping + sleeping 30s
Apr 03 03:11:32 
Apr 03 03:11:33 0 minimal_finality_stateroots_620860_2021-03-28_12-00-00.car.ab
Apr 03 03:11:33 f071624-1643068 f09848-1642933 f019551-1645164 f01278-1645170 f08403-1645178 f022352-1652238 f058369-1652461 f0145874-1652527 f023467-1652489 f099608-1652792
Apr 03 03:11:37 Already have log for f071624 1643068 bafykbzacedqs6z3a56hasssv234ddhav7zgrlaukfnj6norlu4deptzsezn6g
Apr 03 03:11:38 Already have log for f09848 1642933 bafykbzacedqs6z3a56hasssv234ddhav7zgrlaukfnj6norlu4deptzsezn6g
Apr 03 03:11:39 Already have log for f019551 1645164 bafykbzacedqs6z3a56hasssv234ddhav7zgrlaukfnj6norlu4deptzsezn6g
Apr 03 03:11:40 Already have log for f01278 1645170 bafykbzacedqs6z3a56hasssv234ddhav7zgrlaukfnj6norlu4deptzsezn6g
Apr 03 03:11:42 Already have log for f08403 1645178 bafykbzacedqs6z3a56hasssv234ddhav7zgrlaukfnj6norlu4deptzsezn6g
Apr 03 03:11:43 Retrieving f022352 1652238 bafykbzacedqs6z3a56hasssv234ddhav7zgrlaukfnj6norlu4deptzsezn6g
Apr 03 03:11:43   % Total    % Received % Xferd  Average Speed   Time    Time     Time  Current
Apr 03 03:11:43                                  Dload  Upload   Total   Spent    Left  Speed
Apr 03 03:11:51   0     0    0     0    0     0      0      0 --:--:-- --:--:-- --:--:--     0100   177    0     0  100   177      0    147  0:00:01  0:00:01 --:--:--   147100   177    0     0  100   177      0     80  0:00:02  0:00:02 --:--:--    80100   177    0     0  100   177      0     55  0:00:03  0:00:03 --:--:--    55100   177    0     0  100   177      0     42  0:00:04  0:00:04 --:--:--    42100   177    0     0  100   177      0     34  0:00:05  0:00:05 --:--:--    34100   177    0     0  100   177      0     28  0:00:06  0:00:06 --:--:--     0100   177    0     0  100   177      0     24  0:00:07  0:00:07 --:--:--     0100   177    0     0  100   177      0     21  0:00:08  0:00:08 --:--:--     0100   563  100   386  100   177     44     20  0:00:08  0:00:08 --:--:--    86
Apr 03 03:11:51 {"jsonrpc":"2.0","result":{"Err":"","Root":{"/":"bafykbzacedqs6z3a56hasssv234ddhav7zgrlaukfnj6norlu4deptzsezn6g"},"Piece":null,"Size":34359738368,"MinPrice":"68719476736","UnsealPrice":"0","PaymentInterval":1048576,"PaymentIntervalIncrease":1048576,"Miner":"f019559","MinerPeer":{"Address":"f022352","ID":"12D3KooWDaYp2U3XiDeYvXVruQ5BwGUxwobQA62fASdvZGZVb4n8","PieceCID":null}},"id":1}
Apr 03 03:12:05 > Recv: 0 B, Paid 0 FIL, ClientEventOpen (DealStatusNew)
Apr 03 03:12:05 > Recv: 0 B, Paid 0 FIL, ClientEventDealProposed (DealStatusWaitForAcceptance)
Apr 03 03:12:39 > Recv: 0 B, Paid 0 FIL, ClientEventDealAccepted (DealStatusAccepted)
Apr 03 03:12:39 > Recv: 0 B, Paid 0 FIL, ClientEventPaymentChannelAddingFunds (DealStatusPaymentChannelAddingInitialFunds)
Apr 03 03:16:00 > Recv: 0 B, Paid 0 FIL, ClientEventPaymentChannelReady (DealStatusPaymentChannelAllocatingLane)
Apr 03 03:16:00 > Recv: 0 B, Paid 0 FIL, ClientEventLaneAllocated (DealStatusOngoing)
