Apr 03 02:59:17 1234
Apr 03 02:59:17 eyJhbGciOiJIUzI1NiIsInR5cCI6IkpXVCJ9.eyJBbGxvdyI6WyJyZWFkIiwid3JpdGUiLCJzaWduIiwiYWRtaW4iXX0.RzY4hBx900NTgTTAA7E-5suH8551qNnu4IWj05cheAs
Apr 03 02:59:17 Loading deals f0421499
Apr 03 02:59:17 f0421499 1 minimal_finality_stateroots_616300_2021-03-26_22-00-00.car.aa
Apr 03 02:59:17 f0421499 2 minimal_finality_stateroots_616300_2021-03-26_22-00-00.car.ab
Apr 03 02:59:17 f0421499 3 minimal_finality_stateroots_620860_2021-03-28_12-00-00.car.aa
Apr 03 02:59:17 f0421499 4 minimal_finality_stateroots_620860_2021-03-28_12-00-00.car.ab
Apr 03 02:59:17 f0421499 5 minimal_finality_stateroots_624460_2021-03-29_18-00-00.car.aa
Apr 03 02:59:17 f0421499 6 minimal_finality_stateroots_624460_2021-03-29_18-00-00.car.ab
Apr 03 02:59:17 f0421499 7 minimal_finality_stateroots_627340_2021-03-30_18-00-00.car.aa
Apr 03 02:59:17 f0421499 8 minimal_finality_stateroots_627340_2021-03-30_18-00-00.car.ab
Apr 03 02:59:17 1 minimal_finality_stateroots_627340_2021-03-30_18-00-00.car.aa
Apr 03 02:59:17 f09848-1652857 f019551-1651158 f066596-1652487 f022163-1652788
Apr 03 02:59:17 Mpool pending 2, skipping + sleeping 30s
Apr 03 02:59:47 Retrieving f019551 1651158 bafykbzaceaoebu76qzfrijr63ghpslqqzgcqneq75lfbrdhp5v7l3dtv6n2j4
Apr 03 02:59:47   % Total    % Received % Xferd  Average Speed   Time    Time     Time  Current
Apr 03 02:59:47                                  Dload  Upload   Total   Spent    Left  Speed
Apr 03 02:59:51   0     0    0     0    0     0      0      0 --:--:-- --:--:-- --:--:--     0100   177    0     0  100   177      0    885 --:--:-- --:--:-- --:--:--   880100   177    0     0  100   177      0    147  0:00:01  0:00:01 --:--:--   147100   177    0     0  100   177      0     80  0:00:02  0:00:02 --:--:--    80100   177    0     0  100   177      0     55  0:00:03  0:00:03 --:--:--    55100   568  100   391  100   177    110     49  0:00:03  0:00:03 --:--:--   160
Apr 03 02:59:51 {"jsonrpc":"2.0","result":{"Err":"","Root":{"/":"bafykbzaceaoebu76qzfrijr63ghpslqqzgcqneq75lfbrdhp5v7l3dtv6n2j4"},"Piece":null,"Size":34359738368,"MinPrice":"31988916420608","UnsealPrice":"0","PaymentInterval":33554432,"PaymentIntervalIncrease":33554432,"Miner":"f019519","MinerPeer":{"Address":"f019551","ID":"12D3KooWQKi3L61jRSYfwDMAA2xJVWxhXFUchAg15uk6fFQEK6S3","PieceCID":null}},"id":1}
Apr 03 02:59:56 > Recv: 0 B, Paid 0 FIL, ClientEventOpen (DealStatusNew)
Apr 03 02:59:56 ERROR: retrieval failed: Retrieve failed: there is an active retrieval deal with peer 12D3KooWQKi3L61jRSYfwDMAA2xJVWxhXFUchAg15uk6fFQEK6S3 for payload CID bafykbzaceaoebu76qzfrijr63ghpslqqzgcqneq75lfbrdhp5v7l3dtv6n2j4 (retrieval deal ID 2028, state DealStatusPaymentChannelAddingInitialFunds) - existing deal must be cancelled before starting a new retrieval deal
Apr 03 02:59:56 
Apr 03 02:59:56 Command exited with non-zero status 1
Apr 03 02:59:56 0.17user 0.01system 0:05.54elapsed 3%CPU (0avgtext+0avgdata 73496maxresident)k
Apr 03 02:59:56 0inputs+0outputs (0major+11235minor)pagefaults 0swaps
Apr 03 02:59:57 f0421499: 23.188075274551027759 FIL (733G free)
Apr 03 02:59:57 Skipping ahead
Apr 03 02:59:57 
Apr 03 02:59:58 1 minimal_finality_stateroots_624460_2021-03-29_18-00-00.car.ab
Apr 03 02:59:58 f099608-1652417 f01240-1652718 f022163-1652787
Apr 03 02:59:58 Mpool pending 1, skipping + sleeping 30s
Apr 03 03:00:28 Mpool pending 1, skipping + sleeping 30s
Apr 03 03:00:58 Already have log for f022163 1652787 bafykbzaceazee5wr2xtg4gpmjeo65uawsjx5i7kpxlv6h75hinjfqc7sg72sa
Apr 03 03:00:59 
Apr 03 03:01:00 0 minimal_finality_stateroots_616300_2021-03-26_22-00-00.car.aa
Apr 03 03:01:00 f023971-1638943 f0157535-1639420 f015927-1639425 f066596-1639456 f071624-1640606 f08403-1641409 f01234-1640777 f023467-1641041 f019551-1641211 f022352-1642427
Apr 03 03:01:00 Already have log for f023971 1638943 bafykbzacedoze6ckqa36rd7sxv7pcpjhugbbdnfssif2meiivcykvcvqup5h2
Apr 03 03:01:01 Already have log for f0157535 1639420 bafykbzacedoze6ckqa36rd7sxv7pcpjhugbbdnfssif2meiivcykvcvqup5h2
Apr 03 03:01:06 Already have log for f015927 1639425 bafykbzacedoze6ckqa36rd7sxv7pcpjhugbbdnfssif2meiivcykvcvqup5h2
Apr 03 03:01:07 Already have log for f066596 1639456 bafykbzacedoze6ckqa36rd7sxv7pcpjhugbbdnfssif2meiivcykvcvqup5h2
Apr 03 03:01:09 Already have log for f071624 1640606 bafykbzacedoze6ckqa36rd7sxv7pcpjhugbbdnfssif2meiivcykvcvqup5h2
Apr 03 03:01:10 Already have log for f08403 1641409 bafykbzacedoze6ckqa36rd7sxv7pcpjhugbbdnfssif2meiivcykvcvqup5h2
Apr 03 03:01:11 Retrieving f01234 1640777 bafykbzacedoze6ckqa36rd7sxv7pcpjhugbbdnfssif2meiivcykvcvqup5h2
Apr 03 03:01:11   % Total    % Received % Xferd  Average Speed   Time    Time     Time  Current
Apr 03 03:01:11                                  Dload  Upload   Total   Spent    Left  Speed
Apr 03 03:01:11   0     0    0     0    0     0      0      0 --:--:-- --:--:-- --:--:--     0100   560  100   384  100   176   3918   1795 --:--:-- --:--:-- --:--:--  5714
Apr 03 03:01:11 {"jsonrpc":"2.0","result":{"Err":"","Root":{"/":"bafykbzacedoze6ckqa36rd7sxv7pcpjhugbbdnfssif2meiivcykvcvqup5h2"},"Piece":null,"Size":34359738368,"MinPrice":"68719476736","UnsealPrice":"0","PaymentInterval":1048576,"PaymentIntervalIncrease":1048576,"Miner":"f01076","MinerPeer":{"Address":"f01234","ID":"12D3KooWRA6Xgza44q5LTedZdJP8gG4cu4rUgJd416zqH3UNGyGB","PieceCID":null}},"id":1}
Apr 03 03:01:11 > Recv: 0 B, Paid 0 FIL, ClientEventOpen (DealStatusNew)
Apr 03 03:01:11 ERROR: retrieval failed: Retrieve failed: there is an active retrieval deal with peer 12D3KooWRA6Xgza44q5LTedZdJP8gG4cu4rUgJd416zqH3UNGyGB for payload CID bafykbzacedoze6ckqa36rd7sxv7pcpjhugbbdnfssif2meiivcykvcvqup5h2 (retrieval deal ID 2013, state DealStatusWaitForAcceptance) - existing deal must be cancelled before starting a new retrieval deal
Apr 03 03:01:11 
Apr 03 03:01:11 Command exited with non-zero status 1
Apr 03 03:01:11 0.20user 0.00system 0:00.17elapsed 118%CPU (0avgtext+0avgdata 73744maxresident)k
Apr 03 03:01:11 0inputs+0outputs (0major+11248minor)pagefaults 0swaps
Apr 03 03:01:11 f0421499: 23.186245143169900753 FIL (733G free)
Apr 03 03:01:11 Skipping ahead
Apr 03 03:01:11 
Apr 03 03:01:12 1 minimal_finality_stateroots_627340_2021-03-30_18-00-00.car.ab
Apr 03 03:01:12 f08403-1652750 f019551-1652790
Apr 03 03:01:12 Already have log for f08403 1652750 bafykbzacebrkcuqlkatfr5t72rvi622se6vvwndcn6akviq547jp3whpufdjs
Apr 03 03:01:14 Already have log for f019551 1652790 bafykbzacebrkcuqlkatfr5t72rvi622se6vvwndcn6akviq547jp3whpufdjs
Apr 03 03:01:15 
Apr 03 03:01:16 0 minimal_finality_stateroots_620860_2021-03-28_12-00-00.car.aa
Apr 03 03:01:16 f0165400-1642717 f022163-1643006 f019551-1645067 f022352-1642861 f066596-1643069 f0145874-1642998 f071624-1645163 f08403-1645153 f022142-1652418 f014768-1652440 f023467-1652230 f058369-1652547
Apr 03 03:01:16 Already have log for f0165400 1642717 bafykbzacebwfpdjhfkv4dckre5pdb6dbtn3drso5mdqbmbofexmrri6vt3py2
Apr 03 03:01:17 Already have log for f022163 1643006 bafykbzacebwfpdjhfkv4dckre5pdb6dbtn3drso5mdqbmbofexmrri6vt3py2
Apr 03 03:01:18 Retrieving f019551 1645067 bafykbzacebwfpdjhfkv4dckre5pdb6dbtn3drso5mdqbmbofexmrri6vt3py2
Apr 03 03:01:18   % Total    % Received % Xferd  Average Speed   Time    Time     Time  Current
Apr 03 03:01:18                                  Dload  Upload   Total   Spent    Left  Speed
Apr 03 03:01:23   0     0    0     0    0     0      0      0 --:--:-- --:--:-- --:--:--     0100   177    0     0  100   177      0    147  0:00:01  0:00:01 --:--:--   147100   177    0     0  100   177      0     80  0:00:02  0:00:02 --:--:--    80100   177    0     0  100   177      0     55  0:00:03  0:00:03 --:--:--    55100   177    0     0  100   177      0     42  0:00:04  0:00:04 --:--:--    42100   177    0     0  100   177      0     34  0:00:05  0:00:05 --:--:--    34100   568  100   391  100   177     71     32  0:00:05  0:00:05 --:--:--    92
Apr 03 03:01:23 {"jsonrpc":"2.0","result":{"Err":"","Root":{"/":"bafykbzacebwfpdjhfkv4dckre5pdb6dbtn3drso5mdqbmbofexmrri6vt3py2"},"Piece":null,"Size":34359738368,"MinPrice":"31988916420608","UnsealPrice":"0","PaymentInterval":33554432,"PaymentIntervalIncrease":33554432,"Miner":"f019519","MinerPeer":{"Address":"f019551","ID":"12D3KooWQKi3L61jRSYfwDMAA2xJVWxhXFUchAg15uk6fFQEK6S3","PieceCID":null}},"id":1}
Apr 03 03:01:27 > Recv: 0 B, Paid 0 FIL, ClientEventOpen (DealStatusNew)
Apr 03 03:01:27 > Recv: 0 B, Paid 0 FIL, ClientEventDealProposed (DealStatusWaitForAcceptance)
Apr 03 03:01:44 > Recv: 0 B, Paid 0 FIL, ClientEventDealAccepted (DealStatusAccepted)
Apr 03 03:02:32 > Recv: 0 B, Paid 0 FIL, ClientEventPaymentChannelAddingFunds (DealStatusPaymentChannelAddingInitialFunds)
Apr 03 03:06:00 > Recv: 0 B, Paid 0 FIL, ClientEventPaymentChannelReady (DealStatusPaymentChannelAllocatingLane)
Apr 03 03:06:00 > Recv: 0 B, Paid 0 FIL, ClientEventLaneAllocated (DealStatusOngoing)
Apr 03 07:01:23 ERROR: retrieval timed out
Apr 03 07:01:23 
Apr 03 07:01:23 Command exited with non-zero status 124
Apr 03 07:01:23 4.09user 0.05system 4:00:00elapsed 0%CPU (0avgtext+0avgdata 75580maxresident)k
Apr 03 07:01:23 0inputs+0outputs (0major+11940minor)pagefaults 0swaps
Apr 03 07:01:23 f0421499: 23.181471623942152506 FIL (705G free)
Apr 03 07:01:23 Skipping ahead
Apr 03 07:01:23 
Apr 03 07:01:24 1 minimal_finality_stateroots_620860_2021-03-28_12-00-00.car.ab
Apr 03 07:01:24 f071624-1643068 f09848-1642933 f019551-1645164 f01278-1645170 f08403-1645178 f022352-1652238 f058369-1652461 f0145874-1652527 f023467-1652489 f099608-1652792
Apr 03 07:01:25 Already have log for f071624 1643068 bafykbzacedqs6z3a56hasssv234ddhav7zgrlaukfnj6norlu4deptzsezn6g
Apr 03 07:01:26 Already have log for f09848 1642933 bafykbzacedqs6z3a56hasssv234ddhav7zgrlaukfnj6norlu4deptzsezn6g
Apr 03 07:01:27 Already have log for f019551 1645164 bafykbzacedqs6z3a56hasssv234ddhav7zgrlaukfnj6norlu4deptzsezn6g
Apr 03 07:01:28 Already have log for f01278 1645170 bafykbzacedqs6z3a56hasssv234ddhav7zgrlaukfnj6norlu4deptzsezn6g
Apr 03 07:01:29 Already have log for f08403 1645178 bafykbzacedqs6z3a56hasssv234ddhav7zgrlaukfnj6norlu4deptzsezn6g
Apr 03 07:01:30 Already have log for f022352 1652238 bafykbzacedqs6z3a56hasssv234ddhav7zgrlaukfnj6norlu4deptzsezn6g
Apr 03 07:01:32 Already have log for f058369 1652461 bafykbzacedqs6z3a56hasssv234ddhav7zgrlaukfnj6norlu4deptzsezn6g
Apr 03 07:01:33 Already have log for f0145874 1652527 bafykbzacedqs6z3a56hasssv234ddhav7zgrlaukfnj6norlu4deptzsezn6g
Apr 03 07:01:34 Already have log for f023467 1652489 bafykbzacedqs6z3a56hasssv234ddhav7zgrlaukfnj6norlu4deptzsezn6g
Apr 03 07:01:40 Already have log for f099608 1652792 bafykbzacedqs6z3a56hasssv234ddhav7zgrlaukfnj6norlu4deptzsezn6g
Apr 03 07:01:41 
Apr 03 07:01:42 0 minimal_finality_stateroots_624460_2021-03-29_18-00-00.car.aa
Apr 03 07:01:42 f02576-1650987 f08399-1652420 f010479-1652545
Apr 03 07:01:42 Already have log for f02576 1650987 bafykbzacecpfagbszu24mq4jynabqouymjp5m3waz3kw6ccqqziwwcjm732ry
Apr 03 07:01:43 Already have log for f08399 1652420 bafykbzacecpfagbszu24mq4jynabqouymjp5m3waz3kw6ccqqziwwcjm732ry
Apr 03 07:01:44 Already have log for f010479 1652545 bafykbzacecpfagbszu24mq4jynabqouymjp5m3waz3kw6ccqqziwwcjm732ry
Apr 03 07:01:45 
Apr 03 07:01:46 0 minimal_finality_stateroots_616300_2021-03-26_22-00-00.car.ab
Apr 03 07:01:46 f08403-1639685 f022163-1639544 f014768-1639431 f01278-1639717 f01234-1639443 f071624-1639479 f022352-1639878 f099608-1640642 f01240-1640769 f0145874-1640738 f02576-1640964 f015927-1641099 f010479-1641179
Apr 03 07:01:46 Already have log for f08403 1639685 bafykbzacea5dewvdatvbxc2tmi26bomowduqhoi7ery4yqi3n6li32n4oe546
Apr 03 07:01:52 Already have log for f022163 1639544 bafykbzacea5dewvdatvbxc2tmi26bomowduqhoi7ery4yqi3n6li32n4oe546
Apr 03 07:01:53 Already have log for f014768 1639431 bafykbzacea5dewvdatvbxc2tmi26bomowduqhoi7ery4yqi3n6li32n4oe546
Apr 03 07:01:54 Already have log for f01278 1639717 bafykbzacea5dewvdatvbxc2tmi26bomowduqhoi7ery4yqi3n6li32n4oe546
Apr 03 07:01:55 Already have log for f01234 1639443 bafykbzacea5dewvdatvbxc2tmi26bomowduqhoi7ery4yqi3n6li32n4oe546
Apr 03 07:01:56 Already have log for f071624 1639479 bafykbzacea5dewvdatvbxc2tmi26bomowduqhoi7ery4yqi3n6li32n4oe546
Apr 03 07:01:57 Already have log for f022352 1639878 bafykbzacea5dewvdatvbxc2tmi26bomowduqhoi7ery4yqi3n6li32n4oe546
Apr 03 07:01:58 Already have log for f099608 1640642 bafykbzacea5dewvdatvbxc2tmi26bomowduqhoi7ery4yqi3n6li32n4oe546
Apr 03 07:02:00 Already have log for f01240 1640769 bafykbzacea5dewvdatvbxc2tmi26bomowduqhoi7ery4yqi3n6li32n4oe546
Apr 03 07:02:01 Already have log for f0145874 1640738 bafykbzacea5dewvdatvbxc2tmi26bomowduqhoi7ery4yqi3n6li32n4oe546
Apr 03 07:02:02 Already have log for f02576 1640964 bafykbzacea5dewvdatvbxc2tmi26bomowduqhoi7ery4yqi3n6li32n4oe546
Apr 03 07:02:06 Already have log for f015927 1641099 bafykbzacea5dewvdatvbxc2tmi26bomowduqhoi7ery4yqi3n6li32n4oe546
Apr 03 07:02:07 Already have log for f010479 1641179 bafykbzacea5dewvdatvbxc2tmi26bomowduqhoi7ery4yqi3n6li32n4oe546
Apr 03 07:02:08 
