Apr 03 02:58:57 1234
Apr 03 02:58:57 eyJhbGciOiJIUzI1NiIsInR5cCI6IkpXVCJ9.eyJBbGxvdyI6WyJyZWFkIiwid3JpdGUiLCJzaWduIiwiYWRtaW4iXX0.RzY4hBx900NTgTTAA7E-5suH8551qNnu4IWj05cheAs
Apr 03 02:58:57 Loading deals f0421499
Apr 03 02:58:57 f0421499 1 minimal_finality_stateroots_616300_2021-03-26_22-00-00.car.aa
Apr 03 02:58:57 f0421499 2 minimal_finality_stateroots_616300_2021-03-26_22-00-00.car.ab
Apr 03 02:58:57 f0421499 3 minimal_finality_stateroots_620860_2021-03-28_12-00-00.car.aa
Apr 03 02:58:57 f0421499 4 minimal_finality_stateroots_620860_2021-03-28_12-00-00.car.ab
Apr 03 02:58:57 f0421499 5 minimal_finality_stateroots_624460_2021-03-29_18-00-00.car.aa
Apr 03 02:58:57 f0421499 6 minimal_finality_stateroots_624460_2021-03-29_18-00-00.car.ab
Apr 03 02:58:57 f0421499 7 minimal_finality_stateroots_627340_2021-03-30_18-00-00.car.aa
Apr 03 02:58:57 f0421499 8 minimal_finality_stateroots_627340_2021-03-30_18-00-00.car.ab
Apr 03 02:58:57 1 minimal_finality_stateroots_620860_2021-03-28_12-00-00.car.aa
Apr 03 02:58:57 f0165400-1642717 f022163-1643006 f019551-1645067 f022352-1642861 f066596-1643069 f0145874-1642998 f071624-1645163 f08403-1645153 f022142-1652418 f014768-1652440 f023467-1652230 f058369-1652547
Apr 03 02:58:57 Retrieving f0165400 1642717 bafykbzacebwfpdjhfkv4dckre5pdb6dbtn3drso5mdqbmbofexmrri6vt3py2
Apr 03 02:58:57   % Total    % Received % Xferd  Average Speed   Time    Time     Time  Current
Apr 03 02:58:57                                  Dload  Upload   Total   Spent    Left  Speed
Apr 03 02:58:57   0     0    0     0    0     0      0      0 --:--:-- --:--:-- --:--:--     0100   566  100   388  100   178  10777   4944 --:--:-- --:--:-- --:--:-- 15722
Apr 03 02:58:57 {"jsonrpc":"2.0","result":{"Err":"","Root":{"/":"bafykbzacebwfpdjhfkv4dckre5pdb6dbtn3drso5mdqbmbofexmrri6vt3py2"},"Piece":null,"Size":34359738368,"MinPrice":"68719476736","UnsealPrice":"0","PaymentInterval":1048576,"PaymentIntervalIncrease":1048576,"Miner":"f0165394","MinerPeer":{"Address":"f0165400","ID":"12D3KooWHhJjBsoAom7ong97Q4FJeNP2TbCdKCsYvnFB7DHMn5RM","PieceCID":null}},"id":1}
Apr 03 02:58:57 > Recv: 0 B, Paid 0 FIL, ClientEventOpen (DealStatusNew)
Apr 03 02:58:57 ERROR: retrieval failed: Retrieve failed: there is an active retrieval deal with peer 12D3KooWHhJjBsoAom7ong97Q4FJeNP2TbCdKCsYvnFB7DHMn5RM for payload CID bafykbzacebwfpdjhfkv4dckre5pdb6dbtn3drso5mdqbmbofexmrri6vt3py2 (retrieval deal ID 2034, state DealStatusPaymentChannelAddingInitialFunds) - existing deal must be cancelled before starting a new retrieval deal
Apr 03 02:58:57 
Apr 03 02:58:57 Command exited with non-zero status 1
Apr 03 02:58:57 0.12user 0.02system 0:00.07elapsed 189%CPU (0avgtext+0avgdata 71120maxresident)k
Apr 03 02:58:57 0inputs+0outputs (0major+10582minor)pagefaults 0swaps
Apr 03 02:58:57 f0421499: 23.188551425557878637 FIL (733G free)
Apr 03 02:58:57 Skipping ahead
Apr 03 02:58:57 
Apr 03 02:58:58 1 minimal_finality_stateroots_616300_2021-03-26_22-00-00.car.ab
Apr 03 02:58:58 f08403-1639685 f022163-1639544 f014768-1639431 f01278-1639717 f01234-1639443 f071624-1639479 f022352-1639878 f099608-1640642 f01240-1640769 f0145874-1640738 f02576-1640964 f015927-1641099 f010479-1641179
Apr 03 02:58:59 Already have log for f08403 1639685 bafykbzacea5dewvdatvbxc2tmi26bomowduqhoi7ery4yqi3n6li32n4oe546
Apr 03 02:59:00 Already have log for f022163 1639544 bafykbzacea5dewvdatvbxc2tmi26bomowduqhoi7ery4yqi3n6li32n4oe546
Apr 03 02:59:01 Already have log for f014768 1639431 bafykbzacea5dewvdatvbxc2tmi26bomowduqhoi7ery4yqi3n6li32n4oe546
Apr 03 02:59:02 Already have log for f01278 1639717 bafykbzacea5dewvdatvbxc2tmi26bomowduqhoi7ery4yqi3n6li32n4oe546
Apr 03 02:59:07 Already have log for f01234 1639443 bafykbzacea5dewvdatvbxc2tmi26bomowduqhoi7ery4yqi3n6li32n4oe546
Apr 03 02:59:08 Retrieving f071624 1639479 bafykbzacea5dewvdatvbxc2tmi26bomowduqhoi7ery4yqi3n6li32n4oe546
Apr 03 02:59:08   % Total    % Received % Xferd  Average Speed   Time    Time     Time  Current
Apr 03 02:59:08                                  Dload  Upload   Total   Spent    Left  Speed
Apr 03 02:59:13   0     0    0     0    0     0      0      0 --:--:-- --:--:-- --:--:--     0100   177    0     0  100   177      0    885 --:--:-- --:--:-- --:--:--   880100   177    0     0  100   177      0    147  0:00:01  0:00:01 --:--:--   147100   177    0     0  100   177      0     80  0:00:02  0:00:02 --:--:--    80100   177    0     0  100   177      0     55  0:00:03  0:00:03 --:--:--    55100   177    0     0  100   177      0     42  0:00:04  0:00:04 --:--:--    42100   563  100   386  100   177     81     37  0:00:04  0:00:04 --:--:--    85
Apr 03 02:59:13 {"jsonrpc":"2.0","result":{"Err":"","Root":{"/":"bafykbzacea5dewvdatvbxc2tmi26bomowduqhoi7ery4yqi3n6li32n4oe546"},"Piece":null,"Size":34359738368,"MinPrice":"68719476736","UnsealPrice":"0","PaymentInterval":1048576,"PaymentIntervalIncrease":1048576,"Miner":"f070441","MinerPeer":{"Address":"f071624","ID":"12D3KooWByTFdr3VbnnST9woj7SQAq5ZBAWXbkADdGzYjnJZrTN1","PieceCID":null}},"id":1}
Apr 03 02:59:15 > Recv: 0 B, Paid 0 FIL, ClientEventOpen (DealStatusNew)
Apr 03 02:59:15 > Recv: 0 B, Paid 0 FIL, ClientEventDealProposed (DealStatusWaitForAcceptance)
Apr 03 02:59:21 > Recv: 0 B, Paid 0 FIL, ClientEventDealAccepted (DealStatusAccepted)
Apr 03 02:59:21 > Recv: 0 B, Paid 0 FIL, ClientEventPaymentChannelAddingFunds (DealStatusPaymentChannelAddingInitialFunds)
Apr 03 03:02:32 > Recv: 0 B, Paid 0 FIL, ClientEventPaymentChannelReady (DealStatusPaymentChannelAllocatingLane)
Apr 03 03:02:32 > Recv: 0 B, Paid 0 FIL, ClientEventLaneAllocated (DealStatusOngoing)
Apr 03 03:04:08 > Recv: 962 B, Paid 0 FIL, ClientEventBlocksReceived (DealStatusOngoing)
Apr 03 03:04:08 > Recv: 52.95 KiB, Paid 0 FIL, ClientEventBlocksReceived (DealStatusOngoing)
Apr 03 03:04:09 > Recv: 52.95 KiB, Paid 0 FIL, ClientEventPaymentRequested (DealStatusFundsNeeded)
Apr 03 03:04:09 > Recv: 1.052 MiB, Paid 0 FIL, ClientEventBlocksReceived (DealStatusFundsNeeded)
Apr 03 03:04:09 > Recv: 1.052 MiB, Paid 0 FIL, ClientEventSendFunds (DealStatusSendFunds)
Apr 03 03:04:09 > Recv: 1.052 MiB, Paid 0.000000000002205594 FIL, ClientEventPaymentSent (DealStatusOngoing)
Apr 03 03:04:11 > Recv: 2.052 MiB, Paid 0.000000000002205594 FIL, ClientEventBlocksReceived (DealStatusOngoing)
Apr 03 03:04:11 > Recv: 2.052 MiB, Paid 0.000000000002205594 FIL, ClientEventPaymentRequested (DealStatusFundsNeeded)
Apr 03 03:04:11 > Recv: 2.052 MiB, Paid 0.000000000002205594 FIL, ClientEventSendFunds (DealStatusSendFunds)
Apr 03 03:04:11 > Recv: 2.052 MiB, Paid 0.000000000006399898 FIL, ClientEventPaymentSent (DealStatusOngoing)
Apr 03 03:04:21 > Recv: 4.052 MiB, Paid 0.000000000006399898 FIL, ClientEventBlocksReceived (DealStatusOngoing)
Apr 03 03:04:22 > Recv: 5.052 MiB, Paid 0.000000000006399898 FIL, ClientEventBlocksReceived (DealStatusOngoing)
Apr 03 03:04:23 > Recv: 5.052 MiB, Paid 0.000000000006399898 FIL, ClientEventPaymentRequested (DealStatusFundsNeeded)
Apr 03 03:04:23 > Recv: 5.052 MiB, Paid 0.000000000006399898 FIL, ClientEventSendFunds (DealStatusSendFunds)
Apr 03 03:04:23 > Recv: 5.052 MiB, Paid 0.000000000012691354 FIL, ClientEventPaymentSent (DealStatusOngoing)
Apr 03 03:04:35 > Recv: 7.052 MiB, Paid 0.000000000012691354 FIL, ClientEventBlocksReceived (DealStatusOngoing)
Apr 03 03:04:36 > Recv: 8.052 MiB, Paid 0.000000000012691354 FIL, ClientEventBlocksReceived (DealStatusOngoing)
Apr 03 03:04:37 > Recv: 9.052 MiB, Paid 0.000000000012691354 FIL, ClientEventBlocksReceived (DealStatusOngoing)
Apr 03 03:04:38 > Recv: 9.052 MiB, Paid 0.000000000012691354 FIL, ClientEventPaymentRequested (DealStatusFundsNeeded)
Apr 03 03:04:38 > Recv: 9.052 MiB, Paid 0.000000000012691354 FIL, ClientEventSendFunds (DealStatusSendFunds)
Apr 03 03:04:38 > Recv: 9.052 MiB, Paid 0.000000000021079962 FIL, ClientEventPaymentSent (DealStatusOngoing)
Apr 03 03:04:49 > Recv: 11.05 MiB, Paid 0.000000000021079962 FIL, ClientEventBlocksReceived (DealStatusOngoing)
Apr 03 03:04:49 > Recv: 12.05 MiB, Paid 0.000000000021079962 FIL, ClientEventBlocksReceived (DealStatusOngoing)
Apr 03 03:04:49 > Recv: 13.05 MiB, Paid 0.000000000021079962 FIL, ClientEventBlocksReceived (DealStatusOngoing)
Apr 03 03:04:50 > Recv: 14.05 MiB, Paid 0.000000000021079962 FIL, ClientEventBlocksReceived (DealStatusOngoing)
Apr 03 03:04:51 > Recv: 14.05 MiB, Paid 0.000000000021079962 FIL, ClientEventPaymentRequested (DealStatusFundsNeeded)
Apr 03 03:04:51 > Recv: 14.05 MiB, Paid 0.000000000021079962 FIL, ClientEventSendFunds (DealStatusSendFunds)
Apr 03 03:04:51 > Recv: 14.05 MiB, Paid 0.000000000031565722 FIL, ClientEventPaymentSent (DealStatusOngoing)
Apr 03 03:05:00 > Recv: 16.05 MiB, Paid 0.000000000031565722 FIL, ClientEventBlocksReceived (DealStatusOngoing)
Apr 03 03:05:01 > Recv: 17.05 MiB, Paid 0.000000000031565722 FIL, ClientEventBlocksReceived (DealStatusOngoing)
Apr 03 03:05:02 > Recv: 18.05 MiB, Paid 0.000000000031565722 FIL, ClientEventBlocksReceived (DealStatusOngoing)
Apr 03 03:05:03 > Recv: 19.05 MiB, Paid 0.000000000031565722 FIL, ClientEventBlocksReceived (DealStatusOngoing)
Apr 03 03:05:03 > Recv: 20.05 MiB, Paid 0.000000000031565722 FIL, ClientEventBlocksReceived (DealStatusOngoing)
Apr 03 03:05:04 > Recv: 20.05 MiB, Paid 0.000000000031565722 FIL, ClientEventPaymentRequested (DealStatusFundsNeeded)
Apr 03 03:05:04 > Recv: 20.05 MiB, Paid 0.000000000031565722 FIL, ClientEventSendFunds (DealStatusSendFunds)
Apr 03 03:05:04 > Recv: 20.05 MiB, Paid 0.000000000044148634 FIL, ClientEventPaymentSent (DealStatusOngoing)
Apr 03 03:05:09 > Recv: 22.05 MiB, Paid 0.000000000044148634 FIL, ClientEventBlocksReceived (DealStatusOngoing)
Apr 03 03:05:09 > Recv: 23.05 MiB, Paid 0.000000000044148634 FIL, ClientEventBlocksReceived (DealStatusOngoing)
Apr 03 03:05:09 > Recv: 24.05 MiB, Paid 0.000000000044148634 FIL, ClientEventBlocksReceived (DealStatusOngoing)
Apr 03 03:05:10 > Recv: 25.05 MiB, Paid 0.000000000044148634 FIL, ClientEventBlocksReceived (DealStatusOngoing)
Apr 03 03:05:10 > Recv: 26.05 MiB, Paid 0.000000000044148634 FIL, ClientEventBlocksReceived (DealStatusOngoing)
Apr 03 03:05:11 > Recv: 27.05 MiB, Paid 0.000000000044148634 FIL, ClientEventBlocksReceived (DealStatusOngoing)
Apr 03 03:05:11 > Recv: 27.05 MiB, Paid 0.000000000044148634 FIL, ClientEventPaymentRequested (DealStatusFundsNeeded)
Apr 03 03:05:11 > Recv: 27.05 MiB, Paid 0.000000000044148634 FIL, ClientEventSendFunds (DealStatusSendFunds)
Apr 03 03:05:12 > Recv: 27.05 MiB, Paid 0.000000000058828698 FIL, ClientEventPaymentSent (DealStatusOngoing)
Apr 03 03:05:21 > Recv: 29.05 MiB, Paid 0.000000000058828698 FIL, ClientEventBlocksReceived (DealStatusOngoing)
Apr 03 03:05:22 > Recv: 30.05 MiB, Paid 0.000000000058828698 FIL, ClientEventBlocksReceived (DealStatusOngoing)
Apr 03 03:05:22 > Recv: 31.05 MiB, Paid 0.000000000058828698 FIL, ClientEventBlocksReceived (DealStatusOngoing)
Apr 03 03:05:23 > Recv: 32.05 MiB, Paid 0.000000000058828698 FIL, ClientEventBlocksReceived (DealStatusOngoing)
Apr 03 03:05:24 > Recv: 33.05 MiB, Paid 0.000000000058828698 FIL, ClientEventBlocksReceived (DealStatusOngoing)
Apr 03 03:05:25 > Recv: 34.05 MiB, Paid 0.000000000058828698 FIL, ClientEventBlocksReceived (DealStatusOngoing)
Apr 03 03:05:26 > Recv: 35.05 MiB, Paid 0.000000000058828698 FIL, ClientEventBlocksReceived (DealStatusOngoing)
Apr 03 03:05:27 > Recv: 35.05 MiB, Paid 0.000000000058828698 FIL, ClientEventPaymentRequested (DealStatusFundsNeeded)
Apr 03 03:05:27 > Recv: 35.05 MiB, Paid 0.000000000058828698 FIL, ClientEventSendFunds (DealStatusSendFunds)
Apr 03 03:05:27 > Recv: 35.05 MiB, Paid 0.000000000075605914 FIL, ClientEventPaymentSent (DealStatusOngoing)
Apr 03 03:05:39 > Recv: 37.05 MiB, Paid 0.000000000075605914 FIL, ClientEventBlocksReceived (DealStatusOngoing)
Apr 03 03:05:40 > Recv: 38.05 MiB, Paid 0.000000000075605914 FIL, ClientEventBlocksReceived (DealStatusOngoing)
Apr 03 03:05:41 > Recv: 39.05 MiB, Paid 0.000000000075605914 FIL, ClientEventBlocksReceived (DealStatusOngoing)
Apr 03 03:05:42 > Recv: 40.05 MiB, Paid 0.000000000075605914 FIL, ClientEventBlocksReceived (DealStatusOngoing)
Apr 03 03:05:43 > Recv: 41.05 MiB, Paid 0.000000000075605914 FIL, ClientEventBlocksReceived (DealStatusOngoing)
Apr 03 03:05:43 > Recv: 42.05 MiB, Paid 0.000000000075605914 FIL, ClientEventBlocksReceived (DealStatusOngoing)
Apr 03 03:05:44 > Recv: 43.05 MiB, Paid 0.000000000075605914 FIL, ClientEventBlocksReceived (DealStatusOngoing)
Apr 03 03:05:45 > Recv: 44.05 MiB, Paid 0.000000000075605914 FIL, ClientEventBlocksReceived (DealStatusOngoing)
Apr 03 03:05:46 > Recv: 44.05 MiB, Paid 0.000000000075605914 FIL, ClientEventPaymentRequested (DealStatusFundsNeeded)
Apr 03 03:05:46 > Recv: 44.05 MiB, Paid 0.000000000075605914 FIL, ClientEventSendFunds (DealStatusSendFunds)
Apr 03 03:05:46 > Recv: 44.05 MiB, Paid 0.000000000094480282 FIL, ClientEventPaymentSent (DealStatusOngoing)
Apr 03 03:05:54 > Recv: 46.05 MiB, Paid 0.000000000094480282 FIL, ClientEventBlocksReceived (DealStatusOngoing)
Apr 03 03:05:55 > Recv: 47.05 MiB, Paid 0.000000000094480282 FIL, ClientEventBlocksReceived (DealStatusOngoing)
Apr 03 03:05:55 > Recv: 48.05 MiB, Paid 0.000000000094480282 FIL, ClientEventBlocksReceived (DealStatusOngoing)
Apr 03 03:05:56 > Recv: 49.05 MiB, Paid 0.000000000094480282 FIL, ClientEventBlocksReceived (DealStatusOngoing)
Apr 03 03:05:57 > Recv: 50.05 MiB, Paid 0.000000000094480282 FIL, ClientEventBlocksReceived (DealStatusOngoing)
Apr 03 03:05:58 > Recv: 51.05 MiB, Paid 0.000000000094480282 FIL, ClientEventBlocksReceived (DealStatusOngoing)
Apr 03 03:05:59 > Recv: 52.05 MiB, Paid 0.000000000094480282 FIL, ClientEventBlocksReceived (DealStatusOngoing)
Apr 03 03:06:00 > Recv: 53.05 MiB, Paid 0.000000000094480282 FIL, ClientEventBlocksReceived (DealStatusOngoing)
Apr 03 03:06:01 > Recv: 54.05 MiB, Paid 0.000000000094480282 FIL, ClientEventBlocksReceived (DealStatusOngoing)
Apr 03 03:06:02 > Recv: 54.05 MiB, Paid 0.000000000094480282 FIL, ClientEventPaymentRequested (DealStatusFundsNeeded)
Apr 03 03:06:02 > Recv: 54.05 MiB, Paid 0.000000000094480282 FIL, ClientEventSendFunds (DealStatusSendFunds)
Apr 03 03:06:02 > Recv: 54.05 MiB, Paid 0.000000000115451802 FIL, ClientEventPaymentSent (DealStatusOngoing)
Apr 03 03:06:12 > Recv: 56.05 MiB, Paid 0.000000000115451802 FIL, ClientEventBlocksReceived (DealStatusOngoing)
Apr 03 03:06:12 > Recv: 57.05 MiB, Paid 0.000000000115451802 FIL, ClientEventBlocksReceived (DealStatusOngoing)
Apr 03 03:06:12 > Recv: 58.05 MiB, Paid 0.000000000115451802 FIL, ClientEventBlocksReceived (DealStatusOngoing)
Apr 03 03:06:13 > Recv: 59.05 MiB, Paid 0.000000000115451802 FIL, ClientEventBlocksReceived (DealStatusOngoing)
Apr 03 03:06:14 > Recv: 60.05 MiB, Paid 0.000000000115451802 FIL, ClientEventBlocksReceived (DealStatusOngoing)
Apr 03 03:06:14 > Recv: 61.05 MiB, Paid 0.000000000115451802 FIL, ClientEventBlocksReceived (DealStatusOngoing)
Apr 03 03:06:14 > Recv: 62.05 MiB, Paid 0.000000000115451802 FIL, ClientEventBlocksReceived (DealStatusOngoing)
Apr 03 03:06:15 > Recv: 63.05 MiB, Paid 0.000000000115451802 FIL, ClientEventBlocksReceived (DealStatusOngoing)
Apr 03 03:06:15 > Recv: 64.05 MiB, Paid 0.000000000115451802 FIL, ClientEventBlocksReceived (DealStatusOngoing)
Apr 03 03:06:15 > Recv: 65.05 MiB, Paid 0.000000000115451802 FIL, ClientEventBlocksReceived (DealStatusOngoing)
Apr 03 03:06:15 > Recv: 65.05 MiB, Paid 0.000000000115451802 FIL, ClientEventPaymentRequested (DealStatusFundsNeeded)
Apr 03 03:06:15 > Recv: 65.05 MiB, Paid 0.000000000115451802 FIL, ClientEventSendFunds (DealStatusSendFunds)
Apr 03 03:06:15 > Recv: 65.05 MiB, Paid 0.000000000138520474 FIL, ClientEventPaymentSent (DealStatusOngoing)
Apr 03 03:06:24 > Recv: 67.05 MiB, Paid 0.000000000138520474 FIL, ClientEventBlocksReceived (DealStatusOngoing)
Apr 03 03:06:25 > Recv: 68.05 MiB, Paid 0.000000000138520474 FIL, ClientEventBlocksReceived (DealStatusOngoing)
Apr 03 03:06:25 > Recv: 69.05 MiB, Paid 0.000000000138520474 FIL, ClientEventBlocksReceived (DealStatusOngoing)
Apr 03 03:06:26 > Recv: 70.05 MiB, Paid 0.000000000138520474 FIL, ClientEventBlocksReceived (DealStatusOngoing)
Apr 03 03:06:26 > Recv: 71.05 MiB, Paid 0.000000000138520474 FIL, ClientEventBlocksReceived (DealStatusOngoing)
Apr 03 03:06:27 > Recv: 72.05 MiB, Paid 0.000000000138520474 FIL, ClientEventBlocksReceived (DealStatusOngoing)
Apr 03 03:06:28 > Recv: 73.05 MiB, Paid 0.000000000138520474 FIL, ClientEventBlocksReceived (DealStatusOngoing)
Apr 03 03:06:29 > Recv: 74.05 MiB, Paid 0.000000000138520474 FIL, ClientEventBlocksReceived (DealStatusOngoing)
Apr 03 03:06:30 > Recv: 75.05 MiB, Paid 0.000000000138520474 FIL, ClientEventBlocksReceived (DealStatusOngoing)
Apr 03 03:06:30 > Recv: 76.05 MiB, Paid 0.000000000138520474 FIL, ClientEventBlocksReceived (DealStatusOngoing)
Apr 03 03:06:31 > Recv: 77.05 MiB, Paid 0.000000000138520474 FIL, ClientEventBlocksReceived (DealStatusOngoing)
Apr 03 03:06:32 > Recv: 77.05 MiB, Paid 0.000000000138520474 FIL, ClientEventPaymentRequested (DealStatusFundsNeeded)
Apr 03 03:06:32 > Recv: 77.05 MiB, Paid 0.000000000138520474 FIL, ClientEventSendFunds (DealStatusSendFunds)
Apr 03 03:06:32 > Recv: 77.05 MiB, Paid 0.000000000163686298 FIL, ClientEventPaymentSent (DealStatusOngoing)
Apr 03 03:06:44 > Recv: 79.05 MiB, Paid 0.000000000163686298 FIL, ClientEventBlocksReceived (DealStatusOngoing)
Apr 03 03:06:45 > Recv: 80.05 MiB, Paid 0.000000000163686298 FIL, ClientEventBlocksReceived (DealStatusOngoing)
Apr 03 03:06:46 > Recv: 81.05 MiB, Paid 0.000000000163686298 FIL, ClientEventBlocksReceived (DealStatusOngoing)
Apr 03 03:06:46 > Recv: 82.05 MiB, Paid 0.000000000163686298 FIL, ClientEventBlocksReceived (DealStatusOngoing)
Apr 03 03:06:47 > Recv: 83.05 MiB, Paid 0.000000000163686298 FIL, ClientEventBlocksReceived (DealStatusOngoing)
Apr 03 03:06:48 > Recv: 84.05 MiB, Paid 0.000000000163686298 FIL, ClientEventBlocksReceived (DealStatusOngoing)
Apr 03 03:06:49 > Recv: 85.05 MiB, Paid 0.000000000163686298 FIL, ClientEventBlocksReceived (DealStatusOngoing)
Apr 03 03:06:49 > Recv: 86.05 MiB, Paid 0.000000000163686298 FIL, ClientEventBlocksReceived (DealStatusOngoing)
Apr 03 03:06:50 > Recv: 87.05 MiB, Paid 0.000000000163686298 FIL, ClientEventBlocksReceived (DealStatusOngoing)
Apr 03 03:06:51 > Recv: 88.05 MiB, Paid 0.000000000163686298 FIL, ClientEventBlocksReceived (DealStatusOngoing)
Apr 03 03:06:51 > Recv: 89.05 MiB, Paid 0.000000000163686298 FIL, ClientEventBlocksReceived (DealStatusOngoing)
Apr 03 03:06:52 > Recv: 90.05 MiB, Paid 0.000000000163686298 FIL, ClientEventBlocksReceived (DealStatusOngoing)
Apr 03 03:06:52 > Recv: 90.05 MiB, Paid 0.000000000163686298 FIL, ClientEventPaymentRequested (DealStatusFundsNeeded)
Apr 03 03:06:52 > Recv: 90.05 MiB, Paid 0.000000000163686298 FIL, ClientEventSendFunds (DealStatusSendFunds)
Apr 03 03:06:52 > Recv: 90.05 MiB, Paid 0.000000000190949274 FIL, ClientEventPaymentSent (DealStatusOngoing)
Apr 03 03:06:59 > Recv: 92.05 MiB, Paid 0.000000000190949274 FIL, ClientEventBlocksReceived (DealStatusOngoing)
Apr 03 03:07:00 > Recv: 93.05 MiB, Paid 0.000000000190949274 FIL, ClientEventBlocksReceived (DealStatusOngoing)
Apr 03 03:07:01 > Recv: 94.05 MiB, Paid 0.000000000190949274 FIL, ClientEventBlocksReceived (DealStatusOngoing)
Apr 03 03:07:01 > Recv: 95.05 MiB, Paid 0.000000000190949274 FIL, ClientEventBlocksReceived (DealStatusOngoing)
Apr 03 03:07:02 > Recv: 96.05 MiB, Paid 0.000000000190949274 FIL, ClientEventBlocksReceived (DealStatusOngoing)
Apr 03 03:07:03 > Recv: 97.05 MiB, Paid 0.000000000190949274 FIL, ClientEventBlocksReceived (DealStatusOngoing)
Apr 03 03:07:03 > Recv: 98.05 MiB, Paid 0.000000000190949274 FIL, ClientEventBlocksReceived (DealStatusOngoing)
Apr 03 03:07:04 > Recv: 99.05 MiB, Paid 0.000000000190949274 FIL, ClientEventBlocksReceived (DealStatusOngoing)
Apr 03 03:07:05 > Recv: 100.1 MiB, Paid 0.000000000190949274 FIL, ClientEventBlocksReceived (DealStatusOngoing)
Apr 03 03:07:06 > Recv: 101.1 MiB, Paid 0.000000000190949274 FIL, ClientEventBlocksReceived (DealStatusOngoing)
Apr 03 03:07:06 > Recv: 102.1 MiB, Paid 0.000000000190949274 FIL, ClientEventBlocksReceived (DealStatusOngoing)
Apr 03 03:07:07 > Recv: 103.1 MiB, Paid 0.000000000190949274 FIL, ClientEventBlocksReceived (DealStatusOngoing)
Apr 03 03:07:08 > Recv: 104.1 MiB, Paid 0.000000000190949274 FIL, ClientEventBlocksReceived (DealStatusOngoing)
Apr 03 03:07:10 > Recv: 104.1 MiB, Paid 0.000000000190949274 FIL, ClientEventPaymentRequested (DealStatusFundsNeeded)
Apr 03 03:07:10 > Recv: 104.1 MiB, Paid 0.000000000190949274 FIL, ClientEventSendFunds (DealStatusSendFunds)
Apr 03 03:07:10 > Recv: 104.1 MiB, Paid 0.000000000220309402 FIL, ClientEventPaymentSent (DealStatusOngoing)
Apr 03 03:07:15 > Recv: 106.1 MiB, Paid 0.000000000220309402 FIL, ClientEventBlocksReceived (DealStatusOngoing)
Apr 03 03:07:15 > Recv: 107.1 MiB, Paid 0.000000000220309402 FIL, ClientEventBlocksReceived (DealStatusOngoing)
Apr 03 03:07:15 > Recv: 108.1 MiB, Paid 0.000000000220309402 FIL, ClientEventBlocksReceived (DealStatusOngoing)
Apr 03 03:07:16 > Recv: 109.1 MiB, Paid 0.000000000220309402 FIL, ClientEventBlocksReceived (DealStatusOngoing)
Apr 03 03:07:16 > Recv: 110.1 MiB, Paid 0.000000000220309402 FIL, ClientEventBlocksReceived (DealStatusOngoing)
Apr 03 03:07:16 > Recv: 111.1 MiB, Paid 0.000000000220309402 FIL, ClientEventBlocksReceived (DealStatusOngoing)
Apr 03 03:07:16 > Recv: 112.1 MiB, Paid 0.000000000220309402 FIL, ClientEventBlocksReceived (DealStatusOngoing)
Apr 03 03:07:17 > Recv: 113.1 MiB, Paid 0.000000000220309402 FIL, ClientEventBlocksReceived (DealStatusOngoing)
Apr 03 03:07:17 > Recv: 114.1 MiB, Paid 0.000000000220309402 FIL, ClientEventBlocksReceived (DealStatusOngoing)
Apr 03 03:07:17 > Recv: 115.1 MiB, Paid 0.000000000220309402 FIL, ClientEventBlocksReceived (DealStatusOngoing)
Apr 03 03:07:17 > Recv: 116.1 MiB, Paid 0.000000000220309402 FIL, ClientEventBlocksReceived (DealStatusOngoing)
Apr 03 03:07:17 > Recv: 117.1 MiB, Paid 0.000000000220309402 FIL, ClientEventBlocksReceived (DealStatusOngoing)
Apr 03 03:07:18 > Recv: 118.1 MiB, Paid 0.000000000220309402 FIL, ClientEventBlocksReceived (DealStatusOngoing)
Apr 03 03:07:18 > Recv: 119.1 MiB, Paid 0.000000000220309402 FIL, ClientEventBlocksReceived (DealStatusOngoing)
Apr 03 03:07:18 > Recv: 119.1 MiB, Paid 0.000000000220309402 FIL, ClientEventPaymentRequested (DealStatusFundsNeeded)
Apr 03 03:07:18 > Recv: 119.1 MiB, Paid 0.000000000220309402 FIL, ClientEventSendFunds (DealStatusSendFunds)
Apr 03 03:07:18 > Recv: 119.1 MiB, Paid 0.000000000251766682 FIL, ClientEventPaymentSent (DealStatusOngoing)
Apr 03 03:07:24 > Recv: 121.1 MiB, Paid 0.000000000251766682 FIL, ClientEventBlocksReceived (DealStatusOngoing)
Apr 03 03:07:25 > Recv: 122.1 MiB, Paid 0.000000000251766682 FIL, ClientEventBlocksReceived (DealStatusOngoing)
Apr 03 03:07:25 > Recv: 123.1 MiB, Paid 0.000000000251766682 FIL, ClientEventBlocksReceived (DealStatusOngoing)
Apr 03 03:07:25 > Recv: 124.1 MiB, Paid 0.000000000251766682 FIL, ClientEventBlocksReceived (DealStatusOngoing)
Apr 03 03:07:26 > Recv: 125.1 MiB, Paid 0.000000000251766682 FIL, ClientEventBlocksReceived (DealStatusOngoing)
Apr 03 03:07:26 > Recv: 126.1 MiB, Paid 0.000000000251766682 FIL, ClientEventBlocksReceived (DealStatusOngoing)
Apr 03 03:07:26 > Recv: 127.1 MiB, Paid 0.000000000251766682 FIL, ClientEventBlocksReceived (DealStatusOngoing)
Apr 03 03:07:27 > Recv: 128.1 MiB, Paid 0.000000000251766682 FIL, ClientEventBlocksReceived (DealStatusOngoing)
Apr 03 03:07:27 > Recv: 129.1 MiB, Paid 0.000000000251766682 FIL, ClientEventBlocksReceived (DealStatusOngoing)
Apr 03 03:07:27 > Recv: 130.1 MiB, Paid 0.000000000251766682 FIL, ClientEventBlocksReceived (DealStatusOngoing)
Apr 03 03:07:28 > Recv: 131.1 MiB, Paid 0.000000000251766682 FIL, ClientEventBlocksReceived (DealStatusOngoing)
Apr 03 03:07:29 > Recv: 132.1 MiB, Paid 0.000000000251766682 FIL, ClientEventBlocksReceived (DealStatusOngoing)
Apr 03 03:07:29 > Recv: 133.1 MiB, Paid 0.000000000251766682 FIL, ClientEventBlocksReceived (DealStatusOngoing)
Apr 03 03:07:30 > Recv: 134.1 MiB, Paid 0.000000000251766682 FIL, ClientEventBlocksReceived (DealStatusOngoing)
Apr 03 03:07:30 > Recv: 135.1 MiB, Paid 0.000000000251766682 FIL, ClientEventBlocksReceived (DealStatusOngoing)
Apr 03 03:07:31 > Recv: 135.1 MiB, Paid 0.000000000251766682 FIL, ClientEventPaymentRequested (DealStatusFundsNeeded)
Apr 03 03:07:31 > Recv: 135.1 MiB, Paid 0.000000000251766682 FIL, ClientEventSendFunds (DealStatusSendFunds)
Apr 03 03:07:31 > Recv: 135.1 MiB, Paid 0.000000000285321114 FIL, ClientEventPaymentSent (DealStatusOngoing)
Apr 03 03:07:41 > Recv: 137.1 MiB, Paid 0.000000000285321114 FIL, ClientEventBlocksReceived (DealStatusOngoing)
Apr 03 03:07:42 > Recv: 138.1 MiB, Paid 0.000000000285321114 FIL, ClientEventBlocksReceived (DealStatusOngoing)
Apr 03 03:07:43 > Recv: 139.1 MiB, Paid 0.000000000285321114 FIL, ClientEventBlocksReceived (DealStatusOngoing)
Apr 03 03:07:44 > Recv: 140.1 MiB, Paid 0.000000000285321114 FIL, ClientEventBlocksReceived (DealStatusOngoing)
Apr 03 03:07:46 > Recv: 141.1 MiB, Paid 0.000000000285321114 FIL, ClientEventBlocksReceived (DealStatusOngoing)
Apr 03 03:07:46 > Recv: 142.1 MiB, Paid 0.000000000285321114 FIL, ClientEventBlocksReceived (DealStatusOngoing)
Apr 03 03:07:47 > Recv: 143.1 MiB, Paid 0.000000000285321114 FIL, ClientEventBlocksReceived (DealStatusOngoing)
Apr 03 03:07:48 > Recv: 144.1 MiB, Paid 0.000000000285321114 FIL, ClientEventBlocksReceived (DealStatusOngoing)
Apr 03 03:07:48 > Recv: 145.1 MiB, Paid 0.000000000285321114 FIL, ClientEventBlocksReceived (DealStatusOngoing)
Apr 03 03:07:49 > Recv: 146.1 MiB, Paid 0.000000000285321114 FIL, ClientEventBlocksReceived (DealStatusOngoing)
Apr 03 03:07:49 > Recv: 147.1 MiB, Paid 0.000000000285321114 FIL, ClientEventBlocksReceived (DealStatusOngoing)
Apr 03 03:07:50 > Recv: 148.1 MiB, Paid 0.000000000285321114 FIL, ClientEventBlocksReceived (DealStatusOngoing)
Apr 03 03:07:50 > Recv: 149.1 MiB, Paid 0.000000000285321114 FIL, ClientEventBlocksReceived (DealStatusOngoing)
Apr 03 03:07:51 > Recv: 150.1 MiB, Paid 0.000000000285321114 FIL, ClientEventBlocksReceived (DealStatusOngoing)
Apr 03 03:07:51 > Recv: 151.1 MiB, Paid 0.000000000285321114 FIL, ClientEventBlocksReceived (DealStatusOngoing)
Apr 03 03:07:52 > Recv: 152.1 MiB, Paid 0.000000000285321114 FIL, ClientEventBlocksReceived (DealStatusOngoing)
Apr 03 03:07:52 > Recv: 152.1 MiB, Paid 0.000000000285321114 FIL, ClientEventPaymentRequested (DealStatusFundsNeeded)
Apr 03 03:07:52 > Recv: 152.1 MiB, Paid 0.000000000285321114 FIL, ClientEventSendFunds (DealStatusSendFunds)
Apr 03 03:07:53 > Recv: 152.1 MiB, Paid 0.000000000320972698 FIL, ClientEventPaymentSent (DealStatusOngoing)
Apr 03 03:07:59 > Recv: 154.1 MiB, Paid 0.000000000320972698 FIL, ClientEventBlocksReceived (DealStatusOngoing)
Apr 03 03:08:00 > Recv: 155.1 MiB, Paid 0.000000000320972698 FIL, ClientEventBlocksReceived (DealStatusOngoing)
Apr 03 03:08:00 > Recv: 156.1 MiB, Paid 0.000000000320972698 FIL, ClientEventBlocksReceived (DealStatusOngoing)
Apr 03 03:08:01 > Recv: 157.1 MiB, Paid 0.000000000320972698 FIL, ClientEventBlocksReceived (DealStatusOngoing)
Apr 03 03:08:02 > Recv: 158.1 MiB, Paid 0.000000000320972698 FIL, ClientEventBlocksReceived (DealStatusOngoing)
Apr 03 03:08:04 > Recv: 159.1 MiB, Paid 0.000000000320972698 FIL, ClientEventBlocksReceived (DealStatusOngoing)
Apr 03 03:08:05 > Recv: 160.1 MiB, Paid 0.000000000320972698 FIL, ClientEventBlocksReceived (DealStatusOngoing)
Apr 03 03:08:06 > Recv: 161.1 MiB, Paid 0.000000000320972698 FIL, ClientEventBlocksReceived (DealStatusOngoing)
Apr 03 03:08:07 > Recv: 162.1 MiB, Paid 0.000000000320972698 FIL, ClientEventBlocksReceived (DealStatusOngoing)
Apr 03 03:08:08 > Recv: 163.1 MiB, Paid 0.000000000320972698 FIL, ClientEventBlocksReceived (DealStatusOngoing)
Apr 03 03:08:08 > Recv: 164.1 MiB, Paid 0.000000000320972698 FIL, ClientEventBlocksReceived (DealStatusOngoing)
Apr 03 03:08:09 > Recv: 165.1 MiB, Paid 0.000000000320972698 FIL, ClientEventBlocksReceived (DealStatusOngoing)
Apr 03 03:08:10 > Recv: 166.1 MiB, Paid 0.000000000320972698 FIL, ClientEventBlocksReceived (DealStatusOngoing)
Apr 03 03:08:10 > Recv: 167.1 MiB, Paid 0.000000000320972698 FIL, ClientEventBlocksReceived (DealStatusOngoing)
Apr 03 03:08:11 > Recv: 168.1 MiB, Paid 0.000000000320972698 FIL, ClientEventBlocksReceived (DealStatusOngoing)
Apr 03 03:08:12 > Recv: 169.1 MiB, Paid 0.000000000320972698 FIL, ClientEventBlocksReceived (DealStatusOngoing)
Apr 03 03:08:12 > Recv: 170.1 MiB, Paid 0.000000000320972698 FIL, ClientEventBlocksReceived (DealStatusOngoing)
Apr 03 03:08:12 > Recv: 170.1 MiB, Paid 0.000000000320972698 FIL, ClientEventPaymentRequested (DealStatusFundsNeeded)
Apr 03 03:08:12 > Recv: 170.1 MiB, Paid 0.000000000320972698 FIL, ClientEventSendFunds (DealStatusSendFunds)
Apr 03 03:08:12 > Recv: 170.1 MiB, Paid 0.000000000358721434 FIL, ClientEventPaymentSent (DealStatusOngoing)
Apr 03 03:08:15 > Recv: 172.1 MiB, Paid 0.000000000358721434 FIL, ClientEventBlocksReceived (DealStatusOngoing)
Apr 03 03:08:16 > Recv: 173.1 MiB, Paid 0.000000000358721434 FIL, ClientEventBlocksReceived (DealStatusOngoing)
Apr 03 03:08:16 > Recv: 174.1 MiB, Paid 0.000000000358721434 FIL, ClientEventBlocksReceived (DealStatusOngoing)
Apr 03 03:08:17 > Recv: 175.1 MiB, Paid 0.000000000358721434 FIL, ClientEventBlocksReceived (DealStatusOngoing)
Apr 03 03:08:17 > Recv: 176.1 MiB, Paid 0.000000000358721434 FIL, ClientEventBlocksReceived (DealStatusOngoing)
Apr 03 03:08:17 > Recv: 177.1 MiB, Paid 0.000000000358721434 FIL, ClientEventBlocksReceived (DealStatusOngoing)
Apr 03 03:08:18 > Recv: 178.1 MiB, Paid 0.000000000358721434 FIL, ClientEventBlocksReceived (DealStatusOngoing)
Apr 03 03:08:18 > Recv: 179.1 MiB, Paid 0.000000000358721434 FIL, ClientEventBlocksReceived (DealStatusOngoing)
Apr 03 03:08:18 > Recv: 180.1 MiB, Paid 0.000000000358721434 FIL, ClientEventBlocksReceived (DealStatusOngoing)
Apr 03 03:08:18 > Recv: 181.1 MiB, Paid 0.000000000358721434 FIL, ClientEventBlocksReceived (DealStatusOngoing)
Apr 03 03:08:19 > Recv: 182.1 MiB, Paid 0.000000000358721434 FIL, ClientEventBlocksReceived (DealStatusOngoing)
Apr 03 03:08:19 > Recv: 183.1 MiB, Paid 0.000000000358721434 FIL, ClientEventBlocksReceived (DealStatusOngoing)
Apr 03 03:08:19 > Recv: 184.1 MiB, Paid 0.000000000358721434 FIL, ClientEventBlocksReceived (DealStatusOngoing)
Apr 03 03:08:19 > Recv: 185.1 MiB, Paid 0.000000000358721434 FIL, ClientEventBlocksReceived (DealStatusOngoing)
Apr 03 03:08:20 > Recv: 186.1 MiB, Paid 0.000000000358721434 FIL, ClientEventBlocksReceived (DealStatusOngoing)
Apr 03 03:08:20 > Recv: 187.1 MiB, Paid 0.000000000358721434 FIL, ClientEventBlocksReceived (DealStatusOngoing)
Apr 03 03:08:20 > Recv: 188.1 MiB, Paid 0.000000000358721434 FIL, ClientEventBlocksReceived (DealStatusOngoing)
Apr 03 03:08:20 > Recv: 189.1 MiB, Paid 0.000000000358721434 FIL, ClientEventBlocksReceived (DealStatusOngoing)
Apr 03 03:08:21 > Recv: 189.1 MiB, Paid 0.000000000358721434 FIL, ClientEventPaymentRequested (DealStatusFundsNeeded)
Apr 03 03:08:21 > Recv: 189.1 MiB, Paid 0.000000000358721434 FIL, ClientEventSendFunds (DealStatusSendFunds)
Apr 03 03:08:21 > Recv: 189.1 MiB, Paid 0.000000000398567322 FIL, ClientEventPaymentSent (DealStatusOngoing)
Apr 03 03:08:28 > Recv: 191.1 MiB, Paid 0.000000000398567322 FIL, ClientEventBlocksReceived (DealStatusOngoing)
Apr 03 03:08:28 > Recv: 192.1 MiB, Paid 0.000000000398567322 FIL, ClientEventBlocksReceived (DealStatusOngoing)
Apr 03 03:08:29 > Recv: 193.1 MiB, Paid 0.000000000398567322 FIL, ClientEventBlocksReceived (DealStatusOngoing)
Apr 03 03:08:30 > Recv: 194.1 MiB, Paid 0.000000000398567322 FIL, ClientEventBlocksReceived (DealStatusOngoing)
Apr 03 03:08:30 > Recv: 195.1 MiB, Paid 0.000000000398567322 FIL, ClientEventBlocksReceived (DealStatusOngoing)
Apr 03 03:08:31 > Recv: 196.1 MiB, Paid 0.000000000398567322 FIL, ClientEventBlocksReceived (DealStatusOngoing)
Apr 03 03:08:32 > Recv: 197.1 MiB, Paid 0.000000000398567322 FIL, ClientEventBlocksReceived (DealStatusOngoing)
Apr 03 03:08:32 > Recv: 198.1 MiB, Paid 0.000000000398567322 FIL, ClientEventBlocksReceived (DealStatusOngoing)
Apr 03 03:08:33 > Recv: 199.1 MiB, Paid 0.000000000398567322 FIL, ClientEventBlocksReceived (DealStatusOngoing)
Apr 03 03:08:34 > Recv: 200.1 MiB, Paid 0.000000000398567322 FIL, ClientEventBlocksReceived (DealStatusOngoing)
Apr 03 03:08:34 > Recv: 201.1 MiB, Paid 0.000000000398567322 FIL, ClientEventBlocksReceived (DealStatusOngoing)
Apr 03 03:08:35 > Recv: 202.1 MiB, Paid 0.000000000398567322 FIL, ClientEventBlocksReceived (DealStatusOngoing)
Apr 03 03:08:35 > Recv: 203.1 MiB, Paid 0.000000000398567322 FIL, ClientEventBlocksReceived (DealStatusOngoing)
Apr 03 03:08:36 > Recv: 204.1 MiB, Paid 0.000000000398567322 FIL, ClientEventBlocksReceived (DealStatusOngoing)
Apr 03 03:08:37 > Recv: 205.1 MiB, Paid 0.000000000398567322 FIL, ClientEventBlocksReceived (DealStatusOngoing)
Apr 03 03:08:38 > Recv: 206.1 MiB, Paid 0.000000000398567322 FIL, ClientEventBlocksReceived (DealStatusOngoing)
Apr 03 03:08:39 > Recv: 207.1 MiB, Paid 0.000000000398567322 FIL, ClientEventBlocksReceived (DealStatusOngoing)
Apr 03 03:08:40 > Recv: 208.1 MiB, Paid 0.000000000398567322 FIL, ClientEventBlocksReceived (DealStatusOngoing)
Apr 03 03:08:40 > Recv: 209.1 MiB, Paid 0.000000000398567322 FIL, ClientEventBlocksReceived (DealStatusOngoing)
Apr 03 03:08:41 > Recv: 209.1 MiB, Paid 0.000000000398567322 FIL, ClientEventPaymentRequested (DealStatusFundsNeeded)
Apr 03 03:08:41 > Recv: 209.1 MiB, Paid 0.000000000398567322 FIL, ClientEventSendFunds (DealStatusSendFunds)
Apr 03 03:08:41 > Recv: 209.1 MiB, Paid 0.000000000440510362 FIL, ClientEventPaymentSent (DealStatusOngoing)
Apr 03 03:08:48 > Recv: 211.1 MiB, Paid 0.000000000440510362 FIL, ClientEventBlocksReceived (DealStatusOngoing)
Apr 03 03:08:49 > Recv: 212.1 MiB, Paid 0.000000000440510362 FIL, ClientEventBlocksReceived (DealStatusOngoing)
Apr 03 03:08:49 > Recv: 213.1 MiB, Paid 0.000000000440510362 FIL, ClientEventBlocksReceived (DealStatusOngoing)
Apr 03 03:08:50 > Recv: 214.1 MiB, Paid 0.000000000440510362 FIL, ClientEventBlocksReceived (DealStatusOngoing)
Apr 03 03:08:51 > Recv: 215.1 MiB, Paid 0.000000000440510362 FIL, ClientEventBlocksReceived (DealStatusOngoing)
Apr 03 03:08:51 > Recv: 216.1 MiB, Paid 0.000000000440510362 FIL, ClientEventBlocksReceived (DealStatusOngoing)
Apr 03 03:08:52 > Recv: 217.1 MiB, Paid 0.000000000440510362 FIL, ClientEventBlocksReceived (DealStatusOngoing)
Apr 03 03:08:53 > Recv: 218.1 MiB, Paid 0.000000000440510362 FIL, ClientEventBlocksReceived (DealStatusOngoing)
Apr 03 03:08:53 > Recv: 219.1 MiB, Paid 0.000000000440510362 FIL, ClientEventBlocksReceived (DealStatusOngoing)
Apr 03 03:08:54 > Recv: 220.1 MiB, Paid 0.000000000440510362 FIL, ClientEventBlocksReceived (DealStatusOngoing)
Apr 03 03:08:55 > Recv: 221.1 MiB, Paid 0.000000000440510362 FIL, ClientEventBlocksReceived (DealStatusOngoing)
Apr 03 03:08:55 > Recv: 222.1 MiB, Paid 0.000000000440510362 FIL, ClientEventBlocksReceived (DealStatusOngoing)
Apr 03 03:08:56 > Recv: 223.1 MiB, Paid 0.000000000440510362 FIL, ClientEventBlocksReceived (DealStatusOngoing)
Apr 03 03:08:57 > Recv: 224.1 MiB, Paid 0.000000000440510362 FIL, ClientEventBlocksReceived (DealStatusOngoing)
Apr 03 03:08:58 > Recv: 225.1 MiB, Paid 0.000000000440510362 FIL, ClientEventBlocksReceived (DealStatusOngoing)
Apr 03 03:08:58 > Recv: 226.1 MiB, Paid 0.000000000440510362 FIL, ClientEventBlocksReceived (DealStatusOngoing)
Apr 03 03:08:59 > Recv: 227.1 MiB, Paid 0.000000000440510362 FIL, ClientEventBlocksReceived (DealStatusOngoing)
Apr 03 03:09:00 > Recv: 228.1 MiB, Paid 0.000000000440510362 FIL, ClientEventBlocksReceived (DealStatusOngoing)
Apr 03 03:09:00 > Recv: 229.1 MiB, Paid 0.000000000440510362 FIL, ClientEventBlocksReceived (DealStatusOngoing)
Apr 03 03:09:01 > Recv: 230.1 MiB, Paid 0.000000000440510362 FIL, ClientEventBlocksReceived (DealStatusOngoing)
Apr 03 03:09:02 > Recv: 230.1 MiB, Paid 0.000000000440510362 FIL, ClientEventPaymentRequested (DealStatusFundsNeeded)
Apr 03 03:09:02 > Recv: 230.1 MiB, Paid 0.000000000440510362 FIL, ClientEventSendFunds (DealStatusSendFunds)
Apr 03 03:09:02 > Recv: 230.1 MiB, Paid 0.000000000484550554 FIL, ClientEventPaymentSent (DealStatusOngoing)
Apr 03 03:09:12 > Recv: 232.1 MiB, Paid 0.000000000484550554 FIL, ClientEventBlocksReceived (DealStatusOngoing)
Apr 03 03:09:13 > Recv: 233.1 MiB, Paid 0.000000000484550554 FIL, ClientEventBlocksReceived (DealStatusOngoing)
Apr 03 03:09:14 > Recv: 234.1 MiB, Paid 0.000000000484550554 FIL, ClientEventBlocksReceived (DealStatusOngoing)
Apr 03 03:09:15 > Recv: 235.1 MiB, Paid 0.000000000484550554 FIL, ClientEventBlocksReceived (DealStatusOngoing)
Apr 03 03:09:16 > Recv: 236.1 MiB, Paid 0.000000000484550554 FIL, ClientEventBlocksReceived (DealStatusOngoing)
Apr 03 03:09:16 > Recv: 237.1 MiB, Paid 0.000000000484550554 FIL, ClientEventBlocksReceived (DealStatusOngoing)
Apr 03 03:09:17 > Recv: 238.1 MiB, Paid 0.000000000484550554 FIL, ClientEventBlocksReceived (DealStatusOngoing)
Apr 03 03:09:18 > Recv: 239.1 MiB, Paid 0.000000000484550554 FIL, ClientEventBlocksReceived (DealStatusOngoing)
Apr 03 03:09:18 > Recv: 240.1 MiB, Paid 0.000000000484550554 FIL, ClientEventBlocksReceived (DealStatusOngoing)
Apr 03 03:09:19 > Recv: 241.1 MiB, Paid 0.000000000484550554 FIL, ClientEventBlocksReceived (DealStatusOngoing)
Apr 03 03:09:20 > Recv: 242.1 MiB, Paid 0.000000000484550554 FIL, ClientEventBlocksReceived (DealStatusOngoing)
Apr 03 03:09:21 > Recv: 243.1 MiB, Paid 0.000000000484550554 FIL, ClientEventBlocksReceived (DealStatusOngoing)
Apr 03 03:09:21 > Recv: 244.1 MiB, Paid 0.000000000484550554 FIL, ClientEventBlocksReceived (DealStatusOngoing)
Apr 03 03:09:22 > Recv: 245.1 MiB, Paid 0.000000000484550554 FIL, ClientEventBlocksReceived (DealStatusOngoing)
Apr 03 03:09:23 > Recv: 246.1 MiB, Paid 0.000000000484550554 FIL, ClientEventBlocksReceived (DealStatusOngoing)
Apr 03 03:09:24 > Recv: 247.1 MiB, Paid 0.000000000484550554 FIL, ClientEventBlocksReceived (DealStatusOngoing)
Apr 03 03:09:24 > Recv: 248.1 MiB, Paid 0.000000000484550554 FIL, ClientEventBlocksReceived (DealStatusOngoing)
Apr 03 03:09:25 > Recv: 249.1 MiB, Paid 0.000000000484550554 FIL, ClientEventBlocksReceived (DealStatusOngoing)
Apr 03 03:09:25 > Recv: 250.1 MiB, Paid 0.000000000484550554 FIL, ClientEventBlocksReceived (DealStatusOngoing)
Apr 03 03:09:25 > Recv: 251.1 MiB, Paid 0.000000000484550554 FIL, ClientEventBlocksReceived (DealStatusOngoing)
Apr 03 03:09:26 > Recv: 252.1 MiB, Paid 0.000000000484550554 FIL, ClientEventBlocksReceived (DealStatusOngoing)
Apr 03 03:09:26 > Recv: 252.1 MiB, Paid 0.000000000484550554 FIL, ClientEventPaymentRequested (DealStatusFundsNeeded)
Apr 03 03:09:26 > Recv: 252.1 MiB, Paid 0.000000000484550554 FIL, ClientEventSendFunds (DealStatusSendFunds)
Apr 03 03:09:26 > Recv: 252.1 MiB, Paid 0.000000000530687898 FIL, ClientEventPaymentSent (DealStatusOngoing)
Apr 03 03:09:34 > Recv: 254.1 MiB, Paid 0.000000000530687898 FIL, ClientEventBlocksReceived (DealStatusOngoing)
Apr 03 03:09:35 > Recv: 255.1 MiB, Paid 0.000000000530687898 FIL, ClientEventBlocksReceived (DealStatusOngoing)
Apr 03 03:09:35 > Recv: 256.1 MiB, Paid 0.000000000530687898 FIL, ClientEventBlocksReceived (DealStatusOngoing)
Apr 03 03:09:36 > Recv: 257.1 MiB, Paid 0.000000000530687898 FIL, ClientEventBlocksReceived (DealStatusOngoing)
Apr 03 03:09:37 > Recv: 258.1 MiB, Paid 0.000000000530687898 FIL, ClientEventBlocksReceived (DealStatusOngoing)
Apr 03 03:09:37 > Recv: 259.1 MiB, Paid 0.000000000530687898 FIL, ClientEventBlocksReceived (DealStatusOngoing)
Apr 03 03:09:38 > Recv: 260.1 MiB, Paid 0.000000000530687898 FIL, ClientEventBlocksReceived (DealStatusOngoing)
Apr 03 03:09:38 > Recv: 261.1 MiB, Paid 0.000000000530687898 FIL, ClientEventBlocksReceived (DealStatusOngoing)
Apr 03 03:09:39 > Recv: 262.1 MiB, Paid 0.000000000530687898 FIL, ClientEventBlocksReceived (DealStatusOngoing)
Apr 03 03:09:40 > Recv: 263.1 MiB, Paid 0.000000000530687898 FIL, ClientEventBlocksReceived (DealStatusOngoing)
Apr 03 03:09:41 > Recv: 264.1 MiB, Paid 0.000000000530687898 FIL, ClientEventBlocksReceived (DealStatusOngoing)
Apr 03 03:09:43 > Recv: 265.1 MiB, Paid 0.000000000530687898 FIL, ClientEventBlocksReceived (DealStatusOngoing)
Apr 03 03:09:44 > Recv: 266.1 MiB, Paid 0.000000000530687898 FIL, ClientEventBlocksReceived (DealStatusOngoing)
Apr 03 03:09:45 > Recv: 267.1 MiB, Paid 0.000000000530687898 FIL, ClientEventBlocksReceived (DealStatusOngoing)
Apr 03 03:09:46 > Recv: 268.1 MiB, Paid 0.000000000530687898 FIL, ClientEventBlocksReceived (DealStatusOngoing)
Apr 03 03:09:47 > Recv: 269.1 MiB, Paid 0.000000000530687898 FIL, ClientEventBlocksReceived (DealStatusOngoing)
Apr 03 03:09:48 > Recv: 270.1 MiB, Paid 0.000000000530687898 FIL, ClientEventBlocksReceived (DealStatusOngoing)
Apr 03 03:09:48 > Recv: 271.1 MiB, Paid 0.000000000530687898 FIL, ClientEventBlocksReceived (DealStatusOngoing)
Apr 03 03:09:49 > Recv: 272.1 MiB, Paid 0.000000000530687898 FIL, ClientEventBlocksReceived (DealStatusOngoing)
Apr 03 03:09:50 > Recv: 273.1 MiB, Paid 0.000000000530687898 FIL, ClientEventBlocksReceived (DealStatusOngoing)
Apr 03 03:09:51 > Recv: 274.1 MiB, Paid 0.000000000530687898 FIL, ClientEventBlocksReceived (DealStatusOngoing)
Apr 03 03:09:52 > Recv: 275.1 MiB, Paid 0.000000000530687898 FIL, ClientEventBlocksReceived (DealStatusOngoing)
Apr 03 03:09:52 > Recv: 275.1 MiB, Paid 0.000000000530687898 FIL, ClientEventPaymentRequested (DealStatusFundsNeeded)
Apr 03 03:09:52 > Recv: 275.1 MiB, Paid 0.000000000530687898 FIL, ClientEventSendFunds (DealStatusSendFunds)
Apr 03 03:09:52 > Recv: 275.1 MiB, Paid 0.000000000578922394 FIL, ClientEventPaymentSent (DealStatusOngoing)
Apr 03 03:10:03 > Recv: 277.1 MiB, Paid 0.000000000578922394 FIL, ClientEventBlocksReceived (DealStatusOngoing)
Apr 03 03:10:04 > Recv: 278.1 MiB, Paid 0.000000000578922394 FIL, ClientEventBlocksReceived (DealStatusOngoing)
Apr 03 03:10:05 > Recv: 279.1 MiB, Paid 0.000000000578922394 FIL, ClientEventBlocksReceived (DealStatusOngoing)
Apr 03 03:10:07 > Recv: 280.1 MiB, Paid 0.000000000578922394 FIL, ClientEventBlocksReceived (DealStatusOngoing)
Apr 03 03:10:08 > Recv: 281.1 MiB, Paid 0.000000000578922394 FIL, ClientEventBlocksReceived (DealStatusOngoing)
Apr 03 03:10:09 > Recv: 282.1 MiB, Paid 0.000000000578922394 FIL, ClientEventBlocksReceived (DealStatusOngoing)
Apr 03 03:10:10 > Recv: 283.1 MiB, Paid 0.000000000578922394 FIL, ClientEventBlocksReceived (DealStatusOngoing)
Apr 03 03:10:11 > Recv: 284.1 MiB, Paid 0.000000000578922394 FIL, ClientEventBlocksReceived (DealStatusOngoing)
Apr 03 03:10:12 > Recv: 285.1 MiB, Paid 0.000000000578922394 FIL, ClientEventBlocksReceived (DealStatusOngoing)
Apr 03 03:10:13 > Recv: 286.1 MiB, Paid 0.000000000578922394 FIL, ClientEventBlocksReceived (DealStatusOngoing)
Apr 03 03:10:13 > Recv: 287.1 MiB, Paid 0.000000000578922394 FIL, ClientEventBlocksReceived (DealStatusOngoing)
Apr 03 03:10:14 > Recv: 288.1 MiB, Paid 0.000000000578922394 FIL, ClientEventBlocksReceived (DealStatusOngoing)
Apr 03 03:10:15 > Recv: 289.1 MiB, Paid 0.000000000578922394 FIL, ClientEventBlocksReceived (DealStatusOngoing)
Apr 03 03:10:16 > Recv: 290.1 MiB, Paid 0.000000000578922394 FIL, ClientEventBlocksReceived (DealStatusOngoing)
Apr 03 03:10:16 > Recv: 291.1 MiB, Paid 0.000000000578922394 FIL, ClientEventBlocksReceived (DealStatusOngoing)
Apr 03 03:10:17 > Recv: 292.1 MiB, Paid 0.000000000578922394 FIL, ClientEventBlocksReceived (DealStatusOngoing)
Apr 03 03:10:18 > Recv: 293.1 MiB, Paid 0.000000000578922394 FIL, ClientEventBlocksReceived (DealStatusOngoing)
Apr 03 03:10:19 > Recv: 294.1 MiB, Paid 0.000000000578922394 FIL, ClientEventBlocksReceived (DealStatusOngoing)
Apr 03 03:10:20 > Recv: 295.1 MiB, Paid 0.000000000578922394 FIL, ClientEventBlocksReceived (DealStatusOngoing)
Apr 03 03:10:20 > Recv: 296.1 MiB, Paid 0.000000000578922394 FIL, ClientEventBlocksReceived (DealStatusOngoing)
Apr 03 03:10:21 > Recv: 297.1 MiB, Paid 0.000000000578922394 FIL, ClientEventBlocksReceived (DealStatusOngoing)
Apr 03 03:10:21 > Recv: 298.1 MiB, Paid 0.000000000578922394 FIL, ClientEventBlocksReceived (DealStatusOngoing)
Apr 03 03:10:22 > Recv: 299.1 MiB, Paid 0.000000000578922394 FIL, ClientEventBlocksReceived (DealStatusOngoing)
Apr 03 03:10:22 > Recv: 299.1 MiB, Paid 0.000000000578922394 FIL, ClientEventPaymentRequested (DealStatusFundsNeeded)
Apr 03 03:10:22 > Recv: 299.1 MiB, Paid 0.000000000578922394 FIL, ClientEventSendFunds (DealStatusSendFunds)
Apr 03 03:10:22 > Recv: 299.1 MiB, Paid 0.000000000629254042 FIL, ClientEventPaymentSent (DealStatusOngoing)
Apr 03 03:10:31 > Recv: 301.1 MiB, Paid 0.000000000629254042 FIL, ClientEventBlocksReceived (DealStatusOngoing)
Apr 03 03:10:31 > Recv: 302.1 MiB, Paid 0.000000000629254042 FIL, ClientEventBlocksReceived (DealStatusOngoing)
Apr 03 03:10:32 > Recv: 303.1 MiB, Paid 0.000000000629254042 FIL, ClientEventBlocksReceived (DealStatusOngoing)
Apr 03 03:10:32 > Recv: 304.1 MiB, Paid 0.000000000629254042 FIL, ClientEventBlocksReceived (DealStatusOngoing)
Apr 03 03:10:33 > Recv: 305.1 MiB, Paid 0.000000000629254042 FIL, ClientEventBlocksReceived (DealStatusOngoing)
Apr 03 03:10:34 > Recv: 306.1 MiB, Paid 0.000000000629254042 FIL, ClientEventBlocksReceived (DealStatusOngoing)
Apr 03 03:10:35 > Recv: 307.1 MiB, Paid 0.000000000629254042 FIL, ClientEventBlocksReceived (DealStatusOngoing)
Apr 03 03:10:36 > Recv: 308.1 MiB, Paid 0.000000000629254042 FIL, ClientEventBlocksReceived (DealStatusOngoing)
Apr 03 03:10:38 > Recv: 309.1 MiB, Paid 0.000000000629254042 FIL, ClientEventBlocksReceived (DealStatusOngoing)
Apr 03 03:10:38 > Recv: 310.1 MiB, Paid 0.000000000629254042 FIL, ClientEventBlocksReceived (DealStatusOngoing)
Apr 03 03:10:38 > Recv: 311.1 MiB, Paid 0.000000000629254042 FIL, ClientEventBlocksReceived (DealStatusOngoing)
Apr 03 03:10:39 > Recv: 312.1 MiB, Paid 0.000000000629254042 FIL, ClientEventBlocksReceived (DealStatusOngoing)
Apr 03 03:10:39 > Recv: 313.1 MiB, Paid 0.000000000629254042 FIL, ClientEventBlocksReceived (DealStatusOngoing)
Apr 03 03:10:40 > Recv: 314.1 MiB, Paid 0.000000000629254042 FIL, ClientEventBlocksReceived (DealStatusOngoing)
Apr 03 03:10:40 > Recv: 315.1 MiB, Paid 0.000000000629254042 FIL, ClientEventBlocksReceived (DealStatusOngoing)
Apr 03 03:10:40 > Recv: 316.1 MiB, Paid 0.000000000629254042 FIL, ClientEventBlocksReceived (DealStatusOngoing)
Apr 03 03:10:41 > Recv: 317.1 MiB, Paid 0.000000000629254042 FIL, ClientEventBlocksReceived (DealStatusOngoing)
Apr 03 03:10:41 > Recv: 318.1 MiB, Paid 0.000000000629254042 FIL, ClientEventBlocksReceived (DealStatusOngoing)
Apr 03 03:10:41 > Recv: 319.1 MiB, Paid 0.000000000629254042 FIL, ClientEventBlocksReceived (DealStatusOngoing)
Apr 03 03:10:42 > Recv: 320.1 MiB, Paid 0.000000000629254042 FIL, ClientEventBlocksReceived (DealStatusOngoing)
Apr 03 03:10:42 > Recv: 321.1 MiB, Paid 0.000000000629254042 FIL, ClientEventBlocksReceived (DealStatusOngoing)
Apr 03 03:10:42 > Recv: 322.1 MiB, Paid 0.000000000629254042 FIL, ClientEventBlocksReceived (DealStatusOngoing)
Apr 03 03:10:43 > Recv: 323.1 MiB, Paid 0.000000000629254042 FIL, ClientEventBlocksReceived (DealStatusOngoing)
Apr 03 03:10:43 > Recv: 324.1 MiB, Paid 0.000000000629254042 FIL, ClientEventBlocksReceived (DealStatusOngoing)
Apr 03 03:10:43 > Recv: 324.1 MiB, Paid 0.000000000629254042 FIL, ClientEventPaymentRequested (DealStatusFundsNeeded)
Apr 03 03:10:43 > Recv: 324.1 MiB, Paid 0.000000000629254042 FIL, ClientEventSendFunds (DealStatusSendFunds)
Apr 03 03:10:43 > Recv: 324.1 MiB, Paid 0.000000000681682842 FIL, ClientEventPaymentSent (DealStatusOngoing)
Apr 03 03:10:53 > Recv: 326.1 MiB, Paid 0.000000000681682842 FIL, ClientEventBlocksReceived (DealStatusOngoing)
Apr 03 03:10:53 > Recv: 327.1 MiB, Paid 0.000000000681682842 FIL, ClientEventBlocksReceived (DealStatusOngoing)
Apr 03 03:10:54 > Recv: 328.1 MiB, Paid 0.000000000681682842 FIL, ClientEventBlocksReceived (DealStatusOngoing)
Apr 03 03:10:55 > Recv: 329.1 MiB, Paid 0.000000000681682842 FIL, ClientEventBlocksReceived (DealStatusOngoing)
Apr 03 03:10:55 > Recv: 330.1 MiB, Paid 0.000000000681682842 FIL, ClientEventBlocksReceived (DealStatusOngoing)
Apr 03 03:10:56 > Recv: 331.1 MiB, Paid 0.000000000681682842 FIL, ClientEventBlocksReceived (DealStatusOngoing)
Apr 03 03:10:57 > Recv: 332.1 MiB, Paid 0.000000000681682842 FIL, ClientEventBlocksReceived (DealStatusOngoing)
Apr 03 03:10:58 > Recv: 333.1 MiB, Paid 0.000000000681682842 FIL, ClientEventBlocksReceived (DealStatusOngoing)
Apr 03 03:10:58 > Recv: 334.1 MiB, Paid 0.000000000681682842 FIL, ClientEventBlocksReceived (DealStatusOngoing)
Apr 03 03:10:59 > Recv: 335.1 MiB, Paid 0.000000000681682842 FIL, ClientEventBlocksReceived (DealStatusOngoing)
Apr 03 03:11:00 > Recv: 336.1 MiB, Paid 0.000000000681682842 FIL, ClientEventBlocksReceived (DealStatusOngoing)
Apr 03 03:11:00 > Recv: 337.1 MiB, Paid 0.000000000681682842 FIL, ClientEventBlocksReceived (DealStatusOngoing)
Apr 03 03:11:01 > Recv: 338.1 MiB, Paid 0.000000000681682842 FIL, ClientEventBlocksReceived (DealStatusOngoing)
Apr 03 03:11:02 > Recv: 339.1 MiB, Paid 0.000000000681682842 FIL, ClientEventBlocksReceived (DealStatusOngoing)
Apr 03 03:11:02 > Recv: 340.1 MiB, Paid 0.000000000681682842 FIL, ClientEventBlocksReceived (DealStatusOngoing)
Apr 03 03:11:03 > Recv: 341.1 MiB, Paid 0.000000000681682842 FIL, ClientEventBlocksReceived (DealStatusOngoing)
Apr 03 03:11:04 > Recv: 342.1 MiB, Paid 0.000000000681682842 FIL, ClientEventBlocksReceived (DealStatusOngoing)
Apr 03 03:11:04 > Recv: 343.1 MiB, Paid 0.000000000681682842 FIL, ClientEventBlocksReceived (DealStatusOngoing)
Apr 03 03:11:05 > Recv: 344.1 MiB, Paid 0.000000000681682842 FIL, ClientEventBlocksReceived (DealStatusOngoing)
Apr 03 03:11:06 > Recv: 345.1 MiB, Paid 0.000000000681682842 FIL, ClientEventBlocksReceived (DealStatusOngoing)
Apr 03 03:11:07 > Recv: 346.1 MiB, Paid 0.000000000681682842 FIL, ClientEventBlocksReceived (DealStatusOngoing)
Apr 03 03:11:08 > Recv: 347.1 MiB, Paid 0.000000000681682842 FIL, ClientEventBlocksReceived (DealStatusOngoing)
Apr 03 03:11:09 > Recv: 348.1 MiB, Paid 0.000000000681682842 FIL, ClientEventBlocksReceived (DealStatusOngoing)
Apr 03 03:11:09 > Recv: 349.1 MiB, Paid 0.000000000681682842 FIL, ClientEventBlocksReceived (DealStatusOngoing)
Apr 03 03:11:10 > Recv: 350.1 MiB, Paid 0.000000000681682842 FIL, ClientEventBlocksReceived (DealStatusOngoing)
Apr 03 03:11:12 > Recv: 350.1 MiB, Paid 0.000000000681682842 FIL, ClientEventPaymentRequested (DealStatusFundsNeeded)
Apr 03 03:11:12 > Recv: 350.1 MiB, Paid 0.000000000681682842 FIL, ClientEventSendFunds (DealStatusSendFunds)
Apr 03 03:11:12 > Recv: 350.1 MiB, Paid 0.000000000736208794 FIL, ClientEventPaymentSent (DealStatusOngoing)
Apr 03 03:11:25 > Recv: 352.1 MiB, Paid 0.000000000736208794 FIL, ClientEventBlocksReceived (DealStatusOngoing)
Apr 03 03:11:25 > Recv: 353.1 MiB, Paid 0.000000000736208794 FIL, ClientEventBlocksReceived (DealStatusOngoing)
Apr 03 03:11:27 > Recv: 354.1 MiB, Paid 0.000000000736208794 FIL, ClientEventBlocksReceived (DealStatusOngoing)
Apr 03 03:11:28 > Recv: 355.1 MiB, Paid 0.000000000736208794 FIL, ClientEventBlocksReceived (DealStatusOngoing)
Apr 03 03:11:29 > Recv: 356.1 MiB, Paid 0.000000000736208794 FIL, ClientEventBlocksReceived (DealStatusOngoing)
Apr 03 03:11:30 > Recv: 357.1 MiB, Paid 0.000000000736208794 FIL, ClientEventBlocksReceived (DealStatusOngoing)
Apr 03 03:11:31 > Recv: 358.1 MiB, Paid 0.000000000736208794 FIL, ClientEventBlocksReceived (DealStatusOngoing)
Apr 03 03:11:32 > Recv: 359.1 MiB, Paid 0.000000000736208794 FIL, ClientEventBlocksReceived (DealStatusOngoing)
Apr 03 03:11:34 > Recv: 360.1 MiB, Paid 0.000000000736208794 FIL, ClientEventBlocksReceived (DealStatusOngoing)
Apr 03 03:11:35 > Recv: 361.1 MiB, Paid 0.000000000736208794 FIL, ClientEventBlocksReceived (DealStatusOngoing)
Apr 03 03:11:36 > Recv: 362.1 MiB, Paid 0.000000000736208794 FIL, ClientEventBlocksReceived (DealStatusOngoing)
Apr 03 03:11:36 > Recv: 363.1 MiB, Paid 0.000000000736208794 FIL, ClientEventBlocksReceived (DealStatusOngoing)
Apr 03 03:11:38 > Recv: 364.1 MiB, Paid 0.000000000736208794 FIL, ClientEventBlocksReceived (DealStatusOngoing)
Apr 03 03:11:39 > Recv: 365.1 MiB, Paid 0.000000000736208794 FIL, ClientEventBlocksReceived (DealStatusOngoing)
Apr 03 03:11:40 > Recv: 366.1 MiB, Paid 0.000000000736208794 FIL, ClientEventBlocksReceived (DealStatusOngoing)
Apr 03 03:11:41 > Recv: 367.1 MiB, Paid 0.000000000736208794 FIL, ClientEventBlocksReceived (DealStatusOngoing)
Apr 03 03:11:42 > Recv: 368.1 MiB, Paid 0.000000000736208794 FIL, ClientEventBlocksReceived (DealStatusOngoing)
Apr 03 03:11:42 > Recv: 369.1 MiB, Paid 0.000000000736208794 FIL, ClientEventBlocksReceived (DealStatusOngoing)
Apr 03 03:11:44 > Recv: 370.1 MiB, Paid 0.000000000736208794 FIL, ClientEventBlocksReceived (DealStatusOngoing)
Apr 03 03:11:44 > Recv: 371.1 MiB, Paid 0.000000000736208794 FIL, ClientEventBlocksReceived (DealStatusOngoing)
Apr 03 03:11:45 > Recv: 372.1 MiB, Paid 0.000000000736208794 FIL, ClientEventBlocksReceived (DealStatusOngoing)
Apr 03 03:11:47 > Recv: 373.1 MiB, Paid 0.000000000736208794 FIL, ClientEventBlocksReceived (DealStatusOngoing)
Apr 03 03:11:48 > Recv: 374.1 MiB, Paid 0.000000000736208794 FIL, ClientEventBlocksReceived (DealStatusOngoing)
Apr 03 03:11:49 > Recv: 375.1 MiB, Paid 0.000000000736208794 FIL, ClientEventBlocksReceived (DealStatusOngoing)
Apr 03 03:11:50 > Recv: 376.1 MiB, Paid 0.000000000736208794 FIL, ClientEventBlocksReceived (DealStatusOngoing)
Apr 03 03:11:51 > Recv: 377.1 MiB, Paid 0.000000000736208794 FIL, ClientEventBlocksReceived (DealStatusOngoing)
Apr 03 03:11:52 > Recv: 377.1 MiB, Paid 0.000000000736208794 FIL, ClientEventPaymentRequested (DealStatusFundsNeeded)
Apr 03 03:11:52 > Recv: 377.1 MiB, Paid 0.000000000736208794 FIL, ClientEventSendFunds (DealStatusSendFunds)
Apr 03 03:11:52 > Recv: 377.1 MiB, Paid 0.000000000792831898 FIL, ClientEventPaymentSent (DealStatusOngoing)
Apr 03 03:12:04 > Recv: 379.1 MiB, Paid 0.000000000792831898 FIL, ClientEventBlocksReceived (DealStatusOngoing)
Apr 03 03:12:05 > Recv: 380.1 MiB, Paid 0.000000000792831898 FIL, ClientEventBlocksReceived (DealStatusOngoing)
Apr 03 03:12:05 > Recv: 381.1 MiB, Paid 0.000000000792831898 FIL, ClientEventBlocksReceived (DealStatusOngoing)
Apr 03 03:12:06 > Recv: 382.1 MiB, Paid 0.000000000792831898 FIL, ClientEventBlocksReceived (DealStatusOngoing)
Apr 03 03:12:06 > Recv: 383.1 MiB, Paid 0.000000000792831898 FIL, ClientEventBlocksReceived (DealStatusOngoing)
Apr 03 03:12:07 > Recv: 384.1 MiB, Paid 0.000000000792831898 FIL, ClientEventBlocksReceived (DealStatusOngoing)
Apr 03 03:12:07 > Recv: 385.1 MiB, Paid 0.000000000792831898 FIL, ClientEventBlocksReceived (DealStatusOngoing)
Apr 03 03:12:07 > Recv: 386.1 MiB, Paid 0.000000000792831898 FIL, ClientEventBlocksReceived (DealStatusOngoing)
Apr 03 03:12:08 > Recv: 387.1 MiB, Paid 0.000000000792831898 FIL, ClientEventBlocksReceived (DealStatusOngoing)
Apr 03 03:12:08 > Recv: 388.1 MiB, Paid 0.000000000792831898 FIL, ClientEventBlocksReceived (DealStatusOngoing)
Apr 03 03:12:09 > Recv: 389.1 MiB, Paid 0.000000000792831898 FIL, ClientEventBlocksReceived (DealStatusOngoing)
Apr 03 03:12:10 > Recv: 390.1 MiB, Paid 0.000000000792831898 FIL, ClientEventBlocksReceived (DealStatusOngoing)
Apr 03 03:12:10 > Recv: 391.1 MiB, Paid 0.000000000792831898 FIL, ClientEventBlocksReceived (DealStatusOngoing)
Apr 03 03:12:11 > Recv: 392.1 MiB, Paid 0.000000000792831898 FIL, ClientEventBlocksReceived (DealStatusOngoing)
Apr 03 03:12:11 > Recv: 393.1 MiB, Paid 0.000000000792831898 FIL, ClientEventBlocksReceived (DealStatusOngoing)
Apr 03 03:12:11 > Recv: 394.1 MiB, Paid 0.000000000792831898 FIL, ClientEventBlocksReceived (DealStatusOngoing)
Apr 03 03:12:12 > Recv: 395.1 MiB, Paid 0.000000000792831898 FIL, ClientEventBlocksReceived (DealStatusOngoing)
Apr 03 03:12:12 > Recv: 396.1 MiB, Paid 0.000000000792831898 FIL, ClientEventBlocksReceived (DealStatusOngoing)
Apr 03 03:12:12 > Recv: 397.1 MiB, Paid 0.000000000792831898 FIL, ClientEventBlocksReceived (DealStatusOngoing)
Apr 03 03:12:12 > Recv: 398.1 MiB, Paid 0.000000000792831898 FIL, ClientEventBlocksReceived (DealStatusOngoing)
Apr 03 03:12:12 > Recv: 399.1 MiB, Paid 0.000000000792831898 FIL, ClientEventBlocksReceived (DealStatusOngoing)
Apr 03 03:12:13 > Recv: 400.1 MiB, Paid 0.000000000792831898 FIL, ClientEventBlocksReceived (DealStatusOngoing)
Apr 03 03:12:13 > Recv: 401.1 MiB, Paid 0.000000000792831898 FIL, ClientEventBlocksReceived (DealStatusOngoing)
Apr 03 03:12:14 > Recv: 402.1 MiB, Paid 0.000000000792831898 FIL, ClientEventBlocksReceived (DealStatusOngoing)
Apr 03 03:12:14 > Recv: 403.1 MiB, Paid 0.000000000792831898 FIL, ClientEventBlocksReceived (DealStatusOngoing)
Apr 03 03:12:14 > Recv: 404.1 MiB, Paid 0.000000000792831898 FIL, ClientEventBlocksReceived (DealStatusOngoing)
Apr 03 03:12:14 > Recv: 405.1 MiB, Paid 0.000000000792831898 FIL, ClientEventBlocksReceived (DealStatusOngoing)
Apr 03 03:12:15 > Recv: 405.1 MiB, Paid 0.000000000792831898 FIL, ClientEventPaymentRequested (DealStatusFundsNeeded)
Apr 03 03:12:15 > Recv: 405.1 MiB, Paid 0.000000000792831898 FIL, ClientEventSendFunds (DealStatusSendFunds)
Apr 03 03:12:15 > Recv: 405.1 MiB, Paid 0.000000000851552154 FIL, ClientEventPaymentSent (DealStatusOngoing)
Apr 03 03:12:24 > Recv: 407.1 MiB, Paid 0.000000000851552154 FIL, ClientEventBlocksReceived (DealStatusOngoing)
Apr 03 03:12:24 > Recv: 408.1 MiB, Paid 0.000000000851552154 FIL, ClientEventBlocksReceived (DealStatusOngoing)
Apr 03 03:12:25 > Recv: 409.1 MiB, Paid 0.000000000851552154 FIL, ClientEventBlocksReceived (DealStatusOngoing)
Apr 03 03:12:26 > Recv: 410.1 MiB, Paid 0.000000000851552154 FIL, ClientEventBlocksReceived (DealStatusOngoing)
Apr 03 03:12:26 > Recv: 411.1 MiB, Paid 0.000000000851552154 FIL, ClientEventBlocksReceived (DealStatusOngoing)
Apr 03 03:12:27 > Recv: 412.1 MiB, Paid 0.000000000851552154 FIL, ClientEventBlocksReceived (DealStatusOngoing)
Apr 03 03:12:27 > Recv: 413.1 MiB, Paid 0.000000000851552154 FIL, ClientEventBlocksReceived (DealStatusOngoing)
Apr 03 03:12:28 > Recv: 414.1 MiB, Paid 0.000000000851552154 FIL, ClientEventBlocksReceived (DealStatusOngoing)
Apr 03 03:12:28 > Recv: 415.1 MiB, Paid 0.000000000851552154 FIL, ClientEventBlocksReceived (DealStatusOngoing)
Apr 03 03:12:28 > Recv: 416.1 MiB, Paid 0.000000000851552154 FIL, ClientEventBlocksReceived (DealStatusOngoing)
Apr 03 03:12:29 > Recv: 417.1 MiB, Paid 0.000000000851552154 FIL, ClientEventBlocksReceived (DealStatusOngoing)
Apr 03 03:12:29 > Recv: 418.1 MiB, Paid 0.000000000851552154 FIL, ClientEventBlocksReceived (DealStatusOngoing)
Apr 03 03:12:30 > Recv: 419.1 MiB, Paid 0.000000000851552154 FIL, ClientEventBlocksReceived (DealStatusOngoing)
Apr 03 03:12:31 > Recv: 420.1 MiB, Paid 0.000000000851552154 FIL, ClientEventBlocksReceived (DealStatusOngoing)
Apr 03 03:12:32 > Recv: 421.1 MiB, Paid 0.000000000851552154 FIL, ClientEventBlocksReceived (DealStatusOngoing)
Apr 03 03:12:33 > Recv: 422.1 MiB, Paid 0.000000000851552154 FIL, ClientEventBlocksReceived (DealStatusOngoing)
Apr 03 03:12:34 > Recv: 423.1 MiB, Paid 0.000000000851552154 FIL, ClientEventBlocksReceived (DealStatusOngoing)
Apr 03 03:12:35 > Recv: 424.1 MiB, Paid 0.000000000851552154 FIL, ClientEventBlocksReceived (DealStatusOngoing)
Apr 03 03:12:37 > Recv: 425.1 MiB, Paid 0.000000000851552154 FIL, ClientEventBlocksReceived (DealStatusOngoing)
Apr 03 03:12:37 > Recv: 426.1 MiB, Paid 0.000000000851552154 FIL, ClientEventBlocksReceived (DealStatusOngoing)
Apr 03 03:12:38 > Recv: 427.1 MiB, Paid 0.000000000851552154 FIL, ClientEventBlocksReceived (DealStatusOngoing)
Apr 03 03:12:38 > Recv: 428.1 MiB, Paid 0.000000000851552154 FIL, ClientEventBlocksReceived (DealStatusOngoing)
Apr 03 03:12:39 > Recv: 429.1 MiB, Paid 0.000000000851552154 FIL, ClientEventBlocksReceived (DealStatusOngoing)
Apr 03 03:12:40 > Recv: 430.1 MiB, Paid 0.000000000851552154 FIL, ClientEventBlocksReceived (DealStatusOngoing)
Apr 03 03:12:40 > Recv: 431.1 MiB, Paid 0.000000000851552154 FIL, ClientEventBlocksReceived (DealStatusOngoing)
Apr 03 03:12:41 > Recv: 432.1 MiB, Paid 0.000000000851552154 FIL, ClientEventBlocksReceived (DealStatusOngoing)
Apr 03 03:12:41 > Recv: 433.1 MiB, Paid 0.000000000851552154 FIL, ClientEventBlocksReceived (DealStatusOngoing)
Apr 03 03:12:42 > Recv: 434.1 MiB, Paid 0.000000000851552154 FIL, ClientEventBlocksReceived (DealStatusOngoing)
Apr 03 03:12:43 > Recv: 434.1 MiB, Paid 0.000000000851552154 FIL, ClientEventPaymentRequested (DealStatusFundsNeeded)
Apr 03 03:12:43 > Recv: 434.1 MiB, Paid 0.000000000851552154 FIL, ClientEventSendFunds (DealStatusSendFunds)
Apr 03 03:12:43 > Recv: 434.1 MiB, Paid 0.000000000912369562 FIL, ClientEventPaymentSent (DealStatusOngoing)
Apr 03 03:12:59 > Recv: 436.1 MiB, Paid 0.000000000912369562 FIL, ClientEventBlocksReceived (DealStatusOngoing)
Apr 03 03:13:00 > Recv: 437.1 MiB, Paid 0.000000000912369562 FIL, ClientEventBlocksReceived (DealStatusOngoing)
Apr 03 03:13:00 > Recv: 438.1 MiB, Paid 0.000000000912369562 FIL, ClientEventBlocksReceived (DealStatusOngoing)
Apr 03 03:13:01 > Recv: 439.1 MiB, Paid 0.000000000912369562 FIL, ClientEventBlocksReceived (DealStatusOngoing)
Apr 03 03:13:02 > Recv: 440.1 MiB, Paid 0.000000000912369562 FIL, ClientEventBlocksReceived (DealStatusOngoing)
Apr 03 03:13:02 > Recv: 441.1 MiB, Paid 0.000000000912369562 FIL, ClientEventBlocksReceived (DealStatusOngoing)
Apr 03 03:13:03 > Recv: 442.1 MiB, Paid 0.000000000912369562 FIL, ClientEventBlocksReceived (DealStatusOngoing)
Apr 03 03:13:04 > Recv: 443.1 MiB, Paid 0.000000000912369562 FIL, ClientEventBlocksReceived (DealStatusOngoing)
Apr 03 03:13:05 > Recv: 444.1 MiB, Paid 0.000000000912369562 FIL, ClientEventBlocksReceived (DealStatusOngoing)
Apr 03 03:13:06 > Recv: 445.1 MiB, Paid 0.000000000912369562 FIL, ClientEventBlocksReceived (DealStatusOngoing)
Apr 03 03:13:07 > Recv: 446.1 MiB, Paid 0.000000000912369562 FIL, ClientEventBlocksReceived (DealStatusOngoing)
Apr 03 03:13:08 > Recv: 447.1 MiB, Paid 0.000000000912369562 FIL, ClientEventBlocksReceived (DealStatusOngoing)
Apr 03 03:13:09 > Recv: 448.1 MiB, Paid 0.000000000912369562 FIL, ClientEventBlocksReceived (DealStatusOngoing)
Apr 03 03:13:10 > Recv: 449.1 MiB, Paid 0.000000000912369562 FIL, ClientEventBlocksReceived (DealStatusOngoing)
Apr 03 03:13:11 > Recv: 450.1 MiB, Paid 0.000000000912369562 FIL, ClientEventBlocksReceived (DealStatusOngoing)
Apr 03 03:13:13 > Recv: 451.1 MiB, Paid 0.000000000912369562 FIL, ClientEventBlocksReceived (DealStatusOngoing)
Apr 03 03:13:14 > Recv: 452.1 MiB, Paid 0.000000000912369562 FIL, ClientEventBlocksReceived (DealStatusOngoing)
Apr 03 03:13:15 > Recv: 453.1 MiB, Paid 0.000000000912369562 FIL, ClientEventBlocksReceived (DealStatusOngoing)
Apr 03 03:13:15 > Recv: 454.1 MiB, Paid 0.000000000912369562 FIL, ClientEventBlocksReceived (DealStatusOngoing)
Apr 03 03:13:16 > Recv: 455.1 MiB, Paid 0.000000000912369562 FIL, ClientEventBlocksReceived (DealStatusOngoing)
Apr 03 03:13:17 > Recv: 456.1 MiB, Paid 0.000000000912369562 FIL, ClientEventBlocksReceived (DealStatusOngoing)
Apr 03 03:13:17 > Recv: 457.1 MiB, Paid 0.000000000912369562 FIL, ClientEventBlocksReceived (DealStatusOngoing)
Apr 03 03:13:18 > Recv: 458.1 MiB, Paid 0.000000000912369562 FIL, ClientEventBlocksReceived (DealStatusOngoing)
Apr 03 03:13:18 > Recv: 459.1 MiB, Paid 0.000000000912369562 FIL, ClientEventBlocksReceived (DealStatusOngoing)
Apr 03 03:13:18 > Recv: 460.1 MiB, Paid 0.000000000912369562 FIL, ClientEventBlocksReceived (DealStatusOngoing)
Apr 03 03:13:19 > Recv: 461.1 MiB, Paid 0.000000000912369562 FIL, ClientEventBlocksReceived (DealStatusOngoing)
Apr 03 03:13:19 > Recv: 462.1 MiB, Paid 0.000000000912369562 FIL, ClientEventBlocksReceived (DealStatusOngoing)
Apr 03 03:13:20 > Recv: 463.1 MiB, Paid 0.000000000912369562 FIL, ClientEventBlocksReceived (DealStatusOngoing)
Apr 03 03:13:20 > Recv: 464.1 MiB, Paid 0.000000000912369562 FIL, ClientEventBlocksReceived (DealStatusOngoing)
Apr 03 03:13:21 > Recv: 464.1 MiB, Paid 0.000000000912369562 FIL, ClientEventPaymentRequested (DealStatusFundsNeeded)
Apr 03 03:13:21 > Recv: 464.1 MiB, Paid 0.000000000912369562 FIL, ClientEventSendFunds (DealStatusSendFunds)
Apr 03 03:13:21 > Recv: 464.1 MiB, Paid 0.000000000975284122 FIL, ClientEventPaymentSent (DealStatusOngoing)
Apr 03 03:13:25 > Recv: 466.1 MiB, Paid 0.000000000975284122 FIL, ClientEventBlocksReceived (DealStatusOngoing)
Apr 03 03:13:26 > Recv: 467.1 MiB, Paid 0.000000000975284122 FIL, ClientEventBlocksReceived (DealStatusOngoing)
Apr 03 03:13:26 > Recv: 468.1 MiB, Paid 0.000000000975284122 FIL, ClientEventBlocksReceived (DealStatusOngoing)
Apr 03 03:13:26 > Recv: 469.1 MiB, Paid 0.000000000975284122 FIL, ClientEventBlocksReceived (DealStatusOngoing)
Apr 03 03:13:26 > Recv: 470.1 MiB, Paid 0.000000000975284122 FIL, ClientEventBlocksReceived (DealStatusOngoing)
Apr 03 03:13:27 > Recv: 471.1 MiB, Paid 0.000000000975284122 FIL, ClientEventBlocksReceived (DealStatusOngoing)
Apr 03 03:13:27 > Recv: 472.1 MiB, Paid 0.000000000975284122 FIL, ClientEventBlocksReceived (DealStatusOngoing)
Apr 03 03:13:27 > Recv: 473.1 MiB, Paid 0.000000000975284122 FIL, ClientEventBlocksReceived (DealStatusOngoing)
Apr 03 03:13:27 > Recv: 474.1 MiB, Paid 0.000000000975284122 FIL, ClientEventBlocksReceived (DealStatusOngoing)
Apr 03 03:13:28 > Recv: 475.1 MiB, Paid 0.000000000975284122 FIL, ClientEventBlocksReceived (DealStatusOngoing)
Apr 03 03:13:28 > Recv: 476.1 MiB, Paid 0.000000000975284122 FIL, ClientEventBlocksReceived (DealStatusOngoing)
Apr 03 03:13:28 > Recv: 477.1 MiB, Paid 0.000000000975284122 FIL, ClientEventBlocksReceived (DealStatusOngoing)
Apr 03 03:13:28 > Recv: 478.1 MiB, Paid 0.000000000975284122 FIL, ClientEventBlocksReceived (DealStatusOngoing)
Apr 03 03:13:29 > Recv: 479.1 MiB, Paid 0.000000000975284122 FIL, ClientEventBlocksReceived (DealStatusOngoing)
Apr 03 03:13:29 > Recv: 480.1 MiB, Paid 0.000000000975284122 FIL, ClientEventBlocksReceived (DealStatusOngoing)
Apr 03 03:13:30 > Recv: 481.1 MiB, Paid 0.000000000975284122 FIL, ClientEventBlocksReceived (DealStatusOngoing)
Apr 03 03:13:30 > Recv: 482.1 MiB, Paid 0.000000000975284122 FIL, ClientEventBlocksReceived (DealStatusOngoing)
Apr 03 03:13:30 > Recv: 483.1 MiB, Paid 0.000000000975284122 FIL, ClientEventBlocksReceived (DealStatusOngoing)
Apr 03 03:13:31 > Recv: 484.1 MiB, Paid 0.000000000975284122 FIL, ClientEventBlocksReceived (DealStatusOngoing)
Apr 03 03:13:31 > Recv: 485.1 MiB, Paid 0.000000000975284122 FIL, ClientEventBlocksReceived (DealStatusOngoing)
Apr 03 03:13:31 > Recv: 486.1 MiB, Paid 0.000000000975284122 FIL, ClientEventBlocksReceived (DealStatusOngoing)
Apr 03 03:13:32 > Recv: 487.1 MiB, Paid 0.000000000975284122 FIL, ClientEventBlocksReceived (DealStatusOngoing)
Apr 03 03:13:32 > Recv: 488.1 MiB, Paid 0.000000000975284122 FIL, ClientEventBlocksReceived (DealStatusOngoing)
Apr 03 03:13:33 > Recv: 489.1 MiB, Paid 0.000000000975284122 FIL, ClientEventBlocksReceived (DealStatusOngoing)
Apr 03 03:13:34 > Recv: 490.1 MiB, Paid 0.000000000975284122 FIL, ClientEventBlocksReceived (DealStatusOngoing)
Apr 03 03:13:35 > Recv: 491.1 MiB, Paid 0.000000000975284122 FIL, ClientEventBlocksReceived (DealStatusOngoing)
Apr 03 03:13:35 > Recv: 492.1 MiB, Paid 0.000000000975284122 FIL, ClientEventBlocksReceived (DealStatusOngoing)
Apr 03 03:13:35 > Recv: 493.1 MiB, Paid 0.000000000975284122 FIL, ClientEventBlocksReceived (DealStatusOngoing)
Apr 03 03:13:36 > Recv: 494.1 MiB, Paid 0.000000000975284122 FIL, ClientEventBlocksReceived (DealStatusOngoing)
Apr 03 03:13:36 > Recv: 495.1 MiB, Paid 0.000000000975284122 FIL, ClientEventBlocksReceived (DealStatusOngoing)
Apr 03 03:13:36 > Recv: 495.1 MiB, Paid 0.000000000975284122 FIL, ClientEventPaymentRequested (DealStatusFundsNeeded)
Apr 03 03:13:36 > Recv: 495.1 MiB, Paid 0.000000000975284122 FIL, ClientEventSendFunds (DealStatusSendFunds)
Apr 03 03:13:36 > Recv: 495.1 MiB, Paid 0.000000001040295834 FIL, ClientEventPaymentSent (DealStatusOngoing)
Apr 03 03:13:47 > Recv: 497.1 MiB, Paid 0.000000001040295834 FIL, ClientEventBlocksReceived (DealStatusOngoing)
Apr 03 03:13:48 > Recv: 498.1 MiB, Paid 0.000000001040295834 FIL, ClientEventBlocksReceived (DealStatusOngoing)
Apr 03 03:13:49 > Recv: 499.1 MiB, Paid 0.000000001040295834 FIL, ClientEventBlocksReceived (DealStatusOngoing)
Apr 03 03:13:49 > Recv: 500.1 MiB, Paid 0.000000001040295834 FIL, ClientEventBlocksReceived (DealStatusOngoing)
Apr 03 03:13:50 > Recv: 501.1 MiB, Paid 0.000000001040295834 FIL, ClientEventBlocksReceived (DealStatusOngoing)
Apr 03 03:13:50 > Recv: 502.1 MiB, Paid 0.000000001040295834 FIL, ClientEventBlocksReceived (DealStatusOngoing)
Apr 03 03:13:51 > Recv: 503.1 MiB, Paid 0.000000001040295834 FIL, ClientEventBlocksReceived (DealStatusOngoing)
Apr 03 03:13:51 > Recv: 504.1 MiB, Paid 0.000000001040295834 FIL, ClientEventBlocksReceived (DealStatusOngoing)
Apr 03 03:13:52 > Recv: 505.1 MiB, Paid 0.000000001040295834 FIL, ClientEventBlocksReceived (DealStatusOngoing)
Apr 03 03:13:52 > Recv: 506.1 MiB, Paid 0.000000001040295834 FIL, ClientEventBlocksReceived (DealStatusOngoing)
Apr 03 03:13:53 > Recv: 507.1 MiB, Paid 0.000000001040295834 FIL, ClientEventBlocksReceived (DealStatusOngoing)
Apr 03 03:13:53 > Recv: 508.1 MiB, Paid 0.000000001040295834 FIL, ClientEventBlocksReceived (DealStatusOngoing)
Apr 03 03:13:54 > Recv: 509.1 MiB, Paid 0.000000001040295834 FIL, ClientEventBlocksReceived (DealStatusOngoing)
Apr 03 03:13:54 > Recv: 510.1 MiB, Paid 0.000000001040295834 FIL, ClientEventBlocksReceived (DealStatusOngoing)
Apr 03 03:13:55 > Recv: 511.1 MiB, Paid 0.000000001040295834 FIL, ClientEventBlocksReceived (DealStatusOngoing)
Apr 03 03:13:55 > Recv: 512.1 MiB, Paid 0.000000001040295834 FIL, ClientEventBlocksReceived (DealStatusOngoing)
Apr 03 03:13:56 > Recv: 513.1 MiB, Paid 0.000000001040295834 FIL, ClientEventBlocksReceived (DealStatusOngoing)
Apr 03 03:13:57 > Recv: 514.1 MiB, Paid 0.000000001040295834 FIL, ClientEventBlocksReceived (DealStatusOngoing)
Apr 03 03:13:58 > Recv: 515.1 MiB, Paid 0.000000001040295834 FIL, ClientEventBlocksReceived (DealStatusOngoing)
Apr 03 03:13:59 > Recv: 516.1 MiB, Paid 0.000000001040295834 FIL, ClientEventBlocksReceived (DealStatusOngoing)
Apr 03 03:14:01 > Recv: 517.1 MiB, Paid 0.000000001040295834 FIL, ClientEventBlocksReceived (DealStatusOngoing)
Apr 03 03:14:02 > Recv: 518.1 MiB, Paid 0.000000001040295834 FIL, ClientEventBlocksReceived (DealStatusOngoing)
Apr 03 03:14:04 > Recv: 519.1 MiB, Paid 0.000000001040295834 FIL, ClientEventBlocksReceived (DealStatusOngoing)
Apr 03 03:14:06 > Recv: 520.1 MiB, Paid 0.000000001040295834 FIL, ClientEventBlocksReceived (DealStatusOngoing)
Apr 03 03:14:07 > Recv: 521.1 MiB, Paid 0.000000001040295834 FIL, ClientEventBlocksReceived (DealStatusOngoing)
Apr 03 03:14:09 > Recv: 522.1 MiB, Paid 0.000000001040295834 FIL, ClientEventBlocksReceived (DealStatusOngoing)
Apr 03 03:14:11 > Recv: 523.1 MiB, Paid 0.000000001040295834 FIL, ClientEventBlocksReceived (DealStatusOngoing)
Apr 03 03:14:12 > Recv: 524.1 MiB, Paid 0.000000001040295834 FIL, ClientEventBlocksReceived (DealStatusOngoing)
Apr 03 03:14:13 > Recv: 525.1 MiB, Paid 0.000000001040295834 FIL, ClientEventBlocksReceived (DealStatusOngoing)
Apr 03 03:14:14 > Recv: 526.1 MiB, Paid 0.000000001040295834 FIL, ClientEventBlocksReceived (DealStatusOngoing)
Apr 03 03:14:15 > Recv: 527.1 MiB, Paid 0.000000001040295834 FIL, ClientEventBlocksReceived (DealStatusOngoing)
Apr 03 03:14:16 > Recv: 527.1 MiB, Paid 0.000000001040295834 FIL, ClientEventPaymentRequested (DealStatusFundsNeeded)
Apr 03 03:14:16 > Recv: 527.1 MiB, Paid 0.000000001040295834 FIL, ClientEventSendFunds (DealStatusSendFunds)
Apr 03 03:14:16 > Recv: 527.1 MiB, Paid 0.000000001107404698 FIL, ClientEventPaymentSent (DealStatusOngoing)
Apr 03 03:14:34 > Recv: 529.1 MiB, Paid 0.000000001107404698 FIL, ClientEventBlocksReceived (DealStatusOngoing)
Apr 03 03:14:35 > Recv: 530.1 MiB, Paid 0.000000001107404698 FIL, ClientEventBlocksReceived (DealStatusOngoing)
Apr 03 03:14:36 > Recv: 531.1 MiB, Paid 0.000000001107404698 FIL, ClientEventBlocksReceived (DealStatusOngoing)
Apr 03 03:14:37 > Recv: 532.1 MiB, Paid 0.000000001107404698 FIL, ClientEventBlocksReceived (DealStatusOngoing)
Apr 03 03:14:38 > Recv: 533.1 MiB, Paid 0.000000001107404698 FIL, ClientEventBlocksReceived (DealStatusOngoing)
Apr 03 03:14:39 > Recv: 534.1 MiB, Paid 0.000000001107404698 FIL, ClientEventBlocksReceived (DealStatusOngoing)
Apr 03 03:14:40 > Recv: 535.1 MiB, Paid 0.000000001107404698 FIL, ClientEventBlocksReceived (DealStatusOngoing)
Apr 03 03:14:40 > Recv: 536.1 MiB, Paid 0.000000001107404698 FIL, ClientEventBlocksReceived (DealStatusOngoing)
Apr 03 03:14:41 > Recv: 537.1 MiB, Paid 0.000000001107404698 FIL, ClientEventBlocksReceived (DealStatusOngoing)
Apr 03 03:14:42 > Recv: 538.1 MiB, Paid 0.000000001107404698 FIL, ClientEventBlocksReceived (DealStatusOngoing)
Apr 03 03:14:42 > Recv: 539.1 MiB, Paid 0.000000001107404698 FIL, ClientEventBlocksReceived (DealStatusOngoing)
Apr 03 03:14:43 > Recv: 540.1 MiB, Paid 0.000000001107404698 FIL, ClientEventBlocksReceived (DealStatusOngoing)
Apr 03 03:14:43 > Recv: 541.1 MiB, Paid 0.000000001107404698 FIL, ClientEventBlocksReceived (DealStatusOngoing)
Apr 03 03:14:44 > Recv: 542.1 MiB, Paid 0.000000001107404698 FIL, ClientEventBlocksReceived (DealStatusOngoing)
Apr 03 03:14:44 > Recv: 543.1 MiB, Paid 0.000000001107404698 FIL, ClientEventBlocksReceived (DealStatusOngoing)
Apr 03 03:14:45 > Recv: 544.1 MiB, Paid 0.000000001107404698 FIL, ClientEventBlocksReceived (DealStatusOngoing)
Apr 03 03:14:46 > Recv: 545.1 MiB, Paid 0.000000001107404698 FIL, ClientEventBlocksReceived (DealStatusOngoing)
Apr 03 03:14:46 > Recv: 546.1 MiB, Paid 0.000000001107404698 FIL, ClientEventBlocksReceived (DealStatusOngoing)
Apr 03 03:14:47 > Recv: 547.1 MiB, Paid 0.000000001107404698 FIL, ClientEventBlocksReceived (DealStatusOngoing)
Apr 03 03:14:49 > Recv: 548.1 MiB, Paid 0.000000001107404698 FIL, ClientEventBlocksReceived (DealStatusOngoing)
Apr 03 03:14:50 > Recv: 549.1 MiB, Paid 0.000000001107404698 FIL, ClientEventBlocksReceived (DealStatusOngoing)
Apr 03 03:14:50 > Recv: 550.1 MiB, Paid 0.000000001107404698 FIL, ClientEventBlocksReceived (DealStatusOngoing)
Apr 03 03:14:51 > Recv: 551.1 MiB, Paid 0.000000001107404698 FIL, ClientEventBlocksReceived (DealStatusOngoing)
Apr 03 03:14:51 > Recv: 552.1 MiB, Paid 0.000000001107404698 FIL, ClientEventBlocksReceived (DealStatusOngoing)
Apr 03 03:14:52 > Recv: 553.1 MiB, Paid 0.000000001107404698 FIL, ClientEventBlocksReceived (DealStatusOngoing)
Apr 03 03:14:53 > Recv: 554.1 MiB, Paid 0.000000001107404698 FIL, ClientEventBlocksReceived (DealStatusOngoing)
Apr 03 03:14:54 > Recv: 555.1 MiB, Paid 0.000000001107404698 FIL, ClientEventBlocksReceived (DealStatusOngoing)
Apr 03 03:14:54 > Recv: 556.1 MiB, Paid 0.000000001107404698 FIL, ClientEventBlocksReceived (DealStatusOngoing)
Apr 03 03:14:55 > Recv: 557.1 MiB, Paid 0.000000001107404698 FIL, ClientEventBlocksReceived (DealStatusOngoing)
Apr 03 03:14:56 > Recv: 558.1 MiB, Paid 0.000000001107404698 FIL, ClientEventBlocksReceived (DealStatusOngoing)
Apr 03 03:14:57 > Recv: 559.1 MiB, Paid 0.000000001107404698 FIL, ClientEventBlocksReceived (DealStatusOngoing)
Apr 03 03:14:57 > Recv: 560.1 MiB, Paid 0.000000001107404698 FIL, ClientEventBlocksReceived (DealStatusOngoing)
Apr 03 03:14:58 > Recv: 560.1 MiB, Paid 0.000000001107404698 FIL, ClientEventPaymentRequested (DealStatusFundsNeeded)
Apr 03 03:14:58 > Recv: 560.1 MiB, Paid 0.000000001107404698 FIL, ClientEventSendFunds (DealStatusSendFunds)
Apr 03 03:14:58 > Recv: 560.1 MiB, Paid 0.000000001176610714 FIL, ClientEventPaymentSent (DealStatusOngoing)
Apr 03 03:15:25 > Recv: 562.1 MiB, Paid 0.000000001176610714 FIL, ClientEventBlocksReceived (DealStatusOngoing)
Apr 03 03:15:26 > Recv: 563.1 MiB, Paid 0.000000001176610714 FIL, ClientEventBlocksReceived (DealStatusOngoing)
Apr 03 03:15:26 > Recv: 564.1 MiB, Paid 0.000000001176610714 FIL, ClientEventBlocksReceived (DealStatusOngoing)
Apr 03 03:15:27 > Recv: 565.1 MiB, Paid 0.000000001176610714 FIL, ClientEventBlocksReceived (DealStatusOngoing)
Apr 03 03:15:28 > Recv: 566.1 MiB, Paid 0.000000001176610714 FIL, ClientEventBlocksReceived (DealStatusOngoing)
Apr 03 03:15:28 > Recv: 567.1 MiB, Paid 0.000000001176610714 FIL, ClientEventBlocksReceived (DealStatusOngoing)
Apr 03 03:15:29 > Recv: 568.1 MiB, Paid 0.000000001176610714 FIL, ClientEventBlocksReceived (DealStatusOngoing)
Apr 03 06:59:13 ERROR: retrieval timed out
Apr 03 06:59:13 
Apr 03 06:59:13 Command exited with non-zero status 124
Apr 03 06:59:13 4.14user 0.10system 4:00:00elapsed 0%CPU (0avgtext+0avgdata 74368maxresident)k
Apr 03 06:59:13 0inputs+0outputs (0major+12019minor)pagefaults 0swaps
Apr 03 06:59:13 f0421499: 23.181471623942152506 FIL (705G free)
Apr 03 06:59:13 Skipping ahead
Apr 03 06:59:13 
Apr 03 06:59:14 1 minimal_finality_stateroots_624460_2021-03-29_18-00-00.car.aa
Apr 03 06:59:14 f02576-1650987 f08399-1652420 f010479-1652545
Apr 03 06:59:14 Already have log for f02576 1650987 bafykbzacecpfagbszu24mq4jynabqouymjp5m3waz3kw6ccqqziwwcjm732ry
Apr 03 06:59:15 Already have log for f08399 1652420 bafykbzacecpfagbszu24mq4jynabqouymjp5m3waz3kw6ccqqziwwcjm732ry
Apr 03 06:59:17 Already have log for f010479 1652545 bafykbzacecpfagbszu24mq4jynabqouymjp5m3waz3kw6ccqqziwwcjm732ry
Apr 03 06:59:18 
Apr 03 06:59:19 0 minimal_finality_stateroots_624460_2021-03-29_18-00-00.car.ab
Apr 03 06:59:19 f099608-1652417 f01240-1652718 f022163-1652787
Apr 03 06:59:19 Already have log for f099608 1652417 bafykbzaceazee5wr2xtg4gpmjeo65uawsjx5i7kpxlv6h75hinjfqc7sg72sa
Apr 03 06:59:20 Already have log for f01240 1652718 bafykbzaceazee5wr2xtg4gpmjeo65uawsjx5i7kpxlv6h75hinjfqc7sg72sa
Apr 03 06:59:21 Already have log for f022163 1652787 bafykbzaceazee5wr2xtg4gpmjeo65uawsjx5i7kpxlv6h75hinjfqc7sg72sa
Apr 03 06:59:22 
Apr 03 06:59:23 0 minimal_finality_stateroots_627340_2021-03-30_18-00-00.car.ab
Apr 03 06:59:23 f08403-1652750 f019551-1652790
Apr 03 06:59:23 Already have log for f08403 1652750 bafykbzacebrkcuqlkatfr5t72rvi622se6vvwndcn6akviq547jp3whpufdjs
Apr 03 06:59:24 Already have log for f019551 1652790 bafykbzacebrkcuqlkatfr5t72rvi622se6vvwndcn6akviq547jp3whpufdjs
Apr 03 06:59:25 
Apr 03 06:59:26 0 minimal_finality_stateroots_627340_2021-03-30_18-00-00.car.aa
Apr 03 06:59:26 f09848-1652857 f019551-1651158 f066596-1652487 f022163-1652788
Apr 03 06:59:26 Already have log for f09848 1652857 bafykbzaceaoebu76qzfrijr63ghpslqqzgcqneq75lfbrdhp5v7l3dtv6n2j4
Apr 03 06:59:28 Already have log for f019551 1651158 bafykbzaceaoebu76qzfrijr63ghpslqqzgcqneq75lfbrdhp5v7l3dtv6n2j4
Apr 03 06:59:29 Already have log for f066596 1652487 bafykbzaceaoebu76qzfrijr63ghpslqqzgcqneq75lfbrdhp5v7l3dtv6n2j4
Apr 03 06:59:30 Already have log for f022163 1652788 bafykbzaceaoebu76qzfrijr63ghpslqqzgcqneq75lfbrdhp5v7l3dtv6n2j4
Apr 03 06:59:31 
Apr 03 06:59:32 0 minimal_finality_stateroots_616300_2021-03-26_22-00-00.car.aa
Apr 03 06:59:32 f023971-1638943 f0157535-1639420 f015927-1639425 f066596-1639456 f071624-1640606 f08403-1641409 f01234-1640777 f023467-1641041 f019551-1641211 f022352-1642427
Apr 03 06:59:37 Already have log for f023971 1638943 bafykbzacedoze6ckqa36rd7sxv7pcpjhugbbdnfssif2meiivcykvcvqup5h2
Apr 03 06:59:39 Already have log for f0157535 1639420 bafykbzacedoze6ckqa36rd7sxv7pcpjhugbbdnfssif2meiivcykvcvqup5h2
Apr 03 06:59:40 Already have log for f015927 1639425 bafykbzacedoze6ckqa36rd7sxv7pcpjhugbbdnfssif2meiivcykvcvqup5h2
Apr 03 06:59:41 Already have log for f066596 1639456 bafykbzacedoze6ckqa36rd7sxv7pcpjhugbbdnfssif2meiivcykvcvqup5h2
Apr 03 06:59:42 Already have log for f071624 1640606 bafykbzacedoze6ckqa36rd7sxv7pcpjhugbbdnfssif2meiivcykvcvqup5h2
Apr 03 06:59:43 Already have log for f08403 1641409 bafykbzacedoze6ckqa36rd7sxv7pcpjhugbbdnfssif2meiivcykvcvqup5h2
Apr 03 06:59:45 Already have log for f01234 1640777 bafykbzacedoze6ckqa36rd7sxv7pcpjhugbbdnfssif2meiivcykvcvqup5h2
Apr 03 06:59:46 Already have log for f023467 1641041 bafykbzacedoze6ckqa36rd7sxv7pcpjhugbbdnfssif2meiivcykvcvqup5h2
Apr 03 06:59:47 Already have log for f019551 1641211 bafykbzacedoze6ckqa36rd7sxv7pcpjhugbbdnfssif2meiivcykvcvqup5h2
Apr 03 06:59:52 Already have log for f022352 1642427 bafykbzacedoze6ckqa36rd7sxv7pcpjhugbbdnfssif2meiivcykvcvqup5h2
Apr 03 06:59:53 
Apr 03 06:59:54 0 minimal_finality_stateroots_620860_2021-03-28_12-00-00.car.ab
Apr 03 06:59:54 f071624-1643068 f09848-1642933 f019551-1645164 f01278-1645170 f08403-1645178 f022352-1652238 f058369-1652461 f0145874-1652527 f023467-1652489 f099608-1652792
Apr 03 06:59:55 Already have log for f071624 1643068 bafykbzacedqs6z3a56hasssv234ddhav7zgrlaukfnj6norlu4deptzsezn6g
Apr 03 06:59:56 Already have log for f09848 1642933 bafykbzacedqs6z3a56hasssv234ddhav7zgrlaukfnj6norlu4deptzsezn6g
Apr 03 06:59:57 Already have log for f019551 1645164 bafykbzacedqs6z3a56hasssv234ddhav7zgrlaukfnj6norlu4deptzsezn6g
Apr 03 06:59:58 Already have log for f01278 1645170 bafykbzacedqs6z3a56hasssv234ddhav7zgrlaukfnj6norlu4deptzsezn6g
Apr 03 06:59:59 Already have log for f08403 1645178 bafykbzacedqs6z3a56hasssv234ddhav7zgrlaukfnj6norlu4deptzsezn6g
Apr 03 07:00:01 Already have log for f022352 1652238 bafykbzacedqs6z3a56hasssv234ddhav7zgrlaukfnj6norlu4deptzsezn6g
Apr 03 07:00:02 Already have log for f058369 1652461 bafykbzacedqs6z3a56hasssv234ddhav7zgrlaukfnj6norlu4deptzsezn6g
Apr 03 07:00:07 Already have log for f0145874 1652527 bafykbzacedqs6z3a56hasssv234ddhav7zgrlaukfnj6norlu4deptzsezn6g
Apr 03 07:00:08 Already have log for f023467 1652489 bafykbzacedqs6z3a56hasssv234ddhav7zgrlaukfnj6norlu4deptzsezn6g
Apr 03 07:00:09 Already have log for f099608 1652792 bafykbzacedqs6z3a56hasssv234ddhav7zgrlaukfnj6norlu4deptzsezn6g
Apr 03 07:00:10 
