Apr 03 07:37:00 1234
Apr 03 07:37:00 eyJhbGciOiJIUzI1NiIsInR5cCI6IkpXVCJ9.eyJBbGxvdyI6WyJyZWFkIiwid3JpdGUiLCJzaWduIiwiYWRtaW4iXX0.RzY4hBx900NTgTTAA7E-5suH8551qNnu4IWj05cheAs
Apr 03 07:37:00 Loading deals f0421499
Apr 03 07:37:00 f0421499 1 minimal_finality_stateroots_616300_2021-03-26_22-00-00.car.aa
Apr 03 07:37:00 f0421499 2 minimal_finality_stateroots_616300_2021-03-26_22-00-00.car.ab
Apr 03 07:37:00 f0421499 3 minimal_finality_stateroots_620860_2021-03-28_12-00-00.car.aa
Apr 03 07:37:00 f0421499 4 minimal_finality_stateroots_620860_2021-03-28_12-00-00.car.ab
Apr 03 07:37:00 f0421499 5 minimal_finality_stateroots_624460_2021-03-29_18-00-00.car.aa
Apr 03 07:37:00 f0421499 6 minimal_finality_stateroots_624460_2021-03-29_18-00-00.car.ab
Apr 03 07:37:00 f0421499 7 minimal_finality_stateroots_627340_2021-03-30_18-00-00.car.aa
Apr 03 07:37:00 f0421499 8 minimal_finality_stateroots_627340_2021-03-30_18-00-00.car.ab
Apr 03 07:37:00 1 minimal_finality_stateroots_624460_2021-03-29_18-00-00.car.ab
Apr 03 07:37:00 f099608-1652417 f01240-1652718 f022163-1652787
Apr 03 07:37:00 Already have log for f099608 1652417 bafykbzaceazee5wr2xtg4gpmjeo65uawsjx5i7kpxlv6h75hinjfqc7sg72sa
Apr 03 07:37:01 Already have log for f01240 1652718 bafykbzaceazee5wr2xtg4gpmjeo65uawsjx5i7kpxlv6h75hinjfqc7sg72sa
Apr 03 07:37:07 Already have log for f022163 1652787 bafykbzaceazee5wr2xtg4gpmjeo65uawsjx5i7kpxlv6h75hinjfqc7sg72sa
Apr 03 07:37:08 
Apr 03 07:37:09 0 minimal_finality_stateroots_620860_2021-03-28_12-00-00.car.ab
Apr 03 07:37:09 f071624-1643068 f09848-1642933 f019551-1645164 f01278-1645170 f08403-1645178 f022352-1652238 f058369-1652461 f0145874-1652527 f023467-1652489 f099608-1652792
Apr 03 07:37:09 Already have log for f071624 1643068 bafykbzacedqs6z3a56hasssv234ddhav7zgrlaukfnj6norlu4deptzsezn6g
Apr 03 07:37:10 Already have log for f09848 1642933 bafykbzacedqs6z3a56hasssv234ddhav7zgrlaukfnj6norlu4deptzsezn6g
Apr 03 07:37:11 Already have log for f019551 1645164 bafykbzacedqs6z3a56hasssv234ddhav7zgrlaukfnj6norlu4deptzsezn6g
Apr 03 07:37:12 Already have log for f01278 1645170 bafykbzacedqs6z3a56hasssv234ddhav7zgrlaukfnj6norlu4deptzsezn6g
Apr 03 07:37:14 Already have log for f08403 1645178 bafykbzacedqs6z3a56hasssv234ddhav7zgrlaukfnj6norlu4deptzsezn6g
Apr 03 07:37:15 Already have log for f022352 1652238 bafykbzacedqs6z3a56hasssv234ddhav7zgrlaukfnj6norlu4deptzsezn6g
Apr 03 07:37:16 Already have log for f058369 1652461 bafykbzacedqs6z3a56hasssv234ddhav7zgrlaukfnj6norlu4deptzsezn6g
Apr 03 07:37:17 Already have log for f0145874 1652527 bafykbzacedqs6z3a56hasssv234ddhav7zgrlaukfnj6norlu4deptzsezn6g
Apr 03 07:37:18 Already have log for f023467 1652489 bafykbzacedqs6z3a56hasssv234ddhav7zgrlaukfnj6norlu4deptzsezn6g
Apr 03 07:37:20 Already have log for f099608 1652792 bafykbzacedqs6z3a56hasssv234ddhav7zgrlaukfnj6norlu4deptzsezn6g
Apr 03 07:37:21 
Apr 03 07:37:22 0 minimal_finality_stateroots_627340_2021-03-30_18-00-00.car.ab
Apr 03 07:37:22 f08403-1652750 f019551-1652790
Apr 03 07:37:22 Retrieving f08403 1652750 bafykbzacebrkcuqlkatfr5t72rvi622se6vvwndcn6akviq547jp3whpufdjs
Apr 03 07:37:22   % Total    % Received % Xferd  Average Speed   Time    Time     Time  Current
Apr 03 07:37:22                                  Dload  Upload   Total   Spent    Left  Speed
Apr 03 07:37:23   0     0    0     0    0     0      0      0 --:--:-- --:--:-- --:--:--     0100   550  100   374  100   176    647    304 --:--:-- --:--:-- --:--:--   949100   550  100   374  100   176    647    304 --:--:-- --:--:-- --:--:--   949
Apr 03 07:37:23 {"jsonrpc":"2.0","result":{"Err":"","Root":{"/":"bafykbzacebrkcuqlkatfr5t72rvi622se6vvwndcn6akviq547jp3whpufdjs"},"Piece":null,"Size":34359738368,"MinPrice":"0","UnsealPrice":"0","PaymentInterval":1048576,"PaymentIntervalIncrease":1048576,"Miner":"f08395","MinerPeer":{"Address":"f08403","ID":"12D3KooWKG9mQfyAAyCc3huFVMMzpKCdbgLhED6PYFhwM7q8Ab3W","PieceCID":null}},"id":1}
Apr 03 07:37:23 > Recv: 0 B, Paid 0 FIL, ClientEventOpen (DealStatusNew)
Apr 03 07:37:23 > Recv: 0 B, Paid 0 FIL, ClientEventDealProposed (DealStatusWaitForAcceptance)
