Apr 03 03:10:01 1234
Apr 03 03:10:01 eyJhbGciOiJIUzI1NiIsInR5cCI6IkpXVCJ9.eyJBbGxvdyI6WyJyZWFkIiwid3JpdGUiLCJzaWduIiwiYWRtaW4iXX0.RzY4hBx900NTgTTAA7E-5suH8551qNnu4IWj05cheAs
Apr 03 03:10:01 Loading deals f0421499
Apr 03 03:10:01 f0421499 1 minimal_finality_stateroots_616300_2021-03-26_22-00-00.car.aa
Apr 03 03:10:01 f0421499 2 minimal_finality_stateroots_616300_2021-03-26_22-00-00.car.ab
Apr 03 03:10:01 f0421499 3 minimal_finality_stateroots_620860_2021-03-28_12-00-00.car.aa
Apr 03 03:10:01 f0421499 4 minimal_finality_stateroots_620860_2021-03-28_12-00-00.car.ab
Apr 03 03:10:01 f0421499 5 minimal_finality_stateroots_624460_2021-03-29_18-00-00.car.aa
Apr 03 03:10:01 f0421499 6 minimal_finality_stateroots_624460_2021-03-29_18-00-00.car.ab
Apr 03 03:10:01 f0421499 7 minimal_finality_stateroots_627340_2021-03-30_18-00-00.car.aa
Apr 03 03:10:01 f0421499 8 minimal_finality_stateroots_627340_2021-03-30_18-00-00.car.ab
Apr 03 03:10:01 1 minimal_finality_stateroots_627340_2021-03-30_18-00-00.car.ab
Apr 03 03:10:01 f08403-1652750 f019551-1652790
Apr 03 03:10:01 Already have log for f08403 1652750 bafykbzacebrkcuqlkatfr5t72rvi622se6vvwndcn6akviq547jp3whpufdjs
Apr 03 03:10:02 Already have log for f019551 1652790 bafykbzacebrkcuqlkatfr5t72rvi622se6vvwndcn6akviq547jp3whpufdjs
Apr 03 03:10:03 
Apr 03 03:10:04 0 minimal_finality_stateroots_624460_2021-03-29_18-00-00.car.aa
Apr 03 03:10:04 f02576-1650987 f08399-1652420 f010479-1652545
Apr 03 03:10:07 Already have log for f02576 1650987 bafykbzacecpfagbszu24mq4jynabqouymjp5m3waz3kw6ccqqziwwcjm732ry
Apr 03 03:10:11 Already have log for f08399 1652420 bafykbzacecpfagbszu24mq4jynabqouymjp5m3waz3kw6ccqqziwwcjm732ry
Apr 03 03:10:12 Retrieving f010479 1652545 bafykbzacecpfagbszu24mq4jynabqouymjp5m3waz3kw6ccqqziwwcjm732ry
Apr 03 03:10:12   % Total    % Received % Xferd  Average Speed   Time    Time     Time  Current
Apr 03 03:10:12                                  Dload  Upload   Total   Spent    Left  Speed
Apr 03 03:10:13   0     0    0     0    0     0      0      0 --:--:-- --:--:-- --:--:--     0100   562  100   385  100   177    476    219 --:--:-- --:--:-- --:--:--   694100   562  100   385  100   177    476    219 --:--:-- --:--:-- --:--:--   694
Apr 03 03:10:13 {"jsonrpc":"2.0","result":{"Err":"","Root":{"/":"bafykbzacecpfagbszu24mq4jynabqouymjp5m3waz3kw6ccqqziwwcjm732ry"},"Piece":null,"Size":34359738368,"MinPrice":"68719476736","UnsealPrice":"0","PaymentInterval":1048576,"PaymentIntervalIncrease":1048576,"Miner":"f08391","MinerPeer":{"Address":"f010479","ID":"12D3KooWHZeU9K4FQ5YYNavdnuajopXWZaH39xm3QkmPYvj48M91","PieceCID":null}},"id":1}
Apr 03 03:10:13 > Recv: 0 B, Paid 0 FIL, ClientEventOpen (DealStatusNew)
Apr 03 03:10:13 ERROR: retrieval failed: Retrieve failed: there is an active retrieval deal with peer 12D3KooWHZeU9K4FQ5YYNavdnuajopXWZaH39xm3QkmPYvj48M91 for payload CID bafykbzacecpfagbszu24mq4jynabqouymjp5m3waz3kw6ccqqziwwcjm732ry (retrieval deal ID 2030, state DealStatusPaymentChannelAddingInitialFunds) - existing deal must be cancelled before starting a new retrieval deal
Apr 03 03:10:13 
Apr 03 03:10:13 Command exited with non-zero status 1
Apr 03 03:10:13 0.14user 0.02system 0:00.16elapsed 106%CPU (0avgtext+0avgdata 73616maxresident)k
Apr 03 03:10:13 0inputs+0outputs (0major+11250minor)pagefaults 0swaps
Apr 03 03:10:13 f0421499: 23.184904483821617604 FIL (732G free)
Apr 03 03:10:13 Skipping ahead
Apr 03 03:10:13 
Apr 03 03:10:14 1 minimal_finality_stateroots_616300_2021-03-26_22-00-00.car.aa
Apr 03 03:10:14 f023971-1638943 f0157535-1639420 f015927-1639425 f066596-1639456 f071624-1640606 f08403-1641409 f01234-1640777 f023467-1641041 f019551-1641211 f022352-1642427
Apr 03 03:10:14 Already have log for f023971 1638943 bafykbzacedoze6ckqa36rd7sxv7pcpjhugbbdnfssif2meiivcykvcvqup5h2
Apr 03 03:10:15 Already have log for f0157535 1639420 bafykbzacedoze6ckqa36rd7sxv7pcpjhugbbdnfssif2meiivcykvcvqup5h2
Apr 03 03:10:17 Already have log for f015927 1639425 bafykbzacedoze6ckqa36rd7sxv7pcpjhugbbdnfssif2meiivcykvcvqup5h2
Apr 03 03:10:18 Already have log for f066596 1639456 bafykbzacedoze6ckqa36rd7sxv7pcpjhugbbdnfssif2meiivcykvcvqup5h2
Apr 03 03:10:19 Already have log for f071624 1640606 bafykbzacedoze6ckqa36rd7sxv7pcpjhugbbdnfssif2meiivcykvcvqup5h2
Apr 03 03:10:20 Mpool pending 1, skipping + sleeping 30s
Apr 03 03:10:50 Mpool pending 1, skipping + sleeping 30s
Apr 03 03:11:20 Mpool pending 1, skipping + sleeping 30s
Apr 03 03:11:50 Retrieving f019551 1641211 bafykbzacedoze6ckqa36rd7sxv7pcpjhugbbdnfssif2meiivcykvcvqup5h2
Apr 03 03:11:50   % Total    % Received % Xferd  Average Speed   Time    Time     Time  Current
Apr 03 03:11:50                                  Dload  Upload   Total   Spent    Left  Speed
Apr 03 03:11:51   0     0    0     0    0     0      0      0 --:--:-- --:--:-- --:--:--     0100   568  100   391  100   177   4768   2158 --:--:-- --:--:-- --:--:--  6843100   568  100   391  100   177   4768   2158 --:--:-- --:--:-- --:--:--  6843
Apr 03 03:11:51 {"jsonrpc":"2.0","result":{"Err":"","Root":{"/":"bafykbzacedoze6ckqa36rd7sxv7pcpjhugbbdnfssif2meiivcykvcvqup5h2"},"Piece":null,"Size":34359738368,"MinPrice":"31988916420608","UnsealPrice":"0","PaymentInterval":33554432,"PaymentIntervalIncrease":33554432,"Miner":"f019519","MinerPeer":{"Address":"f019551","ID":"12D3KooWQKi3L61jRSYfwDMAA2xJVWxhXFUchAg15uk6fFQEK6S3","PieceCID":null}},"id":1}
Apr 03 03:11:51 > Recv: 0 B, Paid 0 FIL, ClientEventOpen (DealStatusNew)
Apr 03 03:11:51 > Recv: 0 B, Paid 0 FIL, ClientEventDealProposed (DealStatusWaitForAcceptance)
