ls: cannot access '*.f0252068.deal': No such file or directory
Count: 0 of 27
f0102641 (1 / 1 tries):
f0252068: 1.094 FIL (252G free)
Escrow: 0 FIL
Locked: 0 FIL
wiki.01 1 of 27
Ask: f0102641
Price per GiB: 9999 FIL
Verified Price per GiB: 0 FIL
Max Piece size: 32 GiB
Min Piece size: 256 MiB
Miner: f0102641
CID: QmXPgqyKSxCB3wPRBn9qVyzTax6HiiJEGyEMWrmzgYzkDq
[34mLotus deal-tool[39m
CID: QmXPgqyKSxCB3wPRBn9qVyzTax6HiiJEGyEMWrmzgYzkDq
Miner: f0102641
[32mMatch for RE:[39m "Data CID .*:" found: ["Data CID (from \x1b[33mlotus client import\x1b[0m):"] Buffer: Data CID (from [33mlotus client import[0m): 
[34mSent:[39m "QmXPgqyKSxCB3wPRBn9qVyzTax6HiiJEGyEMWrmzgYzkDq\n"
panic: runtime error: index out of range [1] with length 0

goroutine 1 [running]:
main.main()
	/home/ubuntu/filecoin-wiki-test/deal-tool/main.go:75 +0xc6f

ls: cannot access '*.f0252068.deal': No such file or directory
Count: 0 of 27
f080444 (1 / 1 tries):
f0252068: 1.094 FIL (252G free)
Escrow: 0 FIL
Locked: 0 FIL
wiki.01 1 of 27
