ls: cannot access '*.f0252068.deal': No such file or directory
Count: 0 of 27
f0128974 (1 / 1 tries):
f0252068: 0.893727170754911774 FIL (252G free)
Escrow: 0.2 FIL
Locked: 0 FIL
wiki.01 1 of 27
ERROR: failed to open stream to miner: open stream to 12D3KooWCuDe9XGMSbgQy2tPhzJjnqum9gKVDJ1DeyC1k3RRjJkE canceled by context


ls: cannot access '*.f0252068.deal': No such file or directory
Count: 0 of 27
f0134565 (1 / 1 tries):
f0252068: 0.893727170754911774 FIL (252G free)
Escrow: 0.2 FIL
Locked: 0 FIL
wiki.01 1 of 27
Ask: f0134565
Price per GiB: 1 FIL
Verified Price per GiB: 1 FIL
Max Piece size: 32 GiB
Min Piece size: 128 MiB
Miner: f0134565
CID: QmXPgqyKSxCB3wPRBn9qVyzTax6HiiJEGyEMWrmzgYzkDq
[34mLotus deal-tool[39m
CID: QmXPgqyKSxCB3wPRBn9qVyzTax6HiiJEGyEMWrmzgYzkDq
Miner: f0134565
[32mMatch for RE:[39m "Data CID .*:" found: ["Data CID (from \x1b[33mlotus client import\x1b[0m):"] Buffer: Data CID (from [33mlotus client import[0m): 
[34mSent:[39m "QmXPgqyKSxCB3wPRBn9qVyzTax6HiiJEGyEMWrmzgYzkDq\n"
panic: runtime error: index out of range [1] with length 0

goroutine 1 [running]:
main.main()
	/home/ubuntu/filecoin-wiki-test/deal-tool/main.go:75 +0xc6f

ls: cannot access '*.f0252068.deal': No such file or directory
Count: 0 of 27
f08025 (1 / 1 tries):
f0252068: 0.893727170754911774 FIL (252G free)
Escrow: 0.2 FIL
Locked: 0 FIL
.wiki.02 2 of 27
Ask: f08025
Price per GiB: 1 FIL
Verified Price per GiB: 1 FIL
Max Piece size: 32 GiB
Min Piece size: 128 MiB
Miner: f08025
CID: QmWGLecW8YaxsN3sTfoZ4NBtp3JdbC5HDeDWNZdXVCYzhz
[34mLotus deal-tool[39m
CID: QmWGLecW8YaxsN3sTfoZ4NBtp3JdbC5HDeDWNZdXVCYzhz
Miner: f08025
[32mMatch for RE:[39m "Data CID .*:" found: ["Data CID (from \x1b[33mlotus client import\x1b[0m):"] Buffer: Data CID (from [33mlotus client import[0m): 
[34mSent:[39m "QmWGLecW8YaxsN3sTfoZ4NBtp3JdbC5HDeDWNZdXVCYzhz\n"
panic: runtime error: index out of range [1] with length 0

goroutine 1 [running]:
main.main()
	/home/ubuntu/filecoin-wiki-test/deal-tool/main.go:75 +0xc6f

ls: cannot access '*.f0252068.deal': No such file or directory
Count: 0 of 27
f055102 (1 / 1 tries):
