ls: cannot access '*.f0252068.deal': No such file or directory
Count: 0 of 27
f023495 (1 / 1 tries):
f0252068: 0.893727170754911774 FIL (252G free)
Escrow: 0.2 FIL
Locked: 0 FIL
wiki.01 1 of 27
Ask: f023495
Price per GiB: 1 FIL
Verified Price per GiB: 1 FIL
Max Piece size: 32 GiB
Min Piece size: 128 MiB
Miner: f023495
CID: QmXPgqyKSxCB3wPRBn9qVyzTax6HiiJEGyEMWrmzgYzkDq
[34mLotus deal-tool[39m
CID: QmXPgqyKSxCB3wPRBn9qVyzTax6HiiJEGyEMWrmzgYzkDq
Miner: f023495
[32mMatch for RE:[39m "Data CID .*:" found: ["Data CID (from \x1b[33mlotus client import\x1b[0m):"] Buffer: Data CID (from [33mlotus client import[0m): 
[34mSent:[39m "QmXPgqyKSxCB3wPRBn9qVyzTax6HiiJEGyEMWrmzgYzkDq\n"
Jim Result: 
panic: runtime error: index out of range [1] with length 0

goroutine 1 [running]:
main.main()
	/home/ubuntu/filecoin-wiki-test/deal-tool/main.go:76 +0xd0f

