1 wiki.zip.aa.aa
2 wiki.zip.aa.ab
3 wiki.zip.aa.ac
4 wiki.zip.aa.ad
5 wiki.zip.aa.ae
6 wiki.zip.aa.af
7 wiki.zip.aa.ag
8 wiki.zip.aa.ah
9 wiki.zip.aa.ai
10 wiki.zip.aa.aj
11 wiki.zip.aa.ak
12 wiki.zip.aa.al
13 wiki.zip.aa.am
14 wiki.zip.aa.an
15 wiki.zip.aa.ao
16 wiki.zip.aa.ap
17 wiki.zip.aa.aq
18 wiki.zip.aa.ar
19 wiki.zip.aa.as
20 wiki.zip.aa.at
21 wiki.zip.aa.au
22 wiki.zip.aa.av
23 wiki.zip.aa.aw
24 wiki.zip.aa.ax
25 wiki.zip.aa.ay
26 wiki.zip.aa.az
27 wiki.zip.aa.ba
28 wiki.zip.aa.bb
29 wiki.zip.aa.bc
30 wiki.zip.aa.bd
31 wiki.zip.aa.be
32 wiki.zip.aa.bf
33 wiki.zip.aa.bg
34 wiki.zip.aa.bh
35 wiki.zip.aa.bi
36 wiki.zip.aa.bj
37 wiki.zip.aa.bk
38 wiki.zip.aa.bl
39 wiki.zip.aa.bm
40 wiki.zip.aa.bn
41 wiki.zip.aa.bo
42 wiki.zip.aa.bp
43 wiki.zip.aa.bq
44 wiki.zip.aa.br
45 wiki.zip.aa.bs
46 wiki.zip.aa.bt
47 wiki.zip.aa.bu
48 wiki.zip.aa.bv
49 wiki.zip.aa.bw
50 wiki.zip.aa.bx
51 wiki.zip.aa.by
52 wiki.zip.aa.bz
53 wiki.zip.aa.ca
54 wiki.zip.ab.aa
55 wiki.zip.ab.ab
56 wiki.zip.ab.ac
57 wiki.zip.ab.ad
58 wiki.zip.ab.ae
59 wiki.zip.ab.af
60 wiki.zip.ab.ag
61 wiki.zip.ab.ah
62 wiki.zip.ab.ai
63 wiki.zip.ab.aj
64 wiki.zip.ab.ak
65 wiki.zip.ab.al
66 wiki.zip.ab.am
67 wiki.zip.ab.an
68 wiki.zip.ab.ao
69 wiki.zip.ab.ap
70 wiki.zip.ab.aq
71 wiki.zip.ab.ar
72 wiki.zip.ab.as
73 wiki.zip.ab.at
74 wiki.zip.ab.au
75 wiki.zip.ab.av
76 wiki.zip.ab.aw
77 wiki.zip.ab.ax
78 wiki.zip.ab.ay
79 wiki.zip.ab.az
80 wiki.zip.ab.ba
81 wiki.zip.ab.bb
82 wiki.zip.ab.bc
83 wiki.zip.ab.bd
84 wiki.zip.ab.be
85 wiki.zip.ab.bf
86 wiki.zip.ab.bg
87 wiki.zip.ab.bh
88 wiki.zip.ab.bi
89 wiki.zip.ab.bj
90 wiki.zip.ab.bk
91 wiki.zip.ab.bl
92 wiki.zip.ab.bm
93 wiki.zip.ab.bn
94 wiki.zip.ab.bo
95 wiki.zip.ab.bp
96 wiki.zip.ab.bq
97 wiki.zip.ab.br
98 wiki.zip.ab.bs
99 wiki.zip.ab.bt
100 wiki.zip.ab.bu
101 wiki.zip.ab.bv
102 wiki.zip.ab.bw
103 wiki.zip.ab.bx
104 wiki.zip.ab.by
105 wiki.zip.ab.bz
106 wiki.zip.ab.ca
107 wiki.zip.ac.aa
108 wiki.zip.ac.ab
109 wiki.zip.ac.ac
110 wiki.zip.ac.ad
111 wiki.zip.ac.ae
112 wiki.zip.ac.af
113 wiki.zip.ac.ag
114 wiki.zip.ac.ah
115 wiki.zip.ac.ai
116 wiki.zip.ac.aj
117 wiki.zip.ac.ak
118 wiki.zip.ac.al
119 wiki.zip.ac.am
120 wiki.zip.ac.an
121 wiki.zip.ac.ao
122 wiki.zip.ac.ap
123 wiki.zip.ac.aq
124 wiki.zip.ac.ar
125 wiki.zip.ac.as
126 wiki.zip.ac.at
127 wiki.zip.ac.au
128 wiki.zip.ac.av
129 wiki.zip.ac.aw
130 wiki.zip.ac.ax
131 wiki.zip.ac.ay
132 wiki.zip.ac.az
133 wiki.zip.ac.ba
134 wiki.zip.ac.bb
135 wiki.zip.ac.bc
136 wiki.zip.ac.bd
137 wiki.zip.ac.be
138 wiki.zip.ac.bf
139 wiki.zip.ac.bg
140 wiki.zip.ac.bh
141 wiki.zip.ac.bi
142 wiki.zip.ac.bj
143 wiki.zip.ac.bk
144 wiki.zip.ac.bl
145 wiki.zip.ac.bm
146 wiki.zip.ac.bn
147 wiki.zip.ac.bo
148 wiki.zip.ac.bp
149 wiki.zip.ac.bq
150 wiki.zip.ac.br
151 wiki.zip.ac.bs
152 wiki.zip.ac.bt
153 wiki.zip.ac.bu
154 wiki.zip.ac.bv
155 wiki.zip.ac.bw
156 wiki.zip.ac.bx
157 wiki.zip.ac.by
158 wiki.zip.ac.bz
159 wiki.zip.ac.ca
160 wiki.zip.ad.aa
161 wiki.zip.ad.ab
162 wiki.zip.ad.ac
163 wiki.zip.ad.ad
164 wiki.zip.ad.ae
165 wiki.zip.ad.af
166 wiki.zip.ad.ag
167 wiki.zip.ad.ah
168 wiki.zip.ad.ai
169 wiki.zip.ad.aj
170 wiki.zip.ad.ak
171 wiki.zip.ad.al
172 wiki.zip.ad.am
173 wiki.zip.ad.an
174 wiki.zip.ad.ao
175 wiki.zip.ad.ap
176 wiki.zip.ad.aq
177 wiki.zip.ad.ar
178 wiki.zip.ad.as
179 wiki.zip.ad.at
180 wiki.zip.ad.au
181 wiki.zip.ad.av
182 wiki.zip.ad.aw
183 wiki.zip.ad.ax
184 wiki.zip.ad.ay
185 wiki.zip.ad.az
186 wiki.zip.ad.ba
187 wiki.zip.ad.bb
188 wiki.zip.ad.bc
189 wiki.zip.ad.bd
190 wiki.zip.ad.be
191 wiki.zip.ad.bf
192 wiki.zip.ad.bg
193 wiki.zip.ad.bh
194 wiki.zip.ad.bi
195 wiki.zip.ad.bj
196 wiki.zip.ad.bk
197 wiki.zip.ad.bl
198 wiki.zip.ad.bm
199 wiki.zip.ad.bn
200 wiki.zip.ad.bo
201 wiki.zip.ad.bp
202 wiki.zip.ad.bq
203 wiki.zip.ad.br
204 wiki.zip.ad.bs
205 wiki.zip.ad.bt
206 wiki.zip.ad.bu
207 wiki.zip.ad.bv
208 wiki.zip.ad.bw
209 wiki.zip.ad.bx
210 wiki.zip.ad.by
211 wiki.zip.ad.bz
212 wiki.zip.ad.ca
213 wiki.zip.ae.aa
214 wiki.zip.ae.ab
215 wiki.zip.ae.ac
216 wiki.zip.ae.ad
217 wiki.zip.ae.ae
218 wiki.zip.ae.af
219 wiki.zip.ae.ag
220 wiki.zip.ae.ah
221 wiki.zip.ae.ai
222 wiki.zip.ae.aj
223 wiki.zip.ae.ak
224 wiki.zip.ae.al
225 wiki.zip.ae.am
226 wiki.zip.ae.an
227 wiki.zip.ae.ao
228 wiki.zip.ae.ap
229 wiki.zip.ae.aq
230 wiki.zip.ae.ar
231 wiki.zip.ae.as
232 wiki.zip.ae.at
233 wiki.zip.ae.au
234 wiki.zip.ae.av
235 wiki.zip.ae.aw
236 wiki.zip.ae.ax
237 wiki.zip.ae.ay
238 wiki.zip.ae.az
239 wiki.zip.ae.ba
240 wiki.zip.ae.bb
241 wiki.zip.ae.bc
242 wiki.zip.ae.bd
243 wiki.zip.ae.be
244 wiki.zip.ae.bf
245 wiki.zip.ae.bg
246 wiki.zip.ae.bh
247 wiki.zip.ae.bi
248 wiki.zip.ae.bj
249 wiki.zip.ae.bk
250 wiki.zip.ae.bl
251 wiki.zip.ae.bm
252 wiki.zip.ae.bn
253 wiki.zip.ae.bo
254 wiki.zip.ae.bp
255 wiki.zip.ae.bq
256 wiki.zip.ae.br
257 wiki.zip.ae.bs
258 wiki.zip.ae.bt
259 wiki.zip.ae.bu
260 wiki.zip.ae.bv
261 wiki.zip.ae.bw
262 wiki.zip.ae.bx
263 wiki.zip.ae.by
264 wiki.zip.ae.bz
265 wiki.zip.ae.ca
266 wiki.zip.af.aa
267 wiki.zip.af.ab
268 wiki.zip.af.ac
269 wiki.zip.af.ad
270 wiki.zip.af.ae
271 wiki.zip.af.af
272 wiki.zip.af.ag
273 wiki.zip.af.ah
274 wiki.zip.af.ai
275 wiki.zip.af.aj
276 wiki.zip.af.ak
277 wiki.zip.af.al
278 wiki.zip.af.am
279 wiki.zip.af.an
280 wiki.zip.af.ao
281 wiki.zip.af.ap
282 wiki.zip.af.aq
283 wiki.zip.af.ar
284 wiki.zip.af.as
285 wiki.zip.af.at
286 wiki.zip.af.au
287 wiki.zip.af.av
288 wiki.zip.af.aw
289 wiki.zip.af.ax
290 wiki.zip.af.ay
291 wiki.zip.af.az
292 wiki.zip.af.ba
293 wiki.zip.af.bb
294 wiki.zip.af.bc
295 wiki.zip.af.bd
296 wiki.zip.af.be
297 wiki.zip.af.bf
298 wiki.zip.af.bg
299 wiki.zip.af.bh
300 wiki.zip.af.bi
301 wiki.zip.af.bj
302 wiki.zip.af.bk
303 wiki.zip.af.bl
304 wiki.zip.af.bm
305 wiki.zip.af.bn
306 wiki.zip.af.bo
307 wiki.zip.af.bp
308 wiki.zip.af.bq
309 wiki.zip.af.br
310 wiki.zip.af.bs
311 wiki.zip.af.bt
312 wiki.zip.af.bu
313 wiki.zip.af.bv
314 wiki.zip.af.bw
315 wiki.zip.af.bx
316 wiki.zip.af.by
317 wiki.zip.af.bz
318 wiki.zip.af.ca
319 wiki.zip.ag.aa
320 wiki.zip.ag.ab
321 wiki.zip.ag.ac
322 wiki.zip.ag.ad
323 wiki.zip.ag.ae
324 wiki.zip.ag.af
325 wiki.zip.ag.ag
326 wiki.zip.ag.ah
327 wiki.zip.ag.ai
328 wiki.zip.ag.aj
329 wiki.zip.ag.ak
330 wiki.zip.ag.al
331 wiki.zip.ag.am
332 wiki.zip.ag.an
333 wiki.zip.ag.ao
334 wiki.zip.ag.ap
335 wiki.zip.ag.aq
336 wiki.zip.ag.ar
337 wiki.zip.ag.as
338 wiki.zip.ag.at
339 wiki.zip.ag.au
340 wiki.zip.ag.av
341 wiki.zip.ag.aw
342 wiki.zip.ag.ax
343 wiki.zip.ag.ay
344 wiki.zip.ag.az
345 wiki.zip.ag.ba
346 wiki.zip.ag.bb
347 wiki.zip.ag.bc
348 wiki.zip.ag.bd
349 wiki.zip.ag.be
350 wiki.zip.ag.bf
351 wiki.zip.ag.bg
352 wiki.zip.ag.bh
353 wiki.zip.ag.bi
354 wiki.zip.ag.bj
355 wiki.zip.ag.bk
356 wiki.zip.ag.bl
357 wiki.zip.ag.bm
358 wiki.zip.ag.bn
359 wiki.zip.ag.bo
360 wiki.zip.ag.bp
361 wiki.zip.ag.bq
362 wiki.zip.ag.br
363 wiki.zip.ag.bs
364 wiki.zip.ag.bt
365 wiki.zip.ag.bu
366 wiki.zip.ag.bv
367 wiki.zip.ag.bw
368 wiki.zip.ag.bx
369 wiki.zip.ag.by
370 wiki.zip.ag.bz
371 wiki.zip.ag.ca
372 wiki.zip.ah.aa
373 wiki.zip.ah.ab
374 wiki.zip.ah.ac
375 wiki.zip.ah.ad
376 wiki.zip.ah.ae
377 wiki.zip.ah.af
378 wiki.zip.ah.ag
379 wiki.zip.ah.ah
380 wiki.zip.ah.ai
381 wiki.zip.ah.aj
382 wiki.zip.ah.ak
383 wiki.zip.ah.al
384 wiki.zip.ah.am
385 wiki.zip.ah.an
386 wiki.zip.ah.ao
387 wiki.zip.ah.ap
388 wiki.zip.ah.aq
389 wiki.zip.ah.ar
390 wiki.zip.ah.as
391 wiki.zip.ah.at
392 wiki.zip.ah.au
393 wiki.zip.ah.av
394 wiki.zip.ah.aw
395 wiki.zip.ah.ax
396 wiki.zip.ah.ay
397 wiki.zip.ah.az
398 wiki.zip.ah.ba
399 wiki.zip.ah.bb
400 wiki.zip.ah.bc
401 wiki.zip.ah.bd
402 wiki.zip.ah.be
403 wiki.zip.ah.bf
404 wiki.zip.ah.bg
405 wiki.zip.ah.bh
406 wiki.zip.ah.bi
407 wiki.zip.ah.bj
408 wiki.zip.ah.bk
409 wiki.zip.ah.bl
410 wiki.zip.ah.bm
411 wiki.zip.ah.bn
412 wiki.zip.ah.bo
413 wiki.zip.ah.bp
414 wiki.zip.ah.bq
415 wiki.zip.ah.br
416 wiki.zip.ah.bs
417 wiki.zip.ah.bt
418 wiki.zip.ah.bu
419 wiki.zip.ah.bv
420 wiki.zip.ah.bw
421 wiki.zip.ah.bx
422 wiki.zip.ah.by
423 wiki.zip.ah.bz
424 wiki.zip.ah.ca
425 wiki.zip.ai.aa
426 wiki.zip.ai.ab
427 wiki.zip.ai.ac
428 wiki.zip.ai.ad
429 wiki.zip.ai.ae
430 wiki.zip.ai.af
431 wiki.zip.ai.ag
432 wiki.zip.ai.ah
433 wiki.zip.ai.ai
434 wiki.zip.ai.aj
435 wiki.zip.ai.ak
436 wiki.zip.ai.al
437 wiki.zip.ai.am
438 wiki.zip.ai.an
439 wiki.zip.ai.ao
440 wiki.zip.ai.ap
441 wiki.zip.ai.aq
442 wiki.zip.ai.ar
443 wiki.zip.ai.as
444 wiki.zip.ai.at
445 wiki.zip.ai.au
446 wiki.zip.ai.av
447 wiki.zip.ai.aw
448 wiki.zip.ai.ax
449 wiki.zip.ai.ay
450 wiki.zip.ai.az
451 wiki.zip.ai.ba
452 wiki.zip.ai.bb
453 wiki.zip.ai.bc
454 wiki.zip.ai.bd
455 wiki.zip.ai.be
456 wiki.zip.ai.bf
457 wiki.zip.ai.bg
458 wiki.zip.ai.bh
459 wiki.zip.ai.bi
460 wiki.zip.ai.bj
461 wiki.zip.ai.bk
462 wiki.zip.ai.bl
463 wiki.zip.ai.bm
464 wiki.zip.ai.bn
465 wiki.zip.ai.bo
466 wiki.zip.ai.bp
467 wiki.zip.ai.bq
468 wiki.zip.ai.br
469 wiki.zip.ai.bs
470 wiki.zip.ai.bt
471 wiki.zip.ai.bu
472 wiki.zip.ai.bv
473 wiki.zip.ai.bw
474 wiki.zip.ai.bx
475 wiki.zip.ai.by
476 wiki.zip.ai.bz
477 wiki.zip.ai.ca
478 wiki.zip.aj.aa
479 wiki.zip.aj.ab
480 wiki.zip.aj.ac
481 wiki.zip.aj.ad
482 wiki.zip.aj.ae
483 wiki.zip.aj.af
484 wiki.zip.aj.ag
485 wiki.zip.aj.ah
486 wiki.zip.aj.ai
487 wiki.zip.aj.aj
488 wiki.zip.aj.ak
489 wiki.zip.aj.al
490 wiki.zip.aj.am
491 wiki.zip.aj.an
492 wiki.zip.aj.ao
493 wiki.zip.aj.ap
494 wiki.zip.aj.aq
495 wiki.zip.aj.ar
496 wiki.zip.aj.as
497 wiki.zip.aj.at
498 wiki.zip.aj.au
499 wiki.zip.aj.av
500 wiki.zip.aj.aw
501 wiki.zip.aj.ax
502 wiki.zip.aj.ay
503 wiki.zip.aj.az
504 wiki.zip.aj.ba
505 wiki.zip.aj.bb
506 wiki.zip.aj.bc
507 wiki.zip.aj.bd
508 wiki.zip.aj.be
509 wiki.zip.aj.bf
510 wiki.zip.aj.bg
511 wiki.zip.aj.bh
512 wiki.zip.aj.bi
513 wiki.zip.aj.bj
514 wiki.zip.aj.bk
515 wiki.zip.aj.bl
516 wiki.zip.aj.bm
517 wiki.zip.aj.bn
518 wiki.zip.aj.bo
519 wiki.zip.aj.bp
520 wiki.zip.aj.bq
521 wiki.zip.aj.br
522 wiki.zip.aj.bs
523 wiki.zip.aj.bt
524 wiki.zip.aj.bu
525 wiki.zip.aj.bv
526 wiki.zip.aj.bw
527 wiki.zip.aj.bx
528 wiki.zip.aj.by
529 wiki.zip.aj.bz
530 wiki.zip.aj.ca
531 wiki.zip.ak.aa
532 wiki.zip.ak.ab
533 wiki.zip.ak.ac
534 wiki.zip.ak.ad
535 wiki.zip.ak.ae
536 wiki.zip.ak.af
537 wiki.zip.ak.ag
538 wiki.zip.ak.ah
539 wiki.zip.ak.ai
540 wiki.zip.ak.aj
541 wiki.zip.ak.ak
542 wiki.zip.ak.al
543 wiki.zip.ak.am
544 wiki.zip.ak.an
545 wiki.zip.ak.ao
546 wiki.zip.ak.ap
547 wiki.zip.ak.aq
548 wiki.zip.ak.ar
549 wiki.zip.ak.as
550 wiki.zip.ak.at
551 wiki.zip.ak.au
552 wiki.zip.ak.av
553 wiki.zip.ak.aw
554 wiki.zip.ak.ax
555 wiki.zip.ak.ay
556 wiki.zip.ak.az
557 wiki.zip.ak.ba
558 wiki.zip.ak.bb
559 wiki.zip.ak.bc
560 wiki.zip.ak.bd
561 wiki.zip.ak.be
562 wiki.zip.ak.bf
563 wiki.zip.ak.bg
564 wiki.zip.ak.bh
565 wiki.zip.ak.bi
566 wiki.zip.ak.bj
567 wiki.zip.ak.bk
568 wiki.zip.ak.bl
569 wiki.zip.ak.bm
570 wiki.zip.ak.bn
571 wiki.zip.ak.bo
572 wiki.zip.ak.bp
573 wiki.zip.ak.bq
574 wiki.zip.ak.br
575 wiki.zip.ak.bs
576 wiki.zip.ak.bt
577 wiki.zip.ak.bu
578 wiki.zip.ak.bv
579 wiki.zip.ak.bw
580 wiki.zip.ak.bx
581 wiki.zip.ak.by
582 wiki.zip.ak.bz
583 wiki.zip.ak.ca
584 wiki.zip.al.aa
585 wiki.zip.al.ab
586 wiki.zip.al.ac
587 wiki.zip.al.ad
588 wiki.zip.al.ae
589 wiki.zip.al.af
590 wiki.zip.al.ag
591 wiki.zip.al.ah
592 wiki.zip.al.ai
593 wiki.zip.al.aj
594 wiki.zip.al.ak
595 wiki.zip.al.al
596 wiki.zip.al.am
597 wiki.zip.al.an
598 wiki.zip.al.ao
599 wiki.zip.al.ap
600 wiki.zip.al.aq
601 wiki.zip.al.ar
602 wiki.zip.al.as
603 wiki.zip.al.at
604 wiki.zip.al.au
605 wiki.zip.al.av
606 wiki.zip.al.aw
607 wiki.zip.al.ax
608 wiki.zip.al.ay
609 wiki.zip.al.az
610 wiki.zip.al.ba
611 wiki.zip.al.bb
612 wiki.zip.al.bc
613 wiki.zip.al.bd
614 wiki.zip.al.be
615 wiki.zip.al.bf
616 wiki.zip.al.bg
617 wiki.zip.al.bh
618 wiki.zip.al.bi
619 wiki.zip.al.bj
620 wiki.zip.al.bk
621 wiki.zip.al.bl
622 wiki.zip.al.bm
623 wiki.zip.al.bn
624 wiki.zip.al.bo
625 wiki.zip.al.bp
626 wiki.zip.al.bq
627 wiki.zip.al.br
628 wiki.zip.al.bs
629 wiki.zip.al.bt
630 wiki.zip.al.bu
631 wiki.zip.al.bv
632 wiki.zip.al.bw
633 wiki.zip.al.bx
634 wiki.zip.al.by
635 wiki.zip.al.bz
636 wiki.zip.al.ca
637 wiki.zip.am.aa
638 wiki.zip.am.ab
639 wiki.zip.am.ac
640 wiki.zip.am.ad
641 wiki.zip.am.ae
642 wiki.zip.am.af
643 wiki.zip.am.ag
644 wiki.zip.am.ah
645 wiki.zip.am.ai
646 wiki.zip.am.aj
647 wiki.zip.am.ak
648 wiki.zip.am.al
649 wiki.zip.am.am
650 wiki.zip.am.an
651 wiki.zip.am.ao
652 wiki.zip.am.ap
653 wiki.zip.am.aq
654 wiki.zip.am.ar
655 wiki.zip.am.as
656 wiki.zip.am.at
657 wiki.zip.am.au
658 wiki.zip.am.av
659 wiki.zip.am.aw
660 wiki.zip.am.ax
661 wiki.zip.am.ay
662 wiki.zip.am.az
663 wiki.zip.am.ba
664 wiki.zip.am.bb
665 wiki.zip.am.bc
666 wiki.zip.am.bd
667 wiki.zip.am.be
668 wiki.zip.am.bf
669 wiki.zip.am.bg
670 wiki.zip.am.bh
671 wiki.zip.am.bi
672 wiki.zip.am.bj
673 wiki.zip.am.bk
674 wiki.zip.am.bl
675 wiki.zip.am.bm
676 wiki.zip.am.bn
677 wiki.zip.am.bo
678 wiki.zip.am.bp
679 wiki.zip.am.bq
680 wiki.zip.am.br
681 wiki.zip.am.bs
682 wiki.zip.am.bt
683 wiki.zip.am.bu
684 wiki.zip.am.bv
685 wiki.zip.am.bw
686 wiki.zip.am.bx
687 wiki.zip.am.by
688 wiki.zip.am.bz
689 wiki.zip.am.ca
690 wiki.zip.an.aa
691 wiki.zip.an.ab
692 wiki.zip.an.ac
693 wiki.zip.an.ad
694 wiki.zip.an.ae
695 wiki.zip.an.af
696 wiki.zip.an.ag
697 wiki.zip.an.ah
1 wiki.zip.af.aq
Already have log for t07709 8484 bafykbzaceaomgz2kts5vvdxlvsyw2zfyfpklhbdbgn2qpwrgqpcap6zcaxf5e

0 wiki.zip.ah.ad
Already have log for t02301 3703 bafykbzaceah2nnixcaxstolftfdbz5fu5pul7db5gzk4earhjogb74nxtkaky
Retrieving t02540 9592 bafykbzaceah2nnixcaxstolftfdbz5fu5pul7db5gzk4earhjogb74nxtkaky
> Recv: 0 B, Paid 0 FIL, ClientEventOpen (DealStatusNew)
> Recv: 0 B, Paid 0 FIL, ClientEventDealProposed (DealStatusWaitForAcceptance)
> Recv: 0 B, Paid 0 FIL, ClientEventDealAccepted (DealStatusAccepted)
> Recv: 0 B, Paid 0 FIL, ClientEventPaymentChannelAddingFunds (DealStatusPaymentChannelAddingFunds)
> Recv: 269 B, Paid 0 FIL, ClientEventBlocksReceived (DealStatusPaymentChannelAddingFunds)
> Recv: 269 B, Paid 0 FIL, ClientEventPaymentRequested (DealStatusPaymentChannelAddingFunds)
> Recv: 1 MiB, Paid 0 FIL, ClientEventBlocksReceived (DealStatusPaymentChannelAddingFunds)
> Recv: 1 MiB, Paid 0 FIL, ClientEventPaymentChannelReady (DealStatusOngoing)
> Recv: 1 MiB, Paid 0 FIL, ClientEventPaymentRequested (DealStatusFundsNeeded)
> Recv: 1 MiB, Paid 0 FIL, ClientEventSendFunds (DealStatusSendFunds)
> Recv: 1 MiB, Paid 0.00000000000209769 FIL, ClientEventPaymentSent (DealStatusOngoing)
> Recv: 2 MiB, Paid 0.00000000000209769 FIL, ClientEventBlocksReceived (DealStatusOngoing)
> Recv: 2 MiB, Paid 0.00000000000209769 FIL, ClientEventPaymentRequested (DealStatusFundsNeeded)
> Recv: 3 MiB, Paid 0.00000000000209769 FIL, ClientEventBlocksReceived (DealStatusFundsNeeded)
> Recv: 3 MiB, Paid 0.00000000000209769 FIL, ClientEventSendFunds (DealStatusSendFunds)
> Recv: 3 MiB, Paid 0.000000000006291994 FIL, ClientEventPaymentSent (DealStatusOngoing)
> Recv: 4 MiB, Paid 0.000000000006291994 FIL, ClientEventBlocksReceived (DealStatusOngoing)
> Recv: 4 MiB, Paid 0.000000000006291994 FIL, ClientEventLastPaymentRequested (DealStatusFundsNeededLastPayment)
> Recv: 4.769 MiB, Paid 0.000000000006291994 FIL, ClientEventBlocksReceived (DealStatusFundsNeededLastPayment)
> Recv: 4.769 MiB, Paid 0.000000000006291994 FIL, ClientEventAllBlocksReceived (DealStatusSendFundsLastPayment)
> Recv: 4.769 MiB, Paid 0.000000000010000538 FIL, ClientEventPaymentSent (DealStatusFinalizing)
> Recv: 4.769 MiB, Paid 0.000000000010000538 FIL, ClientEventComplete (DealStatusCompleted)
Success
0.06user 0.05system 3:11.31elapsed 0%CPU (0avgtext+0avgdata 39332maxresident)k
0inputs+0outputs (0major+3902minor)pagefaults 0swaps
Skipping ahead

1 wiki.zip.ad.ax
Already have log for t07709 5769 bafykbzacebkrclitr466kzbvgxtk53v4v3weltru7evoqtcxaqjhiprnempq4
Already have log for t03314 7379 bafykbzacebkrclitr466kzbvgxtk53v4v3weltru7evoqtcxaqjhiprnempq4
Already have log for t02613 8422 bafykbzacebkrclitr466kzbvgxtk53v4v3weltru7evoqtcxaqjhiprnempq4

0 wiki.zip.ab.ak
Already have log for t02404 4798 bafykbzacedmtmf6a3ekykicfpzkod73gjfqtfw46vckgqwh6v4iumidicn3jw

0 wiki.zip.af.bq
Already have log for t02620 3152 bafykbzaceb5oa3ykgizvba2557lekgv44nnk6k3dkavtyc5ox5l6nuew4kcw6
Already have log for t07710 6552 bafykbzaceb5oa3ykgizvba2557lekgv44nnk6k3dkavtyc5ox5l6nuew4kcw6

0 wiki.zip.ai.bg
Already have log for t03143 3223 bafykbzacebw7l4x6qskjp22jkbkity5p62htz2s4jpgj24lvq53d3cagdq254
Already have log for t07710 6698 bafykbzacebw7l4x6qskjp22jkbkity5p62htz2s4jpgj24lvq53d3cagdq254

0 wiki.zip.ah.bo
Already have log for t02540 4479 bafykbzaceacubrutdttpd2flknuvgeo67rzrhhitqoqwuvtkx7cughmh5noii
Already have log for t02404 5056 bafykbzaceacubrutdttpd2flknuvgeo67rzrhhitqoqwuvtkx7cughmh5noii
Already have log for t02419 7677 bafykbzaceacubrutdttpd2flknuvgeo67rzrhhitqoqwuvtkx7cughmh5noii

0 wiki.zip.aj.bv
Already have log for t07709 6776 bafykbzacecudfqvbuwvgvhglxk2l2pwdtugliw3xp5pwh4vez4bsvt2wzhee4

0 wiki.zip.ad.ca
Already have log for t01247 2580 bafykbzacedwnh533x6syhzcpf2g5fohkjhap25wpnp52mu3hn26iodbqomeu6
Already have log for t02419 7425 bafykbzacedwnh533x6syhzcpf2g5fohkjhap25wpnp52mu3hn26iodbqomeu6

0 wiki.zip.ai.bq
Already have log for t07848 3736 bafykbzacedv6vzggxh4dqqtvjg7xihyly2du47hw33ofmw5s5fk24zmyfigbc
Already have log for t02613 6018 bafykbzacedv6vzggxh4dqqtvjg7xihyly2du47hw33ofmw5s5fk24zmyfigbc

0 wiki.zip.ai.aa
Already have log for t01800 7673 bafykbzaceahtcocmcfawkkvg6zi2ouzmdjcjhu5g6knbruh7foq32dcvzw6t2

0 wiki.zip.an.ag
Already have log for t07709 5298 bafykbzacectebtlail3mmqwjfqsau5iifubllrik7y7jujbzdtghgmp3rp72u
Already have log for t03002 6214 bafykbzacectebtlail3mmqwjfqsau5iifubllrik7y7jujbzdtghgmp3rp72u

0 wiki.zip.ai.bf
Already have log for t02658 4512 bafykbzacedtpge2agu35w6cg53fekno3pcntxxiqhaibky4iq6itnlhtrufgy
Already have log for t02404 5083 bafykbzacedtpge2agu35w6cg53fekno3pcntxxiqhaibky4iq6itnlhtrufgy
Already have log for t07998 6676 bafykbzacedtpge2agu35w6cg53fekno3pcntxxiqhaibky4iq6itnlhtrufgy

0 wiki.zip.ak.at

0 wiki.zip.aa.ak

0 wiki.zip.ad.ay
Retrieving t03340 7380 bafykbzacecswqweogtmmzkzdsdjnyksj7476vywbb466c5obghmcm3m7qcpus
> Recv: 0 B, Paid 0 FIL, ClientEventOpen (DealStatusNew)
> Recv: 0 B, Paid 0 FIL, ClientEventDealProposed (DealStatusWaitForAcceptance)
> Recv: 0 B, Paid 0 FIL, ClientEventDealAccepted (DealStatusAccepted)
> Recv: 0 B, Paid 0 FIL, ClientEventPaymentChannelAddingFunds (DealStatusPaymentChannelAddingFunds)
> Recv: 0 B, Paid 0 FIL, ClientEventPaymentChannelReady (DealStatusOngoing)
ERROR: retrieval timed out

Command exited with non-zero status 124
0.13user 0.07system 17:00.00elapsed 0%CPU (0avgtext+0avgdata 39904maxresident)k
0inputs+0outputs (0major+4036minor)pagefaults 0swaps
Skipping ahead

1 wiki.zip.af.br
Already have log for t02540 6551 bafykbzacebyyksacug4hl34p7g7fsscdgx2pjh5cukl7ey2i56yjdr62dbkz4

0 wiki.zip.am.bf
Already have log for t02301 3909 bafykbzacebgchih6t3wdscxvaz3qhip55zwskfnvr3cbrcki3nqufo5selocy

0 wiki.zip.ac.ab
Already have log for t02385 3493 bafykbzacec3vmmoqnfxlbym7xzaj5yvwzq3kckc2hv7xhpmgkoa6v6xpddyby

0 wiki.zip.ak.bo
Already have log for t03194 3833 bafykbzacedqo5kvsbm33uoesemnrcyj2tshmdui4inporx7uaqqy7xuknihhq

0 wiki.zip.ab.bd
Already have log for t02540 3473 bafykbzaceaeztinkw2rvzogj2rwzrxbdmedtkdz7p3tmwmy23y5gxw5zgiw6q
Already have log for t02658 6308 bafykbzaceaeztinkw2rvzogj2rwzrxbdmedtkdz7p3tmwmy23y5gxw5zgiw6q
Retrieving t02385 9284 bafykbzaceaeztinkw2rvzogj2rwzrxbdmedtkdz7p3tmwmy23y5gxw5zgiw6q
> Recv: 0 B, Paid 0 FIL, ClientEventOpen (DealStatusNew)
> Recv: 0 B, Paid 0 FIL, ClientEventDealProposed (DealStatusWaitForAcceptance)
> Recv: 0 B, Paid 0 FIL, ClientEventDealAccepted (DealStatusAccepted)
> Recv: 269 B, Paid 0 FIL, ClientEventBlocksReceived (DealStatusAccepted)
> Recv: 269 B, Paid 0 FIL, ClientEventPaymentRequested (DealStatusAccepted)
> Recv: 1 MiB, Paid 0 FIL, ClientEventBlocksReceived (DealStatusAccepted)
> Recv: 1 MiB, Paid 0 FIL, ClientEventPaymentChannelAddingFunds (DealStatusPaymentChannelAddingFunds)
> Recv: 1 MiB, Paid 0 FIL, ClientEventPaymentChannelReady (DealStatusOngoing)
> Recv: 1 MiB, Paid 0 FIL, ClientEventPaymentRequested (DealStatusFundsNeeded)
> Recv: 1 MiB, Paid 0 FIL, ClientEventSendFunds (DealStatusSendFunds)
> Recv: 1 MiB, Paid 0.00000000000209769 FIL, ClientEventPaymentSent (DealStatusOngoing)
> Recv: 2 MiB, Paid 0.00000000000209769 FIL, ClientEventBlocksReceived (DealStatusOngoing)
> Recv: 2 MiB, Paid 0.00000000000209769 FIL, ClientEventPaymentRequested (DealStatusFundsNeeded)
> Recv: 3 MiB, Paid 0.00000000000209769 FIL, ClientEventBlocksReceived (DealStatusFundsNeeded)
> Recv: 3 MiB, Paid 0.00000000000209769 FIL, ClientEventSendFunds (DealStatusSendFunds)
> Recv: 3 MiB, Paid 0.000000000006291994 FIL, ClientEventPaymentSent (DealStatusOngoing)
> Recv: 4 MiB, Paid 0.000000000006291994 FIL, ClientEventBlocksReceived (DealStatusOngoing)
> Recv: 4 MiB, Paid 0.000000000006291994 FIL, ClientEventLastPaymentRequested (DealStatusFundsNeededLastPayment)
> Recv: 4.769 MiB, Paid 0.000000000006291994 FIL, ClientEventBlocksReceived (DealStatusFundsNeededLastPayment)
> Recv: 4.769 MiB, Paid 0.000000000006291994 FIL, ClientEventAllBlocksReceived (DealStatusSendFundsLastPayment)
> Recv: 4.769 MiB, Paid 0.000000000010000538 FIL, ClientEventPaymentSent (DealStatusFinalizing)
> Recv: 4.769 MiB, Paid 0.000000000010000538 FIL, ClientEventComplete (DealStatusCompleted)
Success
0.09user 0.05system 6:15.68elapsed 0%CPU (0avgtext+0avgdata 39480maxresident)k
0inputs+0outputs (0major+3850minor)pagefaults 0swaps
Skipping ahead

1 wiki.zip.ab.bp
Already have log for t07848 2939 bafykbzacedurt3mchx3q5l6rjfye622bsbwwgvrrnouwht3ibh7vnthy7oe4c
Already have log for t02404 5723 bafykbzacedurt3mchx3q5l6rjfye622bsbwwgvrrnouwht3ibh7vnthy7oe4c
Already have log for t03638 7326 bafykbzacedurt3mchx3q5l6rjfye622bsbwwgvrrnouwht3ibh7vnthy7oe4c

0 wiki.zip.ab.bs
Already have log for t03143 2495 bafykbzaceciwhd6def6jumt6caq75o36idg5oleugjlhlmicz32s5uqax72kq
Already have log for t03314 4195 bafykbzaceciwhd6def6jumt6caq75o36idg5oleugjlhlmicz32s5uqax72kq
Retrieving t02404 6348 bafykbzaceciwhd6def6jumt6caq75o36idg5oleugjlhlmicz32s5uqax72kq
> Recv: 0 B, Paid 0 FIL, ClientEventOpen (DealStatusNew)
> Recv: 0 B, Paid 0 FIL, ClientEventDealProposed (DealStatusWaitForAcceptance)
> Recv: 0 B, Paid 0 FIL, ClientEventDealAccepted (DealStatusAccepted)
> Recv: 269 B, Paid 0 FIL, ClientEventBlocksReceived (DealStatusAccepted)
> Recv: 269 B, Paid 0 FIL, ClientEventPaymentRequested (DealStatusAccepted)
> Recv: 1 MiB, Paid 0 FIL, ClientEventBlocksReceived (DealStatusAccepted)
> Recv: 1 MiB, Paid 0 FIL, ClientEventPaymentChannelAddingFunds (DealStatusPaymentChannelAddingFunds)
> Recv: 1 MiB, Paid 0 FIL, ClientEventPaymentChannelReady (DealStatusOngoing)
> Recv: 1 MiB, Paid 0 FIL, ClientEventPaymentRequested (DealStatusFundsNeeded)
> Recv: 1 MiB, Paid 0 FIL, ClientEventSendFunds (DealStatusSendFunds)
> Recv: 1 MiB, Paid 0.00000000000209769 FIL, ClientEventPaymentSent (DealStatusOngoing)
> Recv: 2 MiB, Paid 0.00000000000209769 FIL, ClientEventBlocksReceived (DealStatusOngoing)
> Recv: 2 MiB, Paid 0.00000000000209769 FIL, ClientEventPaymentRequested (DealStatusFundsNeeded)
> Recv: 3 MiB, Paid 0.00000000000209769 FIL, ClientEventBlocksReceived (DealStatusFundsNeeded)
> Recv: 3 MiB, Paid 0.00000000000209769 FIL, ClientEventSendFunds (DealStatusSendFunds)
> Recv: 3 MiB, Paid 0.000000000006291994 FIL, ClientEventPaymentSent (DealStatusOngoing)
> Recv: 4 MiB, Paid 0.000000000006291994 FIL, ClientEventBlocksReceived (DealStatusOngoing)
> Recv: 4 MiB, Paid 0.000000000006291994 FIL, ClientEventLastPaymentRequested (DealStatusFundsNeededLastPayment)
> Recv: 4.769 MiB, Paid 0.000000000006291994 FIL, ClientEventBlocksReceived (DealStatusFundsNeededLastPayment)
> Recv: 4.769 MiB, Paid 0.000000000006291994 FIL, ClientEventAllBlocksReceived (DealStatusSendFundsLastPayment)
> Recv: 4.769 MiB, Paid 0.000000000010000538 FIL, ClientEventPaymentSent (DealStatusFinalizing)
> Recv: 4.769 MiB, Paid 0.000000000010000538 FIL, ClientEventComplete (DealStatusCompleted)
Success
0.10user 0.03system 5:46.54elapsed 0%CPU (0avgtext+0avgdata 38856maxresident)k
0inputs+0outputs (0major+3825minor)pagefaults 0swaps
Skipping ahead

1 wiki.zip.al.ab
Already have log for t08076 6842 bafykbzaceacxdy6z4tal4u7px2wubyqaz5ksbcxdn6gnvxo27ejy2rpwtgryu
Already have log for t03314 7911 bafykbzaceacxdy6z4tal4u7px2wubyqaz5ksbcxdn6gnvxo27ejy2rpwtgryu

0 wiki.zip.ad.bw
Already have log for t02620 3094 bafykbzacedqj5wvkiujw3erzl3mw4ryen37dypftoj6hpvizms2psfrtqz3hu
Retrieving t02385 6421 bafykbzacedqj5wvkiujw3erzl3mw4ryen37dypftoj6hpvizms2psfrtqz3hu
> Recv: 0 B, Paid 0 FIL, ClientEventOpen (DealStatusNew)
> Recv: 0 B, Paid 0 FIL, ClientEventDealProposed (DealStatusWaitForAcceptance)
> Recv: 0 B, Paid 0 FIL, ClientEventDealAccepted (DealStatusAccepted)
> Recv: 269 B, Paid 0 FIL, ClientEventBlocksReceived (DealStatusAccepted)
> Recv: 269 B, Paid 0 FIL, ClientEventPaymentRequested (DealStatusAccepted)
> Recv: 1 MiB, Paid 0 FIL, ClientEventBlocksReceived (DealStatusAccepted)
> Recv: 1 MiB, Paid 0 FIL, ClientEventPaymentChannelAddingFunds (DealStatusPaymentChannelAddingFunds)
> Recv: 1 MiB, Paid 0 FIL, ClientEventPaymentChannelReady (DealStatusOngoing)
> Recv: 1 MiB, Paid 0 FIL, ClientEventPaymentRequested (DealStatusFundsNeeded)
> Recv: 1 MiB, Paid 0 FIL, ClientEventSendFunds (DealStatusSendFunds)
> Recv: 1 MiB, Paid 0.00000000000209769 FIL, ClientEventPaymentSent (DealStatusOngoing)
> Recv: 2 MiB, Paid 0.00000000000209769 FIL, ClientEventBlocksReceived (DealStatusOngoing)
> Recv: 2 MiB, Paid 0.00000000000209769 FIL, ClientEventPaymentRequested (DealStatusFundsNeeded)
> Recv: 3 MiB, Paid 0.00000000000209769 FIL, ClientEventBlocksReceived (DealStatusFundsNeeded)
> Recv: 3 MiB, Paid 0.00000000000209769 FIL, ClientEventSendFunds (DealStatusSendFunds)
> Recv: 3 MiB, Paid 0.000000000006291994 FIL, ClientEventPaymentSent (DealStatusOngoing)
> Recv: 4 MiB, Paid 0.000000000006291994 FIL, ClientEventBlocksReceived (DealStatusOngoing)
> Recv: 4 MiB, Paid 0.000000000006291994 FIL, ClientEventLastPaymentRequested (DealStatusFundsNeededLastPayment)
> Recv: 4.769 MiB, Paid 0.000000000006291994 FIL, ClientEventBlocksReceived (DealStatusFundsNeededLastPayment)
> Recv: 4.769 MiB, Paid 0.000000000006291994 FIL, ClientEventAllBlocksReceived (DealStatusSendFundsLastPayment)
> Recv: 4.769 MiB, Paid 0.000000000010000538 FIL, ClientEventPaymentSent (DealStatusFinalizing)
> Recv: 4.769 MiB, Paid 0.000000000010000538 FIL, ClientEventComplete (DealStatusCompleted)
Success
0.08user 0.05system 4:29.52elapsed 0%CPU (0avgtext+0avgdata 38576maxresident)k
0inputs+0outputs (0major+3767minor)pagefaults 0swaps
Skipping ahead

1 wiki.zip.ab.bm

0 wiki.zip.al.ao
Already have log for t02385 3827 bafykbzaceblijekg4zdtr4lsjvliib4pr7btjwcijz7vs2ubon3tjzdptwyti

0 wiki.zip.ai.an

0 wiki.zip.ad.bg
Already have log for t02404 6406 bafykbzaceaajfbcr57a5kuhkorv6i4sreepqyql53c657ncpmb4ssxmicfwza
Already have log for t03314 9382 bafykbzaceaajfbcr57a5kuhkorv6i4sreepqyql53c657ncpmb4ssxmicfwza

0 wiki.zip.ae.ad

0 wiki.zip.aa.ag

0 wiki.zip.ae.ca

0 wiki.zip.ac.bx

0 wiki.zip.aj.bl
Already have log for t03340 6755 bafykbzaceafvzrmmes2bispmignw5eawa4menphwdyllyshgypv6cs3nuxhve

0 wiki.zip.ag.ax

0 wiki.zip.ai.bi
Already have log for t02420 3230 bafykbzacecctaafhkg27sjf6mmhwyv5cwz5em5ss2gqmi2xn4nrjvo3cww3po

0 wiki.zip.aj.bo

0 wiki.zip.am.bl
Already have log for t02620 5289 bafykbzacebmvubmcghyt23m227uddpbxuzimmwocqsc63xtuzvctnrz3nimmm
Already have log for t07709 6190 bafykbzacebmvubmcghyt23m227uddpbxuzimmwocqsc63xtuzvctnrz3nimmm
Retrieving t07806 7997 bafykbzacebmvubmcghyt23m227uddpbxuzimmwocqsc63xtuzvctnrz3nimmm
> Recv: 0 B, Paid 0 FIL, ClientEventOpen (DealStatusNew)
> Recv: 0 B, Paid 0 FIL, ClientEventDealProposed (DealStatusWaitForAcceptance)
> Recv: 0 B, Paid 0 FIL, ClientEventDealAccepted (DealStatusAccepted)
> Recv: 0 B, Paid 0 FIL, ClientEventPaymentChannelAddingFunds (DealStatusPaymentChannelAddingFunds)
> Recv: 0 B, Paid 0 FIL, ClientEventPaymentChannelReady (DealStatusOngoing)
ERROR: retrieval timed out

Command exited with non-zero status 124
0.16user 0.05system 17:00.00elapsed 0%CPU (0avgtext+0avgdata 39288maxresident)k
0inputs+0outputs (0major+3868minor)pagefaults 0swaps
Skipping ahead

1 wiki.zip.ac.bi
Already have log for t03314 4268 bafykbzaceb53zkdyjrrs3da6are5dnhrjqmq5qz2yykif472swtkxw6i4veoo
Already have log for t03638 7337 bafykbzaceb53zkdyjrrs3da6are5dnhrjqmq5qz2yykif472swtkxw6i4veoo
Retrieving t02404 9327 bafykbzaceb53zkdyjrrs3da6are5dnhrjqmq5qz2yykif472swtkxw6i4veoo
> Recv: 0 B, Paid 0 FIL, ClientEventOpen (DealStatusNew)
> Recv: 0 B, Paid 0 FIL, ClientEventDealProposed (DealStatusWaitForAcceptance)
> Recv: 0 B, Paid 0 FIL, ClientEventDealAccepted (DealStatusAccepted)
> Recv: 269 B, Paid 0 FIL, ClientEventBlocksReceived (DealStatusAccepted)
> Recv: 269 B, Paid 0 FIL, ClientEventPaymentChannelAddingFunds (DealStatusPaymentChannelAddingFunds)
> Recv: 269 B, Paid 0 FIL, ClientEventPaymentRequested (DealStatusPaymentChannelAddingFunds)
> Recv: 1 MiB, Paid 0 FIL, ClientEventBlocksReceived (DealStatusPaymentChannelAddingFunds)
> Recv: 1 MiB, Paid 0 FIL, ClientEventPaymentChannelReady (DealStatusOngoing)
> Recv: 1 MiB, Paid 0 FIL, ClientEventPaymentRequested (DealStatusFundsNeeded)
> Recv: 1 MiB, Paid 0 FIL, ClientEventSendFunds (DealStatusSendFunds)
> Recv: 1 MiB, Paid 0.00000000000209769 FIL, ClientEventPaymentSent (DealStatusOngoing)
> Recv: 2 MiB, Paid 0.00000000000209769 FIL, ClientEventBlocksReceived (DealStatusOngoing)
> Recv: 2 MiB, Paid 0.00000000000209769 FIL, ClientEventPaymentRequested (DealStatusFundsNeeded)
> Recv: 3 MiB, Paid 0.00000000000209769 FIL, ClientEventBlocksReceived (DealStatusFundsNeeded)
> Recv: 3 MiB, Paid 0.00000000000209769 FIL, ClientEventSendFunds (DealStatusSendFunds)
> Recv: 3 MiB, Paid 0.000000000006291994 FIL, ClientEventPaymentSent (DealStatusOngoing)
> Recv: 4 MiB, Paid 0.000000000006291994 FIL, ClientEventBlocksReceived (DealStatusOngoing)
> Recv: 4 MiB, Paid 0.000000000006291994 FIL, ClientEventLastPaymentRequested (DealStatusFundsNeededLastPayment)
> Recv: 4.769 MiB, Paid 0.000000000006291994 FIL, ClientEventBlocksReceived (DealStatusFundsNeededLastPayment)
> Recv: 4.769 MiB, Paid 0.000000000006291994 FIL, ClientEventAllBlocksReceived (DealStatusSendFundsLastPayment)
> Recv: 4.769 MiB, Paid 0.000000000010000538 FIL, ClientEventPaymentSent (DealStatusFinalizing)
> Recv: 4.769 MiB, Paid 0.000000000010000538 FIL, ClientEventComplete (DealStatusCompleted)
Success
0.06user 0.06system 3:35.10elapsed 0%CPU (0avgtext+0avgdata 39620maxresident)k
0inputs+0outputs (0major+3863minor)pagefaults 0swaps
Skipping ahead

1 wiki.zip.ag.ca
Already have log for t03143 3684 bafykbzacedumcki5jacr3pistdh2lhk4cpka4lofjovhwrxou5kgq4eiwluhi
Already have log for t02620 5590 bafykbzacedumcki5jacr3pistdh2lhk4cpka4lofjovhwrxou5kgq4eiwluhi

0 wiki.zip.ab.ar
Already have log for t02620 5676 bafykbzacedd2mwwca7kgfcvoatzurmtrfcwfd6ejnp24hpfvx266b3ckykcac

0 wiki.zip.af.aj
Already have log for t01289 7489 bafykbzaceambiuxo22hzqukddm2bcicnp5agjtt54al3vk63k4bytuuffev4o

0 wiki.zip.aa.ax

0 wiki.zip.ai.bp
Already have log for t02540 5112 bafykbzacebl4folm3rvhvwkwuwmqdeo6stoxtqo2nwxsawoei2odrhbyx5vrk
Already have log for t03340 6692 bafykbzacebl4folm3rvhvwkwuwmqdeo6stoxtqo2nwxsawoei2odrhbyx5vrk

0 wiki.zip.am.bj
Already have log for t02424 3915 bafykbzacea3czgk4qhmgiua46rs6o24tqw4zezxbxhfmb7aqijpolqiks7she
Already have log for t07709 8026 bafykbzacea3czgk4qhmgiua46rs6o24tqw4zezxbxhfmb7aqijpolqiks7she

0 wiki.zip.am.bt
Already have log for t03143 3375 bafykbzacecdkd2y5knb7v2ldtyqkcegxgeylmyfijamp5b3zjgjw3dzo353ig

0 wiki.zip.al.bp
Already have log for t02301 3869 bafykbzacearhams3do7h5fdpl5z52ixp4nf4mny4x2oe3obb2avnxb2rvrpps

0 wiki.zip.ai.af
Already have log for t03143 2703 bafykbzaceaiacy6bqf5mepqurayhiqdgtl77ysbrm3ahxdh3zyy6tw64prvba
Already have log for t07709 5965 bafykbzaceaiacy6bqf5mepqurayhiqdgtl77ysbrm3ahxdh3zyy6tw64prvba

0 wiki.zip.aa.ah
Already have log for t07956 4753 bafykbzaceaaojerirhwwapvvsbne7ir563i4cycwkk4eyswo43tpsgsn6fkkk
Already have log for t02613 7208 bafykbzaceaaojerirhwwapvvsbne7ir563i4cycwkk4eyswo43tpsgsn6fkkk

0 wiki.zip.ak.az
Already have log for t02540 5167 bafykbzacecba7ql3ztdnsvzk4dq6rzu32r4givjjh4eve2fwvc3nkrkidwvjg
Already have log for t03314 6827 bafykbzacecba7ql3ztdnsvzk4dq6rzu32r4givjjh4eve2fwvc3nkrkidwvjg
Already have log for t02613 7878 bafykbzacecba7ql3ztdnsvzk4dq6rzu32r4givjjh4eve2fwvc3nkrkidwvjg
Already have log for t07710 8822 bafykbzacecba7ql3ztdnsvzk4dq6rzu32r4givjjh4eve2fwvc3nkrkidwvjg

0 wiki.zip.ad.bt
Already have log for t03194 4866 bafykbzacedcgdu2o2eobbupkg6p377dcurvrq2vvqqhwmqir6whgvfb2zo6la

0 wiki.zip.ad.bn
Already have log for t01272 2569 bafykbzacebnvvipwm5qu6rd36sqeo7iehbrctajiak53iq7kioduehngfk4sy
Already have log for t03194 4298 bafykbzacebnvvipwm5qu6rd36sqeo7iehbrctajiak53iq7kioduehngfk4sy

0 wiki.zip.ag.ap
Already have log for t03194 4980 bafykbzaced7ko5xubteaoa6tw4emujinhgzp446vsj33zuyqxdm2vjuq5ewie

0 wiki.zip.ae.bg
Already have log for t02540 4907 bafykbzaceasxwxdfhzh73oiiucipinqz5o3pmbpiuk7u5iotvicklidu4ni3m
Already have log for t02613 6484 bafykbzaceasxwxdfhzh73oiiucipinqz5o3pmbpiuk7u5iotvicklidu4ni3m

0 wiki.zip.ai.ar
Already have log for t02540 3724 bafykbzaceca7lzedm6vijaturbsglsxpqphkw4zy7inxmiiwhx2nwlfrshvlc
Already have log for t02613 6684 bafykbzaceca7lzedm6vijaturbsglsxpqphkw4zy7inxmiiwhx2nwlfrshvlc

0 wiki.zip.ak.ax
Already have log for t07998 6832 bafykbzacebuglbczvxmz4hlfxpjpjcfp27srju4la326hocvebvt4k4cwchmi
Retrieving t03344 9901 bafykbzacebuglbczvxmz4hlfxpjpjcfp27srju4la326hocvebvt4k4cwchmi
> Recv: 0 B, Paid 0 FIL, ClientEventOpen (DealStatusNew)
> Recv: 0 B, Paid 0 FIL, ClientEventDealProposed (DealStatusWaitForAcceptance)
> Recv: 0 B, Paid 0 FIL, ClientEventDealAccepted (DealStatusAccepted)
> Recv: 0 B, Paid 0 FIL, ClientEventPaymentChannelAddingFunds (DealStatusPaymentChannelAddingFunds)
> Recv: 0 B, Paid 0 FIL, ClientEventPaymentChannelReady (DealStatusOngoing)
ERROR: retrieval timed out

Command exited with non-zero status 124
0.14user 0.06system 17:00.00elapsed 0%CPU (0avgtext+0avgdata 39320maxresident)k
0inputs+0outputs (0major+3770minor)pagefaults 0swaps
Skipping ahead

1 wiki.zip.aj.bt
Already have log for t03143 2792 bafykbzaceayjvzb5w76kxwn3eepbmjudxjgkvxohato4m2xfjelgiayht5tas
Already have log for t07806 7804 bafykbzaceayjvzb5w76kxwn3eepbmjudxjgkvxohato4m2xfjelgiayht5tas

0 wiki.zip.am.bd
Already have log for t02658 4660 bafykbzaced2c644q6is7izfmpkt74xv2ursvfvorpimm2ugi5ukusai76zucs
Already have log for t02620 8016 bafykbzaced2c644q6is7izfmpkt74xv2ursvfvorpimm2ugi5ukusai76zucs

0 wiki.zip.ab.bv
Already have log for t02613 6346 bafykbzacec66td2taeqgeflexc67vuvkznsztvn3pqnxm4kj5flnqowsd4jfo

0 wiki.zip.ai.bk
Already have log for t07709 3741 bafykbzaced53uuxfphrdu4aa3kkx4ovq22q7yigh3devdbejzkycjqfoc5hea
Already have log for t02613 5624 bafykbzaced53uuxfphrdu4aa3kkx4ovq22q7yigh3devdbejzkycjqfoc5hea
Already have log for t02540 9731 bafykbzaced53uuxfphrdu4aa3kkx4ovq22q7yigh3devdbejzkycjqfoc5hea

0 wiki.zip.af.by
Already have log for t02665 3669 bafykbzacecm4iroltdrygfqddws6wndmzzt2tg3ld744lk2p2huatjyhmj2km
Already have log for t07709 7524 bafykbzacecm4iroltdrygfqddws6wndmzzt2tg3ld744lk2p2huatjyhmj2km

0 wiki.zip.aa.bl
Already have log for t02540 4178 bafykbzaceduodxoohjjvdxi2p6yt3bxdgbvb3pqkoine6elnz47c7jdr33wge
Already have log for t07829 7269 bafykbzaceduodxoohjjvdxi2p6yt3bxdgbvb3pqkoine6elnz47c7jdr33wge

0 wiki.zip.ak.bi
Already have log for t07924 3795 bafykbzacecyypdee5piedp2tggezvwmt7jpagsggsqllfushx5vnd5etfddug

0 wiki.zip.ak.ab
Already have log for t07709 8805 bafykbzacedjy7ybcated7ytiiyqgaikz7df7iwoq5pipfwogswcilszw4ms3e

0 wiki.zip.ab.bw
Already have log for t07956 2982 bafykbzacea6zlpnqaa6pin2dv3s6p3uczfa5wmrffyw3urcgubo47hduwva5m

0 wiki.zip.aj.be

0 wiki.zip.ad.ba
Already have log for t07848 3085 bafykbzaced7m2lnqkbsu276yikl4iidzxjcdvj4e4vlzhugogkwpznmiinzyo
Already have log for t07829 7397 bafykbzaced7m2lnqkbsu276yikl4iidzxjcdvj4e4vlzhugogkwpznmiinzyo

0 wiki.zip.an.ab
Already have log for t01272 2893 bafykbzaceb346smoy2abxlwu6mglr4f5e2abnfx3jm4uh5sn6y33o7ra3tf5m
Already have log for t03002 7036 bafykbzaceb346smoy2abxlwu6mglr4f5e2abnfx3jm4uh5sn6y33o7ra3tf5m
Already have log for t02304 8945 bafykbzaceb346smoy2abxlwu6mglr4f5e2abnfx3jm4uh5sn6y33o7ra3tf5m

0 wiki.zip.al.aa
Already have log for t02620 5213 bafykbzacebcsqipjolrqimvcb632zvpgik7lw65d6u64xto4jh62vhlrftlsw
Already have log for t01102 7900 bafykbzacebcsqipjolrqimvcb632zvpgik7lw65d6u64xto4jh62vhlrftlsw
Retrieving t02613 8869 bafykbzacebcsqipjolrqimvcb632zvpgik7lw65d6u64xto4jh62vhlrftlsw
> Recv: 0 B, Paid 0 FIL, ClientEventOpen (DealStatusNew)
> Recv: 0 B, Paid 0 FIL, ClientEventDealProposed (DealStatusWaitForAcceptance)
> Recv: 0 B, Paid 0 FIL, ClientEventDealAccepted (DealStatusAccepted)
> Recv: 0 B, Paid 0 FIL, ClientEventPaymentChannelAddingFunds (DealStatusPaymentChannelAddingFunds)
> Recv: 269 B, Paid 0 FIL, ClientEventBlocksReceived (DealStatusPaymentChannelAddingFunds)
> Recv: 269 B, Paid 0 FIL, ClientEventPaymentRequested (DealStatusPaymentChannelAddingFunds)
> Recv: 1 MiB, Paid 0 FIL, ClientEventBlocksReceived (DealStatusPaymentChannelAddingFunds)
> Recv: 1 MiB, Paid 0 FIL, ClientEventPaymentChannelReady (DealStatusOngoing)
> Recv: 1 MiB, Paid 0 FIL, ClientEventPaymentRequested (DealStatusFundsNeeded)
> Recv: 1 MiB, Paid 0 FIL, ClientEventSendFunds (DealStatusSendFunds)
> Recv: 1 MiB, Paid 0.00000000000209769 FIL, ClientEventPaymentSent (DealStatusOngoing)
> Recv: 2 MiB, Paid 0.00000000000209769 FIL, ClientEventBlocksReceived (DealStatusOngoing)
> Recv: 2 MiB, Paid 0.00000000000209769 FIL, ClientEventPaymentRequested (DealStatusFundsNeeded)
> Recv: 3 MiB, Paid 0.00000000000209769 FIL, ClientEventBlocksReceived (DealStatusFundsNeeded)
> Recv: 3 MiB, Paid 0.00000000000209769 FIL, ClientEventSendFunds (DealStatusSendFunds)
> Recv: 3 MiB, Paid 0.000000000006291994 FIL, ClientEventPaymentSent (DealStatusOngoing)
> Recv: 3 MiB, Paid 0.000000000006291994 FIL, ClientEventLastPaymentRequested (DealStatusFundsNeededLastPayment)
> Recv: 4 MiB, Paid 0.000000000006291994 FIL, ClientEventBlocksReceived (DealStatusFundsNeededLastPayment)
> Recv: 4.769 MiB, Paid 0.000000000006291994 FIL, ClientEventBlocksReceived (DealStatusFundsNeededLastPayment)
> Recv: 4.769 MiB, Paid 0.000000000006291994 FIL, ClientEventAllBlocksReceived (DealStatusSendFundsLastPayment)
> Recv: 4.769 MiB, Paid 0.000000000010000538 FIL, ClientEventPaymentSent (DealStatusFinalizing)
> Recv: 4.769 MiB, Paid 0.000000000010000538 FIL, ClientEventComplete (DealStatusCompleted)
Success
0.08user 0.03system 3:41.90elapsed 0%CPU (0avgtext+0avgdata 38692maxresident)k
0inputs+0outputs (0major+3746minor)pagefaults 0swaps
Skipping ahead

1 wiki.zip.ad.ae
Already have log for t01247 2539 bafykbzacedhvn3baglvoqwqlde6xzvxnplyavfgky22gvzctdzd6quu5qn7lo
Already have log for t07709 4871 bafykbzacedhvn3baglvoqwqlde6xzvxnplyavfgky22gvzctdzd6quu5qn7lo

0 wiki.zip.ac.as
Already have log for t07710 3508 bafykbzacebeksobifn2dssbgxmuijlhk2ho6emx7q2rtvvfcubeii2gkkuur4
Already have log for t07806 7310 bafykbzacebeksobifn2dssbgxmuijlhk2ho6emx7q2rtvvfcubeii2gkkuur4

0 wiki.zip.af.ac
Already have log for t02620 2586 bafykbzacedr5mixpwuydvytwlekqeg3xcocnwqpibb3q6ntvu4pjrqpfw6qp4

0 wiki.zip.af.ag
Already have log for t03339 4362 bafykbzaceckp4rt6ggdvkdlej75mhcqaci7mbhfgis27cvxnbemvnlxnla3nq
Already have log for t02385 7464 bafykbzaceckp4rt6ggdvkdlej75mhcqaci7mbhfgis27cvxnbemvnlxnla3nq
Already have log for t02404 9443 bafykbzaceckp4rt6ggdvkdlej75mhcqaci7mbhfgis27cvxnbemvnlxnla3nq

0 wiki.zip.ad.af
Already have log for t03143 3524 bafykbzaced6uvbokmncfp3z7am4xr3rbl6jiidaop2psyh7o2qntclgwrolna
Already have log for t02620 5751 bafykbzaced6uvbokmncfp3z7am4xr3rbl6jiidaop2psyh7o2qntclgwrolna

0 wiki.zip.aj.at
Already have log for t02301 3751 bafykbzacecq6cse2g4dypjkbbysnooc7lzgxghf2ysuyno2uix2v27ze6acvs
Already have log for t02540 4517 bafykbzacecq6cse2g4dypjkbbysnooc7lzgxghf2ysuyno2uix2v27ze6acvs

0 wiki.zip.ad.bh
Already have log for t07710 4273 bafykbzaceduxrdjwtff7kraolk6jlsn32vjotk2jiprv34o4u6okeziloqedu
Already have log for t02404 4860 bafykbzaceduxrdjwtff7kraolk6jlsn32vjotk2jiprv34o4u6okeziloqedu

0 wiki.zip.ad.az
Already have log for t02404 9368 bafykbzacebfrkkwd5zgpbd3jn4cewpbqcyshi7rrknpgho6oxqjztw6a7ueeu

0 wiki.zip.aj.bb
Already have log for t03002 6047 bafykbzacecoerqfk6khl4r46sijyoasisz3442oy3okxsppz2svg33z3qqdyk
Already have log for t02385 6742 bafykbzacecoerqfk6khl4r46sijyoasisz3442oy3okxsppz2svg33z3qqdyk
Already have log for t07710 8791 bafykbzacecoerqfk6khl4r46sijyoasisz3442oy3okxsppz2svg33z3qqdyk

0 wiki.zip.ab.ca

0 wiki.zip.am.bv
Already have log for t02404 3914 bafykbzacebvrnswl3cmgbz7546dth6nu5ztlf7mf73qrydsxaphyavnlysghu
Already have log for t07806 7045 bafykbzacebvrnswl3cmgbz7546dth6nu5ztlf7mf73qrydsxaphyavnlysghu

0 wiki.zip.ah.aw
Already have log for t03002 6614 bafykbzaceal2gnzmzcw4gj22rw4goykabvw44tj3opltturxx42sk2edh5r3w
Retrieving t02404 8608 bafykbzaceal2gnzmzcw4gj22rw4goykabvw44tj3opltturxx42sk2edh5r3w
> Recv: 0 B, Paid 0 FIL, ClientEventOpen (DealStatusNew)
> Recv: 0 B, Paid 0 FIL, ClientEventDealProposed (DealStatusWaitForAcceptance)
> Recv: 0 B, Paid 0 FIL, ClientEventDealAccepted (DealStatusAccepted)
> Recv: 0 B, Paid 0 FIL, ClientEventPaymentChannelAddingFunds (DealStatusPaymentChannelAddingFunds)
> Recv: 269 B, Paid 0 FIL, ClientEventBlocksReceived (DealStatusPaymentChannelAddingFunds)
> Recv: 269 B, Paid 0 FIL, ClientEventPaymentRequested (DealStatusPaymentChannelAddingFunds)
> Recv: 1 MiB, Paid 0 FIL, ClientEventBlocksReceived (DealStatusPaymentChannelAddingFunds)
> Recv: 1 MiB, Paid 0 FIL, ClientEventPaymentChannelReady (DealStatusOngoing)
> Recv: 1 MiB, Paid 0 FIL, ClientEventPaymentRequested (DealStatusFundsNeeded)
> Recv: 1 MiB, Paid 0 FIL, ClientEventSendFunds (DealStatusSendFunds)
> Recv: 1 MiB, Paid 0.00000000000209769 FIL, ClientEventPaymentSent (DealStatusOngoing)
> Recv: 2 MiB, Paid 0.00000000000209769 FIL, ClientEventBlocksReceived (DealStatusOngoing)
> Recv: 2 MiB, Paid 0.00000000000209769 FIL, ClientEventPaymentRequested (DealStatusFundsNeeded)
> Recv: 3 MiB, Paid 0.00000000000209769 FIL, ClientEventBlocksReceived (DealStatusFundsNeeded)
> Recv: 3 MiB, Paid 0.00000000000209769 FIL, ClientEventSendFunds (DealStatusSendFunds)
> Recv: 3 MiB, Paid 0.000000000006291994 FIL, ClientEventPaymentSent (DealStatusOngoing)
> Recv: 3 MiB, Paid 0.000000000006291994 FIL, ClientEventLastPaymentRequested (DealStatusFundsNeededLastPayment)
> Recv: 4 MiB, Paid 0.000000000006291994 FIL, ClientEventBlocksReceived (DealStatusFundsNeededLastPayment)
> Recv: 4.769 MiB, Paid 0.000000000006291994 FIL, ClientEventBlocksReceived (DealStatusFundsNeededLastPayment)
> Recv: 4.769 MiB, Paid 0.000000000006291994 FIL, ClientEventAllBlocksReceived (DealStatusSendFundsLastPayment)
> Recv: 4.769 MiB, Paid 0.000000000010000538 FIL, ClientEventPaymentSent (DealStatusFinalizing)
> Recv: 4.769 MiB, Paid 0.000000000010000538 FIL, ClientEventComplete (DealStatusCompleted)
Success
0.11user 0.04system 3:19.19elapsed 0%CPU (0avgtext+0avgdata 38368maxresident)k
0inputs+0outputs (0major+3890minor)pagefaults 0swaps
Skipping ahead

1 wiki.zip.ab.aa
Already have log for t02620 2975 bafykbzacedt4xdfro2nhiz6ocbm53jxigcerja2w7vtfsohndmvs72vdlfwlq
Already have log for t02404 7223 bafykbzacedt4xdfro2nhiz6ocbm53jxigcerja2w7vtfsohndmvs72vdlfwlq

0 wiki.zip.aj.ak
Already have log for t02404 6029 bafykbzacednxqumz3dy5kmray4xkrissdyu2ilpoehciu7x67p62sp2zgrotu

0 wiki.zip.ac.ad
Already have log for t07924 4221 bafykbzacea5rgermyfndic6aocargixsclhl32nsbkrf4dfzji27xnqz22ygq

0 wiki.zip.al.ay
Already have log for t07924 3882 bafykbzacebwoic32dz5zdevmzwvd2tpmpeq3k7yjy7s3jdb7ju4emkzznt4ne

0 wiki.zip.ad.bf
Already have log for t07924 4293 bafykbzaceb3yymytvklhzobld3j5inju7bpixf7mg5efx3mzfln7aebwbv27y

0 wiki.zip.ac.ar

0 wiki.zip.aa.al
Already have log for t03314 9102 bafykbzaceb35icnurzdtfytzqgzdlzli3vnonwtgnojpe77g7k57liem4rrjy
Already have log for t07709 10230 bafykbzaceb35icnurzdtfytzqgzdlzli3vnonwtgnojpe77g7k57liem4rrjy

0 wiki.zip.ag.bp
Already have log for t01247 2657 bafykbzaceaequekzoebp6xckzv23psbttdlmwd6iu4bkc47sok5iyxulw2m5q
Already have log for t02620 3185 bafykbzaceaequekzoebp6xckzv23psbttdlmwd6iu4bkc47sok5iyxulw2m5q
Retrieving t02540 6578 bafykbzaceaequekzoebp6xckzv23psbttdlmwd6iu4bkc47sok5iyxulw2m5q
> Recv: 0 B, Paid 0 FIL, ClientEventOpen (DealStatusNew)
> Recv: 0 B, Paid 0 FIL, ClientEventDealProposed (DealStatusWaitForAcceptance)
> Recv: 0 B, Paid 0 FIL, ClientEventDealAccepted (DealStatusAccepted)
> Recv: 269 B, Paid 0 FIL, ClientEventBlocksReceived (DealStatusAccepted)
> Recv: 269 B, Paid 0 FIL, ClientEventPaymentRequested (DealStatusAccepted)
> Recv: 1 MiB, Paid 0 FIL, ClientEventBlocksReceived (DealStatusAccepted)
> Recv: 1 MiB, Paid 0 FIL, ClientEventPaymentChannelAddingFunds (DealStatusPaymentChannelAddingFunds)
> Recv: 1 MiB, Paid 0 FIL, ClientEventPaymentChannelReady (DealStatusOngoing)
> Recv: 1 MiB, Paid 0 FIL, ClientEventPaymentRequested (DealStatusFundsNeeded)
> Recv: 1 MiB, Paid 0 FIL, ClientEventSendFunds (DealStatusSendFunds)
> Recv: 1 MiB, Paid 0.00000000000209769 FIL, ClientEventPaymentSent (DealStatusOngoing)
> Recv: 2 MiB, Paid 0.00000000000209769 FIL, ClientEventBlocksReceived (DealStatusOngoing)
> Recv: 2 MiB, Paid 0.00000000000209769 FIL, ClientEventPaymentRequested (DealStatusFundsNeeded)
> Recv: 3 MiB, Paid 0.00000000000209769 FIL, ClientEventBlocksReceived (DealStatusFundsNeeded)
> Recv: 3 MiB, Paid 0.00000000000209769 FIL, ClientEventSendFunds (DealStatusSendFunds)
> Recv: 3 MiB, Paid 0.000000000006291994 FIL, ClientEventPaymentSent (DealStatusOngoing)
> Recv: 4 MiB, Paid 0.000000000006291994 FIL, ClientEventBlocksReceived (DealStatusOngoing)
> Recv: 4 MiB, Paid 0.000000000006291994 FIL, ClientEventLastPaymentRequested (DealStatusFundsNeededLastPayment)
> Recv: 4.769 MiB, Paid 0.000000000006291994 FIL, ClientEventBlocksReceived (DealStatusFundsNeededLastPayment)
> Recv: 4.769 MiB, Paid 0.000000000006291994 FIL, ClientEventAllBlocksReceived (DealStatusSendFundsLastPayment)
> Recv: 4.769 MiB, Paid 0.000000000010000538 FIL, ClientEventPaymentSent (DealStatusFinalizing)
> Recv: 4.769 MiB, Paid 0.000000000010000538 FIL, ClientEventComplete (DealStatusCompleted)
Success
0.09user 0.05system 7:14.63elapsed 0%CPU (0avgtext+0avgdata 38584maxresident)k
0inputs+0outputs (0major+3802minor)pagefaults 0swaps
Skipping ahead

1 wiki.zip.ad.bp
Already have log for t02404 4294 bafykbzacecxcm42vd7nulobxhzztxkvtvn5zmzwz32d3zoroiqxkynxkxmsoo

0 wiki.zip.aa.aq
Already have log for t07998 6339 bafykbzacedd4lxvnpfdd4szk6zynyr7a2tdtzugjucns6s5haajabkl27rmpk

0 wiki.zip.am.bo
Already have log for t02420 2885 bafykbzaceax2xlkezkjyovpzigngaf6atcw4t3a3sbf4t66nrxi3zhpsfsjrq
Already have log for t01800 7018 bafykbzaceax2xlkezkjyovpzigngaf6atcw4t3a3sbf4t66nrxi3zhpsfsjrq

0 wiki.zip.aj.by
Already have log for t03194 3767 bafykbzaceaqkb7uxb43k4plufwi57yupoppzm7m3mc6wxquwna57ydcwpawmk

0 wiki.zip.aa.bw
Already have log for t03002 7283 bafykbzaceajvobn24ihaulam5qlehaahwbi2nuypwm7gvso7adbnecxfgvxis

0 wiki.zip.an.ah

0 wiki.zip.ae.bp

0 wiki.zip.an.ac

0 wiki.zip.ad.bz
Already have log for t07709 4879 bafykbzaceahk6rxysl2u3ebjr7l5c66ehumauqczmdm2skerxrbu6ycrjxcz2
Already have log for t02540 6422 bafykbzaceahk6rxysl2u3ebjr7l5c66ehumauqczmdm2skerxrbu6ycrjxcz2
Already have log for t07710 9415 bafykbzaceahk6rxysl2u3ebjr7l5c66ehumauqczmdm2skerxrbu6ycrjxcz2

0 wiki.zip.am.ae
Already have log for t02404 3903 bafykbzacedgsq3kmfa6laok2emlafda2tfzttoq3arjdwrtbiewl27gx24rt2
Already have log for t03002 6984 bafykbzacedgsq3kmfa6laok2emlafda2tfzttoq3arjdwrtbiewl27gx24rt2

0 wiki.zip.ah.ai
Already have log for t07709 4414 bafykbzacedgbya2qnz6anwpn7tzbp4ur2lerrqkrrnbqitecf5bb4dyeyq33g

0 wiki.zip.ak.bu
Already have log for t07956 4607 bafykbzacebsoo6ijjodozybhkekojap3vlfyycpfmuv4myqkfolirygirwj6q
Already have log for t01800 6862 bafykbzacebsoo6ijjodozybhkekojap3vlfyycpfmuv4myqkfolirygirwj6q

0 wiki.zip.aa.aj

0 wiki.zip.ac.br
Already have log for t07924 4265 bafykbzacecyz3wxk4ur7d6uxkkqaj2mwh25uic2pnnbjzmd5olrdpjbzixfti

0 wiki.zip.ak.as
Already have log for t07956 3280 bafykbzaceaqcklnpekpmkkz3ujyy5xfula335vnxa24dabzt6l55j7zhmctgg

0 wiki.zip.ah.by

0 wiki.zip.ak.au

0 wiki.zip.ae.bt
Already have log for t07998 6455 bafykbzaceb7nnr652i56fxxpgwdcab3a6dt6prsodc2suelxuc63nwhupnxnu

0 wiki.zip.aa.am
Retrieving t02613 9104 bafykbzacebtvmabspkhgegvffwurgjnkqweopbzexudgrfcyfvq6aklsvxpae
> Recv: 0 B, Paid 0 FIL, ClientEventOpen (DealStatusNew)
> Recv: 0 B, Paid 0 FIL, ClientEventDealProposed (DealStatusWaitForAcceptance)
> Recv: 0 B, Paid 0 FIL, ClientEventDealAccepted (DealStatusAccepted)
> Recv: 0 B, Paid 0 FIL, ClientEventPaymentChannelAddingFunds (DealStatusPaymentChannelAddingFunds)
> Recv: 269 B, Paid 0 FIL, ClientEventBlocksReceived (DealStatusPaymentChannelAddingFunds)
> Recv: 269 B, Paid 0 FIL, ClientEventPaymentRequested (DealStatusPaymentChannelAddingFunds)
> Recv: 1 MiB, Paid 0 FIL, ClientEventBlocksReceived (DealStatusPaymentChannelAddingFunds)
> Recv: 1 MiB, Paid 0 FIL, ClientEventPaymentChannelReady (DealStatusOngoing)
> Recv: 1 MiB, Paid 0 FIL, ClientEventPaymentRequested (DealStatusFundsNeeded)
> Recv: 1 MiB, Paid 0 FIL, ClientEventSendFunds (DealStatusSendFunds)
> Recv: 1 MiB, Paid 0.00000000000209769 FIL, ClientEventPaymentSent (DealStatusOngoing)
> Recv: 2 MiB, Paid 0.00000000000209769 FIL, ClientEventBlocksReceived (DealStatusOngoing)
> Recv: 2 MiB, Paid 0.00000000000209769 FIL, ClientEventPaymentRequested (DealStatusFundsNeeded)
> Recv: 3 MiB, Paid 0.00000000000209769 FIL, ClientEventBlocksReceived (DealStatusFundsNeeded)
> Recv: 3 MiB, Paid 0.00000000000209769 FIL, ClientEventSendFunds (DealStatusSendFunds)
> Recv: 3 MiB, Paid 0.000000000006291994 FIL, ClientEventPaymentSent (DealStatusOngoing)
> Recv: 3 MiB, Paid 0.000000000006291994 FIL, ClientEventLastPaymentRequested (DealStatusFundsNeededLastPayment)
> Recv: 4 MiB, Paid 0.000000000006291994 FIL, ClientEventBlocksReceived (DealStatusFundsNeededLastPayment)
> Recv: 4.769 MiB, Paid 0.000000000006291994 FIL, ClientEventBlocksReceived (DealStatusFundsNeededLastPayment)
> Recv: 4.769 MiB, Paid 0.000000000006291994 FIL, ClientEventAllBlocksReceived (DealStatusSendFundsLastPayment)
> Recv: 4.769 MiB, Paid 0.000000000010000538 FIL, ClientEventPaymentSent (DealStatusFinalizing)
> Recv: 4.769 MiB, Paid 0.000000000010000538 FIL, ClientEventComplete (DealStatusCompleted)
Success
0.07user 0.06system 4:21.92elapsed 0%CPU (0avgtext+0avgdata 39112maxresident)k
0inputs+0outputs (0major+3838minor)pagefaults 0swaps
Skipping ahead

1 wiki.zip.aa.ap
Already have log for t03314 4148 bafykbzacea33jq73s3aaz74pqrzdj5sma56o2r6lv6x7fwuet5mzaromp4ina

0 wiki.zip.ac.bg

0 wiki.zip.ab.bc

0 wiki.zip.ab.am
Already have log for t03339 4170 bafykbzaceabvtxuwcg5p2gjpvgmtqus63l6exlpzsb3fv62holar26lfonr22
Already have log for t01289 6330 bafykbzaceabvtxuwcg5p2gjpvgmtqus63l6exlpzsb3fv62holar26lfonr22
Retrieving t02419 7236 bafykbzaceabvtxuwcg5p2gjpvgmtqus63l6exlpzsb3fv62holar26lfonr22
> Recv: 0 B, Paid 0 FIL, ClientEventOpen (DealStatusNew)
> Recv: 0 B, Paid 0 FIL, ClientEventDealProposed (DealStatusWaitForAcceptance)
> Recv: 0 B, Paid 0 FIL, ClientEventDealAccepted (DealStatusAccepted)
> Recv: 0 B, Paid 0 FIL, ClientEventPaymentChannelAddingFunds (DealStatusPaymentChannelAddingFunds)
> Recv: 269 B, Paid 0 FIL, ClientEventBlocksReceived (DealStatusPaymentChannelAddingFunds)
> Recv: 269 B, Paid 0 FIL, ClientEventPaymentRequested (DealStatusPaymentChannelAddingFunds)
> Recv: 1 MiB, Paid 0 FIL, ClientEventBlocksReceived (DealStatusPaymentChannelAddingFunds)
> Recv: 1 MiB, Paid 0 FIL, ClientEventPaymentChannelReady (DealStatusOngoing)
> Recv: 1 MiB, Paid 0 FIL, ClientEventPaymentRequested (DealStatusFundsNeeded)
> Recv: 1 MiB, Paid 0 FIL, ClientEventSendFunds (DealStatusSendFunds)
> Recv: 1 MiB, Paid 0.00000000000209769 FIL, ClientEventPaymentSent (DealStatusOngoing)
> Recv: 2 MiB, Paid 0.00000000000209769 FIL, ClientEventBlocksReceived (DealStatusOngoing)
> Recv: 2 MiB, Paid 0.00000000000209769 FIL, ClientEventPaymentRequested (DealStatusFundsNeeded)
> Recv: 3 MiB, Paid 0.00000000000209769 FIL, ClientEventBlocksReceived (DealStatusFundsNeeded)
> Recv: 3 MiB, Paid 0.00000000000209769 FIL, ClientEventSendFunds (DealStatusSendFunds)
> Recv: 3 MiB, Paid 0.000000000006291994 FIL, ClientEventPaymentSent (DealStatusOngoing)
> Recv: 4 MiB, Paid 0.000000000006291994 FIL, ClientEventBlocksReceived (DealStatusOngoing)
> Recv: 4 MiB, Paid 0.000000000006291994 FIL, ClientEventLastPaymentRequested (DealStatusFundsNeededLastPayment)
> Recv: 4.769 MiB, Paid 0.000000000006291994 FIL, ClientEventBlocksReceived (DealStatusFundsNeededLastPayment)
> Recv: 4.769 MiB, Paid 0.000000000006291994 FIL, ClientEventAllBlocksReceived (DealStatusSendFundsLastPayment)
> Recv: 4.769 MiB, Paid 0.000000000010000538 FIL, ClientEventPaymentSent (DealStatusFinalizing)
> Recv: 4.769 MiB, Paid 0.000000000010000538 FIL, ClientEventComplete (DealStatusCompleted)
Success
0.06user 0.04system 3:25.40elapsed 0%CPU (0avgtext+0avgdata 38852maxresident)k
0inputs+0outputs (0major+3829minor)pagefaults 0swaps
Skipping ahead

1 wiki.zip.ab.bk
Already have log for t02424 4799 bafykbzaced25h7gea5lt4d52i5swxvn4vuunidg7ycnsqfotcwdzimhkew52e
Retrieving t02613 9290 bafykbzaced25h7gea5lt4d52i5swxvn4vuunidg7ycnsqfotcwdzimhkew52e
> Recv: 0 B, Paid 0 FIL, ClientEventOpen (DealStatusNew)
> Recv: 0 B, Paid 0 FIL, ClientEventDealProposed (DealStatusWaitForAcceptance)
> Recv: 0 B, Paid 0 FIL, ClientEventDealAccepted (DealStatusAccepted)
> Recv: 0 B, Paid 0 FIL, ClientEventPaymentChannelAddingFunds (DealStatusPaymentChannelAddingFunds)
> Recv: 269 B, Paid 0 FIL, ClientEventBlocksReceived (DealStatusPaymentChannelAddingFunds)
> Recv: 269 B, Paid 0 FIL, ClientEventPaymentRequested (DealStatusPaymentChannelAddingFunds)
> Recv: 1 MiB, Paid 0 FIL, ClientEventBlocksReceived (DealStatusPaymentChannelAddingFunds)
> Recv: 1 MiB, Paid 0 FIL, ClientEventPaymentChannelReady (DealStatusOngoing)
> Recv: 1 MiB, Paid 0 FIL, ClientEventPaymentRequested (DealStatusFundsNeeded)
> Recv: 1 MiB, Paid 0 FIL, ClientEventSendFunds (DealStatusSendFunds)
> Recv: 1 MiB, Paid 0.00000000000209769 FIL, ClientEventPaymentSent (DealStatusOngoing)
> Recv: 2 MiB, Paid 0.00000000000209769 FIL, ClientEventBlocksReceived (DealStatusOngoing)
> Recv: 2 MiB, Paid 0.00000000000209769 FIL, ClientEventPaymentRequested (DealStatusFundsNeeded)
> Recv: 3 MiB, Paid 0.00000000000209769 FIL, ClientEventBlocksReceived (DealStatusFundsNeeded)
> Recv: 3 MiB, Paid 0.00000000000209769 FIL, ClientEventSendFunds (DealStatusSendFunds)
> Recv: 3 MiB, Paid 0.000000000006291994 FIL, ClientEventPaymentSent (DealStatusOngoing)
> Recv: 3 MiB, Paid 0.000000000006291994 FIL, ClientEventLastPaymentRequested (DealStatusFundsNeededLastPayment)
> Recv: 4 MiB, Paid 0.000000000006291994 FIL, ClientEventBlocksReceived (DealStatusFundsNeededLastPayment)
> Recv: 4.769 MiB, Paid 0.000000000006291994 FIL, ClientEventBlocksReceived (DealStatusFundsNeededLastPayment)
> Recv: 4.769 MiB, Paid 0.000000000006291994 FIL, ClientEventAllBlocksReceived (DealStatusSendFundsLastPayment)
> Recv: 4.769 MiB, Paid 0.000000000010000538 FIL, ClientEventPaymentSent (DealStatusFinalizing)
> Recv: 4.769 MiB, Paid 0.000000000010000538 FIL, ClientEventComplete (DealStatusCompleted)
Success
0.08user 0.03system 3:29.41elapsed 0%CPU (0avgtext+0avgdata 38272maxresident)k
0inputs+0outputs (0major+3706minor)pagefaults 0swaps
Skipping ahead

1 wiki.zip.al.bd
Already have log for t07829 6130 bafykbzacecbsfhkdbh2obv4wcpkix6lnfheykt6l6ksycrlzvdjr6zluim3dq
Already have log for t07709 11067 bafykbzacecbsfhkdbh2obv4wcpkix6lnfheykt6l6ksycrlzvdjr6zluim3dq

0 wiki.zip.ak.ad
Already have log for t03314 7845 bafykbzaceczlo6l6zzz2ayaizw7jxsvjrfumbimkepfmcsfzl6julmbghaxjm

0 wiki.zip.ah.ah

0 wiki.zip.ak.aq

0 wiki.zip.al.bx
Already have log for t08076 6943 bafykbzacebtppwrfzeddjq3nkurcuy5mpxu7ceaqvjmcivjmkjnpw4p7lpsww

0 wiki.zip.ai.bh
Already have log for t02301 3738 bafykbzaceaokrhve22g2rd4nx3qa5kohsmcte5voj4tede2lfqllqoanpf7fg
Already have log for t02540 6703 bafykbzaceaokrhve22g2rd4nx3qa5kohsmcte5voj4tede2lfqllqoanpf7fg

0 wiki.zip.aj.bg

0 wiki.zip.ah.aq
Already have log for t07848 3183 bafykbzaced5xyfg7g4paa4x7au4qf6f6axkrssnsnnlkeesr2i4z6bzkefgoc

0 wiki.zip.af.bj

0 wiki.zip.ad.ao
Already have log for t01800 7370 bafykbzaceaom3jyx5tk5bb46bzyf2jtspql6ztkowuz4gkz6upjbaudlb522e

0 wiki.zip.ab.ah
Already have log for t07710 7232 bafykbzaceaoq5zqqg4wfhjnz5pnuoobxvthygnpw5uf72qgbeov7nsxdkp4js

0 wiki.zip.ae.bm

0 wiki.zip.am.ay
Already have log for t07956 4667 bafykbzacecpekfh3fhxvrpuasns2k6ig7aoafe7s7ei5lszg2mfyvucxbmelm
Already have log for t03194 6979 bafykbzacecpekfh3fhxvrpuasns2k6ig7aoafe7s7ei5lszg2mfyvucxbmelm
Already have log for t07775 7998 bafykbzacecpekfh3fhxvrpuasns2k6ig7aoafe7s7ei5lszg2mfyvucxbmelm

0 wiki.zip.af.ak
Already have log for t07710 4370 bafykbzacec4vcrzjwn2yzgzkxch6225eio7gj2mxlksjk4dvtnewuo5wdlqbm

0 wiki.zip.aj.ax
Already have log for t02424 3765 bafykbzaceab3pa7yvcyhoqtlv4wx6b767lbljma3bgyghhiq4l6ncmik5mmvm
Already have log for t02404 5125 bafykbzaceab3pa7yvcyhoqtlv4wx6b767lbljma3bgyghhiq4l6ncmik5mmvm

0 wiki.zip.al.ap
Already have log for t02404 3844 bafykbzacebjdyiorwtxdigp6oa7t5qwloeqd4q6cuv3rk4bmm2qkhx4yvhari

0 wiki.zip.ag.aq
Already have log for t03143 2627 bafykbzaceaapfocqi5uiqil4fkguliw6hjy5erzviqsogtawd6e4xqreeuvxc
Already have log for t03345 6548 bafykbzaceaapfocqi5uiqil4fkguliw6hjy5erzviqsogtawd6e4xqreeuvxc
Already have log for t07829 7541 bafykbzaceaapfocqi5uiqil4fkguliw6hjy5erzviqsogtawd6e4xqreeuvxc

0 wiki.zip.aj.ao
Already have log for t02613 6751 bafykbzacedccohl24kh4belmky7nncicgi67fcm52fcxyzo54s3duudd33ejk

0 wiki.zip.ae.bj
Already have log for t07848 3636 bafykbzacecoz4hhl2mc633azlmkfi2rqxxn4trharlawe62u4uzq6cnxdaznq

0 wiki.zip.ak.bg
Already have log for t03340 6808 bafykbzacedvtwfaupz63l4s3hus3n253gqpwaukecs4a2kvi44zhnqho7sxwg

0 wiki.zip.ah.bl
Already have log for t02420 3721 bafykbzaceb2mk6cunkrhbbwnpbq7zotucv23bddae4enkxjbih5ievfdbifpm
Already have log for t07956 4474 bafykbzaceb2mk6cunkrhbbwnpbq7zotucv23bddae4enkxjbih5ievfdbifpm

0 wiki.zip.ad.bv
Already have log for t01289 6426 bafykbzacedb7ljecafb6eb67fyayujrse5tufzhg2a5h42cj3qboh5hih52t4

0 wiki.zip.ag.bj
Already have log for t03002 5882 bafykbzaceaah2wrhkd2e665ppckw542pne74sigxatrwvldsilxnnrmvs3c2g
Already have log for t07710 8542 bafykbzaceaah2wrhkd2e665ppckw542pne74sigxatrwvldsilxnnrmvs3c2g

0 wiki.zip.ab.ay
Already have log for t02540 4199 bafykbzacecgpzzd7j5adfullec3sy2hjldxxemeghk5u7mo7fw2y2vartezqs
Already have log for t07710 9277 bafykbzacecgpzzd7j5adfullec3sy2hjldxxemeghk5u7mo7fw2y2vartezqs

0 wiki.zip.ah.ae
Already have log for t01272 2648 bafykbzacedemhseaztyo6rsyfjztncpihqdlrdjcl4ehv4xrmg32zueea454q
Already have log for t02540 5020 bafykbzacedemhseaztyo6rsyfjztncpihqdlrdjcl4ehv4xrmg32zueea454q
Already have log for t02385 5922 bafykbzacedemhseaztyo6rsyfjztncpihqdlrdjcl4ehv4xrmg32zueea454q

0 wiki.zip.ah.ay
Already have log for t07710 3712 bafykbzacecd63hdj5ll5p3un5mwhtbo7ktn3undluo6sd3362jkimplnivcj2

0 wiki.zip.ac.by
Already have log for t02620 3064 bafykbzacebrakectjii5moaciauhtnkjpbsevehzu5o5yeadj7etx6h5b72ts
Already have log for t03194 4236 bafykbzacebrakectjii5moaciauhtnkjpbsevehzu5o5yeadj7etx6h5b72ts

0 wiki.zip.ai.bd
Already have log for t03143 3730 bafykbzacecx56km7b4nwlyknk6m4vutyf2oovna63bxvpryuzlxjydmhi254a
Already have log for t02540 4508 bafykbzacecx56km7b4nwlyknk6m4vutyf2oovna63bxvpryuzlxjydmhi254a
Already have log for t03002 5994 bafykbzacecx56km7b4nwlyknk6m4vutyf2oovna63bxvpryuzlxjydmhi254a
Already have log for t01289 6675 bafykbzacecx56km7b4nwlyknk6m4vutyf2oovna63bxvpryuzlxjydmhi254a

0 wiki.zip.aa.ai
Already have log for t01272 2438 bafykbzaceahc7i4xjyqggnj4vfmfkd2bk7c2pst4jwa7agqkic4bs5atkmco4
Already have log for t03143 4139 bafykbzaceahc7i4xjyqggnj4vfmfkd2bk7c2pst4jwa7agqkic4bs5atkmco4

0 wiki.zip.af.bb
Already have log for t03344 3647 bafykbzaceccpgeaetriuumpgsj6djtp2iurmtys7hl4pxluy7327sqa36tp7c
Already have log for t01102 8518 bafykbzaceccpgeaetriuumpgsj6djtp2iurmtys7hl4pxluy7327sqa36tp7c

0 wiki.zip.ak.ae
Already have log for t03194 4565 bafykbzacedewgaj6gtdqpbjiziamff75i65zmtqekln76dz7ybs7a35zuk4ou
Retrieving t02613 8824 bafykbzacedewgaj6gtdqpbjiziamff75i65zmtqekln76dz7ybs7a35zuk4ou
> Recv: 0 B, Paid 0 FIL, ClientEventOpen (DealStatusNew)
> Recv: 0 B, Paid 0 FIL, ClientEventDealProposed (DealStatusWaitForAcceptance)
> Recv: 0 B, Paid 0 FIL, ClientEventDealAccepted (DealStatusAccepted)
> Recv: 269 B, Paid 0 FIL, ClientEventBlocksReceived (DealStatusAccepted)
> Recv: 269 B, Paid 0 FIL, ClientEventPaymentRequested (DealStatusAccepted)
> Recv: 1 MiB, Paid 0 FIL, ClientEventBlocksReceived (DealStatusAccepted)
> Recv: 1 MiB, Paid 0 FIL, ClientEventPaymentChannelAddingFunds (DealStatusPaymentChannelAddingFunds)
> Recv: 1 MiB, Paid 0 FIL, ClientEventPaymentChannelReady (DealStatusOngoing)
> Recv: 1 MiB, Paid 0 FIL, ClientEventPaymentRequested (DealStatusFundsNeeded)
> Recv: 1 MiB, Paid 0 FIL, ClientEventSendFunds (DealStatusSendFunds)
> Recv: 1 MiB, Paid 0.00000000000209769 FIL, ClientEventPaymentSent (DealStatusOngoing)
> Recv: 2 MiB, Paid 0.00000000000209769 FIL, ClientEventBlocksReceived (DealStatusOngoing)
> Recv: 2 MiB, Paid 0.00000000000209769 FIL, ClientEventPaymentRequested (DealStatusFundsNeeded)
> Recv: 3 MiB, Paid 0.00000000000209769 FIL, ClientEventBlocksReceived (DealStatusFundsNeeded)
> Recv: 3 MiB, Paid 0.00000000000209769 FIL, ClientEventSendFunds (DealStatusSendFunds)
> Recv: 3 MiB, Paid 0.000000000006291994 FIL, ClientEventPaymentSent (DealStatusOngoing)
> Recv: 4 MiB, Paid 0.000000000006291994 FIL, ClientEventBlocksReceived (DealStatusOngoing)
> Recv: 4 MiB, Paid 0.000000000006291994 FIL, ClientEventLastPaymentRequested (DealStatusFundsNeededLastPayment)
> Recv: 4.769 MiB, Paid 0.000000000006291994 FIL, ClientEventBlocksReceived (DealStatusFundsNeededLastPayment)
> Recv: 4.769 MiB, Paid 0.000000000006291994 FIL, ClientEventAllBlocksReceived (DealStatusSendFundsLastPayment)
> Recv: 4.769 MiB, Paid 0.000000000010000538 FIL, ClientEventPaymentSent (DealStatusFinalizing)
> Recv: 4.769 MiB, Paid 0.000000000010000538 FIL, ClientEventComplete (DealStatusCompleted)
Success
0.11user 0.05system 6:09.82elapsed 0%CPU (0avgtext+0avgdata 38804maxresident)k
0inputs+0outputs (0major+3829minor)pagefaults 0swaps
Skipping ahead

1 wiki.zip.ai.bm
Already have log for t02419 7744 bafykbzaceddu5dtlp4qjtjsasjot74lhgudlvhwqz77kpk7lbnrjseut4llla

0 wiki.zip.aj.aq
Already have log for t07956 4528 bafykbzacec3epu4eqgdqqydnp3f5chzzzet4dxh4yiilywhhcn73utn2nrfmw
Already have log for t02620 5137 bafykbzacec3epu4eqgdqqydnp3f5chzzzet4dxh4yiilywhhcn73utn2nrfmw

0 wiki.zip.ac.bq

0 wiki.zip.an.af
Already have log for t02540 3929 bafykbzacec3lout4h4kyt5fpsjvbk7l33lxyhf4xytapwkv4h3jfhsau5qda6

0 wiki.zip.aa.bc
Already have log for t07710 4176 bafykbzaceal4dooslfamvuw5w6t4gw64wsidvhjx2wtijfbqjfjwqw44dzywo

0 wiki.zip.ac.bp
Already have log for t03339 4267 bafykbzacebibikvq6njiwrlw44xduxdqw35i4sxeh2mulgcurdnvvu3w6ci4a
Already have log for t02404 4845 bafykbzacebibikvq6njiwrlw44xduxdqw35i4sxeh2mulgcurdnvvu3w6ci4a
Already have log for t03314 9339 bafykbzacebibikvq6njiwrlw44xduxdqw35i4sxeh2mulgcurdnvvu3w6ci4a

0 wiki.zip.ab.an
Already have log for t02385 6323 bafykbzacechbglutxu2h4n27la2tcfqbycv2kglijcceneu4qtfoldhyxj7lo

0 wiki.zip.ag.az
Already have log for t07848 3667 bafykbzaceasac5mbkkf4flkfokk375xu7glttfwmhz66mp7hmaigajza26uwu
Already have log for t03002 6556 bafykbzaceasac5mbkkf4flkfokk375xu7glttfwmhz66mp7hmaigajza26uwu
Already have log for t02404 8536 bafykbzaceasac5mbkkf4flkfokk375xu7glttfwmhz66mp7hmaigajza26uwu

0 wiki.zip.ae.ba
Already have log for t03194 4342 bafykbzaceb5isdqydvp4xwxobm3p6duorcxmq6msqfl6uuotys2r4rbmqo6t4
Already have log for t01101 7430 bafykbzaceb5isdqydvp4xwxobm3p6duorcxmq6msqfl6uuotys2r4rbmqo6t4

0 wiki.zip.aj.aw
Already have log for t02420 2733 bafykbzaceb5pigxnwaznaaorjf6enupg5w6peto6twteuxjspkx5gawdhihc4
Already have log for t07709 3764 bafykbzaceb5pigxnwaznaaorjf6enupg5w6peto6twteuxjspkx5gawdhihc4

0 wiki.zip.al.ai
Already have log for t02665 4602 bafykbzaceaharm5nab6ewg65jyainh3folcowwpvaw7ga2k6hrhveudruomyi

0 wiki.zip.ai.ac
Already have log for t07709 5053 bafykbzacecco2ckorhm2dnwj5vbo3sa5nbxum6atfzxzqamglt7hhbzeji55y
Already have log for t02385 7669 bafykbzacecco2ckorhm2dnwj5vbo3sa5nbxum6atfzxzqamglt7hhbzeji55y
Retrieving t03344 9679 bafykbzacecco2ckorhm2dnwj5vbo3sa5nbxum6atfzxzqamglt7hhbzeji55y
> Recv: 0 B, Paid 0 FIL, ClientEventOpen (DealStatusNew)
> Recv: 0 B, Paid 0 FIL, ClientEventDealProposed (DealStatusWaitForAcceptance)
> Recv: 0 B, Paid 0 FIL, ClientEventDealAccepted (DealStatusAccepted)
> Recv: 0 B, Paid 0 FIL, ClientEventPaymentChannelAddingFunds (DealStatusPaymentChannelAddingFunds)
