1 wiki.zip.aa.aa
2 wiki.zip.aa.ab
3 wiki.zip.aa.ac
4 wiki.zip.aa.ad
5 wiki.zip.aa.ae
6 wiki.zip.aa.af
7 wiki.zip.aa.ag
8 wiki.zip.aa.ah
9 wiki.zip.aa.ai
10 wiki.zip.aa.aj
11 wiki.zip.aa.ak
12 wiki.zip.aa.al
13 wiki.zip.aa.am
14 wiki.zip.aa.an
15 wiki.zip.aa.ao
16 wiki.zip.aa.ap
17 wiki.zip.aa.aq
18 wiki.zip.aa.ar
19 wiki.zip.aa.as
20 wiki.zip.aa.at
21 wiki.zip.aa.au
22 wiki.zip.aa.av
23 wiki.zip.aa.aw
24 wiki.zip.aa.ax
25 wiki.zip.aa.ay
26 wiki.zip.aa.az
27 wiki.zip.aa.ba
28 wiki.zip.aa.bb
29 wiki.zip.aa.bc
30 wiki.zip.aa.bd
31 wiki.zip.aa.be
32 wiki.zip.aa.bf
33 wiki.zip.aa.bg
34 wiki.zip.aa.bh
35 wiki.zip.aa.bi
36 wiki.zip.aa.bj
37 wiki.zip.aa.bk
38 wiki.zip.aa.bl
39 wiki.zip.aa.bm
40 wiki.zip.aa.bn
41 wiki.zip.aa.bo
42 wiki.zip.aa.bp
43 wiki.zip.aa.bq
44 wiki.zip.aa.br
45 wiki.zip.aa.bs
46 wiki.zip.aa.bt
47 wiki.zip.aa.bu
48 wiki.zip.aa.bv
49 wiki.zip.aa.bw
50 wiki.zip.aa.bx
51 wiki.zip.aa.by
52 wiki.zip.aa.bz
53 wiki.zip.aa.ca
54 wiki.zip.ab.aa
55 wiki.zip.ab.ab
56 wiki.zip.ab.ac
57 wiki.zip.ab.ad
58 wiki.zip.ab.ae
59 wiki.zip.ab.af
60 wiki.zip.ab.ag
61 wiki.zip.ab.ah
62 wiki.zip.ab.ai
63 wiki.zip.ab.aj
64 wiki.zip.ab.ak
65 wiki.zip.ab.al
66 wiki.zip.ab.am
67 wiki.zip.ab.an
68 wiki.zip.ab.ao
69 wiki.zip.ab.ap
70 wiki.zip.ab.aq
71 wiki.zip.ab.ar
72 wiki.zip.ab.as
73 wiki.zip.ab.at
74 wiki.zip.ab.au
75 wiki.zip.ab.av
76 wiki.zip.ab.aw
77 wiki.zip.ab.ax
78 wiki.zip.ab.ay
79 wiki.zip.ab.az
80 wiki.zip.ab.ba
81 wiki.zip.ab.bb
82 wiki.zip.ab.bc
83 wiki.zip.ab.bd
84 wiki.zip.ab.be
85 wiki.zip.ab.bf
86 wiki.zip.ab.bg
87 wiki.zip.ab.bh
88 wiki.zip.ab.bi
89 wiki.zip.ab.bj
90 wiki.zip.ab.bk
91 wiki.zip.ab.bl
92 wiki.zip.ab.bm
93 wiki.zip.ab.bn
94 wiki.zip.ab.bo
95 wiki.zip.ab.bp
96 wiki.zip.ab.bq
97 wiki.zip.ab.br
98 wiki.zip.ab.bs
99 wiki.zip.ab.bt
100 wiki.zip.ab.bu
101 wiki.zip.ab.bv
102 wiki.zip.ab.bw
103 wiki.zip.ab.bx
104 wiki.zip.ab.by
105 wiki.zip.ab.bz
106 wiki.zip.ab.ca
107 wiki.zip.ac.aa
108 wiki.zip.ac.ab
109 wiki.zip.ac.ac
110 wiki.zip.ac.ad
111 wiki.zip.ac.ae
112 wiki.zip.ac.af
113 wiki.zip.ac.ag
114 wiki.zip.ac.ah
115 wiki.zip.ac.ai
116 wiki.zip.ac.aj
117 wiki.zip.ac.ak
118 wiki.zip.ac.al
119 wiki.zip.ac.am
120 wiki.zip.ac.an
121 wiki.zip.ac.ao
122 wiki.zip.ac.ap
123 wiki.zip.ac.aq
124 wiki.zip.ac.ar
125 wiki.zip.ac.as
126 wiki.zip.ac.at
127 wiki.zip.ac.au
128 wiki.zip.ac.av
129 wiki.zip.ac.aw
130 wiki.zip.ac.ax
131 wiki.zip.ac.ay
132 wiki.zip.ac.az
133 wiki.zip.ac.ba
134 wiki.zip.ac.bb
135 wiki.zip.ac.bc
136 wiki.zip.ac.bd
137 wiki.zip.ac.be
138 wiki.zip.ac.bf
139 wiki.zip.ac.bg
140 wiki.zip.ac.bh
141 wiki.zip.ac.bi
142 wiki.zip.ac.bj
143 wiki.zip.ac.bk
144 wiki.zip.ac.bl
145 wiki.zip.ac.bm
146 wiki.zip.ac.bn
147 wiki.zip.ac.bo
148 wiki.zip.ac.bp
149 wiki.zip.ac.bq
150 wiki.zip.ac.br
151 wiki.zip.ac.bs
152 wiki.zip.ac.bt
153 wiki.zip.ac.bu
154 wiki.zip.ac.bv
155 wiki.zip.ac.bw
156 wiki.zip.ac.bx
157 wiki.zip.ac.by
158 wiki.zip.ac.bz
159 wiki.zip.ac.ca
160 wiki.zip.ad.aa
161 wiki.zip.ad.ab
162 wiki.zip.ad.ac
163 wiki.zip.ad.ad
164 wiki.zip.ad.ae
165 wiki.zip.ad.af
166 wiki.zip.ad.ag
167 wiki.zip.ad.ah
168 wiki.zip.ad.ai
169 wiki.zip.ad.aj
170 wiki.zip.ad.ak
171 wiki.zip.ad.al
172 wiki.zip.ad.am
173 wiki.zip.ad.an
174 wiki.zip.ad.ao
175 wiki.zip.ad.ap
176 wiki.zip.ad.aq
177 wiki.zip.ad.ar
178 wiki.zip.ad.as
179 wiki.zip.ad.at
180 wiki.zip.ad.au
181 wiki.zip.ad.av
182 wiki.zip.ad.aw
183 wiki.zip.ad.ax
184 wiki.zip.ad.ay
185 wiki.zip.ad.az
186 wiki.zip.ad.ba
187 wiki.zip.ad.bb
188 wiki.zip.ad.bc
189 wiki.zip.ad.bd
190 wiki.zip.ad.be
191 wiki.zip.ad.bf
192 wiki.zip.ad.bg
193 wiki.zip.ad.bh
194 wiki.zip.ad.bi
195 wiki.zip.ad.bj
196 wiki.zip.ad.bk
197 wiki.zip.ad.bl
198 wiki.zip.ad.bm
199 wiki.zip.ad.bn
200 wiki.zip.ad.bo
201 wiki.zip.ad.bp
202 wiki.zip.ad.bq
203 wiki.zip.ad.br
204 wiki.zip.ad.bs
205 wiki.zip.ad.bt
206 wiki.zip.ad.bu
207 wiki.zip.ad.bv
208 wiki.zip.ad.bw
209 wiki.zip.ad.bx
210 wiki.zip.ad.by
211 wiki.zip.ad.bz
212 wiki.zip.ad.ca
213 wiki.zip.ae.aa
214 wiki.zip.ae.ab
215 wiki.zip.ae.ac
216 wiki.zip.ae.ad
217 wiki.zip.ae.ae
218 wiki.zip.ae.af
219 wiki.zip.ae.ag
220 wiki.zip.ae.ah
221 wiki.zip.ae.ai
222 wiki.zip.ae.aj
223 wiki.zip.ae.ak
224 wiki.zip.ae.al
225 wiki.zip.ae.am
226 wiki.zip.ae.an
227 wiki.zip.ae.ao
228 wiki.zip.ae.ap
229 wiki.zip.ae.aq
230 wiki.zip.ae.ar
231 wiki.zip.ae.as
232 wiki.zip.ae.at
233 wiki.zip.ae.au
234 wiki.zip.ae.av
235 wiki.zip.ae.aw
236 wiki.zip.ae.ax
237 wiki.zip.ae.ay
238 wiki.zip.ae.az
239 wiki.zip.ae.ba
240 wiki.zip.ae.bb
241 wiki.zip.ae.bc
242 wiki.zip.ae.bd
243 wiki.zip.ae.be
244 wiki.zip.ae.bf
245 wiki.zip.ae.bg
246 wiki.zip.ae.bh
247 wiki.zip.ae.bi
248 wiki.zip.ae.bj
249 wiki.zip.ae.bk
250 wiki.zip.ae.bl
251 wiki.zip.ae.bm
252 wiki.zip.ae.bn
253 wiki.zip.ae.bo
254 wiki.zip.ae.bp
255 wiki.zip.ae.bq
256 wiki.zip.ae.br
257 wiki.zip.ae.bs
258 wiki.zip.ae.bt
259 wiki.zip.ae.bu
260 wiki.zip.ae.bv
261 wiki.zip.ae.bw
262 wiki.zip.ae.bx
263 wiki.zip.ae.by
264 wiki.zip.ae.bz
265 wiki.zip.ae.ca
266 wiki.zip.af.aa
267 wiki.zip.af.ab
268 wiki.zip.af.ac
269 wiki.zip.af.ad
270 wiki.zip.af.ae
271 wiki.zip.af.af
272 wiki.zip.af.ag
273 wiki.zip.af.ah
274 wiki.zip.af.ai
275 wiki.zip.af.aj
276 wiki.zip.af.ak
277 wiki.zip.af.al
278 wiki.zip.af.am
279 wiki.zip.af.an
280 wiki.zip.af.ao
281 wiki.zip.af.ap
282 wiki.zip.af.aq
283 wiki.zip.af.ar
284 wiki.zip.af.as
285 wiki.zip.af.at
286 wiki.zip.af.au
287 wiki.zip.af.av
288 wiki.zip.af.aw
289 wiki.zip.af.ax
290 wiki.zip.af.ay
291 wiki.zip.af.az
292 wiki.zip.af.ba
293 wiki.zip.af.bb
294 wiki.zip.af.bc
295 wiki.zip.af.bd
296 wiki.zip.af.be
297 wiki.zip.af.bf
298 wiki.zip.af.bg
299 wiki.zip.af.bh
300 wiki.zip.af.bi
301 wiki.zip.af.bj
302 wiki.zip.af.bk
303 wiki.zip.af.bl
304 wiki.zip.af.bm
305 wiki.zip.af.bn
306 wiki.zip.af.bo
307 wiki.zip.af.bp
308 wiki.zip.af.bq
309 wiki.zip.af.br
310 wiki.zip.af.bs
311 wiki.zip.af.bt
312 wiki.zip.af.bu
313 wiki.zip.af.bv
314 wiki.zip.af.bw
315 wiki.zip.af.bx
316 wiki.zip.af.by
317 wiki.zip.af.bz
318 wiki.zip.af.ca
319 wiki.zip.ag.aa
320 wiki.zip.ag.ab
321 wiki.zip.ag.ac
322 wiki.zip.ag.ad
323 wiki.zip.ag.ae
324 wiki.zip.ag.af
325 wiki.zip.ag.ag
326 wiki.zip.ag.ah
327 wiki.zip.ag.ai
328 wiki.zip.ag.aj
329 wiki.zip.ag.ak
330 wiki.zip.ag.al
331 wiki.zip.ag.am
332 wiki.zip.ag.an
333 wiki.zip.ag.ao
334 wiki.zip.ag.ap
335 wiki.zip.ag.aq
336 wiki.zip.ag.ar
337 wiki.zip.ag.as
338 wiki.zip.ag.at
339 wiki.zip.ag.au
340 wiki.zip.ag.av
341 wiki.zip.ag.aw
342 wiki.zip.ag.ax
343 wiki.zip.ag.ay
344 wiki.zip.ag.az
345 wiki.zip.ag.ba
346 wiki.zip.ag.bb
347 wiki.zip.ag.bc
348 wiki.zip.ag.bd
349 wiki.zip.ag.be
350 wiki.zip.ag.bf
351 wiki.zip.ag.bg
352 wiki.zip.ag.bh
353 wiki.zip.ag.bi
354 wiki.zip.ag.bj
355 wiki.zip.ag.bk
356 wiki.zip.ag.bl
357 wiki.zip.ag.bm
358 wiki.zip.ag.bn
359 wiki.zip.ag.bo
360 wiki.zip.ag.bp
361 wiki.zip.ag.bq
362 wiki.zip.ag.br
363 wiki.zip.ag.bs
364 wiki.zip.ag.bt
365 wiki.zip.ag.bu
366 wiki.zip.ag.bv
367 wiki.zip.ag.bw
368 wiki.zip.ag.bx
369 wiki.zip.ag.by
370 wiki.zip.ag.bz
371 wiki.zip.ag.ca
372 wiki.zip.ah.aa
373 wiki.zip.ah.ab
374 wiki.zip.ah.ac
375 wiki.zip.ah.ad
376 wiki.zip.ah.ae
377 wiki.zip.ah.af
378 wiki.zip.ah.ag
379 wiki.zip.ah.ah
380 wiki.zip.ah.ai
381 wiki.zip.ah.aj
382 wiki.zip.ah.ak
383 wiki.zip.ah.al
384 wiki.zip.ah.am
385 wiki.zip.ah.an
386 wiki.zip.ah.ao
387 wiki.zip.ah.ap
388 wiki.zip.ah.aq
389 wiki.zip.ah.ar
390 wiki.zip.ah.as
391 wiki.zip.ah.at
392 wiki.zip.ah.au
393 wiki.zip.ah.av
394 wiki.zip.ah.aw
395 wiki.zip.ah.ax
396 wiki.zip.ah.ay
397 wiki.zip.ah.az
398 wiki.zip.ah.ba
399 wiki.zip.ah.bb
400 wiki.zip.ah.bc
401 wiki.zip.ah.bd
402 wiki.zip.ah.be
403 wiki.zip.ah.bf
404 wiki.zip.ah.bg
405 wiki.zip.ah.bh
406 wiki.zip.ah.bi
407 wiki.zip.ah.bj
408 wiki.zip.ah.bk
409 wiki.zip.ah.bl
410 wiki.zip.ah.bm
411 wiki.zip.ah.bn
412 wiki.zip.ah.bo
413 wiki.zip.ah.bp
414 wiki.zip.ah.bq
415 wiki.zip.ah.br
416 wiki.zip.ah.bs
417 wiki.zip.ah.bt
418 wiki.zip.ah.bu
419 wiki.zip.ah.bv
420 wiki.zip.ah.bw
421 wiki.zip.ah.bx
422 wiki.zip.ah.by
423 wiki.zip.ah.bz
424 wiki.zip.ah.ca
425 wiki.zip.ai.aa
426 wiki.zip.ai.ab
427 wiki.zip.ai.ac
428 wiki.zip.ai.ad
429 wiki.zip.ai.ae
430 wiki.zip.ai.af
431 wiki.zip.ai.ag
432 wiki.zip.ai.ah
433 wiki.zip.ai.ai
434 wiki.zip.ai.aj
435 wiki.zip.ai.ak
436 wiki.zip.ai.al
437 wiki.zip.ai.am
438 wiki.zip.ai.an
439 wiki.zip.ai.ao
440 wiki.zip.ai.ap
441 wiki.zip.ai.aq
442 wiki.zip.ai.ar
443 wiki.zip.ai.as
444 wiki.zip.ai.at
445 wiki.zip.ai.au
446 wiki.zip.ai.av
447 wiki.zip.ai.aw
448 wiki.zip.ai.ax
449 wiki.zip.ai.ay
450 wiki.zip.ai.az
451 wiki.zip.ai.ba
452 wiki.zip.ai.bb
453 wiki.zip.ai.bc
454 wiki.zip.ai.bd
455 wiki.zip.ai.be
456 wiki.zip.ai.bf
457 wiki.zip.ai.bg
458 wiki.zip.ai.bh
459 wiki.zip.ai.bi
460 wiki.zip.ai.bj
461 wiki.zip.ai.bk
462 wiki.zip.ai.bl
463 wiki.zip.ai.bm
464 wiki.zip.ai.bn
465 wiki.zip.ai.bo
466 wiki.zip.ai.bp
467 wiki.zip.ai.bq
468 wiki.zip.ai.br
469 wiki.zip.ai.bs
470 wiki.zip.ai.bt
471 wiki.zip.ai.bu
472 wiki.zip.ai.bv
473 wiki.zip.ai.bw
474 wiki.zip.ai.bx
475 wiki.zip.ai.by
476 wiki.zip.ai.bz
477 wiki.zip.ai.ca
478 wiki.zip.aj.aa
479 wiki.zip.aj.ab
480 wiki.zip.aj.ac
481 wiki.zip.aj.ad
482 wiki.zip.aj.ae
483 wiki.zip.aj.af
484 wiki.zip.aj.ag
485 wiki.zip.aj.ah
486 wiki.zip.aj.ai
487 wiki.zip.aj.aj
488 wiki.zip.aj.ak
489 wiki.zip.aj.al
490 wiki.zip.aj.am
491 wiki.zip.aj.an
492 wiki.zip.aj.ao
493 wiki.zip.aj.ap
494 wiki.zip.aj.aq
495 wiki.zip.aj.ar
496 wiki.zip.aj.as
497 wiki.zip.aj.at
498 wiki.zip.aj.au
499 wiki.zip.aj.av
500 wiki.zip.aj.aw
501 wiki.zip.aj.ax
502 wiki.zip.aj.ay
503 wiki.zip.aj.az
504 wiki.zip.aj.ba
505 wiki.zip.aj.bb
506 wiki.zip.aj.bc
507 wiki.zip.aj.bd
508 wiki.zip.aj.be
509 wiki.zip.aj.bf
510 wiki.zip.aj.bg
511 wiki.zip.aj.bh
512 wiki.zip.aj.bi
513 wiki.zip.aj.bj
514 wiki.zip.aj.bk
515 wiki.zip.aj.bl
516 wiki.zip.aj.bm
517 wiki.zip.aj.bn
518 wiki.zip.aj.bo
519 wiki.zip.aj.bp
520 wiki.zip.aj.bq
521 wiki.zip.aj.br
522 wiki.zip.aj.bs
523 wiki.zip.aj.bt
524 wiki.zip.aj.bu
525 wiki.zip.aj.bv
526 wiki.zip.aj.bw
527 wiki.zip.aj.bx
528 wiki.zip.aj.by
529 wiki.zip.aj.bz
530 wiki.zip.aj.ca
531 wiki.zip.ak.aa
532 wiki.zip.ak.ab
533 wiki.zip.ak.ac
534 wiki.zip.ak.ad
535 wiki.zip.ak.ae
536 wiki.zip.ak.af
537 wiki.zip.ak.ag
538 wiki.zip.ak.ah
539 wiki.zip.ak.ai
540 wiki.zip.ak.aj
541 wiki.zip.ak.ak
542 wiki.zip.ak.al
543 wiki.zip.ak.am
544 wiki.zip.ak.an
545 wiki.zip.ak.ao
546 wiki.zip.ak.ap
547 wiki.zip.ak.aq
548 wiki.zip.ak.ar
549 wiki.zip.ak.as
550 wiki.zip.ak.at
551 wiki.zip.ak.au
552 wiki.zip.ak.av
553 wiki.zip.ak.aw
554 wiki.zip.ak.ax
555 wiki.zip.ak.ay
556 wiki.zip.ak.az
557 wiki.zip.ak.ba
558 wiki.zip.ak.bb
559 wiki.zip.ak.bc
560 wiki.zip.ak.bd
561 wiki.zip.ak.be
562 wiki.zip.ak.bf
563 wiki.zip.ak.bg
564 wiki.zip.ak.bh
565 wiki.zip.ak.bi
566 wiki.zip.ak.bj
567 wiki.zip.ak.bk
568 wiki.zip.ak.bl
569 wiki.zip.ak.bm
570 wiki.zip.ak.bn
571 wiki.zip.ak.bo
572 wiki.zip.ak.bp
573 wiki.zip.ak.bq
574 wiki.zip.ak.br
575 wiki.zip.ak.bs
576 wiki.zip.ak.bt
577 wiki.zip.ak.bu
578 wiki.zip.ak.bv
579 wiki.zip.ak.bw
580 wiki.zip.ak.bx
581 wiki.zip.ak.by
582 wiki.zip.ak.bz
583 wiki.zip.ak.ca
584 wiki.zip.al.aa
585 wiki.zip.al.ab
586 wiki.zip.al.ac
587 wiki.zip.al.ad
588 wiki.zip.al.ae
589 wiki.zip.al.af
590 wiki.zip.al.ag
591 wiki.zip.al.ah
592 wiki.zip.al.ai
593 wiki.zip.al.aj
594 wiki.zip.al.ak
595 wiki.zip.al.al
596 wiki.zip.al.am
597 wiki.zip.al.an
598 wiki.zip.al.ao
599 wiki.zip.al.ap
600 wiki.zip.al.aq
601 wiki.zip.al.ar
602 wiki.zip.al.as
603 wiki.zip.al.at
604 wiki.zip.al.au
605 wiki.zip.al.av
606 wiki.zip.al.aw
607 wiki.zip.al.ax
608 wiki.zip.al.ay
609 wiki.zip.al.az
610 wiki.zip.al.ba
611 wiki.zip.al.bb
612 wiki.zip.al.bc
613 wiki.zip.al.bd
614 wiki.zip.al.be
615 wiki.zip.al.bf
616 wiki.zip.al.bg
617 wiki.zip.al.bh
618 wiki.zip.al.bi
619 wiki.zip.al.bj
620 wiki.zip.al.bk
621 wiki.zip.al.bl
622 wiki.zip.al.bm
623 wiki.zip.al.bn
624 wiki.zip.al.bo
625 wiki.zip.al.bp
626 wiki.zip.al.bq
627 wiki.zip.al.br
628 wiki.zip.al.bs
629 wiki.zip.al.bt
630 wiki.zip.al.bu
631 wiki.zip.al.bv
632 wiki.zip.al.bw
633 wiki.zip.al.bx
634 wiki.zip.al.by
635 wiki.zip.al.bz
636 wiki.zip.al.ca
637 wiki.zip.am.aa
638 wiki.zip.am.ab
639 wiki.zip.am.ac
640 wiki.zip.am.ad
641 wiki.zip.am.ae
642 wiki.zip.am.af
643 wiki.zip.am.ag
644 wiki.zip.am.ah
645 wiki.zip.am.ai
646 wiki.zip.am.aj
647 wiki.zip.am.ak
648 wiki.zip.am.al
649 wiki.zip.am.am
650 wiki.zip.am.an
651 wiki.zip.am.ao
652 wiki.zip.am.ap
653 wiki.zip.am.aq
654 wiki.zip.am.ar
655 wiki.zip.am.as
656 wiki.zip.am.at
657 wiki.zip.am.au
658 wiki.zip.am.av
659 wiki.zip.am.aw
660 wiki.zip.am.ax
661 wiki.zip.am.ay
662 wiki.zip.am.az
663 wiki.zip.am.ba
664 wiki.zip.am.bb
665 wiki.zip.am.bc
666 wiki.zip.am.bd
667 wiki.zip.am.be
668 wiki.zip.am.bf
669 wiki.zip.am.bg
670 wiki.zip.am.bh
671 wiki.zip.am.bi
672 wiki.zip.am.bj
673 wiki.zip.am.bk
674 wiki.zip.am.bl
675 wiki.zip.am.bm
676 wiki.zip.am.bn
677 wiki.zip.am.bo
678 wiki.zip.am.bp
679 wiki.zip.am.bq
680 wiki.zip.am.br
681 wiki.zip.am.bs
682 wiki.zip.am.bt
683 wiki.zip.am.bu
684 wiki.zip.am.bv
685 wiki.zip.am.bw
686 wiki.zip.am.bx
687 wiki.zip.am.by
688 wiki.zip.am.bz
689 wiki.zip.am.ca
690 wiki.zip.an.aa
691 wiki.zip.an.ab
692 wiki.zip.an.ac
693 wiki.zip.an.ad
694 wiki.zip.an.ae
695 wiki.zip.an.af
696 wiki.zip.an.ag
697 wiki.zip.an.ah
1 wiki.zip.ak.aj
Already have log for t02301 3794 bafykbzacebpsgumb3jah4rofqwwbkfuosaesf6u5pmt2pduag5g7kbggivlls

0 wiki.zip.aj.ap
Already have log for t03143 3743 bafykbzaceahy3pa4eqoawa7xm6zrvdv33vrmzrp74dwqwglbirl6nhotulxfe
Already have log for t03194 4531 bafykbzaceahy3pa4eqoawa7xm6zrvdv33vrmzrp74dwqwglbirl6nhotulxfe
Retrieving t03002 6753 bafykbzaceahy3pa4eqoawa7xm6zrvdv33vrmzrp74dwqwglbirl6nhotulxfe
> Recv: 0 B, Paid 0 FIL, ClientEventOpen (DealStatusNew)
> Recv: 0 B, Paid 0 FIL, ClientEventDealProposed (DealStatusWaitForAcceptance)
> Recv: 0 B, Paid 0 FIL, ClientEventDealAccepted (DealStatusAccepted)
> Recv: 269 B, Paid 0 FIL, ClientEventBlocksReceived (DealStatusAccepted)
> Recv: 269 B, Paid 0 FIL, ClientEventPaymentRequested (DealStatusAccepted)
> Recv: 1 MiB, Paid 0 FIL, ClientEventBlocksReceived (DealStatusAccepted)
> Recv: 1 MiB, Paid 0 FIL, ClientEventPaymentChannelAddingFunds (DealStatusPaymentChannelAddingFunds)
> Recv: 1 MiB, Paid 0 FIL, ClientEventPaymentChannelReady (DealStatusOngoing)
> Recv: 1 MiB, Paid 0 FIL, ClientEventPaymentRequested (DealStatusFundsNeeded)
> Recv: 1 MiB, Paid 0 FIL, ClientEventSendFunds (DealStatusSendFunds)
> Recv: 1 MiB, Paid 0.00000000000209769 FIL, ClientEventPaymentSent (DealStatusOngoing)
> Recv: 2 MiB, Paid 0.00000000000209769 FIL, ClientEventBlocksReceived (DealStatusOngoing)
> Recv: 2 MiB, Paid 0.00000000000209769 FIL, ClientEventPaymentRequested (DealStatusFundsNeeded)
> Recv: 3 MiB, Paid 0.00000000000209769 FIL, ClientEventBlocksReceived (DealStatusFundsNeeded)
> Recv: 3 MiB, Paid 0.00000000000209769 FIL, ClientEventSendFunds (DealStatusSendFunds)
> Recv: 3 MiB, Paid 0.000000000006291994 FIL, ClientEventPaymentSent (DealStatusOngoing)
> Recv: 4 MiB, Paid 0.000000000006291994 FIL, ClientEventBlocksReceived (DealStatusOngoing)
> Recv: 4 MiB, Paid 0.000000000006291994 FIL, ClientEventLastPaymentRequested (DealStatusFundsNeededLastPayment)
> Recv: 4.769 MiB, Paid 0.000000000006291994 FIL, ClientEventBlocksReceived (DealStatusFundsNeededLastPayment)
> Recv: 4.769 MiB, Paid 0.000000000006291994 FIL, ClientEventAllBlocksReceived (DealStatusSendFundsLastPayment)
> Recv: 4.769 MiB, Paid 0.000000000010000538 FIL, ClientEventPaymentSent (DealStatusFinalizing)
> Recv: 4.769 MiB, Paid 0.000000000010000538 FIL, ClientEventComplete (DealStatusCompleted)
Success
0.07user 0.05system 4:25.71elapsed 0%CPU (0avgtext+0avgdata 38044maxresident)k
0inputs+0outputs (0major+3833minor)pagefaults 0swaps
Skipping ahead

1 wiki.zip.ag.bc

0 wiki.zip.ae.ca

0 wiki.zip.ac.ak
Already have log for t01247 2511 bafykbzaceacp6kdut47u2nrsvitormq2jls2cv4mw27745dh6xire5k6bntrw
Retrieving t02620 5709 bafykbzaceacp6kdut47u2nrsvitormq2jls2cv4mw27745dh6xire5k6bntrw
> Recv: 0 B, Paid 0 FIL, ClientEventOpen (DealStatusNew)
> Recv: 0 B, Paid 0 FIL, ClientEventDealProposed (DealStatusWaitForAcceptance)
> Recv: 0 B, Paid 0 FIL, ClientEventDealAccepted (DealStatusAccepted)
> Recv: 0 B, Paid 0 FIL, ClientEventPaymentChannelAddingFunds (DealStatusPaymentChannelAddingFunds)
> Recv: 0 B, Paid 0 FIL, ClientEventPaymentChannelReady (DealStatusOngoing)
ERROR: retrieval timed out

Command exited with non-zero status 124
0.13user 0.09system 17:00.00elapsed 0%CPU (0avgtext+0avgdata 36104maxresident)k
72inputs+0outputs (1major+4081minor)pagefaults 0swaps
Skipping ahead

1 wiki.zip.ad.aw
Already have log for t02420 2514 bafykbzacediuny362nsppembb63q3hlmsu3qijz4iqjnmwndo6ep2vwop7a4s
Already have log for t07956 4876 bafykbzacediuny362nsppembb63q3hlmsu3qijz4iqjnmwndo6ep2vwop7a4s
Retrieving t03314 8416 bafykbzacediuny362nsppembb63q3hlmsu3qijz4iqjnmwndo6ep2vwop7a4s
> Recv: 0 B, Paid 0 FIL, ClientEventOpen (DealStatusNew)
> Recv: 0 B, Paid 0 FIL, ClientEventDealProposed (DealStatusWaitForAcceptance)
> Recv: 0 B, Paid 0 FIL, ClientEventDealAccepted (DealStatusAccepted)
> Recv: 0 B, Paid 0 FIL, ClientEventPaymentChannelAddingFunds (DealStatusPaymentChannelAddingFunds)
> Recv: 0 B, Paid 0 FIL, ClientEventPaymentChannelReady (DealStatusOngoing)
ERROR: retrieval timed out

Command exited with non-zero status 124
0.13user 0.10system 17:00.00elapsed 0%CPU (0avgtext+0avgdata 37760maxresident)k
104inputs+0outputs (0major+3869minor)pagefaults 0swaps
Skipping ahead

1 wiki.zip.ag.aq
Already have log for t03143 2627 bafykbzaceaapfocqi5uiqil4fkguliw6hjy5erzviqsogtawd6e4xqreeuvxc
Already have log for t03345 6548 bafykbzaceaapfocqi5uiqil4fkguliw6hjy5erzviqsogtawd6e4xqreeuvxc
Retrieving t07829 7541 bafykbzaceaapfocqi5uiqil4fkguliw6hjy5erzviqsogtawd6e4xqreeuvxc
> Recv: 0 B, Paid 0 FIL, ClientEventOpen (DealStatusNew)
> Recv: 0 B, Paid 0 FIL, ClientEventDealProposed (DealStatusWaitForAcceptance)
> Recv: 0 B, Paid 0 FIL, ClientEventDealAccepted (DealStatusAccepted)
> Recv: 0 B, Paid 0 FIL, ClientEventPaymentChannelAddingFunds (DealStatusPaymentChannelAddingFunds)
> Recv: 0 B, Paid 0 FIL, ClientEventPaymentChannelReady (DealStatusOngoing)
ERROR: retrieval timed out

Command exited with non-zero status 124
0.13user 0.05system 17:00.00elapsed 0%CPU (0avgtext+0avgdata 37668maxresident)k
0inputs+0outputs (0major+3875minor)pagefaults 0swaps
Skipping ahead

1 wiki.zip.ah.ar
Already have log for t01247 3177 bafykbzaceax5vz36vl6mqroyos4dywkok6o6ycwfdavm6lriulqq2obqnyzqw
Already have log for t01101 7582 bafykbzaceax5vz36vl6mqroyos4dywkok6o6ycwfdavm6lriulqq2obqnyzqw

0 wiki.zip.ac.bo
Already have log for t02620 2535 bafykbzacebaqrak34263vxzi2aq2m6nneirqezowuaf3fzb3t6nim4l4akl5e

0 wiki.zip.ac.bw
Retrieving t02613 7344 bafykbzacecmalk2qhshqwvjfyk5y4kvs4dhekbmac6ffuuoxvlwcn7ny2megu
> Recv: 0 B, Paid 0 FIL, ClientEventOpen (DealStatusNew)
> Recv: 0 B, Paid 0 FIL, ClientEventDealProposed (DealStatusWaitForAcceptance)
> Recv: 0 B, Paid 0 FIL, ClientEventDealAccepted (DealStatusAccepted)
> Recv: 269 B, Paid 0 FIL, ClientEventBlocksReceived (DealStatusAccepted)
> Recv: 269 B, Paid 0 FIL, ClientEventPaymentRequested (DealStatusAccepted)
> Recv: 1 MiB, Paid 0 FIL, ClientEventBlocksReceived (DealStatusAccepted)
> Recv: 1 MiB, Paid 0 FIL, ClientEventPaymentChannelAddingFunds (DealStatusPaymentChannelAddingFunds)
> Recv: 1 MiB, Paid 0 FIL, ClientEventPaymentChannelReady (DealStatusOngoing)
> Recv: 1 MiB, Paid 0 FIL, ClientEventPaymentRequested (DealStatusFundsNeeded)
> Recv: 1 MiB, Paid 0 FIL, ClientEventSendFunds (DealStatusSendFunds)
> Recv: 1 MiB, Paid 0.00000000000209769 FIL, ClientEventPaymentSent (DealStatusOngoing)
> Recv: 2 MiB, Paid 0.00000000000209769 FIL, ClientEventBlocksReceived (DealStatusOngoing)
> Recv: 2 MiB, Paid 0.00000000000209769 FIL, ClientEventPaymentRequested (DealStatusFundsNeeded)
> Recv: 3 MiB, Paid 0.00000000000209769 FIL, ClientEventBlocksReceived (DealStatusFundsNeeded)
> Recv: 3 MiB, Paid 0.00000000000209769 FIL, ClientEventSendFunds (DealStatusSendFunds)
> Recv: 3 MiB, Paid 0.000000000006291994 FIL, ClientEventPaymentSent (DealStatusOngoing)
> Recv: 4 MiB, Paid 0.000000000006291994 FIL, ClientEventBlocksReceived (DealStatusOngoing)
> Recv: 4 MiB, Paid 0.000000000006291994 FIL, ClientEventLastPaymentRequested (DealStatusFundsNeededLastPayment)
> Recv: 4.769 MiB, Paid 0.000000000006291994 FIL, ClientEventBlocksReceived (DealStatusFundsNeededLastPayment)
> Recv: 4.769 MiB, Paid 0.000000000006291994 FIL, ClientEventAllBlocksReceived (DealStatusSendFundsLastPayment)
> Recv: 4.769 MiB, Paid 0.000000000010000538 FIL, ClientEventPaymentSent (DealStatusFinalizing)
> Recv: 4.769 MiB, Paid 0.000000000010000538 FIL, ClientEventComplete (DealStatusCompleted)
Success
0.05user 0.05system 3:58.66elapsed 0%CPU (0avgtext+0avgdata 38644maxresident)k
1088inputs+0outputs (4major+3873minor)pagefaults 0swaps
Skipping ahead

1 wiki.zip.aj.bh
Retrieving t02665 4541 bafykbzaceagebm2woysp4fxcu424jzen6tmtk5ceruvux7muixafcdjedtsfq
> Recv: 0 B, Paid 0 FIL, ClientEventOpen (DealStatusNew)
> Recv: 0 B, Paid 0 FIL, ClientEventDealProposed (DealStatusWaitForAcceptance)
> Recv: 0 B, Paid 0 FIL, ClientEventDealAccepted (DealStatusAccepted)
> Recv: 0 B, Paid 0 FIL, ClientEventPaymentChannelAddingFunds (DealStatusPaymentChannelAddingFunds)
> Recv: 269 B, Paid 0 FIL, ClientEventBlocksReceived (DealStatusPaymentChannelAddingFunds)
> Recv: 269 B, Paid 0 FIL, ClientEventPaymentRequested (DealStatusPaymentChannelAddingFunds)
> Recv: 1 MiB, Paid 0 FIL, ClientEventBlocksReceived (DealStatusPaymentChannelAddingFunds)
> Recv: 1 MiB, Paid 0 FIL, ClientEventPaymentChannelReady (DealStatusOngoing)
> Recv: 1 MiB, Paid 0 FIL, ClientEventPaymentRequested (DealStatusFundsNeeded)
> Recv: 1 MiB, Paid 0 FIL, ClientEventSendFunds (DealStatusSendFunds)
> Recv: 1 MiB, Paid 0.00000000000209769 FIL, ClientEventPaymentSent (DealStatusOngoing)
> Recv: 2 MiB, Paid 0.00000000000209769 FIL, ClientEventBlocksReceived (DealStatusOngoing)
> Recv: 2 MiB, Paid 0.00000000000209769 FIL, ClientEventPaymentRequested (DealStatusFundsNeeded)
> Recv: 3 MiB, Paid 0.00000000000209769 FIL, ClientEventBlocksReceived (DealStatusFundsNeeded)
> Recv: 3 MiB, Paid 0.00000000000209769 FIL, ClientEventSendFunds (DealStatusSendFunds)
> Recv: 3 MiB, Paid 0.000000000006291994 FIL, ClientEventPaymentSent (DealStatusOngoing)
> Recv: 4 MiB, Paid 0.000000000006291994 FIL, ClientEventBlocksReceived (DealStatusOngoing)
> Recv: 4 MiB, Paid 0.000000000006291994 FIL, ClientEventLastPaymentRequested (DealStatusFundsNeededLastPayment)
> Recv: 4.769 MiB, Paid 0.000000000006291994 FIL, ClientEventBlocksReceived (DealStatusFundsNeededLastPayment)
> Recv: 4.769 MiB, Paid 0.000000000006291994 FIL, ClientEventAllBlocksReceived (DealStatusSendFundsLastPayment)
> Recv: 4.769 MiB, Paid 0.000000000010000538 FIL, ClientEventPaymentSent (DealStatusFinalizing)
> Recv: 4.769 MiB, Paid 0.000000000010000538 FIL, ClientEventComplete (DealStatusCompleted)
Success
0.07user 0.03system 3:42.05elapsed 0%CPU (0avgtext+0avgdata 37768maxresident)k
0inputs+0outputs (0major+3687minor)pagefaults 0swaps
Skipping ahead

1 wiki.zip.ab.bx

0 wiki.zip.al.aq

0 wiki.zip.aa.bf
Already have log for t07848 2989 bafykbzacecaxbtypq6lfpkduiwg4lw434y772gb3em7tzaexmrj4m5itpn6rq
Retrieving t03314 8230 bafykbzacecaxbtypq6lfpkduiwg4lw434y772gb3em7tzaexmrj4m5itpn6rq
> Recv: 0 B, Paid 0 FIL, ClientEventOpen (DealStatusNew)
> Recv: 0 B, Paid 0 FIL, ClientEventDealProposed (DealStatusWaitForAcceptance)
> Recv: 0 B, Paid 0 FIL, ClientEventDealAccepted (DealStatusAccepted)
> Recv: 0 B, Paid 0 FIL, ClientEventPaymentChannelAddingFunds (DealStatusPaymentChannelAddingFunds)
> Recv: 0 B, Paid 0 FIL, ClientEventPaymentChannelReady (DealStatusOngoing)
ERROR: retrieval timed out

Command exited with non-zero status 124
0.13user 0.07system 17:00.00elapsed 0%CPU (0avgtext+0avgdata 37656maxresident)k
0inputs+0outputs (0major+3809minor)pagefaults 0swaps
Skipping ahead

1 wiki.zip.al.as
Retrieving t01289 6906 bafykbzacebaejyrx7k7vcfok5y5at7euqhzsfxgd5saqiqjg77qe26a2jxvxq
> Recv: 0 B, Paid 0 FIL, ClientEventOpen (DealStatusNew)
> Recv: 0 B, Paid 0 FIL, ClientEventDealProposed (DealStatusWaitForAcceptance)
> Recv: 0 B, Paid 0 FIL, ClientEventDealAccepted (DealStatusAccepted)
> Recv: 269 B, Paid 0 FIL, ClientEventBlocksReceived (DealStatusAccepted)
> Recv: 269 B, Paid 0 FIL, ClientEventPaymentRequested (DealStatusAccepted)
> Recv: 1 MiB, Paid 0 FIL, ClientEventBlocksReceived (DealStatusAccepted)
> Recv: 1 MiB, Paid 0 FIL, ClientEventPaymentChannelAddingFunds (DealStatusPaymentChannelAddingFunds)
> Recv: 1 MiB, Paid 0 FIL, ClientEventPaymentChannelReady (DealStatusOngoing)
> Recv: 1 MiB, Paid 0 FIL, ClientEventPaymentRequested (DealStatusFundsNeeded)
> Recv: 1 MiB, Paid 0 FIL, ClientEventSendFunds (DealStatusSendFunds)
> Recv: 1 MiB, Paid 0.00000000000209769 FIL, ClientEventPaymentSent (DealStatusOngoing)
> Recv: 2 MiB, Paid 0.00000000000209769 FIL, ClientEventBlocksReceived (DealStatusOngoing)
> Recv: 2 MiB, Paid 0.00000000000209769 FIL, ClientEventPaymentRequested (DealStatusFundsNeeded)
> Recv: 3 MiB, Paid 0.00000000000209769 FIL, ClientEventBlocksReceived (DealStatusFundsNeeded)
> Recv: 3 MiB, Paid 0.00000000000209769 FIL, ClientEventSendFunds (DealStatusSendFunds)
> Recv: 3 MiB, Paid 0.000000000006291994 FIL, ClientEventPaymentSent (DealStatusOngoing)
> Recv: 3 MiB, Paid 0.000000000006291994 FIL, ClientEventLastPaymentRequested (DealStatusFundsNeededLastPayment)
> Recv: 4 MiB, Paid 0.000000000006291994 FIL, ClientEventBlocksReceived (DealStatusFundsNeededLastPayment)
> Recv: 4.769 MiB, Paid 0.000000000006291994 FIL, ClientEventBlocksReceived (DealStatusFundsNeededLastPayment)
> Recv: 4.769 MiB, Paid 0.000000000006291994 FIL, ClientEventAllBlocksReceived (DealStatusSendFundsLastPayment)
> Recv: 4.769 MiB, Paid 0.000000000010000538 FIL, ClientEventPaymentSent (DealStatusFinalizing)
> Recv: 4.769 MiB, Paid 0.000000000010000538 FIL, ClientEventComplete (DealStatusCompleted)
Success
0.08user 0.05system 3:19.69elapsed 0%CPU (0avgtext+0avgdata 38112maxresident)k
0inputs+0outputs (0major+3726minor)pagefaults 0swaps
Skipping ahead

1 wiki.zip.aj.am
Already have log for t07848 3265 bafykbzaceblb75rcrcpectze4rittlrwqhwbufz4dz42tx2pe7ehalr7qw56g
Retrieving t03638 6744 bafykbzaceblb75rcrcpectze4rittlrwqhwbufz4dz42tx2pe7ehalr7qw56g
> Recv: 0 B, Paid 0 FIL, ClientEventOpen (DealStatusNew)
> Recv: 0 B, Paid 0 FIL, ClientEventDealProposed (DealStatusWaitForAcceptance)
> Recv: 0 B, Paid 0 FIL, ClientEventDealAccepted (DealStatusAccepted)
> Recv: 0 B, Paid 0 FIL, ClientEventPaymentChannelAddingFunds (DealStatusPaymentChannelAddingFunds)
> Recv: 0 B, Paid 0 FIL, ClientEventPaymentChannelReady (DealStatusOngoing)
ERROR: retrieval timed out

Command exited with non-zero status 124
0.14user 0.07system 17:00.01elapsed 0%CPU (0avgtext+0avgdata 35636maxresident)k
400inputs+0outputs (49major+3964minor)pagefaults 0swaps
Skipping ahead

1 wiki.zip.ak.bz
Retrieving t07709 8868 bafykbzacedujt327rmtk4hnjkmpktyatmhzuyn5e2ezhr2xfmdjp5caikzpuw
> Recv: 0 B, Paid 0 FIL, ClientEventOpen (DealStatusNew)
> Recv: 0 B, Paid 0 FIL, ClientEventDealProposed (DealStatusWaitForAcceptance)
> Recv: 0 B, Paid 0 FIL, ClientEventDealAccepted (DealStatusAccepted)
> Recv: 269 B, Paid 0 FIL, ClientEventBlocksReceived (DealStatusAccepted)
> Recv: 269 B, Paid 0 FIL, ClientEventPaymentRequested (DealStatusAccepted)
> Recv: 1 MiB, Paid 0 FIL, ClientEventBlocksReceived (DealStatusAccepted)
> Recv: 1 MiB, Paid 0 FIL, ClientEventPaymentChannelAddingFunds (DealStatusPaymentChannelAddingFunds)
> Recv: 1 MiB, Paid 0 FIL, ClientEventPaymentChannelReady (DealStatusOngoing)
> Recv: 1 MiB, Paid 0 FIL, ClientEventPaymentRequested (DealStatusFundsNeeded)
> Recv: 1 MiB, Paid 0 FIL, ClientEventSendFunds (DealStatusSendFunds)
> Recv: 1 MiB, Paid 0.00000000000209769 FIL, ClientEventPaymentSent (DealStatusOngoing)
> Recv: 2 MiB, Paid 0.00000000000209769 FIL, ClientEventBlocksReceived (DealStatusOngoing)
> Recv: 2 MiB, Paid 0.00000000000209769 FIL, ClientEventPaymentRequested (DealStatusFundsNeeded)
> Recv: 3 MiB, Paid 0.00000000000209769 FIL, ClientEventBlocksReceived (DealStatusFundsNeeded)
> Recv: 3 MiB, Paid 0.00000000000209769 FIL, ClientEventSendFunds (DealStatusSendFunds)
> Recv: 3 MiB, Paid 0.000000000006291994 FIL, ClientEventPaymentSent (DealStatusOngoing)
> Recv: 3 MiB, Paid 0.000000000006291994 FIL, ClientEventLastPaymentRequested (DealStatusFundsNeededLastPayment)
> Recv: 4 MiB, Paid 0.000000000006291994 FIL, ClientEventBlocksReceived (DealStatusFundsNeededLastPayment)
> Recv: 4.769 MiB, Paid 0.000000000006291994 FIL, ClientEventBlocksReceived (DealStatusFundsNeededLastPayment)
> Recv: 4.769 MiB, Paid 0.000000000006291994 FIL, ClientEventAllBlocksReceived (DealStatusSendFundsLastPayment)
> Recv: 4.769 MiB, Paid 0.000000000010000538 FIL, ClientEventPaymentSent (DealStatusFinalizing)
> Recv: 4.769 MiB, Paid 0.000000000010000538 FIL, ClientEventComplete (DealStatusCompleted)
Success
0.09user 0.03system 3:50.50elapsed 0%CPU (0avgtext+0avgdata 38984maxresident)k
1488inputs+0outputs (11major+3905minor)pagefaults 0swaps
Skipping ahead

1 wiki.zip.ag.bx

0 wiki.zip.aj.ab
Already have log for t07924 3752 bafykbzacedjuzuat4ugnvqwwtcvzynfclgtt2wju5zshzc4qpakennhbx7l46
Already have log for t07710 6031 bafykbzacedjuzuat4ugnvqwwtcvzynfclgtt2wju5zshzc4qpakennhbx7l46
Already have log for t01800 6696 bafykbzacedjuzuat4ugnvqwwtcvzynfclgtt2wju5zshzc4qpakennhbx7l46
Already have log for t01289 7756 bafykbzacedjuzuat4ugnvqwwtcvzynfclgtt2wju5zshzc4qpakennhbx7l46

0 wiki.zip.ak.bi
Already have log for t07924 3795 bafykbzacecyypdee5piedp2tggezvwmt7jpagsggsqllfushx5vnd5etfddug

0 wiki.zip.ad.bs
Already have log for t02613 7421 bafykbzacec3abetn2eg7le6j7l5mdsrusk56usu6kwfswnhrgm6e7d5sqwrzg

0 wiki.zip.ak.ai
Already have log for t02540 4547 bafykbzaceaocvx3hoteipd6ql5r37wdjz2po2txj3kotdr6osegmd7al5pqi4
Retrieving t02620 5172 bafykbzaceaocvx3hoteipd6ql5r37wdjz2po2txj3kotdr6osegmd7al5pqi4
> Recv: 0 B, Paid 0 FIL, ClientEventOpen (DealStatusNew)
> Recv: 0 B, Paid 0 FIL, ClientEventDealProposed (DealStatusWaitForAcceptance)
> Recv: 0 B, Paid 0 FIL, ClientEventDealAccepted (DealStatusAccepted)
> Recv: 0 B, Paid 0 FIL, ClientEventPaymentChannelAddingFunds (DealStatusPaymentChannelAddingFunds)
> Recv: 0 B, Paid 0 FIL, ClientEventPaymentChannelReady (DealStatusOngoing)
ERROR: retrieval timed out

Command exited with non-zero status 124
0.11user 0.10system 17:00.00elapsed 0%CPU (0avgtext+0avgdata 38292maxresident)k
952inputs+0outputs (5major+3810minor)pagefaults 0swaps
Skipping ahead

1 wiki.zip.ag.ae
Already have log for t03194 4381 bafykbzacedzfkvy4i26lzcno5w3lmnge2c537gbtr4mh7mv3r5mj7wdbuxem4

0 wiki.zip.ag.bb

0 wiki.zip.ak.bj

0 wiki.zip.aa.bk
Already have log for t02540 3461 bafykbzacec73edqe6per7bb67hczaxlqq6v57twxpefm3ori5va5mavhwzn7i
Already have log for t02404 4182 bafykbzacec73edqe6per7bb67hczaxlqq6v57twxpefm3ori5va5mavhwzn7i

0 wiki.zip.af.ah
Already have log for t02658 6515 bafykbzacebirjxersp4hwyosoau4mnjmeu7ueu53qqzbkrh2jkh5bkvf6g652

0 wiki.zip.ad.au

0 wiki.zip.ae.bo
Already have log for t03143 3093 bafykbzaceark7zpb5lphk7hghyrpcsrryqa6hortbw4cwb566dccw3qehkbeu

0 wiki.zip.ad.aq
Retrieving t02658 6388 bafykbzacedzydh3mxp5wqgxictoz3ezjtzbfjinsh5crehfbdszxqkprzqwmm
> Recv: 0 B, Paid 0 FIL, ClientEventOpen (DealStatusNew)
> Recv: 0 B, Paid 0 FIL, ClientEventDealProposed (DealStatusWaitForAcceptance)
> Recv: 0 B, Paid 0 FIL, ClientEventDealAccepted (DealStatusAccepted)
> Recv: 0 B, Paid 0 FIL, ClientEventPaymentChannelAddingFunds (DealStatusPaymentChannelAddingFunds)
> Recv: 269 B, Paid 0 FIL, ClientEventBlocksReceived (DealStatusPaymentChannelAddingFunds)
> Recv: 269 B, Paid 0 FIL, ClientEventPaymentRequested (DealStatusPaymentChannelAddingFunds)
> Recv: 1 MiB, Paid 0 FIL, ClientEventBlocksReceived (DealStatusPaymentChannelAddingFunds)
> Recv: 1 MiB, Paid 0 FIL, ClientEventPaymentChannelReady (DealStatusOngoing)
> Recv: 1 MiB, Paid 0 FIL, ClientEventPaymentRequested (DealStatusFundsNeeded)
> Recv: 1 MiB, Paid 0 FIL, ClientEventSendFunds (DealStatusSendFunds)
> Recv: 1 MiB, Paid 0.00000000000209769 FIL, ClientEventPaymentSent (DealStatusOngoing)
> Recv: 2 MiB, Paid 0.00000000000209769 FIL, ClientEventBlocksReceived (DealStatusOngoing)
> Recv: 2 MiB, Paid 0.00000000000209769 FIL, ClientEventPaymentRequested (DealStatusFundsNeeded)
> Recv: 3 MiB, Paid 0.00000000000209769 FIL, ClientEventBlocksReceived (DealStatusFundsNeeded)
> Recv: 3 MiB, Paid 0.00000000000209769 FIL, ClientEventSendFunds (DealStatusSendFunds)
> Recv: 3 MiB, Paid 0.000000000006291994 FIL, ClientEventPaymentSent (DealStatusOngoing)
> Recv: 4 MiB, Paid 0.000000000006291994 FIL, ClientEventBlocksReceived (DealStatusOngoing)
> Recv: 4 MiB, Paid 0.000000000006291994 FIL, ClientEventLastPaymentRequested (DealStatusFundsNeededLastPayment)
> Recv: 4.769 MiB, Paid 0.000000000006291994 FIL, ClientEventBlocksReceived (DealStatusFundsNeededLastPayment)
> Recv: 4.769 MiB, Paid 0.000000000006291994 FIL, ClientEventAllBlocksReceived (DealStatusSendFundsLastPayment)
> Recv: 4.769 MiB, Paid 0.000000000010000538 FIL, ClientEventPaymentSent (DealStatusFinalizing)
> Recv: 4.769 MiB, Paid 0.000000000010000538 FIL, ClientEventComplete (DealStatusCompleted)
Success
0.07user 0.03system 3:37.34elapsed 0%CPU (0avgtext+0avgdata 38308maxresident)k
392inputs+0outputs (2major+3787minor)pagefaults 0swaps
Skipping ahead

1 wiki.zip.ak.be
Already have log for t01272 2805 bafykbzacea3vc42ylss26hlcgyfbci7upanmevjqeepunx5573tkh7kt7wmze
Retrieving t02540 7885 bafykbzacea3vc42ylss26hlcgyfbci7upanmevjqeepunx5573tkh7kt7wmze
> Recv: 0 B, Paid 0 FIL, ClientEventOpen (DealStatusNew)
> Recv: 0 B, Paid 0 FIL, ClientEventDealProposed (DealStatusWaitForAcceptance)
> Recv: 0 B, Paid 0 FIL, ClientEventDealAccepted (DealStatusAccepted)
> Recv: 0 B, Paid 0 FIL, ClientEventPaymentChannelAddingFunds (DealStatusPaymentChannelAddingFunds)
> Recv: 269 B, Paid 0 FIL, ClientEventBlocksReceived (DealStatusPaymentChannelAddingFunds)
> Recv: 269 B, Paid 0 FIL, ClientEventPaymentRequested (DealStatusPaymentChannelAddingFunds)
> Recv: 1 MiB, Paid 0 FIL, ClientEventBlocksReceived (DealStatusPaymentChannelAddingFunds)
> Recv: 1 MiB, Paid 0 FIL, ClientEventPaymentChannelReady (DealStatusOngoing)
> Recv: 1 MiB, Paid 0 FIL, ClientEventPaymentRequested (DealStatusFundsNeeded)
> Recv: 1 MiB, Paid 0 FIL, ClientEventSendFunds (DealStatusSendFunds)
> Recv: 1 MiB, Paid 0.00000000000209769 FIL, ClientEventPaymentSent (DealStatusOngoing)
> Recv: 2 MiB, Paid 0.00000000000209769 FIL, ClientEventBlocksReceived (DealStatusOngoing)
> Recv: 2 MiB, Paid 0.00000000000209769 FIL, ClientEventPaymentRequested (DealStatusFundsNeeded)
> Recv: 3 MiB, Paid 0.00000000000209769 FIL, ClientEventBlocksReceived (DealStatusFundsNeeded)
> Recv: 3 MiB, Paid 0.00000000000209769 FIL, ClientEventSendFunds (DealStatusSendFunds)
> Recv: 3 MiB, Paid 0.000000000006291994 FIL, ClientEventPaymentSent (DealStatusOngoing)
> Recv: 4 MiB, Paid 0.000000000006291994 FIL, ClientEventBlocksReceived (DealStatusOngoing)
> Recv: 4 MiB, Paid 0.000000000006291994 FIL, ClientEventLastPaymentRequested (DealStatusFundsNeededLastPayment)
> Recv: 4.769 MiB, Paid 0.000000000006291994 FIL, ClientEventBlocksReceived (DealStatusFundsNeededLastPayment)
> Recv: 4.769 MiB, Paid 0.000000000006291994 FIL, ClientEventAllBlocksReceived (DealStatusSendFundsLastPayment)
> Recv: 4.769 MiB, Paid 0.000000000010000538 FIL, ClientEventPaymentSent (DealStatusFinalizing)
> Recv: 4.769 MiB, Paid 0.000000000010000538 FIL, ClientEventComplete (DealStatusCompleted)
Success
0.07user 0.03system 3:26.10elapsed 0%CPU (0avgtext+0avgdata 38140maxresident)k
0inputs+0outputs (0major+3723minor)pagefaults 0swaps
Skipping ahead

1 wiki.zip.ah.bb
Already have log for t02404 7609 bafykbzacect3yoviqabu5rnbdym642xg2uzmpb4m7mbpaejy5rzy6d3ydxcte

0 wiki.zip.am.ah

0 wiki.zip.ai.an

0 wiki.zip.ad.bg
Retrieving t02404 6406 bafykbzaceaajfbcr57a5kuhkorv6i4sreepqyql53c657ncpmb4ssxmicfwza
> Recv: 0 B, Paid 0 FIL, ClientEventOpen (DealStatusNew)
> Recv: 0 B, Paid 0 FIL, ClientEventDealProposed (DealStatusWaitForAcceptance)
> Recv: 0 B, Paid 0 FIL, ClientEventDealAccepted (DealStatusAccepted)
> Recv: 269 B, Paid 0 FIL, ClientEventBlocksReceived (DealStatusAccepted)
> Recv: 269 B, Paid 0 FIL, ClientEventPaymentRequested (DealStatusAccepted)
> Recv: 1 MiB, Paid 0 FIL, ClientEventBlocksReceived (DealStatusAccepted)
> Recv: 1 MiB, Paid 0 FIL, ClientEventPaymentChannelAddingFunds (DealStatusPaymentChannelAddingFunds)
> Recv: 1 MiB, Paid 0 FIL, ClientEventPaymentChannelReady (DealStatusOngoing)
> Recv: 1 MiB, Paid 0 FIL, ClientEventPaymentRequested (DealStatusFundsNeeded)
> Recv: 1 MiB, Paid 0 FIL, ClientEventSendFunds (DealStatusSendFunds)
> Recv: 1 MiB, Paid 0.00000000000209769 FIL, ClientEventPaymentSent (DealStatusOngoing)
> Recv: 2 MiB, Paid 0.00000000000209769 FIL, ClientEventBlocksReceived (DealStatusOngoing)
> Recv: 2 MiB, Paid 0.00000000000209769 FIL, ClientEventPaymentRequested (DealStatusFundsNeeded)
> Recv: 3 MiB, Paid 0.00000000000209769 FIL, ClientEventBlocksReceived (DealStatusFundsNeeded)
> Recv: 3 MiB, Paid 0.00000000000209769 FIL, ClientEventSendFunds (DealStatusSendFunds)
> Recv: 3 MiB, Paid 0.000000000006291994 FIL, ClientEventPaymentSent (DealStatusOngoing)
> Recv: 4 MiB, Paid 0.000000000006291994 FIL, ClientEventBlocksReceived (DealStatusOngoing)
> Recv: 4 MiB, Paid 0.000000000006291994 FIL, ClientEventLastPaymentRequested (DealStatusFundsNeededLastPayment)
> Recv: 4.769 MiB, Paid 0.000000000006291994 FIL, ClientEventBlocksReceived (DealStatusFundsNeededLastPayment)
> Recv: 4.769 MiB, Paid 0.000000000006291994 FIL, ClientEventAllBlocksReceived (DealStatusSendFundsLastPayment)
> Recv: 4.769 MiB, Paid 0.000000000010000538 FIL, ClientEventPaymentSent (DealStatusFinalizing)
> Recv: 4.769 MiB, Paid 0.000000000010000538 FIL, ClientEventComplete (DealStatusCompleted)
Success
0.07user 0.04system 4:23.02elapsed 0%CPU (0avgtext+0avgdata 37532maxresident)k
0inputs+0outputs (0major+3765minor)pagefaults 0swaps
Skipping ahead

1 wiki.zip.aj.au
Already have log for t02620 2727 bafykbzaceah3i7dhqlcvgh453l4dnswxbpki2yhu6udvxlsl2ee2tzvsfhd46
Already have log for t03344 3766 bafykbzaceah3i7dhqlcvgh453l4dnswxbpki2yhu6udvxlsl2ee2tzvsfhd46

0 wiki.zip.ac.aq
Already have log for t02540 5744 bafykbzacebzsrgydigbdapcon7fbepyjm27cbwjfgway6pfdjxxvixqhdeey6

0 wiki.zip.aj.bo

0 wiki.zip.an.af
Already have log for t02540 3929 bafykbzacec3lout4h4kyt5fpsjvbk7l33lxyhf4xytapwkv4h3jfhsau5qda6

0 wiki.zip.ad.ay

0 wiki.zip.am.ae
Already have log for t02404 3903 bafykbzacedgsq3kmfa6laok2emlafda2tfzttoq3arjdwrtbiewl27gx24rt2
Retrieving t03002 6984 bafykbzacedgsq3kmfa6laok2emlafda2tfzttoq3arjdwrtbiewl27gx24rt2
> Recv: 0 B, Paid 0 FIL, ClientEventOpen (DealStatusNew)
> Recv: 0 B, Paid 0 FIL, ClientEventDealProposed (DealStatusWaitForAcceptance)
> Recv: 0 B, Paid 0 FIL, ClientEventDealAccepted (DealStatusAccepted)
> Recv: 269 B, Paid 0 FIL, ClientEventBlocksReceived (DealStatusAccepted)
> Recv: 269 B, Paid 0 FIL, ClientEventPaymentChannelAddingFunds (DealStatusPaymentChannelAddingFunds)
> Recv: 269 B, Paid 0 FIL, ClientEventPaymentRequested (DealStatusPaymentChannelAddingFunds)
> Recv: 1 MiB, Paid 0 FIL, ClientEventBlocksReceived (DealStatusPaymentChannelAddingFunds)
> Recv: 1 MiB, Paid 0 FIL, ClientEventPaymentChannelReady (DealStatusOngoing)
> Recv: 1 MiB, Paid 0 FIL, ClientEventPaymentRequested (DealStatusFundsNeeded)
> Recv: 1 MiB, Paid 0 FIL, ClientEventSendFunds (DealStatusSendFunds)
> Recv: 1 MiB, Paid 0.00000000000209769 FIL, ClientEventPaymentSent (DealStatusOngoing)
> Recv: 1 MiB, Paid 0.00000000000209769 FIL, ClientEventDataTransferError (DealStatusErrored)
> Recv: 0 B, Paid 0 FIL, ClientEventOpen (DealStatusNew)
ERROR: retrieval failed: Retrieve: Retrieval Error: error generated by data transfer: deal data transfer failed: Response Rejected

Command exited with non-zero status 1
0.06user 0.02system 3:47.73elapsed 0%CPU (0avgtext+0avgdata 37964maxresident)k
144inputs+0outputs (1major+3747minor)pagefaults 0swaps
Skipping ahead

1 wiki.zip.ae.bt
Already have log for t07998 6455 bafykbzaceb7nnr652i56fxxpgwdcab3a6dt6prsodc2suelxuc63nwhupnxnu

0 wiki.zip.ae.bc
Already have log for t02404 5609 bafykbzaceasptkmgkkas3rbzo4un2h3mlwobaovfv6mvdy4yas3vu3eulqjhq

0 wiki.zip.ag.bt

0 wiki.zip.ae.bd
Already have log for t02404 4309 bafykbzaceajetypcl5cg5rdv5ksvquyjugh6tiq2zp75rrv5vhojkp47tye66
Retrieving t01102 8451 bafykbzaceajetypcl5cg5rdv5ksvquyjugh6tiq2zp75rrv5vhojkp47tye66
> Recv: 0 B, Paid 0 FIL, ClientEventOpen (DealStatusNew)
> Recv: 0 B, Paid 0 FIL, ClientEventDealProposed (DealStatusWaitForAcceptance)
> Recv: 0 B, Paid 0 FIL, ClientEventDealAccepted (DealStatusAccepted)
> Recv: 0 B, Paid 0 FIL, ClientEventPaymentChannelAddingFunds (DealStatusPaymentChannelAddingFunds)
> Recv: 269 B, Paid 0 FIL, ClientEventBlocksReceived (DealStatusPaymentChannelAddingFunds)
> Recv: 269 B, Paid 0 FIL, ClientEventPaymentRequested (DealStatusPaymentChannelAddingFunds)
> Recv: 1 MiB, Paid 0 FIL, ClientEventBlocksReceived (DealStatusPaymentChannelAddingFunds)
> Recv: 1 MiB, Paid 0 FIL, ClientEventPaymentChannelReady (DealStatusOngoing)
> Recv: 1 MiB, Paid 0 FIL, ClientEventPaymentRequested (DealStatusFundsNeeded)
> Recv: 1 MiB, Paid 0 FIL, ClientEventSendFunds (DealStatusSendFunds)
> Recv: 1 MiB, Paid 0.00000000000209769 FIL, ClientEventPaymentSent (DealStatusOngoing)
> Recv: 2 MiB, Paid 0.00000000000209769 FIL, ClientEventBlocksReceived (DealStatusOngoing)
> Recv: 2 MiB, Paid 0.00000000000209769 FIL, ClientEventPaymentRequested (DealStatusFundsNeeded)
> Recv: 3 MiB, Paid 0.00000000000209769 FIL, ClientEventBlocksReceived (DealStatusFundsNeeded)
> Recv: 3 MiB, Paid 0.00000000000209769 FIL, ClientEventSendFunds (DealStatusSendFunds)
> Recv: 3 MiB, Paid 0.000000000006291994 FIL, ClientEventPaymentSent (DealStatusOngoing)
> Recv: 4 MiB, Paid 0.000000000006291994 FIL, ClientEventBlocksReceived (DealStatusOngoing)
> Recv: 4 MiB, Paid 0.000000000006291994 FIL, ClientEventLastPaymentRequested (DealStatusFundsNeededLastPayment)
> Recv: 4.769 MiB, Paid 0.000000000006291994 FIL, ClientEventBlocksReceived (DealStatusFundsNeededLastPayment)
> Recv: 4.769 MiB, Paid 0.000000000006291994 FIL, ClientEventAllBlocksReceived (DealStatusSendFundsLastPayment)
> Recv: 4.769 MiB, Paid 0.000000000010000538 FIL, ClientEventPaymentSent (DealStatusFinalizing)
> Recv: 4.769 MiB, Paid 0.000000000010000538 FIL, ClientEventComplete (DealStatusCompleted)
Success
0.08user 0.03system 3:26.13elapsed 0%CPU (0avgtext+0avgdata 38256maxresident)k
0inputs+0outputs (0major+3745minor)pagefaults 0swaps
Skipping ahead

1 wiki.zip.aa.as
Already have log for t07710 6292 bafykbzaceawwbotf4jrqvborghoiol6gm7w2yr3qqndwnypixhxgnkis6hram

0 wiki.zip.ak.bs
Already have log for t07709 6825 bafykbzacec275m52t3dgwehpn2h7dhdqi5bujiwgi2bpbbmbk4e7yaqj2xx4u

0 wiki.zip.af.bc
Already have log for t02404 8515 bafykbzaceatbnbnk7durpkhprbbnjexeqzvfi2aipogu3k6fbbbwrol6gdbm2

0 wiki.zip.ai.ai

0 wiki.zip.ai.bz
Already have log for t03143 2745 bafykbzacedtspcocmuvoffcyhqodvmxbvhx5tazei5to45v7pxzmszvqx3rdm
Already have log for t07710 3748 bafykbzacedtspcocmuvoffcyhqodvmxbvhx5tazei5to45v7pxzmszvqx3rdm
Already have log for t01800 7757 bafykbzacedtspcocmuvoffcyhqodvmxbvhx5tazei5to45v7pxzmszvqx3rdm

0 wiki.zip.ae.az
Already have log for t01247 3121 bafykbzaceaoxwoqlaghyfrgyx3fmcypwbuiptjx2txonyc4zpctgbkmbd6dd4
Already have log for t02385 3605 bafykbzaceaoxwoqlaghyfrgyx3fmcypwbuiptjx2txonyc4zpctgbkmbd6dd4
Already have log for t03345 6460 bafykbzaceaoxwoqlaghyfrgyx3fmcypwbuiptjx2txonyc4zpctgbkmbd6dd4
Retrieving t03638 7444 bafykbzaceaoxwoqlaghyfrgyx3fmcypwbuiptjx2txonyc4zpctgbkmbd6dd4
> Recv: 0 B, Paid 0 FIL, ClientEventOpen (DealStatusNew)
> Recv: 0 B, Paid 0 FIL, ClientEventDealProposed (DealStatusWaitForAcceptance)
> Recv: 0 B, Paid 0 FIL, ClientEventDealAccepted (DealStatusAccepted)
> Recv: 0 B, Paid 0 FIL, ClientEventPaymentChannelAddingFunds (DealStatusPaymentChannelAddingFunds)
> Recv: 0 B, Paid 0 FIL, ClientEventPaymentChannelReady (DealStatusOngoing)
ERROR: retrieval timed out

Command exited with non-zero status 124
0.14user 0.08system 17:00.00elapsed 0%CPU (0avgtext+0avgdata 37492maxresident)k
128inputs+0outputs (1major+3820minor)pagefaults 0swaps
Skipping ahead

1 wiki.zip.ab.ae
Already have log for t02613 7228 bafykbzaceal7swiiwkmmiywtmwiemteuwf4nsl6ypzmnfd6bwl23rg3b3o6n6
Retrieving t03314 9244 bafykbzaceal7swiiwkmmiywtmwiemteuwf4nsl6ypzmnfd6bwl23rg3b3o6n6
> Recv: 0 B, Paid 0 FIL, ClientEventOpen (DealStatusNew)
> Recv: 0 B, Paid 0 FIL, ClientEventDealProposed (DealStatusWaitForAcceptance)
> Recv: 0 B, Paid 0 FIL, ClientEventDealAccepted (DealStatusAccepted)
> Recv: 0 B, Paid 0 FIL, ClientEventPaymentChannelAddingFunds (DealStatusPaymentChannelAddingFunds)
> Recv: 0 B, Paid 0 FIL, ClientEventPaymentChannelReady (DealStatusOngoing)
ERROR: retrieval timed out

Command exited with non-zero status 124
0.15user 0.08system 17:00.01elapsed 0%CPU (0avgtext+0avgdata 34984maxresident)k
7520inputs+0outputs (687major+4415minor)pagefaults 0swaps
Skipping ahead

1 wiki.zip.ag.bq
Already have log for t02420 2639 bafykbzacediqw2pgzbpygpwnzoe2faqckohg5lpy2eja2z2cfxxxyxwz4x77a
Already have log for t07710 4403 bafykbzacediqw2pgzbpygpwnzoe2faqckohg5lpy2eja2z2cfxxxyxwz4x77a
Retrieving t02620 5031 bafykbzacediqw2pgzbpygpwnzoe2faqckohg5lpy2eja2z2cfxxxyxwz4x77a
> Recv: 0 B, Paid 0 FIL, ClientEventOpen (DealStatusNew)
> Recv: 0 B, Paid 0 FIL, ClientEventDealProposed (DealStatusWaitForAcceptance)
> Recv: 0 B, Paid 0 FIL, ClientEventDealAccepted (DealStatusAccepted)
> Recv: 0 B, Paid 0 FIL, ClientEventPaymentChannelAddingFunds (DealStatusPaymentChannelAddingFunds)
> Recv: 0 B, Paid 0 FIL, ClientEventPaymentChannelReady (DealStatusOngoing)
ERROR: retrieval timed out

Command exited with non-zero status 124
0.13user 0.07system 17:00.01elapsed 0%CPU (0avgtext+0avgdata 34852maxresident)k
296inputs+0outputs (32major+3775minor)pagefaults 0swaps
Skipping ahead

1 wiki.zip.al.bq
Already have log for t07709 3328 bafykbzaceccnq4xdqgt4scl3kl576c5gt7tcwththlzppmrdcat37weqwnqaw

0 wiki.zip.ai.ax

0 wiki.zip.ab.ab
Already have log for t03002 6307 bafykbzacea6qidzjmwynfme23uyne63umjvw5apie7fkor7let5v6zqyhaooq

0 wiki.zip.ah.bw
Already have log for t03143 3290 bafykbzacebuw3dqo7zelwe2kbzw5qbu4rhvlbbroxitktynbxfr5zwgfrh6kw
Already have log for t07709 3715 bafykbzacebuw3dqo7zelwe2kbzw5qbu4rhvlbbroxitktynbxfr5zwgfrh6kw
Already have log for t07806 7655 bafykbzacebuw3dqo7zelwe2kbzw5qbu4rhvlbbroxitktynbxfr5zwgfrh6kw

0 wiki.zip.ac.br
Already have log for t07924 4265 bafykbzacecyz3wxk4ur7d6uxkkqaj2mwh25uic2pnnbjzmd5olrdpjbzixfti

0 wiki.zip.ae.aj
Already have log for t03314 4296 bafykbzacecfy6mflcsiqojac7t7n2ar7zd6d3sqke5f7a2tpmsle7cbaos6p4
Already have log for t01800 7407 bafykbzacecfy6mflcsiqojac7t7n2ar7zd6d3sqke5f7a2tpmsle7cbaos6p4

0 wiki.zip.ac.bu
Already have log for t01101 6392 bafykbzacecm3bxtgkamc4m5ftdks22kw3fj64udcjxvmqlbyyun7io3wzyzuw
Already have log for t01799 7343 bafykbzacecm3bxtgkamc4m5ftdks22kw3fj64udcjxvmqlbyyun7io3wzyzuw

0 wiki.zip.ab.ar
Already have log for t02620 5676 bafykbzacedd2mwwca7kgfcvoatzurmtrfcwfd6ejnp24hpfvx266b3ckykcac

0 wiki.zip.af.bd
Already have log for t07709 3644 bafykbzaceae3z35qwvugmk5uiva3zm74wpnxbgyadeopjz5v42zgzm54zsd5m
Already have log for t01101 6507 bafykbzaceae3z35qwvugmk5uiva3zm74wpnxbgyadeopjz5v42zgzm54zsd5m

0 wiki.zip.ad.ac
Already have log for t01289 6393 bafykbzaceahcih6x2xnk5nyi7yb2z2rxr4nwcxzyjlgzbdcfqx5eapss2u7d2

0 wiki.zip.aa.bo

0 wiki.zip.ag.aj
Already have log for t01272 2643 bafykbzacedq72jpabwpp5rxgmifa32hnwfqzaize4r2zyzvlz54tb5i2sxhgc
Already have log for t02540 4375 bafykbzacedq72jpabwpp5rxgmifa32hnwfqzaize4r2zyzvlz54tb5i2sxhgc
Already have log for t03484 5864 bafykbzacedq72jpabwpp5rxgmifa32hnwfqzaize4r2zyzvlz54tb5i2sxhgc

0 wiki.zip.ad.ar
Already have log for t07848 3555 bafykbzacebcvmkpziqrpc4w4t3wjwxxja2dzvmabz6k4gzm42ugqlxg2lmxl6

0 wiki.zip.aa.af
Retrieving t01799 7203 bafykbzacedw3he5ajnoo5qguaywl573rlk2xaxiqc2hcuiknbzddo2qexc6pk
> Recv: 0 B, Paid 0 FIL, ClientEventOpen (DealStatusNew)
> Recv: 0 B, Paid 0 FIL, ClientEventDealProposed (DealStatusWaitForAcceptance)
> Recv: 0 B, Paid 0 FIL, ClientEventDealAccepted (DealStatusAccepted)
2020-08-26T20:07:38.385Z	[34mINFO[0m	rpc	go-jsonrpc@v0.1.2-0.20200822201400-474f4fdccc52/client.go:213	rpc output message buffer	{"n": 2}
> Recv: 269 B, Paid 0 FIL, ClientEventBlocksReceived (DealStatusAccepted)
> Recv: 269 B, Paid 0 FIL, ClientEventPaymentRequested (DealStatusAccepted)
> Recv: 1 MiB, Paid 0 FIL, ClientEventBlocksReceived (DealStatusAccepted)
> Recv: 1 MiB, Paid 0 FIL, ClientEventPaymentChannelAddingFunds (DealStatusPaymentChannelAddingFunds)
> Recv: 1 MiB, Paid 0 FIL, ClientEventPaymentChannelReady (DealStatusOngoing)
> Recv: 1 MiB, Paid 0 FIL, ClientEventPaymentRequested (DealStatusFundsNeeded)
> Recv: 1 MiB, Paid 0 FIL, ClientEventSendFunds (DealStatusSendFunds)
> Recv: 1 MiB, Paid 0.00000000000209769 FIL, ClientEventPaymentSent (DealStatusOngoing)
> Recv: 2 MiB, Paid 0.00000000000209769 FIL, ClientEventBlocksReceived (DealStatusOngoing)
> Recv: 2 MiB, Paid 0.00000000000209769 FIL, ClientEventPaymentRequested (DealStatusFundsNeeded)
> Recv: 3 MiB, Paid 0.00000000000209769 FIL, ClientEventBlocksReceived (DealStatusFundsNeeded)
> Recv: 3 MiB, Paid 0.00000000000209769 FIL, ClientEventSendFunds (DealStatusSendFunds)
> Recv: 3 MiB, Paid 0.000000000006291994 FIL, ClientEventPaymentSent (DealStatusOngoing)
> Recv: 4 MiB, Paid 0.000000000006291994 FIL, ClientEventBlocksReceived (DealStatusOngoing)
> Recv: 4 MiB, Paid 0.000000000006291994 FIL, ClientEventLastPaymentRequested (DealStatusFundsNeededLastPayment)
> Recv: 4.769 MiB, Paid 0.000000000006291994 FIL, ClientEventBlocksReceived (DealStatusFundsNeededLastPayment)
> Recv: 4.769 MiB, Paid 0.000000000006291994 FIL, ClientEventAllBlocksReceived (DealStatusSendFundsLastPayment)
> Recv: 4.769 MiB, Paid 0.000000000010000538 FIL, ClientEventPaymentSent (DealStatusFinalizing)
> Recv: 4.769 MiB, Paid 0.000000000010000538 FIL, ClientEventComplete (DealStatusCompleted)
Success
0.09user 0.03system 5:08.04elapsed 0%CPU (0avgtext+0avgdata 38748maxresident)k
512inputs+0outputs (2major+3836minor)pagefaults 0swaps
Skipping ahead

1 wiki.zip.al.at
Already have log for t03194 5235 bafykbzacedmzntve67yvhysvx2a3xrpcfreosbnftd5ya7upophhrd4kmavog
Already have log for t02385 6919 bafykbzacedmzntve67yvhysvx2a3xrpcfreosbnftd5ya7upophhrd4kmavog

0 wiki.zip.ae.bp

0 wiki.zip.aa.av
Already have log for t01247 2436 bafykbzacedzmh7o56g6xivlxza7kjymqnuba74arp52cnsqnebwwimwvjkffo
Already have log for t02620 5667 bafykbzacedzmh7o56g6xivlxza7kjymqnuba74arp52cnsqnebwwimwvjkffo
Retrieving t07709 7280 bafykbzacedzmh7o56g6xivlxza7kjymqnuba74arp52cnsqnebwwimwvjkffo
> Recv: 0 B, Paid 0 FIL, ClientEventOpen (DealStatusNew)
> Recv: 0 B, Paid 0 FIL, ClientEventDealProposed (DealStatusWaitForAcceptance)
> Recv: 0 B, Paid 0 FIL, ClientEventDealAccepted (DealStatusAccepted)
> Recv: 269 B, Paid 0 FIL, ClientEventBlocksReceived (DealStatusAccepted)
> Recv: 269 B, Paid 0 FIL, ClientEventPaymentRequested (DealStatusAccepted)
> Recv: 1 MiB, Paid 0 FIL, ClientEventBlocksReceived (DealStatusAccepted)
> Recv: 1 MiB, Paid 0 FIL, ClientEventPaymentChannelAddingFunds (DealStatusPaymentChannelAddingFunds)
> Recv: 1 MiB, Paid 0 FIL, ClientEventPaymentChannelReady (DealStatusOngoing)
> Recv: 1 MiB, Paid 0 FIL, ClientEventPaymentRequested (DealStatusFundsNeeded)
> Recv: 1 MiB, Paid 0 FIL, ClientEventSendFunds (DealStatusSendFunds)
> Recv: 1 MiB, Paid 0.00000000000209769 FIL, ClientEventPaymentSent (DealStatusOngoing)
> Recv: 2 MiB, Paid 0.00000000000209769 FIL, ClientEventBlocksReceived (DealStatusOngoing)
> Recv: 2 MiB, Paid 0.00000000000209769 FIL, ClientEventPaymentRequested (DealStatusFundsNeeded)
> Recv: 3 MiB, Paid 0.00000000000209769 FIL, ClientEventBlocksReceived (DealStatusFundsNeeded)
> Recv: 3 MiB, Paid 0.00000000000209769 FIL, ClientEventSendFunds (DealStatusSendFunds)
> Recv: 3 MiB, Paid 0.000000000006291994 FIL, ClientEventPaymentSent (DealStatusOngoing)
> Recv: 4 MiB, Paid 0.000000000006291994 FIL, ClientEventBlocksReceived (DealStatusOngoing)
> Recv: 4 MiB, Paid 0.000000000006291994 FIL, ClientEventLastPaymentRequested (DealStatusFundsNeededLastPayment)
> Recv: 4.769 MiB, Paid 0.000000000006291994 FIL, ClientEventBlocksReceived (DealStatusFundsNeededLastPayment)
> Recv: 4.769 MiB, Paid 0.000000000006291994 FIL, ClientEventAllBlocksReceived (DealStatusSendFundsLastPayment)
> Recv: 4.769 MiB, Paid 0.000000000010000538 FIL, ClientEventPaymentSent (DealStatusFinalizing)
> Recv: 4.769 MiB, Paid 0.000000000010000538 FIL, ClientEventComplete (DealStatusCompleted)
Success
0.12user 0.02system 6:50.76elapsed 0%CPU (0avgtext+0avgdata 38276maxresident)k
0inputs+0outputs (0major+3970minor)pagefaults 0swaps
Skipping ahead

1 wiki.zip.ad.ao
Already have log for t01800 7370 bafykbzaceaom3jyx5tk5bb46bzyf2jtspql6ztkowuz4gkz6upjbaudlb522e

0 wiki.zip.ac.bp
Already have log for t03339 4267 bafykbzacebibikvq6njiwrlw44xduxdqw35i4sxeh2mulgcurdnvvu3w6ci4a
Already have log for t02404 4845 bafykbzacebibikvq6njiwrlw44xduxdqw35i4sxeh2mulgcurdnvvu3w6ci4a
Already have log for t03314 9339 bafykbzacebibikvq6njiwrlw44xduxdqw35i4sxeh2mulgcurdnvvu3w6ci4a

0 wiki.zip.ah.bs
Already have log for t02613 5973 bafykbzacedpq36soqqw27hqgguomvzsbqolpzqyzgwqyjzegdwwfdkeuerfjk

0 wiki.zip.aa.bn
Already have log for t02420 2457 bafykbzacedxv4lg53cahdqvt7czwksxrdn2bog25vu7hxl3rnyjp65jv3ldfa
Already have log for t07709 5680 bafykbzacedxv4lg53cahdqvt7czwksxrdn2bog25vu7hxl3rnyjp65jv3ldfa

0 wiki.zip.aj.at
Already have log for t02301 3751 bafykbzacecq6cse2g4dypjkbbysnooc7lzgxghf2ysuyno2uix2v27ze6acvs
Already have log for t02540 4517 bafykbzacecq6cse2g4dypjkbbysnooc7lzgxghf2ysuyno2uix2v27ze6acvs

0 wiki.zip.ac.bz
Already have log for t07710 7342 bafykbzaceb6wsidmbabbx7vg6xanvh4g7f7yfquznufo7ffqrcau6nskt2udo

0 wiki.zip.ah.bc

0 wiki.zip.al.bj
Already have log for t02404 4619 bafykbzaced36vwjr32soxczchyhjbuvkod62spz4o6flgwvzni5wzluotam5o
Retrieving t03345 7935 bafykbzaced36vwjr32soxczchyhjbuvkod62spz4o6flgwvzni5wzluotam5o
> Recv: 0 B, Paid 0 FIL, ClientEventOpen (DealStatusNew)
> Recv: 0 B, Paid 0 FIL, ClientEventDealProposed (DealStatusWaitForAcceptance)
> Recv: 0 B, Paid 0 FIL, ClientEventDealAccepted (DealStatusAccepted)
> Recv: 0 B, Paid 0 FIL, ClientEventPaymentChannelAddingFunds (DealStatusPaymentChannelAddingFunds)
> Recv: 0 B, Paid 0 FIL, ClientEventPaymentChannelReady (DealStatusOngoing)
ERROR: retrieval timed out

Command exited with non-zero status 124
0.12user 0.09system 17:00.01elapsed 0%CPU (0avgtext+0avgdata 37308maxresident)k
2984inputs+0outputs (36major+3832minor)pagefaults 0swaps
Skipping ahead

1 wiki.zip.aj.bz

0 wiki.zip.aj.aa
Already have log for t03484 6026 bafykbzaced2k4exso2sncfg6eqbftp7upw4bfne2uadxuxzj573pie3ipikf6

0 wiki.zip.ac.az
Already have log for t02419 6375 bafykbzaceakmnpkafzkymcvgfawuj5i43a27p26m45t4jozkgq7tsmpxsejh6
Retrieving t03314 8334 bafykbzaceakmnpkafzkymcvgfawuj5i43a27p26m45t4jozkgq7tsmpxsejh6
> Recv: 0 B, Paid 0 FIL, ClientEventOpen (DealStatusNew)
> Recv: 0 B, Paid 0 FIL, ClientEventDealProposed (DealStatusWaitForAcceptance)
> Recv: 0 B, Paid 0 FIL, ClientEventDealAccepted (DealStatusAccepted)
> Recv: 0 B, Paid 0 FIL, ClientEventPaymentChannelAddingFunds (DealStatusPaymentChannelAddingFunds)
> Recv: 0 B, Paid 0 FIL, ClientEventPaymentChannelReady (DealStatusOngoing)
ERROR: retrieval timed out

Command exited with non-zero status 124
0.13user 0.05system 17:00.01elapsed 0%CPU (0avgtext+0avgdata 36972maxresident)k
1392inputs+0outputs (45major+3811minor)pagefaults 0swaps
Skipping ahead

1 wiki.zip.ab.bl
Already have log for t07848 3489 bafykbzacebhds25hizflg5qdwlxeg4dltaxrje5damaczv5l5ip7mpe2i762k

0 wiki.zip.ad.bz
Already have log for t07709 4879 bafykbzaceahk6rxysl2u3ebjr7l5c66ehumauqczmdm2skerxrbu6ycrjxcz2
Already have log for t02540 6422 bafykbzaceahk6rxysl2u3ebjr7l5c66ehumauqczmdm2skerxrbu6ycrjxcz2

0 wiki.zip.ai.br
Retrieving t02665 4520 bafykbzacebjirfengfly532j7idw4xaoemsvhvj5jxqmzbkqvqnshwhgaxuqc
> Recv: 0 B, Paid 0 FIL, ClientEventOpen (DealStatusNew)
> Recv: 0 B, Paid 0 FIL, ClientEventDealProposed (DealStatusWaitForAcceptance)
> Recv: 0 B, Paid 0 FIL, ClientEventDealAccepted (DealStatusAccepted)
> Recv: 269 B, Paid 0 FIL, ClientEventBlocksReceived (DealStatusAccepted)
> Recv: 269 B, Paid 0 FIL, ClientEventPaymentRequested (DealStatusAccepted)
> Recv: 1 MiB, Paid 0 FIL, ClientEventBlocksReceived (DealStatusAccepted)
> Recv: 1 MiB, Paid 0 FIL, ClientEventPaymentChannelAddingFunds (DealStatusPaymentChannelAddingFunds)
> Recv: 1 MiB, Paid 0 FIL, ClientEventPaymentChannelReady (DealStatusOngoing)
> Recv: 1 MiB, Paid 0 FIL, ClientEventPaymentRequested (DealStatusFundsNeeded)
> Recv: 1 MiB, Paid 0 FIL, ClientEventSendFunds (DealStatusSendFunds)
> Recv: 1 MiB, Paid 0.00000000000209769 FIL, ClientEventPaymentSent (DealStatusOngoing)
> Recv: 2 MiB, Paid 0.00000000000209769 FIL, ClientEventBlocksReceived (DealStatusOngoing)
> Recv: 2 MiB, Paid 0.00000000000209769 FIL, ClientEventPaymentRequested (DealStatusFundsNeeded)
> Recv: 3 MiB, Paid 0.00000000000209769 FIL, ClientEventBlocksReceived (DealStatusFundsNeeded)
> Recv: 3 MiB, Paid 0.00000000000209769 FIL, ClientEventSendFunds (DealStatusSendFunds)
> Recv: 3 MiB, Paid 0.000000000006291994 FIL, ClientEventPaymentSent (DealStatusOngoing)
> Recv: 4 MiB, Paid 0.000000000006291994 FIL, ClientEventBlocksReceived (DealStatusOngoing)
> Recv: 4 MiB, Paid 0.000000000006291994 FIL, ClientEventLastPaymentRequested (DealStatusFundsNeededLastPayment)
> Recv: 4.769 MiB, Paid 0.000000000006291994 FIL, ClientEventBlocksReceived (DealStatusFundsNeededLastPayment)
> Recv: 4.769 MiB, Paid 0.000000000006291994 FIL, ClientEventAllBlocksReceived (DealStatusSendFundsLastPayment)
> Recv: 4.769 MiB, Paid 0.000000000010000538 FIL, ClientEventPaymentSent (DealStatusFinalizing)
> Recv: 4.769 MiB, Paid 0.000000000010000538 FIL, ClientEventComplete (DealStatusCompleted)
Success
0.05user 0.03system 3:27.59elapsed 0%CPU (0avgtext+0avgdata 38160maxresident)k
472inputs+0outputs (2major+3844minor)pagefaults 0swaps
Skipping ahead

1 wiki.zip.ab.as

0 wiki.zip.ak.an
Already have log for t02620 2775 bafykbzacecqujwyti4mzgwitk4zumpzzb7rszm6bvjtw7bpxioy7vqprinzfc
Already have log for t02424 3780 bafykbzacecqujwyti4mzgwitk4zumpzzb7rszm6bvjtw7bpxioy7vqprinzfc

0 wiki.zip.am.bw
Already have log for t01102 2954 bafykbzacebv4co5cw5omd24axbcadypd4pwrkbu4flgck5rzalwv7yofgddta
Already have log for t02420 3379 bafykbzacebv4co5cw5omd24axbcadypd4pwrkbu4flgck5rzalwv7yofgddta
Already have log for t03314 8057 bafykbzacebv4co5cw5omd24axbcadypd4pwrkbu4flgck5rzalwv7yofgddta

0 wiki.zip.ai.au
Retrieving t01102 8684 bafykbzacebijs5ntmeu4azk2ajjd3fi6r4kajds4bod4ne53tsda2pbzlnivw
> Recv: 0 B, Paid 0 FIL, ClientEventOpen (DealStatusNew)
> Recv: 0 B, Paid 0 FIL, ClientEventDealProposed (DealStatusWaitForAcceptance)
> Recv: 0 B, Paid 0 FIL, ClientEventDealAccepted (DealStatusAccepted)
> Recv: 0 B, Paid 0 FIL, ClientEventPaymentChannelAddingFunds (DealStatusPaymentChannelAddingFunds)
> Recv: 269 B, Paid 0 FIL, ClientEventBlocksReceived (DealStatusPaymentChannelAddingFunds)
> Recv: 269 B, Paid 0 FIL, ClientEventPaymentRequested (DealStatusPaymentChannelAddingFunds)
2020-08-26T20:59:30.317Z	[34mINFO[0m	rpc	go-jsonrpc@v0.1.2-0.20200822201400-474f4fdccc52/client.go:213	rpc output message buffer	{"n": 2}
> Recv: 1 MiB, Paid 0 FIL, ClientEventBlocksReceived (DealStatusPaymentChannelAddingFunds)
> Recv: 1 MiB, Paid 0 FIL, ClientEventPaymentChannelReady (DealStatusOngoing)
> Recv: 1 MiB, Paid 0 FIL, ClientEventPaymentRequested (DealStatusFundsNeeded)
> Recv: 1 MiB, Paid 0 FIL, ClientEventSendFunds (DealStatusSendFunds)
> Recv: 1 MiB, Paid 0.00000000000209769 FIL, ClientEventPaymentSent (DealStatusOngoing)
> Recv: 2 MiB, Paid 0.00000000000209769 FIL, ClientEventBlocksReceived (DealStatusOngoing)
> Recv: 2 MiB, Paid 0.00000000000209769 FIL, ClientEventPaymentRequested (DealStatusFundsNeeded)
> Recv: 3 MiB, Paid 0.00000000000209769 FIL, ClientEventBlocksReceived (DealStatusFundsNeeded)
> Recv: 3 MiB, Paid 0.00000000000209769 FIL, ClientEventSendFunds (DealStatusSendFunds)
> Recv: 3 MiB, Paid 0.000000000006291994 FIL, ClientEventPaymentSent (DealStatusOngoing)
> Recv: 4 MiB, Paid 0.000000000006291994 FIL, ClientEventBlocksReceived (DealStatusOngoing)
> Recv: 4 MiB, Paid 0.000000000006291994 FIL, ClientEventLastPaymentRequested (DealStatusFundsNeededLastPayment)
> Recv: 4.769 MiB, Paid 0.000000000006291994 FIL, ClientEventBlocksReceived (DealStatusFundsNeededLastPayment)
> Recv: 4.769 MiB, Paid 0.000000000006291994 FIL, ClientEventAllBlocksReceived (DealStatusSendFundsLastPayment)
> Recv: 4.769 MiB, Paid 0.000000000010000538 FIL, ClientEventPaymentSent (DealStatusFinalizing)
> Recv: 4.769 MiB, Paid 0.000000000010000538 FIL, ClientEventComplete (DealStatusCompleted)
Success
0.05user 0.06system 3:22.26elapsed 0%CPU (0avgtext+0avgdata 38692maxresident)k
128inputs+0outputs (1major+3804minor)pagefaults 0swaps
Skipping ahead

1 wiki.zip.ab.al

0 wiki.zip.ag.br

0 wiki.zip.ad.bm

0 wiki.zip.aj.bx

0 wiki.zip.ak.ap
Already have log for t02404 5175 bafykbzacebpcgpwn6jodorbuzv42lzj7vldka2q5avuzhalurbaehfbqcxrig

0 wiki.zip.ai.bq
Already have log for t07848 3736 bafykbzacedv6vzggxh4dqqtvjg7xihyly2du47hw33ofmw5s5fk24zmyfigbc
Already have log for t02613 6018 bafykbzacedv6vzggxh4dqqtvjg7xihyly2du47hw33ofmw5s5fk24zmyfigbc

0 wiki.zip.aa.bl
Already have log for t02540 4178 bafykbzaceduodxoohjjvdxi2p6yt3bxdgbvb3pqkoine6elnz47c7jdr33wge
Already have log for t07829 7269 bafykbzaceduodxoohjjvdxi2p6yt3bxdgbvb3pqkoine6elnz47c7jdr33wge

0 wiki.zip.am.aa
Already have log for t02404 6948 bafykbzacebwjwl7c3iyz4qgq3q7yegq3tm5iho3k4beli6dvrkusxys5kxpxu
Already have log for t03314 7958 bafykbzacebwjwl7c3iyz4qgq3q7yegq3tm5iho3k4beli6dvrkusxys5kxpxu

0 wiki.zip.al.bd
Retrieving t07829 6130 bafykbzacecbsfhkdbh2obv4wcpkix6lnfheykt6l6ksycrlzvdjr6zluim3dq
> Recv: 0 B, Paid 0 FIL, ClientEventOpen (DealStatusNew)
> Recv: 0 B, Paid 0 FIL, ClientEventDealProposed (DealStatusWaitForAcceptance)
> Recv: 0 B, Paid 0 FIL, ClientEventDealAccepted (DealStatusAccepted)
> Recv: 0 B, Paid 0 FIL, ClientEventPaymentChannelAddingFunds (DealStatusPaymentChannelAddingFunds)
> Recv: 0 B, Paid 0 FIL, ClientEventPaymentChannelReady (DealStatusOngoing)
Success
0.10user 0.10system 13:43.95elapsed 0%CPU (0avgtext+0avgdata 37088maxresident)k
256inputs+0outputs (3major+3831minor)pagefaults 0swaps
Skipping ahead

1 wiki.zip.af.bu
Already have log for t01247 2622 bafykbzaceappuej43ivptade47taymcnm2yturlq5ejsudvj5q2hpzg6xxaqy

0 wiki.zip.aj.br
Already have log for t02304 7809 bafykbzaceavqoxgfn7pvwvlz5q62ia7kvugt5aqzhq2j5gkvkdtqhs663czy4

0 wiki.zip.ah.ah

0 wiki.zip.aa.bd
Already have log for t02540 5672 bafykbzacebkxbgqrfp6in3wpyzeyrpkejnukax22rpfhh7h4ne62j53oyd7ju
Already have log for t07709 8250 bafykbzacebkxbgqrfp6in3wpyzeyrpkejnukax22rpfhh7h4ne62j53oyd7ju

0 wiki.zip.ab.bk
Already have log for t02424 4799 bafykbzaced25h7gea5lt4d52i5swxvn4vuunidg7ycnsqfotcwdzimhkew52e

0 wiki.zip.aa.bx
Already have log for t03143 2471 bafykbzaceb3cjzoussqix5srjdsayijp5ut5t4t6r5lolxsxgq3ely5v77g54
Already have log for t02404 6265 bafykbzaceb3cjzoussqix5srjdsayijp5ut5t4t6r5lolxsxgq3ely5v77g54

0 wiki.zip.ab.bv
Already have log for t02613 6346 bafykbzacec66td2taeqgeflexc67vuvkznsztvn3pqnxm4kj5flnqowsd4jfo

0 wiki.zip.ac.bn
Already have log for t02404 6360 bafykbzaceav4m2yjynlsmc5q4knbs2npgwjmonfn5ta4wcy4jha32lunjnsmm
Already have log for t07998 8386 bafykbzaceav4m2yjynlsmc5q4knbs2npgwjmonfn5ta4wcy4jha32lunjnsmm

0 wiki.zip.ak.bw
Already have log for t03143 3817 bafykbzacecngcoapf2snstyfq5g3uxmk4ckyw3p3ye2gqv33mfd3owe4kz2wm
Already have log for t02540 4604 bafykbzacecngcoapf2snstyfq5g3uxmk4ckyw3p3ye2gqv33mfd3owe4kz2wm

0 wiki.zip.aj.al
Already have log for t02404 6740 bafykbzacecyeqhofvajikwifqdiobuvigczdf7u2pedtj3f7rv377bsjsyaum

0 wiki.zip.af.bo
Already have log for t02385 3674 bafykbzacebejhkloycho4jyssmvhdmylgjgjy3f64d5zcb5zrc6ee6cnk2r7g
Already have log for t02424 4949 bafykbzacebejhkloycho4jyssmvhdmylgjgjy3f64d5zcb5zrc6ee6cnk2r7g
Already have log for t07998 6519 bafykbzacebejhkloycho4jyssmvhdmylgjgjy3f64d5zcb5zrc6ee6cnk2r7g

0 wiki.zip.ai.aj
Already have log for t03314 7678 bafykbzacea27snyixjza2y2ktjlz4eiq63ho7iho5irjmajpukziuvzntvjgc

0 wiki.zip.ad.bc

0 wiki.zip.ah.bu
Already have log for t02658 5979 bafykbzacecwxgmxjl7eno7zrzsrwzprtv4ychmoamsukzplh5r4vwhhfwlb7c
Retrieving t07709 7650 bafykbzacecwxgmxjl7eno7zrzsrwzprtv4ychmoamsukzplh5r4vwhhfwlb7c
ERROR: dial tcp 127.0.0.1:1234: connect: connection refused

Command exited with non-zero status 1
0.03user 0.02system 0:00.05elapsed 105%CPU (0avgtext+0avgdata 36796maxresident)k
0inputs+0outputs (0major+3659minor)pagefaults 0swaps
Skipping ahead

1 wiki.zip.am.aq
Already have log for t02385 6966 bafykbzacedufd6y32f5dsx5v4cyw6pd27uqjea6isktxziqrbmepihftecqta

0 wiki.zip.ae.am
Already have log for t07956 4893 bafykbzacebq7yhzu5qawemohh4ivc3la4cjepxrllznjcgeuw2zjl3eg46fpe

0 wiki.zip.ac.bj

0 wiki.zip.ad.ah
Already have log for t03345 7355 bafykbzacedjujfzgowbqfdzj3gq375nmlb6zsqiyeiu5iphhv542b3umszh5k

0 wiki.zip.ai.ah
Already have log for t07709 8658 bafykbzaceblyqgamx7wbdvkgfdrqwwym76buizu52fkyaqpotidgi7pt5jnjc

0 wiki.zip.ag.am
Already have log for t03314 7531 bafykbzaceddrcog5jsr74whzbasv7dj3gxg7lqwgt7ekv6mupcbfzamnrfuoi
Already have log for t07709 8549 bafykbzaceddrcog5jsr74whzbasv7dj3gxg7lqwgt7ekv6mupcbfzamnrfuoi

0 wiki.zip.ak.ca
Already have log for t02301 3820 bafykbzaceclfu4m2g4ol5hhcohlwdnukrtslfcipz7cjal7af67svze7ptwpw
Already have log for t03345 6881 bafykbzaceclfu4m2g4ol5hhcohlwdnukrtslfcipz7cjal7af67svze7ptwpw

0 wiki.zip.ad.at
Already have log for t02665 3040 bafykbzacec4cdwjpy3nqg5cufel5ejzbg7j72wlxnooqf4s7o36j4tmt623tq
Already have log for t02385 5766 bafykbzacec4cdwjpy3nqg5cufel5ejzbg7j72wlxnooqf4s7o36j4tmt623tq
Retrieving t07709 8421 bafykbzacec4cdwjpy3nqg5cufel5ejzbg7j72wlxnooqf4s7o36j4tmt623tq
