1 wiki.zip.aa.aa
2 wiki.zip.aa.ab
3 wiki.zip.aa.ac
4 wiki.zip.aa.ad
5 wiki.zip.aa.ae
6 wiki.zip.aa.af
1 wiki.zip.aa.aa
7 wiki.zip.aa.ag
8 wiki.zip.aa.ah
2 wiki.zip.aa.ab
9 wiki.zip.aa.ai
3 wiki.zip.aa.ac
10 wiki.zip.aa.aj
4 wiki.zip.aa.ad
11 wiki.zip.aa.ak
12 wiki.zip.aa.al
5 wiki.zip.aa.ae
6 wiki.zip.aa.af
13 wiki.zip.aa.am
14 wiki.zip.aa.an
7 wiki.zip.aa.ag
15 wiki.zip.aa.ao
8 wiki.zip.aa.ah
16 wiki.zip.aa.ap
9 wiki.zip.aa.ai
17 wiki.zip.aa.aq
10 wiki.zip.aa.aj
18 wiki.zip.aa.ar
11 wiki.zip.aa.ak
19 wiki.zip.aa.as
12 wiki.zip.aa.al
20 wiki.zip.aa.at
21 wiki.zip.aa.au
13 wiki.zip.aa.am
22 wiki.zip.aa.av
14 wiki.zip.aa.an
23 wiki.zip.aa.aw
15 wiki.zip.aa.ao
24 wiki.zip.aa.ax
16 wiki.zip.aa.ap
25 wiki.zip.aa.ay
17 wiki.zip.aa.aq
18 wiki.zip.aa.ar
26 wiki.zip.aa.az
27 wiki.zip.aa.ba
19 wiki.zip.aa.as
28 wiki.zip.aa.bb
20 wiki.zip.aa.at
29 wiki.zip.aa.bc
21 wiki.zip.aa.au
30 wiki.zip.aa.bd
22 wiki.zip.aa.av
31 wiki.zip.aa.be
23 wiki.zip.aa.aw
32 wiki.zip.aa.bf
24 wiki.zip.aa.ax
33 wiki.zip.aa.bg
25 wiki.zip.aa.ay
34 wiki.zip.aa.bh
26 wiki.zip.aa.az
35 wiki.zip.aa.bi
27 wiki.zip.aa.ba
36 wiki.zip.aa.bj
28 wiki.zip.aa.bb
37 wiki.zip.aa.bk
29 wiki.zip.aa.bc
38 wiki.zip.aa.bl
30 wiki.zip.aa.bd
39 wiki.zip.aa.bm
31 wiki.zip.aa.be
40 wiki.zip.aa.bn
32 wiki.zip.aa.bf
41 wiki.zip.aa.bo
33 wiki.zip.aa.bg
42 wiki.zip.aa.bp
34 wiki.zip.aa.bh
43 wiki.zip.aa.bq
35 wiki.zip.aa.bi
44 wiki.zip.aa.br
36 wiki.zip.aa.bj
45 wiki.zip.aa.bs
37 wiki.zip.aa.bk
46 wiki.zip.aa.bt
38 wiki.zip.aa.bl
47 wiki.zip.aa.bu
39 wiki.zip.aa.bm
48 wiki.zip.aa.bv
40 wiki.zip.aa.bn
49 wiki.zip.aa.bw
41 wiki.zip.aa.bo
50 wiki.zip.aa.bx
42 wiki.zip.aa.bp
51 wiki.zip.aa.by
43 wiki.zip.aa.bq
52 wiki.zip.aa.bz
44 wiki.zip.aa.br
53 wiki.zip.aa.ca
45 wiki.zip.aa.bs
54 wiki.zip.ab.aa
46 wiki.zip.aa.bt
55 wiki.zip.ab.ab
47 wiki.zip.aa.bu
56 wiki.zip.ab.ac
48 wiki.zip.aa.bv
57 wiki.zip.ab.ad
49 wiki.zip.aa.bw
58 wiki.zip.ab.ae
50 wiki.zip.aa.bx
59 wiki.zip.ab.af
51 wiki.zip.aa.by
60 wiki.zip.ab.ag
52 wiki.zip.aa.bz
61 wiki.zip.ab.ah
53 wiki.zip.aa.ca
62 wiki.zip.ab.ai
54 wiki.zip.ab.aa
63 wiki.zip.ab.aj
55 wiki.zip.ab.ab
64 wiki.zip.ab.ak
56 wiki.zip.ab.ac
65 wiki.zip.ab.al
57 wiki.zip.ab.ad
66 wiki.zip.ab.am
58 wiki.zip.ab.ae
67 wiki.zip.ab.an
59 wiki.zip.ab.af
68 wiki.zip.ab.ao
60 wiki.zip.ab.ag
69 wiki.zip.ab.ap
61 wiki.zip.ab.ah
70 wiki.zip.ab.aq
62 wiki.zip.ab.ai
71 wiki.zip.ab.ar
63 wiki.zip.ab.aj
72 wiki.zip.ab.as
64 wiki.zip.ab.ak
73 wiki.zip.ab.at
65 wiki.zip.ab.al
74 wiki.zip.ab.au
66 wiki.zip.ab.am
75 wiki.zip.ab.av
67 wiki.zip.ab.an
76 wiki.zip.ab.aw
68 wiki.zip.ab.ao
77 wiki.zip.ab.ax
69 wiki.zip.ab.ap
78 wiki.zip.ab.ay
70 wiki.zip.ab.aq
79 wiki.zip.ab.az
71 wiki.zip.ab.ar
80 wiki.zip.ab.ba
72 wiki.zip.ab.as
81 wiki.zip.ab.bb
73 wiki.zip.ab.at
82 wiki.zip.ab.bc
74 wiki.zip.ab.au
83 wiki.zip.ab.bd
75 wiki.zip.ab.av
84 wiki.zip.ab.be
76 wiki.zip.ab.aw
85 wiki.zip.ab.bf
77 wiki.zip.ab.ax
78 wiki.zip.ab.ay
86 wiki.zip.ab.bg
87 wiki.zip.ab.bh
79 wiki.zip.ab.az
80 wiki.zip.ab.ba
88 wiki.zip.ab.bi
81 wiki.zip.ab.bb
89 wiki.zip.ab.bj
82 wiki.zip.ab.bc
90 wiki.zip.ab.bk
83 wiki.zip.ab.bd
91 wiki.zip.ab.bl
84 wiki.zip.ab.be
92 wiki.zip.ab.bm
85 wiki.zip.ab.bf
93 wiki.zip.ab.bn
86 wiki.zip.ab.bg
87 wiki.zip.ab.bh
94 wiki.zip.ab.bo
95 wiki.zip.ab.bp
88 wiki.zip.ab.bi
89 wiki.zip.ab.bj
96 wiki.zip.ab.bq
97 wiki.zip.ab.br
90 wiki.zip.ab.bk
91 wiki.zip.ab.bl
98 wiki.zip.ab.bs
99 wiki.zip.ab.bt
92 wiki.zip.ab.bm
93 wiki.zip.ab.bn
100 wiki.zip.ab.bu
101 wiki.zip.ab.bv
94 wiki.zip.ab.bo
102 wiki.zip.ab.bw
95 wiki.zip.ab.bp
96 wiki.zip.ab.bq
103 wiki.zip.ab.bx
97 wiki.zip.ab.br
104 wiki.zip.ab.by
98 wiki.zip.ab.bs
105 wiki.zip.ab.bz
99 wiki.zip.ab.bt
106 wiki.zip.ab.ca
100 wiki.zip.ab.bu
107 wiki.zip.ac.aa
101 wiki.zip.ab.bv
108 wiki.zip.ac.ab
102 wiki.zip.ab.bw
109 wiki.zip.ac.ac
103 wiki.zip.ab.bx
110 wiki.zip.ac.ad
104 wiki.zip.ab.by
111 wiki.zip.ac.ae
105 wiki.zip.ab.bz
112 wiki.zip.ac.af
106 wiki.zip.ab.ca
113 wiki.zip.ac.ag
107 wiki.zip.ac.aa
114 wiki.zip.ac.ah
115 wiki.zip.ac.ai
108 wiki.zip.ac.ab
116 wiki.zip.ac.aj
109 wiki.zip.ac.ac
117 wiki.zip.ac.ak
110 wiki.zip.ac.ad
118 wiki.zip.ac.al
111 wiki.zip.ac.ae
119 wiki.zip.ac.am
112 wiki.zip.ac.af
120 wiki.zip.ac.an
113 wiki.zip.ac.ag
114 wiki.zip.ac.ah
121 wiki.zip.ac.ao
115 wiki.zip.ac.ai
122 wiki.zip.ac.ap
116 wiki.zip.ac.aj
123 wiki.zip.ac.aq
117 wiki.zip.ac.ak
124 wiki.zip.ac.ar
118 wiki.zip.ac.al
125 wiki.zip.ac.as
119 wiki.zip.ac.am
126 wiki.zip.ac.at
120 wiki.zip.ac.an
127 wiki.zip.ac.au
121 wiki.zip.ac.ao
128 wiki.zip.ac.av
122 wiki.zip.ac.ap
129 wiki.zip.ac.aw
123 wiki.zip.ac.aq
130 wiki.zip.ac.ax
124 wiki.zip.ac.ar
131 wiki.zip.ac.ay
125 wiki.zip.ac.as
132 wiki.zip.ac.az
126 wiki.zip.ac.at
133 wiki.zip.ac.ba
134 wiki.zip.ac.bb
127 wiki.zip.ac.au
128 wiki.zip.ac.av
135 wiki.zip.ac.bc
129 wiki.zip.ac.aw
136 wiki.zip.ac.bd
130 wiki.zip.ac.ax
137 wiki.zip.ac.be
131 wiki.zip.ac.ay
138 wiki.zip.ac.bf
132 wiki.zip.ac.az
139 wiki.zip.ac.bg
140 wiki.zip.ac.bh
133 wiki.zip.ac.ba
134 wiki.zip.ac.bb
141 wiki.zip.ac.bi
135 wiki.zip.ac.bc
142 wiki.zip.ac.bj
136 wiki.zip.ac.bd
143 wiki.zip.ac.bk
137 wiki.zip.ac.be
144 wiki.zip.ac.bl
138 wiki.zip.ac.bf
145 wiki.zip.ac.bm
139 wiki.zip.ac.bg
146 wiki.zip.ac.bn
140 wiki.zip.ac.bh
147 wiki.zip.ac.bo
141 wiki.zip.ac.bi
148 wiki.zip.ac.bp
142 wiki.zip.ac.bj
149 wiki.zip.ac.bq
143 wiki.zip.ac.bk
150 wiki.zip.ac.br
144 wiki.zip.ac.bl
151 wiki.zip.ac.bs
145 wiki.zip.ac.bm
152 wiki.zip.ac.bt
146 wiki.zip.ac.bn
153 wiki.zip.ac.bu
147 wiki.zip.ac.bo
154 wiki.zip.ac.bv
148 wiki.zip.ac.bp
155 wiki.zip.ac.bw
149 wiki.zip.ac.bq
156 wiki.zip.ac.bx
150 wiki.zip.ac.br
157 wiki.zip.ac.by
151 wiki.zip.ac.bs
158 wiki.zip.ac.bz
152 wiki.zip.ac.bt
159 wiki.zip.ac.ca
153 wiki.zip.ac.bu
160 wiki.zip.ad.aa
154 wiki.zip.ac.bv
161 wiki.zip.ad.ab
155 wiki.zip.ac.bw
162 wiki.zip.ad.ac
156 wiki.zip.ac.bx
163 wiki.zip.ad.ad
157 wiki.zip.ac.by
164 wiki.zip.ad.ae
158 wiki.zip.ac.bz
165 wiki.zip.ad.af
159 wiki.zip.ac.ca
166 wiki.zip.ad.ag
160 wiki.zip.ad.aa
167 wiki.zip.ad.ah
161 wiki.zip.ad.ab
168 wiki.zip.ad.ai
162 wiki.zip.ad.ac
163 wiki.zip.ad.ad
169 wiki.zip.ad.aj
164 wiki.zip.ad.ae
170 wiki.zip.ad.ak
165 wiki.zip.ad.af
171 wiki.zip.ad.al
166 wiki.zip.ad.ag
172 wiki.zip.ad.am
167 wiki.zip.ad.ah
173 wiki.zip.ad.an
174 wiki.zip.ad.ao
168 wiki.zip.ad.ai
169 wiki.zip.ad.aj
175 wiki.zip.ad.ap
170 wiki.zip.ad.ak
176 wiki.zip.ad.aq
171 wiki.zip.ad.al
177 wiki.zip.ad.ar
172 wiki.zip.ad.am
178 wiki.zip.ad.as
173 wiki.zip.ad.an
179 wiki.zip.ad.at
174 wiki.zip.ad.ao
180 wiki.zip.ad.au
175 wiki.zip.ad.ap
181 wiki.zip.ad.av
176 wiki.zip.ad.aq
182 wiki.zip.ad.aw
183 wiki.zip.ad.ax
177 wiki.zip.ad.ar
184 wiki.zip.ad.ay
178 wiki.zip.ad.as
185 wiki.zip.ad.az
186 wiki.zip.ad.ba
179 wiki.zip.ad.at
180 wiki.zip.ad.au
187 wiki.zip.ad.bb
188 wiki.zip.ad.bc
181 wiki.zip.ad.av
182 wiki.zip.ad.aw
189 wiki.zip.ad.bd
183 wiki.zip.ad.ax
190 wiki.zip.ad.be
191 wiki.zip.ad.bf
184 wiki.zip.ad.ay
185 wiki.zip.ad.az
192 wiki.zip.ad.bg
186 wiki.zip.ad.ba
193 wiki.zip.ad.bh
187 wiki.zip.ad.bb
194 wiki.zip.ad.bi
188 wiki.zip.ad.bc
195 wiki.zip.ad.bj
189 wiki.zip.ad.bd
196 wiki.zip.ad.bk
190 wiki.zip.ad.be
197 wiki.zip.ad.bl
191 wiki.zip.ad.bf
192 wiki.zip.ad.bg
198 wiki.zip.ad.bm
193 wiki.zip.ad.bh
199 wiki.zip.ad.bn
194 wiki.zip.ad.bi
200 wiki.zip.ad.bo
195 wiki.zip.ad.bj
201 wiki.zip.ad.bp
196 wiki.zip.ad.bk
202 wiki.zip.ad.bq
197 wiki.zip.ad.bl
203 wiki.zip.ad.br
198 wiki.zip.ad.bm
204 wiki.zip.ad.bs
199 wiki.zip.ad.bn
200 wiki.zip.ad.bo
205 wiki.zip.ad.bt
201 wiki.zip.ad.bp
206 wiki.zip.ad.bu
202 wiki.zip.ad.bq
207 wiki.zip.ad.bv
203 wiki.zip.ad.br
208 wiki.zip.ad.bw
204 wiki.zip.ad.bs
209 wiki.zip.ad.bx
205 wiki.zip.ad.bt
210 wiki.zip.ad.by
206 wiki.zip.ad.bu
211 wiki.zip.ad.bz
207 wiki.zip.ad.bv
212 wiki.zip.ad.ca
208 wiki.zip.ad.bw
213 wiki.zip.ae.aa
209 wiki.zip.ad.bx
214 wiki.zip.ae.ab
210 wiki.zip.ad.by
215 wiki.zip.ae.ac
211 wiki.zip.ad.bz
216 wiki.zip.ae.ad
212 wiki.zip.ad.ca
217 wiki.zip.ae.ae
213 wiki.zip.ae.aa
218 wiki.zip.ae.af
214 wiki.zip.ae.ab
219 wiki.zip.ae.ag
215 wiki.zip.ae.ac
220 wiki.zip.ae.ah
216 wiki.zip.ae.ad
221 wiki.zip.ae.ai
217 wiki.zip.ae.ae
222 wiki.zip.ae.aj
218 wiki.zip.ae.af
223 wiki.zip.ae.ak
219 wiki.zip.ae.ag
224 wiki.zip.ae.al
220 wiki.zip.ae.ah
225 wiki.zip.ae.am
221 wiki.zip.ae.ai
226 wiki.zip.ae.an
222 wiki.zip.ae.aj
227 wiki.zip.ae.ao
223 wiki.zip.ae.ak
228 wiki.zip.ae.ap
224 wiki.zip.ae.al
229 wiki.zip.ae.aq
225 wiki.zip.ae.am
230 wiki.zip.ae.ar
226 wiki.zip.ae.an
231 wiki.zip.ae.as
227 wiki.zip.ae.ao
232 wiki.zip.ae.at
228 wiki.zip.ae.ap
233 wiki.zip.ae.au
229 wiki.zip.ae.aq
234 wiki.zip.ae.av
230 wiki.zip.ae.ar
235 wiki.zip.ae.aw
236 wiki.zip.ae.ax
231 wiki.zip.ae.as
237 wiki.zip.ae.ay
232 wiki.zip.ae.at
238 wiki.zip.ae.az
233 wiki.zip.ae.au
239 wiki.zip.ae.ba
234 wiki.zip.ae.av
240 wiki.zip.ae.bb
235 wiki.zip.ae.aw
241 wiki.zip.ae.bc
236 wiki.zip.ae.ax
242 wiki.zip.ae.bd
237 wiki.zip.ae.ay
243 wiki.zip.ae.be
238 wiki.zip.ae.az
244 wiki.zip.ae.bf
239 wiki.zip.ae.ba
245 wiki.zip.ae.bg
240 wiki.zip.ae.bb
241 wiki.zip.ae.bc
246 wiki.zip.ae.bh
242 wiki.zip.ae.bd
247 wiki.zip.ae.bi
243 wiki.zip.ae.be
248 wiki.zip.ae.bj
244 wiki.zip.ae.bf
249 wiki.zip.ae.bk
245 wiki.zip.ae.bg
250 wiki.zip.ae.bl
246 wiki.zip.ae.bh
251 wiki.zip.ae.bm
247 wiki.zip.ae.bi
252 wiki.zip.ae.bn
248 wiki.zip.ae.bj
253 wiki.zip.ae.bo
249 wiki.zip.ae.bk
250 wiki.zip.ae.bl
254 wiki.zip.ae.bp
251 wiki.zip.ae.bm
255 wiki.zip.ae.bq
252 wiki.zip.ae.bn
256 wiki.zip.ae.br
253 wiki.zip.ae.bo
257 wiki.zip.ae.bs
254 wiki.zip.ae.bp
258 wiki.zip.ae.bt
255 wiki.zip.ae.bq
259 wiki.zip.ae.bu
256 wiki.zip.ae.br
260 wiki.zip.ae.bv
257 wiki.zip.ae.bs
261 wiki.zip.ae.bw
258 wiki.zip.ae.bt
262 wiki.zip.ae.bx
259 wiki.zip.ae.bu
263 wiki.zip.ae.by
260 wiki.zip.ae.bv
264 wiki.zip.ae.bz
261 wiki.zip.ae.bw
265 wiki.zip.ae.ca
262 wiki.zip.ae.bx
266 wiki.zip.af.aa
263 wiki.zip.ae.by
267 wiki.zip.af.ab
264 wiki.zip.ae.bz
268 wiki.zip.af.ac
265 wiki.zip.ae.ca
269 wiki.zip.af.ad
266 wiki.zip.af.aa
270 wiki.zip.af.ae
267 wiki.zip.af.ab
271 wiki.zip.af.af
268 wiki.zip.af.ac
269 wiki.zip.af.ad
272 wiki.zip.af.ag
270 wiki.zip.af.ae
273 wiki.zip.af.ah
274 wiki.zip.af.ai
271 wiki.zip.af.af
275 wiki.zip.af.aj
272 wiki.zip.af.ag
273 wiki.zip.af.ah
276 wiki.zip.af.ak
274 wiki.zip.af.ai
277 wiki.zip.af.al
278 wiki.zip.af.am
275 wiki.zip.af.aj
276 wiki.zip.af.ak
279 wiki.zip.af.an
277 wiki.zip.af.al
280 wiki.zip.af.ao
278 wiki.zip.af.am
281 wiki.zip.af.ap
279 wiki.zip.af.an
282 wiki.zip.af.aq
283 wiki.zip.af.ar
280 wiki.zip.af.ao
281 wiki.zip.af.ap
284 wiki.zip.af.as
282 wiki.zip.af.aq
285 wiki.zip.af.at
283 wiki.zip.af.ar
286 wiki.zip.af.au
284 wiki.zip.af.as
287 wiki.zip.af.av
285 wiki.zip.af.at
288 wiki.zip.af.aw
286 wiki.zip.af.au
289 wiki.zip.af.ax
287 wiki.zip.af.av
290 wiki.zip.af.ay
288 wiki.zip.af.aw
291 wiki.zip.af.az
289 wiki.zip.af.ax
292 wiki.zip.af.ba
290 wiki.zip.af.ay
291 wiki.zip.af.az
293 wiki.zip.af.bb
292 wiki.zip.af.ba
294 wiki.zip.af.bc
293 wiki.zip.af.bb
295 wiki.zip.af.bd
296 wiki.zip.af.be
294 wiki.zip.af.bc
297 wiki.zip.af.bf
295 wiki.zip.af.bd
298 wiki.zip.af.bg
296 wiki.zip.af.be
299 wiki.zip.af.bh
297 wiki.zip.af.bf
300 wiki.zip.af.bi
298 wiki.zip.af.bg
301 wiki.zip.af.bj
299 wiki.zip.af.bh
300 wiki.zip.af.bi
302 wiki.zip.af.bk
301 wiki.zip.af.bj
303 wiki.zip.af.bl
302 wiki.zip.af.bk
304 wiki.zip.af.bm
303 wiki.zip.af.bl
305 wiki.zip.af.bn
304 wiki.zip.af.bm
306 wiki.zip.af.bo
305 wiki.zip.af.bn
307 wiki.zip.af.bp
306 wiki.zip.af.bo
308 wiki.zip.af.bq
307 wiki.zip.af.bp
309 wiki.zip.af.br
308 wiki.zip.af.bq
310 wiki.zip.af.bs
309 wiki.zip.af.br
311 wiki.zip.af.bt
310 wiki.zip.af.bs
312 wiki.zip.af.bu
311 wiki.zip.af.bt
313 wiki.zip.af.bv
312 wiki.zip.af.bu
314 wiki.zip.af.bw
313 wiki.zip.af.bv
315 wiki.zip.af.bx
314 wiki.zip.af.bw
316 wiki.zip.af.by
315 wiki.zip.af.bx
317 wiki.zip.af.bz
316 wiki.zip.af.by
317 wiki.zip.af.bz
318 wiki.zip.af.ca
318 wiki.zip.af.ca
319 wiki.zip.ag.aa
319 wiki.zip.ag.aa
320 wiki.zip.ag.ab
320 wiki.zip.ag.ab
321 wiki.zip.ag.ac
321 wiki.zip.ag.ac
322 wiki.zip.ag.ad
322 wiki.zip.ag.ad
323 wiki.zip.ag.ae
323 wiki.zip.ag.ae
324 wiki.zip.ag.af
325 wiki.zip.ag.ag
324 wiki.zip.ag.af
325 wiki.zip.ag.ag
326 wiki.zip.ag.ah
327 wiki.zip.ag.ai
326 wiki.zip.ag.ah
328 wiki.zip.ag.aj
327 wiki.zip.ag.ai
329 wiki.zip.ag.ak
328 wiki.zip.ag.aj
330 wiki.zip.ag.al
329 wiki.zip.ag.ak
331 wiki.zip.ag.am
330 wiki.zip.ag.al
332 wiki.zip.ag.an
331 wiki.zip.ag.am
333 wiki.zip.ag.ao
332 wiki.zip.ag.an
334 wiki.zip.ag.ap
335 wiki.zip.ag.aq
333 wiki.zip.ag.ao
336 wiki.zip.ag.ar
334 wiki.zip.ag.ap
337 wiki.zip.ag.as
335 wiki.zip.ag.aq
338 wiki.zip.ag.at
336 wiki.zip.ag.ar
339 wiki.zip.ag.au
337 wiki.zip.ag.as
340 wiki.zip.ag.av
338 wiki.zip.ag.at
341 wiki.zip.ag.aw
339 wiki.zip.ag.au
342 wiki.zip.ag.ax
340 wiki.zip.ag.av
343 wiki.zip.ag.ay
341 wiki.zip.ag.aw
344 wiki.zip.ag.az
342 wiki.zip.ag.ax
345 wiki.zip.ag.ba
346 wiki.zip.ag.bb
343 wiki.zip.ag.ay
347 wiki.zip.ag.bc
344 wiki.zip.ag.az
348 wiki.zip.ag.bd
345 wiki.zip.ag.ba
349 wiki.zip.ag.be
346 wiki.zip.ag.bb
350 wiki.zip.ag.bf
347 wiki.zip.ag.bc
351 wiki.zip.ag.bg
348 wiki.zip.ag.bd
352 wiki.zip.ag.bh
349 wiki.zip.ag.be
353 wiki.zip.ag.bi
350 wiki.zip.ag.bf
354 wiki.zip.ag.bj
351 wiki.zip.ag.bg
355 wiki.zip.ag.bk
352 wiki.zip.ag.bh
356 wiki.zip.ag.bl
353 wiki.zip.ag.bi
357 wiki.zip.ag.bm
354 wiki.zip.ag.bj
358 wiki.zip.ag.bn
355 wiki.zip.ag.bk
359 wiki.zip.ag.bo
356 wiki.zip.ag.bl
360 wiki.zip.ag.bp
357 wiki.zip.ag.bm
361 wiki.zip.ag.bq
358 wiki.zip.ag.bn
362 wiki.zip.ag.br
359 wiki.zip.ag.bo
363 wiki.zip.ag.bs
360 wiki.zip.ag.bp
364 wiki.zip.ag.bt
361 wiki.zip.ag.bq
365 wiki.zip.ag.bu
362 wiki.zip.ag.br
366 wiki.zip.ag.bv
363 wiki.zip.ag.bs
367 wiki.zip.ag.bw
364 wiki.zip.ag.bt
368 wiki.zip.ag.bx
365 wiki.zip.ag.bu
369 wiki.zip.ag.by
366 wiki.zip.ag.bv
370 wiki.zip.ag.bz
367 wiki.zip.ag.bw
371 wiki.zip.ag.ca
368 wiki.zip.ag.bx
372 wiki.zip.ah.aa
369 wiki.zip.ag.by
373 wiki.zip.ah.ab
370 wiki.zip.ag.bz
374 wiki.zip.ah.ac
371 wiki.zip.ag.ca
375 wiki.zip.ah.ad
372 wiki.zip.ah.aa
376 wiki.zip.ah.ae
373 wiki.zip.ah.ab
377 wiki.zip.ah.af
374 wiki.zip.ah.ac
378 wiki.zip.ah.ag
375 wiki.zip.ah.ad
379 wiki.zip.ah.ah
376 wiki.zip.ah.ae
380 wiki.zip.ah.ai
377 wiki.zip.ah.af
381 wiki.zip.ah.aj
378 wiki.zip.ah.ag
382 wiki.zip.ah.ak
379 wiki.zip.ah.ah
383 wiki.zip.ah.al
380 wiki.zip.ah.ai
384 wiki.zip.ah.am
381 wiki.zip.ah.aj
385 wiki.zip.ah.an
382 wiki.zip.ah.ak
386 wiki.zip.ah.ao
383 wiki.zip.ah.al
387 wiki.zip.ah.ap
384 wiki.zip.ah.am
385 wiki.zip.ah.an
388 wiki.zip.ah.aq
386 wiki.zip.ah.ao
389 wiki.zip.ah.ar
390 wiki.zip.ah.as
387 wiki.zip.ah.ap
391 wiki.zip.ah.at
388 wiki.zip.ah.aq
389 wiki.zip.ah.ar
392 wiki.zip.ah.au
390 wiki.zip.ah.as
393 wiki.zip.ah.av
391 wiki.zip.ah.at
394 wiki.zip.ah.aw
392 wiki.zip.ah.au
395 wiki.zip.ah.ax
396 wiki.zip.ah.ay
393 wiki.zip.ah.av
397 wiki.zip.ah.az
394 wiki.zip.ah.aw
398 wiki.zip.ah.ba
395 wiki.zip.ah.ax
399 wiki.zip.ah.bb
396 wiki.zip.ah.ay
397 wiki.zip.ah.az
400 wiki.zip.ah.bc
398 wiki.zip.ah.ba
401 wiki.zip.ah.bd
402 wiki.zip.ah.be
399 wiki.zip.ah.bb
403 wiki.zip.ah.bf
400 wiki.zip.ah.bc
401 wiki.zip.ah.bd
404 wiki.zip.ah.bg
402 wiki.zip.ah.be
405 wiki.zip.ah.bh
406 wiki.zip.ah.bi
403 wiki.zip.ah.bf
407 wiki.zip.ah.bj
404 wiki.zip.ah.bg
408 wiki.zip.ah.bk
405 wiki.zip.ah.bh
409 wiki.zip.ah.bl
406 wiki.zip.ah.bi
410 wiki.zip.ah.bm
407 wiki.zip.ah.bj
411 wiki.zip.ah.bn
408 wiki.zip.ah.bk
412 wiki.zip.ah.bo
409 wiki.zip.ah.bl
410 wiki.zip.ah.bm
413 wiki.zip.ah.bp
411 wiki.zip.ah.bn
414 wiki.zip.ah.bq
412 wiki.zip.ah.bo
415 wiki.zip.ah.br
413 wiki.zip.ah.bp
416 wiki.zip.ah.bs
414 wiki.zip.ah.bq
417 wiki.zip.ah.bt
415 wiki.zip.ah.br
418 wiki.zip.ah.bu
416 wiki.zip.ah.bs
419 wiki.zip.ah.bv
417 wiki.zip.ah.bt
420 wiki.zip.ah.bw
418 wiki.zip.ah.bu
421 wiki.zip.ah.bx
419 wiki.zip.ah.bv
420 wiki.zip.ah.bw
422 wiki.zip.ah.by
421 wiki.zip.ah.bx
423 wiki.zip.ah.bz
424 wiki.zip.ah.ca
422 wiki.zip.ah.by
425 wiki.zip.ai.aa
423 wiki.zip.ah.bz
426 wiki.zip.ai.ab
424 wiki.zip.ah.ca
427 wiki.zip.ai.ac
425 wiki.zip.ai.aa
428 wiki.zip.ai.ad
426 wiki.zip.ai.ab
429 wiki.zip.ai.ae
427 wiki.zip.ai.ac
430 wiki.zip.ai.af
428 wiki.zip.ai.ad
431 wiki.zip.ai.ag
429 wiki.zip.ai.ae
432 wiki.zip.ai.ah
430 wiki.zip.ai.af
433 wiki.zip.ai.ai
431 wiki.zip.ai.ag
434 wiki.zip.ai.aj
432 wiki.zip.ai.ah
435 wiki.zip.ai.ak
433 wiki.zip.ai.ai
436 wiki.zip.ai.al
434 wiki.zip.ai.aj
435 wiki.zip.ai.ak
437 wiki.zip.ai.am
436 wiki.zip.ai.al
438 wiki.zip.ai.an
437 wiki.zip.ai.am
439 wiki.zip.ai.ao
438 wiki.zip.ai.an
440 wiki.zip.ai.ap
439 wiki.zip.ai.ao
441 wiki.zip.ai.aq
440 wiki.zip.ai.ap
442 wiki.zip.ai.ar
441 wiki.zip.ai.aq
443 wiki.zip.ai.as
442 wiki.zip.ai.ar
444 wiki.zip.ai.at
443 wiki.zip.ai.as
445 wiki.zip.ai.au
444 wiki.zip.ai.at
446 wiki.zip.ai.av
445 wiki.zip.ai.au
447 wiki.zip.ai.aw
446 wiki.zip.ai.av
448 wiki.zip.ai.ax
447 wiki.zip.ai.aw
449 wiki.zip.ai.ay
448 wiki.zip.ai.ax
450 wiki.zip.ai.az
449 wiki.zip.ai.ay
451 wiki.zip.ai.ba
450 wiki.zip.ai.az
452 wiki.zip.ai.bb
453 wiki.zip.ai.bc
451 wiki.zip.ai.ba
454 wiki.zip.ai.bd
452 wiki.zip.ai.bb
455 wiki.zip.ai.be
456 wiki.zip.ai.bf
453 wiki.zip.ai.bc
457 wiki.zip.ai.bg
454 wiki.zip.ai.bd
458 wiki.zip.ai.bh
455 wiki.zip.ai.be
459 wiki.zip.ai.bi
456 wiki.zip.ai.bf
460 wiki.zip.ai.bj
457 wiki.zip.ai.bg
461 wiki.zip.ai.bk
458 wiki.zip.ai.bh
462 wiki.zip.ai.bl
459 wiki.zip.ai.bi
463 wiki.zip.ai.bm
460 wiki.zip.ai.bj
464 wiki.zip.ai.bn
461 wiki.zip.ai.bk
465 wiki.zip.ai.bo
462 wiki.zip.ai.bl
466 wiki.zip.ai.bp
463 wiki.zip.ai.bm
464 wiki.zip.ai.bn
467 wiki.zip.ai.bq
465 wiki.zip.ai.bo
468 wiki.zip.ai.br
466 wiki.zip.ai.bp
469 wiki.zip.ai.bs
467 wiki.zip.ai.bq
470 wiki.zip.ai.bt
468 wiki.zip.ai.br
471 wiki.zip.ai.bu
469 wiki.zip.ai.bs
472 wiki.zip.ai.bv
470 wiki.zip.ai.bt
473 wiki.zip.ai.bw
471 wiki.zip.ai.bu
474 wiki.zip.ai.bx
472 wiki.zip.ai.bv
475 wiki.zip.ai.by
473 wiki.zip.ai.bw
476 wiki.zip.ai.bz
474 wiki.zip.ai.bx
477 wiki.zip.ai.ca
475 wiki.zip.ai.by
478 wiki.zip.aj.aa
476 wiki.zip.ai.bz
479 wiki.zip.aj.ab
477 wiki.zip.ai.ca
480 wiki.zip.aj.ac
478 wiki.zip.aj.aa
481 wiki.zip.aj.ad
479 wiki.zip.aj.ab
482 wiki.zip.aj.ae
480 wiki.zip.aj.ac
483 wiki.zip.aj.af
481 wiki.zip.aj.ad
482 wiki.zip.aj.ae
484 wiki.zip.aj.ag
483 wiki.zip.aj.af
485 wiki.zip.aj.ah
484 wiki.zip.aj.ag
486 wiki.zip.aj.ai
485 wiki.zip.aj.ah
487 wiki.zip.aj.aj
486 wiki.zip.aj.ai
488 wiki.zip.aj.ak
487 wiki.zip.aj.aj
489 wiki.zip.aj.al
488 wiki.zip.aj.ak
490 wiki.zip.aj.am
489 wiki.zip.aj.al
491 wiki.zip.aj.an
490 wiki.zip.aj.am
492 wiki.zip.aj.ao
491 wiki.zip.aj.an
493 wiki.zip.aj.ap
494 wiki.zip.aj.aq
492 wiki.zip.aj.ao
495 wiki.zip.aj.ar
493 wiki.zip.aj.ap
496 wiki.zip.aj.as
494 wiki.zip.aj.aq
497 wiki.zip.aj.at
495 wiki.zip.aj.ar
498 wiki.zip.aj.au
496 wiki.zip.aj.as
499 wiki.zip.aj.av
497 wiki.zip.aj.at
500 wiki.zip.aj.aw
498 wiki.zip.aj.au
501 wiki.zip.aj.ax
499 wiki.zip.aj.av
502 wiki.zip.aj.ay
500 wiki.zip.aj.aw
503 wiki.zip.aj.az
501 wiki.zip.aj.ax
504 wiki.zip.aj.ba
502 wiki.zip.aj.ay
505 wiki.zip.aj.bb
503 wiki.zip.aj.az
506 wiki.zip.aj.bc
507 wiki.zip.aj.bd
504 wiki.zip.aj.ba
508 wiki.zip.aj.be
505 wiki.zip.aj.bb
509 wiki.zip.aj.bf
506 wiki.zip.aj.bc
510 wiki.zip.aj.bg
507 wiki.zip.aj.bd
511 wiki.zip.aj.bh
508 wiki.zip.aj.be
512 wiki.zip.aj.bi
509 wiki.zip.aj.bf
513 wiki.zip.aj.bj
510 wiki.zip.aj.bg
514 wiki.zip.aj.bk
511 wiki.zip.aj.bh
515 wiki.zip.aj.bl
512 wiki.zip.aj.bi
516 wiki.zip.aj.bm
513 wiki.zip.aj.bj
514 wiki.zip.aj.bk
517 wiki.zip.aj.bn
518 wiki.zip.aj.bo
515 wiki.zip.aj.bl
519 wiki.zip.aj.bp
516 wiki.zip.aj.bm
520 wiki.zip.aj.bq
517 wiki.zip.aj.bn
521 wiki.zip.aj.br
518 wiki.zip.aj.bo
522 wiki.zip.aj.bs
519 wiki.zip.aj.bp
523 wiki.zip.aj.bt
520 wiki.zip.aj.bq
524 wiki.zip.aj.bu
521 wiki.zip.aj.br
525 wiki.zip.aj.bv
522 wiki.zip.aj.bs
526 wiki.zip.aj.bw
523 wiki.zip.aj.bt
527 wiki.zip.aj.bx
524 wiki.zip.aj.bu
528 wiki.zip.aj.by
525 wiki.zip.aj.bv
529 wiki.zip.aj.bz
526 wiki.zip.aj.bw
530 wiki.zip.aj.ca
527 wiki.zip.aj.bx
531 wiki.zip.ak.aa
528 wiki.zip.aj.by
529 wiki.zip.aj.bz
532 wiki.zip.ak.ab
530 wiki.zip.aj.ca
533 wiki.zip.ak.ac
531 wiki.zip.ak.aa
534 wiki.zip.ak.ad
532 wiki.zip.ak.ab
535 wiki.zip.ak.ae
536 wiki.zip.ak.af
533 wiki.zip.ak.ac
537 wiki.zip.ak.ag
534 wiki.zip.ak.ad
538 wiki.zip.ak.ah
535 wiki.zip.ak.ae
539 wiki.zip.ak.ai
536 wiki.zip.ak.af
540 wiki.zip.ak.aj
537 wiki.zip.ak.ag
541 wiki.zip.ak.ak
538 wiki.zip.ak.ah
542 wiki.zip.ak.al
539 wiki.zip.ak.ai
543 wiki.zip.ak.am
540 wiki.zip.ak.aj
544 wiki.zip.ak.an
541 wiki.zip.ak.ak
545 wiki.zip.ak.ao
542 wiki.zip.ak.al
546 wiki.zip.ak.ap
543 wiki.zip.ak.am
547 wiki.zip.ak.aq
544 wiki.zip.ak.an
548 wiki.zip.ak.ar
545 wiki.zip.ak.ao
549 wiki.zip.ak.as
546 wiki.zip.ak.ap
550 wiki.zip.ak.at
547 wiki.zip.ak.aq
551 wiki.zip.ak.au
548 wiki.zip.ak.ar
552 wiki.zip.ak.av
553 wiki.zip.ak.aw
549 wiki.zip.ak.as
550 wiki.zip.ak.at
554 wiki.zip.ak.ax
551 wiki.zip.ak.au
555 wiki.zip.ak.ay
552 wiki.zip.ak.av
556 wiki.zip.ak.az
553 wiki.zip.ak.aw
557 wiki.zip.ak.ba
554 wiki.zip.ak.ax
558 wiki.zip.ak.bb
555 wiki.zip.ak.ay
559 wiki.zip.ak.bc
556 wiki.zip.ak.az
560 wiki.zip.ak.bd
557 wiki.zip.ak.ba
561 wiki.zip.ak.be
558 wiki.zip.ak.bb
562 wiki.zip.ak.bf
559 wiki.zip.ak.bc
560 wiki.zip.ak.bd
563 wiki.zip.ak.bg
561 wiki.zip.ak.be
564 wiki.zip.ak.bh
565 wiki.zip.ak.bi
562 wiki.zip.ak.bf
563 wiki.zip.ak.bg
566 wiki.zip.ak.bj
567 wiki.zip.ak.bk
564 wiki.zip.ak.bh
568 wiki.zip.ak.bl
565 wiki.zip.ak.bi
566 wiki.zip.ak.bj
569 wiki.zip.ak.bm
570 wiki.zip.ak.bn
567 wiki.zip.ak.bk
571 wiki.zip.ak.bo
568 wiki.zip.ak.bl
572 wiki.zip.ak.bp
569 wiki.zip.ak.bm
573 wiki.zip.ak.bq
570 wiki.zip.ak.bn
574 wiki.zip.ak.br
571 wiki.zip.ak.bo
575 wiki.zip.ak.bs
572 wiki.zip.ak.bp
576 wiki.zip.ak.bt
573 wiki.zip.ak.bq
577 wiki.zip.ak.bu
574 wiki.zip.ak.br
578 wiki.zip.ak.bv
575 wiki.zip.ak.bs
579 wiki.zip.ak.bw
576 wiki.zip.ak.bt
580 wiki.zip.ak.bx
577 wiki.zip.ak.bu
581 wiki.zip.ak.by
578 wiki.zip.ak.bv
582 wiki.zip.ak.bz
579 wiki.zip.ak.bw
583 wiki.zip.ak.ca
584 wiki.zip.al.aa
580 wiki.zip.ak.bx
585 wiki.zip.al.ab
581 wiki.zip.ak.by
586 wiki.zip.al.ac
582 wiki.zip.ak.bz
587 wiki.zip.al.ad
583 wiki.zip.ak.ca
588 wiki.zip.al.ae
584 wiki.zip.al.aa
589 wiki.zip.al.af
585 wiki.zip.al.ab
590 wiki.zip.al.ag
586 wiki.zip.al.ac
591 wiki.zip.al.ah
587 wiki.zip.al.ad
592 wiki.zip.al.ai
588 wiki.zip.al.ae
593 wiki.zip.al.aj
589 wiki.zip.al.af
594 wiki.zip.al.ak
590 wiki.zip.al.ag
595 wiki.zip.al.al
591 wiki.zip.al.ah
596 wiki.zip.al.am
592 wiki.zip.al.ai
597 wiki.zip.al.an
598 wiki.zip.al.ao
593 wiki.zip.al.aj
599 wiki.zip.al.ap
594 wiki.zip.al.ak
600 wiki.zip.al.aq
595 wiki.zip.al.al
601 wiki.zip.al.ar
596 wiki.zip.al.am
602 wiki.zip.al.as
597 wiki.zip.al.an
603 wiki.zip.al.at
598 wiki.zip.al.ao
604 wiki.zip.al.au
605 wiki.zip.al.av
599 wiki.zip.al.ap
600 wiki.zip.al.aq
606 wiki.zip.al.aw
601 wiki.zip.al.ar
607 wiki.zip.al.ax
602 wiki.zip.al.as
608 wiki.zip.al.ay
603 wiki.zip.al.at
609 wiki.zip.al.az
604 wiki.zip.al.au
610 wiki.zip.al.ba
605 wiki.zip.al.av
611 wiki.zip.al.bb
606 wiki.zip.al.aw
612 wiki.zip.al.bc
607 wiki.zip.al.ax
613 wiki.zip.al.bd
608 wiki.zip.al.ay
609 wiki.zip.al.az
614 wiki.zip.al.be
610 wiki.zip.al.ba
615 wiki.zip.al.bf
611 wiki.zip.al.bb
616 wiki.zip.al.bg
612 wiki.zip.al.bc
617 wiki.zip.al.bh
613 wiki.zip.al.bd
618 wiki.zip.al.bi
614 wiki.zip.al.be
619 wiki.zip.al.bj
615 wiki.zip.al.bf
620 wiki.zip.al.bk
616 wiki.zip.al.bg
621 wiki.zip.al.bl
617 wiki.zip.al.bh
622 wiki.zip.al.bm
618 wiki.zip.al.bi
623 wiki.zip.al.bn
619 wiki.zip.al.bj
624 wiki.zip.al.bo
620 wiki.zip.al.bk
625 wiki.zip.al.bp
621 wiki.zip.al.bl
626 wiki.zip.al.bq
622 wiki.zip.al.bm
627 wiki.zip.al.br
623 wiki.zip.al.bn
628 wiki.zip.al.bs
629 wiki.zip.al.bt
624 wiki.zip.al.bo
630 wiki.zip.al.bu
625 wiki.zip.al.bp
631 wiki.zip.al.bv
626 wiki.zip.al.bq
632 wiki.zip.al.bw
627 wiki.zip.al.br
633 wiki.zip.al.bx
628 wiki.zip.al.bs
634 wiki.zip.al.by
629 wiki.zip.al.bt
635 wiki.zip.al.bz
630 wiki.zip.al.bu
636 wiki.zip.al.ca
631 wiki.zip.al.bv
637 wiki.zip.am.aa
632 wiki.zip.al.bw
638 wiki.zip.am.ab
633 wiki.zip.al.bx
639 wiki.zip.am.ac
634 wiki.zip.al.by
640 wiki.zip.am.ad
635 wiki.zip.al.bz
641 wiki.zip.am.ae
636 wiki.zip.al.ca
642 wiki.zip.am.af
637 wiki.zip.am.aa
638 wiki.zip.am.ab
643 wiki.zip.am.ag
639 wiki.zip.am.ac
644 wiki.zip.am.ah
640 wiki.zip.am.ad
645 wiki.zip.am.ai
641 wiki.zip.am.ae
646 wiki.zip.am.aj
642 wiki.zip.am.af
647 wiki.zip.am.ak
643 wiki.zip.am.ag
648 wiki.zip.am.al
644 wiki.zip.am.ah
649 wiki.zip.am.am
645 wiki.zip.am.ai
646 wiki.zip.am.aj
650 wiki.zip.am.an
647 wiki.zip.am.ak
651 wiki.zip.am.ao
648 wiki.zip.am.al
652 wiki.zip.am.ap
649 wiki.zip.am.am
653 wiki.zip.am.aq
650 wiki.zip.am.an
654 wiki.zip.am.ar
651 wiki.zip.am.ao
655 wiki.zip.am.as
652 wiki.zip.am.ap
656 wiki.zip.am.at
653 wiki.zip.am.aq
657 wiki.zip.am.au
654 wiki.zip.am.ar
658 wiki.zip.am.av
655 wiki.zip.am.as
659 wiki.zip.am.aw
656 wiki.zip.am.at
660 wiki.zip.am.ax
657 wiki.zip.am.au
661 wiki.zip.am.ay
658 wiki.zip.am.av
662 wiki.zip.am.az
659 wiki.zip.am.aw
663 wiki.zip.am.ba
660 wiki.zip.am.ax
664 wiki.zip.am.bb
661 wiki.zip.am.ay
665 wiki.zip.am.bc
662 wiki.zip.am.az
666 wiki.zip.am.bd
663 wiki.zip.am.ba
667 wiki.zip.am.be
664 wiki.zip.am.bb
668 wiki.zip.am.bf
665 wiki.zip.am.bc
669 wiki.zip.am.bg
666 wiki.zip.am.bd
670 wiki.zip.am.bh
667 wiki.zip.am.be
671 wiki.zip.am.bi
668 wiki.zip.am.bf
672 wiki.zip.am.bj
669 wiki.zip.am.bg
673 wiki.zip.am.bk
670 wiki.zip.am.bh
674 wiki.zip.am.bl
671 wiki.zip.am.bi
675 wiki.zip.am.bm
672 wiki.zip.am.bj
676 wiki.zip.am.bn
677 wiki.zip.am.bo
673 wiki.zip.am.bk
678 wiki.zip.am.bp
674 wiki.zip.am.bl
679 wiki.zip.am.bq
675 wiki.zip.am.bm
680 wiki.zip.am.br
676 wiki.zip.am.bn
681 wiki.zip.am.bs
677 wiki.zip.am.bo
682 wiki.zip.am.bt
678 wiki.zip.am.bp
683 wiki.zip.am.bu
679 wiki.zip.am.bq
684 wiki.zip.am.bv
680 wiki.zip.am.br
685 wiki.zip.am.bw
681 wiki.zip.am.bs
686 wiki.zip.am.bx
682 wiki.zip.am.bt
687 wiki.zip.am.by
688 wiki.zip.am.bz
683 wiki.zip.am.bu
689 wiki.zip.am.ca
684 wiki.zip.am.bv
690 wiki.zip.an.aa
685 wiki.zip.am.bw
691 wiki.zip.an.ab
686 wiki.zip.am.bx
692 wiki.zip.an.ac
687 wiki.zip.am.by
693 wiki.zip.an.ad
688 wiki.zip.am.bz
694 wiki.zip.an.ae
689 wiki.zip.am.ca
695 wiki.zip.an.af
690 wiki.zip.an.aa
691 wiki.zip.an.ab
696 wiki.zip.an.ag
697 wiki.zip.an.ah
692 wiki.zip.an.ac
693 wiki.zip.an.ad
1 wiki.zip.am.bn
694 wiki.zip.an.ae
695 wiki.zip.an.af
Already have log for t01247 2880 bafykbzacedglpt7wvgdzkx4l7gxokhzvmfblkzbjthvgttlgrbrnmzflyqrns
696 wiki.zip.an.ag
697 wiki.zip.an.ah
1 wiki.zip.ak.bu


0 wiki.zip.ad.az

0 wiki.zip.al.ai

0 wiki.zip.ai.ac

0 wiki.zip.am.ar

0 wiki.zip.ae.bs

0 wiki.zip.ae.by

0 wiki.zip.am.ae
Retrieving t02404 3903 bafykbzacedgsq3kmfa6laok2emlafda2tfzttoq3arjdwrtbiewl27gx24rt2
> Recv: 0 B, Paid 0 FIL, ClientEventOpen (DealStatusNew)
> Recv: 0 B, Paid 0 FIL, ClientEventDealProposed (DealStatusWaitForAcceptance)
> Recv: 0 B, Paid 0 FIL, ClientEventDealAccepted (DealStatusAccepted)
> Recv: 0 B, Paid 0 FIL, ClientEventPaymentChannelAddingFunds (DealStatusPaymentChannelAddingFunds)
0 wiki.zip.ad.bu

0 wiki.zip.am.ay

0 wiki.zip.ab.bp

0 wiki.zip.ac.at

0 wiki.zip.ak.at

0 wiki.zip.ag.ao

0 wiki.zip.ah.bu

0 wiki.zip.af.az

0 wiki.zip.ad.bk

0 wiki.zip.ae.bo

0 wiki.zip.ag.bl
Already have log for t07956 3184 bafykbzacedzbgj6pmibqot4r3paxe4urb77u37kcpsivmyayaolgt2g4sbbte

0 wiki.zip.af.bv

0 wiki.zip.aa.am

0 wiki.zip.ac.bs
Already have log for t01272 2487 bafykbzacedulaxekj6ykdyj3hyeok7yvlrj3irrl36dfgklhvlck6fbehgmrc

0 wiki.zip.aj.ar

0 wiki.zip.al.be

0 wiki.zip.ae.au

0 wiki.zip.ad.az

0 wiki.zip.ag.bv

0 wiki.zip.ag.ap

0 wiki.zip.ai.ak

0 wiki.zip.ag.bx

0 wiki.zip.aj.ab

0 wiki.zip.af.ad
Already have log for t01247 2590 bafykbzaceayvc2u6gevew2cexq4ise4md3hes34hqsjigiibssqztq2nzc6wm

0 wiki.zip.ad.au

0 wiki.zip.ai.ab

0 wiki.zip.ah.af

0 wiki.zip.af.be

0 wiki.zip.af.bx

0 wiki.zip.ab.bf

0 wiki.zip.ai.bh

0 wiki.zip.af.ac

0 wiki.zip.ad.aj

0 wiki.zip.al.bt
Already have log for t02424 3874 bafykbzacedasaipfj5mtibznene5p7stewmv4yztrmudhwyvvxzzazeqo44uy

0 wiki.zip.aa.bz

0 wiki.zip.af.br

0 wiki.zip.af.bh

0 wiki.zip.af.bb

0 wiki.zip.aa.by
Already have log for t07956 3002 bafykbzacecibcwkgmukjiapg5a7vglooh3zfmsdbjf3d672e6p6235zdniutc

0 wiki.zip.ab.aa
Already have log for t02620 2975 bafykbzacedt4xdfro2nhiz6ocbm53jxigcerja2w7vtfsohndmvs72vdlfwlq

0 wiki.zip.ab.aq
Already have log for t01247 2477 bafykbzacecqpmraxk6wad665bd6xov2m46mo3yqdgzq3xccpufcfx3wvlwy3i

0 wiki.zip.am.bb

0 wiki.zip.ag.br

0 wiki.zip.am.bw
Already have log for t01102 2954 bafykbzacebv4co5cw5omd24axbcadypd4pwrkbu4flgck5rzalwv7yofgddta
Already have log for t02420 3379 bafykbzacebv4co5cw5omd24axbcadypd4pwrkbu4flgck5rzalwv7yofgddta

0 wiki.zip.ad.ag

0 wiki.zip.ak.bz

0 wiki.zip.ab.bb

0 wiki.zip.ag.bc

0 wiki.zip.am.ap

0 wiki.zip.ah.bf

0 wiki.zip.ab.bd

0 wiki.zip.al.al

0 wiki.zip.ag.ba

0 wiki.zip.aa.ak

0 wiki.zip.ak.bi

0 wiki.zip.ak.ai

0 wiki.zip.aa.ab

0 wiki.zip.ae.ai

0 wiki.zip.ac.bj

0 wiki.zip.am.ca

0 wiki.zip.am.bs

0 wiki.zip.ab.bc

0 wiki.zip.ab.aj

0 wiki.zip.ak.af

0 wiki.zip.am.av

0 wiki.zip.ae.ar
Already have log for t02420 2542 bafykbzacecexia6jkgcp3a5vjfdifjzweoe5orkk4ykv3p7624aqb4edpubpk

0 wiki.zip.ah.bi
Already have log for t01247 2667 bafykbzacecipjllyycdlhmlvnjpa7wty2mkqxefrcoeefc5csdxtkncbmhmie

0 wiki.zip.ab.ag

0 wiki.zip.aa.ah

0 wiki.zip.al.ak

0 wiki.zip.aj.ai

0 wiki.zip.af.at

0 wiki.zip.al.ae

0 wiki.zip.ak.bg

0 wiki.zip.ac.ap

0 wiki.zip.aa.bh

0 wiki.zip.ag.bg

0 wiki.zip.ac.bf

0 wiki.zip.ai.au

0 wiki.zip.al.aj

0 wiki.zip.ai.bv

0 wiki.zip.ah.aa

0 wiki.zip.aa.bs

0 wiki.zip.al.bp

0 wiki.zip.ad.ai

0 wiki.zip.af.bg

0 wiki.zip.ac.ax

0 wiki.zip.ac.br

0 wiki.zip.ai.br

0 wiki.zip.ak.br

0 wiki.zip.ah.bv

0 wiki.zip.af.aa

0 wiki.zip.ah.bs

0 wiki.zip.al.bw
Already have log for t01247 2854 bafykbzacedxro3utrbwubptlktlouwxrazc3rfspfbntuvtgz2wjd4wiafq6s

0 wiki.zip.aj.ax
Already have log for t02424 3765 bafykbzaceab3pa7yvcyhoqtlv4wx6b767lbljma3bgyghhiq4l6ncmik5mmvm

0 wiki.zip.ad.al

0 wiki.zip.aj.af

0 wiki.zip.ai.bp

0 wiki.zip.aa.ax

0 wiki.zip.ak.bu

0 wiki.zip.ac.aw

0 wiki.zip.aa.bc

0 wiki.zip.aa.az

0 wiki.zip.am.bf

0 wiki.zip.ag.bu

0 wiki.zip.ad.ay

0 wiki.zip.ad.as

0 wiki.zip.aa.bl

0 wiki.zip.am.bj
Already have log for t02424 3915 bafykbzacea3czgk4qhmgiua46rs6o24tqw4zezxbxhfmb7aqijpolqiks7she

0 wiki.zip.af.aq

0 wiki.zip.ac.ca

0 wiki.zip.ab.bl

0 wiki.zip.ad.bw
Already have log for t02620 3094 bafykbzacedqj5wvkiujw3erzl3mw4ryen37dypftoj6hpvizms2psfrtqz3hu

0 wiki.zip.ai.bb
Already have log for t01247 2696 bafykbzaceaewvxqc6exjwv4y2vu6pfux2jsijafm5tx3bfnf4rms3g2u65rme

0 wiki.zip.ak.al

0 wiki.zip.ad.bz

0 wiki.zip.ad.bc

0 wiki.zip.ac.bu

0 wiki.zip.al.aa

0 wiki.zip.af.ca

0 wiki.zip.ah.aw

0 wiki.zip.ad.be

0 wiki.zip.ah.be

0 wiki.zip.ak.ak

0 wiki.zip.al.bb

0 wiki.zip.ac.bq

0 wiki.zip.ak.ar

0 wiki.zip.ad.bb

0 wiki.zip.ai.bo

0 wiki.zip.aj.at

0 wiki.zip.ak.bw

0 wiki.zip.ad.ab

0 wiki.zip.ae.at

0 wiki.zip.ak.az

0 wiki.zip.al.ax

0 wiki.zip.aj.ad

0 wiki.zip.ae.ak

0 wiki.zip.al.ca

0 wiki.zip.ae.ax

0 wiki.zip.ab.bo

0 wiki.zip.ak.ac

0 wiki.zip.al.bc

0 wiki.zip.ae.bx

0 wiki.zip.am.bx

0 wiki.zip.ac.ag

0 wiki.zip.al.bs

0 wiki.zip.ad.at

0 wiki.zip.aa.ap

0 wiki.zip.am.ax

0 wiki.zip.aa.an

0 wiki.zip.ak.bq

0 wiki.zip.ai.bw

0 wiki.zip.ae.av

0 wiki.zip.an.ab
Already have log for t01272 2893 bafykbzaceb346smoy2abxlwu6mglr4f5e2abnfx3jm4uh5sn6y33o7ra3tf5m

0 wiki.zip.ai.al

0 wiki.zip.al.ag
Already have log for t01247 2813 bafykbzacebxgetuhsx3oigbmns7krfeht4dkkwwqqodbthjy7nfichnhwm7pe
Already have log for t02420 3317 bafykbzacebxgetuhsx3oigbmns7krfeht4dkkwwqqodbthjy7nfichnhwm7pe

0 wiki.zip.ac.aj

0 wiki.zip.aa.bd

0 wiki.zip.aa.ar

0 wiki.zip.ae.bd

0 wiki.zip.ag.af

0 wiki.zip.ab.bs
Already have log for t03143 2495 bafykbzaceciwhd6def6jumt6caq75o36idg5oleugjlhlmicz32s5uqax72kq

0 wiki.zip.aa.ac

0 wiki.zip.ac.bz

0 wiki.zip.ai.bf

0 wiki.zip.aa.br

0 wiki.zip.ai.ca

0 wiki.zip.ad.av

0 wiki.zip.af.af

0 wiki.zip.af.aj

0 wiki.zip.ab.bi
Already have log for t02420 2443 bafykbzacea4go4yexrxr27pbnqrsf4jiv77c3jzeeixgxalrfbpht3occx4p4

0 wiki.zip.aa.aw

0 wiki.zip.ab.bg

0 wiki.zip.ah.ar

0 wiki.zip.ah.ab

0 wiki.zip.ak.an
Already have log for t02424 3780 bafykbzacecqujwyti4mzgwitk4zumpzzb7rszm6bvjtw7bpxioy7vqprinzfc

0 wiki.zip.ag.bt

0 wiki.zip.ae.ap

0 wiki.zip.ak.bk

0 wiki.zip.ah.as

0 wiki.zip.ah.at

0 wiki.zip.ab.am

0 wiki.zip.ad.af

0 wiki.zip.ai.ao

0 wiki.zip.aj.ba

0 wiki.zip.ae.al

0 wiki.zip.ae.as

0 wiki.zip.al.as

0 wiki.zip.ak.bm

0 wiki.zip.ae.ad

0 wiki.zip.al.at

0 wiki.zip.ab.ba

0 wiki.zip.am.bd

0 wiki.zip.ae.bt

0 wiki.zip.ak.bn

> Recv: 269 B, Paid 0 FIL, ClientEventBlocksReceived (DealStatusPaymentChannelAddingFunds)
> Recv: 269 B, Paid 0 FIL, ClientEventPaymentRequested (DealStatusPaymentChannelAddingFunds)
> Recv: 1 MiB, Paid 0 FIL, ClientEventBlocksReceived (DealStatusPaymentChannelAddingFunds)
> Recv: 1 MiB, Paid 0 FIL, ClientEventPaymentChannelReady (DealStatusOngoing)
> Recv: 1 MiB, Paid 0 FIL, ClientEventPaymentRequested (DealStatusFundsNeeded)
> Recv: 1 MiB, Paid 0 FIL, ClientEventSendFunds (DealStatusSendFunds)
> Recv: 1 MiB, Paid 0.00000000000209769 FIL, ClientEventPaymentSent (DealStatusOngoing)
0 wiki.zip.ab.be

0 wiki.zip.ai.bs
Already have log for t01272 2738 bafykbzaceczrsm5lmko57tckuv2lm2ypudvjzsohicc5pxo7qrgmagbwgea5s
> Recv: 2 MiB, Paid 0.00000000000209769 FIL, ClientEventBlocksReceived (DealStatusOngoing)
> Recv: 2 MiB, Paid 0.00000000000209769 FIL, ClientEventPaymentRequested (DealStatusFundsNeeded)
> Recv: 3 MiB, Paid 0.00000000000209769 FIL, ClientEventBlocksReceived (DealStatusFundsNeeded)
> Recv: 3 MiB, Paid 0.00000000000209769 FIL, ClientEventSendFunds (DealStatusSendFunds)
> Recv: 3 MiB, Paid 0.000000000006291994 FIL, ClientEventPaymentSent (DealStatusOngoing)
> Recv: 4 MiB, Paid 0.000000000006291994 FIL, ClientEventBlocksReceived (DealStatusOngoing)
> Recv: 4 MiB, Paid 0.000000000006291994 FIL, ClientEventLastPaymentRequested (DealStatusFundsNeededLastPayment)
> Recv: 4.769 MiB, Paid 0.000000000006291994 FIL, ClientEventBlocksReceived (DealStatusFundsNeededLastPayment)
> Recv: 4.769 MiB, Paid 0.000000000006291994 FIL, ClientEventAllBlocksReceived (DealStatusSendFundsLastPayment)
> Recv: 4.769 MiB, Paid 0.000000000010000538 FIL, ClientEventPaymentSent (DealStatusFinalizing)
> Recv: 4.769 MiB, Paid 0.000000000010000538 FIL, ClientEventComplete (DealStatusCompleted)
Success
0.07user 0.02system 3:43.12elapsed 0%CPU (0avgtext+0avgdata 38684maxresident)k
0inputs+0outputs (0major+3762minor)pagefaults 0swaps
Skipping ahead


1 wiki.zip.am.ag

0 wiki.zip.ae.bs

0 wiki.zip.al.bn

0 wiki.zip.aj.bb

0 wiki.zip.ae.ak

0 wiki.zip.aa.bg

0 wiki.zip.ac.by
Already have log for t02620 3064 bafykbzacebrakectjii5moaciauhtnkjpbsevehzu5o5yeadj7etx6h5b72ts
0 wiki.zip.am.be


0 wiki.zip.af.ba

0 wiki.zip.ad.bc

0 wiki.zip.aj.az

0 wiki.zip.ai.ag

0 wiki.zip.ad.bg

0 wiki.zip.aj.ag

0 wiki.zip.aj.an

0 wiki.zip.aa.ag

0 wiki.zip.al.bu

0 wiki.zip.aa.bt

0 wiki.zip.ae.az

0 wiki.zip.ac.bd

0 wiki.zip.ak.aw

0 wiki.zip.ad.ao

0 wiki.zip.af.ap

0 wiki.zip.ad.ad

0 wiki.zip.ai.bq

0 wiki.zip.ab.bo

0 wiki.zip.am.bh

0 wiki.zip.aj.ah

0 wiki.zip.ah.bz
Already have log for t01272 2693 bafykbzacedsa2qq6ng4ncqwbwliw6wsq5cdibhiwbvgcoyhjozxku6dlwalaq
0 wiki.zip.ac.bt


0 wiki.zip.ae.bk

0 wiki.zip.aa.aa
Already have log for t07956 2967 bafykbzaced3v6jdz436uh2shndde7nwmjlmp6riomr6ps3fbapvaqb6dqpi2o
0 wiki.zip.ad.ar


0 wiki.zip.am.ap

0 wiki.zip.ab.ca

0 wiki.zip.aj.bp
Already have log for t07956 2957 bafykbzaced5pgjd3hgi544x5dyp3iscfqmfofkuspkkbgyogdujtyd2toz6fk
0 wiki.zip.ac.al


0 wiki.zip.am.bg

0 wiki.zip.ai.an

0 wiki.zip.ai.ar

0 wiki.zip.an.ah

0 wiki.zip.al.br

0 wiki.zip.ag.af

0 wiki.zip.aj.by

0 wiki.zip.ae.bd

0 wiki.zip.aj.al

0 wiki.zip.ad.bj

0 wiki.zip.ak.ab

0 wiki.zip.ag.ag
Already have log for t02420 3677 bafykbzaceaecdotqbiqwk5bu3oa4mrez6dewkoerj5wrgcfhtmgsp2aahqg7c
0 wiki.zip.al.ad
Already have log for t02424 3838 bafykbzacec2rndf3wffw5yfmflteepd46xlqp2r63wzlph25bctzh3rohut4m


0 wiki.zip.ah.ae
Already have log for t01272 2648 bafykbzacedemhseaztyo6rsyfjztncpihqdlrdjcl4ehv4xrmg32zueea454q
0 wiki.zip.am.bq


0 wiki.zip.al.bh

0 wiki.zip.ai.bq

0 wiki.zip.ai.an

0 wiki.zip.ae.bz

0 wiki.zip.ai.bc

0 wiki.zip.ae.bi

0 wiki.zip.al.bg

0 wiki.zip.ae.bu

0 wiki.zip.ac.ba

0 wiki.zip.ad.ae
Already have log for t01247 2539 bafykbzacedhvn3baglvoqwqlde6xzvxnplyavfgky22gvzctdzd6quu5qn7lo
0 wiki.zip.ab.bq


0 wiki.zip.ai.bk

0 wiki.zip.al.aq

0 wiki.zip.aj.ay

0 wiki.zip.ae.bo

0 wiki.zip.ae.bz

0 wiki.zip.ac.ad

0 wiki.zip.ac.bl

0 wiki.zip.am.au

0 wiki.zip.ag.az

0 wiki.zip.am.bs

0 wiki.zip.ai.ba

0 wiki.zip.ag.bd

0 wiki.zip.ai.by

0 wiki.zip.am.bm

0 wiki.zip.ak.bh

0 wiki.zip.am.ba

0 wiki.zip.ah.by

0 wiki.zip.ad.bv

0 wiki.zip.ag.ca

0 wiki.zip.al.bv

0 wiki.zip.ab.aw

0 wiki.zip.ah.bm

0 wiki.zip.ad.bd

0 wiki.zip.ag.br

0 wiki.zip.ab.ai

0 wiki.zip.ag.bf

0 wiki.zip.ab.ax
Already have log for t02620 2941 bafykbzacebnkkd7pbkenrnzenkadu2ae66u5bzuceboxdluf7bmelypmjjn4y
0 wiki.zip.aj.bg


0 wiki.zip.af.ah

0 wiki.zip.ag.au

0 wiki.zip.ag.aa

0 wiki.zip.ac.bt

0 wiki.zip.ah.ak

0 wiki.zip.aa.ao

0 wiki.zip.aa.bw

0 wiki.zip.af.ar

0 wiki.zip.aa.bf

0 wiki.zip.ae.ac

0 wiki.zip.ag.ao

0 wiki.zip.ak.bj

0 wiki.zip.ah.ab

0 wiki.zip.ad.bl

0 wiki.zip.aj.ba

0 wiki.zip.af.ak

0 wiki.zip.af.bm
Already have log for t02420 3138 bafykbzacecrpmdpz73f5gzm7wkp45euzegvglinqxqh4mzhztx2wls2smq5lc
0 wiki.zip.ai.am


0 wiki.zip.ag.bz

0 wiki.zip.ac.bw

0 wiki.zip.aj.aq

0 wiki.zip.ac.at

0 wiki.zip.ak.aa

0 wiki.zip.aj.bw

0 wiki.zip.ad.ao

0 wiki.zip.al.bj

0 wiki.zip.aa.bw

0 wiki.zip.aa.ab

0 wiki.zip.af.as

0 wiki.zip.am.aa

0 wiki.zip.ah.bc

0 wiki.zip.ae.aa

0 wiki.zip.ah.az

0 wiki.zip.ab.aa
Already have log for t02620 2975 bafykbzacedt4xdfro2nhiz6ocbm53jxigcerja2w7vtfsohndmvs72vdlfwlq
0 wiki.zip.ae.bp


0 wiki.zip.ae.bu

0 wiki.zip.af.ak

0 wiki.zip.ai.bn

0 wiki.zip.af.bb

0 wiki.zip.ac.bw

0 wiki.zip.ad.af

0 wiki.zip.aj.bx

0 wiki.zip.af.ag

0 wiki.zip.ae.br
Already have log for t07956 3098 bafykbzacecfsepmoi2yfpujwoywnrauqqiroxxzufb33a2enc6sbwgym77eee
0 wiki.zip.ad.bd


0 wiki.zip.aa.af

0 wiki.zip.ai.ay

0 wiki.zip.ak.ap

0 wiki.zip.am.bm

0 wiki.zip.al.af

0 wiki.zip.ak.ba
Retrieving t02404 3812 bafykbzacedaku37czrnvdcf2uu4qay4qjxhk5caitalu7mbvepm6phkrwp2y6
> Recv: 0 B, Paid 0 FIL, ClientEventOpen (DealStatusNew)
> Recv: 0 B, Paid 0 FIL, ClientEventDealProposed (DealStatusWaitForAcceptance)
0 wiki.zip.ag.bs
Already have log for t02658 3168 bafykbzacea5yyqgozhulbngi4vcoxizdxmppr7u3x7jcxhorhmpml33lexxri
> Recv: 0 B, Paid 0 FIL, ClientEventDealAccepted (DealStatusAccepted)

0 wiki.zip.aj.bz

0 wiki.zip.am.bk

0 wiki.zip.ag.bv

0 wiki.zip.aa.bo

0 wiki.zip.ah.bg

0 wiki.zip.af.ad
Already have log for t01247 2590 bafykbzaceayvc2u6gevew2cexq4ise4md3hes34hqsjigiibssqztq2nzc6wm

0 wiki.zip.ag.ba

0 wiki.zip.ae.bm

0 wiki.zip.ai.ad

0 wiki.zip.am.ak

0 wiki.zip.ah.as

0 wiki.zip.ae.at

0 wiki.zip.ai.ay

0 wiki.zip.al.bp

0 wiki.zip.aa.bd

0 wiki.zip.aa.ad
Already have log for t02620 2965 bafykbzaceaodz76cdarzsyecuxe434kxk2f7hhf7mmk7k5qa2powsx44f5cma

0 wiki.zip.ae.ay
Already have log for t01272 2568 bafykbzacebymu575wnlnnmiwers3bqnrl5abpac3xoey3x346c4fyjv7lpoam

0 wiki.zip.aa.bh

0 wiki.zip.ak.bz

0 wiki.zip.ai.as

0 wiki.zip.ac.bo

0 wiki.zip.ag.bt

0 wiki.zip.ae.bn

0 wiki.zip.aa.bp

0 wiki.zip.ae.ao

0 wiki.zip.ai.bw

0 wiki.zip.aa.aq

0 wiki.zip.ae.ac

0 wiki.zip.am.an

0 wiki.zip.af.bs

0 wiki.zip.al.ay

0 wiki.zip.al.az

0 wiki.zip.ah.bt

0 wiki.zip.am.az

0 wiki.zip.ag.au

0 wiki.zip.aj.be

0 wiki.zip.ac.bh

0 wiki.zip.ae.bw

0 wiki.zip.am.bn
Already have log for t01247 2880 bafykbzacedglpt7wvgdzkx4l7gxokhzvmfblkzbjthvgttlgrbrnmzflyqrns

0 wiki.zip.ak.ai

0 wiki.zip.af.bk

0 wiki.zip.ai.bn

0 wiki.zip.af.bg

0 wiki.zip.ak.ca

0 wiki.zip.aj.an

0 wiki.zip.ab.ag

0 wiki.zip.ab.ai

0 wiki.zip.aa.ae
Already have log for t02420 2429 bafykbzacea3kv5lvrrdgpdnwnt37iqxjx2tasrqptvzqhrtqmklusfss7uvs2

0 wiki.zip.ag.bq
Already have log for t02420 2639 bafykbzacediqw2pgzbpygpwnzoe2faqckohg5lpy2eja2z2cfxxxyxwz4x77a

0 wiki.zip.aa.bg

0 wiki.zip.ac.bn

0 wiki.zip.al.by

0 wiki.zip.aa.bc

0 wiki.zip.al.br

0 wiki.zip.al.ac

0 wiki.zip.ae.av

0 wiki.zip.af.br

0 wiki.zip.ad.bq

0 wiki.zip.aj.at

0 wiki.zip.ac.bc
Already have log for t02420 2529 bafykbzacecuedinhuylgkaoj73pgbnbwq5yoaghmgokdzlxuv5kh52qc6zxzq

0 wiki.zip.ah.bx

0 wiki.zip.ae.af

0 wiki.zip.ah.bh

0 wiki.zip.an.ae

0 wiki.zip.aa.bs

0 wiki.zip.ai.bh

0 wiki.zip.ab.ax
Already have log for t02620 2941 bafykbzacebnkkd7pbkenrnzenkadu2ae66u5bzuceboxdluf7bmelypmjjn4y

0 wiki.zip.ad.bu

0 wiki.zip.ai.af

0 wiki.zip.ah.bz
Already have log for t01272 2693 bafykbzacedsa2qq6ng4ncqwbwliw6wsq5cdibhiwbvgcoyhjozxku6dlwalaq

0 wiki.zip.af.aj

0 wiki.zip.ag.bz

0 wiki.zip.ag.be

0 wiki.zip.am.bb

0 wiki.zip.ac.bf

0 wiki.zip.ah.az

0 wiki.zip.ah.av

0 wiki.zip.ad.ap

0 wiki.zip.am.be

0 wiki.zip.aj.bc

0 wiki.zip.al.at

0 wiki.zip.ak.au

0 wiki.zip.am.bp

0 wiki.zip.aa.ap

0 wiki.zip.al.bi

0 wiki.zip.ah.ar

0 wiki.zip.ad.bx

0 wiki.zip.an.aa

0 wiki.zip.ad.bn
Already have log for t01272 2569 bafykbzacebnvvipwm5qu6rd36sqeo7iehbrctajiak53iq7kioduehngfk4sy

0 wiki.zip.ak.br

0 wiki.zip.aj.ap

0 wiki.zip.ab.bc

0 wiki.zip.aj.bd

0 wiki.zip.aj.by

0 wiki.zip.ad.be

0 wiki.zip.an.ag

0 wiki.zip.ah.ax

0 wiki.zip.ad.bt

0 wiki.zip.af.bz

0 wiki.zip.al.an

0 wiki.zip.ak.af

0 wiki.zip.aa.ay

0 wiki.zip.an.af

0 wiki.zip.af.am

0 wiki.zip.ag.bj

0 wiki.zip.ab.bd

0 wiki.zip.aa.ba
Already have log for t02420 3469 bafykbzaceddw5bj37gn4jsfz77fzjngxvd4gjco4pxkn3scu45a5acghpwl5y

0 wiki.zip.ad.br

0 wiki.zip.ac.ap

0 wiki.zip.ah.ba

0 wiki.zip.ac.bp

0 wiki.zip.af.aw

> Recv: 269 B, Paid 0 FIL, ClientEventBlocksReceived (DealStatusAccepted)
> Recv: 269 B, Paid 0 FIL, ClientEventPaymentRequested (DealStatusAccepted)
> Recv: 1 MiB, Paid 0 FIL, ClientEventBlocksReceived (DealStatusAccepted)
> Recv: 1 MiB, Paid 0 FIL, ClientEventPaymentChannelAddingFunds (DealStatusPaymentChannelAddingFunds)
0 wiki.zip.ab.bp

0 wiki.zip.af.an

0 wiki.zip.ab.ad
Already have log for t01272 2474 bafykbzacechfhxptzekpsllxynq7sr3vt3g2zk66b3mc7eehqase5sksjpnps

0 wiki.zip.al.av

0 wiki.zip.al.aw

0 wiki.zip.ad.by

0 wiki.zip.aj.al

0 wiki.zip.al.ad
Already have log for t02424 3838 bafykbzacec2rndf3wffw5yfmflteepd46xlqp2r63wzlph25bctzh3rohut4m

0 wiki.zip.ag.bl
Already have log for t07956 3184 bafykbzacedzbgj6pmibqot4r3paxe4urb77u37kcpsivmyayaolgt2g4sbbte

0 wiki.zip.ac.ah

0 wiki.zip.ah.ag

0 wiki.zip.ad.ab

0 wiki.zip.ad.ag

0 wiki.zip.af.bn
Already have log for t07956 3141 bafykbzacebkceuhmtibiiwpuf4i4efcx7evzo2lxk2jvfq6ndqncgqtefvfb4

0 wiki.zip.al.bo

0 wiki.zip.ab.by
Already have log for t01272 2502 bafykbzacedh6ob5dy4iyijp72owvu2xwmglw6ogf3nhsxp3swaa3ieesnwggg

0 wiki.zip.ab.ab

0 wiki.zip.ai.aw
Already have log for t02304 3292 bafykbzacebvaccivcfxpxn27qb35a3lrojmq7w6r3yjaxsivtufy7kn5f7c6m

0 wiki.zip.ab.bz
Already have log for t02620 2993 bafykbzaceckz6db3tveruge2vjvnuepqseyttd4wxlut6sb6l755zrmk4fi7s

0 wiki.zip.aj.bb

0 wiki.zip.aj.bv

0 wiki.zip.ac.aj

0 wiki.zip.ai.bl
Already have log for t02620 3233 bafykbzaceanojsourbhcmp4veluznypn25t3egyjb3txqmjdkzojborbn3xxk

0 wiki.zip.ad.bo

0 wiki.zip.ae.bp

0 wiki.zip.ai.bv

0 wiki.zip.am.bx

0 wiki.zip.ak.al

0 wiki.zip.ag.at

0 wiki.zip.ah.bs

0 wiki.zip.ak.ay

0 wiki.zip.ah.ap

0 wiki.zip.al.ag
Already have log for t01247 2813 bafykbzacebxgetuhsx3oigbmns7krfeht4dkkwwqqodbthjy7nfichnhwm7pe
Already have log for t02420 3317 bafykbzacebxgetuhsx3oigbmns7krfeht4dkkwwqqodbthjy7nfichnhwm7pe

0 wiki.zip.aj.am

0 wiki.zip.aj.bk

0 wiki.zip.ac.ba

0 wiki.zip.ad.av

0 wiki.zip.ak.bx

0 wiki.zip.ac.be

0 wiki.zip.ae.bc

0 wiki.zip.am.ay

0 wiki.zip.ai.bo

0 wiki.zip.am.af

0 wiki.zip.ah.bo

0 wiki.zip.ak.by

0 wiki.zip.ak.bp

0 wiki.zip.ag.al

0 wiki.zip.ah.bu

0 wiki.zip.aa.az

0 wiki.zip.ai.ba

0 wiki.zip.ak.av

0 wiki.zip.ai.aa

0 wiki.zip.am.ai

0 wiki.zip.ak.at

0 wiki.zip.af.ac

0 wiki.zip.ab.bv

0 wiki.zip.ak.aw

0 wiki.zip.am.am
Already have log for t07956 3350 bafykbzacecr3weu2ybzjbcg4pb7d3a6kutvmmclucnx4qyftgdzekpls6xzjw

0 wiki.zip.ab.bg

0 wiki.zip.ag.ar

0 wiki.zip.ae.ad

0 wiki.zip.af.bd

0 wiki.zip.ab.bh

0 wiki.zip.ah.by

0 wiki.zip.ad.al

0 wiki.zip.ai.aj

0 wiki.zip.am.as

0 wiki.zip.ab.am

0 wiki.zip.aa.aa
Already have log for t07956 2967 bafykbzaced3v6jdz436uh2shndde7nwmjlmp6riomr6ps3fbapvaqb6dqpi2o

0 wiki.zip.an.ad

0 wiki.zip.ad.ay

0 wiki.zip.aj.ak

0 wiki.zip.ah.bn
Already have log for t02620 3219 bafykbzacedda7blmdrphidddd2bedz25xc2oxhww63ec4htkqbxube4yv24se

0 wiki.zip.ag.bo

0 wiki.zip.ag.bu

0 wiki.zip.aj.ax
Already have log for t02424 3765 bafykbzaceab3pa7yvcyhoqtlv4wx6b767lbljma3bgyghhiq4l6ncmik5mmvm

0 wiki.zip.ac.ag

0 wiki.zip.am.ab

0 wiki.zip.ah.bp

0 wiki.zip.aa.ah

0 wiki.zip.ag.ac

0 wiki.zip.ae.ae

0 wiki.zip.ad.bl

0 wiki.zip.af.ba

0 wiki.zip.af.bt

0 wiki.zip.ah.bv

0 wiki.zip.ak.ao
Already have log for t01247 2777 bafykbzaceb4kqudbfcalm7bw4k45ctafsa3cy4p33ccze6yaj6b4bciuvnacw

0 wiki.zip.ah.an

0 wiki.zip.ac.ca

0 wiki.zip.aj.ai

0 wiki.zip.al.bs

0 wiki.zip.aj.ab

0 wiki.zip.aa.ao

0 wiki.zip.ai.bu

0 wiki.zip.ak.az

0 wiki.zip.aa.bj

0 wiki.zip.am.ar

0 wiki.zip.ac.bl

0 wiki.zip.ab.ba

0 wiki.zip.ak.ak

0 wiki.zip.ac.av

0 wiki.zip.ah.bq

0 wiki.zip.ae.au

0 wiki.zip.al.bl

0 wiki.zip.ak.bl

0 wiki.zip.ac.ac

0 wiki.zip.ad.as

0 wiki.zip.ad.ba

0 wiki.zip.ag.bn

0 wiki.zip.aa.bi

0 wiki.zip.ac.as

0 wiki.zip.ae.ba

0 wiki.zip.aj.as

0 wiki.zip.ag.am

0 wiki.zip.aj.az

0 wiki.zip.al.bd

0 wiki.zip.ae.ah

0 wiki.zip.ab.aj

0 wiki.zip.ak.bo

0 wiki.zip.af.bw

0 wiki.zip.ad.at

0 wiki.zip.ah.bc

0 wiki.zip.aa.av
Already have log for t01247 2436 bafykbzacedzmh7o56g6xivlxza7kjymqnuba74arp52cnsqnebwwimwvjkffo

0 wiki.zip.ad.bh

0 wiki.zip.ak.ae

0 wiki.zip.ak.am

0 wiki.zip.ae.bl

0 wiki.zip.af.at

0 wiki.zip.ad.am

0 wiki.zip.al.ap
Already have log for t02404 3844 bafykbzacebjdyiorwtxdigp6oa7t5qwloeqd4q6cuv3rk4bmm2qkhx4yvhari

0 wiki.zip.ag.aq

0 wiki.zip.ah.bk

0 wiki.zip.ak.ag

0 wiki.zip.aa.am

0 wiki.zip.ag.ax

0 wiki.zip.ah.bw

0 wiki.zip.ai.ah

0 wiki.zip.ab.br

0 wiki.zip.ae.az

0 wiki.zip.ac.ao

0 wiki.zip.ai.bt

0 wiki.zip.ac.am

0 wiki.zip.al.bg

0 wiki.zip.ab.au
Already have log for t02420 3474 bafykbzacebd57xohwcoikhirrbagjih5h66axi674h6tjkigjukgnob4fx54m

0 wiki.zip.ae.bh

0 wiki.zip.ae.ax

0 wiki.zip.ad.ca
Already have log for t01247 2580 bafykbzacedwnh533x6syhzcpf2g5fohkjhap25wpnp52mu3hn26iodbqomeu6

0 wiki.zip.aa.bk

0 wiki.zip.ah.aa

0 wiki.zip.ah.bi
Already have log for t01247 2667 bafykbzacecipjllyycdlhmlvnjpa7wty2mkqxefrcoeefc5csdxtkncbmhmie

0 wiki.zip.af.be

0 wiki.zip.af.bh

0 wiki.zip.ab.aw

0 wiki.zip.ag.as

0 wiki.zip.ai.bx

0 wiki.zip.ai.by

0 wiki.zip.ab.bt

0 wiki.zip.aj.aa

0 wiki.zip.ah.ac
Already have log for t02420 2950 bafykbzaceadnnpneq6oevfbrvz5f4iwgadagokar7z5h74l5kbgcfxrj6ulfg

0 wiki.zip.ae.an

0 wiki.zip.am.bg

0 wiki.zip.aa.ca

0 wiki.zip.aj.aq

0 wiki.zip.aj.aj

0 wiki.zip.ai.az

0 wiki.zip.aa.ai
Already have log for t01272 2438 bafykbzaceahc7i4xjyqggnj4vfmfkd2bk7c2pst4jwa7agqkic4bs5atkmco4

0 wiki.zip.am.al
Already have log for t01272 2884 bafykbzacecytmyto77lbxxxj6if6l445xakquhsmnwbn4khpj4xpawdzxd35w

0 wiki.zip.al.bz

0 wiki.zip.ab.bm

0 wiki.zip.al.bq

0 wiki.zip.ag.bx

0 wiki.zip.ae.by

0 wiki.zip.ad.bf

0 wiki.zip.ai.be

0 wiki.zip.ai.au

0 wiki.zip.af.av

0 wiki.zip.aa.br

0 wiki.zip.ab.af

0 wiki.zip.ad.aj

> Recv: 1 MiB, Paid 0 FIL, ClientEventPaymentChannelReady (DealStatusOngoing)
> Recv: 1 MiB, Paid 0 FIL, ClientEventPaymentRequested (DealStatusFundsNeeded)
> Recv: 1 MiB, Paid 0 FIL, ClientEventSendFunds (DealStatusSendFunds)
> Recv: 1 MiB, Paid 0.00000000000209769 FIL, ClientEventPaymentSent (DealStatusOngoing)
0 wiki.zip.aa.bx

> Recv: 2 MiB, Paid 0.00000000000209769 FIL, ClientEventBlocksReceived (DealStatusOngoing)
> Recv: 2 MiB, Paid 0.00000000000209769 FIL, ClientEventPaymentRequested (DealStatusFundsNeeded)
> Recv: 3 MiB, Paid 0.00000000000209769 FIL, ClientEventBlocksReceived (DealStatusFundsNeeded)
> Recv: 3 MiB, Paid 0.00000000000209769 FIL, ClientEventSendFunds (DealStatusSendFunds)
> Recv: 3 MiB, Paid 0.000000000006291994 FIL, ClientEventPaymentSent (DealStatusOngoing)
0 wiki.zip.ad.bb

> Recv: 4 MiB, Paid 0.000000000006291994 FIL, ClientEventBlocksReceived (DealStatusOngoing)
> Recv: 4.769 MiB, Paid 0.000000000006291994 FIL, ClientEventBlocksReceived (DealStatusOngoing)
> Recv: 4.769 MiB, Paid 0.000000000006291994 FIL, ClientEventLastPaymentRequested (DealStatusFundsNeededLastPayment)
> Recv: 4.769 MiB, Paid 0.000000000006291994 FIL, ClientEventAllBlocksReceived (DealStatusSendFundsLastPayment)
> Recv: 4.769 MiB, Paid 0.000000000010000538 FIL, ClientEventPaymentSent (DealStatusFinalizing)
> Recv: 4.769 MiB, Paid 0.000000000010000538 FIL, ClientEventComplete (DealStatusCompleted)
Success
0.10user 0.03system 5:34.56elapsed 0%CPU (0avgtext+0avgdata 39420maxresident)k
0inputs+0outputs (0major+3794minor)pagefaults 0swaps
Skipping ahead

0 wiki.zip.ai.ax

1 wiki.zip.ah.av

0 wiki.zip.ak.ah

0 wiki.zip.ab.bx

0 wiki.zip.ab.ay

0 wiki.zip.ae.bn

0 wiki.zip.am.av

0 wiki.zip.ah.bw

0 wiki.zip.aa.ac

0 wiki.zip.af.by

0 wiki.zip.ai.at

0 wiki.zip.ah.bh

0 wiki.zip.ae.ap

0 wiki.zip.ah.ay

0 wiki.zip.ad.bm

0 wiki.zip.af.aw

0 wiki.zip.ad.ax

0 wiki.zip.ak.ao
Already have log for t01247 2777 bafykbzaceb4kqudbfcalm7bw4k45ctafsa3cy4p33ccze6yaj6b4bciuvnacw
0 wiki.zip.am.bw
Already have log for t01102 2954 bafykbzacebv4co5cw5omd24axbcadypd4pwrkbu4flgck5rzalwv7yofgddta

Already have log for t02420 3379 bafykbzacebv4co5cw5omd24axbcadypd4pwrkbu4flgck5rzalwv7yofgddta
0 wiki.zip.ak.ap


0 wiki.zip.ac.by
Already have log for t02620 3064 bafykbzacebrakectjii5moaciauhtnkjpbsevehzu5o5yeadj7etx6h5b72ts
0 wiki.zip.al.bc


0 wiki.zip.am.br

0 wiki.zip.aa.as

0 wiki.zip.al.be

0 wiki.zip.ag.am

0 wiki.zip.ac.bk

0 wiki.zip.af.bc

0 wiki.zip.ac.ay

0 wiki.zip.ah.ax

0 wiki.zip.ac.ak
Already have log for t01247 2511 bafykbzaceacp6kdut47u2nrsvitormq2jls2cv4mw27745dh6xire5k6bntrw
0 wiki.zip.ab.bu


0 wiki.zip.am.ad

0 wiki.zip.ag.ai

0 wiki.zip.ah.ao

0 wiki.zip.am.ah

0 wiki.zip.aa.bm

0 wiki.zip.am.bv
Already have log for t02404 3914 bafykbzacebvrnswl3cmgbz7546dth6nu5ztlf7mf73qrydsxaphyavnlysghu
0 wiki.zip.ac.as


0 wiki.zip.ab.bj

0 wiki.zip.ag.ak

0 wiki.zip.aa.aj

0 wiki.zip.al.ah
Already have log for t02420 2811 bafykbzacedvnukecyq5gyc73pbhgtz7j5k2alfnn7tmz2mcqpe4ruucxlxkqa
0 wiki.zip.ah.ai

Already have log for t02304 3314 bafykbzacedvnukecyq5gyc73pbhgtz7j5k2alfnn7tmz2mcqpe4ruucxlxkqa
0 wiki.zip.aa.bb


0 wiki.zip.am.bl

0 wiki.zip.al.as

0 wiki.zip.ab.ap

0 wiki.zip.aa.ax

0 wiki.zip.am.am
Already have log for t07956 3350 bafykbzacecr3weu2ybzjbcg4pb7d3a6kutvmmclucnx4qyftgdzekpls6xzjw
0 wiki.zip.ad.ai


0 wiki.zip.ag.ay

0 wiki.zip.ah.an

0 wiki.zip.ab.an

0 wiki.zip.ah.bo

0 wiki.zip.ae.ai

0 wiki.zip.ac.bi

0 wiki.zip.ai.ao

0 wiki.zip.aj.bc

0 wiki.zip.ak.bg

0 wiki.zip.ad.bm

0 wiki.zip.ag.bm

0 wiki.zip.al.av

0 wiki.zip.ak.an
Already have log for t02424 3780 bafykbzacecqujwyti4mzgwitk4zumpzzb7rszm6bvjtw7bpxioy7vqprinzfc
0 wiki.zip.ac.bg


0 wiki.zip.af.au
Already have log for t01272 2594 bafykbzacedd3l7abbsz2kj427yngqf77kfub4iz43pmjlb5mcowf5q4mrmxeu
0 wiki.zip.am.bo
Already have log for t02420 2885 bafykbzaceax2xlkezkjyovpzigngaf6atcw4t3a3sbf4t66nrxi3zhpsfsjrq


0 wiki.zip.ac.ao

0 wiki.zip.ah.au

0 wiki.zip.af.bo

0 wiki.zip.aa.an

0 wiki.zip.ac.aa

0 wiki.zip.ah.bj
Already have log for t02420 2664 bafykbzacea2q5dngjgugki7bsgvrhs7a3vp65zmfk6pnhazkzpcffrzazwczc
0 wiki.zip.ak.bf

Already have log for t07956 3212 bafykbzacea2q5dngjgugki7bsgvrhs7a3vp65zmfk6pnhazkzpcffrzazwczc
0 wiki.zip.aa.bt


0 wiki.zip.ak.bs

0 wiki.zip.ae.bg

0 wiki.zip.ah.ak

0 wiki.zip.ae.bj

0 wiki.zip.ah.bp

0 wiki.zip.ag.ae

0 wiki.zip.af.ag

0 wiki.zip.aj.ca

0 wiki.zip.al.ac

0 wiki.zip.ab.ac

0 wiki.zip.aj.bm

0 wiki.zip.aa.bm

0 wiki.zip.ah.aj

0 wiki.zip.ai.bi
Already have log for t02420 3230 bafykbzacecctaafhkg27sjf6mmhwyv5cwz5em5ss2gqmi2xn4nrjvo3cww3po
0 wiki.zip.ab.bz
Already have log for t02620 2993 bafykbzaceckz6db3tveruge2vjvnuepqseyttd4wxlut6sb6l755zrmk4fi7s


0 wiki.zip.am.bh

0 wiki.zip.ak.ae

0 wiki.zip.af.bl

0 wiki.zip.ae.an

0 wiki.zip.ae.aw

0 wiki.zip.ak.ag

0 wiki.zip.ai.bk

0 wiki.zip.aa.af

0 wiki.zip.ak.ac

0 wiki.zip.ag.aw

0 wiki.zip.al.bh

0 wiki.zip.aj.au

0 wiki.zip.ak.be
Already have log for t01272 2805 bafykbzacea3vc42ylss26hlcgyfbci7upanmevjqeepunx5573tkh7kt7wmze
0 wiki.zip.ag.aq


0 wiki.zip.ab.az

0 wiki.zip.am.ac
Already have log for t02304 3327 bafykbzacebebzblfiagnj3ftm3f2v4g5w2okkxbiaopefso4farzorp4e2ln2
0 wiki.zip.aa.bk


0 wiki.zip.am.au

0 wiki.zip.am.aj

0 wiki.zip.am.an

0 wiki.zip.aa.be

0 wiki.zip.ah.bg

0 wiki.zip.ab.bi
Already have log for t02420 2443 bafykbzacea4go4yexrxr27pbnqrsf4jiv77c3jzeeixgxalrfbpht3occx4p4
0 wiki.zip.ac.bo


0 wiki.zip.aj.ae

0 wiki.zip.ab.bs
Already have log for t03143 2495 bafykbzaceciwhd6def6jumt6caq75o36idg5oleugjlhlmicz32s5uqax72kq
0 wiki.zip.ag.be


0 wiki.zip.an.ae

0 wiki.zip.ai.ap

0 wiki.zip.ah.bj
Already have log for t02420 2664 bafykbzacea2q5dngjgugki7bsgvrhs7a3vp65zmfk6pnhazkzpcffrzazwczc
0 wiki.zip.ab.bq

Already have log for t07956 3212 bafykbzacea2q5dngjgugki7bsgvrhs7a3vp65zmfk6pnhazkzpcffrzazwczc
0 wiki.zip.aj.bx


0 wiki.zip.ah.aq

0 wiki.zip.af.bi

0 wiki.zip.ak.aj

0 wiki.zip.al.bz

0 wiki.zip.am.bt

0 wiki.zip.ac.ae

0 wiki.zip.aa.by
Already have log for t07956 3002 bafykbzacecibcwkgmukjiapg5a7vglooh3zfmsdbjf3d672e6p6235zdniutc
0 wiki.zip.ab.av


0 wiki.zip.ab.br

0 wiki.zip.af.au
Already have log for t01272 2594 bafykbzacedd3l7abbsz2kj427yngqf77kfub4iz43pmjlb5mcowf5q4mrmxeu
0 wiki.zip.ae.ao


0 wiki.zip.ak.ad

0 wiki.zip.aa.at

0 wiki.zip.aj.ao

0 wiki.zip.ai.ab

0 wiki.zip.ae.am

0 wiki.zip.ad.ac

0 wiki.zip.aj.aa

0 wiki.zip.ai.ae

0 wiki.zip.am.bi

0 wiki.zip.am.bf

0 wiki.zip.al.bl

0 wiki.zip.ak.bh

0 wiki.zip.aa.be

0 wiki.zip.am.bi

0 wiki.zip.aa.al

0 wiki.zip.aj.av
Already have log for t01247 2725 bafykbzacebgwvebrd7zzgak26eiryeu2dq7iaxa3b43b2c3hz55g6kvwlo7ly
0 wiki.zip.ag.bp
Already have log for t01247 2657 bafykbzaceaequekzoebp6xckzv23psbttdlmwd6iu4bkc47sok5iyxulw2m5q

Already have log for t02620 3185 bafykbzaceaequekzoebp6xckzv23psbttdlmwd6iu4bkc47sok5iyxulw2m5q
0 wiki.zip.al.ao


0 wiki.zip.ag.bi

0 wiki.zip.ak.au

0 wiki.zip.ai.ca

0 wiki.zip.aj.bo

0 wiki.zip.ak.bi

0 wiki.zip.ai.aa

0 wiki.zip.ah.ay

0 wiki.zip.ak.bx

0 wiki.zip.aa.bv

0 wiki.zip.ad.ah

0 wiki.zip.ad.bw
Already have log for t02620 3094 bafykbzacedqj5wvkiujw3erzl3mw4ryen37dypftoj6hpvizms2psfrtqz3hu
0 wiki.zip.af.ax


0 wiki.zip.ad.ae
Already have log for t01247 2539 bafykbzacedhvn3baglvoqwqlde6xzvxnplyavfgky22gvzctdzd6quu5qn7lo
0 wiki.zip.ae.ab


0 wiki.zip.ag.az

0 wiki.zip.af.bs

0 wiki.zip.aa.bq

0 wiki.zip.ag.bj

0 wiki.zip.aj.bo

0 wiki.zip.ai.aw
Already have log for t02304 3292 bafykbzacebvaccivcfxpxn27qb35a3lrojmq7w6r3yjaxsivtufy7kn5f7c6m
0 wiki.zip.ab.ar


0 wiki.zip.ab.bj

0 wiki.zip.ak.bd

0 wiki.zip.al.ai

0 wiki.zip.al.ar

0 wiki.zip.al.bu

0 wiki.zip.ad.bj

0 wiki.zip.ai.bj

0 wiki.zip.aa.ag

0 wiki.zip.ag.an

0 wiki.zip.al.aq

0 wiki.zip.ah.br

0 wiki.zip.ag.an

0 wiki.zip.ag.aw

0 wiki.zip.ae.ah

0 wiki.zip.ag.bb

0 wiki.zip.af.ai

0 wiki.zip.ah.ah

0 wiki.zip.am.bz

0 wiki.zip.ak.bn

0 wiki.zip.al.bv

0 wiki.zip.ak.bk

0 wiki.zip.aj.be

0 wiki.zip.aj.bl

0 wiki.zip.af.bl

0 wiki.zip.al.aa

0 wiki.zip.aj.bn

0 wiki.zip.ag.ah

0 wiki.zip.al.bk

0 wiki.zip.ai.ak

0 wiki.zip.am.bc

0 wiki.zip.ab.bu

0 wiki.zip.am.ba

0 wiki.zip.ad.bs

0 wiki.zip.ac.bn

0 wiki.zip.ai.br

0 wiki.zip.am.ae
Already have log for t02404 3903 bafykbzacedgsq3kmfa6laok2emlafda2tfzttoq3arjdwrtbiewl27gx24rt2
0 wiki.zip.aj.ay


0 wiki.zip.am.bl

0 wiki.zip.ac.bp

0 wiki.zip.ak.bm

0 wiki.zip.am.bt

0 wiki.zip.af.aa

0 wiki.zip.ai.bt

0 wiki.zip.am.ao

0 wiki.zip.ad.ap

0 wiki.zip.ai.bm

0 wiki.zip.ab.al

0 wiki.zip.al.ba

0 wiki.zip.aj.bq

0 wiki.zip.am.ca

0 wiki.zip.ac.ac

0 wiki.zip.af.bv

0 wiki.zip.ab.ay

0 wiki.zip.aa.as

0 wiki.zip.ac.au

0 wiki.zip.ae.ag

0 wiki.zip.ae.ay
Already have log for t01272 2568 bafykbzacebymu575wnlnnmiwers3bqnrl5abpac3xoey3x346c4fyjv7lpoam
0 wiki.zip.ac.af


0 wiki.zip.ac.bx

0 wiki.zip.ab.by
Already have log for t01272 2502 bafykbzacedh6ob5dy4iyijp72owvu2xwmglw6ogf3nhsxp3swaa3ieesnwggg
0 wiki.zip.aj.aw
Already have log for t02420 2733 bafykbzaceb5pigxnwaznaaorjf6enupg5w6peto6twteuxjspkx5gawdhihc4


0 wiki.zip.ab.bt

0 wiki.zip.ak.bs

0 wiki.zip.af.bq
Already have log for t02620 3152 bafykbzaceb5oa3ykgizvba2557lekgv44nnk6k3dkavtyc5ox5l6nuew4kcw6
0 wiki.zip.ac.al


0 wiki.zip.af.ca

0 wiki.zip.aj.av
Already have log for t01247 2725 bafykbzacebgwvebrd7zzgak26eiryeu2dq7iaxa3b43b2c3hz55g6kvwlo7ly
0 wiki.zip.al.am


0 wiki.zip.af.as

0 wiki.zip.ai.aq
Already have log for t02420 3293 bafykbzacealy7ooc3zlxo7teunsxqxyldals3tiekos7f66cfreoe3b3vezok
0 wiki.zip.ac.bi


0 wiki.zip.ac.bq

0 wiki.zip.am.bo
Already have log for t02420 2885 bafykbzaceax2xlkezkjyovpzigngaf6atcw4t3a3sbf4t66nrxi3zhpsfsjrq
0 wiki.zip.ac.bj


0 wiki.zip.ab.av

0 wiki.zip.ag.av

0 wiki.zip.af.ao

0 wiki.zip.af.av

0 wiki.zip.an.ac

0 wiki.zip.aa.bv

0 wiki.zip.ad.bk

0 wiki.zip.af.bm
Already have log for t02420 3138 bafykbzacecrpmdpz73f5gzm7wkp45euzegvglinqxqh4mzhztx2wls2smq5lc
0 wiki.zip.ad.bi


0 wiki.zip.aj.bn

0 wiki.zip.ai.bm

0 wiki.zip.al.aj

0 wiki.zip.ak.bp

0 wiki.zip.ai.bf

0 wiki.zip.ah.bq

0 wiki.zip.ag.bk

0 wiki.zip.ag.at

0 wiki.zip.al.ar

0 wiki.zip.al.ba

0 wiki.zip.ab.bw
Already have log for t07956 2982 bafykbzacea6zlpnqaa6pin2dv3s6p3uczfa5wmrffyw3urcgubo47hduwva5m
0 wiki.zip.ae.bg


0 wiki.zip.ab.bm

0 wiki.zip.ab.bn

0 wiki.zip.ac.am

0 wiki.zip.ac.bs
Already have log for t01272 2487 bafykbzacedulaxekj6ykdyj3hyeok7yvlrj3irrl36dfgklhvlck6fbehgmrc
0 wiki.zip.ak.am


0 wiki.zip.ak.aj

0 wiki.zip.ab.ao

0 wiki.zip.ac.ai

0 wiki.zip.aj.bh

0 wiki.zip.ag.ai

0 wiki.zip.ad.bz

0 wiki.zip.aa.bx

0 wiki.zip.ac.ai

0 wiki.zip.ah.bm

0 wiki.zip.ah.am

0 wiki.zip.ai.ap

0 wiki.zip.ah.al

0 wiki.zip.al.am

0 wiki.zip.ad.bg

0 wiki.zip.ae.aj

0 wiki.zip.ai.ai

0 wiki.zip.ag.ae

0 wiki.zip.ad.aq

0 wiki.zip.ah.bb

0 wiki.zip.af.ab

0 wiki.zip.ah.al

0 wiki.zip.ab.ak

0 wiki.zip.ab.bk

0 wiki.zip.ad.ah

0 wiki.zip.al.ao

0 wiki.zip.ae.ca

0 wiki.zip.ac.bh

0 wiki.zip.ae.bf

0 wiki.zip.ab.au
Already have log for t02420 3474 bafykbzacebd57xohwcoikhirrbagjih5h66axi674h6tjkigjukgnob4fx54m
0 wiki.zip.ag.ap


0 wiki.zip.ac.au

0 wiki.zip.am.bv
Already have log for t02404 3914 bafykbzacebvrnswl3cmgbz7546dth6nu5ztlf7mf73qrydsxaphyavnlysghu
0 wiki.zip.af.ay


0 wiki.zip.af.ai

0 wiki.zip.ag.ah

0 wiki.zip.ab.al

0 wiki.zip.al.bi

0 wiki.zip.ae.bx

0 wiki.zip.aj.bp
Already have log for t07956 2957 bafykbzaced5pgjd3hgi544x5dyp3iscfqmfofkuspkkbgyogdujtyd2toz6fk
0 wiki.zip.ae.am


0 wiki.zip.al.bw
Already have log for t01247 2854 bafykbzacedxro3utrbwubptlktlouwxrazc3rfspfbntuvtgz2wjd4wiafq6s
0 wiki.zip.ad.am


0 wiki.zip.aj.bi

0 wiki.zip.ak.aa

0 wiki.zip.ad.bx

0 wiki.zip.al.al

0 wiki.zip.ag.ab

0 wiki.zip.ad.ak

0 wiki.zip.aa.aq

0 wiki.zip.ah.bf

0 wiki.zip.ab.bh

0 wiki.zip.aj.ar

0 wiki.zip.an.ac

0 wiki.zip.ag.bp
Already have log for t01247 2657 bafykbzaceaequekzoebp6xckzv23psbttdlmwd6iu4bkc47sok5iyxulw2m5q
0 wiki.zip.ak.bo

Already have log for t02620 3185 bafykbzaceaequekzoebp6xckzv23psbttdlmwd6iu4bkc47sok5iyxulw2m5q
0 wiki.zip.aa.ba
Already have log for t02420 3469 bafykbzaceddw5bj37gn4jsfz77fzjngxvd4gjco4pxkn3scu45a5acghpwl5y


0 wiki.zip.ae.be

0 wiki.zip.am.ah

0 wiki.zip.aa.bu

0 wiki.zip.ab.ar

0 wiki.zip.ak.bb

0 wiki.zip.aa.ay

0 wiki.zip.ag.bg

0 wiki.zip.ag.aj
Already have log for t01272 2643 bafykbzacedq72jpabwpp5rxgmifa32hnwfqzaize4r2zyzvlz54tb5i2sxhgc
0 wiki.zip.ac.ae


0 wiki.zip.al.bf

0 wiki.zip.ak.ah

0 wiki.zip.ad.au

0 wiki.zip.aa.av
Already have log for t01247 2436 bafykbzacedzmh7o56g6xivlxza7kjymqnuba74arp52cnsqnebwwimwvjkffo
0 wiki.zip.ac.bm


0 wiki.zip.ah.ao

0 wiki.zip.aa.ae
Already have log for t02420 2429 bafykbzacea3kv5lvrrdgpdnwnt37iqxjx2tasrqptvzqhrtqmklusfss7uvs2
0 wiki.zip.ab.az


0 wiki.zip.ab.as

0 wiki.zip.ae.bv

0 wiki.zip.ah.bb

0 wiki.zip.ab.ak

0 wiki.zip.af.bi

0 wiki.zip.ac.ah

0 wiki.zip.am.bj
Already have log for t02424 3915 bafykbzacea3czgk4qhmgiua46rs6o24tqw4zezxbxhfmb7aqijpolqiks7she
0 wiki.zip.ag.bh


0 wiki.zip.ai.aj

0 wiki.zip.al.ax

0 wiki.zip.ae.bm

0 wiki.zip.aj.bf
Already have log for t07956 3256 bafykbzacead7kyucze6llqxqgodz7b7vstbocpaclnfubuvhokr5oofkpceei
0 wiki.zip.ac.bc
Already have log for t02420 2529 bafykbzacecuedinhuylgkaoj73pgbnbwq5yoaghmgokdzlxuv5kh52qc6zxzq


0 wiki.zip.aa.ak

0 wiki.zip.ad.bq

0 wiki.zip.ab.ca

0 wiki.zip.al.bn

0 wiki.zip.ak.ax

0 wiki.zip.ad.aw
Already have log for t02420 2514 bafykbzacediuny362nsppembb63q3hlmsu3qijz4iqjnmwndo6ep2vwop7a4s
0 wiki.zip.ad.bp


0 wiki.zip.ab.bb

0 wiki.zip.an.af

0 wiki.zip.ak.bq

0 wiki.zip.ai.ag

0 wiki.zip.al.ak

0 wiki.zip.aa.bu

0 wiki.zip.af.bj

0 wiki.zip.aa.bp

0 wiki.zip.am.aq

0 wiki.zip.ah.bl
Already have log for t02420 3721 bafykbzaceb2mk6cunkrhbbwnpbq7zotucv23bddae4enkxjbih5ievfdbifpm
0 wiki.zip.am.ad


0 wiki.zip.ag.by

0 wiki.zip.ag.ax

0 wiki.zip.ai.aq
Already have log for t02420 3293 bafykbzacealy7ooc3zlxo7teunsxqxyldals3tiekos7f66cfreoe3b3vezok
0 wiki.zip.am.ag


0 wiki.zip.al.bx

0 wiki.zip.af.ar

0 wiki.zip.ad.bi

0 wiki.zip.am.by

0 wiki.zip.ac.ar

0 wiki.zip.af.ae
Already have log for t02420 2589 bafykbzacec7u2uiexrv7bqeyb54exwubfdiz7tkd737xjuxlor7v7lk46knry
0 wiki.zip.ac.bb


0 wiki.zip.ad.ba

0 wiki.zip.af.bc

0 wiki.zip.aj.bh

0 wiki.zip.ag.ad

0 wiki.zip.af.bw

0 wiki.zip.af.bu
Already have log for t01247 2622 bafykbzaceappuej43ivptade47taymcnm2yturlq5ejsudvj5q2hpzg6xxaqy
0 wiki.zip.ab.bv


0 wiki.zip.ae.af

0 wiki.zip.ai.bc

0 wiki.zip.ad.bn
Already have log for t01272 2569 bafykbzacebnvvipwm5qu6rd36sqeo7iehbrctajiak53iq7kioduehngfk4sy
0 wiki.zip.ai.bs
Already have log for t01272 2738 bafykbzaceczrsm5lmko57tckuv2lm2ypudvjzsohicc5pxo7qrgmagbwgea5s


0 wiki.zip.al.bj

0 wiki.zip.aa.aw

0 wiki.zip.an.ag

0 wiki.zip.ak.ab

0 wiki.zip.ai.av

0 wiki.zip.ae.aj

0 wiki.zip.am.br

0 wiki.zip.aa.al

0 wiki.zip.aj.bg

0 wiki.zip.ab.aq
Already have log for t01247 2477 bafykbzacecqpmraxk6wad665bd6xov2m46mo3yqdgzq3xccpufcfx3wvlwy3i
0 wiki.zip.ag.ar


0 wiki.zip.aj.bj
Already have log for t02404 3776 bafykbzacea62pqalyeztculb52hnchoswktd3apw4gm6sz24w4a5ps75t5rlw
0 wiki.zip.aj.au


0 wiki.zip.ah.aj

0 wiki.zip.aj.br

0 wiki.zip.ac.br

0 wiki.zip.aa.ai
Already have log for t01272 2438 bafykbzaceahc7i4xjyqggnj4vfmfkd2bk7c2pst4jwa7agqkic4bs5atkmco4
0 wiki.zip.ai.bg


0 wiki.zip.ak.bt

0 wiki.zip.ac.ay

0 wiki.zip.aj.bm

0 wiki.zip.ai.ae

0 wiki.zip.ab.bx

0 wiki.zip.ai.bl
Already have log for t02620 3233 bafykbzaceanojsourbhcmp4veluznypn25t3egyjb3txqmjdkzojborbn3xxk
0 wiki.zip.af.aq


0 wiki.zip.ag.av

0 wiki.zip.aa.au

0 wiki.zip.ad.an

0 wiki.zip.ai.ah

0 wiki.zip.ac.bz

0 wiki.zip.ad.aa

0 wiki.zip.ae.br
Already have log for t07956 3098 bafykbzacecfsepmoi2yfpujwoywnrauqqiroxxzufb33a2enc6sbwgym77eee
0 wiki.zip.ag.bi


0 wiki.zip.ag.as

0 wiki.zip.ab.be

0 wiki.zip.ah.bd

0 wiki.zip.ag.bh

0 wiki.zip.ak.aq

0 wiki.zip.ah.af

0 wiki.zip.an.ad

0 wiki.zip.al.ae

0 wiki.zip.ac.bm

0 wiki.zip.ah.at

0 wiki.zip.am.af

0 wiki.zip.ah.be

0 wiki.zip.af.bp

0 wiki.zip.aa.au

0 wiki.zip.ag.bn

0 wiki.zip.ag.ab

0 wiki.zip.ah.ba

0 wiki.zip.ac.az

0 wiki.zip.aj.bf
Already have log for t07956 3256 bafykbzacead7kyucze6llqxqgodz7b7vstbocpaclnfubuvhokr5oofkpceei
0 wiki.zip.ak.bd


0 wiki.zip.ae.bv

0 wiki.zip.af.ay

0 wiki.zip.af.bx

0 wiki.zip.ah.au

0 wiki.zip.ac.aq

0 wiki.zip.aa.ca

0 wiki.zip.al.bm

0 wiki.zip.ab.ah

0 wiki.zip.aa.bn
Already have log for t02420 2457 bafykbzacedxv4lg53cahdqvt7czwksxrdn2bog25vu7hxl3rnyjp65jv3ldfa
0 wiki.zip.ac.ab


0 wiki.zip.af.ah

0 wiki.zip.af.af

0 wiki.zip.af.bj

0 wiki.zip.ai.al

0 wiki.zip.ac.bd

0 wiki.zip.ab.ae

0 wiki.zip.aa.bq

0 wiki.zip.an.ab
Already have log for t01272 2893 bafykbzaceb346smoy2abxlwu6mglr4f5e2abnfx3jm4uh5sn6y33o7ra3tf5m
0 wiki.zip.ab.ae


0 wiki.zip.ab.ab

0 wiki.zip.ak.bw

0 wiki.zip.an.ah

0 wiki.zip.af.al

0 wiki.zip.ac.ak
Already have log for t01247 2511 bafykbzaceacp6kdut47u2nrsvitormq2jls2cv4mw27745dh6xire5k6bntrw
0 wiki.zip.ak.ar


0 wiki.zip.ae.bt

0 wiki.zip.ak.as
Already have log for t07956 3280 bafykbzaceaqcklnpekpmkkz3ujyy5xfula335vnxa24dabzt6l55j7zhmctgg
0 wiki.zip.ac.bg


0 wiki.zip.aa.ar

0 wiki.zip.aj.bl

0 wiki.zip.ab.bk

0 wiki.zip.af.bk

0 wiki.zip.am.ax

0 wiki.zip.ah.bt

0 wiki.zip.ac.bb

0 wiki.zip.ai.as

0 wiki.zip.ad.aa

0 wiki.zip.af.am

0 wiki.zip.af.bf

0 wiki.zip.al.au
Already have log for t01272 2852 bafykbzacecprqy2zbdt2ypavwpsyhhp4aic7xyysv35pjj5bvsftsn65rc66m
0 wiki.zip.aa.bb


0 wiki.zip.am.bc

0 wiki.zip.ae.bf

0 wiki.zip.ad.aw
Already have log for t02420 2514 bafykbzacediuny362nsppembb63q3hlmsu3qijz4iqjnmwndo6ep2vwop7a4s
0 wiki.zip.af.bt


0 wiki.zip.am.bk

0 wiki.zip.ah.ai

0 wiki.zip.aj.bz

0 wiki.zip.ac.aa

0 wiki.zip.aj.bu

0 wiki.zip.af.az

0 wiki.zip.ad.bh

0 wiki.zip.aj.af

0 wiki.zip.ai.bx

0 wiki.zip.ac.aw

0 wiki.zip.ae.bq

0 wiki.zip.aj.ao

0 wiki.zip.ai.at

0 wiki.zip.ac.bv
Already have log for t07956 3061 bafykbzacec2bk3ghyodtlbzkhmdk5ju64qo26xsta4ra5eltqjdgcuh75qhyc
0 wiki.zip.ac.av


0 wiki.zip.ah.bn
Already have log for t02620 3219 bafykbzacedda7blmdrphidddd2bedz25xc2oxhww63ec4htkqbxube4yv24se
0 wiki.zip.af.bq
Already have log for t02620 3152 bafykbzaceb5oa3ykgizvba2557lekgv44nnk6k3dkavtyc5ox5l6nuew4kcw6


0 wiki.zip.am.at

0 wiki.zip.ae.al

0 wiki.zip.al.bo

0 wiki.zip.ae.as

0 wiki.zip.ae.bb

0 wiki.zip.ak.bv

0 wiki.zip.am.as

0 wiki.zip.ag.aj
Already have log for t01272 2643 bafykbzacedq72jpabwpp5rxgmifa32hnwfqzaize4r2zyzvlz54tb5i2sxhgc
0 wiki.zip.al.ap
Already have log for t02404 3844 bafykbzacebjdyiorwtxdigp6oa7t5qwloeqd4q6cuv3rk4bmm2qkhx4yvhari


0 wiki.zip.af.bp

0 wiki.zip.ae.ae

0 wiki.zip.am.aw

0 wiki.zip.ai.az

0 wiki.zip.al.au
Already have log for t01272 2852 bafykbzacecprqy2zbdt2ypavwpsyhhp4aic7xyysv35pjj5bvsftsn65rc66m
0 wiki.zip.ai.bd


0 wiki.zip.ag.bw

0 wiki.zip.am.at

0 wiki.zip.ai.bg

0 wiki.zip.am.bz

0 wiki.zip.ag.bk

0 wiki.zip.aj.bj
Already have log for t02404 3776 bafykbzacea62pqalyeztculb52hnchoswktd3apw4gm6sz24w4a5ps75t5rlw
0 wiki.zip.ak.bl


0 wiki.zip.ab.bn

0 wiki.zip.ag.ca

0 wiki.zip.ac.az

0 wiki.zip.ak.aq

0 wiki.zip.ae.bk

0 wiki.zip.ak.bc

0 wiki.zip.ac.af

0 wiki.zip.ab.ah

0 wiki.zip.aj.aw
Already have log for t02420 2733 bafykbzaceb5pigxnwaznaaorjf6enupg5w6peto6twteuxjspkx5gawdhihc4
0 wiki.zip.aj.ae


0 wiki.zip.ai.bd

0 wiki.zip.af.bu
Already have log for t01247 2622 bafykbzaceappuej43ivptade47taymcnm2yturlq5ejsudvj5q2hpzg6xxaqy
0 wiki.zip.ae.ar
Already have log for t02420 2542 bafykbzacecexia6jkgcp3a5vjfdifjzweoe5orkk4ykv3p7624aqb4edpubpk


0 wiki.zip.aj.bk

0 wiki.zip.ac.ar

0 wiki.zip.ak.bv

0 wiki.zip.af.ax

0 wiki.zip.ab.ao

0 wiki.zip.af.by

0 wiki.zip.ag.bo

0 wiki.zip.aj.bq

0 wiki.zip.ad.ax

0 wiki.zip.al.bb

0 wiki.zip.ak.ca

0 wiki.zip.ak.ba
Already have log for t02404 3812 bafykbzacedaku37czrnvdcf2uu4qay4qjxhk5caitalu7mbvepm6phkrwp2y6
0 wiki.zip.ag.ac


0 wiki.zip.ab.ac

0 wiki.zip.ak.bj

0 wiki.zip.aj.ah

0 wiki.zip.ai.bz

0 wiki.zip.af.bz

0 wiki.zip.aj.bu

0 wiki.zip.ae.ca

0 wiki.zip.al.bx

0 wiki.zip.ad.bv

0 wiki.zip.ab.bf

0 wiki.zip.ae.ag

0 wiki.zip.ai.bp

0 wiki.zip.ak.bt

0 wiki.zip.al.bk

0 wiki.zip.ai.ac

0 wiki.zip.ac.bu

0 wiki.zip.ag.bb

0 wiki.zip.af.ap

0 wiki.zip.ae.aa

0 wiki.zip.ab.bl

0 wiki.zip.ag.al

0 wiki.zip.aj.bi

0 wiki.zip.aj.as

0 wiki.zip.aj.bs

0 wiki.zip.ae.bw

0 wiki.zip.af.bo

0 wiki.zip.aj.bt

0 wiki.zip.ac.ab

0 wiki.zip.aj.bd

0 wiki.zip.ac.ax

0 wiki.zip.ab.at

0 wiki.zip.ai.bb
Already have log for t01247 2696 bafykbzaceaewvxqc6exjwv4y2vu6pfux2jsijafm5tx3bfnf4rms3g2u65rme
0 wiki.zip.ai.ai


0 wiki.zip.ab.ad
Already have log for t01272 2474 bafykbzacechfhxptzekpsllxynq7sr3vt3g2zk66b3mc7eehqase5sksjpnps
0 wiki.zip.ae.bq


0 wiki.zip.aj.br

0 wiki.zip.aj.bw

0 wiki.zip.ah.bd

0 wiki.zip.af.bf

0 wiki.zip.ai.av

0 wiki.zip.am.ab

0 wiki.zip.aa.aj

0 wiki.zip.ab.as

0 wiki.zip.ak.ad

0 wiki.zip.al.by

0 wiki.zip.ah.ad

0 wiki.zip.ah.br

0 wiki.zip.ab.ap

0 wiki.zip.aa.bo

0 wiki.zip.ag.bc

0 wiki.zip.aj.bv

0 wiki.zip.ah.bl
Already have log for t02420 3721 bafykbzaceb2mk6cunkrhbbwnpbq7zotucv23bddae4enkxjbih5ievfdbifpm
0 wiki.zip.ad.aq


0 wiki.zip.ae.bj

0 wiki.zip.ag.bw

0 wiki.zip.af.an

0 wiki.zip.am.bu

0 wiki.zip.al.ah
Already have log for t02420 2811 bafykbzacedvnukecyq5gyc73pbhgtz7j5k2alfnn7tmz2mcqpe4ruucxlxkqa
0 wiki.zip.ai.am

Already have log for t02304 3314 bafykbzacedvnukecyq5gyc73pbhgtz7j5k2alfnn7tmz2mcqpe4ruucxlxkqa
0 wiki.zip.am.bq


0 wiki.zip.ah.aw

0 wiki.zip.ah.ad

0 wiki.zip.am.bd

0 wiki.zip.aj.aj

0 wiki.zip.ac.an

0 wiki.zip.am.ac
Already have log for t02304 3327 bafykbzacebebzblfiagnj3ftm3f2v4g5w2okkxbiaopefso4farzorp4e2ln2
0 wiki.zip.ak.bf


0 wiki.zip.al.ab

0 wiki.zip.ad.br

0 wiki.zip.ah.ca

0 wiki.zip.ae.bc

0 wiki.zip.aa.bz

0 wiki.zip.aj.ak

0 wiki.zip.ae.aq

0 wiki.zip.af.bd

0 wiki.zip.aj.ad

0 wiki.zip.aa.ad
Already have log for t02620 2965 bafykbzaceaodz76cdarzsyecuxe434kxk2f7hhf7mmk7k5qa2powsx44f5cma
0 wiki.zip.aa.bl


0 wiki.zip.ab.at

0 wiki.zip.ad.ca
Already have log for t01247 2580 bafykbzacedwnh533x6syhzcpf2g5fohkjhap25wpnp52mu3hn26iodbqomeu6
0 wiki.zip.aj.bt


0 wiki.zip.ai.ar

0 wiki.zip.al.bd

0 wiki.zip.ae.bb

0 wiki.zip.ag.bq
Already have log for t02420 2639 bafykbzacediqw2pgzbpygpwnzoe2faqckohg5lpy2eja2z2cfxxxyxwz4x77a
0 wiki.zip.al.bt
Already have log for t02424 3874 bafykbzacedasaipfj5mtibznene5p7stewmv4yztrmudhwyvvxzzazeqo44uy


0 wiki.zip.ae.bl

0 wiki.zip.al.ca

0 wiki.zip.ai.ad

0 wiki.zip.ak.as
Already have log for t07956 3280 bafykbzaceaqcklnpekpmkkz3ujyy5xfula335vnxa24dabzt6l55j7zhmctgg
0 wiki.zip.ad.bt


0 wiki.zip.ae.aw

0 wiki.zip.aj.ac

0 wiki.zip.ae.be

0 wiki.zip.am.ai

0 wiki.zip.ad.an

0 wiki.zip.al.ay

0 wiki.zip.am.aj

0 wiki.zip.al.ab

0 wiki.zip.ab.an

0 wiki.zip.ac.ad

0 wiki.zip.aa.bf

0 wiki.zip.ah.am

0 wiki.zip.an.aa

0 wiki.zip.am.az

0 wiki.zip.ab.bw
Already have log for t07956 2982 bafykbzacea6zlpnqaa6pin2dv3s6p3uczfa5wmrffyw3urcgubo47hduwva5m

0 wiki.zip.ad.bo

0 wiki.zip.ai.bu

0 wiki.zip.ad.ad

0 wiki.zip.ah.ah

0 wiki.zip.ag.by

0 wiki.zip.am.bu

0 wiki.zip.af.ao

0 wiki.zip.ad.bs

0 wiki.zip.ae.bi

0 wiki.zip.aj.ag

0 wiki.zip.ai.af

0 wiki.zip.ac.bx

0 wiki.zip.ae.ab

0 wiki.zip.ak.be
Already have log for t01272 2805 bafykbzacea3vc42ylss26hlcgyfbci7upanmevjqeepunx5573tkh7kt7wmze

0 wiki.zip.am.aw

0 wiki.zip.aa.bi

0 wiki.zip.ag.ak

0 wiki.zip.am.aq

0 wiki.zip.ab.af

0 wiki.zip.ai.bj

0 wiki.zip.ak.bb

0 wiki.zip.aa.bj

0 wiki.zip.ah.aq

0 wiki.zip.ak.bc

0 wiki.zip.ai.ax

0 wiki.zip.ag.bm

0 wiki.zip.al.an

0 wiki.zip.ae.ba

0 wiki.zip.al.az

0 wiki.zip.ae.bh

0 wiki.zip.ad.by

0 wiki.zip.af.ae
Already have log for t02420 2589 bafykbzacec7u2uiexrv7bqeyb54exwubfdiz7tkd737xjuxlor7v7lk46knry

0 wiki.zip.ah.ae
Already have log for t01272 2648 bafykbzacedemhseaztyo6rsyfjztncpihqdlrdjcl4ehv4xrmg32zueea454q

0 wiki.zip.ad.ac

0 wiki.zip.ac.bv
Already have log for t07956 3061 bafykbzacec2bk3ghyodtlbzkhmdk5ju64qo26xsta4ra5eltqjdgcuh75qhyc

0 wiki.zip.ad.bp

0 wiki.zip.ac.an

0 wiki.zip.ad.ak

0 wiki.zip.al.bq

0 wiki.zip.ak.by

0 wiki.zip.ag.bf

0 wiki.zip.am.aa

0 wiki.zip.aj.bs

0 wiki.zip.ag.bd

0 wiki.zip.ah.ca

0 wiki.zip.ac.be

0 wiki.zip.af.bn
Already have log for t07956 3141 bafykbzacebkceuhmtibiiwpuf4i4efcx7evzo2lxk2jvfq6ndqncgqtefvfb4

0 wiki.zip.al.af

0 wiki.zip.ag.ag
Already have log for t02420 3677 bafykbzaceaecdotqbiqwk5bu3oa4mrez6dewkoerj5wrgcfhtmgsp2aahqg7c

0 wiki.zip.al.bm

0 wiki.zip.al.bf

0 wiki.zip.ag.ad

0 wiki.zip.ag.bs
Already have log for t02658 3168 bafykbzacea5yyqgozhulbngi4vcoxizdxmppr7u3x7jcxhorhmpml33lexxri

0 wiki.zip.ai.bz

0 wiki.zip.ac.aq

0 wiki.zip.ad.bf

0 wiki.zip.am.by

0 wiki.zip.aj.ap

0 wiki.zip.ac.bk

0 wiki.zip.aa.bn
Already have log for t02420 2457 bafykbzacedxv4lg53cahdqvt7czwksxrdn2bog25vu7hxl3rnyjp65jv3ldfa

0 wiki.zip.am.ao

0 wiki.zip.ak.ax

0 wiki.zip.ag.aa

0 wiki.zip.ad.ar

0 wiki.zip.ah.ac
Already have log for t02420 2950 bafykbzaceadnnpneq6oevfbrvz5f4iwgadagokar7z5h74l5kbgcfxrj6ulfg

0 wiki.zip.ai.bi
Already have log for t02420 3230 bafykbzacecctaafhkg27sjf6mmhwyv5cwz5em5ss2gqmi2xn4nrjvo3cww3po

0 wiki.zip.ah.bk

0 wiki.zip.ae.aq

0 wiki.zip.ai.be

0 wiki.zip.am.al
Already have log for t01272 2884 bafykbzacecytmyto77lbxxxj6if6l445xakquhsmnwbn4khpj4xpawdzxd35w

0 wiki.zip.af.al

0 wiki.zip.aj.ca

0 wiki.zip.ah.ap

0 wiki.zip.am.ak

0 wiki.zip.ag.ay

0 wiki.zip.af.ab

0 wiki.zip.ah.ag

0 wiki.zip.aj.am

0 wiki.zip.aa.at

0 wiki.zip.al.aw

0 wiki.zip.ak.ay

0 wiki.zip.am.bp

0 wiki.zip.ak.av

0 wiki.zip.ah.bx

0 wiki.zip.aj.ac

