> Recv: 0 B, Paid 0 FIL, ClientEventOpen (DealStatusNew)
> Recv: 0 B, Paid 0 FIL, ClientEventDealProposed (DealStatusWaitForAcceptance)
> Recv: 0 B, Paid 0 FIL, ClientEventDealAccepted (DealStatusAccepted)
> Recv: 0 B, Paid 0 FIL, ClientEventPaymentChannelAddingFunds (DealStatusPaymentChannelAddingFunds)
2020-08-28T01:49:30.374Z	[34mINFO[0m	rpc	go-jsonrpc@v0.1.2-0.20200822201400-474f4fdccc52/client.go:213	rpc output message buffer	{"n": 2}
2020-08-28T01:49:30.375Z	[34mINFO[0m	rpc	go-jsonrpc@v0.1.2-0.20200822201400-474f4fdccc52/client.go:213	rpc output message buffer	{"n": 3}
2020-08-28T01:49:30.375Z	[34mINFO[0m	rpc	go-jsonrpc@v0.1.2-0.20200822201400-474f4fdccc52/client.go:213	rpc output message buffer	{"n": 3}
2020-08-28T01:49:30.375Z	[34mINFO[0m	rpc	go-jsonrpc@v0.1.2-0.20200822201400-474f4fdccc52/client.go:213	rpc output message buffer	{"n": 4}
2020-08-28T01:49:30.375Z	[34mINFO[0m	rpc	go-jsonrpc@v0.1.2-0.20200822201400-474f4fdccc52/client.go:213	rpc output message buffer	{"n": 5}
> Recv: 269 B, Paid 0 FIL, ClientEventBlocksReceived (DealStatusPaymentChannelAddingFunds)
> Recv: 269 B, Paid 0 FIL, ClientEventPaymentRequested (DealStatusPaymentChannelAddingFunds)
> Recv: 1 MiB, Paid 0 FIL, ClientEventBlocksReceived (DealStatusPaymentChannelAddingFunds)
> Recv: 1 MiB, Paid 0 FIL, ClientEventPaymentChannelReady (DealStatusOngoing)
> Recv: 1 MiB, Paid 0 FIL, ClientEventPaymentRequested (DealStatusFundsNeeded)
> Recv: 1 MiB, Paid 0 FIL, ClientEventSendFunds (DealStatusSendFunds)
> Recv: 1 MiB, Paid 0.00000000000209769 FIL, ClientEventPaymentSent (DealStatusOngoing)
> Recv: 2 MiB, Paid 0.00000000000209769 FIL, ClientEventBlocksReceived (DealStatusOngoing)
> Recv: 2 MiB, Paid 0.00000000000209769 FIL, ClientEventPaymentRequested (DealStatusFundsNeeded)
> Recv: 3 MiB, Paid 0.00000000000209769 FIL, ClientEventBlocksReceived (DealStatusFundsNeeded)
> Recv: 3 MiB, Paid 0.00000000000209769 FIL, ClientEventSendFunds (DealStatusSendFunds)
> Recv: 3 MiB, Paid 0.000000000006291994 FIL, ClientEventPaymentSent (DealStatusOngoing)
> Recv: 4 MiB, Paid 0.000000000006291994 FIL, ClientEventBlocksReceived (DealStatusOngoing)
> Recv: 4 MiB, Paid 0.000000000006291994 FIL, ClientEventLastPaymentRequested (DealStatusFundsNeededLastPayment)
> Recv: 4.769 MiB, Paid 0.000000000006291994 FIL, ClientEventBlocksReceived (DealStatusFundsNeededLastPayment)
> Recv: 4.769 MiB, Paid 0.000000000006291994 FIL, ClientEventAllBlocksReceived (DealStatusSendFundsLastPayment)
> Recv: 4.769 MiB, Paid 0.000000000010000538 FIL, ClientEventPaymentSent (DealStatusFinalizing)
> Recv: 4.769 MiB, Paid 0.000000000010000538 FIL, ClientEventComplete (DealStatusCompleted)
Success
0.10user 0.02system 3:36.68elapsed 0%CPU (0avgtext+0avgdata 36084maxresident)k
2232inputs+0outputs (15major+3843minor)pagefaults 0swaps
