> Recv: 0 B, Paid 0 FIL, ClientEventOpen (DealStatusNew)
> Recv: 0 B, Paid 0 FIL, ClientEventDealProposed (DealStatusWaitForAcceptance)
> Recv: 0 B, Paid 0 FIL, ClientEventDealAccepted (DealStatusAccepted)
> Recv: 0 B, Paid 0 FIL, ClientEventPaymentChannelCreateInitiated (DealStatusPaymentChannelCreating)
> Recv: 12.81 KiB, Paid 0 FIL, ClientEventBlocksReceived (DealStatusPaymentChannelCreating)
> Recv: 12.81 KiB, Paid 0 FIL, ClientEventPaymentRequested (DealStatusPaymentChannelCreating)
> Recv: 1.013 MiB, Paid 0 FIL, ClientEventBlocksReceived (DealStatusPaymentChannelCreating)
> Recv: 1.013 MiB, Paid 0 FIL, ClientEventPaymentChannelReady (DealStatusOngoing)
> Recv: 1.013 MiB, Paid 0 FIL, ClientEventPaymentRequested (DealStatusFundsNeeded)
> Recv: 1.013 MiB, Paid 0 FIL, ClientEventSendFunds (DealStatusSendFunds)
> Recv: 1.013 MiB, Paid 0.00000000000212338 FIL, ClientEventPaymentSent (DealStatusOngoing)
> Recv: 2.013 MiB, Paid 0.00000000000212338 FIL, ClientEventBlocksReceived (DealStatusOngoing)
> Recv: 2.013 MiB, Paid 0.00000000000212338 FIL, ClientEventPaymentRequested (DealStatusFundsNeeded)
> Recv: 3.013 MiB, Paid 0.00000000000212338 FIL, ClientEventBlocksReceived (DealStatusFundsNeeded)
> Recv: 3.013 MiB, Paid 0.00000000000212338 FIL, ClientEventSendFunds (DealStatusSendFunds)
> Recv: 3.013 MiB, Paid 0.000000000006317684 FIL, ClientEventPaymentSent (DealStatusOngoing)
> Recv: 4.013 MiB, Paid 0.000000000006317684 FIL, ClientEventBlocksReceived (DealStatusOngoing)
> Recv: 5.013 MiB, Paid 0.000000000006317684 FIL, ClientEventBlocksReceived (DealStatusOngoing)
> Recv: 5.013 MiB, Paid 0.000000000006317684 FIL, ClientEventPaymentRequested (DealStatusFundsNeeded)
> Recv: 6.013 MiB, Paid 0.000000000006317684 FIL, ClientEventBlocksReceived (DealStatusFundsNeeded)
> Recv: 6.013 MiB, Paid 0.000000000006317684 FIL, ClientEventSendFunds (DealStatusSendFunds)
> Recv: 6.013 MiB, Paid 0.00000000001260914 FIL, ClientEventPaymentSent (DealStatusOngoing)
> Recv: 7.013 MiB, Paid 0.00000000001260914 FIL, ClientEventBlocksReceived (DealStatusOngoing)
> Recv: 8.013 MiB, Paid 0.00000000001260914 FIL, ClientEventBlocksReceived (DealStatusOngoing)
> Recv: 9.013 MiB, Paid 0.00000000001260914 FIL, ClientEventBlocksReceived (DealStatusOngoing)
> Recv: 9.013 MiB, Paid 0.00000000001260914 FIL, ClientEventPaymentRequested (DealStatusFundsNeeded)
> Recv: 10.01 MiB, Paid 0.00000000001260914 FIL, ClientEventBlocksReceived (DealStatusFundsNeeded)
> Recv: 10.01 MiB, Paid 0.00000000001260914 FIL, ClientEventSendFunds (DealStatusSendFunds)
> Recv: 10.01 MiB, Paid 0.000000000020997748 FIL, ClientEventPaymentSent (DealStatusOngoing)
> Recv: 11.01 MiB, Paid 0.000000000020997748 FIL, ClientEventBlocksReceived (DealStatusOngoing)
> Recv: 12.01 MiB, Paid 0.000000000020997748 FIL, ClientEventBlocksReceived (DealStatusOngoing)
> Recv: 13.01 MiB, Paid 0.000000000020997748 FIL, ClientEventBlocksReceived (DealStatusOngoing)
> Recv: 14.01 MiB, Paid 0.000000000020997748 FIL, ClientEventBlocksReceived (DealStatusOngoing)
> Recv: 14.01 MiB, Paid 0.000000000020997748 FIL, ClientEventPaymentRequested (DealStatusFundsNeeded)
> Recv: 15.01 MiB, Paid 0.000000000020997748 FIL, ClientEventBlocksReceived (DealStatusFundsNeeded)
> Recv: 15.01 MiB, Paid 0.000000000020997748 FIL, ClientEventSendFunds (DealStatusSendFunds)
> Recv: 15.01 MiB, Paid 0.000000000031483508 FIL, ClientEventPaymentSent (DealStatusOngoing)
> Recv: 16.01 MiB, Paid 0.000000000031483508 FIL, ClientEventBlocksReceived (DealStatusOngoing)
> Recv: 17.01 MiB, Paid 0.000000000031483508 FIL, ClientEventBlocksReceived (DealStatusOngoing)
> Recv: 18.01 MiB, Paid 0.000000000031483508 FIL, ClientEventBlocksReceived (DealStatusOngoing)
> Recv: 19.01 MiB, Paid 0.000000000031483508 FIL, ClientEventBlocksReceived (DealStatusOngoing)
> Recv: 20.01 MiB, Paid 0.000000000031483508 FIL, ClientEventBlocksReceived (DealStatusOngoing)
> Recv: 20.01 MiB, Paid 0.000000000031483508 FIL, ClientEventPaymentRequested (DealStatusFundsNeeded)
> Recv: 21.01 MiB, Paid 0.000000000031483508 FIL, ClientEventBlocksReceived (DealStatusFundsNeeded)
> Recv: 21.01 MiB, Paid 0.000000000031483508 FIL, ClientEventSendFunds (DealStatusSendFunds)
> Recv: 21.01 MiB, Paid 0.00000000004406642 FIL, ClientEventPaymentSent (DealStatusOngoing)
> Recv: 22.01 MiB, Paid 0.00000000004406642 FIL, ClientEventBlocksReceived (DealStatusOngoing)
> Recv: 23.01 MiB, Paid 0.00000000004406642 FIL, ClientEventBlocksReceived (DealStatusOngoing)
> Recv: 24.01 MiB, Paid 0.00000000004406642 FIL, ClientEventBlocksReceived (DealStatusOngoing)
> Recv: 25.01 MiB, Paid 0.00000000004406642 FIL, ClientEventBlocksReceived (DealStatusOngoing)
> Recv: 26.01 MiB, Paid 0.00000000004406642 FIL, ClientEventBlocksReceived (DealStatusOngoing)
> Recv: 27.01 MiB, Paid 0.00000000004406642 FIL, ClientEventBlocksReceived (DealStatusOngoing)
> Recv: 27.01 MiB, Paid 0.00000000004406642 FIL, ClientEventPaymentRequested (DealStatusFundsNeeded)
> Recv: 28.01 MiB, Paid 0.00000000004406642 FIL, ClientEventBlocksReceived (DealStatusFundsNeeded)
> Recv: 28.01 MiB, Paid 0.00000000004406642 FIL, ClientEventSendFunds (DealStatusSendFunds)
> Recv: 28.01 MiB, Paid 0.000000000058746484 FIL, ClientEventPaymentSent (DealStatusOngoing)
> Recv: 29.01 MiB, Paid 0.000000000058746484 FIL, ClientEventBlocksReceived (DealStatusOngoing)
> Recv: 30.01 MiB, Paid 0.000000000058746484 FIL, ClientEventBlocksReceived (DealStatusOngoing)
> Recv: 31.01 MiB, Paid 0.000000000058746484 FIL, ClientEventBlocksReceived (DealStatusOngoing)
> Recv: 32.01 MiB, Paid 0.000000000058746484 FIL, ClientEventBlocksReceived (DealStatusOngoing)
> Recv: 33.01 MiB, Paid 0.000000000058746484 FIL, ClientEventBlocksReceived (DealStatusOngoing)
> Recv: 34.01 MiB, Paid 0.000000000058746484 FIL, ClientEventBlocksReceived (DealStatusOngoing)
> Recv: 35.01 MiB, Paid 0.000000000058746484 FIL, ClientEventBlocksReceived (DealStatusOngoing)
> Recv: 35.01 MiB, Paid 0.000000000058746484 FIL, ClientEventPaymentRequested (DealStatusFundsNeeded)
> Recv: 36.01 MiB, Paid 0.000000000058746484 FIL, ClientEventBlocksReceived (DealStatusFundsNeeded)
> Recv: 36.01 MiB, Paid 0.000000000058746484 FIL, ClientEventSendFunds (DealStatusSendFunds)
> Recv: 36.01 MiB, Paid 0.0000000000755237 FIL, ClientEventPaymentSent (DealStatusOngoing)
> Recv: 37.01 MiB, Paid 0.0000000000755237 FIL, ClientEventBlocksReceived (DealStatusOngoing)
> Recv: 38.01 MiB, Paid 0.0000000000755237 FIL, ClientEventBlocksReceived (DealStatusOngoing)
> Recv: 39.01 MiB, Paid 0.0000000000755237 FIL, ClientEventBlocksReceived (DealStatusOngoing)
> Recv: 40.01 MiB, Paid 0.0000000000755237 FIL, ClientEventBlocksReceived (DealStatusOngoing)
> Recv: 41.01 MiB, Paid 0.0000000000755237 FIL, ClientEventBlocksReceived (DealStatusOngoing)
> Recv: 42.01 MiB, Paid 0.0000000000755237 FIL, ClientEventBlocksReceived (DealStatusOngoing)
> Recv: 43.01 MiB, Paid 0.0000000000755237 FIL, ClientEventBlocksReceived (DealStatusOngoing)
> Recv: 44.01 MiB, Paid 0.0000000000755237 FIL, ClientEventBlocksReceived (DealStatusOngoing)
> Recv: 44.01 MiB, Paid 0.0000000000755237 FIL, ClientEventPaymentRequested (DealStatusFundsNeeded)
> Recv: 45.01 MiB, Paid 0.0000000000755237 FIL, ClientEventBlocksReceived (DealStatusFundsNeeded)
> Recv: 45.01 MiB, Paid 0.0000000000755237 FIL, ClientEventSendFunds (DealStatusSendFunds)
> Recv: 45.01 MiB, Paid 0.000000000094398068 FIL, ClientEventPaymentSent (DealStatusOngoing)
> Recv: 46.01 MiB, Paid 0.000000000094398068 FIL, ClientEventBlocksReceived (DealStatusOngoing)
> Recv: 47.01 MiB, Paid 0.000000000094398068 FIL, ClientEventBlocksReceived (DealStatusOngoing)
> Recv: 48.01 MiB, Paid 0.000000000094398068 FIL, ClientEventBlocksReceived (DealStatusOngoing)
> Recv: 49.01 MiB, Paid 0.000000000094398068 FIL, ClientEventBlocksReceived (DealStatusOngoing)
> Recv: 50.01 MiB, Paid 0.000000000094398068 FIL, ClientEventBlocksReceived (DealStatusOngoing)
> Recv: 51.01 MiB, Paid 0.000000000094398068 FIL, ClientEventBlocksReceived (DealStatusOngoing)
> Recv: 52.01 MiB, Paid 0.000000000094398068 FIL, ClientEventBlocksReceived (DealStatusOngoing)
> Recv: 53.01 MiB, Paid 0.000000000094398068 FIL, ClientEventBlocksReceived (DealStatusOngoing)
> Recv: 54.01 MiB, Paid 0.000000000094398068 FIL, ClientEventBlocksReceived (DealStatusOngoing)
> Recv: 54.01 MiB, Paid 0.000000000094398068 FIL, ClientEventPaymentRequested (DealStatusFundsNeeded)
> Recv: 55.01 MiB, Paid 0.000000000094398068 FIL, ClientEventBlocksReceived (DealStatusFundsNeeded)
> Recv: 55.01 MiB, Paid 0.000000000094398068 FIL, ClientEventSendFunds (DealStatusSendFunds)
> Recv: 55.01 MiB, Paid 0.000000000115369588 FIL, ClientEventPaymentSent (DealStatusOngoing)
> Recv: 56.01 MiB, Paid 0.000000000115369588 FIL, ClientEventBlocksReceived (DealStatusOngoing)
> Recv: 57.01 MiB, Paid 0.000000000115369588 FIL, ClientEventBlocksReceived (DealStatusOngoing)
> Recv: 58.01 MiB, Paid 0.000000000115369588 FIL, ClientEventBlocksReceived (DealStatusOngoing)
> Recv: 59.01 MiB, Paid 0.000000000115369588 FIL, ClientEventBlocksReceived (DealStatusOngoing)
> Recv: 60.01 MiB, Paid 0.000000000115369588 FIL, ClientEventBlocksReceived (DealStatusOngoing)
> Recv: 61.01 MiB, Paid 0.000000000115369588 FIL, ClientEventBlocksReceived (DealStatusOngoing)
> Recv: 62.01 MiB, Paid 0.000000000115369588 FIL, ClientEventBlocksReceived (DealStatusOngoing)
> Recv: 63.01 MiB, Paid 0.000000000115369588 FIL, ClientEventBlocksReceived (DealStatusOngoing)
> Recv: 64.01 MiB, Paid 0.000000000115369588 FIL, ClientEventBlocksReceived (DealStatusOngoing)
> Recv: 65.01 MiB, Paid 0.000000000115369588 FIL, ClientEventBlocksReceived (DealStatusOngoing)
ERROR: retrieval timed out

Command exited with non-zero status 124
0.06user 0.05system 17:00.00elapsed 0%CPU (0avgtext+0avgdata 38680maxresident)k
0inputs+0outputs (0major+3814minor)pagefaults 0swaps
