{"jsonrpc":"2.0","result":{"Err":"","Root":{"/":"bafykbzacebwfpdjhfkv4dckre5pdb6dbtn3drso5mdqbmbofexmrri6vt3py2"},"Piece":null,"Size":34359738368,"MinPrice":"68719476736","UnsealPrice":"0","PaymentInterval":1048576,"PaymentIntervalIncrease":1048576,"Miner":"f019559","MinerPeer":{"Address":"f022352","ID":"12D3KooWDaYp2U3XiDeYvXVruQ5BwGUxwobQA62fASdvZGZVb4n8","PieceCID":null}},"id":1}
Apr 03 15:31:42 > Recv: 0 B, Paid 0 FIL, ClientEventOpen (DealStatusNew)
Apr 03 15:31:42 > Recv: 0 B, Paid 0 FIL, ClientEventDealProposed (DealStatusWaitForAcceptance)
Apr 03 15:31:42 > Recv: 0 B, Paid 0 FIL, ClientEventDealAccepted (DealStatusAccepted)
Apr 03 15:31:42 > Recv: 0 B, Paid 0 FIL, ClientEventPaymentChannelAddingFunds (DealStatusPaymentChannelAddingInitialFunds)
Apr 03 15:35:11 > Recv: 0 B, Paid 0 FIL, ClientEventPaymentChannelReady (DealStatusPaymentChannelAllocatingLane)
Apr 03 15:35:11 > Recv: 0 B, Paid 0 FIL, ClientEventLaneAllocated (DealStatusOngoing)
Apr 03 15:35:46 > Recv: 962 B, Paid 0 FIL, ClientEventBlocksReceived (DealStatusOngoing)
Apr 03 15:35:46 > Recv: 52.95 KiB, Paid 0 FIL, ClientEventBlocksReceived (DealStatusOngoing)
Apr 03 15:35:47 > Recv: 52.95 KiB, Paid 0 FIL, ClientEventPaymentRequested (DealStatusFundsNeeded)
Apr 03 15:35:47 > Recv: 1.052 MiB, Paid 0 FIL, ClientEventBlocksReceived (DealStatusFundsNeeded)
Apr 03 15:35:47 > Recv: 1.052 MiB, Paid 0 FIL, ClientEventSendFunds (DealStatusSendFunds)
Apr 03 15:35:47 > Recv: 1.052 MiB, Paid 0.000000000002205594 FIL, ClientEventPaymentSent (DealStatusOngoing)
Apr 03 15:35:47 > Recv: 2.052 MiB, Paid 0.000000000002205594 FIL, ClientEventBlocksReceived (DealStatusOngoing)
Apr 03 15:35:48 > Recv: 2.052 MiB, Paid 0.000000000002205594 FIL, ClientEventPaymentRequested (DealStatusFundsNeeded)
Apr 03 15:35:48 > Recv: 2.052 MiB, Paid 0.000000000002205594 FIL, ClientEventSendFunds (DealStatusSendFunds)
Apr 03 15:35:48 > Recv: 2.052 MiB, Paid 0.000000000006399898 FIL, ClientEventPaymentSent (DealStatusOngoing)
Apr 03 15:35:48 > Recv: 4.052 MiB, Paid 0.000000000006399898 FIL, ClientEventBlocksReceived (DealStatusOngoing)
Apr 03 15:35:49 > Recv: 5.052 MiB, Paid 0.000000000006399898 FIL, ClientEventBlocksReceived (DealStatusOngoing)
Apr 03 15:35:49 > Recv: 5.052 MiB, Paid 0.000000000006399898 FIL, ClientEventPaymentRequested (DealStatusFundsNeeded)
Apr 03 15:35:49 > Recv: 5.052 MiB, Paid 0.000000000006399898 FIL, ClientEventSendFunds (DealStatusSendFunds)
Apr 03 15:35:49 > Recv: 5.052 MiB, Paid 0.000000000012691354 FIL, ClientEventPaymentSent (DealStatusOngoing)
Apr 03 15:35:50 > Recv: 7.052 MiB, Paid 0.000000000012691354 FIL, ClientEventBlocksReceived (DealStatusOngoing)
Apr 03 15:35:50 > Recv: 8.052 MiB, Paid 0.000000000012691354 FIL, ClientEventBlocksReceived (DealStatusOngoing)
Apr 03 15:35:51 > Recv: 9.052 MiB, Paid 0.000000000012691354 FIL, ClientEventBlocksReceived (DealStatusOngoing)
Apr 03 15:35:52 > Recv: 9.052 MiB, Paid 0.000000000012691354 FIL, ClientEventPaymentRequested (DealStatusFundsNeeded)
Apr 03 15:35:52 > Recv: 9.052 MiB, Paid 0.000000000012691354 FIL, ClientEventSendFunds (DealStatusSendFunds)
Apr 03 15:35:52 > Recv: 9.052 MiB, Paid 0.000000000021079962 FIL, ClientEventPaymentSent (DealStatusOngoing)
Apr 03 15:35:56 > Recv: 11.05 MiB, Paid 0.000000000021079962 FIL, ClientEventBlocksReceived (DealStatusOngoing)
Apr 03 15:35:57 > Recv: 12.05 MiB, Paid 0.000000000021079962 FIL, ClientEventBlocksReceived (DealStatusOngoing)
Apr 03 15:35:58 > Recv: 13.05 MiB, Paid 0.000000000021079962 FIL, ClientEventBlocksReceived (DealStatusOngoing)
Apr 03 15:35:59 > Recv: 14.05 MiB, Paid 0.000000000021079962 FIL, ClientEventBlocksReceived (DealStatusOngoing)
Apr 03 15:36:00 > Recv: 14.05 MiB, Paid 0.000000000021079962 FIL, ClientEventPaymentRequested (DealStatusFundsNeeded)
Apr 03 15:36:00 > Recv: 14.05 MiB, Paid 0.000000000021079962 FIL, ClientEventSendFunds (DealStatusSendFunds)
Apr 03 15:36:00 > Recv: 14.05 MiB, Paid 0.000000000031565722 FIL, ClientEventPaymentSent (DealStatusOngoing)
Apr 03 15:36:04 > Recv: 16.05 MiB, Paid 0.000000000031565722 FIL, ClientEventBlocksReceived (DealStatusOngoing)
Apr 03 15:36:05 > Recv: 17.05 MiB, Paid 0.000000000031565722 FIL, ClientEventBlocksReceived (DealStatusOngoing)
Apr 03 15:36:07 > Recv: 18.05 MiB, Paid 0.000000000031565722 FIL, ClientEventBlocksReceived (DealStatusOngoing)
Apr 03 15:36:09 > Recv: 19.05 MiB, Paid 0.000000000031565722 FIL, ClientEventBlocksReceived (DealStatusOngoing)
Apr 03 15:36:11 > Recv: 20.05 MiB, Paid 0.000000000031565722 FIL, ClientEventBlocksReceived (DealStatusOngoing)
Apr 03 15:36:12 > Recv: 20.05 MiB, Paid 0.000000000031565722 FIL, ClientEventPaymentRequested (DealStatusFundsNeeded)
Apr 03 15:36:12 > Recv: 20.05 MiB, Paid 0.000000000031565722 FIL, ClientEventSendFunds (DealStatusSendFunds)
Apr 03 15:36:12 > Recv: 20.05 MiB, Paid 0.000000000044148634 FIL, ClientEventPaymentSent (DealStatusOngoing)
Apr 03 15:36:14 > Recv: 22.05 MiB, Paid 0.000000000044148634 FIL, ClientEventBlocksReceived (DealStatusOngoing)
Apr 03 15:36:16 > Recv: 23.05 MiB, Paid 0.000000000044148634 FIL, ClientEventBlocksReceived (DealStatusOngoing)
Apr 03 15:36:17 > Recv: 24.05 MiB, Paid 0.000000000044148634 FIL, ClientEventBlocksReceived (DealStatusOngoing)
Apr 03 15:36:19 > Recv: 25.05 MiB, Paid 0.000000000044148634 FIL, ClientEventBlocksReceived (DealStatusOngoing)
Apr 03 15:36:20 > Recv: 26.05 MiB, Paid 0.000000000044148634 FIL, ClientEventBlocksReceived (DealStatusOngoing)
Apr 03 15:36:22 > Recv: 27.05 MiB, Paid 0.000000000044148634 FIL, ClientEventBlocksReceived (DealStatusOngoing)
Apr 03 15:36:24 > Recv: 27.05 MiB, Paid 0.000000000044148634 FIL, ClientEventPaymentRequested (DealStatusFundsNeeded)
Apr 03 15:36:24 > Recv: 27.05 MiB, Paid 0.000000000044148634 FIL, ClientEventSendFunds (DealStatusSendFunds)
Apr 03 15:36:24 > Recv: 27.05 MiB, Paid 0.000000000058828698 FIL, ClientEventPaymentSent (DealStatusOngoing)
Apr 03 15:36:26 > Recv: 29.05 MiB, Paid 0.000000000058828698 FIL, ClientEventBlocksReceived (DealStatusOngoing)
Apr 03 15:36:28 > Recv: 30.05 MiB, Paid 0.000000000058828698 FIL, ClientEventBlocksReceived (DealStatusOngoing)
Apr 03 15:36:29 > Recv: 31.05 MiB, Paid 0.000000000058828698 FIL, ClientEventBlocksReceived (DealStatusOngoing)
Apr 03 15:36:31 > Recv: 32.05 MiB, Paid 0.000000000058828698 FIL, ClientEventBlocksReceived (DealStatusOngoing)
Apr 03 15:36:33 > Recv: 33.05 MiB, Paid 0.000000000058828698 FIL, ClientEventBlocksReceived (DealStatusOngoing)
Apr 03 15:36:37 > Recv: 34.05 MiB, Paid 0.000000000058828698 FIL, ClientEventBlocksReceived (DealStatusOngoing)
Apr 03 15:36:41 > Recv: 35.05 MiB, Paid 0.000000000058828698 FIL, ClientEventBlocksReceived (DealStatusOngoing)
Apr 03 15:36:45 > Recv: 35.05 MiB, Paid 0.000000000058828698 FIL, ClientEventPaymentRequested (DealStatusFundsNeeded)
Apr 03 15:36:45 > Recv: 35.05 MiB, Paid 0.000000000058828698 FIL, ClientEventSendFunds (DealStatusSendFunds)
Apr 03 15:36:45 > Recv: 35.05 MiB, Paid 0.000000000075605914 FIL, ClientEventPaymentSent (DealStatusOngoing)
Apr 03 15:36:50 > Recv: 37.05 MiB, Paid 0.000000000075605914 FIL, ClientEventBlocksReceived (DealStatusOngoing)
Apr 03 15:36:55 > Recv: 38.05 MiB, Paid 0.000000000075605914 FIL, ClientEventBlocksReceived (DealStatusOngoing)
Apr 03 15:36:58 > Recv: 39.05 MiB, Paid 0.000000000075605914 FIL, ClientEventBlocksReceived (DealStatusOngoing)
Apr 03 15:37:04 > Recv: 40.05 MiB, Paid 0.000000000075605914 FIL, ClientEventBlocksReceived (DealStatusOngoing)
Apr 03 15:37:08 > Recv: 41.05 MiB, Paid 0.000000000075605914 FIL, ClientEventBlocksReceived (DealStatusOngoing)
Apr 03 15:37:13 > Recv: 42.05 MiB, Paid 0.000000000075605914 FIL, ClientEventBlocksReceived (DealStatusOngoing)
Apr 03 15:37:20 > Recv: 43.05 MiB, Paid 0.000000000075605914 FIL, ClientEventBlocksReceived (DealStatusOngoing)
Apr 03 15:37:26 > Recv: 44.05 MiB, Paid 0.000000000075605914 FIL, ClientEventBlocksReceived (DealStatusOngoing)
Apr 03 15:37:30 > Recv: 44.05 MiB, Paid 0.000000000075605914 FIL, ClientEventPaymentRequested (DealStatusFundsNeeded)
Apr 03 15:37:30 > Recv: 44.05 MiB, Paid 0.000000000075605914 FIL, ClientEventSendFunds (DealStatusSendFunds)
Apr 03 15:37:30 > Recv: 44.05 MiB, Paid 0.000000000094480282 FIL, ClientEventPaymentSent (DealStatusOngoing)
Apr 03 15:37:39 > Recv: 46.05 MiB, Paid 0.000000000094480282 FIL, ClientEventBlocksReceived (DealStatusOngoing)
Apr 03 15:37:44 > Recv: 47.05 MiB, Paid 0.000000000094480282 FIL, ClientEventBlocksReceived (DealStatusOngoing)
Apr 03 15:37:47 > Recv: 48.05 MiB, Paid 0.000000000094480282 FIL, ClientEventBlocksReceived (DealStatusOngoing)
Apr 03 15:37:51 > Recv: 49.05 MiB, Paid 0.000000000094480282 FIL, ClientEventBlocksReceived (DealStatusOngoing)
Apr 03 15:37:54 > Recv: 50.05 MiB, Paid 0.000000000094480282 FIL, ClientEventBlocksReceived (DealStatusOngoing)
Apr 03 15:37:58 > Recv: 51.05 MiB, Paid 0.000000000094480282 FIL, ClientEventBlocksReceived (DealStatusOngoing)
Apr 03 15:38:03 > Recv: 52.05 MiB, Paid 0.000000000094480282 FIL, ClientEventBlocksReceived (DealStatusOngoing)
Apr 03 15:38:11 > Recv: 53.05 MiB, Paid 0.000000000094480282 FIL, ClientEventBlocksReceived (DealStatusOngoing)
Apr 03 15:38:15 > Recv: 54.05 MiB, Paid 0.000000000094480282 FIL, ClientEventBlocksReceived (DealStatusOngoing)
Apr 03 15:38:18 > Recv: 54.05 MiB, Paid 0.000000000094480282 FIL, ClientEventPaymentRequested (DealStatusFundsNeeded)
Apr 03 15:38:18 > Recv: 54.05 MiB, Paid 0.000000000094480282 FIL, ClientEventSendFunds (DealStatusSendFunds)
Apr 03 15:38:18 > Recv: 54.05 MiB, Paid 0.000000000115451802 FIL, ClientEventPaymentSent (DealStatusOngoing)
Apr 03 15:38:23 > Recv: 56.05 MiB, Paid 0.000000000115451802 FIL, ClientEventBlocksReceived (DealStatusOngoing)
Apr 03 15:38:27 > Recv: 57.05 MiB, Paid 0.000000000115451802 FIL, ClientEventBlocksReceived (DealStatusOngoing)
Apr 03 15:38:32 > Recv: 58.05 MiB, Paid 0.000000000115451802 FIL, ClientEventBlocksReceived (DealStatusOngoing)
Apr 03 15:38:36 > Recv: 59.05 MiB, Paid 0.000000000115451802 FIL, ClientEventBlocksReceived (DealStatusOngoing)
Apr 03 15:38:40 > Recv: 60.05 MiB, Paid 0.000000000115451802 FIL, ClientEventBlocksReceived (DealStatusOngoing)
Apr 03 15:38:51 > Recv: 61.05 MiB, Paid 0.000000000115451802 FIL, ClientEventBlocksReceived (DealStatusOngoing)
Apr 03 15:38:53 > Recv: 62.05 MiB, Paid 0.000000000115451802 FIL, ClientEventBlocksReceived (DealStatusOngoing)
Apr 03 15:38:54 > Recv: 63.05 MiB, Paid 0.000000000115451802 FIL, ClientEventBlocksReceived (DealStatusOngoing)
Apr 03 15:38:57 > Recv: 64.05 MiB, Paid 0.000000000115451802 FIL, ClientEventBlocksReceived (DealStatusOngoing)
Apr 03 15:39:00 > Recv: 65.05 MiB, Paid 0.000000000115451802 FIL, ClientEventBlocksReceived (DealStatusOngoing)
Apr 03 15:39:04 > Recv: 65.05 MiB, Paid 0.000000000115451802 FIL, ClientEventPaymentRequested (DealStatusFundsNeeded)
Apr 03 15:39:04 > Recv: 65.05 MiB, Paid 0.000000000115451802 FIL, ClientEventSendFunds (DealStatusSendFunds)
Apr 03 15:39:04 > Recv: 65.05 MiB, Paid 0.000000000138520474 FIL, ClientEventPaymentSent (DealStatusOngoing)
Apr 03 15:39:12 > Recv: 67.05 MiB, Paid 0.000000000138520474 FIL, ClientEventBlocksReceived (DealStatusOngoing)
Apr 03 15:39:13 > Recv: 68.05 MiB, Paid 0.000000000138520474 FIL, ClientEventBlocksReceived (DealStatusOngoing)
Apr 03 15:39:17 > Recv: 69.05 MiB, Paid 0.000000000138520474 FIL, ClientEventBlocksReceived (DealStatusOngoing)
Apr 03 15:39:21 > Recv: 70.05 MiB, Paid 0.000000000138520474 FIL, ClientEventBlocksReceived (DealStatusOngoing)
Apr 03 15:39:24 > Recv: 71.05 MiB, Paid 0.000000000138520474 FIL, ClientEventBlocksReceived (DealStatusOngoing)
Apr 03 15:39:29 > Recv: 72.05 MiB, Paid 0.000000000138520474 FIL, ClientEventBlocksReceived (DealStatusOngoing)
Apr 03 15:39:39 > Recv: 73.05 MiB, Paid 0.000000000138520474 FIL, ClientEventBlocksReceived (DealStatusOngoing)
Apr 03 15:39:43 > Recv: 74.05 MiB, Paid 0.000000000138520474 FIL, ClientEventBlocksReceived (DealStatusOngoing)
Apr 03 15:39:47 > Recv: 75.05 MiB, Paid 0.000000000138520474 FIL, ClientEventBlocksReceived (DealStatusOngoing)
Apr 03 15:39:50 > Recv: 76.05 MiB, Paid 0.000000000138520474 FIL, ClientEventBlocksReceived (DealStatusOngoing)
Apr 03 15:39:53 > Recv: 77.05 MiB, Paid 0.000000000138520474 FIL, ClientEventBlocksReceived (DealStatusOngoing)
Apr 03 15:39:59 > Recv: 77.05 MiB, Paid 0.000000000138520474 FIL, ClientEventPaymentRequested (DealStatusFundsNeeded)
Apr 03 15:39:59 > Recv: 77.05 MiB, Paid 0.000000000138520474 FIL, ClientEventSendFunds (DealStatusSendFunds)
Apr 03 15:39:59 > Recv: 77.05 MiB, Paid 0.000000000163686298 FIL, ClientEventPaymentSent (DealStatusOngoing)
Apr 03 15:40:11 > Recv: 79.05 MiB, Paid 0.000000000163686298 FIL, ClientEventBlocksReceived (DealStatusOngoing)
Apr 03 15:40:15 > Recv: 80.05 MiB, Paid 0.000000000163686298 FIL, ClientEventBlocksReceived (DealStatusOngoing)
Apr 03 15:40:19 > Recv: 81.05 MiB, Paid 0.000000000163686298 FIL, ClientEventBlocksReceived (DealStatusOngoing)
Apr 03 15:40:20 > Recv: 82.05 MiB, Paid 0.000000000163686298 FIL, ClientEventBlocksReceived (DealStatusOngoing)
Apr 03 15:40:21 > Recv: 83.05 MiB, Paid 0.000000000163686298 FIL, ClientEventBlocksReceived (DealStatusOngoing)
Apr 03 15:40:25 > Recv: 84.05 MiB, Paid 0.000000000163686298 FIL, ClientEventBlocksReceived (DealStatusOngoing)
Apr 03 15:40:29 > Recv: 85.05 MiB, Paid 0.000000000163686298 FIL, ClientEventBlocksReceived (DealStatusOngoing)
Apr 03 15:40:31 > Recv: 86.05 MiB, Paid 0.000000000163686298 FIL, ClientEventBlocksReceived (DealStatusOngoing)
Apr 03 15:40:33 > Recv: 87.05 MiB, Paid 0.000000000163686298 FIL, ClientEventBlocksReceived (DealStatusOngoing)
Apr 03 15:40:36 > Recv: 88.05 MiB, Paid 0.000000000163686298 FIL, ClientEventBlocksReceived (DealStatusOngoing)
Apr 03 15:40:38 > Recv: 89.05 MiB, Paid 0.000000000163686298 FIL, ClientEventBlocksReceived (DealStatusOngoing)
Apr 03 15:40:41 > Recv: 90.05 MiB, Paid 0.000000000163686298 FIL, ClientEventBlocksReceived (DealStatusOngoing)
Apr 03 15:40:42 > Recv: 90.05 MiB, Paid 0.000000000163686298 FIL, ClientEventPaymentRequested (DealStatusFundsNeeded)
Apr 03 15:40:42 > Recv: 90.05 MiB, Paid 0.000000000163686298 FIL, ClientEventSendFunds (DealStatusSendFunds)
Apr 03 15:40:42 > Recv: 90.05 MiB, Paid 0.000000000190949274 FIL, ClientEventPaymentSent (DealStatusOngoing)
Apr 03 15:41:06 > Recv: 92.05 MiB, Paid 0.000000000190949274 FIL, ClientEventBlocksReceived (DealStatusOngoing)
Apr 03 15:41:09 > Recv: 93.05 MiB, Paid 0.000000000190949274 FIL, ClientEventBlocksReceived (DealStatusOngoing)
Apr 03 15:41:14 > Recv: 94.05 MiB, Paid 0.000000000190949274 FIL, ClientEventBlocksReceived (DealStatusOngoing)
Apr 03 15:41:17 > Recv: 95.05 MiB, Paid 0.000000000190949274 FIL, ClientEventBlocksReceived (DealStatusOngoing)
Apr 03 15:41:17 > Recv: 96.05 MiB, Paid 0.000000000190949274 FIL, ClientEventBlocksReceived (DealStatusOngoing)
Apr 03 15:41:17 > Recv: 97.05 MiB, Paid 0.000000000190949274 FIL, ClientEventBlocksReceived (DealStatusOngoing)
Apr 03 15:41:20 > Recv: 98.05 MiB, Paid 0.000000000190949274 FIL, ClientEventBlocksReceived (DealStatusOngoing)
Apr 03 15:41:24 > Recv: 99.05 MiB, Paid 0.000000000190949274 FIL, ClientEventBlocksReceived (DealStatusOngoing)
Apr 03 15:41:26 > Recv: 100.1 MiB, Paid 0.000000000190949274 FIL, ClientEventBlocksReceived (DealStatusOngoing)
Apr 03 15:41:28 > Recv: 101.1 MiB, Paid 0.000000000190949274 FIL, ClientEventBlocksReceived (DealStatusOngoing)
Apr 03 15:41:29 > Recv: 102.1 MiB, Paid 0.000000000190949274 FIL, ClientEventBlocksReceived (DealStatusOngoing)
Apr 03 15:41:31 > Recv: 103.1 MiB, Paid 0.000000000190949274 FIL, ClientEventBlocksReceived (DealStatusOngoing)
Apr 03 15:41:35 > Recv: 104.1 MiB, Paid 0.000000000190949274 FIL, ClientEventBlocksReceived (DealStatusOngoing)
Apr 03 15:41:41 > Recv: 104.1 MiB, Paid 0.000000000190949274 FIL, ClientEventPaymentRequested (DealStatusFundsNeeded)
Apr 03 15:41:41 > Recv: 104.1 MiB, Paid 0.000000000190949274 FIL, ClientEventSendFunds (DealStatusSendFunds)
Apr 03 15:41:41 > Recv: 104.1 MiB, Paid 0.000000000220309402 FIL, ClientEventPaymentSent (DealStatusOngoing)
Apr 03 15:41:54 > Recv: 106.1 MiB, Paid 0.000000000220309402 FIL, ClientEventBlocksReceived (DealStatusOngoing)
Apr 03 15:41:56 > Recv: 107.1 MiB, Paid 0.000000000220309402 FIL, ClientEventBlocksReceived (DealStatusOngoing)
Apr 03 15:41:59 > Recv: 108.1 MiB, Paid 0.000000000220309402 FIL, ClientEventBlocksReceived (DealStatusOngoing)
Apr 03 15:42:05 > Recv: 109.1 MiB, Paid 0.000000000220309402 FIL, ClientEventBlocksReceived (DealStatusOngoing)
Apr 03 15:42:06 > Recv: 110.1 MiB, Paid 0.000000000220309402 FIL, ClientEventBlocksReceived (DealStatusOngoing)
Apr 03 15:42:06 > Recv: 111.1 MiB, Paid 0.000000000220309402 FIL, ClientEventBlocksReceived (DealStatusOngoing)
Apr 03 15:42:07 > Recv: 112.1 MiB, Paid 0.000000000220309402 FIL, ClientEventBlocksReceived (DealStatusOngoing)
Apr 03 15:42:09 > Recv: 113.1 MiB, Paid 0.000000000220309402 FIL, ClientEventBlocksReceived (DealStatusOngoing)
Apr 03 15:42:13 > Recv: 114.1 MiB, Paid 0.000000000220309402 FIL, ClientEventBlocksReceived (DealStatusOngoing)
Apr 03 15:42:17 > Recv: 115.1 MiB, Paid 0.000000000220309402 FIL, ClientEventBlocksReceived (DealStatusOngoing)
Apr 03 15:42:21 > Recv: 116.1 MiB, Paid 0.000000000220309402 FIL, ClientEventBlocksReceived (DealStatusOngoing)
Apr 03 15:42:22 > Recv: 117.1 MiB, Paid 0.000000000220309402 FIL, ClientEventBlocksReceived (DealStatusOngoing)
Apr 03 15:42:26 > Recv: 118.1 MiB, Paid 0.000000000220309402 FIL, ClientEventBlocksReceived (DealStatusOngoing)
Apr 03 15:42:30 > Recv: 119.1 MiB, Paid 0.000000000220309402 FIL, ClientEventBlocksReceived (DealStatusOngoing)
Apr 03 15:42:32 > Recv: 119.1 MiB, Paid 0.000000000220309402 FIL, ClientEventPaymentRequested (DealStatusFundsNeeded)
Apr 03 15:42:32 > Recv: 119.1 MiB, Paid 0.000000000220309402 FIL, ClientEventSendFunds (DealStatusSendFunds)
Apr 03 15:42:32 > Recv: 119.1 MiB, Paid 0.000000000251766682 FIL, ClientEventPaymentSent (DealStatusOngoing)
Apr 03 15:42:51 > Recv: 121.1 MiB, Paid 0.000000000251766682 FIL, ClientEventBlocksReceived (DealStatusOngoing)
Apr 03 15:42:55 > Recv: 122.1 MiB, Paid 0.000000000251766682 FIL, ClientEventBlocksReceived (DealStatusOngoing)
Apr 03 15:42:56 > Recv: 123.1 MiB, Paid 0.000000000251766682 FIL, ClientEventBlocksReceived (DealStatusOngoing)
Apr 03 15:42:58 > Recv: 124.1 MiB, Paid 0.000000000251766682 FIL, ClientEventBlocksReceived (DealStatusOngoing)
Apr 03 15:43:00 > Recv: 125.1 MiB, Paid 0.000000000251766682 FIL, ClientEventBlocksReceived (DealStatusOngoing)
Apr 03 15:43:03 > Recv: 126.1 MiB, Paid 0.000000000251766682 FIL, ClientEventBlocksReceived (DealStatusOngoing)
Apr 03 15:43:04 > Recv: 127.1 MiB, Paid 0.000000000251766682 FIL, ClientEventBlocksReceived (DealStatusOngoing)
Apr 03 15:43:06 > Recv: 128.1 MiB, Paid 0.000000000251766682 FIL, ClientEventBlocksReceived (DealStatusOngoing)
Apr 03 15:43:11 > Recv: 129.1 MiB, Paid 0.000000000251766682 FIL, ClientEventBlocksReceived (DealStatusOngoing)
Apr 03 15:43:17 > Recv: 130.1 MiB, Paid 0.000000000251766682 FIL, ClientEventBlocksReceived (DealStatusOngoing)
Apr 03 15:43:19 > Recv: 131.1 MiB, Paid 0.000000000251766682 FIL, ClientEventBlocksReceived (DealStatusOngoing)
Apr 03 15:43:21 > Recv: 132.1 MiB, Paid 0.000000000251766682 FIL, ClientEventBlocksReceived (DealStatusOngoing)
Apr 03 15:43:27 > Recv: 133.1 MiB, Paid 0.000000000251766682 FIL, ClientEventBlocksReceived (DealStatusOngoing)
Apr 03 15:43:30 > Recv: 134.1 MiB, Paid 0.000000000251766682 FIL, ClientEventBlocksReceived (DealStatusOngoing)
Apr 03 15:43:32 > Recv: 135.1 MiB, Paid 0.000000000251766682 FIL, ClientEventBlocksReceived (DealStatusOngoing)
Apr 03 15:43:33 > Recv: 135.1 MiB, Paid 0.000000000251766682 FIL, ClientEventPaymentRequested (DealStatusFundsNeeded)
Apr 03 15:43:33 > Recv: 135.1 MiB, Paid 0.000000000251766682 FIL, ClientEventSendFunds (DealStatusSendFunds)
Apr 03 15:43:34 > Recv: 135.1 MiB, Paid 0.000000000285321114 FIL, ClientEventPaymentSent (DealStatusOngoing)
Apr 03 15:43:45 > Recv: 137.1 MiB, Paid 0.000000000285321114 FIL, ClientEventBlocksReceived (DealStatusOngoing)
Apr 03 15:43:48 > Recv: 138.1 MiB, Paid 0.000000000285321114 FIL, ClientEventBlocksReceived (DealStatusOngoing)
Apr 03 15:43:53 > Recv: 139.1 MiB, Paid 0.000000000285321114 FIL, ClientEventBlocksReceived (DealStatusOngoing)
Apr 03 15:43:56 > Recv: 140.1 MiB, Paid 0.000000000285321114 FIL, ClientEventBlocksReceived (DealStatusOngoing)
Apr 03 15:44:00 > Recv: 141.1 MiB, Paid 0.000000000285321114 FIL, ClientEventBlocksReceived (DealStatusOngoing)
Apr 03 15:44:03 > Recv: 142.1 MiB, Paid 0.000000000285321114 FIL, ClientEventBlocksReceived (DealStatusOngoing)
Apr 03 15:44:07 > Recv: 143.1 MiB, Paid 0.000000000285321114 FIL, ClientEventBlocksReceived (DealStatusOngoing)
Apr 03 15:44:09 > Recv: 144.1 MiB, Paid 0.000000000285321114 FIL, ClientEventBlocksReceived (DealStatusOngoing)
Apr 03 15:44:12 > Recv: 145.1 MiB, Paid 0.000000000285321114 FIL, ClientEventBlocksReceived (DealStatusOngoing)
Apr 03 15:44:16 > Recv: 146.1 MiB, Paid 0.000000000285321114 FIL, ClientEventBlocksReceived (DealStatusOngoing)
Apr 03 15:44:19 > Recv: 147.1 MiB, Paid 0.000000000285321114 FIL, ClientEventBlocksReceived (DealStatusOngoing)
Apr 03 15:44:23 > Recv: 148.1 MiB, Paid 0.000000000285321114 FIL, ClientEventBlocksReceived (DealStatusOngoing)
Apr 03 15:44:25 > Recv: 149.1 MiB, Paid 0.000000000285321114 FIL, ClientEventBlocksReceived (DealStatusOngoing)
Apr 03 15:44:26 > Recv: 150.1 MiB, Paid 0.000000000285321114 FIL, ClientEventBlocksReceived (DealStatusOngoing)
Apr 03 15:44:27 > Recv: 151.1 MiB, Paid 0.000000000285321114 FIL, ClientEventBlocksReceived (DealStatusOngoing)
Apr 03 15:44:28 > Recv: 152.1 MiB, Paid 0.000000000285321114 FIL, ClientEventBlocksReceived (DealStatusOngoing)
Apr 03 15:44:31 > Recv: 152.1 MiB, Paid 0.000000000285321114 FIL, ClientEventPaymentRequested (DealStatusFundsNeeded)
Apr 03 15:44:31 > Recv: 152.1 MiB, Paid 0.000000000285321114 FIL, ClientEventSendFunds (DealStatusSendFunds)
Apr 03 15:44:31 > Recv: 152.1 MiB, Paid 0.000000000320972698 FIL, ClientEventPaymentSent (DealStatusOngoing)
Apr 03 15:44:58 > Recv: 154.1 MiB, Paid 0.000000000320972698 FIL, ClientEventBlocksReceived (DealStatusOngoing)
Apr 03 15:45:01 > Recv: 155.1 MiB, Paid 0.000000000320972698 FIL, ClientEventBlocksReceived (DealStatusOngoing)
Apr 03 15:45:02 > Recv: 156.1 MiB, Paid 0.000000000320972698 FIL, ClientEventBlocksReceived (DealStatusOngoing)
Apr 03 15:45:04 > Recv: 157.1 MiB, Paid 0.000000000320972698 FIL, ClientEventBlocksReceived (DealStatusOngoing)
Apr 03 15:45:06 > Recv: 158.1 MiB, Paid 0.000000000320972698 FIL, ClientEventBlocksReceived (DealStatusOngoing)
Apr 03 15:45:09 > Recv: 159.1 MiB, Paid 0.000000000320972698 FIL, ClientEventBlocksReceived (DealStatusOngoing)
Apr 03 15:45:11 > Recv: 160.1 MiB, Paid 0.000000000320972698 FIL, ClientEventBlocksReceived (DealStatusOngoing)
Apr 03 15:45:11 > Recv: 161.1 MiB, Paid 0.000000000320972698 FIL, ClientEventBlocksReceived (DealStatusOngoing)
Apr 03 15:45:13 > Recv: 162.1 MiB, Paid 0.000000000320972698 FIL, ClientEventBlocksReceived (DealStatusOngoing)
Apr 03 15:45:16 > Recv: 163.1 MiB, Paid 0.000000000320972698 FIL, ClientEventBlocksReceived (DealStatusOngoing)
Apr 03 15:45:19 > Recv: 164.1 MiB, Paid 0.000000000320972698 FIL, ClientEventBlocksReceived (DealStatusOngoing)
Apr 03 15:45:21 > Recv: 165.1 MiB, Paid 0.000000000320972698 FIL, ClientEventBlocksReceived (DealStatusOngoing)
Apr 03 15:45:23 > Recv: 166.1 MiB, Paid 0.000000000320972698 FIL, ClientEventBlocksReceived (DealStatusOngoing)
Apr 03 15:45:24 > Recv: 167.1 MiB, Paid 0.000000000320972698 FIL, ClientEventBlocksReceived (DealStatusOngoing)
Apr 03 15:45:25 > Recv: 168.1 MiB, Paid 0.000000000320972698 FIL, ClientEventBlocksReceived (DealStatusOngoing)
Apr 03 15:45:25 > Recv: 169.1 MiB, Paid 0.000000000320972698 FIL, ClientEventBlocksReceived (DealStatusOngoing)
Apr 03 15:45:26 > Recv: 170.1 MiB, Paid 0.000000000320972698 FIL, ClientEventBlocksReceived (DealStatusOngoing)
Apr 03 15:45:26 > Recv: 170.1 MiB, Paid 0.000000000320972698 FIL, ClientEventPaymentRequested (DealStatusFundsNeeded)
Apr 03 15:45:26 > Recv: 170.1 MiB, Paid 0.000000000320972698 FIL, ClientEventSendFunds (DealStatusSendFunds)
Apr 03 15:45:26 > Recv: 170.1 MiB, Paid 0.000000000358721434 FIL, ClientEventPaymentSent (DealStatusOngoing)
Apr 03 15:45:47 > Recv: 172.1 MiB, Paid 0.000000000358721434 FIL, ClientEventBlocksReceived (DealStatusOngoing)
Apr 03 15:45:50 > Recv: 173.1 MiB, Paid 0.000000000358721434 FIL, ClientEventBlocksReceived (DealStatusOngoing)
Apr 03 15:45:55 > Recv: 174.1 MiB, Paid 0.000000000358721434 FIL, ClientEventBlocksReceived (DealStatusOngoing)
Apr 03 15:45:57 > Recv: 175.1 MiB, Paid 0.000000000358721434 FIL, ClientEventBlocksReceived (DealStatusOngoing)
Apr 03 15:45:58 > Recv: 176.1 MiB, Paid 0.000000000358721434 FIL, ClientEventBlocksReceived (DealStatusOngoing)
Apr 03 15:45:58 > Recv: 177.1 MiB, Paid 0.000000000358721434 FIL, ClientEventBlocksReceived (DealStatusOngoing)
Apr 03 15:45:59 > Recv: 178.1 MiB, Paid 0.000000000358721434 FIL, ClientEventBlocksReceived (DealStatusOngoing)
Apr 03 15:46:00 > Recv: 179.1 MiB, Paid 0.000000000358721434 FIL, ClientEventBlocksReceived (DealStatusOngoing)
Apr 03 15:46:06 > Recv: 180.1 MiB, Paid 0.000000000358721434 FIL, ClientEventBlocksReceived (DealStatusOngoing)
Apr 03 15:46:12 > Recv: 181.1 MiB, Paid 0.000000000358721434 FIL, ClientEventBlocksReceived (DealStatusOngoing)
Apr 03 15:46:15 > Recv: 182.1 MiB, Paid 0.000000000358721434 FIL, ClientEventBlocksReceived (DealStatusOngoing)
Apr 03 15:46:15 > Recv: 183.1 MiB, Paid 0.000000000358721434 FIL, ClientEventBlocksReceived (DealStatusOngoing)
Apr 03 15:46:15 > Recv: 184.1 MiB, Paid 0.000000000358721434 FIL, ClientEventBlocksReceived (DealStatusOngoing)
Apr 03 15:46:16 > Recv: 185.1 MiB, Paid 0.000000000358721434 FIL, ClientEventBlocksReceived (DealStatusOngoing)
Apr 03 15:46:16 > Recv: 186.1 MiB, Paid 0.000000000358721434 FIL, ClientEventBlocksReceived (DealStatusOngoing)
Apr 03 15:46:16 > Recv: 187.1 MiB, Paid 0.000000000358721434 FIL, ClientEventBlocksReceived (DealStatusOngoing)
Apr 03 15:46:17 > Recv: 188.1 MiB, Paid 0.000000000358721434 FIL, ClientEventBlocksReceived (DealStatusOngoing)
Apr 03 15:46:17 > Recv: 189.1 MiB, Paid 0.000000000358721434 FIL, ClientEventBlocksReceived (DealStatusOngoing)
Apr 03 15:46:18 > Recv: 189.1 MiB, Paid 0.000000000358721434 FIL, ClientEventPaymentRequested (DealStatusFundsNeeded)
Apr 03 15:46:18 > Recv: 189.1 MiB, Paid 0.000000000358721434 FIL, ClientEventSendFunds (DealStatusSendFunds)
Apr 03 15:46:18 > Recv: 189.1 MiB, Paid 0.000000000398567322 FIL, ClientEventPaymentSent (DealStatusOngoing)
Apr 03 15:46:52 > Recv: 191.1 MiB, Paid 0.000000000398567322 FIL, ClientEventBlocksReceived (DealStatusOngoing)
Apr 03 15:46:52 > Recv: 192.1 MiB, Paid 0.000000000398567322 FIL, ClientEventBlocksReceived (DealStatusOngoing)
Apr 03 15:46:53 > Recv: 193.1 MiB, Paid 0.000000000398567322 FIL, ClientEventBlocksReceived (DealStatusOngoing)
Apr 03 15:46:53 > Recv: 194.1 MiB, Paid 0.000000000398567322 FIL, ClientEventBlocksReceived (DealStatusOngoing)
Apr 03 15:46:53 > Recv: 195.1 MiB, Paid 0.000000000398567322 FIL, ClientEventBlocksReceived (DealStatusOngoing)
Apr 03 15:46:53 > Recv: 196.1 MiB, Paid 0.000000000398567322 FIL, ClientEventBlocksReceived (DealStatusOngoing)
Apr 03 15:46:53 > Recv: 197.1 MiB, Paid 0.000000000398567322 FIL, ClientEventBlocksReceived (DealStatusOngoing)
Apr 03 15:46:54 > Recv: 198.1 MiB, Paid 0.000000000398567322 FIL, ClientEventBlocksReceived (DealStatusOngoing)
Apr 03 15:46:54 > Recv: 199.1 MiB, Paid 0.000000000398567322 FIL, ClientEventBlocksReceived (DealStatusOngoing)
Apr 03 15:46:56 > Recv: 200.1 MiB, Paid 0.000000000398567322 FIL, ClientEventBlocksReceived (DealStatusOngoing)
Apr 03 15:46:57 > Recv: 201.1 MiB, Paid 0.000000000398567322 FIL, ClientEventBlocksReceived (DealStatusOngoing)
Apr 03 15:46:59 > Recv: 202.1 MiB, Paid 0.000000000398567322 FIL, ClientEventBlocksReceived (DealStatusOngoing)
Apr 03 15:47:01 > Recv: 203.1 MiB, Paid 0.000000000398567322 FIL, ClientEventBlocksReceived (DealStatusOngoing)
Apr 03 15:47:02 > Recv: 204.1 MiB, Paid 0.000000000398567322 FIL, ClientEventBlocksReceived (DealStatusOngoing)
Apr 03 15:47:04 > Recv: 205.1 MiB, Paid 0.000000000398567322 FIL, ClientEventBlocksReceived (DealStatusOngoing)
Apr 03 15:47:09 > Recv: 206.1 MiB, Paid 0.000000000398567322 FIL, ClientEventBlocksReceived (DealStatusOngoing)
Apr 03 15:47:13 > Recv: 207.1 MiB, Paid 0.000000000398567322 FIL, ClientEventBlocksReceived (DealStatusOngoing)
Apr 03 15:47:18 > Recv: 208.1 MiB, Paid 0.000000000398567322 FIL, ClientEventBlocksReceived (DealStatusOngoing)
Apr 03 15:47:20 > Recv: 209.1 MiB, Paid 0.000000000398567322 FIL, ClientEventBlocksReceived (DealStatusOngoing)
Apr 03 15:47:24 > Recv: 209.1 MiB, Paid 0.000000000398567322 FIL, ClientEventPaymentRequested (DealStatusFundsNeeded)
Apr 03 15:47:24 > Recv: 209.1 MiB, Paid 0.000000000398567322 FIL, ClientEventSendFunds (DealStatusSendFunds)
Apr 03 15:47:24 > Recv: 209.1 MiB, Paid 0.000000000440510362 FIL, ClientEventPaymentSent (DealStatusOngoing)
Apr 03 15:47:48 > Recv: 211.1 MiB, Paid 0.000000000440510362 FIL, ClientEventBlocksReceived (DealStatusOngoing)
Apr 03 15:47:48 > Recv: 212.1 MiB, Paid 0.000000000440510362 FIL, ClientEventBlocksReceived (DealStatusOngoing)
Apr 03 15:47:50 > Recv: 213.1 MiB, Paid 0.000000000440510362 FIL, ClientEventBlocksReceived (DealStatusOngoing)
Apr 03 15:47:52 > Recv: 214.1 MiB, Paid 0.000000000440510362 FIL, ClientEventBlocksReceived (DealStatusOngoing)
Apr 03 15:47:54 > Recv: 215.1 MiB, Paid 0.000000000440510362 FIL, ClientEventBlocksReceived (DealStatusOngoing)
Apr 03 15:47:56 > Recv: 216.1 MiB, Paid 0.000000000440510362 FIL, ClientEventBlocksReceived (DealStatusOngoing)
Apr 03 15:48:00 > Recv: 217.1 MiB, Paid 0.000000000440510362 FIL, ClientEventBlocksReceived (DealStatusOngoing)
Apr 03 15:48:05 > Recv: 218.1 MiB, Paid 0.000000000440510362 FIL, ClientEventBlocksReceived (DealStatusOngoing)
Apr 03 19:31:42 ERROR: retrieval timed out
Apr 03 19:31:42 
Apr 03 19:31:42 Command exited with non-zero status 124
Apr 03 19:31:42 3.95user 0.15system 4:00:00elapsed 0%CPU (0avgtext+0avgdata 72528maxresident)k
Apr 03 19:31:42 0inputs+0outputs (0major+11785minor)pagefaults 0swaps
