{"jsonrpc":"2.0","result":{"Err":"","Root":{"/":"bafykbzacea5dewvdatvbxc2tmi26bomowduqhoi7ery4yqi3n6li32n4oe546"},"Piece":null,"Size":34359738368,"MinPrice":"68719476736","UnsealPrice":"0","PaymentInterval":1048576,"PaymentIntervalIncrease":1048576,"Miner":"f014754","MinerPeer":{"Address":"f014768","ID":"12D3KooWEFAhaG4kVzpxuoKXZxzbD47Qmwp98tzUYB8ho2BQnzeL","PieceCID":null}},"id":1}
Apr 03 15:26:40 > Recv: 0 B, Paid 0 FIL, ClientEventOpen (DealStatusNew)
Apr 03 15:26:40 > Recv: 0 B, Paid 0 FIL, ClientEventDealProposed (DealStatusWaitForAcceptance)
Apr 03 15:26:40 > Recv: 0 B, Paid 0 FIL, ClientEventDealAccepted (DealStatusAccepted)
Apr 03 15:26:40 > Recv: 0 B, Paid 0 FIL, ClientEventPaymentChannelAddingFunds (DealStatusPaymentChannelAddingInitialFunds)
Apr 03 15:30:00 > Recv: 0 B, Paid 0 FIL, ClientEventPaymentChannelReady (DealStatusPaymentChannelAllocatingLane)
Apr 03 15:30:00 > Recv: 0 B, Paid 0 FIL, ClientEventLaneAllocated (DealStatusOngoing)
Apr 03 15:34:05 > Recv: 962 B, Paid 0 FIL, ClientEventBlocksReceived (DealStatusOngoing)
Apr 03 15:34:06 > Recv: 52.95 KiB, Paid 0 FIL, ClientEventBlocksReceived (DealStatusOngoing)
Apr 03 15:34:07 > Recv: 52.95 KiB, Paid 0 FIL, ClientEventPaymentRequested (DealStatusFundsNeeded)
Apr 03 15:34:07 > Recv: 1.052 MiB, Paid 0 FIL, ClientEventBlocksReceived (DealStatusFundsNeeded)
Apr 03 15:34:07 > Recv: 1.052 MiB, Paid 0 FIL, ClientEventSendFunds (DealStatusSendFunds)
Apr 03 15:34:07 > Recv: 1.052 MiB, Paid 0.000000000002205594 FIL, ClientEventPaymentSent (DealStatusOngoing)
Apr 03 15:34:08 > Recv: 2.052 MiB, Paid 0.000000000002205594 FIL, ClientEventBlocksReceived (DealStatusOngoing)
Apr 03 15:34:09 > Recv: 2.052 MiB, Paid 0.000000000002205594 FIL, ClientEventPaymentRequested (DealStatusFundsNeeded)
Apr 03 15:34:09 > Recv: 2.052 MiB, Paid 0.000000000002205594 FIL, ClientEventSendFunds (DealStatusSendFunds)
Apr 03 15:34:09 > Recv: 2.052 MiB, Paid 0.000000000006399898 FIL, ClientEventPaymentSent (DealStatusOngoing)
Apr 03 15:34:10 > Recv: 4.052 MiB, Paid 0.000000000006399898 FIL, ClientEventBlocksReceived (DealStatusOngoing)
Apr 03 15:34:11 > Recv: 5.052 MiB, Paid 0.000000000006399898 FIL, ClientEventBlocksReceived (DealStatusOngoing)
Apr 03 15:34:13 > Recv: 5.052 MiB, Paid 0.000000000006399898 FIL, ClientEventPaymentRequested (DealStatusFundsNeeded)
Apr 03 15:34:13 > Recv: 6.052 MiB, Paid 0.000000000006399898 FIL, ClientEventBlocksReceived (DealStatusFundsNeeded)
Apr 03 15:34:13 > Recv: 6.052 MiB, Paid 0.000000000006399898 FIL, ClientEventSendFunds (DealStatusSendFunds)
Apr 03 15:34:14 > Recv: 6.052 MiB, Paid 0.000000000012691354 FIL, ClientEventPaymentSent (DealStatusOngoing)
Apr 03 15:34:16 > Recv: 7.052 MiB, Paid 0.000000000012691354 FIL, ClientEventBlocksReceived (DealStatusOngoing)
Apr 03 15:34:20 > Recv: 8.052 MiB, Paid 0.000000000012691354 FIL, ClientEventBlocksReceived (DealStatusOngoing)
Apr 03 15:34:24 > Recv: 9.052 MiB, Paid 0.000000000012691354 FIL, ClientEventBlocksReceived (DealStatusOngoing)
Apr 03 15:34:28 > Recv: 9.052 MiB, Paid 0.000000000012691354 FIL, ClientEventPaymentRequested (DealStatusFundsNeeded)
Apr 03 15:34:28 > Recv: 10.05 MiB, Paid 0.000000000012691354 FIL, ClientEventBlocksReceived (DealStatusFundsNeeded)
Apr 03 15:34:28 > Recv: 10.05 MiB, Paid 0.000000000012691354 FIL, ClientEventSendFunds (DealStatusSendFunds)
Apr 03 15:34:28 > Recv: 10.05 MiB, Paid 0.000000000021079962 FIL, ClientEventPaymentSent (DealStatusOngoing)
Apr 03 15:34:34 > Recv: 11.05 MiB, Paid 0.000000000021079962 FIL, ClientEventBlocksReceived (DealStatusOngoing)
Apr 03 15:34:40 > Recv: 12.05 MiB, Paid 0.000000000021079962 FIL, ClientEventBlocksReceived (DealStatusOngoing)
Apr 03 15:34:43 > Recv: 13.05 MiB, Paid 0.000000000021079962 FIL, ClientEventBlocksReceived (DealStatusOngoing)
Apr 03 15:34:50 > Recv: 14.05 MiB, Paid 0.000000000021079962 FIL, ClientEventBlocksReceived (DealStatusOngoing)
Apr 03 15:34:53 > Recv: 14.05 MiB, Paid 0.000000000021079962 FIL, ClientEventPaymentRequested (DealStatusFundsNeeded)
Apr 03 15:34:53 > Recv: 14.05 MiB, Paid 0.000000000021079962 FIL, ClientEventSendFunds (DealStatusSendFunds)
Apr 03 15:34:53 > Recv: 14.05 MiB, Paid 0.000000000031565722 FIL, ClientEventPaymentSent (DealStatusOngoing)
Apr 03 15:34:57 > Recv: 16.05 MiB, Paid 0.000000000031565722 FIL, ClientEventBlocksReceived (DealStatusOngoing)
Apr 03 15:35:02 > Recv: 17.05 MiB, Paid 0.000000000031565722 FIL, ClientEventBlocksReceived (DealStatusOngoing)
Apr 03 15:35:05 > Recv: 18.05 MiB, Paid 0.000000000031565722 FIL, ClientEventBlocksReceived (DealStatusOngoing)
Apr 03 15:35:09 > Recv: 19.05 MiB, Paid 0.000000000031565722 FIL, ClientEventBlocksReceived (DealStatusOngoing)
Apr 03 15:35:12 > Recv: 20.05 MiB, Paid 0.000000000031565722 FIL, ClientEventBlocksReceived (DealStatusOngoing)
Apr 03 15:35:17 > Recv: 20.05 MiB, Paid 0.000000000031565722 FIL, ClientEventPaymentRequested (DealStatusFundsNeeded)
Apr 03 15:35:17 > Recv: 20.05 MiB, Paid 0.000000000031565722 FIL, ClientEventSendFunds (DealStatusSendFunds)
Apr 03 15:35:17 > Recv: 20.05 MiB, Paid 0.000000000044148634 FIL, ClientEventPaymentSent (DealStatusOngoing)
Apr 03 15:35:24 > Recv: 22.05 MiB, Paid 0.000000000044148634 FIL, ClientEventBlocksReceived (DealStatusOngoing)
Apr 03 15:35:29 > Recv: 23.05 MiB, Paid 0.000000000044148634 FIL, ClientEventBlocksReceived (DealStatusOngoing)
Apr 03 15:35:32 > Recv: 24.05 MiB, Paid 0.000000000044148634 FIL, ClientEventBlocksReceived (DealStatusOngoing)
Apr 03 15:35:35 > Recv: 25.05 MiB, Paid 0.000000000044148634 FIL, ClientEventBlocksReceived (DealStatusOngoing)
Apr 03 15:35:38 > Recv: 26.05 MiB, Paid 0.000000000044148634 FIL, ClientEventBlocksReceived (DealStatusOngoing)
Apr 03 15:35:44 > Recv: 27.05 MiB, Paid 0.000000000044148634 FIL, ClientEventBlocksReceived (DealStatusOngoing)
Apr 03 15:35:47 > Recv: 27.05 MiB, Paid 0.000000000044148634 FIL, ClientEventPaymentRequested (DealStatusFundsNeeded)
Apr 03 15:35:47 > Recv: 27.05 MiB, Paid 0.000000000044148634 FIL, ClientEventSendFunds (DealStatusSendFunds)
Apr 03 15:35:47 > Recv: 27.05 MiB, Paid 0.000000000058828698 FIL, ClientEventPaymentSent (DealStatusOngoing)
Apr 03 15:35:50 > Recv: 29.05 MiB, Paid 0.000000000058828698 FIL, ClientEventBlocksReceived (DealStatusOngoing)
Apr 03 15:35:52 > Recv: 30.05 MiB, Paid 0.000000000058828698 FIL, ClientEventBlocksReceived (DealStatusOngoing)
Apr 03 15:35:55 > Recv: 31.05 MiB, Paid 0.000000000058828698 FIL, ClientEventBlocksReceived (DealStatusOngoing)
Apr 03 15:35:57 > Recv: 32.05 MiB, Paid 0.000000000058828698 FIL, ClientEventBlocksReceived (DealStatusOngoing)
Apr 03 15:36:01 > Recv: 33.05 MiB, Paid 0.000000000058828698 FIL, ClientEventBlocksReceived (DealStatusOngoing)
Apr 03 15:36:04 > Recv: 34.05 MiB, Paid 0.000000000058828698 FIL, ClientEventBlocksReceived (DealStatusOngoing)
Apr 03 15:36:08 > Recv: 35.05 MiB, Paid 0.000000000058828698 FIL, ClientEventBlocksReceived (DealStatusOngoing)
Apr 03 15:36:13 > Recv: 35.05 MiB, Paid 0.000000000058828698 FIL, ClientEventPaymentRequested (DealStatusFundsNeeded)
Apr 03 15:36:13 > Recv: 35.05 MiB, Paid 0.000000000058828698 FIL, ClientEventSendFunds (DealStatusSendFunds)
Apr 03 15:36:13 > Recv: 35.05 MiB, Paid 0.000000000075605914 FIL, ClientEventPaymentSent (DealStatusOngoing)
Apr 03 15:36:17 > Recv: 37.05 MiB, Paid 0.000000000075605914 FIL, ClientEventBlocksReceived (DealStatusOngoing)
Apr 03 15:36:21 > Recv: 38.05 MiB, Paid 0.000000000075605914 FIL, ClientEventBlocksReceived (DealStatusOngoing)
Apr 03 15:36:25 > Recv: 39.05 MiB, Paid 0.000000000075605914 FIL, ClientEventBlocksReceived (DealStatusOngoing)
Apr 03 15:36:28 > Recv: 40.05 MiB, Paid 0.000000000075605914 FIL, ClientEventBlocksReceived (DealStatusOngoing)
Apr 03 15:36:30 > Recv: 41.05 MiB, Paid 0.000000000075605914 FIL, ClientEventBlocksReceived (DealStatusOngoing)
Apr 03 15:36:32 > Recv: 42.05 MiB, Paid 0.000000000075605914 FIL, ClientEventBlocksReceived (DealStatusOngoing)
Apr 03 15:36:34 > Recv: 43.05 MiB, Paid 0.000000000075605914 FIL, ClientEventBlocksReceived (DealStatusOngoing)
Apr 03 15:36:39 > Recv: 44.05 MiB, Paid 0.000000000075605914 FIL, ClientEventBlocksReceived (DealStatusOngoing)
Apr 03 15:36:47 > Recv: 44.05 MiB, Paid 0.000000000075605914 FIL, ClientEventPaymentRequested (DealStatusFundsNeeded)
Apr 03 15:36:47 > Recv: 44.05 MiB, Paid 0.000000000075605914 FIL, ClientEventSendFunds (DealStatusSendFunds)
Apr 03 15:36:47 > Recv: 44.05 MiB, Paid 0.000000000094480282 FIL, ClientEventPaymentSent (DealStatusOngoing)
Apr 03 15:36:56 > Recv: 46.05 MiB, Paid 0.000000000094480282 FIL, ClientEventBlocksReceived (DealStatusOngoing)
Apr 03 19:26:40 ERROR: retrieval timed out
Apr 03 19:26:40 
Apr 03 19:26:40 Command exited with non-zero status 124
Apr 03 19:26:40 3.91user 0.11system 4:00:00elapsed 0%CPU (0avgtext+0avgdata 73056maxresident)k
Apr 03 19:26:40 0inputs+0outputs (0major+11661minor)pagefaults 0swaps
