Mar 30 17:29:35 ./retrieve-worker.sh: line 3: lotus: command not found
Mar 30 17:29:35 
Mar 30 17:29:35 ./retrieve-worker.sh: line 5: lotus: command not found
Mar 30 17:29:35 
Mar 30 17:29:35 ./retrieve-worker.sh: line 20: lotus: command not found
Mar 30 17:29:35 ./retrieve-worker.sh: line 20: lotus: command not found
Mar 30 17:29:36 Loading deals f0421499
Mar 30 17:29:36 f0421499 1 minimal_finality_stateroots_616300_2021-03-26_22-00-00.car.aa
Mar 30 17:29:36 f0421499 2 minimal_finality_stateroots_616300_2021-03-26_22-00-00.car.ab
Mar 30 17:29:36 f0421499 3 minimal_finality_stateroots_620860_2021-03-28_12-00-00.car.aa
Mar 30 17:29:36 f0421499 4 minimal_finality_stateroots_620860_2021-03-28_12-00-00.car.ab
Mar 30 17:29:36 f0421499 5 minimal_finality_stateroots_624460_2021-03-29_18-00-00.car.aa
Mar 30 17:29:36 f0421499 6 minimal_finality_stateroots_624460_2021-03-29_18-00-00.car.ab
Mar 30 17:29:36 1 minimal_finality_stateroots_620860_2021-03-28_12-00-00.car.aa
Mar 30 17:29:36 f0165400-1642717 f022163-1643006 f019551-1645067 f022352-1642861 f066596-1643069 f023467-1642894 f01234-1642981 f0145874-1642998 f071624-1645163 f010479-1645175 f08399-1645224 f08403-1645153 f015927-1645215 f014768-1645276 f09848-1645265 f07998-1645308 f058369-1645356 f022142-1645422 f02576-1645489 f01240-1648942
Mar 30 17:29:36 ./retrieve-worker.sh: line 74: lotus: command not found
Mar 30 17:29:36 Already have log for f0165400 1642717 bafykbzacebwfpdjhfkv4dckre5pdb6dbtn3drso5mdqbmbofexmrri6vt3py2
Mar 30 17:29:37 ./retrieve-worker.sh: line 74: lotus: command not found
Mar 30 17:29:37 Already have log for f022163 1643006 bafykbzacebwfpdjhfkv4dckre5pdb6dbtn3drso5mdqbmbofexmrri6vt3py2
Mar 30 17:29:38 ./retrieve-worker.sh: line 74: lotus: command not found
Mar 30 17:29:38 Already have log for f019551 1645067 bafykbzacebwfpdjhfkv4dckre5pdb6dbtn3drso5mdqbmbofexmrri6vt3py2
Mar 30 17:29:39 ./retrieve-worker.sh: line 74: lotus: command not found
Mar 30 17:29:40 Retrieving f022352 1642861 bafykbzacebwfpdjhfkv4dckre5pdb6dbtn3drso5mdqbmbofexmrri6vt3py2
Mar 30 17:29:40   % Total    % Received % Xferd  Average Speed   Time    Time     Time  Current
Mar 30 17:29:40                                  Dload  Upload   Total   Spent    Left  Speed
Mar 30 17:29:40   0     0    0     0    0     0      0      0 --:--:-- --:--:-- --:--:--     0100   177    0     0  100   177      0  11800 --:--:-- --:--:-- --:--:-- 11800
Mar 30 17:29:40 timeout: failed to run command ‘lotus’: No such file or directory
Mar 30 17:29:40 Command exited with non-zero status 127
Mar 30 17:29:40 0.00user 0.00system 0:00.02elapsed 4%CPU (0avgtext+0avgdata 2204maxresident)k
Mar 30 17:29:40 0inputs+0outputs (0major+172minor)pagefaults 0swaps
Mar 30 17:29:40 ./retrieve-worker.sh: line 98: lotus: command not found
Mar 30 17:29:40 : (9.4G free)
Mar 30 17:29:40 Skipping ahead
Mar 30 17:29:40 
Mar 30 17:29:41 1 minimal_finality_stateroots_624460_2021-03-29_18-00-00.car.aa
Mar 30 17:29:41 f019041-1648222 f08403-1645450 f09848-1645415 f066596-1645517 f099608-1648224 f022142-1647799 f058369-1648954
Mar 30 17:29:41 ./retrieve-worker.sh: line 74: lotus: command not found
Mar 30 17:29:41 Already have log for f019041 1648222 bafykbzacecpfagbszu24mq4jynabqouymjp5m3waz3kw6ccqqziwwcjm732ry
Mar 30 17:29:42 ./retrieve-worker.sh: line 74: lotus: command not found
Mar 30 17:29:42 Already have log for f08403 1645450 bafykbzacecpfagbszu24mq4jynabqouymjp5m3waz3kw6ccqqziwwcjm732ry
Mar 30 17:29:43 ./retrieve-worker.sh: line 74: lotus: command not found
Mar 30 17:29:43 Already have log for f09848 1645415 bafykbzacecpfagbszu24mq4jynabqouymjp5m3waz3kw6ccqqziwwcjm732ry
Mar 30 17:29:44 ./retrieve-worker.sh: line 74: lotus: command not found
Mar 30 17:29:44 Retrieving f066596 1645517 bafykbzacecpfagbszu24mq4jynabqouymjp5m3waz3kw6ccqqziwwcjm732ry
Mar 30 17:29:45   % Total    % Received % Xferd  Average Speed   Time    Time     Time  Current
Mar 30 17:29:45                                  Dload  Upload   Total   Spent    Left  Speed
Mar 30 17:29:45   0     0    0     0    0     0      0      0 --:--:-- --:--:-- --:--:--     0100   177    0     0  100   177      0   172k --:--:-- --:--:-- --:--:--  172k
Mar 30 17:29:45 timeout: failed to run command ‘lotus’: No such file or directory
Mar 30 17:29:45 Command exited with non-zero status 127
Mar 30 17:29:45 0.00user 0.00system 0:00.00elapsed 16%CPU (0avgtext+0avgdata 2100maxresident)k
Mar 30 17:29:45 0inputs+0outputs (0major+169minor)pagefaults 0swaps
Mar 30 17:29:45 ./retrieve-worker.sh: line 98: lotus: command not found
Mar 30 17:29:45 : (9.3G free)
Mar 30 17:29:45 Skipping ahead
Mar 30 17:29:45 
Mar 30 17:29:46 1 minimal_finality_stateroots_620860_2021-03-28_12-00-00.car.ab
Mar 30 17:29:46 f071624-1643068 f09848-1642933 f022142-1645157 f058369-1645147 f019551-1645164 f01278-1645170 f0165400-1645269 f099608-1648223 f01234-1645250 f01240-1648939 f08399-1645225 f08403-1645178 f022352-1645318 f066596-1645275 f019041-1648221 f015927-1645310 f0145874-1645326 f014768-1645409 f023467-1645375 f010479-1645464 f07998-1648368
Mar 30 17:29:46 ./retrieve-worker.sh: line 74: lotus: command not found
Mar 30 17:29:46 Already have log for f071624 1643068 bafykbzacedqs6z3a56hasssv234ddhav7zgrlaukfnj6norlu4deptzsezn6g
Mar 30 17:29:47 ./retrieve-worker.sh: line 74: lotus: command not found
Mar 30 17:29:47 Already have log for f09848 1642933 bafykbzacedqs6z3a56hasssv234ddhav7zgrlaukfnj6norlu4deptzsezn6g
Mar 30 17:29:48 ./retrieve-worker.sh: line 74: lotus: command not found
Mar 30 17:29:48 Already have log for f022142 1645157 bafykbzacedqs6z3a56hasssv234ddhav7zgrlaukfnj6norlu4deptzsezn6g
Mar 30 17:29:49 ./retrieve-worker.sh: line 74: lotus: command not found
Mar 30 17:29:49 Already have log for f058369 1645147 bafykbzacedqs6z3a56hasssv234ddhav7zgrlaukfnj6norlu4deptzsezn6g
Mar 30 17:29:50 ./retrieve-worker.sh: line 74: lotus: command not found
Mar 30 17:29:51 Already have log for f019551 1645164 bafykbzacedqs6z3a56hasssv234ddhav7zgrlaukfnj6norlu4deptzsezn6g
Mar 30 17:29:52 ./retrieve-worker.sh: line 74: lotus: command not found
Mar 30 17:29:52 Retrieving f01278 1645170 bafykbzacedqs6z3a56hasssv234ddhav7zgrlaukfnj6norlu4deptzsezn6g
Mar 30 17:29:52   % Total    % Received % Xferd  Average Speed   Time    Time     Time  Current
Mar 30 17:29:52                                  Dload  Upload   Total   Spent    Left  Speed
Mar 30 17:29:52   0     0    0     0    0     0      0      0 --:--:-- --:--:-- --:--:--     0100   176    0     0  100   176      0  88000 --:--:-- --:--:-- --:--:-- 88000
Mar 30 17:29:52 timeout: failed to run command ‘lotus’: No such file or directory
Mar 30 17:29:52 Command exited with non-zero status 127
Mar 30 17:29:52 0.00user 0.00system 0:00.02elapsed 3%CPU (0avgtext+0avgdata 1948maxresident)k
Mar 30 17:29:52 0inputs+0outputs (0major+169minor)pagefaults 0swaps
Mar 30 17:29:52 ./retrieve-worker.sh: line 98: lotus: command not found
Mar 30 17:29:52 : (9.3G free)
Mar 30 17:29:52 Skipping ahead
Mar 30 17:29:52 
Mar 30 17:29:53 1 minimal_finality_stateroots_624460_2021-03-29_18-00-00.car.ab
Mar 30 17:29:53 f019362-1645426 f023467-1645376 f022142-1647798 f09848-1648932 f010479-1648931
Mar 30 17:29:53 ./retrieve-worker.sh: line 74: lotus: command not found
Mar 30 17:29:53 Already have log for f019362 1645426 bafykbzaceazee5wr2xtg4gpmjeo65uawsjx5i7kpxlv6h75hinjfqc7sg72sa
Mar 30 17:29:54 ./retrieve-worker.sh: line 74: lotus: command not found
Mar 30 17:29:54 Already have log for f023467 1645376 bafykbzaceazee5wr2xtg4gpmjeo65uawsjx5i7kpxlv6h75hinjfqc7sg72sa
Mar 30 17:29:55 ./retrieve-worker.sh: line 74: lotus: command not found
Mar 30 17:29:56 Already have log for f022142 1647798 bafykbzaceazee5wr2xtg4gpmjeo65uawsjx5i7kpxlv6h75hinjfqc7sg72sa
Mar 30 17:29:57 ./retrieve-worker.sh: line 74: lotus: command not found
Mar 30 17:29:57 Already have log for f09848 1648932 bafykbzaceazee5wr2xtg4gpmjeo65uawsjx5i7kpxlv6h75hinjfqc7sg72sa
Mar 30 17:29:58 ./retrieve-worker.sh: line 74: lotus: command not found
Mar 30 17:29:58 Retrieving f010479 1648931 bafykbzaceazee5wr2xtg4gpmjeo65uawsjx5i7kpxlv6h75hinjfqc7sg72sa
Mar 30 17:29:58   % Total    % Received % Xferd  Average Speed   Time    Time     Time  Current
Mar 30 17:29:58                                  Dload  Upload   Total   Spent    Left  Speed
Mar 30 17:29:58   0     0    0     0    0     0      0      0 --:--:-- --:--:-- --:--:--     0100   177    0     0  100   177      0   172k --:--:-- --:--:-- --:--:--  172k
Mar 30 17:29:58 timeout: failed to run command ‘lotus’: No such file or directory
Mar 30 17:29:58 Command exited with non-zero status 127
Mar 30 17:29:58 0.00user 0.00system 0:00.01elapsed 5%CPU (0avgtext+0avgdata 2104maxresident)k
Mar 30 17:29:58 0inputs+0outputs (0major+169minor)pagefaults 0swaps
Mar 30 17:29:58 ./retrieve-worker.sh: line 98: lotus: command not found
Mar 30 17:29:58 : (9.3G free)
Mar 30 17:29:58 Skipping ahead
Mar 30 17:29:58 
Mar 30 17:29:59 1 minimal_finality_stateroots_616300_2021-03-26_22-00-00.car.aa
Mar 30 17:29:59 f0145874-1639395 f023971-1638943 f0157535-1639420 f015927-1639425 f066596-1639456 f071624-1640606 f08403-1641409 f01234-1640777 f023467-1641041 f019551-1641211 f022352-1642427
Mar 30 17:29:59 ./retrieve-worker.sh: line 74: lotus: command not found
Mar 30 17:29:59 Already have log for f0145874 1639395 bafykbzacedoze6ckqa36rd7sxv7pcpjhugbbdnfssif2meiivcykvcvqup5h2
Mar 30 17:30:00 ./retrieve-worker.sh: line 74: lotus: command not found
Mar 30 17:30:01 Already have log for f023971 1638943 bafykbzacedoze6ckqa36rd7sxv7pcpjhugbbdnfssif2meiivcykvcvqup5h2
Mar 30 17:30:02 ./retrieve-worker.sh: line 74: lotus: command not found
Mar 30 17:30:02 Already have log for f0157535 1639420 bafykbzacedoze6ckqa36rd7sxv7pcpjhugbbdnfssif2meiivcykvcvqup5h2
Mar 30 17:30:03 ./retrieve-worker.sh: line 74: lotus: command not found
Mar 30 17:30:03 Already have log for f015927 1639425 bafykbzacedoze6ckqa36rd7sxv7pcpjhugbbdnfssif2meiivcykvcvqup5h2
Mar 30 17:30:04 ./retrieve-worker.sh: line 74: lotus: command not found
Mar 30 17:30:04 Already have log for f066596 1639456 bafykbzacedoze6ckqa36rd7sxv7pcpjhugbbdnfssif2meiivcykvcvqup5h2
Mar 30 17:30:05 ./retrieve-worker.sh: line 74: lotus: command not found
Mar 30 17:30:06 Retrieving f071624 1640606 bafykbzacedoze6ckqa36rd7sxv7pcpjhugbbdnfssif2meiivcykvcvqup5h2
Mar 30 17:30:06   % Total    % Received % Xferd  Average Speed   Time    Time     Time  Current
Mar 30 17:30:06                                  Dload  Upload   Total   Spent    Left  Speed
Mar 30 17:30:06   0     0    0     0    0     0      0      0 --:--:-- --:--:-- --:--:--     0100   177    0     0  100   177      0  59000 --:--:-- --:--:-- --:--:-- 59000
Mar 30 17:30:06 timeout: failed to run command ‘lotus’: No such file or directory
Mar 30 17:30:06 Command exited with non-zero status 127
Mar 30 17:30:06 0.00user 0.00system 0:00.01elapsed 6%CPU (0avgtext+0avgdata 2100maxresident)k
Mar 30 17:30:06 0inputs+0outputs (0major+170minor)pagefaults 0swaps
Mar 30 17:30:06 ./retrieve-worker.sh: line 98: lotus: command not found
Mar 30 17:30:06 : (9.3G free)
Mar 30 17:30:06 Skipping ahead
Mar 30 17:30:06 
Mar 30 17:30:07 1 minimal_finality_stateroots_616300_2021-03-26_22-00-00.car.ab
Mar 30 17:30:07 f08403-1639685 f022163-1639544 f014768-1639431 f01278-1639717 f01234-1639443 f071624-1639479 f022352-1639878 f099608-1640642 f01240-1640769 f0145874-1640738 f02576-1640964 f015927-1641099 f010479-1641179
Mar 30 17:30:07 ./retrieve-worker.sh: line 74: lotus: command not found
Mar 30 17:30:07 Already have log for f08403 1639685 bafykbzacea5dewvdatvbxc2tmi26bomowduqhoi7ery4yqi3n6li32n4oe546
Mar 30 17:30:08 ./retrieve-worker.sh: line 74: lotus: command not found
Mar 30 17:30:08 Already have log for f022163 1639544 bafykbzacea5dewvdatvbxc2tmi26bomowduqhoi7ery4yqi3n6li32n4oe546
Mar 30 17:30:09 ./retrieve-worker.sh: line 74: lotus: command not found
Mar 30 17:30:09 Already have log for f014768 1639431 bafykbzacea5dewvdatvbxc2tmi26bomowduqhoi7ery4yqi3n6li32n4oe546
Mar 30 17:30:10 ./retrieve-worker.sh: line 74: lotus: command not found
Mar 30 17:30:11 Already have log for f01278 1639717 bafykbzacea5dewvdatvbxc2tmi26bomowduqhoi7ery4yqi3n6li32n4oe546
Mar 30 17:30:12 ./retrieve-worker.sh: line 74: lotus: command not found
Mar 30 17:30:12 Already have log for f01234 1639443 bafykbzacea5dewvdatvbxc2tmi26bomowduqhoi7ery4yqi3n6li32n4oe546
Mar 30 17:30:13 ./retrieve-worker.sh: line 74: lotus: command not found
Mar 30 17:30:13 Retrieving f071624 1639479 bafykbzacea5dewvdatvbxc2tmi26bomowduqhoi7ery4yqi3n6li32n4oe546
Mar 30 17:30:13   % Total    % Received % Xferd  Average Speed   Time    Time     Time  Current
Mar 30 17:30:13                                  Dload  Upload   Total   Spent    Left  Speed
Mar 30 17:30:13   0     0    0     0    0     0      0      0 --:--:-- --:--:-- --:--:--     0100   177    0     0  100   177      0   172k --:--:-- --:--:-- --:--:--  172k
Mar 30 17:30:13 timeout: failed to run command ‘lotus’: No such file or directory
Mar 30 17:30:13 Command exited with non-zero status 127
Mar 30 17:30:13 0.00user 0.00system 0:00.02elapsed 3%CPU (0avgtext+0avgdata 2204maxresident)k
Mar 30 17:30:13 0inputs+0outputs (0major+173minor)pagefaults 0swaps
Mar 30 17:30:13 ./retrieve-worker.sh: line 98: lotus: command not found
Mar 30 17:30:13 : (9.3G free)
Mar 30 17:30:13 Skipping ahead
Mar 30 17:30:13 
