Mar 30 17:32:04 ./retrieve-worker.sh: line 3: lotus: command not found
Mar 30 17:32:04 
Mar 30 17:32:04 ./retrieve-worker.sh: line 5: lotus: command not found
Mar 30 17:32:04 
Mar 30 17:32:04 ./retrieve-worker.sh: line 20: lotus: command not found
Mar 30 17:32:04 ./retrieve-worker.sh: line 20: lotus: command not found
Mar 30 17:32:04 Loading deals f0421499
Mar 30 17:32:04 f0421499 1 minimal_finality_stateroots_616300_2021-03-26_22-00-00.car.aa
Mar 30 17:32:04 f0421499 2 minimal_finality_stateroots_616300_2021-03-26_22-00-00.car.ab
Mar 30 17:32:04 f0421499 3 minimal_finality_stateroots_620860_2021-03-28_12-00-00.car.aa
Mar 30 17:32:04 f0421499 4 minimal_finality_stateroots_620860_2021-03-28_12-00-00.car.ab
Mar 30 17:32:04 f0421499 5 minimal_finality_stateroots_624460_2021-03-29_18-00-00.car.aa
Mar 30 17:32:04 f0421499 6 minimal_finality_stateroots_624460_2021-03-29_18-00-00.car.ab
Mar 30 17:32:04 1 minimal_finality_stateroots_616300_2021-03-26_22-00-00.car.aa
Mar 30 17:32:04 f0145874-1639395 f023971-1638943 f0157535-1639420 f015927-1639425 f066596-1639456 f071624-1640606 f08403-1641409 f01234-1640777 f023467-1641041 f019551-1641211 f022352-1642427
Mar 30 17:32:04 ./retrieve-worker.sh: line 74: lotus: command not found
Mar 30 17:32:04 Already have log for f0145874 1639395 bafykbzacedoze6ckqa36rd7sxv7pcpjhugbbdnfssif2meiivcykvcvqup5h2
Mar 30 17:32:05 ./retrieve-worker.sh: line 74: lotus: command not found
Mar 30 17:32:05 Already have log for f023971 1638943 bafykbzacedoze6ckqa36rd7sxv7pcpjhugbbdnfssif2meiivcykvcvqup5h2
Mar 30 17:32:06 ./retrieve-worker.sh: line 74: lotus: command not found
Mar 30 17:32:06 Already have log for f0157535 1639420 bafykbzacedoze6ckqa36rd7sxv7pcpjhugbbdnfssif2meiivcykvcvqup5h2
Mar 30 17:32:07 ./retrieve-worker.sh: line 74: lotus: command not found
Mar 30 17:32:07 Already have log for f015927 1639425 bafykbzacedoze6ckqa36rd7sxv7pcpjhugbbdnfssif2meiivcykvcvqup5h2
Mar 30 17:32:08 ./retrieve-worker.sh: line 74: lotus: command not found
Mar 30 17:32:08 Already have log for f066596 1639456 bafykbzacedoze6ckqa36rd7sxv7pcpjhugbbdnfssif2meiivcykvcvqup5h2
Mar 30 17:32:09 ./retrieve-worker.sh: line 74: lotus: command not found
Mar 30 17:32:09 Already have log for f071624 1640606 bafykbzacedoze6ckqa36rd7sxv7pcpjhugbbdnfssif2meiivcykvcvqup5h2
Mar 30 17:32:10 ./retrieve-worker.sh: line 74: lotus: command not found
Mar 30 17:32:10 Already have log for f08403 1641409 bafykbzacedoze6ckqa36rd7sxv7pcpjhugbbdnfssif2meiivcykvcvqup5h2
Mar 30 17:32:11 ./retrieve-worker.sh: line 74: lotus: command not found
Mar 30 17:32:11 Already have log for f01234 1640777 bafykbzacedoze6ckqa36rd7sxv7pcpjhugbbdnfssif2meiivcykvcvqup5h2
Mar 30 17:32:12 ./retrieve-worker.sh: line 74: lotus: command not found
Mar 30 17:32:12 Already have log for f023467 1641041 bafykbzacedoze6ckqa36rd7sxv7pcpjhugbbdnfssif2meiivcykvcvqup5h2
Mar 30 17:32:13 ./retrieve-worker.sh: line 74: lotus: command not found
Mar 30 17:32:14 Already have log for f019551 1641211 bafykbzacedoze6ckqa36rd7sxv7pcpjhugbbdnfssif2meiivcykvcvqup5h2
Mar 30 17:32:15 ./retrieve-worker.sh: line 74: lotus: command not found
Mar 30 17:32:15 Already have log for f022352 1642427 bafykbzacedoze6ckqa36rd7sxv7pcpjhugbbdnfssif2meiivcykvcvqup5h2
Mar 30 17:32:16 
Mar 30 17:32:17 0 minimal_finality_stateroots_620860_2021-03-28_12-00-00.car.ab
Mar 30 17:32:17 f071624-1643068 f09848-1642933 f022142-1645157 f058369-1645147 f019551-1645164 f01278-1645170 f0165400-1645269 f099608-1648223 f01234-1645250 f01240-1648939 f08399-1645225 f08403-1645178 f022352-1645318 f066596-1645275 f019041-1648221 f015927-1645310 f0145874-1645326 f014768-1645409 f023467-1645375 f010479-1645464 f07998-1648368
Mar 30 17:32:17 ./retrieve-worker.sh: line 74: lotus: command not found
Mar 30 17:32:17 Already have log for f071624 1643068 bafykbzacedqs6z3a56hasssv234ddhav7zgrlaukfnj6norlu4deptzsezn6g
Mar 30 17:32:18 ./retrieve-worker.sh: line 74: lotus: command not found
Mar 30 17:32:18 Already have log for f09848 1642933 bafykbzacedqs6z3a56hasssv234ddhav7zgrlaukfnj6norlu4deptzsezn6g
Mar 30 17:32:19 ./retrieve-worker.sh: line 74: lotus: command not found
Mar 30 17:32:19 Already have log for f022142 1645157 bafykbzacedqs6z3a56hasssv234ddhav7zgrlaukfnj6norlu4deptzsezn6g
Mar 30 17:32:20 ./retrieve-worker.sh: line 74: lotus: command not found
Mar 30 17:32:20 Already have log for f058369 1645147 bafykbzacedqs6z3a56hasssv234ddhav7zgrlaukfnj6norlu4deptzsezn6g
Mar 30 17:32:21 ./retrieve-worker.sh: line 74: lotus: command not found
Mar 30 17:32:21 Already have log for f019551 1645164 bafykbzacedqs6z3a56hasssv234ddhav7zgrlaukfnj6norlu4deptzsezn6g
Mar 30 17:32:22 ./retrieve-worker.sh: line 74: lotus: command not found
Mar 30 17:32:23 Already have log for f01278 1645170 bafykbzacedqs6z3a56hasssv234ddhav7zgrlaukfnj6norlu4deptzsezn6g
Mar 30 17:32:24 ./retrieve-worker.sh: line 74: lotus: command not found
Mar 30 17:32:24 Already have log for f0165400 1645269 bafykbzacedqs6z3a56hasssv234ddhav7zgrlaukfnj6norlu4deptzsezn6g
Mar 30 17:32:25 ./retrieve-worker.sh: line 74: lotus: command not found
Mar 30 17:32:25 Already have log for f099608 1648223 bafykbzacedqs6z3a56hasssv234ddhav7zgrlaukfnj6norlu4deptzsezn6g
Mar 30 17:32:26 ./retrieve-worker.sh: line 74: lotus: command not found
Mar 30 17:32:26 Already have log for f01234 1645250 bafykbzacedqs6z3a56hasssv234ddhav7zgrlaukfnj6norlu4deptzsezn6g
Mar 30 17:32:28 ./retrieve-worker.sh: line 74: lotus: command not found
Mar 30 17:32:28 Already have log for f01240 1648939 bafykbzacedqs6z3a56hasssv234ddhav7zgrlaukfnj6norlu4deptzsezn6g
Mar 30 17:32:29 ./retrieve-worker.sh: line 74: lotus: command not found
Mar 30 17:32:29 Already have log for f08399 1645225 bafykbzacedqs6z3a56hasssv234ddhav7zgrlaukfnj6norlu4deptzsezn6g
Mar 30 17:32:30 ./retrieve-worker.sh: line 74: lotus: command not found
Mar 30 17:32:30 Already have log for f08403 1645178 bafykbzacedqs6z3a56hasssv234ddhav7zgrlaukfnj6norlu4deptzsezn6g
Mar 30 17:32:31 ./retrieve-worker.sh: line 74: lotus: command not found
Mar 30 17:32:31 Already have log for f022352 1645318 bafykbzacedqs6z3a56hasssv234ddhav7zgrlaukfnj6norlu4deptzsezn6g
Mar 30 17:32:33 ./retrieve-worker.sh: line 74: lotus: command not found
Mar 30 17:32:33 Already have log for f066596 1645275 bafykbzacedqs6z3a56hasssv234ddhav7zgrlaukfnj6norlu4deptzsezn6g
Mar 30 17:32:34 ./retrieve-worker.sh: line 74: lotus: command not found
Mar 30 17:32:34 Already have log for f019041 1648221 bafykbzacedqs6z3a56hasssv234ddhav7zgrlaukfnj6norlu4deptzsezn6g
Mar 30 17:32:35 ./retrieve-worker.sh: line 74: lotus: command not found
Mar 30 17:32:35 Already have log for f015927 1645310 bafykbzacedqs6z3a56hasssv234ddhav7zgrlaukfnj6norlu4deptzsezn6g
Mar 30 17:32:36 ./retrieve-worker.sh: line 74: lotus: command not found
Mar 30 17:32:36 Already have log for f0145874 1645326 bafykbzacedqs6z3a56hasssv234ddhav7zgrlaukfnj6norlu4deptzsezn6g
Mar 30 17:32:37 ./retrieve-worker.sh: line 74: lotus: command not found
Mar 30 17:32:37 Already have log for f014768 1645409 bafykbzacedqs6z3a56hasssv234ddhav7zgrlaukfnj6norlu4deptzsezn6g
Mar 30 17:32:38 ./retrieve-worker.sh: line 74: lotus: command not found
Mar 30 17:32:38 Already have log for f023467 1645375 bafykbzacedqs6z3a56hasssv234ddhav7zgrlaukfnj6norlu4deptzsezn6g
Mar 30 17:32:39 ./retrieve-worker.sh: line 74: lotus: command not found
Mar 30 17:32:39 Retrieving f010479 1645464 bafykbzacedqs6z3a56hasssv234ddhav7zgrlaukfnj6norlu4deptzsezn6g
Mar 30 17:32:39   % Total    % Received % Xferd  Average Speed   Time    Time     Time  Current
Mar 30 17:32:39                                  Dload  Upload   Total   Spent    Left  Speed
Mar 30 17:32:39   0     0    0     0    0     0      0      0 --:--:-- --:--:-- --:--:--     0100   177    0     0  100   177      0   172k --:--:-- --:--:-- --:--:--  172k
Mar 30 17:32:40 timeout: failed to run command ‘lotus’: No such file or directory
Mar 30 17:32:40 Command exited with non-zero status 127
Mar 30 17:32:40 0.00user 0.00system 0:00.02elapsed 3%CPU (0avgtext+0avgdata 2108maxresident)k
Mar 30 17:32:40 0inputs+0outputs (0major+170minor)pagefaults 0swaps
Mar 30 17:32:40 ./retrieve-worker.sh: line 98: lotus: command not found
Mar 30 17:32:40 : (8.9G free)
Mar 30 17:32:40 Skipping ahead
Mar 30 17:32:40 
Mar 30 17:32:41 1 minimal_finality_stateroots_616300_2021-03-26_22-00-00.car.ab
Mar 30 17:32:41 f08403-1639685 f022163-1639544 f014768-1639431 f01278-1639717 f01234-1639443 f071624-1639479 f022352-1639878 f099608-1640642 f01240-1640769 f0145874-1640738 f02576-1640964 f015927-1641099 f010479-1641179
Mar 30 17:32:41 ./retrieve-worker.sh: line 74: lotus: command not found
Mar 30 17:32:41 Already have log for f08403 1639685 bafykbzacea5dewvdatvbxc2tmi26bomowduqhoi7ery4yqi3n6li32n4oe546
Mar 30 17:32:42 ./retrieve-worker.sh: line 74: lotus: command not found
Mar 30 17:32:42 Already have log for f022163 1639544 bafykbzacea5dewvdatvbxc2tmi26bomowduqhoi7ery4yqi3n6li32n4oe546
Mar 30 17:32:43 ./retrieve-worker.sh: line 74: lotus: command not found
Mar 30 17:32:43 Already have log for f014768 1639431 bafykbzacea5dewvdatvbxc2tmi26bomowduqhoi7ery4yqi3n6li32n4oe546
Mar 30 17:32:44 ./retrieve-worker.sh: line 74: lotus: command not found
Mar 30 17:32:45 Already have log for f01278 1639717 bafykbzacea5dewvdatvbxc2tmi26bomowduqhoi7ery4yqi3n6li32n4oe546
Mar 30 17:32:46 ./retrieve-worker.sh: line 74: lotus: command not found
Mar 30 17:32:46 Already have log for f01234 1639443 bafykbzacea5dewvdatvbxc2tmi26bomowduqhoi7ery4yqi3n6li32n4oe546
Mar 30 17:32:47 ./retrieve-worker.sh: line 74: lotus: command not found
Mar 30 17:32:47 Already have log for f071624 1639479 bafykbzacea5dewvdatvbxc2tmi26bomowduqhoi7ery4yqi3n6li32n4oe546
Mar 30 17:32:48 ./retrieve-worker.sh: line 74: lotus: command not found
Mar 30 17:32:48 Already have log for f022352 1639878 bafykbzacea5dewvdatvbxc2tmi26bomowduqhoi7ery4yqi3n6li32n4oe546
Mar 30 17:32:49 ./retrieve-worker.sh: line 74: lotus: command not found
Mar 30 17:32:50 Already have log for f099608 1640642 bafykbzacea5dewvdatvbxc2tmi26bomowduqhoi7ery4yqi3n6li32n4oe546
Mar 30 17:32:51 ./retrieve-worker.sh: line 74: lotus: command not found
Mar 30 17:32:51 Already have log for f01240 1640769 bafykbzacea5dewvdatvbxc2tmi26bomowduqhoi7ery4yqi3n6li32n4oe546
Mar 30 17:32:52 ./retrieve-worker.sh: line 74: lotus: command not found
Mar 30 17:32:52 Already have log for f0145874 1640738 bafykbzacea5dewvdatvbxc2tmi26bomowduqhoi7ery4yqi3n6li32n4oe546
Mar 30 17:32:53 ./retrieve-worker.sh: line 74: lotus: command not found
Mar 30 17:32:54 Already have log for f02576 1640964 bafykbzacea5dewvdatvbxc2tmi26bomowduqhoi7ery4yqi3n6li32n4oe546
Mar 30 17:32:55 ./retrieve-worker.sh: line 74: lotus: command not found
Mar 30 17:32:55 Already have log for f015927 1641099 bafykbzacea5dewvdatvbxc2tmi26bomowduqhoi7ery4yqi3n6li32n4oe546
Mar 30 17:32:56 Draining, exiting...
