Mar 30 17:29:18 ./retrieve-worker.sh: line 3: lotus: command not found
Mar 30 17:29:18 
Mar 30 17:29:18 ./retrieve-worker.sh: line 5: lotus: command not found
Mar 30 17:29:18 
Mar 30 17:29:18 ./retrieve-worker.sh: line 20: lotus: command not found
Mar 30 17:29:18 ./retrieve-worker.sh: line 20: lotus: command not found
Mar 30 17:29:18 Loading deals f0421499
Mar 30 17:29:18 f0421499 1 minimal_finality_stateroots_616300_2021-03-26_22-00-00.car.aa
Mar 30 17:29:18 f0421499 2 minimal_finality_stateroots_616300_2021-03-26_22-00-00.car.ab
Mar 30 17:29:18 f0421499 3 minimal_finality_stateroots_620860_2021-03-28_12-00-00.car.aa
Mar 30 17:29:18 f0421499 4 minimal_finality_stateroots_620860_2021-03-28_12-00-00.car.ab
Mar 30 17:29:18 f0421499 5 minimal_finality_stateroots_624460_2021-03-29_18-00-00.car.aa
Mar 30 17:29:18 f0421499 6 minimal_finality_stateroots_624460_2021-03-29_18-00-00.car.ab
Mar 30 17:29:18 1 minimal_finality_stateroots_616300_2021-03-26_22-00-00.car.ab
Mar 30 17:29:18 f08403-1639685 f022163-1639544 f014768-1639431 f01278-1639717 f01234-1639443 f071624-1639479 f022352-1639878 f099608-1640642 f01240-1640769 f0145874-1640738 f02576-1640964 f015927-1641099 f010479-1641179
Mar 30 17:29:18 ./retrieve-worker.sh: line 74: lotus: command not found
Mar 30 17:29:18 Already have log for f08403 1639685 bafykbzacea5dewvdatvbxc2tmi26bomowduqhoi7ery4yqi3n6li32n4oe546
Mar 30 17:29:19 ./retrieve-worker.sh: line 74: lotus: command not found
Mar 30 17:29:19 Retrieving f022163 1639544 bafykbzacea5dewvdatvbxc2tmi26bomowduqhoi7ery4yqi3n6li32n4oe546
Mar 30 17:29:19   % Total    % Received % Xferd  Average Speed   Time    Time     Time  Current
Mar 30 17:29:19                                  Dload  Upload   Total   Spent    Left  Speed
Mar 30 17:29:19   0     0    0     0    0     0      0      0 --:--:-- --:--:-- --:--:--     0100   177    0     0  100   177      0   172k --:--:-- --:--:-- --:--:--  172k
Mar 30 17:29:19 timeout: failed to run command ‘lotus’: No such file or directory
Mar 30 17:29:19 Command exited with non-zero status 127
Mar 30 17:29:19 0.00user 0.00system 0:00.00elapsed 33%CPU (0avgtext+0avgdata 2104maxresident)k
Mar 30 17:29:19 0inputs+0outputs (0major+170minor)pagefaults 0swaps
Mar 30 17:29:19 ./retrieve-worker.sh: line 98: lotus: command not found
Mar 30 17:29:19 : (9.5G free)
Mar 30 17:29:19 Skipping ahead
Mar 30 17:29:19 
Mar 30 17:29:20 1 minimal_finality_stateroots_624460_2021-03-29_18-00-00.car.aa
Mar 30 17:29:20 f019041-1648222 f08403-1645450 f09848-1645415 f066596-1645517 f099608-1648224 f022142-1647799 f058369-1648954
Mar 30 17:29:21 ./retrieve-worker.sh: line 74: lotus: command not found
Mar 30 17:29:21 Already have log for f019041 1648222 bafykbzacecpfagbszu24mq4jynabqouymjp5m3waz3kw6ccqqziwwcjm732ry
Mar 30 17:29:22 ./retrieve-worker.sh: line 74: lotus: command not found
Mar 30 17:29:22 Retrieving f08403 1645450 bafykbzacecpfagbszu24mq4jynabqouymjp5m3waz3kw6ccqqziwwcjm732ry
Mar 30 17:29:22   % Total    % Received % Xferd  Average Speed   Time    Time     Time  Current
Mar 30 17:29:22                                  Dload  Upload   Total   Spent    Left  Speed
Mar 30 17:29:22   0     0    0     0    0     0      0      0 --:--:-- --:--:-- --:--:--     0100   176    0     0  100   176      0  58666 --:--:-- --:--:-- --:--:-- 58666
Mar 30 17:29:22 timeout: failed to run command ‘lotus’: No such file or directory
Mar 30 17:29:22 Command exited with non-zero status 127
Mar 30 17:29:22 0.00user 0.00system 0:00.02elapsed 4%CPU (0avgtext+0avgdata 2228maxresident)k
Mar 30 17:29:22 0inputs+0outputs (0major+172minor)pagefaults 0swaps
Mar 30 17:29:22 ./retrieve-worker.sh: line 98: lotus: command not found
Mar 30 17:29:22 : (9.4G free)
Mar 30 17:29:22 Skipping ahead
Mar 30 17:29:22 
Mar 30 17:29:23 1 minimal_finality_stateroots_624460_2021-03-29_18-00-00.car.ab
Mar 30 17:29:23 f019362-1645426 f023467-1645376 f022142-1647798 f09848-1648932 f010479-1648931
Mar 30 17:29:23 ./retrieve-worker.sh: line 74: lotus: command not found
Mar 30 17:29:23 Already have log for f019362 1645426 bafykbzaceazee5wr2xtg4gpmjeo65uawsjx5i7kpxlv6h75hinjfqc7sg72sa
Mar 30 17:29:24 ./retrieve-worker.sh: line 74: lotus: command not found
Mar 30 17:29:24 Retrieving f023467 1645376 bafykbzaceazee5wr2xtg4gpmjeo65uawsjx5i7kpxlv6h75hinjfqc7sg72sa
Mar 30 17:29:24   % Total    % Received % Xferd  Average Speed   Time    Time     Time  Current
Mar 30 17:29:24                                  Dload  Upload   Total   Spent    Left  Speed
Mar 30 17:29:24   0     0    0     0    0     0      0      0 --:--:-- --:--:-- --:--:--     0100   177    0     0  100   177      0   172k --:--:-- --:--:-- --:--:--  172k
Mar 30 17:29:24 timeout: failed to run command ‘lotus’: No such file or directory
Mar 30 17:29:24 Command exited with non-zero status 127
Mar 30 17:29:24 0.00user 0.00system 0:00.02elapsed 4%CPU (0avgtext+0avgdata 2184maxresident)k
Mar 30 17:29:24 0inputs+0outputs (0major+171minor)pagefaults 0swaps
Mar 30 17:29:24 ./retrieve-worker.sh: line 98: lotus: command not found
Mar 30 17:29:24 : (9.4G free)
Mar 30 17:29:24 Skipping ahead
Mar 30 17:29:24 
Mar 30 17:29:25 1 minimal_finality_stateroots_620860_2021-03-28_12-00-00.car.ab
Mar 30 17:29:26 f071624-1643068 f09848-1642933 f022142-1645157 f058369-1645147 f019551-1645164 f01278-1645170 f0165400-1645269 f099608-1648223 f01234-1645250 f01240-1648939 f08399-1645225 f08403-1645178 f022352-1645318 f066596-1645275 f019041-1648221 f015927-1645310 f0145874-1645326 f014768-1645409 f023467-1645375 f010479-1645464 f07998-1648368
Mar 30 17:29:26 ./retrieve-worker.sh: line 74: lotus: command not found
Mar 30 17:29:26 Already have log for f071624 1643068 bafykbzacedqs6z3a56hasssv234ddhav7zgrlaukfnj6norlu4deptzsezn6g
Mar 30 17:29:27 ./retrieve-worker.sh: line 74: lotus: command not found
Mar 30 17:29:27 Retrieving f09848 1642933 bafykbzacedqs6z3a56hasssv234ddhav7zgrlaukfnj6norlu4deptzsezn6g
Mar 30 17:29:27   % Total    % Received % Xferd  Average Speed   Time    Time     Time  Current
Mar 30 17:29:27                                  Dload  Upload   Total   Spent    Left  Speed
Mar 30 17:29:27   0     0    0     0    0     0      0      0 --:--:-- --:--:-- --:--:--     0100   176    0     0  100   176      0   171k --:--:-- --:--:-- --:--:--  171k
Mar 30 17:29:27 timeout: failed to run command ‘lotus’: No such file or directory
Mar 30 17:29:27 Command exited with non-zero status 127
Mar 30 17:29:27 0.00user 0.00system 0:00.01elapsed 5%CPU (0avgtext+0avgdata 2100maxresident)k
Mar 30 17:29:27 0inputs+0outputs (0major+167minor)pagefaults 0swaps
Mar 30 17:29:27 ./retrieve-worker.sh: line 98: lotus: command not found
Mar 30 17:29:27 : (9.4G free)
Mar 30 17:29:27 Skipping ahead
Mar 30 17:29:27 
Mar 30 17:29:28 1 minimal_finality_stateroots_620860_2021-03-28_12-00-00.car.aa
Mar 30 17:29:28 f0165400-1642717 f022163-1643006 f019551-1645067 f022352-1642861 f066596-1643069 f023467-1642894 f01234-1642981 f0145874-1642998 f071624-1645163 f010479-1645175 f08399-1645224 f08403-1645153 f015927-1645215 f014768-1645276 f09848-1645265 f07998-1645308 f058369-1645356 f022142-1645422 f02576-1645489 f01240-1648942
Mar 30 17:29:28 ./retrieve-worker.sh: line 74: lotus: command not found
Mar 30 17:29:28 Already have log for f0165400 1642717 bafykbzacebwfpdjhfkv4dckre5pdb6dbtn3drso5mdqbmbofexmrri6vt3py2
Mar 30 17:29:29 ./retrieve-worker.sh: line 74: lotus: command not found
Mar 30 17:29:29 Already have log for f022163 1643006 bafykbzacebwfpdjhfkv4dckre5pdb6dbtn3drso5mdqbmbofexmrri6vt3py2
Mar 30 17:29:30 ./retrieve-worker.sh: line 74: lotus: command not found
Mar 30 17:29:30 Retrieving f019551 1645067 bafykbzacebwfpdjhfkv4dckre5pdb6dbtn3drso5mdqbmbofexmrri6vt3py2
Mar 30 17:29:30   % Total    % Received % Xferd  Average Speed   Time    Time     Time  Current
Mar 30 17:29:30                                  Dload  Upload   Total   Spent    Left  Speed
Mar 30 17:29:30   0     0    0     0    0     0      0      0 --:--:-- --:--:-- --:--:--     0100   177    0     0  100   177      0   172k --:--:-- --:--:-- --:--:--  172k
Mar 30 17:29:30 timeout: failed to run command ‘lotus’: No such file or directory
Mar 30 17:29:30 Command exited with non-zero status 127
Mar 30 17:29:30 0.00user 0.00system 0:00.01elapsed 6%CPU (0avgtext+0avgdata 1960maxresident)k
Mar 30 17:29:30 0inputs+0outputs (0major+167minor)pagefaults 0swaps
Mar 30 17:29:30 ./retrieve-worker.sh: line 98: lotus: command not found
Mar 30 17:29:30 : (9.4G free)
Mar 30 17:29:30 Skipping ahead
Mar 30 17:29:30 
Mar 30 17:29:31 1 minimal_finality_stateroots_616300_2021-03-26_22-00-00.car.aa
Mar 30 17:29:31 f0145874-1639395 f023971-1638943 f0157535-1639420 f015927-1639425 f066596-1639456 f071624-1640606 f08403-1641409 f01234-1640777 f023467-1641041 f019551-1641211 f022352-1642427
Mar 30 17:29:31 ./retrieve-worker.sh: line 74: lotus: command not found
Mar 30 17:29:32 Already have log for f0145874 1639395 bafykbzacedoze6ckqa36rd7sxv7pcpjhugbbdnfssif2meiivcykvcvqup5h2
Mar 30 17:29:33 ./retrieve-worker.sh: line 74: lotus: command not found
Mar 30 17:29:33 Already have log for f023971 1638943 bafykbzacedoze6ckqa36rd7sxv7pcpjhugbbdnfssif2meiivcykvcvqup5h2
Mar 30 17:29:34 ./retrieve-worker.sh: line 74: lotus: command not found
Mar 30 17:29:34 Retrieving f0157535 1639420 bafykbzacedoze6ckqa36rd7sxv7pcpjhugbbdnfssif2meiivcykvcvqup5h2
Mar 30 17:29:34   % Total    % Received % Xferd  Average Speed   Time    Time     Time  Current
Mar 30 17:29:34                                  Dload  Upload   Total   Spent    Left  Speed
Mar 30 17:29:34   0     0    0     0    0     0      0      0 --:--:-- --:--:-- --:--:--     0100   178    0     0  100   178      0   173k --:--:-- --:--:-- --:--:--  173k
Mar 30 17:29:34 timeout: failed to run command ‘lotus’: No such file or directory
Mar 30 17:29:34 Command exited with non-zero status 127
Mar 30 17:29:34 0.00user 0.00system 0:00.00elapsed 33%CPU (0avgtext+0avgdata 2204maxresident)k
Mar 30 17:29:34 0inputs+0outputs (0major+172minor)pagefaults 0swaps
Mar 30 17:29:34 ./retrieve-worker.sh: line 98: lotus: command not found
Mar 30 17:29:34 : (9.4G free)
Mar 30 17:29:34 Skipping ahead
Mar 30 17:29:34 
