Mar 30 17:28:57 ./retrieve-worker.sh: line 3: lotus: command not found
Mar 30 17:28:57 
Mar 30 17:28:57 ./retrieve-worker.sh: line 5: lotus: command not found
Mar 30 17:28:57 
Mar 30 17:28:57 ./retrieve-worker.sh: line 20: lotus: command not found
Mar 30 17:28:57 ./retrieve-worker.sh: line 20: lotus: command not found
Mar 30 17:28:57 Loading deals f0421499
Mar 30 17:28:57 f0421499 1 minimal_finality_stateroots_616300_2021-03-26_22-00-00.car.aa
Mar 30 17:28:57 f0421499 2 minimal_finality_stateroots_616300_2021-03-26_22-00-00.car.ab
Mar 30 17:28:57 f0421499 3 minimal_finality_stateroots_620860_2021-03-28_12-00-00.car.aa
Mar 30 17:28:57 f0421499 4 minimal_finality_stateroots_620860_2021-03-28_12-00-00.car.ab
Mar 30 17:28:58 f0421499 5 minimal_finality_stateroots_624460_2021-03-29_18-00-00.car.aa
Mar 30 17:28:58 f0421499 6 minimal_finality_stateroots_624460_2021-03-29_18-00-00.car.ab
Mar 30 17:28:58 1 minimal_finality_stateroots_620860_2021-03-28_12-00-00.car.ab
Mar 30 17:28:58 f071624-1643068 f09848-1642933 f022142-1645157 f058369-1645147 f019551-1645164 f01278-1645170 f0165400-1645269 f099608-1648223 f01234-1645250 f01240-1648939 f08399-1645225 f08403-1645178 f022352-1645318 f066596-1645275 f019041-1648221 f015927-1645310 f0145874-1645326 f014768-1645409 f023467-1645375 f010479-1645464 f07998-1648368
Mar 30 17:28:58 ./retrieve-worker.sh: line 74: lotus: command not found
Mar 30 17:28:58 Retrieving f071624 1643068 bafykbzacedqs6z3a56hasssv234ddhav7zgrlaukfnj6norlu4deptzsezn6g
Mar 30 17:28:58   % Total    % Received % Xferd  Average Speed   Time    Time     Time  Current
Mar 30 17:28:58                                  Dload  Upload   Total   Spent    Left  Speed
Mar 30 17:28:58   0     0    0     0    0     0      0      0 --:--:-- --:--:-- --:--:--     0100   177    0     0  100   177      0   9315 --:--:-- --:--:-- --:--:--  9315
Mar 30 17:28:58 timeout: failed to run command ‘lotus’: No such file or directory
Mar 30 17:28:58 Command exited with non-zero status 127
Mar 30 17:28:58 0.00user 0.00system 0:00.02elapsed 3%CPU (0avgtext+0avgdata 1948maxresident)k
Mar 30 17:28:58 88inputs+0outputs (1major+168minor)pagefaults 0swaps
Mar 30 17:28:58 ./retrieve-worker.sh: line 98: lotus: command not found
Mar 30 17:28:58 : (9.7G free)
Mar 30 17:28:58 Skipping ahead
Mar 30 17:28:58 
Mar 30 17:28:59 1 minimal_finality_stateroots_624460_2021-03-29_18-00-00.car.ab
Mar 30 17:28:59 f019362-1645426 f023467-1645376 f022142-1647798 f09848-1648932 f010479-1648931
Mar 30 17:28:59 ./retrieve-worker.sh: line 74: lotus: command not found
Mar 30 17:28:59 Retrieving f019362 1645426 bafykbzaceazee5wr2xtg4gpmjeo65uawsjx5i7kpxlv6h75hinjfqc7sg72sa
Mar 30 17:28:59   % Total    % Received % Xferd  Average Speed   Time    Time     Time  Current
Mar 30 17:28:59                                  Dload  Upload   Total   Spent    Left  Speed
Mar 30 17:28:59   0     0    0     0    0     0      0      0 --:--:-- --:--:-- --:--:--     0100   177    0     0  100   177      0  25285 --:--:-- --:--:-- --:--:-- 25285
Mar 30 17:28:59 timeout: failed to run command ‘lotus’: No such file or directory
Mar 30 17:28:59 Command exited with non-zero status 127
Mar 30 17:28:59 0.00user 0.00system 0:00.02elapsed 4%CPU (0avgtext+0avgdata 2100maxresident)k
Mar 30 17:28:59 0inputs+0outputs (0major+170minor)pagefaults 0swaps
Mar 30 17:28:59 ./retrieve-worker.sh: line 98: lotus: command not found
Mar 30 17:28:59 : (9.7G free)
Mar 30 17:28:59 Skipping ahead
Mar 30 17:28:59 
Mar 30 17:29:00 1 minimal_finality_stateroots_624460_2021-03-29_18-00-00.car.aa
Mar 30 17:29:00 f019041-1648222 f08403-1645450 f09848-1645415 f066596-1645517 f099608-1648224 f022142-1647799 f058369-1648954
Mar 30 17:29:01 ./retrieve-worker.sh: line 74: lotus: command not found
Mar 30 17:29:01 Retrieving f019041 1648222 bafykbzacecpfagbszu24mq4jynabqouymjp5m3waz3kw6ccqqziwwcjm732ry
Mar 30 17:29:01   % Total    % Received % Xferd  Average Speed   Time    Time     Time  Current
Mar 30 17:29:01                                  Dload  Upload   Total   Spent    Left  Speed
Mar 30 17:29:01   0     0    0     0    0     0      0      0 --:--:-- --:--:-- --:--:--     0100   177    0     0  100   177      0  44250 --:--:-- --:--:-- --:--:-- 44250
Mar 30 17:29:01 timeout: failed to run command ‘lotus’: No such file or directory
Mar 30 17:29:01 Command exited with non-zero status 127
Mar 30 17:29:01 0.00user 0.00system 0:00.01elapsed 9%CPU (0avgtext+0avgdata 1924maxresident)k
Mar 30 17:29:01 0inputs+0outputs (0major+167minor)pagefaults 0swaps
Mar 30 17:29:01 ./retrieve-worker.sh: line 98: lotus: command not found
Mar 30 17:29:01 : (9.7G free)
Mar 30 17:29:01 Skipping ahead
Mar 30 17:29:01 
Mar 30 17:29:02 1 minimal_finality_stateroots_616300_2021-03-26_22-00-00.car.aa
Mar 30 17:29:02 f0145874-1639395 f023971-1638943 f0157535-1639420 f015927-1639425 f066596-1639456 f071624-1640606 f08403-1641409 f01234-1640777 f023467-1641041 f019551-1641211 f022352-1642427
Mar 30 17:29:02 ./retrieve-worker.sh: line 74: lotus: command not found
Mar 30 17:29:02 Retrieving f0145874 1639395 bafykbzacedoze6ckqa36rd7sxv7pcpjhugbbdnfssif2meiivcykvcvqup5h2
Mar 30 17:29:02   % Total    % Received % Xferd  Average Speed   Time    Time     Time  Current
Mar 30 17:29:02                                  Dload  Upload   Total   Spent    Left  Speed
Mar 30 17:29:02   0     0    0     0    0     0      0      0 --:--:-- --:--:-- --:--:--     0100   178    0     0  100   178      0  89000 --:--:-- --:--:-- --:--:-- 89000
Mar 30 17:29:02 timeout: failed to run command ‘lotus’: No such file or directory
Mar 30 17:29:02 Command exited with non-zero status 127
Mar 30 17:29:02 0.00user 0.00system 0:00.01elapsed 7%CPU (0avgtext+0avgdata 2100maxresident)k
Mar 30 17:29:02 0inputs+0outputs (0major+169minor)pagefaults 0swaps
Mar 30 17:29:02 ./retrieve-worker.sh: line 98: lotus: command not found
Mar 30 17:29:02 : (9.7G free)
Mar 30 17:29:02 Skipping ahead
Mar 30 17:29:02 
Mar 30 17:29:03 1 minimal_finality_stateroots_616300_2021-03-26_22-00-00.car.ab
Mar 30 17:29:03 f08403-1639685 f022163-1639544 f014768-1639431 f01278-1639717 f01234-1639443 f071624-1639479 f022352-1639878 f099608-1640642 f01240-1640769 f0145874-1640738 f02576-1640964 f015927-1641099 f010479-1641179
Mar 30 17:29:03 ./retrieve-worker.sh: line 74: lotus: command not found
Mar 30 17:29:03 Retrieving f08403 1639685 bafykbzacea5dewvdatvbxc2tmi26bomowduqhoi7ery4yqi3n6li32n4oe546
Mar 30 17:29:03   % Total    % Received % Xferd  Average Speed   Time    Time     Time  Current
Mar 30 17:29:03                                  Dload  Upload   Total   Spent    Left  Speed
Mar 30 17:29:03   0     0    0     0    0     0      0      0 --:--:-- --:--:-- --:--:--     0100   176    0     0  100   176      0   171k --:--:-- --:--:-- --:--:--  171k
Mar 30 17:29:03 timeout: failed to run command ‘lotus’: No such file or directory
Mar 30 17:29:03 Command exited with non-zero status 127
Mar 30 17:29:03 0.00user 0.00system 0:00.01elapsed 5%CPU (0avgtext+0avgdata 2104maxresident)k
Mar 30 17:29:03 0inputs+0outputs (0major+168minor)pagefaults 0swaps
Mar 30 17:29:03 ./retrieve-worker.sh: line 98: lotus: command not found
Mar 30 17:29:03 : (9.6G free)
Mar 30 17:29:03 Skipping ahead
Mar 30 17:29:03 
Mar 30 17:29:04 1 minimal_finality_stateroots_620860_2021-03-28_12-00-00.car.aa
Mar 30 17:29:05 f0165400-1642717 f022163-1643006 f019551-1645067 f022352-1642861 f066596-1643069 f023467-1642894 f01234-1642981 f0145874-1642998 f071624-1645163 f010479-1645175 f08399-1645224 f08403-1645153 f015927-1645215 f014768-1645276 f09848-1645265 f07998-1645308 f058369-1645356 f022142-1645422 f02576-1645489 f01240-1648942
Mar 30 17:29:05 ./retrieve-worker.sh: line 74: lotus: command not found
Mar 30 17:29:05 Retrieving f0165400 1642717 bafykbzacebwfpdjhfkv4dckre5pdb6dbtn3drso5mdqbmbofexmrri6vt3py2
Mar 30 17:29:05   % Total    % Received % Xferd  Average Speed   Time    Time     Time  Current
Mar 30 17:29:05                                  Dload  Upload   Total   Spent    Left  Speed
Mar 30 17:29:05   0     0    0     0    0     0      0      0 --:--:-- --:--:-- --:--:--     0100   178    0     0  100   178      0   173k --:--:-- --:--:-- --:--:--  173k
Mar 30 17:29:05 timeout: failed to run command ‘lotus’: No such file or directory
Mar 30 17:29:05 Command exited with non-zero status 127
Mar 30 17:29:05 0.00user 0.00system 0:00.01elapsed 5%CPU (0avgtext+0avgdata 2228maxresident)k
Mar 30 17:29:05 0inputs+0outputs (0major+172minor)pagefaults 0swaps
Mar 30 17:29:05 ./retrieve-worker.sh: line 98: lotus: command not found
Mar 30 17:29:05 : (9.6G free)
Mar 30 17:29:05 Skipping ahead
Mar 30 17:29:05 
