Mar 30 17:32:33 ./retrieve-worker.sh: line 3: lotus: command not found
Mar 30 17:32:33 
Mar 30 17:32:33 ./retrieve-worker.sh: line 5: lotus: command not found
Mar 30 17:32:33 
Mar 30 17:32:33 ./retrieve-worker.sh: line 20: lotus: command not found
Mar 30 17:32:33 ./retrieve-worker.sh: line 20: lotus: command not found
Mar 30 17:32:34 Loading deals f0421499
Mar 30 17:32:34 f0421499 1 minimal_finality_stateroots_616300_2021-03-26_22-00-00.car.aa
Mar 30 17:32:34 f0421499 2 minimal_finality_stateroots_616300_2021-03-26_22-00-00.car.ab
Mar 30 17:32:34 f0421499 3 minimal_finality_stateroots_620860_2021-03-28_12-00-00.car.aa
Mar 30 17:32:34 f0421499 4 minimal_finality_stateroots_620860_2021-03-28_12-00-00.car.ab
Mar 30 17:32:34 f0421499 5 minimal_finality_stateroots_624460_2021-03-29_18-00-00.car.aa
Mar 30 17:32:34 f0421499 6 minimal_finality_stateroots_624460_2021-03-29_18-00-00.car.ab
Mar 30 17:32:34 1 minimal_finality_stateroots_624460_2021-03-29_18-00-00.car.aa
Mar 30 17:32:34 f019041-1648222 f08403-1645450 f09848-1645415 f066596-1645517 f099608-1648224 f022142-1647799 f058369-1648954
Mar 30 17:32:34 ./retrieve-worker.sh: line 74: lotus: command not found
Mar 30 17:32:34 Already have log for f019041 1648222 bafykbzacecpfagbszu24mq4jynabqouymjp5m3waz3kw6ccqqziwwcjm732ry
Mar 30 17:32:35 ./retrieve-worker.sh: line 74: lotus: command not found
Mar 30 17:32:35 Already have log for f08403 1645450 bafykbzacecpfagbszu24mq4jynabqouymjp5m3waz3kw6ccqqziwwcjm732ry
Mar 30 17:32:36 ./retrieve-worker.sh: line 74: lotus: command not found
Mar 30 17:32:36 Already have log for f09848 1645415 bafykbzacecpfagbszu24mq4jynabqouymjp5m3waz3kw6ccqqziwwcjm732ry
Mar 30 17:32:37 ./retrieve-worker.sh: line 74: lotus: command not found
Mar 30 17:32:37 Already have log for f066596 1645517 bafykbzacecpfagbszu24mq4jynabqouymjp5m3waz3kw6ccqqziwwcjm732ry
Mar 30 17:32:38 ./retrieve-worker.sh: line 74: lotus: command not found
Mar 30 17:32:38 Already have log for f099608 1648224 bafykbzacecpfagbszu24mq4jynabqouymjp5m3waz3kw6ccqqziwwcjm732ry
Mar 30 17:32:40 ./retrieve-worker.sh: line 74: lotus: command not found
Mar 30 17:32:40 Already have log for f022142 1647799 bafykbzacecpfagbszu24mq4jynabqouymjp5m3waz3kw6ccqqziwwcjm732ry
Mar 30 17:32:41 ./retrieve-worker.sh: line 74: lotus: command not found
Mar 30 17:32:41 Already have log for f058369 1648954 bafykbzacecpfagbszu24mq4jynabqouymjp5m3waz3kw6ccqqziwwcjm732ry
Mar 30 17:32:42 
Mar 30 17:32:43 0 minimal_finality_stateroots_620860_2021-03-28_12-00-00.car.ab
Mar 30 17:32:43 f071624-1643068 f09848-1642933 f022142-1645157 f058369-1645147 f019551-1645164 f01278-1645170 f0165400-1645269 f099608-1648223 f01234-1645250 f01240-1648939 f08399-1645225 f08403-1645178 f022352-1645318 f066596-1645275 f019041-1648221 f015927-1645310 f0145874-1645326 f014768-1645409 f023467-1645375 f010479-1645464 f07998-1648368
Mar 30 17:32:43 ./retrieve-worker.sh: line 74: lotus: command not found
Mar 30 17:32:43 Already have log for f071624 1643068 bafykbzacedqs6z3a56hasssv234ddhav7zgrlaukfnj6norlu4deptzsezn6g
Mar 30 17:32:44 ./retrieve-worker.sh: line 74: lotus: command not found
Mar 30 17:32:45 Already have log for f09848 1642933 bafykbzacedqs6z3a56hasssv234ddhav7zgrlaukfnj6norlu4deptzsezn6g
Mar 30 17:32:46 ./retrieve-worker.sh: line 74: lotus: command not found
Mar 30 17:32:46 Already have log for f022142 1645157 bafykbzacedqs6z3a56hasssv234ddhav7zgrlaukfnj6norlu4deptzsezn6g
Mar 30 17:32:47 ./retrieve-worker.sh: line 74: lotus: command not found
Mar 30 17:32:47 Already have log for f058369 1645147 bafykbzacedqs6z3a56hasssv234ddhav7zgrlaukfnj6norlu4deptzsezn6g
Mar 30 17:32:48 ./retrieve-worker.sh: line 74: lotus: command not found
Mar 30 17:32:48 Already have log for f019551 1645164 bafykbzacedqs6z3a56hasssv234ddhav7zgrlaukfnj6norlu4deptzsezn6g
Mar 30 17:32:49 ./retrieve-worker.sh: line 74: lotus: command not found
Mar 30 17:32:50 Already have log for f01278 1645170 bafykbzacedqs6z3a56hasssv234ddhav7zgrlaukfnj6norlu4deptzsezn6g
Mar 30 17:32:51 ./retrieve-worker.sh: line 74: lotus: command not found
Mar 30 17:32:51 Already have log for f0165400 1645269 bafykbzacedqs6z3a56hasssv234ddhav7zgrlaukfnj6norlu4deptzsezn6g
Mar 30 17:32:52 ./retrieve-worker.sh: line 74: lotus: command not found
Mar 30 17:32:52 Already have log for f099608 1648223 bafykbzacedqs6z3a56hasssv234ddhav7zgrlaukfnj6norlu4deptzsezn6g
Mar 30 17:32:53 ./retrieve-worker.sh: line 74: lotus: command not found
Mar 30 17:32:53 Already have log for f01234 1645250 bafykbzacedqs6z3a56hasssv234ddhav7zgrlaukfnj6norlu4deptzsezn6g
Mar 30 17:32:54 ./retrieve-worker.sh: line 74: lotus: command not found
Mar 30 17:32:54 Already have log for f01240 1648939 bafykbzacedqs6z3a56hasssv234ddhav7zgrlaukfnj6norlu4deptzsezn6g
Mar 30 17:32:56 Draining, exiting...
