Mar 31 15:20:53 1234
Mar 31 15:20:54 eyJhbGciOiJIUzI1NiIsInR5cCI6IkpXVCJ9.eyJBbGxvdyI6WyJyZWFkIiwid3JpdGUiLCJzaWduIiwiYWRtaW4iXX0.RzY4hBx900NTgTTAA7E-5suH8551qNnu4IWj05cheAs
Mar 31 15:20:54 Loading deals f0421499
Mar 31 15:20:54 f0421499 1 minimal_finality_stateroots_616300_2021-03-26_22-00-00.car.aa
Mar 31 15:20:54 f0421499 2 minimal_finality_stateroots_616300_2021-03-26_22-00-00.car.ab
Mar 31 15:20:54 f0421499 3 minimal_finality_stateroots_620860_2021-03-28_12-00-00.car.aa
Mar 31 15:20:54 f0421499 4 minimal_finality_stateroots_620860_2021-03-28_12-00-00.car.ab
Mar 31 15:20:54 f0421499 5 minimal_finality_stateroots_624460_2021-03-29_18-00-00.car.aa
Mar 31 15:20:54 f0421499 6 minimal_finality_stateroots_624460_2021-03-29_18-00-00.car.ab
Mar 31 15:20:54 f0421499 7 minimal_finality_stateroots_627340_2021-03-30_18-00-00.car.aa
Mar 31 15:20:54 f0421499 8 minimal_finality_stateroots_627340_2021-03-30_18-00-00.car.ab
Mar 31 15:20:54 1 minimal_finality_stateroots_627340_2021-03-30_18-00-00.car.ab
Mar 31 15:20:54 
Mar 31 15:20:54 
Mar 31 15:20:55 0 minimal_finality_stateroots_616300_2021-03-26_22-00-00.car.aa
Mar 31 15:20:55 f023971-1638943 f0157535-1639420 f015927-1639425 f066596-1639456 f071624-1640606 f08403-1641409 f01234-1640777 f023467-1641041 f019551-1641211 f022352-1642427
Mar 31 15:20:56 Already have log for f023971 1638943 bafykbzacedoze6ckqa36rd7sxv7pcpjhugbbdnfssif2meiivcykvcvqup5h2
Mar 31 15:20:57 Already have log for f0157535 1639420 bafykbzacedoze6ckqa36rd7sxv7pcpjhugbbdnfssif2meiivcykvcvqup5h2
Mar 31 15:20:58 Already have log for f015927 1639425 bafykbzacedoze6ckqa36rd7sxv7pcpjhugbbdnfssif2meiivcykvcvqup5h2
Mar 31 15:20:59 Already have log for f066596 1639456 bafykbzacedoze6ckqa36rd7sxv7pcpjhugbbdnfssif2meiivcykvcvqup5h2
Mar 31 15:21:01 Already have log for f071624 1640606 bafykbzacedoze6ckqa36rd7sxv7pcpjhugbbdnfssif2meiivcykvcvqup5h2
Mar 31 15:21:02 Already have log for f08403 1641409 bafykbzacedoze6ckqa36rd7sxv7pcpjhugbbdnfssif2meiivcykvcvqup5h2
Mar 31 15:21:03 Already have log for f01234 1640777 bafykbzacedoze6ckqa36rd7sxv7pcpjhugbbdnfssif2meiivcykvcvqup5h2
Mar 31 15:21:04 Already have log for f023467 1641041 bafykbzacedoze6ckqa36rd7sxv7pcpjhugbbdnfssif2meiivcykvcvqup5h2
Mar 31 15:21:13 Already have log for f019551 1641211 bafykbzacedoze6ckqa36rd7sxv7pcpjhugbbdnfssif2meiivcykvcvqup5h2
Mar 31 15:21:20 Already have log for f022352 1642427 bafykbzacedoze6ckqa36rd7sxv7pcpjhugbbdnfssif2meiivcykvcvqup5h2
Mar 31 15:21:21 
Mar 31 15:21:22 0 minimal_finality_stateroots_624460_2021-03-29_18-00-00.car.aa
Mar 31 15:21:22 f02576-1650987 f08399-1652420
Mar 31 15:21:22 Already have log for f02576 1650987 bafykbzacecpfagbszu24mq4jynabqouymjp5m3waz3kw6ccqqziwwcjm732ry
Mar 31 15:21:23 Already have log for f08399 1652420 bafykbzacecpfagbszu24mq4jynabqouymjp5m3waz3kw6ccqqziwwcjm732ry
Mar 31 15:21:24 
Mar 31 15:21:25 0 minimal_finality_stateroots_627340_2021-03-30_18-00-00.car.aa
Mar 31 15:21:25 f019551-1651158 f066596-1652487
Mar 31 15:21:25 Already have log for f019551 1651158 bafykbzaceaoebu76qzfrijr63ghpslqqzgcqneq75lfbrdhp5v7l3dtv6n2j4
Mar 31 15:21:27 Already have log for f066596 1652487 bafykbzaceaoebu76qzfrijr63ghpslqqzgcqneq75lfbrdhp5v7l3dtv6n2j4
Mar 31 15:21:28 
Mar 31 15:21:29 0 minimal_finality_stateroots_624460_2021-03-29_18-00-00.car.ab
Mar 31 15:21:29 f099608-1652417
Mar 31 15:21:29 Already have log for f099608 1652417 bafykbzaceazee5wr2xtg4gpmjeo65uawsjx5i7kpxlv6h75hinjfqc7sg72sa
Mar 31 15:21:30 
Mar 31 15:21:31 0 minimal_finality_stateroots_616300_2021-03-26_22-00-00.car.ab
Mar 31 15:21:31 f08403-1639685 f022163-1639544 f014768-1639431 f01278-1639717 f01234-1639443 f071624-1639479 f022352-1639878 f099608-1640642 f01240-1640769 f0145874-1640738 f02576-1640964 f015927-1641099 f010479-1641179
Mar 31 15:21:31 Already have log for f08403 1639685 bafykbzacea5dewvdatvbxc2tmi26bomowduqhoi7ery4yqi3n6li32n4oe546
Mar 31 15:21:32 Already have log for f022163 1639544 bafykbzacea5dewvdatvbxc2tmi26bomowduqhoi7ery4yqi3n6li32n4oe546
Mar 31 15:21:42 Already have log for f014768 1639431 bafykbzacea5dewvdatvbxc2tmi26bomowduqhoi7ery4yqi3n6li32n4oe546
Mar 31 15:21:50 Already have log for f01278 1639717 bafykbzacea5dewvdatvbxc2tmi26bomowduqhoi7ery4yqi3n6li32n4oe546
Mar 31 15:21:51 Already have log for f01234 1639443 bafykbzacea5dewvdatvbxc2tmi26bomowduqhoi7ery4yqi3n6li32n4oe546
Mar 31 15:21:52 Already have log for f071624 1639479 bafykbzacea5dewvdatvbxc2tmi26bomowduqhoi7ery4yqi3n6li32n4oe546
Mar 31 15:21:53 Already have log for f022352 1639878 bafykbzacea5dewvdatvbxc2tmi26bomowduqhoi7ery4yqi3n6li32n4oe546
Mar 31 15:21:55 Already have log for f099608 1640642 bafykbzacea5dewvdatvbxc2tmi26bomowduqhoi7ery4yqi3n6li32n4oe546
Mar 31 15:21:56 Already have log for f01240 1640769 bafykbzacea5dewvdatvbxc2tmi26bomowduqhoi7ery4yqi3n6li32n4oe546
Mar 31 15:21:57 Already have log for f0145874 1640738 bafykbzacea5dewvdatvbxc2tmi26bomowduqhoi7ery4yqi3n6li32n4oe546
Mar 31 15:21:58 Already have log for f02576 1640964 bafykbzacea5dewvdatvbxc2tmi26bomowduqhoi7ery4yqi3n6li32n4oe546
Mar 31 15:22:00 Already have log for f015927 1641099 bafykbzacea5dewvdatvbxc2tmi26bomowduqhoi7ery4yqi3n6li32n4oe546
Mar 31 15:22:01 Retrieving f010479 1641179 bafykbzacea5dewvdatvbxc2tmi26bomowduqhoi7ery4yqi3n6li32n4oe546
Mar 31 15:22:01   % Total    % Received % Xferd  Average Speed   Time    Time     Time  Current
Mar 31 15:22:01                                  Dload  Upload   Total   Spent    Left  Speed
Mar 31 15:22:02   0     0    0     0    0     0      0      0 --:--:-- --:--:-- --:--:--     0100   177    0     0  100   177      0    880 --:--:-- --:--:-- --:--:--   876100   562  100   385  100   177    532    244 --:--:-- --:--:-- --:--:--   776
Mar 31 15:22:02 {"jsonrpc":"2.0","result":{"Err":"","Root":{"/":"bafykbzacea5dewvdatvbxc2tmi26bomowduqhoi7ery4yqi3n6li32n4oe546"},"Piece":null,"Size":34359738368,"MinPrice":"68719476736","UnsealPrice":"0","PaymentInterval":1048576,"PaymentIntervalIncrease":1048576,"Miner":"f08391","MinerPeer":{"Address":"f010479","ID":"12D3KooWHZeU9K4FQ5YYNavdnuajopXWZaH39xm3QkmPYvj48M91","PieceCID":null}},"id":1}
Mar 31 15:22:02 > Recv: 0 B, Paid 0 FIL, ClientEventOpen (DealStatusNew)
Mar 31 15:22:02 > Recv: 0 B, Paid 0 FIL, ClientEventDealProposed (DealStatusWaitForAcceptance)
Mar 31 15:22:33 > Recv: 0 B, Paid 0 FIL, ClientEventDealAccepted (DealStatusAccepted)
Mar 31 15:22:42 > Recv: 0 B, Paid 0 FIL, ClientEventPaymentChannelAddingFunds (DealStatusPaymentChannelAllocatingLane)
Mar 31 15:22:43 > Recv: 0 B, Paid 0 FIL, ClientEventLaneAllocated (DealStatusOngoing)
Mar 31 15:25:51 > Recv: 962 B, Paid 0 FIL, ClientEventBlocksReceived (DealStatusOngoing)
Mar 31 15:25:52 > Recv: 52.95 KiB, Paid 0 FIL, ClientEventBlocksReceived (DealStatusOngoing)
Mar 31 15:25:52 > Recv: 52.95 KiB, Paid 0 FIL, ClientEventPaymentRequested (DealStatusFundsNeeded)
Mar 31 15:25:52 > Recv: 1.052 MiB, Paid 0 FIL, ClientEventBlocksReceived (DealStatusFundsNeeded)
Mar 31 15:25:52 > Recv: 1.052 MiB, Paid 0 FIL, ClientEventSendFunds (DealStatusSendFunds)
Mar 31 15:25:52 > Recv: 1.052 MiB, Paid 0.000000000002205594 FIL, ClientEventPaymentSent (DealStatusOngoing)
Mar 31 15:26:44 > Recv: 2.052 MiB, Paid 0.000000000002205594 FIL, ClientEventBlocksReceived (DealStatusOngoing)
Mar 31 15:26:44 > Recv: 2.052 MiB, Paid 0.000000000002205594 FIL, ClientEventPaymentRequested (DealStatusFundsNeeded)
Mar 31 15:26:44 > Recv: 3.052 MiB, Paid 0.000000000002205594 FIL, ClientEventBlocksReceived (DealStatusFundsNeeded)
Mar 31 15:26:44 > Recv: 3.052 MiB, Paid 0.000000000002205594 FIL, ClientEventSendFunds (DealStatusSendFunds)
Mar 31 15:26:45 > Recv: 3.052 MiB, Paid 0.000000000006399898 FIL, ClientEventPaymentSent (DealStatusOngoing)
Mar 31 15:27:49 > Recv: 4.052 MiB, Paid 0.000000000006399898 FIL, ClientEventBlocksReceived (DealStatusOngoing)
Mar 31 15:27:49 > Recv: 5.052 MiB, Paid 0.000000000006399898 FIL, ClientEventBlocksReceived (DealStatusOngoing)
Mar 31 15:27:49 > Recv: 5.052 MiB, Paid 0.000000000006399898 FIL, ClientEventPaymentRequested (DealStatusFundsNeeded)
Mar 31 15:27:49 > Recv: 5.052 MiB, Paid 0.000000000006399898 FIL, ClientEventSendFunds (DealStatusSendFunds)
Mar 31 15:27:49 > Recv: 5.052 MiB, Paid 0.000000000012691354 FIL, ClientEventPaymentSent (DealStatusOngoing)
Mar 31 15:29:07 > Recv: 7.052 MiB, Paid 0.000000000012691354 FIL, ClientEventBlocksReceived (DealStatusOngoing)
Mar 31 15:29:07 > Recv: 8.052 MiB, Paid 0.000000000012691354 FIL, ClientEventBlocksReceived (DealStatusOngoing)
Mar 31 15:29:07 > Recv: 9.052 MiB, Paid 0.000000000012691354 FIL, ClientEventBlocksReceived (DealStatusOngoing)
Mar 31 15:29:07 > Recv: 9.052 MiB, Paid 0.000000000012691354 FIL, ClientEventPaymentRequested (DealStatusFundsNeeded)
Mar 31 15:29:07 > Recv: 10.05 MiB, Paid 0.000000000012691354 FIL, ClientEventBlocksReceived (DealStatusFundsNeeded)
Mar 31 15:29:07 > Recv: 10.05 MiB, Paid 0.000000000012691354 FIL, ClientEventSendFunds (DealStatusSendFunds)
Mar 31 15:29:07 > Recv: 10.05 MiB, Paid 0.000000000021079962 FIL, ClientEventPaymentSent (DealStatusOngoing)
Mar 31 15:30:32 > Recv: 11.05 MiB, Paid 0.000000000021079962 FIL, ClientEventBlocksReceived (DealStatusOngoing)
Mar 31 15:30:32 > Recv: 12.05 MiB, Paid 0.000000000021079962 FIL, ClientEventBlocksReceived (DealStatusOngoing)
Mar 31 15:30:32 > Recv: 13.05 MiB, Paid 0.000000000021079962 FIL, ClientEventBlocksReceived (DealStatusOngoing)
Mar 31 15:30:32 > Recv: 14.05 MiB, Paid 0.000000000021079962 FIL, ClientEventBlocksReceived (DealStatusOngoing)
Mar 31 15:30:32 > Recv: 14.05 MiB, Paid 0.000000000021079962 FIL, ClientEventPaymentRequested (DealStatusFundsNeeded)
Mar 31 15:30:32 > Recv: 15.05 MiB, Paid 0.000000000021079962 FIL, ClientEventBlocksReceived (DealStatusFundsNeeded)
Mar 31 15:30:32 > Recv: 15.05 MiB, Paid 0.000000000021079962 FIL, ClientEventSendFunds (DealStatusSendFunds)
Mar 31 15:30:32 > Recv: 15.05 MiB, Paid 0.000000000031565722 FIL, ClientEventPaymentSent (DealStatusOngoing)
Mar 31 15:32:02 > Recv: 16.05 MiB, Paid 0.000000000031565722 FIL, ClientEventBlocksReceived (DealStatusOngoing)
Mar 31 15:32:02 > Recv: 17.05 MiB, Paid 0.000000000031565722 FIL, ClientEventBlocksReceived (DealStatusOngoing)
Mar 31 15:32:02 > Recv: 18.05 MiB, Paid 0.000000000031565722 FIL, ClientEventBlocksReceived (DealStatusOngoing)
Mar 31 15:32:03 > Recv: 19.05 MiB, Paid 0.000000000031565722 FIL, ClientEventBlocksReceived (DealStatusOngoing)
Mar 31 15:32:03 > Recv: 20.05 MiB, Paid 0.000000000031565722 FIL, ClientEventBlocksReceived (DealStatusOngoing)
Mar 31 15:32:08 > Recv: 20.05 MiB, Paid 0.000000000031565722 FIL, ClientEventPaymentRequested (DealStatusFundsNeeded)
Mar 31 15:32:08 > Recv: 21.05 MiB, Paid 0.000000000031565722 FIL, ClientEventBlocksReceived (DealStatusFundsNeeded)
Mar 31 15:32:08 > Recv: 21.05 MiB, Paid 0.000000000031565722 FIL, ClientEventSendFunds (DealStatusSendFunds)
Mar 31 15:32:09 > Recv: 21.05 MiB, Paid 0.000000000044148634 FIL, ClientEventPaymentSent (DealStatusOngoing)
Mar 31 15:33:45 > Recv: 22.05 MiB, Paid 0.000000000044148634 FIL, ClientEventBlocksReceived (DealStatusOngoing)
Mar 31 15:33:45 > Recv: 23.05 MiB, Paid 0.000000000044148634 FIL, ClientEventBlocksReceived (DealStatusOngoing)
Mar 31 15:33:45 > Recv: 24.05 MiB, Paid 0.000000000044148634 FIL, ClientEventBlocksReceived (DealStatusOngoing)
Mar 31 15:33:45 > Recv: 25.05 MiB, Paid 0.000000000044148634 FIL, ClientEventBlocksReceived (DealStatusOngoing)
Mar 31 15:33:46 > Recv: 26.05 MiB, Paid 0.000000000044148634 FIL, ClientEventBlocksReceived (DealStatusOngoing)
Mar 31 15:33:46 > Recv: 27.05 MiB, Paid 0.000000000044148634 FIL, ClientEventBlocksReceived (DealStatusOngoing)
Mar 31 15:33:46 > Recv: 27.05 MiB, Paid 0.000000000044148634 FIL, ClientEventPaymentRequested (DealStatusFundsNeeded)
Mar 31 15:33:46 > Recv: 27.05 MiB, Paid 0.000000000044148634 FIL, ClientEventSendFunds (DealStatusSendFunds)
Mar 31 15:33:46 > Recv: 27.05 MiB, Paid 0.000000000058828698 FIL, ClientEventPaymentSent (DealStatusOngoing)
Mar 31 15:35:41 > Recv: 29.05 MiB, Paid 0.000000000058828698 FIL, ClientEventBlocksReceived (DealStatusOngoing)
Mar 31 15:35:41 > Recv: 30.05 MiB, Paid 0.000000000058828698 FIL, ClientEventBlocksReceived (DealStatusOngoing)
Mar 31 15:35:41 > Recv: 31.05 MiB, Paid 0.000000000058828698 FIL, ClientEventBlocksReceived (DealStatusOngoing)
Mar 31 15:35:41 > Recv: 32.05 MiB, Paid 0.000000000058828698 FIL, ClientEventBlocksReceived (DealStatusOngoing)
Mar 31 15:35:42 > Recv: 33.05 MiB, Paid 0.000000000058828698 FIL, ClientEventBlocksReceived (DealStatusOngoing)
Mar 31 15:35:42 > Recv: 34.05 MiB, Paid 0.000000000058828698 FIL, ClientEventBlocksReceived (DealStatusOngoing)
Mar 31 15:35:42 > Recv: 35.05 MiB, Paid 0.000000000058828698 FIL, ClientEventBlocksReceived (DealStatusOngoing)
Mar 31 15:35:42 > Recv: 35.05 MiB, Paid 0.000000000058828698 FIL, ClientEventPaymentRequested (DealStatusFundsNeeded)
Mar 31 15:35:42 > Recv: 36.05 MiB, Paid 0.000000000058828698 FIL, ClientEventBlocksReceived (DealStatusFundsNeeded)
Mar 31 15:35:42 > Recv: 36.05 MiB, Paid 0.000000000058828698 FIL, ClientEventSendFunds (DealStatusSendFunds)
Mar 31 15:35:42 > Recv: 36.05 MiB, Paid 0.000000000075605914 FIL, ClientEventPaymentSent (DealStatusOngoing)
