Mar 31 02:01:17 1234
Mar 31 02:01:18 eyJhbGciOiJIUzI1NiIsInR5cCI6IkpXVCJ9.eyJBbGxvdyI6WyJyZWFkIiwid3JpdGUiLCJzaWduIiwiYWRtaW4iXX0.RzY4hBx900NTgTTAA7E-5suH8551qNnu4IWj05cheAs
Mar 31 02:01:18 Loading deals f0421499
Mar 31 02:01:18 f0421499 1 minimal_finality_stateroots_616300_2021-03-26_22-00-00.car.aa
Mar 31 02:01:18 f0421499 2 minimal_finality_stateroots_616300_2021-03-26_22-00-00.car.ab
Mar 31 02:01:18 f0421499 3 minimal_finality_stateroots_620860_2021-03-28_12-00-00.car.aa
Mar 31 02:01:18 f0421499 4 minimal_finality_stateroots_620860_2021-03-28_12-00-00.car.ab
Mar 31 02:01:18 f0421499 5 minimal_finality_stateroots_624460_2021-03-29_18-00-00.car.aa
Mar 31 02:01:18 f0421499 6 minimal_finality_stateroots_624460_2021-03-29_18-00-00.car.ab
Mar 31 02:01:18 f0421499 7 minimal_finality_stateroots_627340_2021-03-30_18-00-00.car.aa
Mar 31 02:01:18 f0421499 8 minimal_finality_stateroots_627340_2021-03-30_18-00-00.car.ab
Mar 31 02:01:19 1 minimal_finality_stateroots_620860_2021-03-28_12-00-00.car.ab
Mar 31 02:01:19 f071624-1643068 f09848-1642933 f019551-1645164 f01278-1645170 f08403-1645178
Mar 31 02:01:19 Mpool pending 1, skipping + sleeping 30s
Mar 31 02:01:50 Mpool pending 1, skipping + sleeping 30s
Mar 31 02:02:31 Retrieving f019551 1645164 bafykbzacedqs6z3a56hasssv234ddhav7zgrlaukfnj6norlu4deptzsezn6g
Mar 31 02:02:31   % Total    % Received % Xferd  Average Speed   Time    Time     Time  Current
Mar 31 02:02:31                                  Dload  Upload   Total   Spent    Left  Speed
Mar 31 02:02:32   0     0    0     0    0     0      0      0 --:--:-- --:--:-- --:--:--     0100   563  100   386  100   177    746    342 --:--:-- --:--:-- --:--:--  1088
Mar 31 02:02:32 {"jsonrpc":"2.0","result":{"Err":"","Root":{"/":"bafykbzacedqs6z3a56hasssv234ddhav7zgrlaukfnj6norlu4deptzsezn6g"},"Piece":null,"Size":34359738368,"MinPrice":"68719476736","UnsealPrice":"0","PaymentInterval":1048576,"PaymentIntervalIncrease":1048576,"Miner":"f019519","MinerPeer":{"Address":"f019551","ID":"12D3KooWQKi3L61jRSYfwDMAA2xJVWxhXFUchAg15uk6fFQEK6S3","PieceCID":null}},"id":1}
Mar 31 02:02:32 > Recv: 0 B, Paid 0 FIL, ClientEventOpen (DealStatusNew)
Mar 31 02:02:32 > Recv: 0 B, Paid 0 FIL, ClientEventDealProposed (DealStatusWaitForAcceptance)
Mar 31 02:02:32 > Recv: 0 B, Paid 0 FIL, ClientEventDealAccepted (DealStatusAccepted)
Mar 31 02:02:53 > Recv: 0 B, Paid 0 FIL, ClientEventPaymentChannelAddingFunds (DealStatusPaymentChannelAllocatingLane)
Mar 31 02:02:54 > Recv: 0 B, Paid 0 FIL, ClientEventLaneAllocated (DealStatusOngoing)
