{"jsonrpc":"2.0","result":{"Err":"","Root":{"/":"QmXpbfstbcV9p1hdsUvtDvqZCDsxfnLxoq5RzHRZGkRH5d"},"Piece":null,"Size":268435456,"MinPrice":"536870912","UnsealPrice":"0","PaymentInterval":1048576,"PaymentIntervalIncrease":1048576,"Miner":"f08069","MinerPeer":{"Address":"f020904","ID":"12D3KooWBhrQUQC5gWtHeRNS1V7ThxEv4hKLCk8Z4PZNy7T1oruT","PieceCID":null}},"id":1}
> Recv: 0 B, Paid 0 FIL, ClientEventOpen (DealStatusNew)
> Recv: 0 B, Paid 0 FIL, ClientEventDealProposed (DealStatusWaitForAcceptance)
> Recv: 0 B, Paid 0 FIL, ClientEventDealAccepted (DealStatusAccepted)
> Recv: 0 B, Paid 0 FIL, ClientEventPaymentChannelAddingFunds (DealStatusPaymentChannelAllocatingLane)
> Recv: 0 B, Paid 0 FIL, ClientEventLaneAllocated (DealStatusOngoing)
> Recv: 2.077 KiB, Paid 0 FIL, ClientEventBlocksReceived (DealStatusOngoing)
> Recv: 3.023 KiB, Paid 0 FIL, ClientEventBlocksReceived (DealStatusOngoing)
> Recv: 259 KiB, Paid 0 FIL, ClientEventBlocksReceived (DealStatusOngoing)
> Recv: 515.1 KiB, Paid 0 FIL, ClientEventBlocksReceived (DealStatusOngoing)
> Recv: 771.1 KiB, Paid 0 FIL, ClientEventBlocksReceived (DealStatusOngoing)
> Recv: 771.1 KiB, Paid 0 FIL, ClientEventPaymentRequested (DealStatusFundsNeeded)
> Recv: 1.003 MiB, Paid 0 FIL, ClientEventBlocksReceived (DealStatusFundsNeeded)
> Recv: 1.003 MiB, Paid 0 FIL, ClientEventSendFunds (DealStatusSendFunds)
> Recv: 1.003 MiB, Paid 0.000000000002103456 FIL, ClientEventPaymentSent (DealStatusOngoing)
> Recv: 1.253 MiB, Paid 0.000000000002103456 FIL, ClientEventBlocksReceived (DealStatusOngoing)
> Recv: 1.503 MiB, Paid 0.000000000002103456 FIL, ClientEventBlocksReceived (DealStatusOngoing)
> Recv: 1.753 MiB, Paid 0.000000000002103456 FIL, ClientEventBlocksReceived (DealStatusOngoing)
> Recv: 2.003 MiB, Paid 0.000000000002103456 FIL, ClientEventBlocksReceived (DealStatusOngoing)
> Recv: 2.253 MiB, Paid 0.000000000002103456 FIL, ClientEventBlocksReceived (DealStatusOngoing)
> Recv: 2.503 MiB, Paid 0.000000000002103456 FIL, ClientEventBlocksReceived (DealStatusOngoing)
> Recv: 2.503 MiB, Paid 0.000000000002103456 FIL, ClientEventPaymentRequested (DealStatusFundsNeeded)
> Recv: 2.753 MiB, Paid 0.000000000002103456 FIL, ClientEventBlocksReceived (DealStatusFundsNeeded)
> Recv: 3.003 MiB, Paid 0.000000000002103456 FIL, ClientEventBlocksReceived (DealStatusFundsNeeded)
> Recv: 3.003 MiB, Paid 0.000000000002103456 FIL, ClientEventSendFunds (DealStatusSendFunds)
> Recv: 3.003 MiB, Paid 0.000000000006297984 FIL, ClientEventPaymentSent (DealStatusOngoing)
> Recv: 3.253 MiB, Paid 0.000000000006297984 FIL, ClientEventBlocksReceived (DealStatusOngoing)
> Recv: 3.503 MiB, Paid 0.000000000006297984 FIL, ClientEventBlocksReceived (DealStatusOngoing)
> Recv: 3.753 MiB, Paid 0.000000000006297984 FIL, ClientEventBlocksReceived (DealStatusOngoing)
> Recv: 4.003 MiB, Paid 0.000000000006297984 FIL, ClientEventBlocksReceived (DealStatusOngoing)
> Recv: 4.253 MiB, Paid 0.000000000006297984 FIL, ClientEventBlocksReceived (DealStatusOngoing)
> Recv: 4.503 MiB, Paid 0.000000000006297984 FIL, ClientEventBlocksReceived (DealStatusOngoing)
> Recv: 4.753 MiB, Paid 0.000000000006297984 FIL, ClientEventBlocksReceived (DealStatusOngoing)
> Recv: 4.772 MiB, Paid 0.000000000006297984 FIL, ClientEventBlocksReceived (DealStatusOngoing)
> Recv: 4.773 MiB, Paid 0.000000000006297984 FIL, ClientEventBlocksReceived (DealStatusOngoing)
> Recv: 5.023 MiB, Paid 0.000000000006297984 FIL, ClientEventBlocksReceived (DealStatusOngoing)
> Recv: 5.273 MiB, Paid 0.000000000006297984 FIL, ClientEventBlocksReceived (DealStatusOngoing)
> Recv: 5.523 MiB, Paid 0.000000000006297984 FIL, ClientEventBlocksReceived (DealStatusOngoing)
> Recv: 5.773 MiB, Paid 0.000000000006297984 FIL, ClientEventBlocksReceived (DealStatusOngoing)
> Recv: 5.773 MiB, Paid 0.000000000006297984 FIL, ClientEventPaymentRequested (DealStatusFundsNeeded)
> Recv: 6.023 MiB, Paid 0.000000000006297984 FIL, ClientEventBlocksReceived (DealStatusFundsNeeded)
> Recv: 6.023 MiB, Paid 0.000000000006297984 FIL, ClientEventSendFunds (DealStatusSendFunds)
> Recv: 6.023 MiB, Paid 0.00000000001263027 FIL, ClientEventPaymentSent (DealStatusOngoing)
> Recv: 6.273 MiB, Paid 0.00000000001263027 FIL, ClientEventBlocksReceived (DealStatusOngoing)
> Recv: 6.523 MiB, Paid 0.00000000001263027 FIL, ClientEventBlocksReceived (DealStatusOngoing)
> Recv: 6.773 MiB, Paid 0.00000000001263027 FIL, ClientEventBlocksReceived (DealStatusOngoing)
> Recv: 7.023 MiB, Paid 0.00000000001263027 FIL, ClientEventBlocksReceived (DealStatusOngoing)
> Recv: 7.273 MiB, Paid 0.00000000001263027 FIL, ClientEventBlocksReceived (DealStatusOngoing)
> Recv: 7.523 MiB, Paid 0.00000000001263027 FIL, ClientEventBlocksReceived (DealStatusOngoing)
> Recv: 7.773 MiB, Paid 0.00000000001263027 FIL, ClientEventBlocksReceived (DealStatusOngoing)
> Recv: 8.023 MiB, Paid 0.00000000001263027 FIL, ClientEventBlocksReceived (DealStatusOngoing)
> Recv: 8.273 MiB, Paid 0.00000000001263027 FIL, ClientEventBlocksReceived (DealStatusOngoing)
> Recv: 8.523 MiB, Paid 0.00000000001263027 FIL, ClientEventBlocksReceived (DealStatusOngoing)
> Recv: 8.773 MiB, Paid 0.00000000001263027 FIL, ClientEventBlocksReceived (DealStatusOngoing)
> Recv: 9.023 MiB, Paid 0.00000000001263027 FIL, ClientEventBlocksReceived (DealStatusOngoing)
> Recv: 9.273 MiB, Paid 0.00000000001263027 FIL, ClientEventBlocksReceived (DealStatusOngoing)
> Recv: 9.523 MiB, Paid 0.00000000001263027 FIL, ClientEventBlocksReceived (DealStatusOngoing)
> Recv: 9.523 MiB, Paid 0.00000000001263027 FIL, ClientEventPaymentRequested (DealStatusFundsNeeded)
> Recv: 9.541 MiB, Paid 0.00000000001263027 FIL, ClientEventBlocksReceived (DealStatusFundsNeeded)
> Recv: 9.542 MiB, Paid 0.00000000001263027 FIL, ClientEventBlocksReceived (DealStatusFundsNeeded)
> Recv: 9.792 MiB, Paid 0.00000000001263027 FIL, ClientEventBlocksReceived (DealStatusFundsNeeded)
> Recv: 10.04 MiB, Paid 0.00000000001263027 FIL, ClientEventBlocksReceived (DealStatusFundsNeeded)
> Recv: 10.04 MiB, Paid 0.00000000001263027 FIL, ClientEventSendFunds (DealStatusSendFunds)
> Recv: 10.04 MiB, Paid 0.00000000002105982 FIL, ClientEventPaymentSent (DealStatusOngoing)
> Recv: 10.29 MiB, Paid 0.00000000002105982 FIL, ClientEventBlocksReceived (DealStatusOngoing)
> Recv: 10.54 MiB, Paid 0.00000000002105982 FIL, ClientEventBlocksReceived (DealStatusOngoing)
> Recv: 10.79 MiB, Paid 0.00000000002105982 FIL, ClientEventBlocksReceived (DealStatusOngoing)
> Recv: 11.04 MiB, Paid 0.00000000002105982 FIL, ClientEventBlocksReceived (DealStatusOngoing)
> Recv: 11.29 MiB, Paid 0.00000000002105982 FIL, ClientEventBlocksReceived (DealStatusOngoing)
> Recv: 11.54 MiB, Paid 0.00000000002105982 FIL, ClientEventBlocksReceived (DealStatusOngoing)
> Recv: 11.79 MiB, Paid 0.00000000002105982 FIL, ClientEventBlocksReceived (DealStatusOngoing)
> Recv: 12.04 MiB, Paid 0.00000000002105982 FIL, ClientEventBlocksReceived (DealStatusOngoing)
> Recv: 12.29 MiB, Paid 0.00000000002105982 FIL, ClientEventBlocksReceived (DealStatusOngoing)
> Recv: 12.54 MiB, Paid 0.00000000002105982 FIL, ClientEventBlocksReceived (DealStatusOngoing)
> Recv: 12.79 MiB, Paid 0.00000000002105982 FIL, ClientEventBlocksReceived (DealStatusOngoing)
> Recv: 13.04 MiB, Paid 0.00000000002105982 FIL, ClientEventBlocksReceived (DealStatusOngoing)
> Recv: 13.29 MiB, Paid 0.00000000002105982 FIL, ClientEventBlocksReceived (DealStatusOngoing)
> Recv: 13.54 MiB, Paid 0.00000000002105982 FIL, ClientEventBlocksReceived (DealStatusOngoing)
> Recv: 13.79 MiB, Paid 0.00000000002105982 FIL, ClientEventBlocksReceived (DealStatusOngoing)
> Recv: 14.04 MiB, Paid 0.00000000002105982 FIL, ClientEventBlocksReceived (DealStatusOngoing)
> Recv: 14.29 MiB, Paid 0.00000000002105982 FIL, ClientEventBlocksReceived (DealStatusOngoing)
> Recv: 14.31 MiB, Paid 0.00000000002105982 FIL, ClientEventBlocksReceived (DealStatusOngoing)
> Recv: 14.31 MiB, Paid 0.00000000002105982 FIL, ClientEventBlocksReceived (DealStatusOngoing)
> Recv: 14.56 MiB, Paid 0.00000000002105982 FIL, ClientEventBlocksReceived (DealStatusOngoing)
> Recv: 14.81 MiB, Paid 0.00000000002105982 FIL, ClientEventBlocksReceived (DealStatusOngoing)
> Recv: 14.81 MiB, Paid 0.00000000002105982 FIL, ClientEventPaymentRequested (DealStatusFundsNeeded)
> Recv: 15.06 MiB, Paid 0.00000000002105982 FIL, ClientEventBlocksReceived (DealStatusFundsNeeded)
> Recv: 15.06 MiB, Paid 0.00000000002105982 FIL, ClientEventSendFunds (DealStatusSendFunds)
> Recv: 15.06 MiB, Paid 0.000000000031586634 FIL, ClientEventPaymentSent (DealStatusOngoing)
> Recv: 15.31 MiB, Paid 0.000000000031586634 FIL, ClientEventBlocksReceived (DealStatusOngoing)
> Recv: 15.56 MiB, Paid 0.000000000031586634 FIL, ClientEventBlocksReceived (DealStatusOngoing)
> Recv: 15.81 MiB, Paid 0.000000000031586634 FIL, ClientEventBlocksReceived (DealStatusOngoing)
> Recv: 16.06 MiB, Paid 0.000000000031586634 FIL, ClientEventBlocksReceived (DealStatusOngoing)
> Recv: 16.31 MiB, Paid 0.000000000031586634 FIL, ClientEventBlocksReceived (DealStatusOngoing)
> Recv: 16.56 MiB, Paid 0.000000000031586634 FIL, ClientEventBlocksReceived (DealStatusOngoing)
> Recv: 16.81 MiB, Paid 0.000000000031586634 FIL, ClientEventBlocksReceived (DealStatusOngoing)
> Recv: 17.06 MiB, Paid 0.000000000031586634 FIL, ClientEventBlocksReceived (DealStatusOngoing)
> Recv: 17.31 MiB, Paid 0.000000000031586634 FIL, ClientEventBlocksReceived (DealStatusOngoing)
> Recv: 17.56 MiB, Paid 0.000000000031586634 FIL, ClientEventBlocksReceived (DealStatusOngoing)
> Recv: 17.81 MiB, Paid 0.000000000031586634 FIL, ClientEventBlocksReceived (DealStatusOngoing)
> Recv: 18.06 MiB, Paid 0.000000000031586634 FIL, ClientEventBlocksReceived (DealStatusOngoing)
> Recv: 18.31 MiB, Paid 0.000000000031586634 FIL, ClientEventBlocksReceived (DealStatusOngoing)
> Recv: 18.56 MiB, Paid 0.000000000031586634 FIL, ClientEventBlocksReceived (DealStatusOngoing)
> Recv: 18.81 MiB, Paid 0.000000000031586634 FIL, ClientEventBlocksReceived (DealStatusOngoing)
> Recv: 19.06 MiB, Paid 0.000000000031586634 FIL, ClientEventBlocksReceived (DealStatusOngoing)
> Recv: 19.08 MiB, Paid 0.000000000031586634 FIL, ClientEventBlocksReceived (DealStatusOngoing)
> Recv: 19.08 MiB, Paid 0.000000000031586634 FIL, ClientEventBlocksReceived (DealStatusOngoing)
> Recv: 19.33 MiB, Paid 0.000000000031586634 FIL, ClientEventBlocksReceived (DealStatusOngoing)
> Recv: 19.58 MiB, Paid 0.000000000031586634 FIL, ClientEventBlocksReceived (DealStatusOngoing)
> Recv: 19.83 MiB, Paid 0.000000000031586634 FIL, ClientEventBlocksReceived (DealStatusOngoing)
> Recv: 20.08 MiB, Paid 0.000000000031586634 FIL, ClientEventBlocksReceived (DealStatusOngoing)
> Recv: 20.33 MiB, Paid 0.000000000031586634 FIL, ClientEventBlocksReceived (DealStatusOngoing)
> Recv: 20.58 MiB, Paid 0.000000000031586634 FIL, ClientEventBlocksReceived (DealStatusOngoing)
> Recv: 20.83 MiB, Paid 0.000000000031586634 FIL, ClientEventBlocksReceived (DealStatusOngoing)
> Recv: 20.83 MiB, Paid 0.000000000031586634 FIL, ClientEventPaymentRequested (DealStatusFundsNeeded)
> Recv: 21.08 MiB, Paid 0.000000000031586634 FIL, ClientEventBlocksReceived (DealStatusFundsNeeded)
> Recv: 21.08 MiB, Paid 0.000000000031586634 FIL, ClientEventSendFunds (DealStatusSendFunds)
> Recv: 21.08 MiB, Paid 0.000000000044210712 FIL, ClientEventPaymentSent (DealStatusOngoing)
> Recv: 21.33 MiB, Paid 0.000000000044210712 FIL, ClientEventBlocksReceived (DealStatusOngoing)
> Recv: 21.58 MiB, Paid 0.000000000044210712 FIL, ClientEventBlocksReceived (DealStatusOngoing)
> Recv: 21.83 MiB, Paid 0.000000000044210712 FIL, ClientEventBlocksReceived (DealStatusOngoing)
> Recv: 22.08 MiB, Paid 0.000000000044210712 FIL, ClientEventBlocksReceived (DealStatusOngoing)
> Recv: 22.33 MiB, Paid 0.000000000044210712 FIL, ClientEventBlocksReceived (DealStatusOngoing)
> Recv: 22.58 MiB, Paid 0.000000000044210712 FIL, ClientEventBlocksReceived (DealStatusOngoing)
> Recv: 22.83 MiB, Paid 0.000000000044210712 FIL, ClientEventBlocksReceived (DealStatusOngoing)
> Recv: 23.08 MiB, Paid 0.000000000044210712 FIL, ClientEventBlocksReceived (DealStatusOngoing)
> Recv: 23.33 MiB, Paid 0.000000000044210712 FIL, ClientEventBlocksReceived (DealStatusOngoing)
> Recv: 23.58 MiB, Paid 0.000000000044210712 FIL, ClientEventBlocksReceived (DealStatusOngoing)
> Recv: 23.83 MiB, Paid 0.000000000044210712 FIL, ClientEventBlocksReceived (DealStatusOngoing)
> Recv: 23.85 MiB, Paid 0.000000000044210712 FIL, ClientEventBlocksReceived (DealStatusOngoing)
> Recv: 23.85 MiB, Paid 0.000000000044210712 FIL, ClientEventBlocksReceived (DealStatusOngoing)
> Recv: 24.1 MiB, Paid 0.000000000044210712 FIL, ClientEventBlocksReceived (DealStatusOngoing)
> Recv: 24.35 MiB, Paid 0.000000000044210712 FIL, ClientEventBlocksReceived (DealStatusOngoing)
> Recv: 24.6 MiB, Paid 0.000000000044210712 FIL, ClientEventBlocksReceived (DealStatusOngoing)
> Recv: 24.85 MiB, Paid 0.000000000044210712 FIL, ClientEventBlocksReceived (DealStatusOngoing)
> Recv: 25.1 MiB, Paid 0.000000000044210712 FIL, ClientEventBlocksReceived (DealStatusOngoing)
> Recv: 25.35 MiB, Paid 0.000000000044210712 FIL, ClientEventBlocksReceived (DealStatusOngoing)
> Recv: 25.6 MiB, Paid 0.000000000044210712 FIL, ClientEventBlocksReceived (DealStatusOngoing)
> Recv: 25.85 MiB, Paid 0.000000000044210712 FIL, ClientEventBlocksReceived (DealStatusOngoing)
> Recv: 26.1 MiB, Paid 0.000000000044210712 FIL, ClientEventBlocksReceived (DealStatusOngoing)
> Recv: 26.35 MiB, Paid 0.000000000044210712 FIL, ClientEventBlocksReceived (DealStatusOngoing)
> Recv: 26.6 MiB, Paid 0.000000000044210712 FIL, ClientEventBlocksReceived (DealStatusOngoing)
> Recv: 26.85 MiB, Paid 0.000000000044210712 FIL, ClientEventBlocksReceived (DealStatusOngoing)
> Recv: 27.1 MiB, Paid 0.000000000044210712 FIL, ClientEventBlocksReceived (DealStatusOngoing)
> Recv: 27.35 MiB, Paid 0.000000000044210712 FIL, ClientEventBlocksReceived (DealStatusOngoing)
> Recv: 27.6 MiB, Paid 0.000000000044210712 FIL, ClientEventBlocksReceived (DealStatusOngoing)
> Recv: 27.6 MiB, Paid 0.000000000044210712 FIL, ClientEventPaymentRequested (DealStatusFundsNeeded)
> Recv: 27.85 MiB, Paid 0.000000000044210712 FIL, ClientEventBlocksReceived (DealStatusFundsNeeded)
> Recv: 28.1 MiB, Paid 0.000000000044210712 FIL, ClientEventBlocksReceived (DealStatusFundsNeeded)
> Recv: 28.1 MiB, Paid 0.000000000044210712 FIL, ClientEventSendFunds (DealStatusSendFunds)
> Recv: 28.1 MiB, Paid 0.000000000058932054 FIL, ClientEventPaymentSent (DealStatusOngoing)
> Recv: 28.35 MiB, Paid 0.000000000058932054 FIL, ClientEventBlocksReceived (DealStatusOngoing)
> Recv: 28.6 MiB, Paid 0.000000000058932054 FIL, ClientEventBlocksReceived (DealStatusOngoing)
> Recv: 28.62 MiB, Paid 0.000000000058932054 FIL, ClientEventBlocksReceived (DealStatusOngoing)
> Recv: 28.62 MiB, Paid 0.000000000058932054 FIL, ClientEventBlocksReceived (DealStatusOngoing)
> Recv: 28.87 MiB, Paid 0.000000000058932054 FIL, ClientEventBlocksReceived (DealStatusOngoing)
> Recv: 29.12 MiB, Paid 0.000000000058932054 FIL, ClientEventBlocksReceived (DealStatusOngoing)
> Recv: 29.37 MiB, Paid 0.000000000058932054 FIL, ClientEventBlocksReceived (DealStatusOngoing)
> Recv: 29.62 MiB, Paid 0.000000000058932054 FIL, ClientEventBlocksReceived (DealStatusOngoing)
> Recv: 29.87 MiB, Paid 0.000000000058932054 FIL, ClientEventBlocksReceived (DealStatusOngoing)
> Recv: 30.12 MiB, Paid 0.000000000058932054 FIL, ClientEventBlocksReceived (DealStatusOngoing)
> Recv: 30.37 MiB, Paid 0.000000000058932054 FIL, ClientEventBlocksReceived (DealStatusOngoing)
> Recv: 30.62 MiB, Paid 0.000000000058932054 FIL, ClientEventBlocksReceived (DealStatusOngoing)
> Recv: 30.87 MiB, Paid 0.000000000058932054 FIL, ClientEventBlocksReceived (DealStatusOngoing)
> Recv: 31.12 MiB, Paid 0.000000000058932054 FIL, ClientEventBlocksReceived (DealStatusOngoing)
> Recv: 31.37 MiB, Paid 0.000000000058932054 FIL, ClientEventBlocksReceived (DealStatusOngoing)
> Recv: 31.62 MiB, Paid 0.000000000058932054 FIL, ClientEventBlocksReceived (DealStatusOngoing)
> Recv: 31.87 MiB, Paid 0.000000000058932054 FIL, ClientEventBlocksReceived (DealStatusOngoing)
> Recv: 32.12 MiB, Paid 0.000000000058932054 FIL, ClientEventBlocksReceived (DealStatusOngoing)
> Recv: 32.37 MiB, Paid 0.000000000058932054 FIL, ClientEventBlocksReceived (DealStatusOngoing)
> Recv: 32.62 MiB, Paid 0.000000000058932054 FIL, ClientEventBlocksReceived (DealStatusOngoing)
> Recv: 32.87 MiB, Paid 0.000000000058932054 FIL, ClientEventBlocksReceived (DealStatusOngoing)
> Recv: 33.12 MiB, Paid 0.000000000058932054 FIL, ClientEventBlocksReceived (DealStatusOngoing)
> Recv: 33.37 MiB, Paid 0.000000000058932054 FIL, ClientEventBlocksReceived (DealStatusOngoing)
> Recv: 33.39 MiB, Paid 0.000000000058932054 FIL, ClientEventBlocksReceived (DealStatusOngoing)
> Recv: 33.39 MiB, Paid 0.000000000058932054 FIL, ClientEventBlocksReceived (DealStatusOngoing)
> Recv: 33.64 MiB, Paid 0.000000000058932054 FIL, ClientEventBlocksReceived (DealStatusOngoing)
> Recv: 33.89 MiB, Paid 0.000000000058932054 FIL, ClientEventBlocksReceived (DealStatusOngoing)
> Recv: 34.14 MiB, Paid 0.000000000058932054 FIL, ClientEventBlocksReceived (DealStatusOngoing)
> Recv: 34.39 MiB, Paid 0.000000000058932054 FIL, ClientEventBlocksReceived (DealStatusOngoing)
> Recv: 34.64 MiB, Paid 0.000000000058932054 FIL, ClientEventBlocksReceived (DealStatusOngoing)
> Recv: 34.89 MiB, Paid 0.000000000058932054 FIL, ClientEventBlocksReceived (DealStatusOngoing)
> Recv: 35.14 MiB, Paid 0.000000000058932054 FIL, ClientEventBlocksReceived (DealStatusOngoing)
> Recv: 35.39 MiB, Paid 0.000000000058932054 FIL, ClientEventBlocksReceived (DealStatusOngoing)
> Recv: 35.64 MiB, Paid 0.000000000058932054 FIL, ClientEventBlocksReceived (DealStatusOngoing)
> Recv: 35.89 MiB, Paid 0.000000000058932054 FIL, ClientEventBlocksReceived (DealStatusOngoing)
> Recv: 35.89 MiB, Paid 0.000000000058932054 FIL, ClientEventPaymentRequested (DealStatusFundsNeeded)
> Recv: 36.14 MiB, Paid 0.000000000058932054 FIL, ClientEventBlocksReceived (DealStatusFundsNeeded)
> Recv: 36.14 MiB, Paid 0.000000000058932054 FIL, ClientEventSendFunds (DealStatusSendFunds)
> Recv: 36.14 MiB, Paid 0.000000000075791154 FIL, ClientEventPaymentSent (DealStatusOngoing)
> Recv: 36.39 MiB, Paid 0.000000000075791154 FIL, ClientEventBlocksReceived (DealStatusOngoing)
> Recv: 36.64 MiB, Paid 0.000000000075791154 FIL, ClientEventBlocksReceived (DealStatusOngoing)
> Recv: 36.89 MiB, Paid 0.000000000075791154 FIL, ClientEventBlocksReceived (DealStatusOngoing)
> Recv: 37.14 MiB, Paid 0.000000000075791154 FIL, ClientEventBlocksReceived (DealStatusOngoing)
> Recv: 37.39 MiB, Paid 0.000000000075791154 FIL, ClientEventBlocksReceived (DealStatusOngoing)
> Recv: 37.64 MiB, Paid 0.000000000075791154 FIL, ClientEventBlocksReceived (DealStatusOngoing)
> Recv: 37.89 MiB, Paid 0.000000000075791154 FIL, ClientEventBlocksReceived (DealStatusOngoing)
> Recv: 38.14 MiB, Paid 0.000000000075791154 FIL, ClientEventBlocksReceived (DealStatusOngoing)
> Recv: 38.16 MiB, Paid 0.000000000075791154 FIL, ClientEventBlocksReceived (DealStatusOngoing)
> Recv: 38.16 MiB, Paid 0.000000000075791154 FIL, ClientEventBlocksReceived (DealStatusOngoing)
> Recv: 38.41 MiB, Paid 0.000000000075791154 FIL, ClientEventBlocksReceived (DealStatusOngoing)
> Recv: 38.66 MiB, Paid 0.000000000075791154 FIL, ClientEventBlocksReceived (DealStatusOngoing)
> Recv: 38.91 MiB, Paid 0.000000000075791154 FIL, ClientEventBlocksReceived (DealStatusOngoing)
> Recv: 39.16 MiB, Paid 0.000000000075791154 FIL, ClientEventBlocksReceived (DealStatusOngoing)
> Recv: 39.41 MiB, Paid 0.000000000075791154 FIL, ClientEventBlocksReceived (DealStatusOngoing)
> Recv: 39.66 MiB, Paid 0.000000000075791154 FIL, ClientEventBlocksReceived (DealStatusOngoing)
> Recv: 39.91 MiB, Paid 0.000000000075791154 FIL, ClientEventBlocksReceived (DealStatusOngoing)
> Recv: 40.16 MiB, Paid 0.000000000075791154 FIL, ClientEventBlocksReceived (DealStatusOngoing)
> Recv: 40.41 MiB, Paid 0.000000000075791154 FIL, ClientEventBlocksReceived (DealStatusOngoing)
> Recv: 40.66 MiB, Paid 0.000000000075791154 FIL, ClientEventBlocksReceived (DealStatusOngoing)
> Recv: 40.91 MiB, Paid 0.000000000075791154 FIL, ClientEventBlocksReceived (DealStatusOngoing)
> Recv: 41.16 MiB, Paid 0.000000000075791154 FIL, ClientEventBlocksReceived (DealStatusOngoing)
> Recv: 41.41 MiB, Paid 0.000000000075791154 FIL, ClientEventBlocksReceived (DealStatusOngoing)
> Recv: 41.66 MiB, Paid 0.000000000075791154 FIL, ClientEventBlocksReceived (DealStatusOngoing)
> Recv: 41.91 MiB, Paid 0.000000000075791154 FIL, ClientEventBlocksReceived (DealStatusOngoing)
> Recv: 42.16 MiB, Paid 0.000000000075791154 FIL, ClientEventBlocksReceived (DealStatusOngoing)
> Recv: 42.41 MiB, Paid 0.000000000075791154 FIL, ClientEventBlocksReceived (DealStatusOngoing)
> Recv: 42.66 MiB, Paid 0.000000000075791154 FIL, ClientEventBlocksReceived (DealStatusOngoing)
> Recv: 42.91 MiB, Paid 0.000000000075791154 FIL, ClientEventBlocksReceived (DealStatusOngoing)
> Recv: 42.93 MiB, Paid 0.000000000075791154 FIL, ClientEventBlocksReceived (DealStatusOngoing)
> Recv: 42.93 MiB, Paid 0.000000000075791154 FIL, ClientEventBlocksReceived (DealStatusOngoing)
> Recv: 43.18 MiB, Paid 0.000000000075791154 FIL, ClientEventBlocksReceived (DealStatusOngoing)
> Recv: 43.43 MiB, Paid 0.000000000075791154 FIL, ClientEventBlocksReceived (DealStatusOngoing)
> Recv: 43.68 MiB, Paid 0.000000000075791154 FIL, ClientEventBlocksReceived (DealStatusOngoing)
> Recv: 43.93 MiB, Paid 0.000000000075791154 FIL, ClientEventBlocksReceived (DealStatusOngoing)
> Recv: 44.18 MiB, Paid 0.000000000075791154 FIL, ClientEventBlocksReceived (DealStatusOngoing)
> Recv: 44.43 MiB, Paid 0.000000000075791154 FIL, ClientEventBlocksReceived (DealStatusOngoing)
> Recv: 44.68 MiB, Paid 0.000000000075791154 FIL, ClientEventBlocksReceived (DealStatusOngoing)
> Recv: 44.93 MiB, Paid 0.000000000075791154 FIL, ClientEventBlocksReceived (DealStatusOngoing)
> Recv: 44.93 MiB, Paid 0.000000000075791154 FIL, ClientEventPaymentRequested (DealStatusFundsNeeded)
> Recv: 45.18 MiB, Paid 0.000000000075791154 FIL, ClientEventBlocksReceived (DealStatusFundsNeeded)
> Recv: 45.18 MiB, Paid 0.000000000075791154 FIL, ClientEventSendFunds (DealStatusSendFunds)
> Recv: 45.18 MiB, Paid 0.000000000094747518 FIL, ClientEventPaymentSent (DealStatusOngoing)
> Recv: 45.43 MiB, Paid 0.000000000094747518 FIL, ClientEventBlocksReceived (DealStatusOngoing)
> Recv: 45.68 MiB, Paid 0.000000000094747518 FIL, ClientEventBlocksReceived (DealStatusOngoing)
> Recv: 45.93 MiB, Paid 0.000000000094747518 FIL, ClientEventBlocksReceived (DealStatusOngoing)
> Recv: 46.18 MiB, Paid 0.000000000094747518 FIL, ClientEventBlocksReceived (DealStatusOngoing)
> Recv: 46.43 MiB, Paid 0.000000000094747518 FIL, ClientEventBlocksReceived (DealStatusOngoing)
> Recv: 46.68 MiB, Paid 0.000000000094747518 FIL, ClientEventBlocksReceived (DealStatusOngoing)
> Recv: 46.93 MiB, Paid 0.000000000094747518 FIL, ClientEventBlocksReceived (DealStatusOngoing)
> Recv: 47.18 MiB, Paid 0.000000000094747518 FIL, ClientEventBlocksReceived (DealStatusOngoing)
> Recv: 47.43 MiB, Paid 0.000000000094747518 FIL, ClientEventBlocksReceived (DealStatusOngoing)
> Recv: 47.68 MiB, Paid 0.000000000094747518 FIL, ClientEventBlocksReceived (DealStatusOngoing)
> Recv: 47.7 MiB, Paid 0.000000000094747518 FIL, ClientEventBlocksReceived (DealStatusOngoing)
> Recv: 47.7 MiB, Paid 0.000000000094747518 FIL, ClientEventBlocksReceived (DealStatusOngoing)
> Recv: 47.95 MiB, Paid 0.000000000094747518 FIL, ClientEventBlocksReceived (DealStatusOngoing)
> Recv: 48.2 MiB, Paid 0.000000000094747518 FIL, ClientEventBlocksReceived (DealStatusOngoing)
> Recv: 48.45 MiB, Paid 0.000000000094747518 FIL, ClientEventBlocksReceived (DealStatusOngoing)
> Recv: 48.7 MiB, Paid 0.000000000094747518 FIL, ClientEventBlocksReceived (DealStatusOngoing)
> Recv: 48.95 MiB, Paid 0.000000000094747518 FIL, ClientEventBlocksReceived (DealStatusOngoing)
> Recv: 49.2 MiB, Paid 0.000000000094747518 FIL, ClientEventBlocksReceived (DealStatusOngoing)
> Recv: 49.45 MiB, Paid 0.000000000094747518 FIL, ClientEventBlocksReceived (DealStatusOngoing)
> Recv: 49.7 MiB, Paid 0.000000000094747518 FIL, ClientEventBlocksReceived (DealStatusOngoing)
> Recv: 49.95 MiB, Paid 0.000000000094747518 FIL, ClientEventBlocksReceived (DealStatusOngoing)
> Recv: 50.2 MiB, Paid 0.000000000094747518 FIL, ClientEventBlocksReceived (DealStatusOngoing)
> Recv: 50.45 MiB, Paid 0.000000000094747518 FIL, ClientEventBlocksReceived (DealStatusOngoing)
> Recv: 50.7 MiB, Paid 0.000000000094747518 FIL, ClientEventBlocksReceived (DealStatusOngoing)
> Recv: 50.95 MiB, Paid 0.000000000094747518 FIL, ClientEventBlocksReceived (DealStatusOngoing)
> Recv: 51.2 MiB, Paid 0.000000000094747518 FIL, ClientEventBlocksReceived (DealStatusOngoing)
> Recv: 51.45 MiB, Paid 0.000000000094747518 FIL, ClientEventBlocksReceived (DealStatusOngoing)
> Recv: 51.7 MiB, Paid 0.000000000094747518 FIL, ClientEventBlocksReceived (DealStatusOngoing)
> Recv: 51.95 MiB, Paid 0.000000000094747518 FIL, ClientEventBlocksReceived (DealStatusOngoing)
> Recv: 52.2 MiB, Paid 0.000000000094747518 FIL, ClientEventBlocksReceived (DealStatusOngoing)
> Recv: 52.45 MiB, Paid 0.000000000094747518 FIL, ClientEventBlocksReceived (DealStatusOngoing)
> Recv: 52.47 MiB, Paid 0.000000000094747518 FIL, ClientEventBlocksReceived (DealStatusOngoing)
> Recv: 52.47 MiB, Paid 0.000000000094747518 FIL, ClientEventBlocksReceived (DealStatusOngoing)
> Recv: 52.72 MiB, Paid 0.000000000094747518 FIL, ClientEventBlocksReceived (DealStatusOngoing)
> Recv: 52.97 MiB, Paid 0.000000000094747518 FIL, ClientEventBlocksReceived (DealStatusOngoing)
> Recv: 53.22 MiB, Paid 0.000000000094747518 FIL, ClientEventBlocksReceived (DealStatusOngoing)
> Recv: 53.47 MiB, Paid 0.000000000094747518 FIL, ClientEventBlocksReceived (DealStatusOngoing)
> Recv: 53.72 MiB, Paid 0.000000000094747518 FIL, ClientEventBlocksReceived (DealStatusOngoing)
> Recv: 53.97 MiB, Paid 0.000000000094747518 FIL, ClientEventBlocksReceived (DealStatusOngoing)
> Recv: 54.22 MiB, Paid 0.000000000094747518 FIL, ClientEventBlocksReceived (DealStatusOngoing)
> Recv: 54.47 MiB, Paid 0.000000000094747518 FIL, ClientEventBlocksReceived (DealStatusOngoing)
> Recv: 54.72 MiB, Paid 0.000000000094747518 FIL, ClientEventBlocksReceived (DealStatusOngoing)
> Recv: 54.72 MiB, Paid 0.000000000094747518 FIL, ClientEventPaymentRequested (DealStatusFundsNeeded)
> Recv: 54.97 MiB, Paid 0.000000000094747518 FIL, ClientEventBlocksReceived (DealStatusFundsNeeded)
> Recv: 55.22 MiB, Paid 0.000000000094747518 FIL, ClientEventBlocksReceived (DealStatusFundsNeeded)
> Recv: 55.22 MiB, Paid 0.000000000094747518 FIL, ClientEventSendFunds (DealStatusSendFunds)
> Recv: 55.22 MiB, Paid 0.000000000115801146 FIL, ClientEventPaymentSent (DealStatusOngoing)
> Recv: 55.47 MiB, Paid 0.000000000115801146 FIL, ClientEventBlocksReceived (DealStatusOngoing)
> Recv: 55.72 MiB, Paid 0.000000000115801146 FIL, ClientEventBlocksReceived (DealStatusOngoing)
> Recv: 55.97 MiB, Paid 0.000000000115801146 FIL, ClientEventBlocksReceived (DealStatusOngoing)
> Recv: 56.22 MiB, Paid 0.000000000115801146 FIL, ClientEventBlocksReceived (DealStatusOngoing)
> Recv: 56.47 MiB, Paid 0.000000000115801146 FIL, ClientEventBlocksReceived (DealStatusOngoing)
> Recv: 56.72 MiB, Paid 0.000000000115801146 FIL, ClientEventBlocksReceived (DealStatusOngoing)
> Recv: 56.97 MiB, Paid 0.000000000115801146 FIL, ClientEventBlocksReceived (DealStatusOngoing)
> Recv: 57.22 MiB, Paid 0.000000000115801146 FIL, ClientEventBlocksReceived (DealStatusOngoing)
> Recv: 57.24 MiB, Paid 0.000000000115801146 FIL, ClientEventBlocksReceived (DealStatusOngoing)
> Recv: 57.24 MiB, Paid 0.000000000115801146 FIL, ClientEventBlocksReceived (DealStatusOngoing)
> Recv: 57.49 MiB, Paid 0.000000000115801146 FIL, ClientEventBlocksReceived (DealStatusOngoing)
> Recv: 57.74 MiB, Paid 0.000000000115801146 FIL, ClientEventBlocksReceived (DealStatusOngoing)
> Recv: 57.99 MiB, Paid 0.000000000115801146 FIL, ClientEventBlocksReceived (DealStatusOngoing)
> Recv: 58.24 MiB, Paid 0.000000000115801146 FIL, ClientEventBlocksReceived (DealStatusOngoing)
> Recv: 58.49 MiB, Paid 0.000000000115801146 FIL, ClientEventBlocksReceived (DealStatusOngoing)
> Recv: 58.74 MiB, Paid 0.000000000115801146 FIL, ClientEventBlocksReceived (DealStatusOngoing)
> Recv: 58.99 MiB, Paid 0.000000000115801146 FIL, ClientEventBlocksReceived (DealStatusOngoing)
> Recv: 59.24 MiB, Paid 0.000000000115801146 FIL, ClientEventBlocksReceived (DealStatusOngoing)
> Recv: 59.49 MiB, Paid 0.000000000115801146 FIL, ClientEventBlocksReceived (DealStatusOngoing)
> Recv: 59.74 MiB, Paid 0.000000000115801146 FIL, ClientEventBlocksReceived (DealStatusOngoing)
> Recv: 59.99 MiB, Paid 0.000000000115801146 FIL, ClientEventBlocksReceived (DealStatusOngoing)
> Recv: 60.24 MiB, Paid 0.000000000115801146 FIL, ClientEventBlocksReceived (DealStatusOngoing)
> Recv: 60.49 MiB, Paid 0.000000000115801146 FIL, ClientEventBlocksReceived (DealStatusOngoing)
> Recv: 60.74 MiB, Paid 0.000000000115801146 FIL, ClientEventBlocksReceived (DealStatusOngoing)
> Recv: 60.99 MiB, Paid 0.000000000115801146 FIL, ClientEventBlocksReceived (DealStatusOngoing)
> Recv: 61.24 MiB, Paid 0.000000000115801146 FIL, ClientEventBlocksReceived (DealStatusOngoing)
> Recv: 61.49 MiB, Paid 0.000000000115801146 FIL, ClientEventBlocksReceived (DealStatusOngoing)
> Recv: 61.74 MiB, Paid 0.000000000115801146 FIL, ClientEventBlocksReceived (DealStatusOngoing)
> Recv: 61.99 MiB, Paid 0.000000000115801146 FIL, ClientEventBlocksReceived (DealStatusOngoing)
> Recv: 62.01 MiB, Paid 0.000000000115801146 FIL, ClientEventBlocksReceived (DealStatusOngoing)
> Recv: 62.01 MiB, Paid 0.000000000115801146 FIL, ClientEventBlocksReceived (DealStatusOngoing)
> Recv: 62.26 MiB, Paid 0.000000000115801146 FIL, ClientEventBlocksReceived (DealStatusOngoing)
> Recv: 62.51 MiB, Paid 0.000000000115801146 FIL, ClientEventBlocksReceived (DealStatusOngoing)
> Recv: 62.76 MiB, Paid 0.000000000115801146 FIL, ClientEventBlocksReceived (DealStatusOngoing)
> Recv: 63.01 MiB, Paid 0.000000000115801146 FIL, ClientEventBlocksReceived (DealStatusOngoing)
> Recv: 63.26 MiB, Paid 0.000000000115801146 FIL, ClientEventBlocksReceived (DealStatusOngoing)
> Recv: 63.51 MiB, Paid 0.000000000115801146 FIL, ClientEventBlocksReceived (DealStatusOngoing)
> Recv: 63.76 MiB, Paid 0.000000000115801146 FIL, ClientEventBlocksReceived (DealStatusOngoing)
> Recv: 64.01 MiB, Paid 0.000000000115801146 FIL, ClientEventBlocksReceived (DealStatusOngoing)
> Recv: 64.26 MiB, Paid 0.000000000115801146 FIL, ClientEventBlocksReceived (DealStatusOngoing)
> Recv: 64.51 MiB, Paid 0.000000000115801146 FIL, ClientEventBlocksReceived (DealStatusOngoing)
> Recv: 64.76 MiB, Paid 0.000000000115801146 FIL, ClientEventBlocksReceived (DealStatusOngoing)
> Recv: 65.01 MiB, Paid 0.000000000115801146 FIL, ClientEventBlocksReceived (DealStatusOngoing)
> Recv: 65.26 MiB, Paid 0.000000000115801146 FIL, ClientEventBlocksReceived (DealStatusOngoing)
> Recv: 65.51 MiB, Paid 0.000000000115801146 FIL, ClientEventBlocksReceived (DealStatusOngoing)
> Recv: 65.76 MiB, Paid 0.000000000115801146 FIL, ClientEventBlocksReceived (DealStatusOngoing)
> Recv: 66.01 MiB, Paid 0.000000000115801146 FIL, ClientEventBlocksReceived (DealStatusOngoing)
> Recv: 66.01 MiB, Paid 0.000000000115801146 FIL, ClientEventPaymentRequested (DealStatusFundsNeeded)
> Recv: 66.26 MiB, Paid 0.000000000115801146 FIL, ClientEventBlocksReceived (DealStatusFundsNeeded)
> Recv: 66.26 MiB, Paid 0.000000000115801146 FIL, ClientEventSendFunds (DealStatusSendFunds)
> Recv: 66.26 MiB, Paid 0.000000000138952038 FIL, ClientEventPaymentSent (DealStatusOngoing)
> Recv: 66.51 MiB, Paid 0.000000000138952038 FIL, ClientEventBlocksReceived (DealStatusOngoing)
> Recv: 66.76 MiB, Paid 0.000000000138952038 FIL, ClientEventBlocksReceived (DealStatusOngoing)
> Recv: 66.78 MiB, Paid 0.000000000138952038 FIL, ClientEventBlocksReceived (DealStatusOngoing)
> Recv: 66.78 MiB, Paid 0.000000000138952038 FIL, ClientEventBlocksReceived (DealStatusOngoing)
> Recv: 67.03 MiB, Paid 0.000000000138952038 FIL, ClientEventBlocksReceived (DealStatusOngoing)
> Recv: 67.28 MiB, Paid 0.000000000138952038 FIL, ClientEventBlocksReceived (DealStatusOngoing)
> Recv: 67.53 MiB, Paid 0.000000000138952038 FIL, ClientEventBlocksReceived (DealStatusOngoing)
> Recv: 67.78 MiB, Paid 0.000000000138952038 FIL, ClientEventBlocksReceived (DealStatusOngoing)
> Recv: 68.03 MiB, Paid 0.000000000138952038 FIL, ClientEventBlocksReceived (DealStatusOngoing)
> Recv: 68.28 MiB, Paid 0.000000000138952038 FIL, ClientEventBlocksReceived (DealStatusOngoing)
> Recv: 68.53 MiB, Paid 0.000000000138952038 FIL, ClientEventBlocksReceived (DealStatusOngoing)
> Recv: 68.78 MiB, Paid 0.000000000138952038 FIL, ClientEventBlocksReceived (DealStatusOngoing)
> Recv: 69.03 MiB, Paid 0.000000000138952038 FIL, ClientEventBlocksReceived (DealStatusOngoing)
> Recv: 69.28 MiB, Paid 0.000000000138952038 FIL, ClientEventBlocksReceived (DealStatusOngoing)
> Recv: 69.53 MiB, Paid 0.000000000138952038 FIL, ClientEventBlocksReceived (DealStatusOngoing)
> Recv: 69.78 MiB, Paid 0.000000000138952038 FIL, ClientEventBlocksReceived (DealStatusOngoing)
> Recv: 70.03 MiB, Paid 0.000000000138952038 FIL, ClientEventBlocksReceived (DealStatusOngoing)
> Recv: 70.28 MiB, Paid 0.000000000138952038 FIL, ClientEventBlocksReceived (DealStatusOngoing)
> Recv: 70.53 MiB, Paid 0.000000000138952038 FIL, ClientEventBlocksReceived (DealStatusOngoing)
> Recv: 70.78 MiB, Paid 0.000000000138952038 FIL, ClientEventBlocksReceived (DealStatusOngoing)
> Recv: 71.03 MiB, Paid 0.000000000138952038 FIL, ClientEventBlocksReceived (DealStatusOngoing)
> Recv: 71.28 MiB, Paid 0.000000000138952038 FIL, ClientEventBlocksReceived (DealStatusOngoing)
> Recv: 71.53 MiB, Paid 0.000000000138952038 FIL, ClientEventBlocksReceived (DealStatusOngoing)
> Recv: 71.55 MiB, Paid 0.000000000138952038 FIL, ClientEventBlocksReceived (DealStatusOngoing)
> Recv: 71.55 MiB, Paid 0.000000000138952038 FIL, ClientEventBlocksReceived (DealStatusOngoing)
> Recv: 71.8 MiB, Paid 0.000000000138952038 FIL, ClientEventBlocksReceived (DealStatusOngoing)
> Recv: 72.05 MiB, Paid 0.000000000138952038 FIL, ClientEventBlocksReceived (DealStatusOngoing)
> Recv: 72.3 MiB, Paid 0.000000000138952038 FIL, ClientEventBlocksReceived (DealStatusOngoing)
> Recv: 72.55 MiB, Paid 0.000000000138952038 FIL, ClientEventBlocksReceived (DealStatusOngoing)
> Recv: 72.8 MiB, Paid 0.000000000138952038 FIL, ClientEventBlocksReceived (DealStatusOngoing)
> Recv: 73.05 MiB, Paid 0.000000000138952038 FIL, ClientEventBlocksReceived (DealStatusOngoing)
> Recv: 73.3 MiB, Paid 0.000000000138952038 FIL, ClientEventBlocksReceived (DealStatusOngoing)
> Recv: 73.55 MiB, Paid 0.000000000138952038 FIL, ClientEventBlocksReceived (DealStatusOngoing)
> Recv: 73.8 MiB, Paid 0.000000000138952038 FIL, ClientEventBlocksReceived (DealStatusOngoing)
> Recv: 74.05 MiB, Paid 0.000000000138952038 FIL, ClientEventBlocksReceived (DealStatusOngoing)
> Recv: 74.3 MiB, Paid 0.000000000138952038 FIL, ClientEventBlocksReceived (DealStatusOngoing)
> Recv: 74.55 MiB, Paid 0.000000000138952038 FIL, ClientEventBlocksReceived (DealStatusOngoing)
> Recv: 74.8 MiB, Paid 0.000000000138952038 FIL, ClientEventBlocksReceived (DealStatusOngoing)
> Recv: 75.05 MiB, Paid 0.000000000138952038 FIL, ClientEventBlocksReceived (DealStatusOngoing)
> Recv: 75.3 MiB, Paid 0.000000000138952038 FIL, ClientEventBlocksReceived (DealStatusOngoing)
> Recv: 75.55 MiB, Paid 0.000000000138952038 FIL, ClientEventBlocksReceived (DealStatusOngoing)
> Recv: 75.8 MiB, Paid 0.000000000138952038 FIL, ClientEventBlocksReceived (DealStatusOngoing)
> Recv: 76.05 MiB, Paid 0.000000000138952038 FIL, ClientEventBlocksReceived (DealStatusOngoing)
> Recv: 76.3 MiB, Paid 0.000000000138952038 FIL, ClientEventBlocksReceived (DealStatusOngoing)
> Recv: 76.32 MiB, Paid 0.000000000138952038 FIL, ClientEventBlocksReceived (DealStatusOngoing)
> Recv: 76.32 MiB, Paid 0.000000000138952038 FIL, ClientEventBlocksReceived (DealStatusOngoing)
> Recv: 76.57 MiB, Paid 0.000000000138952038 FIL, ClientEventBlocksReceived (DealStatusOngoing)
> Recv: 76.82 MiB, Paid 0.000000000138952038 FIL, ClientEventBlocksReceived (DealStatusOngoing)
> Recv: 77.07 MiB, Paid 0.000000000138952038 FIL, ClientEventBlocksReceived (DealStatusOngoing)
> Recv: 77.32 MiB, Paid 0.000000000138952038 FIL, ClientEventBlocksReceived (DealStatusOngoing)
> Recv: 77.57 MiB, Paid 0.000000000138952038 FIL, ClientEventBlocksReceived (DealStatusOngoing)
> Recv: 77.82 MiB, Paid 0.000000000138952038 FIL, ClientEventBlocksReceived (DealStatusOngoing)
> Recv: 78.07 MiB, Paid 0.000000000138952038 FIL, ClientEventBlocksReceived (DealStatusOngoing)
> Recv: 78.07 MiB, Paid 0.000000000138952038 FIL, ClientEventPaymentRequested (DealStatusFundsNeeded)
> Recv: 78.32 MiB, Paid 0.000000000138952038 FIL, ClientEventBlocksReceived (DealStatusFundsNeeded)
> Recv: 78.32 MiB, Paid 0.000000000138952038 FIL, ClientEventSendFunds (DealStatusSendFunds)
> Recv: 78.32 MiB, Paid 0.000000000164240688 FIL, ClientEventPaymentSent (DealStatusOngoing)
> Recv: 78.57 MiB, Paid 0.000000000164240688 FIL, ClientEventBlocksReceived (DealStatusOngoing)
> Recv: 78.82 MiB, Paid 0.000000000164240688 FIL, ClientEventBlocksReceived (DealStatusOngoing)
> Recv: 79.07 MiB, Paid 0.000000000164240688 FIL, ClientEventBlocksReceived (DealStatusOngoing)
> Recv: 79.32 MiB, Paid 0.000000000164240688 FIL, ClientEventBlocksReceived (DealStatusOngoing)
> Recv: 79.57 MiB, Paid 0.000000000164240688 FIL, ClientEventBlocksReceived (DealStatusOngoing)
> Recv: 79.82 MiB, Paid 0.000000000164240688 FIL, ClientEventBlocksReceived (DealStatusOngoing)
> Recv: 80.07 MiB, Paid 0.000000000164240688 FIL, ClientEventBlocksReceived (DealStatusOngoing)
> Recv: 80.32 MiB, Paid 0.000000000164240688 FIL, ClientEventBlocksReceived (DealStatusOngoing)
> Recv: 80.57 MiB, Paid 0.000000000164240688 FIL, ClientEventBlocksReceived (DealStatusOngoing)
> Recv: 80.82 MiB, Paid 0.000000000164240688 FIL, ClientEventBlocksReceived (DealStatusOngoing)
> Recv: 81.07 MiB, Paid 0.000000000164240688 FIL, ClientEventBlocksReceived (DealStatusOngoing)
> Recv: 81.08 MiB, Paid 0.000000000164240688 FIL, ClientEventBlocksReceived (DealStatusOngoing)
> Recv: 81.09 MiB, Paid 0.000000000164240688 FIL, ClientEventBlocksReceived (DealStatusOngoing)
> Recv: 81.34 MiB, Paid 0.000000000164240688 FIL, ClientEventBlocksReceived (DealStatusOngoing)
> Recv: 81.59 MiB, Paid 0.000000000164240688 FIL, ClientEventBlocksReceived (DealStatusOngoing)
> Recv: 81.84 MiB, Paid 0.000000000164240688 FIL, ClientEventBlocksReceived (DealStatusOngoing)
> Recv: 82.09 MiB, Paid 0.000000000164240688 FIL, ClientEventBlocksReceived (DealStatusOngoing)
> Recv: 82.34 MiB, Paid 0.000000000164240688 FIL, ClientEventBlocksReceived (DealStatusOngoing)
> Recv: 82.59 MiB, Paid 0.000000000164240688 FIL, ClientEventBlocksReceived (DealStatusOngoing)
> Recv: 82.84 MiB, Paid 0.000000000164240688 FIL, ClientEventBlocksReceived (DealStatusOngoing)
> Recv: 83.09 MiB, Paid 0.000000000164240688 FIL, ClientEventBlocksReceived (DealStatusOngoing)
> Recv: 83.34 MiB, Paid 0.000000000164240688 FIL, ClientEventBlocksReceived (DealStatusOngoing)
> Recv: 83.59 MiB, Paid 0.000000000164240688 FIL, ClientEventBlocksReceived (DealStatusOngoing)
> Recv: 83.84 MiB, Paid 0.000000000164240688 FIL, ClientEventBlocksReceived (DealStatusOngoing)
> Recv: 84.09 MiB, Paid 0.000000000164240688 FIL, ClientEventBlocksReceived (DealStatusOngoing)
> Recv: 84.34 MiB, Paid 0.000000000164240688 FIL, ClientEventBlocksReceived (DealStatusOngoing)
> Recv: 84.59 MiB, Paid 0.000000000164240688 FIL, ClientEventBlocksReceived (DealStatusOngoing)
> Recv: 84.84 MiB, Paid 0.000000000164240688 FIL, ClientEventBlocksReceived (DealStatusOngoing)
> Recv: 85.09 MiB, Paid 0.000000000164240688 FIL, ClientEventBlocksReceived (DealStatusOngoing)
> Recv: 85.34 MiB, Paid 0.000000000164240688 FIL, ClientEventBlocksReceived (DealStatusOngoing)
> Recv: 85.59 MiB, Paid 0.000000000164240688 FIL, ClientEventBlocksReceived (DealStatusOngoing)
> Recv: 85.84 MiB, Paid 0.000000000164240688 FIL, ClientEventBlocksReceived (DealStatusOngoing)
> Recv: 85.85 MiB, Paid 0.000000000164240688 FIL, ClientEventBlocksReceived (DealStatusOngoing)
> Recv: 85.86 MiB, Paid 0.000000000164240688 FIL, ClientEventBlocksReceived (DealStatusOngoing)
> Recv: 86.11 MiB, Paid 0.000000000164240688 FIL, ClientEventBlocksReceived (DealStatusOngoing)
> Recv: 86.36 MiB, Paid 0.000000000164240688 FIL, ClientEventBlocksReceived (DealStatusOngoing)
> Recv: 86.61 MiB, Paid 0.000000000164240688 FIL, ClientEventBlocksReceived (DealStatusOngoing)
> Recv: 86.86 MiB, Paid 0.000000000164240688 FIL, ClientEventBlocksReceived (DealStatusOngoing)
> Recv: 87.11 MiB, Paid 0.000000000164240688 FIL, ClientEventBlocksReceived (DealStatusOngoing)
> Recv: 87.36 MiB, Paid 0.000000000164240688 FIL, ClientEventBlocksReceived (DealStatusOngoing)
> Recv: 87.61 MiB, Paid 0.000000000164240688 FIL, ClientEventBlocksReceived (DealStatusOngoing)
> Recv: 87.86 MiB, Paid 0.000000000164240688 FIL, ClientEventBlocksReceived (DealStatusOngoing)
> Recv: 88.11 MiB, Paid 0.000000000164240688 FIL, ClientEventBlocksReceived (DealStatusOngoing)
> Recv: 88.36 MiB, Paid 0.000000000164240688 FIL, ClientEventBlocksReceived (DealStatusOngoing)
> Recv: 88.61 MiB, Paid 0.000000000164240688 FIL, ClientEventBlocksReceived (DealStatusOngoing)
> Recv: 88.86 MiB, Paid 0.000000000164240688 FIL, ClientEventBlocksReceived (DealStatusOngoing)
> Recv: 89.11 MiB, Paid 0.000000000164240688 FIL, ClientEventBlocksReceived (DealStatusOngoing)
> Recv: 89.36 MiB, Paid 0.000000000164240688 FIL, ClientEventBlocksReceived (DealStatusOngoing)
> Recv: 89.61 MiB, Paid 0.000000000164240688 FIL, ClientEventBlocksReceived (DealStatusOngoing)
> Recv: 89.86 MiB, Paid 0.000000000164240688 FIL, ClientEventBlocksReceived (DealStatusOngoing)
> Recv: 90.11 MiB, Paid 0.000000000164240688 FIL, ClientEventBlocksReceived (DealStatusOngoing)
> Recv: 90.36 MiB, Paid 0.000000000164240688 FIL, ClientEventBlocksReceived (DealStatusOngoing)
> Recv: 90.61 MiB, Paid 0.000000000164240688 FIL, ClientEventBlocksReceived (DealStatusOngoing)
> Recv: 90.62 MiB, Paid 0.000000000164240688 FIL, ClientEventBlocksReceived (DealStatusOngoing)
> Recv: 90.62 MiB, Paid 0.000000000164240688 FIL, ClientEventBlocksReceived (DealStatusOngoing)
> Recv: 90.87 MiB, Paid 0.000000000164240688 FIL, ClientEventBlocksReceived (DealStatusOngoing)
> Recv: 91.12 MiB, Paid 0.000000000164240688 FIL, ClientEventBlocksReceived (DealStatusOngoing)
> Recv: 91.12 MiB, Paid 0.000000000164240688 FIL, ClientEventPaymentRequested (DealStatusFundsNeeded)
> Recv: 91.37 MiB, Paid 0.000000000164240688 FIL, ClientEventBlocksReceived (DealStatusFundsNeeded)
> Recv: 91.37 MiB, Paid 0.000000000164240688 FIL, ClientEventSendFunds (DealStatusSendFunds)
> Recv: 91.37 MiB, Paid 0.000000000191626602 FIL, ClientEventPaymentSent (DealStatusOngoing)
> Recv: 91.62 MiB, Paid 0.000000000191626602 FIL, ClientEventBlocksReceived (DealStatusOngoing)
> Recv: 91.87 MiB, Paid 0.000000000191626602 FIL, ClientEventBlocksReceived (DealStatusOngoing)
> Recv: 92.12 MiB, Paid 0.000000000191626602 FIL, ClientEventBlocksReceived (DealStatusOngoing)
> Recv: 92.37 MiB, Paid 0.000000000191626602 FIL, ClientEventBlocksReceived (DealStatusOngoing)
> Recv: 92.62 MiB, Paid 0.000000000191626602 FIL, ClientEventBlocksReceived (DealStatusOngoing)
> Recv: 92.87 MiB, Paid 0.000000000191626602 FIL, ClientEventBlocksReceived (DealStatusOngoing)
> Recv: 93.12 MiB, Paid 0.000000000191626602 FIL, ClientEventBlocksReceived (DealStatusOngoing)
> Recv: 93.37 MiB, Paid 0.000000000191626602 FIL, ClientEventBlocksReceived (DealStatusOngoing)
> Recv: 93.62 MiB, Paid 0.000000000191626602 FIL, ClientEventBlocksReceived (DealStatusOngoing)
> Recv: 93.87 MiB, Paid 0.000000000191626602 FIL, ClientEventBlocksReceived (DealStatusOngoing)
> Recv: 94.12 MiB, Paid 0.000000000191626602 FIL, ClientEventBlocksReceived (DealStatusOngoing)
> Recv: 94.37 MiB, Paid 0.000000000191626602 FIL, ClientEventBlocksReceived (DealStatusOngoing)
> Recv: 94.62 MiB, Paid 0.000000000191626602 FIL, ClientEventBlocksReceived (DealStatusOngoing)
> Recv: 94.87 MiB, Paid 0.000000000191626602 FIL, ClientEventBlocksReceived (DealStatusOngoing)
> Recv: 95.12 MiB, Paid 0.000000000191626602 FIL, ClientEventBlocksReceived (DealStatusOngoing)
> Recv: 95.37 MiB, Paid 0.000000000191626602 FIL, ClientEventBlocksReceived (DealStatusOngoing)
> Recv: 95.39 MiB, Paid 0.000000000191626602 FIL, ClientEventBlocksReceived (DealStatusOngoing)
> Recv: 95.39 MiB, Paid 0.000000000191626602 FIL, ClientEventBlocksReceived (DealStatusOngoing)
> Recv: 95.64 MiB, Paid 0.000000000191626602 FIL, ClientEventBlocksReceived (DealStatusOngoing)
> Recv: 95.89 MiB, Paid 0.000000000191626602 FIL, ClientEventBlocksReceived (DealStatusOngoing)
> Recv: 96.14 MiB, Paid 0.000000000191626602 FIL, ClientEventBlocksReceived (DealStatusOngoing)
> Recv: 96.39 MiB, Paid 0.000000000191626602 FIL, ClientEventBlocksReceived (DealStatusOngoing)
> Recv: 96.64 MiB, Paid 0.000000000191626602 FIL, ClientEventBlocksReceived (DealStatusOngoing)
> Recv: 96.89 MiB, Paid 0.000000000191626602 FIL, ClientEventBlocksReceived (DealStatusOngoing)
> Recv: 97.14 MiB, Paid 0.000000000191626602 FIL, ClientEventBlocksReceived (DealStatusOngoing)
> Recv: 97.39 MiB, Paid 0.000000000191626602 FIL, ClientEventBlocksReceived (DealStatusOngoing)
> Recv: 97.64 MiB, Paid 0.000000000191626602 FIL, ClientEventBlocksReceived (DealStatusOngoing)
> Recv: 97.89 MiB, Paid 0.000000000191626602 FIL, ClientEventBlocksReceived (DealStatusOngoing)
> Recv: 98.14 MiB, Paid 0.000000000191626602 FIL, ClientEventBlocksReceived (DealStatusOngoing)
> Recv: 98.39 MiB, Paid 0.000000000191626602 FIL, ClientEventBlocksReceived (DealStatusOngoing)
> Recv: 98.64 MiB, Paid 0.000000000191626602 FIL, ClientEventBlocksReceived (DealStatusOngoing)
> Recv: 98.89 MiB, Paid 0.000000000191626602 FIL, ClientEventBlocksReceived (DealStatusOngoing)
> Recv: 99.14 MiB, Paid 0.000000000191626602 FIL, ClientEventBlocksReceived (DealStatusOngoing)
> Recv: 99.39 MiB, Paid 0.000000000191626602 FIL, ClientEventBlocksReceived (DealStatusOngoing)
> Recv: 99.64 MiB, Paid 0.000000000191626602 FIL, ClientEventBlocksReceived (DealStatusOngoing)
> Recv: 99.89 MiB, Paid 0.000000000191626602 FIL, ClientEventBlocksReceived (DealStatusOngoing)
> Recv: 100.1 MiB, Paid 0.000000000191626602 FIL, ClientEventBlocksReceived (DealStatusOngoing)
> Recv: 100.2 MiB, Paid 0.000000000191626602 FIL, ClientEventBlocksReceived (DealStatusOngoing)
> Recv: 100.2 MiB, Paid 0.000000000191626602 FIL, ClientEventBlocksReceived (DealStatusOngoing)
> Recv: 100.4 MiB, Paid 0.000000000191626602 FIL, ClientEventBlocksReceived (DealStatusOngoing)
> Recv: 100.7 MiB, Paid 0.000000000191626602 FIL, ClientEventBlocksReceived (DealStatusOngoing)
> Recv: 100.9 MiB, Paid 0.000000000191626602 FIL, ClientEventBlocksReceived (DealStatusOngoing)
> Recv: 101.2 MiB, Paid 0.000000000191626602 FIL, ClientEventBlocksReceived (DealStatusOngoing)
> Recv: 101.4 MiB, Paid 0.000000000191626602 FIL, ClientEventBlocksReceived (DealStatusOngoing)
> Recv: 101.7 MiB, Paid 0.000000000191626602 FIL, ClientEventBlocksReceived (DealStatusOngoing)
> Recv: 101.9 MiB, Paid 0.000000000191626602 FIL, ClientEventBlocksReceived (DealStatusOngoing)
> Recv: 102.2 MiB, Paid 0.000000000191626602 FIL, ClientEventBlocksReceived (DealStatusOngoing)
> Recv: 102.4 MiB, Paid 0.000000000191626602 FIL, ClientEventBlocksReceived (DealStatusOngoing)
> Recv: 102.7 MiB, Paid 0.000000000191626602 FIL, ClientEventBlocksReceived (DealStatusOngoing)
> Recv: 102.9 MiB, Paid 0.000000000191626602 FIL, ClientEventBlocksReceived (DealStatusOngoing)
> Recv: 103.2 MiB, Paid 0.000000000191626602 FIL, ClientEventBlocksReceived (DealStatusOngoing)
> Recv: 103.4 MiB, Paid 0.000000000191626602 FIL, ClientEventBlocksReceived (DealStatusOngoing)
> Recv: 103.7 MiB, Paid 0.000000000191626602 FIL, ClientEventBlocksReceived (DealStatusOngoing)
> Recv: 103.9 MiB, Paid 0.000000000191626602 FIL, ClientEventBlocksReceived (DealStatusOngoing)
> Recv: 104.2 MiB, Paid 0.000000000191626602 FIL, ClientEventBlocksReceived (DealStatusOngoing)
> Recv: 104.4 MiB, Paid 0.000000000191626602 FIL, ClientEventBlocksReceived (DealStatusOngoing)
> Recv: 104.7 MiB, Paid 0.000000000191626602 FIL, ClientEventBlocksReceived (DealStatusOngoing)
> Recv: 104.7 MiB, Paid 0.000000000191626602 FIL, ClientEventPaymentRequested (DealStatusFundsNeeded)
> Recv: 104.9 MiB, Paid 0.000000000191626602 FIL, ClientEventBlocksReceived (DealStatusFundsNeeded)
> Recv: 104.9 MiB, Paid 0.000000000191626602 FIL, ClientEventBlocksReceived (DealStatusFundsNeeded)
> Recv: 104.9 MiB, Paid 0.000000000191626602 FIL, ClientEventBlocksReceived (DealStatusFundsNeeded)
> Recv: 105.2 MiB, Paid 0.000000000191626602 FIL, ClientEventBlocksReceived (DealStatusFundsNeeded)
> Recv: 105.4 MiB, Paid 0.000000000191626602 FIL, ClientEventBlocksReceived (DealStatusFundsNeeded)
> Recv: 105.4 MiB, Paid 0.000000000191626602 FIL, ClientEventSendFunds (DealStatusSendFunds)
> Recv: 105.4 MiB, Paid 0.00000000022110978 FIL, ClientEventPaymentSent (DealStatusOngoing)
> Recv: 105.7 MiB, Paid 0.00000000022110978 FIL, ClientEventBlocksReceived (DealStatusOngoing)
> Recv: 105.9 MiB, Paid 0.00000000022110978 FIL, ClientEventBlocksReceived (DealStatusOngoing)
> Recv: 106.2 MiB, Paid 0.00000000022110978 FIL, ClientEventBlocksReceived (DealStatusOngoing)
> Recv: 106.4 MiB, Paid 0.00000000022110978 FIL, ClientEventBlocksReceived (DealStatusOngoing)
> Recv: 106.7 MiB, Paid 0.00000000022110978 FIL, ClientEventBlocksReceived (DealStatusOngoing)
> Recv: 106.9 MiB, Paid 0.00000000022110978 FIL, ClientEventBlocksReceived (DealStatusOngoing)
> Recv: 107.2 MiB, Paid 0.00000000022110978 FIL, ClientEventBlocksReceived (DealStatusOngoing)
> Recv: 107.4 MiB, Paid 0.00000000022110978 FIL, ClientEventBlocksReceived (DealStatusOngoing)
> Recv: 107.7 MiB, Paid 0.00000000022110978 FIL, ClientEventBlocksReceived (DealStatusOngoing)
> Recv: 107.9 MiB, Paid 0.00000000022110978 FIL, ClientEventBlocksReceived (DealStatusOngoing)
> Recv: 108.2 MiB, Paid 0.00000000022110978 FIL, ClientEventBlocksReceived (DealStatusOngoing)
> Recv: 108.4 MiB, Paid 0.00000000022110978 FIL, ClientEventBlocksReceived (DealStatusOngoing)
> Recv: 108.7 MiB, Paid 0.00000000022110978 FIL, ClientEventBlocksReceived (DealStatusOngoing)
> Recv: 108.9 MiB, Paid 0.00000000022110978 FIL, ClientEventBlocksReceived (DealStatusOngoing)
> Recv: 109.2 MiB, Paid 0.00000000022110978 FIL, ClientEventBlocksReceived (DealStatusOngoing)
> Recv: 109.4 MiB, Paid 0.00000000022110978 FIL, ClientEventBlocksReceived (DealStatusOngoing)
> Recv: 109.7 MiB, Paid 0.00000000022110978 FIL, ClientEventBlocksReceived (DealStatusOngoing)
> Recv: 109.7 MiB, Paid 0.00000000022110978 FIL, ClientEventBlocksReceived (DealStatusOngoing)
> Recv: 109.7 MiB, Paid 0.00000000022110978 FIL, ClientEventBlocksReceived (DealStatusOngoing)
> Recv: 110 MiB, Paid 0.00000000022110978 FIL, ClientEventBlocksReceived (DealStatusOngoing)
> Recv: 110.2 MiB, Paid 0.00000000022110978 FIL, ClientEventBlocksReceived (DealStatusOngoing)
> Recv: 110.5 MiB, Paid 0.00000000022110978 FIL, ClientEventBlocksReceived (DealStatusOngoing)
> Recv: 110.7 MiB, Paid 0.00000000022110978 FIL, ClientEventBlocksReceived (DealStatusOngoing)
> Recv: 111 MiB, Paid 0.00000000022110978 FIL, ClientEventBlocksReceived (DealStatusOngoing)
> Recv: 111.2 MiB, Paid 0.00000000022110978 FIL, ClientEventBlocksReceived (DealStatusOngoing)
> Recv: 111.5 MiB, Paid 0.00000000022110978 FIL, ClientEventBlocksReceived (DealStatusOngoing)
> Recv: 111.7 MiB, Paid 0.00000000022110978 FIL, ClientEventBlocksReceived (DealStatusOngoing)
> Recv: 112 MiB, Paid 0.00000000022110978 FIL, ClientEventBlocksReceived (DealStatusOngoing)
> Recv: 112.2 MiB, Paid 0.00000000022110978 FIL, ClientEventBlocksReceived (DealStatusOngoing)
> Recv: 112.5 MiB, Paid 0.00000000022110978 FIL, ClientEventBlocksReceived (DealStatusOngoing)
> Recv: 112.7 MiB, Paid 0.00000000022110978 FIL, ClientEventBlocksReceived (DealStatusOngoing)
> Recv: 113 MiB, Paid 0.00000000022110978 FIL, ClientEventBlocksReceived (DealStatusOngoing)
> Recv: 113.2 MiB, Paid 0.00000000022110978 FIL, ClientEventBlocksReceived (DealStatusOngoing)
> Recv: 113.5 MiB, Paid 0.00000000022110978 FIL, ClientEventBlocksReceived (DealStatusOngoing)
> Recv: 113.7 MiB, Paid 0.00000000022110978 FIL, ClientEventBlocksReceived (DealStatusOngoing)
> Recv: 114 MiB, Paid 0.00000000022110978 FIL, ClientEventBlocksReceived (DealStatusOngoing)
> Recv: 114.2 MiB, Paid 0.00000000022110978 FIL, ClientEventBlocksReceived (DealStatusOngoing)
> Recv: 114.5 MiB, Paid 0.00000000022110978 FIL, ClientEventBlocksReceived (DealStatusOngoing)
> Recv: 114.5 MiB, Paid 0.00000000022110978 FIL, ClientEventBlocksReceived (DealStatusOngoing)
> Recv: 114.5 MiB, Paid 0.00000000022110978 FIL, ClientEventBlocksReceived (DealStatusOngoing)
> Recv: 114.7 MiB, Paid 0.00000000022110978 FIL, ClientEventBlocksReceived (DealStatusOngoing)
> Recv: 115 MiB, Paid 0.00000000022110978 FIL, ClientEventBlocksReceived (DealStatusOngoing)
> Recv: 115.2 MiB, Paid 0.00000000022110978 FIL, ClientEventBlocksReceived (DealStatusOngoing)
> Recv: 115.5 MiB, Paid 0.00000000022110978 FIL, ClientEventBlocksReceived (DealStatusOngoing)
> Recv: 115.7 MiB, Paid 0.00000000022110978 FIL, ClientEventBlocksReceived (DealStatusOngoing)
> Recv: 116 MiB, Paid 0.00000000022110978 FIL, ClientEventBlocksReceived (DealStatusOngoing)
> Recv: 116.2 MiB, Paid 0.00000000022110978 FIL, ClientEventBlocksReceived (DealStatusOngoing)
> Recv: 116.5 MiB, Paid 0.00000000022110978 FIL, ClientEventBlocksReceived (DealStatusOngoing)
> Recv: 116.7 MiB, Paid 0.00000000022110978 FIL, ClientEventBlocksReceived (DealStatusOngoing)
> Recv: 117 MiB, Paid 0.00000000022110978 FIL, ClientEventBlocksReceived (DealStatusOngoing)
> Recv: 117.2 MiB, Paid 0.00000000022110978 FIL, ClientEventBlocksReceived (DealStatusOngoing)
> Recv: 117.5 MiB, Paid 0.00000000022110978 FIL, ClientEventBlocksReceived (DealStatusOngoing)
> Recv: 117.7 MiB, Paid 0.00000000022110978 FIL, ClientEventBlocksReceived (DealStatusOngoing)
> Recv: 118 MiB, Paid 0.00000000022110978 FIL, ClientEventBlocksReceived (DealStatusOngoing)
> Recv: 118.2 MiB, Paid 0.00000000022110978 FIL, ClientEventBlocksReceived (DealStatusOngoing)
> Recv: 118.5 MiB, Paid 0.00000000022110978 FIL, ClientEventBlocksReceived (DealStatusOngoing)
> Recv: 118.7 MiB, Paid 0.00000000022110978 FIL, ClientEventBlocksReceived (DealStatusOngoing)
> Recv: 119 MiB, Paid 0.00000000022110978 FIL, ClientEventBlocksReceived (DealStatusOngoing)
> Recv: 119.2 MiB, Paid 0.00000000022110978 FIL, ClientEventBlocksReceived (DealStatusOngoing)
> Recv: 119.2 MiB, Paid 0.00000000022110978 FIL, ClientEventBlocksReceived (DealStatusOngoing)
> Recv: 119.2 MiB, Paid 0.00000000022110978 FIL, ClientEventBlocksReceived (DealStatusOngoing)
> Recv: 119.5 MiB, Paid 0.00000000022110978 FIL, ClientEventBlocksReceived (DealStatusOngoing)
> Recv: 119.7 MiB, Paid 0.00000000022110978 FIL, ClientEventBlocksReceived (DealStatusOngoing)
> Recv: 120 MiB, Paid 0.00000000022110978 FIL, ClientEventBlocksReceived (DealStatusOngoing)
> Recv: 120.2 MiB, Paid 0.00000000022110978 FIL, ClientEventBlocksReceived (DealStatusOngoing)
> Recv: 120.2 MiB, Paid 0.00000000022110978 FIL, ClientEventPaymentRequested (DealStatusFundsNeeded)
> Recv: 120.5 MiB, Paid 0.00000000022110978 FIL, ClientEventBlocksReceived (DealStatusFundsNeeded)
> Recv: 120.5 MiB, Paid 0.00000000022110978 FIL, ClientEventSendFunds (DealStatusSendFunds)
> Recv: 120.5 MiB, Paid 0.000000000252690222 FIL, ClientEventPaymentSent (DealStatusOngoing)
> Recv: 120.7 MiB, Paid 0.000000000252690222 FIL, ClientEventBlocksReceived (DealStatusOngoing)
> Recv: 121 MiB, Paid 0.000000000252690222 FIL, ClientEventBlocksReceived (DealStatusOngoing)
> Recv: 121.2 MiB, Paid 0.000000000252690222 FIL, ClientEventBlocksReceived (DealStatusOngoing)
> Recv: 121.5 MiB, Paid 0.000000000252690222 FIL, ClientEventBlocksReceived (DealStatusOngoing)
> Recv: 121.7 MiB, Paid 0.000000000252690222 FIL, ClientEventBlocksReceived (DealStatusOngoing)
> Recv: 122 MiB, Paid 0.000000000252690222 FIL, ClientEventBlocksReceived (DealStatusOngoing)
> Recv: 122.2 MiB, Paid 0.000000000252690222 FIL, ClientEventBlocksReceived (DealStatusOngoing)
> Recv: 122.5 MiB, Paid 0.000000000252690222 FIL, ClientEventBlocksReceived (DealStatusOngoing)
> Recv: 122.7 MiB, Paid 0.000000000252690222 FIL, ClientEventBlocksReceived (DealStatusOngoing)
> Recv: 123 MiB, Paid 0.000000000252690222 FIL, ClientEventBlocksReceived (DealStatusOngoing)
> Recv: 123.2 MiB, Paid 0.000000000252690222 FIL, ClientEventBlocksReceived (DealStatusOngoing)
> Recv: 123.5 MiB, Paid 0.000000000252690222 FIL, ClientEventBlocksReceived (DealStatusOngoing)
> Recv: 123.7 MiB, Paid 0.000000000252690222 FIL, ClientEventBlocksReceived (DealStatusOngoing)
> Recv: 124 MiB, Paid 0.000000000252690222 FIL, ClientEventBlocksReceived (DealStatusOngoing)
> Recv: 124 MiB, Paid 0.000000000252690222 FIL, ClientEventBlocksReceived (DealStatusOngoing)
> Recv: 124 MiB, Paid 0.000000000252690222 FIL, ClientEventBlocksReceived (DealStatusOngoing)
> Recv: 124.3 MiB, Paid 0.000000000252690222 FIL, ClientEventBlocksReceived (DealStatusOngoing)
> Recv: 124.5 MiB, Paid 0.000000000252690222 FIL, ClientEventBlocksReceived (DealStatusOngoing)
> Recv: 124.8 MiB, Paid 0.000000000252690222 FIL, ClientEventBlocksReceived (DealStatusOngoing)
> Recv: 125 MiB, Paid 0.000000000252690222 FIL, ClientEventBlocksReceived (DealStatusOngoing)
> Recv: 125.3 MiB, Paid 0.000000000252690222 FIL, ClientEventBlocksReceived (DealStatusOngoing)
> Recv: 125.5 MiB, Paid 0.000000000252690222 FIL, ClientEventBlocksReceived (DealStatusOngoing)
> Recv: 125.8 MiB, Paid 0.000000000252690222 FIL, ClientEventBlocksReceived (DealStatusOngoing)
> Recv: 126 MiB, Paid 0.000000000252690222 FIL, ClientEventBlocksReceived (DealStatusOngoing)
> Recv: 126.3 MiB, Paid 0.000000000252690222 FIL, ClientEventBlocksReceived (DealStatusOngoing)
> Recv: 126.5 MiB, Paid 0.000000000252690222 FIL, ClientEventBlocksReceived (DealStatusOngoing)
> Recv: 126.8 MiB, Paid 0.000000000252690222 FIL, ClientEventBlocksReceived (DealStatusOngoing)
> Recv: 127 MiB, Paid 0.000000000252690222 FIL, ClientEventBlocksReceived (DealStatusOngoing)
> Recv: 127.3 MiB, Paid 0.000000000252690222 FIL, ClientEventBlocksReceived (DealStatusOngoing)
> Recv: 127.5 MiB, Paid 0.000000000252690222 FIL, ClientEventBlocksReceived (DealStatusOngoing)
> Recv: 127.8 MiB, Paid 0.000000000252690222 FIL, ClientEventBlocksReceived (DealStatusOngoing)
> Recv: 128 MiB, Paid 0.000000000252690222 FIL, ClientEventBlocksReceived (DealStatusOngoing)
> Recv: 128.3 MiB, Paid 0.000000000252690222 FIL, ClientEventBlocksReceived (DealStatusOngoing)
> Recv: 128.5 MiB, Paid 0.000000000252690222 FIL, ClientEventBlocksReceived (DealStatusOngoing)
> Recv: 128.8 MiB, Paid 0.000000000252690222 FIL, ClientEventBlocksReceived (DealStatusOngoing)
> Recv: 128.8 MiB, Paid 0.000000000252690222 FIL, ClientEventBlocksReceived (DealStatusOngoing)
> Recv: 128.8 MiB, Paid 0.000000000252690222 FIL, ClientEventBlocksReceived (DealStatusOngoing)
> Recv: 129 MiB, Paid 0.000000000252690222 FIL, ClientEventBlocksReceived (DealStatusOngoing)
> Recv: 129.3 MiB, Paid 0.000000000252690222 FIL, ClientEventBlocksReceived (DealStatusOngoing)
> Recv: 129.5 MiB, Paid 0.000000000252690222 FIL, ClientEventBlocksReceived (DealStatusOngoing)
> Recv: 129.8 MiB, Paid 0.000000000252690222 FIL, ClientEventBlocksReceived (DealStatusOngoing)
> Recv: 130 MiB, Paid 0.000000000252690222 FIL, ClientEventBlocksReceived (DealStatusOngoing)
> Recv: 130.3 MiB, Paid 0.000000000252690222 FIL, ClientEventBlocksReceived (DealStatusOngoing)
> Recv: 130.5 MiB, Paid 0.000000000252690222 FIL, ClientEventBlocksReceived (DealStatusOngoing)
> Recv: 130.8 MiB, Paid 0.000000000252690222 FIL, ClientEventBlocksReceived (DealStatusOngoing)
> Recv: 131 MiB, Paid 0.000000000252690222 FIL, ClientEventBlocksReceived (DealStatusOngoing)
> Recv: 131.3 MiB, Paid 0.000000000252690222 FIL, ClientEventBlocksReceived (DealStatusOngoing)
> Recv: 131.5 MiB, Paid 0.000000000252690222 FIL, ClientEventBlocksReceived (DealStatusOngoing)
> Recv: 131.8 MiB, Paid 0.000000000252690222 FIL, ClientEventBlocksReceived (DealStatusOngoing)
> Recv: 132 MiB, Paid 0.000000000252690222 FIL, ClientEventBlocksReceived (DealStatusOngoing)
> Recv: 132.3 MiB, Paid 0.000000000252690222 FIL, ClientEventBlocksReceived (DealStatusOngoing)
> Recv: 132.5 MiB, Paid 0.000000000252690222 FIL, ClientEventBlocksReceived (DealStatusOngoing)
> Recv: 132.8 MiB, Paid 0.000000000252690222 FIL, ClientEventBlocksReceived (DealStatusOngoing)
> Recv: 132.8 MiB, Paid 0.000000000252690222 FIL, ClientEventBlocksReceived (DealStatusOngoing)
> Recv: 132.8 MiB, Paid 0.000000000252690222 FIL, ClientEventBlocksReceived (DealStatusOngoing)
> Recv: 133.1 MiB, Paid 0.000000000252690222 FIL, ClientEventBlocksReceived (DealStatusOngoing)
> Recv: 133.3 MiB, Paid 0.000000000252690222 FIL, ClientEventBlocksReceived (DealStatusOngoing)
> Recv: 133.6 MiB, Paid 0.000000000252690222 FIL, ClientEventBlocksReceived (DealStatusOngoing)
> Recv: 133.8 MiB, Paid 0.000000000252690222 FIL, ClientEventBlocksReceived (DealStatusOngoing)
> Recv: 134.1 MiB, Paid 0.000000000252690222 FIL, ClientEventBlocksReceived (DealStatusOngoing)
> Recv: 134.3 MiB, Paid 0.000000000252690222 FIL, ClientEventBlocksReceived (DealStatusOngoing)
> Recv: 134.6 MiB, Paid 0.000000000252690222 FIL, ClientEventBlocksReceived (DealStatusOngoing)
> Recv: 134.6 MiB, Paid 0.000000000252690222 FIL, ClientEventPaymentRequested (DealStatusFundsNeeded)
> Recv: 134.8 MiB, Paid 0.000000000252690222 FIL, ClientEventBlocksReceived (DealStatusFundsNeeded)
> Recv: 135.1 MiB, Paid 0.000000000252690222 FIL, ClientEventBlocksReceived (DealStatusFundsNeeded)
> Recv: 135.3 MiB, Paid 0.000000000252690222 FIL, ClientEventBlocksReceived (DealStatusFundsNeeded)
> Recv: 135.6 MiB, Paid 0.000000000252690222 FIL, ClientEventBlocksReceived (DealStatusFundsNeeded)
> Recv: 135.8 MiB, Paid 0.000000000252690222 FIL, ClientEventBlocksReceived (DealStatusFundsNeeded)
> Recv: 136.1 MiB, Paid 0.000000000252690222 FIL, ClientEventBlocksReceived (DealStatusFundsNeeded)
> Recv: 136.3 MiB, Paid 0.000000000252690222 FIL, ClientEventBlocksReceived (DealStatusFundsNeeded)
> Recv: 136.6 MiB, Paid 0.000000000252690222 FIL, ClientEventBlocksReceived (DealStatusFundsNeeded)
> Recv: 136.6 MiB, Paid 0.000000000252690222 FIL, ClientEventSendFunds (DealStatusSendFunds)
> Recv: 136.6 MiB, Paid 0.000000000286422808 FIL, ClientEventPaymentSent (DealStatusOngoing)
> Recv: 136.8 MiB, Paid 0.000000000286422808 FIL, ClientEventBlocksReceived (DealStatusOngoing)
> Recv: 137.1 MiB, Paid 0.000000000286422808 FIL, ClientEventBlocksReceived (DealStatusOngoing)
> Recv: 137.3 MiB, Paid 0.000000000286422808 FIL, ClientEventBlocksReceived (DealStatusOngoing)
> Recv: 137.6 MiB, Paid 0.000000000286422808 FIL, ClientEventBlocksReceived (DealStatusOngoing)
> Recv: 137.6 MiB, Paid 0.000000000286422808 FIL, ClientEventBlocksReceived (DealStatusOngoing)
> Recv: 137.6 MiB, Paid 0.000000000286422808 FIL, ClientEventBlocksReceived (DealStatusOngoing)
> Recv: 137.8 MiB, Paid 0.000000000286422808 FIL, ClientEventBlocksReceived (DealStatusOngoing)
> Recv: 138.1 MiB, Paid 0.000000000286422808 FIL, ClientEventBlocksReceived (DealStatusOngoing)
> Recv: 138.3 MiB, Paid 0.000000000286422808 FIL, ClientEventBlocksReceived (DealStatusOngoing)
> Recv: 138.6 MiB, Paid 0.000000000286422808 FIL, ClientEventBlocksReceived (DealStatusOngoing)
> Recv: 138.8 MiB, Paid 0.000000000286422808 FIL, ClientEventBlocksReceived (DealStatusOngoing)
> Recv: 139.1 MiB, Paid 0.000000000286422808 FIL, ClientEventBlocksReceived (DealStatusOngoing)
> Recv: 139.3 MiB, Paid 0.000000000286422808 FIL, ClientEventBlocksReceived (DealStatusOngoing)
> Recv: 139.6 MiB, Paid 0.000000000286422808 FIL, ClientEventBlocksReceived (DealStatusOngoing)
> Recv: 139.8 MiB, Paid 0.000000000286422808 FIL, ClientEventBlocksReceived (DealStatusOngoing)
> Recv: 140.1 MiB, Paid 0.000000000286422808 FIL, ClientEventBlocksReceived (DealStatusOngoing)
> Recv: 140.3 MiB, Paid 0.000000000286422808 FIL, ClientEventBlocksReceived (DealStatusOngoing)
> Recv: 140.6 MiB, Paid 0.000000000286422808 FIL, ClientEventBlocksReceived (DealStatusOngoing)
> Recv: 140.8 MiB, Paid 0.000000000286422808 FIL, ClientEventBlocksReceived (DealStatusOngoing)
> Recv: 141.1 MiB, Paid 0.000000000286422808 FIL, ClientEventBlocksReceived (DealStatusOngoing)
> Recv: 141.3 MiB, Paid 0.000000000286422808 FIL, ClientEventBlocksReceived (DealStatusOngoing)
> Recv: 141.6 MiB, Paid 0.000000000286422808 FIL, ClientEventBlocksReceived (DealStatusOngoing)
> Recv: 141.8 MiB, Paid 0.000000000286422808 FIL, ClientEventBlocksReceived (DealStatusOngoing)
> Recv: 142.1 MiB, Paid 0.000000000286422808 FIL, ClientEventBlocksReceived (DealStatusOngoing)
> Recv: 142.3 MiB, Paid 0.000000000286422808 FIL, ClientEventBlocksReceived (DealStatusOngoing)
> Recv: 142.4 MiB, Paid 0.000000000286422808 FIL, ClientEventBlocksReceived (DealStatusOngoing)
> Recv: 142.4 MiB, Paid 0.000000000286422808 FIL, ClientEventBlocksReceived (DealStatusOngoing)
> Recv: 142.6 MiB, Paid 0.000000000286422808 FIL, ClientEventBlocksReceived (DealStatusOngoing)
> Recv: 142.9 MiB, Paid 0.000000000286422808 FIL, ClientEventBlocksReceived (DealStatusOngoing)
> Recv: 143.1 MiB, Paid 0.000000000286422808 FIL, ClientEventBlocksReceived (DealStatusOngoing)
> Recv: 143.4 MiB, Paid 0.000000000286422808 FIL, ClientEventBlocksReceived (DealStatusOngoing)
> Recv: 143.6 MiB, Paid 0.000000000286422808 FIL, ClientEventBlocksReceived (DealStatusOngoing)
> Recv: 143.9 MiB, Paid 0.000000000286422808 FIL, ClientEventBlocksReceived (DealStatusOngoing)
> Recv: 144.1 MiB, Paid 0.000000000286422808 FIL, ClientEventBlocksReceived (DealStatusOngoing)
> Recv: 144.4 MiB, Paid 0.000000000286422808 FIL, ClientEventBlocksReceived (DealStatusOngoing)
> Recv: 144.6 MiB, Paid 0.000000000286422808 FIL, ClientEventBlocksReceived (DealStatusOngoing)
> Recv: 144.9 MiB, Paid 0.000000000286422808 FIL, ClientEventBlocksReceived (DealStatusOngoing)
> Recv: 145.1 MiB, Paid 0.000000000286422808 FIL, ClientEventBlocksReceived (DealStatusOngoing)
> Recv: 145.4 MiB, Paid 0.000000000286422808 FIL, ClientEventBlocksReceived (DealStatusOngoing)
> Recv: 145.6 MiB, Paid 0.000000000286422808 FIL, ClientEventBlocksReceived (DealStatusOngoing)
> Recv: 145.9 MiB, Paid 0.000000000286422808 FIL, ClientEventBlocksReceived (DealStatusOngoing)
> Recv: 146.1 MiB, Paid 0.000000000286422808 FIL, ClientEventBlocksReceived (DealStatusOngoing)
> Recv: 146.4 MiB, Paid 0.000000000286422808 FIL, ClientEventBlocksReceived (DealStatusOngoing)
> Recv: 146.6 MiB, Paid 0.000000000286422808 FIL, ClientEventBlocksReceived (DealStatusOngoing)
> Recv: 146.9 MiB, Paid 0.000000000286422808 FIL, ClientEventBlocksReceived (DealStatusOngoing)
> Recv: 147.1 MiB, Paid 0.000000000286422808 FIL, ClientEventBlocksReceived (DealStatusOngoing)
> Recv: 147.1 MiB, Paid 0.000000000286422808 FIL, ClientEventBlocksReceived (DealStatusOngoing)
> Recv: 147.1 MiB, Paid 0.000000000286422808 FIL, ClientEventBlocksReceived (DealStatusOngoing)
> Recv: 147.4 MiB, Paid 0.000000000286422808 FIL, ClientEventBlocksReceived (DealStatusOngoing)
> Recv: 147.6 MiB, Paid 0.000000000286422808 FIL, ClientEventBlocksReceived (DealStatusOngoing)
> Recv: 147.9 MiB, Paid 0.000000000286422808 FIL, ClientEventBlocksReceived (DealStatusOngoing)
> Recv: 148.1 MiB, Paid 0.000000000286422808 FIL, ClientEventBlocksReceived (DealStatusOngoing)
> Recv: 148.4 MiB, Paid 0.000000000286422808 FIL, ClientEventBlocksReceived (DealStatusOngoing)
> Recv: 148.6 MiB, Paid 0.000000000286422808 FIL, ClientEventBlocksReceived (DealStatusOngoing)
> Recv: 148.9 MiB, Paid 0.000000000286422808 FIL, ClientEventBlocksReceived (DealStatusOngoing)
> Recv: 149.1 MiB, Paid 0.000000000286422808 FIL, ClientEventBlocksReceived (DealStatusOngoing)
> Recv: 149.4 MiB, Paid 0.000000000286422808 FIL, ClientEventBlocksReceived (DealStatusOngoing)
> Recv: 149.6 MiB, Paid 0.000000000286422808 FIL, ClientEventBlocksReceived (DealStatusOngoing)
> Recv: 149.9 MiB, Paid 0.000000000286422808 FIL, ClientEventBlocksReceived (DealStatusOngoing)
> Recv: 150.1 MiB, Paid 0.000000000286422808 FIL, ClientEventBlocksReceived (DealStatusOngoing)
> Recv: 150.4 MiB, Paid 0.000000000286422808 FIL, ClientEventBlocksReceived (DealStatusOngoing)
> Recv: 150.6 MiB, Paid 0.000000000286422808 FIL, ClientEventBlocksReceived (DealStatusOngoing)
> Recv: 150.9 MiB, Paid 0.000000000286422808 FIL, ClientEventBlocksReceived (DealStatusOngoing)
> Recv: 151.1 MiB, Paid 0.000000000286422808 FIL, ClientEventBlocksReceived (DealStatusOngoing)
> Recv: 151.4 MiB, Paid 0.000000000286422808 FIL, ClientEventBlocksReceived (DealStatusOngoing)
> Recv: 151.6 MiB, Paid 0.000000000286422808 FIL, ClientEventBlocksReceived (DealStatusOngoing)
> Recv: 151.9 MiB, Paid 0.000000000286422808 FIL, ClientEventBlocksReceived (DealStatusOngoing)
> Recv: 151.9 MiB, Paid 0.000000000286422808 FIL, ClientEventBlocksReceived (DealStatusOngoing)
> Recv: 151.9 MiB, Paid 0.000000000286422808 FIL, ClientEventBlocksReceived (DealStatusOngoing)
> Recv: 152.2 MiB, Paid 0.000000000286422808 FIL, ClientEventBlocksReceived (DealStatusOngoing)
> Recv: 152.4 MiB, Paid 0.000000000286422808 FIL, ClientEventBlocksReceived (DealStatusOngoing)
> Recv: 152.7 MiB, Paid 0.000000000286422808 FIL, ClientEventBlocksReceived (DealStatusOngoing)
> Recv: 152.9 MiB, Paid 0.000000000286422808 FIL, ClientEventBlocksReceived (DealStatusOngoing)
> Recv: 153.2 MiB, Paid 0.000000000286422808 FIL, ClientEventBlocksReceived (DealStatusOngoing)
> Recv: 153.2 MiB, Paid 0.000000000286422808 FIL, ClientEventPaymentRequested (DealStatusFundsNeeded)
> Recv: 153.4 MiB, Paid 0.000000000286422808 FIL, ClientEventBlocksReceived (DealStatusFundsNeeded)
> Recv: 153.7 MiB, Paid 0.000000000286422808 FIL, ClientEventBlocksReceived (DealStatusFundsNeeded)
> Recv: 153.7 MiB, Paid 0.000000000286422808 FIL, ClientEventSendFunds (DealStatusSendFunds)
> Recv: 153.7 MiB, Paid 0.000000000322238272 FIL, ClientEventPaymentSent (DealStatusOngoing)
> Recv: 153.9 MiB, Paid 0.000000000322238272 FIL, ClientEventBlocksReceived (DealStatusOngoing)
> Recv: 154.2 MiB, Paid 0.000000000322238272 FIL, ClientEventBlocksReceived (DealStatusOngoing)
> Recv: 154.4 MiB, Paid 0.000000000322238272 FIL, ClientEventBlocksReceived (DealStatusOngoing)
> Recv: 154.7 MiB, Paid 0.000000000322238272 FIL, ClientEventBlocksReceived (DealStatusOngoing)
> Recv: 154.9 MiB, Paid 0.000000000322238272 FIL, ClientEventBlocksReceived (DealStatusOngoing)
> Recv: 155.2 MiB, Paid 0.000000000322238272 FIL, ClientEventBlocksReceived (DealStatusOngoing)
> Recv: 155.4 MiB, Paid 0.000000000322238272 FIL, ClientEventBlocksReceived (DealStatusOngoing)
> Recv: 155.7 MiB, Paid 0.000000000322238272 FIL, ClientEventBlocksReceived (DealStatusOngoing)
> Recv: 155.9 MiB, Paid 0.000000000322238272 FIL, ClientEventBlocksReceived (DealStatusOngoing)
> Recv: 156.2 MiB, Paid 0.000000000322238272 FIL, ClientEventBlocksReceived (DealStatusOngoing)
> Recv: 156.4 MiB, Paid 0.000000000322238272 FIL, ClientEventBlocksReceived (DealStatusOngoing)
> Recv: 156.7 MiB, Paid 0.000000000322238272 FIL, ClientEventBlocksReceived (DealStatusOngoing)
> Recv: 156.7 MiB, Paid 0.000000000322238272 FIL, ClientEventBlocksReceived (DealStatusOngoing)
> Recv: 156.7 MiB, Paid 0.000000000322238272 FIL, ClientEventBlocksReceived (DealStatusOngoing)
> Recv: 156.9 MiB, Paid 0.000000000322238272 FIL, ClientEventBlocksReceived (DealStatusOngoing)
> Recv: 157.2 MiB, Paid 0.000000000322238272 FIL, ClientEventBlocksReceived (DealStatusOngoing)
> Recv: 157.4 MiB, Paid 0.000000000322238272 FIL, ClientEventBlocksReceived (DealStatusOngoing)
> Recv: 157.7 MiB, Paid 0.000000000322238272 FIL, ClientEventBlocksReceived (DealStatusOngoing)
> Recv: 157.9 MiB, Paid 0.000000000322238272 FIL, ClientEventBlocksReceived (DealStatusOngoing)
> Recv: 158.2 MiB, Paid 0.000000000322238272 FIL, ClientEventBlocksReceived (DealStatusOngoing)
> Recv: 158.4 MiB, Paid 0.000000000322238272 FIL, ClientEventBlocksReceived (DealStatusOngoing)
> Recv: 158.7 MiB, Paid 0.000000000322238272 FIL, ClientEventBlocksReceived (DealStatusOngoing)
> Recv: 158.9 MiB, Paid 0.000000000322238272 FIL, ClientEventBlocksReceived (DealStatusOngoing)
> Recv: 159.2 MiB, Paid 0.000000000322238272 FIL, ClientEventBlocksReceived (DealStatusOngoing)
> Recv: 159.4 MiB, Paid 0.000000000322238272 FIL, ClientEventBlocksReceived (DealStatusOngoing)
> Recv: 159.7 MiB, Paid 0.000000000322238272 FIL, ClientEventBlocksReceived (DealStatusOngoing)
> Recv: 159.9 MiB, Paid 0.000000000322238272 FIL, ClientEventBlocksReceived (DealStatusOngoing)
> Recv: 160.2 MiB, Paid 0.000000000322238272 FIL, ClientEventBlocksReceived (DealStatusOngoing)
> Recv: 160.4 MiB, Paid 0.000000000322238272 FIL, ClientEventBlocksReceived (DealStatusOngoing)
> Recv: 160.7 MiB, Paid 0.000000000322238272 FIL, ClientEventBlocksReceived (DealStatusOngoing)
> Recv: 160.9 MiB, Paid 0.000000000322238272 FIL, ClientEventBlocksReceived (DealStatusOngoing)
> Recv: 161.2 MiB, Paid 0.000000000322238272 FIL, ClientEventBlocksReceived (DealStatusOngoing)
> Recv: 161.4 MiB, Paid 0.000000000322238272 FIL, ClientEventBlocksReceived (DealStatusOngoing)
> Recv: 161.4 MiB, Paid 0.000000000322238272 FIL, ClientEventBlocksReceived (DealStatusOngoing)
> Recv: 161.4 MiB, Paid 0.000000000322238272 FIL, ClientEventBlocksReceived (DealStatusOngoing)
> Recv: 161.7 MiB, Paid 0.000000000322238272 FIL, ClientEventBlocksReceived (DealStatusOngoing)
> Recv: 161.9 MiB, Paid 0.000000000322238272 FIL, ClientEventBlocksReceived (DealStatusOngoing)
> Recv: 162.2 MiB, Paid 0.000000000322238272 FIL, ClientEventBlocksReceived (DealStatusOngoing)
> Recv: 162.4 MiB, Paid 0.000000000322238272 FIL, ClientEventBlocksReceived (DealStatusOngoing)
> Recv: 162.7 MiB, Paid 0.000000000322238272 FIL, ClientEventBlocksReceived (DealStatusOngoing)
> Recv: 162.9 MiB, Paid 0.000000000322238272 FIL, ClientEventBlocksReceived (DealStatusOngoing)
> Recv: 163.2 MiB, Paid 0.000000000322238272 FIL, ClientEventBlocksReceived (DealStatusOngoing)
> Recv: 163.4 MiB, Paid 0.000000000322238272 FIL, ClientEventBlocksReceived (DealStatusOngoing)
> Recv: 163.7 MiB, Paid 0.000000000322238272 FIL, ClientEventBlocksReceived (DealStatusOngoing)
> Recv: 163.9 MiB, Paid 0.000000000322238272 FIL, ClientEventBlocksReceived (DealStatusOngoing)
> Recv: 164.2 MiB, Paid 0.000000000322238272 FIL, ClientEventBlocksReceived (DealStatusOngoing)
> Recv: 164.4 MiB, Paid 0.000000000322238272 FIL, ClientEventBlocksReceived (DealStatusOngoing)
> Recv: 164.7 MiB, Paid 0.000000000322238272 FIL, ClientEventBlocksReceived (DealStatusOngoing)
> Recv: 164.9 MiB, Paid 0.000000000322238272 FIL, ClientEventBlocksReceived (DealStatusOngoing)
> Recv: 165.2 MiB, Paid 0.000000000322238272 FIL, ClientEventBlocksReceived (DealStatusOngoing)
> Recv: 165.4 MiB, Paid 0.000000000322238272 FIL, ClientEventBlocksReceived (DealStatusOngoing)
> Recv: 165.7 MiB, Paid 0.000000000322238272 FIL, ClientEventBlocksReceived (DealStatusOngoing)
> Recv: 165.9 MiB, Paid 0.000000000322238272 FIL, ClientEventBlocksReceived (DealStatusOngoing)
> Recv: 166.2 MiB, Paid 0.000000000322238272 FIL, ClientEventBlocksReceived (DealStatusOngoing)
> Recv: 166.2 MiB, Paid 0.000000000322238272 FIL, ClientEventBlocksReceived (DealStatusOngoing)
> Recv: 166.2 MiB, Paid 0.000000000322238272 FIL, ClientEventLastPaymentRequested (DealStatusFundsNeededLastPayment)
> Recv: 166.2 MiB, Paid 0.000000000322238272 FIL, ClientEventBlocksReceived (DealStatusFundsNeededLastPayment)
> Recv: 166.5 MiB, Paid 0.000000000322238272 FIL, ClientEventBlocksReceived (DealStatusFundsNeededLastPayment)
> Recv: 166.7 MiB, Paid 0.000000000322238272 FIL, ClientEventBlocksReceived (DealStatusFundsNeededLastPayment)
> Recv: 166.8 MiB, Paid 0.000000000322238272 FIL, ClientEventBlocksReceived (DealStatusFundsNeededLastPayment)
> Recv: 166.8 MiB, Paid 0.000000000322238272 FIL, ClientEventAllBlocksReceived (DealStatusSendFundsLastPayment)
> Recv: 166.8 MiB, Paid 0.000000000349793124 FIL, ClientEventPaymentSent (DealStatusFinalizing)
> Recv: 166.8 MiB, Paid 0.000000000349793124 FIL, ClientEventComplete (DealStatusCompleted)
Success
0.63user 0.17system 0:40.40elapsed 1%CPU (0avgtext+0avgdata 66892maxresident)k
0inputs+0outputs (0major+10320minor)pagefaults 0swaps
