Mar 30 01:09:30 1234
Mar 30 01:09:30 eyJhbGciOiJIUzI1NiIsInR5cCI6IkpXVCJ9.eyJBbGxvdyI6WyJyZWFkIiwid3JpdGUiLCJzaWduIiwiYWRtaW4iXX0.RzY4hBx900NTgTTAA7E-5suH8551qNnu4IWj05cheAs
Mar 30 01:09:32 Loading deals f0421499
Mar 30 01:09:32 f0421499 1 minimal_finality_stateroots_616300_2021-03-26_22-00-00.car.aa
Mar 30 01:09:32 f0421499 2 minimal_finality_stateroots_616300_2021-03-26_22-00-00.car.ab
Mar 30 01:09:32 f0421499 3 minimal_finality_stateroots_620860_2021-03-28_12-00-00.car.aa
Mar 30 01:09:32 f0421499 4 minimal_finality_stateroots_620860_2021-03-28_12-00-00.car.ab
Mar 30 01:09:32 f0421499 5 minimal_finality_stateroots_624460_2021-03-29_18-00-00.car.aa
Mar 30 01:09:32 f0421499 6 minimal_finality_stateroots_624460_2021-03-29_18-00-00.car.ab
Mar 30 01:09:32 1 minimal_finality_stateroots_620860_2021-03-28_12-00-00.car.aa
Mar 30 01:09:33 f0165400-1642717 f022163-1643006 f019551-1645067 f022352-1642861 f066596-1643069 f023467-1642894 f01234-1642981 f0145874-1642998 f071624-1645163 f010479-1645175 f08399-1645224 f08403-1645153 f015927-1645215 f014768-1645276 f09848-1645265 f07998-1645308 f058369-1645356 f022142-1645422 f02576-1645489
Mar 30 01:09:36 Already have log for f0165400 1642717 bafykbzacebwfpdjhfkv4dckre5pdb6dbtn3drso5mdqbmbofexmrri6vt3py2
Mar 30 01:09:41 Already have log for f022163 1643006 bafykbzacebwfpdjhfkv4dckre5pdb6dbtn3drso5mdqbmbofexmrri6vt3py2
Mar 30 01:09:45 Already have log for f019551 1645067 bafykbzacebwfpdjhfkv4dckre5pdb6dbtn3drso5mdqbmbofexmrri6vt3py2
Mar 30 01:09:50 Already have log for f022352 1642861 bafykbzacebwfpdjhfkv4dckre5pdb6dbtn3drso5mdqbmbofexmrri6vt3py2
Mar 30 01:09:54 Already have log for f066596 1643069 bafykbzacebwfpdjhfkv4dckre5pdb6dbtn3drso5mdqbmbofexmrri6vt3py2
Mar 30 01:09:59 Already have log for f023467 1642894 bafykbzacebwfpdjhfkv4dckre5pdb6dbtn3drso5mdqbmbofexmrri6vt3py2
Mar 30 01:10:03 Already have log for f01234 1642981 bafykbzacebwfpdjhfkv4dckre5pdb6dbtn3drso5mdqbmbofexmrri6vt3py2
Mar 30 01:10:10 Already have log for f0145874 1642998 bafykbzacebwfpdjhfkv4dckre5pdb6dbtn3drso5mdqbmbofexmrri6vt3py2
Mar 30 01:10:14 Already have log for f071624 1645163 bafykbzacebwfpdjhfkv4dckre5pdb6dbtn3drso5mdqbmbofexmrri6vt3py2
Mar 30 01:10:18 Mpool pending 1, skipping + sleeping 30s
Mar 30 01:10:51 Mpool pending 1, skipping + sleeping 30s
Mar 30 01:11:26 Mpool pending 1, skipping + sleeping 30s
Mar 30 01:11:58 Mpool pending 1, skipping + sleeping 30s
Mar 30 01:12:30 Mpool pending 1, skipping + sleeping 30s
Mar 30 01:13:03 Mpool pending 1, skipping + sleeping 30s
Mar 30 01:13:36 Mpool pending 1, skipping + sleeping 30s
Mar 30 01:14:09 Mpool pending 1, skipping + sleeping 30s
Mar 30 01:14:43 Mpool pending 1, skipping + sleeping 30s
Mar 30 01:15:17 Mpool pending 1, skipping + sleeping 30s
Mar 30 01:15:47 
Mar 30 01:15:48 0 minimal_finality_stateroots_620860_2021-03-28_12-00-00.car.ab
Mar 30 01:15:48 f071624-1643068 f09848-1642933 f022142-1645157 f058369-1645147 f019551-1645164 f01278-1645170 f0165400-1645269 f01234-1645250 f08399-1645225 f08403-1645178 f022352-1645318 f066596-1645275 f015927-1645310 f0145874-1645326 f014768-1645409 f023467-1645375 f010479-1645464
Mar 30 01:15:51 Mpool pending 1, skipping + sleeping 30s
Mar 30 01:16:25 Mpool pending 1, skipping + sleeping 30s
Mar 30 01:16:59 Mpool pending 1, skipping + sleeping 30s
Mar 30 01:17:33 Mpool pending 1, skipping + sleeping 30s
Mar 30 01:18:08 Mpool pending 1, skipping + sleeping 30s
Mar 30 01:18:43 Mpool pending 1, skipping + sleeping 30s
Mar 30 01:19:18 Mpool pending 1, skipping + sleeping 30s
Mar 30 01:19:54 Mpool pending 1, skipping + sleeping 30s
Mar 30 01:20:30 Mpool pending 1, skipping + sleeping 30s
Mar 30 01:21:08 Mpool pending 1, skipping + sleeping 30s
Mar 30 01:21:45 Mpool pending 1, skipping + sleeping 30s
Mar 30 01:22:20 Mpool pending 1, skipping + sleeping 30s
Mar 30 01:22:56 Mpool pending 1, skipping + sleeping 30s
Mar 30 01:23:32 Mpool pending 1, skipping + sleeping 30s
Mar 30 01:24:07 Mpool pending 1, skipping + sleeping 30s
Mar 30 01:24:42 Mpool pending 1, skipping + sleeping 30s
Mar 30 01:25:14 Mpool pending 1, skipping + sleeping 30s
Mar 30 01:25:44 
Mar 30 01:25:45 0 minimal_finality_stateroots_616300_2021-03-26_22-00-00.car.ab
Mar 30 01:25:45 f08403-1639685 f022163-1639544 f014768-1639431 f01278-1639717 f01234-1639443 f071624-1639479 f022352-1639878 f099608-1640642 f01240-1640769 f0145874-1640738 f02576-1640964 f015927-1641099 f010479-1641179
Mar 30 01:25:50 Mpool pending 1, skipping + sleeping 30s
Mar 30 01:26:25 Mpool pending 1, skipping + sleeping 30s
Mar 30 01:27:00 Mpool pending 1, skipping + sleeping 30s
Mar 30 01:27:34 Mpool pending 1, skipping + sleeping 30s
Mar 30 01:28:10 Mpool pending 1, skipping + sleeping 30s
Mar 30 01:28:45 Mpool pending 1, skipping + sleeping 30s
Mar 30 01:29:20 Mpool pending 1, skipping + sleeping 30s
Mar 30 01:29:53 Mpool pending 1, skipping + sleeping 30s
Mar 30 01:30:29 Mpool pending 1, skipping + sleeping 30s
Mar 30 01:31:05 Mpool pending 1, skipping + sleeping 30s
Mar 30 01:31:42 Mpool pending 1, skipping + sleeping 30s
Mar 30 01:32:17 Mpool pending 1, skipping + sleeping 30s
Mar 30 01:32:52 Mpool pending 1, skipping + sleeping 30s
Mar 30 01:33:22 
Mar 30 01:33:23 0 minimal_finality_stateroots_624460_2021-03-29_18-00-00.car.ab
Mar 30 01:33:23 f019362-1645426 f023467-1645376 f022142-1647798
Mar 30 01:33:29 Mpool pending 1, skipping + sleeping 30s
Mar 30 01:34:06 Mpool pending 1, skipping + sleeping 30s
Mar 30 01:34:41 Mpool pending 1, skipping + sleeping 30s
Mar 30 01:35:11 
Mar 30 01:35:12 0 minimal_finality_stateroots_616300_2021-03-26_22-00-00.car.aa
Mar 30 01:35:12 f0145874-1639395 f023971-1638943 f0157535-1639420 f015927-1639425 f066596-1639456 f071624-1640606 f08403-1641409 f01234-1640777 f023467-1641041 f019551-1641211 f022352-1642427
Mar 30 01:35:16 Mpool pending 1, skipping + sleeping 30s
Mar 30 01:35:51 Mpool pending 1, skipping + sleeping 30s
Mar 30 01:36:26 Mpool pending 1, skipping + sleeping 30s
Mar 30 01:37:23 Mpool pending 1, skipping + sleeping 30s
Mar 30 01:37:57 Mpool pending 1, skipping + sleeping 30s
Mar 30 01:38:31 Mpool pending 1, skipping + sleeping 30s
Mar 30 01:39:04 Mpool pending 1, skipping + sleeping 30s
Mar 30 01:39:39 Mpool pending 1, skipping + sleeping 30s
Mar 30 01:40:12 Mpool pending 1, skipping + sleeping 30s
Mar 30 01:40:46 Mpool pending 1, skipping + sleeping 30s
Mar 30 01:41:19 Mpool pending 1, skipping + sleeping 30s
Mar 30 01:41:49 
Mar 30 01:41:50 0 minimal_finality_stateroots_624460_2021-03-29_18-00-00.car.aa
Mar 30 01:41:50 f08403-1645450 f09848-1645415 f066596-1645517 f022142-1647799
Mar 30 01:41:53 Mpool pending 1, skipping + sleeping 30s
Mar 30 01:42:26 Mpool pending 1, skipping + sleeping 30s
Mar 30 01:43:00 Mpool pending 1, skipping + sleeping 30s
Mar 30 01:43:34 Mpool pending 1, skipping + sleeping 30s
Mar 30 01:44:04 
