Mar 29 23:35:26 1234
Mar 29 23:35:26 eyJhbGciOiJIUzI1NiIsInR5cCI6IkpXVCJ9.eyJBbGxvdyI6WyJyZWFkIiwid3JpdGUiLCJzaWduIiwiYWRtaW4iXX0.RzY4hBx900NTgTTAA7E-5suH8551qNnu4IWj05cheAs
Mar 29 23:35:27 Loading deals f0421499
Mar 29 23:35:27 f0421499 1 minimal_finality_stateroots_616300_2021-03-26_22-00-00.car.aa
Mar 29 23:35:27 f0421499 2 minimal_finality_stateroots_616300_2021-03-26_22-00-00.car.ab
Mar 29 23:35:27 f0421499 3 minimal_finality_stateroots_620860_2021-03-28_12-00-00.car.aa
Mar 29 23:35:27 f0421499 4 minimal_finality_stateroots_620860_2021-03-28_12-00-00.car.ab
Mar 29 23:35:27 f0421499 5 minimal_finality_stateroots_624460_2021-03-29_18-00-00.car.aa
Mar 29 23:35:27 f0421499 6 minimal_finality_stateroots_624460_2021-03-29_18-00-00.car.ab
Mar 29 23:35:28 1 minimal_finality_stateroots_616300_2021-03-26_22-00-00.car.ab
Mar 29 23:35:28 f08403-1639685 f022163-1639544 f014768-1639431 f01278-1639717 f01234-1639443 f071624-1639479 f022352-1639878 f099608-1640642 f01240-1640769 f0145874-1640738 f02576-1640964 f015927-1641099 f010479-1641179
Mar 29 23:35:29 Already have log for f08403 1639685 bafykbzacea5dewvdatvbxc2tmi26bomowduqhoi7ery4yqi3n6li32n4oe546
Mar 29 23:35:30 Already have log for f022163 1639544 bafykbzacea5dewvdatvbxc2tmi26bomowduqhoi7ery4yqi3n6li32n4oe546
Mar 29 23:35:32 Already have log for f014768 1639431 bafykbzacea5dewvdatvbxc2tmi26bomowduqhoi7ery4yqi3n6li32n4oe546
Mar 29 23:35:34 Already have log for f01278 1639717 bafykbzacea5dewvdatvbxc2tmi26bomowduqhoi7ery4yqi3n6li32n4oe546
Mar 29 23:35:36 Already have log for f01234 1639443 bafykbzacea5dewvdatvbxc2tmi26bomowduqhoi7ery4yqi3n6li32n4oe546
Mar 29 23:35:38 Already have log for f071624 1639479 bafykbzacea5dewvdatvbxc2tmi26bomowduqhoi7ery4yqi3n6li32n4oe546
Mar 29 23:35:41 Already have log for f022352 1639878 bafykbzacea5dewvdatvbxc2tmi26bomowduqhoi7ery4yqi3n6li32n4oe546
Mar 29 23:35:43 Already have log for f099608 1640642 bafykbzacea5dewvdatvbxc2tmi26bomowduqhoi7ery4yqi3n6li32n4oe546
Mar 29 23:35:45 Already have log for f01240 1640769 bafykbzacea5dewvdatvbxc2tmi26bomowduqhoi7ery4yqi3n6li32n4oe546
Mar 29 23:35:47 Already have log for f0145874 1640738 bafykbzacea5dewvdatvbxc2tmi26bomowduqhoi7ery4yqi3n6li32n4oe546
Mar 29 23:35:49 Already have log for f02576 1640964 bafykbzacea5dewvdatvbxc2tmi26bomowduqhoi7ery4yqi3n6li32n4oe546
Mar 29 23:35:51 Already have log for f015927 1641099 bafykbzacea5dewvdatvbxc2tmi26bomowduqhoi7ery4yqi3n6li32n4oe546
Mar 29 23:35:53 Already have log for f010479 1641179 bafykbzacea5dewvdatvbxc2tmi26bomowduqhoi7ery4yqi3n6li32n4oe546
Mar 29 23:35:54 
Mar 29 23:35:55 0 minimal_finality_stateroots_616300_2021-03-26_22-00-00.car.aa
Mar 29 23:35:55 f0145874-1639395 f023971-1638943 f0157535-1639420 f015927-1639425 f066596-1639456 f071624-1640606 f08403-1641409 f01234-1640777 f023467-1641041 f019551-1641211 f022352-1642427
Mar 29 23:35:55 Already have log for f0145874 1639395 bafykbzacedoze6ckqa36rd7sxv7pcpjhugbbdnfssif2meiivcykvcvqup5h2
Mar 29 23:35:57 Already have log for f023971 1638943 bafykbzacedoze6ckqa36rd7sxv7pcpjhugbbdnfssif2meiivcykvcvqup5h2
Mar 29 23:35:58 Already have log for f0157535 1639420 bafykbzacedoze6ckqa36rd7sxv7pcpjhugbbdnfssif2meiivcykvcvqup5h2
Mar 29 23:36:00 Already have log for f015927 1639425 bafykbzacedoze6ckqa36rd7sxv7pcpjhugbbdnfssif2meiivcykvcvqup5h2
Mar 29 23:36:02 Already have log for f066596 1639456 bafykbzacedoze6ckqa36rd7sxv7pcpjhugbbdnfssif2meiivcykvcvqup5h2
Mar 29 23:36:03 Already have log for f071624 1640606 bafykbzacedoze6ckqa36rd7sxv7pcpjhugbbdnfssif2meiivcykvcvqup5h2
Mar 29 23:36:05 Already have log for f08403 1641409 bafykbzacedoze6ckqa36rd7sxv7pcpjhugbbdnfssif2meiivcykvcvqup5h2
Mar 29 23:36:06 Already have log for f01234 1640777 bafykbzacedoze6ckqa36rd7sxv7pcpjhugbbdnfssif2meiivcykvcvqup5h2
Mar 29 23:36:08 Already have log for f023467 1641041 bafykbzacedoze6ckqa36rd7sxv7pcpjhugbbdnfssif2meiivcykvcvqup5h2
Mar 29 23:36:10 Already have log for f019551 1641211 bafykbzacedoze6ckqa36rd7sxv7pcpjhugbbdnfssif2meiivcykvcvqup5h2
Mar 29 23:36:12 Already have log for f022352 1642427 bafykbzacedoze6ckqa36rd7sxv7pcpjhugbbdnfssif2meiivcykvcvqup5h2
Mar 29 23:36:13 
Mar 29 23:36:14 0 minimal_finality_stateroots_624460_2021-03-29_18-00-00.car.ab
Mar 29 23:36:14 f023467-1645376
Mar 29 23:36:14 Retrieving f023467 1645376 bafykbzaceazee5wr2xtg4gpmjeo65uawsjx5i7kpxlv6h75hinjfqc7sg72sa
Mar 29 23:36:14   % Total    % Received % Xferd  Average Speed   Time    Time     Time  Current
Mar 29 23:36:14                                  Dload  Upload   Total   Spent    Left  Speed
Mar 29 23:36:15   0     0    0     0    0     0      0      0 --:--:-- --:--:-- --:--:--     0100   563  100   386  100   177    576    264 --:--:-- --:--:-- --:--:--   840
Mar 29 23:36:15 {"jsonrpc":"2.0","result":{"Err":"","Root":{"/":"bafykbzaceazee5wr2xtg4gpmjeo65uawsjx5i7kpxlv6h75hinjfqc7sg72sa"},"Piece":null,"Size":34359738368,"MinPrice":"68719476736","UnsealPrice":"0","PaymentInterval":1048576,"PaymentIntervalIncrease":1048576,"Miner":"f023242","MinerPeer":{"Address":"f023467","ID":"12D3KooWMpuRzgVuRS6m285cucGgnXWwTnsNtGzjsMJeEqS7UtJw","PieceCID":null}},"id":1}
Mar 29 23:36:15 > Recv: 0 B, Paid 0 FIL, ClientEventOpen (DealStatusNew)
Mar 29 23:36:15 > Recv: 0 B, Paid 0 FIL, ClientEventDealProposed (DealStatusWaitForAcceptance)
Mar 29 23:36:16 > Recv: 0 B, Paid 0 FIL, ClientEventDealAccepted (DealStatusAccepted)
Mar 29 23:36:55 > Recv: 0 B, Paid 0 FIL, ClientEventPaymentChannelAddingFunds (DealStatusPaymentChannelAllocatingLane)
Mar 29 23:36:55 > Recv: 0 B, Paid 0 FIL, ClientEventLaneAllocated (DealStatusOngoing)
