Mar 27 21:33:13 1234
Mar 27 21:33:13 eyJhbGciOiJIUzI1NiIsInR5cCI6IkpXVCJ9.eyJBbGxvdyI6WyJyZWFkIiwid3JpdGUiLCJzaWduIiwiYWRtaW4iXX0.RzY4hBx900NTgTTAA7E-5suH8551qNnu4IWj05cheAs
Mar 27 21:33:14 Loading deals f0421499
Mar 27 21:33:14 f0421499 1 minimal_finality_stateroots_616300_2021-03-26_22-00-00.car.aa
Mar 27 21:33:14 f0421499 2 minimal_finality_stateroots_616300_2021-03-26_22-00-00.car.ab
Mar 27 21:33:14 1 minimal_finality_stateroots_616300_2021-03-26_22-00-00.car.aa
Mar 27 21:33:14 f0145874-1639395 f023971-1638943 f0157535-1639420 f015927-1639425 f0165400-1639461 f066596-1639456 f058369-1639480 f09848-1639498 f01278-1639962 f010479-1640202
Mar 27 21:33:14 Retrieving f0145874 1639395 bafykbzacedoze6ckqa36rd7sxv7pcpjhugbbdnfssif2meiivcykvcvqup5h2
Mar 27 21:33:14   % Total    % Received % Xferd  Average Speed   Time    Time     Time  Current
Mar 27 21:33:14                                  Dload  Upload   Total   Spent    Left  Speed
Mar 27 21:33:15   0     0    0     0    0     0      0      0 --:--:-- --:--:-- --:--:--     0100   178    0     0  100   178      0    890 --:--:-- --:--:-- --:--:--   885100   566  100   388  100   178    473    217 --:--:-- --:--:-- --:--:--   689
Mar 27 21:33:15 {"jsonrpc":"2.0","result":{"Err":"","Root":{"/":"bafykbzacedoze6ckqa36rd7sxv7pcpjhugbbdnfssif2meiivcykvcvqup5h2"},"Piece":null,"Size":34359738368,"MinPrice":"68719476736","UnsealPrice":"0","PaymentInterval":1048576,"PaymentIntervalIncrease":1048576,"Miner":"f0145871","MinerPeer":{"Address":"f0145874","ID":"12D3KooWAkca4FJ6GF72ecMY3j62P4MHWvvJuFwD1BBFiCc1i2gv","PieceCID":null}},"id":1}
Mar 27 21:33:15 > Recv: 0 B, Paid 0 FIL, ClientEventOpen (DealStatusNew)
Mar 27 21:33:15 > Recv: 0 B, Paid 0 FIL, ClientEventDealProposed (DealStatusWaitForAcceptance)
Mar 27 21:33:15 > Recv: 0 B, Paid 0 FIL, ClientEventDealAccepted (DealStatusAccepted)
Mar 27 21:33:15 > Recv: 0 B, Paid 0 FIL, ClientEventPaymentChannelAddingFunds (DealStatusPaymentChannelAllocatingLane)
Mar 27 21:33:15 > Recv: 0 B, Paid 0 FIL, ClientEventLaneAllocated (DealStatusOngoing)
Mar 27 22:16:30 Success
Mar 27 22:16:30 2021-03-27T22:16:30.760Z	[33mWARN[0m	rpc	go-jsonrpc@v0.1.4-0.20210217175800-45ea43ac2bec/websocket.go:678	failed to write close message: write tcp 127.0.0.1:55228->127.0.0.1:1234: write: broken pipe
Mar 27 22:16:30 1.50user 0.20system 43:15.48elapsed 0%CPU (0avgtext+0avgdata 71784maxresident)k
Mar 27 22:16:30 416inputs+0outputs (47major+11732minor)pagefaults 0swaps
Mar 27 22:16:31 ERROR: dial tcp 0.0.0.0:1234: connect: connection refused
Mar 27 22:16:31 
Mar 27 22:16:31 f0421499: (46G free)
Mar 27 22:16:31 Skipping ahead
Mar 27 22:16:31 
Mar 27 22:16:32 1 minimal_finality_stateroots_616300_2021-03-26_22-00-00.car.ab
Mar 27 22:16:32 f08403-1639685 f022163-1639544 f014768-1639431 f01278-1639717 f01234-1639443 f071624-1639479 f022352-1639878 f09848-1639977 f066596-1640067 f058369-1640127
Mar 27 22:16:32 ERROR: dial tcp 0.0.0.0:1234: connect: connection refused
Mar 27 22:16:32 
Mar 27 22:16:32 Already have log for f08403 1639685 bafykbzacea5dewvdatvbxc2tmi26bomowduqhoi7ery4yqi3n6li32n4oe546
Mar 27 22:16:33 ERROR: dial tcp 0.0.0.0:1234: connect: connection refused
Mar 27 22:16:33 
Mar 27 22:16:33 Retrieving f022163 1639544 bafykbzacea5dewvdatvbxc2tmi26bomowduqhoi7ery4yqi3n6li32n4oe546
Mar 27 22:16:33   % Total    % Received % Xferd  Average Speed   Time    Time     Time  Current
Mar 27 22:16:33                                  Dload  Upload   Total   Spent    Left  Speed
Mar 27 22:16:33   0     0    0     0    0     0      0      0 --:--:-- --:--:-- --:--:--     0  0     0    0     0    0     0      0      0 --:--:-- --:--:-- --:--:--     0
Mar 27 22:16:33 curl: (7) Failed to connect to 127.0.0.1 port 1234: Connection refused
Mar 27 22:16:33 ERROR: dial tcp 0.0.0.0:1234: connect: connection refused
Mar 27 22:16:33 
Mar 27 22:16:33 Command exited with non-zero status 1
Mar 27 22:16:33 0.14user 0.03system 0:00.10elapsed 180%CPU (0avgtext+0avgdata 63072maxresident)k
Mar 27 22:16:33 0inputs+0outputs (0major+9197minor)pagefaults 0swaps
Mar 27 22:16:33 ERROR: dial tcp 0.0.0.0:1234: connect: connection refused
Mar 27 22:16:33 
Mar 27 22:16:33 f0421499: (46G free)
Mar 27 22:16:33 Skipping ahead
Mar 27 22:16:33 
