Mar 30 02:14:52 1234
Mar 30 02:14:52 eyJhbGciOiJIUzI1NiIsInR5cCI6IkpXVCJ9.eyJBbGxvdyI6WyJyZWFkIiwid3JpdGUiLCJzaWduIiwiYWRtaW4iXX0.RzY4hBx900NTgTTAA7E-5suH8551qNnu4IWj05cheAs
Mar 30 02:14:52 Loading deals f0421499
Mar 30 02:14:52 f0421499 1 minimal_finality_stateroots_616300_2021-03-26_22-00-00.car.aa
Mar 30 02:14:52 f0421499 2 minimal_finality_stateroots_616300_2021-03-26_22-00-00.car.ab
Mar 30 02:14:52 f0421499 3 minimal_finality_stateroots_620860_2021-03-28_12-00-00.car.aa
Mar 30 02:14:52 f0421499 4 minimal_finality_stateroots_620860_2021-03-28_12-00-00.car.ab
Mar 30 02:14:52 f0421499 5 minimal_finality_stateroots_624460_2021-03-29_18-00-00.car.aa
Mar 30 02:14:52 f0421499 6 minimal_finality_stateroots_624460_2021-03-29_18-00-00.car.ab
Mar 30 02:14:52 1 minimal_finality_stateroots_616300_2021-03-26_22-00-00.car.aa
Mar 30 02:14:52 f0145874-1639395 f023971-1638943 f0157535-1639420 f015927-1639425 f066596-1639456 f071624-1640606 f08403-1641409 f01234-1640777 f023467-1641041 f019551-1641211 f022352-1642427
Mar 30 02:14:55 Mpool pending 1, skipping + sleeping 30s
Mar 30 02:15:27 Mpool pending 1, skipping + sleeping 30s
Mar 30 02:16:00 Mpool pending 1, skipping + sleeping 30s
Mar 30 02:16:33 Mpool pending 1, skipping + sleeping 30s
Mar 30 02:17:06 Mpool pending 1, skipping + sleeping 30s
Mar 30 02:17:39 Mpool pending 1, skipping + sleeping 30s
Mar 30 02:18:12 Mpool pending 1, skipping + sleeping 30s
Mar 30 02:18:45 Mpool pending 1, skipping + sleeping 30s
Mar 30 02:19:17 Mpool pending 1, skipping + sleeping 30s
Mar 30 02:19:50 Mpool pending 1, skipping + sleeping 30s
Mar 30 02:20:24 Mpool pending 1, skipping + sleeping 30s
Mar 30 02:20:54 
Mar 30 02:20:55 0 minimal_finality_stateroots_620860_2021-03-28_12-00-00.car.ab
Mar 30 02:20:55 f071624-1643068 f09848-1642933 f022142-1645157 f058369-1645147 f019551-1645164 f01278-1645170 f0165400-1645269 f099608-1648223 f01234-1645250 f01240-1648939 f08399-1645225 f08403-1645178 f022352-1645318 f066596-1645275 f019041-1648221 f015927-1645310 f0145874-1645326 f014768-1645409 f023467-1645375 f010479-1645464 f07998-1648368
Mar 30 02:20:57 Mpool pending 1, skipping + sleeping 30s
Mar 30 02:21:30 Mpool pending 1, skipping + sleeping 30s
Mar 30 02:22:04 Mpool pending 1, skipping + sleeping 30s
Mar 30 02:22:37 Mpool pending 1, skipping + sleeping 30s
Mar 30 02:23:11 Mpool pending 1, skipping + sleeping 30s
Mar 30 02:23:45 Mpool pending 1, skipping + sleeping 30s
Mar 30 02:24:18 Mpool pending 1, skipping + sleeping 30s
Mar 30 02:24:51 Mpool pending 1, skipping + sleeping 30s
Mar 30 02:25:24 Mpool pending 1, skipping + sleeping 30s
Mar 30 02:25:59 Mpool pending 1, skipping + sleeping 30s
Mar 30 02:26:42 Mpool pending 1, skipping + sleeping 30s
Mar 30 02:27:14 Mpool pending 1, skipping + sleeping 30s
Mar 30 02:27:45 Mpool pending 1, skipping + sleeping 30s
Mar 30 02:28:17 Mpool pending 1, skipping + sleeping 30s
Mar 30 02:28:48 Mpool pending 1, skipping + sleeping 30s
Mar 30 02:29:19 Mpool pending 1, skipping + sleeping 30s
Mar 30 02:29:51 Mpool pending 1, skipping + sleeping 30s
Mar 30 02:30:22 Mpool pending 1, skipping + sleeping 30s
Mar 30 02:30:54 Mpool pending 1, skipping + sleeping 30s
Mar 30 02:31:27 Mpool pending 1, skipping + sleeping 30s
Mar 30 02:31:58 Mpool pending 1, skipping + sleeping 30s
Mar 30 02:32:28 
Mar 30 02:32:29 0 minimal_finality_stateroots_616300_2021-03-26_22-00-00.car.ab
Mar 30 02:32:29 f08403-1639685 f022163-1639544 f014768-1639431 f01278-1639717 f01234-1639443 f071624-1639479 f022352-1639878 f099608-1640642 f01240-1640769 f0145874-1640738 f02576-1640964 f015927-1641099 f010479-1641179
Mar 30 02:32:31 Mpool pending 1, skipping + sleeping 30s
Mar 30 02:33:04 Mpool pending 1, skipping + sleeping 30s
Mar 30 02:33:37 Mpool pending 1, skipping + sleeping 30s
Mar 30 02:34:08 Mpool pending 1, skipping + sleeping 30s
Mar 30 02:34:41 Already have log for f01234 1639443 bafykbzacea5dewvdatvbxc2tmi26bomowduqhoi7ery4yqi3n6li32n4oe546
Mar 30 02:34:43 Already have log for f071624 1639479 bafykbzacea5dewvdatvbxc2tmi26bomowduqhoi7ery4yqi3n6li32n4oe546
Mar 30 02:34:45 Mpool pending 2, skipping + sleeping 30s
Mar 30 02:35:17 Mpool pending 3, skipping + sleeping 30s
Mar 30 02:35:48 Mpool pending 3, skipping + sleeping 30s
Mar 30 02:36:19 Mpool pending 3, skipping + sleeping 30s
Mar 30 02:36:51 Mpool pending 3, skipping + sleeping 30s
Mar 30 02:37:21 Mpool pending 3, skipping + sleeping 30s
Mar 30 02:37:53 Mpool pending 3, skipping + sleeping 30s
Mar 30 02:38:23 
Mar 30 02:38:24 0 minimal_finality_stateroots_624460_2021-03-29_18-00-00.car.aa
Mar 30 02:38:24 f019041-1648222 f08403-1645450 f09848-1645415 f066596-1645517 f099608-1648224 f022142-1647799 f058369-1648954
Mar 30 02:38:25 Mpool pending 3, skipping + sleeping 30s
Mar 30 02:38:55 Mpool pending 3, skipping + sleeping 30s
Mar 30 02:39:26 Mpool pending 3, skipping + sleeping 30s
Mar 30 02:40:06 Retrieving f066596 1645517 bafykbzacecpfagbszu24mq4jynabqouymjp5m3waz3kw6ccqqziwwcjm732ry
Mar 30 02:40:06   % Total    % Received % Xferd  Average Speed   Time    Time     Time  Current
Mar 30 02:40:06                                  Dload  Upload   Total   Spent    Left  Speed
Mar 30 02:40:06   0     0    0     0    0     0      0      0 --:--:-- --:--:-- --:--:--     0100   563  100   386  100   177   3271   1500 --:--:-- --:--:-- --:--:--  4811
Mar 30 02:40:06 {"jsonrpc":"2.0","result":{"Err":"","Root":{"/":"bafykbzacecpfagbszu24mq4jynabqouymjp5m3waz3kw6ccqqziwwcjm732ry"},"Piece":null,"Size":34359738368,"MinPrice":"68719476736","UnsealPrice":"0","PaymentInterval":1048576,"PaymentIntervalIncrease":1048576,"Miner":"f066595","MinerPeer":{"Address":"f066596","ID":"12D3KooWH3mBSF2RFQJFZdqzkVBqSdspoAAunHkViTf5AQhubv1c","PieceCID":null}},"id":1}
Mar 30 02:40:07 > Recv: 0 B, Paid 0 FIL, ClientEventOpen (DealStatusNew)
Mar 30 02:40:07 > Recv: 0 B, Paid 0 FIL, ClientEventDealProposed (DealStatusWaitForAcceptance)
Mar 30 02:40:08 > Recv: 0 B, Paid 0 FIL, ClientEventDealAccepted (DealStatusAccepted)
Mar 30 02:40:08 > Recv: 0 B, Paid 0 FIL, ClientEventPaymentChannelAddingFunds (DealStatusPaymentChannelAllocatingLane)
Mar 30 02:40:08 > Recv: 0 B, Paid 0 FIL, ClientEventLaneAllocated (DealStatusOngoing)
Mar 30 04:40:06 ERROR: retrieval timed out
Mar 30 04:40:06 
Mar 30 04:40:06 Command exited with non-zero status 124
Mar 30 04:40:06 3.66user 0.32system 2:00:00elapsed 0%CPU (0avgtext+0avgdata 69760maxresident)k
Mar 30 04:40:06 848inputs+0outputs (91major+11722minor)pagefaults 0swaps
Mar 30 04:40:07 f0421499: 23.293832210218907393 FIL (11G free)
Mar 30 04:40:07 Skipping ahead
Mar 30 04:40:07 
Mar 30 04:40:08 1 minimal_finality_stateroots_620860_2021-03-28_12-00-00.car.aa
Mar 30 04:40:08 f0165400-1642717 f022163-1643006 f019551-1645067 f022352-1642861 f066596-1643069 f023467-1642894 f01234-1642981 f0145874-1642998 f071624-1645163 f010479-1645175 f08399-1645224 f08403-1645153 f015927-1645215 f014768-1645276 f09848-1645265 f07998-1645308 f058369-1645356 f022142-1645422 f02576-1645489 f01240-1648942
Mar 30 04:40:11 Already have log for f0165400 1642717 bafykbzacebwfpdjhfkv4dckre5pdb6dbtn3drso5mdqbmbofexmrri6vt3py2
Mar 30 04:40:15 Already have log for f022163 1643006 bafykbzacebwfpdjhfkv4dckre5pdb6dbtn3drso5mdqbmbofexmrri6vt3py2
Mar 30 04:40:19 Already have log for f019551 1645067 bafykbzacebwfpdjhfkv4dckre5pdb6dbtn3drso5mdqbmbofexmrri6vt3py2
Mar 30 04:40:24 Already have log for f022352 1642861 bafykbzacebwfpdjhfkv4dckre5pdb6dbtn3drso5mdqbmbofexmrri6vt3py2
Mar 30 04:40:28 Already have log for f066596 1643069 bafykbzacebwfpdjhfkv4dckre5pdb6dbtn3drso5mdqbmbofexmrri6vt3py2
Mar 30 04:40:33 Already have log for f023467 1642894 bafykbzacebwfpdjhfkv4dckre5pdb6dbtn3drso5mdqbmbofexmrri6vt3py2
Mar 30 04:40:37 Already have log for f01234 1642981 bafykbzacebwfpdjhfkv4dckre5pdb6dbtn3drso5mdqbmbofexmrri6vt3py2
Mar 30 04:40:41 Already have log for f0145874 1642998 bafykbzacebwfpdjhfkv4dckre5pdb6dbtn3drso5mdqbmbofexmrri6vt3py2
Mar 30 04:40:45 Already have log for f071624 1645163 bafykbzacebwfpdjhfkv4dckre5pdb6dbtn3drso5mdqbmbofexmrri6vt3py2
Mar 30 04:40:49 Already have log for f010479 1645175 bafykbzacebwfpdjhfkv4dckre5pdb6dbtn3drso5mdqbmbofexmrri6vt3py2
Mar 30 04:40:53 Already have log for f08399 1645224 bafykbzacebwfpdjhfkv4dckre5pdb6dbtn3drso5mdqbmbofexmrri6vt3py2
Mar 30 04:40:58 Already have log for f08403 1645153 bafykbzacebwfpdjhfkv4dckre5pdb6dbtn3drso5mdqbmbofexmrri6vt3py2
Mar 30 04:41:03 Already have log for f015927 1645215 bafykbzacebwfpdjhfkv4dckre5pdb6dbtn3drso5mdqbmbofexmrri6vt3py2
Mar 30 04:41:07 Already have log for f014768 1645276 bafykbzacebwfpdjhfkv4dckre5pdb6dbtn3drso5mdqbmbofexmrri6vt3py2
Mar 30 04:41:11 Already have log for f09848 1645265 bafykbzacebwfpdjhfkv4dckre5pdb6dbtn3drso5mdqbmbofexmrri6vt3py2
Mar 30 04:41:15 Already have log for f07998 1645308 bafykbzacebwfpdjhfkv4dckre5pdb6dbtn3drso5mdqbmbofexmrri6vt3py2
Mar 30 04:41:19 Already have log for f058369 1645356 bafykbzacebwfpdjhfkv4dckre5pdb6dbtn3drso5mdqbmbofexmrri6vt3py2
Mar 30 04:41:23 Already have log for f022142 1645422 bafykbzacebwfpdjhfkv4dckre5pdb6dbtn3drso5mdqbmbofexmrri6vt3py2
Mar 30 04:41:28 Already have log for f02576 1645489 bafykbzacebwfpdjhfkv4dckre5pdb6dbtn3drso5mdqbmbofexmrri6vt3py2
Mar 30 04:41:33 Already have log for f01240 1648942 bafykbzacebwfpdjhfkv4dckre5pdb6dbtn3drso5mdqbmbofexmrri6vt3py2
Mar 30 04:41:34 
Mar 30 04:41:35 0 minimal_finality_stateroots_624460_2021-03-29_18-00-00.car.ab
Mar 30 04:41:35 f019362-1645426 f023467-1645376 f022142-1647798 f09848-1648932 f010479-1648931
Mar 30 04:41:38 Already have log for f019362 1645426 bafykbzaceazee5wr2xtg4gpmjeo65uawsjx5i7kpxlv6h75hinjfqc7sg72sa
Mar 30 04:41:42 Already have log for f023467 1645376 bafykbzaceazee5wr2xtg4gpmjeo65uawsjx5i7kpxlv6h75hinjfqc7sg72sa
Mar 30 04:41:46 Already have log for f022142 1647798 bafykbzaceazee5wr2xtg4gpmjeo65uawsjx5i7kpxlv6h75hinjfqc7sg72sa
Mar 30 04:41:51 Already have log for f09848 1648932 bafykbzaceazee5wr2xtg4gpmjeo65uawsjx5i7kpxlv6h75hinjfqc7sg72sa
Mar 30 04:41:55 Already have log for f010479 1648931 bafykbzaceazee5wr2xtg4gpmjeo65uawsjx5i7kpxlv6h75hinjfqc7sg72sa
Mar 30 04:41:56 
