Mar 29 22:23:48 1234
Mar 29 22:23:48 eyJhbGciOiJIUzI1NiIsInR5cCI6IkpXVCJ9.eyJBbGxvdyI6WyJyZWFkIiwid3JpdGUiLCJzaWduIiwiYWRtaW4iXX0.RzY4hBx900NTgTTAA7E-5suH8551qNnu4IWj05cheAs
Mar 29 22:23:48 Loading deals f0421499
Mar 29 22:23:48 f0421499 1 minimal_finality_stateroots_616300_2021-03-26_22-00-00.car.aa
Mar 29 22:23:49 f0421499 2 minimal_finality_stateroots_616300_2021-03-26_22-00-00.car.ab
Mar 29 22:23:49 f0421499 3 minimal_finality_stateroots_620860_2021-03-28_12-00-00.car.aa
Mar 29 22:23:49 f0421499 4 minimal_finality_stateroots_620860_2021-03-28_12-00-00.car.ab
Mar 29 22:23:49 f0421499 5 minimal_finality_stateroots_624460_2021-03-29_18-00-00.car.aa
Mar 29 22:23:49 f0421499 6 minimal_finality_stateroots_624460_2021-03-29_18-00-00.car.ab
Mar 29 22:23:49 1 minimal_finality_stateroots_624460_2021-03-29_18-00-00.car.aa
Mar 29 22:23:49 
Mar 29 22:23:49 
Mar 29 22:23:50 0 minimal_finality_stateroots_624460_2021-03-29_18-00-00.car.ab
Mar 29 22:23:50 
Mar 29 22:23:50 
Mar 29 22:23:51 0 minimal_finality_stateroots_616300_2021-03-26_22-00-00.car.aa
Mar 29 22:23:51 f0145874-1639395 f023971-1638943 f0157535-1639420 f015927-1639425 f066596-1639456 f071624-1640606 f08403-1641409 f01234-1640777 f023467-1641041 f019551-1641211 f022352-1642427
Mar 29 22:23:59 Already have log for f0145874 1639395 bafykbzacedoze6ckqa36rd7sxv7pcpjhugbbdnfssif2meiivcykvcvqup5h2
Mar 29 22:24:07 Already have log for f023971 1638943 bafykbzacedoze6ckqa36rd7sxv7pcpjhugbbdnfssif2meiivcykvcvqup5h2
Mar 29 22:24:09 Already have log for f0157535 1639420 bafykbzacedoze6ckqa36rd7sxv7pcpjhugbbdnfssif2meiivcykvcvqup5h2
Mar 29 22:24:28 Already have log for f015927 1639425 bafykbzacedoze6ckqa36rd7sxv7pcpjhugbbdnfssif2meiivcykvcvqup5h2
Mar 29 22:24:29 Already have log for f066596 1639456 bafykbzacedoze6ckqa36rd7sxv7pcpjhugbbdnfssif2meiivcykvcvqup5h2
Mar 29 22:24:31 Already have log for f071624 1640606 bafykbzacedoze6ckqa36rd7sxv7pcpjhugbbdnfssif2meiivcykvcvqup5h2
Mar 29 22:24:32 Already have log for f08403 1641409 bafykbzacedoze6ckqa36rd7sxv7pcpjhugbbdnfssif2meiivcykvcvqup5h2
Mar 29 22:24:33 Already have log for f01234 1640777 bafykbzacedoze6ckqa36rd7sxv7pcpjhugbbdnfssif2meiivcykvcvqup5h2
Mar 29 22:24:35 Already have log for f023467 1641041 bafykbzacedoze6ckqa36rd7sxv7pcpjhugbbdnfssif2meiivcykvcvqup5h2
Mar 29 22:24:54 Already have log for f019551 1641211 bafykbzacedoze6ckqa36rd7sxv7pcpjhugbbdnfssif2meiivcykvcvqup5h2
Mar 29 22:24:56 Already have log for f022352 1642427 bafykbzacedoze6ckqa36rd7sxv7pcpjhugbbdnfssif2meiivcykvcvqup5h2
Mar 29 22:24:57 
Mar 29 22:24:58 0 minimal_finality_stateroots_616300_2021-03-26_22-00-00.car.ab
Mar 29 22:24:58 f08403-1639685 f022163-1639544 f014768-1639431 f01278-1639717 f01234-1639443 f071624-1639479 f022352-1639878 f099608-1640642 f01240-1640769 f0145874-1640738 f02576-1640964 f015927-1641099 f010479-1641179
Mar 29 22:24:58 Already have log for f08403 1639685 bafykbzacea5dewvdatvbxc2tmi26bomowduqhoi7ery4yqi3n6li32n4oe546
Mar 29 22:24:59 Already have log for f022163 1639544 bafykbzacea5dewvdatvbxc2tmi26bomowduqhoi7ery4yqi3n6li32n4oe546
Mar 29 22:25:01 Already have log for f014768 1639431 bafykbzacea5dewvdatvbxc2tmi26bomowduqhoi7ery4yqi3n6li32n4oe546
Mar 29 22:25:02 Already have log for f01278 1639717 bafykbzacea5dewvdatvbxc2tmi26bomowduqhoi7ery4yqi3n6li32n4oe546
Mar 29 22:25:04 Already have log for f01234 1639443 bafykbzacea5dewvdatvbxc2tmi26bomowduqhoi7ery4yqi3n6li32n4oe546
Mar 29 22:25:05 Already have log for f071624 1639479 bafykbzacea5dewvdatvbxc2tmi26bomowduqhoi7ery4yqi3n6li32n4oe546
Mar 29 22:25:06 Already have log for f022352 1639878 bafykbzacea5dewvdatvbxc2tmi26bomowduqhoi7ery4yqi3n6li32n4oe546
Mar 29 22:25:26 Already have log for f099608 1640642 bafykbzacea5dewvdatvbxc2tmi26bomowduqhoi7ery4yqi3n6li32n4oe546
Mar 29 22:25:28 Already have log for f01240 1640769 bafykbzacea5dewvdatvbxc2tmi26bomowduqhoi7ery4yqi3n6li32n4oe546
Mar 29 22:25:29 Already have log for f0145874 1640738 bafykbzacea5dewvdatvbxc2tmi26bomowduqhoi7ery4yqi3n6li32n4oe546
Mar 29 22:25:31 Already have log for f02576 1640964 bafykbzacea5dewvdatvbxc2tmi26bomowduqhoi7ery4yqi3n6li32n4oe546
Mar 29 22:25:32 Already have log for f015927 1641099 bafykbzacea5dewvdatvbxc2tmi26bomowduqhoi7ery4yqi3n6li32n4oe546
Mar 29 22:25:48 Already have log for f010479 1641179 bafykbzacea5dewvdatvbxc2tmi26bomowduqhoi7ery4yqi3n6li32n4oe546
Mar 29 22:25:49 
Mar 29 22:25:50 0 minimal_finality_stateroots_620860_2021-03-28_12-00-00.car.aa
Mar 29 22:25:50 f0165400-1642717 f022163-1643006 f019551-1645067 f022352-1642861 f066596-1643069 f023467-1642894 f01234-1642981 f0145874-1642998 f071624-1645163 f010479-1645175 f08399-1645224 f08403-1645153 f015927-1645215 f014768-1645276 f09848-1645265 f07998-1645308 f058369-1645356
Mar 29 22:25:51 Already have log for f0165400 1642717 bafykbzacebwfpdjhfkv4dckre5pdb6dbtn3drso5mdqbmbofexmrri6vt3py2
Mar 29 22:25:52 Already have log for f022163 1643006 bafykbzacebwfpdjhfkv4dckre5pdb6dbtn3drso5mdqbmbofexmrri6vt3py2
Mar 29 22:25:53 Already have log for f019551 1645067 bafykbzacebwfpdjhfkv4dckre5pdb6dbtn3drso5mdqbmbofexmrri6vt3py2
Mar 29 22:25:55 Already have log for f022352 1642861 bafykbzacebwfpdjhfkv4dckre5pdb6dbtn3drso5mdqbmbofexmrri6vt3py2
Mar 29 22:25:56 Already have log for f066596 1643069 bafykbzacebwfpdjhfkv4dckre5pdb6dbtn3drso5mdqbmbofexmrri6vt3py2
Mar 29 22:25:57 Already have log for f023467 1642894 bafykbzacebwfpdjhfkv4dckre5pdb6dbtn3drso5mdqbmbofexmrri6vt3py2
Mar 29 22:25:59 Already have log for f01234 1642981 bafykbzacebwfpdjhfkv4dckre5pdb6dbtn3drso5mdqbmbofexmrri6vt3py2
Mar 29 22:26:00 Already have log for f0145874 1642998 bafykbzacebwfpdjhfkv4dckre5pdb6dbtn3drso5mdqbmbofexmrri6vt3py2
Mar 29 22:26:02 Already have log for f071624 1645163 bafykbzacebwfpdjhfkv4dckre5pdb6dbtn3drso5mdqbmbofexmrri6vt3py2
Mar 29 22:26:03 Already have log for f010479 1645175 bafykbzacebwfpdjhfkv4dckre5pdb6dbtn3drso5mdqbmbofexmrri6vt3py2
Mar 29 22:26:23 Already have log for f08399 1645224 bafykbzacebwfpdjhfkv4dckre5pdb6dbtn3drso5mdqbmbofexmrri6vt3py2
Mar 29 22:26:24 Already have log for f08403 1645153 bafykbzacebwfpdjhfkv4dckre5pdb6dbtn3drso5mdqbmbofexmrri6vt3py2
Mar 29 22:26:25 Already have log for f015927 1645215 bafykbzacebwfpdjhfkv4dckre5pdb6dbtn3drso5mdqbmbofexmrri6vt3py2
Mar 29 22:26:27 Already have log for f014768 1645276 bafykbzacebwfpdjhfkv4dckre5pdb6dbtn3drso5mdqbmbofexmrri6vt3py2
Mar 29 22:26:28 Already have log for f09848 1645265 bafykbzacebwfpdjhfkv4dckre5pdb6dbtn3drso5mdqbmbofexmrri6vt3py2
Mar 29 22:26:29 Retrieving f07998 1645308 bafykbzacebwfpdjhfkv4dckre5pdb6dbtn3drso5mdqbmbofexmrri6vt3py2
Mar 29 22:26:29   % Total    % Received % Xferd  Average Speed   Time    Time     Time  Current
Mar 29 22:26:29                                  Dload  Upload   Total   Spent    Left  Speed
Mar 29 22:26:31   0     0    0     0    0     0      0      0 --:--:-- --:--:-- --:--:--     0100   176    0     0  100   176      0    146  0:00:01  0:00:01 --:--:--   146100   687  100   511  100   176    307    105  0:00:01  0:00:01 --:--:--   412100   687  100   511  100   176    307    105  0:00:01  0:00:01 --:--:--   412
Mar 29 22:26:31 {"jsonrpc":"2.0","result":{"Err":"retrieval query offer errored: get cid info: No state for /bafykbzacebwfpdjhfkv4dckre5pdb6dbtn3drso5mdqbmbofexmrri6vt3py2: datastore: key not found","Root":{"/":"bafykbzacebwfpdjhfkv4dckre5pdb6dbtn3drso5mdqbmbofexmrri6vt3py2"},"Piece":null,"Size":0,"MinPrice":"0","UnsealPrice":"0","PaymentInterval":1048576,"PaymentIntervalIncrease":1048576,"Miner":"f07993","MinerPeer":{"Address":"f07998","ID":"12D3KooWAGau1MLBesysFwR33Waqnf5WpjZfa8v1sprtNAXCi9Dz","PieceCID":null}},"id":1}
Mar 29 22:26:32 ERROR: The received offer errored: retrieval query offer errored: get cid info: No state for /bafykbzacebwfpdjhfkv4dckre5pdb6dbtn3drso5mdqbmbofexmrri6vt3py2: datastore: key not found
Mar 29 22:26:32 
Mar 29 22:26:32 Command exited with non-zero status 1
Mar 29 22:26:32 0.36user 0.03system 0:00.51elapsed 78%CPU (0avgtext+0avgdata 73652maxresident)k
Mar 29 22:26:32 0inputs+0outputs (0major+11546minor)pagefaults 0swaps
Mar 29 22:26:32 f0421499: 23.314620634215091005 FIL (98G free)
Mar 29 22:26:32 Skipping ahead
Mar 29 22:26:32 
Mar 29 22:26:33 1 minimal_finality_stateroots_620860_2021-03-28_12-00-00.car.ab
Mar 29 22:26:33 f071624-1643068 f09848-1642933 f022142-1645157 f058369-1645147 f019551-1645164 f01278-1645170 f0165400-1645269 f01234-1645250 f08399-1645225 f08403-1645178 f022352-1645318 f066596-1645275 f015927-1645310 f0145874-1645326
Mar 29 22:26:33 Already have log for f071624 1643068 bafykbzacedqs6z3a56hasssv234ddhav7zgrlaukfnj6norlu4deptzsezn6g
Mar 29 22:26:34 Already have log for f09848 1642933 bafykbzacedqs6z3a56hasssv234ddhav7zgrlaukfnj6norlu4deptzsezn6g
Mar 29 22:26:51 Already have log for f022142 1645157 bafykbzacedqs6z3a56hasssv234ddhav7zgrlaukfnj6norlu4deptzsezn6g
Mar 29 22:26:52 Already have log for f058369 1645147 bafykbzacedqs6z3a56hasssv234ddhav7zgrlaukfnj6norlu4deptzsezn6g
Mar 29 22:26:54 Already have log for f019551 1645164 bafykbzacedqs6z3a56hasssv234ddhav7zgrlaukfnj6norlu4deptzsezn6g
Mar 29 22:26:55 Already have log for f01278 1645170 bafykbzacedqs6z3a56hasssv234ddhav7zgrlaukfnj6norlu4deptzsezn6g
Mar 29 22:26:57 Already have log for f0165400 1645269 bafykbzacedqs6z3a56hasssv234ddhav7zgrlaukfnj6norlu4deptzsezn6g
Mar 29 22:26:58 Already have log for f01234 1645250 bafykbzacedqs6z3a56hasssv234ddhav7zgrlaukfnj6norlu4deptzsezn6g
Mar 29 22:26:59 Already have log for f08399 1645225 bafykbzacedqs6z3a56hasssv234ddhav7zgrlaukfnj6norlu4deptzsezn6g
Mar 29 22:27:01 Already have log for f08403 1645178 bafykbzacedqs6z3a56hasssv234ddhav7zgrlaukfnj6norlu4deptzsezn6g
Mar 29 22:27:02 Retrieving f022352 1645318 bafykbzacedqs6z3a56hasssv234ddhav7zgrlaukfnj6norlu4deptzsezn6g
Mar 29 22:27:02   % Total    % Received % Xferd  Average Speed   Time    Time     Time  Current
Mar 29 22:27:02                                  Dload  Upload   Total   Spent    Left  Speed
Mar 29 22:27:03   0     0    0     0    0     0      0      0 --:--:-- --:--:-- --:--:--     0100   563  100   386  100   177    516    236 --:--:-- --:--:-- --:--:--   753
Mar 29 22:27:03 {"jsonrpc":"2.0","result":{"Err":"","Root":{"/":"bafykbzacedqs6z3a56hasssv234ddhav7zgrlaukfnj6norlu4deptzsezn6g"},"Piece":null,"Size":34359738368,"MinPrice":"68719476736","UnsealPrice":"0","PaymentInterval":1048576,"PaymentIntervalIncrease":1048576,"Miner":"f019559","MinerPeer":{"Address":"f022352","ID":"12D3KooWDaYp2U3XiDeYvXVruQ5BwGUxwobQA62fASdvZGZVb4n8","PieceCID":null}},"id":1}
Mar 29 22:27:03 > Recv: 0 B, Paid 0 FIL, ClientEventOpen (DealStatusNew)
Mar 29 22:27:03 > Recv: 0 B, Paid 0 FIL, ClientEventDealProposed (DealStatusWaitForAcceptance)
Mar 29 22:27:04 > Recv: 0 B, Paid 0 FIL, ClientEventDealAccepted (DealStatusAccepted)
Mar 29 22:27:21 > Recv: 0 B, Paid 0 FIL, ClientEventPaymentChannelAddingFunds (DealStatusPaymentChannelAllocatingLane)
Mar 29 22:27:21 > Recv: 0 B, Paid 0 FIL, ClientEventLaneAllocated (DealStatusOngoing)
