Mar 28 01:45:40 1234
Mar 28 01:45:40 eyJhbGciOiJIUzI1NiIsInR5cCI6IkpXVCJ9.eyJBbGxvdyI6WyJyZWFkIiwid3JpdGUiLCJzaWduIiwiYWRtaW4iXX0.RzY4hBx900NTgTTAA7E-5suH8551qNnu4IWj05cheAs
Mar 28 01:45:40 Loading deals f0421499
Mar 28 01:45:40 f0421499 1 minimal_finality_stateroots_616300_2021-03-26_22-00-00.car.aa
Mar 28 01:45:40 f0421499 2 minimal_finality_stateroots_616300_2021-03-26_22-00-00.car.ab
Mar 28 01:45:40 1 minimal_finality_stateroots_616300_2021-03-26_22-00-00.car.ab
Mar 28 01:45:40 f08403-1639685 f022163-1639544 f014768-1639431 f01278-1639717 f01234-1639443 f071624-1639479 f022352-1639878 f09848-1639977 f066596-1640067 f058369-1640127
Mar 28 01:45:46 Already have log for f08403 1639685 bafykbzacea5dewvdatvbxc2tmi26bomowduqhoi7ery4yqi3n6li32n4oe546
Mar 28 01:45:54 Already have log for f022163 1639544 bafykbzacea5dewvdatvbxc2tmi26bomowduqhoi7ery4yqi3n6li32n4oe546
Mar 28 01:45:56 Retrieving f014768 1639431 bafykbzacea5dewvdatvbxc2tmi26bomowduqhoi7ery4yqi3n6li32n4oe546
Mar 28 01:45:56   % Total    % Received % Xferd  Average Speed   Time    Time     Time  Current
Mar 28 01:45:56                                  Dload  Upload   Total   Spent    Left  Speed
Mar 28 01:45:57   0     0    0     0    0     0      0      0 --:--:-- --:--:-- --:--:--     0100   177    0     0  100   177      0    147  0:00:01  0:00:01 --:--:--   147100   563  100   386  100   177    255    116  0:00:01  0:00:01 --:--:--   372
Mar 28 01:45:57 {"jsonrpc":"2.0","result":{"Err":"","Root":{"/":"bafykbzacea5dewvdatvbxc2tmi26bomowduqhoi7ery4yqi3n6li32n4oe546"},"Piece":null,"Size":34359738368,"MinPrice":"68719476736","UnsealPrice":"0","PaymentInterval":1048576,"PaymentIntervalIncrease":1048576,"Miner":"f014754","MinerPeer":{"Address":"f014768","ID":"12D3KooWEFAhaG4kVzpxuoKXZxzbD47Qmwp98tzUYB8ho2BQnzeL","PieceCID":null}},"id":1}
Mar 28 01:45:57 > Recv: 0 B, Paid 0 FIL, ClientEventOpen (DealStatusNew)
Mar 28 01:45:57 > Recv: 0 B, Paid 0 FIL, ClientEventDealProposed (DealStatusWaitForAcceptance)
Mar 28 01:45:58 > Recv: 0 B, Paid 0 FIL, ClientEventDealAccepted (DealStatusAccepted)
Mar 28 01:45:58 > Recv: 0 B, Paid 0 FIL, ClientEventPaymentChannelAddingFunds (DealStatusPaymentChannelAllocatingLane)
Mar 28 01:45:58 > Recv: 0 B, Paid 0 FIL, ClientEventLaneAllocated (DealStatusOngoing)
Mar 28 01:49:31 Success
Mar 28 01:49:31 0.36user 0.06system 3:33.52elapsed 0%CPU (0avgtext+0avgdata 72888maxresident)k
Mar 28 01:49:31 0inputs+0outputs (0major+11374minor)pagefaults 0swaps
Mar 28 01:49:31 ERROR: dial tcp 0.0.0.0:1234: connect: connection refused
Mar 28 01:49:31 
Mar 28 01:49:31 f0421499: (265G free)
Mar 28 01:49:31 Skipping ahead
Mar 28 01:49:31 
Mar 28 01:49:32 1 minimal_finality_stateroots_616300_2021-03-26_22-00-00.car.aa
Mar 28 01:49:32 f0145874-1639395 f023971-1638943 f0157535-1639420 f015927-1639425 f0165400-1639461 f066596-1639456 f058369-1639480 f09848-1639498 f01278-1639962 f010479-1640202
Mar 28 01:49:32 ERROR: dial tcp 0.0.0.0:1234: connect: connection refused
Mar 28 01:49:32 
Mar 28 01:49:32 Already have log for f0145874 1639395 bafykbzacedoze6ckqa36rd7sxv7pcpjhugbbdnfssif2meiivcykvcvqup5h2
Mar 28 01:49:33 ERROR: dial tcp 0.0.0.0:1234: connect: connection refused
Mar 28 01:49:33 
Mar 28 01:49:33 Already have log for f023971 1638943 bafykbzacedoze6ckqa36rd7sxv7pcpjhugbbdnfssif2meiivcykvcvqup5h2
Mar 28 01:49:34 ERROR: dial tcp 0.0.0.0:1234: connect: connection refused
Mar 28 01:49:34 
Mar 28 01:49:34 Already have log for f0157535 1639420 bafykbzacedoze6ckqa36rd7sxv7pcpjhugbbdnfssif2meiivcykvcvqup5h2
Mar 28 01:49:35 ERROR: dial tcp 0.0.0.0:1234: connect: connection refused
Mar 28 01:49:35 
Mar 28 01:49:36 Retrieving f015927 1639425 bafykbzacedoze6ckqa36rd7sxv7pcpjhugbbdnfssif2meiivcykvcvqup5h2
Mar 28 01:49:36   % Total    % Received % Xferd  Average Speed   Time    Time     Time  Current
Mar 28 01:49:36                                  Dload  Upload   Total   Spent    Left  Speed
Mar 28 01:49:36   0     0    0     0    0     0      0      0 --:--:-- --:--:-- --:--:--     0  0     0    0     0    0     0      0      0 --:--:-- --:--:-- --:--:--     0
Mar 28 01:49:36 curl: (7) Failed to connect to 127.0.0.1 port 1234: Connection refused
Mar 28 01:49:36 ERROR: dial tcp 0.0.0.0:1234: connect: connection refused
Mar 28 01:49:36 
Mar 28 01:49:36 Command exited with non-zero status 1
Mar 28 01:49:36 0.17user 0.01system 0:00.10elapsed 175%CPU (0avgtext+0avgdata 62816maxresident)k
Mar 28 01:49:36 0inputs+0outputs (0major+8600minor)pagefaults 0swaps
Mar 28 01:49:36 ERROR: dial tcp 0.0.0.0:1234: connect: connection refused
Mar 28 01:49:36 
Mar 28 01:49:36 f0421499: (265G free)
Mar 28 01:49:36 Skipping ahead
Mar 28 01:49:36 
