Mar 30 01:36:16 1234
Mar 30 01:36:16 eyJhbGciOiJIUzI1NiIsInR5cCI6IkpXVCJ9.eyJBbGxvdyI6WyJyZWFkIiwid3JpdGUiLCJzaWduIiwiYWRtaW4iXX0.RzY4hBx900NTgTTAA7E-5suH8551qNnu4IWj05cheAs
Mar 30 01:36:17 Loading deals f0421499
Mar 30 01:36:17 f0421499 1 minimal_finality_stateroots_616300_2021-03-26_22-00-00.car.aa
Mar 30 01:36:17 f0421499 2 minimal_finality_stateroots_616300_2021-03-26_22-00-00.car.ab
Mar 30 01:36:17 f0421499 3 minimal_finality_stateroots_620860_2021-03-28_12-00-00.car.aa
Mar 30 01:36:17 f0421499 4 minimal_finality_stateroots_620860_2021-03-28_12-00-00.car.ab
Mar 30 01:36:17 f0421499 5 minimal_finality_stateroots_624460_2021-03-29_18-00-00.car.aa
Mar 30 01:36:17 f0421499 6 minimal_finality_stateroots_624460_2021-03-29_18-00-00.car.ab
Mar 30 01:36:18 1 minimal_finality_stateroots_624460_2021-03-29_18-00-00.car.aa
Mar 30 01:36:18 f08403-1645450 f09848-1645415 f066596-1645517 f022142-1647799
Mar 30 01:36:22 Mpool pending 1, skipping + sleeping 30s
Mar 30 01:37:22 Mpool pending 1, skipping + sleeping 30s
Mar 30 01:37:56 Mpool pending 1, skipping + sleeping 30s
Mar 30 01:38:30 Mpool pending 1, skipping + sleeping 30s
Mar 30 01:39:00 
Mar 30 01:39:01 0 minimal_finality_stateroots_620860_2021-03-28_12-00-00.car.aa
Mar 30 01:39:01 f0165400-1642717 f022163-1643006 f019551-1645067 f022352-1642861 f066596-1643069 f023467-1642894 f01234-1642981 f0145874-1642998 f071624-1645163 f010479-1645175 f08399-1645224 f08403-1645153 f015927-1645215 f014768-1645276 f09848-1645265 f07998-1645308 f058369-1645356 f022142-1645422 f02576-1645489
Mar 30 01:39:05 Mpool pending 1, skipping + sleeping 30s
Mar 30 01:39:39 Mpool pending 1, skipping + sleeping 30s
Mar 30 01:40:13 Mpool pending 1, skipping + sleeping 30s
Mar 30 01:40:46 Mpool pending 1, skipping + sleeping 30s
Mar 30 01:41:19 Mpool pending 1, skipping + sleeping 30s
Mar 30 01:41:52 Mpool pending 1, skipping + sleeping 30s
Mar 30 01:42:26 Mpool pending 1, skipping + sleeping 30s
Mar 30 01:42:59 Mpool pending 1, skipping + sleeping 30s
Mar 30 01:43:32 Mpool pending 1, skipping + sleeping 30s
Mar 30 01:44:07 Mpool pending 1, skipping + sleeping 30s
Mar 30 01:44:42 Mpool pending 1, skipping + sleeping 30s
Mar 30 01:45:15 Mpool pending 1, skipping + sleeping 30s
Mar 30 01:45:49 Mpool pending 1, skipping + sleeping 30s
Mar 30 01:46:24 Mpool pending 1, skipping + sleeping 30s
Mar 30 01:47:01 Mpool pending 1, skipping + sleeping 30s
Mar 30 01:47:35 Mpool pending 1, skipping + sleeping 30s
Mar 30 01:48:10 Mpool pending 1, skipping + sleeping 30s
Mar 30 01:48:46 Mpool pending 1, skipping + sleeping 30s
Mar 30 01:49:21 Mpool pending 1, skipping + sleeping 30s
Mar 30 01:49:51 
Mar 30 01:49:52 0 minimal_finality_stateroots_616300_2021-03-26_22-00-00.car.aa
Mar 30 01:49:52 f0145874-1639395 f023971-1638943 f0157535-1639420 f015927-1639425 f066596-1639456 f071624-1640606 f08403-1641409 f01234-1640777 f023467-1641041 f019551-1641211 f022352-1642427
Mar 30 01:49:55 Mpool pending 1, skipping + sleeping 30s
Mar 30 01:50:29 Mpool pending 1, skipping + sleeping 30s
Mar 30 01:51:06 Mpool pending 1, skipping + sleeping 30s
Mar 30 01:51:41 Mpool pending 1, skipping + sleeping 30s
Mar 30 01:52:15 Mpool pending 1, skipping + sleeping 30s
Mar 30 01:52:52 Mpool pending 1, skipping + sleeping 30s
Mar 30 01:53:27 Mpool pending 1, skipping + sleeping 30s
Mar 30 01:54:02 Mpool pending 1, skipping + sleeping 30s
Mar 30 01:54:37 Mpool pending 1, skipping + sleeping 30s
Mar 30 01:55:13 Mpool pending 1, skipping + sleeping 30s
Mar 30 01:55:49 Mpool pending 1, skipping + sleeping 30s
Mar 30 01:56:19 
Mar 30 01:56:20 0 minimal_finality_stateroots_616300_2021-03-26_22-00-00.car.ab
Mar 30 01:56:21 f08403-1639685 f022163-1639544 f014768-1639431 f01278-1639717 f01234-1639443 f071624-1639479 f022352-1639878 f099608-1640642 f01240-1640769 f0145874-1640738 f02576-1640964 f015927-1641099 f010479-1641179
Mar 30 01:56:26 Mpool pending 1, skipping + sleeping 30s
Mar 30 01:57:02 Mpool pending 1, skipping + sleeping 30s
Mar 30 01:57:38 Mpool pending 1, skipping + sleeping 30s
Mar 30 01:58:13 Mpool pending 1, skipping + sleeping 30s
Mar 30 01:58:50 Mpool pending 1, skipping + sleeping 30s
Mar 30 01:59:27 Mpool pending 1, skipping + sleeping 30s
Mar 30 02:00:03 Mpool pending 1, skipping + sleeping 30s
Mar 30 02:00:40 Mpool pending 1, skipping + sleeping 30s
Mar 30 02:01:16 Mpool pending 1, skipping + sleeping 30s
Mar 30 02:01:51 Mpool pending 1, skipping + sleeping 30s
Mar 30 02:02:27 Mpool pending 1, skipping + sleeping 30s
Mar 30 02:03:03 Mpool pending 1, skipping + sleeping 30s
Mar 30 02:03:37 Mpool pending 1, skipping + sleeping 30s
Mar 30 02:04:07 
Mar 30 02:04:08 0 minimal_finality_stateroots_620860_2021-03-28_12-00-00.car.ab
Mar 30 02:04:08 f071624-1643068 f09848-1642933 f022142-1645157 f058369-1645147 f019551-1645164 f01278-1645170 f0165400-1645269 f01234-1645250 f08399-1645225 f08403-1645178 f022352-1645318 f066596-1645275 f015927-1645310 f0145874-1645326 f014768-1645409 f023467-1645375 f010479-1645464
Mar 30 02:04:13 Mpool pending 1, skipping + sleeping 30s
Mar 30 02:04:50 Mpool pending 1, skipping + sleeping 30s
Mar 30 02:05:29 Mpool pending 1, skipping + sleeping 30s
Mar 30 02:06:05 Mpool pending 1, skipping + sleeping 30s
Mar 30 02:06:42 Mpool pending 1, skipping + sleeping 30s
Mar 30 02:07:18 Mpool pending 1, skipping + sleeping 30s
Mar 30 02:07:54 Mpool pending 1, skipping + sleeping 30s
Mar 30 02:08:28 Mpool pending 1, skipping + sleeping 30s
Mar 30 02:09:03 Mpool pending 1, skipping + sleeping 30s
Mar 30 02:09:39 Mpool pending 1, skipping + sleeping 30s
Mar 30 02:10:12 Already have log for f022352 1645318 bafykbzacedqs6z3a56hasssv234ddhav7zgrlaukfnj6norlu4deptzsezn6g
Mar 30 02:10:16 Already have log for f066596 1645275 bafykbzacedqs6z3a56hasssv234ddhav7zgrlaukfnj6norlu4deptzsezn6g
Mar 30 02:10:20 Mpool pending 1, skipping + sleeping 30s
Mar 30 02:10:53 Mpool pending 1, skipping + sleeping 30s
Mar 30 02:11:25 Mpool pending 1, skipping + sleeping 30s
Mar 30 02:11:58 Mpool pending 1, skipping + sleeping 30s
Mar 30 02:12:30 Mpool pending 1, skipping + sleeping 30s
Mar 30 02:13:00 
Mar 30 02:13:01 0 minimal_finality_stateroots_624460_2021-03-29_18-00-00.car.ab
Mar 30 02:13:01 f019362-1645426 f023467-1645376 f022142-1647798
Mar 30 02:13:05 Mpool pending 1, skipping + sleeping 30s
Mar 30 02:13:38 Mpool pending 1, skipping + sleeping 30s
Mar 30 02:14:10 Mpool pending 1, skipping + sleeping 30s
Mar 30 02:14:40 
