Mar 29 22:19:17 Count: 3 of 4
Mar 29 22:19:17 f07998 (1 / 1 tries):
Mar 29 22:19:17 f0421499: 23.314620634215091005 FIL (87G free)
Mar 29 22:19:18 Escrow: 0.999999997255 FIL
Mar 29 22:19:18 Locked: 0.33251649052 FIL
Mar 29 22:19:18 2021-03-29T22:19:18.201Z	[31mERROR[0m	rpc	go-jsonrpc@v0.1.4-0.20210217175800-45ea43ac2bec/websocket.go:97	setting read deadlineset tcp 127.0.0.1:57464: use of closed network connection
Mar 29 22:19:18 Datacap: 4122765950976
Mar 29 22:19:18 ....
Mar 29 22:19:19 Count: 3 of 4
Mar 29 22:19:19 f022163 (1 / 1 tries):
Mar 29 22:19:19 f0421499: 23.314620634215091005 FIL (86G free)
Mar 29 22:19:19 Escrow: 0.999999997255 FIL
Mar 29 22:19:19 Locked: 0.33251649052 FIL
Mar 29 22:19:20 Datacap: 4122765950976
Mar 29 22:19:20 ....
Mar 29 22:19:21 Count: 3 of 4
Mar 29 22:19:21 f01278 (1 / 1 tries):
Mar 29 22:19:21 2021-03-29T22:19:21.405Z	[31mERROR[0m	rpc	go-jsonrpc@v0.1.4-0.20210217175800-45ea43ac2bec/websocket.go:97	setting read deadlineset tcp 127.0.0.1:57484: use of closed network connection
Mar 29 22:19:21 f0421499: 23.314620634215091005 FIL (86G free)
Mar 29 22:19:22 Escrow: 0.999999997255 FIL
Mar 29 22:19:22 Locked: 0.33251649052 FIL
Mar 29 22:19:22 Datacap: 4122765950976
Mar 29 22:19:22 ....
Mar 29 22:19:23 Count: 3 of 4
Mar 29 22:19:23 f08399 (1 / 1 tries):
Mar 29 22:19:24 f0421499: 23.314620634215091005 FIL (86G free)
Mar 29 22:19:24 Escrow: 0.999999997255 FIL
Mar 29 22:19:24 Locked: 0.33251649052 FIL
Mar 29 22:19:25 Datacap: 4122765950976
Mar 29 22:19:25 ....
Mar 29 22:19:26 Count: 3 of 4
Mar 29 22:19:26 f014409 (1 / 1 tries):
Mar 29 22:19:26 f0421499: 23.314620634215091005 FIL (86G free)
Mar 29 22:19:26 Escrow: 0.999999997255 FIL
Mar 29 22:19:26 Locked: 0.33251649052 FIL
Mar 29 22:19:27 Datacap: 4122765950976
Mar 29 22:19:27 ....
Mar 29 22:19:28 Count: 3 of 4
Mar 29 22:19:28 f058369 (1 / 1 tries):
Mar 29 22:19:28 f0421499: 23.314620634215091005 FIL (86G free)
Mar 29 22:19:28 Escrow: 0.999999997255 FIL
Mar 29 22:19:28 Locked: 0.33251649052 FIL
Mar 29 22:19:28 Datacap: 4122765950976
Mar 29 22:19:28 ....
Mar 29 22:19:29 Count: 3 of 4
Mar 29 22:19:29 f015927 (1 / 1 tries):
Mar 29 22:19:30 f0421499: 23.314620634215091005 FIL (86G free)
Mar 29 22:19:30 Escrow: 0.999999997255 FIL
Mar 29 22:19:30 Locked: 0.33251649052 FIL
Mar 29 22:19:30 Datacap: 4122765950976
Mar 29 22:19:30 ....
Mar 29 22:19:31 Count: 3 of 4
Mar 29 22:19:31 f099608 (1 / 1 tries):
Mar 29 22:19:32 f0421499: 23.314620634215091005 FIL (86G free)
Mar 29 22:19:32 Escrow: 0.999999997255 FIL
Mar 29 22:19:32 Locked: 0.33251649052 FIL
Mar 29 22:19:32 Datacap: 4122765950976
Mar 29 22:19:32 ....
Mar 29 22:19:33 Count: 3 of 4
Mar 29 22:19:33 f066596 (1 / 1 tries):
Mar 29 22:19:34 f0421499: 23.314620634215091005 FIL (85G free)
Mar 29 22:19:34 Escrow: 0.999999997255 FIL
Mar 29 22:19:34 Locked: 0.33251649052 FIL
Mar 29 22:19:34 Datacap: 4122765950976
Mar 29 22:19:34 ....
Mar 29 22:19:35 Count: 3 of 4
Mar 29 22:19:35 f022142 (1 / 1 tries):
Mar 29 22:19:35 f0421499: 23.314620634215091005 FIL (85G free)
Mar 29 22:19:36 Escrow: 0.999999997255 FIL
Mar 29 22:19:36 Locked: 0.33251649052 FIL
Mar 29 22:19:36 Datacap: 4122765950976
Mar 29 22:19:36 ....
Mar 29 22:19:37 Count: 3 of 4
Mar 29 22:19:37 f062353 (1 / 1 tries):
Mar 29 22:19:38 f0421499: 23.314620634215091005 FIL (85G free)
Mar 29 22:19:38 Escrow: 0.999999997255 FIL
Mar 29 22:19:38 Locked: 0.33251649052 FIL
Mar 29 22:19:39 Datacap: 4122765950976
Mar 29 22:19:39 ....
Mar 29 22:19:40 Count: 3 of 4
Mar 29 22:19:40 f09848 (1 / 1 tries):
Mar 29 22:19:40 f0421499: 23.314620634215091005 FIL (85G free)
Mar 29 22:19:40 Escrow: 0.999999997255 FIL
Mar 29 22:19:40 Locked: 0.33251649052 FIL
Mar 29 22:19:41 Datacap: 4122765950976
Mar 29 22:19:41 ....
Mar 29 22:19:42 Count: 3 of 4
Mar 29 22:19:42 f02606 (1 / 1 tries):
Mar 29 22:19:42 f0421499: 23.314620634215091005 FIL (85G free)
Mar 29 22:19:42 Escrow: 0.999999997255 FIL
Mar 29 22:19:42 Locked: 0.33251649052 FIL
Mar 29 22:19:42 Datacap: 4122765950976
Mar 29 22:19:42 ....
Mar 29 22:19:43 Count: 3 of 4
Mar 29 22:19:43 f019104 (1 / 1 tries):
Mar 29 22:19:44 f0421499: 23.314620634215091005 FIL (85G free)
Mar 29 22:19:44 Escrow: 0.999999997255 FIL
Mar 29 22:19:44 Locked: 0.33251649052 FIL
Mar 29 22:19:44 Datacap: 4122765950976
Mar 29 22:19:44 ....
Mar 29 22:19:45 Count: 3 of 4
Mar 29 22:19:45 f01240 (1 / 1 tries):
Mar 29 22:19:46 f0421499: 23.314620634215091005 FIL (85G free)
Mar 29 22:19:46 Escrow: 0.999999997255 FIL
Mar 29 22:19:46 Locked: 0.33251649052 FIL
Mar 29 22:19:46 Datacap: 4122765950976
Mar 29 22:19:46 ....
Mar 29 22:19:47 Count: 3 of 4
Mar 29 22:19:47 f01247 (1 / 1 tries):
Mar 29 22:19:47 f0421499: 23.314620634215091005 FIL (85G free)
Mar 29 22:19:48 Escrow: 0.999999997255 FIL
Mar 29 22:19:48 Locked: 0.33251649052 FIL
Mar 29 22:19:48 Datacap: 4122765950976
Mar 29 22:19:48 ....
Mar 29 22:19:49 Count: 3 of 4
Mar 29 22:19:49 f021716 (1 / 1 tries):
Mar 29 22:19:49 f0421499: 23.314620634215091005 FIL (84G free)
Mar 29 22:19:49 Escrow: 0.999999997255 FIL
Mar 29 22:19:49 Locked: 0.33251649052 FIL
Mar 29 22:19:50 Datacap: 4122765950976
Mar 29 22:19:50 ....
Mar 29 22:19:51 Count: 3 of 4
Mar 29 22:19:51 f0145874 (1 / 1 tries):
Mar 29 22:19:51 f0421499: 23.314620634215091005 FIL (84G free)
Mar 29 22:19:51 Escrow: 0.999999997255 FIL
Mar 29 22:19:51 Locked: 0.33251649052 FIL
Mar 29 22:19:52 Datacap: 4122765950976
Mar 29 22:19:52 ....
Mar 29 22:19:53 Count: 3 of 4
Mar 29 22:19:53 f01234 (1 / 1 tries):
Mar 29 22:19:53 f0421499: 23.314620634215091005 FIL (84G free)
Mar 29 22:19:53 Escrow: 0.999999997255 FIL
Mar 29 22:19:53 Locked: 0.33251649052 FIL
Mar 29 22:19:53 Datacap: 4122765950976
Mar 29 22:19:53 ....
Mar 29 22:19:54 Count: 3 of 4
Mar 29 22:19:54 f0127896 (1 / 1 tries):
Mar 29 22:19:55 Skipping f0127896: min-ask
Mar 29 22:19:55 
Mar 29 22:19:56 Count: 3 of 4
Mar 29 22:19:56 f019100 (1 / 1 tries):
Mar 29 22:19:56 Skipping f019100: error-ask
Mar 29 22:19:56 
Mar 29 22:19:57 Count: 3 of 4
Mar 29 22:19:57 f02576 (1 / 1 tries):
Mar 29 22:19:57 f0421499: 23.314620634215091005 FIL (84G free)
Mar 29 22:19:58 Escrow: 0.999999997255 FIL
Mar 29 22:19:58 Locked: 0.33251649052 FIL
Mar 29 22:19:58 Datacap: 4122765950976
Mar 29 22:19:58 ....
Mar 29 22:19:59 Count: 3 of 4
Mar 29 22:19:59 f01277 (1 / 1 tries):
Mar 29 22:19:59 Skipping f01277: min-ask
Mar 29 22:19:59 
Mar 29 22:20:00 Count: 3 of 4
Mar 29 22:20:00 f071624 (1 / 1 tries):
Mar 29 22:20:01 f0421499: 23.314620634215091005 FIL (84G free)
Mar 29 22:20:01 Escrow: 0.999999997255 FIL
Mar 29 22:20:01 Locked: 0.33251649052 FIL
Mar 29 22:20:01 Datacap: 4122765950976
Mar 29 22:20:01 ....
Mar 29 22:20:02 Count: 3 of 4
Mar 29 22:20:02 f014768 (1 / 1 tries):
Mar 29 22:20:03 f0421499: 23.314620634215091005 FIL (84G free)
Mar 29 22:20:03 Escrow: 0.999999997255 FIL
Mar 29 22:20:03 Locked: 0.33251649052 FIL
Mar 29 22:20:03 Datacap: 4122765950976
Mar 29 22:20:03 ....
Mar 29 22:20:04 Count: 3 of 4
Mar 29 22:20:04 f023971 (1 / 1 tries):
Mar 29 22:20:04 f0421499: 23.314620634215091005 FIL (84G free)
Mar 29 22:20:04 Escrow: 0.999999997255 FIL
Mar 29 22:20:04 Locked: 0.33251649052 FIL
Mar 29 22:20:05 Datacap: 4122765950976
Mar 29 22:20:05 ....
Mar 29 22:20:06 Count: 3 of 4
Mar 29 22:20:06 f019041 (1 / 1 tries):
Mar 29 22:20:06 f0421499: 23.314620634215091005 FIL (83G free)
Mar 29 22:20:06 Escrow: 0.999999997255 FIL
Mar 29 22:20:06 Locked: 0.33251649052 FIL
Mar 29 22:20:07 Datacap: 4122765950976
Mar 29 22:20:07 ....
Mar 29 22:20:08 Count: 3 of 4
Mar 29 22:20:08 f022352 (1 / 1 tries):
Mar 29 22:20:08 f0421499: 23.314620634215091005 FIL (83G free)
Mar 29 22:20:08 Escrow: 0.999999997255 FIL
Mar 29 22:20:08 Locked: 0.33251649052 FIL
Mar 29 22:20:08 Datacap: 4122765950976
Mar 29 22:20:08 ....
Mar 29 22:20:09 Count: 3 of 4
Mar 29 22:20:09 f010617 (1 / 1 tries):
Mar 29 22:20:10 f0421499: 23.314620634215091005 FIL (83G free)
Mar 29 22:20:10 Escrow: 0.999999997255 FIL
Mar 29 22:20:10 Locked: 0.33251649052 FIL
Mar 29 22:20:11 Datacap: 4122765950976
Mar 29 22:20:11 ....
Mar 29 22:20:12 Count: 3 of 4
Mar 29 22:20:12 f019362 (1 / 1 tries):
Mar 29 22:20:13 f0421499: 23.314620634215091005 FIL (83G free)
Mar 29 22:20:13 Escrow: 0.999999997255 FIL
Mar 29 22:20:13 Locked: 0.33251649052 FIL
Mar 29 22:20:13 Datacap: 4122765950976
Mar 29 22:20:13 ....
Mar 29 22:20:14 Count: 3 of 4
Mar 29 22:20:14 f0165400 (1 / 1 tries):
Mar 29 22:20:15 f0421499: 23.314620634215091005 FIL (83G free)
Mar 29 22:20:15 Escrow: 0.999999997255 FIL
Mar 29 22:20:15 Locked: 0.33251649052 FIL
Mar 29 22:20:15 Datacap: 4122765950976
Mar 29 22:20:15 ....
Mar 29 22:20:16 Count: 3 of 4
Mar 29 22:20:16 f019551 (1 / 1 tries):
Mar 29 22:20:16 f0421499: 23.314620634215091005 FIL (83G free)
Mar 29 22:20:17 Escrow: 0.999999997255 FIL
Mar 29 22:20:17 Locked: 0.33251649052 FIL
Mar 29 22:20:17 Datacap: 4122765950976
Mar 29 22:20:17 ....
Mar 29 22:20:18 Count: 3 of 4
Mar 29 22:20:18 f023467 (1 / 1 tries):
Mar 29 22:20:18 f0421499: 23.314620634215091005 FIL (83G free)
Mar 29 22:20:18 Escrow: 0.999999997255 FIL
Mar 29 22:20:18 Locked: 0.33251649052 FIL
Mar 29 22:20:19 Datacap: 4122765950976
Mar 29 22:20:19 ....
Mar 29 22:20:20 Count: 3 of 4
Mar 29 22:20:20 f010479 (1 / 1 tries):
Mar 29 22:20:20 f0421499: 23.314620634215091005 FIL (83G free)
Mar 29 22:20:20 Escrow: 0.999999997255 FIL
Mar 29 22:20:20 Locked: 0.33251649052 FIL
Mar 29 22:20:20 Datacap: 4122765950976
Mar 29 22:20:21 ....
Mar 29 22:20:22 Count: 3 of 4
Mar 29 22:20:22 f08403 (1 / 1 tries):
Mar 29 22:20:22 f0421499: 23.314620634215091005 FIL (82G free)
Mar 29 22:20:22 Escrow: 0.999999997255 FIL
Mar 29 22:20:22 Locked: 0.33251649052 FIL
Mar 29 22:20:22 Datacap: 4122765950976
Mar 29 22:20:22 ....
Mar 29 22:20:23 Count: 3 of 4
Mar 29 22:20:23 f0157535 (1 / 1 tries):
Mar 29 22:20:24 f0421499: 23.314620634215091005 FIL (82G free)
Mar 29 22:20:24 Escrow: 0.999999997255 FIL
Mar 29 22:20:24 Locked: 0.33251649052 FIL
Mar 29 22:20:24 Datacap: 4122765950976
Mar 29 22:20:24 ....
