Mar 29 22:16:42 Count: 3 of 4
Mar 29 22:16:42 f0145874 (1 / 1 tries):
Mar 29 22:16:42 f0421499: 23.314620634215091005 FIL (96G free)
Mar 29 22:16:42 Escrow: 0.999999997255 FIL
Mar 29 22:16:42 Locked: 0.33251649052 FIL
Mar 29 22:16:43 Datacap: 4122765950976
Mar 29 22:16:43 ....
Mar 29 22:16:44 Count: 3 of 4
Mar 29 22:16:44 f021716 (1 / 1 tries):
Mar 29 22:16:44 f0421499: 23.314620634215091005 FIL (96G free)
Mar 29 22:16:44 Escrow: 0.999999997255 FIL
Mar 29 22:16:44 Locked: 0.33251649052 FIL
Mar 29 22:16:44 Datacap: 4122765950976
Mar 29 22:16:44 ....
Mar 29 22:16:45 Count: 3 of 4
Mar 29 22:16:45 f0157535 (1 / 1 tries):
Mar 29 22:16:46 f0421499: 23.314620634215091005 FIL (96G free)
Mar 29 22:16:46 Escrow: 0.999999997255 FIL
Mar 29 22:16:46 Locked: 0.33251649052 FIL
Mar 29 22:16:46 Datacap: 4122765950976
Mar 29 22:16:46 ....
Mar 29 22:16:47 Count: 3 of 4
Mar 29 22:16:47 f019100 (1 / 1 tries):
Mar 29 22:16:47 Skipping f019100: error-ask
Mar 29 22:16:47 
Mar 29 22:16:48 Count: 3 of 4
Mar 29 22:16:48 f07998 (1 / 1 tries):
Mar 29 22:16:49 f0421499: 23.314620634215091005 FIL (96G free)
Mar 29 22:16:49 Escrow: 0.999999997255 FIL
Mar 29 22:16:49 Locked: 0.33251649052 FIL
Mar 29 22:16:49 Datacap: 4122765950976
Mar 29 22:16:49 ....
Mar 29 22:16:50 Count: 3 of 4
Mar 29 22:16:50 f01278 (1 / 1 tries):
Mar 29 22:16:51 f0421499: 23.314620634215091005 FIL (96G free)
Mar 29 22:16:51 Escrow: 0.999999997255 FIL
Mar 29 22:16:51 Locked: 0.33251649052 FIL
Mar 29 22:16:51 Datacap: 4122765950976
Mar 29 22:16:51 ....
Mar 29 22:16:52 Count: 3 of 4
Mar 29 22:16:52 f010479 (1 / 1 tries):
Mar 29 22:16:52 f0421499: 23.314620634215091005 FIL (96G free)
Mar 29 22:16:53 Escrow: 0.999999997255 FIL
Mar 29 22:16:53 Locked: 0.33251649052 FIL
Mar 29 22:16:53 Datacap: 4122765950976
Mar 29 22:16:53 ....
Mar 29 22:16:54 Count: 3 of 4
Mar 29 22:16:54 f014768 (1 / 1 tries):
Mar 29 22:16:54 f0421499: 23.314620634215091005 FIL (96G free)
Mar 29 22:16:54 Escrow: 0.999999997255 FIL
Mar 29 22:16:54 Locked: 0.33251649052 FIL
Mar 29 22:16:55 Datacap: 4122765950976
Mar 29 22:16:55 ....
Mar 29 22:16:56 Count: 3 of 4
Mar 29 22:16:56 f0165400 (1 / 1 tries):
Mar 29 22:16:56 f0421499: 23.314620634215091005 FIL (96G free)
Mar 29 22:16:56 Escrow: 0.999999997255 FIL
Mar 29 22:16:56 Locked: 0.33251649052 FIL
Mar 29 22:16:57 Datacap: 4122765950976
Mar 29 22:16:57 ....
Mar 29 22:16:58 Count: 3 of 4
Mar 29 22:16:58 f01247 (1 / 1 tries):
Mar 29 22:16:58 f0421499: 23.314620634215091005 FIL (95G free)
Mar 29 22:16:58 Escrow: 0.999999997255 FIL
Mar 29 22:16:58 Locked: 0.33251649052 FIL
Mar 29 22:16:58 Datacap: 4122765950976
Mar 29 22:16:59 ....
Mar 29 22:17:00 Count: 3 of 4
Mar 29 22:17:00 f08403 (1 / 1 tries):
Mar 29 22:17:00 f0421499: 23.314620634215091005 FIL (95G free)
Mar 29 22:17:00 Escrow: 0.999999997255 FIL
Mar 29 22:17:00 Locked: 0.33251649052 FIL
Mar 29 22:17:01 Datacap: 4122765950976
Mar 29 22:17:01 ....
Mar 29 22:17:02 Count: 3 of 4
Mar 29 22:17:02 f099608 (1 / 1 tries):
Mar 29 22:17:02 f0421499: 23.314620634215091005 FIL (95G free)
Mar 29 22:17:02 Escrow: 0.999999997255 FIL
Mar 29 22:17:02 Locked: 0.33251649052 FIL
Mar 29 22:17:03 Datacap: 4122765950976
Mar 29 22:17:03 ....
Mar 29 22:17:04 Count: 3 of 4
Mar 29 22:17:04 f019551 (1 / 1 tries):
Mar 29 22:17:04 f0421499: 23.314620634215091005 FIL (95G free)
Mar 29 22:17:04 Escrow: 0.999999997255 FIL
Mar 29 22:17:04 Locked: 0.33251649052 FIL
Mar 29 22:17:04 Datacap: 4122765950976
Mar 29 22:17:04 ....
Mar 29 22:17:05 Count: 3 of 4
Mar 29 22:17:05 f066596 (1 / 1 tries):
Mar 29 22:17:06 f0421499: 23.314620634215091005 FIL (95G free)
Mar 29 22:17:06 Escrow: 0.999999997255 FIL
Mar 29 22:17:06 Locked: 0.33251649052 FIL
Mar 29 22:17:06 Datacap: 4122765950976
Mar 29 22:17:06 ....
Mar 29 22:17:07 Count: 3 of 4
Mar 29 22:17:07 f022142 (1 / 1 tries):
Mar 29 22:17:08 f0421499: 23.314620634215091005 FIL (95G free)
Mar 29 22:17:08 Escrow: 0.999999997255 FIL
Mar 29 22:17:08 Locked: 0.33251649052 FIL
Mar 29 22:17:08 Datacap: 4122765950976
Mar 29 22:17:09 ....
Mar 29 22:17:10 Count: 3 of 4
Mar 29 22:17:10 f02576 (1 / 1 tries):
Mar 29 22:17:10 f0421499: 23.314620634215091005 FIL (95G free)
Mar 29 22:17:11 Escrow: 0.999999997255 FIL
Mar 29 22:17:11 Locked: 0.33251649052 FIL
Mar 29 22:17:11 Datacap: 4122765950976
Mar 29 22:17:11 ....
Mar 29 22:17:12 Count: 3 of 4
Mar 29 22:17:12 f023467 (1 / 1 tries):
Mar 29 22:17:12 f0421499: 23.314620634215091005 FIL (95G free)
Mar 29 22:17:12 Escrow: 0.999999997255 FIL
Mar 29 22:17:12 Locked: 0.33251649052 FIL
Mar 29 22:17:13 Datacap: 4122765950976
Mar 29 22:17:13 ....
Mar 29 22:17:14 Count: 3 of 4
Mar 29 22:17:14 f010617 (1 / 1 tries):
Mar 29 22:17:14 f0421499: 23.314620634215091005 FIL (94G free)
Mar 29 22:17:14 Escrow: 0.999999997255 FIL
Mar 29 22:17:14 Locked: 0.33251649052 FIL
Mar 29 22:17:15 Datacap: 4122765950976
Mar 29 22:17:15 ....
Mar 29 22:17:16 Count: 3 of 4
Mar 29 22:17:16 f01277 (1 / 1 tries):
Mar 29 22:17:16 Skipping f01277: min-ask
Mar 29 22:17:16 
Mar 29 22:17:17 Count: 3 of 4
Mar 29 22:17:17 f08399 (1 / 1 tries):
Mar 29 22:17:17 f0421499: 23.314620634215091005 FIL (94G free)
Mar 29 22:17:17 Escrow: 0.999999997255 FIL
Mar 29 22:17:17 Locked: 0.33251649052 FIL
Mar 29 22:17:18 Datacap: 4122765950976
Mar 29 22:17:18 ....
Mar 29 22:17:19 Count: 3 of 4
Mar 29 22:17:19 f022352 (1 / 1 tries):
Mar 29 22:17:19 f0421499: 23.314620634215091005 FIL (94G free)
Mar 29 22:17:19 Escrow: 0.999999997255 FIL
Mar 29 22:17:19 Locked: 0.33251649052 FIL
Mar 29 22:17:19 Datacap: 4122765950976
Mar 29 22:17:19 ....
Mar 29 22:17:20 Count: 3 of 4
Mar 29 22:17:20 f02606 (1 / 1 tries):
Mar 29 22:17:21 f0421499: 23.314620634215091005 FIL (94G free)
Mar 29 22:17:21 Escrow: 0.999999997255 FIL
Mar 29 22:17:21 Locked: 0.33251649052 FIL
Mar 29 22:17:21 Datacap: 4122765950976
Mar 29 22:17:21 ....
Mar 29 22:17:22 Count: 3 of 4
Mar 29 22:17:22 f01240 (1 / 1 tries):
Mar 29 22:17:23 f0421499: 23.314620634215091005 FIL (94G free)
Mar 29 22:17:23 Escrow: 0.999999997255 FIL
Mar 29 22:17:23 Locked: 0.33251649052 FIL
Mar 29 22:17:23 Datacap: 4122765950976
Mar 29 22:17:23 ....
Mar 29 22:17:24 Count: 3 of 4
Mar 29 22:17:24 f022163 (1 / 1 tries):
Mar 29 22:17:24 f0421499: 23.314620634215091005 FIL (94G free)
Mar 29 22:17:25 Escrow: 0.999999997255 FIL
Mar 29 22:17:25 Locked: 0.33251649052 FIL
Mar 29 22:17:25 Datacap: 4122765950976
Mar 29 22:17:25 ....
Mar 29 22:17:26 Count: 3 of 4
Mar 29 22:17:26 f062353 (1 / 1 tries):
Mar 29 22:17:26 f0421499: 23.314620634215091005 FIL (94G free)
Mar 29 22:17:26 Escrow: 0.999999997255 FIL
Mar 29 22:17:26 Locked: 0.33251649052 FIL
Mar 29 22:17:27 Datacap: 4122765950976
Mar 29 22:17:27 ....
Mar 29 22:17:28 Count: 3 of 4
Mar 29 22:17:28 f071624 (1 / 1 tries):
Mar 29 22:17:28 f0421499: 23.314620634215091005 FIL (94G free)
Mar 29 22:17:28 Escrow: 0.999999997255 FIL
Mar 29 22:17:28 Locked: 0.33251649052 FIL
Mar 29 22:17:28 Datacap: 4122765950976
Mar 29 22:17:28 ....
Mar 29 22:17:29 Count: 3 of 4
Mar 29 22:17:29 f019041 (1 / 1 tries):
Mar 29 22:17:30 f0421499: 23.314620634215091005 FIL (93G free)
Mar 29 22:17:30 Escrow: 0.999999997255 FIL
Mar 29 22:17:30 Locked: 0.33251649052 FIL
Mar 29 22:17:30 Datacap: 4122765950976
Mar 29 22:17:30 ....
Mar 29 22:17:31 Count: 3 of 4
Mar 29 22:17:31 f019104 (1 / 1 tries):
Mar 29 22:17:32 f0421499: 23.314620634215091005 FIL (93G free)
Mar 29 22:17:32 Escrow: 0.999999997255 FIL
Mar 29 22:17:32 Locked: 0.33251649052 FIL
Mar 29 22:17:32 Datacap: 4122765950976
Mar 29 22:17:32 ....
Mar 29 22:17:33 Count: 3 of 4
Mar 29 22:17:33 f019362 (1 / 1 tries):
Mar 29 22:17:34 f0421499: 23.314620634215091005 FIL (93G free)
Mar 29 22:17:34 Escrow: 0.999999997255 FIL
Mar 29 22:17:34 Locked: 0.33251649052 FIL
Mar 29 22:17:34 Datacap: 4122765950976
Mar 29 22:17:34 ....
Mar 29 22:17:35 Count: 3 of 4
Mar 29 22:17:35 f015927 (1 / 1 tries):
Mar 29 22:17:36 f0421499: 23.314620634215091005 FIL (93G free)
Mar 29 22:17:36 Escrow: 0.999999997255 FIL
Mar 29 22:17:36 Locked: 0.33251649052 FIL
Mar 29 22:17:36 Datacap: 4122765950976
Mar 29 22:17:37 ....
Mar 29 22:17:38 Count: 3 of 4
Mar 29 22:17:38 f01234 (1 / 1 tries):
Mar 29 22:17:38 f0421499: 23.314620634215091005 FIL (93G free)
Mar 29 22:17:38 Escrow: 0.999999997255 FIL
Mar 29 22:17:38 Locked: 0.33251649052 FIL
Mar 29 22:17:38 Datacap: 4122765950976
Mar 29 22:17:38 ....
Mar 29 22:17:39 Count: 3 of 4
Mar 29 22:17:39 f09848 (1 / 1 tries):
Mar 29 22:17:40 f0421499: 23.314620634215091005 FIL (93G free)
Mar 29 22:17:40 Escrow: 0.999999997255 FIL
Mar 29 22:17:40 Locked: 0.33251649052 FIL
Mar 29 22:17:40 Datacap: 4122765950976
Mar 29 22:17:40 ....
Mar 29 22:17:41 Count: 3 of 4
Mar 29 22:17:41 f023971 (1 / 1 tries):
Mar 29 22:17:42 f0421499: 23.314620634215091005 FIL (93G free)
Mar 29 22:17:42 Escrow: 0.999999997255 FIL
Mar 29 22:17:42 Locked: 0.33251649052 FIL
Mar 29 22:17:42 Datacap: 4122765950976
Mar 29 22:17:42 ....
Mar 29 22:17:43 Count: 3 of 4
Mar 29 22:17:43 f014409 (1 / 1 tries):
Mar 29 22:17:43 f0421499: 23.314620634215091005 FIL (93G free)
Mar 29 22:17:43 Escrow: 0.999999997255 FIL
Mar 29 22:17:43 Locked: 0.33251649052 FIL
Mar 29 22:17:44 Datacap: 4122765950976
Mar 29 22:17:44 ....
Mar 29 22:17:45 Count: 3 of 4
Mar 29 22:17:45 f0127896 (1 / 1 tries):
Mar 29 22:17:45 Skipping f0127896: min-ask
Mar 29 22:17:45 
Mar 29 22:17:46 Count: 3 of 4
Mar 29 22:17:46 f058369 (1 / 1 tries):
Mar 29 22:17:46 f0421499: 23.314620634215091005 FIL (92G free)
Mar 29 22:17:46 Escrow: 0.999999997255 FIL
Mar 29 22:17:46 Locked: 0.33251649052 FIL
Mar 29 22:17:47 Datacap: 4122765950976
Mar 29 22:17:47 ....
