Mar 30 08:19:26 Count: 3 of 4
Mar 30 08:19:26 f019041 (1 / 1 tries):
Mar 30 08:19:27 f0421499: 23.293832210218907393 FIL (9.5G free)
Mar 30 08:19:27 Escrow: 0.999645757255 FIL
Mar 30 08:19:27 Locked: 0.33249517244 FIL
Mar 30 08:19:27 Datacap: 3160693276672
Mar 30 08:19:28 ....
Mar 30 08:19:29 Count: 3 of 4
Mar 30 08:19:29 f022352 (1 / 1 tries):
Mar 30 08:19:29 f0421499: 23.293832210218907393 FIL (9.5G free)
Mar 30 08:19:30 Escrow: 0.999645757255 FIL
Mar 30 08:19:30 Locked: 0.33249517244 FIL
Mar 30 08:19:30 Datacap: 3160693276672
Mar 30 08:19:30 ....
Mar 30 08:19:31 Count: 3 of 4
Mar 30 08:19:31 f015927 (1 / 1 tries):
Mar 30 08:19:32 Skipping f015927: min-ask
Mar 30 08:19:32 
Mar 30 08:19:33 Count: 3 of 4
Mar 30 08:19:33 f01240 (1 / 1 tries):
Mar 30 08:19:34 f0421499: 23.293832210218907393 FIL (9.5G free)
Mar 30 08:19:34 Escrow: 0.999645757255 FIL
Mar 30 08:19:34 Locked: 0.33249517244 FIL
Mar 30 08:19:34 Datacap: 3160693276672
Mar 30 08:19:34 ....
Mar 30 08:19:35 Count: 3 of 4
Mar 30 08:19:35 f0157535 (1 / 1 tries):
Mar 30 08:19:36 f0421499: 23.293832210218907393 FIL (9.5G free)
Mar 30 08:19:36 Escrow: 0.999645757255 FIL
Mar 30 08:19:36 Locked: 0.33249517244 FIL
Mar 30 08:19:37 Datacap: 3160693276672
Mar 30 08:19:37 ....
Mar 30 08:19:38 Count: 3 of 4
Mar 30 08:19:38 f019362 (1 / 1 tries):
Mar 30 08:19:39 f0421499: 23.293832210218907393 FIL (9.5G free)
Mar 30 08:19:39 Escrow: 0.999645757255 FIL
Mar 30 08:19:39 Locked: 0.33249517244 FIL
Mar 30 08:19:39 Datacap: 3160693276672
Mar 30 08:19:39 ....
Mar 30 08:19:40 Count: 3 of 4
Mar 30 08:19:40 f07998 (1 / 1 tries):
Mar 30 08:19:41 f0421499: 23.293832210218907393 FIL (9.5G free)
Mar 30 08:19:41 Escrow: 0.999645757255 FIL
Mar 30 08:19:41 Locked: 0.33249517244 FIL
Mar 30 08:19:42 Datacap: 3160693276672
Mar 30 08:19:42 ....
Mar 30 08:19:43 Count: 3 of 4
Mar 30 08:19:43 f0127896 (1 / 1 tries):
Mar 30 08:19:44 Skipping f0127896: min-ask
Mar 30 08:19:44 
Mar 30 08:19:45 Count: 3 of 4
Mar 30 08:19:45 f09848 (1 / 1 tries):
Mar 30 08:19:45 f0421499: 23.293832210218907393 FIL (9.5G free)
Mar 30 08:19:45 Escrow: 0.999645757255 FIL
Mar 30 08:19:45 Locked: 0.33249517244 FIL
Mar 30 08:19:46 Datacap: 3160693276672
Mar 30 08:19:46 ....
Mar 30 08:19:47 Count: 3 of 4
Mar 30 08:19:47 f058369 (1 / 1 tries):
Mar 30 08:19:47 f0421499: 23.293832210218907393 FIL (9.5G free)
Mar 30 08:19:48 Escrow: 0.999645757255 FIL
Mar 30 08:19:48 Locked: 0.33249517244 FIL
Mar 30 08:19:48 Datacap: 3160693276672
Mar 30 08:19:49 ....
Mar 30 08:19:50 Count: 3 of 4
Mar 30 08:19:50 f014409 (1 / 1 tries):
Mar 30 08:19:50 f0421499: 23.293832210218907393 FIL (9.5G free)
Mar 30 08:19:51 Escrow: 0.999645757255 FIL
Mar 30 08:19:51 Locked: 0.33249517244 FIL
Mar 30 08:19:51 Datacap: 3160693276672
Mar 30 08:19:51 ....
Mar 30 08:19:52 Count: 3 of 4
Mar 30 08:19:52 f08399 (1 / 1 tries):
Mar 30 08:19:53 f0421499: 23.293832210218907393 FIL (9.5G free)
Mar 30 08:19:53 Escrow: 0.999645757255 FIL
Mar 30 08:19:53 Locked: 0.33249517244 FIL
Mar 30 08:19:53 Datacap: 3160693276672
Mar 30 08:19:53 ....
Mar 30 08:19:54 Count: 3 of 4
Mar 30 08:19:54 f062353 (1 / 1 tries):
Mar 30 08:19:55 f0421499: 23.293832210218907393 FIL (9.5G free)
Mar 30 08:19:55 Escrow: 0.999645757255 FIL
Mar 30 08:19:55 Locked: 0.33249517244 FIL
Mar 30 08:19:56 Datacap: 3160693276672
Mar 30 08:19:56 ....
Mar 30 08:19:57 Count: 3 of 4
Mar 30 08:19:57 f066596 (1 / 1 tries):
Mar 30 08:19:58 f0421499: 23.293832210218907393 FIL (9.5G free)
Mar 30 08:19:58 Escrow: 0.999645757255 FIL
Mar 30 08:19:58 Locked: 0.33249517244 FIL
Mar 30 08:19:58 Datacap: 3160693276672
Mar 30 08:19:59 ....
Mar 30 08:20:00 Count: 3 of 4
Mar 30 08:20:00 f019100 (1 / 1 tries):
Mar 30 08:20:00 Skipping f019100: error-ask
Mar 30 08:20:00 
Mar 30 08:20:01 Count: 3 of 4
Mar 30 08:20:01 f01234 (1 / 1 tries):
Mar 30 08:20:02 f0421499: 23.293832210218907393 FIL (9.5G free)
Mar 30 08:20:02 Escrow: 0.999645757255 FIL
Mar 30 08:20:02 Locked: 0.33249517244 FIL
Mar 30 08:20:02 Datacap: 3160693276672
Mar 30 08:20:02 ....
Mar 30 08:20:03 Count: 3 of 4
Mar 30 08:20:03 f01278 (1 / 1 tries):
Mar 30 08:20:04 f0421499: 23.293832210218907393 FIL (9.5G free)
Mar 30 08:20:05 Escrow: 0.999645757255 FIL
Mar 30 08:20:05 Locked: 0.33249517244 FIL
Mar 30 08:20:05 Datacap: 3160693276672
Mar 30 08:20:05 ....
Mar 30 08:20:06 Count: 3 of 4
Mar 30 08:20:06 f0165400 (1 / 1 tries):
Mar 30 08:20:07 f0421499: 23.293832210218907393 FIL (9.5G free)
Mar 30 08:20:07 Escrow: 0.999645757255 FIL
Mar 30 08:20:07 Locked: 0.33249517244 FIL
Mar 30 08:20:08 Datacap: 3160693276672
Mar 30 08:20:08 ....
Mar 30 08:20:09 Count: 3 of 4
Mar 30 08:20:09 f02576 (1 / 1 tries):
Mar 30 08:20:10 f0421499: 23.293832210218907393 FIL (9.5G free)
Mar 30 08:20:10 Escrow: 0.999645757255 FIL
Mar 30 08:20:10 Locked: 0.33249517244 FIL
Mar 30 08:20:10 Datacap: 3160693276672
Mar 30 08:20:10 ....
Mar 30 08:20:11 Count: 3 of 4
Mar 30 08:20:11 f01277 (1 / 1 tries):
Mar 30 08:20:12 Skipping f01277: min-ask
Mar 30 08:20:12 
Mar 30 08:20:13 Count: 3 of 4
Mar 30 08:20:13 f022163 (1 / 1 tries):
Mar 30 08:20:13 f0421499: 23.293832210218907393 FIL (9.5G free)
Mar 30 08:20:14 Escrow: 0.999645757255 FIL
Mar 30 08:20:14 Locked: 0.33249517244 FIL
Mar 30 08:20:14 Datacap: 3160693276672
Mar 30 08:20:14 ....
Mar 30 08:20:15 Count: 3 of 4
Mar 30 08:20:15 f022142 (1 / 1 tries):
Mar 30 08:20:15 f0421499: 23.293832210218907393 FIL (9.5G free)
Mar 30 08:20:15 Escrow: 0.999645757255 FIL
Mar 30 08:20:15 Locked: 0.33249517244 FIL
Mar 30 08:20:16 Datacap: 3160693276672
Mar 30 08:20:16 ....
Mar 30 08:20:17 Count: 3 of 4
Mar 30 08:20:17 f023467 (1 / 1 tries):
Mar 30 08:20:18 f0421499: 23.293832210218907393 FIL (9.5G free)
Mar 30 08:20:18 Escrow: 0.999645757255 FIL
Mar 30 08:20:18 Locked: 0.33249517244 FIL
Mar 30 08:20:18 Datacap: 3160693276672
Mar 30 08:20:19 ....
Mar 30 08:20:20 Count: 3 of 4
Mar 30 08:20:20 f023971 (1 / 1 tries):
Mar 30 08:20:20 f0421499: 23.293832210218907393 FIL (9.5G free)
Mar 30 08:20:20 Escrow: 0.999645757255 FIL
Mar 30 08:20:20 Locked: 0.33249517244 FIL
Mar 30 08:20:21 Datacap: 3160693276672
Mar 30 08:20:21 ....
Mar 30 08:20:22 Count: 3 of 4
Mar 30 08:20:22 f08403 (1 / 1 tries):
Mar 30 08:20:22 f0421499: 23.293832210218907393 FIL (9.5G free)
Mar 30 08:20:22 Escrow: 0.999645757255 FIL
Mar 30 08:20:22 Locked: 0.33249517244 FIL
Mar 30 08:20:23 Datacap: 3160693276672
Mar 30 08:20:23 ....
Mar 30 08:20:24 Count: 3 of 4
Mar 30 08:20:24 f02606 (1 / 1 tries):
Mar 30 08:20:25 f0421499: 23.293832210218907393 FIL (9.5G free)
Mar 30 08:20:25 Escrow: 0.999645757255 FIL
Mar 30 08:20:25 Locked: 0.33249517244 FIL
Mar 30 08:20:25 Datacap: 3160693276672
Mar 30 08:20:25 ....
Mar 30 08:20:27 Count: 3 of 4
Mar 30 08:20:27 f019104 (1 / 1 tries):
Mar 30 08:20:27 Skipping f019104: error-ask
Mar 30 08:20:27 
Mar 30 08:20:28 Count: 3 of 4
Mar 30 08:20:28 f071624 (1 / 1 tries):
Mar 30 08:20:29 f0421499: 23.293832210218907393 FIL (9.5G free)
Mar 30 08:20:29 Escrow: 0.999645757255 FIL
Mar 30 08:20:29 Locked: 0.33249517244 FIL
Mar 30 08:20:29 Datacap: 3160693276672
Mar 30 08:20:29 ....
Mar 30 08:20:30 Count: 3 of 4
Mar 30 08:20:30 f010617 (1 / 1 tries):
Mar 30 08:20:31 f0421499: 23.293832210218907393 FIL (9.5G free)
Mar 30 08:20:31 Escrow: 0.999645757255 FIL
Mar 30 08:20:31 Locked: 0.33249517244 FIL
Mar 30 08:20:32 Datacap: 3160693276672
Mar 30 08:20:32 ....
Mar 30 08:20:33 Count: 3 of 4
Mar 30 08:20:33 f0145874 (1 / 1 tries):
Mar 30 08:20:33 f0421499: 23.293832210218907393 FIL (9.5G free)
Mar 30 08:20:34 Escrow: 0.999645757255 FIL
Mar 30 08:20:34 Locked: 0.33249517244 FIL
Mar 30 08:20:34 Datacap: 3160693276672
Mar 30 08:20:34 ....
Mar 30 08:20:35 Count: 3 of 4
Mar 30 08:20:35 f019551 (1 / 1 tries):
Mar 30 08:20:35 f0421499: 23.293832210218907393 FIL (9.5G free)
Mar 30 08:20:35 Escrow: 0.999645757255 FIL
Mar 30 08:20:35 Locked: 0.33249517244 FIL
Mar 30 08:20:36 Datacap: 3160693276672
Mar 30 08:20:36 ....
Mar 30 08:20:37 Count: 3 of 4
Mar 30 08:20:37 f014768 (1 / 1 tries):
Mar 30 08:20:37 f0421499: 23.293832210218907393 FIL (9.5G free)
Mar 30 08:20:38 Escrow: 0.999645757255 FIL
Mar 30 08:20:38 Locked: 0.33249517244 FIL
Mar 30 08:20:38 Datacap: 3160693276672
Mar 30 08:20:38 ....
Mar 30 08:20:39 Count: 3 of 4
Mar 30 08:20:39 f021716 (1 / 1 tries):
Mar 30 08:20:40 f0421499: 23.293832210218907393 FIL (9.5G free)
Mar 30 08:20:40 Escrow: 0.999645757255 FIL
Mar 30 08:20:40 Locked: 0.33249517244 FIL
Mar 30 08:20:40 Datacap: 3160693276672
Mar 30 08:20:40 ....
Mar 30 08:20:41 Count: 3 of 4
Mar 30 08:20:41 f099608 (1 / 1 tries):
Mar 30 08:20:42 f0421499: 23.293832210218907393 FIL (9.5G free)
Mar 30 08:20:42 Escrow: 0.999645757255 FIL
Mar 30 08:20:42 Locked: 0.33249517244 FIL
Mar 30 08:20:43 Datacap: 3160693276672
Mar 30 08:20:43 ....
Mar 30 08:20:44 Count: 3 of 4
Mar 30 08:20:44 f01247 (1 / 1 tries):
Mar 30 08:20:45 f0421499: 23.293832210218907393 FIL (9.5G free)
Mar 30 08:20:45 Escrow: 0.999645757255 FIL
Mar 30 08:20:45 Locked: 0.33249517244 FIL
Mar 30 08:20:46 Datacap: 3160693276672
Mar 30 08:20:46 ....
Mar 30 08:20:47 Count: 3 of 4
Mar 30 08:20:47 f010479 (1 / 1 tries):
Mar 30 08:20:47 f0421499: 23.293832210218907393 FIL (9.5G free)
Mar 30 08:20:47 Escrow: 0.999645757255 FIL
Mar 30 08:20:47 Locked: 0.33249517244 FIL
Mar 30 08:20:48 Datacap: 3160693276672
Mar 30 08:20:48 ....
