Mar 30 02:50:10 Count: 3 of 4
Mar 30 02:50:10 f062353 (1 / 1 tries):
Mar 30 02:50:10 f0421499: 23.293832210218907393 FIL (11G free)
Mar 30 02:50:10 Escrow: 0.999645757255 FIL
Mar 30 02:50:10 Locked: 0.33249517244 FIL
Mar 30 02:50:11 Datacap: 3160693276672
Mar 30 02:50:11 ....
Mar 30 02:50:12 Count: 3 of 4
Mar 30 02:50:12 f019104 (1 / 1 tries):
Mar 30 02:50:12 Skipping f019104: error-ask
Mar 30 02:50:12 
Mar 30 02:50:13 Count: 3 of 4
Mar 30 02:50:13 f019551 (1 / 1 tries):
Mar 30 02:50:13 f0421499: 23.293832210218907393 FIL (11G free)
Mar 30 02:50:13 Escrow: 0.999645757255 FIL
Mar 30 02:50:13 Locked: 0.33249517244 FIL
Mar 30 02:50:14 Datacap: 3160693276672
Mar 30 02:50:14 ....
Mar 30 02:50:15 Count: 3 of 4
Mar 30 02:50:15 f08399 (1 / 1 tries):
Mar 30 02:50:15 f0421499: 23.293832210218907393 FIL (11G free)
Mar 30 02:50:15 Escrow: 0.999645757255 FIL
Mar 30 02:50:15 Locked: 0.33249517244 FIL
Mar 30 02:50:15 Datacap: 3160693276672
Mar 30 02:50:15 ....
Mar 30 02:50:16 Count: 3 of 4
Mar 30 02:50:16 f022163 (1 / 1 tries):
Mar 30 02:50:17 f0421499: 23.293832210218907393 FIL (11G free)
Mar 30 02:50:17 Escrow: 0.999645757255 FIL
Mar 30 02:50:17 Locked: 0.33249517244 FIL
Mar 30 02:50:17 Datacap: 3160693276672
Mar 30 02:50:17 ....
Mar 30 02:50:18 Count: 3 of 4
Mar 30 02:50:18 f0157535 (1 / 1 tries):
Mar 30 02:50:19 f0421499: 23.293832210218907393 FIL (11G free)
Mar 30 02:50:19 Escrow: 0.999645757255 FIL
Mar 30 02:50:19 Locked: 0.33249517244 FIL
Mar 30 02:50:19 Datacap: 3160693276672
Mar 30 02:50:19 ....
Mar 30 02:50:20 Count: 3 of 4
Mar 30 02:50:20 f01240 (1 / 1 tries):
Mar 30 02:50:20 f0421499: 23.293832210218907393 FIL (11G free)
Mar 30 02:50:20 Escrow: 0.999645757255 FIL
Mar 30 02:50:20 Locked: 0.33249517244 FIL
Mar 30 02:50:21 Datacap: 3160693276672
Mar 30 02:50:21 ....
Mar 30 02:50:22 Count: 3 of 4
Mar 30 02:50:22 f021716 (1 / 1 tries):
Mar 30 02:50:22 f0421499: 23.293832210218907393 FIL (11G free)
Mar 30 02:50:22 Escrow: 0.999645757255 FIL
Mar 30 02:50:22 Locked: 0.33249517244 FIL
Mar 30 02:50:22 Datacap: 3160693276672
Mar 30 02:50:22 ....
Mar 30 02:50:24 Count: 3 of 4
Mar 30 02:50:24 f019041 (1 / 1 tries):
Mar 30 02:50:24 f0421499: 23.293832210218907393 FIL (11G free)
Mar 30 02:50:24 Escrow: 0.999645757255 FIL
Mar 30 02:50:24 Locked: 0.33249517244 FIL
Mar 30 02:50:24 Datacap: 3160693276672
Mar 30 02:50:24 ....
Mar 30 02:50:25 Count: 3 of 4
Mar 30 02:50:25 f01277 (1 / 1 tries):
Mar 30 02:50:26 Skipping f01277: min-ask
Mar 30 02:50:26 
Mar 30 02:50:27 Count: 3 of 4
Mar 30 02:50:27 f022352 (1 / 1 tries):
Mar 30 02:50:27 f0421499: 23.293832210218907393 FIL (11G free)
Mar 30 02:50:27 Escrow: 0.999645757255 FIL
Mar 30 02:50:27 Locked: 0.33249517244 FIL
Mar 30 02:50:27 Datacap: 3160693276672
Mar 30 02:50:27 ....
Mar 30 02:50:28 Count: 3 of 4
Mar 30 02:50:28 f09848 (1 / 1 tries):
Mar 30 02:50:29 f0421499: 23.293832210218907393 FIL (11G free)
Mar 30 02:50:29 Escrow: 0.999645757255 FIL
Mar 30 02:50:29 Locked: 0.33249517244 FIL
Mar 30 02:50:29 Datacap: 3160693276672
Mar 30 02:50:29 ....
Mar 30 02:50:30 Count: 3 of 4
Mar 30 02:50:30 f015927 (1 / 1 tries):
Mar 30 02:50:30 Skipping f015927: min-ask
Mar 30 02:50:30 
Mar 30 02:50:31 Count: 3 of 4
Mar 30 02:50:31 f014409 (1 / 1 tries):
Mar 30 02:50:32 f0421499: 23.293832210218907393 FIL (11G free)
Mar 30 02:50:32 Escrow: 0.999645757255 FIL
Mar 30 02:50:32 Locked: 0.33249517244 FIL
Mar 30 02:50:32 Datacap: 3160693276672
Mar 30 02:50:32 ....
Mar 30 02:50:33 Count: 3 of 4
Mar 30 02:50:33 f02606 (1 / 1 tries):
Mar 30 02:50:33 f0421499: 23.293832210218907393 FIL (11G free)
Mar 30 02:50:33 Escrow: 0.999645757255 FIL
Mar 30 02:50:33 Locked: 0.33249517244 FIL
Mar 30 02:50:34 Datacap: 3160693276672
Mar 30 02:50:34 ....
Mar 30 02:50:35 Count: 3 of 4
Mar 30 02:50:35 f01247 (1 / 1 tries):
Mar 30 02:50:35 f0421499: 23.293832210218907393 FIL (11G free)
Mar 30 02:50:35 Escrow: 0.999645757255 FIL
Mar 30 02:50:35 Locked: 0.33249517244 FIL
Mar 30 02:50:35 Datacap: 3160693276672
Mar 30 02:50:35 ....
Mar 30 02:50:36 Count: 3 of 4
Mar 30 02:50:36 f058369 (1 / 1 tries):
Mar 30 02:50:37 f0421499: 23.293832210218907393 FIL (11G free)
Mar 30 02:50:37 Escrow: 0.999645757255 FIL
Mar 30 02:50:37 Locked: 0.33249517244 FIL
Mar 30 02:50:37 Datacap: 3160693276672
Mar 30 02:50:37 ....
Mar 30 02:50:38 Count: 3 of 4
Mar 30 02:50:38 f099608 (1 / 1 tries):
Mar 30 02:50:39 f0421499: 23.293832210218907393 FIL (11G free)
Mar 30 02:50:39 Escrow: 0.999645757255 FIL
Mar 30 02:50:39 Locked: 0.33249517244 FIL
Mar 30 02:50:39 Datacap: 3160693276672
Mar 30 02:50:39 ....
Mar 30 02:50:40 Count: 3 of 4
Mar 30 02:50:40 f010617 (1 / 1 tries):
Mar 30 02:50:41 f0421499: 23.293832210218907393 FIL (11G free)
Mar 30 02:50:41 Escrow: 0.999645757255 FIL
Mar 30 02:50:41 Locked: 0.33249517244 FIL
Mar 30 02:50:41 Datacap: 3160693276672
Mar 30 02:50:41 ....
Mar 30 02:50:42 Count: 3 of 4
Mar 30 02:50:42 f071624 (1 / 1 tries):
Mar 30 02:50:42 f0421499: 23.293832210218907393 FIL (11G free)
Mar 30 02:50:42 Escrow: 0.999645757255 FIL
Mar 30 02:50:42 Locked: 0.33249517244 FIL
Mar 30 02:50:43 Datacap: 3160693276672
Mar 30 02:50:43 ....
Mar 30 02:50:44 Count: 3 of 4
Mar 30 02:50:44 f02576 (1 / 1 tries):
Mar 30 02:50:44 f0421499: 23.293832210218907393 FIL (11G free)
Mar 30 02:50:44 Escrow: 0.999645757255 FIL
Mar 30 02:50:44 Locked: 0.33249517244 FIL
Mar 30 02:50:44 Datacap: 3160693276672
Mar 30 02:50:44 ....
Mar 30 02:50:45 Count: 3 of 4
Mar 30 02:50:45 f01278 (1 / 1 tries):
Mar 30 02:50:46 f0421499: 23.293832210218907393 FIL (11G free)
Mar 30 02:50:46 Escrow: 0.999645757255 FIL
Mar 30 02:50:46 Locked: 0.33249517244 FIL
Mar 30 02:50:46 Datacap: 3160693276672
Mar 30 02:50:46 ....
Mar 30 02:50:47 Count: 3 of 4
Mar 30 02:50:47 f023971 (1 / 1 tries):
Mar 30 02:50:47 f0421499: 23.293832210218907393 FIL (11G free)
Mar 30 02:50:48 Escrow: 0.999645757255 FIL
Mar 30 02:50:48 Locked: 0.33249517244 FIL
Mar 30 02:50:48 Datacap: 3160693276672
Mar 30 02:50:48 ....
Mar 30 02:50:49 Count: 3 of 4
Mar 30 02:50:49 f022142 (1 / 1 tries):
Mar 30 02:50:49 f0421499: 23.293832210218907393 FIL (11G free)
Mar 30 02:50:49 Escrow: 0.999645757255 FIL
Mar 30 02:50:49 Locked: 0.33249517244 FIL
Mar 30 02:50:49 Datacap: 3160693276672
Mar 30 02:50:50 ....
Mar 30 02:50:51 Count: 3 of 4
Mar 30 02:50:51 f066596 (1 / 1 tries):
Mar 30 02:50:51 f0421499: 23.293832210218907393 FIL (11G free)
Mar 30 02:50:51 Escrow: 0.999645757255 FIL
Mar 30 02:50:51 Locked: 0.33249517244 FIL
Mar 30 02:50:51 Datacap: 3160693276672
Mar 30 02:50:51 ....
Mar 30 02:50:52 Count: 3 of 4
Mar 30 02:50:52 f014768 (1 / 1 tries):
Mar 30 02:50:53 f0421499: 23.293832210218907393 FIL (11G free)
Mar 30 02:50:53 Escrow: 0.999645757255 FIL
Mar 30 02:50:53 Locked: 0.33249517244 FIL
Mar 30 02:50:53 Datacap: 3160693276672
Mar 30 02:50:53 ....
Mar 30 02:50:54 Count: 3 of 4
Mar 30 02:50:54 f023467 (1 / 1 tries):
Mar 30 02:50:54 f0421499: 23.293832210218907393 FIL (11G free)
Mar 30 02:50:54 Escrow: 0.999645757255 FIL
Mar 30 02:50:54 Locked: 0.33249517244 FIL
Mar 30 02:50:55 Datacap: 3160693276672
Mar 30 02:50:55 ....
Mar 30 02:50:56 Count: 3 of 4
Mar 30 02:50:56 f08403 (1 / 1 tries):
Mar 30 02:50:56 f0421499: 23.293832210218907393 FIL (11G free)
Mar 30 02:50:56 Escrow: 0.999645757255 FIL
Mar 30 02:50:56 Locked: 0.33249517244 FIL
Mar 30 02:50:56 Datacap: 3160693276672
Mar 30 02:50:56 ....
Mar 30 02:50:57 Count: 3 of 4
Mar 30 02:50:57 f0165400 (1 / 1 tries):
Mar 30 02:50:58 f0421499: 23.293832210218907393 FIL (11G free)
Mar 30 02:50:58 Escrow: 0.999645757255 FIL
Mar 30 02:50:58 Locked: 0.33249517244 FIL
Mar 30 02:50:58 Datacap: 3160693276672
Mar 30 02:50:58 ....
Mar 30 02:50:59 Count: 3 of 4
Mar 30 02:50:59 f0127896 (1 / 1 tries):
Mar 30 02:50:59 Skipping f0127896: min-ask
Mar 30 02:50:59 
Mar 30 02:51:00 Count: 3 of 4
Mar 30 02:51:00 f07998 (1 / 1 tries):
Mar 30 02:51:01 f0421499: 23.293832210218907393 FIL (11G free)
Mar 30 02:51:01 Escrow: 0.999645757255 FIL
Mar 30 02:51:01 Locked: 0.33249517244 FIL
Mar 30 02:51:01 Datacap: 3160693276672
Mar 30 02:51:01 ....
Mar 30 02:51:02 Count: 3 of 4
Mar 30 02:51:02 f019362 (1 / 1 tries):
Mar 30 02:51:02 f0421499: 23.293832210218907393 FIL (11G free)
Mar 30 02:51:03 Escrow: 0.999645757255 FIL
Mar 30 02:51:03 Locked: 0.33249517244 FIL
Mar 30 02:51:03 Datacap: 3160693276672
Mar 30 02:51:03 ....
Mar 30 02:51:04 Count: 3 of 4
Mar 30 02:51:04 f010479 (1 / 1 tries):
Mar 30 02:51:04 f0421499: 23.293832210218907393 FIL (11G free)
Mar 30 02:51:04 Escrow: 0.999645757255 FIL
Mar 30 02:51:04 Locked: 0.33249517244 FIL
Mar 30 02:51:05 Datacap: 3160693276672
Mar 30 02:51:05 ....
Mar 30 02:51:06 Count: 3 of 4
Mar 30 02:51:06 f0145874 (1 / 1 tries):
Mar 30 02:51:06 f0421499: 23.293832210218907393 FIL (11G free)
Mar 30 02:51:06 Escrow: 0.999645757255 FIL
Mar 30 02:51:06 Locked: 0.33249517244 FIL
Mar 30 02:51:06 Datacap: 3160693276672
Mar 30 02:51:06 ....
Mar 30 02:51:07 Count: 3 of 4
Mar 30 02:51:07 f01234 (1 / 1 tries):
Mar 30 02:51:08 f0421499: 23.293832210218907393 FIL (11G free)
Mar 30 02:51:08 Escrow: 0.999645757255 FIL
Mar 30 02:51:08 Locked: 0.33249517244 FIL
Mar 30 02:51:08 Datacap: 3160693276672
Mar 30 02:51:08 ....
Mar 30 02:51:09 Count: 3 of 4
Mar 30 02:51:09 f019100 (1 / 1 tries):
Mar 30 02:51:09 Skipping f019100: error-ask
Mar 30 02:51:09 
