Mar 30 02:28:36 Count: 3 of 4
Mar 30 02:28:36 f01277 (1 / 1 tries):
Mar 30 02:28:37 Skipping f01277: min-ask
Mar 30 02:28:37 
Mar 30 02:28:38 Count: 3 of 4
Mar 30 02:28:38 f023467 (1 / 1 tries):
Mar 30 02:28:38 f0421499: 23.308289234176929066 FIL (23G free)
Mar 30 02:28:39 Escrow: 0.999999997255 FIL
Mar 30 02:28:39 Locked: 0.33284941244 FIL
Mar 30 02:28:39 Datacap: 3195053015040
Mar 30 02:28:39 ....
Mar 30 02:28:40 Count: 3 of 4
Mar 30 02:28:40 f07998 (1 / 1 tries):
Mar 30 02:28:41 f0421499: 23.308289234176929066 FIL (23G free)
Mar 30 02:28:41 Escrow: 0.999999997255 FIL
Mar 30 02:28:41 Locked: 0.33284941244 FIL
Mar 30 02:28:41 Datacap: 3195053015040
Mar 30 02:28:41 ....
Mar 30 02:28:42 Count: 3 of 4
Mar 30 02:28:42 f0127896 (1 / 1 tries):
Mar 30 02:28:42 Skipping f0127896: min-ask
Mar 30 02:28:42 
Mar 30 02:28:43 Count: 3 of 4
Mar 30 02:28:43 f014768 (1 / 1 tries):
Mar 30 02:28:44 f0421499: 23.308289234176929066 FIL (23G free)
Mar 30 02:28:44 Escrow: 0.999999997255 FIL
Mar 30 02:28:44 Locked: 0.33284941244 FIL
Mar 30 02:28:44 Datacap: 3195053015040
Mar 30 02:28:44 ....
Mar 30 02:28:45 Count: 3 of 4
Mar 30 02:28:45 f019041 (1 / 1 tries):
Mar 30 02:28:45 f0421499: 23.308289234176929066 FIL (23G free)
Mar 30 02:28:46 Escrow: 0.999999997255 FIL
Mar 30 02:28:46 Locked: 0.33284941244 FIL
Mar 30 02:28:46 Datacap: 3195053015040
Mar 30 02:28:46 ....
Mar 30 02:28:47 Count: 3 of 4
Mar 30 02:28:47 f01240 (1 / 1 tries):
Mar 30 02:28:47 f0421499: 23.308289234176929066 FIL (23G free)
Mar 30 02:28:47 Escrow: 0.999999997255 FIL
Mar 30 02:28:47 Locked: 0.33284941244 FIL
Mar 30 02:28:48 Datacap: 3195053015040
Mar 30 02:28:48 ....
Mar 30 02:28:49 Count: 3 of 4
Mar 30 02:28:49 f058369 (1 / 1 tries):
Mar 30 02:28:49 f0421499: 23.308289234176929066 FIL (23G free)
Mar 30 02:28:50 Escrow: 0.999999997255 FIL
Mar 30 02:28:50 Locked: 0.33284941244 FIL
Mar 30 02:28:50 Datacap: 3195053015040
Mar 30 02:28:50 ....
Mar 30 02:28:51 Count: 3 of 4
Mar 30 02:28:51 f0157535 (1 / 1 tries):
Mar 30 02:28:52 f0421499: 23.308289234176929066 FIL (23G free)
Mar 30 02:28:52 Escrow: 0.999999997255 FIL
Mar 30 02:28:52 Locked: 0.33284941244 FIL
Mar 30 02:28:52 Datacap: 3195053015040
Mar 30 02:28:52 ....
Mar 30 02:28:53 Count: 3 of 4
Mar 30 02:28:53 f022352 (1 / 1 tries):
Mar 30 02:28:54 f0421499: 23.308289234176929066 FIL (23G free)
Mar 30 02:28:54 Escrow: 0.999999997255 FIL
Mar 30 02:28:54 Locked: 0.33284941244 FIL
Mar 30 02:28:55 Datacap: 3195053015040
Mar 30 02:28:55 ....
Mar 30 02:28:56 Count: 3 of 4
Mar 30 02:28:56 f019104 (1 / 1 tries):
Mar 30 02:28:56 Skipping f019104: error-ask
Mar 30 02:28:56 
Mar 30 02:28:57 Count: 3 of 4
Mar 30 02:28:57 f09848 (1 / 1 tries):
Mar 30 02:28:57 f0421499: 23.308289234176929066 FIL (23G free)
Mar 30 02:28:58 Escrow: 0.999999997255 FIL
Mar 30 02:28:58 Locked: 0.33284941244 FIL
Mar 30 02:28:58 Datacap: 3195053015040
Mar 30 02:28:58 ....
Mar 30 02:28:59 Count: 3 of 4
Mar 30 02:28:59 f022163 (1 / 1 tries):
Mar 30 02:28:59 f0421499: 23.308289234176929066 FIL (23G free)
Mar 30 02:28:59 Escrow: 0.999999997255 FIL
Mar 30 02:28:59 Locked: 0.33284941244 FIL
Mar 30 02:29:00 Datacap: 3195053015040
Mar 30 02:29:00 ....
Mar 30 02:29:01 Count: 3 of 4
Mar 30 02:29:01 f023971 (1 / 1 tries):
Mar 30 02:29:01 f0421499: 23.308289234176929066 FIL (23G free)
Mar 30 02:29:01 Escrow: 0.999999997255 FIL
Mar 30 02:29:01 Locked: 0.33284941244 FIL
Mar 30 02:29:01 Datacap: 3195053015040
Mar 30 02:29:01 ....
Mar 30 02:29:02 Count: 3 of 4
Mar 30 02:29:02 f01247 (1 / 1 tries):
Mar 30 02:29:03 f0421499: 23.308289234176929066 FIL (23G free)
Mar 30 02:29:03 Escrow: 0.999999997255 FIL
Mar 30 02:29:03 Locked: 0.33284941244 FIL
Mar 30 02:29:03 Datacap: 3195053015040
Mar 30 02:29:03 ....
Mar 30 02:29:04 Count: 3 of 4
Mar 30 02:29:04 f01278 (1 / 1 tries):
Mar 30 02:29:05 f0421499: 23.308289234176929066 FIL (23G free)
Mar 30 02:29:05 Escrow: 0.999999997255 FIL
Mar 30 02:29:05 Locked: 0.33284941244 FIL
Mar 30 02:29:05 Datacap: 3195053015040
Mar 30 02:29:05 ....
Mar 30 02:29:06 Count: 3 of 4
Mar 30 02:29:06 f02576 (1 / 1 tries):
Mar 30 02:29:06 f0421499: 23.308289234176929066 FIL (23G free)
Mar 30 02:29:07 Escrow: 0.999999997255 FIL
Mar 30 02:29:07 Locked: 0.33284941244 FIL
Mar 30 02:29:07 Datacap: 3195053015040
Mar 30 02:29:07 ....
Mar 30 02:29:08 Count: 3 of 4
Mar 30 02:29:08 f022142 (1 / 1 tries):
Mar 30 02:29:09 f0421499: 23.308289234176929066 FIL (23G free)
Mar 30 02:29:09 Escrow: 0.999999997255 FIL
Mar 30 02:29:09 Locked: 0.33284941244 FIL
Mar 30 02:29:09 Datacap: 3195053015040
Mar 30 02:29:10 ....
Mar 30 02:29:11 Count: 3 of 4
Mar 30 02:29:11 f019100 (1 / 1 tries):
Mar 30 02:29:11 Skipping f019100: error-ask
Mar 30 02:29:11 
Mar 30 02:29:12 Count: 3 of 4
Mar 30 02:29:12 f010479 (1 / 1 tries):
Mar 30 02:29:13 f0421499: 23.308289234176929066 FIL (23G free)
Mar 30 02:29:13 Escrow: 0.999999997255 FIL
Mar 30 02:29:13 Locked: 0.33284941244 FIL
Mar 30 02:29:14 Datacap: 3195053015040
Mar 30 02:29:14 ....
Mar 30 02:29:15 Count: 3 of 4
Mar 30 02:29:15 f08399 (1 / 1 tries):
Mar 30 02:29:15 f0421499: 23.308289234176929066 FIL (23G free)
Mar 30 02:29:15 Escrow: 0.999999997255 FIL
Mar 30 02:29:15 Locked: 0.33284941244 FIL
Mar 30 02:29:15 Datacap: 3195053015040
Mar 30 02:29:15 ....
Mar 30 02:29:16 Count: 3 of 4
Mar 30 02:29:16 f015927 (1 / 1 tries):
Mar 30 02:29:17 Skipping f015927: min-ask
Mar 30 02:29:17 
Mar 30 02:29:18 Count: 3 of 4
Mar 30 02:29:18 f01234 (1 / 1 tries):
Mar 30 02:29:18 f0421499: 23.308289234176929066 FIL (23G free)
Mar 30 02:29:18 Escrow: 0.999999997255 FIL
Mar 30 02:29:18 Locked: 0.33284941244 FIL
Mar 30 02:29:19 Datacap: 3195053015040
Mar 30 02:29:19 ....
Mar 30 02:29:20 Count: 3 of 4
Mar 30 02:29:20 f066596 (1 / 1 tries):
Mar 30 02:29:20 f0421499: 23.308289234176929066 FIL (23G free)
Mar 30 02:29:21 Escrow: 0.999999997255 FIL
Mar 30 02:29:21 Locked: 0.33284941244 FIL
Mar 30 02:29:21 Datacap: 3195053015040
Mar 30 02:29:21 ....
Mar 30 02:29:22 Count: 3 of 4
Mar 30 02:29:22 f0165400 (1 / 1 tries):
Mar 30 02:29:22 f0421499: 23.308289234176929066 FIL (23G free)
Mar 30 02:29:22 Escrow: 0.999999997255 FIL
Mar 30 02:29:22 Locked: 0.33284941244 FIL
Mar 30 02:29:23 Datacap: 3195053015040
Mar 30 02:29:23 ....
Mar 30 02:29:24 Count: 3 of 4
Mar 30 02:29:24 f062353 (1 / 1 tries):
Mar 30 02:29:24 f0421499: 23.308289234176929066 FIL (23G free)
Mar 30 02:29:24 Escrow: 0.999999997255 FIL
Mar 30 02:29:24 Locked: 0.33284941244 FIL
Mar 30 02:29:24 Datacap: 3195053015040
Mar 30 02:29:25 ....
Mar 30 02:29:26 Count: 3 of 4
Mar 30 02:29:26 f014409 (1 / 1 tries):
Mar 30 02:29:26 f0421499: 23.308289234176929066 FIL (23G free)
Mar 30 02:29:27 Escrow: 0.999999997255 FIL
Mar 30 02:29:27 Locked: 0.33284941244 FIL
Mar 30 02:29:27 Datacap: 3195053015040
Mar 30 02:29:27 ....
Mar 30 02:29:28 Count: 3 of 4
Mar 30 02:29:28 f02606 (1 / 1 tries):
Mar 30 02:29:29 f0421499: 23.308289234176929066 FIL (23G free)
Mar 30 02:29:29 Escrow: 0.999999997255 FIL
Mar 30 02:29:29 Locked: 0.33284941244 FIL
Mar 30 02:29:29 Datacap: 3195053015040
Mar 30 02:29:29 ....
Mar 30 02:29:30 Count: 3 of 4
Mar 30 02:29:30 f099608 (1 / 1 tries):
Mar 30 02:29:31 f0421499: 23.308289234176929066 FIL (23G free)
Mar 30 02:29:31 Escrow: 0.999999997255 FIL
Mar 30 02:29:31 Locked: 0.33284941244 FIL
Mar 30 02:29:31 Datacap: 3195053015040
Mar 30 02:29:31 ....
Mar 30 02:29:32 Count: 3 of 4
Mar 30 02:29:32 f021716 (1 / 1 tries):
Mar 30 02:29:32 f0421499: 23.308289234176929066 FIL (23G free)
Mar 30 02:29:32 Escrow: 0.999999997255 FIL
Mar 30 02:29:32 Locked: 0.33284941244 FIL
Mar 30 02:29:33 Datacap: 3195053015040
Mar 30 02:29:33 ....
Mar 30 02:29:34 Count: 3 of 4
Mar 30 02:29:34 f08403 (1 / 1 tries):
Mar 30 02:29:34 f0421499: 23.308289234176929066 FIL (23G free)
Mar 30 02:29:34 Escrow: 0.999999997255 FIL
Mar 30 02:29:34 Locked: 0.33284941244 FIL
Mar 30 02:29:34 Datacap: 3195053015040
Mar 30 02:29:35 ....
Mar 30 02:29:36 Count: 3 of 4
Mar 30 02:29:36 f019362 (1 / 1 tries):
Mar 30 02:29:36 f0421499: 23.308289234176929066 FIL (23G free)
Mar 30 02:29:36 Escrow: 0.999999997255 FIL
Mar 30 02:29:36 Locked: 0.33284941244 FIL
Mar 30 02:29:36 Datacap: 3195053015040
Mar 30 02:29:36 ....
Mar 30 02:29:37 Count: 3 of 4
Mar 30 02:29:37 f071624 (1 / 1 tries):
Mar 30 02:29:38 f0421499: 23.308289234176929066 FIL (23G free)
Mar 30 02:29:38 Escrow: 0.999999997255 FIL
Mar 30 02:29:38 Locked: 0.33284941244 FIL
Mar 30 02:29:38 Datacap: 3195053015040
Mar 30 02:29:39 ....
Mar 30 02:29:40 Count: 3 of 4
Mar 30 02:29:40 f010617 (1 / 1 tries):
Mar 30 02:29:41 f0421499: 23.308289234176929066 FIL (23G free)
Mar 30 02:29:41 Escrow: 0.999999997255 FIL
Mar 30 02:29:41 Locked: 0.33284941244 FIL
Mar 30 02:29:42 Datacap: 3195053015040
Mar 30 02:29:42 ....
Mar 30 02:29:43 Count: 3 of 4
Mar 30 02:29:43 f0145874 (1 / 1 tries):
Mar 30 02:29:44 f0421499: 23.308289234176929066 FIL (23G free)
Mar 30 02:29:44 Escrow: 0.999999997255 FIL
Mar 30 02:29:44 Locked: 0.33284941244 FIL
Mar 30 02:29:44 Datacap: 3195053015040
Mar 30 02:29:44 ....
Mar 30 02:29:45 Count: 3 of 4
Mar 30 02:29:45 f019551 (1 / 1 tries):
Mar 30 02:29:46 f0421499: 23.308289234176929066 FIL (23G free)
Mar 30 02:29:46 Escrow: 0.999999997255 FIL
Mar 30 02:29:46 Locked: 0.33284941244 FIL
Mar 30 02:29:46 Datacap: 3195053015040
Mar 30 02:29:46 ....
