Mar 30 02:52:32 Count: 3 of 4
Mar 30 02:52:32 f01277 (1 / 1 tries):
Mar 30 02:52:32 Skipping f01277: min-ask
Mar 30 02:52:32 
Mar 30 02:52:33 Count: 3 of 4
Mar 30 02:52:33 f019362 (1 / 1 tries):
Mar 30 02:52:33 f0421499: 23.293832210218907393 FIL (11G free)
Mar 30 02:52:33 Escrow: 0.999645757255 FIL
Mar 30 02:52:33 Locked: 0.33249517244 FIL
Mar 30 02:52:33 Datacap: 3160693276672
Mar 30 02:52:33 ....
Mar 30 02:52:34 Count: 3 of 4
Mar 30 02:52:34 f058369 (1 / 1 tries):
Mar 30 02:52:35 f0421499: 23.293832210218907393 FIL (11G free)
Mar 30 02:52:35 Escrow: 0.999645757255 FIL
Mar 30 02:52:35 Locked: 0.33249517244 FIL
Mar 30 02:52:35 Datacap: 3160693276672
Mar 30 02:52:35 ....
Mar 30 02:52:36 Count: 3 of 4
Mar 30 02:52:36 f019104 (1 / 1 tries):
Mar 30 02:52:36 Skipping f019104: error-ask
Mar 30 02:52:36 
Mar 30 02:52:37 Count: 3 of 4
Mar 30 02:52:37 f010617 (1 / 1 tries):
Mar 30 02:52:38 f0421499: 23.293832210218907393 FIL (11G free)
Mar 30 02:52:38 Escrow: 0.999645757255 FIL
Mar 30 02:52:38 Locked: 0.33249517244 FIL
Mar 30 02:52:38 Datacap: 3160693276672
Mar 30 02:52:38 ....
Mar 30 02:52:39 Count: 3 of 4
Mar 30 02:52:39 f01240 (1 / 1 tries):
Mar 30 02:52:39 f0421499: 23.293832210218907393 FIL (11G free)
Mar 30 02:52:40 Escrow: 0.999645757255 FIL
Mar 30 02:52:40 Locked: 0.33249517244 FIL
Mar 30 02:52:40 Datacap: 3160693276672
Mar 30 02:52:40 ....
Mar 30 02:52:41 Count: 3 of 4
Mar 30 02:52:41 f019100 (1 / 1 tries):
Mar 30 02:52:41 Skipping f019100: error-ask
Mar 30 02:52:41 
Mar 30 02:52:42 Count: 3 of 4
Mar 30 02:52:42 f099608 (1 / 1 tries):
Mar 30 02:52:42 f0421499: 23.293832210218907393 FIL (11G free)
Mar 30 02:52:43 Escrow: 0.999645757255 FIL
Mar 30 02:52:43 Locked: 0.33249517244 FIL
Mar 30 02:52:43 Datacap: 3160693276672
Mar 30 02:52:43 ....
Mar 30 02:52:44 Count: 3 of 4
Mar 30 02:52:44 f022163 (1 / 1 tries):
Mar 30 02:52:44 f0421499: 23.293832210218907393 FIL (11G free)
Mar 30 02:52:44 Escrow: 0.999645757255 FIL
Mar 30 02:52:44 Locked: 0.33249517244 FIL
Mar 30 02:52:44 Datacap: 3160693276672
Mar 30 02:52:44 ....
Mar 30 02:52:45 Count: 3 of 4
Mar 30 02:52:45 f014768 (1 / 1 tries):
Mar 30 02:52:46 f0421499: 23.293832210218907393 FIL (11G free)
Mar 30 02:52:46 Escrow: 0.999645757255 FIL
Mar 30 02:52:46 Locked: 0.33249517244 FIL
Mar 30 02:52:46 Datacap: 3160693276672
Mar 30 02:52:46 ....
Mar 30 02:52:47 Count: 3 of 4
Mar 30 02:52:47 f015927 (1 / 1 tries):
Mar 30 02:52:48 Skipping f015927: min-ask
Mar 30 02:52:48 
Mar 30 02:52:49 Count: 3 of 4
Mar 30 02:52:49 f09848 (1 / 1 tries):
Mar 30 02:52:49 f0421499: 23.293832210218907393 FIL (11G free)
Mar 30 02:52:49 Escrow: 0.999645757255 FIL
Mar 30 02:52:49 Locked: 0.33249517244 FIL
Mar 30 02:52:49 Datacap: 3160693276672
Mar 30 02:52:49 ....
Mar 30 02:52:50 Count: 3 of 4
Mar 30 02:52:50 f07998 (1 / 1 tries):
Mar 30 02:52:51 f0421499: 23.293832210218907393 FIL (11G free)
Mar 30 02:52:51 Escrow: 0.999645757255 FIL
Mar 30 02:52:51 Locked: 0.33249517244 FIL
Mar 30 02:52:51 Datacap: 3160693276672
Mar 30 02:52:51 ....
Mar 30 02:52:52 Count: 3 of 4
Mar 30 02:52:52 f071624 (1 / 1 tries):
Mar 30 02:52:52 f0421499: 23.293832210218907393 FIL (11G free)
Mar 30 02:52:52 Escrow: 0.999645757255 FIL
Mar 30 02:52:52 Locked: 0.33249517244 FIL
Mar 30 02:52:53 Datacap: 3160693276672
Mar 30 02:52:53 ....
Mar 30 02:52:54 Count: 3 of 4
Mar 30 02:52:54 f02576 (1 / 1 tries):
Mar 30 02:52:54 f0421499: 23.293832210218907393 FIL (11G free)
Mar 30 02:52:54 Escrow: 0.999645757255 FIL
Mar 30 02:52:54 Locked: 0.33249517244 FIL
Mar 30 02:52:54 Datacap: 3160693276672
Mar 30 02:52:54 ....
Mar 30 02:52:55 Count: 3 of 4
Mar 30 02:52:55 f01234 (1 / 1 tries):
Mar 30 02:52:56 f0421499: 23.293832210218907393 FIL (11G free)
Mar 30 02:52:56 Escrow: 0.999645757255 FIL
Mar 30 02:52:56 Locked: 0.33249517244 FIL
Mar 30 02:52:56 Datacap: 3160693276672
Mar 30 02:52:56 ....
Mar 30 02:52:57 Count: 3 of 4
Mar 30 02:52:57 f021716 (1 / 1 tries):
Mar 30 02:52:58 f0421499: 23.293832210218907393 FIL (11G free)
Mar 30 02:52:58 Escrow: 0.999645757255 FIL
Mar 30 02:52:58 Locked: 0.33249517244 FIL
Mar 30 02:52:58 Datacap: 3160693276672
Mar 30 02:52:58 ....
Mar 30 02:52:59 Count: 3 of 4
Mar 30 02:52:59 f0127896 (1 / 1 tries):
Mar 30 02:52:59 Skipping f0127896: min-ask
Mar 30 02:52:59 
Mar 30 02:53:00 Count: 3 of 4
Mar 30 02:53:00 f023467 (1 / 1 tries):
Mar 30 02:53:01 f0421499: 23.293832210218907393 FIL (11G free)
Mar 30 02:53:01 Escrow: 0.999645757255 FIL
Mar 30 02:53:01 Locked: 0.33249517244 FIL
Mar 30 02:53:01 Datacap: 3160693276672
Mar 30 02:53:01 ....
Mar 30 02:53:02 Count: 3 of 4
Mar 30 02:53:02 f0165400 (1 / 1 tries):
Mar 30 02:53:02 f0421499: 23.293832210218907393 FIL (11G free)
Mar 30 02:53:02 Escrow: 0.999645757255 FIL
Mar 30 02:53:02 Locked: 0.33249517244 FIL
Mar 30 02:53:03 Datacap: 3160693276672
Mar 30 02:53:03 ....
Mar 30 02:53:04 Count: 3 of 4
Mar 30 02:53:04 f0157535 (1 / 1 tries):
Mar 30 02:53:04 f0421499: 23.293832210218907393 FIL (11G free)
Mar 30 02:53:04 Escrow: 0.999645757255 FIL
Mar 30 02:53:04 Locked: 0.33249517244 FIL
Mar 30 02:53:04 Datacap: 3160693276672
Mar 30 02:53:04 ....
Mar 30 02:53:05 Count: 3 of 4
Mar 30 02:53:05 f023971 (1 / 1 tries):
Mar 30 02:53:06 f0421499: 23.293832210218907393 FIL (11G free)
Mar 30 02:53:06 Escrow: 0.999645757255 FIL
Mar 30 02:53:06 Locked: 0.33249517244 FIL
Mar 30 02:53:06 Datacap: 3160693276672
Mar 30 02:53:06 ....
Mar 30 02:53:07 Count: 3 of 4
Mar 30 02:53:07 f08403 (1 / 1 tries):
Mar 30 02:53:08 f0421499: 23.293832210218907393 FIL (11G free)
Mar 30 02:53:08 Escrow: 0.999645757255 FIL
Mar 30 02:53:08 Locked: 0.33249517244 FIL
Mar 30 02:53:08 Datacap: 3160693276672
Mar 30 02:53:08 ....
Mar 30 02:53:09 Count: 3 of 4
Mar 30 02:53:09 f01247 (1 / 1 tries):
Mar 30 02:53:10 f0421499: 23.293832210218907393 FIL (11G free)
Mar 30 02:53:10 Escrow: 0.999645757255 FIL
Mar 30 02:53:10 Locked: 0.33249517244 FIL
Mar 30 02:53:10 Datacap: 3160693276672
Mar 30 02:53:10 ....
Mar 30 02:53:11 Count: 3 of 4
Mar 30 02:53:11 f010479 (1 / 1 tries):
Mar 30 02:53:11 f0421499: 23.293832210218907393 FIL (11G free)
Mar 30 02:53:11 Escrow: 0.999645757255 FIL
Mar 30 02:53:11 Locked: 0.33249517244 FIL
Mar 30 02:53:12 Datacap: 3160693276672
Mar 30 02:53:12 ....
Mar 30 02:53:13 Count: 3 of 4
Mar 30 02:53:13 f014409 (1 / 1 tries):
Mar 30 02:53:13 f0421499: 23.293832210218907393 FIL (11G free)
Mar 30 02:53:13 Escrow: 0.999645757255 FIL
Mar 30 02:53:13 Locked: 0.33249517244 FIL
Mar 30 02:53:13 Datacap: 3160693276672
Mar 30 02:53:13 ....
Mar 30 02:53:15 Count: 3 of 4
Mar 30 02:53:15 f022352 (1 / 1 tries):
Mar 30 02:53:15 f0421499: 23.293832210218907393 FIL (11G free)
Mar 30 02:53:15 Escrow: 0.999645757255 FIL
Mar 30 02:53:15 Locked: 0.33249517244 FIL
Mar 30 02:53:15 Datacap: 3160693276672
Mar 30 02:53:15 ....
Mar 30 02:53:16 Count: 3 of 4
Mar 30 02:53:16 f062353 (1 / 1 tries):
Mar 30 02:53:17 f0421499: 23.293832210218907393 FIL (11G free)
Mar 30 02:53:17 Escrow: 0.999645757255 FIL
Mar 30 02:53:17 Locked: 0.33249517244 FIL
Mar 30 02:53:17 Datacap: 3160693276672
Mar 30 02:53:17 ....
Mar 30 02:53:18 Count: 3 of 4
Mar 30 02:53:18 f02606 (1 / 1 tries):
Mar 30 02:53:18 f0421499: 23.293832210218907393 FIL (11G free)
Mar 30 02:53:18 Escrow: 0.999645757255 FIL
Mar 30 02:53:18 Locked: 0.33249517244 FIL
Mar 30 02:53:19 Datacap: 3160693276672
Mar 30 02:53:19 ....
Mar 30 02:53:20 Count: 3 of 4
Mar 30 02:53:20 f022142 (1 / 1 tries):
Mar 30 02:53:20 f0421499: 23.293832210218907393 FIL (11G free)
Mar 30 02:53:20 Escrow: 0.999645757255 FIL
Mar 30 02:53:20 Locked: 0.33249517244 FIL
Mar 30 02:53:20 Datacap: 3160693276672
Mar 30 02:53:20 ....
Mar 30 02:53:21 Count: 3 of 4
Mar 30 02:53:21 f01278 (1 / 1 tries):
Mar 30 02:53:22 f0421499: 23.293832210218907393 FIL (11G free)
Mar 30 02:53:22 Escrow: 0.999645757255 FIL
Mar 30 02:53:22 Locked: 0.33249517244 FIL
Mar 30 02:53:22 Datacap: 3160693276672
Mar 30 02:53:22 ....
Mar 30 02:53:23 Count: 3 of 4
Mar 30 02:53:23 f0145874 (1 / 1 tries):
Mar 30 02:53:23 f0421499: 23.293832210218907393 FIL (11G free)
Mar 30 02:53:24 Escrow: 0.999645757255 FIL
Mar 30 02:53:24 Locked: 0.33249517244 FIL
Mar 30 02:53:24 Datacap: 3160693276672
Mar 30 02:53:24 ....
Mar 30 02:53:25 Count: 3 of 4
Mar 30 02:53:25 f019551 (1 / 1 tries):
Mar 30 02:53:25 f0421499: 23.293832210218907393 FIL (11G free)
Mar 30 02:53:25 Escrow: 0.999645757255 FIL
Mar 30 02:53:25 Locked: 0.33249517244 FIL
Mar 30 02:53:25 Datacap: 3160693276672
Mar 30 02:53:26 ....
Mar 30 02:53:27 Count: 3 of 4
Mar 30 02:53:27 f066596 (1 / 1 tries):
Mar 30 02:53:27 f0421499: 23.293832210218907393 FIL (11G free)
Mar 30 02:53:27 Escrow: 0.999645757255 FIL
Mar 30 02:53:27 Locked: 0.33249517244 FIL
Mar 30 02:53:27 Datacap: 3160693276672
Mar 30 02:53:27 ....
Mar 30 02:53:28 Count: 3 of 4
Mar 30 02:53:28 f08399 (1 / 1 tries):
Mar 30 02:53:29 f0421499: 23.293832210218907393 FIL (11G free)
Mar 30 02:53:29 Escrow: 0.999645757255 FIL
Mar 30 02:53:29 Locked: 0.33249517244 FIL
Mar 30 02:53:29 Datacap: 3160693276672
Mar 30 02:53:29 ....
Mar 30 02:53:30 Count: 3 of 4
Mar 30 02:53:30 f019041 (1 / 1 tries):
Mar 30 02:53:30 f0421499: 23.293832210218907393 FIL (11G free)
Mar 30 02:53:30 Escrow: 0.999645757255 FIL
Mar 30 02:53:30 Locked: 0.33249517244 FIL
Mar 30 02:53:31 Datacap: 3160693276672
Mar 30 02:53:31 ....
