Mar 28 18:10:53 Count: 1 of 2
Mar 28 18:10:53 f01278 (1 / 1 tries):
Mar 28 18:10:53 f0421499: 23.421650921972686504 FIL (12G free)
Mar 28 18:10:53 Escrow: 1 FIL
Mar 28 18:10:53 Locked: 0.166486893265 FIL
Mar 28 18:10:53 Datacap: 5325356793856
Mar 28 18:10:53 ..
Mar 28 18:10:54 Count: 1 of 2
Mar 28 18:10:54 f02606 (1 / 1 tries):
Mar 28 18:10:55 f0421499: 23.421650921972686504 FIL (12G free)
Mar 28 18:10:55 Escrow: 1 FIL
Mar 28 18:10:55 Locked: 0.166486893265 FIL
Mar 28 18:10:55 Datacap: 5325356793856
Mar 28 18:10:55 ..
Mar 28 18:10:56 Count: 1 of 2
Mar 28 18:10:56 f066596 (1 / 1 tries):
Mar 28 18:10:57 f0421499: 23.421650921972686504 FIL (12G free)
Mar 28 18:10:57 Escrow: 1 FIL
Mar 28 18:10:57 Locked: 0.166486893265 FIL
Mar 28 18:10:57 Datacap: 5325356793856
Mar 28 18:10:57 ..
Mar 28 18:10:58 Count: 1 of 2
Mar 28 18:10:58 f021716 (1 / 1 tries):
Mar 28 18:10:58 f0421499: 23.421650921972686504 FIL (12G free)
Mar 28 18:10:58 Escrow: 1 FIL
Mar 28 18:10:58 Locked: 0.166486893265 FIL
Mar 28 18:10:59 Datacap: 5325356793856
Mar 28 18:10:59 ..
Mar 28 18:11:00 Count: 1 of 2
Mar 28 18:11:00 f08399 (1 / 1 tries):
Mar 28 18:11:00 f0421499: 23.421650921972686504 FIL (12G free)
Mar 28 18:11:00 Escrow: 1 FIL
Mar 28 18:11:00 Locked: 0.166486893265 FIL
Mar 28 18:11:01 Datacap: 5325356793856
Mar 28 18:11:01 ..
Mar 28 18:11:02 Count: 1 of 2
Mar 28 18:11:02 f022142 (1 / 1 tries):
Mar 28 18:11:02 f0421499: 23.421650921972686504 FIL (12G free)
Mar 28 18:11:02 Escrow: 1 FIL
Mar 28 18:11:02 Locked: 0.166486893265 FIL
Mar 28 18:11:03 Datacap: 5325356793856
Mar 28 18:11:03 ..
Mar 28 18:11:04 Count: 1 of 2
Mar 28 18:11:04 f019100 (1 / 1 tries):
Mar 28 18:11:05 Skipping f019100: error-ask
Mar 28 18:11:05 
Mar 28 18:11:06 Count: 1 of 2
Mar 28 18:11:06 f0127896 (1 / 1 tries):
Mar 28 18:11:06 Skipping f0127896: min-ask
Mar 28 18:11:06 
Mar 28 18:11:07 Count: 1 of 2
Mar 28 18:11:07 f019041 (1 / 1 tries):
Mar 28 18:11:08 f0421499: 23.421650921972686504 FIL (12G free)
Mar 28 18:11:08 Escrow: 1 FIL
Mar 28 18:11:08 Locked: 0.166486893265 FIL
Mar 28 18:11:08 Datacap: 5325356793856
Mar 28 18:11:08 ..
Mar 28 18:11:09 Count: 1 of 2
Mar 28 18:11:09 f019104 (1 / 1 tries):
Mar 28 18:11:09 f0421499: 23.421650921972686504 FIL (11G free)
Mar 28 18:11:10 Escrow: 1 FIL
Mar 28 18:11:10 Locked: 0.166486893265 FIL
Mar 28 18:11:10 Datacap: 5325356793856
Mar 28 18:11:10 ..
Mar 28 18:11:11 Count: 1 of 2
Mar 28 18:11:11 f08403 (1 / 1 tries):
Mar 28 18:11:11 f0421499: 23.421650921972686504 FIL (11G free)
Mar 28 18:11:11 Escrow: 1 FIL
Mar 28 18:11:11 Locked: 0.166486893265 FIL
Mar 28 18:11:12 Datacap: 5325356793856
Mar 28 18:11:12 ..
Mar 28 18:11:13 Count: 1 of 2
Mar 28 18:11:13 f02576 (1 / 1 tries):
Mar 28 18:11:13 f0421499: 23.421650921972686504 FIL (11G free)
Mar 28 18:11:13 Escrow: 1 FIL
Mar 28 18:11:13 Locked: 0.166486893265 FIL
Mar 28 18:11:14 Datacap: 5325356793856
Mar 28 18:11:14 ..
Mar 28 18:11:15 Count: 1 of 2
Mar 28 18:11:15 f0145874 (1 / 1 tries):
Mar 28 18:11:15 f0421499: 23.421650921972686504 FIL (11G free)
Mar 28 18:11:15 Escrow: 1 FIL
Mar 28 18:11:15 Locked: 0.166486893265 FIL
Mar 28 18:11:16 Datacap: 5325356793856
Mar 28 18:11:16 ..
Mar 28 18:11:17 Count: 1 of 2
Mar 28 18:11:17 f09848 (1 / 1 tries):
Mar 28 18:11:18 f0421499: 23.421650921972686504 FIL (11G free)
Mar 28 18:11:18 Escrow: 1 FIL
Mar 28 18:11:18 Locked: 0.166486893265 FIL
Mar 28 18:11:19 Datacap: 5325356793856
Mar 28 18:11:19 ..
Mar 28 18:11:20 Count: 1 of 2
Mar 28 18:11:20 f058369 (1 / 1 tries):
Mar 28 18:11:20 f0421499: 23.421650921972686504 FIL (11G free)
Mar 28 18:11:20 Escrow: 1 FIL
Mar 28 18:11:20 Locked: 0.166486893265 FIL
Mar 28 18:11:20 Datacap: 5325356793856
Mar 28 18:11:20 ..
Mar 28 18:11:21 Count: 1 of 2
Mar 28 18:11:21 f01240 (1 / 1 tries):
Mar 28 18:11:22 f0421499: 23.421650921972686504 FIL (11G free)
Mar 28 18:11:22 Escrow: 1 FIL
Mar 28 18:11:22 Locked: 0.166486893265 FIL
Mar 28 18:11:22 Datacap: 5325356793856
Mar 28 18:11:22 ..
Mar 28 18:11:23 Count: 1 of 2
Mar 28 18:11:23 f010617 (1 / 1 tries):
Mar 28 18:11:24 f0421499: 23.421650921972686504 FIL (11G free)
Mar 28 18:11:24 Escrow: 1 FIL
Mar 28 18:11:24 Locked: 0.166486893265 FIL
Mar 28 18:11:24 Datacap: 5325356793856
Mar 28 18:11:24 .minimal_finality_stateroots_616300_2021-03-26_22-00-00.car.ab 2 of 2
Mar 28 18:11:25 Ask: f010617
Mar 28 18:11:25 Price per GiB: 0 FIL
Mar 28 18:11:25 Verified Price per GiB: 0 FIL
Mar 28 18:11:25 Max Piece size: 32 GiB
Mar 28 18:11:25 Min Piece size: 1 GiB
Mar 28 18:11:25 Miner: f010617
Mar 28 18:11:25 CID: bafykbzacea5dewvdatvbxc2tmi26bomowduqhoi7ery4yqi3n6li32n4oe546
Mar 28 18:11:25 [34mLotus deal-tool[39m
Mar 28 18:11:25 CID: bafykbzacea5dewvdatvbxc2tmi26bomowduqhoi7ery4yqi3n6li32n4oe546
Mar 28 18:11:25 Miner: f010617
Mar 28 18:11:25 [32mMatch for RE:[39m "Data CID .*:" found: ["Data CID (from \x1b[33mlotus client import\x1b[0m):"] Buffer: Data CID (from [33mlotus client import[0m): 
Mar 28 18:11:25 [34mSent:[39m "bafykbzacea5dewvdatvbxc2tmi26bomowduqhoi7ery4yqi3n6li32n4oe546\n"
Mar 28 18:21:25 [34mSent:[39m "180\n"
Mar 28 18:22:41 panic: runtime error: index out of range [1] with length 0
Mar 28 18:22:41 
Mar 28 18:22:41 goroutine 1 [running]:
Mar 28 18:22:41 main.main()
Mar 28 18:22:41 	/home/ubuntu/filecoin-wiki-test/deal-tool/main.go:84 +0xcf9
Mar 28 18:22:41 
Mar 28 18:22:42 Count: 1 of 2
Mar 28 18:22:42 f07998 (1 / 1 tries):
Mar 28 18:22:42 ERROR: dial tcp 0.0.0.0:1234: connect: connection refused
Mar 28 18:22:42 
Mar 28 18:22:42 ERROR: dial tcp 0.0.0.0:1234: connect: connection refused
Mar 28 18:22:42 
Mar 28 18:22:42 ERROR: dial tcp 0.0.0.0:1234: connect: connection refused
Mar 28 18:22:42 
Mar 28 18:22:42 : (8.1M free)
Mar 28 18:22:42 ERROR: must specify address to print market balance for
Mar 28 18:22:42 
Mar 28 18:22:42 NAME:
Mar 28 18:22:42    lotus state market balance - Get the market balance (locked and escrowed) for a given account
Mar 28 18:22:42 
Mar 28 18:22:42 USAGE:
Mar 28 18:22:42    lotus state market balance [command options] [arguments...]
Mar 28 18:22:42 
Mar 28 18:22:42 OPTIONS:
Mar 28 18:22:42    --help, -h  show help (default: false)
Mar 28 18:22:42    
Mar 28 18:22:42 
Mar 28 18:22:43 Count: 1 of 2
Mar 28 18:22:43 f023971 (1 / 1 tries):
Mar 28 18:22:44 ERROR: dial tcp 0.0.0.0:1234: connect: connection refused
Mar 28 18:22:44 
Mar 28 18:22:44 ERROR: dial tcp 0.0.0.0:1234: connect: connection refused
Mar 28 18:22:44 
Mar 28 18:22:44 ERROR: dial tcp 0.0.0.0:1234: connect: connection refused
Mar 28 18:22:44 
Mar 28 18:22:44 : (8.0M free)
Mar 28 18:22:44 ERROR: must specify address to print market balance for
Mar 28 18:22:44 
Mar 28 18:22:44 NAME:
Mar 28 18:22:44    lotus state market balance - Get the market balance (locked and escrowed) for a given account
Mar 28 18:22:44 
Mar 28 18:22:44 USAGE:
Mar 28 18:22:44    lotus state market balance [command options] [arguments...]
Mar 28 18:22:44 
Mar 28 18:22:44 OPTIONS:
Mar 28 18:22:44    --help, -h  show help (default: false)
Mar 28 18:22:44    
Mar 28 18:22:44 
Mar 28 18:22:45 Count: 1 of 2
Mar 28 18:22:45 f014409 (1 / 1 tries):
Mar 28 18:22:45 ERROR: dial tcp 0.0.0.0:1234: connect: connection refused
Mar 28 18:22:45 
Mar 28 18:22:45 ERROR: dial tcp 0.0.0.0:1234: connect: connection refused
Mar 28 18:22:45 
Mar 28 18:22:45 ERROR: dial tcp 0.0.0.0:1234: connect: connection refused
Mar 28 18:22:45 
Mar 28 18:22:45 : (10M free)
Mar 28 18:22:45 ERROR: must specify address to print market balance for
Mar 28 18:22:45 
Mar 28 18:22:45 NAME:
Mar 28 18:22:45    lotus state market balance - Get the market balance (locked and escrowed) for a given account
Mar 28 18:22:45 
Mar 28 18:22:45 USAGE:
Mar 28 18:22:45    lotus state market balance [command options] [arguments...]
Mar 28 18:22:45 
Mar 28 18:22:45 OPTIONS:
Mar 28 18:22:45    --help, -h  show help (default: false)
Mar 28 18:22:45    
Mar 28 18:22:45 
Mar 28 18:22:46 Count: 1 of 2
Mar 28 18:22:46 f0165400 (1 / 1 tries):
Mar 28 18:22:46 ERROR: dial tcp 0.0.0.0:1234: connect: connection refused
Mar 28 18:22:46 
Mar 28 18:22:47 ERROR: dial tcp 0.0.0.0:1234: connect: connection refused
Mar 28 18:22:47 
Mar 28 18:22:47 ERROR: dial tcp 0.0.0.0:1234: connect: connection refused
Mar 28 18:22:47 
Mar 28 18:22:47 : (10M free)
Mar 28 18:22:47 ERROR: must specify address to print market balance for
Mar 28 18:22:47 
Mar 28 18:22:47 NAME:
Mar 28 18:22:47    lotus state market balance - Get the market balance (locked and escrowed) for a given account
Mar 28 18:22:47 
Mar 28 18:22:47 USAGE:
Mar 28 18:22:47    lotus state market balance [command options] [arguments...]
Mar 28 18:22:47 
Mar 28 18:22:47 OPTIONS:
Mar 28 18:22:47    --help, -h  show help (default: false)
Mar 28 18:22:47    
Mar 28 18:22:47 
Mar 28 18:22:48 Count: 1 of 2
Mar 28 18:22:48 f014768 (1 / 1 tries):
Mar 28 18:22:48 ERROR: dial tcp 0.0.0.0:1234: connect: connection refused
Mar 28 18:22:48 
Mar 28 18:22:48 ERROR: dial tcp 0.0.0.0:1234: connect: connection refused
Mar 28 18:22:48 
Mar 28 18:22:48 ERROR: dial tcp 0.0.0.0:1234: connect: connection refused
Mar 28 18:22:48 
Mar 28 18:22:48 : (11M free)
Mar 28 18:22:48 ERROR: must specify address to print market balance for
Mar 28 18:22:48 
Mar 28 18:22:48 NAME:
Mar 28 18:22:48    lotus state market balance - Get the market balance (locked and escrowed) for a given account
Mar 28 18:22:48 
Mar 28 18:22:48 USAGE:
Mar 28 18:22:48    lotus state market balance [command options] [arguments...]
Mar 28 18:22:48 
Mar 28 18:22:48 OPTIONS:
Mar 28 18:22:48    --help, -h  show help (default: false)
Mar 28 18:22:48    
Mar 28 18:22:48 
Mar 28 18:22:49 Count: 1 of 2
Mar 28 18:22:49 f071624 (1 / 1 tries):
Mar 28 18:22:49 ERROR: dial tcp 0.0.0.0:1234: connect: connection refused
Mar 28 18:22:49 
Mar 28 18:22:50 ERROR: dial tcp 0.0.0.0:1234: connect: connection refused
Mar 28 18:22:50 
Mar 28 18:22:50 ERROR: dial tcp 0.0.0.0:1234: connect: connection refused
Mar 28 18:22:50 
Mar 28 18:22:50 : (11M free)
Mar 28 18:22:50 ERROR: must specify address to print market balance for
Mar 28 18:22:50 
Mar 28 18:22:50 NAME:
Mar 28 18:22:50    lotus state market balance - Get the market balance (locked and escrowed) for a given account
Mar 28 18:22:50 
Mar 28 18:22:50 USAGE:
Mar 28 18:22:50    lotus state market balance [command options] [arguments...]
Mar 28 18:22:50 
Mar 28 18:22:50 OPTIONS:
Mar 28 18:22:50    --help, -h  show help (default: false)
Mar 28 18:22:50    
Mar 28 18:22:50 
Mar 28 18:22:51 Count: 1 of 2
Mar 28 18:22:51 f022163 (1 / 1 tries):
Mar 28 18:22:51 ERROR: dial tcp 0.0.0.0:1234: connect: connection refused
Mar 28 18:22:51 
Mar 28 18:22:51 ERROR: dial tcp 0.0.0.0:1234: connect: connection refused
Mar 28 18:22:51 
Mar 28 18:22:51 ERROR: dial tcp 0.0.0.0:1234: connect: connection refused
Mar 28 18:22:51 
Mar 28 18:22:51 : (11M free)
Mar 28 18:22:51 ERROR: must specify address to print market balance for
Mar 28 18:22:51 
Mar 28 18:22:51 NAME:
Mar 28 18:22:51    lotus state market balance - Get the market balance (locked and escrowed) for a given account
Mar 28 18:22:51 
Mar 28 18:22:51 USAGE:
Mar 28 18:22:51    lotus state market balance [command options] [arguments...]
Mar 28 18:22:51 
Mar 28 18:22:51 OPTIONS:
Mar 28 18:22:51    --help, -h  show help (default: false)
Mar 28 18:22:51    
Mar 28 18:22:51 
Mar 28 18:22:52 Count: 1 of 2
Mar 28 18:22:52 f019551 (1 / 1 tries):
Mar 28 18:22:52 ERROR: dial tcp 0.0.0.0:1234: connect: connection refused
Mar 28 18:22:52 
Mar 28 18:22:53 ERROR: dial tcp 0.0.0.0:1234: connect: connection refused
Mar 28 18:22:53 
Mar 28 18:22:53 ERROR: dial tcp 0.0.0.0:1234: connect: connection refused
Mar 28 18:22:53 
Mar 28 18:22:53 : (11M free)
Mar 28 18:22:53 ERROR: must specify address to print market balance for
Mar 28 18:22:53 
Mar 28 18:22:53 NAME:
Mar 28 18:22:53    lotus state market balance - Get the market balance (locked and escrowed) for a given account
Mar 28 18:22:53 
Mar 28 18:22:53 USAGE:
Mar 28 18:22:53    lotus state market balance [command options] [arguments...]
Mar 28 18:22:53 
Mar 28 18:22:53 OPTIONS:
Mar 28 18:22:53    --help, -h  show help (default: false)
Mar 28 18:22:53    
Mar 28 18:22:53 
Mar 28 18:22:54 Count: 1 of 2
Mar 28 18:22:54 f015927 (1 / 1 tries):
Mar 28 18:22:54 ERROR: dial tcp 0.0.0.0:1234: connect: connection refused
Mar 28 18:22:54 
Mar 28 18:22:54 ERROR: dial tcp 0.0.0.0:1234: connect: connection refused
Mar 28 18:22:54 
Mar 28 18:22:54 ERROR: dial tcp 0.0.0.0:1234: connect: connection refused
Mar 28 18:22:54 
Mar 28 18:22:54 : (11M free)
Mar 28 18:22:54 ERROR: must specify address to print market balance for
Mar 28 18:22:54 
Mar 28 18:22:54 NAME:
Mar 28 18:22:54    lotus state market balance - Get the market balance (locked and escrowed) for a given account
Mar 28 18:22:54 
Mar 28 18:22:54 USAGE:
Mar 28 18:22:54    lotus state market balance [command options] [arguments...]
Mar 28 18:22:54 
Mar 28 18:22:54 OPTIONS:
Mar 28 18:22:54    --help, -h  show help (default: false)
Mar 28 18:22:54    
Mar 28 18:22:54 
Mar 28 18:22:55 Count: 1 of 2
Mar 28 18:22:55 f062353 (1 / 1 tries):
Mar 28 18:22:55 ERROR: dial tcp 0.0.0.0:1234: connect: connection refused
Mar 28 18:22:55 
Mar 28 18:22:56 ERROR: dial tcp 0.0.0.0:1234: connect: connection refused
Mar 28 18:22:56 
Mar 28 18:22:56 ERROR: dial tcp 0.0.0.0:1234: connect: connection refused
Mar 28 18:22:56 
Mar 28 18:22:56 : (11M free)
Mar 28 18:22:56 ERROR: must specify address to print market balance for
Mar 28 18:22:56 
Mar 28 18:22:56 NAME:
Mar 28 18:22:56    lotus state market balance - Get the market balance (locked and escrowed) for a given account
Mar 28 18:22:56 
Mar 28 18:22:56 USAGE:
Mar 28 18:22:56    lotus state market balance [command options] [arguments...]
Mar 28 18:22:56 
Mar 28 18:22:56 OPTIONS:
Mar 28 18:22:56    --help, -h  show help (default: false)
Mar 28 18:22:56    
Mar 28 18:22:56 
Mar 28 18:22:57 Count: 1 of 2
Mar 28 18:22:57 f023467 (1 / 1 tries):
Mar 28 18:22:57 ERROR: dial tcp 0.0.0.0:1234: connect: connection refused
Mar 28 18:22:57 
Mar 28 18:22:57 ERROR: dial tcp 0.0.0.0:1234: connect: connection refused
Mar 28 18:22:57 
Mar 28 18:22:57 ERROR: dial tcp 0.0.0.0:1234: connect: connection refused
Mar 28 18:22:57 
Mar 28 18:22:57 : (11M free)
Mar 28 18:22:57 ERROR: must specify address to print market balance for
Mar 28 18:22:57 
Mar 28 18:22:57 NAME:
Mar 28 18:22:57    lotus state market balance - Get the market balance (locked and escrowed) for a given account
Mar 28 18:22:57 
Mar 28 18:22:57 USAGE:
Mar 28 18:22:57    lotus state market balance [command options] [arguments...]
Mar 28 18:22:57 
Mar 28 18:22:57 OPTIONS:
Mar 28 18:22:57    --help, -h  show help (default: false)
Mar 28 18:22:57    
Mar 28 18:22:57 
Mar 28 18:22:58 Count: 1 of 2
Mar 28 18:22:58 f099608 (1 / 1 tries):
Mar 28 18:22:58 ERROR: dial tcp 0.0.0.0:1234: connect: connection refused
Mar 28 18:22:58 
Mar 28 18:22:58 ERROR: dial tcp 0.0.0.0:1234: connect: connection refused
Mar 28 18:22:58 
Mar 28 18:22:59 ERROR: dial tcp 0.0.0.0:1234: connect: connection refused
Mar 28 18:22:59 
Mar 28 18:22:59 : (11M free)
Mar 28 18:22:59 ERROR: must specify address to print market balance for
Mar 28 18:22:59 
Mar 28 18:22:59 NAME:
Mar 28 18:22:59    lotus state market balance - Get the market balance (locked and escrowed) for a given account
Mar 28 18:22:59 
Mar 28 18:22:59 USAGE:
Mar 28 18:22:59    lotus state market balance [command options] [arguments...]
Mar 28 18:22:59 
Mar 28 18:22:59 OPTIONS:
Mar 28 18:22:59    --help, -h  show help (default: false)
Mar 28 18:22:59    
Mar 28 18:22:59 
Mar 28 18:23:00 Count: 1 of 2
Mar 28 18:23:00 f0157535 (1 / 1 tries):
Mar 28 18:23:00 ERROR: dial tcp 0.0.0.0:1234: connect: connection refused
Mar 28 18:23:00 
Mar 28 18:23:00 ERROR: dial tcp 0.0.0.0:1234: connect: connection refused
Mar 28 18:23:00 
Mar 28 18:23:00 ERROR: dial tcp 0.0.0.0:1234: connect: connection refused
Mar 28 18:23:00 
Mar 28 18:23:00 : (11M free)
Mar 28 18:23:00 ERROR: must specify address to print market balance for
Mar 28 18:23:00 
Mar 28 18:23:00 NAME:
Mar 28 18:23:00    lotus state market balance - Get the market balance (locked and escrowed) for a given account
Mar 28 18:23:00 
Mar 28 18:23:00 USAGE:
Mar 28 18:23:00    lotus state market balance [command options] [arguments...]
Mar 28 18:23:00 
Mar 28 18:23:00 OPTIONS:
Mar 28 18:23:00    --help, -h  show help (default: false)
Mar 28 18:23:00    
Mar 28 18:23:00 
Mar 28 18:23:01 Count: 1 of 2
Mar 28 18:23:01 f022352 (1 / 1 tries):
Mar 28 18:23:01 ERROR: dial tcp 0.0.0.0:1234: connect: connection refused
Mar 28 18:23:01 
Mar 28 18:23:02 ERROR: dial tcp 0.0.0.0:1234: connect: connection refused
Mar 28 18:23:02 
Mar 28 18:23:02 ERROR: dial tcp 0.0.0.0:1234: connect: connection refused
Mar 28 18:23:02 
Mar 28 18:23:02 : (11M free)
Mar 28 18:23:02 ERROR: must specify address to print market balance for
Mar 28 18:23:02 
Mar 28 18:23:02 NAME:
Mar 28 18:23:02    lotus state market balance - Get the market balance (locked and escrowed) for a given account
Mar 28 18:23:02 
Mar 28 18:23:02 USAGE:
Mar 28 18:23:02    lotus state market balance [command options] [arguments...]
Mar 28 18:23:02 
Mar 28 18:23:02 OPTIONS:
Mar 28 18:23:02    --help, -h  show help (default: false)
Mar 28 18:23:02    
Mar 28 18:23:02 
Mar 28 18:23:03 Count: 1 of 2
Mar 28 18:23:03 f01247 (1 / 1 tries):
Mar 28 18:23:03 ERROR: dial tcp 0.0.0.0:1234: connect: connection refused
Mar 28 18:23:03 
Mar 28 18:23:03 ERROR: dial tcp 0.0.0.0:1234: connect: connection refused
Mar 28 18:23:03 
Mar 28 18:23:03 ERROR: dial tcp 0.0.0.0:1234: connect: connection refused
Mar 28 18:23:03 
Mar 28 18:23:03 : (11M free)
Mar 28 18:23:03 ERROR: must specify address to print market balance for
Mar 28 18:23:03 
Mar 28 18:23:03 NAME:
Mar 28 18:23:03    lotus state market balance - Get the market balance (locked and escrowed) for a given account
Mar 28 18:23:03 
Mar 28 18:23:03 USAGE:
Mar 28 18:23:03    lotus state market balance [command options] [arguments...]
Mar 28 18:23:03 
Mar 28 18:23:03 OPTIONS:
Mar 28 18:23:03    --help, -h  show help (default: false)
Mar 28 18:23:03    
Mar 28 18:23:03 
Mar 28 18:23:04 Count: 1 of 2
Mar 28 18:23:04 f019362 (1 / 1 tries):
Mar 28 18:23:05 ERROR: dial tcp 0.0.0.0:1234: connect: connection refused
Mar 28 18:23:05 
Mar 28 18:23:05 ERROR: dial tcp 0.0.0.0:1234: connect: connection refused
Mar 28 18:23:05 
Mar 28 18:23:05 ERROR: dial tcp 0.0.0.0:1234: connect: connection refused
Mar 28 18:23:05 
Mar 28 18:23:05 : (11M free)
Mar 28 18:23:05 ERROR: must specify address to print market balance for
Mar 28 18:23:05 
Mar 28 18:23:05 NAME:
Mar 28 18:23:05    lotus state market balance - Get the market balance (locked and escrowed) for a given account
Mar 28 18:23:05 
Mar 28 18:23:05 USAGE:
Mar 28 18:23:05    lotus state market balance [command options] [arguments...]
Mar 28 18:23:05 
Mar 28 18:23:05 OPTIONS:
Mar 28 18:23:05    --help, -h  show help (default: false)
Mar 28 18:23:05    
Mar 28 18:23:05 
Mar 28 18:23:06 Count: 1 of 2
Mar 28 18:23:06 f01234 (1 / 1 tries):
Mar 28 18:23:06 ERROR: dial tcp 0.0.0.0:1234: connect: connection refused
Mar 28 18:23:06 
Mar 28 18:23:06 ERROR: dial tcp 0.0.0.0:1234: connect: connection refused
Mar 28 18:23:06 
Mar 28 18:23:06 ERROR: dial tcp 0.0.0.0:1234: connect: connection refused
Mar 28 18:23:06 
Mar 28 18:23:06 : (11M free)
Mar 28 18:23:07 ERROR: must specify address to print market balance for
Mar 28 18:23:07 
Mar 28 18:23:07 NAME:
Mar 28 18:23:07    lotus state market balance - Get the market balance (locked and escrowed) for a given account
Mar 28 18:23:07 
Mar 28 18:23:07 USAGE:
Mar 28 18:23:07    lotus state market balance [command options] [arguments...]
Mar 28 18:23:07 
Mar 28 18:23:07 OPTIONS:
Mar 28 18:23:07    --help, -h  show help (default: false)
Mar 28 18:23:07    
Mar 28 18:23:07 
Mar 28 18:23:08 Count: 1 of 2
Mar 28 18:23:08 f010479 (1 / 1 tries):
Mar 28 18:23:08 ERROR: dial tcp 0.0.0.0:1234: connect: connection refused
Mar 28 18:23:08 
Mar 28 18:23:08 ERROR: dial tcp 0.0.0.0:1234: connect: connection refused
Mar 28 18:23:08 
Mar 28 18:23:08 ERROR: dial tcp 0.0.0.0:1234: connect: connection refused
Mar 28 18:23:08 
Mar 28 18:23:08 : (11M free)
Mar 28 18:23:08 ERROR: must specify address to print market balance for
Mar 28 18:23:08 
Mar 28 18:23:08 NAME:
Mar 28 18:23:08    lotus state market balance - Get the market balance (locked and escrowed) for a given account
Mar 28 18:23:08 
Mar 28 18:23:08 USAGE:
Mar 28 18:23:08    lotus state market balance [command options] [arguments...]
Mar 28 18:23:08 
Mar 28 18:23:08 OPTIONS:
Mar 28 18:23:08    --help, -h  show help (default: false)
Mar 28 18:23:08    
Mar 28 18:23:08 
Mar 28 18:23:09 Count: 1 of 2
Mar 28 18:23:09 f01277 (1 / 1 tries):
Mar 28 18:23:09 ERROR: dial tcp 0.0.0.0:1234: connect: connection refused
Mar 28 18:23:09 
Mar 28 18:23:09 ERROR: dial tcp 0.0.0.0:1234: connect: connection refused
Mar 28 18:23:09 
Mar 28 18:23:09 Skipping f01277: min-ask
Mar 28 18:23:09 
