Mar 30 11:09:35 Count: 3 of 4
Mar 30 11:09:35 f058369 (1 / 1 tries):
Mar 30 11:09:36 f0421499: 23.293832210218907393 FIL (9.1G free)
Mar 30 11:09:36 Escrow: 0.999645757255 FIL
Mar 30 11:09:36 Locked: 0.33249517244 FIL
Mar 30 11:09:36 Datacap: 3160693276672
Mar 30 11:09:36 ....
Mar 30 11:09:37 Count: 3 of 4
Mar 30 11:09:37 f022163 (1 / 1 tries):
Mar 30 11:09:38 f0421499: 23.293832210218907393 FIL (9.1G free)
Mar 30 11:09:39 Escrow: 0.999645757255 FIL
Mar 30 11:09:39 Locked: 0.33249517244 FIL
Mar 30 11:09:39 Datacap: 3160693276672
Mar 30 11:09:39 ....
Mar 30 11:09:40 Count: 3 of 4
Mar 30 11:09:40 f08399 (1 / 1 tries):
Mar 30 11:09:41 f0421499: 23.293832210218907393 FIL (9.1G free)
Mar 30 11:09:41 Escrow: 0.999645757255 FIL
Mar 30 11:09:41 Locked: 0.33249517244 FIL
Mar 30 11:09:41 Datacap: 3160693276672
Mar 30 11:09:42 ....
Mar 30 11:09:43 Count: 3 of 4
Mar 30 11:09:43 f0127896 (1 / 1 tries):
Mar 30 11:09:43 Skipping f0127896: min-ask
Mar 30 11:09:43 
Mar 30 11:09:44 Count: 3 of 4
Mar 30 11:09:44 f066596 (1 / 1 tries):
Mar 30 11:09:45 f0421499: 23.293832210218907393 FIL (9.1G free)
Mar 30 11:09:45 Escrow: 0.999645757255 FIL
Mar 30 11:09:45 Locked: 0.33249517244 FIL
Mar 30 11:09:46 Datacap: 3160693276672
Mar 30 11:09:46 ....
Mar 30 11:09:47 Count: 3 of 4
Mar 30 11:09:47 f022142 (1 / 1 tries):
Mar 30 11:09:47 f0421499: 23.293832210218907393 FIL (9.1G free)
Mar 30 11:09:47 Escrow: 0.999645757255 FIL
Mar 30 11:09:47 Locked: 0.33249517244 FIL
Mar 30 11:09:48 Datacap: 3160693276672
Mar 30 11:09:48 ....
Mar 30 11:09:49 Count: 3 of 4
Mar 30 11:09:49 f08403 (1 / 1 tries):
Mar 30 11:09:50 f0421499: 23.293832210218907393 FIL (9.1G free)
Mar 30 11:09:50 Escrow: 0.999645757255 FIL
Mar 30 11:09:50 Locked: 0.33249517244 FIL
Mar 30 11:09:51 Datacap: 3160693276672
Mar 30 11:09:51 ....
Mar 30 11:09:52 Count: 3 of 4
Mar 30 11:09:52 f01234 (1 / 1 tries):
Mar 30 11:09:52 f0421499: 23.293832210218907393 FIL (9.1G free)
Mar 30 11:09:53 Escrow: 0.999645757255 FIL
Mar 30 11:09:53 Locked: 0.33249517244 FIL
Mar 30 11:09:53 Datacap: 3160693276672
Mar 30 11:09:53 ....
Mar 30 11:09:54 Count: 3 of 4
Mar 30 11:09:54 f099608 (1 / 1 tries):
Mar 30 11:09:55 f0421499: 23.293832210218907393 FIL (9.1G free)
Mar 30 11:09:55 Escrow: 0.999645757255 FIL
Mar 30 11:09:55 Locked: 0.33249517244 FIL
Mar 30 11:09:55 Datacap: 3160693276672
Mar 30 11:09:56 ....
Mar 30 11:09:57 Count: 3 of 4
Mar 30 11:09:57 f019362 (1 / 1 tries):
Mar 30 11:09:58 f0421499: 23.293832210218907393 FIL (9.1G free)
Mar 30 11:09:58 Escrow: 0.999645757255 FIL
Mar 30 11:09:58 Locked: 0.33249517244 FIL
Mar 30 11:09:58 Datacap: 3160693276672
Mar 30 11:09:58 ....
Mar 30 11:09:59 Count: 3 of 4
Mar 30 11:09:59 f010479 (1 / 1 tries):
Mar 30 11:10:00 f0421499: 23.293832210218907393 FIL (9.1G free)
Mar 30 11:10:00 Escrow: 0.999645757255 FIL
Mar 30 11:10:00 Locked: 0.33249517244 FIL
Mar 30 11:10:00 Datacap: 3160693276672
Mar 30 11:10:00 ....
Mar 30 11:10:01 Count: 3 of 4
Mar 30 11:10:01 f023467 (1 / 1 tries):
Mar 30 11:10:02 f0421499: 23.293832210218907393 FIL (9.1G free)
Mar 30 11:10:02 Escrow: 0.999645757255 FIL
Mar 30 11:10:02 Locked: 0.33249517244 FIL
Mar 30 11:10:03 Datacap: 3160693276672
Mar 30 11:10:03 ....
Mar 30 11:10:04 Count: 3 of 4
Mar 30 11:10:04 f01277 (1 / 1 tries):
Mar 30 11:10:04 Skipping f01277: min-ask
Mar 30 11:10:04 
Mar 30 11:10:05 Count: 3 of 4
Mar 30 11:10:05 f010617 (1 / 1 tries):
Mar 30 11:10:06 f0421499: 23.293832210218907393 FIL (9.1G free)
Mar 30 11:10:06 Escrow: 0.999645757255 FIL
Mar 30 11:10:06 Locked: 0.33249517244 FIL
Mar 30 11:10:07 Datacap: 3160693276672
Mar 30 11:10:07 ....
Mar 30 11:10:08 Count: 3 of 4
Mar 30 11:10:08 f023971 (1 / 1 tries):
Mar 30 11:10:08 f0421499: 23.293832210218907393 FIL (9.1G free)
Mar 30 11:10:09 Escrow: 0.999645757255 FIL
Mar 30 11:10:09 Locked: 0.33249517244 FIL
Mar 30 11:10:09 Datacap: 3160693276672
Mar 30 11:10:09 ....
Mar 30 11:10:10 Count: 3 of 4
Mar 30 11:10:10 f09848 (1 / 1 tries):
Mar 30 11:10:11 f0421499: 23.293832210218907393 FIL (9.1G free)
Mar 30 11:10:11 Escrow: 0.999645757255 FIL
Mar 30 11:10:11 Locked: 0.33249517244 FIL
Mar 30 11:10:11 Datacap: 3160693276672
Mar 30 11:10:11 ....
Mar 30 11:10:12 Count: 3 of 4
Mar 30 11:10:12 f019041 (1 / 1 tries):
Mar 30 11:10:13 f0421499: 23.293832210218907393 FIL (9.1G free)
Mar 30 11:10:13 Escrow: 0.999645757255 FIL
Mar 30 11:10:13 Locked: 0.33249517244 FIL
Mar 30 11:10:14 Datacap: 3160693276672
Mar 30 11:10:14 ....
Mar 30 11:10:15 Count: 3 of 4
Mar 30 11:10:15 f019100 (1 / 1 tries):
Mar 30 11:10:15 Skipping f019100: error-ask
Mar 30 11:10:15 
Mar 30 11:10:16 Count: 3 of 4
Mar 30 11:10:16 f019104 (1 / 1 tries):
Mar 30 11:10:17 Skipping f019104: error-ask
Mar 30 11:10:17 
Mar 30 11:10:18 Count: 3 of 4
Mar 30 11:10:18 f022352 (1 / 1 tries):
Mar 30 11:10:18 f0421499: 23.293832210218907393 FIL (9.1G free)
Mar 30 11:10:19 Escrow: 0.999645757255 FIL
Mar 30 11:10:19 Locked: 0.33249517244 FIL
Mar 30 11:10:19 Datacap: 3160693276672
Mar 30 11:10:19 ....
Mar 30 11:10:20 Count: 3 of 4
Mar 30 11:10:20 f019551 (1 / 1 tries):
Mar 30 11:10:21 f0421499: 23.293832210218907393 FIL (9.1G free)
Mar 30 11:10:21 Escrow: 0.999645757255 FIL
Mar 30 11:10:21 Locked: 0.33249517244 FIL
Mar 30 11:10:21 Datacap: 3160693276672
Mar 30 11:10:21 ....
Mar 30 11:10:22 Count: 3 of 4
Mar 30 11:10:22 f0157535 (1 / 1 tries):
Mar 30 11:10:23 f0421499: 23.293832210218907393 FIL (9.1G free)
Mar 30 11:10:23 Escrow: 0.999645757255 FIL
Mar 30 11:10:23 Locked: 0.33249517244 FIL
Mar 30 11:10:23 Datacap: 3160693276672
Mar 30 11:10:23 ....
Mar 30 11:10:24 Count: 3 of 4
Mar 30 11:10:24 f01240 (1 / 1 tries):
Mar 30 11:10:25 f0421499: 23.293832210218907393 FIL (9.1G free)
Mar 30 11:10:26 Escrow: 0.999645757255 FIL
Mar 30 11:10:26 Locked: 0.33249517244 FIL
Mar 30 11:10:26 Datacap: 3160693276672
Mar 30 11:10:26 ....
Mar 30 11:10:27 Count: 3 of 4
Mar 30 11:10:27 f0165400 (1 / 1 tries):
Mar 30 11:10:28 f0421499: 23.293832210218907393 FIL (9.1G free)
Mar 30 11:10:28 Escrow: 0.999645757255 FIL
Mar 30 11:10:28 Locked: 0.33249517244 FIL
Mar 30 11:10:28 Datacap: 3160693276672
Mar 30 11:10:29 ....
Mar 30 11:10:30 Count: 3 of 4
Mar 30 11:10:30 f01247 (1 / 1 tries):
Mar 30 11:10:31 f0421499: 23.293832210218907393 FIL (9.1G free)
Mar 30 11:10:31 Escrow: 0.999645757255 FIL
Mar 30 11:10:31 Locked: 0.33249517244 FIL
Mar 30 11:10:31 Datacap: 3160693276672
Mar 30 11:10:31 ....
Mar 30 11:10:32 Count: 3 of 4
Mar 30 11:10:32 f01278 (1 / 1 tries):
Mar 30 11:10:33 f0421499: 23.293832210218907393 FIL (9.1G free)
Mar 30 11:10:33 Escrow: 0.999645757255 FIL
Mar 30 11:10:33 Locked: 0.33249517244 FIL
Mar 30 11:10:33 Datacap: 3160693276672
Mar 30 11:10:34 ....
Mar 30 11:10:35 Count: 3 of 4
Mar 30 11:10:35 f014768 (1 / 1 tries):
Mar 30 11:10:35 f0421499: 23.293832210218907393 FIL (9.1G free)
Mar 30 11:10:35 Escrow: 0.999645757255 FIL
Mar 30 11:10:35 Locked: 0.33249517244 FIL
Mar 30 11:10:36 Datacap: 3160693276672
Mar 30 11:10:36 ....
Mar 30 11:10:37 Count: 3 of 4
Mar 30 11:10:37 f071624 (1 / 1 tries):
Mar 30 11:10:37 f0421499: 23.293832210218907393 FIL (9.1G free)
Mar 30 11:10:38 Escrow: 0.999645757255 FIL
Mar 30 11:10:38 Locked: 0.33249517244 FIL
Mar 30 11:10:38 Datacap: 3160693276672
Mar 30 11:10:38 ....
Mar 30 11:10:39 Count: 3 of 4
Mar 30 11:10:39 f015927 (1 / 1 tries):
Mar 30 11:10:39 Skipping f015927: min-ask
Mar 30 11:10:39 
Mar 30 11:10:40 Count: 3 of 4
Mar 30 11:10:40 f062353 (1 / 1 tries):
Mar 30 11:10:41 f0421499: 23.293832210218907393 FIL (9.1G free)
Mar 30 11:10:41 Escrow: 0.999645757255 FIL
Mar 30 11:10:41 Locked: 0.33249517244 FIL
Mar 30 11:10:42 Datacap: 3160693276672
Mar 30 11:10:42 ....
Mar 30 11:10:43 Count: 3 of 4
Mar 30 11:10:43 f0145874 (1 / 1 tries):
Mar 30 11:10:44 f0421499: 23.293832210218907393 FIL (9.1G free)
Mar 30 11:10:44 Escrow: 0.999645757255 FIL
Mar 30 11:10:44 Locked: 0.33249517244 FIL
Mar 30 11:10:44 Datacap: 3160693276672
Mar 30 11:10:44 ....
Mar 30 11:10:45 Count: 3 of 4
Mar 30 11:10:45 f02576 (1 / 1 tries):
Mar 30 11:10:46 f0421499: 23.293832210218907393 FIL (9.1G free)
Mar 30 11:10:46 Escrow: 0.999645757255 FIL
Mar 30 11:10:46 Locked: 0.33249517244 FIL
Mar 30 11:10:46 Datacap: 3160693276672
Mar 30 11:10:47 ....
Mar 30 11:10:48 Count: 3 of 4
Mar 30 11:10:48 f014409 (1 / 1 tries):
Mar 30 11:10:48 f0421499: 23.293832210218907393 FIL (9.1G free)
Mar 30 11:10:49 Escrow: 0.999645757255 FIL
Mar 30 11:10:49 Locked: 0.33249517244 FIL
Mar 30 11:10:49 Datacap: 3160693276672
Mar 30 11:10:49 ....
Mar 30 11:10:50 Count: 3 of 4
Mar 30 11:10:50 f021716 (1 / 1 tries):
Mar 30 11:10:51 f0421499: 23.293832210218907393 FIL (9.1G free)
Mar 30 11:10:51 Escrow: 0.999645757255 FIL
Mar 30 11:10:51 Locked: 0.33249517244 FIL
Mar 30 11:10:51 Datacap: 3160693276672
Mar 30 11:10:51 ....
Mar 30 11:10:52 Count: 3 of 4
Mar 30 11:10:52 f02606 (1 / 1 tries):
Mar 30 11:10:53 f0421499: 23.293832210218907393 FIL (9.1G free)
Mar 30 11:10:53 Escrow: 0.999645757255 FIL
Mar 30 11:10:53 Locked: 0.33249517244 FIL
Mar 30 11:10:53 Datacap: 3160693276672
Mar 30 11:10:54 ....
Mar 30 11:10:55 Count: 3 of 4
Mar 30 11:10:55 f07998 (1 / 1 tries):
Mar 30 11:10:55 f0421499: 23.293832210218907393 FIL (9.1G free)
Mar 30 11:10:55 Escrow: 0.999645757255 FIL
Mar 30 11:10:55 Locked: 0.33249517244 FIL
Mar 30 11:10:56 Datacap: 3160693276672
Mar 30 11:10:56 ....
