Mar 30 03:57:08 Count: 3 of 4
Mar 30 03:57:08 f01234 (1 / 1 tries):
Mar 30 03:57:09 f0421499: 23.293832210218907393 FIL (11G free)
Mar 30 03:57:09 Escrow: 0.999645757255 FIL
Mar 30 03:57:09 Locked: 0.33249517244 FIL
Mar 30 03:57:09 Datacap: 3160693276672
Mar 30 03:57:09 ....
Mar 30 03:57:10 Count: 3 of 4
Mar 30 03:57:10 f01240 (1 / 1 tries):
Mar 30 03:57:10 f0421499: 23.293832210218907393 FIL (11G free)
Mar 30 03:57:11 Escrow: 0.999645757255 FIL
Mar 30 03:57:11 Locked: 0.33249517244 FIL
Mar 30 03:57:11 Datacap: 3160693276672
Mar 30 03:57:11 ....
Mar 30 03:57:12 Count: 3 of 4
Mar 30 03:57:12 f0157535 (1 / 1 tries):
Mar 30 03:57:12 f0421499: 23.293832210218907393 FIL (11G free)
Mar 30 03:57:12 Escrow: 0.999645757255 FIL
Mar 30 03:57:12 Locked: 0.33249517244 FIL
Mar 30 03:57:13 Datacap: 3160693276672
Mar 30 03:57:13 ....
Mar 30 03:57:14 Count: 3 of 4
Mar 30 03:57:14 f0165400 (1 / 1 tries):
Mar 30 03:57:14 f0421499: 23.293832210218907393 FIL (11G free)
Mar 30 03:57:14 Escrow: 0.999645757255 FIL
Mar 30 03:57:14 Locked: 0.33249517244 FIL
Mar 30 03:57:14 Datacap: 3160693276672
Mar 30 03:57:14 ....
Mar 30 03:57:15 Count: 3 of 4
Mar 30 03:57:15 f0127896 (1 / 1 tries):
Mar 30 03:57:16 Skipping f0127896: min-ask
Mar 30 03:57:16 
Mar 30 03:57:17 Count: 3 of 4
Mar 30 03:57:17 f019551 (1 / 1 tries):
Mar 30 03:57:17 f0421499: 23.293832210218907393 FIL (11G free)
Mar 30 03:57:17 Escrow: 0.999645757255 FIL
Mar 30 03:57:17 Locked: 0.33249517244 FIL
Mar 30 03:57:17 Datacap: 3160693276672
Mar 30 03:57:17 ....
Mar 30 03:57:18 Count: 3 of 4
Mar 30 03:57:18 f066596 (1 / 1 tries):
Mar 30 03:57:19 f0421499: 23.293832210218907393 FIL (11G free)
Mar 30 03:57:19 Escrow: 0.999645757255 FIL
Mar 30 03:57:19 Locked: 0.33249517244 FIL
Mar 30 03:57:19 Datacap: 3160693276672
Mar 30 03:57:19 ....
Mar 30 03:57:20 Count: 3 of 4
Mar 30 03:57:20 f08403 (1 / 1 tries):
Mar 30 03:57:20 f0421499: 23.293832210218907393 FIL (11G free)
Mar 30 03:57:21 Escrow: 0.999645757255 FIL
Mar 30 03:57:21 Locked: 0.33249517244 FIL
Mar 30 03:57:21 Datacap: 3160693276672
Mar 30 03:57:21 ....
Mar 30 03:57:22 Count: 3 of 4
Mar 30 03:57:22 f010617 (1 / 1 tries):
Mar 30 03:57:22 f0421499: 23.293832210218907393 FIL (11G free)
Mar 30 03:57:22 Escrow: 0.999645757255 FIL
Mar 30 03:57:22 Locked: 0.33249517244 FIL
Mar 30 03:57:23 Datacap: 3160693276672
Mar 30 03:57:23 ....
Mar 30 03:57:24 Count: 3 of 4
Mar 30 03:57:24 f022352 (1 / 1 tries):
Mar 30 03:57:24 f0421499: 23.293832210218907393 FIL (11G free)
Mar 30 03:57:24 Escrow: 0.999645757255 FIL
Mar 30 03:57:24 Locked: 0.33249517244 FIL
Mar 30 03:57:25 Datacap: 3160693276672
Mar 30 03:57:25 ....
Mar 30 03:57:26 Count: 3 of 4
Mar 30 03:57:26 f01278 (1 / 1 tries):
Mar 30 03:57:26 f0421499: 23.293832210218907393 FIL (11G free)
Mar 30 03:57:26 Escrow: 0.999645757255 FIL
Mar 30 03:57:26 Locked: 0.33249517244 FIL
Mar 30 03:57:26 Datacap: 3160693276672
Mar 30 03:57:26 ....
Mar 30 03:57:27 Count: 3 of 4
Mar 30 03:57:27 f08399 (1 / 1 tries):
Mar 30 03:57:28 f0421499: 23.293832210218907393 FIL (11G free)
Mar 30 03:57:28 Escrow: 0.999645757255 FIL
Mar 30 03:57:28 Locked: 0.33249517244 FIL
Mar 30 03:57:28 Datacap: 3160693276672
Mar 30 03:57:28 ....
Mar 30 03:57:29 Count: 3 of 4
Mar 30 03:57:29 f023467 (1 / 1 tries):
Mar 30 03:57:29 f0421499: 23.293832210218907393 FIL (11G free)
Mar 30 03:57:30 Escrow: 0.999645757255 FIL
Mar 30 03:57:30 Locked: 0.33249517244 FIL
Mar 30 03:57:30 Datacap: 3160693276672
Mar 30 03:57:30 ....
Mar 30 03:57:31 Count: 3 of 4
Mar 30 03:57:31 f021716 (1 / 1 tries):
Mar 30 03:57:31 f0421499: 23.293832210218907393 FIL (11G free)
Mar 30 03:57:31 Escrow: 0.999645757255 FIL
Mar 30 03:57:31 Locked: 0.33249517244 FIL
Mar 30 03:57:32 Datacap: 3160693276672
Mar 30 03:57:32 ....
Mar 30 03:57:33 Count: 3 of 4
Mar 30 03:57:33 f099608 (1 / 1 tries):
Mar 30 03:57:33 f0421499: 23.293832210218907393 FIL (11G free)
Mar 30 03:57:33 Escrow: 0.999645757255 FIL
Mar 30 03:57:33 Locked: 0.33249517244 FIL
Mar 30 03:57:33 Datacap: 3160693276672
Mar 30 03:57:33 ....
Mar 30 03:57:34 Count: 3 of 4
Mar 30 03:57:34 f02576 (1 / 1 tries):
Mar 30 03:57:35 f0421499: 23.293832210218907393 FIL (11G free)
Mar 30 03:57:35 Escrow: 0.999645757255 FIL
Mar 30 03:57:35 Locked: 0.33249517244 FIL
Mar 30 03:57:35 Datacap: 3160693276672
Mar 30 03:57:35 ....
Mar 30 03:57:36 Count: 3 of 4
Mar 30 03:57:36 f01247 (1 / 1 tries):
Mar 30 03:57:36 f0421499: 23.293832210218907393 FIL (11G free)
Mar 30 03:57:37 Escrow: 0.999645757255 FIL
Mar 30 03:57:37 Locked: 0.33249517244 FIL
Mar 30 03:57:37 Datacap: 3160693276672
Mar 30 03:57:37 ....
Mar 30 03:57:38 Count: 3 of 4
Mar 30 03:57:38 f014409 (1 / 1 tries):
Mar 30 03:57:38 f0421499: 23.293832210218907393 FIL (11G free)
Mar 30 03:57:38 Escrow: 0.999645757255 FIL
Mar 30 03:57:38 Locked: 0.33249517244 FIL
Mar 30 03:57:39 Datacap: 3160693276672
Mar 30 03:57:39 ....
Mar 30 03:57:40 Count: 3 of 4
Mar 30 03:57:40 f023971 (1 / 1 tries):
Mar 30 03:57:40 f0421499: 23.293832210218907393 FIL (11G free)
Mar 30 03:57:40 Escrow: 0.999645757255 FIL
Mar 30 03:57:40 Locked: 0.33249517244 FIL
Mar 30 03:57:40 Datacap: 3160693276672
Mar 30 03:57:40 ....
Mar 30 03:57:41 Count: 3 of 4
Mar 30 03:57:41 f01277 (1 / 1 tries):
Mar 30 03:57:42 Skipping f01277: min-ask
Mar 30 03:57:42 
Mar 30 03:57:43 Count: 3 of 4
Mar 30 03:57:43 f058369 (1 / 1 tries):
Mar 30 03:57:43 f0421499: 23.293832210218907393 FIL (11G free)
Mar 30 03:57:43 Escrow: 0.999645757255 FIL
Mar 30 03:57:43 Locked: 0.33249517244 FIL
Mar 30 03:57:43 Datacap: 3160693276672
Mar 30 03:57:43 ....
Mar 30 03:57:44 Count: 3 of 4
Mar 30 03:57:44 f0145874 (1 / 1 tries):
Mar 30 03:57:45 f0421499: 23.293832210218907393 FIL (11G free)
Mar 30 03:57:45 Escrow: 0.999645757255 FIL
Mar 30 03:57:45 Locked: 0.33249517244 FIL
Mar 30 03:57:45 Datacap: 3160693276672
Mar 30 03:57:45 ....
Mar 30 03:57:46 Count: 3 of 4
Mar 30 03:57:46 f019100 (1 / 1 tries):
Mar 30 03:57:46 Skipping f019100: error-ask
Mar 30 03:57:46 
Mar 30 03:57:47 Count: 3 of 4
Mar 30 03:57:47 f019104 (1 / 1 tries):
Mar 30 03:57:48 Skipping f019104: error-ask
Mar 30 03:57:48 
Mar 30 03:57:49 Count: 3 of 4
Mar 30 03:57:49 f062353 (1 / 1 tries):
Mar 30 03:57:49 f0421499: 23.293832210218907393 FIL (11G free)
Mar 30 03:57:49 Escrow: 0.999645757255 FIL
Mar 30 03:57:49 Locked: 0.33249517244 FIL
Mar 30 03:57:49 Datacap: 3160693276672
Mar 30 03:57:49 ....
Mar 30 03:57:50 Count: 3 of 4
Mar 30 03:57:50 f09848 (1 / 1 tries):
Mar 30 03:57:51 f0421499: 23.293832210218907393 FIL (11G free)
Mar 30 03:57:51 Escrow: 0.999645757255 FIL
Mar 30 03:57:51 Locked: 0.33249517244 FIL
Mar 30 03:57:51 Datacap: 3160693276672
Mar 30 03:57:51 ....
Mar 30 03:57:52 Count: 3 of 4
Mar 30 03:57:52 f022163 (1 / 1 tries):
Mar 30 03:57:52 f0421499: 23.293832210218907393 FIL (11G free)
Mar 30 03:57:53 Escrow: 0.999645757255 FIL
Mar 30 03:57:53 Locked: 0.33249517244 FIL
Mar 30 03:57:53 Datacap: 3160693276672
Mar 30 03:57:53 ....
Mar 30 03:57:54 Count: 3 of 4
Mar 30 03:57:54 f02606 (1 / 1 tries):
Mar 30 03:57:54 f0421499: 23.293832210218907393 FIL (11G free)
Mar 30 03:57:54 Escrow: 0.999645757255 FIL
Mar 30 03:57:54 Locked: 0.33249517244 FIL
Mar 30 03:57:55 Datacap: 3160693276672
Mar 30 03:57:55 ....
Mar 30 03:57:56 Count: 3 of 4
Mar 30 03:57:56 f015927 (1 / 1 tries):
Mar 30 03:57:56 Skipping f015927: min-ask
Mar 30 03:57:56 
Mar 30 03:57:57 Count: 3 of 4
Mar 30 03:57:57 f010479 (1 / 1 tries):
Mar 30 03:57:57 f0421499: 23.293832210218907393 FIL (11G free)
Mar 30 03:57:57 Escrow: 0.999645757255 FIL
Mar 30 03:57:57 Locked: 0.33249517244 FIL
Mar 30 03:57:58 Datacap: 3160693276672
Mar 30 03:57:58 ....
Mar 30 03:57:59 Count: 3 of 4
Mar 30 03:57:59 f014768 (1 / 1 tries):
Mar 30 03:57:59 f0421499: 23.293832210218907393 FIL (11G free)
Mar 30 03:57:59 Escrow: 0.999645757255 FIL
Mar 30 03:57:59 Locked: 0.33249517244 FIL
Mar 30 03:57:59 Datacap: 3160693276672
Mar 30 03:57:59 ....
Mar 30 03:58:00 Count: 3 of 4
Mar 30 03:58:00 f071624 (1 / 1 tries):
Mar 30 03:58:01 f0421499: 23.293832210218907393 FIL (11G free)
Mar 30 03:58:01 Escrow: 0.999645757255 FIL
Mar 30 03:58:01 Locked: 0.33249517244 FIL
Mar 30 03:58:01 Datacap: 3160693276672
Mar 30 03:58:01 ....
Mar 30 03:58:02 Count: 3 of 4
Mar 30 03:58:02 f019362 (1 / 1 tries):
Mar 30 03:58:03 f0421499: 23.293832210218907393 FIL (11G free)
Mar 30 03:58:03 Escrow: 0.999645757255 FIL
Mar 30 03:58:03 Locked: 0.33249517244 FIL
Mar 30 03:58:03 Datacap: 3160693276672
Mar 30 03:58:03 ....
Mar 30 03:58:04 Count: 3 of 4
Mar 30 03:58:04 f07998 (1 / 1 tries):
Mar 30 03:58:05 f0421499: 23.293832210218907393 FIL (11G free)
Mar 30 03:58:05 Escrow: 0.999645757255 FIL
Mar 30 03:58:05 Locked: 0.33249517244 FIL
Mar 30 03:58:05 Datacap: 3160693276672
Mar 30 03:58:05 ....
Mar 30 03:58:06 Count: 3 of 4
Mar 30 03:58:06 f022142 (1 / 1 tries):
Mar 30 03:58:06 f0421499: 23.293832210218907393 FIL (11G free)
Mar 30 03:58:06 Escrow: 0.999645757255 FIL
Mar 30 03:58:06 Locked: 0.33249517244 FIL
Mar 30 03:58:07 Datacap: 3160693276672
Mar 30 03:58:07 ....
Mar 30 03:58:08 Count: 3 of 4
Mar 30 03:58:08 f019041 (1 / 1 tries):
Mar 30 03:58:08 f0421499: 23.293832210218907393 FIL (11G free)
Mar 30 03:58:08 Escrow: 0.999645757255 FIL
Mar 30 03:58:08 Locked: 0.33249517244 FIL
Mar 30 03:58:08 Datacap: 3160693276672
Mar 30 03:58:08 ....
