Mar 30 06:39:37 Count: 3 of 4
Mar 30 06:39:37 f066596 (1 / 1 tries):
Mar 30 06:39:38 f0421499: 23.293832210218907393 FIL (9.8G free)
Mar 30 06:39:38 Escrow: 0.999645757255 FIL
Mar 30 06:39:38 Locked: 0.33249517244 FIL
Mar 30 06:39:38 Datacap: 3160693276672
Mar 30 06:39:38 ....
Mar 30 06:39:39 Count: 3 of 4
Mar 30 06:39:39 f019041 (1 / 1 tries):
Mar 30 06:39:40 f0421499: 23.293832210218907393 FIL (9.8G free)
Mar 30 06:39:40 Escrow: 0.999645757255 FIL
Mar 30 06:39:40 Locked: 0.33249517244 FIL
Mar 30 06:39:41 Datacap: 3160693276672
Mar 30 06:39:41 ....
Mar 30 06:39:42 Count: 3 of 4
Mar 30 06:39:42 f019362 (1 / 1 tries):
Mar 30 06:39:43 f0421499: 23.293832210218907393 FIL (9.8G free)
Mar 30 06:39:43 Escrow: 0.999645757255 FIL
Mar 30 06:39:43 Locked: 0.33249517244 FIL
Mar 30 06:39:43 Datacap: 3160693276672
Mar 30 06:39:43 ....
Mar 30 06:39:44 Count: 3 of 4
Mar 30 06:39:44 f08403 (1 / 1 tries):
Mar 30 06:39:44 f0421499: 23.293832210218907393 FIL (9.8G free)
Mar 30 06:39:44 Escrow: 0.999645757255 FIL
Mar 30 06:39:44 Locked: 0.33249517244 FIL
Mar 30 06:39:45 Datacap: 3160693276672
Mar 30 06:39:45 ....
Mar 30 06:39:46 Count: 3 of 4
Mar 30 06:39:46 f07998 (1 / 1 tries):
Mar 30 06:39:47 f0421499: 23.293832210218907393 FIL (9.8G free)
Mar 30 06:39:47 Escrow: 0.999645757255 FIL
Mar 30 06:39:47 Locked: 0.33249517244 FIL
Mar 30 06:39:47 Datacap: 3160693276672
Mar 30 06:39:47 ....
Mar 30 06:39:48 Count: 3 of 4
Mar 30 06:39:48 f09848 (1 / 1 tries):
Mar 30 06:39:49 f0421499: 23.293832210218907393 FIL (9.8G free)
Mar 30 06:39:49 Escrow: 0.999645757255 FIL
Mar 30 06:39:49 Locked: 0.33249517244 FIL
Mar 30 06:39:49 Datacap: 3160693276672
Mar 30 06:39:49 ....
Mar 30 06:39:50 Count: 3 of 4
Mar 30 06:39:50 f010617 (1 / 1 tries):
Mar 30 06:39:51 f0421499: 23.293832210218907393 FIL (9.8G free)
Mar 30 06:39:51 Escrow: 0.999645757255 FIL
Mar 30 06:39:51 Locked: 0.33249517244 FIL
Mar 30 06:39:51 Datacap: 3160693276672
Mar 30 06:39:51 ....
Mar 30 06:39:52 Count: 3 of 4
Mar 30 06:39:52 f010479 (1 / 1 tries):
Mar 30 06:39:53 f0421499: 23.293832210218907393 FIL (9.8G free)
Mar 30 06:39:53 Escrow: 0.999645757255 FIL
Mar 30 06:39:53 Locked: 0.33249517244 FIL
Mar 30 06:39:54 Datacap: 3160693276672
Mar 30 06:39:54 ....
Mar 30 06:39:55 Count: 3 of 4
Mar 30 06:39:55 f022352 (1 / 1 tries):
Mar 30 06:39:56 f0421499: 23.293832210218907393 FIL (9.8G free)
Mar 30 06:39:56 Escrow: 0.999645757255 FIL
Mar 30 06:39:56 Locked: 0.33249517244 FIL
Mar 30 06:39:56 Datacap: 3160693276672
Mar 30 06:39:56 ....
Mar 30 06:39:57 Count: 3 of 4
Mar 30 06:39:57 f0157535 (1 / 1 tries):
Mar 30 06:39:58 f0421499: 23.293832210218907393 FIL (9.8G free)
Mar 30 06:39:58 Escrow: 0.999645757255 FIL
Mar 30 06:39:58 Locked: 0.33249517244 FIL
Mar 30 06:39:58 Datacap: 3160693276672
Mar 30 06:39:58 ....
Mar 30 06:39:59 Count: 3 of 4
Mar 30 06:39:59 f0165400 (1 / 1 tries):
Mar 30 06:40:00 f0421499: 23.293832210218907393 FIL (9.8G free)
Mar 30 06:40:00 Escrow: 0.999645757255 FIL
Mar 30 06:40:00 Locked: 0.33249517244 FIL
Mar 30 06:40:00 Datacap: 3160693276672
Mar 30 06:40:01 ....
Mar 30 06:40:02 Count: 3 of 4
Mar 30 06:40:02 f0145874 (1 / 1 tries):
Mar 30 06:40:02 f0421499: 23.293832210218907393 FIL (9.8G free)
Mar 30 06:40:03 Escrow: 0.999645757255 FIL
Mar 30 06:40:03 Locked: 0.33249517244 FIL
Mar 30 06:40:03 Datacap: 3160693276672
Mar 30 06:40:03 ....
Mar 30 06:40:04 Count: 3 of 4
Mar 30 06:40:04 f062353 (1 / 1 tries):
Mar 30 06:40:04 f0421499: 23.293832210218907393 FIL (9.8G free)
Mar 30 06:40:05 Escrow: 0.999645757255 FIL
Mar 30 06:40:05 Locked: 0.33249517244 FIL
Mar 30 06:40:05 Datacap: 3160693276672
Mar 30 06:40:05 ....
Mar 30 06:40:06 Count: 3 of 4
Mar 30 06:40:06 f058369 (1 / 1 tries):
Mar 30 06:40:06 f0421499: 23.293832210218907393 FIL (9.8G free)
Mar 30 06:40:07 Escrow: 0.999645757255 FIL
Mar 30 06:40:07 Locked: 0.33249517244 FIL
Mar 30 06:40:07 Datacap: 3160693276672
Mar 30 06:40:07 ....
Mar 30 06:40:08 Count: 3 of 4
Mar 30 06:40:08 f01234 (1 / 1 tries):
Mar 30 06:40:09 f0421499: 23.293832210218907393 FIL (9.8G free)
Mar 30 06:40:09 Escrow: 0.999645757255 FIL
Mar 30 06:40:09 Locked: 0.33249517244 FIL
Mar 30 06:40:09 Datacap: 3160693276672
Mar 30 06:40:09 ....
Mar 30 06:40:10 Count: 3 of 4
Mar 30 06:40:10 f01277 (1 / 1 tries):
Mar 30 06:40:11 Skipping f01277: min-ask
Mar 30 06:40:11 
Mar 30 06:40:12 Count: 3 of 4
Mar 30 06:40:12 f023467 (1 / 1 tries):
Mar 30 06:40:13 f0421499: 23.293832210218907393 FIL (9.8G free)
Mar 30 06:40:13 Escrow: 0.999645757255 FIL
Mar 30 06:40:13 Locked: 0.33249517244 FIL
Mar 30 06:40:14 Datacap: 3160693276672
Mar 30 06:40:14 ....
Mar 30 06:40:15 Count: 3 of 4
Mar 30 06:40:15 f021716 (1 / 1 tries):
Mar 30 06:40:15 f0421499: 23.293832210218907393 FIL (9.8G free)
Mar 30 06:40:15 Escrow: 0.999645757255 FIL
Mar 30 06:40:15 Locked: 0.33249517244 FIL
Mar 30 06:40:16 Datacap: 3160693276672
Mar 30 06:40:16 ....
Mar 30 06:40:17 Count: 3 of 4
Mar 30 06:40:17 f01247 (1 / 1 tries):
Mar 30 06:40:17 f0421499: 23.293832210218907393 FIL (9.8G free)
Mar 30 06:40:17 Escrow: 0.999645757255 FIL
Mar 30 06:40:17 Locked: 0.33249517244 FIL
Mar 30 06:40:18 Datacap: 3160693276672
Mar 30 06:40:18 ....
Mar 30 06:40:19 Count: 3 of 4
Mar 30 06:40:19 f0127896 (1 / 1 tries):
Mar 30 06:40:19 Skipping f0127896: min-ask
Mar 30 06:40:19 
Mar 30 06:40:20 Count: 3 of 4
Mar 30 06:40:20 f099608 (1 / 1 tries):
Mar 30 06:40:21 f0421499: 23.293832210218907393 FIL (9.8G free)
Mar 30 06:40:21 Escrow: 0.999645757255 FIL
Mar 30 06:40:21 Locked: 0.33249517244 FIL
Mar 30 06:40:21 Datacap: 3160693276672
Mar 30 06:40:21 ....
Mar 30 06:40:22 Count: 3 of 4
Mar 30 06:40:22 f019100 (1 / 1 tries):
Mar 30 06:40:23 Skipping f019100: error-ask
Mar 30 06:40:23 
Mar 30 06:40:24 Count: 3 of 4
Mar 30 06:40:24 f01240 (1 / 1 tries):
Mar 30 06:40:24 f0421499: 23.293832210218907393 FIL (9.8G free)
Mar 30 06:40:24 Escrow: 0.999645757255 FIL
Mar 30 06:40:24 Locked: 0.33249517244 FIL
Mar 30 06:40:25 Datacap: 3160693276672
Mar 30 06:40:25 ....
Mar 30 06:40:26 Count: 3 of 4
Mar 30 06:40:26 f08399 (1 / 1 tries):
Mar 30 06:40:26 f0421499: 23.293832210218907393 FIL (9.8G free)
Mar 30 06:40:27 Escrow: 0.999645757255 FIL
Mar 30 06:40:27 Locked: 0.33249517244 FIL
Mar 30 06:40:27 Datacap: 3160693276672
Mar 30 06:40:27 ....
Mar 30 06:40:28 Count: 3 of 4
Mar 30 06:40:28 f022163 (1 / 1 tries):
Mar 30 06:40:29 f0421499: 23.293832210218907393 FIL (9.8G free)
Mar 30 06:40:29 Escrow: 0.999645757255 FIL
Mar 30 06:40:29 Locked: 0.33249517244 FIL
Mar 30 06:40:30 Datacap: 3160693276672
Mar 30 06:40:30 ....
Mar 30 06:40:31 Count: 3 of 4
Mar 30 06:40:31 f023971 (1 / 1 tries):
Mar 30 06:40:32 f0421499: 23.293832210218907393 FIL (9.8G free)
Mar 30 06:40:32 Escrow: 0.999645757255 FIL
Mar 30 06:40:32 Locked: 0.33249517244 FIL
Mar 30 06:40:32 Datacap: 3160693276672
Mar 30 06:40:33 ....
Mar 30 06:40:34 Count: 3 of 4
Mar 30 06:40:34 f071624 (1 / 1 tries):
Mar 30 06:40:34 f0421499: 23.293832210218907393 FIL (9.8G free)
Mar 30 06:40:34 Escrow: 0.999645757255 FIL
Mar 30 06:40:34 Locked: 0.33249517244 FIL
Mar 30 06:40:35 Datacap: 3160693276672
Mar 30 06:40:35 ....
Mar 30 06:40:36 Count: 3 of 4
Mar 30 06:40:36 f019104 (1 / 1 tries):
Mar 30 06:40:36 Skipping f019104: error-ask
Mar 30 06:40:36 
Mar 30 06:40:37 Count: 3 of 4
Mar 30 06:40:37 f019551 (1 / 1 tries):
Mar 30 06:40:38 f0421499: 23.293832210218907393 FIL (9.8G free)
Mar 30 06:40:38 Escrow: 0.999645757255 FIL
Mar 30 06:40:38 Locked: 0.33249517244 FIL
Mar 30 06:40:39 Datacap: 3160693276672
Mar 30 06:40:39 ....
Mar 30 06:40:40 Count: 3 of 4
Mar 30 06:40:40 f02576 (1 / 1 tries):
Mar 30 06:40:40 f0421499: 23.293832210218907393 FIL (9.8G free)
Mar 30 06:40:40 Escrow: 0.999645757255 FIL
Mar 30 06:40:40 Locked: 0.33249517244 FIL
Mar 30 06:40:41 Datacap: 3160693276672
Mar 30 06:40:41 ....
Mar 30 06:40:42 Count: 3 of 4
Mar 30 06:40:42 f014768 (1 / 1 tries):
Mar 30 06:40:42 f0421499: 23.293832210218907393 FIL (9.8G free)
Mar 30 06:40:43 Escrow: 0.999645757255 FIL
Mar 30 06:40:43 Locked: 0.33249517244 FIL
Mar 30 06:40:43 Datacap: 3160693276672
Mar 30 06:40:43 ....
Mar 30 06:40:44 Count: 3 of 4
Mar 30 06:40:44 f014409 (1 / 1 tries):
Mar 30 06:40:45 f0421499: 23.293832210218907393 FIL (9.8G free)
Mar 30 06:40:45 Escrow: 0.999645757255 FIL
Mar 30 06:40:45 Locked: 0.33249517244 FIL
Mar 30 06:40:46 Datacap: 3160693276672
Mar 30 06:40:46 ....
Mar 30 06:40:47 Count: 3 of 4
Mar 30 06:40:47 f01278 (1 / 1 tries):
Mar 30 06:40:48 f0421499: 23.293832210218907393 FIL (9.8G free)
Mar 30 06:40:48 Escrow: 0.999645757255 FIL
Mar 30 06:40:48 Locked: 0.33249517244 FIL
Mar 30 06:40:48 Datacap: 3160693276672
Mar 30 06:40:48 ....
Mar 30 06:40:49 Count: 3 of 4
Mar 30 06:40:49 f02606 (1 / 1 tries):
Mar 30 06:40:50 f0421499: 23.293832210218907393 FIL (9.8G free)
Mar 30 06:40:50 Escrow: 0.999645757255 FIL
Mar 30 06:40:50 Locked: 0.33249517244 FIL
Mar 30 06:40:51 Datacap: 3160693276672
Mar 30 06:40:51 ....
Mar 30 06:40:52 Count: 3 of 4
Mar 30 06:40:52 f022142 (1 / 1 tries):
Mar 30 06:40:53 f0421499: 23.293832210218907393 FIL (9.8G free)
Mar 30 06:40:53 Escrow: 0.999645757255 FIL
Mar 30 06:40:53 Locked: 0.33249517244 FIL
Mar 30 06:40:53 Datacap: 3160693276672
Mar 30 06:40:53 ....
Mar 30 06:40:54 Count: 3 of 4
Mar 30 06:40:54 f015927 (1 / 1 tries):
Mar 30 06:40:55 Skipping f015927: min-ask
Mar 30 06:40:55 
