Mar 29 23:19:36 Count: 2 of 4
Mar 29 23:19:36 f09848 (1 / 1 tries):
Mar 29 23:19:37 f0421499: 23.312242027996007267 FIL (74G free)
Mar 29 23:19:37 Escrow: 0.999999997255 FIL
Mar 29 23:19:37 Locked: 0.33251649052 FIL
Mar 29 23:19:38 Datacap: 3916607520768
Mar 29 23:19:38 ...minimal_finality_stateroots_624460_2021-03-29_18-00-00.car.ab 4 of 4
Mar 29 23:19:39 Ask: f09848
Mar 29 23:19:39 Price per GiB: 0.00000001 FIL
Mar 29 23:19:39 Verified Price per GiB: 0 FIL
Mar 29 23:19:39 Max Piece size: 32 GiB
Mar 29 23:19:39 Min Piece size: 512 MiB
Mar 29 23:19:39 Miner: f09848
Mar 29 23:19:39 CID: bafykbzaceazee5wr2xtg4gpmjeo65uawsjx5i7kpxlv6h75hinjfqc7sg72sa
Mar 29 23:19:39 [34mLotus deal-tool[39m
Mar 29 23:19:39 CID: bafykbzaceazee5wr2xtg4gpmjeo65uawsjx5i7kpxlv6h75hinjfqc7sg72sa
Mar 29 23:19:39 Miner: f09848
Mar 29 23:19:39 [32mMatch for RE:[39m "Data CID .*:" found: ["Data CID (from \x1b[33mlotus client import\x1b[0m):"] Buffer: Data CID (from [33mlotus client import[0m): 
Mar 29 23:19:39 [34mSent:[39m "bafykbzaceazee5wr2xtg4gpmjeo65uawsjx5i7kpxlv6h75hinjfqc7sg72sa\n"
Mar 29 23:23:45 [32mMatch for RE:[39m "Deal duration .*:" found: ["Deal duration (days):"] Buffer: [34m.. calculating data size
Mar 29 23:23:45 [0mDeal duration (days): 
Mar 29 23:23:45 [34mSent:[39m "180\n"
Mar 29 23:23:45 [32mMatch for RE:[39m "Make this a verified deal.*:" found: ["Make this a verified deal? (yes/no):"] Buffer: 
Mar 29 23:23:45 Make this a verified deal? (yes/no): 
Mar 29 23:23:45 [34mSent:[39m "yes\n"
Mar 29 23:23:45 [32mMatch for RE:[39m "Miner Addresses .*:" found: ["Miner Addresses (f0.. f0..), none to find:"] Buffer: Miner Addresses (f0.. f0..), none to find: 
Mar 29 23:23:45 [34mSent:[39m "f09848\n"
Mar 29 23:23:46 [32mMatch for RE:[39m "Accept .*:" found: ["Accept (yes/no):"] Buffer: [34m.. querying miner asks
Mar 29 23:23:46 [0m-----
Mar 29 23:23:46 Proposing from f1wdxdpqh3hirrhp353i4o6ld7bsw6evh3v7i5jtq
Mar 29 23:23:46 	Balance: 23.312242027996007267 FIL
Mar 29 23:23:46 
Mar 29 23:23:46 Piece size: 32GiB (Payload size: 16.54GiB)
Mar 29 23:23:46 Duration: 4320h0m0s
Mar 29 23:23:46 Total price: ~[36m0 FIL[0m (0 FIL per epoch)
Mar 29 23:23:46 Verified: true
Mar 29 23:23:46 
Mar 29 23:23:46 Accept (yes/no): 
Mar 29 23:23:46 Price: 0
Mar 29 23:23:46 [34mSent:[39m "yes\n"
Mar 29 23:23:48 [32mFinal result: [34m.. executing
Mar 29 23:23:48 [0mDeal (f09848) CID: [32mbafyreigonz6n3vbdiauw2fleegc6r6xxvxsj4mgjzg63ew6koiaivwbydm[0m
Mar 29 23:23:48 
Mar 29 23:23:48 [39m
Mar 29 23:23:48 [32mDeal CID: bafyreigonz6n3vbdiauw2fleegc6r6xxvxsj4mgjzg63ew6koiaivwbydm
Mar 29 23:23:48 
Mar 29 23:23:48 [39m
Mar 29 23:23:48 Wrote bafyreigonz6n3vbdiauw2fleegc6r6xxvxsj4mgjzg63ew6koiaivwbydm
Mar 29 23:23:48  to minimal_finality_stateroots_624460_2021-03-29_18-00-00.car.ab.f0421499.deal
Mar 29 23:23:48 
Mar 29 23:23:49 Count: 3 of 4
Mar 29 23:23:49 f0165400 (1 / 1 tries):
Mar 29 23:23:49 f0421499: 23.312242027996007267 FIL (72G free)
Mar 29 23:23:49 Escrow: 0.999999997255 FIL
Mar 29 23:23:49 Locked: 0.33251649052 FIL
Mar 29 23:23:50 Datacap: 3916607520768
Mar 29 23:23:50 ....
Mar 29 23:23:51 Count: 3 of 4
Mar 29 23:23:51 f0145874 (1 / 1 tries):
Mar 29 23:23:51 f0421499: 23.312242027996007267 FIL (72G free)
Mar 29 23:23:51 Escrow: 0.999999997255 FIL
Mar 29 23:23:51 Locked: 0.33251649052 FIL
Mar 29 23:23:52 Datacap: 3916607520768
Mar 29 23:23:52 ....
Mar 29 23:23:53 Count: 3 of 4
Mar 29 23:23:53 f01247 (1 / 1 tries):
Mar 29 23:23:54 f0421499: 23.312242027996007267 FIL (72G free)
Mar 29 23:23:55 Escrow: 0.999999997255 FIL
Mar 29 23:23:55 Locked: 0.33251649052 FIL
Mar 29 23:23:56 Datacap: 3916607520768
Mar 29 23:23:56 ....
Mar 29 23:23:57 Count: 3 of 4
Mar 29 23:23:57 f01278 (1 / 1 tries):
Mar 29 23:23:57 f0421499: 23.312242027996007267 FIL (72G free)
Mar 29 23:23:57 Escrow: 0.999999997255 FIL
Mar 29 23:23:57 Locked: 0.33251649052 FIL
Mar 29 23:23:57 Datacap: 3916607520768
Mar 29 23:23:57 ....
Mar 29 23:23:58 Count: 3 of 4
Mar 29 23:23:58 f0157535 (1 / 1 tries):
Mar 29 23:23:59 f0421499: 23.312242027996007267 FIL (72G free)
Mar 29 23:23:59 Escrow: 0.999999997255 FIL
Mar 29 23:23:59 Locked: 0.33251649052 FIL
Mar 29 23:23:59 Datacap: 3916607520768
Mar 29 23:23:59 .minimal_finality_stateroots_620860_2021-03-28_12-00-00.car.ab 2 of 4
Mar 29 23:24:00 Ask: f0157535
Mar 29 23:24:00 Price per GiB: 0.00000001 FIL
Mar 29 23:24:00 Verified Price per GiB: 0 FIL
Mar 29 23:24:00 Max Piece size: 64 GiB
Mar 29 23:24:00 Min Piece size: 4 GiB
Mar 29 23:24:00 Miner: f0157535
Mar 29 23:24:00 CID: bafykbzacedqs6z3a56hasssv234ddhav7zgrlaukfnj6norlu4deptzsezn6g
Mar 29 23:24:00 [34mLotus deal-tool[39m
Mar 29 23:24:00 CID: bafykbzacedqs6z3a56hasssv234ddhav7zgrlaukfnj6norlu4deptzsezn6g
Mar 29 23:24:00 Miner: f0157535
Mar 29 23:24:00 [32mMatch for RE:[39m "Data CID .*:" found: ["Data CID (from \x1b[33mlotus client import\x1b[0m):"] Buffer: Data CID (from [33mlotus client import[0m): 
Mar 29 23:24:00 [34mSent:[39m "bafykbzacedqs6z3a56hasssv234ddhav7zgrlaukfnj6norlu4deptzsezn6g\n"
Mar 29 23:28:02 [32mMatch for RE:[39m "Deal duration .*:" found: ["Deal duration (days):"] Buffer: [34m.. calculating data size
Mar 29 23:28:02 [0mDeal duration (days): 
Mar 29 23:28:02 [34mSent:[39m "180\n"
Mar 29 23:28:02 [32mMatch for RE:[39m "Make this a verified deal.*:" found: ["Make this a verified deal? (yes/no):"] Buffer: 
Mar 29 23:28:02 Make this a verified deal? (yes/no): 
Mar 29 23:28:02 [34mSent:[39m "yes\n"
Mar 29 23:28:02 [32mMatch for RE:[39m "Miner Addresses .*:" found: ["Miner Addresses (f0.. f0..), none to find:"] Buffer: Miner Addresses (f0.. f0..), none to find: 
Mar 29 23:28:02 [34mSent:[39m "f0157535\n"
Mar 29 23:28:02 [32mMatch for RE:[39m "Accept .*:" found: ["Accept (yes/no):"] Buffer: [34m.. querying miner asks
Mar 29 23:28:02 [0m-----
Mar 29 23:28:02 Proposing from f1wdxdpqh3hirrhp353i4o6ld7bsw6evh3v7i5jtq
Mar 29 23:28:02 	Balance: 23.312242027996007267 FIL
Mar 29 23:28:02 
Mar 29 23:28:02 Piece size: 32GiB (Payload size: 16.64GiB)
Mar 29 23:28:02 Duration: 4320h0m0s
Mar 29 23:28:02 Total price: ~[36m0 FIL[0m (0 FIL per epoch)
Mar 29 23:28:02 Verified: true
Mar 29 23:28:02 
Mar 29 23:28:02 Accept (yes/no): 
Mar 29 23:28:02 Price: 0
Mar 29 23:28:02 [34mSent:[39m "yes\n"
Mar 29 23:28:04 [32mFinal result: [34m.. executing
Mar 29 23:28:04 [0mDeal (f0157535) CID: [32mbafyreiafkeixlpk4zmk77oecno5m77losfx2wazcu7tbzb5c2j2gstwwga[0m
Mar 29 23:28:04 
Mar 29 23:28:04 [39m
Mar 29 23:28:04 [32mDeal CID: bafyreiafkeixlpk4zmk77oecno5m77losfx2wazcu7tbzb5c2j2gstwwga
Mar 29 23:28:04 
Mar 29 23:28:04 [39m
Mar 29 23:28:04 Wrote bafyreiafkeixlpk4zmk77oecno5m77losfx2wazcu7tbzb5c2j2gstwwga
Mar 29 23:28:04  to minimal_finality_stateroots_620860_2021-03-28_12-00-00.car.ab.f0421499.deal
Mar 29 23:28:04 
Mar 29 23:28:05 Count: 4 of 4
Mar 29 23:28:05 Resetting
Mar 29 23:28:05 removed 'minimal_finality_stateroots_620860_2021-03-28_12-00-00.car.aa.f0421499.deal'
Mar 29 23:28:05 removed 'minimal_finality_stateroots_620860_2021-03-28_12-00-00.car.ab.f0421499.deal'
Mar 29 23:28:05 removed 'minimal_finality_stateroots_624460_2021-03-29_18-00-00.car.aa.f0421499.deal'
Mar 29 23:28:05 removed 'minimal_finality_stateroots_624460_2021-03-29_18-00-00.car.ab.f0421499.deal'
Mar 29 23:28:05 
Mar 29 23:28:10 ls: cannot access '*.f0421499.deal': No such file or directory
Mar 29 23:28:10 Count: 0 of 4
Mar 29 23:28:10 f022142 (1 / 1 tries):
Mar 29 23:28:11 f0421499: 23.312242027996007267 FIL (68G free)
Mar 29 23:28:11 Escrow: 0.999999997255 FIL
Mar 29 23:28:11 Locked: 0.33251649052 FIL
Mar 29 23:28:12 Datacap: 3916607520768
Mar 29 23:28:12 ..minimal_finality_stateroots_624460_2021-03-29_18-00-00.car.aa 3 of 4
Mar 29 23:28:12 Ask: f022142
Mar 29 23:28:12 Price per GiB: 0.00000002 FIL
Mar 29 23:28:12 Verified Price per GiB: 0 FIL
Mar 29 23:28:12 Max Piece size: 32 GiB
Mar 29 23:28:12 Min Piece size: 2 GiB
Mar 29 23:28:12 Miner: f022142
Mar 29 23:28:12 CID: bafykbzacecpfagbszu24mq4jynabqouymjp5m3waz3kw6ccqqziwwcjm732ry
Mar 29 23:28:12 [34mLotus deal-tool[39m
Mar 29 23:28:12 CID: bafykbzacecpfagbszu24mq4jynabqouymjp5m3waz3kw6ccqqziwwcjm732ry
Mar 29 23:28:12 Miner: f022142
Mar 29 23:28:12 [32mMatch for RE:[39m "Data CID .*:" found: ["Data CID (from \x1b[33mlotus client import\x1b[0m):"] Buffer: Data CID (from [33mlotus client import[0m): 
Mar 29 23:28:12 [34mSent:[39m "bafykbzacecpfagbszu24mq4jynabqouymjp5m3waz3kw6ccqqziwwcjm732ry\n"
Mar 29 23:31:56 [32mMatch for RE:[39m "Deal duration .*:" found: ["Deal duration (days):"] Buffer: [34m.. calculating data size
Mar 29 23:31:56 [0mDeal duration (days): 
Mar 29 23:31:56 [34mSent:[39m "180\n"
Mar 29 23:31:56 [32mMatch for RE:[39m "Make this a verified deal.*:" found: ["Make this a verified deal? (yes/no):"] Buffer: 
Mar 29 23:31:56 Make this a verified deal? (yes/no): 
Mar 29 23:31:56 [34mSent:[39m "yes\n"
Mar 29 23:31:56 [32mMatch for RE:[39m "Miner Addresses .*:" found: ["Miner Addresses (f0.. f0..), none to find:"] Buffer: Miner Addresses (f0.. f0..), none to find: 
Mar 29 23:31:56 [34mSent:[39m "f022142\n"
Mar 29 23:31:56 [32mMatch for RE:[39m "Accept .*:" found: ["Accept (yes/no):"] Buffer: [34m.. querying miner asks
Mar 29 23:31:56 [0m-----
Mar 29 23:31:56 Proposing from f1wdxdpqh3hirrhp353i4o6ld7bsw6evh3v7i5jtq
Mar 29 23:31:56 	Balance: 23.312242027996007267 FIL
Mar 29 23:31:56 
Mar 29 23:31:56 Piece size: 32GiB (Payload size: 16.54GiB)
Mar 29 23:31:56 Duration: 4320h0m0s
Mar 29 23:31:56 Total price: ~[36m0 FIL[0m (0 FIL per epoch)
Mar 29 23:31:56 Verified: true
Mar 29 23:31:56 
Mar 29 23:31:56 Accept (yes/no): 
Mar 29 23:31:56 Price: 0
Mar 29 23:31:56 [34mSent:[39m "yes\n"
Mar 29 23:31:58 [32mFinal result: [34m.. executing
Mar 29 23:31:58 [0mDeal (f022142) CID: [32mbafyreidsx32kaodrg7hc6gus3tn5caorxtk2ygkcmpxejwmsusbz4rpera[0m
Mar 29 23:31:58 
Mar 29 23:31:58 [39m
Mar 29 23:31:58 [32mDeal CID: bafyreidsx32kaodrg7hc6gus3tn5caorxtk2ygkcmpxejwmsusbz4rpera
Mar 29 23:31:58 
Mar 29 23:31:58 [39m
Mar 29 23:31:58 Wrote bafyreidsx32kaodrg7hc6gus3tn5caorxtk2ygkcmpxejwmsusbz4rpera
Mar 29 23:31:58  to minimal_finality_stateroots_624460_2021-03-29_18-00-00.car.aa.f0421499.deal
Mar 29 23:31:58 
Mar 29 23:31:59 Count: 1 of 4
Mar 29 23:31:59 f010479 (1 / 1 tries):
Mar 29 23:32:00 f0421499: 23.312242027996007267 FIL (62G free)
Mar 29 23:32:00 Escrow: 0.999999997255 FIL
Mar 29 23:32:00 Locked: 0.33251649052 FIL
Mar 29 23:32:01 Datacap: 3882247782400
Mar 29 23:32:01 ...minimal_finality_stateroots_624460_2021-03-29_18-00-00.car.ab 4 of 4
Mar 29 23:32:01 Ask: f010479
Mar 29 23:32:01 Price per GiB: 0.00000002 FIL
Mar 29 23:32:01 Verified Price per GiB: 0 FIL
Mar 29 23:32:01 Max Piece size: 32 GiB
Mar 29 23:32:01 Min Piece size: 8 GiB
Mar 29 23:32:01 Miner: f010479
Mar 29 23:32:01 CID: bafykbzaceazee5wr2xtg4gpmjeo65uawsjx5i7kpxlv6h75hinjfqc7sg72sa
Mar 29 23:32:01 [34mLotus deal-tool[39m
Mar 29 23:32:01 CID: bafykbzaceazee5wr2xtg4gpmjeo65uawsjx5i7kpxlv6h75hinjfqc7sg72sa
Mar 29 23:32:01 Miner: f010479
Mar 29 23:32:02 [32mMatch for RE:[39m "Data CID .*:" found: ["Data CID (from \x1b[33mlotus client import\x1b[0m):"] Buffer: Data CID (from [33mlotus client import[0m): 
Mar 29 23:32:02 [34mSent:[39m "bafykbzaceazee5wr2xtg4gpmjeo65uawsjx5i7kpxlv6h75hinjfqc7sg72sa\n"
Mar 29 23:35:52 [32mMatch for RE:[39m "Deal duration .*:" found: ["Deal duration (days):"] Buffer: [34m.. calculating data size
Mar 29 23:35:52 [0mDeal duration (days): 
Mar 29 23:35:52 [34mSent:[39m "180\n"
Mar 29 23:35:52 [32mMatch for RE:[39m "Make this a verified deal.*:" found: ["Make this a verified deal? (yes/no):"] Buffer: 
Mar 29 23:35:52 Make this a verified deal? (yes/no): 
Mar 29 23:35:52 [34mSent:[39m "yes\n"
Mar 29 23:35:52 [32mMatch for RE:[39m "Miner Addresses .*:" found: ["Miner Addresses (f0.. f0..), none to find:"] Buffer: Miner Addresses (f0.. f0..), none to find: 
Mar 29 23:35:52 [34mSent:[39m "f010479\n"
Mar 29 23:35:52 [32mMatch for RE:[39m "Accept .*:" found: ["Accept (yes/no):"] Buffer: [34m.. querying miner asks
Mar 29 23:35:52 [0m-----
Mar 29 23:35:52 Proposing from f1wdxdpqh3hirrhp353i4o6ld7bsw6evh3v7i5jtq
Mar 29 23:35:52 	Balance: 23.312242027996007267 FIL
Mar 29 23:35:52 
Mar 29 23:35:52 Piece size: 32GiB (Payload size: 16.54GiB)
Mar 29 23:35:52 Duration: 4320h0m0s
Mar 29 23:35:52 Total price: ~[36m0 FIL[0m (0 FIL per epoch)
Mar 29 23:35:52 Verified: true
Mar 29 23:35:52 
Mar 29 23:35:52 Accept (yes/no): 
Mar 29 23:35:52 Price: 0
Mar 29 23:35:52 [34mSent:[39m "yes\n"
Mar 29 23:35:54 [32mFinal result: [34m.. executing
Mar 29 23:35:54 [0mDeal (f010479) CID: [32mbafyreia6eu62y4vsor4bq6e5pvzs46vgmdy4evoktzov6f7iir37znb7nq[0m
Mar 29 23:35:54 
Mar 29 23:35:54 [39m
Mar 29 23:35:54 [32mDeal CID: bafyreia6eu62y4vsor4bq6e5pvzs46vgmdy4evoktzov6f7iir37znb7nq
Mar 29 23:35:54 
Mar 29 23:35:54 [39m
Mar 29 23:35:54 Wrote bafyreia6eu62y4vsor4bq6e5pvzs46vgmdy4evoktzov6f7iir37znb7nq
Mar 29 23:35:54  to minimal_finality_stateroots_624460_2021-03-29_18-00-00.car.ab.f0421499.deal
Mar 29 23:35:54 
Mar 29 23:35:55 Count: 2 of 4
Mar 29 23:35:55 f014768 (1 / 1 tries):
Mar 29 23:35:55 f0421499: 23.312242027996007267 FIL (56G free)
Mar 29 23:35:56 Escrow: 0.999999997255 FIL
Mar 29 23:35:56 Locked: 0.33251649052 FIL
Mar 29 23:35:56 Datacap: 3882247782400
Mar 29 23:35:56 ....
Mar 29 23:35:57 Count: 2 of 4
Mar 29 23:35:57 f01240 (1 / 1 tries):
Mar 29 23:35:57 f0421499: 23.312242027996007267 FIL (56G free)
Mar 29 23:35:58 Escrow: 0.999999997255 FIL
Mar 29 23:35:58 Locked: 0.33251649052 FIL
Mar 29 23:35:58 Datacap: 3882247782400
Mar 29 23:35:58 minimal_finality_stateroots_620860_2021-03-28_12-00-00.car.aa 1 of 4
Mar 29 23:35:58 Ask: f01240
Mar 29 23:35:58 Price per GiB: 0.00000001 FIL
Mar 29 23:35:58 Verified Price per GiB: 0 FIL
Mar 29 23:35:58 Max Piece size: 32 GiB
Mar 29 23:35:58 Min Piece size: 256 MiB
Mar 29 23:35:58 Miner: f01240
Mar 29 23:35:58 CID: bafykbzacebwfpdjhfkv4dckre5pdb6dbtn3drso5mdqbmbofexmrri6vt3py2
Mar 29 23:35:58 [34mLotus deal-tool[39m
Mar 29 23:35:58 CID: bafykbzacebwfpdjhfkv4dckre5pdb6dbtn3drso5mdqbmbofexmrri6vt3py2
Mar 29 23:35:58 Miner: f01240
Mar 29 23:35:58 [32mMatch for RE:[39m "Data CID .*:" found: ["Data CID (from \x1b[33mlotus client import\x1b[0m):"] Buffer: Data CID (from [33mlotus client import[0m): 
Mar 29 23:35:58 [34mSent:[39m "bafykbzacebwfpdjhfkv4dckre5pdb6dbtn3drso5mdqbmbofexmrri6vt3py2\n"
Mar 29 23:40:19 [32mMatch for RE:[39m "Deal duration .*:" found: ["Deal duration (days):"] Buffer: [34m.. calculating data size
Mar 29 23:40:19 [0mDeal duration (days): 
Mar 29 23:40:19 [34mSent:[39m "180\n"
Mar 29 23:40:19 [32mMatch for RE:[39m "Make this a verified deal.*:" found: ["Make this a verified deal? (yes/no):"] Buffer: 
Mar 29 23:40:19 Make this a verified deal? (yes/no): 
Mar 29 23:40:19 [34mSent:[39m "yes\n"
Mar 29 23:40:19 [32mMatch for RE:[39m "Miner Addresses .*:" found: ["Miner Addresses (f0.. f0..), none to find:"] Buffer: Miner Addresses (f0.. f0..), none to find: 
Mar 29 23:40:19 [34mSent:[39m "f01240\n"
Mar 29 23:40:21 [32mMatch for RE:[39m "Accept .*:" found: ["Accept (yes/no):"] Buffer: [34m.. querying miner asks
Mar 29 23:40:21 [0m-----
Mar 29 23:40:21 Proposing from f1wdxdpqh3hirrhp353i4o6ld7bsw6evh3v7i5jtq
Mar 29 23:40:21 	Balance: 23.312242027996007267 FIL
Mar 29 23:40:21 
Mar 29 23:40:21 Piece size: 32GiB (Payload size: 16.64GiB)
Mar 29 23:40:21 Duration: 4320h0m0s
Mar 29 23:40:21 Total price: ~[36m0 FIL[0m (0 FIL per epoch)
Mar 29 23:40:21 Verified: true
Mar 29 23:40:21 
Mar 29 23:40:21 Accept (yes/no): 
Mar 29 23:40:21 Price: 0
Mar 29 23:40:21 [34mSent:[39m "yes\n"
Mar 29 23:40:23 [32mFinal result: [34m.. executing
Mar 29 23:40:23 [0mDeal (f01240) CID: [32mbafyreihzsm47iipfvsbrn3ezx5flywdznoqccrv2rit77kiky7rxk3jtvq[0m
Mar 29 23:40:23 
Mar 29 23:40:23 [39m
Mar 29 23:40:23 [32mDeal CID: bafyreihzsm47iipfvsbrn3ezx5flywdznoqccrv2rit77kiky7rxk3jtvq
Mar 29 23:40:23 
Mar 29 23:40:23 [39m
Mar 29 23:40:23 Wrote bafyreihzsm47iipfvsbrn3ezx5flywdznoqccrv2rit77kiky7rxk3jtvq
Mar 29 23:40:23  to minimal_finality_stateroots_620860_2021-03-28_12-00-00.car.aa.f0421499.deal
Mar 29 23:40:23 
Mar 29 23:40:24 Count: 3 of 4
Mar 29 23:40:24 f019104 (1 / 1 tries):
Mar 29 23:40:24 f0421499: 23.312242027996007267 FIL (71G free)
Mar 29 23:40:25 Escrow: 0.999999997255 FIL
Mar 29 23:40:25 Locked: 0.33251649052 FIL
Mar 29 23:40:25 Datacap: 3882247782400
Mar 29 23:40:25 .minimal_finality_stateroots_620860_2021-03-28_12-00-00.car.ab 2 of 4
Mar 29 23:40:45 ERROR: failed to open stream to miner: open stream to 12D3KooWH5PDdPxQsPSegABD8FUkSvcg7czGYWwWsj666aEAhyDx canceled by context
Mar 29 23:40:45 
Mar 29 23:40:45 
Mar 29 23:40:46 Count: 3 of 4
Mar 29 23:40:46 f07998 (1 / 1 tries):
Mar 29 23:40:47 f0421499: 23.312242027996007267 FIL (71G free)
Mar 29 23:40:48 Escrow: 0.999999997255 FIL
Mar 29 23:40:48 Locked: 0.33251649052 FIL
Mar 29 23:40:48 Datacap: 3882247782400
Mar 29 23:40:48 ....
Mar 29 23:40:49 Count: 3 of 4
Mar 29 23:40:49 f019551 (1 / 1 tries):
Mar 29 23:40:50 f0421499: 23.312242027996007267 FIL (71G free)
Mar 29 23:40:50 Escrow: 0.999999997255 FIL
Mar 29 23:40:50 Locked: 0.33251649052 FIL
Mar 29 23:40:50 Datacap: 3882247782400
Mar 29 23:40:50 ....
Mar 29 23:40:51 Count: 3 of 4
Mar 29 23:40:51 f02606 (1 / 1 tries):
Mar 29 23:40:52 f0421499: 23.312242027996007267 FIL (71G free)
Mar 29 23:40:52 Escrow: 0.999999997255 FIL
Mar 29 23:40:52 Locked: 0.33251649052 FIL
Mar 29 23:40:52 Datacap: 3882247782400
Mar 29 23:40:52 .minimal_finality_stateroots_620860_2021-03-28_12-00-00.car.ab 2 of 4
Mar 29 23:40:54 Ask: f02606
Mar 29 23:40:54 Price per GiB: 0.000001 FIL
Mar 29 23:40:54 Verified Price per GiB: 0.00000000001 FIL
Mar 29 23:40:54 Max Piece size: 32 GiB
Mar 29 23:40:54 Min Piece size: 128 MiB
Mar 29 23:40:54 Miner: f02606
Mar 29 23:40:54 CID: bafykbzacedqs6z3a56hasssv234ddhav7zgrlaukfnj6norlu4deptzsezn6g
Mar 29 23:40:54 [34mLotus deal-tool[39m
Mar 29 23:40:54 CID: bafykbzacedqs6z3a56hasssv234ddhav7zgrlaukfnj6norlu4deptzsezn6g
Mar 29 23:40:54 Miner: f02606
Mar 29 23:40:54 [32mMatch for RE:[39m "Data CID .*:" found: ["Data CID (from \x1b[33mlotus client import\x1b[0m):"] Buffer: Data CID (from [33mlotus client import[0m): 
Mar 29 23:40:54 [34mSent:[39m "bafykbzacedqs6z3a56hasssv234ddhav7zgrlaukfnj6norlu4deptzsezn6g\n"
Mar 29 23:44:58 [32mMatch for RE:[39m "Deal duration .*:" found: ["Deal duration (days):"] Buffer: [34m.. calculating data size
Mar 29 23:44:58 [0mDeal duration (days): 
Mar 29 23:44:58 [34mSent:[39m "180\n"
Mar 29 23:44:58 [32mMatch for RE:[39m "Make this a verified deal.*:" found: ["Make this a verified deal? (yes/no):"] Buffer: 
Mar 29 23:44:58 Make this a verified deal? (yes/no): 
Mar 29 23:44:58 [34mSent:[39m "yes\n"
Mar 29 23:44:58 [32mMatch for RE:[39m "Miner Addresses .*:" found: ["Miner Addresses (f0.. f0..), none to find:"] Buffer: Miner Addresses (f0.. f0..), none to find: 
Mar 29 23:44:58 [34mSent:[39m "f02606\n"
Mar 29 23:44:59 [32mMatch for RE:[39m "Accept .*:" found: ["Accept (yes/no):"] Buffer: [34m.. querying miner asks
Mar 29 23:44:59 [0m-----
Mar 29 23:44:59 Proposing from f1wdxdpqh3hirrhp353i4o6ld7bsw6evh3v7i5jtq
Mar 29 23:44:59 	Balance: 23.312242027996007267 FIL
Mar 29 23:44:59 
Mar 29 23:44:59 Piece size: 32GiB (Payload size: 16.64GiB)
Mar 29 23:44:59 Duration: 4320h0m0s
Mar 29 23:44:59 Total price: ~[36m0.000165888 FIL[0m (0.00000000032 FIL per epoch)
Mar 29 23:44:59 Verified: true
Mar 29 23:44:59 
Mar 29 23:44:59 Accept (yes/no): 
Mar 29 23:44:59 Price: 0.00016588800644967705
Mar 29 23:44:59 [34mSent:[39m "yes\n"
Mar 29 23:45:01 [32mFinal result: [34m.. executing
Mar 29 23:45:01 [0mDeal (f02606) CID: [32mbafyreiaar75mx5a5hrvipshgaiw73k77quysrhky3fqiafj3ymuiors4ha[0m
Mar 29 23:45:01 
Mar 29 23:45:01 [39m
Mar 29 23:45:01 [32mDeal CID: bafyreiaar75mx5a5hrvipshgaiw73k77quysrhky3fqiafj3ymuiors4ha
Mar 29 23:45:01 
Mar 29 23:45:01 [39m
Mar 29 23:45:01 Wrote bafyreiaar75mx5a5hrvipshgaiw73k77quysrhky3fqiafj3ymuiors4ha
Mar 29 23:45:01  to minimal_finality_stateroots_620860_2021-03-28_12-00-00.car.ab.f0421499.deal
Mar 29 23:45:01 
Mar 29 23:45:02 Count: 4 of 4
Mar 29 23:45:02 Resetting
Mar 29 23:45:03 removed 'minimal_finality_stateroots_620860_2021-03-28_12-00-00.car.aa.f0421499.deal'
Mar 29 23:45:03 removed 'minimal_finality_stateroots_620860_2021-03-28_12-00-00.car.ab.f0421499.deal'
Mar 29 23:45:03 removed 'minimal_finality_stateroots_624460_2021-03-29_18-00-00.car.aa.f0421499.deal'
Mar 29 23:45:03 removed 'minimal_finality_stateroots_624460_2021-03-29_18-00-00.car.ab.f0421499.deal'
Mar 29 23:45:03 
Mar 29 23:45:08 ls: cannot access '*.f0421499.deal': No such file or directory
Mar 29 23:45:08 Count: 0 of 4
Mar 29 23:45:08 f021716 (1 / 1 tries):
Mar 29 23:45:08 f0421499: 23.312009585541222327 FIL (71G free)
Mar 29 23:45:08 Escrow: 0.999999997255 FIL
Mar 29 23:45:08 Locked: 0.33251649052 FIL
Mar 29 23:45:09 Datacap: 3882247782400
Mar 29 23:45:09 minimal_finality_stateroots_620860_2021-03-28_12-00-00.car.aa 1 of 4
Mar 29 23:45:11 Ask: f021716
Mar 29 23:45:11 Price per GiB: 0.00000001 FIL
Mar 29 23:45:11 Verified Price per GiB: 0 FIL
Mar 29 23:45:11 Max Piece size: 32 GiB
Mar 29 23:45:11 Min Piece size: 512 MiB
Mar 29 23:45:11 Miner: f021716
Mar 29 23:45:11 CID: bafykbzacebwfpdjhfkv4dckre5pdb6dbtn3drso5mdqbmbofexmrri6vt3py2
Mar 29 23:45:11 [34mLotus deal-tool[39m
Mar 29 23:45:11 CID: bafykbzacebwfpdjhfkv4dckre5pdb6dbtn3drso5mdqbmbofexmrri6vt3py2
Mar 29 23:45:11 Miner: f021716
Mar 29 23:45:11 [32mMatch for RE:[39m "Data CID .*:" found: ["Data CID (from \x1b[33mlotus client import\x1b[0m):"] Buffer: Data CID (from [33mlotus client import[0m): 
Mar 29 23:45:11 [34mSent:[39m "bafykbzacebwfpdjhfkv4dckre5pdb6dbtn3drso5mdqbmbofexmrri6vt3py2\n"
Mar 29 23:49:10 [32mMatch for RE:[39m "Deal duration .*:" found: ["Deal duration (days):"] Buffer: [34m.. calculating data size
Mar 29 23:49:10 [0mDeal duration (days): 
Mar 29 23:49:10 [34mSent:[39m "180\n"
Mar 29 23:49:10 [32mMatch for RE:[39m "Make this a verified deal.*:" found: ["Make this a verified deal? (yes/no):"] Buffer: 
Mar 29 23:49:10 Make this a verified deal? (yes/no): 
Mar 29 23:49:10 [34mSent:[39m "yes\n"
Mar 29 23:49:10 [32mMatch for RE:[39m "Miner Addresses .*:" found: ["Miner Addresses (f0.. f0..), none to find:"] Buffer: Miner Addresses (f0.. f0..), none to find: 
Mar 29 23:49:10 [34mSent:[39m "f021716\n"
Mar 29 23:49:13 [32mMatch for RE:[39m "Accept .*:" found: ["Accept (yes/no):"] Buffer: [34m.. querying miner asks
Mar 29 23:49:13 [0m-----
Mar 29 23:49:13 Proposing from f1wdxdpqh3hirrhp353i4o6ld7bsw6evh3v7i5jtq
Mar 29 23:49:13 	Balance: 23.312009585541222327 FIL
Mar 29 23:49:13 
Mar 29 23:49:13 Piece size: 32GiB (Payload size: 16.64GiB)
Mar 29 23:49:13 Duration: 4320h0m0s
Mar 29 23:49:13 Total price: ~[36m0 FIL[0m (0 FIL per epoch)
Mar 29 23:49:13 Verified: true
Mar 29 23:49:13 
Mar 29 23:49:13 Accept (yes/no): 
Mar 29 23:49:13 Price: 0
Mar 29 23:49:13 [34mSent:[39m "yes\n"
Mar 29 23:49:15 [32mFinal result: [34m.. executing
Mar 29 23:49:15 [0mDeal (f021716) CID: [32mbafyreiggwvssovk4hlnipff2m7gzw2loljqmgadl6fwxrk3tqmwcnqhwiy[0m
Mar 29 23:49:15 
Mar 29 23:49:15 [39m
Mar 29 23:49:15 [32mDeal CID: bafyreiggwvssovk4hlnipff2m7gzw2loljqmgadl6fwxrk3tqmwcnqhwiy
Mar 29 23:49:15 
Mar 29 23:49:15 [39m
Mar 29 23:49:15 Wrote bafyreiggwvssovk4hlnipff2m7gzw2loljqmgadl6fwxrk3tqmwcnqhwiy
Mar 29 23:49:15  to minimal_finality_stateroots_620860_2021-03-28_12-00-00.car.aa.f0421499.deal
Mar 29 23:49:15 
Mar 29 23:49:16 Count: 1 of 4
Mar 29 23:49:16 f019100 (1 / 1 tries):
Mar 29 23:49:17 Skipping f019100: error-ask
Mar 29 23:49:17 
Mar 29 23:49:18 Count: 1 of 4
Mar 29 23:49:18 f014409 (1 / 1 tries):
Mar 29 23:49:18 f0421499: 23.312009585541222327 FIL (71G free)
Mar 29 23:49:18 Escrow: 0.999999997255 FIL
Mar 29 23:49:18 Locked: 0.33251649052 FIL
Mar 29 23:49:19 Datacap: 3882247782400
Mar 29 23:49:19 .minimal_finality_stateroots_620860_2021-03-28_12-00-00.car.ab 2 of 4
Mar 29 23:49:19 Ask: f014409
Mar 29 23:49:19 Price per GiB: 0.000001 FIL
Mar 29 23:49:19 Verified Price per GiB: 0 FIL
Mar 29 23:49:19 Max Piece size: 32 GiB
Mar 29 23:49:19 Min Piece size: 4 GiB
Mar 29 23:49:19 Miner: f014409
Mar 29 23:49:19 CID: bafykbzacedqs6z3a56hasssv234ddhav7zgrlaukfnj6norlu4deptzsezn6g
Mar 29 23:49:19 [34mLotus deal-tool[39m
Mar 29 23:49:19 CID: bafykbzacedqs6z3a56hasssv234ddhav7zgrlaukfnj6norlu4deptzsezn6g
Mar 29 23:49:19 Miner: f014409
Mar 29 23:49:19 [32mMatch for RE:[39m "Data CID .*:" found: ["Data CID (from \x1b[33mlotus client import\x1b[0m):"] Buffer: Data CID (from [33mlotus client import[0m): 
Mar 29 23:49:19 [34mSent:[39m "bafykbzacedqs6z3a56hasssv234ddhav7zgrlaukfnj6norlu4deptzsezn6g\n"
Mar 29 23:52:57 [32mMatch for RE:[39m "Deal duration .*:" found: ["Deal duration (days):"] Buffer: [34m.. calculating data size
Mar 29 23:52:57 [0mDeal duration (days): 
Mar 29 23:52:57 [34mSent:[39m "180\n"
Mar 29 23:52:57 [32mMatch for RE:[39m "Make this a verified deal.*:" found: ["Make this a verified deal? (yes/no):"] Buffer: 
Mar 29 23:52:57 Make this a verified deal? (yes/no): 
Mar 29 23:52:57 [34mSent:[39m "yes\n"
Mar 29 23:52:57 [32mMatch for RE:[39m "Miner Addresses .*:" found: ["Miner Addresses (f0.. f0..), none to find:"] Buffer: Miner Addresses (f0.. f0..), none to find: 
Mar 29 23:52:57 [34mSent:[39m "f014409\n"
Mar 29 23:52:58 [32mMatch for RE:[39m "Accept .*:" found: ["Accept (yes/no):"] Buffer: [34m.. querying miner asks
Mar 29 23:52:58 [0m-----
Mar 29 23:52:58 Proposing from f1wdxdpqh3hirrhp353i4o6ld7bsw6evh3v7i5jtq
Mar 29 23:52:58 	Balance: 23.312009585541222327 FIL
Mar 29 23:52:58 
Mar 29 23:52:58 Piece size: 32GiB (Payload size: 16.64GiB)
Mar 29 23:52:58 Duration: 4320h0m0s
Mar 29 23:52:58 Total price: ~[36m0 FIL[0m (0 FIL per epoch)
Mar 29 23:52:58 Verified: true
Mar 29 23:52:58 
Mar 29 23:52:58 Accept (yes/no): 
Mar 29 23:52:58 Price: 0
Mar 29 23:52:58 [34mSent:[39m "yes\n"
Mar 29 23:53:00 [32mFinal result: [34m.. executing
Mar 29 23:53:00 [0mDeal (f014409) CID: [32mbafyreic6i2qor6tjrjrat6wnt2yab66smd55zhgszxpk25jida3dvm5ake[0m
Mar 29 23:53:00 
Mar 29 23:53:00 [39m
Mar 29 23:53:00 [32mDeal CID: bafyreic6i2qor6tjrjrat6wnt2yab66smd55zhgszxpk25jida3dvm5ake
Mar 29 23:53:00 
Mar 29 23:53:00 [39m
Mar 29 23:53:00 Wrote bafyreic6i2qor6tjrjrat6wnt2yab66smd55zhgszxpk25jida3dvm5ake
Mar 29 23:53:00  to minimal_finality_stateroots_620860_2021-03-28_12-00-00.car.ab.f0421499.deal
Mar 29 23:53:00 
Mar 29 23:53:01 Count: 2 of 4
Mar 29 23:53:01 f058369 (1 / 1 tries):
Mar 29 23:53:01 f0421499: 23.311806614671955404 FIL (70G free)
Mar 29 23:53:01 Escrow: 0.999999997255 FIL
Mar 29 23:53:01 Locked: 0.33251649052 FIL
Mar 29 23:53:02 Datacap: 3882247782400
Mar 29 23:53:02 ..minimal_finality_stateroots_624460_2021-03-29_18-00-00.car.aa 3 of 4
Mar 29 23:53:02 Ask: f058369
Mar 29 23:53:02 Price per GiB: 0.0000001 FIL
Mar 29 23:53:02 Verified Price per GiB: 0 FIL
Mar 29 23:53:02 Max Piece size: 32 GiB
Mar 29 23:53:02 Min Piece size: 56 KiB
Mar 29 23:53:02 Miner: f058369
Mar 29 23:53:02 CID: bafykbzacecpfagbszu24mq4jynabqouymjp5m3waz3kw6ccqqziwwcjm732ry
Mar 29 23:53:02 [34mLotus deal-tool[39m
Mar 29 23:53:02 CID: bafykbzacecpfagbszu24mq4jynabqouymjp5m3waz3kw6ccqqziwwcjm732ry
Mar 29 23:53:02 Miner: f058369
Mar 29 23:53:02 [32mMatch for RE:[39m "Data CID .*:" found: ["Data CID (from \x1b[33mlotus client import\x1b[0m):"] Buffer: Data CID (from [33mlotus client import[0m): 
Mar 29 23:53:02 [34mSent:[39m "bafykbzacecpfagbszu24mq4jynabqouymjp5m3waz3kw6ccqqziwwcjm732ry\n"
Mar 29 23:56:43 [32mMatch for RE:[39m "Deal duration .*:" found: ["Deal duration (days):"] Buffer: [34m.. calculating data size
Mar 29 23:56:43 [0mDeal duration (days): 
Mar 29 23:56:43 [34mSent:[39m "180\n"
Mar 29 23:56:43 [32mMatch for RE:[39m "Make this a verified deal.*:" found: ["Make this a verified deal? (yes/no):"] Buffer: 
Mar 29 23:56:43 Make this a verified deal? (yes/no): 
Mar 29 23:56:43 [34mSent:[39m "yes\n"
Mar 29 23:56:43 [32mMatch for RE:[39m "Miner Addresses .*:" found: ["Miner Addresses (f0.. f0..), none to find:"] Buffer: Miner Addresses (f0.. f0..), none to find: 
Mar 29 23:56:43 [34mSent:[39m "f058369\n"
Mar 29 23:56:43 [32mMatch for RE:[39m "Accept .*:" found: ["Accept (yes/no):"] Buffer: [34m.. querying miner asks
Mar 29 23:56:43 [0m-----
Mar 29 23:56:43 Proposing from f1wdxdpqh3hirrhp353i4o6ld7bsw6evh3v7i5jtq
Mar 29 23:56:43 	Balance: 23.311806614671955404 FIL
Mar 29 23:56:43 
Mar 29 23:56:43 Piece size: 32GiB (Payload size: 16.54GiB)
Mar 29 23:56:43 Duration: 4320h0m0s
Mar 29 23:56:43 Total price: ~[36m0 FIL[0m (0 FIL per epoch)
Mar 29 23:56:43 Verified: true
Mar 29 23:56:43 
Mar 29 23:56:43 Accept (yes/no): 
Mar 29 23:56:43 Price: 0
Mar 29 23:56:43 [34mSent:[39m "yes\n"
Mar 29 23:56:45 [32mFinal result: [34m.. executing
Mar 29 23:56:45 [0mDeal (f058369) CID: [32mbafyreicv7hrma3nysjwgyq2i7u6g5hbuhwk7wqfzl3pikpvlhthezakgmq[0m
Mar 29 23:56:45 
Mar 29 23:56:45 [39m
Mar 29 23:56:45 [32mDeal CID: bafyreicv7hrma3nysjwgyq2i7u6g5hbuhwk7wqfzl3pikpvlhthezakgmq
Mar 29 23:56:45 
Mar 29 23:56:45 [39m
Mar 29 23:56:45 Wrote bafyreicv7hrma3nysjwgyq2i7u6g5hbuhwk7wqfzl3pikpvlhthezakgmq
Mar 29 23:56:45  to minimal_finality_stateroots_624460_2021-03-29_18-00-00.car.aa.f0421499.deal
Mar 29 23:56:45 
Mar 29 23:56:46 Count: 3 of 4
Mar 29 23:56:46 f019041 (1 / 1 tries):
Mar 29 23:56:46 f0421499: 23.31159675313088929 FIL (68G free)
Mar 29 23:56:46 Escrow: 0.999999997255 FIL
Mar 29 23:56:46 Locked: 0.33251649052 FIL
Mar 29 23:56:47 Datacap: 3847888044032
Mar 29 23:56:47 ...minimal_finality_stateroots_624460_2021-03-29_18-00-00.car.ab 4 of 4
Mar 29 23:56:47 Ask: f019041
Mar 29 23:56:47 Price per GiB: 0.000001 FIL
Mar 29 23:56:47 Verified Price per GiB: 0.00000000001 FIL
Mar 29 23:56:47 Max Piece size: 32 GiB
Mar 29 23:56:47 Min Piece size: 128 MiB
Mar 29 23:56:47 Miner: f019041
Mar 29 23:56:47 CID: bafykbzaceazee5wr2xtg4gpmjeo65uawsjx5i7kpxlv6h75hinjfqc7sg72sa
Mar 29 23:56:47 [34mLotus deal-tool[39m
Mar 29 23:56:47 CID: bafykbzaceazee5wr2xtg4gpmjeo65uawsjx5i7kpxlv6h75hinjfqc7sg72sa
Mar 29 23:56:47 Miner: f019041
Mar 29 23:56:48 [32mMatch for RE:[39m "Data CID .*:" found: ["Data CID (from \x1b[33mlotus client import\x1b[0m):"] Buffer: Data CID (from [33mlotus client import[0m): 
Mar 29 23:56:48 [34mSent:[39m "bafykbzaceazee5wr2xtg4gpmjeo65uawsjx5i7kpxlv6h75hinjfqc7sg72sa\n"
Mar 30 00:00:54 [32mMatch for RE:[39m "Deal duration .*:" found: ["Deal duration (days):"] Buffer: [34m.. calculating data size
Mar 30 00:00:54 [0mDeal duration (days): 
Mar 30 00:00:54 [34mSent:[39m "180\n"
Mar 30 00:00:54 [32mMatch for RE:[39m "Make this a verified deal.*:" found: ["Make this a verified deal? (yes/no):"] Buffer: 
Mar 30 00:00:54 Make this a verified deal? (yes/no): 
Mar 30 00:00:54 [34mSent:[39m "yes\n"
Mar 30 00:00:54 [32mMatch for RE:[39m "Miner Addresses .*:" found: ["Miner Addresses (f0.. f0..), none to find:"] Buffer: Miner Addresses (f0.. f0..), none to find: 
Mar 30 00:00:54 [34mSent:[39m "f019041\n"
Mar 30 00:00:54 [32mMatch for RE:[39m "Accept .*:" found: ["Accept (yes/no):"] Buffer: [34m.. querying miner asks
Mar 30 00:00:54 [0m-----
Mar 30 00:00:54 Proposing from f1wdxdpqh3hirrhp353i4o6ld7bsw6evh3v7i5jtq
Mar 30 00:00:54 	Balance: 23.31159675313088929 FIL
Mar 30 00:00:54 
Mar 30 00:00:54 Piece size: 32GiB (Payload size: 16.54GiB)
Mar 30 00:00:54 Duration: 4320h0m0s
Mar 30 00:00:54 Total price: ~[36m0.000165888 FIL[0m (0.00000000032 FIL per epoch)
Mar 30 00:00:54 Verified: true
Mar 30 00:00:54 
Mar 30 00:00:54 Accept (yes/no): 
Mar 30 00:00:54 Price: 0.00016588800644967705
Mar 30 00:00:54 [34mSent:[39m "yes\n"
Mar 30 00:00:56 [32mFinal result: [34m.. executing
Mar 30 00:00:56 [0mDeal (f019041) CID: [32mbafyreif3elzndor6g3mzjdoc2zjvlfl4t2u7r3jkm3cbpmcm64ifxksacy[0m
Mar 30 00:00:56 
Mar 30 00:00:56 [39m
Mar 30 00:00:56 [32mDeal CID: bafyreif3elzndor6g3mzjdoc2zjvlfl4t2u7r3jkm3cbpmcm64ifxksacy
Mar 30 00:00:56 
Mar 30 00:00:56 [39m
Mar 30 00:00:56 Wrote bafyreif3elzndor6g3mzjdoc2zjvlfl4t2u7r3jkm3cbpmcm64ifxksacy
Mar 30 00:00:56  to minimal_finality_stateroots_624460_2021-03-29_18-00-00.car.ab.f0421499.deal
Mar 30 00:00:56 
Mar 30 00:00:57 Count: 4 of 4
Mar 30 00:00:57 Resetting
Mar 30 00:00:58 removed 'minimal_finality_stateroots_620860_2021-03-28_12-00-00.car.aa.f0421499.deal'
Mar 30 00:00:58 removed 'minimal_finality_stateroots_620860_2021-03-28_12-00-00.car.ab.f0421499.deal'
Mar 30 00:00:58 removed 'minimal_finality_stateroots_624460_2021-03-29_18-00-00.car.aa.f0421499.deal'
Mar 30 00:00:58 removed 'minimal_finality_stateroots_624460_2021-03-29_18-00-00.car.ab.f0421499.deal'
Mar 30 00:00:58 
Mar 30 00:01:03 ls: cannot access '*.f0421499.deal': No such file or directory
Mar 30 00:01:03 Count: 0 of 4
Mar 30 00:01:03 f022163 (1 / 1 tries):
Mar 30 00:01:04 f0421499: 23.31159675313088929 FIL (65G free)
Mar 30 00:01:04 Escrow: 0.999999997255 FIL
Mar 30 00:01:04 Locked: 0.33251649052 FIL
Mar 30 00:01:05 Datacap: 3847888044032
Mar 30 00:01:05 ..minimal_finality_stateroots_624460_2021-03-29_18-00-00.car.aa 3 of 4
Mar 30 00:01:05 Ask: f022163
Mar 30 00:01:05 Price per GiB: 0.00000001 FIL
Mar 30 00:01:05 Verified Price per GiB: 0 FIL
Mar 30 00:01:05 Max Piece size: 32 GiB
Mar 30 00:01:05 Min Piece size: 512 MiB
Mar 30 00:01:05 Miner: f022163
Mar 30 00:01:05 CID: bafykbzacecpfagbszu24mq4jynabqouymjp5m3waz3kw6ccqqziwwcjm732ry
Mar 30 00:01:05 [34mLotus deal-tool[39m
Mar 30 00:01:05 CID: bafykbzacecpfagbszu24mq4jynabqouymjp5m3waz3kw6ccqqziwwcjm732ry
Mar 30 00:01:05 Miner: f022163
Mar 30 00:01:05 [32mMatch for RE:[39m "Data CID .*:" found: ["Data CID (from \x1b[33mlotus client import\x1b[0m):"] Buffer: Data CID (from [33mlotus client import[0m): 
Mar 30 00:01:05 [34mSent:[39m "bafykbzacecpfagbszu24mq4jynabqouymjp5m3waz3kw6ccqqziwwcjm732ry\n"
Mar 30 00:05:08 [32mMatch for RE:[39m "Deal duration .*:" found: ["Deal duration (days):"] Buffer: [34m.. calculating data size
Mar 30 00:05:08 [0mDeal duration (days): 
Mar 30 00:05:08 [34mSent:[39m "180\n"
Mar 30 00:05:08 [32mMatch for RE:[39m "Make this a verified deal.*:" found: ["Make this a verified deal? (yes/no):"] Buffer: 
Mar 30 00:05:08 Make this a verified deal? (yes/no): 
Mar 30 00:05:08 [34mSent:[39m "yes\n"
Mar 30 00:05:08 [32mMatch for RE:[39m "Miner Addresses .*:" found: ["Miner Addresses (f0.. f0..), none to find:"] Buffer: Miner Addresses (f0.. f0..), none to find: 
Mar 30 00:05:08 [34mSent:[39m "f022163\n"
Mar 30 00:05:09 [32mMatch for RE:[39m "Accept .*:" found: ["Accept (yes/no):"] Buffer: [34m.. querying miner asks
Mar 30 00:05:09 [0m-----
Mar 30 00:05:09 Proposing from f1wdxdpqh3hirrhp353i4o6ld7bsw6evh3v7i5jtq
Mar 30 00:05:09 	Balance: 23.31159675313088929 FIL
Mar 30 00:05:09 
Mar 30 00:05:09 Piece size: 32GiB (Payload size: 16.54GiB)
Mar 30 00:05:09 Duration: 4320h0m0s
Mar 30 00:05:09 Total price: ~[36m0 FIL[0m (0 FIL per epoch)
Mar 30 00:05:09 Verified: true
Mar 30 00:05:09 
Mar 30 00:05:09 Accept (yes/no): 
Mar 30 00:05:09 Price: 0
Mar 30 00:05:09 [34mSent:[39m "yes\n"
Mar 30 00:05:11 [32mFinal result: [34m.. executing
Mar 30 00:05:11 [0mDeal (f022163) CID: [32mbafyreie4jbnqn2xfblpdjgbc64b6po53v4gangb2otpu56j7kmai6hyhfq[0m
Mar 30 00:05:11 
Mar 30 00:05:11 [39m
Mar 30 00:05:11 [32mDeal CID: bafyreie4jbnqn2xfblpdjgbc64b6po53v4gangb2otpu56j7kmai6hyhfq
Mar 30 00:05:11 
Mar 30 00:05:11 [39m
Mar 30 00:05:11 Wrote bafyreie4jbnqn2xfblpdjgbc64b6po53v4gangb2otpu56j7kmai6hyhfq
Mar 30 00:05:11  to minimal_finality_stateroots_624460_2021-03-29_18-00-00.car.aa.f0421499.deal
Mar 30 00:05:11 
Mar 30 00:05:12 Count: 1 of 4
Mar 30 00:05:12 f099608 (1 / 1 tries):
Mar 30 00:05:12 f0421499: 23.311372269204350478 FIL (62G free)
Mar 30 00:05:12 Escrow: 0.999999997255 FIL
Mar 30 00:05:12 Locked: 0.33251649052 FIL
Mar 30 00:05:13 Datacap: 3847888044032
Mar 30 00:05:13 minimal_finality_stateroots_620860_2021-03-28_12-00-00.car.aa 1 of 4
Mar 30 00:05:13 Ask: f099608
Mar 30 00:05:13 Price per GiB: 0.00000002 FIL
Mar 30 00:05:13 Verified Price per GiB: 0 FIL
Mar 30 00:05:13 Max Piece size: 32 GiB
Mar 30 00:05:13 Min Piece size: 256 MiB
Mar 30 00:05:13 Miner: f099608
Mar 30 00:05:13 CID: bafykbzacebwfpdjhfkv4dckre5pdb6dbtn3drso5mdqbmbofexmrri6vt3py2
Mar 30 00:05:13 [34mLotus deal-tool[39m
Mar 30 00:05:13 CID: bafykbzacebwfpdjhfkv4dckre5pdb6dbtn3drso5mdqbmbofexmrri6vt3py2
Mar 30 00:05:13 Miner: f099608
Mar 30 00:05:13 [32mMatch for RE:[39m "Data CID .*:" found: ["Data CID (from \x1b[33mlotus client import\x1b[0m):"] Buffer: Data CID (from [33mlotus client import[0m): 
Mar 30 00:05:13 [34mSent:[39m "bafykbzacebwfpdjhfkv4dckre5pdb6dbtn3drso5mdqbmbofexmrri6vt3py2\n"
Mar 30 00:09:51 [32mMatch for RE:[39m "Deal duration .*:" found: ["Deal duration (days):"] Buffer: [34m.. calculating data size
Mar 30 00:09:51 [0mDeal duration (days): 
Mar 30 00:09:51 [34mSent:[39m "180\n"
Mar 30 00:09:51 [32mMatch for RE:[39m "Make this a verified deal.*:" found: ["Make this a verified deal? (yes/no):"] Buffer: 
Mar 30 00:09:51 Make this a verified deal? (yes/no): 
Mar 30 00:09:51 [34mSent:[39m "yes\n"
Mar 30 00:09:51 [32mMatch for RE:[39m "Miner Addresses .*:" found: ["Miner Addresses (f0.. f0..), none to find:"] Buffer: Miner Addresses (f0.. f0..), none to find: 
Mar 30 00:09:51 [34mSent:[39m "f099608\n"
Mar 30 00:09:52 [32mMatch for RE:[39m "Accept .*:" found: ["Accept (yes/no):"] Buffer: [34m.. querying miner asks
Mar 30 00:09:52 [0m-----
Mar 30 00:09:52 Proposing from f1wdxdpqh3hirrhp353i4o6ld7bsw6evh3v7i5jtq
Mar 30 00:09:52 	Balance: 23.311372269204350478 FIL
Mar 30 00:09:52 
Mar 30 00:09:52 Piece size: 32GiB (Payload size: 16.64GiB)
Mar 30 00:09:52 Duration: 4320h0m0s
Mar 30 00:09:52 Total price: ~[36m0 FIL[0m (0 FIL per epoch)
Mar 30 00:09:52 Verified: true
Mar 30 00:09:52 
Mar 30 00:09:52 Accept (yes/no): 
Mar 30 00:09:52 Price: 0
Mar 30 00:09:52 [34mSent:[39m "yes\n"
Mar 30 00:09:54 [32mFinal result: [34m.. executing
Mar 30 00:09:54 [0mDeal (f099608) CID: [32mbafyreigbpmyfn7ibnxynwsfhljoqxq5fna7zqwp6rlbmjou7tjgyujtfom[0m
Mar 30 00:09:54 
Mar 30 00:09:54 [39m
Mar 30 00:09:54 [32mDeal CID: bafyreigbpmyfn7ibnxynwsfhljoqxq5fna7zqwp6rlbmjou7tjgyujtfom
Mar 30 00:09:54 
Mar 30 00:09:54 [39m
Mar 30 00:09:54 Wrote bafyreigbpmyfn7ibnxynwsfhljoqxq5fna7zqwp6rlbmjou7tjgyujtfom
Mar 30 00:09:54  to minimal_finality_stateroots_620860_2021-03-28_12-00-00.car.aa.f0421499.deal
Mar 30 00:09:54 
Mar 30 00:09:55 Count: 2 of 4
Mar 30 00:09:55 f015927 (1 / 1 tries):
Mar 30 00:09:56 Skipping f015927: min-ask
Mar 30 00:09:56 
Mar 30 00:09:57 Count: 2 of 4
Mar 30 00:09:57 f019362 (1 / 1 tries):
Mar 30 00:09:58 f0421499: 23.311372269204350478 FIL (59G free)
Mar 30 00:09:58 Escrow: 0.999999997255 FIL
Mar 30 00:09:58 Locked: 0.33251649052 FIL
Mar 30 00:09:59 Datacap: 3847888044032
Mar 30 00:09:59 .minimal_finality_stateroots_620860_2021-03-28_12-00-00.car.ab 2 of 4
Mar 30 00:10:01 Ask: f019362
Mar 30 00:10:01 Price per GiB: 0.00000002 FIL
Mar 30 00:10:01 Verified Price per GiB: 0 FIL
Mar 30 00:10:01 Max Piece size: 32 GiB
Mar 30 00:10:01 Min Piece size: 16 GiB
Mar 30 00:10:01 Miner: f019362
Mar 30 00:10:01 CID: bafykbzacedqs6z3a56hasssv234ddhav7zgrlaukfnj6norlu4deptzsezn6g
Mar 30 00:10:01 [34mLotus deal-tool[39m
Mar 30 00:10:01 CID: bafykbzacedqs6z3a56hasssv234ddhav7zgrlaukfnj6norlu4deptzsezn6g
Mar 30 00:10:01 Miner: f019362
Mar 30 00:10:01 [32mMatch for RE:[39m "Data CID .*:" found: ["Data CID (from \x1b[33mlotus client import\x1b[0m):"] Buffer: Data CID (from [33mlotus client import[0m): 
Mar 30 00:10:01 [34mSent:[39m "bafykbzacedqs6z3a56hasssv234ddhav7zgrlaukfnj6norlu4deptzsezn6g\n"
Mar 30 00:17:31 [32mMatch for RE:[39m "Deal duration .*:" found: ["Deal duration (days):"] Buffer: [34m.. calculating data size
Mar 30 00:17:31 [0mDeal duration (days): 
Mar 30 00:17:31 [34mSent:[39m "180\n"
Mar 30 00:17:31 [32mMatch for RE:[39m "Make this a verified deal.*:" found: ["Make this a verified deal? (yes/no):"] Buffer: 
Mar 30 00:17:31 Make this a verified deal? (yes/no): 
Mar 30 00:17:31 [34mSent:[39m "yes\n"
Mar 30 00:17:31 [32mMatch for RE:[39m "Miner Addresses .*:" found: ["Miner Addresses (f0.. f0..), none to find:"] Buffer: Miner Addresses (f0.. f0..), none to find: 
Mar 30 00:17:31 [34mSent:[39m "f019362\n"
Mar 30 00:17:33 [32mMatch for RE:[39m "Accept .*:" found: ["Accept (yes/no):"] Buffer: [34m.. querying miner asks
Mar 30 00:17:33 [0m-----
Mar 30 00:17:33 Proposing from f1wdxdpqh3hirrhp353i4o6ld7bsw6evh3v7i5jtq
Mar 30 00:17:33 	Balance: 23.311372269204350478 FIL
Mar 30 00:17:33 
Mar 30 00:17:33 Piece size: 32GiB (Payload size: 16.64GiB)
Mar 30 00:17:33 Duration: 4320h0m0s
Mar 30 00:17:33 Total price: ~[36m0 FIL[0m (0 FIL per epoch)
Mar 30 00:17:33 Verified: true
Mar 30 00:17:33 
Mar 30 00:17:33 Accept (yes/no): 
Mar 30 00:17:33 Price: 0
Mar 30 00:17:33 [34mSent:[39m "yes\n"
Mar 30 00:17:35 [32mFinal result: [34m.. executing
Mar 30 00:17:35 [0mDeal (f019362) CID: [32mbafyreigpqtsnpjmi6d7eajxmrjocmaoomehbifdxmrbdvtotmqxqctsrqa[0m
Mar 30 00:17:35 
Mar 30 00:17:35 [39m
Mar 30 00:17:35 [32mDeal CID: bafyreigpqtsnpjmi6d7eajxmrjocmaoomehbifdxmrbdvtotmqxqctsrqa
Mar 30 00:17:35 
Mar 30 00:17:35 [39m
Mar 30 00:17:35 Wrote bafyreigpqtsnpjmi6d7eajxmrjocmaoomehbifdxmrbdvtotmqxqctsrqa
Mar 30 00:17:35  to minimal_finality_stateroots_620860_2021-03-28_12-00-00.car.ab.f0421499.deal
Mar 30 00:17:35 
Mar 30 00:17:36 Count: 3 of 4
Mar 30 00:17:36 f062353 (1 / 1 tries):
Mar 30 00:17:36 f0421499: 23.311372269204350478 FIL (55G free)
Mar 30 00:17:36 Escrow: 0.999999997255 FIL
Mar 30 00:17:36 Locked: 0.33251649052 FIL
Mar 30 00:17:37 Datacap: 3847888044032
Mar 30 00:17:37 ...minimal_finality_stateroots_624460_2021-03-29_18-00-00.car.ab 4 of 4
Mar 30 00:17:37 Ask: f062353
Mar 30 00:17:37 Price per GiB: 0.00000002 FIL
Mar 30 00:17:37 Verified Price per GiB: 0 FIL
Mar 30 00:17:37 Max Piece size: 32 GiB
Mar 30 00:17:37 Min Piece size: 16 GiB
Mar 30 00:17:37 Miner: f062353
Mar 30 00:17:37 CID: bafykbzaceazee5wr2xtg4gpmjeo65uawsjx5i7kpxlv6h75hinjfqc7sg72sa
Mar 30 00:17:37 [34mLotus deal-tool[39m
Mar 30 00:17:37 CID: bafykbzaceazee5wr2xtg4gpmjeo65uawsjx5i7kpxlv6h75hinjfqc7sg72sa
Mar 30 00:17:37 Miner: f062353
Mar 30 00:17:37 [32mMatch for RE:[39m "Data CID .*:" found: ["Data CID (from \x1b[33mlotus client import\x1b[0m):"] Buffer: Data CID (from [33mlotus client import[0m): 
Mar 30 00:17:37 [34mSent:[39m "bafykbzaceazee5wr2xtg4gpmjeo65uawsjx5i7kpxlv6h75hinjfqc7sg72sa\n"
Mar 30 00:22:23 [32mMatch for RE:[39m "Deal duration .*:" found: ["Deal duration (days):"] Buffer: [34m.. calculating data size
Mar 30 00:22:23 [0mDeal duration (days): 
Mar 30 00:22:23 [34mSent:[39m "180\n"
Mar 30 00:22:23 [32mMatch for RE:[39m "Make this a verified deal.*:" found: ["Make this a verified deal? (yes/no):"] Buffer: 
Mar 30 00:22:23 Make this a verified deal? (yes/no): 
Mar 30 00:22:23 [34mSent:[39m "yes\n"
Mar 30 00:22:23 [32mMatch for RE:[39m "Miner Addresses .*:" found: ["Miner Addresses (f0.. f0..), none to find:"] Buffer: Miner Addresses (f0.. f0..), none to find: 
Mar 30 00:22:23 [34mSent:[39m "f062353\n"
Mar 30 00:22:23 [32mMatch for RE:[39m "Accept .*:" found: ["Accept (yes/no):"] Buffer: [34m.. querying miner asks
Mar 30 00:22:23 [0m-----
Mar 30 00:22:23 Proposing from f1wdxdpqh3hirrhp353i4o6ld7bsw6evh3v7i5jtq
Mar 30 00:22:23 	Balance: 23.311372269204350478 FIL
Mar 30 00:22:23 
Mar 30 00:22:23 Piece size: 32GiB (Payload size: 16.54GiB)
Mar 30 00:22:23 Duration: 4320h0m0s
Mar 30 00:22:23 Total price: ~[36m0 FIL[0m (0 FIL per epoch)
Mar 30 00:22:23 Verified: true
Mar 30 00:22:23 
Mar 30 00:22:23 Accept (yes/no): 
Mar 30 00:22:23 Price: 0
Mar 30 00:22:23 [34mSent:[39m "yes\n"
Mar 30 00:22:25 [32mFinal result: [34m.. executing
Mar 30 00:22:25 [0mDeal (f062353) CID: [32mbafyreidbeztddm5t3x6r232cz532jsk77jcskpfqdqnrdtq44cd2m2cfnm[0m
Mar 30 00:22:25 
Mar 30 00:22:25 [39m
Mar 30 00:22:25 [32mDeal CID: bafyreidbeztddm5t3x6r232cz532jsk77jcskpfqdqnrdtq44cd2m2cfnm
Mar 30 00:22:25 
Mar 30 00:22:25 [39m
Mar 30 00:22:25 Wrote bafyreidbeztddm5t3x6r232cz532jsk77jcskpfqdqnrdtq44cd2m2cfnm
Mar 30 00:22:25  to minimal_finality_stateroots_624460_2021-03-29_18-00-00.car.ab.f0421499.deal
Mar 30 00:22:25 
Mar 30 00:22:26 Count: 4 of 4
Mar 30 00:22:26 Resetting
Mar 30 00:22:27 removed 'minimal_finality_stateroots_620860_2021-03-28_12-00-00.car.aa.f0421499.deal'
Mar 30 00:22:27 removed 'minimal_finality_stateroots_620860_2021-03-28_12-00-00.car.ab.f0421499.deal'
Mar 30 00:22:27 removed 'minimal_finality_stateroots_624460_2021-03-29_18-00-00.car.aa.f0421499.deal'
Mar 30 00:22:27 removed 'minimal_finality_stateroots_624460_2021-03-29_18-00-00.car.ab.f0421499.deal'
Mar 30 00:22:27 
Mar 30 00:22:32 ls: cannot access '*.f0421499.deal': No such file or directory
Mar 30 00:22:32 Count: 0 of 4
Mar 30 00:22:32 f01277 (1 / 1 tries):
Mar 30 00:22:32 f0421499: 23.311372269204350478 FIL (53G free)
Mar 30 00:22:33 Escrow: 0.999999997255 FIL
Mar 30 00:22:33 Locked: 0.33251649052 FIL
Mar 30 00:22:34 Datacap: 3847888044032
Mar 30 00:22:34 minimal_finality_stateroots_620860_2021-03-28_12-00-00.car.aa 1 of 4
Mar 30 00:22:35 Ask: f01277
Mar 30 00:22:35 Price per GiB: 1 FIL
Mar 30 00:22:35 Verified Price per GiB: 1 FIL
Mar 30 00:22:35 Max Piece size: 2 GiB
Mar 30 00:22:35 Min Piece size: 128 MiB
Mar 30 00:22:35 Miner: f01277
Mar 30 00:22:35 CID: bafykbzacebwfpdjhfkv4dckre5pdb6dbtn3drso5mdqbmbofexmrri6vt3py2
Mar 30 00:22:35 [34mLotus deal-tool[39m
Mar 30 00:22:35 CID: bafykbzacebwfpdjhfkv4dckre5pdb6dbtn3drso5mdqbmbofexmrri6vt3py2
Mar 30 00:22:35 Miner: f01277
Mar 30 00:22:35 [32mMatch for RE:[39m "Data CID .*:" found: ["Data CID (from \x1b[33mlotus client import\x1b[0m):"] Buffer: Data CID (from [33mlotus client import[0m): 
Mar 30 00:22:35 [34mSent:[39m "bafykbzacebwfpdjhfkv4dckre5pdb6dbtn3drso5mdqbmbofexmrri6vt3py2\n"
Mar 30 00:27:26 [32mMatch for RE:[39m "Deal duration .*:" found: ["Deal duration (days):"] Buffer: [34m.. calculating data size
Mar 30 00:27:26 [0mDeal duration (days): 
Mar 30 00:27:26 [34mSent:[39m "180\n"
Mar 30 00:27:26 [32mMatch for RE:[39m "Make this a verified deal.*:" found: ["Make this a verified deal? (yes/no):"] Buffer: 
Mar 30 00:27:26 Make this a verified deal? (yes/no): 
Mar 30 00:27:26 [34mSent:[39m "yes\n"
Mar 30 00:27:26 [32mMatch for RE:[39m "Miner Addresses .*:" found: ["Miner Addresses (f0.. f0..), none to find:"] Buffer: Miner Addresses (f0.. f0..), none to find: 
Mar 30 00:27:26 [34mSent:[39m "f01277\n"
Mar 30 00:27:28 [32mMatch for RE:[39m "Accept .*:" found: ["Accept (yes/no):"] Buffer: [34m.. querying miner asks
Mar 30 00:27:28 [0m-----
Mar 30 00:27:28 Proposing from f1wdxdpqh3hirrhp353i4o6ld7bsw6evh3v7i5jtq
Mar 30 00:27:28 	Balance: 23.311372269204350478 FIL
Mar 30 00:27:28 
Mar 30 00:27:28 Piece size: 32GiB (Payload size: 16.64GiB)
Mar 30 00:27:28 Duration: 4320h0m0s
Mar 30 00:27:28 Total price: ~[36m16588800 FIL[0m (32 FIL per epoch)
Mar 30 00:27:28 Verified: true
Mar 30 00:27:28 
Mar 30 00:27:28 Accept (yes/no): 
Mar 30 00:27:28 Price: 1.65888e+07
Mar 30 00:27:28 [34mSent:[39m "no\n"
Mar 30 00:27:30 [32mFinal result: 
Mar 30 00:27:30 [39m
Mar 30 00:27:30 
Mar 30 00:27:31 ls: cannot access '*.f0421499.deal': No such file or directory
Mar 30 00:27:31 Count: 0 of 4
Mar 30 00:27:31 f023467 (1 / 1 tries):
Mar 30 00:27:32 f0421499: 23.311372269204350478 FIL (49G free)
Mar 30 00:27:32 Escrow: 0.999999997255 FIL
Mar 30 00:27:32 Locked: 0.33251649052 FIL
Mar 30 00:27:33 Datacap: 3847888044032
Mar 30 00:27:33 ..minimal_finality_stateroots_624460_2021-03-29_18-00-00.car.aa 3 of 4
Mar 30 00:27:33 Ask: f023467
Mar 30 00:27:33 Price per GiB: 0.00000002 FIL
Mar 30 00:27:33 Verified Price per GiB: 0 FIL
Mar 30 00:27:33 Max Piece size: 32 GiB
Mar 30 00:27:33 Min Piece size: 128 MiB
Mar 30 00:27:33 Miner: f023467
Mar 30 00:27:33 CID: bafykbzacecpfagbszu24mq4jynabqouymjp5m3waz3kw6ccqqziwwcjm732ry
Mar 30 00:27:33 [34mLotus deal-tool[39m
Mar 30 00:27:33 CID: bafykbzacecpfagbszu24mq4jynabqouymjp5m3waz3kw6ccqqziwwcjm732ry
Mar 30 00:27:33 Miner: f023467
Mar 30 00:27:33 [32mMatch for RE:[39m "Data CID .*:" found: ["Data CID (from \x1b[33mlotus client import\x1b[0m):"] Buffer: Data CID (from [33mlotus client import[0m): 
Mar 30 00:27:33 [34mSent:[39m "bafykbzacecpfagbszu24mq4jynabqouymjp5m3waz3kw6ccqqziwwcjm732ry\n"
Mar 30 00:32:52 [32mMatch for RE:[39m "Deal duration .*:" found: ["Deal duration (days):"] Buffer: [34m.. calculating data size
Mar 30 00:32:52 [0mDeal duration (days): 
Mar 30 00:32:52 [34mSent:[39m "180\n"
Mar 30 00:32:52 [32mMatch for RE:[39m "Make this a verified deal.*:" found: ["Make this a verified deal? (yes/no):"] Buffer: 
Mar 30 00:32:52 Make this a verified deal? (yes/no): 
Mar 30 00:32:52 [34mSent:[39m "yes\n"
Mar 30 00:32:52 [32mMatch for RE:[39m "Miner Addresses .*:" found: ["Miner Addresses (f0.. f0..), none to find:"] Buffer: Miner Addresses (f0.. f0..), none to find: 
Mar 30 00:32:52 [34mSent:[39m "f023467\n"
Mar 30 00:32:52 [32mMatch for RE:[39m "Accept .*:" found: ["Accept (yes/no):"] Buffer: [34m.. querying miner asks
Mar 30 00:32:52 [0m-----
Mar 30 00:32:52 Proposing from f1wdxdpqh3hirrhp353i4o6ld7bsw6evh3v7i5jtq
Mar 30 00:32:52 	Balance: 23.311372269204350478 FIL
Mar 30 00:32:52 
Mar 30 00:32:52 Piece size: 32GiB (Payload size: 16.54GiB)
Mar 30 00:32:52 Duration: 4320h0m0s
Mar 30 00:32:52 Total price: ~[36m0 FIL[0m (0 FIL per epoch)
Mar 30 00:32:52 Verified: true
Mar 30 00:32:52 
Mar 30 00:32:52 Accept (yes/no): 
Mar 30 00:32:52 Price: 0
Mar 30 00:32:52 [34mSent:[39m "yes\n"
Mar 30 00:32:54 [32mFinal result: [34m.. executing
Mar 30 00:32:54 [0mDeal (f023467) CID: [32mbafyreiabdm3mih3jdcmywncahacpwywsc3ctwf7pysb3waefpcmd4zkgbe[0m
Mar 30 00:32:54 
Mar 30 00:32:54 [39m
Mar 30 00:32:54 [32mDeal CID: bafyreiabdm3mih3jdcmywncahacpwywsc3ctwf7pysb3waefpcmd4zkgbe
Mar 30 00:32:54 
Mar 30 00:32:54 [39m
Mar 30 00:32:54 Wrote bafyreiabdm3mih3jdcmywncahacpwywsc3ctwf7pysb3waefpcmd4zkgbe
Mar 30 00:32:54  to minimal_finality_stateroots_624460_2021-03-29_18-00-00.car.aa.f0421499.deal
Mar 30 00:32:54 
Mar 30 00:32:55 Count: 1 of 4
Mar 30 00:32:55 f0127896 (1 / 1 tries):
Mar 30 00:32:56 Skipping f0127896: min-ask
Mar 30 00:32:56 
Mar 30 00:32:57 Count: 1 of 4
Mar 30 00:32:57 f08399 (1 / 1 tries):
Mar 30 00:32:57 f0421499: 23.311372269204350478 FIL (41G free)
Mar 30 00:32:57 Escrow: 0.999999997255 FIL
Mar 30 00:32:57 Locked: 0.33251649052 FIL
Mar 30 00:32:58 Datacap: 3779168567296
Mar 30 00:32:58 ...minimal_finality_stateroots_624460_2021-03-29_18-00-00.car.ab 4 of 4
Mar 30 00:32:58 Ask: f08399
Mar 30 00:32:58 Price per GiB: 0.00000003 FIL
Mar 30 00:32:58 Verified Price per GiB: 0 FIL
Mar 30 00:32:58 Max Piece size: 32 GiB
Mar 30 00:32:58 Min Piece size: 4 GiB
Mar 30 00:32:58 Miner: f08399
Mar 30 00:32:58 CID: bafykbzaceazee5wr2xtg4gpmjeo65uawsjx5i7kpxlv6h75hinjfqc7sg72sa
Mar 30 00:32:58 [34mLotus deal-tool[39m
Mar 30 00:32:58 CID: bafykbzaceazee5wr2xtg4gpmjeo65uawsjx5i7kpxlv6h75hinjfqc7sg72sa
Mar 30 00:32:58 Miner: f08399
Mar 30 00:32:59 [32mMatch for RE:[39m "Data CID .*:" found: ["Data CID (from \x1b[33mlotus client import\x1b[0m):"] Buffer: Data CID (from [33mlotus client import[0m): 
Mar 30 00:32:59 [34mSent:[39m "bafykbzaceazee5wr2xtg4gpmjeo65uawsjx5i7kpxlv6h75hinjfqc7sg72sa\n"
Mar 30 00:38:08 [32mMatch for RE:[39m "Deal duration .*:" found: ["Deal duration (days):"] Buffer: [34m.. calculating data size
Mar 30 00:38:08 [0mDeal duration (days): 
Mar 30 00:38:08 [34mSent:[39m "180\n"
Mar 30 00:38:08 [32mMatch for RE:[39m "Make this a verified deal.*:" found: ["Make this a verified deal? (yes/no):"] Buffer: 
Mar 30 00:38:08 Make this a verified deal? (yes/no): 
Mar 30 00:38:08 [34mSent:[39m "yes\n"
Mar 30 00:38:08 [32mMatch for RE:[39m "Miner Addresses .*:" found: ["Miner Addresses (f0.. f0..), none to find:"] Buffer: Miner Addresses (f0.. f0..), none to find: 
Mar 30 00:38:08 [34mSent:[39m "f08399\n"
Mar 30 00:38:10 [32mMatch for RE:[39m "Accept .*:" found: ["Accept (yes/no):"] Buffer: [34m.. querying miner asks
Mar 30 00:38:10 [0m-----
Mar 30 00:38:10 Proposing from f1wdxdpqh3hirrhp353i4o6ld7bsw6evh3v7i5jtq
Mar 30 00:38:10 	Balance: 23.311372269204350478 FIL
Mar 30 00:38:10 
Mar 30 00:38:10 Piece size: 32GiB (Payload size: 16.54GiB)
Mar 30 00:38:10 Duration: 4320h0m0s
Mar 30 00:38:10 Total price: ~[36m0 FIL[0m (0 FIL per epoch)
Mar 30 00:38:10 Verified: true
Mar 30 00:38:10 
Mar 30 00:38:10 Accept (yes/no): 
Mar 30 00:38:10 Price: 0
Mar 30 00:38:10 [34mSent:[39m "yes\n"
Mar 30 00:38:12 [32mFinal result: [34m.. executing
Mar 30 00:38:12 [0mDeal (f08399) CID: [32mbafyreidlrpni64glcksq5ta7i6o5ai7tttowqwnajeoxctzgwiivuhfv5y[0m
Mar 30 00:38:12 
Mar 30 00:38:12 [39m
Mar 30 00:38:12 [32mDeal CID: bafyreidlrpni64glcksq5ta7i6o5ai7tttowqwnajeoxctzgwiivuhfv5y
Mar 30 00:38:12 
Mar 30 00:38:12 [39m
Mar 30 00:38:12 Wrote bafyreidlrpni64glcksq5ta7i6o5ai7tttowqwnajeoxctzgwiivuhfv5y
Mar 30 00:38:12  to minimal_finality_stateroots_624460_2021-03-29_18-00-00.car.ab.f0421499.deal
Mar 30 00:38:12 
Mar 30 00:38:13 Count: 2 of 4
Mar 30 00:38:13 f022352 (1 / 1 tries):
Mar 30 00:38:14 f0421499: 23.311372269204350478 FIL (52G free)
Mar 30 00:38:14 Escrow: 0.999999997255 FIL
Mar 30 00:38:14 Locked: 0.33251649052 FIL
Mar 30 00:38:15 Datacap: 3779168567296
Mar 30 00:38:15 ....
Mar 30 00:38:16 Count: 2 of 4
Mar 30 00:38:16 f08403 (1 / 1 tries):
Mar 30 00:38:16 f0421499: 23.311372269204350478 FIL (52G free)
Mar 30 00:38:16 Escrow: 0.999999997255 FIL
Mar 30 00:38:16 Locked: 0.33251649052 FIL
Mar 30 00:38:16 Datacap: 3779168567296
Mar 30 00:38:17 ....
Mar 30 00:38:18 Count: 2 of 4
Mar 30 00:38:18 f010617 (1 / 1 tries):
Mar 30 00:38:18 f0421499: 23.311372269204350478 FIL (52G free)
Mar 30 00:38:19 Escrow: 0.999999997255 FIL
Mar 30 00:38:19 Locked: 0.33251649052 FIL
Mar 30 00:38:19 Datacap: 3779168567296
Mar 30 00:38:19 minimal_finality_stateroots_620860_2021-03-28_12-00-00.car.aa 1 of 4
Mar 30 00:38:20 Ask: f010617
Mar 30 00:38:20 Price per GiB: 0 FIL
Mar 30 00:38:20 Verified Price per GiB: 0 FIL
Mar 30 00:38:20 Max Piece size: 32 GiB
Mar 30 00:38:20 Min Piece size: 1 GiB
Mar 30 00:38:20 Miner: f010617
Mar 30 00:38:20 CID: bafykbzacebwfpdjhfkv4dckre5pdb6dbtn3drso5mdqbmbofexmrri6vt3py2
Mar 30 00:38:20 [34mLotus deal-tool[39m
Mar 30 00:38:20 CID: bafykbzacebwfpdjhfkv4dckre5pdb6dbtn3drso5mdqbmbofexmrri6vt3py2
Mar 30 00:38:20 Miner: f010617
Mar 30 00:38:20 [32mMatch for RE:[39m "Data CID .*:" found: ["Data CID (from \x1b[33mlotus client import\x1b[0m):"] Buffer: Data CID (from [33mlotus client import[0m): 
Mar 30 00:38:20 [34mSent:[39m "bafykbzacebwfpdjhfkv4dckre5pdb6dbtn3drso5mdqbmbofexmrri6vt3py2\n"
Mar 30 00:43:56 [32mMatch for RE:[39m "Deal duration .*:" found: ["Deal duration (days):"] Buffer: [34m.. calculating data size
Mar 30 00:43:56 [0mDeal duration (days): 
Mar 30 00:43:56 [34mSent:[39m "180\n"
Mar 30 00:43:56 [32mMatch for RE:[39m "Make this a verified deal.*:" found: ["Make this a verified deal? (yes/no):"] Buffer: 
Mar 30 00:43:56 Make this a verified deal? (yes/no): 
Mar 30 00:43:56 [34mSent:[39m "yes\n"
Mar 30 00:43:56 [32mMatch for RE:[39m "Miner Addresses .*:" found: ["Miner Addresses (f0.. f0..), none to find:"] Buffer: Miner Addresses (f0.. f0..), none to find: 
Mar 30 00:43:56 [34mSent:[39m "f010617\n"
Mar 30 00:43:56 [32mMatch for RE:[39m "Accept .*:" found: ["Accept (yes/no):"] Buffer: [34m.. querying miner asks
Mar 30 00:43:56 [0m-----
Mar 30 00:43:56 Proposing from f1wdxdpqh3hirrhp353i4o6ld7bsw6evh3v7i5jtq
Mar 30 00:43:56 	Balance: 23.311372269204350478 FIL
Mar 30 00:43:56 
Mar 30 00:43:56 Piece size: 32GiB (Payload size: 16.64GiB)
Mar 30 00:43:56 Duration: 4320h0m0s
Mar 30 00:43:56 Total price: ~[36m0 FIL[0m (0 FIL per epoch)
Mar 30 00:43:56 Verified: true
Mar 30 00:43:56 
Mar 30 00:43:56 Accept (yes/no): 
Mar 30 00:43:56 Price: 0
Mar 30 00:43:56 [34mSent:[39m "yes\n"
Mar 30 00:43:58 [32mFinal result: [34m.. executing
Mar 30 00:43:58 [0mDeal (f010617) CID: [32mbafyreihsud5hvtxvekbugwc3xdmw2bmynfn5q75tfhm5lbm7oo2fw7t2nq[0m
Mar 30 00:43:58 
Mar 30 00:43:58 [39m
Mar 30 00:43:58 [32mDeal CID: bafyreihsud5hvtxvekbugwc3xdmw2bmynfn5q75tfhm5lbm7oo2fw7t2nq
Mar 30 00:43:58 
Mar 30 00:43:58 [39m
Mar 30 00:43:58 Wrote bafyreihsud5hvtxvekbugwc3xdmw2bmynfn5q75tfhm5lbm7oo2fw7t2nq
Mar 30 00:43:58  to minimal_finality_stateroots_620860_2021-03-28_12-00-00.car.aa.f0421499.deal
Mar 30 00:43:58 
Mar 30 00:43:59 Count: 3 of 4
Mar 30 00:43:59 f02576 (1 / 1 tries):
Mar 30 00:44:00 f0421499: 23.311372269204350478 FIL (52G free)
Mar 30 00:44:00 Escrow: 0.999999997255 FIL
Mar 30 00:44:00 Locked: 0.33251649052 FIL
Mar 30 00:44:01 Datacap: 3779168567296
Mar 30 00:44:01 .minimal_finality_stateroots_620860_2021-03-28_12-00-00.car.ab 2 of 4
Mar 30 00:44:03 Ask: f02576
Mar 30 00:44:03 Price per GiB: 0.00000002 FIL
Mar 30 00:44:03 Verified Price per GiB: 0 FIL
Mar 30 00:44:03 Max Piece size: 32 GiB
Mar 30 00:44:03 Min Piece size: 16 GiB
Mar 30 00:44:03 Miner: f02576
Mar 30 00:44:03 CID: bafykbzacedqs6z3a56hasssv234ddhav7zgrlaukfnj6norlu4deptzsezn6g
Mar 30 00:44:03 [34mLotus deal-tool[39m
Mar 30 00:44:03 CID: bafykbzacedqs6z3a56hasssv234ddhav7zgrlaukfnj6norlu4deptzsezn6g
Mar 30 00:44:03 Miner: f02576
Mar 30 00:44:03 [32mMatch for RE:[39m "Data CID .*:" found: ["Data CID (from \x1b[33mlotus client import\x1b[0m):"] Buffer: Data CID (from [33mlotus client import[0m): 
Mar 30 00:44:03 [34mSent:[39m "bafykbzacedqs6z3a56hasssv234ddhav7zgrlaukfnj6norlu4deptzsezn6g\n"
Mar 30 00:49:13 [32mMatch for RE:[39m "Deal duration .*:" found: ["Deal duration (days):"] Buffer: [34m.. calculating data size
Mar 30 00:49:13 [0mDeal duration (days): 
Mar 30 00:49:13 [34mSent:[39m "180\n"
Mar 30 00:49:13 [32mMatch for RE:[39m "Make this a verified deal.*:" found: ["Make this a verified deal? (yes/no):"] Buffer: 
Mar 30 00:49:13 Make this a verified deal? (yes/no): 
Mar 30 00:49:13 [34mSent:[39m "yes\n"
Mar 30 00:49:13 [32mMatch for RE:[39m "Miner Addresses .*:" found: ["Miner Addresses (f0.. f0..), none to find:"] Buffer: Miner Addresses (f0.. f0..), none to find: 
Mar 30 00:49:13 [34mSent:[39m "f02576\n"
Mar 30 00:49:15 [32mMatch for RE:[39m "Accept .*:" found: ["Accept (yes/no):"] Buffer: [34m.. querying miner asks
Mar 30 00:49:15 [0m-----
Mar 30 00:49:15 Proposing from f1wdxdpqh3hirrhp353i4o6ld7bsw6evh3v7i5jtq
Mar 30 00:49:15 	Balance: 23.311372269204350478 FIL
Mar 30 00:49:15 
Mar 30 00:49:15 Piece size: 32GiB (Payload size: 16.64GiB)
Mar 30 00:49:15 Duration: 4320h0m0s
Mar 30 00:49:15 Total price: ~[36m0 FIL[0m (0 FIL per epoch)
Mar 30 00:49:15 Verified: true
Mar 30 00:49:15 
Mar 30 00:49:15 Accept (yes/no): 
Mar 30 00:49:15 Price: 0
Mar 30 00:49:15 [34mSent:[39m "yes\n"
Mar 30 00:49:17 [32mFinal result: [34m.. executing
Mar 30 00:49:17 [0mDeal (f02576) CID: [32mbafyreibqlcsrxm75fog35hhclsxglkxts2hvog6njclmce6ljjxmdoqkna[0m
Mar 30 00:49:17 
Mar 30 00:49:17 [39m
Mar 30 00:49:17 [32mDeal CID: bafyreibqlcsrxm75fog35hhclsxglkxts2hvog6njclmce6ljjxmdoqkna
Mar 30 00:49:17 
Mar 30 00:49:17 [39m
Mar 30 00:49:17 Wrote bafyreibqlcsrxm75fog35hhclsxglkxts2hvog6njclmce6ljjxmdoqkna
Mar 30 00:49:17  to minimal_finality_stateroots_620860_2021-03-28_12-00-00.car.ab.f0421499.deal
Mar 30 00:49:17 
