Mar 30 16:00:28 Count: 3 of 4
Mar 30 16:00:28 f01234 (1 / 1 tries):
Mar 30 16:00:29 f0421499: 23.293832210218907393 FIL (8.2G free)
Mar 30 16:00:29 Escrow: 0.999645757255 FIL
Mar 30 16:00:29 Locked: 0.33249517244 FIL
Mar 30 16:00:29 Datacap: 3160693276672
Mar 30 16:00:29 ....
Mar 30 16:00:30 Count: 3 of 4
Mar 30 16:00:30 f01278 (1 / 1 tries):
Mar 30 16:00:31 f0421499: 23.293832210218907393 FIL (8.2G free)
Mar 30 16:00:31 Escrow: 0.999645757255 FIL
Mar 30 16:00:31 Locked: 0.33249517244 FIL
Mar 30 16:00:32 Datacap: 3160693276672
Mar 30 16:00:32 ....
Mar 30 16:00:33 Count: 3 of 4
Mar 30 16:00:33 f019551 (1 / 1 tries):
Mar 30 16:00:34 f0421499: 23.293832210218907393 FIL (8.2G free)
Mar 30 16:00:34 Escrow: 0.999645757255 FIL
Mar 30 16:00:34 Locked: 0.33249517244 FIL
Mar 30 16:00:35 Datacap: 3160693276672
Mar 30 16:00:35 ....
Mar 30 16:00:36 Count: 3 of 4
Mar 30 16:00:36 f021716 (1 / 1 tries):
Mar 30 16:00:37 f0421499: 23.293832210218907393 FIL (8.2G free)
Mar 30 16:00:37 Escrow: 0.999645757255 FIL
Mar 30 16:00:37 Locked: 0.33249517244 FIL
Mar 30 16:00:37 Datacap: 3160693276672
Mar 30 16:00:37 ....
Mar 30 16:00:38 Count: 3 of 4
Mar 30 16:00:38 f0157535 (1 / 1 tries):
Mar 30 16:00:39 f0421499: 23.293832210218907393 FIL (8.2G free)
Mar 30 16:00:40 Escrow: 0.999645757255 FIL
Mar 30 16:00:40 Locked: 0.33249517244 FIL
Mar 30 16:00:40 Datacap: 3160693276672
Mar 30 16:00:40 ....
Mar 30 16:00:41 Count: 3 of 4
Mar 30 16:00:41 f058369 (1 / 1 tries):
Mar 30 16:00:42 f0421499: 23.293832210218907393 FIL (8.2G free)
Mar 30 16:00:42 Escrow: 0.999645757255 FIL
Mar 30 16:00:42 Locked: 0.33249517244 FIL
Mar 30 16:00:42 Datacap: 3160693276672
Mar 30 16:00:42 ....
Mar 30 16:00:43 Count: 3 of 4
Mar 30 16:00:43 f023467 (1 / 1 tries):
Mar 30 16:00:44 f0421499: 23.293832210218907393 FIL (8.2G free)
Mar 30 16:00:45 Escrow: 0.999645757255 FIL
Mar 30 16:00:45 Locked: 0.33249517244 FIL
Mar 30 16:00:45 Datacap: 3160693276672
Mar 30 16:00:45 ....
Mar 30 16:00:46 Count: 3 of 4
Mar 30 16:00:46 f014409 (1 / 1 tries):
Mar 30 16:00:47 f0421499: 23.293832210218907393 FIL (8.2G free)
Mar 30 16:00:47 Escrow: 0.999645757255 FIL
Mar 30 16:00:47 Locked: 0.33249517244 FIL
Mar 30 16:00:48 Datacap: 3160693276672
Mar 30 16:00:48 ....
Mar 30 16:00:49 Count: 3 of 4
Mar 30 16:00:49 f022142 (1 / 1 tries):
Mar 30 16:00:49 f0421499: 23.293832210218907393 FIL (8.2G free)
Mar 30 16:00:49 Escrow: 0.999645757255 FIL
Mar 30 16:00:49 Locked: 0.33249517244 FIL
Mar 30 16:00:50 Datacap: 3160693276672
Mar 30 16:00:50 ....
Mar 30 16:00:51 Count: 3 of 4
Mar 30 16:00:51 f022163 (1 / 1 tries):
Mar 30 16:00:51 f0421499: 23.293832210218907393 FIL (8.2G free)
Mar 30 16:00:52 Escrow: 0.999645757255 FIL
Mar 30 16:00:52 Locked: 0.33249517244 FIL
Mar 30 16:00:52 Datacap: 3160693276672
Mar 30 16:00:52 ....
Mar 30 16:00:53 Count: 3 of 4
Mar 30 16:00:53 f066596 (1 / 1 tries):
Mar 30 16:00:54 f0421499: 23.293832210218907393 FIL (8.2G free)
Mar 30 16:00:54 Escrow: 0.999645757255 FIL
Mar 30 16:00:54 Locked: 0.33249517244 FIL
Mar 30 16:00:54 Datacap: 3160693276672
Mar 30 16:00:54 ....
Mar 30 16:00:55 Count: 3 of 4
Mar 30 16:00:55 f062353 (1 / 1 tries):
Mar 30 16:00:56 f0421499: 23.293832210218907393 FIL (8.2G free)
Mar 30 16:00:56 Escrow: 0.999645757255 FIL
Mar 30 16:00:56 Locked: 0.33249517244 FIL
Mar 30 16:00:56 Datacap: 3160693276672
Mar 30 16:00:56 ....
Mar 30 16:00:57 Count: 3 of 4
Mar 30 16:00:57 f01240 (1 / 1 tries):
Mar 30 16:00:58 f0421499: 23.293832210218907393 FIL (8.2G free)
Mar 30 16:00:58 Escrow: 0.999645757255 FIL
Mar 30 16:00:58 Locked: 0.33249517244 FIL
Mar 30 16:00:59 Datacap: 3160693276672
Mar 30 16:00:59 ....
Mar 30 16:01:00 Count: 3 of 4
Mar 30 16:01:00 f023971 (1 / 1 tries):
Mar 30 16:01:00 f0421499: 23.293832210218907393 FIL (8.2G free)
Mar 30 16:01:01 Escrow: 0.999645757255 FIL
Mar 30 16:01:01 Locked: 0.33249517244 FIL
Mar 30 16:01:01 Datacap: 3160693276672
Mar 30 16:01:01 ....
Mar 30 16:01:02 Count: 3 of 4
Mar 30 16:01:02 f010479 (1 / 1 tries):
Mar 30 16:01:03 f0421499: 23.293832210218907393 FIL (8.2G free)
Mar 30 16:01:03 Escrow: 0.999645757255 FIL
Mar 30 16:01:03 Locked: 0.33249517244 FIL
Mar 30 16:01:03 Datacap: 3160693276672
Mar 30 16:01:03 ....
Mar 30 16:01:04 Count: 3 of 4
Mar 30 16:01:04 f0127896 (1 / 1 tries):
Mar 30 16:01:05 Skipping f0127896: min-ask
Mar 30 16:01:05 
Mar 30 16:01:06 Count: 3 of 4
Mar 30 16:01:06 f015927 (1 / 1 tries):
Mar 30 16:01:06 Skipping f015927: min-ask
Mar 30 16:01:06 
Mar 30 16:01:07 Count: 3 of 4
Mar 30 16:01:07 f0145874 (1 / 1 tries):
Mar 30 16:01:07 f0421499: 23.293832210218907393 FIL (8.2G free)
Mar 30 16:01:08 Escrow: 0.999645757255 FIL
Mar 30 16:01:08 Locked: 0.33249517244 FIL
Mar 30 16:01:08 Datacap: 3160693276672
Mar 30 16:01:08 ....
Mar 30 16:01:09 Count: 3 of 4
Mar 30 16:01:09 f010617 (1 / 1 tries):
Mar 30 16:01:10 f0421499: 23.293832210218907393 FIL (8.2G free)
Mar 30 16:01:10 Escrow: 0.999645757255 FIL
Mar 30 16:01:10 Locked: 0.33249517244 FIL
Mar 30 16:01:11 Datacap: 3160693276672
Mar 30 16:01:11 ....
Mar 30 16:01:12 Count: 3 of 4
Mar 30 16:01:12 f02576 (1 / 1 tries):
Mar 30 16:01:12 f0421499: 23.293832210218907393 FIL (8.2G free)
Mar 30 16:01:13 Escrow: 0.999645757255 FIL
Mar 30 16:01:13 Locked: 0.33249517244 FIL
Mar 30 16:01:13 Datacap: 3160693276672
Mar 30 16:01:13 ....
Mar 30 16:01:14 Count: 3 of 4
Mar 30 16:01:14 f019041 (1 / 1 tries):
Mar 30 16:01:15 f0421499: 23.293832210218907393 FIL (8.2G free)
Mar 30 16:01:15 Escrow: 0.999645757255 FIL
Mar 30 16:01:15 Locked: 0.33249517244 FIL
Mar 30 16:01:16 Datacap: 3160693276672
Mar 30 16:01:16 ....
Mar 30 16:01:17 Count: 3 of 4
Mar 30 16:01:17 f071624 (1 / 1 tries):
Mar 30 16:01:17 f0421499: 23.293832210218907393 FIL (8.2G free)
Mar 30 16:01:18 Escrow: 0.999645757255 FIL
Mar 30 16:01:18 Locked: 0.33249517244 FIL
Mar 30 16:01:18 Datacap: 3160693276672
Mar 30 16:01:18 ....
Mar 30 16:01:19 Count: 3 of 4
Mar 30 16:01:19 f099608 (1 / 1 tries):
Mar 30 16:01:19 f0421499: 23.293832210218907393 FIL (8.2G free)
Mar 30 16:01:19 Escrow: 0.999645757255 FIL
Mar 30 16:01:19 Locked: 0.33249517244 FIL
Mar 30 16:01:20 Datacap: 3160693276672
Mar 30 16:01:20 ....
Mar 30 16:01:21 Count: 3 of 4
Mar 30 16:01:21 f08403 (1 / 1 tries):
Mar 30 16:01:22 f0421499: 23.293832210218907393 FIL (8.2G free)
Mar 30 16:01:22 Escrow: 0.999645757255 FIL
Mar 30 16:01:22 Locked: 0.33249517244 FIL
Mar 30 16:01:22 Datacap: 3160693276672
Mar 30 16:01:22 ....
Mar 30 16:01:23 Count: 3 of 4
Mar 30 16:01:23 f019104 (1 / 1 tries):
Mar 30 16:01:24 Skipping f019104: error-ask
Mar 30 16:01:24 
Mar 30 16:01:25 Count: 3 of 4
Mar 30 16:01:25 f019362 (1 / 1 tries):
Mar 30 16:01:25 f0421499: 23.293832210218907393 FIL (8.2G free)
Mar 30 16:01:26 Escrow: 0.999645757255 FIL
Mar 30 16:01:26 Locked: 0.33249517244 FIL
Mar 30 16:01:26 Datacap: 3160693276672
Mar 30 16:01:26 ....
Mar 30 16:01:27 Count: 3 of 4
Mar 30 16:01:27 f022352 (1 / 1 tries):
Mar 30 16:01:28 f0421499: 23.293832210218907393 FIL (8.2G free)
Mar 30 16:01:28 Escrow: 0.999645757255 FIL
Mar 30 16:01:28 Locked: 0.33249517244 FIL
Mar 30 16:01:29 Datacap: 3160693276672
Mar 30 16:01:29 ....
Mar 30 16:01:30 Count: 3 of 4
Mar 30 16:01:30 f07998 (1 / 1 tries):
Mar 30 16:01:30 f0421499: 23.293832210218907393 FIL (8.2G free)
Mar 30 16:01:30 Escrow: 0.999645757255 FIL
Mar 30 16:01:30 Locked: 0.33249517244 FIL
Mar 30 16:01:31 Datacap: 3160693276672
Mar 30 16:01:31 ....
Mar 30 16:01:32 Count: 3 of 4
Mar 30 16:01:32 f01277 (1 / 1 tries):
Mar 30 16:01:32 Skipping f01277: min-ask
Mar 30 16:01:32 
Mar 30 16:01:33 Count: 3 of 4
Mar 30 16:01:33 f019100 (1 / 1 tries):
Mar 30 16:01:33 Skipping f019100: error-ask
Mar 30 16:01:33 
Mar 30 16:01:34 Count: 3 of 4
Mar 30 16:01:34 f02606 (1 / 1 tries):
Mar 30 16:01:35 f0421499: 23.293832210218907393 FIL (8.2G free)
Mar 30 16:01:35 Escrow: 0.999645757255 FIL
Mar 30 16:01:35 Locked: 0.33249517244 FIL
Mar 30 16:01:35 Datacap: 3160693276672
Mar 30 16:01:35 ....
Mar 30 16:01:36 Count: 3 of 4
Mar 30 16:01:36 f01247 (1 / 1 tries):
Mar 30 16:01:37 f0421499: 23.293832210218907393 FIL (8.2G free)
Mar 30 16:01:37 Escrow: 0.999645757255 FIL
Mar 30 16:01:37 Locked: 0.33249517244 FIL
Mar 30 16:01:37 Datacap: 3160693276672
Mar 30 16:01:37 ....
Mar 30 16:01:38 Count: 3 of 4
Mar 30 16:01:38 f08399 (1 / 1 tries):
Mar 30 16:01:39 f0421499: 23.293832210218907393 FIL (8.2G free)
Mar 30 16:01:39 Escrow: 0.999645757255 FIL
Mar 30 16:01:39 Locked: 0.33249517244 FIL
Mar 30 16:01:40 Datacap: 3160693276672
Mar 30 16:01:40 ....
Mar 30 16:01:41 Count: 3 of 4
Mar 30 16:01:41 f09848 (1 / 1 tries):
Mar 30 16:01:41 f0421499: 23.293832210218907393 FIL (8.2G free)
Mar 30 16:01:41 Escrow: 0.999645757255 FIL
Mar 30 16:01:41 Locked: 0.33249517244 FIL
Mar 30 16:01:42 Datacap: 3160693276672
Mar 30 16:01:42 ....
Mar 30 16:01:43 Count: 3 of 4
Mar 30 16:01:43 f0165400 (1 / 1 tries):
Mar 30 16:01:43 f0421499: 23.293832210218907393 FIL (8.2G free)
Mar 30 16:01:44 Escrow: 0.999645757255 FIL
Mar 30 16:01:44 Locked: 0.33249517244 FIL
Mar 30 16:01:44 Datacap: 3160693276672
Mar 30 16:01:44 ....
Mar 30 16:01:45 Count: 3 of 4
Mar 30 16:01:45 f014768 (1 / 1 tries):
Mar 30 16:01:46 f0421499: 23.293832210218907393 FIL (8.2G free)
Mar 30 16:01:46 Escrow: 0.999645757255 FIL
Mar 30 16:01:46 Locked: 0.33249517244 FIL
Mar 30 16:01:46 Datacap: 3160693276672
Mar 30 16:01:46 ....
