Mar 30 04:37:00 Count: 3 of 4
Mar 30 04:37:00 f023971 (1 / 1 tries):
Mar 30 04:37:00 f0421499: 23.293832210218907393 FIL (11G free)
Mar 30 04:37:00 Escrow: 0.999645757255 FIL
Mar 30 04:37:00 Locked: 0.33249517244 FIL
Mar 30 04:37:00 Datacap: 3160693276672
Mar 30 04:37:01 ....
Mar 30 04:37:02 Count: 3 of 4
Mar 30 04:37:02 f019362 (1 / 1 tries):
Mar 30 04:37:02 f0421499: 23.293832210218907393 FIL (11G free)
Mar 30 04:37:02 Escrow: 0.999645757255 FIL
Mar 30 04:37:02 Locked: 0.33249517244 FIL
Mar 30 04:37:02 Datacap: 3160693276672
Mar 30 04:37:02 ....
Mar 30 04:37:03 Count: 3 of 4
Mar 30 04:37:03 f0145874 (1 / 1 tries):
Mar 30 04:37:04 f0421499: 23.293832210218907393 FIL (11G free)
Mar 30 04:37:04 Escrow: 0.999645757255 FIL
Mar 30 04:37:04 Locked: 0.33249517244 FIL
Mar 30 04:37:04 Datacap: 3160693276672
Mar 30 04:37:04 ....
Mar 30 04:37:05 Count: 3 of 4
Mar 30 04:37:05 f058369 (1 / 1 tries):
Mar 30 04:37:06 f0421499: 23.293832210218907393 FIL (11G free)
Mar 30 04:37:06 Escrow: 0.999645757255 FIL
Mar 30 04:37:06 Locked: 0.33249517244 FIL
Mar 30 04:37:06 Datacap: 3160693276672
Mar 30 04:37:06 ....
Mar 30 04:37:07 Count: 3 of 4
Mar 30 04:37:07 f01278 (1 / 1 tries):
Mar 30 04:37:07 f0421499: 23.293832210218907393 FIL (11G free)
Mar 30 04:37:08 Escrow: 0.999645757255 FIL
Mar 30 04:37:08 Locked: 0.33249517244 FIL
Mar 30 04:37:08 Datacap: 3160693276672
Mar 30 04:37:08 ....
Mar 30 04:37:09 Count: 3 of 4
Mar 30 04:37:09 f023467 (1 / 1 tries):
Mar 30 04:37:09 f0421499: 23.293832210218907393 FIL (11G free)
Mar 30 04:37:09 Escrow: 0.999645757255 FIL
Mar 30 04:37:09 Locked: 0.33249517244 FIL
Mar 30 04:37:10 Datacap: 3160693276672
Mar 30 04:37:10 ....
Mar 30 04:37:11 Count: 3 of 4
Mar 30 04:37:11 f09848 (1 / 1 tries):
Mar 30 04:37:11 f0421499: 23.293832210218907393 FIL (11G free)
Mar 30 04:37:11 Escrow: 0.999645757255 FIL
Mar 30 04:37:11 Locked: 0.33249517244 FIL
Mar 30 04:37:12 Datacap: 3160693276672
Mar 30 04:37:12 ....
Mar 30 04:37:13 Count: 3 of 4
Mar 30 04:37:13 f022352 (1 / 1 tries):
Mar 30 04:37:13 f0421499: 23.293832210218907393 FIL (11G free)
Mar 30 04:37:13 Escrow: 0.999645757255 FIL
Mar 30 04:37:13 Locked: 0.33249517244 FIL
Mar 30 04:37:14 Datacap: 3160693276672
Mar 30 04:37:14 ....
Mar 30 04:37:15 Count: 3 of 4
Mar 30 04:37:15 f01240 (1 / 1 tries):
Mar 30 04:37:15 f0421499: 23.293832210218907393 FIL (11G free)
Mar 30 04:37:15 Escrow: 0.999645757255 FIL
Mar 30 04:37:15 Locked: 0.33249517244 FIL
Mar 30 04:37:15 Datacap: 3160693276672
Mar 30 04:37:15 ....
Mar 30 04:37:16 Count: 3 of 4
Mar 30 04:37:16 f02576 (1 / 1 tries):
Mar 30 04:37:17 f0421499: 23.293832210218907393 FIL (11G free)
Mar 30 04:37:17 Escrow: 0.999645757255 FIL
Mar 30 04:37:17 Locked: 0.33249517244 FIL
Mar 30 04:37:17 Datacap: 3160693276672
Mar 30 04:37:18 ....
Mar 30 04:37:19 Count: 3 of 4
Mar 30 04:37:19 f010479 (1 / 1 tries):
Mar 30 04:37:19 f0421499: 23.293832210218907393 FIL (11G free)
Mar 30 04:37:19 Escrow: 0.999645757255 FIL
Mar 30 04:37:19 Locked: 0.33249517244 FIL
Mar 30 04:37:19 Datacap: 3160693276672
Mar 30 04:37:19 ....
Mar 30 04:37:20 Count: 3 of 4
Mar 30 04:37:20 f0127896 (1 / 1 tries):
Mar 30 04:37:20 Skipping f0127896: min-ask
Mar 30 04:37:20 
Mar 30 04:37:21 Count: 3 of 4
Mar 30 04:37:21 f019041 (1 / 1 tries):
Mar 30 04:37:22 f0421499: 23.293832210218907393 FIL (11G free)
Mar 30 04:37:22 Escrow: 0.999645757255 FIL
Mar 30 04:37:22 Locked: 0.33249517244 FIL
Mar 30 04:37:22 Datacap: 3160693276672
Mar 30 04:37:22 ....
Mar 30 04:37:23 Count: 3 of 4
Mar 30 04:37:23 f08399 (1 / 1 tries):
Mar 30 04:37:24 f0421499: 23.293832210218907393 FIL (11G free)
Mar 30 04:37:24 Escrow: 0.999645757255 FIL
Mar 30 04:37:24 Locked: 0.33249517244 FIL
Mar 30 04:37:24 Datacap: 3160693276672
Mar 30 04:37:24 ....
Mar 30 04:37:25 Count: 3 of 4
Mar 30 04:37:25 f014768 (1 / 1 tries):
Mar 30 04:37:26 f0421499: 23.293832210218907393 FIL (11G free)
Mar 30 04:37:26 Escrow: 0.999645757255 FIL
Mar 30 04:37:26 Locked: 0.33249517244 FIL
Mar 30 04:37:26 Datacap: 3160693276672
Mar 30 04:37:26 ....
Mar 30 04:37:27 Count: 3 of 4
Mar 30 04:37:27 f0157535 (1 / 1 tries):
Mar 30 04:37:27 f0421499: 23.293832210218907393 FIL (11G free)
Mar 30 04:37:28 Escrow: 0.999645757255 FIL
Mar 30 04:37:28 Locked: 0.33249517244 FIL
Mar 30 04:37:28 Datacap: 3160693276672
Mar 30 04:37:28 ....
Mar 30 04:37:29 Count: 3 of 4
Mar 30 04:37:29 f019551 (1 / 1 tries):
Mar 30 04:37:29 f0421499: 23.293832210218907393 FIL (11G free)
Mar 30 04:37:29 Escrow: 0.999645757255 FIL
Mar 30 04:37:29 Locked: 0.33249517244 FIL
Mar 30 04:37:30 Datacap: 3160693276672
Mar 30 04:37:30 ....
Mar 30 04:37:31 Count: 3 of 4
Mar 30 04:37:31 f019104 (1 / 1 tries):
Mar 30 04:37:31 Skipping f019104: error-ask
Mar 30 04:37:31 
Mar 30 04:37:32 Count: 3 of 4
Mar 30 04:37:32 f0165400 (1 / 1 tries):
Mar 30 04:37:32 f0421499: 23.293832210218907393 FIL (11G free)
Mar 30 04:37:33 Escrow: 0.999645757255 FIL
Mar 30 04:37:33 Locked: 0.33249517244 FIL
Mar 30 04:37:33 Datacap: 3160693276672
Mar 30 04:37:33 ....
Mar 30 04:37:34 Count: 3 of 4
Mar 30 04:37:34 f01247 (1 / 1 tries):
Mar 30 04:37:34 f0421499: 23.293832210218907393 FIL (11G free)
Mar 30 04:37:34 Escrow: 0.999645757255 FIL
Mar 30 04:37:34 Locked: 0.33249517244 FIL
Mar 30 04:37:35 Datacap: 3160693276672
Mar 30 04:37:35 ....
Mar 30 04:37:36 Count: 3 of 4
Mar 30 04:37:36 f01234 (1 / 1 tries):
Mar 30 04:37:36 f0421499: 23.293832210218907393 FIL (11G free)
Mar 30 04:37:36 Escrow: 0.999645757255 FIL
Mar 30 04:37:36 Locked: 0.33249517244 FIL
Mar 30 04:37:36 Datacap: 3160693276672
Mar 30 04:37:36 ....
Mar 30 04:37:37 Count: 3 of 4
Mar 30 04:37:37 f062353 (1 / 1 tries):
Mar 30 04:37:38 f0421499: 23.293832210218907393 FIL (11G free)
Mar 30 04:37:38 Escrow: 0.999645757255 FIL
Mar 30 04:37:38 Locked: 0.33249517244 FIL
Mar 30 04:37:38 Datacap: 3160693276672
Mar 30 04:37:39 ....
Mar 30 04:37:40 Count: 3 of 4
Mar 30 04:37:40 f021716 (1 / 1 tries):
Mar 30 04:37:40 f0421499: 23.293832210218907393 FIL (11G free)
Mar 30 04:37:40 Escrow: 0.999645757255 FIL
Mar 30 04:37:40 Locked: 0.33249517244 FIL
Mar 30 04:37:40 Datacap: 3160693276672
Mar 30 04:37:40 ....
Mar 30 04:37:41 Count: 3 of 4
Mar 30 04:37:41 f099608 (1 / 1 tries):
Mar 30 04:37:42 f0421499: 23.293832210218907393 FIL (11G free)
Mar 30 04:37:42 Escrow: 0.999645757255 FIL
Mar 30 04:37:42 Locked: 0.33249517244 FIL
Mar 30 04:37:42 Datacap: 3160693276672
Mar 30 04:37:42 ....
Mar 30 04:37:43 Count: 3 of 4
Mar 30 04:37:43 f071624 (1 / 1 tries):
Mar 30 04:37:44 f0421499: 23.293832210218907393 FIL (11G free)
Mar 30 04:37:44 Escrow: 0.999645757255 FIL
Mar 30 04:37:44 Locked: 0.33249517244 FIL
Mar 30 04:37:44 Datacap: 3160693276672
Mar 30 04:37:45 ....
Mar 30 04:37:46 Count: 3 of 4
Mar 30 04:37:46 f015927 (1 / 1 tries):
Mar 30 04:37:46 Skipping f015927: min-ask
Mar 30 04:37:46 
Mar 30 04:37:47 Count: 3 of 4
Mar 30 04:37:47 f022163 (1 / 1 tries):
Mar 30 04:37:47 f0421499: 23.293832210218907393 FIL (11G free)
Mar 30 04:37:47 Escrow: 0.999645757255 FIL
Mar 30 04:37:47 Locked: 0.33249517244 FIL
Mar 30 04:37:48 Datacap: 3160693276672
Mar 30 04:37:48 ....
Mar 30 04:37:49 Count: 3 of 4
Mar 30 04:37:49 f02606 (1 / 1 tries):
Mar 30 04:37:49 f0421499: 23.293832210218907393 FIL (11G free)
Mar 30 04:37:49 Escrow: 0.999645757255 FIL
Mar 30 04:37:49 Locked: 0.33249517244 FIL
Mar 30 04:37:50 Datacap: 3160693276672
Mar 30 04:37:50 ....
Mar 30 04:37:51 Count: 3 of 4
Mar 30 04:37:51 f08403 (1 / 1 tries):
Mar 30 04:37:51 f0421499: 23.293832210218907393 FIL (11G free)
Mar 30 04:37:51 Escrow: 0.999645757255 FIL
Mar 30 04:37:51 Locked: 0.33249517244 FIL
Mar 30 04:37:51 Datacap: 3160693276672
Mar 30 04:37:52 ....
Mar 30 04:37:53 Count: 3 of 4
Mar 30 04:37:53 f010617 (1 / 1 tries):
Mar 30 04:37:53 f0421499: 23.293832210218907393 FIL (11G free)
Mar 30 04:37:53 Escrow: 0.999645757255 FIL
Mar 30 04:37:53 Locked: 0.33249517244 FIL
Mar 30 04:37:53 Datacap: 3160693276672
Mar 30 04:37:53 ....
Mar 30 04:37:54 Count: 3 of 4
Mar 30 04:37:54 f019100 (1 / 1 tries):
Mar 30 04:37:55 Skipping f019100: error-ask
Mar 30 04:37:55 
Mar 30 04:37:56 Count: 3 of 4
Mar 30 04:37:56 f066596 (1 / 1 tries):
Mar 30 04:37:56 f0421499: 23.293832210218907393 FIL (11G free)
Mar 30 04:37:56 Escrow: 0.999645757255 FIL
Mar 30 04:37:56 Locked: 0.33249517244 FIL
Mar 30 04:37:56 Datacap: 3160693276672
Mar 30 04:37:56 ....
Mar 30 04:37:57 Count: 3 of 4
Mar 30 04:37:57 f022142 (1 / 1 tries):
Mar 30 04:37:58 f0421499: 23.293832210218907393 FIL (11G free)
Mar 30 04:37:58 Escrow: 0.999645757255 FIL
Mar 30 04:37:58 Locked: 0.33249517244 FIL
Mar 30 04:37:58 Datacap: 3160693276672
Mar 30 04:37:58 ....
Mar 30 04:37:59 Count: 3 of 4
Mar 30 04:37:59 f014409 (1 / 1 tries):
Mar 30 04:38:00 f0421499: 23.293832210218907393 FIL (11G free)
Mar 30 04:38:00 Escrow: 0.999645757255 FIL
Mar 30 04:38:00 Locked: 0.33249517244 FIL
Mar 30 04:38:00 Datacap: 3160693276672
Mar 30 04:38:00 ....
Mar 30 04:38:01 Count: 3 of 4
Mar 30 04:38:01 f07998 (1 / 1 tries):
Mar 30 04:38:02 f0421499: 23.293832210218907393 FIL (11G free)
Mar 30 04:38:02 Escrow: 0.999645757255 FIL
Mar 30 04:38:02 Locked: 0.33249517244 FIL
Mar 30 04:38:02 Datacap: 3160693276672
Mar 30 04:38:02 ....
Mar 30 04:38:03 Count: 3 of 4
Mar 30 04:38:03 f01277 (1 / 1 tries):
Mar 30 04:38:03 Skipping f01277: min-ask
Mar 30 04:38:03 
