Mar 30 14:49:03 Count: 3 of 4
Mar 30 14:49:03 f019104 (1 / 1 tries):
Mar 30 14:49:03 Skipping f019104: error-ask
Mar 30 14:49:03 
Mar 30 14:49:04 Count: 3 of 4
Mar 30 14:49:04 f09848 (1 / 1 tries):
Mar 30 14:49:05 f0421499: 23.293832210218907393 FIL (8.4G free)
Mar 30 14:49:05 Escrow: 0.999645757255 FIL
Mar 30 14:49:05 Locked: 0.33249517244 FIL
Mar 30 14:49:05 Datacap: 3160693276672
Mar 30 14:49:05 ....
Mar 30 14:49:06 Count: 3 of 4
Mar 30 14:49:06 f01240 (1 / 1 tries):
Mar 30 14:49:07 f0421499: 23.293832210218907393 FIL (8.4G free)
Mar 30 14:49:08 Escrow: 0.999645757255 FIL
Mar 30 14:49:08 Locked: 0.33249517244 FIL
Mar 30 14:49:08 Datacap: 3160693276672
Mar 30 14:49:08 ....
Mar 30 14:49:09 Count: 3 of 4
Mar 30 14:49:09 f099608 (1 / 1 tries):
Mar 30 14:49:10 f0421499: 23.293832210218907393 FIL (8.4G free)
Mar 30 14:49:10 Escrow: 0.999645757255 FIL
Mar 30 14:49:10 Locked: 0.33249517244 FIL
Mar 30 14:49:10 Datacap: 3160693276672
Mar 30 14:49:10 ....
Mar 30 14:49:11 Count: 3 of 4
Mar 30 14:49:11 f0165400 (1 / 1 tries):
Mar 30 14:49:12 f0421499: 23.293832210218907393 FIL (8.4G free)
Mar 30 14:49:12 Escrow: 0.999645757255 FIL
Mar 30 14:49:12 Locked: 0.33249517244 FIL
Mar 30 14:49:13 Datacap: 3160693276672
Mar 30 14:49:13 ....
Mar 30 14:49:14 Count: 3 of 4
Mar 30 14:49:14 f015927 (1 / 1 tries):
Mar 30 14:49:14 Skipping f015927: min-ask
Mar 30 14:49:14 
Mar 30 14:49:15 Count: 3 of 4
Mar 30 14:49:15 f08403 (1 / 1 tries):
Mar 30 14:49:16 f0421499: 23.293832210218907393 FIL (8.4G free)
Mar 30 14:49:16 Escrow: 0.999645757255 FIL
Mar 30 14:49:16 Locked: 0.33249517244 FIL
Mar 30 14:49:16 Datacap: 3160693276672
Mar 30 14:49:16 ....
Mar 30 14:49:17 Count: 3 of 4
Mar 30 14:49:17 f023971 (1 / 1 tries):
Mar 30 14:49:18 f0421499: 23.293832210218907393 FIL (8.4G free)
Mar 30 14:49:18 Escrow: 0.999645757255 FIL
Mar 30 14:49:18 Locked: 0.33249517244 FIL
Mar 30 14:49:19 Datacap: 3160693276672
Mar 30 14:49:19 ....
Mar 30 14:49:20 Count: 3 of 4
Mar 30 14:49:20 f014409 (1 / 1 tries):
Mar 30 14:49:21 f0421499: 23.293832210218907393 FIL (8.4G free)
Mar 30 14:49:21 Escrow: 0.999645757255 FIL
Mar 30 14:49:21 Locked: 0.33249517244 FIL
Mar 30 14:49:21 Datacap: 3160693276672
Mar 30 14:49:21 ....
Mar 30 14:49:22 Count: 3 of 4
Mar 30 14:49:22 f062353 (1 / 1 tries):
Mar 30 14:49:23 f0421499: 23.293832210218907393 FIL (8.4G free)
Mar 30 14:49:24 Escrow: 0.999645757255 FIL
Mar 30 14:49:24 Locked: 0.33249517244 FIL
Mar 30 14:49:24 Datacap: 3160693276672
Mar 30 14:49:24 ....
Mar 30 14:49:25 Count: 3 of 4
Mar 30 14:49:25 f066596 (1 / 1 tries):
Mar 30 14:49:26 f0421499: 23.293832210218907393 FIL (8.4G free)
Mar 30 14:49:26 Escrow: 0.999645757255 FIL
Mar 30 14:49:26 Locked: 0.33249517244 FIL
Mar 30 14:49:26 Datacap: 3160693276672
Mar 30 14:49:26 ....
Mar 30 14:49:27 Count: 3 of 4
Mar 30 14:49:27 f019100 (1 / 1 tries):
Mar 30 14:49:27 Skipping f019100: error-ask
Mar 30 14:49:27 
Mar 30 14:49:28 Count: 3 of 4
Mar 30 14:49:28 f022163 (1 / 1 tries):
Mar 30 14:49:29 f0421499: 23.293832210218907393 FIL (8.4G free)
Mar 30 14:49:30 Escrow: 0.999645757255 FIL
Mar 30 14:49:30 Locked: 0.33249517244 FIL
Mar 30 14:49:30 Datacap: 3160693276672
Mar 30 14:49:30 ....
Mar 30 14:49:31 Count: 3 of 4
Mar 30 14:49:31 f01247 (1 / 1 tries):
Mar 30 14:49:31 f0421499: 23.293832210218907393 FIL (8.4G free)
Mar 30 14:49:32 Escrow: 0.999645757255 FIL
Mar 30 14:49:32 Locked: 0.33249517244 FIL
Mar 30 14:49:32 Datacap: 3160693276672
Mar 30 14:49:32 ....
Mar 30 14:49:33 Count: 3 of 4
Mar 30 14:49:33 f01234 (1 / 1 tries):
Mar 30 14:49:34 f0421499: 23.293832210218907393 FIL (8.4G free)
Mar 30 14:49:34 Escrow: 0.999645757255 FIL
Mar 30 14:49:34 Locked: 0.33249517244 FIL
Mar 30 14:49:34 Datacap: 3160693276672
Mar 30 14:49:34 ....
Mar 30 14:49:35 Count: 3 of 4
Mar 30 14:49:35 f0145874 (1 / 1 tries):
Mar 30 14:49:36 f0421499: 23.293832210218907393 FIL (8.4G free)
Mar 30 14:49:36 Escrow: 0.999645757255 FIL
Mar 30 14:49:36 Locked: 0.33249517244 FIL
Mar 30 14:49:36 Datacap: 3160693276672
Mar 30 14:49:36 ....
Mar 30 14:49:37 Count: 3 of 4
Mar 30 14:49:37 f0127896 (1 / 1 tries):
Mar 30 14:49:38 Skipping f0127896: min-ask
Mar 30 14:49:38 
Mar 30 14:49:39 Count: 3 of 4
Mar 30 14:49:39 f058369 (1 / 1 tries):
Mar 30 14:49:40 f0421499: 23.293832210218907393 FIL (8.4G free)
Mar 30 14:49:40 Escrow: 0.999645757255 FIL
Mar 30 14:49:40 Locked: 0.33249517244 FIL
Mar 30 14:49:40 Datacap: 3160693276672
Mar 30 14:49:40 ....
Mar 30 14:49:41 Count: 3 of 4
Mar 30 14:49:41 f02576 (1 / 1 tries):
Mar 30 14:49:42 f0421499: 23.293832210218907393 FIL (8.4G free)
Mar 30 14:49:42 Escrow: 0.999645757255 FIL
Mar 30 14:49:42 Locked: 0.33249517244 FIL
Mar 30 14:49:42 Datacap: 3160693276672
Mar 30 14:49:42 ....
Mar 30 14:49:43 Count: 3 of 4
Mar 30 14:49:43 f08399 (1 / 1 tries):
Mar 30 14:49:44 f0421499: 23.293832210218907393 FIL (8.4G free)
Mar 30 14:49:44 Escrow: 0.999645757255 FIL
Mar 30 14:49:44 Locked: 0.33249517244 FIL
Mar 30 14:49:45 Datacap: 3160693276672
Mar 30 14:49:45 ....
Mar 30 14:49:46 Count: 3 of 4
Mar 30 14:49:46 f010617 (1 / 1 tries):
Mar 30 14:49:46 f0421499: 23.293832210218907393 FIL (8.4G free)
Mar 30 14:49:46 Escrow: 0.999645757255 FIL
Mar 30 14:49:46 Locked: 0.33249517244 FIL
Mar 30 14:49:47 Datacap: 3160693276672
Mar 30 14:49:47 ....
Mar 30 14:49:48 Count: 3 of 4
Mar 30 14:49:48 f010479 (1 / 1 tries):
Mar 30 14:49:49 f0421499: 23.293832210218907393 FIL (8.4G free)
Mar 30 14:49:49 Escrow: 0.999645757255 FIL
Mar 30 14:49:49 Locked: 0.33249517244 FIL
Mar 30 14:49:49 Datacap: 3160693276672
Mar 30 14:49:50 ....
Mar 30 14:49:51 Count: 3 of 4
Mar 30 14:49:51 f0157535 (1 / 1 tries):
Mar 30 14:49:51 f0421499: 23.293832210218907393 FIL (8.4G free)
Mar 30 14:49:51 Escrow: 0.999645757255 FIL
Mar 30 14:49:51 Locked: 0.33249517244 FIL
Mar 30 14:49:52 Datacap: 3160693276672
Mar 30 14:49:52 ....
Mar 30 14:49:53 Count: 3 of 4
Mar 30 14:49:53 f019362 (1 / 1 tries):
Mar 30 14:49:54 f0421499: 23.293832210218907393 FIL (8.4G free)
Mar 30 14:49:54 Escrow: 0.999645757255 FIL
Mar 30 14:49:54 Locked: 0.33249517244 FIL
Mar 30 14:49:54 Datacap: 3160693276672
Mar 30 14:49:55 ....
Mar 30 14:49:56 Count: 3 of 4
Mar 30 14:49:56 f01277 (1 / 1 tries):
Mar 30 14:49:56 Skipping f01277: min-ask
Mar 30 14:49:56 
Mar 30 14:49:57 Count: 3 of 4
Mar 30 14:49:57 f019551 (1 / 1 tries):
Mar 30 14:49:58 f0421499: 23.293832210218907393 FIL (8.4G free)
Mar 30 14:49:58 Escrow: 0.999645757255 FIL
Mar 30 14:49:58 Locked: 0.33249517244 FIL
Mar 30 14:49:58 Datacap: 3160693276672
Mar 30 14:49:58 ....
Mar 30 14:50:00 Count: 3 of 4
Mar 30 14:50:00 f071624 (1 / 1 tries):
Mar 30 14:50:00 f0421499: 23.293832210218907393 FIL (8.4G free)
Mar 30 14:50:01 Escrow: 0.999645757255 FIL
Mar 30 14:50:01 Locked: 0.33249517244 FIL
Mar 30 14:50:01 Datacap: 3160693276672
Mar 30 14:50:01 ....
Mar 30 14:50:02 Count: 3 of 4
Mar 30 14:50:02 f022352 (1 / 1 tries):
Mar 30 14:50:03 f0421499: 23.293832210218907393 FIL (8.4G free)
Mar 30 14:50:03 Escrow: 0.999645757255 FIL
Mar 30 14:50:03 Locked: 0.33249517244 FIL
Mar 30 14:50:03 Datacap: 3160693276672
Mar 30 14:50:03 ....
Mar 30 14:50:04 Count: 3 of 4
Mar 30 14:50:04 f023467 (1 / 1 tries):
Mar 30 14:50:05 f0421499: 23.293832210218907393 FIL (8.4G free)
Mar 30 14:50:05 Escrow: 0.999645757255 FIL
Mar 30 14:50:05 Locked: 0.33249517244 FIL
Mar 30 14:50:06 Datacap: 3160693276672
Mar 30 14:50:06 ....
Mar 30 14:50:07 Count: 3 of 4
Mar 30 14:50:07 f014768 (1 / 1 tries):
Mar 30 14:50:07 f0421499: 23.293832210218907393 FIL (8.4G free)
Mar 30 14:50:08 Escrow: 0.999645757255 FIL
Mar 30 14:50:08 Locked: 0.33249517244 FIL
Mar 30 14:50:08 Datacap: 3160693276672
Mar 30 14:50:08 ....
Mar 30 14:50:09 Count: 3 of 4
Mar 30 14:50:09 f021716 (1 / 1 tries):
Mar 30 14:50:09 f0421499: 23.293832210218907393 FIL (8.4G free)
Mar 30 14:50:10 Escrow: 0.999645757255 FIL
Mar 30 14:50:10 Locked: 0.33249517244 FIL
Mar 30 14:50:10 Datacap: 3160693276672
Mar 30 14:50:10 ....
Mar 30 14:50:12 Count: 3 of 4
Mar 30 14:50:12 f07998 (1 / 1 tries):
Mar 30 14:50:12 f0421499: 23.293832210218907393 FIL (8.4G free)
Mar 30 14:50:12 Escrow: 0.999645757255 FIL
Mar 30 14:50:12 Locked: 0.33249517244 FIL
Mar 30 14:50:12 Datacap: 3160693276672
Mar 30 14:50:12 ....
Mar 30 14:50:13 Count: 3 of 4
Mar 30 14:50:13 f01278 (1 / 1 tries):
Mar 30 14:50:14 f0421499: 23.293832210218907393 FIL (8.4G free)
Mar 30 14:50:14 Escrow: 0.999645757255 FIL
Mar 30 14:50:14 Locked: 0.33249517244 FIL
Mar 30 14:50:14 Datacap: 3160693276672
Mar 30 14:50:14 ....
Mar 30 14:50:15 Count: 3 of 4
Mar 30 14:50:15 f022142 (1 / 1 tries):
Mar 30 14:50:16 f0421499: 23.293832210218907393 FIL (8.4G free)
Mar 30 14:50:16 Escrow: 0.999645757255 FIL
Mar 30 14:50:16 Locked: 0.33249517244 FIL
Mar 30 14:50:17 Datacap: 3160693276672
Mar 30 14:50:17 ....
Mar 30 14:50:18 Count: 3 of 4
Mar 30 14:50:18 f02606 (1 / 1 tries):
Mar 30 14:50:18 f0421499: 23.293832210218907393 FIL (8.4G free)
Mar 30 14:50:18 Escrow: 0.999645757255 FIL
Mar 30 14:50:18 Locked: 0.33249517244 FIL
Mar 30 14:50:19 Datacap: 3160693276672
Mar 30 14:50:19 ....
Mar 30 14:50:20 Count: 3 of 4
Mar 30 14:50:20 f019041 (1 / 1 tries):
Mar 30 14:50:20 f0421499: 23.293832210218907393 FIL (8.4G free)
Mar 30 14:50:20 Escrow: 0.999645757255 FIL
Mar 30 14:50:20 Locked: 0.33249517244 FIL
Mar 30 14:50:20 Datacap: 3160693276672
Mar 30 14:50:21 ....
