Mar 29 21:50:15 Count: 3 of 4
Mar 29 21:50:15 f02576 (1 / 1 tries):
Mar 29 21:50:16 f0421499: 23.314620634215091005 FIL (125G free)
Mar 29 21:50:16 Escrow: 0.999999997255 FIL
Mar 29 21:50:16 Locked: 0.33251649052 FIL
Mar 29 21:50:16 Datacap: 4191485427712
Mar 29 21:50:16 ....
Mar 29 21:50:17 Count: 3 of 4
Mar 29 21:50:17 f019104 (1 / 1 tries):
Mar 29 21:50:18 f0421499: 23.314620634215091005 FIL (125G free)
Mar 29 21:50:18 Escrow: 0.999999997255 FIL
Mar 29 21:50:18 Locked: 0.33251649052 FIL
Mar 29 21:50:18 Datacap: 4191485427712
Mar 29 21:50:18 ....
Mar 29 21:50:19 Count: 3 of 4
Mar 29 21:50:19 f019551 (1 / 1 tries):
Mar 29 21:50:19 f0421499: 23.314620634215091005 FIL (125G free)
Mar 29 21:50:19 Escrow: 0.999999997255 FIL
Mar 29 21:50:19 Locked: 0.33251649052 FIL
Mar 29 21:50:20 Datacap: 4191485427712
Mar 29 21:50:20 ....
