Mar 30 04:23:42 Count: 3 of 4
Mar 30 04:23:42 f01234 (1 / 1 tries):
Mar 30 04:23:42 f0421499: 23.293832210218907393 FIL (11G free)
Mar 30 04:23:42 Escrow: 0.999645757255 FIL
Mar 30 04:23:42 Locked: 0.33249517244 FIL
Mar 30 04:23:42 Datacap: 3160693276672
Mar 30 04:23:42 ....
Mar 30 04:23:43 Count: 3 of 4
Mar 30 04:23:43 f0127896 (1 / 1 tries):
Mar 30 04:23:44 Skipping f0127896: min-ask
Mar 30 04:23:44 
Mar 30 04:23:45 Count: 3 of 4
Mar 30 04:23:45 f062353 (1 / 1 tries):
Mar 30 04:23:45 f0421499: 23.293832210218907393 FIL (11G free)
Mar 30 04:23:45 Escrow: 0.999645757255 FIL
Mar 30 04:23:45 Locked: 0.33249517244 FIL
Mar 30 04:23:45 Datacap: 3160693276672
Mar 30 04:23:45 ....
Mar 30 04:23:46 Count: 3 of 4
Mar 30 04:23:46 f08399 (1 / 1 tries):
Mar 30 04:23:47 f0421499: 23.293832210218907393 FIL (11G free)
Mar 30 04:23:47 Escrow: 0.999645757255 FIL
Mar 30 04:23:47 Locked: 0.33249517244 FIL
Mar 30 04:23:47 Datacap: 3160693276672
Mar 30 04:23:47 ....
Mar 30 04:23:48 Count: 3 of 4
Mar 30 04:23:48 f0157535 (1 / 1 tries):
Mar 30 04:23:49 f0421499: 23.293832210218907393 FIL (11G free)
Mar 30 04:23:49 Escrow: 0.999645757255 FIL
Mar 30 04:23:49 Locked: 0.33249517244 FIL
Mar 30 04:23:49 Datacap: 3160693276672
Mar 30 04:23:49 ....
Mar 30 04:23:50 Count: 3 of 4
Mar 30 04:23:50 f019362 (1 / 1 tries):
Mar 30 04:23:50 f0421499: 23.293832210218907393 FIL (11G free)
Mar 30 04:23:51 Escrow: 0.999645757255 FIL
Mar 30 04:23:51 Locked: 0.33249517244 FIL
Mar 30 04:23:51 Datacap: 3160693276672
Mar 30 04:23:51 ....
Mar 30 04:23:52 Count: 3 of 4
Mar 30 04:23:52 f058369 (1 / 1 tries):
Mar 30 04:23:52 f0421499: 23.293832210218907393 FIL (11G free)
Mar 30 04:23:52 Escrow: 0.999645757255 FIL
Mar 30 04:23:52 Locked: 0.33249517244 FIL
Mar 30 04:23:53 Datacap: 3160693276672
Mar 30 04:23:53 ....
Mar 30 04:23:54 Count: 3 of 4
Mar 30 04:23:54 f019100 (1 / 1 tries):
Mar 30 04:23:54 Skipping f019100: error-ask
Mar 30 04:23:54 
Mar 30 04:23:55 Count: 3 of 4
Mar 30 04:23:55 f02576 (1 / 1 tries):
Mar 30 04:23:55 f0421499: 23.293832210218907393 FIL (11G free)
Mar 30 04:23:55 Escrow: 0.999645757255 FIL
Mar 30 04:23:55 Locked: 0.33249517244 FIL
Mar 30 04:23:56 Datacap: 3160693276672
Mar 30 04:23:56 ....
Mar 30 04:23:57 Count: 3 of 4
Mar 30 04:23:57 f01247 (1 / 1 tries):
Mar 30 04:23:57 f0421499: 23.293832210218907393 FIL (11G free)
Mar 30 04:23:57 Escrow: 0.999645757255 FIL
Mar 30 04:23:57 Locked: 0.33249517244 FIL
Mar 30 04:23:57 Datacap: 3160693276672
Mar 30 04:23:57 ....
Mar 30 04:23:58 Count: 3 of 4
Mar 30 04:23:58 f010479 (1 / 1 tries):
Mar 30 04:23:59 f0421499: 23.293832210218907393 FIL (11G free)
Mar 30 04:23:59 Escrow: 0.999645757255 FIL
Mar 30 04:23:59 Locked: 0.33249517244 FIL
Mar 30 04:23:59 Datacap: 3160693276672
Mar 30 04:23:59 ....
Mar 30 04:24:00 Count: 3 of 4
Mar 30 04:24:00 f022142 (1 / 1 tries):
Mar 30 04:24:01 f0421499: 23.293832210218907393 FIL (11G free)
Mar 30 04:24:01 Escrow: 0.999645757255 FIL
Mar 30 04:24:01 Locked: 0.33249517244 FIL
Mar 30 04:24:01 Datacap: 3160693276672
Mar 30 04:24:01 ....
Mar 30 04:24:02 Count: 3 of 4
Mar 30 04:24:02 f0145874 (1 / 1 tries):
Mar 30 04:24:02 f0421499: 23.293832210218907393 FIL (11G free)
Mar 30 04:24:03 Escrow: 0.999645757255 FIL
Mar 30 04:24:03 Locked: 0.33249517244 FIL
Mar 30 04:24:03 Datacap: 3160693276672
Mar 30 04:24:03 ....
Mar 30 04:24:04 Count: 3 of 4
Mar 30 04:24:04 f071624 (1 / 1 tries):
Mar 30 04:24:04 f0421499: 23.293832210218907393 FIL (11G free)
Mar 30 04:24:04 Escrow: 0.999645757255 FIL
Mar 30 04:24:04 Locked: 0.33249517244 FIL
Mar 30 04:24:05 Datacap: 3160693276672
Mar 30 04:24:05 ....
Mar 30 04:24:06 Count: 3 of 4
Mar 30 04:24:06 f0165400 (1 / 1 tries):
Mar 30 04:24:06 f0421499: 23.293832210218907393 FIL (11G free)
Mar 30 04:24:06 Escrow: 0.999645757255 FIL
Mar 30 04:24:06 Locked: 0.33249517244 FIL
Mar 30 04:24:06 Datacap: 3160693276672
Mar 30 04:24:07 ....
Mar 30 04:24:08 Count: 3 of 4
Mar 30 04:24:08 f01240 (1 / 1 tries):
Mar 30 04:24:08 f0421499: 23.293832210218907393 FIL (11G free)
Mar 30 04:24:08 Escrow: 0.999645757255 FIL
Mar 30 04:24:08 Locked: 0.33249517244 FIL
Mar 30 04:24:08 Datacap: 3160693276672
Mar 30 04:24:08 ....
Mar 30 04:24:09 Count: 3 of 4
Mar 30 04:24:09 f066596 (1 / 1 tries):
Mar 30 04:24:10 f0421499: 23.293832210218907393 FIL (11G free)
Mar 30 04:24:10 Escrow: 0.999645757255 FIL
Mar 30 04:24:10 Locked: 0.33249517244 FIL
Mar 30 04:24:10 Datacap: 3160693276672
Mar 30 04:24:10 ....
Mar 30 04:24:11 Count: 3 of 4
Mar 30 04:24:11 f07998 (1 / 1 tries):
Mar 30 04:24:12 f0421499: 23.293832210218907393 FIL (11G free)
Mar 30 04:24:12 Escrow: 0.999645757255 FIL
Mar 30 04:24:12 Locked: 0.33249517244 FIL
Mar 30 04:24:12 Datacap: 3160693276672
Mar 30 04:24:12 ....
Mar 30 04:24:13 Count: 3 of 4
Mar 30 04:24:13 f099608 (1 / 1 tries):
Mar 30 04:24:13 f0421499: 23.293832210218907393 FIL (11G free)
Mar 30 04:24:13 Escrow: 0.999645757255 FIL
Mar 30 04:24:13 Locked: 0.33249517244 FIL
Mar 30 04:24:14 Datacap: 3160693276672
Mar 30 04:24:14 ....
Mar 30 04:24:15 Count: 3 of 4
Mar 30 04:24:15 f014409 (1 / 1 tries):
Mar 30 04:24:15 f0421499: 23.293832210218907393 FIL (11G free)
Mar 30 04:24:15 Escrow: 0.999645757255 FIL
Mar 30 04:24:15 Locked: 0.33249517244 FIL
Mar 30 04:24:15 Datacap: 3160693276672
Mar 30 04:24:15 ....
Mar 30 04:24:16 Count: 3 of 4
Mar 30 04:24:16 f01277 (1 / 1 tries):
Mar 30 04:24:17 Skipping f01277: min-ask
Mar 30 04:24:17 
Mar 30 04:24:18 Count: 3 of 4
Mar 30 04:24:18 f021716 (1 / 1 tries):
Mar 30 04:24:18 f0421499: 23.293832210218907393 FIL (11G free)
Mar 30 04:24:18 Escrow: 0.999645757255 FIL
Mar 30 04:24:18 Locked: 0.33249517244 FIL
Mar 30 04:24:18 Datacap: 3160693276672
Mar 30 04:24:18 ....
Mar 30 04:24:19 Count: 3 of 4
Mar 30 04:24:19 f022352 (1 / 1 tries):
Mar 30 04:24:20 f0421499: 23.293832210218907393 FIL (11G free)
Mar 30 04:24:20 Escrow: 0.999645757255 FIL
Mar 30 04:24:20 Locked: 0.33249517244 FIL
Mar 30 04:24:20 Datacap: 3160693276672
Mar 30 04:24:20 ....
Mar 30 04:24:21 Count: 3 of 4
Mar 30 04:24:21 f015927 (1 / 1 tries):
Mar 30 04:24:21 Skipping f015927: min-ask
Mar 30 04:24:21 
Mar 30 04:24:22 Count: 3 of 4
Mar 30 04:24:22 f014768 (1 / 1 tries):
Mar 30 04:24:23 f0421499: 23.293832210218907393 FIL (11G free)
Mar 30 04:24:23 Escrow: 0.999645757255 FIL
Mar 30 04:24:23 Locked: 0.33249517244 FIL
Mar 30 04:24:23 Datacap: 3160693276672
Mar 30 04:24:23 ....
Mar 30 04:24:24 Count: 3 of 4
Mar 30 04:24:24 f02606 (1 / 1 tries):
Mar 30 04:24:25 f0421499: 23.293832210218907393 FIL (11G free)
Mar 30 04:24:25 Escrow: 0.999645757255 FIL
Mar 30 04:24:25 Locked: 0.33249517244 FIL
Mar 30 04:24:25 Datacap: 3160693276672
Mar 30 04:24:25 ....
Mar 30 04:24:26 Count: 3 of 4
Mar 30 04:24:26 f019104 (1 / 1 tries):
Mar 30 04:24:26 Skipping f019104: error-ask
Mar 30 04:24:26 
Mar 30 04:24:27 Count: 3 of 4
Mar 30 04:24:27 f08403 (1 / 1 tries):
Mar 30 04:24:28 f0421499: 23.293832210218907393 FIL (11G free)
Mar 30 04:24:28 Escrow: 0.999645757255 FIL
Mar 30 04:24:28 Locked: 0.33249517244 FIL
Mar 30 04:24:28 Datacap: 3160693276672
Mar 30 04:24:28 ....
Mar 30 04:24:29 Count: 3 of 4
Mar 30 04:24:29 f010617 (1 / 1 tries):
Mar 30 04:24:29 f0421499: 23.293832210218907393 FIL (11G free)
Mar 30 04:24:30 Escrow: 0.999645757255 FIL
Mar 30 04:24:30 Locked: 0.33249517244 FIL
Mar 30 04:24:30 Datacap: 3160693276672
Mar 30 04:24:30 ....
Mar 30 04:24:31 Count: 3 of 4
Mar 30 04:24:31 f023467 (1 / 1 tries):
Mar 30 04:24:31 f0421499: 23.293832210218907393 FIL (11G free)
Mar 30 04:24:31 Escrow: 0.999645757255 FIL
Mar 30 04:24:31 Locked: 0.33249517244 FIL
Mar 30 04:24:32 Datacap: 3160693276672
Mar 30 04:24:32 ....
Mar 30 04:24:33 Count: 3 of 4
Mar 30 04:24:33 f01278 (1 / 1 tries):
Mar 30 04:24:33 f0421499: 23.293832210218907393 FIL (11G free)
Mar 30 04:24:33 Escrow: 0.999645757255 FIL
Mar 30 04:24:33 Locked: 0.33249517244 FIL
Mar 30 04:24:33 Datacap: 3160693276672
Mar 30 04:24:33 ....
Mar 30 04:24:34 Count: 3 of 4
Mar 30 04:24:34 f022163 (1 / 1 tries):
Mar 30 04:24:35 f0421499: 23.293832210218907393 FIL (11G free)
Mar 30 04:24:35 Escrow: 0.999645757255 FIL
Mar 30 04:24:35 Locked: 0.33249517244 FIL
Mar 30 04:24:35 Datacap: 3160693276672
Mar 30 04:24:35 ....
Mar 30 04:24:36 Count: 3 of 4
Mar 30 04:24:36 f09848 (1 / 1 tries):
Mar 30 04:24:37 f0421499: 23.293832210218907393 FIL (11G free)
Mar 30 04:24:37 Escrow: 0.999645757255 FIL
Mar 30 04:24:37 Locked: 0.33249517244 FIL
Mar 30 04:24:37 Datacap: 3160693276672
Mar 30 04:24:37 ....
Mar 30 04:24:38 Count: 3 of 4
Mar 30 04:24:38 f023971 (1 / 1 tries):
Mar 30 04:24:39 f0421499: 23.293832210218907393 FIL (11G free)
Mar 30 04:24:39 Escrow: 0.999645757255 FIL
Mar 30 04:24:39 Locked: 0.33249517244 FIL
Mar 30 04:24:39 Datacap: 3160693276672
Mar 30 04:24:39 ....
Mar 30 04:24:40 Count: 3 of 4
Mar 30 04:24:40 f019041 (1 / 1 tries):
Mar 30 04:24:40 f0421499: 23.293832210218907393 FIL (11G free)
Mar 30 04:24:40 Escrow: 0.999645757255 FIL
Mar 30 04:24:40 Locked: 0.33249517244 FIL
Mar 30 04:24:41 Datacap: 3160693276672
Mar 30 04:24:41 ....
Mar 30 04:24:42 Count: 3 of 4
Mar 30 04:24:42 f019551 (1 / 1 tries):
Mar 30 04:24:42 f0421499: 23.293832210218907393 FIL (11G free)
Mar 30 04:24:42 Escrow: 0.999645757255 FIL
Mar 30 04:24:42 Locked: 0.33249517244 FIL
Mar 30 04:24:42 Datacap: 3160693276672
Mar 30 04:24:42 ....
