Mar 30 13:56:05 Count: 3 of 4
Mar 30 13:56:05 f019100 (1 / 1 tries):
Mar 30 13:56:05 Skipping f019100: error-ask
Mar 30 13:56:05 
Mar 30 13:56:06 Count: 3 of 4
Mar 30 13:56:06 f08399 (1 / 1 tries):
Mar 30 13:56:07 f0421499: 23.293832210218907393 FIL (8.6G free)
Mar 30 13:56:07 Escrow: 0.999645757255 FIL
Mar 30 13:56:07 Locked: 0.33249517244 FIL
Mar 30 13:56:08 Datacap: 3160693276672
Mar 30 13:56:08 ....
Mar 30 13:56:09 Count: 3 of 4
Mar 30 13:56:09 f01278 (1 / 1 tries):
Mar 30 13:56:10 f0421499: 23.293832210218907393 FIL (8.6G free)
Mar 30 13:56:10 Escrow: 0.999645757255 FIL
Mar 30 13:56:10 Locked: 0.33249517244 FIL
Mar 30 13:56:10 Datacap: 3160693276672
Mar 30 13:56:10 ....
Mar 30 13:56:11 Count: 3 of 4
Mar 30 13:56:11 f015927 (1 / 1 tries):
Mar 30 13:56:12 Skipping f015927: min-ask
Mar 30 13:56:12 
Mar 30 13:56:13 Count: 3 of 4
Mar 30 13:56:13 f062353 (1 / 1 tries):
Mar 30 13:56:13 f0421499: 23.293832210218907393 FIL (8.6G free)
Mar 30 13:56:14 Escrow: 0.999645757255 FIL
Mar 30 13:56:14 Locked: 0.33249517244 FIL
Mar 30 13:56:14 Datacap: 3160693276672
Mar 30 13:56:14 ....
Mar 30 13:56:15 Count: 3 of 4
Mar 30 13:56:15 f08403 (1 / 1 tries):
Mar 30 13:56:16 f0421499: 23.293832210218907393 FIL (8.6G free)
Mar 30 13:56:16 Escrow: 0.999645757255 FIL
Mar 30 13:56:16 Locked: 0.33249517244 FIL
Mar 30 13:56:16 Datacap: 3160693276672
Mar 30 13:56:16 ....
Mar 30 13:56:17 Count: 3 of 4
Mar 30 13:56:17 f02576 (1 / 1 tries):
Mar 30 13:56:18 f0421499: 23.293832210218907393 FIL (8.6G free)
Mar 30 13:56:18 Escrow: 0.999645757255 FIL
Mar 30 13:56:18 Locked: 0.33249517244 FIL
Mar 30 13:56:18 Datacap: 3160693276672
Mar 30 13:56:19 ....
Mar 30 13:56:20 Count: 3 of 4
Mar 30 13:56:20 f022142 (1 / 1 tries):
Mar 30 13:56:20 f0421499: 23.293832210218907393 FIL (8.6G free)
Mar 30 13:56:21 Escrow: 0.999645757255 FIL
Mar 30 13:56:21 Locked: 0.33249517244 FIL
Mar 30 13:56:21 Datacap: 3160693276672
Mar 30 13:56:21 ....
Mar 30 13:56:22 Count: 3 of 4
Mar 30 13:56:22 f019362 (1 / 1 tries):
Mar 30 13:56:23 f0421499: 23.293832210218907393 FIL (8.6G free)
Mar 30 13:56:23 Escrow: 0.999645757255 FIL
Mar 30 13:56:23 Locked: 0.33249517244 FIL
Mar 30 13:56:24 Datacap: 3160693276672
Mar 30 13:56:24 ....
Mar 30 13:56:25 Count: 3 of 4
Mar 30 13:56:25 f022352 (1 / 1 tries):
Mar 30 13:56:26 f0421499: 23.293832210218907393 FIL (8.6G free)
Mar 30 13:56:26 Escrow: 0.999645757255 FIL
Mar 30 13:56:26 Locked: 0.33249517244 FIL
Mar 30 13:56:26 Datacap: 3160693276672
Mar 30 13:56:26 ....
Mar 30 13:56:27 Count: 3 of 4
Mar 30 13:56:27 f023467 (1 / 1 tries):
Mar 30 13:56:28 f0421499: 23.293832210218907393 FIL (8.6G free)
Mar 30 13:56:28 Escrow: 0.999645757255 FIL
Mar 30 13:56:28 Locked: 0.33249517244 FIL
Mar 30 13:56:28 Datacap: 3160693276672
Mar 30 13:56:28 ....
Mar 30 13:56:30 Count: 3 of 4
Mar 30 13:56:30 f014409 (1 / 1 tries):
Mar 30 13:56:30 f0421499: 23.293832210218907393 FIL (8.6G free)
Mar 30 13:56:31 Escrow: 0.999645757255 FIL
Mar 30 13:56:31 Locked: 0.33249517244 FIL
Mar 30 13:56:31 Datacap: 3160693276672
Mar 30 13:56:31 ....
Mar 30 13:56:32 Count: 3 of 4
Mar 30 13:56:32 f01247 (1 / 1 tries):
Mar 30 13:56:33 f0421499: 23.293832210218907393 FIL (8.6G free)
Mar 30 13:56:33 Escrow: 0.999645757255 FIL
Mar 30 13:56:33 Locked: 0.33249517244 FIL
Mar 30 13:56:34 Datacap: 3160693276672
Mar 30 13:56:34 ....
Mar 30 13:56:35 Count: 3 of 4
Mar 30 13:56:35 f0157535 (1 / 1 tries):
Mar 30 13:56:35 f0421499: 23.293832210218907393 FIL (8.6G free)
Mar 30 13:56:35 Escrow: 0.999645757255 FIL
Mar 30 13:56:35 Locked: 0.33249517244 FIL
Mar 30 13:56:36 Datacap: 3160693276672
Mar 30 13:56:36 ....
Mar 30 13:56:37 Count: 3 of 4
Mar 30 13:56:37 f019041 (1 / 1 tries):
Mar 30 13:56:38 f0421499: 23.293832210218907393 FIL (8.6G free)
Mar 30 13:56:38 Escrow: 0.999645757255 FIL
Mar 30 13:56:38 Locked: 0.33249517244 FIL
Mar 30 13:56:38 Datacap: 3160693276672
Mar 30 13:56:38 ....
Mar 30 13:56:39 Count: 3 of 4
Mar 30 13:56:39 f01234 (1 / 1 tries):
Mar 30 13:56:40 f0421499: 23.293832210218907393 FIL (8.6G free)
Mar 30 13:56:40 Escrow: 0.999645757255 FIL
Mar 30 13:56:40 Locked: 0.33249517244 FIL
Mar 30 13:56:41 Datacap: 3160693276672
Mar 30 13:56:41 ....
Mar 30 13:56:42 Count: 3 of 4
Mar 30 13:56:42 f07998 (1 / 1 tries):
Mar 30 13:56:43 f0421499: 23.293832210218907393 FIL (8.6G free)
Mar 30 13:56:43 Escrow: 0.999645757255 FIL
Mar 30 13:56:43 Locked: 0.33249517244 FIL
Mar 30 13:56:43 Datacap: 3160693276672
Mar 30 13:56:43 ....
Mar 30 13:56:44 Count: 3 of 4
Mar 30 13:56:44 f023971 (1 / 1 tries):
Mar 30 13:56:45 f0421499: 23.293832210218907393 FIL (8.6G free)
Mar 30 13:56:45 Escrow: 0.999645757255 FIL
Mar 30 13:56:45 Locked: 0.33249517244 FIL
Mar 30 13:56:46 Datacap: 3160693276672
Mar 30 13:56:46 ....
Mar 30 13:56:47 Count: 3 of 4
Mar 30 13:56:47 f021716 (1 / 1 tries):
Mar 30 13:56:48 f0421499: 23.293832210218907393 FIL (8.6G free)
Mar 30 13:56:48 Escrow: 0.999645757255 FIL
Mar 30 13:56:48 Locked: 0.33249517244 FIL
Mar 30 13:56:48 Datacap: 3160693276672
Mar 30 13:56:48 ....
Mar 30 13:56:49 Count: 3 of 4
Mar 30 13:56:49 f019104 (1 / 1 tries):
Mar 30 13:56:50 2021-03-30T13:56:50.162Z	[31mERROR[0m	rpc	go-jsonrpc@v0.1.4-0.20210217175800-45ea43ac2bec/websocket.go:97	setting read deadlineset tcp 127.0.0.1:38120: use of closed network connection
Mar 30 13:56:50 Skipping f019104: error-ask
Mar 30 13:56:50 
Mar 30 13:56:51 Count: 3 of 4
Mar 30 13:56:51 f010479 (1 / 1 tries):
Mar 30 13:56:52 f0421499: 23.293832210218907393 FIL (8.6G free)
Mar 30 13:56:52 Escrow: 0.999645757255 FIL
Mar 30 13:56:52 Locked: 0.33249517244 FIL
Mar 30 13:56:53 Datacap: 3160693276672
Mar 30 13:56:53 ....
Mar 30 13:56:54 Count: 3 of 4
Mar 30 13:56:54 f02606 (1 / 1 tries):
Mar 30 13:56:54 f0421499: 23.293832210218907393 FIL (8.6G free)
Mar 30 13:56:55 Escrow: 0.999645757255 FIL
Mar 30 13:56:55 Locked: 0.33249517244 FIL
Mar 30 13:56:55 Datacap: 3160693276672
Mar 30 13:56:55 ....
Mar 30 13:56:56 Count: 3 of 4
Mar 30 13:56:56 f022163 (1 / 1 tries):
Mar 30 13:56:57 f0421499: 23.293832210218907393 FIL (8.6G free)
Mar 30 13:56:57 Escrow: 0.999645757255 FIL
Mar 30 13:56:57 Locked: 0.33249517244 FIL
Mar 30 13:56:58 Datacap: 3160693276672
Mar 30 13:56:58 ....
Mar 30 13:56:59 Count: 3 of 4
Mar 30 13:56:59 f0145874 (1 / 1 tries):
Mar 30 13:56:59 f0421499: 23.293832210218907393 FIL (8.6G free)
Mar 30 13:56:59 Escrow: 0.999645757255 FIL
Mar 30 13:56:59 Locked: 0.33249517244 FIL
Mar 30 13:57:00 Datacap: 3160693276672
Mar 30 13:57:00 ....
Mar 30 13:57:01 Count: 3 of 4
Mar 30 13:57:01 f0127896 (1 / 1 tries):
Mar 30 13:57:02 Skipping f0127896: min-ask
Mar 30 13:57:02 
Mar 30 13:57:03 Count: 3 of 4
Mar 30 13:57:03 f010617 (1 / 1 tries):
Mar 30 13:57:03 f0421499: 23.293832210218907393 FIL (8.6G free)
Mar 30 13:57:04 Escrow: 0.999645757255 FIL
Mar 30 13:57:04 Locked: 0.33249517244 FIL
Mar 30 13:57:04 Datacap: 3160693276672
Mar 30 13:57:04 ....
Mar 30 13:57:05 Count: 3 of 4
Mar 30 13:57:05 f099608 (1 / 1 tries):
Mar 30 13:57:06 f0421499: 23.293832210218907393 FIL (8.6G free)
Mar 30 13:57:06 Escrow: 0.999645757255 FIL
Mar 30 13:57:06 Locked: 0.33249517244 FIL
Mar 30 13:57:06 Datacap: 3160693276672
Mar 30 13:57:06 ....
Mar 30 13:57:07 Count: 3 of 4
Mar 30 13:57:07 f09848 (1 / 1 tries):
Mar 30 13:57:08 f0421499: 23.293832210218907393 FIL (8.6G free)
Mar 30 13:57:08 Escrow: 0.999645757255 FIL
Mar 30 13:57:08 Locked: 0.33249517244 FIL
Mar 30 13:57:08 Datacap: 3160693276672
Mar 30 13:57:08 ....
Mar 30 13:57:09 Count: 3 of 4
Mar 30 13:57:09 f058369 (1 / 1 tries):
Mar 30 13:57:10 f0421499: 23.293832210218907393 FIL (8.6G free)
Mar 30 13:57:10 Escrow: 0.999645757255 FIL
Mar 30 13:57:10 Locked: 0.33249517244 FIL
Mar 30 13:57:10 Datacap: 3160693276672
Mar 30 13:57:11 ....
Mar 30 13:57:12 Count: 3 of 4
Mar 30 13:57:12 f071624 (1 / 1 tries):
Mar 30 13:57:12 f0421499: 23.293832210218907393 FIL (8.6G free)
Mar 30 13:57:12 Escrow: 0.999645757255 FIL
Mar 30 13:57:12 Locked: 0.33249517244 FIL
Mar 30 13:57:13 Datacap: 3160693276672
Mar 30 13:57:13 ....
Mar 30 13:57:14 Count: 3 of 4
Mar 30 13:57:14 f01240 (1 / 1 tries):
Mar 30 13:57:15 f0421499: 23.293832210218907393 FIL (8.6G free)
Mar 30 13:57:15 Escrow: 0.999645757255 FIL
Mar 30 13:57:15 Locked: 0.33249517244 FIL
Mar 30 13:57:16 Datacap: 3160693276672
Mar 30 13:57:16 ....
Mar 30 13:57:17 Count: 3 of 4
Mar 30 13:57:17 f066596 (1 / 1 tries):
Mar 30 13:57:17 f0421499: 23.293832210218907393 FIL (8.6G free)
Mar 30 13:57:18 Escrow: 0.999645757255 FIL
Mar 30 13:57:18 Locked: 0.33249517244 FIL
Mar 30 13:57:18 Datacap: 3160693276672
Mar 30 13:57:18 ....
Mar 30 13:57:19 Count: 3 of 4
Mar 30 13:57:19 f014768 (1 / 1 tries):
Mar 30 13:57:20 f0421499: 23.293832210218907393 FIL (8.6G free)
Mar 30 13:57:20 Escrow: 0.999645757255 FIL
Mar 30 13:57:20 Locked: 0.33249517244 FIL
Mar 30 13:57:20 Datacap: 3160693276672
Mar 30 13:57:21 ....
Mar 30 13:57:22 Count: 3 of 4
Mar 30 13:57:22 f019551 (1 / 1 tries):
Mar 30 13:57:22 f0421499: 23.293832210218907393 FIL (8.6G free)
Mar 30 13:57:22 Escrow: 0.999645757255 FIL
Mar 30 13:57:22 Locked: 0.33249517244 FIL
Mar 30 13:57:23 Datacap: 3160693276672
Mar 30 13:57:23 ....
Mar 30 13:57:24 Count: 3 of 4
Mar 30 13:57:24 f0165400 (1 / 1 tries):
Mar 30 13:57:25 f0421499: 23.293832210218907393 FIL (8.6G free)
Mar 30 13:57:25 Escrow: 0.999645757255 FIL
Mar 30 13:57:25 Locked: 0.33249517244 FIL
Mar 30 13:57:25 Datacap: 3160693276672
Mar 30 13:57:26 ....
Mar 30 13:57:27 Count: 3 of 4
Mar 30 13:57:27 f01277 (1 / 1 tries):
Mar 30 13:57:27 Skipping f01277: min-ask
Mar 30 13:57:27 
