Mar 30 11:40:12 Count: 3 of 4
Mar 30 11:40:12 f01278 (1 / 1 tries):
Mar 30 11:40:13 f0421499: 23.293832210218907393 FIL (8.9G free)
Mar 30 11:40:13 Escrow: 0.999645757255 FIL
Mar 30 11:40:13 Locked: 0.33249517244 FIL
Mar 30 11:40:13 Datacap: 3160693276672
Mar 30 11:40:13 ....
Mar 30 11:40:14 Count: 3 of 4
Mar 30 11:40:14 f01240 (1 / 1 tries):
Mar 30 11:40:15 f0421499: 23.293832210218907393 FIL (8.9G free)
Mar 30 11:40:15 Escrow: 0.999645757255 FIL
Mar 30 11:40:15 Locked: 0.33249517244 FIL
Mar 30 11:40:15 Datacap: 3160693276672
Mar 30 11:40:15 ....
Mar 30 11:40:16 Count: 3 of 4
Mar 30 11:40:16 f019100 (1 / 1 tries):
Mar 30 11:40:17 Skipping f019100: error-ask
Mar 30 11:40:17 
Mar 30 11:40:18 Count: 3 of 4
Mar 30 11:40:18 f062353 (1 / 1 tries):
Mar 30 11:40:18 f0421499: 23.293832210218907393 FIL (8.9G free)
Mar 30 11:40:19 Escrow: 0.999645757255 FIL
Mar 30 11:40:19 Locked: 0.33249517244 FIL
Mar 30 11:40:19 Datacap: 3160693276672
Mar 30 11:40:19 ....
Mar 30 11:40:20 Count: 3 of 4
Mar 30 11:40:20 f022142 (1 / 1 tries):
Mar 30 11:40:21 f0421499: 23.293832210218907393 FIL (8.9G free)
Mar 30 11:40:21 Escrow: 0.999645757255 FIL
Mar 30 11:40:21 Locked: 0.33249517244 FIL
Mar 30 11:40:21 Datacap: 3160693276672
Mar 30 11:40:21 ....
Mar 30 11:40:22 Count: 3 of 4
Mar 30 11:40:22 f01247 (1 / 1 tries):
Mar 30 11:40:23 f0421499: 23.293832210218907393 FIL (8.9G free)
Mar 30 11:40:23 Escrow: 0.999645757255 FIL
Mar 30 11:40:23 Locked: 0.33249517244 FIL
Mar 30 11:40:24 Datacap: 3160693276672
Mar 30 11:40:24 ....
Mar 30 11:40:25 Count: 3 of 4
Mar 30 11:40:25 f071624 (1 / 1 tries):
Mar 30 11:40:26 f0421499: 23.293832210218907393 FIL (8.9G free)
Mar 30 11:40:26 Escrow: 0.999645757255 FIL
Mar 30 11:40:26 Locked: 0.33249517244 FIL
Mar 30 11:40:26 Datacap: 3160693276672
Mar 30 11:40:26 ....
Mar 30 11:40:27 Count: 3 of 4
Mar 30 11:40:27 f010479 (1 / 1 tries):
Mar 30 11:40:28 f0421499: 23.293832210218907393 FIL (8.9G free)
Mar 30 11:40:28 Escrow: 0.999645757255 FIL
Mar 30 11:40:28 Locked: 0.33249517244 FIL
Mar 30 11:40:29 Datacap: 3160693276672
Mar 30 11:40:29 ....
Mar 30 11:40:30 Count: 3 of 4
Mar 30 11:40:30 f01277 (1 / 1 tries):
Mar 30 11:40:30 Skipping f01277: min-ask
Mar 30 11:40:30 
Mar 30 11:40:31 Count: 3 of 4
Mar 30 11:40:31 f014409 (1 / 1 tries):
Mar 30 11:40:32 f0421499: 23.293832210218907393 FIL (8.9G free)
Mar 30 11:40:32 Escrow: 0.999645757255 FIL
Mar 30 11:40:32 Locked: 0.33249517244 FIL
Mar 30 11:40:32 Datacap: 3160693276672
Mar 30 11:40:32 ....
Mar 30 11:40:33 Count: 3 of 4
Mar 30 11:40:33 f014768 (1 / 1 tries):
Mar 30 11:40:34 f0421499: 23.293832210218907393 FIL (8.9G free)
Mar 30 11:40:34 Escrow: 0.999645757255 FIL
Mar 30 11:40:34 Locked: 0.33249517244 FIL
Mar 30 11:40:34 Datacap: 3160693276672
Mar 30 11:40:34 ....
Mar 30 11:40:35 Count: 3 of 4
Mar 30 11:40:35 f09848 (1 / 1 tries):
Mar 30 11:40:36 f0421499: 23.293832210218907393 FIL (8.9G free)
Mar 30 11:40:36 Escrow: 0.999645757255 FIL
Mar 30 11:40:36 Locked: 0.33249517244 FIL
Mar 30 11:40:36 Datacap: 3160693276672
Mar 30 11:40:37 ....
Mar 30 11:40:38 Count: 3 of 4
Mar 30 11:40:38 f0145874 (1 / 1 tries):
Mar 30 11:40:38 f0421499: 23.293832210218907393 FIL (8.9G free)
Mar 30 11:40:38 Escrow: 0.999645757255 FIL
Mar 30 11:40:38 Locked: 0.33249517244 FIL
Mar 30 11:40:38 Datacap: 3160693276672
Mar 30 11:40:39 ....
Mar 30 11:40:40 Count: 3 of 4
Mar 30 11:40:40 f015927 (1 / 1 tries):
Mar 30 11:40:40 Skipping f015927: min-ask
Mar 30 11:40:40 
Mar 30 11:40:41 Count: 3 of 4
Mar 30 11:40:41 f023971 (1 / 1 tries):
Mar 30 11:40:42 f0421499: 23.293832210218907393 FIL (8.9G free)
Mar 30 11:40:42 Escrow: 0.999645757255 FIL
Mar 30 11:40:42 Locked: 0.33249517244 FIL
Mar 30 11:40:43 Datacap: 3160693276672
Mar 30 11:40:43 ....
Mar 30 11:40:44 Count: 3 of 4
Mar 30 11:40:44 f022352 (1 / 1 tries):
Mar 30 11:40:44 f0421499: 23.293832210218907393 FIL (8.9G free)
Mar 30 11:40:45 Escrow: 0.999645757255 FIL
Mar 30 11:40:45 Locked: 0.33249517244 FIL
Mar 30 11:40:45 Datacap: 3160693276672
Mar 30 11:40:45 ....
Mar 30 11:40:46 Count: 3 of 4
Mar 30 11:40:46 f099608 (1 / 1 tries):
Mar 30 11:40:47 f0421499: 23.293832210218907393 FIL (8.9G free)
Mar 30 11:40:47 Escrow: 0.999645757255 FIL
Mar 30 11:40:47 Locked: 0.33249517244 FIL
Mar 30 11:40:48 Datacap: 3160693276672
Mar 30 11:40:48 ....
Mar 30 11:40:49 Count: 3 of 4
Mar 30 11:40:49 f010617 (1 / 1 tries):
Mar 30 11:40:49 f0421499: 23.293832210218907393 FIL (8.9G free)
Mar 30 11:40:49 Escrow: 0.999645757255 FIL
Mar 30 11:40:49 Locked: 0.33249517244 FIL
Mar 30 11:40:50 Datacap: 3160693276672
Mar 30 11:40:50 ....
Mar 30 11:40:51 Count: 3 of 4
Mar 30 11:40:51 f08403 (1 / 1 tries):
Mar 30 11:40:52 f0421499: 23.293832210218907393 FIL (8.9G free)
Mar 30 11:40:52 Escrow: 0.999645757255 FIL
Mar 30 11:40:52 Locked: 0.33249517244 FIL
Mar 30 11:40:53 Datacap: 3160693276672
Mar 30 11:40:53 ....
Mar 30 11:40:54 Count: 3 of 4
Mar 30 11:40:54 f0127896 (1 / 1 tries):
Mar 30 11:40:54 Skipping f0127896: min-ask
Mar 30 11:40:54 
Mar 30 11:40:55 Count: 3 of 4
Mar 30 11:40:55 f01234 (1 / 1 tries):
Mar 30 11:40:56 f0421499: 23.293832210218907393 FIL (8.9G free)
Mar 30 11:40:56 Escrow: 0.999645757255 FIL
Mar 30 11:40:56 Locked: 0.33249517244 FIL
Mar 30 11:40:56 Datacap: 3160693276672
Mar 30 11:40:57 ....
Mar 30 11:40:58 Count: 3 of 4
Mar 30 11:40:58 f021716 (1 / 1 tries):
Mar 30 11:40:58 f0421499: 23.293832210218907393 FIL (8.9G free)
Mar 30 11:40:59 Escrow: 0.999645757255 FIL
Mar 30 11:40:59 Locked: 0.33249517244 FIL
Mar 30 11:40:59 Datacap: 3160693276672
Mar 30 11:40:59 ....
Mar 30 11:41:00 Count: 3 of 4
Mar 30 11:41:00 f023467 (1 / 1 tries):
Mar 30 11:41:01 f0421499: 23.293832210218907393 FIL (8.9G free)
Mar 30 11:41:01 Escrow: 0.999645757255 FIL
Mar 30 11:41:01 Locked: 0.33249517244 FIL
Mar 30 11:41:02 Datacap: 3160693276672
Mar 30 11:41:02 ....
Mar 30 11:41:03 Count: 3 of 4
Mar 30 11:41:03 f02606 (1 / 1 tries):
Mar 30 11:41:04 f0421499: 23.293832210218907393 FIL (8.9G free)
Mar 30 11:41:04 Escrow: 0.999645757255 FIL
Mar 30 11:41:04 Locked: 0.33249517244 FIL
Mar 30 11:41:05 Datacap: 3160693276672
Mar 30 11:41:05 ....
Mar 30 11:41:06 Count: 3 of 4
Mar 30 11:41:06 f058369 (1 / 1 tries):
Mar 30 11:41:07 f0421499: 23.293832210218907393 FIL (8.9G free)
Mar 30 11:41:07 Escrow: 0.999645757255 FIL
Mar 30 11:41:07 Locked: 0.33249517244 FIL
Mar 30 11:41:07 Datacap: 3160693276672
Mar 30 11:41:07 ....
Mar 30 11:41:08 Count: 3 of 4
Mar 30 11:41:08 f019041 (1 / 1 tries):
Mar 30 11:41:09 f0421499: 23.293832210218907393 FIL (8.9G free)
Mar 30 11:41:10 Escrow: 0.999645757255 FIL
Mar 30 11:41:10 Locked: 0.33249517244 FIL
Mar 30 11:41:10 Datacap: 3160693276672
Mar 30 11:41:10 ....
Mar 30 11:41:11 Count: 3 of 4
Mar 30 11:41:11 f0157535 (1 / 1 tries):
Mar 30 11:41:12 f0421499: 23.293832210218907393 FIL (8.9G free)
Mar 30 11:41:12 Escrow: 0.999645757255 FIL
Mar 30 11:41:12 Locked: 0.33249517244 FIL
Mar 30 11:41:12 Datacap: 3160693276672
Mar 30 11:41:12 ....
Mar 30 11:41:13 Count: 3 of 4
Mar 30 11:41:13 f022163 (1 / 1 tries):
Mar 30 11:41:14 f0421499: 23.293832210218907393 FIL (8.9G free)
Mar 30 11:41:14 Escrow: 0.999645757255 FIL
Mar 30 11:41:14 Locked: 0.33249517244 FIL
Mar 30 11:41:14 Datacap: 3160693276672
Mar 30 11:41:15 ....
Mar 30 11:41:16 Count: 3 of 4
Mar 30 11:41:16 f02576 (1 / 1 tries):
Mar 30 11:41:16 f0421499: 23.293832210218907393 FIL (8.9G free)
Mar 30 11:41:17 Escrow: 0.999645757255 FIL
Mar 30 11:41:17 Locked: 0.33249517244 FIL
Mar 30 11:41:17 Datacap: 3160693276672
Mar 30 11:41:17 ....
Mar 30 11:41:18 Count: 3 of 4
Mar 30 11:41:18 f019104 (1 / 1 tries):
Mar 30 11:41:19 Skipping f019104: error-ask
Mar 30 11:41:19 
Mar 30 11:41:20 Count: 3 of 4
Mar 30 11:41:20 f019551 (1 / 1 tries):
Mar 30 11:41:20 f0421499: 23.293832210218907393 FIL (8.9G free)
Mar 30 11:41:21 Escrow: 0.999645757255 FIL
Mar 30 11:41:21 Locked: 0.33249517244 FIL
Mar 30 11:41:21 Datacap: 3160693276672
Mar 30 11:41:22 ....
Mar 30 11:41:23 Count: 3 of 4
Mar 30 11:41:23 f07998 (1 / 1 tries):
Mar 30 11:41:23 f0421499: 23.293832210218907393 FIL (8.9G free)
Mar 30 11:41:23 Escrow: 0.999645757255 FIL
Mar 30 11:41:23 Locked: 0.33249517244 FIL
Mar 30 11:41:24 Datacap: 3160693276672
Mar 30 11:41:24 ....
Mar 30 11:41:25 Count: 3 of 4
Mar 30 11:41:25 f0165400 (1 / 1 tries):
Mar 30 11:41:26 f0421499: 23.293832210218907393 FIL (8.9G free)
Mar 30 11:41:26 Escrow: 0.999645757255 FIL
Mar 30 11:41:26 Locked: 0.33249517244 FIL
Mar 30 11:41:26 Datacap: 3160693276672
Mar 30 11:41:27 ....
Mar 30 11:41:28 Count: 3 of 4
Mar 30 11:41:28 f019362 (1 / 1 tries):
Mar 30 11:41:29 f0421499: 23.293832210218907393 FIL (8.9G free)
Mar 30 11:41:29 Escrow: 0.999645757255 FIL
Mar 30 11:41:29 Locked: 0.33249517244 FIL
Mar 30 11:41:29 Datacap: 3160693276672
Mar 30 11:41:29 ....
Mar 30 11:41:30 Count: 3 of 4
Mar 30 11:41:30 f066596 (1 / 1 tries):
Mar 30 11:41:31 f0421499: 23.293832210218907393 FIL (8.9G free)
Mar 30 11:41:32 Escrow: 0.999645757255 FIL
Mar 30 11:41:32 Locked: 0.33249517244 FIL
Mar 30 11:41:32 Datacap: 3160693276672
Mar 30 11:41:32 ....
Mar 30 11:41:33 Count: 3 of 4
Mar 30 11:41:33 f08399 (1 / 1 tries):
Mar 30 11:41:34 f0421499: 23.293832210218907393 FIL (8.9G free)
Mar 30 11:41:34 Escrow: 0.999645757255 FIL
Mar 30 11:41:34 Locked: 0.33249517244 FIL
Mar 30 11:41:35 Datacap: 3160693276672
Mar 30 11:41:35 ....
