Mar 29 21:33:56 Count: 3 of 4
Mar 29 21:33:56 f07998 (1 / 1 tries):
Mar 29 21:33:57 f0421499: 23.325050417605645939 FIL (143G free)
Mar 29 21:33:57 Escrow: 0.999999997255 FIL
Mar 29 21:33:57 Locked: 0.33251649052 FIL
Mar 29 21:33:57 Datacap: 4225845166080
Mar 29 21:33:57 ....
Mar 29 21:33:58 Count: 3 of 4
Mar 29 21:33:58 f062353 (1 / 1 tries):
Mar 29 21:33:59 f0421499: 23.325050417605645939 FIL (143G free)
Mar 29 21:33:59 Escrow: 0.999999997255 FIL
Mar 29 21:33:59 Locked: 0.33251649052 FIL
Mar 29 21:33:59 Datacap: 4225845166080
Mar 29 21:33:59 ....
Mar 29 21:34:00 Count: 3 of 4
Mar 29 21:34:00 f019041 (1 / 1 tries):
Mar 29 21:34:00 f0421499: 23.325050417605645939 FIL (143G free)
Mar 29 21:34:01 Escrow: 0.999999997255 FIL
Mar 29 21:34:01 Locked: 0.33251649052 FIL
Mar 29 21:34:01 Datacap: 4225845166080
Mar 29 21:34:01 ....
Mar 29 21:34:02 Count: 3 of 4
Mar 29 21:34:02 f08399 (1 / 1 tries):
Mar 29 21:34:03 f0421499: 23.325050417605645939 FIL (143G free)
Mar 29 21:34:03 Escrow: 0.999999997255 FIL
Mar 29 21:34:03 Locked: 0.33251649052 FIL
Mar 29 21:34:04 Datacap: 4225845166080
Mar 29 21:34:04 ....
Mar 29 21:34:05 Count: 3 of 4
Mar 29 21:34:05 f010479 (1 / 1 tries):
Mar 29 21:34:06 f0421499: 23.325050417605645939 FIL (143G free)
Mar 29 21:34:06 Escrow: 0.999999997255 FIL
Mar 29 21:34:06 Locked: 0.33251649052 FIL
Mar 29 21:34:06 Datacap: 4225845166080
Mar 29 21:34:06 ....
Mar 29 21:34:07 Count: 3 of 4
Mar 29 21:34:07 f066596 (1 / 1 tries):
Mar 29 21:34:08 f0421499: 23.325050417605645939 FIL (143G free)
Mar 29 21:34:08 Escrow: 0.999999997255 FIL
Mar 29 21:34:08 Locked: 0.33251649052 FIL
Mar 29 21:34:08 Datacap: 4225845166080
Mar 29 21:34:08 ....
Mar 29 21:34:09 Count: 3 of 4
Mar 29 21:34:09 f099608 (1 / 1 tries):
Mar 29 21:34:10 f0421499: 23.325050417605645939 FIL (143G free)
Mar 29 21:34:10 Escrow: 0.999999997255 FIL
Mar 29 21:34:10 Locked: 0.33251649052 FIL
Mar 29 21:34:10 Datacap: 4225845166080
Mar 29 21:34:10 ....
Mar 29 21:34:11 Count: 3 of 4
Mar 29 21:34:11 f08403 (1 / 1 tries):
Mar 29 21:34:12 f0421499: 23.325050417605645939 FIL (143G free)
Mar 29 21:34:12 Escrow: 0.999999997255 FIL
Mar 29 21:34:12 Locked: 0.33251649052 FIL
Mar 29 21:34:12 Datacap: 4225845166080
Mar 29 21:34:12 ....
Mar 29 21:34:13 Count: 3 of 4
Mar 29 21:34:13 f019362 (1 / 1 tries):
Mar 29 21:34:14 f0421499: 23.325050417605645939 FIL (143G free)
Mar 29 21:34:14 Escrow: 0.999999997255 FIL
Mar 29 21:34:14 Locked: 0.33251649052 FIL
Mar 29 21:34:14 Datacap: 4225845166080
Mar 29 21:34:14 ....
Mar 29 21:34:15 Count: 3 of 4
Mar 29 21:34:15 f01277 (1 / 1 tries):
Mar 29 21:34:15 Skipping f01277: min-ask
Mar 29 21:34:15 
Mar 29 21:34:16 Count: 3 of 4
Mar 29 21:34:16 f019104 (1 / 1 tries):
Mar 29 21:34:17 f0421499: 23.325050417605645939 FIL (143G free)
Mar 29 21:34:17 Escrow: 0.999999997255 FIL
Mar 29 21:34:17 Locked: 0.33251649052 FIL
Mar 29 21:34:17 Datacap: 4225845166080
Mar 29 21:34:17 ....
Mar 29 21:34:18 Count: 3 of 4
Mar 29 21:34:18 f021716 (1 / 1 tries):
Mar 29 21:34:19 f0421499: 23.325050417605645939 FIL (143G free)
Mar 29 21:34:19 Escrow: 0.999999997255 FIL
Mar 29 21:34:19 Locked: 0.33251649052 FIL
Mar 29 21:34:19 Datacap: 4225845166080
Mar 29 21:34:20 ....
Mar 29 21:34:21 Count: 3 of 4
Mar 29 21:34:21 f01240 (1 / 1 tries):
Mar 29 21:34:21 f0421499: 23.325050417605645939 FIL (143G free)
Mar 29 21:34:21 Escrow: 0.999999997255 FIL
Mar 29 21:34:21 Locked: 0.33251649052 FIL
Mar 29 21:34:22 Datacap: 4225845166080
Mar 29 21:34:22 ....
Mar 29 21:34:23 Count: 3 of 4
Mar 29 21:34:23 f022352 (1 / 1 tries):
Mar 29 21:34:23 f0421499: 23.325050417605645939 FIL (143G free)
Mar 29 21:34:23 Escrow: 0.999999997255 FIL
Mar 29 21:34:23 Locked: 0.33251649052 FIL
Mar 29 21:34:24 Datacap: 4225845166080
Mar 29 21:34:24 ....
Mar 29 21:34:25 Count: 3 of 4
Mar 29 21:34:25 f014768 (1 / 1 tries):
Mar 29 21:34:25 f0421499: 23.325050417605645939 FIL (143G free)
Mar 29 21:34:25 Escrow: 0.999999997255 FIL
Mar 29 21:34:25 Locked: 0.33251649052 FIL
Mar 29 21:34:26 Datacap: 4225845166080
Mar 29 21:34:26 ....
Mar 29 21:34:27 Count: 3 of 4
Mar 29 21:34:27 f02576 (1 / 1 tries):
Mar 29 21:34:27 f0421499: 23.325050417605645939 FIL (143G free)
Mar 29 21:34:27 Escrow: 0.999999997255 FIL
Mar 29 21:34:27 Locked: 0.33251649052 FIL
Mar 29 21:34:27 Datacap: 4225845166080
Mar 29 21:34:27 ....
Mar 29 21:34:28 Count: 3 of 4
Mar 29 21:34:28 f02606 (1 / 1 tries):
Mar 29 21:34:29 f0421499: 23.325050417605645939 FIL (143G free)
Mar 29 21:34:29 Escrow: 0.999999997255 FIL
Mar 29 21:34:29 Locked: 0.33251649052 FIL
Mar 29 21:34:29 Datacap: 4225845166080
Mar 29 21:34:29 ....
Mar 29 21:34:30 Count: 3 of 4
Mar 29 21:34:30 f071624 (1 / 1 tries):
Mar 29 21:34:31 f0421499: 23.325050417605645939 FIL (143G free)
Mar 29 21:34:31 Escrow: 0.999999997255 FIL
Mar 29 21:34:31 Locked: 0.33251649052 FIL
Mar 29 21:34:31 Datacap: 4225845166080
Mar 29 21:34:31 ....
Mar 29 21:34:32 Count: 3 of 4
Mar 29 21:34:32 f023467 (1 / 1 tries):
Mar 29 21:34:33 f0421499: 23.325050417605645939 FIL (143G free)
Mar 29 21:34:33 Escrow: 0.999999997255 FIL
Mar 29 21:34:33 Locked: 0.33251649052 FIL
Mar 29 21:34:34 Datacap: 4225845166080
Mar 29 21:34:34 ....
Mar 29 21:34:35 Count: 3 of 4
Mar 29 21:34:35 f01234 (1 / 1 tries):
Mar 29 21:34:36 f0421499: 23.325050417605645939 FIL (143G free)
Mar 29 21:34:36 Escrow: 0.999999997255 FIL
Mar 29 21:34:36 Locked: 0.33251649052 FIL
Mar 29 21:34:36 Datacap: 4225845166080
Mar 29 21:34:36 ....
Mar 29 21:34:37 Count: 3 of 4
Mar 29 21:34:37 f058369 (1 / 1 tries):
Mar 29 21:34:38 f0421499: 23.325050417605645939 FIL (143G free)
Mar 29 21:34:38 Escrow: 0.999999997255 FIL
Mar 29 21:34:38 Locked: 0.33251649052 FIL
Mar 29 21:34:38 Datacap: 4225845166080
Mar 29 21:34:38 ....
Mar 29 21:34:39 Count: 3 of 4
Mar 29 21:34:39 f015927 (1 / 1 tries):
Mar 29 21:34:40 f0421499: 23.325050417605645939 FIL (143G free)
Mar 29 21:34:40 Escrow: 0.999999997255 FIL
Mar 29 21:34:40 Locked: 0.33251649052 FIL
Mar 29 21:34:40 Datacap: 4225845166080
Mar 29 21:34:40 ....
Mar 29 21:34:41 Count: 3 of 4
Mar 29 21:34:41 f0145874 (1 / 1 tries):
Mar 29 21:34:41 f0421499: 23.325050417605645939 FIL (143G free)
Mar 29 21:34:42 Escrow: 0.999999997255 FIL
Mar 29 21:34:42 Locked: 0.33251649052 FIL
Mar 29 21:34:42 Datacap: 4225845166080
Mar 29 21:34:42 ....
Mar 29 21:34:43 Count: 3 of 4
Mar 29 21:34:43 f0165400 (1 / 1 tries):
Mar 29 21:34:43 f0421499: 23.325050417605645939 FIL (143G free)
Mar 29 21:34:43 Escrow: 0.999999997255 FIL
Mar 29 21:34:43 Locked: 0.33251649052 FIL
Mar 29 21:34:44 Datacap: 4225845166080
Mar 29 21:34:44 ....
Mar 29 21:34:45 Count: 3 of 4
Mar 29 21:34:45 f01278 (1 / 1 tries):
Mar 29 21:34:45 f0421499: 23.325050417605645939 FIL (143G free)
Mar 29 21:34:45 Escrow: 0.999999997255 FIL
Mar 29 21:34:45 Locked: 0.33251649052 FIL
Mar 29 21:34:46 Datacap: 4225845166080
Mar 29 21:34:46 ....
Mar 29 21:34:47 Count: 3 of 4
Mar 29 21:34:47 f0127896 (1 / 1 tries):
Mar 29 21:34:47 Skipping f0127896: min-ask
Mar 29 21:34:47 
Mar 29 21:34:48 Count: 3 of 4
Mar 29 21:34:48 f09848 (1 / 1 tries):
Mar 29 21:34:48 f0421499: 23.325050417605645939 FIL (143G free)
Mar 29 21:34:49 Escrow: 0.999999997255 FIL
Mar 29 21:34:49 Locked: 0.33251649052 FIL
Mar 29 21:34:49 Datacap: 4225845166080
Mar 29 21:34:49 ....
Mar 29 21:34:50 Count: 3 of 4
Mar 29 21:34:50 f022142 (1 / 1 tries):
Mar 29 21:34:51 f0421499: 23.325050417605645939 FIL (143G free)
Mar 29 21:34:51 Escrow: 0.999999997255 FIL
Mar 29 21:34:51 Locked: 0.33251649052 FIL
Mar 29 21:34:52 Datacap: 4225845166080
Mar 29 21:34:52 ....
Mar 29 21:34:53 Count: 3 of 4
Mar 29 21:34:53 f01247 (1 / 1 tries):
Mar 29 21:34:53 f0421499: 23.325050417605645939 FIL (143G free)
Mar 29 21:34:54 Escrow: 0.999999997255 FIL
Mar 29 21:34:54 Locked: 0.33251649052 FIL
Mar 29 21:34:54 Datacap: 4225845166080
Mar 29 21:34:54 ....
Mar 29 21:34:55 Count: 3 of 4
Mar 29 21:34:55 f023971 (1 / 1 tries):
Mar 29 21:34:55 f0421499: 23.325050417605645939 FIL (143G free)
Mar 29 21:34:55 Escrow: 0.999999997255 FIL
Mar 29 21:34:55 Locked: 0.33251649052 FIL
Mar 29 21:34:56 Datacap: 4225845166080
Mar 29 21:34:56 ....
Mar 29 21:34:57 Count: 3 of 4
Mar 29 21:34:57 f019100 (1 / 1 tries):
Mar 29 21:34:57 Skipping f019100: error-ask
Mar 29 21:34:57 
Mar 29 21:34:58 Count: 3 of 4
Mar 29 21:34:58 f014409 (1 / 1 tries):
Mar 29 21:34:59 f0421499: 23.325050417605645939 FIL (143G free)
Mar 29 21:34:59 Escrow: 0.999999997255 FIL
Mar 29 21:34:59 Locked: 0.33251649052 FIL
Mar 29 21:34:59 Datacap: 4225845166080
Mar 29 21:34:59 ....
Mar 29 21:35:00 Count: 3 of 4
Mar 29 21:35:00 f0157535 (1 / 1 tries):
Mar 29 21:35:01 f0421499: 23.325050417605645939 FIL (143G free)
Mar 29 21:35:01 Escrow: 0.999999997255 FIL
Mar 29 21:35:01 Locked: 0.33251649052 FIL
Mar 29 21:35:01 Datacap: 4225845166080
Mar 29 21:35:01 ....
Mar 29 21:35:02 Count: 3 of 4
Mar 29 21:35:02 f022163 (1 / 1 tries):
Mar 29 21:35:03 f0421499: 23.325050417605645939 FIL (143G free)
Mar 29 21:35:03 Escrow: 0.999999997255 FIL
Mar 29 21:35:03 Locked: 0.33251649052 FIL
Mar 29 21:35:03 Datacap: 4225845166080
Mar 29 21:35:03 ....
Mar 29 21:35:04 Count: 3 of 4
Mar 29 21:35:04 f010617 (1 / 1 tries):
Mar 29 21:35:05 f0421499: 23.323231555594778115 FIL (143G free)
Mar 29 21:35:05 Escrow: 0.999999997255 FIL
Mar 29 21:35:05 Locked: 0.33251649052 FIL
Mar 29 21:35:06 Datacap: 4225845166080
Mar 29 21:35:06 ....
Mar 29 21:35:07 Count: 3 of 4
Mar 29 21:35:07 f019551 (1 / 1 tries):
Mar 29 21:35:08 f0421499: 23.323231555594778115 FIL (143G free)
Mar 29 21:35:08 Escrow: 0.999999997255 FIL
Mar 29 21:35:08 Locked: 0.33251649052 FIL
Mar 29 21:35:08 Datacap: 4225845166080
Mar 29 21:35:08 ....
