Mar 30 14:14:17 Count: 3 of 4
Mar 30 14:14:17 f022163 (1 / 1 tries):
Mar 30 14:14:17 f0421499: 23.293832210218907393 FIL (8.5G free)
Mar 30 14:14:17 Escrow: 0.999645757255 FIL
Mar 30 14:14:17 Locked: 0.33249517244 FIL
Mar 30 14:14:18 Datacap: 3160693276672
Mar 30 14:14:18 ....
Mar 30 14:14:19 Count: 3 of 4
Mar 30 14:14:19 f014409 (1 / 1 tries):
Mar 30 14:14:19 f0421499: 23.293832210218907393 FIL (8.5G free)
Mar 30 14:14:20 Escrow: 0.999645757255 FIL
Mar 30 14:14:20 Locked: 0.33249517244 FIL
Mar 30 14:14:20 Datacap: 3160693276672
Mar 30 14:14:20 ....
Mar 30 14:14:21 Count: 3 of 4
Mar 30 14:14:21 f019104 (1 / 1 tries):
Mar 30 14:14:22 Skipping f019104: error-ask
Mar 30 14:14:22 
Mar 30 14:14:23 Count: 3 of 4
Mar 30 14:14:23 f010617 (1 / 1 tries):
Mar 30 14:14:23 f0421499: 23.293832210218907393 FIL (8.5G free)
Mar 30 14:14:23 Escrow: 0.999645757255 FIL
Mar 30 14:14:23 Locked: 0.33249517244 FIL
Mar 30 14:14:24 Datacap: 3160693276672
Mar 30 14:14:24 ....
Mar 30 14:14:25 Count: 3 of 4
Mar 30 14:14:25 f07998 (1 / 1 tries):
Mar 30 14:14:25 f0421499: 23.293832210218907393 FIL (8.5G free)
Mar 30 14:14:25 Escrow: 0.999645757255 FIL
Mar 30 14:14:25 Locked: 0.33249517244 FIL
Mar 30 14:14:26 Datacap: 3160693276672
Mar 30 14:14:26 ....
Mar 30 14:14:27 Count: 3 of 4
Mar 30 14:14:27 f071624 (1 / 1 tries):
Mar 30 14:14:28 f0421499: 23.293832210218907393 FIL (8.5G free)
Mar 30 14:14:28 Escrow: 0.999645757255 FIL
Mar 30 14:14:28 Locked: 0.33249517244 FIL
Mar 30 14:14:28 Datacap: 3160693276672
Mar 30 14:14:28 ....
Mar 30 14:14:29 Count: 3 of 4
Mar 30 14:14:29 f01247 (1 / 1 tries):
Mar 30 14:14:30 f0421499: 23.293832210218907393 FIL (8.5G free)
Mar 30 14:14:30 Escrow: 0.999645757255 FIL
Mar 30 14:14:30 Locked: 0.33249517244 FIL
Mar 30 14:14:30 Datacap: 3160693276672
Mar 30 14:14:31 ....
Mar 30 14:14:32 Count: 3 of 4
Mar 30 14:14:32 f01278 (1 / 1 tries):
Mar 30 14:14:32 f0421499: 23.293832210218907393 FIL (8.5G free)
Mar 30 14:14:32 Escrow: 0.999645757255 FIL
Mar 30 14:14:32 Locked: 0.33249517244 FIL
Mar 30 14:14:33 Datacap: 3160693276672
Mar 30 14:14:33 ....
Mar 30 14:14:34 Count: 3 of 4
Mar 30 14:14:34 f019362 (1 / 1 tries):
Mar 30 14:14:34 f0421499: 23.293832210218907393 FIL (8.5G free)
Mar 30 14:14:34 Escrow: 0.999645757255 FIL
Mar 30 14:14:34 Locked: 0.33249517244 FIL
Mar 30 14:14:35 Datacap: 3160693276672
Mar 30 14:14:35 ....
Mar 30 14:14:36 Count: 3 of 4
Mar 30 14:14:36 f02576 (1 / 1 tries):
Mar 30 14:14:37 f0421499: 23.293832210218907393 FIL (8.5G free)
Mar 30 14:14:37 Escrow: 0.999645757255 FIL
Mar 30 14:14:37 Locked: 0.33249517244 FIL
Mar 30 14:14:37 Datacap: 3160693276672
Mar 30 14:14:37 ....
Mar 30 14:14:39 Count: 3 of 4
Mar 30 14:14:39 f0157535 (1 / 1 tries):
Mar 30 14:14:39 f0421499: 23.293832210218907393 FIL (8.5G free)
Mar 30 14:14:39 Escrow: 0.999645757255 FIL
Mar 30 14:14:39 Locked: 0.33249517244 FIL
Mar 30 14:14:39 Datacap: 3160693276672
Mar 30 14:14:40 ....
Mar 30 14:14:41 Count: 3 of 4
Mar 30 14:14:41 f066596 (1 / 1 tries):
Mar 30 14:14:42 f0421499: 23.293832210218907393 FIL (8.5G free)
Mar 30 14:14:42 Escrow: 0.999645757255 FIL
Mar 30 14:14:42 Locked: 0.33249517244 FIL
Mar 30 14:14:42 Datacap: 3160693276672
Mar 30 14:14:42 ....
Mar 30 14:14:43 Count: 3 of 4
Mar 30 14:14:43 f02606 (1 / 1 tries):
Mar 30 14:14:44 f0421499: 23.293832210218907393 FIL (8.5G free)
Mar 30 14:14:44 Escrow: 0.999645757255 FIL
Mar 30 14:14:44 Locked: 0.33249517244 FIL
Mar 30 14:14:44 Datacap: 3160693276672
Mar 30 14:14:44 ....
Mar 30 14:14:45 Count: 3 of 4
Mar 30 14:14:45 f062353 (1 / 1 tries):
Mar 30 14:14:46 f0421499: 23.293832210218907393 FIL (8.5G free)
Mar 30 14:14:46 Escrow: 0.999645757255 FIL
Mar 30 14:14:46 Locked: 0.33249517244 FIL
Mar 30 14:14:46 Datacap: 3160693276672
Mar 30 14:14:46 ....
Mar 30 14:14:47 Count: 3 of 4
Mar 30 14:14:47 f058369 (1 / 1 tries):
Mar 30 14:14:48 f0421499: 23.293832210218907393 FIL (8.5G free)
Mar 30 14:14:48 Escrow: 0.999645757255 FIL
Mar 30 14:14:48 Locked: 0.33249517244 FIL
Mar 30 14:14:48 Datacap: 3160693276672
Mar 30 14:14:48 ....
Mar 30 14:14:49 Count: 3 of 4
Mar 30 14:14:49 f08403 (1 / 1 tries):
Mar 30 14:14:50 f0421499: 23.293832210218907393 FIL (8.5G free)
Mar 30 14:14:50 Escrow: 0.999645757255 FIL
Mar 30 14:14:50 Locked: 0.33249517244 FIL
Mar 30 14:14:50 Datacap: 3160693276672
Mar 30 14:14:50 ....
Mar 30 14:14:51 Count: 3 of 4
Mar 30 14:14:51 f0127896 (1 / 1 tries):
Mar 30 14:14:52 Skipping f0127896: min-ask
Mar 30 14:14:52 
Mar 30 14:14:53 Count: 3 of 4
Mar 30 14:14:53 f0145874 (1 / 1 tries):
Mar 30 14:14:53 f0421499: 23.293832210218907393 FIL (8.5G free)
Mar 30 14:14:53 Escrow: 0.999645757255 FIL
Mar 30 14:14:53 Locked: 0.33249517244 FIL
Mar 30 14:14:54 Datacap: 3160693276672
Mar 30 14:14:54 ....
Mar 30 14:14:55 Count: 3 of 4
Mar 30 14:14:55 f019041 (1 / 1 tries):
Mar 30 14:14:56 f0421499: 23.293832210218907393 FIL (8.5G free)
Mar 30 14:14:56 Escrow: 0.999645757255 FIL
Mar 30 14:14:56 Locked: 0.33249517244 FIL
Mar 30 14:14:56 Datacap: 3160693276672
Mar 30 14:14:56 ....
Mar 30 14:14:57 Count: 3 of 4
Mar 30 14:14:57 f010479 (1 / 1 tries):
Mar 30 14:14:58 f0421499: 23.293832210218907393 FIL (8.5G free)
Mar 30 14:14:58 Escrow: 0.999645757255 FIL
Mar 30 14:14:58 Locked: 0.33249517244 FIL
Mar 30 14:14:58 Datacap: 3160693276672
Mar 30 14:14:59 ....
Mar 30 14:15:00 Count: 3 of 4
Mar 30 14:15:00 f014768 (1 / 1 tries):
Mar 30 14:15:00 f0421499: 23.293832210218907393 FIL (8.5G free)
Mar 30 14:15:00 Escrow: 0.999645757255 FIL
Mar 30 14:15:00 Locked: 0.33249517244 FIL
Mar 30 14:15:01 Datacap: 3160693276672
Mar 30 14:15:01 ....
Mar 30 14:15:02 Count: 3 of 4
Mar 30 14:15:02 f09848 (1 / 1 tries):
Mar 30 14:15:02 f0421499: 23.293832210218907393 FIL (8.5G free)
Mar 30 14:15:03 Escrow: 0.999645757255 FIL
Mar 30 14:15:03 Locked: 0.33249517244 FIL
Mar 30 14:15:03 Datacap: 3160693276672
Mar 30 14:15:03 ....
Mar 30 14:15:05 Count: 3 of 4
Mar 30 14:15:05 f019100 (1 / 1 tries):
Mar 30 14:15:05 Skipping f019100: error-ask
Mar 30 14:15:05 
Mar 30 14:15:06 Count: 3 of 4
Mar 30 14:15:06 f01234 (1 / 1 tries):
Mar 30 14:15:06 f0421499: 23.293832210218907393 FIL (8.5G free)
Mar 30 14:15:07 Escrow: 0.999645757255 FIL
Mar 30 14:15:07 Locked: 0.33249517244 FIL
Mar 30 14:15:07 Datacap: 3160693276672
Mar 30 14:15:07 ....
Mar 30 14:15:08 Count: 3 of 4
Mar 30 14:15:08 f0165400 (1 / 1 tries):
Mar 30 14:15:09 f0421499: 23.293832210218907393 FIL (8.5G free)
Mar 30 14:15:09 Escrow: 0.999645757255 FIL
Mar 30 14:15:09 Locked: 0.33249517244 FIL
Mar 30 14:15:10 Datacap: 3160693276672
Mar 30 14:15:10 ....
Mar 30 14:15:11 Count: 3 of 4
Mar 30 14:15:11 f015927 (1 / 1 tries):
Mar 30 14:15:11 Skipping f015927: min-ask
Mar 30 14:15:11 
Mar 30 14:15:12 Count: 3 of 4
Mar 30 14:15:12 f021716 (1 / 1 tries):
Mar 30 14:15:13 f0421499: 23.293832210218907393 FIL (8.5G free)
Mar 30 14:15:13 Escrow: 0.999645757255 FIL
Mar 30 14:15:13 Locked: 0.33249517244 FIL
Mar 30 14:15:13 Datacap: 3160693276672
Mar 30 14:15:13 ....
Mar 30 14:15:14 Count: 3 of 4
Mar 30 14:15:14 f022142 (1 / 1 tries):
Mar 30 14:15:15 f0421499: 23.293832210218907393 FIL (8.5G free)
Mar 30 14:15:15 Escrow: 0.999645757255 FIL
Mar 30 14:15:15 Locked: 0.33249517244 FIL
Mar 30 14:15:15 Datacap: 3160693276672
Mar 30 14:15:16 ....
Mar 30 14:15:17 Count: 3 of 4
Mar 30 14:15:17 f022352 (1 / 1 tries):
Mar 30 14:15:17 f0421499: 23.293832210218907393 FIL (8.5G free)
Mar 30 14:15:17 Escrow: 0.999645757255 FIL
Mar 30 14:15:17 Locked: 0.33249517244 FIL
Mar 30 14:15:17 Datacap: 3160693276672
Mar 30 14:15:17 ....
Mar 30 14:15:18 Count: 3 of 4
Mar 30 14:15:18 f023971 (1 / 1 tries):
Mar 30 14:15:19 f0421499: 23.293832210218907393 FIL (8.5G free)
Mar 30 14:15:19 Escrow: 0.999645757255 FIL
Mar 30 14:15:19 Locked: 0.33249517244 FIL
Mar 30 14:15:20 Datacap: 3160693276672
Mar 30 14:15:20 ....
Mar 30 14:15:21 Count: 3 of 4
Mar 30 14:15:21 f01240 (1 / 1 tries):
Mar 30 14:15:21 f0421499: 23.293832210218907393 FIL (8.5G free)
Mar 30 14:15:21 Escrow: 0.999645757255 FIL
Mar 30 14:15:21 Locked: 0.33249517244 FIL
Mar 30 14:15:21 Datacap: 3160693276672
Mar 30 14:15:22 ....
Mar 30 14:15:23 Count: 3 of 4
Mar 30 14:15:23 f08399 (1 / 1 tries):
Mar 30 14:15:23 f0421499: 23.293832210218907393 FIL (8.5G free)
Mar 30 14:15:23 Escrow: 0.999645757255 FIL
Mar 30 14:15:23 Locked: 0.33249517244 FIL
Mar 30 14:15:24 Datacap: 3160693276672
Mar 30 14:15:24 ....
Mar 30 14:15:25 Count: 3 of 4
Mar 30 14:15:25 f019551 (1 / 1 tries):
Mar 30 14:15:25 f0421499: 23.293832210218907393 FIL (8.5G free)
Mar 30 14:15:25 Escrow: 0.999645757255 FIL
Mar 30 14:15:25 Locked: 0.33249517244 FIL
Mar 30 14:15:26 Datacap: 3160693276672
Mar 30 14:15:26 ....
Mar 30 14:15:27 Count: 3 of 4
Mar 30 14:15:27 f01277 (1 / 1 tries):
Mar 30 14:15:28 Skipping f01277: min-ask
Mar 30 14:15:28 
Mar 30 14:15:29 Count: 3 of 4
Mar 30 14:15:29 f023467 (1 / 1 tries):
Mar 30 14:15:29 f0421499: 23.293832210218907393 FIL (8.5G free)
Mar 30 14:15:30 Escrow: 0.999645757255 FIL
Mar 30 14:15:30 Locked: 0.33249517244 FIL
Mar 30 14:15:30 Datacap: 3160693276672
Mar 30 14:15:30 ....
Mar 30 14:15:31 Count: 3 of 4
Mar 30 14:15:31 f099608 (1 / 1 tries):
Mar 30 14:15:32 f0421499: 23.293832210218907393 FIL (8.5G free)
Mar 30 14:15:32 Escrow: 0.999645757255 FIL
Mar 30 14:15:32 Locked: 0.33249517244 FIL
Mar 30 14:15:33 Datacap: 3160693276672
Mar 30 14:15:33 ....
