Mar 30 11:49:34 Count: 3 of 4
Mar 30 11:49:34 f022163 (1 / 1 tries):
Mar 30 11:49:35 f0421499: 23.293832210218907393 FIL (8.9G free)
Mar 30 11:49:35 Escrow: 0.999645757255 FIL
Mar 30 11:49:35 Locked: 0.33249517244 FIL
Mar 30 11:49:36 Datacap: 3160693276672
Mar 30 11:49:36 ....
Mar 30 11:49:37 Count: 3 of 4
Mar 30 11:49:37 f07998 (1 / 1 tries):
Mar 30 11:49:37 f0421499: 23.293832210218907393 FIL (8.9G free)
Mar 30 11:49:37 Escrow: 0.999645757255 FIL
Mar 30 11:49:37 Locked: 0.33249517244 FIL
Mar 30 11:49:38 Datacap: 3160693276672
Mar 30 11:49:38 ....
Mar 30 11:49:39 Count: 3 of 4
Mar 30 11:49:39 f019362 (1 / 1 tries):
Mar 30 11:49:39 f0421499: 23.293832210218907393 FIL (8.9G free)
Mar 30 11:49:39 Escrow: 0.999645757255 FIL
Mar 30 11:49:39 Locked: 0.33249517244 FIL
Mar 30 11:49:40 Datacap: 3160693276672
Mar 30 11:49:40 ....
Mar 30 11:49:41 Count: 3 of 4
Mar 30 11:49:41 f023467 (1 / 1 tries):
Mar 30 11:49:42 f0421499: 23.293832210218907393 FIL (8.9G free)
Mar 30 11:49:42 Escrow: 0.999645757255 FIL
Mar 30 11:49:42 Locked: 0.33249517244 FIL
Mar 30 11:49:42 Datacap: 3160693276672
Mar 30 11:49:43 ....
Mar 30 11:49:44 Count: 3 of 4
Mar 30 11:49:44 f01234 (1 / 1 tries):
Mar 30 11:49:44 f0421499: 23.293832210218907393 FIL (8.9G free)
Mar 30 11:49:44 Escrow: 0.999645757255 FIL
Mar 30 11:49:44 Locked: 0.33249517244 FIL
Mar 30 11:49:44 Datacap: 3160693276672
Mar 30 11:49:44 ....
Mar 30 11:49:45 Count: 3 of 4
Mar 30 11:49:45 f019100 (1 / 1 tries):
Mar 30 11:49:46 Skipping f019100: error-ask
Mar 30 11:49:46 
Mar 30 11:49:47 Count: 3 of 4
Mar 30 11:49:47 f01247 (1 / 1 tries):
Mar 30 11:49:48 f0421499: 23.293832210218907393 FIL (8.9G free)
Mar 30 11:49:48 Escrow: 0.999645757255 FIL
Mar 30 11:49:48 Locked: 0.33249517244 FIL
Mar 30 11:49:48 Datacap: 3160693276672
Mar 30 11:49:48 ....
Mar 30 11:49:49 Count: 3 of 4
Mar 30 11:49:49 f08399 (1 / 1 tries):
Mar 30 11:49:50 f0421499: 23.293832210218907393 FIL (8.9G free)
Mar 30 11:49:50 Escrow: 0.999645757255 FIL
Mar 30 11:49:50 Locked: 0.33249517244 FIL
Mar 30 11:49:50 Datacap: 3160693276672
Mar 30 11:49:50 ....
Mar 30 11:49:52 Count: 3 of 4
Mar 30 11:49:52 f02576 (1 / 1 tries):
Mar 30 11:49:52 f0421499: 23.293832210218907393 FIL (8.9G free)
Mar 30 11:49:53 Escrow: 0.999645757255 FIL
Mar 30 11:49:53 Locked: 0.33249517244 FIL
Mar 30 11:49:53 Datacap: 3160693276672
Mar 30 11:49:53 ....
Mar 30 11:49:55 Count: 3 of 4
Mar 30 11:49:55 f058369 (1 / 1 tries):
Mar 30 11:49:55 f0421499: 23.293832210218907393 FIL (8.9G free)
Mar 30 11:49:55 Escrow: 0.999645757255 FIL
Mar 30 11:49:55 Locked: 0.33249517244 FIL
Mar 30 11:49:56 Datacap: 3160693276672
Mar 30 11:49:56 ....
Mar 30 11:49:57 Count: 3 of 4
Mar 30 11:49:57 f02606 (1 / 1 tries):
Mar 30 11:49:58 f0421499: 23.293832210218907393 FIL (8.9G free)
Mar 30 11:49:58 Escrow: 0.999645757255 FIL
Mar 30 11:49:58 Locked: 0.33249517244 FIL
Mar 30 11:49:59 Datacap: 3160693276672
Mar 30 11:49:59 ....
Mar 30 11:50:00 Count: 3 of 4
Mar 30 11:50:00 f08403 (1 / 1 tries):
Mar 30 11:50:01 f0421499: 23.293832210218907393 FIL (8.9G free)
Mar 30 11:50:01 Escrow: 0.999645757255 FIL
Mar 30 11:50:01 Locked: 0.33249517244 FIL
Mar 30 11:50:01 Datacap: 3160693276672
Mar 30 11:50:01 ....
Mar 30 11:50:02 Count: 3 of 4
Mar 30 11:50:02 f0165400 (1 / 1 tries):
Mar 30 11:50:03 f0421499: 23.293832210218907393 FIL (8.9G free)
Mar 30 11:50:03 Escrow: 0.999645757255 FIL
Mar 30 11:50:03 Locked: 0.33249517244 FIL
Mar 30 11:50:03 Datacap: 3160693276672
Mar 30 11:50:04 ....
Mar 30 11:50:05 Count: 3 of 4
Mar 30 11:50:05 f010617 (1 / 1 tries):
Mar 30 11:50:06 f0421499: 23.293832210218907393 FIL (8.9G free)
Mar 30 11:50:06 Escrow: 0.999645757255 FIL
Mar 30 11:50:06 Locked: 0.33249517244 FIL
Mar 30 11:50:06 Datacap: 3160693276672
Mar 30 11:50:07 ....
Mar 30 11:50:08 Count: 3 of 4
Mar 30 11:50:08 f0157535 (1 / 1 tries):
Mar 30 11:50:09 f0421499: 23.293832210218907393 FIL (8.9G free)
Mar 30 11:50:09 Escrow: 0.999645757255 FIL
Mar 30 11:50:09 Locked: 0.33249517244 FIL
Mar 30 11:50:09 Datacap: 3160693276672
Mar 30 11:50:09 ....
Mar 30 11:50:10 Count: 3 of 4
Mar 30 11:50:10 f019104 (1 / 1 tries):
Mar 30 11:50:11 Skipping f019104: error-ask
Mar 30 11:50:11 
Mar 30 11:50:12 Count: 3 of 4
Mar 30 11:50:12 f099608 (1 / 1 tries):
Mar 30 11:50:12 f0421499: 23.293832210218907393 FIL (8.9G free)
Mar 30 11:50:12 Escrow: 0.999645757255 FIL
Mar 30 11:50:12 Locked: 0.33249517244 FIL
Mar 30 11:50:13 Datacap: 3160693276672
Mar 30 11:50:13 ....
Mar 30 11:50:14 Count: 3 of 4
Mar 30 11:50:14 f019551 (1 / 1 tries):
Mar 30 11:50:15 f0421499: 23.293832210218907393 FIL (8.9G free)
Mar 30 11:50:15 Escrow: 0.999645757255 FIL
Mar 30 11:50:15 Locked: 0.33249517244 FIL
Mar 30 11:50:15 Datacap: 3160693276672
Mar 30 11:50:15 ....
Mar 30 11:50:16 Count: 3 of 4
Mar 30 11:50:16 f019041 (1 / 1 tries):
Mar 30 11:50:17 f0421499: 23.293832210218907393 FIL (8.9G free)
Mar 30 11:50:17 Escrow: 0.999645757255 FIL
Mar 30 11:50:17 Locked: 0.33249517244 FIL
Mar 30 11:50:18 Datacap: 3160693276672
Mar 30 11:50:18 ....
Mar 30 11:50:19 Count: 3 of 4
Mar 30 11:50:19 f014409 (1 / 1 tries):
Mar 30 11:50:20 f0421499: 23.293832210218907393 FIL (8.9G free)
Mar 30 11:50:20 Escrow: 0.999645757255 FIL
Mar 30 11:50:20 Locked: 0.33249517244 FIL
Mar 30 11:50:20 Datacap: 3160693276672
Mar 30 11:50:20 ....
Mar 30 11:50:21 Count: 3 of 4
Mar 30 11:50:21 f021716 (1 / 1 tries):
Mar 30 11:50:22 f0421499: 23.293832210218907393 FIL (8.9G free)
Mar 30 11:50:22 Escrow: 0.999645757255 FIL
Mar 30 11:50:22 Locked: 0.33249517244 FIL
Mar 30 11:50:22 Datacap: 3160693276672
Mar 30 11:50:22 ....
Mar 30 11:50:23 Count: 3 of 4
Mar 30 11:50:23 f015927 (1 / 1 tries):
Mar 30 11:50:24 Skipping f015927: min-ask
Mar 30 11:50:24 
Mar 30 11:50:25 Count: 3 of 4
Mar 30 11:50:25 f01278 (1 / 1 tries):
Mar 30 11:50:26 f0421499: 23.293832210218907393 FIL (8.9G free)
Mar 30 11:50:26 Escrow: 0.999645757255 FIL
Mar 30 11:50:26 Locked: 0.33249517244 FIL
Mar 30 11:50:26 Datacap: 3160693276672
Mar 30 11:50:26 ....
Mar 30 11:50:27 Count: 3 of 4
Mar 30 11:50:27 f010479 (1 / 1 tries):
Mar 30 11:50:28 f0421499: 23.293832210218907393 FIL (8.9G free)
Mar 30 11:50:28 Escrow: 0.999645757255 FIL
Mar 30 11:50:28 Locked: 0.33249517244 FIL
Mar 30 11:50:28 Datacap: 3160693276672
Mar 30 11:50:28 ....
Mar 30 11:50:30 Count: 3 of 4
Mar 30 11:50:30 f09848 (1 / 1 tries):
Mar 30 11:50:30 f0421499: 23.293832210218907393 FIL (8.9G free)
Mar 30 11:50:31 Escrow: 0.999645757255 FIL
Mar 30 11:50:31 Locked: 0.33249517244 FIL
Mar 30 11:50:31 Datacap: 3160693276672
Mar 30 11:50:32 ....
Mar 30 11:50:33 Count: 3 of 4
Mar 30 11:50:33 f0127896 (1 / 1 tries):
Mar 30 11:50:33 Skipping f0127896: min-ask
Mar 30 11:50:33 
Mar 30 11:50:34 Count: 3 of 4
Mar 30 11:50:34 f066596 (1 / 1 tries):
Mar 30 11:50:35 f0421499: 23.293832210218907393 FIL (8.9G free)
Mar 30 11:50:35 Escrow: 0.999645757255 FIL
Mar 30 11:50:35 Locked: 0.33249517244 FIL
Mar 30 11:50:36 Datacap: 3160693276672
Mar 30 11:50:36 ....
Mar 30 11:50:37 Count: 3 of 4
Mar 30 11:50:37 f022142 (1 / 1 tries):
Mar 30 11:50:38 f0421499: 23.293832210218907393 FIL (8.9G free)
Mar 30 11:50:38 Escrow: 0.999645757255 FIL
Mar 30 11:50:38 Locked: 0.33249517244 FIL
Mar 30 11:50:38 Datacap: 3160693276672
Mar 30 11:50:38 ....
Mar 30 11:50:39 Count: 3 of 4
Mar 30 11:50:39 f0145874 (1 / 1 tries):
Mar 30 11:50:40 f0421499: 23.293832210218907393 FIL (8.9G free)
Mar 30 11:50:40 Escrow: 0.999645757255 FIL
Mar 30 11:50:40 Locked: 0.33249517244 FIL
Mar 30 11:50:40 Datacap: 3160693276672
Mar 30 11:50:41 ....
Mar 30 11:50:42 Count: 3 of 4
Mar 30 11:50:42 f023971 (1 / 1 tries):
Mar 30 11:50:43 f0421499: 23.293832210218907393 FIL (8.9G free)
Mar 30 11:50:43 Escrow: 0.999645757255 FIL
Mar 30 11:50:43 Locked: 0.33249517244 FIL
Mar 30 11:50:43 Datacap: 3160693276672
Mar 30 11:50:43 ....
Mar 30 11:50:44 Count: 3 of 4
Mar 30 11:50:44 f062353 (1 / 1 tries):
Mar 30 11:50:45 f0421499: 23.293832210218907393 FIL (8.9G free)
Mar 30 11:50:45 Escrow: 0.999645757255 FIL
Mar 30 11:50:45 Locked: 0.33249517244 FIL
Mar 30 11:50:46 Datacap: 3160693276672
Mar 30 11:50:46 ....
Mar 30 11:50:47 Count: 3 of 4
Mar 30 11:50:47 f01277 (1 / 1 tries):
Mar 30 11:50:47 Skipping f01277: min-ask
Mar 30 11:50:47 
Mar 30 11:50:48 Count: 3 of 4
Mar 30 11:50:48 f014768 (1 / 1 tries):
Mar 30 11:50:49 f0421499: 23.293832210218907393 FIL (8.9G free)
Mar 30 11:50:49 Escrow: 0.999645757255 FIL
Mar 30 11:50:49 Locked: 0.33249517244 FIL
Mar 30 11:50:49 Datacap: 3160693276672
Mar 30 11:50:50 ....
Mar 30 11:50:51 Count: 3 of 4
Mar 30 11:50:51 f071624 (1 / 1 tries):
Mar 30 11:50:51 f0421499: 23.293832210218907393 FIL (8.9G free)
Mar 30 11:50:51 Escrow: 0.999645757255 FIL
Mar 30 11:50:51 Locked: 0.33249517244 FIL
Mar 30 11:50:52 Datacap: 3160693276672
Mar 30 11:50:52 ....
Mar 30 11:50:53 Count: 3 of 4
Mar 30 11:50:53 f022352 (1 / 1 tries):
Mar 30 11:50:54 f0421499: 23.293832210218907393 FIL (8.9G free)
Mar 30 11:50:54 Escrow: 0.999645757255 FIL
Mar 30 11:50:54 Locked: 0.33249517244 FIL
Mar 30 11:50:55 Datacap: 3160693276672
Mar 30 11:50:55 ....
Mar 30 11:50:56 Count: 3 of 4
Mar 30 11:50:56 f01240 (1 / 1 tries):
Mar 30 11:50:57 f0421499: 23.293832210218907393 FIL (8.9G free)
Mar 30 11:50:57 Escrow: 0.999645757255 FIL
Mar 30 11:50:57 Locked: 0.33249517244 FIL
Mar 30 11:50:57 Datacap: 3160693276672
Mar 30 11:50:57 ....
