Mar 30 11:57:25 Count: 3 of 4
Mar 30 11:57:25 f0145874 (1 / 1 tries):
Mar 30 11:57:26 f0421499: 23.293832210218907393 FIL (8.9G free)
Mar 30 11:57:26 Escrow: 0.999645757255 FIL
Mar 30 11:57:26 Locked: 0.33249517244 FIL
Mar 30 11:57:26 Datacap: 3160693276672
Mar 30 11:57:26 ....
Mar 30 11:57:27 Count: 3 of 4
Mar 30 11:57:27 f099608 (1 / 1 tries):
Mar 30 11:57:28 f0421499: 23.293832210218907393 FIL (8.9G free)
Mar 30 11:57:29 Escrow: 0.999645757255 FIL
Mar 30 11:57:29 Locked: 0.33249517244 FIL
Mar 30 11:57:29 Datacap: 3160693276672
Mar 30 11:57:29 ....
Mar 30 11:57:30 Count: 3 of 4
Mar 30 11:57:30 f019100 (1 / 1 tries):
Mar 30 11:57:31 Skipping f019100: error-ask
Mar 30 11:57:31 
Mar 30 11:57:32 Count: 3 of 4
Mar 30 11:57:32 f01240 (1 / 1 tries):
Mar 30 11:57:32 f0421499: 23.293832210218907393 FIL (8.9G free)
Mar 30 11:57:32 Escrow: 0.999645757255 FIL
Mar 30 11:57:32 Locked: 0.33249517244 FIL
Mar 30 11:57:33 Datacap: 3160693276672
Mar 30 11:57:33 ....
Mar 30 11:57:34 Count: 3 of 4
Mar 30 11:57:34 f019362 (1 / 1 tries):
Mar 30 11:57:35 f0421499: 23.293832210218907393 FIL (8.9G free)
Mar 30 11:57:35 Escrow: 0.999645757255 FIL
Mar 30 11:57:35 Locked: 0.33249517244 FIL
Mar 30 11:57:35 Datacap: 3160693276672
Mar 30 11:57:36 ....
Mar 30 11:57:37 Count: 3 of 4
Mar 30 11:57:37 f023971 (1 / 1 tries):
Mar 30 11:57:37 f0421499: 23.293832210218907393 FIL (8.9G free)
Mar 30 11:57:37 Escrow: 0.999645757255 FIL
Mar 30 11:57:37 Locked: 0.33249517244 FIL
Mar 30 11:57:38 Datacap: 3160693276672
Mar 30 11:57:38 ....
Mar 30 11:57:39 Count: 3 of 4
Mar 30 11:57:39 f010617 (1 / 1 tries):
Mar 30 11:57:39 f0421499: 23.293832210218907393 FIL (8.9G free)
Mar 30 11:57:39 Escrow: 0.999645757255 FIL
Mar 30 11:57:39 Locked: 0.33249517244 FIL
Mar 30 11:57:40 Datacap: 3160693276672
Mar 30 11:57:40 ....
Mar 30 11:57:41 Count: 3 of 4
Mar 30 11:57:41 f022163 (1 / 1 tries):
Mar 30 11:57:41 f0421499: 23.293832210218907393 FIL (8.9G free)
Mar 30 11:57:42 Escrow: 0.999645757255 FIL
Mar 30 11:57:42 Locked: 0.33249517244 FIL
Mar 30 11:57:42 Datacap: 3160693276672
Mar 30 11:57:42 ....
Mar 30 11:57:44 Count: 3 of 4
Mar 30 11:57:44 f010479 (1 / 1 tries):
Mar 30 11:57:44 f0421499: 23.293832210218907393 FIL (8.9G free)
Mar 30 11:57:44 Escrow: 0.999645757255 FIL
Mar 30 11:57:44 Locked: 0.33249517244 FIL
Mar 30 11:57:45 Datacap: 3160693276672
Mar 30 11:57:45 ....
Mar 30 11:57:46 Count: 3 of 4
Mar 30 11:57:46 f019041 (1 / 1 tries):
Mar 30 11:57:47 f0421499: 23.293832210218907393 FIL (8.9G free)
Mar 30 11:57:47 Escrow: 0.999645757255 FIL
Mar 30 11:57:47 Locked: 0.33249517244 FIL
Mar 30 11:57:47 Datacap: 3160693276672
Mar 30 11:57:48 ....
Mar 30 11:57:49 Count: 3 of 4
Mar 30 11:57:49 f023467 (1 / 1 tries):
Mar 30 11:57:49 f0421499: 23.293832210218907393 FIL (8.9G free)
Mar 30 11:57:50 Escrow: 0.999645757255 FIL
Mar 30 11:57:50 Locked: 0.33249517244 FIL
Mar 30 11:57:50 Datacap: 3160693276672
Mar 30 11:57:50 ....
Mar 30 11:57:51 Count: 3 of 4
Mar 30 11:57:51 f058369 (1 / 1 tries):
Mar 30 11:57:52 f0421499: 23.293832210218907393 FIL (8.9G free)
Mar 30 11:57:52 Escrow: 0.999645757255 FIL
Mar 30 11:57:52 Locked: 0.33249517244 FIL
Mar 30 11:57:52 Datacap: 3160693276672
Mar 30 11:57:52 ....
Mar 30 11:57:54 Count: 3 of 4
Mar 30 11:57:54 f015927 (1 / 1 tries):
Mar 30 11:57:54 Skipping f015927: min-ask
Mar 30 11:57:54 
Mar 30 11:57:55 Count: 3 of 4
Mar 30 11:57:55 f0127896 (1 / 1 tries):
Mar 30 11:57:56 Skipping f0127896: min-ask
Mar 30 11:57:56 
Mar 30 11:57:57 Count: 3 of 4
Mar 30 11:57:57 f066596 (1 / 1 tries):
Mar 30 11:57:57 f0421499: 23.293832210218907393 FIL (8.9G free)
Mar 30 11:57:57 Escrow: 0.999645757255 FIL
Mar 30 11:57:57 Locked: 0.33249517244 FIL
Mar 30 11:57:57 Datacap: 3160693276672
Mar 30 11:57:57 ....
Mar 30 11:57:58 Count: 3 of 4
Mar 30 11:57:58 f0165400 (1 / 1 tries):
Mar 30 11:57:59 f0421499: 23.293832210218907393 FIL (8.9G free)
Mar 30 11:57:59 Escrow: 0.999645757255 FIL
Mar 30 11:57:59 Locked: 0.33249517244 FIL
Mar 30 11:58:00 Datacap: 3160693276672
Mar 30 11:58:00 ....
Mar 30 11:58:01 Count: 3 of 4
Mar 30 11:58:01 f02606 (1 / 1 tries):
Mar 30 11:58:01 f0421499: 23.293832210218907393 FIL (8.9G free)
Mar 30 11:58:02 Escrow: 0.999645757255 FIL
Mar 30 11:58:02 Locked: 0.33249517244 FIL
Mar 30 11:58:02 Datacap: 3160693276672
Mar 30 11:58:02 ....
Mar 30 11:58:03 Count: 3 of 4
Mar 30 11:58:03 f08399 (1 / 1 tries):
Mar 30 11:58:04 f0421499: 23.293832210218907393 FIL (8.9G free)
Mar 30 11:58:04 Escrow: 0.999645757255 FIL
Mar 30 11:58:04 Locked: 0.33249517244 FIL
Mar 30 11:58:04 Datacap: 3160693276672
Mar 30 11:58:04 ....
Mar 30 11:58:05 Count: 3 of 4
Mar 30 11:58:05 f01247 (1 / 1 tries):
Mar 30 11:58:06 f0421499: 23.293832210218907393 FIL (8.9G free)
Mar 30 11:58:06 Escrow: 0.999645757255 FIL
Mar 30 11:58:06 Locked: 0.33249517244 FIL
Mar 30 11:58:07 Datacap: 3160693276672
Mar 30 11:58:07 ....
Mar 30 11:58:08 Count: 3 of 4
Mar 30 11:58:08 f014768 (1 / 1 tries):
Mar 30 11:58:09 f0421499: 23.293832210218907393 FIL (8.9G free)
Mar 30 11:58:09 Escrow: 0.999645757255 FIL
Mar 30 11:58:09 Locked: 0.33249517244 FIL
Mar 30 11:58:09 Datacap: 3160693276672
Mar 30 11:58:09 ....
Mar 30 11:58:10 Count: 3 of 4
Mar 30 11:58:10 f021716 (1 / 1 tries):
Mar 30 11:58:11 f0421499: 23.293832210218907393 FIL (8.9G free)
Mar 30 11:58:11 Escrow: 0.999645757255 FIL
Mar 30 11:58:11 Locked: 0.33249517244 FIL
Mar 30 11:58:12 Datacap: 3160693276672
Mar 30 11:58:12 ....
Mar 30 11:58:13 Count: 3 of 4
Mar 30 11:58:13 f02576 (1 / 1 tries):
Mar 30 11:58:14 f0421499: 23.293832210218907393 FIL (8.9G free)
Mar 30 11:58:14 Escrow: 0.999645757255 FIL
Mar 30 11:58:14 Locked: 0.33249517244 FIL
Mar 30 11:58:14 Datacap: 3160693276672
Mar 30 11:58:14 ....
Mar 30 11:58:15 Count: 3 of 4
Mar 30 11:58:15 f09848 (1 / 1 tries):
Mar 30 11:58:16 f0421499: 23.293832210218907393 FIL (8.9G free)
Mar 30 11:58:16 Escrow: 0.999645757255 FIL
Mar 30 11:58:16 Locked: 0.33249517244 FIL
Mar 30 11:58:16 Datacap: 3160693276672
Mar 30 11:58:16 ....
Mar 30 11:58:17 Count: 3 of 4
Mar 30 11:58:17 f08403 (1 / 1 tries):
Mar 30 11:58:18 f0421499: 23.293832210218907393 FIL (8.9G free)
Mar 30 11:58:18 Escrow: 0.999645757255 FIL
Mar 30 11:58:18 Locked: 0.33249517244 FIL
Mar 30 11:58:19 Datacap: 3160693276672
Mar 30 11:58:19 ....
Mar 30 11:58:20 Count: 3 of 4
Mar 30 11:58:20 f014409 (1 / 1 tries):
Mar 30 11:58:21 f0421499: 23.293832210218907393 FIL (8.9G free)
Mar 30 11:58:21 Escrow: 0.999645757255 FIL
Mar 30 11:58:21 Locked: 0.33249517244 FIL
Mar 30 11:58:21 Datacap: 3160693276672
Mar 30 11:58:21 ....
Mar 30 11:58:22 Count: 3 of 4
Mar 30 11:58:22 f01234 (1 / 1 tries):
Mar 30 11:58:23 f0421499: 23.293832210218907393 FIL (8.9G free)
Mar 30 11:58:23 Escrow: 0.999645757255 FIL
Mar 30 11:58:23 Locked: 0.33249517244 FIL
Mar 30 11:58:23 Datacap: 3160693276672
Mar 30 11:58:24 ....
Mar 30 11:58:25 Count: 3 of 4
Mar 30 11:58:25 f01278 (1 / 1 tries):
Mar 30 11:58:26 f0421499: 23.293832210218907393 FIL (8.9G free)
Mar 30 11:58:26 Escrow: 0.999645757255 FIL
Mar 30 11:58:26 Locked: 0.33249517244 FIL
Mar 30 11:58:26 Datacap: 3160693276672
Mar 30 11:58:26 ....
Mar 30 11:58:27 Count: 3 of 4
Mar 30 11:58:27 f019104 (1 / 1 tries):
Mar 30 11:58:28 Skipping f019104: error-ask
Mar 30 11:58:28 
Mar 30 11:58:29 Count: 3 of 4
Mar 30 11:58:29 f019551 (1 / 1 tries):
Mar 30 11:58:30 f0421499: 23.293832210218907393 FIL (8.9G free)
Mar 30 11:58:30 Escrow: 0.999645757255 FIL
Mar 30 11:58:30 Locked: 0.33249517244 FIL
Mar 30 11:58:30 Datacap: 3160693276672
Mar 30 11:58:31 ....
Mar 30 11:58:32 Count: 3 of 4
Mar 30 11:58:32 f022352 (1 / 1 tries):
Mar 30 11:58:33 f0421499: 23.293832210218907393 FIL (8.9G free)
Mar 30 11:58:33 Escrow: 0.999645757255 FIL
Mar 30 11:58:33 Locked: 0.33249517244 FIL
Mar 30 11:58:33 Datacap: 3160693276672
Mar 30 11:58:33 ....
Mar 30 11:58:34 Count: 3 of 4
Mar 30 11:58:34 f07998 (1 / 1 tries):
Mar 30 11:58:35 f0421499: 23.293832210218907393 FIL (8.9G free)
Mar 30 11:58:35 Escrow: 0.999645757255 FIL
Mar 30 11:58:35 Locked: 0.33249517244 FIL
Mar 30 11:58:35 Datacap: 3160693276672
Mar 30 11:58:36 ....
Mar 30 11:58:37 Count: 3 of 4
Mar 30 11:58:37 f0157535 (1 / 1 tries):
Mar 30 11:58:37 f0421499: 23.293832210218907393 FIL (8.9G free)
Mar 30 11:58:37 Escrow: 0.999645757255 FIL
Mar 30 11:58:37 Locked: 0.33249517244 FIL
Mar 30 11:58:38 Datacap: 3160693276672
Mar 30 11:58:38 ....
Mar 30 11:58:39 Count: 3 of 4
Mar 30 11:58:39 f01277 (1 / 1 tries):
Mar 30 11:58:40 Skipping f01277: min-ask
Mar 30 11:58:40 
Mar 30 11:58:41 Count: 3 of 4
Mar 30 11:58:41 f022142 (1 / 1 tries):
Mar 30 11:58:41 f0421499: 23.293832210218907393 FIL (8.9G free)
Mar 30 11:58:42 Escrow: 0.999645757255 FIL
Mar 30 11:58:42 Locked: 0.33249517244 FIL
Mar 30 11:58:42 Datacap: 3160693276672
Mar 30 11:58:42 ....
Mar 30 11:58:43 Count: 3 of 4
Mar 30 11:58:43 f071624 (1 / 1 tries):
Mar 30 11:58:44 f0421499: 23.293832210218907393 FIL (8.9G free)
Mar 30 11:58:44 Escrow: 0.999645757255 FIL
Mar 30 11:58:44 Locked: 0.33249517244 FIL
Mar 30 11:58:44 Datacap: 3160693276672
Mar 30 11:58:45 ....
Mar 30 11:58:46 Count: 3 of 4
Mar 30 11:58:46 f062353 (1 / 1 tries):
Mar 30 11:58:46 f0421499: 23.293832210218907393 FIL (8.9G free)
Mar 30 11:58:47 Escrow: 0.999645757255 FIL
Mar 30 11:58:47 Locked: 0.33249517244 FIL
Mar 30 11:58:47 Datacap: 3160693276672
Mar 30 11:58:47 ....
