Mar 30 14:50:33 Count: 3 of 4
Mar 30 14:50:33 f0165400 (1 / 1 tries):
Mar 30 14:50:33 f0421499: 23.293832210218907393 FIL (8.4G free)
Mar 30 14:50:34 Escrow: 0.999645757255 FIL
Mar 30 14:50:34 Locked: 0.33249517244 FIL
Mar 30 14:50:34 Datacap: 3160693276672
Mar 30 14:50:34 ....
Mar 30 14:50:35 Count: 3 of 4
Mar 30 14:50:35 f0157535 (1 / 1 tries):
Mar 30 14:50:35 f0421499: 23.293832210218907393 FIL (8.4G free)
Mar 30 14:50:36 Escrow: 0.999645757255 FIL
Mar 30 14:50:36 Locked: 0.33249517244 FIL
Mar 30 14:50:36 Datacap: 3160693276672
Mar 30 14:50:36 ....
Mar 30 14:50:37 Count: 3 of 4
Mar 30 14:50:37 f08399 (1 / 1 tries):
Mar 30 14:50:38 f0421499: 23.293832210218907393 FIL (8.4G free)
Mar 30 14:50:38 Escrow: 0.999645757255 FIL
Mar 30 14:50:38 Locked: 0.33249517244 FIL
Mar 30 14:50:38 Datacap: 3160693276672
Mar 30 14:50:38 ....
Mar 30 14:50:39 Count: 3 of 4
Mar 30 14:50:39 f058369 (1 / 1 tries):
Mar 30 14:50:40 f0421499: 23.293832210218907393 FIL (8.4G free)
Mar 30 14:50:40 Escrow: 0.999645757255 FIL
Mar 30 14:50:40 Locked: 0.33249517244 FIL
Mar 30 14:50:40 Datacap: 3160693276672
Mar 30 14:50:40 ....
Mar 30 14:50:41 Count: 3 of 4
Mar 30 14:50:41 f014409 (1 / 1 tries):
Mar 30 14:50:42 f0421499: 23.293832210218907393 FIL (8.4G free)
Mar 30 14:50:42 Escrow: 0.999645757255 FIL
Mar 30 14:50:42 Locked: 0.33249517244 FIL
Mar 30 14:50:42 Datacap: 3160693276672
Mar 30 14:50:43 ....
Mar 30 14:50:44 Count: 3 of 4
Mar 30 14:50:44 f019104 (1 / 1 tries):
Mar 30 14:50:44 Skipping f019104: error-ask
Mar 30 14:50:44 
Mar 30 14:50:45 Count: 3 of 4
Mar 30 14:50:45 f08403 (1 / 1 tries):
Mar 30 14:50:46 f0421499: 23.293832210218907393 FIL (8.4G free)
Mar 30 14:50:46 Escrow: 0.999645757255 FIL
Mar 30 14:50:46 Locked: 0.33249517244 FIL
Mar 30 14:50:46 Datacap: 3160693276672
Mar 30 14:50:46 ....
Mar 30 14:50:47 Count: 3 of 4
Mar 30 14:50:47 f066596 (1 / 1 tries):
Mar 30 14:50:48 f0421499: 23.293832210218907393 FIL (8.4G free)
Mar 30 14:50:48 Escrow: 0.999645757255 FIL
Mar 30 14:50:48 Locked: 0.33249517244 FIL
Mar 30 14:50:49 Datacap: 3160693276672
Mar 30 14:50:49 ....
Mar 30 14:50:50 Count: 3 of 4
Mar 30 14:50:50 f01240 (1 / 1 tries):
Mar 30 14:50:50 f0421499: 23.293832210218907393 FIL (8.4G free)
Mar 30 14:50:50 Escrow: 0.999645757255 FIL
Mar 30 14:50:50 Locked: 0.33249517244 FIL
Mar 30 14:50:51 Datacap: 3160693276672
Mar 30 14:50:51 ....
Mar 30 14:50:52 Count: 3 of 4
Mar 30 14:50:52 f071624 (1 / 1 tries):
Mar 30 14:50:52 f0421499: 23.293832210218907393 FIL (8.4G free)
Mar 30 14:50:53 Escrow: 0.999645757255 FIL
Mar 30 14:50:53 Locked: 0.33249517244 FIL
Mar 30 14:50:53 Datacap: 3160693276672
Mar 30 14:50:53 ....
Mar 30 14:50:54 Count: 3 of 4
Mar 30 14:50:54 f062353 (1 / 1 tries):
Mar 30 14:50:54 f0421499: 23.293832210218907393 FIL (8.4G free)
Mar 30 14:50:55 Escrow: 0.999645757255 FIL
Mar 30 14:50:55 Locked: 0.33249517244 FIL
Mar 30 14:50:55 Datacap: 3160693276672
Mar 30 14:50:55 ....
Mar 30 14:50:56 Count: 3 of 4
Mar 30 14:50:56 f014768 (1 / 1 tries):
Mar 30 14:50:57 f0421499: 23.293832210218907393 FIL (8.4G free)
Mar 30 14:50:57 Escrow: 0.999645757255 FIL
Mar 30 14:50:57 Locked: 0.33249517244 FIL
Mar 30 14:50:57 Datacap: 3160693276672
Mar 30 14:50:58 ....
Mar 30 14:50:59 Count: 3 of 4
Mar 30 14:50:59 f02576 (1 / 1 tries):
Mar 30 14:50:59 f0421499: 23.293832210218907393 FIL (8.4G free)
Mar 30 14:50:59 Escrow: 0.999645757255 FIL
Mar 30 14:50:59 Locked: 0.33249517244 FIL
Mar 30 14:51:00 Datacap: 3160693276672
Mar 30 14:51:00 ....
Mar 30 14:51:01 Count: 3 of 4
Mar 30 14:51:01 f01234 (1 / 1 tries):
Mar 30 14:51:02 f0421499: 23.293832210218907393 FIL (8.4G free)
Mar 30 14:51:02 Escrow: 0.999645757255 FIL
Mar 30 14:51:02 Locked: 0.33249517244 FIL
Mar 30 14:51:02 Datacap: 3160693276672
Mar 30 14:51:03 ....
Mar 30 14:51:04 Count: 3 of 4
Mar 30 14:51:04 f022352 (1 / 1 tries):
Mar 30 14:51:04 f0421499: 23.293832210218907393 FIL (8.4G free)
Mar 30 14:51:05 Escrow: 0.999645757255 FIL
Mar 30 14:51:05 Locked: 0.33249517244 FIL
Mar 30 14:51:05 Datacap: 3160693276672
Mar 30 14:51:05 ....
Mar 30 14:51:06 Count: 3 of 4
Mar 30 14:51:06 f010479 (1 / 1 tries):
Mar 30 14:51:06 f0421499: 23.293832210218907393 FIL (8.4G free)
Mar 30 14:51:07 Escrow: 0.999645757255 FIL
Mar 30 14:51:07 Locked: 0.33249517244 FIL
Mar 30 14:51:07 Datacap: 3160693276672
Mar 30 14:51:07 ....
Mar 30 14:51:08 Count: 3 of 4
Mar 30 14:51:08 f01277 (1 / 1 tries):
Mar 30 14:51:09 Skipping f01277: min-ask
Mar 30 14:51:09 
Mar 30 14:51:10 Count: 3 of 4
Mar 30 14:51:10 f023971 (1 / 1 tries):
Mar 30 14:51:10 f0421499: 23.293832210218907393 FIL (8.4G free)
Mar 30 14:51:10 Escrow: 0.999645757255 FIL
Mar 30 14:51:10 Locked: 0.33249517244 FIL
Mar 30 14:51:10 Datacap: 3160693276672
Mar 30 14:51:11 ....
Mar 30 14:51:12 Count: 3 of 4
Mar 30 14:51:12 f022163 (1 / 1 tries):
Mar 30 14:51:13 f0421499: 23.293832210218907393 FIL (8.4G free)
Mar 30 14:51:13 Escrow: 0.999645757255 FIL
Mar 30 14:51:13 Locked: 0.33249517244 FIL
Mar 30 14:51:13 Datacap: 3160693276672
Mar 30 14:51:14 ....
Mar 30 14:51:15 Count: 3 of 4
Mar 30 14:51:15 f019041 (1 / 1 tries):
Mar 30 14:51:15 f0421499: 23.293832210218907393 FIL (8.4G free)
Mar 30 14:51:15 Escrow: 0.999645757255 FIL
Mar 30 14:51:15 Locked: 0.33249517244 FIL
Mar 30 14:51:16 Datacap: 3160693276672
Mar 30 14:51:16 ....
Mar 30 14:51:17 Count: 3 of 4
Mar 30 14:51:17 f01278 (1 / 1 tries):
Mar 30 14:51:18 f0421499: 23.293832210218907393 FIL (8.4G free)
Mar 30 14:51:18 Escrow: 0.999645757255 FIL
Mar 30 14:51:18 Locked: 0.33249517244 FIL
Mar 30 14:51:18 Datacap: 3160693276672
Mar 30 14:51:18 ....
Mar 30 14:51:19 Count: 3 of 4
Mar 30 14:51:19 f02606 (1 / 1 tries):
Mar 30 14:51:20 f0421499: 23.293832210218907393 FIL (8.4G free)
Mar 30 14:51:20 Escrow: 0.999645757255 FIL
Mar 30 14:51:20 Locked: 0.33249517244 FIL
Mar 30 14:51:20 Datacap: 3160693276672
Mar 30 14:51:20 ....
Mar 30 14:51:21 Count: 3 of 4
Mar 30 14:51:21 f015927 (1 / 1 tries):
Mar 30 14:51:22 Skipping f015927: min-ask
Mar 30 14:51:22 
Mar 30 14:51:23 Count: 3 of 4
Mar 30 14:51:23 f010617 (1 / 1 tries):
Mar 30 14:51:24 f0421499: 23.293832210218907393 FIL (8.3G free)
Mar 30 14:51:24 Escrow: 0.999645757255 FIL
Mar 30 14:51:24 Locked: 0.33249517244 FIL
Mar 30 14:51:24 Datacap: 3160693276672
Mar 30 14:51:25 ....
Mar 30 14:51:26 Count: 3 of 4
Mar 30 14:51:26 f0127896 (1 / 1 tries):
Mar 30 14:51:26 Skipping f0127896: min-ask
Mar 30 14:51:26 
Mar 30 14:51:27 Count: 3 of 4
Mar 30 14:51:27 f09848 (1 / 1 tries):
Mar 30 14:51:28 f0421499: 23.293832210218907393 FIL (8.3G free)
Mar 30 14:51:28 Escrow: 0.999645757255 FIL
Mar 30 14:51:28 Locked: 0.33249517244 FIL
Mar 30 14:51:29 Datacap: 3160693276672
Mar 30 14:51:29 ....
Mar 30 14:51:30 Count: 3 of 4
Mar 30 14:51:30 f01247 (1 / 1 tries):
Mar 30 14:51:30 f0421499: 23.293832210218907393 FIL (8.3G free)
Mar 30 14:51:30 Escrow: 0.999645757255 FIL
Mar 30 14:51:30 Locked: 0.33249517244 FIL
Mar 30 14:51:31 Datacap: 3160693276672
Mar 30 14:51:31 ....
Mar 30 14:51:32 Count: 3 of 4
Mar 30 14:51:32 f07998 (1 / 1 tries):
Mar 30 14:51:33 f0421499: 23.293832210218907393 FIL (8.3G free)
Mar 30 14:51:33 Escrow: 0.999645757255 FIL
Mar 30 14:51:33 Locked: 0.33249517244 FIL
Mar 30 14:51:33 Datacap: 3160693276672
Mar 30 14:51:33 ....
Mar 30 14:51:34 Count: 3 of 4
Mar 30 14:51:34 f021716 (1 / 1 tries):
Mar 30 14:51:35 f0421499: 23.293832210218907393 FIL (8.3G free)
Mar 30 14:51:35 Escrow: 0.999645757255 FIL
Mar 30 14:51:35 Locked: 0.33249517244 FIL
Mar 30 14:51:36 Datacap: 3160693276672
Mar 30 14:51:36 ....
Mar 30 14:51:37 Count: 3 of 4
Mar 30 14:51:37 f019551 (1 / 1 tries):
Mar 30 14:51:38 f0421499: 23.293832210218907393 FIL (8.3G free)
Mar 30 14:51:38 Escrow: 0.999645757255 FIL
Mar 30 14:51:38 Locked: 0.33249517244 FIL
Mar 30 14:51:38 Datacap: 3160693276672
Mar 30 14:51:38 ....
Mar 30 14:51:39 Count: 3 of 4
Mar 30 14:51:39 f019362 (1 / 1 tries):
Mar 30 14:51:40 f0421499: 23.293832210218907393 FIL (8.3G free)
Mar 30 14:51:40 Escrow: 0.999645757255 FIL
Mar 30 14:51:40 Locked: 0.33249517244 FIL
Mar 30 14:51:40 Datacap: 3160693276672
Mar 30 14:51:41 ....
Mar 30 14:51:42 Count: 3 of 4
Mar 30 14:51:42 f019100 (1 / 1 tries):
Mar 30 14:51:42 Skipping f019100: error-ask
Mar 30 14:51:42 
Mar 30 14:51:43 Count: 3 of 4
Mar 30 14:51:43 f023467 (1 / 1 tries):
Mar 30 14:51:44 f0421499: 23.293832210218907393 FIL (8.3G free)
Mar 30 14:51:44 Escrow: 0.999645757255 FIL
Mar 30 14:51:44 Locked: 0.33249517244 FIL
Mar 30 14:51:44 Datacap: 3160693276672
Mar 30 14:51:44 ....
Mar 30 14:51:45 Count: 3 of 4
Mar 30 14:51:45 f0145874 (1 / 1 tries):
Mar 30 14:51:46 f0421499: 23.293832210218907393 FIL (8.3G free)
Mar 30 14:51:46 Escrow: 0.999645757255 FIL
Mar 30 14:51:46 Locked: 0.33249517244 FIL
Mar 30 14:51:46 Datacap: 3160693276672
Mar 30 14:51:47 ....
Mar 30 14:51:48 Count: 3 of 4
Mar 30 14:51:48 f099608 (1 / 1 tries):
Mar 30 14:51:48 f0421499: 23.293832210218907393 FIL (8.3G free)
Mar 30 14:51:48 Escrow: 0.999645757255 FIL
Mar 30 14:51:48 Locked: 0.33249517244 FIL
Mar 30 14:51:49 Datacap: 3160693276672
Mar 30 14:51:49 ....
Mar 30 14:51:50 Count: 3 of 4
Mar 30 14:51:50 f022142 (1 / 1 tries):
Mar 30 14:51:50 f0421499: 23.293832210218907393 FIL (8.3G free)
Mar 30 14:51:50 Escrow: 0.999645757255 FIL
Mar 30 14:51:50 Locked: 0.33249517244 FIL
Mar 30 14:51:51 Datacap: 3160693276672
Mar 30 14:51:51 ....
