Mar 30 02:24:26 Count: 3 of 4
Mar 30 02:24:26 f071624 (1 / 1 tries):
Mar 30 02:24:26 f0421499: 23.308289234176929066 FIL (26G free)
Mar 30 02:24:26 Escrow: 0.999999997255 FIL
Mar 30 02:24:26 Locked: 0.33284941244 FIL
Mar 30 02:24:27 Datacap: 3435571183616
Mar 30 02:24:27 ....
Mar 30 02:24:28 Count: 3 of 4
Mar 30 02:24:28 f066596 (1 / 1 tries):
Mar 30 02:24:28 f0421499: 23.308289234176929066 FIL (26G free)
Mar 30 02:24:28 Escrow: 0.999999997255 FIL
Mar 30 02:24:28 Locked: 0.33284941244 FIL
Mar 30 02:24:28 Datacap: 3435571183616
Mar 30 02:24:28 ....
Mar 30 02:24:29 Count: 3 of 4
Mar 30 02:24:29 f01234 (1 / 1 tries):
Mar 30 02:24:30 f0421499: 23.308289234176929066 FIL (26G free)
Mar 30 02:24:30 Escrow: 0.999999997255 FIL
Mar 30 02:24:30 Locked: 0.33284941244 FIL
Mar 30 02:24:30 Datacap: 3435571183616
Mar 30 02:24:31 ....
Mar 30 02:24:32 Count: 3 of 4
Mar 30 02:24:32 f0127896 (1 / 1 tries):
Mar 30 02:24:32 Skipping f0127896: min-ask
Mar 30 02:24:32 
Mar 30 02:24:33 Count: 3 of 4
Mar 30 02:24:33 f015927 (1 / 1 tries):
Mar 30 02:24:33 Skipping f015927: min-ask
Mar 30 02:24:33 
Mar 30 02:24:34 Count: 3 of 4
Mar 30 02:24:34 f08399 (1 / 1 tries):
Mar 30 02:24:34 f0421499: 23.308289234176929066 FIL (26G free)
Mar 30 02:24:35 Escrow: 0.999999997255 FIL
Mar 30 02:24:35 Locked: 0.33284941244 FIL
Mar 30 02:24:35 Datacap: 3435571183616
Mar 30 02:24:35 ....
Mar 30 02:24:36 Count: 3 of 4
Mar 30 02:24:36 f099608 (1 / 1 tries):
Mar 30 02:24:37 f0421499: 23.308289234176929066 FIL (26G free)
Mar 30 02:24:37 Escrow: 0.999999997255 FIL
Mar 30 02:24:37 Locked: 0.33284941244 FIL
Mar 30 02:24:38 Datacap: 3435571183616
Mar 30 02:24:38 ....
Mar 30 02:24:39 Count: 3 of 4
Mar 30 02:24:39 f023467 (1 / 1 tries):
Mar 30 02:24:40 f0421499: 23.308289234176929066 FIL (26G free)
Mar 30 02:24:40 Escrow: 0.999999997255 FIL
Mar 30 02:24:40 Locked: 0.33284941244 FIL
Mar 30 02:24:40 Datacap: 3435571183616
Mar 30 02:24:40 ....
Mar 30 02:24:42 Count: 3 of 4
Mar 30 02:24:42 f010617 (1 / 1 tries):
Mar 30 02:24:42 f0421499: 23.308289234176929066 FIL (26G free)
Mar 30 02:24:42 Escrow: 0.999999997255 FIL
Mar 30 02:24:42 Locked: 0.33284941244 FIL
Mar 30 02:24:42 Datacap: 3435571183616
Mar 30 02:24:42 ....
Mar 30 02:24:43 Count: 3 of 4
Mar 30 02:24:43 f01240 (1 / 1 tries):
Mar 30 02:24:44 f0421499: 23.308289234176929066 FIL (26G free)
Mar 30 02:24:44 Escrow: 0.999999997255 FIL
Mar 30 02:24:44 Locked: 0.33284941244 FIL
Mar 30 02:24:44 Datacap: 3435571183616
Mar 30 02:24:44 ....
Mar 30 02:24:45 Count: 3 of 4
Mar 30 02:24:45 f022142 (1 / 1 tries):
Mar 30 02:24:46 f0421499: 23.308289234176929066 FIL (26G free)
Mar 30 02:24:46 Escrow: 0.999999997255 FIL
Mar 30 02:24:46 Locked: 0.33284941244 FIL
Mar 30 02:24:47 Datacap: 3435571183616
Mar 30 02:24:47 ....
Mar 30 02:24:48 Count: 3 of 4
Mar 30 02:24:48 f0145874 (1 / 1 tries):
Mar 30 02:24:48 f0421499: 23.308289234176929066 FIL (26G free)
Mar 30 02:24:48 Escrow: 0.999999997255 FIL
Mar 30 02:24:48 Locked: 0.33284941244 FIL
Mar 30 02:24:48 Datacap: 3435571183616
Mar 30 02:24:48 ....
Mar 30 02:24:49 Count: 3 of 4
Mar 30 02:24:49 f09848 (1 / 1 tries):
Mar 30 02:24:50 f0421499: 23.308289234176929066 FIL (26G free)
Mar 30 02:24:50 Escrow: 0.999999997255 FIL
Mar 30 02:24:50 Locked: 0.33284941244 FIL
Mar 30 02:24:50 Datacap: 3435571183616
Mar 30 02:24:50 ....
Mar 30 02:24:51 Count: 3 of 4
Mar 30 02:24:51 f022163 (1 / 1 tries):
Mar 30 02:24:52 f0421499: 23.308289234176929066 FIL (26G free)
Mar 30 02:24:52 Escrow: 0.999999997255 FIL
Mar 30 02:24:52 Locked: 0.33284941244 FIL
Mar 30 02:24:53 Datacap: 3435571183616
Mar 30 02:24:54 ....
Mar 30 02:24:55 Count: 3 of 4
Mar 30 02:24:55 f022352 (1 / 1 tries):
Mar 30 02:24:55 f0421499: 23.308289234176929066 FIL (26G free)
Mar 30 02:24:55 Escrow: 0.999999997255 FIL
Mar 30 02:24:55 Locked: 0.33284941244 FIL
Mar 30 02:24:56 Datacap: 3435571183616
Mar 30 02:24:56 ....
Mar 30 02:24:57 Count: 3 of 4
Mar 30 02:24:57 f062353 (1 / 1 tries):
Mar 30 02:24:58 f0421499: 23.308289234176929066 FIL (26G free)
Mar 30 02:24:58 Escrow: 0.999999997255 FIL
Mar 30 02:24:58 Locked: 0.33284941244 FIL
Mar 30 02:24:58 Datacap: 3435571183616
Mar 30 02:24:58 ....
Mar 30 02:24:59 Count: 3 of 4
Mar 30 02:24:59 f02576 (1 / 1 tries):
Mar 30 02:25:00 f0421499: 23.308289234176929066 FIL (26G free)
Mar 30 02:25:00 Escrow: 0.999999997255 FIL
Mar 30 02:25:00 Locked: 0.33284941244 FIL
Mar 30 02:25:00 Datacap: 3435571183616
Mar 30 02:25:01 ....
Mar 30 02:25:02 Count: 3 of 4
Mar 30 02:25:02 f019551 (1 / 1 tries):
Mar 30 02:25:02 f0421499: 23.308289234176929066 FIL (26G free)
Mar 30 02:25:02 Escrow: 0.999999997255 FIL
Mar 30 02:25:02 Locked: 0.33284941244 FIL
Mar 30 02:25:02 Datacap: 3435571183616
Mar 30 02:25:02 ....
Mar 30 02:25:03 Count: 3 of 4
Mar 30 02:25:03 f0165400 (1 / 1 tries):
Mar 30 02:25:04 f0421499: 23.308289234176929066 FIL (26G free)
Mar 30 02:25:04 Escrow: 0.999999997255 FIL
Mar 30 02:25:04 Locked: 0.33284941244 FIL
Mar 30 02:25:04 Datacap: 3435571183616
Mar 30 02:25:04 ....
Mar 30 02:25:05 Count: 3 of 4
Mar 30 02:25:05 f019041 (1 / 1 tries):
Mar 30 02:25:06 f0421499: 23.308289234176929066 FIL (26G free)
Mar 30 02:25:06 Escrow: 0.999999997255 FIL
Mar 30 02:25:06 Locked: 0.33284941244 FIL
Mar 30 02:25:06 Datacap: 3435571183616
Mar 30 02:25:06 ....
Mar 30 02:25:07 Count: 3 of 4
Mar 30 02:25:07 f01278 (1 / 1 tries):
Mar 30 02:25:08 f0421499: 23.308289234176929066 FIL (26G free)
Mar 30 02:25:08 Escrow: 0.999999997255 FIL
Mar 30 02:25:08 Locked: 0.33284941244 FIL
Mar 30 02:25:08 Datacap: 3435571183616
Mar 30 02:25:08 ....
Mar 30 02:25:09 Count: 3 of 4
Mar 30 02:25:09 f019362 (1 / 1 tries):
Mar 30 02:25:10 f0421499: 23.308289234176929066 FIL (26G free)
Mar 30 02:25:10 Escrow: 0.999999997255 FIL
Mar 30 02:25:10 Locked: 0.33284941244 FIL
Mar 30 02:25:11 Datacap: 3435571183616
Mar 30 02:25:11 ....
Mar 30 02:25:12 Count: 3 of 4
Mar 30 02:25:12 f07998 (1 / 1 tries):
Mar 30 02:25:13 f0421499: 23.308289234176929066 FIL (26G free)
Mar 30 02:25:13 Escrow: 0.999999997255 FIL
Mar 30 02:25:13 Locked: 0.33284941244 FIL
Mar 30 02:25:14 Datacap: 3435571183616
Mar 30 02:25:14 ....
Mar 30 02:25:15 Count: 3 of 4
Mar 30 02:25:15 f0157535 (1 / 1 tries):
Mar 30 02:25:16 f0421499: 23.308289234176929066 FIL (25G free)
Mar 30 02:25:16 Escrow: 0.999999997255 FIL
Mar 30 02:25:16 Locked: 0.33284941244 FIL
Mar 30 02:25:16 Datacap: 3435571183616
Mar 30 02:25:17 ....
Mar 30 02:25:18 Count: 3 of 4
Mar 30 02:25:18 f08403 (1 / 1 tries):
Mar 30 02:25:18 f0421499: 23.308289234176929066 FIL (25G free)
Mar 30 02:25:18 Escrow: 0.999999997255 FIL
Mar 30 02:25:18 Locked: 0.33284941244 FIL
Mar 30 02:25:19 Datacap: 3435571183616
Mar 30 02:25:19 ....
Mar 30 02:25:20 Count: 3 of 4
Mar 30 02:25:20 f01247 (1 / 1 tries):
Mar 30 02:25:20 f0421499: 23.308289234176929066 FIL (25G free)
Mar 30 02:25:20 Escrow: 0.999999997255 FIL
Mar 30 02:25:20 Locked: 0.33284941244 FIL
Mar 30 02:25:20 Datacap: 3435571183616
Mar 30 02:25:20 ....
Mar 30 02:25:21 Count: 3 of 4
Mar 30 02:25:21 f01277 (1 / 1 tries):
Mar 30 02:25:22 Skipping f01277: min-ask
Mar 30 02:25:22 
Mar 30 02:25:23 Count: 3 of 4
Mar 30 02:25:23 f021716 (1 / 1 tries):
Mar 30 02:25:23 f0421499: 23.308289234176929066 FIL (25G free)
Mar 30 02:25:23 Escrow: 0.999999997255 FIL
Mar 30 02:25:23 Locked: 0.33284941244 FIL
Mar 30 02:25:24 Datacap: 3435571183616
Mar 30 02:25:24 ....
Mar 30 02:25:25 Count: 3 of 4
Mar 30 02:25:25 f014768 (1 / 1 tries):
Mar 30 02:25:25 f0421499: 23.308289234176929066 FIL (25G free)
Mar 30 02:25:25 Escrow: 0.999999997255 FIL
Mar 30 02:25:25 Locked: 0.33284941244 FIL
Mar 30 02:25:25 Datacap: 3435571183616
Mar 30 02:25:26 ....
Mar 30 02:25:27 Count: 3 of 4
Mar 30 02:25:27 f058369 (1 / 1 tries):
Mar 30 02:25:27 f0421499: 23.308289234176929066 FIL (25G free)
Mar 30 02:25:27 Escrow: 0.999999997255 FIL
Mar 30 02:25:27 Locked: 0.33284941244 FIL
Mar 30 02:25:28 Datacap: 3435571183616
Mar 30 02:25:28 ....
Mar 30 02:25:29 Count: 3 of 4
Mar 30 02:25:29 f014409 (1 / 1 tries):
Mar 30 02:25:30 f0421499: 23.308289234176929066 FIL (25G free)
Mar 30 02:25:30 Escrow: 0.999999997255 FIL
Mar 30 02:25:30 Locked: 0.33284941244 FIL
Mar 30 02:25:30 Datacap: 3435571183616
Mar 30 02:25:31 ....
Mar 30 02:25:32 Count: 3 of 4
Mar 30 02:25:32 f02606 (1 / 1 tries):
Mar 30 02:25:32 f0421499: 23.308289234176929066 FIL (25G free)
Mar 30 02:25:32 Escrow: 0.999999997255 FIL
Mar 30 02:25:32 Locked: 0.33284941244 FIL
Mar 30 02:25:32 Datacap: 3435571183616
Mar 30 02:25:32 ....
Mar 30 02:25:33 Count: 3 of 4
Mar 30 02:25:33 f010479 (1 / 1 tries):
Mar 30 02:25:34 f0421499: 23.308289234176929066 FIL (25G free)
Mar 30 02:25:34 Escrow: 0.999999997255 FIL
Mar 30 02:25:34 Locked: 0.33284941244 FIL
Mar 30 02:25:34 Datacap: 3435571183616
Mar 30 02:25:34 ....
Mar 30 02:25:35 Count: 3 of 4
Mar 30 02:25:35 f019100 (1 / 1 tries):
Mar 30 02:25:35 Skipping f019100: error-ask
Mar 30 02:25:35 
Mar 30 02:25:36 Count: 3 of 4
Mar 30 02:25:36 f023971 (1 / 1 tries):
Mar 30 02:25:37 f0421499: 23.308289234176929066 FIL (25G free)
Mar 30 02:25:37 Escrow: 0.999999997255 FIL
Mar 30 02:25:37 Locked: 0.33284941244 FIL
Mar 30 02:25:37 Datacap: 3435571183616
Mar 30 02:25:37 ....
Mar 30 02:25:38 Count: 3 of 4
Mar 30 02:25:38 f019104 (1 / 1 tries):
Mar 30 02:25:39 Skipping f019104: error-ask
Mar 30 02:25:39 
