Mar 30 12:57:23 Count: 3 of 4
Mar 30 12:57:23 f08403 (1 / 1 tries):
Mar 30 12:57:23 f0421499: 23.293832210218907393 FIL (8.7G free)
Mar 30 12:57:23 Escrow: 0.999645757255 FIL
Mar 30 12:57:23 Locked: 0.33249517244 FIL
Mar 30 12:57:24 Datacap: 3160693276672
Mar 30 12:57:24 ....
Mar 30 12:57:25 Count: 3 of 4
Mar 30 12:57:25 f019362 (1 / 1 tries):
Mar 30 12:57:25 f0421499: 23.293832210218907393 FIL (8.7G free)
Mar 30 12:57:25 Escrow: 0.999645757255 FIL
Mar 30 12:57:25 Locked: 0.33249517244 FIL
Mar 30 12:57:26 Datacap: 3160693276672
Mar 30 12:57:26 ....
Mar 30 12:57:27 Count: 3 of 4
Mar 30 12:57:27 f0157535 (1 / 1 tries):
Mar 30 12:57:28 f0421499: 23.293832210218907393 FIL (8.7G free)
Mar 30 12:57:28 Escrow: 0.999645757255 FIL
Mar 30 12:57:28 Locked: 0.33249517244 FIL
Mar 30 12:57:28 Datacap: 3160693276672
Mar 30 12:57:28 ....
Mar 30 12:57:29 Count: 3 of 4
Mar 30 12:57:29 f071624 (1 / 1 tries):
Mar 30 12:57:30 f0421499: 23.293832210218907393 FIL (8.7G free)
Mar 30 12:57:30 Escrow: 0.999645757255 FIL
Mar 30 12:57:30 Locked: 0.33249517244 FIL
Mar 30 12:57:31 Datacap: 3160693276672
Mar 30 12:57:31 ....
Mar 30 12:57:32 Count: 3 of 4
Mar 30 12:57:32 f014409 (1 / 1 tries):
Mar 30 12:57:33 f0421499: 23.293832210218907393 FIL (8.7G free)
Mar 30 12:57:33 Escrow: 0.999645757255 FIL
Mar 30 12:57:33 Locked: 0.33249517244 FIL
Mar 30 12:57:34 Datacap: 3160693276672
Mar 30 12:57:34 ....
Mar 30 12:57:35 Count: 3 of 4
Mar 30 12:57:35 f01278 (1 / 1 tries):
Mar 30 12:57:36 f0421499: 23.293832210218907393 FIL (8.7G free)
Mar 30 12:57:36 Escrow: 0.999645757255 FIL
Mar 30 12:57:36 Locked: 0.33249517244 FIL
Mar 30 12:57:36 Datacap: 3160693276672
Mar 30 12:57:36 ....
Mar 30 12:57:37 Count: 3 of 4
Mar 30 12:57:37 f058369 (1 / 1 tries):
Mar 30 12:57:38 f0421499: 23.293832210218907393 FIL (8.7G free)
Mar 30 12:57:38 Escrow: 0.999645757255 FIL
Mar 30 12:57:38 Locked: 0.33249517244 FIL
Mar 30 12:57:39 Datacap: 3160693276672
Mar 30 12:57:39 ....
Mar 30 12:57:40 Count: 3 of 4
Mar 30 12:57:40 f0165400 (1 / 1 tries):
Mar 30 12:57:41 f0421499: 23.293832210218907393 FIL (8.7G free)
Mar 30 12:57:41 Escrow: 0.999645757255 FIL
Mar 30 12:57:41 Locked: 0.33249517244 FIL
Mar 30 12:57:42 Datacap: 3160693276672
Mar 30 12:57:42 ....
Mar 30 12:57:43 Count: 3 of 4
Mar 30 12:57:43 f023467 (1 / 1 tries):
Mar 30 12:57:44 f0421499: 23.293832210218907393 FIL (8.7G free)
Mar 30 12:57:44 Escrow: 0.999645757255 FIL
Mar 30 12:57:44 Locked: 0.33249517244 FIL
Mar 30 12:57:44 Datacap: 3160693276672
Mar 30 12:57:45 ....
Mar 30 12:57:46 Count: 3 of 4
Mar 30 12:57:46 f010479 (1 / 1 tries):
Mar 30 12:57:47 f0421499: 23.293832210218907393 FIL (8.7G free)
Mar 30 12:57:47 Escrow: 0.999645757255 FIL
Mar 30 12:57:47 Locked: 0.33249517244 FIL
Mar 30 12:57:47 Datacap: 3160693276672
Mar 30 12:57:47 ....
Mar 30 12:57:48 Count: 3 of 4
Mar 30 12:57:48 f022142 (1 / 1 tries):
Mar 30 12:57:49 f0421499: 23.293832210218907393 FIL (8.7G free)
Mar 30 12:57:49 Escrow: 0.999645757255 FIL
Mar 30 12:57:49 Locked: 0.33249517244 FIL
Mar 30 12:57:49 Datacap: 3160693276672
Mar 30 12:57:49 ....
Mar 30 12:57:50 Count: 3 of 4
Mar 30 12:57:50 f07998 (1 / 1 tries):
Mar 30 12:57:51 f0421499: 23.293832210218907393 FIL (8.7G free)
Mar 30 12:57:52 Escrow: 0.999645757255 FIL
Mar 30 12:57:52 Locked: 0.33249517244 FIL
Mar 30 12:57:52 Datacap: 3160693276672
Mar 30 12:57:52 ....
Mar 30 12:57:53 Count: 3 of 4
Mar 30 12:57:53 f09848 (1 / 1 tries):
Mar 30 12:57:54 f0421499: 23.293832210218907393 FIL (8.7G free)
Mar 30 12:57:54 Escrow: 0.999645757255 FIL
Mar 30 12:57:54 Locked: 0.33249517244 FIL
Mar 30 12:57:55 Datacap: 3160693276672
Mar 30 12:57:55 ....
Mar 30 12:57:56 Count: 3 of 4
Mar 30 12:57:56 f01247 (1 / 1 tries):
Mar 30 12:57:57 f0421499: 23.293832210218907393 FIL (8.7G free)
Mar 30 12:57:57 Escrow: 0.999645757255 FIL
Mar 30 12:57:57 Locked: 0.33249517244 FIL
Mar 30 12:57:57 Datacap: 3160693276672
Mar 30 12:57:58 ....
Mar 30 12:57:59 Count: 3 of 4
Mar 30 12:57:59 f021716 (1 / 1 tries):
Mar 30 12:57:59 f0421499: 23.293832210218907393 FIL (8.7G free)
Mar 30 12:58:00 Escrow: 0.999645757255 FIL
Mar 30 12:58:00 Locked: 0.33249517244 FIL
Mar 30 12:58:00 Datacap: 3160693276672
Mar 30 12:58:00 ....
Mar 30 12:58:01 Count: 3 of 4
Mar 30 12:58:01 f0145874 (1 / 1 tries):
Mar 30 12:58:02 f0421499: 23.293832210218907393 FIL (8.7G free)
Mar 30 12:58:02 Escrow: 0.999645757255 FIL
Mar 30 12:58:02 Locked: 0.33249517244 FIL
Mar 30 12:58:03 Datacap: 3160693276672
Mar 30 12:58:03 ....
Mar 30 12:58:04 Count: 3 of 4
Mar 30 12:58:04 f019104 (1 / 1 tries):
Mar 30 12:58:04 Skipping f019104: error-ask
Mar 30 12:58:04 
Mar 30 12:58:05 Count: 3 of 4
Mar 30 12:58:05 f01277 (1 / 1 tries):
Mar 30 12:58:06 Skipping f01277: min-ask
Mar 30 12:58:06 
Mar 30 12:58:07 Count: 3 of 4
Mar 30 12:58:07 f019100 (1 / 1 tries):
Mar 30 12:58:07 Skipping f019100: error-ask
Mar 30 12:58:07 
Mar 30 12:58:08 Count: 3 of 4
Mar 30 12:58:08 f010617 (1 / 1 tries):
Mar 30 12:58:09 f0421499: 23.293832210218907393 FIL (8.7G free)
Mar 30 12:58:09 Escrow: 0.999645757255 FIL
Mar 30 12:58:09 Locked: 0.33249517244 FIL
Mar 30 12:58:09 Datacap: 3160693276672
Mar 30 12:58:10 ....
Mar 30 12:58:11 Count: 3 of 4
Mar 30 12:58:11 f0127896 (1 / 1 tries):
Mar 30 12:58:11 Skipping f0127896: min-ask
Mar 30 12:58:11 
Mar 30 12:58:12 Count: 3 of 4
Mar 30 12:58:12 f022352 (1 / 1 tries):
Mar 30 12:58:13 f0421499: 23.293832210218907393 FIL (8.7G free)
Mar 30 12:58:13 Escrow: 0.999645757255 FIL
Mar 30 12:58:13 Locked: 0.33249517244 FIL
Mar 30 12:58:14 Datacap: 3160693276672
Mar 30 12:58:14 ....
Mar 30 12:58:15 Count: 3 of 4
Mar 30 12:58:15 f099608 (1 / 1 tries):
Mar 30 12:58:15 f0421499: 23.293832210218907393 FIL (8.7G free)
Mar 30 12:58:16 Escrow: 0.999645757255 FIL
Mar 30 12:58:16 Locked: 0.33249517244 FIL
Mar 30 12:58:16 Datacap: 3160693276672
Mar 30 12:58:17 ....
Mar 30 12:58:18 Count: 3 of 4
Mar 30 12:58:18 f019551 (1 / 1 tries):
Mar 30 12:58:18 f0421499: 23.293832210218907393 FIL (8.7G free)
Mar 30 12:58:19 Escrow: 0.999645757255 FIL
Mar 30 12:58:19 Locked: 0.33249517244 FIL
Mar 30 12:58:19 Datacap: 3160693276672
Mar 30 12:58:19 ....
Mar 30 12:58:20 Count: 3 of 4
Mar 30 12:58:20 f062353 (1 / 1 tries):
Mar 30 12:58:21 f0421499: 23.293832210218907393 FIL (8.7G free)
Mar 30 12:58:21 Escrow: 0.999645757255 FIL
Mar 30 12:58:21 Locked: 0.33249517244 FIL
Mar 30 12:58:22 Datacap: 3160693276672
Mar 30 12:58:22 ....
Mar 30 12:58:23 Count: 3 of 4
Mar 30 12:58:23 f019041 (1 / 1 tries):
Mar 30 12:58:23 f0421499: 23.293832210218907393 FIL (8.7G free)
Mar 30 12:58:23 Escrow: 0.999645757255 FIL
Mar 30 12:58:23 Locked: 0.33249517244 FIL
Mar 30 12:58:24 Datacap: 3160693276672
Mar 30 12:58:24 ....
Mar 30 12:58:25 Count: 3 of 4
Mar 30 12:58:25 f08399 (1 / 1 tries):
Mar 30 12:58:25 f0421499: 23.293832210218907393 FIL (8.7G free)
Mar 30 12:58:25 Escrow: 0.999645757255 FIL
Mar 30 12:58:25 Locked: 0.33249517244 FIL
Mar 30 12:58:26 Datacap: 3160693276672
Mar 30 12:58:26 ....
Mar 30 12:58:27 Count: 3 of 4
Mar 30 12:58:27 f015927 (1 / 1 tries):
Mar 30 12:58:27 Skipping f015927: min-ask
Mar 30 12:58:27 
Mar 30 12:58:28 Count: 3 of 4
Mar 30 12:58:28 f01240 (1 / 1 tries):
Mar 30 12:58:29 f0421499: 23.293832210218907393 FIL (8.7G free)
Mar 30 12:58:29 Escrow: 0.999645757255 FIL
Mar 30 12:58:29 Locked: 0.33249517244 FIL
Mar 30 12:58:30 Datacap: 3160693276672
Mar 30 12:58:30 ....
Mar 30 12:58:31 Count: 3 of 4
Mar 30 12:58:31 f023971 (1 / 1 tries):
Mar 30 12:58:32 f0421499: 23.293832210218907393 FIL (8.7G free)
Mar 30 12:58:32 Escrow: 0.999645757255 FIL
Mar 30 12:58:32 Locked: 0.33249517244 FIL
Mar 30 12:58:33 Datacap: 3160693276672
Mar 30 12:58:33 ....
Mar 30 12:58:34 Count: 3 of 4
Mar 30 12:58:34 f022163 (1 / 1 tries):
Mar 30 12:58:35 f0421499: 23.293832210218907393 FIL (8.7G free)
Mar 30 12:58:35 Escrow: 0.999645757255 FIL
Mar 30 12:58:35 Locked: 0.33249517244 FIL
Mar 30 12:58:35 Datacap: 3160693276672
Mar 30 12:58:36 ....
Mar 30 12:58:37 Count: 3 of 4
Mar 30 12:58:37 f014768 (1 / 1 tries):
Mar 30 12:58:38 f0421499: 23.293832210218907393 FIL (8.7G free)
Mar 30 12:58:38 Escrow: 0.999645757255 FIL
Mar 30 12:58:38 Locked: 0.33249517244 FIL
Mar 30 12:58:38 Datacap: 3160693276672
Mar 30 12:58:38 ....
Mar 30 12:58:39 Count: 3 of 4
Mar 30 12:58:39 f02576 (1 / 1 tries):
Mar 30 12:58:40 f0421499: 23.293832210218907393 FIL (8.7G free)
Mar 30 12:58:40 Escrow: 0.999645757255 FIL
Mar 30 12:58:40 Locked: 0.33249517244 FIL
Mar 30 12:58:41 Datacap: 3160693276672
Mar 30 12:58:41 ....
Mar 30 12:58:42 Count: 3 of 4
Mar 30 12:58:42 f02606 (1 / 1 tries):
Mar 30 12:58:43 f0421499: 23.293832210218907393 FIL (8.7G free)
Mar 30 12:58:43 Escrow: 0.999645757255 FIL
Mar 30 12:58:43 Locked: 0.33249517244 FIL
Mar 30 12:58:44 Datacap: 3160693276672
Mar 30 12:58:44 ....
Mar 30 12:58:45 Count: 3 of 4
Mar 30 12:58:45 f01234 (1 / 1 tries):
Mar 30 12:58:45 f0421499: 23.293832210218907393 FIL (8.7G free)
Mar 30 12:58:46 Escrow: 0.999645757255 FIL
Mar 30 12:58:46 Locked: 0.33249517244 FIL
Mar 30 12:58:46 Datacap: 3160693276672
Mar 30 12:58:46 ....
Mar 30 12:58:47 Count: 3 of 4
Mar 30 12:58:47 f066596 (1 / 1 tries):
Mar 30 12:58:48 f0421499: 23.293832210218907393 FIL (8.7G free)
Mar 30 12:58:49 Escrow: 0.999645757255 FIL
Mar 30 12:58:49 Locked: 0.33249517244 FIL
Mar 30 12:58:49 Datacap: 3160693276672
Mar 30 12:58:49 ....
