Mar 29 22:24:36 Count: 3 of 4
Mar 29 22:24:36 f019362 (1 / 1 tries):
Mar 29 22:24:36 f0421499: 23.314620634215091005 FIL (86G free)
Mar 29 22:24:36 Escrow: 0.999999997255 FIL
Mar 29 22:24:36 Locked: 0.33251649052 FIL
Mar 29 22:24:37 Datacap: 4122765950976
Mar 29 22:24:37 ....
Mar 29 22:24:38 Count: 3 of 4
Mar 29 22:24:38 f022352 (1 / 1 tries):
Mar 29 22:24:39 f0421499: 23.314620634215091005 FIL (86G free)
Mar 29 22:24:39 Escrow: 0.999999997255 FIL
Mar 29 22:24:39 Locked: 0.33251649052 FIL
Mar 29 22:24:39 Datacap: 4122765950976
Mar 29 22:24:39 ....
Mar 29 22:24:40 Count: 3 of 4
Mar 29 22:24:40 f014768 (1 / 1 tries):
Mar 29 22:24:41 f0421499: 23.314620634215091005 FIL (86G free)
Mar 29 22:24:41 Escrow: 0.999999997255 FIL
Mar 29 22:24:41 Locked: 0.33251649052 FIL
Mar 29 22:24:41 Datacap: 4122765950976
Mar 29 22:24:41 ....
Mar 29 22:24:42 Count: 3 of 4
Mar 29 22:24:42 f02606 (1 / 1 tries):
Mar 29 22:24:43 f0421499: 23.314620634215091005 FIL (86G free)
Mar 29 22:24:43 Escrow: 0.999999997255 FIL
Mar 29 22:24:43 Locked: 0.33251649052 FIL
Mar 29 22:24:43 Datacap: 4122765950976
Mar 29 22:24:43 ....
Mar 29 22:24:44 Count: 3 of 4
Mar 29 22:24:44 f071624 (1 / 1 tries):
Mar 29 22:24:44 f0421499: 23.314620634215091005 FIL (86G free)
Mar 29 22:24:45 Escrow: 0.999999997255 FIL
Mar 29 22:24:45 Locked: 0.33251649052 FIL
Mar 29 22:24:45 Datacap: 4122765950976
Mar 29 22:24:45 ....
Mar 29 22:24:46 Count: 3 of 4
Mar 29 22:24:46 f09848 (1 / 1 tries):
Mar 29 22:24:46 f0421499: 23.314620634215091005 FIL (86G free)
Mar 29 22:24:46 Escrow: 0.999999997255 FIL
Mar 29 22:24:46 Locked: 0.33251649052 FIL
Mar 29 22:24:47 Datacap: 4122765950976
Mar 29 22:24:47 ....
Mar 29 22:24:48 Count: 3 of 4
Mar 29 22:24:48 f019100 (1 / 1 tries):
Mar 29 22:24:48 Skipping f019100: error-ask
Mar 29 22:24:48 
Mar 29 22:24:49 Count: 3 of 4
Mar 29 22:24:49 f022142 (1 / 1 tries):
Mar 29 22:24:50 f0421499: 23.314620634215091005 FIL (86G free)
Mar 29 22:24:50 Escrow: 0.999999997255 FIL
Mar 29 22:24:50 Locked: 0.33251649052 FIL
Mar 29 22:24:50 Datacap: 4122765950976
Mar 29 22:24:50 ....
Mar 29 22:24:51 Count: 3 of 4
Mar 29 22:24:51 f019041 (1 / 1 tries):
Mar 29 22:24:51 f0421499: 23.314620634215091005 FIL (86G free)
Mar 29 22:24:51 Escrow: 0.999999997255 FIL
Mar 29 22:24:51 Locked: 0.33251649052 FIL
Mar 29 22:24:52 Datacap: 4122765950976
Mar 29 22:24:52 ....
Mar 29 22:24:53 Count: 3 of 4
Mar 29 22:24:53 f023467 (1 / 1 tries):
Mar 29 22:24:53 f0421499: 23.314620634215091005 FIL (86G free)
Mar 29 22:24:53 Escrow: 0.999999997255 FIL
Mar 29 22:24:53 Locked: 0.33251649052 FIL
Mar 29 22:24:53 Datacap: 4122765950976
Mar 29 22:24:53 ....
Mar 29 22:24:54 Count: 3 of 4
Mar 29 22:24:54 f01247 (1 / 1 tries):
Mar 29 22:24:55 f0421499: 23.314620634215091005 FIL (86G free)
Mar 29 22:24:55 Escrow: 0.999999997255 FIL
Mar 29 22:24:55 Locked: 0.33251649052 FIL
Mar 29 22:24:55 Datacap: 4122765950976
Mar 29 22:24:55 ....
Mar 29 22:24:56 Count: 3 of 4
Mar 29 22:24:56 f01240 (1 / 1 tries):
Mar 29 22:24:57 f0421499: 23.314620634215091005 FIL (85G free)
Mar 29 22:24:57 Escrow: 0.999999997255 FIL
Mar 29 22:24:57 Locked: 0.33251649052 FIL
Mar 29 22:24:57 Datacap: 4122765950976
Mar 29 22:24:57 ....
Mar 29 22:24:58 Count: 3 of 4
Mar 29 22:24:58 f022163 (1 / 1 tries):
Mar 29 22:24:58 f0421499: 23.314620634215091005 FIL (85G free)
Mar 29 22:24:59 Escrow: 0.999999997255 FIL
Mar 29 22:24:59 Locked: 0.33251649052 FIL
Mar 29 22:24:59 Datacap: 4122765950976
Mar 29 22:24:59 ....
Mar 29 22:25:00 Count: 3 of 4
Mar 29 22:25:00 f01234 (1 / 1 tries):
Mar 29 22:25:01 f0421499: 23.314620634215091005 FIL (85G free)
Mar 29 22:25:01 Escrow: 0.999999997255 FIL
Mar 29 22:25:01 Locked: 0.33251649052 FIL
Mar 29 22:25:01 Datacap: 4122765950976
Mar 29 22:25:02 ....
Mar 29 22:25:03 Count: 3 of 4
Mar 29 22:25:03 f021716 (1 / 1 tries):
Mar 29 22:25:03 f0421499: 23.314620634215091005 FIL (85G free)
Mar 29 22:25:03 Escrow: 0.999999997255 FIL
Mar 29 22:25:03 Locked: 0.33251649052 FIL
Mar 29 22:25:03 Datacap: 4122765950976
Mar 29 22:25:04 ....
Mar 29 22:25:05 Count: 3 of 4
Mar 29 22:25:05 f014409 (1 / 1 tries):
Mar 29 22:25:05 f0421499: 23.314620634215091005 FIL (85G free)
Mar 29 22:25:05 Escrow: 0.999999997255 FIL
Mar 29 22:25:05 Locked: 0.33251649052 FIL
Mar 29 22:25:05 Datacap: 4122765950976
Mar 29 22:25:05 ....
Mar 29 22:25:06 Count: 3 of 4
Mar 29 22:25:06 f0145874 (1 / 1 tries):
Mar 29 22:25:07 f0421499: 23.314620634215091005 FIL (85G free)
Mar 29 22:25:07 Escrow: 0.999999997255 FIL
Mar 29 22:25:07 Locked: 0.33251649052 FIL
Mar 29 22:25:07 Datacap: 4122765950976
Mar 29 22:25:07 ....
Mar 29 22:25:08 Count: 3 of 4
Mar 29 22:25:08 f0157535 (1 / 1 tries):
Mar 29 22:25:09 f0421499: 23.314620634215091005 FIL (85G free)
Mar 29 22:25:09 Escrow: 0.999999997255 FIL
Mar 29 22:25:09 Locked: 0.33251649052 FIL
Mar 29 22:25:09 Datacap: 4122765950976
Mar 29 22:25:09 ....
Mar 29 22:25:10 Count: 3 of 4
Mar 29 22:25:10 f058369 (1 / 1 tries):
Mar 29 22:25:11 f0421499: 23.314620634215091005 FIL (85G free)
Mar 29 22:25:11 Escrow: 0.999999997255 FIL
Mar 29 22:25:11 Locked: 0.33251649052 FIL
Mar 29 22:25:12 Datacap: 4122765950976
Mar 29 22:25:12 ....
Mar 29 22:25:13 Count: 3 of 4
Mar 29 22:25:13 f019104 (1 / 1 tries):
Mar 29 22:25:13 f0421499: 23.314620634215091005 FIL (85G free)
Mar 29 22:25:14 Escrow: 0.999999997255 FIL
Mar 29 22:25:14 Locked: 0.33251649052 FIL
Mar 29 22:25:14 Datacap: 4122765950976
Mar 29 22:25:14 ....
Mar 29 22:25:15 Count: 3 of 4
Mar 29 22:25:15 f01278 (1 / 1 tries):
Mar 29 22:25:15 f0421499: 23.314620634215091005 FIL (85G free)
Mar 29 22:25:15 Escrow: 0.999999997255 FIL
Mar 29 22:25:15 Locked: 0.33251649052 FIL
Mar 29 22:25:16 Datacap: 4122765950976
Mar 29 22:25:16 ....
Mar 29 22:25:17 Count: 3 of 4
Mar 29 22:25:17 f0127896 (1 / 1 tries):
Mar 29 22:25:17 Skipping f0127896: min-ask
Mar 29 22:25:17 
Mar 29 22:25:18 Count: 3 of 4
Mar 29 22:25:18 f08403 (1 / 1 tries):
Mar 29 22:25:18 f0421499: 23.314620634215091005 FIL (85G free)
Mar 29 22:25:18 Escrow: 0.999999997255 FIL
Mar 29 22:25:18 Locked: 0.33251649052 FIL
Mar 29 22:25:19 Datacap: 4122765950976
Mar 29 22:25:19 ....
Mar 29 22:25:20 Count: 3 of 4
Mar 29 22:25:20 f066596 (1 / 1 tries):
Mar 29 22:25:20 f0421499: 23.314620634215091005 FIL (84G free)
Mar 29 22:25:20 Escrow: 0.999999997255 FIL
Mar 29 22:25:20 Locked: 0.33251649052 FIL
Mar 29 22:25:21 Datacap: 4122765950976
Mar 29 22:25:21 ....
Mar 29 22:25:22 Count: 3 of 4
Mar 29 22:25:22 f099608 (1 / 1 tries):
Mar 29 22:25:22 f0421499: 23.314620634215091005 FIL (84G free)
Mar 29 22:25:22 Escrow: 0.999999997255 FIL
Mar 29 22:25:22 Locked: 0.33251649052 FIL
Mar 29 22:25:22 Datacap: 4122765950976
Mar 29 22:25:22 ....
Mar 29 22:25:23 Count: 3 of 4
Mar 29 22:25:23 f019551 (1 / 1 tries):
Mar 29 22:25:24 f0421499: 23.314620634215091005 FIL (84G free)
Mar 29 22:25:24 Escrow: 0.999999997255 FIL
Mar 29 22:25:24 Locked: 0.33251649052 FIL
Mar 29 22:25:24 Datacap: 4122765950976
Mar 29 22:25:24 ....
Mar 29 22:25:25 Count: 3 of 4
Mar 29 22:25:25 f015927 (1 / 1 tries):
Mar 29 22:25:26 f0421499: 23.314620634215091005 FIL (84G free)
Mar 29 22:25:26 Escrow: 0.999999997255 FIL
Mar 29 22:25:26 Locked: 0.33251649052 FIL
Mar 29 22:25:26 Datacap: 4122765950976
Mar 29 22:25:26 ....
Mar 29 22:25:27 Count: 3 of 4
Mar 29 22:25:27 f0165400 (1 / 1 tries):
Mar 29 22:25:27 f0421499: 23.314620634215091005 FIL (84G free)
Mar 29 22:25:28 Escrow: 0.999999997255 FIL
Mar 29 22:25:28 Locked: 0.33251649052 FIL
Mar 29 22:25:28 Datacap: 4122765950976
Mar 29 22:25:28 ....
Mar 29 22:25:29 Count: 3 of 4
Mar 29 22:25:29 f01277 (1 / 1 tries):
Mar 29 22:25:29 Skipping f01277: min-ask
Mar 29 22:25:29 
Mar 29 22:25:30 Count: 3 of 4
Mar 29 22:25:30 f08399 (1 / 1 tries):
Mar 29 22:25:31 f0421499: 23.314620634215091005 FIL (84G free)
Mar 29 22:25:31 Escrow: 0.999999997255 FIL
Mar 29 22:25:31 Locked: 0.33251649052 FIL
Mar 29 22:25:31 Datacap: 4122765950976
Mar 29 22:25:31 ....
Mar 29 22:25:32 Count: 3 of 4
Mar 29 22:25:32 f023971 (1 / 1 tries):
Mar 29 22:25:32 f0421499: 23.314620634215091005 FIL (84G free)
Mar 29 22:25:32 Escrow: 0.999999997255 FIL
Mar 29 22:25:32 Locked: 0.33251649052 FIL
Mar 29 22:25:33 Datacap: 4122765950976
Mar 29 22:25:33 ....
Mar 29 22:25:34 Count: 3 of 4
Mar 29 22:25:34 f02576 (1 / 1 tries):
Mar 29 22:25:34 f0421499: 23.314620634215091005 FIL (84G free)
Mar 29 22:25:35 Escrow: 0.999999997255 FIL
Mar 29 22:25:35 Locked: 0.33251649052 FIL
Mar 29 22:25:35 Datacap: 4122765950976
Mar 29 22:25:35 ....
Mar 29 22:25:36 Count: 3 of 4
Mar 29 22:25:36 f010479 (1 / 1 tries):
Mar 29 22:25:37 f0421499: 23.314620634215091005 FIL (84G free)
Mar 29 22:25:37 Escrow: 0.999999997255 FIL
Mar 29 22:25:37 Locked: 0.33251649052 FIL
Mar 29 22:25:37 Datacap: 4122765950976
Mar 29 22:25:37 ....
Mar 29 22:25:38 Count: 3 of 4
Mar 29 22:25:38 f010617 (1 / 1 tries):
Mar 29 22:25:38 f0421499: 23.314620634215091005 FIL (84G free)
Mar 29 22:25:38 Escrow: 0.999999997255 FIL
Mar 29 22:25:38 Locked: 0.33251649052 FIL
Mar 29 22:25:39 Datacap: 4122765950976
Mar 29 22:25:39 ....
Mar 29 22:25:40 Count: 3 of 4
Mar 29 22:25:40 f07998 (1 / 1 tries):
Mar 29 22:25:40 f0421499: 23.314620634215091005 FIL (84G free)
Mar 29 22:25:40 Escrow: 0.999999997255 FIL
Mar 29 22:25:40 Locked: 0.33251649052 FIL
Mar 29 22:25:41 Datacap: 4122765950976
Mar 29 22:25:41 ....
Mar 29 22:25:42 Count: 3 of 4
Mar 29 22:25:42 f062353 (1 / 1 tries):
Mar 29 22:25:42 f0421499: 23.314620634215091005 FIL (84G free)
Mar 29 22:25:42 Escrow: 0.999999997255 FIL
Mar 29 22:25:42 Locked: 0.33251649052 FIL
Mar 29 22:25:42 Datacap: 4122765950976
Mar 29 22:25:42 ....
