Mar 30 17:25:55 Count: 3 of 4
Mar 30 17:25:55 f019551 (1 / 1 tries):
Mar 30 17:25:56 f0421499: 23.293832210218907393 FIL (7.9G free)
Mar 30 17:25:56 Escrow: 0.999645757255 FIL
Mar 30 17:25:56 Locked: 0.33249517244 FIL
Mar 30 17:25:56 Datacap: 3160693276672
Mar 30 17:25:56 ....
Mar 30 17:25:57 Count: 3 of 4
Mar 30 17:25:57 f07998 (1 / 1 tries):
Mar 30 17:25:58 f0421499: 23.293832210218907393 FIL (7.9G free)
Mar 30 17:25:58 Escrow: 0.999645757255 FIL
Mar 30 17:25:58 Locked: 0.33249517244 FIL
Mar 30 17:25:58 Datacap: 3160693276672
Mar 30 17:25:58 ....
Mar 30 17:25:59 Count: 3 of 4
Mar 30 17:25:59 f09848 (1 / 1 tries):
Mar 30 17:26:00 f0421499: 23.293832210218907393 FIL (7.9G free)
Mar 30 17:26:01 Escrow: 0.999645757255 FIL
Mar 30 17:26:01 Locked: 0.33249517244 FIL
Mar 30 17:26:01 Datacap: 3160693276672
Mar 30 17:26:01 ....
Mar 30 17:26:02 Count: 3 of 4
Mar 30 17:26:02 f02576 (1 / 1 tries):
Mar 30 17:26:03 f0421499: 23.293832210218907393 FIL (7.9G free)
Mar 30 17:26:03 Escrow: 0.999645757255 FIL
Mar 30 17:26:03 Locked: 0.33249517244 FIL
Mar 30 17:26:03 Datacap: 3160693276672
Mar 30 17:26:03 ....
Mar 30 17:26:04 Count: 3 of 4
Mar 30 17:26:04 f01277 (1 / 1 tries):
Mar 30 17:26:05 Skipping f01277: min-ask
Mar 30 17:26:05 
Mar 30 17:26:06 Count: 3 of 4
Mar 30 17:26:06 f066596 (1 / 1 tries):
Mar 30 17:26:06 f0421499: 23.293832210218907393 FIL (7.9G free)
Mar 30 17:26:06 Escrow: 0.999645757255 FIL
Mar 30 17:26:06 Locked: 0.33249517244 FIL
Mar 30 17:26:07 Datacap: 3160693276672
Mar 30 17:26:07 ....
Mar 30 17:26:08 Count: 3 of 4
Mar 30 17:26:08 f058369 (1 / 1 tries):
Mar 30 17:26:09 f0421499: 23.293832210218907393 FIL (7.9G free)
Mar 30 17:26:09 Escrow: 0.999645757255 FIL
Mar 30 17:26:09 Locked: 0.33249517244 FIL
Mar 30 17:26:09 Datacap: 3160693276672
Mar 30 17:26:09 ....
Mar 30 17:26:10 Count: 3 of 4
Mar 30 17:26:10 f0127896 (1 / 1 tries):
Mar 30 17:26:11 Skipping f0127896: min-ask
Mar 30 17:26:11 
Mar 30 17:26:12 Count: 3 of 4
Mar 30 17:26:12 f015927 (1 / 1 tries):
Mar 30 17:26:12 Skipping f015927: min-ask
Mar 30 17:26:12 
Mar 30 17:26:13 Count: 3 of 4
Mar 30 17:26:13 f02606 (1 / 1 tries):
Mar 30 17:26:14 f0421499: 23.293832210218907393 FIL (7.9G free)
Mar 30 17:26:14 Escrow: 0.999645757255 FIL
Mar 30 17:26:14 Locked: 0.33249517244 FIL
Mar 30 17:26:14 Datacap: 3160693276672
Mar 30 17:26:15 ....
Mar 30 17:26:16 Count: 3 of 4
Mar 30 17:26:16 f023467 (1 / 1 tries):
Mar 30 17:26:16 f0421499: 23.293832210218907393 FIL (7.9G free)
Mar 30 17:26:16 Escrow: 0.999645757255 FIL
Mar 30 17:26:16 Locked: 0.33249517244 FIL
Mar 30 17:26:17 Datacap: 3160693276672
Mar 30 17:26:17 ....
Mar 30 17:26:18 Count: 3 of 4
Mar 30 17:26:18 f022142 (1 / 1 tries):
Mar 30 17:26:19 f0421499: 23.293832210218907393 FIL (7.9G free)
Mar 30 17:26:19 Escrow: 0.999645757255 FIL
Mar 30 17:26:19 Locked: 0.33249517244 FIL
Mar 30 17:26:19 Datacap: 3160693276672
Mar 30 17:26:20 ....
Mar 30 17:26:21 Count: 3 of 4
Mar 30 17:26:21 f010479 (1 / 1 tries):
Mar 30 17:26:21 f0421499: 23.293832210218907393 FIL (7.9G free)
Mar 30 17:26:21 Escrow: 0.999645757255 FIL
Mar 30 17:26:21 Locked: 0.33249517244 FIL
Mar 30 17:26:22 Datacap: 3160693276672
Mar 30 17:26:22 ....
Mar 30 17:26:23 Count: 3 of 4
Mar 30 17:26:23 f019100 (1 / 1 tries):
Mar 30 17:26:23 Skipping f019100: error-ask
Mar 30 17:26:23 
Mar 30 17:26:24 Count: 3 of 4
Mar 30 17:26:24 f0157535 (1 / 1 tries):
Mar 30 17:26:25 f0421499: 23.293832210218907393 FIL (7.9G free)
Mar 30 17:26:25 Escrow: 0.999645757255 FIL
Mar 30 17:26:25 Locked: 0.33249517244 FIL
Mar 30 17:26:26 Datacap: 3160693276672
Mar 30 17:26:26 ....
Mar 30 17:26:27 Count: 3 of 4
Mar 30 17:26:27 f019362 (1 / 1 tries):
Mar 30 17:26:28 f0421499: 23.293832210218907393 FIL (7.9G free)
Mar 30 17:26:28 Escrow: 0.999645757255 FIL
Mar 30 17:26:28 Locked: 0.33249517244 FIL
Mar 30 17:26:28 Datacap: 3160693276672
Mar 30 17:26:28 ....
Mar 30 17:26:29 Count: 3 of 4
Mar 30 17:26:29 f021716 (1 / 1 tries):
Mar 30 17:26:30 f0421499: 23.293832210218907393 FIL (7.9G free)
Mar 30 17:26:31 Escrow: 0.999645757255 FIL
Mar 30 17:26:31 Locked: 0.33249517244 FIL
Mar 30 17:26:31 Datacap: 3160693276672
Mar 30 17:26:32 ....
Mar 30 17:26:33 Count: 3 of 4
Mar 30 17:26:33 f071624 (1 / 1 tries):
Mar 30 17:26:33 f0421499: 23.293832210218907393 FIL (7.9G free)
Mar 30 17:26:33 Escrow: 0.999645757255 FIL
Mar 30 17:26:33 Locked: 0.33249517244 FIL
Mar 30 17:26:33 Datacap: 3160693276672
Mar 30 17:26:33 ....
Mar 30 17:26:34 Count: 3 of 4
Mar 30 17:26:34 f019104 (1 / 1 tries):
Mar 30 17:26:35 Skipping f019104: error-ask
Mar 30 17:26:35 
Mar 30 17:26:36 Count: 3 of 4
Mar 30 17:26:36 f022352 (1 / 1 tries):
Mar 30 17:26:37 f0421499: 23.293832210218907393 FIL (7.9G free)
Mar 30 17:26:37 Escrow: 0.999645757255 FIL
Mar 30 17:26:37 Locked: 0.33249517244 FIL
Mar 30 17:26:37 Datacap: 3160693276672
Mar 30 17:26:37 ....
Mar 30 17:26:38 Count: 3 of 4
Mar 30 17:26:38 f08403 (1 / 1 tries):
Mar 30 17:26:39 f0421499: 23.293832210218907393 FIL (7.9G free)
Mar 30 17:26:39 Escrow: 0.999645757255 FIL
Mar 30 17:26:39 Locked: 0.33249517244 FIL
Mar 30 17:26:40 Datacap: 3160693276672
Mar 30 17:26:40 ....
Mar 30 17:26:41 Count: 3 of 4
Mar 30 17:26:41 f0165400 (1 / 1 tries):
Mar 30 17:26:42 f0421499: 23.293832210218907393 FIL (7.9G free)
Mar 30 17:26:42 Escrow: 0.999645757255 FIL
Mar 30 17:26:42 Locked: 0.33249517244 FIL
Mar 30 17:26:42 Datacap: 3160693276672
Mar 30 17:26:42 ....
Mar 30 17:26:43 Count: 3 of 4
Mar 30 17:26:43 f014768 (1 / 1 tries):
Mar 30 17:26:44 f0421499: 23.293832210218907393 FIL (7.9G free)
Mar 30 17:26:44 Escrow: 0.999645757255 FIL
Mar 30 17:26:44 Locked: 0.33249517244 FIL
Mar 30 17:26:44 Datacap: 3160693276672
Mar 30 17:26:45 ....
Mar 30 17:26:46 Count: 3 of 4
Mar 30 17:26:46 f01278 (1 / 1 tries):
Mar 30 17:26:46 f0421499: 23.293832210218907393 FIL (7.9G free)
Mar 30 17:26:46 Escrow: 0.999645757255 FIL
Mar 30 17:26:46 Locked: 0.33249517244 FIL
Mar 30 17:26:47 Datacap: 3160693276672
Mar 30 17:26:47 ....
Mar 30 17:26:48 Count: 3 of 4
Mar 30 17:26:48 f01247 (1 / 1 tries):
Mar 30 17:26:49 f0421499: 23.293832210218907393 FIL (7.9G free)
Mar 30 17:26:49 Escrow: 0.999645757255 FIL
Mar 30 17:26:49 Locked: 0.33249517244 FIL
Mar 30 17:26:49 Datacap: 3160693276672
Mar 30 17:26:49 ....
Mar 30 17:26:50 Count: 3 of 4
Mar 30 17:26:50 f01234 (1 / 1 tries):
Mar 30 17:26:51 f0421499: 23.293832210218907393 FIL (7.9G free)
Mar 30 17:26:51 Escrow: 0.999645757255 FIL
Mar 30 17:26:51 Locked: 0.33249517244 FIL
Mar 30 17:26:51 Datacap: 3160693276672
Mar 30 17:26:51 ....
Mar 30 17:26:52 Count: 3 of 4
Mar 30 17:26:52 f019041 (1 / 1 tries):
Mar 30 17:26:53 f0421499: 23.293832210218907393 FIL (7.9G free)
Mar 30 17:26:54 Escrow: 0.999645757255 FIL
Mar 30 17:26:54 Locked: 0.33249517244 FIL
Mar 30 17:26:54 Datacap: 3160693276672
Mar 30 17:26:54 ....
Mar 30 17:26:55 Count: 3 of 4
Mar 30 17:26:55 f010617 (1 / 1 tries):
Mar 30 17:26:56 f0421499: 23.293832210218907393 FIL (7.9G free)
Mar 30 17:26:56 Escrow: 0.999645757255 FIL
Mar 30 17:26:56 Locked: 0.33249517244 FIL
Mar 30 17:26:56 Datacap: 3160693276672
Mar 30 17:26:56 ....
Mar 30 17:26:57 Count: 3 of 4
Mar 30 17:26:57 f08399 (1 / 1 tries):
Mar 30 17:26:58 f0421499: 23.293832210218907393 FIL (7.9G free)
Mar 30 17:26:59 Escrow: 0.999645757255 FIL
Mar 30 17:26:59 Locked: 0.33249517244 FIL
Mar 30 17:26:59 Datacap: 3160693276672
Mar 30 17:26:59 ....
Mar 30 17:27:00 Count: 3 of 4
Mar 30 17:27:00 f099608 (1 / 1 tries):
Mar 30 17:27:01 f0421499: 23.293832210218907393 FIL (7.9G free)
Mar 30 17:27:01 Escrow: 0.999645757255 FIL
Mar 30 17:27:01 Locked: 0.33249517244 FIL
Mar 30 17:27:02 Datacap: 3160693276672
Mar 30 17:27:02 ....
Mar 30 17:27:03 Count: 3 of 4
Mar 30 17:27:03 f062353 (1 / 1 tries):
Mar 30 17:27:03 f0421499: 23.293832210218907393 FIL (7.9G free)
Mar 30 17:27:03 Escrow: 0.999645757255 FIL
Mar 30 17:27:03 Locked: 0.33249517244 FIL
Mar 30 17:27:04 Datacap: 3160693276672
Mar 30 17:27:04 ....
Mar 30 17:27:05 Count: 3 of 4
Mar 30 17:27:05 f023971 (1 / 1 tries):
Mar 30 17:27:06 f0421499: 23.293832210218907393 FIL (7.9G free)
Mar 30 17:27:06 Escrow: 0.999645757255 FIL
Mar 30 17:27:06 Locked: 0.33249517244 FIL
Mar 30 17:27:07 Datacap: 3160693276672
Mar 30 17:27:07 ....
Mar 30 17:27:08 Count: 3 of 4
Mar 30 17:27:08 f022163 (1 / 1 tries):
Mar 30 17:27:09 f0421499: 23.293832210218907393 FIL (7.9G free)
Mar 30 17:27:09 Escrow: 0.999645757255 FIL
Mar 30 17:27:09 Locked: 0.33249517244 FIL
Mar 30 17:27:09 Datacap: 3160693276672
Mar 30 17:27:09 ....
Mar 30 17:27:10 Count: 3 of 4
Mar 30 17:27:10 f014409 (1 / 1 tries):
Mar 30 17:27:11 f0421499: 23.293832210218907393 FIL (7.9G free)
Mar 30 17:27:11 Escrow: 0.999645757255 FIL
Mar 30 17:27:11 Locked: 0.33249517244 FIL
Mar 30 17:27:11 Datacap: 3160693276672
Mar 30 17:27:12 ....
Mar 30 17:27:13 Count: 3 of 4
Mar 30 17:27:13 f0145874 (1 / 1 tries):
Mar 30 17:27:13 f0421499: 23.293832210218907393 FIL (7.9G free)
Mar 30 17:27:13 Escrow: 0.999645757255 FIL
Mar 30 17:27:13 Locked: 0.33249517244 FIL
Mar 30 17:27:14 Datacap: 3160693276672
Mar 30 17:27:14 ....
Mar 30 17:27:15 Count: 3 of 4
Mar 30 17:27:15 f01240 (1 / 1 tries):
Mar 30 17:27:15 f0421499: 23.293832210218907393 FIL (7.9G free)
Mar 30 17:27:16 Escrow: 0.999645757255 FIL
Mar 30 17:27:16 Locked: 0.33249517244 FIL
Mar 30 17:27:16 Datacap: 3160693276672
Mar 30 17:27:16 ....
