Mar 29 21:53:32 Count: 3 of 4
Mar 29 21:53:32 f015927 (1 / 1 tries):
Mar 29 21:53:32 f0421499: 23.314620634215091005 FIL (121G free)
Mar 29 21:53:32 Escrow: 0.999999997255 FIL
Mar 29 21:53:32 Locked: 0.33251649052 FIL
Mar 29 21:53:33 Datacap: 4191485427712
Mar 29 21:53:33 ....
Mar 29 21:53:34 Count: 3 of 4
Mar 29 21:53:34 f058369 (1 / 1 tries):
Mar 29 21:53:34 f0421499: 23.314620634215091005 FIL (121G free)
Mar 29 21:53:34 Escrow: 0.999999997255 FIL
Mar 29 21:53:34 Locked: 0.33251649052 FIL
Mar 29 21:53:35 Datacap: 4191485427712
Mar 29 21:53:35 ....
Mar 29 21:53:36 Count: 3 of 4
Mar 29 21:53:36 f01278 (1 / 1 tries):
Mar 29 21:53:37 f0421499: 23.314620634215091005 FIL (121G free)
Mar 29 21:53:37 Escrow: 0.999999997255 FIL
Mar 29 21:53:37 Locked: 0.33251649052 FIL
Mar 29 21:53:38 Datacap: 4191485427712
Mar 29 21:53:38 ....
Mar 29 21:53:39 Count: 3 of 4
Mar 29 21:53:39 f02606 (1 / 1 tries):
Mar 29 21:53:40 f0421499: 23.314620634215091005 FIL (121G free)
Mar 29 21:53:40 Escrow: 0.999999997255 FIL
Mar 29 21:53:40 Locked: 0.33251649052 FIL
Mar 29 21:53:40 Datacap: 4191485427712
Mar 29 21:53:40 ....
Mar 29 21:53:41 Count: 3 of 4
Mar 29 21:53:41 f019100 (1 / 1 tries):
Mar 29 21:53:42 f0421499: 23.314620634215091005 FIL (121G free)
Mar 29 21:53:42 Escrow: 0.999999997255 FIL
Mar 29 21:53:42 Locked: 0.33251649052 FIL
Mar 29 21:53:42 Datacap: 4191485427712
Mar 29 21:53:42 minimal_finality_stateroots_620860_2021-03-28_12-00-00.car.aa 1 of 4
Mar 29 21:54:02 ERROR: failed to open stream to miner: open stream to 12D3KooWJFAe3K8ENQMmtZzSYsRoCNfvf8N3Ky15EVhCSoXjMhnP canceled by context
Mar 29 21:54:02 
Mar 29 21:54:02 
Mar 29 21:54:03 Count: 3 of 4
Mar 29 21:54:03 f099608 (1 / 1 tries):
Mar 29 21:54:04 f0421499: 23.314620634215091005 FIL (121G free)
Mar 29 21:54:04 Escrow: 0.999999997255 FIL
Mar 29 21:54:04 Locked: 0.33251649052 FIL
Mar 29 21:54:04 Datacap: 4191485427712
Mar 29 21:54:04 ....
Mar 29 21:54:05 Count: 3 of 4
Mar 29 21:54:05 f01240 (1 / 1 tries):
Mar 29 21:54:06 f0421499: 23.314620634215091005 FIL (121G free)
Mar 29 21:54:06 Escrow: 0.999999997255 FIL
Mar 29 21:54:06 Locked: 0.33251649052 FIL
Mar 29 21:54:07 Datacap: 4191485427712
Mar 29 21:54:07 ....
Mar 29 21:54:08 Count: 3 of 4
Mar 29 21:54:08 f019551 (1 / 1 tries):
Mar 29 21:54:08 f0421499: 23.314620634215091005 FIL (121G free)
Mar 29 21:54:09 Escrow: 0.999999997255 FIL
Mar 29 21:54:09 Locked: 0.33251649052 FIL
Mar 29 21:54:09 Datacap: 4191485427712
Mar 29 21:54:09 ....
Mar 29 21:54:10 Count: 3 of 4
Mar 29 21:54:10 f010617 (1 / 1 tries):
Mar 29 21:54:10 f0421499: 23.314620634215091005 FIL (120G free)
Mar 29 21:54:10 Escrow: 0.999999997255 FIL
Mar 29 21:54:10 Locked: 0.33251649052 FIL
Mar 29 21:54:11 Datacap: 4191485427712
Mar 29 21:54:11 ....
Mar 29 21:54:12 Count: 3 of 4
Mar 29 21:54:12 f0145874 (1 / 1 tries):
Mar 29 21:54:12 f0421499: 23.314620634215091005 FIL (120G free)
Mar 29 21:54:12 Escrow: 0.999999997255 FIL
Mar 29 21:54:12 Locked: 0.33251649052 FIL
Mar 29 21:54:13 Datacap: 4191485427712
Mar 29 21:54:13 ....
Mar 29 21:54:14 Count: 3 of 4
Mar 29 21:54:14 f07998 (1 / 1 tries):
Mar 29 21:54:14 f0421499: 23.314620634215091005 FIL (120G free)
Mar 29 21:54:14 Escrow: 0.999999997255 FIL
Mar 29 21:54:14 Locked: 0.33251649052 FIL
Mar 29 21:54:14 Datacap: 4191485427712
Mar 29 21:54:15 ....
Mar 29 21:54:16 Count: 3 of 4
Mar 29 21:54:16 f02576 (1 / 1 tries):
Mar 29 21:54:16 f0421499: 23.314620634215091005 FIL (120G free)
Mar 29 21:54:16 Escrow: 0.999999997255 FIL
Mar 29 21:54:16 Locked: 0.33251649052 FIL
Mar 29 21:54:16 Datacap: 4191485427712
Mar 29 21:54:16 ....
Mar 29 21:54:17 Count: 3 of 4
Mar 29 21:54:17 f019041 (1 / 1 tries):
Mar 29 21:54:18 f0421499: 23.314620634215091005 FIL (120G free)
Mar 29 21:54:18 Escrow: 0.999999997255 FIL
Mar 29 21:54:18 Locked: 0.33251649052 FIL
Mar 29 21:54:18 Datacap: 4191485427712
Mar 29 21:54:18 ....
Mar 29 21:54:19 Count: 3 of 4
Mar 29 21:54:19 f066596 (1 / 1 tries):
Mar 29 21:54:19 f0421499: 23.314620634215091005 FIL (120G free)
Mar 29 21:54:20 Escrow: 0.999999997255 FIL
Mar 29 21:54:20 Locked: 0.33251649052 FIL
Mar 29 21:54:20 Datacap: 4191485427712
Mar 29 21:54:20 ....
Mar 29 21:54:21 Count: 3 of 4
Mar 29 21:54:21 f021716 (1 / 1 tries):
Mar 29 21:54:21 f0421499: 23.314620634215091005 FIL (120G free)
Mar 29 21:54:21 Escrow: 0.999999997255 FIL
Mar 29 21:54:21 Locked: 0.33251649052 FIL
Mar 29 21:54:22 Datacap: 4191485427712
Mar 29 21:54:22 ....
Mar 29 21:54:23 Count: 3 of 4
Mar 29 21:54:23 f0127896 (1 / 1 tries):
Mar 29 21:54:23 f0421499: 23.314620634215091005 FIL (120G free)
Mar 29 21:54:23 Escrow: 0.999999997255 FIL
Mar 29 21:54:23 Locked: 0.33251649052 FIL
Mar 29 21:54:23 Datacap: 4191485427712
Mar 29 21:54:23 minimal_finality_stateroots_620860_2021-03-28_12-00-00.car.aa 1 of 4
Mar 29 21:54:24 Ask: f0127896
Mar 29 21:54:24 Price per GiB: 0.0000001 FIL
Mar 29 21:54:24 Verified Price per GiB: 0.0000001 FIL
Mar 29 21:54:24 Max Piece size: 32 GiB
Mar 29 21:54:24 Min Piece size: 512 MiB
Mar 29 21:54:24 Miner: f0127896
Mar 29 21:54:24 CID: bafykbzacebwfpdjhfkv4dckre5pdb6dbtn3drso5mdqbmbofexmrri6vt3py2
Mar 29 21:54:24 [34mLotus deal-tool[39m
Mar 29 21:54:24 CID: bafykbzacebwfpdjhfkv4dckre5pdb6dbtn3drso5mdqbmbofexmrri6vt3py2
Mar 29 21:54:24 Miner: f0127896
Mar 29 21:54:24 [32mMatch for RE:[39m "Data CID .*:" found: ["Data CID (from \x1b[33mlotus client import\x1b[0m):"] Buffer: Data CID (from [33mlotus client import[0m): 
Mar 29 21:54:24 [34mSent:[39m "bafykbzacebwfpdjhfkv4dckre5pdb6dbtn3drso5mdqbmbofexmrri6vt3py2\n"
Mar 29 22:00:24 [32mMatch for RE:[39m "Deal duration .*:" found: ["Deal duration (days):"] Buffer: [34m.. calculating data size
Mar 29 22:00:24 [0mDeal duration (days): 
Mar 29 22:00:24 [34mSent:[39m "180\n"
Mar 29 22:00:24 [32mMatch for RE:[39m "Make this a verified deal.*:" found: ["Make this a verified deal? (yes/no):"] Buffer: 
Mar 29 22:00:24 Make this a verified deal? (yes/no): 
Mar 29 22:00:24 [34mSent:[39m "yes\n"
Mar 29 22:00:24 [32mMatch for RE:[39m "Miner Addresses .*:" found: ["Miner Addresses (f0.. f0..), none to find:"] Buffer: Miner Addresses (f0.. f0..), none to find: 
Mar 29 22:00:24 [34mSent:[39m "f0127896\n"
Mar 29 22:00:25 [32mMatch for RE:[39m "Accept .*:" found: ["Accept (yes/no):"] Buffer: [34m.. querying miner asks
Mar 29 22:00:25 [0m-----
Mar 29 22:00:25 Proposing from f1wdxdpqh3hirrhp353i4o6ld7bsw6evh3v7i5jtq
Mar 29 22:00:25 	Balance: 23.314620634215091005 FIL
Mar 29 22:00:25 
Mar 29 22:00:25 Piece size: 32GiB (Payload size: 16.64GiB)
Mar 29 22:00:25 Duration: 4320h0m0s
Mar 29 22:00:25 Total price: ~[36m1.65888 FIL[0m (0.0000032 FIL per epoch)
Mar 29 22:00:25 Verified: true
Mar 29 22:00:25 
Mar 29 22:00:25 Accept (yes/no): 
Mar 29 22:00:25 Price: 1.6588799953460693
Mar 29 22:00:25 [34mSent:[39m "no\n"
Mar 29 22:00:27 [32mFinal result: 
Mar 29 22:00:27 [39m
Mar 29 22:00:27 
Mar 29 22:00:28 Count: 3 of 4
Mar 29 22:00:28 f062353 (1 / 1 tries):
Mar 29 22:00:28 f0421499: 23.314620634215091005 FIL (115G free)
Mar 29 22:00:28 Escrow: 0.999999997255 FIL
Mar 29 22:00:28 Locked: 0.33251649052 FIL
Mar 29 22:00:29 Datacap: 4191485427712
Mar 29 22:00:29 ....
Mar 29 22:00:30 Count: 3 of 4
Mar 29 22:00:30 f014409 (1 / 1 tries):
Mar 29 22:00:30 f0421499: 23.314620634215091005 FIL (115G free)
Mar 29 22:00:30 Escrow: 0.999999997255 FIL
Mar 29 22:00:30 Locked: 0.33251649052 FIL
Mar 29 22:00:31 Datacap: 4191485427712
Mar 29 22:00:31 ....
Mar 29 22:00:32 Count: 3 of 4
Mar 29 22:00:32 f01247 (1 / 1 tries):
Mar 29 22:00:32 f0421499: 23.314620634215091005 FIL (115G free)
Mar 29 22:00:32 Escrow: 0.999999997255 FIL
Mar 29 22:00:32 Locked: 0.33251649052 FIL
Mar 29 22:00:32 Datacap: 4191485427712
Mar 29 22:00:32 ....
Mar 29 22:00:34 Count: 3 of 4
Mar 29 22:00:34 f023467 (1 / 1 tries):
Mar 29 22:00:34 f0421499: 23.314620634215091005 FIL (115G free)
Mar 29 22:00:34 Escrow: 0.999999997255 FIL
Mar 29 22:00:34 Locked: 0.33251649052 FIL
Mar 29 22:00:34 Datacap: 4191485427712
Mar 29 22:00:34 ....
Mar 29 22:00:35 Count: 3 of 4
Mar 29 22:00:35 f022352 (1 / 1 tries):
Mar 29 22:00:36 f0421499: 23.314620634215091005 FIL (115G free)
Mar 29 22:00:36 Escrow: 0.999999997255 FIL
Mar 29 22:00:36 Locked: 0.33251649052 FIL
Mar 29 22:00:36 Datacap: 4191485427712
Mar 29 22:00:36 ....
Mar 29 22:00:37 Count: 3 of 4
Mar 29 22:00:37 f010479 (1 / 1 tries):
Mar 29 22:00:38 f0421499: 23.314620634215091005 FIL (115G free)
Mar 29 22:00:38 Escrow: 0.999999997255 FIL
Mar 29 22:00:38 Locked: 0.33251649052 FIL
Mar 29 22:00:38 Datacap: 4191485427712
Mar 29 22:00:38 ....
Mar 29 22:00:39 Count: 3 of 4
Mar 29 22:00:39 f08399 (1 / 1 tries):
Mar 29 22:00:39 f0421499: 23.314620634215091005 FIL (115G free)
Mar 29 22:00:40 Escrow: 0.999999997255 FIL
Mar 29 22:00:40 Locked: 0.33251649052 FIL
Mar 29 22:00:40 Datacap: 4191485427712
Mar 29 22:00:40 ....
Mar 29 22:00:41 Count: 3 of 4
Mar 29 22:00:41 f019104 (1 / 1 tries):
Mar 29 22:00:42 f0421499: 23.314620634215091005 FIL (115G free)
Mar 29 22:00:42 Escrow: 0.999999997255 FIL
Mar 29 22:00:42 Locked: 0.33251649052 FIL
Mar 29 22:00:42 Datacap: 4191485427712
Mar 29 22:00:43 ....
Mar 29 22:00:44 Count: 3 of 4
Mar 29 22:00:44 f019362 (1 / 1 tries):
Mar 29 22:00:44 f0421499: 23.314620634215091005 FIL (115G free)
Mar 29 22:00:44 Escrow: 0.999999997255 FIL
Mar 29 22:00:44 Locked: 0.33251649052 FIL
Mar 29 22:00:45 Datacap: 4191485427712
Mar 29 22:00:45 ....
Mar 29 22:00:46 Count: 3 of 4
Mar 29 22:00:46 f014768 (1 / 1 tries):
Mar 29 22:00:46 f0421499: 23.314620634215091005 FIL (115G free)
Mar 29 22:00:46 Escrow: 0.999999997255 FIL
Mar 29 22:00:46 Locked: 0.33251649052 FIL
Mar 29 22:00:46 Datacap: 4191485427712
Mar 29 22:00:46 ....
Mar 29 22:00:47 Count: 3 of 4
Mar 29 22:00:47 f0165400 (1 / 1 tries):
Mar 29 22:00:48 f0421499: 23.314620634215091005 FIL (115G free)
Mar 29 22:00:48 Escrow: 0.999999997255 FIL
Mar 29 22:00:48 Locked: 0.33251649052 FIL
Mar 29 22:00:48 Datacap: 4191485427712
Mar 29 22:00:48 ....
Mar 29 22:00:49 Count: 3 of 4
Mar 29 22:00:49 f09848 (1 / 1 tries):
Mar 29 22:00:50 f0421499: 23.314620634215091005 FIL (115G free)
Mar 29 22:00:50 Escrow: 0.999999997255 FIL
Mar 29 22:00:50 Locked: 0.33251649052 FIL
Mar 29 22:00:50 Datacap: 4191485427712
Mar 29 22:00:50 ....
Mar 29 22:00:51 Count: 3 of 4
Mar 29 22:00:51 f08403 (1 / 1 tries):
Mar 29 22:00:51 f0421499: 23.314620634215091005 FIL (115G free)
Mar 29 22:00:52 Escrow: 0.999999997255 FIL
Mar 29 22:00:52 Locked: 0.33251649052 FIL
Mar 29 22:00:52 Datacap: 4191485427712
Mar 29 22:00:52 ....
Mar 29 22:00:53 Count: 3 of 4
Mar 29 22:00:53 f023971 (1 / 1 tries):
Mar 29 22:00:53 f0421499: 23.314620634215091005 FIL (115G free)
Mar 29 22:00:53 Escrow: 0.999999997255 FIL
Mar 29 22:00:53 Locked: 0.33251649052 FIL
Mar 29 22:00:54 Datacap: 4191485427712
Mar 29 22:00:54 ....
Mar 29 22:00:55 Count: 3 of 4
Mar 29 22:00:55 f01277 (1 / 1 tries):
Mar 29 22:00:55 f0421499: 23.314620634215091005 FIL (115G free)
Mar 29 22:00:55 Escrow: 0.999999997255 FIL
Mar 29 22:00:55 Locked: 0.33251649052 FIL
Mar 29 22:00:55 Datacap: 4191485427712
Mar 29 22:00:55 minimal_finality_stateroots_620860_2021-03-28_12-00-00.car.aa 1 of 4
Mar 29 22:00:56 Ask: f01277
Mar 29 22:00:56 Price per GiB: 1 FIL
Mar 29 22:00:56 Verified Price per GiB: 1 FIL
Mar 29 22:00:56 Max Piece size: 2 GiB
Mar 29 22:00:56 Min Piece size: 128 MiB
Mar 29 22:00:56 Miner: f01277
Mar 29 22:00:56 CID: bafykbzacebwfpdjhfkv4dckre5pdb6dbtn3drso5mdqbmbofexmrri6vt3py2
Mar 29 22:00:56 [34mLotus deal-tool[39m
Mar 29 22:00:56 CID: bafykbzacebwfpdjhfkv4dckre5pdb6dbtn3drso5mdqbmbofexmrri6vt3py2
Mar 29 22:00:56 Miner: f01277
Mar 29 22:00:56 [32mMatch for RE:[39m "Data CID .*:" found: ["Data CID (from \x1b[33mlotus client import\x1b[0m):"] Buffer: Data CID (from [33mlotus client import[0m): 
Mar 29 22:00:56 [34mSent:[39m "bafykbzacebwfpdjhfkv4dckre5pdb6dbtn3drso5mdqbmbofexmrri6vt3py2\n"
Mar 29 22:07:12 [32mMatch for RE:[39m "Deal duration .*:" found: ["Deal duration (days):"] Buffer: [34m.. calculating data size
Mar 29 22:07:12 [0mDeal duration (days): 
Mar 29 22:07:12 [34mSent:[39m "180\n"
Mar 29 22:07:12 [32mMatch for RE:[39m "Make this a verified deal.*:" found: ["Make this a verified deal? (yes/no):"] Buffer: 
Mar 29 22:07:12 Make this a verified deal? (yes/no): 
Mar 29 22:07:12 [34mSent:[39m "yes\n"
Mar 29 22:07:12 [32mMatch for RE:[39m "Miner Addresses .*:" found: ["Miner Addresses (f0.. f0..), none to find:"] Buffer: Miner Addresses (f0.. f0..), none to find: 
Mar 29 22:07:12 [34mSent:[39m "f01277\n"
Mar 29 22:07:12 [32mMatch for RE:[39m "Accept .*:" found: ["Accept (yes/no):"] Buffer: [34m.. querying miner asks
Mar 29 22:07:12 [0m-----
Mar 29 22:07:12 Proposing from f1wdxdpqh3hirrhp353i4o6ld7bsw6evh3v7i5jtq
Mar 29 22:07:12 	Balance: 23.314620634215091005 FIL
Mar 29 22:07:12 
Mar 29 22:07:12 Piece size: 32GiB (Payload size: 16.64GiB)
Mar 29 22:07:12 Duration: 4320h0m0s
Mar 29 22:07:12 Total price: ~[36m16588800 FIL[0m (32 FIL per epoch)
Mar 29 22:07:12 Verified: true
Mar 29 22:07:12 
Mar 29 22:07:12 Accept (yes/no): 
Mar 29 22:07:12 Price: 1.65888e+07
Mar 29 22:07:12 [34mSent:[39m "no\n"
Mar 29 22:07:14 [32mFinal result: 
Mar 29 22:07:14 [39m
Mar 29 22:07:14 
Mar 29 22:07:15 Count: 3 of 4
Mar 29 22:07:15 f071624 (1 / 1 tries):
Mar 29 22:07:16 f0421499: 23.314620634215091005 FIL (110G free)
Mar 29 22:07:16 Escrow: 0.999999997255 FIL
Mar 29 22:07:16 Locked: 0.33251649052 FIL
Mar 29 22:07:16 Datacap: 4191485427712
Mar 29 22:07:16 ....
Mar 29 22:07:17 Count: 3 of 4
Mar 29 22:07:17 f0157535 (1 / 1 tries):
Mar 29 22:07:18 f0421499: 23.314620634215091005 FIL (110G free)
Mar 29 22:07:18 Escrow: 0.999999997255 FIL
Mar 29 22:07:18 Locked: 0.33251649052 FIL
Mar 29 22:07:18 Datacap: 4191485427712
Mar 29 22:07:18 ....
Mar 29 22:07:19 Count: 3 of 4
Mar 29 22:07:19 f022142 (1 / 1 tries):
Mar 29 22:07:20 f0421499: 23.314620634215091005 FIL (110G free)
Mar 29 22:07:20 Escrow: 0.999999997255 FIL
Mar 29 22:07:20 Locked: 0.33251649052 FIL
Mar 29 22:07:20 Datacap: 4191485427712
Mar 29 22:07:20 ....
Mar 29 22:07:21 Count: 3 of 4
Mar 29 22:07:21 f01234 (1 / 1 tries):
Mar 29 22:07:21 f0421499: 23.314620634215091005 FIL (110G free)
Mar 29 22:07:22 Escrow: 0.999999997255 FIL
Mar 29 22:07:22 Locked: 0.33251649052 FIL
Mar 29 22:07:22 Datacap: 4191485427712
Mar 29 22:07:22 ....
Mar 29 22:07:23 Count: 3 of 4
Mar 29 22:07:23 f022163 (1 / 1 tries):
Mar 29 22:07:23 f0421499: 23.314620634215091005 FIL (110G free)
Mar 29 22:07:23 Escrow: 0.999999997255 FIL
Mar 29 22:07:23 Locked: 0.33251649052 FIL
Mar 29 22:07:24 Datacap: 4191485427712
Mar 29 22:07:24 ....
