Mar 30 06:04:20 Count: 3 of 4
Mar 30 06:04:20 f019041 (1 / 1 tries):
Mar 30 06:04:21 f0421499: 23.293832210218907393 FIL (9.9G free)
Mar 30 06:04:21 Escrow: 0.999645757255 FIL
Mar 30 06:04:21 Locked: 0.33249517244 FIL
Mar 30 06:04:21 Datacap: 3160693276672
Mar 30 06:04:21 ....
Mar 30 06:04:22 Count: 3 of 4
Mar 30 06:04:22 f022163 (1 / 1 tries):
Mar 30 06:04:23 f0421499: 23.293832210218907393 FIL (9.9G free)
Mar 30 06:04:23 Escrow: 0.999645757255 FIL
Mar 30 06:04:23 Locked: 0.33249517244 FIL
Mar 30 06:04:24 Datacap: 3160693276672
Mar 30 06:04:24 ....
Mar 30 06:04:25 Count: 3 of 4
Mar 30 06:04:25 f019100 (1 / 1 tries):
Mar 30 06:04:26 Skipping f019100: error-ask
Mar 30 06:04:26 
Mar 30 06:04:27 Count: 3 of 4
Mar 30 06:04:27 f0145874 (1 / 1 tries):
Mar 30 06:04:27 f0421499: 23.293832210218907393 FIL (9.9G free)
Mar 30 06:04:27 Escrow: 0.999645757255 FIL
Mar 30 06:04:27 Locked: 0.33249517244 FIL
Mar 30 06:04:27 Datacap: 3160693276672
Mar 30 06:04:27 ....
Mar 30 06:04:28 Count: 3 of 4
Mar 30 06:04:28 f019362 (1 / 1 tries):
Mar 30 06:04:29 f0421499: 23.293832210218907393 FIL (9.9G free)
Mar 30 06:04:30 Escrow: 0.999645757255 FIL
Mar 30 06:04:30 Locked: 0.33249517244 FIL
Mar 30 06:04:30 Datacap: 3160693276672
Mar 30 06:04:30 ....
Mar 30 06:04:31 Count: 3 of 4
Mar 30 06:04:31 f01247 (1 / 1 tries):
Mar 30 06:04:32 f0421499: 23.293832210218907393 FIL (9.9G free)
Mar 30 06:04:32 Escrow: 0.999645757255 FIL
Mar 30 06:04:32 Locked: 0.33249517244 FIL
Mar 30 06:04:33 Datacap: 3160693276672
Mar 30 06:04:33 ....
Mar 30 06:04:34 Count: 3 of 4
Mar 30 06:04:34 f023971 (1 / 1 tries):
Mar 30 06:04:34 f0421499: 23.293832210218907393 FIL (9.9G free)
Mar 30 06:04:35 Escrow: 0.999645757255 FIL
Mar 30 06:04:35 Locked: 0.33249517244 FIL
Mar 30 06:04:35 Datacap: 3160693276672
Mar 30 06:04:35 ....
Mar 30 06:04:37 Count: 3 of 4
Mar 30 06:04:37 f010617 (1 / 1 tries):
Mar 30 06:04:37 f0421499: 23.293832210218907393 FIL (9.9G free)
Mar 30 06:04:37 Escrow: 0.999645757255 FIL
Mar 30 06:04:37 Locked: 0.33249517244 FIL
Mar 30 06:04:38 Datacap: 3160693276672
Mar 30 06:04:38 ....
Mar 30 06:04:39 Count: 3 of 4
Mar 30 06:04:39 f022142 (1 / 1 tries):
Mar 30 06:04:40 f0421499: 23.293832210218907393 FIL (9.9G free)
Mar 30 06:04:40 Escrow: 0.999645757255 FIL
Mar 30 06:04:40 Locked: 0.33249517244 FIL
Mar 30 06:04:40 Datacap: 3160693276672
Mar 30 06:04:40 ....
Mar 30 06:04:41 Count: 3 of 4
Mar 30 06:04:41 f08403 (1 / 1 tries):
Mar 30 06:04:42 f0421499: 23.293832210218907393 FIL (9.9G free)
Mar 30 06:04:42 Escrow: 0.999645757255 FIL
Mar 30 06:04:42 Locked: 0.33249517244 FIL
Mar 30 06:04:43 Datacap: 3160693276672
Mar 30 06:04:43 ....
Mar 30 06:04:44 Count: 3 of 4
Mar 30 06:04:44 f022352 (1 / 1 tries):
Mar 30 06:04:45 f0421499: 23.293832210218907393 FIL (9.9G free)
Mar 30 06:04:45 Escrow: 0.999645757255 FIL
Mar 30 06:04:45 Locked: 0.33249517244 FIL
Mar 30 06:04:45 Datacap: 3160693276672
Mar 30 06:04:46 ....
Mar 30 06:04:47 Count: 3 of 4
Mar 30 06:04:47 f01234 (1 / 1 tries):
Mar 30 06:04:47 f0421499: 23.293832210218907393 FIL (9.9G free)
Mar 30 06:04:48 Escrow: 0.999645757255 FIL
Mar 30 06:04:48 Locked: 0.33249517244 FIL
Mar 30 06:04:48 Datacap: 3160693276672
Mar 30 06:04:48 ....
Mar 30 06:04:49 Count: 3 of 4
Mar 30 06:04:49 f015927 (1 / 1 tries):
Mar 30 06:04:50 Skipping f015927: min-ask
Mar 30 06:04:50 
Mar 30 06:04:51 Count: 3 of 4
Mar 30 06:04:51 f019104 (1 / 1 tries):
Mar 30 06:04:51 Skipping f019104: error-ask
Mar 30 06:04:51 
Mar 30 06:04:52 Count: 3 of 4
Mar 30 06:04:52 f08399 (1 / 1 tries):
Mar 30 06:04:53 f0421499: 23.293832210218907393 FIL (9.9G free)
Mar 30 06:04:53 Escrow: 0.999645757255 FIL
Mar 30 06:04:53 Locked: 0.33249517244 FIL
Mar 30 06:04:53 Datacap: 3160693276672
Mar 30 06:04:53 ....
Mar 30 06:04:54 Count: 3 of 4
Mar 30 06:04:54 f023467 (1 / 1 tries):
Mar 30 06:04:55 f0421499: 23.293832210218907393 FIL (9.9G free)
Mar 30 06:04:55 Escrow: 0.999645757255 FIL
Mar 30 06:04:55 Locked: 0.33249517244 FIL
Mar 30 06:04:55 Datacap: 3160693276672
Mar 30 06:04:55 ....
Mar 30 06:04:56 Count: 3 of 4
Mar 30 06:04:56 f014409 (1 / 1 tries):
Mar 30 06:04:57 f0421499: 23.293832210218907393 FIL (9.9G free)
Mar 30 06:04:57 Escrow: 0.999645757255 FIL
Mar 30 06:04:57 Locked: 0.33249517244 FIL
Mar 30 06:04:58 Datacap: 3160693276672
Mar 30 06:04:58 ....
Mar 30 06:04:59 Count: 3 of 4
Mar 30 06:04:59 f071624 (1 / 1 tries):
Mar 30 06:05:00 f0421499: 23.293832210218907393 FIL (9.9G free)
Mar 30 06:05:00 Escrow: 0.999645757255 FIL
Mar 30 06:05:00 Locked: 0.33249517244 FIL
Mar 30 06:05:00 Datacap: 3160693276672
Mar 30 06:05:00 ....
Mar 30 06:05:01 Count: 3 of 4
Mar 30 06:05:01 f0127896 (1 / 1 tries):
Mar 30 06:05:01 Skipping f0127896: min-ask
Mar 30 06:05:01 
Mar 30 06:05:02 Count: 3 of 4
Mar 30 06:05:02 f066596 (1 / 1 tries):
Mar 30 06:05:03 f0421499: 23.293832210218907393 FIL (9.9G free)
Mar 30 06:05:03 Escrow: 0.999645757255 FIL
Mar 30 06:05:03 Locked: 0.33249517244 FIL
Mar 30 06:05:04 Datacap: 3160693276672
Mar 30 06:05:04 ....
Mar 30 06:05:05 Count: 3 of 4
Mar 30 06:05:05 f09848 (1 / 1 tries):
Mar 30 06:05:06 f0421499: 23.293832210218907393 FIL (9.9G free)
Mar 30 06:05:06 Escrow: 0.999645757255 FIL
Mar 30 06:05:06 Locked: 0.33249517244 FIL
Mar 30 06:05:07 Datacap: 3160693276672
Mar 30 06:05:07 ....
Mar 30 06:05:08 Count: 3 of 4
Mar 30 06:05:08 f099608 (1 / 1 tries):
Mar 30 06:05:08 f0421499: 23.293832210218907393 FIL (9.9G free)
Mar 30 06:05:08 Escrow: 0.999645757255 FIL
Mar 30 06:05:08 Locked: 0.33249517244 FIL
Mar 30 06:05:09 Datacap: 3160693276672
Mar 30 06:05:09 ....
Mar 30 06:05:10 Count: 3 of 4
Mar 30 06:05:10 f0165400 (1 / 1 tries):
Mar 30 06:05:11 f0421499: 23.293832210218907393 FIL (9.9G free)
Mar 30 06:05:11 Escrow: 0.999645757255 FIL
Mar 30 06:05:11 Locked: 0.33249517244 FIL
Mar 30 06:05:11 Datacap: 3160693276672
Mar 30 06:05:12 ....
Mar 30 06:05:13 Count: 3 of 4
Mar 30 06:05:13 f07998 (1 / 1 tries):
Mar 30 06:05:13 f0421499: 23.293832210218907393 FIL (9.9G free)
Mar 30 06:05:14 Escrow: 0.999645757255 FIL
Mar 30 06:05:14 Locked: 0.33249517244 FIL
Mar 30 06:05:14 Datacap: 3160693276672
Mar 30 06:05:14 ....
Mar 30 06:05:15 Count: 3 of 4
Mar 30 06:05:15 f01277 (1 / 1 tries):
Mar 30 06:05:15 Skipping f01277: min-ask
Mar 30 06:05:15 
Mar 30 06:05:16 Count: 3 of 4
Mar 30 06:05:16 f010479 (1 / 1 tries):
Mar 30 06:05:17 f0421499: 23.293832210218907393 FIL (9.9G free)
Mar 30 06:05:17 Escrow: 0.999645757255 FIL
Mar 30 06:05:17 Locked: 0.33249517244 FIL
Mar 30 06:05:18 Datacap: 3160693276672
Mar 30 06:05:18 ....
Mar 30 06:05:19 Count: 3 of 4
Mar 30 06:05:19 f021716 (1 / 1 tries):
Mar 30 06:05:20 f0421499: 23.293832210218907393 FIL (9.9G free)
Mar 30 06:05:20 Escrow: 0.999645757255 FIL
Mar 30 06:05:20 Locked: 0.33249517244 FIL
Mar 30 06:05:20 Datacap: 3160693276672
Mar 30 06:05:20 ....
Mar 30 06:05:21 Count: 3 of 4
Mar 30 06:05:21 f014768 (1 / 1 tries):
Mar 30 06:05:22 f0421499: 23.293832210218907393 FIL (9.9G free)
Mar 30 06:05:22 Escrow: 0.999645757255 FIL
Mar 30 06:05:22 Locked: 0.33249517244 FIL
Mar 30 06:05:23 Datacap: 3160693276672
Mar 30 06:05:23 ....
Mar 30 06:05:24 Count: 3 of 4
Mar 30 06:05:24 f01240 (1 / 1 tries):
Mar 30 06:05:25 f0421499: 23.293832210218907393 FIL (9.9G free)
Mar 30 06:05:25 Escrow: 0.999645757255 FIL
Mar 30 06:05:25 Locked: 0.33249517244 FIL
Mar 30 06:05:26 Datacap: 3160693276672
Mar 30 06:05:26 ....
Mar 30 06:05:27 Count: 3 of 4
Mar 30 06:05:27 f058369 (1 / 1 tries):
Mar 30 06:05:27 f0421499: 23.293832210218907393 FIL (9.9G free)
Mar 30 06:05:27 Escrow: 0.999645757255 FIL
Mar 30 06:05:27 Locked: 0.33249517244 FIL
Mar 30 06:05:28 Datacap: 3160693276672
Mar 30 06:05:28 ....
Mar 30 06:05:29 Count: 3 of 4
Mar 30 06:05:29 f062353 (1 / 1 tries):
Mar 30 06:05:30 f0421499: 23.293832210218907393 FIL (9.9G free)
Mar 30 06:05:30 Escrow: 0.999645757255 FIL
Mar 30 06:05:30 Locked: 0.33249517244 FIL
Mar 30 06:05:30 Datacap: 3160693276672
Mar 30 06:05:31 ....
Mar 30 06:05:32 Count: 3 of 4
Mar 30 06:05:32 f02606 (1 / 1 tries):
Mar 30 06:05:32 f0421499: 23.293832210218907393 FIL (9.9G free)
Mar 30 06:05:33 Escrow: 0.999645757255 FIL
Mar 30 06:05:33 Locked: 0.33249517244 FIL
Mar 30 06:05:33 Datacap: 3160693276672
Mar 30 06:05:33 ....
Mar 30 06:05:34 Count: 3 of 4
Mar 30 06:05:34 f02576 (1 / 1 tries):
Mar 30 06:05:35 f0421499: 23.293832210218907393 FIL (9.9G free)
Mar 30 06:05:35 Escrow: 0.999645757255 FIL
Mar 30 06:05:35 Locked: 0.33249517244 FIL
Mar 30 06:05:35 Datacap: 3160693276672
Mar 30 06:05:35 ....
Mar 30 06:05:36 Count: 3 of 4
Mar 30 06:05:36 f01278 (1 / 1 tries):
Mar 30 06:05:37 f0421499: 23.293832210218907393 FIL (9.9G free)
Mar 30 06:05:37 Escrow: 0.999645757255 FIL
Mar 30 06:05:37 Locked: 0.33249517244 FIL
Mar 30 06:05:38 Datacap: 3160693276672
Mar 30 06:05:38 ....
Mar 30 06:05:39 Count: 3 of 4
Mar 30 06:05:39 f0157535 (1 / 1 tries):
Mar 30 06:05:40 f0421499: 23.293832210218907393 FIL (9.9G free)
Mar 30 06:05:40 Escrow: 0.999645757255 FIL
Mar 30 06:05:40 Locked: 0.33249517244 FIL
Mar 30 06:05:41 Datacap: 3160693276672
Mar 30 06:05:41 ....
Mar 30 06:05:42 Count: 3 of 4
Mar 30 06:05:42 f019551 (1 / 1 tries):
Mar 30 06:05:43 f0421499: 23.293832210218907393 FIL (9.9G free)
Mar 30 06:05:43 Escrow: 0.999645757255 FIL
Mar 30 06:05:43 Locked: 0.33249517244 FIL
Mar 30 06:05:43 Datacap: 3160693276672
Mar 30 06:05:44 ....
