Mar 30 10:25:04 Count: 3 of 4
Mar 30 10:25:04 f010479 (1 / 1 tries):
Mar 30 10:25:04 f0421499: 23.293832210218907393 FIL (9.2G free)
Mar 30 10:25:05 Escrow: 0.999645757255 FIL
Mar 30 10:25:05 Locked: 0.33249517244 FIL
Mar 30 10:25:05 Datacap: 3160693276672
Mar 30 10:25:05 ....
Mar 30 10:25:06 Count: 3 of 4
Mar 30 10:25:06 f023971 (1 / 1 tries):
Mar 30 10:25:07 f0421499: 23.293832210218907393 FIL (9.2G free)
Mar 30 10:25:07 Escrow: 0.999645757255 FIL
Mar 30 10:25:07 Locked: 0.33249517244 FIL
Mar 30 10:25:08 Datacap: 3160693276672
Mar 30 10:25:08 ....
Mar 30 10:25:09 Count: 3 of 4
Mar 30 10:25:09 f01278 (1 / 1 tries):
Mar 30 10:25:10 f0421499: 23.293832210218907393 FIL (9.2G free)
Mar 30 10:25:10 Escrow: 0.999645757255 FIL
Mar 30 10:25:10 Locked: 0.33249517244 FIL
Mar 30 10:25:10 Datacap: 3160693276672
Mar 30 10:25:10 ....
Mar 30 10:25:11 Count: 3 of 4
Mar 30 10:25:11 f02606 (1 / 1 tries):
Mar 30 10:25:12 f0421499: 23.293832210218907393 FIL (9.2G free)
Mar 30 10:25:12 Escrow: 0.999645757255 FIL
Mar 30 10:25:12 Locked: 0.33249517244 FIL
Mar 30 10:25:12 Datacap: 3160693276672
Mar 30 10:25:12 ....
Mar 30 10:25:13 Count: 3 of 4
Mar 30 10:25:13 f010617 (1 / 1 tries):
Mar 30 10:25:14 f0421499: 23.293832210218907393 FIL (9.2G free)
Mar 30 10:25:14 Escrow: 0.999645757255 FIL
Mar 30 10:25:14 Locked: 0.33249517244 FIL
Mar 30 10:25:14 Datacap: 3160693276672
Mar 30 10:25:15 ....
Mar 30 10:25:16 Count: 3 of 4
Mar 30 10:25:16 f019104 (1 / 1 tries):
Mar 30 10:25:16 Skipping f019104: error-ask
Mar 30 10:25:16 
Mar 30 10:25:17 Count: 3 of 4
Mar 30 10:25:17 f062353 (1 / 1 tries):
Mar 30 10:25:18 f0421499: 23.293832210218907393 FIL (9.2G free)
Mar 30 10:25:18 Escrow: 0.999645757255 FIL
Mar 30 10:25:18 Locked: 0.33249517244 FIL
Mar 30 10:25:18 Datacap: 3160693276672
Mar 30 10:25:18 ....
Mar 30 10:25:19 Count: 3 of 4
Mar 30 10:25:19 f014768 (1 / 1 tries):
Mar 30 10:25:20 f0421499: 23.293832210218907393 FIL (9.2G free)
Mar 30 10:25:20 Escrow: 0.999645757255 FIL
Mar 30 10:25:20 Locked: 0.33249517244 FIL
Mar 30 10:25:21 Datacap: 3160693276672
Mar 30 10:25:21 ....
Mar 30 10:25:22 Count: 3 of 4
Mar 30 10:25:22 f014409 (1 / 1 tries):
Mar 30 10:25:23 f0421499: 23.293832210218907393 FIL (9.2G free)
Mar 30 10:25:23 Escrow: 0.999645757255 FIL
Mar 30 10:25:23 Locked: 0.33249517244 FIL
Mar 30 10:25:23 Datacap: 3160693276672
Mar 30 10:25:23 ....
Mar 30 10:25:24 Count: 3 of 4
Mar 30 10:25:24 f071624 (1 / 1 tries):
Mar 30 10:25:25 f0421499: 23.293832210218907393 FIL (9.2G free)
Mar 30 10:25:25 Escrow: 0.999645757255 FIL
Mar 30 10:25:25 Locked: 0.33249517244 FIL
Mar 30 10:25:25 Datacap: 3160693276672
Mar 30 10:25:25 ....
Mar 30 10:25:26 Count: 3 of 4
Mar 30 10:25:26 f015927 (1 / 1 tries):
Mar 30 10:25:26 Skipping f015927: min-ask
Mar 30 10:25:26 
Mar 30 10:25:27 Count: 3 of 4
Mar 30 10:25:27 f019041 (1 / 1 tries):
Mar 30 10:25:28 f0421499: 23.293832210218907393 FIL (9.2G free)
Mar 30 10:25:29 Escrow: 0.999645757255 FIL
Mar 30 10:25:29 Locked: 0.33249517244 FIL
Mar 30 10:25:29 Datacap: 3160693276672
Mar 30 10:25:29 ....
Mar 30 10:25:30 Count: 3 of 4
Mar 30 10:25:30 f01234 (1 / 1 tries):
Mar 30 10:25:31 f0421499: 23.293832210218907393 FIL (9.2G free)
Mar 30 10:25:31 Escrow: 0.999645757255 FIL
Mar 30 10:25:31 Locked: 0.33249517244 FIL
Mar 30 10:25:31 Datacap: 3160693276672
Mar 30 10:25:31 ....
Mar 30 10:25:32 Count: 3 of 4
Mar 30 10:25:32 f022142 (1 / 1 tries):
Mar 30 10:25:33 f0421499: 23.293832210218907393 FIL (9.2G free)
Mar 30 10:25:33 Escrow: 0.999645757255 FIL
Mar 30 10:25:33 Locked: 0.33249517244 FIL
Mar 30 10:25:33 Datacap: 3160693276672
Mar 30 10:25:33 ....
Mar 30 10:25:34 Count: 3 of 4
Mar 30 10:25:34 f0165400 (1 / 1 tries):
Mar 30 10:25:35 f0421499: 23.293832210218907393 FIL (9.2G free)
Mar 30 10:25:35 Escrow: 0.999645757255 FIL
Mar 30 10:25:35 Locked: 0.33249517244 FIL
Mar 30 10:25:36 Datacap: 3160693276672
Mar 30 10:25:36 ....
Mar 30 10:25:37 Count: 3 of 4
Mar 30 10:25:37 f019362 (1 / 1 tries):
Mar 30 10:25:37 f0421499: 23.293832210218907393 FIL (9.2G free)
Mar 30 10:25:37 Escrow: 0.999645757255 FIL
Mar 30 10:25:37 Locked: 0.33249517244 FIL
Mar 30 10:25:38 Datacap: 3160693276672
Mar 30 10:25:38 ....
Mar 30 10:25:39 Count: 3 of 4
Mar 30 10:25:39 f021716 (1 / 1 tries):
Mar 30 10:25:39 f0421499: 23.293832210218907393 FIL (9.2G free)
Mar 30 10:25:39 Escrow: 0.999645757255 FIL
Mar 30 10:25:39 Locked: 0.33249517244 FIL
Mar 30 10:25:40 Datacap: 3160693276672
Mar 30 10:25:40 ....
Mar 30 10:25:41 Count: 3 of 4
Mar 30 10:25:41 f019100 (1 / 1 tries):
Mar 30 10:25:41 Skipping f019100: error-ask
Mar 30 10:25:41 
Mar 30 10:25:42 Count: 3 of 4
Mar 30 10:25:42 f0145874 (1 / 1 tries):
Mar 30 10:25:43 f0421499: 23.293832210218907393 FIL (9.2G free)
Mar 30 10:25:43 Escrow: 0.999645757255 FIL
Mar 30 10:25:43 Locked: 0.33249517244 FIL
Mar 30 10:25:44 Datacap: 3160693276672
Mar 30 10:25:44 ....
Mar 30 10:25:45 Count: 3 of 4
Mar 30 10:25:45 f08403 (1 / 1 tries):
Mar 30 10:25:46 f0421499: 23.293832210218907393 FIL (9.2G free)
Mar 30 10:25:46 Escrow: 0.999645757255 FIL
Mar 30 10:25:46 Locked: 0.33249517244 FIL
Mar 30 10:25:46 Datacap: 3160693276672
Mar 30 10:25:47 ....
Mar 30 10:25:48 Count: 3 of 4
Mar 30 10:25:48 f058369 (1 / 1 tries):
Mar 30 10:25:48 f0421499: 23.293832210218907393 FIL (9.2G free)
Mar 30 10:25:48 Escrow: 0.999645757255 FIL
Mar 30 10:25:48 Locked: 0.33249517244 FIL
Mar 30 10:25:49 Datacap: 3160693276672
Mar 30 10:25:49 ....
Mar 30 10:25:50 Count: 3 of 4
Mar 30 10:25:50 f099608 (1 / 1 tries):
Mar 30 10:25:50 f0421499: 23.293832210218907393 FIL (9.2G free)
Mar 30 10:25:50 Escrow: 0.999645757255 FIL
Mar 30 10:25:50 Locked: 0.33249517244 FIL
Mar 30 10:25:51 Datacap: 3160693276672
Mar 30 10:25:51 ....
Mar 30 10:25:52 Count: 3 of 4
Mar 30 10:25:52 f022163 (1 / 1 tries):
Mar 30 10:25:53 f0421499: 23.293832210218907393 FIL (9.2G free)
Mar 30 10:25:53 Escrow: 0.999645757255 FIL
Mar 30 10:25:53 Locked: 0.33249517244 FIL
Mar 30 10:25:54 Datacap: 3160693276672
Mar 30 10:25:54 ....
Mar 30 10:25:55 Count: 3 of 4
Mar 30 10:25:55 f01240 (1 / 1 tries):
Mar 30 10:25:56 f0421499: 23.293832210218907393 FIL (9.2G free)
Mar 30 10:25:56 Escrow: 0.999645757255 FIL
Mar 30 10:25:56 Locked: 0.33249517244 FIL
Mar 30 10:25:56 Datacap: 3160693276672
Mar 30 10:25:56 ....
Mar 30 10:25:57 Count: 3 of 4
Mar 30 10:25:57 f07998 (1 / 1 tries):
Mar 30 10:25:58 f0421499: 23.293832210218907393 FIL (9.2G free)
Mar 30 10:25:58 Escrow: 0.999645757255 FIL
Mar 30 10:25:58 Locked: 0.33249517244 FIL
Mar 30 10:25:58 Datacap: 3160693276672
Mar 30 10:25:59 ....
Mar 30 10:26:00 Count: 3 of 4
Mar 30 10:26:00 f0157535 (1 / 1 tries):
Mar 30 10:26:00 f0421499: 23.293832210218907393 FIL (9.2G free)
Mar 30 10:26:01 Escrow: 0.999645757255 FIL
Mar 30 10:26:01 Locked: 0.33249517244 FIL
Mar 30 10:26:01 Datacap: 3160693276672
Mar 30 10:26:01 ....
Mar 30 10:26:02 Count: 3 of 4
Mar 30 10:26:02 f08399 (1 / 1 tries):
Mar 30 10:26:02 f0421499: 23.293832210218907393 FIL (9.2G free)
Mar 30 10:26:03 Escrow: 0.999645757255 FIL
Mar 30 10:26:03 Locked: 0.33249517244 FIL
Mar 30 10:26:03 Datacap: 3160693276672
Mar 30 10:26:03 ....
Mar 30 10:26:04 Count: 3 of 4
Mar 30 10:26:04 f066596 (1 / 1 tries):
Mar 30 10:26:05 f0421499: 23.293832210218907393 FIL (9.2G free)
Mar 30 10:26:05 Escrow: 0.999645757255 FIL
Mar 30 10:26:05 Locked: 0.33249517244 FIL
Mar 30 10:26:05 Datacap: 3160693276672
Mar 30 10:26:06 ....
Mar 30 10:26:07 Count: 3 of 4
Mar 30 10:26:07 f019551 (1 / 1 tries):
Mar 30 10:26:07 f0421499: 23.293832210218907393 FIL (9.2G free)
Mar 30 10:26:07 Escrow: 0.999645757255 FIL
Mar 30 10:26:07 Locked: 0.33249517244 FIL
Mar 30 10:26:08 Datacap: 3160693276672
Mar 30 10:26:08 ....
Mar 30 10:26:09 Count: 3 of 4
Mar 30 10:26:09 f09848 (1 / 1 tries):
Mar 30 10:26:09 f0421499: 23.293832210218907393 FIL (9.2G free)
Mar 30 10:26:09 Escrow: 0.999645757255 FIL
Mar 30 10:26:09 Locked: 0.33249517244 FIL
Mar 30 10:26:09 Datacap: 3160693276672
Mar 30 10:26:10 ....
Mar 30 10:26:11 Count: 3 of 4
Mar 30 10:26:11 f01277 (1 / 1 tries):
Mar 30 10:26:11 Skipping f01277: min-ask
Mar 30 10:26:11 
Mar 30 10:26:12 Count: 3 of 4
Mar 30 10:26:12 f02576 (1 / 1 tries):
Mar 30 10:26:13 f0421499: 23.293832210218907393 FIL (9.2G free)
Mar 30 10:26:13 Escrow: 0.999645757255 FIL
Mar 30 10:26:13 Locked: 0.33249517244 FIL
Mar 30 10:26:14 Datacap: 3160693276672
Mar 30 10:26:14 ....
Mar 30 10:26:15 Count: 3 of 4
Mar 30 10:26:15 f023467 (1 / 1 tries):
Mar 30 10:26:15 f0421499: 23.293832210218907393 FIL (9.2G free)
Mar 30 10:26:15 Escrow: 0.999645757255 FIL
Mar 30 10:26:15 Locked: 0.33249517244 FIL
Mar 30 10:26:16 Datacap: 3160693276672
Mar 30 10:26:16 ....
Mar 30 10:26:17 Count: 3 of 4
Mar 30 10:26:17 f022352 (1 / 1 tries):
Mar 30 10:26:17 f0421499: 23.293832210218907393 FIL (9.2G free)
Mar 30 10:26:18 Escrow: 0.999645757255 FIL
Mar 30 10:26:18 Locked: 0.33249517244 FIL
Mar 30 10:26:18 Datacap: 3160693276672
Mar 30 10:26:18 ....
Mar 30 10:26:19 Count: 3 of 4
Mar 30 10:26:19 f0127896 (1 / 1 tries):
Mar 30 10:26:20 Skipping f0127896: min-ask
Mar 30 10:26:20 
Mar 30 10:26:21 Count: 3 of 4
Mar 30 10:26:21 f01247 (1 / 1 tries):
Mar 30 10:26:21 f0421499: 23.293832210218907393 FIL (9.2G free)
Mar 30 10:26:21 Escrow: 0.999645757255 FIL
Mar 30 10:26:21 Locked: 0.33249517244 FIL
Mar 30 10:26:22 Datacap: 3160693276672
Mar 30 10:26:22 ....
