Mar 30 08:02:07 Count: 3 of 4
Mar 30 08:02:07 f08399 (1 / 1 tries):
Mar 30 08:02:08 f0421499: 23.293832210218907393 FIL (9.6G free)
Mar 30 08:02:08 Escrow: 0.999645757255 FIL
Mar 30 08:02:08 Locked: 0.33249517244 FIL
Mar 30 08:02:08 Datacap: 3160693276672
Mar 30 08:02:08 ....
Mar 30 08:02:09 Count: 3 of 4
Mar 30 08:02:09 f01234 (1 / 1 tries):
Mar 30 08:02:10 f0421499: 23.293832210218907393 FIL (9.6G free)
Mar 30 08:02:10 Escrow: 0.999645757255 FIL
Mar 30 08:02:10 Locked: 0.33249517244 FIL
Mar 30 08:02:10 Datacap: 3160693276672
Mar 30 08:02:10 ....
Mar 30 08:02:11 Count: 3 of 4
Mar 30 08:02:11 f010617 (1 / 1 tries):
Mar 30 08:02:12 f0421499: 23.293832210218907393 FIL (9.6G free)
Mar 30 08:02:12 Escrow: 0.999645757255 FIL
Mar 30 08:02:12 Locked: 0.33249517244 FIL
Mar 30 08:02:12 Datacap: 3160693276672
Mar 30 08:02:13 ....
Mar 30 08:02:14 Count: 3 of 4
Mar 30 08:02:14 f019100 (1 / 1 tries):
Mar 30 08:02:14 Skipping f019100: error-ask
Mar 30 08:02:14 
Mar 30 08:02:15 Count: 3 of 4
Mar 30 08:02:15 f014768 (1 / 1 tries):
Mar 30 08:02:16 f0421499: 23.293832210218907393 FIL (9.6G free)
Mar 30 08:02:16 Escrow: 0.999645757255 FIL
Mar 30 08:02:16 Locked: 0.33249517244 FIL
Mar 30 08:02:16 Datacap: 3160693276672
Mar 30 08:02:16 ....
Mar 30 08:02:17 Count: 3 of 4
Mar 30 08:02:17 f021716 (1 / 1 tries):
Mar 30 08:02:18 f0421499: 23.293832210218907393 FIL (9.6G free)
Mar 30 08:02:18 Escrow: 0.999645757255 FIL
Mar 30 08:02:18 Locked: 0.33249517244 FIL
Mar 30 08:02:18 Datacap: 3160693276672
Mar 30 08:02:18 ....
Mar 30 08:02:20 Count: 3 of 4
Mar 30 08:02:20 f07998 (1 / 1 tries):
Mar 30 08:02:20 f0421499: 23.293832210218907393 FIL (9.6G free)
Mar 30 08:02:20 Escrow: 0.999645757255 FIL
Mar 30 08:02:20 Locked: 0.33249517244 FIL
Mar 30 08:02:21 Datacap: 3160693276672
Mar 30 08:02:21 ....
Mar 30 08:02:22 Count: 3 of 4
Mar 30 08:02:22 f0157535 (1 / 1 tries):
Mar 30 08:02:22 f0421499: 23.293832210218907393 FIL (9.6G free)
Mar 30 08:02:23 Escrow: 0.999645757255 FIL
Mar 30 08:02:23 Locked: 0.33249517244 FIL
Mar 30 08:02:23 Datacap: 3160693276672
Mar 30 08:02:23 ....
Mar 30 08:02:24 Count: 3 of 4
Mar 30 08:02:24 f0165400 (1 / 1 tries):
Mar 30 08:02:25 f0421499: 23.293832210218907393 FIL (9.6G free)
Mar 30 08:02:25 Escrow: 0.999645757255 FIL
Mar 30 08:02:25 Locked: 0.33249517244 FIL
Mar 30 08:02:25 Datacap: 3160693276672
Mar 30 08:02:25 ....
Mar 30 08:02:26 Count: 3 of 4
Mar 30 08:02:26 f022142 (1 / 1 tries):
Mar 30 08:02:27 f0421499: 23.293832210218907393 FIL (9.6G free)
Mar 30 08:02:27 Escrow: 0.999645757255 FIL
Mar 30 08:02:27 Locked: 0.33249517244 FIL
Mar 30 08:02:28 Datacap: 3160693276672
Mar 30 08:02:28 ....
Mar 30 08:02:29 Count: 3 of 4
Mar 30 08:02:29 f019362 (1 / 1 tries):
Mar 30 08:02:30 f0421499: 23.293832210218907393 FIL (9.6G free)
Mar 30 08:02:30 Escrow: 0.999645757255 FIL
Mar 30 08:02:30 Locked: 0.33249517244 FIL
Mar 30 08:02:30 Datacap: 3160693276672
Mar 30 08:02:30 ....
Mar 30 08:02:31 Count: 3 of 4
Mar 30 08:02:31 f02576 (1 / 1 tries):
Mar 30 08:02:32 f0421499: 23.293832210218907393 FIL (9.6G free)
Mar 30 08:02:32 Escrow: 0.999645757255 FIL
Mar 30 08:02:32 Locked: 0.33249517244 FIL
Mar 30 08:02:33 Datacap: 3160693276672
Mar 30 08:02:33 ....
Mar 30 08:02:34 Count: 3 of 4
Mar 30 08:02:34 f058369 (1 / 1 tries):
Mar 30 08:02:35 f0421499: 23.293832210218907393 FIL (9.6G free)
Mar 30 08:02:35 Escrow: 0.999645757255 FIL
Mar 30 08:02:35 Locked: 0.33249517244 FIL
Mar 30 08:02:35 Datacap: 3160693276672
Mar 30 08:02:35 ....
Mar 30 08:02:36 Count: 3 of 4
Mar 30 08:02:36 f014409 (1 / 1 tries):
Mar 30 08:02:37 f0421499: 23.293832210218907393 FIL (9.6G free)
Mar 30 08:02:37 Escrow: 0.999645757255 FIL
Mar 30 08:02:37 Locked: 0.33249517244 FIL
Mar 30 08:02:38 Datacap: 3160693276672
Mar 30 08:02:38 ....
Mar 30 08:02:39 Count: 3 of 4
Mar 30 08:02:39 f099608 (1 / 1 tries):
Mar 30 08:02:40 f0421499: 23.293832210218907393 FIL (9.6G free)
Mar 30 08:02:40 Escrow: 0.999645757255 FIL
Mar 30 08:02:40 Locked: 0.33249517244 FIL
Mar 30 08:02:40 Datacap: 3160693276672
Mar 30 08:02:40 ....
Mar 30 08:02:41 Count: 3 of 4
Mar 30 08:02:41 f01240 (1 / 1 tries):
Mar 30 08:02:42 f0421499: 23.293832210218907393 FIL (9.6G free)
Mar 30 08:02:42 Escrow: 0.999645757255 FIL
Mar 30 08:02:42 Locked: 0.33249517244 FIL
Mar 30 08:02:42 Datacap: 3160693276672
Mar 30 08:02:43 ....
Mar 30 08:02:44 Count: 3 of 4
Mar 30 08:02:44 f015927 (1 / 1 tries):
Mar 30 08:02:44 Skipping f015927: min-ask
Mar 30 08:02:44 
Mar 30 08:02:45 Count: 3 of 4
Mar 30 08:02:45 f08403 (1 / 1 tries):
Mar 30 08:02:46 2021-03-30T08:02:46.044Z	[31mERROR[0m	rpc	go-jsonrpc@v0.1.4-0.20210217175800-45ea43ac2bec/websocket.go:97	setting read deadlineset tcp 127.0.0.1:37938: use of closed network connection
Mar 30 08:02:46 f0421499: 23.293832210218907393 FIL (9.6G free)
Mar 30 08:02:46 Escrow: 0.999645757255 FIL
Mar 30 08:02:46 Locked: 0.33249517244 FIL
Mar 30 08:02:47 Datacap: 3160693276672
Mar 30 08:02:47 ....
Mar 30 08:02:48 Count: 3 of 4
Mar 30 08:02:48 f023971 (1 / 1 tries):
Mar 30 08:02:48 f0421499: 23.293832210218907393 FIL (9.6G free)
Mar 30 08:02:48 Escrow: 0.999645757255 FIL
Mar 30 08:02:48 Locked: 0.33249517244 FIL
Mar 30 08:02:49 Datacap: 3160693276672
Mar 30 08:02:49 ....
Mar 30 08:02:50 Count: 3 of 4
Mar 30 08:02:50 f066596 (1 / 1 tries):
Mar 30 08:02:51 f0421499: 23.293832210218907393 FIL (9.6G free)
Mar 30 08:02:51 Escrow: 0.999645757255 FIL
Mar 30 08:02:51 Locked: 0.33249517244 FIL
Mar 30 08:02:51 Datacap: 3160693276672
Mar 30 08:02:52 ....
Mar 30 08:02:53 Count: 3 of 4
Mar 30 08:02:53 f0127896 (1 / 1 tries):
Mar 30 08:02:53 Skipping f0127896: min-ask
Mar 30 08:02:53 
Mar 30 08:02:54 Count: 3 of 4
Mar 30 08:02:54 f0145874 (1 / 1 tries):
Mar 30 08:02:55 f0421499: 23.293832210218907393 FIL (9.6G free)
Mar 30 08:02:55 Escrow: 0.999645757255 FIL
Mar 30 08:02:55 Locked: 0.33249517244 FIL
Mar 30 08:02:55 Datacap: 3160693276672
Mar 30 08:02:55 ....
Mar 30 08:02:56 Count: 3 of 4
Mar 30 08:02:56 f010479 (1 / 1 tries):
Mar 30 08:02:57 f0421499: 23.293832210218907393 FIL (9.6G free)
Mar 30 08:02:57 Escrow: 0.999645757255 FIL
Mar 30 08:02:57 Locked: 0.33249517244 FIL
Mar 30 08:02:58 Datacap: 3160693276672
Mar 30 08:02:58 ....
Mar 30 08:02:59 Count: 3 of 4
Mar 30 08:02:59 f023467 (1 / 1 tries):
Mar 30 08:03:00 f0421499: 23.293832210218907393 FIL (9.6G free)
Mar 30 08:03:00 Escrow: 0.999645757255 FIL
Mar 30 08:03:00 Locked: 0.33249517244 FIL
Mar 30 08:03:00 Datacap: 3160693276672
Mar 30 08:03:01 ....
Mar 30 08:03:02 Count: 3 of 4
Mar 30 08:03:02 f01247 (1 / 1 tries):
Mar 30 08:03:02 f0421499: 23.293832210218907393 FIL (9.6G free)
Mar 30 08:03:02 Escrow: 0.999645757255 FIL
Mar 30 08:03:02 Locked: 0.33249517244 FIL
Mar 30 08:03:03 Datacap: 3160693276672
Mar 30 08:03:03 ....
Mar 30 08:03:04 Count: 3 of 4
Mar 30 08:03:04 f022352 (1 / 1 tries):
Mar 30 08:03:05 f0421499: 23.293832210218907393 FIL (9.6G free)
Mar 30 08:03:05 Escrow: 0.999645757255 FIL
Mar 30 08:03:05 Locked: 0.33249517244 FIL
Mar 30 08:03:06 Datacap: 3160693276672
Mar 30 08:03:06 ....
Mar 30 08:03:07 Count: 3 of 4
Mar 30 08:03:07 f01278 (1 / 1 tries):
Mar 30 08:03:07 f0421499: 23.293832210218907393 FIL (9.6G free)
Mar 30 08:03:08 Escrow: 0.999645757255 FIL
Mar 30 08:03:08 Locked: 0.33249517244 FIL
Mar 30 08:03:08 Datacap: 3160693276672
Mar 30 08:03:08 ....
Mar 30 08:03:09 Count: 3 of 4
Mar 30 08:03:09 f071624 (1 / 1 tries):
Mar 30 08:03:10 f0421499: 23.293832210218907393 FIL (9.6G free)
Mar 30 08:03:10 Escrow: 0.999645757255 FIL
Mar 30 08:03:10 Locked: 0.33249517244 FIL
Mar 30 08:03:11 Datacap: 3160693276672
Mar 30 08:03:11 ....
Mar 30 08:03:12 Count: 3 of 4
Mar 30 08:03:12 f019104 (1 / 1 tries):
Mar 30 08:03:12 Skipping f019104: error-ask
Mar 30 08:03:12 
Mar 30 08:03:13 Count: 3 of 4
Mar 30 08:03:13 f022163 (1 / 1 tries):
Mar 30 08:03:14 f0421499: 23.293832210218907393 FIL (9.6G free)
Mar 30 08:03:14 Escrow: 0.999645757255 FIL
Mar 30 08:03:14 Locked: 0.33249517244 FIL
Mar 30 08:03:14 Datacap: 3160693276672
Mar 30 08:03:14 ....
Mar 30 08:03:15 Count: 3 of 4
Mar 30 08:03:15 f019041 (1 / 1 tries):
Mar 30 08:03:16 f0421499: 23.293832210218907393 FIL (9.6G free)
Mar 30 08:03:16 Escrow: 0.999645757255 FIL
Mar 30 08:03:16 Locked: 0.33249517244 FIL
Mar 30 08:03:17 Datacap: 3160693276672
Mar 30 08:03:17 ....
Mar 30 08:03:18 Count: 3 of 4
Mar 30 08:03:18 f09848 (1 / 1 tries):
Mar 30 08:03:19 f0421499: 23.293832210218907393 FIL (9.6G free)
Mar 30 08:03:19 Escrow: 0.999645757255 FIL
Mar 30 08:03:19 Locked: 0.33249517244 FIL
Mar 30 08:03:19 Datacap: 3160693276672
Mar 30 08:03:20 ....
Mar 30 08:03:21 Count: 3 of 4
Mar 30 08:03:21 f062353 (1 / 1 tries):
Mar 30 08:03:21 f0421499: 23.293832210218907393 FIL (9.6G free)
Mar 30 08:03:21 Escrow: 0.999645757255 FIL
Mar 30 08:03:21 Locked: 0.33249517244 FIL
Mar 30 08:03:22 Datacap: 3160693276672
Mar 30 08:03:22 ....
Mar 30 08:03:23 Count: 3 of 4
Mar 30 08:03:23 f01277 (1 / 1 tries):
Mar 30 08:03:23 Skipping f01277: min-ask
Mar 30 08:03:23 
Mar 30 08:03:24 Count: 3 of 4
Mar 30 08:03:24 f019551 (1 / 1 tries):
Mar 30 08:03:25 f0421499: 23.293832210218907393 FIL (9.6G free)
Mar 30 08:03:25 Escrow: 0.999645757255 FIL
Mar 30 08:03:25 Locked: 0.33249517244 FIL
Mar 30 08:03:25 Datacap: 3160693276672
Mar 30 08:03:26 ....
Mar 30 08:03:27 Count: 3 of 4
Mar 30 08:03:27 f02606 (1 / 1 tries):
Mar 30 08:03:27 f0421499: 23.293832210218907393 FIL (9.6G free)
Mar 30 08:03:27 Escrow: 0.999645757255 FIL
Mar 30 08:03:27 Locked: 0.33249517244 FIL
Mar 30 08:03:28 Datacap: 3160693276672
Mar 30 08:03:28 ....
