Mar 30 11:20:16 Count: 3 of 4
Mar 30 11:20:16 f019362 (1 / 1 tries):
Mar 30 11:20:17 f0421499: 23.293832210218907393 FIL (9.0G free)
Mar 30 11:20:17 Escrow: 0.999645757255 FIL
Mar 30 11:20:17 Locked: 0.33249517244 FIL
Mar 30 11:20:17 Datacap: 3160693276672
Mar 30 11:20:17 ....
Mar 30 11:20:18 Count: 3 of 4
Mar 30 11:20:18 f01247 (1 / 1 tries):
Mar 30 11:20:18 f0421499: 23.293832210218907393 FIL (9.0G free)
Mar 30 11:20:19 Escrow: 0.999645757255 FIL
Mar 30 11:20:19 Locked: 0.33249517244 FIL
Mar 30 11:20:19 Datacap: 3160693276672
Mar 30 11:20:19 ....
Mar 30 11:20:20 Count: 3 of 4
Mar 30 11:20:20 f02606 (1 / 1 tries):
Mar 30 11:20:21 f0421499: 23.293832210218907393 FIL (9.0G free)
Mar 30 11:20:21 Escrow: 0.999645757255 FIL
Mar 30 11:20:21 Locked: 0.33249517244 FIL
Mar 30 11:20:21 Datacap: 3160693276672
Mar 30 11:20:21 ....
Mar 30 11:20:22 Count: 3 of 4
Mar 30 11:20:22 f0127896 (1 / 1 tries):
Mar 30 11:20:23 Skipping f0127896: min-ask
Mar 30 11:20:23 
Mar 30 11:20:24 Count: 3 of 4
Mar 30 11:20:24 f062353 (1 / 1 tries):
Mar 30 11:20:24 f0421499: 23.293832210218907393 FIL (9.0G free)
Mar 30 11:20:25 Escrow: 0.999645757255 FIL
Mar 30 11:20:25 Locked: 0.33249517244 FIL
Mar 30 11:20:25 Datacap: 3160693276672
Mar 30 11:20:25 ....
Mar 30 11:20:26 Count: 3 of 4
Mar 30 11:20:26 f019551 (1 / 1 tries):
Mar 30 11:20:26 f0421499: 23.293832210218907393 FIL (9.0G free)
Mar 30 11:20:26 Escrow: 0.999645757255 FIL
Mar 30 11:20:26 Locked: 0.33249517244 FIL
Mar 30 11:20:27 Datacap: 3160693276672
Mar 30 11:20:27 ....
Mar 30 11:20:28 Count: 3 of 4
Mar 30 11:20:28 f07998 (1 / 1 tries):
Mar 30 11:20:29 f0421499: 23.293832210218907393 FIL (9.0G free)
Mar 30 11:20:29 Escrow: 0.999645757255 FIL
Mar 30 11:20:29 Locked: 0.33249517244 FIL
Mar 30 11:20:29 Datacap: 3160693276672
Mar 30 11:20:29 ....
Mar 30 11:20:30 Count: 3 of 4
Mar 30 11:20:30 f023971 (1 / 1 tries):
Mar 30 11:20:31 f0421499: 23.293832210218907393 FIL (9.0G free)
Mar 30 11:20:31 Escrow: 0.999645757255 FIL
Mar 30 11:20:31 Locked: 0.33249517244 FIL
Mar 30 11:20:31 Datacap: 3160693276672
Mar 30 11:20:32 ....
Mar 30 11:20:33 Count: 3 of 4
Mar 30 11:20:33 f023467 (1 / 1 tries):
Mar 30 11:20:34 f0421499: 23.293832210218907393 FIL (9.0G free)
Mar 30 11:20:34 Escrow: 0.999645757255 FIL
Mar 30 11:20:34 Locked: 0.33249517244 FIL
Mar 30 11:20:34 Datacap: 3160693276672
Mar 30 11:20:34 ....
Mar 30 11:20:35 Count: 3 of 4
Mar 30 11:20:35 f0165400 (1 / 1 tries):
Mar 30 11:20:36 f0421499: 23.293832210218907393 FIL (9.0G free)
Mar 30 11:20:36 Escrow: 0.999645757255 FIL
Mar 30 11:20:36 Locked: 0.33249517244 FIL
Mar 30 11:20:36 Datacap: 3160693276672
Mar 30 11:20:36 ....
Mar 30 11:20:37 Count: 3 of 4
Mar 30 11:20:37 f071624 (1 / 1 tries):
Mar 30 11:20:38 f0421499: 23.293832210218907393 FIL (9.0G free)
Mar 30 11:20:38 Escrow: 0.999645757255 FIL
Mar 30 11:20:38 Locked: 0.33249517244 FIL
Mar 30 11:20:39 Datacap: 3160693276672
Mar 30 11:20:39 ....
Mar 30 11:20:40 Count: 3 of 4
Mar 30 11:20:40 f02576 (1 / 1 tries):
Mar 30 11:20:40 f0421499: 23.293832210218907393 FIL (9.0G free)
Mar 30 11:20:40 Escrow: 0.999645757255 FIL
Mar 30 11:20:40 Locked: 0.33249517244 FIL
Mar 30 11:20:41 Datacap: 3160693276672
Mar 30 11:20:41 ....
Mar 30 11:20:42 Count: 3 of 4
Mar 30 11:20:42 f066596 (1 / 1 tries):
Mar 30 11:20:42 f0421499: 23.293832210218907393 FIL (9.0G free)
Mar 30 11:20:42 Escrow: 0.999645757255 FIL
Mar 30 11:20:42 Locked: 0.33249517244 FIL
Mar 30 11:20:43 Datacap: 3160693276672
Mar 30 11:20:43 ....
Mar 30 11:20:44 Count: 3 of 4
Mar 30 11:20:44 f0157535 (1 / 1 tries):
Mar 30 11:20:44 f0421499: 23.293832210218907393 FIL (9.0G free)
Mar 30 11:20:44 Escrow: 0.999645757255 FIL
Mar 30 11:20:44 Locked: 0.33249517244 FIL
Mar 30 11:20:45 Datacap: 3160693276672
Mar 30 11:20:45 ....
Mar 30 11:20:46 Count: 3 of 4
Mar 30 11:20:46 f058369 (1 / 1 tries):
Mar 30 11:20:47 f0421499: 23.293832210218907393 FIL (9.0G free)
Mar 30 11:20:47 Escrow: 0.999645757255 FIL
Mar 30 11:20:47 Locked: 0.33249517244 FIL
Mar 30 11:20:47 Datacap: 3160693276672
Mar 30 11:20:47 ....
Mar 30 11:20:48 Count: 3 of 4
Mar 30 11:20:48 f099608 (1 / 1 tries):
Mar 30 11:20:49 f0421499: 23.293832210218907393 FIL (9.0G free)
Mar 30 11:20:49 Escrow: 0.999645757255 FIL
Mar 30 11:20:49 Locked: 0.33249517244 FIL
Mar 30 11:20:49 Datacap: 3160693276672
Mar 30 11:20:49 ....
Mar 30 11:20:50 Count: 3 of 4
Mar 30 11:20:50 f0145874 (1 / 1 tries):
Mar 30 11:20:51 f0421499: 23.293832210218907393 FIL (9.0G free)
Mar 30 11:20:51 Escrow: 0.999645757255 FIL
Mar 30 11:20:51 Locked: 0.33249517244 FIL
Mar 30 11:20:52 Datacap: 3160693276672
Mar 30 11:20:52 ....
Mar 30 11:20:53 Count: 3 of 4
Mar 30 11:20:53 f022352 (1 / 1 tries):
Mar 30 11:20:54 f0421499: 23.293832210218907393 FIL (9.0G free)
Mar 30 11:20:54 Escrow: 0.999645757255 FIL
Mar 30 11:20:54 Locked: 0.33249517244 FIL
Mar 30 11:20:54 Datacap: 3160693276672
Mar 30 11:20:54 ....
Mar 30 11:20:55 Count: 3 of 4
Mar 30 11:20:55 f015927 (1 / 1 tries):
Mar 30 11:20:55 Skipping f015927: min-ask
Mar 30 11:20:55 
Mar 30 11:20:57 Count: 3 of 4
Mar 30 11:20:57 f09848 (1 / 1 tries):
Mar 30 11:20:57 f0421499: 23.293832210218907393 FIL (9.0G free)
Mar 30 11:20:58 Escrow: 0.999645757255 FIL
Mar 30 11:20:58 Locked: 0.33249517244 FIL
Mar 30 11:20:58 Datacap: 3160693276672
Mar 30 11:20:58 ....
Mar 30 11:20:59 Count: 3 of 4
Mar 30 11:20:59 f019104 (1 / 1 tries):
Mar 30 11:20:59 Skipping f019104: error-ask
Mar 30 11:20:59 
Mar 30 11:21:00 Count: 3 of 4
Mar 30 11:21:00 f022142 (1 / 1 tries):
Mar 30 11:21:01 f0421499: 23.293832210218907393 FIL (9.0G free)
Mar 30 11:21:01 Escrow: 0.999645757255 FIL
Mar 30 11:21:01 Locked: 0.33249517244 FIL
Mar 30 11:21:02 Datacap: 3160693276672
Mar 30 11:21:02 ....
Mar 30 11:21:03 Count: 3 of 4
Mar 30 11:21:03 f010479 (1 / 1 tries):
Mar 30 11:21:04 f0421499: 23.293832210218907393 FIL (9.0G free)
Mar 30 11:21:04 Escrow: 0.999645757255 FIL
Mar 30 11:21:04 Locked: 0.33249517244 FIL
Mar 30 11:21:04 Datacap: 3160693276672
Mar 30 11:21:04 ....
Mar 30 11:21:05 Count: 3 of 4
Mar 30 11:21:05 f019041 (1 / 1 tries):
Mar 30 11:21:06 f0421499: 23.293832210218907393 FIL (9.0G free)
Mar 30 11:21:06 Escrow: 0.999645757255 FIL
Mar 30 11:21:06 Locked: 0.33249517244 FIL
Mar 30 11:21:06 Datacap: 3160693276672
Mar 30 11:21:06 ....
Mar 30 11:21:07 Count: 3 of 4
Mar 30 11:21:07 f08399 (1 / 1 tries):
Mar 30 11:21:08 f0421499: 23.293832210218907393 FIL (9.0G free)
Mar 30 11:21:08 Escrow: 0.999645757255 FIL
Mar 30 11:21:08 Locked: 0.33249517244 FIL
Mar 30 11:21:09 Datacap: 3160693276672
Mar 30 11:21:09 ....
Mar 30 11:21:10 Count: 3 of 4
Mar 30 11:21:10 f021716 (1 / 1 tries):
Mar 30 11:21:11 f0421499: 23.293832210218907393 FIL (9.0G free)
Mar 30 11:21:11 Escrow: 0.999645757255 FIL
Mar 30 11:21:11 Locked: 0.33249517244 FIL
Mar 30 11:21:11 Datacap: 3160693276672
Mar 30 11:21:11 ....
Mar 30 11:21:12 Count: 3 of 4
Mar 30 11:21:12 f022163 (1 / 1 tries):
Mar 30 11:21:13 f0421499: 23.293832210218907393 FIL (9.0G free)
Mar 30 11:21:13 Escrow: 0.999645757255 FIL
Mar 30 11:21:13 Locked: 0.33249517244 FIL
Mar 30 11:21:13 Datacap: 3160693276672
Mar 30 11:21:14 ....
Mar 30 11:21:15 Count: 3 of 4
Mar 30 11:21:15 f01277 (1 / 1 tries):
Mar 30 11:21:15 Skipping f01277: min-ask
Mar 30 11:21:15 
Mar 30 11:21:16 Count: 3 of 4
Mar 30 11:21:16 f014768 (1 / 1 tries):
Mar 30 11:21:17 f0421499: 23.293832210218907393 FIL (9.0G free)
Mar 30 11:21:17 Escrow: 0.999645757255 FIL
Mar 30 11:21:17 Locked: 0.33249517244 FIL
Mar 30 11:21:17 Datacap: 3160693276672
Mar 30 11:21:18 ....
Mar 30 11:21:19 Count: 3 of 4
Mar 30 11:21:19 f01240 (1 / 1 tries):
Mar 30 11:21:19 f0421499: 23.293832210218907393 FIL (9.0G free)
Mar 30 11:21:19 Escrow: 0.999645757255 FIL
Mar 30 11:21:19 Locked: 0.33249517244 FIL
Mar 30 11:21:20 Datacap: 3160693276672
Mar 30 11:21:20 ....
Mar 30 11:21:21 Count: 3 of 4
Mar 30 11:21:21 f01278 (1 / 1 tries):
Mar 30 11:21:22 f0421499: 23.293832210218907393 FIL (9.0G free)
Mar 30 11:21:22 Escrow: 0.999645757255 FIL
Mar 30 11:21:22 Locked: 0.33249517244 FIL
Mar 30 11:21:23 Datacap: 3160693276672
Mar 30 11:21:23 ....
Mar 30 11:21:24 Count: 3 of 4
Mar 30 11:21:24 f010617 (1 / 1 tries):
Mar 30 11:21:24 f0421499: 23.293832210218907393 FIL (9.0G free)
Mar 30 11:21:24 Escrow: 0.999645757255 FIL
Mar 30 11:21:24 Locked: 0.33249517244 FIL
Mar 30 11:21:25 Datacap: 3160693276672
Mar 30 11:21:25 ....
Mar 30 11:21:26 Count: 3 of 4
Mar 30 11:21:26 f01234 (1 / 1 tries):
Mar 30 11:21:27 f0421499: 23.293832210218907393 FIL (9.0G free)
Mar 30 11:21:27 Escrow: 0.999645757255 FIL
Mar 30 11:21:27 Locked: 0.33249517244 FIL
Mar 30 11:21:27 Datacap: 3160693276672
Mar 30 11:21:28 ....
Mar 30 11:21:29 Count: 3 of 4
Mar 30 11:21:29 f019100 (1 / 1 tries):
Mar 30 11:21:29 Skipping f019100: error-ask
Mar 30 11:21:29 
Mar 30 11:21:30 Count: 3 of 4
Mar 30 11:21:30 f014409 (1 / 1 tries):
Mar 30 11:21:31 f0421499: 23.293832210218907393 FIL (9.0G free)
Mar 30 11:21:31 Escrow: 0.999645757255 FIL
Mar 30 11:21:31 Locked: 0.33249517244 FIL
Mar 30 11:21:32 Datacap: 3160693276672
Mar 30 11:21:32 ....
Mar 30 11:21:33 Count: 3 of 4
Mar 30 11:21:33 f08403 (1 / 1 tries):
Mar 30 11:21:33 f0421499: 23.293832210218907393 FIL (9.0G free)
Mar 30 11:21:34 Escrow: 0.999645757255 FIL
Mar 30 11:21:34 Locked: 0.33249517244 FIL
Mar 30 11:21:34 Datacap: 3160693276672
Mar 30 11:21:34 ....
