Mar 30 02:31:23 Count: 3 of 4
Mar 30 02:31:23 f08403 (1 / 1 tries):
Mar 30 02:31:24 f0421499: 23.308289234176929066 FIL (21G free)
Mar 30 02:31:24 Escrow: 0.999999997255 FIL
Mar 30 02:31:24 Locked: 0.33284941244 FIL
Mar 30 02:31:24 Datacap: 3195053015040
Mar 30 02:31:25 ....
Mar 30 02:31:26 Count: 3 of 4
Mar 30 02:31:26 f015927 (1 / 1 tries):
Mar 30 02:31:26 Skipping f015927: min-ask
Mar 30 02:31:26 
Mar 30 02:31:27 Count: 3 of 4
Mar 30 02:31:27 f09848 (1 / 1 tries):
Mar 30 02:31:28 f0421499: 23.308289234176929066 FIL (21G free)
Mar 30 02:31:28 Escrow: 0.999999997255 FIL
Mar 30 02:31:28 Locked: 0.33284941244 FIL
Mar 30 02:31:28 Datacap: 3195053015040
Mar 30 02:31:28 ....
Mar 30 02:31:29 Count: 3 of 4
Mar 30 02:31:29 f023467 (1 / 1 tries):
Mar 30 02:31:30 f0421499: 23.308289234176929066 FIL (21G free)
Mar 30 02:31:30 Escrow: 0.999999997255 FIL
Mar 30 02:31:30 Locked: 0.33284941244 FIL
Mar 30 02:31:30 Datacap: 3195053015040
Mar 30 02:31:30 ....
Mar 30 02:31:31 Count: 3 of 4
Mar 30 02:31:31 f01240 (1 / 1 tries):
Mar 30 02:31:32 f0421499: 23.308289234176929066 FIL (21G free)
Mar 30 02:31:32 Escrow: 0.999999997255 FIL
Mar 30 02:31:32 Locked: 0.33284941244 FIL
Mar 30 02:31:32 Datacap: 3195053015040
Mar 30 02:31:32 ....
Mar 30 02:31:33 Count: 3 of 4
Mar 30 02:31:33 f014768 (1 / 1 tries):
Mar 30 02:31:34 f0421499: 23.308289234176929066 FIL (21G free)
Mar 30 02:31:34 Escrow: 0.999999997255 FIL
Mar 30 02:31:34 Locked: 0.33284941244 FIL
Mar 30 02:31:34 Datacap: 3195053015040
Mar 30 02:31:34 ....
Mar 30 02:31:35 Count: 3 of 4
Mar 30 02:31:35 f010479 (1 / 1 tries):
Mar 30 02:31:35 f0421499: 23.308289234176929066 FIL (21G free)
Mar 30 02:31:36 Escrow: 0.999999997255 FIL
Mar 30 02:31:36 Locked: 0.33284941244 FIL
Mar 30 02:31:36 Datacap: 3195053015040
Mar 30 02:31:36 ....
Mar 30 02:31:37 Count: 3 of 4
Mar 30 02:31:37 f071624 (1 / 1 tries):
Mar 30 02:31:38 f0421499: 23.308289234176929066 FIL (21G free)
Mar 30 02:31:38 Escrow: 0.999999997255 FIL
Mar 30 02:31:38 Locked: 0.33284941244 FIL
Mar 30 02:31:39 Datacap: 3195053015040
Mar 30 02:31:39 ....
Mar 30 02:31:40 Count: 3 of 4
Mar 30 02:31:40 f014409 (1 / 1 tries):
Mar 30 02:31:40 f0421499: 23.308289234176929066 FIL (21G free)
Mar 30 02:31:41 Escrow: 0.999999997255 FIL
Mar 30 02:31:41 Locked: 0.33284941244 FIL
Mar 30 02:31:41 Datacap: 3195053015040
Mar 30 02:31:41 ....
Mar 30 02:31:42 Count: 3 of 4
Mar 30 02:31:42 f019551 (1 / 1 tries):
Mar 30 02:31:42 f0421499: 23.308289234176929066 FIL (21G free)
Mar 30 02:31:42 Escrow: 0.999999997255 FIL
Mar 30 02:31:42 Locked: 0.33284941244 FIL
Mar 30 02:31:43 Datacap: 3195053015040
Mar 30 02:31:43 ....
Mar 30 02:31:44 Count: 3 of 4
Mar 30 02:31:44 f019041 (1 / 1 tries):
Mar 30 02:31:44 f0421499: 23.308289234176929066 FIL (21G free)
Mar 30 02:31:44 Escrow: 0.999999997255 FIL
Mar 30 02:31:44 Locked: 0.33284941244 FIL
Mar 30 02:31:45 Datacap: 3195053015040
Mar 30 02:31:45 ....
Mar 30 02:31:46 Count: 3 of 4
Mar 30 02:31:46 f0165400 (1 / 1 tries):
Mar 30 02:31:46 f0421499: 23.308289234176929066 FIL (21G free)
Mar 30 02:31:46 Escrow: 0.999999997255 FIL
Mar 30 02:31:46 Locked: 0.33284941244 FIL
Mar 30 02:31:47 Datacap: 3195053015040
Mar 30 02:31:47 ....
Mar 30 02:31:48 Count: 3 of 4
Mar 30 02:31:48 f0127896 (1 / 1 tries):
Mar 30 02:31:48 Skipping f0127896: min-ask
Mar 30 02:31:48 
Mar 30 02:31:49 Count: 3 of 4
Mar 30 02:31:49 f01234 (1 / 1 tries):
Mar 30 02:31:50 f0421499: 23.308289234176929066 FIL (21G free)
Mar 30 02:31:50 Escrow: 0.999999997255 FIL
Mar 30 02:31:50 Locked: 0.33284941244 FIL
Mar 30 02:31:50 Datacap: 3195053015040
Mar 30 02:31:51 ....
Mar 30 02:31:52 Count: 3 of 4
Mar 30 02:31:52 f08399 (1 / 1 tries):
Mar 30 02:31:52 f0421499: 23.308289234176929066 FIL (21G free)
Mar 30 02:31:53 Escrow: 0.999999997255 FIL
Mar 30 02:31:53 Locked: 0.33284941244 FIL
Mar 30 02:31:53 Datacap: 3195053015040
Mar 30 02:31:53 ....
Mar 30 02:31:54 Count: 3 of 4
Mar 30 02:31:54 f01277 (1 / 1 tries):
Mar 30 02:31:55 Skipping f01277: min-ask
Mar 30 02:31:55 
Mar 30 02:31:56 Count: 3 of 4
Mar 30 02:31:56 f01247 (1 / 1 tries):
Mar 30 02:31:56 f0421499: 23.308289234176929066 FIL (21G free)
Mar 30 02:31:56 Escrow: 0.999999997255 FIL
Mar 30 02:31:56 Locked: 0.33284941244 FIL
Mar 30 02:31:57 Datacap: 3195053015040
Mar 30 02:31:57 ....
Mar 30 02:31:58 Count: 3 of 4
Mar 30 02:31:58 f019100 (1 / 1 tries):
Mar 30 02:31:58 Skipping f019100: error-ask
Mar 30 02:31:58 
Mar 30 02:31:59 Count: 3 of 4
Mar 30 02:31:59 f022142 (1 / 1 tries):
Mar 30 02:31:59 f0421499: 23.308289234176929066 FIL (21G free)
Mar 30 02:31:59 Escrow: 0.999999997255 FIL
Mar 30 02:31:59 Locked: 0.33284941244 FIL
Mar 30 02:32:00 Datacap: 3195053015040
Mar 30 02:32:00 ....
Mar 30 02:32:01 Count: 3 of 4
Mar 30 02:32:01 f021716 (1 / 1 tries):
Mar 30 02:32:01 f0421499: 23.308289234176929066 FIL (21G free)
Mar 30 02:32:01 Escrow: 0.999999997255 FIL
Mar 30 02:32:01 Locked: 0.33284941244 FIL
Mar 30 02:32:02 Datacap: 3195053015040
Mar 30 02:32:02 ....
Mar 30 02:32:03 Count: 3 of 4
Mar 30 02:32:03 f019362 (1 / 1 tries):
Mar 30 02:32:03 f0421499: 23.308289234176929066 FIL (21G free)
Mar 30 02:32:03 Escrow: 0.999999997255 FIL
Mar 30 02:32:03 Locked: 0.33284941244 FIL
Mar 30 02:32:04 Datacap: 3195053015040
Mar 30 02:32:04 ....
Mar 30 02:32:05 Count: 3 of 4
Mar 30 02:32:05 f0145874 (1 / 1 tries):
Mar 30 02:32:06 f0421499: 23.308289234176929066 FIL (21G free)
Mar 30 02:32:06 Escrow: 0.999999997255 FIL
Mar 30 02:32:06 Locked: 0.33284941244 FIL
Mar 30 02:32:06 Datacap: 3195053015040
Mar 30 02:32:07 ....
Mar 30 02:32:08 Count: 3 of 4
Mar 30 02:32:08 f066596 (1 / 1 tries):
Mar 30 02:32:08 f0421499: 23.308289234176929066 FIL (21G free)
Mar 30 02:32:08 Escrow: 0.999999997255 FIL
Mar 30 02:32:08 Locked: 0.33284941244 FIL
Mar 30 02:32:09 Datacap: 3195053015040
Mar 30 02:32:09 ....
Mar 30 02:32:10 Count: 3 of 4
Mar 30 02:32:10 f02576 (1 / 1 tries):
Mar 30 02:32:11 f0421499: 23.308289234176929066 FIL (21G free)
Mar 30 02:32:11 Escrow: 0.999999997255 FIL
Mar 30 02:32:11 Locked: 0.33284941244 FIL
Mar 30 02:32:11 Datacap: 3195053015040
Mar 30 02:32:11 ....
Mar 30 02:32:12 Count: 3 of 4
Mar 30 02:32:12 f01278 (1 / 1 tries):
Mar 30 02:32:12 f0421499: 23.308289234176929066 FIL (21G free)
Mar 30 02:32:12 Escrow: 0.999999997255 FIL
Mar 30 02:32:12 Locked: 0.33284941244 FIL
Mar 30 02:32:13 Datacap: 3195053015040
Mar 30 02:32:13 ....
Mar 30 02:32:14 Count: 3 of 4
Mar 30 02:32:14 f023971 (1 / 1 tries):
Mar 30 02:32:14 f0421499: 23.308289234176929066 FIL (21G free)
Mar 30 02:32:14 Escrow: 0.999999997255 FIL
Mar 30 02:32:14 Locked: 0.33284941244 FIL
Mar 30 02:32:15 Datacap: 3195053015040
Mar 30 02:32:15 ....
Mar 30 02:32:16 Count: 3 of 4
Mar 30 02:32:16 f010617 (1 / 1 tries):
Mar 30 02:32:16 f0421499: 23.308289234176929066 FIL (21G free)
Mar 30 02:32:16 Escrow: 0.999999997255 FIL
Mar 30 02:32:16 Locked: 0.33284941244 FIL
Mar 30 02:32:17 Datacap: 3195053015040
Mar 30 02:32:17 ....
Mar 30 02:32:18 Count: 3 of 4
Mar 30 02:32:18 f07998 (1 / 1 tries):
Mar 30 02:32:18 f0421499: 23.308289234176929066 FIL (21G free)
Mar 30 02:32:18 Escrow: 0.999999997255 FIL
Mar 30 02:32:18 Locked: 0.33284941244 FIL
Mar 30 02:32:19 Datacap: 3195053015040
Mar 30 02:32:19 ....
Mar 30 02:32:20 Count: 3 of 4
Mar 30 02:32:20 f022163 (1 / 1 tries):
Mar 30 02:32:21 f0421499: 23.308289234176929066 FIL (21G free)
Mar 30 02:32:21 Escrow: 0.999999997255 FIL
Mar 30 02:32:21 Locked: 0.33284941244 FIL
Mar 30 02:32:22 Datacap: 3195053015040
Mar 30 02:32:22 ....
Mar 30 02:32:23 Count: 3 of 4
Mar 30 02:32:23 f0157535 (1 / 1 tries):
Mar 30 02:32:23 f0421499: 23.308289234176929066 FIL (21G free)
Mar 30 02:32:23 Escrow: 0.999999997255 FIL
Mar 30 02:32:23 Locked: 0.33284941244 FIL
Mar 30 02:32:24 Datacap: 3195053015040
Mar 30 02:32:24 ....
Mar 30 02:32:25 Count: 3 of 4
Mar 30 02:32:25 f02606 (1 / 1 tries):
Mar 30 02:32:25 f0421499: 23.308289234176929066 FIL (21G free)
Mar 30 02:32:25 Escrow: 0.999999997255 FIL
Mar 30 02:32:25 Locked: 0.33284941244 FIL
Mar 30 02:32:26 Datacap: 3195053015040
Mar 30 02:32:26 ....
Mar 30 02:32:27 Count: 3 of 4
Mar 30 02:32:27 f019104 (1 / 1 tries):
Mar 30 02:32:27 Skipping f019104: error-ask
Mar 30 02:32:27 
Mar 30 02:32:28 Count: 3 of 4
Mar 30 02:32:28 f062353 (1 / 1 tries):
Mar 30 02:32:28 f0421499: 23.308289234176929066 FIL (21G free)
Mar 30 02:32:28 Escrow: 0.999999997255 FIL
Mar 30 02:32:28 Locked: 0.33284941244 FIL
Mar 30 02:32:29 Datacap: 3195053015040
Mar 30 02:32:29 ....
Mar 30 02:32:30 Count: 3 of 4
Mar 30 02:32:30 f058369 (1 / 1 tries):
Mar 30 02:32:30 f0421499: 23.308289234176929066 FIL (21G free)
Mar 30 02:32:31 Escrow: 0.999999997255 FIL
Mar 30 02:32:31 Locked: 0.33284941244 FIL
Mar 30 02:32:31 Datacap: 3195053015040
Mar 30 02:32:31 ....
Mar 30 02:32:32 Count: 3 of 4
Mar 30 02:32:32 f099608 (1 / 1 tries):
Mar 30 02:32:33 f0421499: 23.308289234176929066 FIL (21G free)
Mar 30 02:32:33 Escrow: 0.999999997255 FIL
Mar 30 02:32:33 Locked: 0.33284941244 FIL
Mar 30 02:32:33 Datacap: 3195053015040
Mar 30 02:32:33 ....
Mar 30 02:32:34 Count: 3 of 4
Mar 30 02:32:34 f022352 (1 / 1 tries):
Mar 30 02:32:35 f0421499: 23.308289234176929066 FIL (21G free)
Mar 30 02:32:35 Escrow: 0.999999997255 FIL
Mar 30 02:32:35 Locked: 0.33284941244 FIL
Mar 30 02:32:36 Datacap: 3195053015040
Mar 30 02:32:36 ....
