Mar 30 07:33:47 Count: 3 of 4
Mar 30 07:33:47 f022142 (1 / 1 tries):
Mar 30 07:33:47 f0421499: 23.293832210218907393 FIL (9.7G free)
Mar 30 07:33:47 Escrow: 0.999645757255 FIL
Mar 30 07:33:47 Locked: 0.33249517244 FIL
Mar 30 07:33:47 Datacap: 3160693276672
Mar 30 07:33:47 ....
Mar 30 07:33:48 Count: 3 of 4
Mar 30 07:33:48 f019041 (1 / 1 tries):
Mar 30 07:33:49 f0421499: 23.293832210218907393 FIL (9.7G free)
Mar 30 07:33:49 Escrow: 0.999645757255 FIL
Mar 30 07:33:49 Locked: 0.33249517244 FIL
Mar 30 07:33:50 Datacap: 3160693276672
Mar 30 07:33:50 ....
Mar 30 07:33:51 Count: 3 of 4
Mar 30 07:33:51 f0157535 (1 / 1 tries):
Mar 30 07:33:51 f0421499: 23.293832210218907393 FIL (9.7G free)
Mar 30 07:33:51 Escrow: 0.999645757255 FIL
Mar 30 07:33:51 Locked: 0.33249517244 FIL
Mar 30 07:33:51 Datacap: 3160693276672
Mar 30 07:33:51 ....
Mar 30 07:33:52 Count: 3 of 4
Mar 30 07:33:52 f02576 (1 / 1 tries):
Mar 30 07:33:53 f0421499: 23.293832210218907393 FIL (9.7G free)
Mar 30 07:33:53 Escrow: 0.999645757255 FIL
Mar 30 07:33:53 Locked: 0.33249517244 FIL
Mar 30 07:33:53 Datacap: 3160693276672
Mar 30 07:33:53 ....
Mar 30 07:33:54 Count: 3 of 4
Mar 30 07:33:54 f0127896 (1 / 1 tries):
Mar 30 07:33:55 Skipping f0127896: min-ask
Mar 30 07:33:55 
Mar 30 07:33:56 Count: 3 of 4
Mar 30 07:33:56 f01240 (1 / 1 tries):
Mar 30 07:33:56 f0421499: 23.293832210218907393 FIL (9.7G free)
Mar 30 07:33:57 Escrow: 0.999645757255 FIL
Mar 30 07:33:57 Locked: 0.33249517244 FIL
Mar 30 07:33:57 Datacap: 3160693276672
Mar 30 07:33:57 ....
Mar 30 07:33:58 Count: 3 of 4
Mar 30 07:33:58 f023467 (1 / 1 tries):
Mar 30 07:33:59 f0421499: 23.293832210218907393 FIL (9.7G free)
Mar 30 07:33:59 Escrow: 0.999645757255 FIL
Mar 30 07:33:59 Locked: 0.33249517244 FIL
Mar 30 07:33:59 Datacap: 3160693276672
Mar 30 07:33:59 ....
Mar 30 07:34:00 Count: 3 of 4
Mar 30 07:34:00 f02606 (1 / 1 tries):
Mar 30 07:34:01 f0421499: 23.293832210218907393 FIL (9.7G free)
Mar 30 07:34:02 Escrow: 0.999645757255 FIL
Mar 30 07:34:02 Locked: 0.33249517244 FIL
Mar 30 07:34:02 Datacap: 3160693276672
Mar 30 07:34:02 ....
Mar 30 07:34:04 Count: 3 of 4
Mar 30 07:34:04 f014768 (1 / 1 tries):
Mar 30 07:34:04 f0421499: 23.293832210218907393 FIL (9.7G free)
Mar 30 07:34:04 Escrow: 0.999645757255 FIL
Mar 30 07:34:04 Locked: 0.33249517244 FIL
Mar 30 07:34:05 Datacap: 3160693276672
Mar 30 07:34:05 ....
Mar 30 07:34:06 Count: 3 of 4
Mar 30 07:34:06 f022163 (1 / 1 tries):
Mar 30 07:34:06 f0421499: 23.293832210218907393 FIL (9.7G free)
Mar 30 07:34:06 Escrow: 0.999645757255 FIL
Mar 30 07:34:06 Locked: 0.33249517244 FIL
Mar 30 07:34:07 Datacap: 3160693276672
Mar 30 07:34:07 ....
Mar 30 07:34:08 Count: 3 of 4
Mar 30 07:34:08 f099608 (1 / 1 tries):
Mar 30 07:34:09 f0421499: 23.293832210218907393 FIL (9.7G free)
Mar 30 07:34:09 Escrow: 0.999645757255 FIL
Mar 30 07:34:09 Locked: 0.33249517244 FIL
Mar 30 07:34:10 Datacap: 3160693276672
Mar 30 07:34:10 ....
Mar 30 07:34:11 Count: 3 of 4
Mar 30 07:34:11 f01234 (1 / 1 tries):
Mar 30 07:34:12 f0421499: 23.293832210218907393 FIL (9.7G free)
Mar 30 07:34:12 Escrow: 0.999645757255 FIL
Mar 30 07:34:12 Locked: 0.33249517244 FIL
Mar 30 07:34:12 Datacap: 3160693276672
Mar 30 07:34:12 ....
Mar 30 07:34:13 Count: 3 of 4
Mar 30 07:34:13 f08403 (1 / 1 tries):
Mar 30 07:34:14 f0421499: 23.293832210218907393 FIL (9.7G free)
Mar 30 07:34:14 Escrow: 0.999645757255 FIL
Mar 30 07:34:14 Locked: 0.33249517244 FIL
Mar 30 07:34:14 Datacap: 3160693276672
Mar 30 07:34:15 ....
Mar 30 07:34:16 Count: 3 of 4
Mar 30 07:34:16 f0145874 (1 / 1 tries):
Mar 30 07:34:17 f0421499: 23.293832210218907393 FIL (9.7G free)
Mar 30 07:34:17 Escrow: 0.999645757255 FIL
Mar 30 07:34:17 Locked: 0.33249517244 FIL
Mar 30 07:34:17 Datacap: 3160693276672
Mar 30 07:34:17 ....
Mar 30 07:34:18 Count: 3 of 4
Mar 30 07:34:18 f07998 (1 / 1 tries):
Mar 30 07:34:19 f0421499: 23.293832210218907393 FIL (9.7G free)
Mar 30 07:34:19 Escrow: 0.999645757255 FIL
Mar 30 07:34:19 Locked: 0.33249517244 FIL
Mar 30 07:34:20 Datacap: 3160693276672
Mar 30 07:34:20 ....
Mar 30 07:34:21 Count: 3 of 4
Mar 30 07:34:21 f08399 (1 / 1 tries):
Mar 30 07:34:21 f0421499: 23.293832210218907393 FIL (9.7G free)
Mar 30 07:34:22 Escrow: 0.999645757255 FIL
Mar 30 07:34:22 Locked: 0.33249517244 FIL
Mar 30 07:34:22 Datacap: 3160693276672
Mar 30 07:34:22 ....
Mar 30 07:34:23 Count: 3 of 4
Mar 30 07:34:23 f022352 (1 / 1 tries):
Mar 30 07:34:24 f0421499: 23.293832210218907393 FIL (9.7G free)
Mar 30 07:34:24 Escrow: 0.999645757255 FIL
Mar 30 07:34:24 Locked: 0.33249517244 FIL
Mar 30 07:34:25 Datacap: 3160693276672
Mar 30 07:34:25 ....
Mar 30 07:34:26 Count: 3 of 4
Mar 30 07:34:26 f062353 (1 / 1 tries):
Mar 30 07:34:26 f0421499: 23.293832210218907393 FIL (9.7G free)
Mar 30 07:34:27 Escrow: 0.999645757255 FIL
Mar 30 07:34:27 Locked: 0.33249517244 FIL
Mar 30 07:34:27 Datacap: 3160693276672
Mar 30 07:34:27 ....
Mar 30 07:34:28 Count: 3 of 4
Mar 30 07:34:28 f058369 (1 / 1 tries):
Mar 30 07:34:29 f0421499: 23.293832210218907393 FIL (9.7G free)
Mar 30 07:34:29 Escrow: 0.999645757255 FIL
Mar 30 07:34:29 Locked: 0.33249517244 FIL
Mar 30 07:34:29 Datacap: 3160693276672
Mar 30 07:34:30 ....
Mar 30 07:34:31 Count: 3 of 4
Mar 30 07:34:31 f0165400 (1 / 1 tries):
Mar 30 07:34:32 f0421499: 23.293832210218907393 FIL (9.7G free)
Mar 30 07:34:32 Escrow: 0.999645757255 FIL
Mar 30 07:34:32 Locked: 0.33249517244 FIL
Mar 30 07:34:32 Datacap: 3160693276672
Mar 30 07:34:32 ....
Mar 30 07:34:33 Count: 3 of 4
Mar 30 07:34:33 f019100 (1 / 1 tries):
Mar 30 07:34:34 Skipping f019100: error-ask
Mar 30 07:34:34 
Mar 30 07:34:35 Count: 3 of 4
Mar 30 07:34:35 f014409 (1 / 1 tries):
Mar 30 07:34:35 f0421499: 23.293832210218907393 FIL (9.7G free)
Mar 30 07:34:36 Escrow: 0.999645757255 FIL
Mar 30 07:34:36 Locked: 0.33249517244 FIL
Mar 30 07:34:36 Datacap: 3160693276672
Mar 30 07:34:36 ....
Mar 30 07:34:37 Count: 3 of 4
Mar 30 07:34:37 f01247 (1 / 1 tries):
Mar 30 07:34:38 f0421499: 23.293832210218907393 FIL (9.7G free)
Mar 30 07:34:38 Escrow: 0.999645757255 FIL
Mar 30 07:34:38 Locked: 0.33249517244 FIL
Mar 30 07:34:38 Datacap: 3160693276672
Mar 30 07:34:38 ....
Mar 30 07:34:39 Count: 3 of 4
Mar 30 07:34:39 f01277 (1 / 1 tries):
Mar 30 07:34:40 Skipping f01277: min-ask
Mar 30 07:34:40 
Mar 30 07:34:41 Count: 3 of 4
Mar 30 07:34:41 f010617 (1 / 1 tries):
Mar 30 07:34:42 f0421499: 23.293832210218907393 FIL (9.7G free)
Mar 30 07:34:42 Escrow: 0.999645757255 FIL
Mar 30 07:34:42 Locked: 0.33249517244 FIL
Mar 30 07:34:43 Datacap: 3160693276672
Mar 30 07:34:43 ....
Mar 30 07:34:44 Count: 3 of 4
Mar 30 07:34:44 f023971 (1 / 1 tries):
Mar 30 07:34:44 f0421499: 23.293832210218907393 FIL (9.7G free)
Mar 30 07:34:45 Escrow: 0.999645757255 FIL
Mar 30 07:34:45 Locked: 0.33249517244 FIL
Mar 30 07:34:45 Datacap: 3160693276672
Mar 30 07:34:45 ....
Mar 30 07:34:46 Count: 3 of 4
Mar 30 07:34:46 f021716 (1 / 1 tries):
Mar 30 07:34:47 f0421499: 23.293832210218907393 FIL (9.7G free)
Mar 30 07:34:47 Escrow: 0.999645757255 FIL
Mar 30 07:34:47 Locked: 0.33249517244 FIL
Mar 30 07:34:48 Datacap: 3160693276672
Mar 30 07:34:48 ....
Mar 30 07:34:49 Count: 3 of 4
Mar 30 07:34:49 f019362 (1 / 1 tries):
Mar 30 07:34:50 f0421499: 23.293832210218907393 FIL (9.7G free)
Mar 30 07:34:50 Escrow: 0.999645757255 FIL
Mar 30 07:34:50 Locked: 0.33249517244 FIL
Mar 30 07:34:50 Datacap: 3160693276672
Mar 30 07:34:50 ....
Mar 30 07:34:51 Count: 3 of 4
Mar 30 07:34:51 f01278 (1 / 1 tries):
Mar 30 07:34:52 f0421499: 23.293832210218907393 FIL (9.7G free)
Mar 30 07:34:52 Escrow: 0.999645757255 FIL
Mar 30 07:34:52 Locked: 0.33249517244 FIL
Mar 30 07:34:52 Datacap: 3160693276672
Mar 30 07:34:52 ....
Mar 30 07:34:54 Count: 3 of 4
Mar 30 07:34:54 f010479 (1 / 1 tries):
Mar 30 07:34:54 f0421499: 23.293832210218907393 FIL (9.7G free)
Mar 30 07:34:55 Escrow: 0.999645757255 FIL
Mar 30 07:34:55 Locked: 0.33249517244 FIL
Mar 30 07:34:55 Datacap: 3160693276672
Mar 30 07:34:55 ....
Mar 30 07:34:56 Count: 3 of 4
Mar 30 07:34:56 f015927 (1 / 1 tries):
Mar 30 07:34:57 Skipping f015927: min-ask
Mar 30 07:34:57 
Mar 30 07:34:58 Count: 3 of 4
Mar 30 07:34:58 f019551 (1 / 1 tries):
Mar 30 07:34:58 f0421499: 23.293832210218907393 FIL (9.7G free)
Mar 30 07:34:58 Escrow: 0.999645757255 FIL
Mar 30 07:34:58 Locked: 0.33249517244 FIL
Mar 30 07:34:59 Datacap: 3160693276672
Mar 30 07:34:59 ....
Mar 30 07:35:00 Count: 3 of 4
Mar 30 07:35:00 f066596 (1 / 1 tries):
Mar 30 07:35:01 f0421499: 23.293832210218907393 FIL (9.7G free)
Mar 30 07:35:01 Escrow: 0.999645757255 FIL
Mar 30 07:35:01 Locked: 0.33249517244 FIL
Mar 30 07:35:02 Datacap: 3160693276672
Mar 30 07:35:02 ....
Mar 30 07:35:03 Count: 3 of 4
Mar 30 07:35:03 f071624 (1 / 1 tries):
Mar 30 07:35:03 f0421499: 23.293832210218907393 FIL (9.7G free)
Mar 30 07:35:04 Escrow: 0.999645757255 FIL
Mar 30 07:35:04 Locked: 0.33249517244 FIL
Mar 30 07:35:04 Datacap: 3160693276672
Mar 30 07:35:04 ....
Mar 30 07:35:05 Count: 3 of 4
Mar 30 07:35:05 f019104 (1 / 1 tries):
Mar 30 07:35:05 Skipping f019104: error-ask
Mar 30 07:35:05 
Mar 30 07:35:06 Count: 3 of 4
Mar 30 07:35:06 f09848 (1 / 1 tries):
Mar 30 07:35:07 f0421499: 23.293832210218907393 FIL (9.7G free)
Mar 30 07:35:07 Escrow: 0.999645757255 FIL
Mar 30 07:35:07 Locked: 0.33249517244 FIL
Mar 30 07:35:08 Datacap: 3160693276672
Mar 30 07:35:08 ....
