Mar 30 05:38:47 Count: 3 of 4
Mar 30 05:38:47 f08403 (1 / 1 tries):
Mar 30 05:38:48 f0421499: 23.293832210218907393 FIL (10G free)
Mar 30 05:38:48 Escrow: 0.999645757255 FIL
Mar 30 05:38:48 Locked: 0.33249517244 FIL
Mar 30 05:38:48 Datacap: 3160693276672
Mar 30 05:38:49 ....
Mar 30 05:38:50 Count: 3 of 4
Mar 30 05:38:50 f0165400 (1 / 1 tries):
Mar 30 05:38:50 f0421499: 23.293832210218907393 FIL (10G free)
Mar 30 05:38:51 Escrow: 0.999645757255 FIL
Mar 30 05:38:51 Locked: 0.33249517244 FIL
Mar 30 05:38:51 Datacap: 3160693276672
Mar 30 05:38:51 ....
Mar 30 05:38:52 Count: 3 of 4
Mar 30 05:38:52 f019100 (1 / 1 tries):
Mar 30 05:38:53 Skipping f019100: error-ask
Mar 30 05:38:53 
Mar 30 05:38:54 Count: 3 of 4
Mar 30 05:38:54 f0145874 (1 / 1 tries):
Mar 30 05:38:55 f0421499: 23.293832210218907393 FIL (10G free)
Mar 30 05:38:55 Escrow: 0.999645757255 FIL
Mar 30 05:38:55 Locked: 0.33249517244 FIL
Mar 30 05:38:55 Datacap: 3160693276672
Mar 30 05:38:56 ....
Mar 30 05:38:57 Count: 3 of 4
Mar 30 05:38:57 f01278 (1 / 1 tries):
Mar 30 05:38:57 f0421499: 23.293832210218907393 FIL (10G free)
Mar 30 05:38:57 Escrow: 0.999645757255 FIL
Mar 30 05:38:57 Locked: 0.33249517244 FIL
Mar 30 05:38:58 Datacap: 3160693276672
Mar 30 05:38:58 ....
Mar 30 05:38:59 Count: 3 of 4
Mar 30 05:38:59 f01234 (1 / 1 tries):
Mar 30 05:38:59 f0421499: 23.293832210218907393 FIL (10G free)
Mar 30 05:39:00 Escrow: 0.999645757255 FIL
Mar 30 05:39:00 Locked: 0.33249517244 FIL
Mar 30 05:39:00 Datacap: 3160693276672
Mar 30 05:39:00 ....
Mar 30 05:39:01 Count: 3 of 4
Mar 30 05:39:01 f0127896 (1 / 1 tries):
Mar 30 05:39:02 Skipping f0127896: min-ask
Mar 30 05:39:02 
Mar 30 05:39:03 Count: 3 of 4
Mar 30 05:39:03 f021716 (1 / 1 tries):
Mar 30 05:39:03 f0421499: 23.293832210218907393 FIL (10G free)
Mar 30 05:39:03 Escrow: 0.999645757255 FIL
Mar 30 05:39:03 Locked: 0.33249517244 FIL
Mar 30 05:39:04 Datacap: 3160693276672
Mar 30 05:39:04 ....
Mar 30 05:39:05 Count: 3 of 4
Mar 30 05:39:05 f019041 (1 / 1 tries):
Mar 30 05:39:06 f0421499: 23.293832210218907393 FIL (10G free)
Mar 30 05:39:06 Escrow: 0.999645757255 FIL
Mar 30 05:39:06 Locked: 0.33249517244 FIL
Mar 30 05:39:06 Datacap: 3160693276672
Mar 30 05:39:06 ....
Mar 30 05:39:07 Count: 3 of 4
Mar 30 05:39:07 f071624 (1 / 1 tries):
Mar 30 05:39:08 f0421499: 23.293832210218907393 FIL (10G free)
Mar 30 05:39:09 Escrow: 0.999645757255 FIL
Mar 30 05:39:09 Locked: 0.33249517244 FIL
Mar 30 05:39:09 Datacap: 3160693276672
Mar 30 05:39:09 ....
Mar 30 05:39:10 Count: 3 of 4
Mar 30 05:39:10 f019551 (1 / 1 tries):
Mar 30 05:39:11 f0421499: 23.293832210218907393 FIL (10G free)
Mar 30 05:39:11 Escrow: 0.999645757255 FIL
Mar 30 05:39:11 Locked: 0.33249517244 FIL
Mar 30 05:39:11 Datacap: 3160693276672
Mar 30 05:39:12 ....
Mar 30 05:39:13 Count: 3 of 4
Mar 30 05:39:13 f0157535 (1 / 1 tries):
Mar 30 05:39:13 f0421499: 23.293832210218907393 FIL (10G free)
Mar 30 05:39:14 Escrow: 0.999645757255 FIL
Mar 30 05:39:14 Locked: 0.33249517244 FIL
Mar 30 05:39:14 Datacap: 3160693276672
Mar 30 05:39:15 ....
Mar 30 05:39:16 Count: 3 of 4
Mar 30 05:39:16 f019362 (1 / 1 tries):
Mar 30 05:39:16 f0421499: 23.293832210218907393 FIL (10G free)
Mar 30 05:39:16 Escrow: 0.999645757255 FIL
Mar 30 05:39:16 Locked: 0.33249517244 FIL
Mar 30 05:39:17 Datacap: 3160693276672
Mar 30 05:39:17 ....
Mar 30 05:39:18 Count: 3 of 4
Mar 30 05:39:18 f062353 (1 / 1 tries):
Mar 30 05:39:19 f0421499: 23.293832210218907393 FIL (10G free)
Mar 30 05:39:19 Escrow: 0.999645757255 FIL
Mar 30 05:39:19 Locked: 0.33249517244 FIL
Mar 30 05:39:19 Datacap: 3160693276672
Mar 30 05:39:20 ....
Mar 30 05:39:21 Count: 3 of 4
Mar 30 05:39:21 f066596 (1 / 1 tries):
Mar 30 05:39:21 f0421499: 23.293832210218907393 FIL (10G free)
Mar 30 05:39:21 Escrow: 0.999645757255 FIL
Mar 30 05:39:21 Locked: 0.33249517244 FIL
Mar 30 05:39:22 Datacap: 3160693276672
Mar 30 05:39:22 ....
Mar 30 05:39:23 Count: 3 of 4
Mar 30 05:39:23 f058369 (1 / 1 tries):
Mar 30 05:39:24 f0421499: 23.293832210218907393 FIL (10G free)
Mar 30 05:39:24 Escrow: 0.999645757255 FIL
Mar 30 05:39:24 Locked: 0.33249517244 FIL
Mar 30 05:39:24 Datacap: 3160693276672
Mar 30 05:39:24 ....
Mar 30 05:39:25 Count: 3 of 4
Mar 30 05:39:25 f09848 (1 / 1 tries):
Mar 30 05:39:26 f0421499: 23.293832210218907393 FIL (10G free)
Mar 30 05:39:26 Escrow: 0.999645757255 FIL
Mar 30 05:39:26 Locked: 0.33249517244 FIL
Mar 30 05:39:27 Datacap: 3160693276672
Mar 30 05:39:27 ....
Mar 30 05:39:28 Count: 3 of 4
Mar 30 05:39:28 f010479 (1 / 1 tries):
Mar 30 05:39:29 f0421499: 23.293832210218907393 FIL (10G free)
Mar 30 05:39:29 Escrow: 0.999645757255 FIL
Mar 30 05:39:29 Locked: 0.33249517244 FIL
Mar 30 05:39:29 Datacap: 3160693276672
Mar 30 05:39:30 ....
Mar 30 05:39:31 Count: 3 of 4
Mar 30 05:39:31 f014768 (1 / 1 tries):
Mar 30 05:39:32 f0421499: 23.293832210218907393 FIL (10G free)
Mar 30 05:39:32 Escrow: 0.999645757255 FIL
Mar 30 05:39:32 Locked: 0.33249517244 FIL
Mar 30 05:39:32 Datacap: 3160693276672
Mar 30 05:39:32 ....
Mar 30 05:39:33 Count: 3 of 4
Mar 30 05:39:33 f07998 (1 / 1 tries):
Mar 30 05:39:34 f0421499: 23.293832210218907393 FIL (10G free)
Mar 30 05:39:34 Escrow: 0.999645757255 FIL
Mar 30 05:39:34 Locked: 0.33249517244 FIL
Mar 30 05:39:35 Datacap: 3160693276672
Mar 30 05:39:35 ....
Mar 30 05:39:36 Count: 3 of 4
Mar 30 05:39:36 f010617 (1 / 1 tries):
Mar 30 05:39:37 f0421499: 23.293832210218907393 FIL (10G free)
Mar 30 05:39:37 Escrow: 0.999645757255 FIL
Mar 30 05:39:37 Locked: 0.33249517244 FIL
Mar 30 05:39:38 Datacap: 3160693276672
Mar 30 05:39:38 ....
Mar 30 05:39:39 Count: 3 of 4
Mar 30 05:39:39 f099608 (1 / 1 tries):
Mar 30 05:39:39 f0421499: 23.293832210218907393 FIL (10G free)
Mar 30 05:39:39 Escrow: 0.999645757255 FIL
Mar 30 05:39:39 Locked: 0.33249517244 FIL
Mar 30 05:39:40 Datacap: 3160693276672
Mar 30 05:39:40 ....
Mar 30 05:39:41 Count: 3 of 4
Mar 30 05:39:41 f022142 (1 / 1 tries):
Mar 30 05:39:42 f0421499: 23.293832210218907393 FIL (10G free)
Mar 30 05:39:42 Escrow: 0.999645757255 FIL
Mar 30 05:39:42 Locked: 0.33249517244 FIL
Mar 30 05:39:42 Datacap: 3160693276672
Mar 30 05:39:42 ....
Mar 30 05:39:43 Count: 3 of 4
Mar 30 05:39:43 f014409 (1 / 1 tries):
Mar 30 05:39:44 f0421499: 23.293832210218907393 FIL (10G free)
Mar 30 05:39:44 Escrow: 0.999645757255 FIL
Mar 30 05:39:44 Locked: 0.33249517244 FIL
Mar 30 05:39:44 Datacap: 3160693276672
Mar 30 05:39:44 ....
Mar 30 05:39:45 Count: 3 of 4
Mar 30 05:39:45 f08399 (1 / 1 tries):
Mar 30 05:39:46 f0421499: 23.293832210218907393 FIL (10G free)
Mar 30 05:39:46 Escrow: 0.999645757255 FIL
Mar 30 05:39:46 Locked: 0.33249517244 FIL
Mar 30 05:39:46 Datacap: 3160693276672
Mar 30 05:39:47 ....
Mar 30 05:39:48 Count: 3 of 4
Mar 30 05:39:48 f022163 (1 / 1 tries):
Mar 30 05:39:48 f0421499: 23.293832210218907393 FIL (10G free)
Mar 30 05:39:48 Escrow: 0.999645757255 FIL
Mar 30 05:39:48 Locked: 0.33249517244 FIL
Mar 30 05:39:48 Datacap: 3160693276672
Mar 30 05:39:49 ....
Mar 30 05:39:50 Count: 3 of 4
Mar 30 05:39:50 f02576 (1 / 1 tries):
Mar 30 05:39:50 f0421499: 23.293832210218907393 FIL (10G free)
Mar 30 05:39:51 Escrow: 0.999645757255 FIL
Mar 30 05:39:51 Locked: 0.33249517244 FIL
Mar 30 05:39:51 Datacap: 3160693276672
Mar 30 05:39:51 ....
Mar 30 05:39:52 Count: 3 of 4
Mar 30 05:39:52 f022352 (1 / 1 tries):
Mar 30 05:39:53 f0421499: 23.293832210218907393 FIL (10G free)
Mar 30 05:39:53 Escrow: 0.999645757255 FIL
Mar 30 05:39:53 Locked: 0.33249517244 FIL
Mar 30 05:39:53 Datacap: 3160693276672
Mar 30 05:39:54 ....
Mar 30 05:39:55 Count: 3 of 4
Mar 30 05:39:55 f023971 (1 / 1 tries):
Mar 30 05:39:55 f0421499: 23.293832210218907393 FIL (10G free)
Mar 30 05:39:56 Escrow: 0.999645757255 FIL
Mar 30 05:39:56 Locked: 0.33249517244 FIL
Mar 30 05:39:56 Datacap: 3160693276672
Mar 30 05:39:56 ....
Mar 30 05:39:58 Count: 3 of 4
Mar 30 05:39:58 f023467 (1 / 1 tries):
Mar 30 05:39:58 f0421499: 23.293832210218907393 FIL (10G free)
Mar 30 05:39:58 Escrow: 0.999645757255 FIL
Mar 30 05:39:58 Locked: 0.33249517244 FIL
Mar 30 05:39:59 Datacap: 3160693276672
Mar 30 05:39:59 ....
Mar 30 05:40:00 Count: 3 of 4
Mar 30 05:40:00 f015927 (1 / 1 tries):
Mar 30 05:40:00 Skipping f015927: min-ask
Mar 30 05:40:00 
Mar 30 05:40:01 Count: 3 of 4
Mar 30 05:40:01 f01240 (1 / 1 tries):
Mar 30 05:40:02 f0421499: 23.293832210218907393 FIL (10G free)
Mar 30 05:40:02 Escrow: 0.999645757255 FIL
Mar 30 05:40:02 Locked: 0.33249517244 FIL
Mar 30 05:40:03 Datacap: 3160693276672
Mar 30 05:40:03 ....
Mar 30 05:40:04 Count: 3 of 4
Mar 30 05:40:04 f02606 (1 / 1 tries):
Mar 30 05:40:05 f0421499: 23.293832210218907393 FIL (10G free)
Mar 30 05:40:05 Escrow: 0.999645757255 FIL
Mar 30 05:40:05 Locked: 0.33249517244 FIL
Mar 30 05:40:05 Datacap: 3160693276672
Mar 30 05:40:05 ....
Mar 30 05:40:06 Count: 3 of 4
Mar 30 05:40:06 f01277 (1 / 1 tries):
Mar 30 05:40:07 Skipping f01277: min-ask
Mar 30 05:40:07 
Mar 30 05:40:08 Count: 3 of 4
Mar 30 05:40:08 f019104 (1 / 1 tries):
Mar 30 05:40:08 Skipping f019104: error-ask
Mar 30 05:40:08 
Mar 30 05:40:09 Count: 3 of 4
Mar 30 05:40:09 f01247 (1 / 1 tries):
Mar 30 05:40:10 f0421499: 23.293832210218907393 FIL (10G free)
Mar 30 05:40:10 Escrow: 0.999645757255 FIL
Mar 30 05:40:10 Locked: 0.33249517244 FIL
Mar 30 05:40:11 Datacap: 3160693276672
Mar 30 05:40:11 ....
