Mar 30 11:03:29 Count: 3 of 4
Mar 30 11:03:29 f01277 (1 / 1 tries):
Mar 30 11:03:29 Skipping f01277: min-ask
Mar 30 11:03:29 
Mar 30 11:03:30 Count: 3 of 4
Mar 30 11:03:30 f019104 (1 / 1 tries):
Mar 30 11:03:31 Skipping f019104: error-ask
Mar 30 11:03:31 
Mar 30 11:03:32 Count: 3 of 4
Mar 30 11:03:32 f0165400 (1 / 1 tries):
Mar 30 11:03:32 f0421499: 23.293832210218907393 FIL (9.1G free)
Mar 30 11:03:32 Escrow: 0.999645757255 FIL
Mar 30 11:03:32 Locked: 0.33249517244 FIL
Mar 30 11:03:33 Datacap: 3160693276672
Mar 30 11:03:33 ....
Mar 30 11:03:34 Count: 3 of 4
Mar 30 11:03:34 f010479 (1 / 1 tries):
Mar 30 11:03:35 f0421499: 23.293832210218907393 FIL (9.1G free)
Mar 30 11:03:35 Escrow: 0.999645757255 FIL
Mar 30 11:03:35 Locked: 0.33249517244 FIL
Mar 30 11:03:35 Datacap: 3160693276672
Mar 30 11:03:36 ....
Mar 30 11:03:37 Count: 3 of 4
Mar 30 11:03:37 f0157535 (1 / 1 tries):
Mar 30 11:03:37 f0421499: 23.293832210218907393 FIL (9.1G free)
Mar 30 11:03:37 Escrow: 0.999645757255 FIL
Mar 30 11:03:37 Locked: 0.33249517244 FIL
Mar 30 11:03:38 Datacap: 3160693276672
Mar 30 11:03:38 ....
Mar 30 11:03:39 Count: 3 of 4
Mar 30 11:03:39 f022163 (1 / 1 tries):
Mar 30 11:03:40 f0421499: 23.293832210218907393 FIL (9.1G free)
Mar 30 11:03:40 Escrow: 0.999645757255 FIL
Mar 30 11:03:40 Locked: 0.33249517244 FIL
Mar 30 11:03:40 Datacap: 3160693276672
Mar 30 11:03:41 ....
Mar 30 11:03:42 Count: 3 of 4
Mar 30 11:03:42 f01278 (1 / 1 tries):
Mar 30 11:03:42 f0421499: 23.293832210218907393 FIL (9.1G free)
Mar 30 11:03:42 Escrow: 0.999645757255 FIL
Mar 30 11:03:42 Locked: 0.33249517244 FIL
Mar 30 11:03:43 Datacap: 3160693276672
Mar 30 11:03:43 ....
Mar 30 11:03:44 Count: 3 of 4
Mar 30 11:03:44 f08399 (1 / 1 tries):
Mar 30 11:03:44 f0421499: 23.293832210218907393 FIL (9.1G free)
Mar 30 11:03:45 Escrow: 0.999645757255 FIL
Mar 30 11:03:45 Locked: 0.33249517244 FIL
Mar 30 11:03:45 Datacap: 3160693276672
Mar 30 11:03:45 ....
Mar 30 11:03:46 Count: 3 of 4
Mar 30 11:03:46 f010617 (1 / 1 tries):
Mar 30 11:03:47 f0421499: 23.293832210218907393 FIL (9.1G free)
Mar 30 11:03:47 Escrow: 0.999645757255 FIL
Mar 30 11:03:47 Locked: 0.33249517244 FIL
Mar 30 11:03:48 Datacap: 3160693276672
Mar 30 11:03:48 ....
Mar 30 11:03:49 Count: 3 of 4
Mar 30 11:03:49 f0145874 (1 / 1 tries):
Mar 30 11:03:49 f0421499: 23.293832210218907393 FIL (9.1G free)
Mar 30 11:03:49 Escrow: 0.999645757255 FIL
Mar 30 11:03:49 Locked: 0.33249517244 FIL
Mar 30 11:03:50 Datacap: 3160693276672
Mar 30 11:03:50 ....
Mar 30 11:03:51 Count: 3 of 4
Mar 30 11:03:51 f01247 (1 / 1 tries):
Mar 30 11:03:52 f0421499: 23.293832210218907393 FIL (9.1G free)
Mar 30 11:03:53 Escrow: 0.999645757255 FIL
Mar 30 11:03:53 Locked: 0.33249517244 FIL
Mar 30 11:03:53 Datacap: 3160693276672
Mar 30 11:03:53 ....
Mar 30 11:03:54 Count: 3 of 4
Mar 30 11:03:54 f023971 (1 / 1 tries):
Mar 30 11:03:55 f0421499: 23.293832210218907393 FIL (9.1G free)
Mar 30 11:03:55 Escrow: 0.999645757255 FIL
Mar 30 11:03:55 Locked: 0.33249517244 FIL
Mar 30 11:03:55 Datacap: 3160693276672
Mar 30 11:03:55 ....
Mar 30 11:03:56 Count: 3 of 4
Mar 30 11:03:56 f019551 (1 / 1 tries):
Mar 30 11:03:57 f0421499: 23.293832210218907393 FIL (9.1G free)
Mar 30 11:03:58 Escrow: 0.999645757255 FIL
Mar 30 11:03:58 Locked: 0.33249517244 FIL
Mar 30 11:03:58 Datacap: 3160693276672
Mar 30 11:03:58 ....
Mar 30 11:03:59 Count: 3 of 4
Mar 30 11:03:59 f071624 (1 / 1 tries):
Mar 30 11:04:00 f0421499: 23.293832210218907393 FIL (9.1G free)
Mar 30 11:04:00 Escrow: 0.999645757255 FIL
Mar 30 11:04:00 Locked: 0.33249517244 FIL
Mar 30 11:04:01 Datacap: 3160693276672
Mar 30 11:04:01 ....
Mar 30 11:04:02 Count: 3 of 4
Mar 30 11:04:02 f02606 (1 / 1 tries):
Mar 30 11:04:02 f0421499: 23.293832210218907393 FIL (9.1G free)
Mar 30 11:04:03 Escrow: 0.999645757255 FIL
Mar 30 11:04:03 Locked: 0.33249517244 FIL
Mar 30 11:04:03 Datacap: 3160693276672
Mar 30 11:04:03 ....
Mar 30 11:04:04 Count: 3 of 4
Mar 30 11:04:04 f014768 (1 / 1 tries):
Mar 30 11:04:05 f0421499: 23.293832210218907393 FIL (9.1G free)
Mar 30 11:04:05 Escrow: 0.999645757255 FIL
Mar 30 11:04:05 Locked: 0.33249517244 FIL
Mar 30 11:04:06 Datacap: 3160693276672
Mar 30 11:04:06 ....
Mar 30 11:04:07 Count: 3 of 4
Mar 30 11:04:07 f058369 (1 / 1 tries):
Mar 30 11:04:07 f0421499: 23.293832210218907393 FIL (9.1G free)
Mar 30 11:04:07 Escrow: 0.999645757255 FIL
Mar 30 11:04:07 Locked: 0.33249517244 FIL
Mar 30 11:04:08 Datacap: 3160693276672
Mar 30 11:04:08 ....
Mar 30 11:04:09 Count: 3 of 4
Mar 30 11:04:09 f019362 (1 / 1 tries):
Mar 30 11:04:09 f0421499: 23.293832210218907393 FIL (9.1G free)
Mar 30 11:04:10 Escrow: 0.999645757255 FIL
Mar 30 11:04:10 Locked: 0.33249517244 FIL
Mar 30 11:04:10 Datacap: 3160693276672
Mar 30 11:04:11 ....
Mar 30 11:04:12 Count: 3 of 4
Mar 30 11:04:12 f01234 (1 / 1 tries):
Mar 30 11:04:12 f0421499: 23.293832210218907393 FIL (9.1G free)
Mar 30 11:04:12 Escrow: 0.999645757255 FIL
Mar 30 11:04:12 Locked: 0.33249517244 FIL
Mar 30 11:04:13 Datacap: 3160693276672
Mar 30 11:04:13 ....
Mar 30 11:04:14 Count: 3 of 4
Mar 30 11:04:14 f0127896 (1 / 1 tries):
Mar 30 11:04:14 Skipping f0127896: min-ask
Mar 30 11:04:14 
Mar 30 11:04:15 Count: 3 of 4
Mar 30 11:04:15 f014409 (1 / 1 tries):
Mar 30 11:04:15 f0421499: 23.293832210218907393 FIL (9.1G free)
Mar 30 11:04:16 Escrow: 0.999645757255 FIL
Mar 30 11:04:16 Locked: 0.33249517244 FIL
Mar 30 11:04:16 Datacap: 3160693276672
Mar 30 11:04:16 ....
Mar 30 11:04:17 Count: 3 of 4
Mar 30 11:04:17 f019041 (1 / 1 tries):
Mar 30 11:04:18 f0421499: 23.293832210218907393 FIL (9.1G free)
Mar 30 11:04:18 Escrow: 0.999645757255 FIL
Mar 30 11:04:18 Locked: 0.33249517244 FIL
Mar 30 11:04:18 Datacap: 3160693276672
Mar 30 11:04:19 ....
Mar 30 11:04:20 Count: 3 of 4
Mar 30 11:04:20 f019100 (1 / 1 tries):
Mar 30 11:04:20 Skipping f019100: error-ask
Mar 30 11:04:20 
Mar 30 11:04:21 Count: 3 of 4
Mar 30 11:04:21 f09848 (1 / 1 tries):
Mar 30 11:04:21 f0421499: 23.293832210218907393 FIL (9.1G free)
Mar 30 11:04:21 Escrow: 0.999645757255 FIL
Mar 30 11:04:21 Locked: 0.33249517244 FIL
Mar 30 11:04:22 Datacap: 3160693276672
Mar 30 11:04:22 ....
Mar 30 11:04:23 Count: 3 of 4
Mar 30 11:04:23 f015927 (1 / 1 tries):
Mar 30 11:04:23 Skipping f015927: min-ask
Mar 30 11:04:23 
Mar 30 11:04:24 Count: 3 of 4
Mar 30 11:04:24 f022142 (1 / 1 tries):
Mar 30 11:04:25 f0421499: 23.293832210218907393 FIL (9.1G free)
Mar 30 11:04:25 Escrow: 0.999645757255 FIL
Mar 30 11:04:25 Locked: 0.33249517244 FIL
Mar 30 11:04:25 Datacap: 3160693276672
Mar 30 11:04:25 ....
Mar 30 11:04:26 Count: 3 of 4
Mar 30 11:04:26 f062353 (1 / 1 tries):
Mar 30 11:04:27 f0421499: 23.293832210218907393 FIL (9.1G free)
Mar 30 11:04:27 Escrow: 0.999645757255 FIL
Mar 30 11:04:27 Locked: 0.33249517244 FIL
Mar 30 11:04:28 Datacap: 3160693276672
Mar 30 11:04:28 ....
Mar 30 11:04:29 Count: 3 of 4
Mar 30 11:04:29 f021716 (1 / 1 tries):
Mar 30 11:04:29 f0421499: 23.293832210218907393 FIL (9.1G free)
Mar 30 11:04:30 Escrow: 0.999645757255 FIL
Mar 30 11:04:30 Locked: 0.33249517244 FIL
Mar 30 11:04:30 Datacap: 3160693276672
Mar 30 11:04:30 ....
Mar 30 11:04:31 Count: 3 of 4
Mar 30 11:04:31 f023467 (1 / 1 tries):
Mar 30 11:04:32 f0421499: 23.293832210218907393 FIL (9.1G free)
Mar 30 11:04:32 Escrow: 0.999645757255 FIL
Mar 30 11:04:32 Locked: 0.33249517244 FIL
Mar 30 11:04:32 Datacap: 3160693276672
Mar 30 11:04:33 ....
Mar 30 11:04:34 Count: 3 of 4
Mar 30 11:04:34 f066596 (1 / 1 tries):
Mar 30 11:04:35 f0421499: 23.293832210218907393 FIL (9.1G free)
Mar 30 11:04:35 Escrow: 0.999645757255 FIL
Mar 30 11:04:35 Locked: 0.33249517244 FIL
Mar 30 11:04:35 Datacap: 3160693276672
Mar 30 11:04:35 ....
Mar 30 11:04:36 Count: 3 of 4
Mar 30 11:04:36 f022352 (1 / 1 tries):
Mar 30 11:04:37 f0421499: 23.293832210218907393 FIL (9.1G free)
Mar 30 11:04:37 Escrow: 0.999645757255 FIL
Mar 30 11:04:37 Locked: 0.33249517244 FIL
Mar 30 11:04:37 Datacap: 3160693276672
Mar 30 11:04:37 ....
Mar 30 11:04:38 Count: 3 of 4
Mar 30 11:04:38 f02576 (1 / 1 tries):
Mar 30 11:04:39 f0421499: 23.293832210218907393 FIL (9.1G free)
Mar 30 11:04:39 Escrow: 0.999645757255 FIL
Mar 30 11:04:39 Locked: 0.33249517244 FIL
Mar 30 11:04:40 Datacap: 3160693276672
Mar 30 11:04:40 ....
Mar 30 11:04:41 Count: 3 of 4
Mar 30 11:04:41 f07998 (1 / 1 tries):
Mar 30 11:04:41 f0421499: 23.293832210218907393 FIL (9.1G free)
Mar 30 11:04:42 Escrow: 0.999645757255 FIL
Mar 30 11:04:42 Locked: 0.33249517244 FIL
Mar 30 11:04:42 Datacap: 3160693276672
Mar 30 11:04:42 ....
Mar 30 11:04:43 Count: 3 of 4
Mar 30 11:04:43 f099608 (1 / 1 tries):
Mar 30 11:04:44 f0421499: 23.293832210218907393 FIL (9.1G free)
Mar 30 11:04:44 Escrow: 0.999645757255 FIL
Mar 30 11:04:44 Locked: 0.33249517244 FIL
Mar 30 11:04:45 Datacap: 3160693276672
Mar 30 11:04:45 ....
Mar 30 11:04:46 Count: 3 of 4
Mar 30 11:04:46 f08403 (1 / 1 tries):
Mar 30 11:04:46 f0421499: 23.293832210218907393 FIL (9.1G free)
Mar 30 11:04:47 Escrow: 0.999645757255 FIL
Mar 30 11:04:47 Locked: 0.33249517244 FIL
Mar 30 11:04:47 Datacap: 3160693276672
Mar 30 11:04:47 ....
Mar 30 11:04:48 Count: 3 of 4
Mar 30 11:04:48 f01240 (1 / 1 tries):
Mar 30 11:04:49 f0421499: 23.293832210218907393 FIL (9.1G free)
Mar 30 11:04:49 Escrow: 0.999645757255 FIL
Mar 30 11:04:49 Locked: 0.33249517244 FIL
Mar 30 11:04:49 Datacap: 3160693276672
Mar 30 11:04:49 ....
