Mar 29 22:12:45 Count: 3 of 4
Mar 29 22:12:45 f071624 (1 / 1 tries):
Mar 29 22:12:45 f0421499: 23.314620634215091005 FIL (107G free)
Mar 29 22:12:45 Escrow: 0.999999997255 FIL
Mar 29 22:12:45 Locked: 0.33251649052 FIL
Mar 29 22:12:45 Datacap: 4191485427712
Mar 29 22:12:45 ....
Mar 29 22:12:46 Count: 3 of 4
Mar 29 22:12:46 f019104 (1 / 1 tries):
Mar 29 22:12:47 f0421499: 23.314620634215091005 FIL (107G free)
Mar 29 22:12:47 Escrow: 0.999999997255 FIL
Mar 29 22:12:47 Locked: 0.33251649052 FIL
Mar 29 22:12:47 Datacap: 4191485427712
Mar 29 22:12:47 ....
Mar 29 22:12:48 Count: 3 of 4
Mar 29 22:12:48 f01277 (1 / 1 tries):
Mar 29 22:12:49 Skipping f01277: min-ask
Mar 29 22:12:49 
Mar 29 22:12:50 Count: 3 of 4
Mar 29 22:12:50 f0165400 (1 / 1 tries):
Mar 29 22:12:50 f0421499: 23.314620634215091005 FIL (107G free)
Mar 29 22:12:50 Escrow: 0.999999997255 FIL
Mar 29 22:12:50 Locked: 0.33251649052 FIL
Mar 29 22:12:51 Datacap: 4191485427712
Mar 29 22:12:51 ....
Mar 29 22:12:52 Count: 3 of 4
Mar 29 22:12:52 f014768 (1 / 1 tries):
Mar 29 22:12:52 f0421499: 23.314620634215091005 FIL (107G free)
Mar 29 22:12:52 Escrow: 0.999999997255 FIL
Mar 29 22:12:52 Locked: 0.33251649052 FIL
Mar 29 22:12:52 Datacap: 4191485427712
Mar 29 22:12:52 ....
Mar 29 22:12:53 Count: 3 of 4
Mar 29 22:12:53 f019041 (1 / 1 tries):
Mar 29 22:12:54 f0421499: 23.314620634215091005 FIL (106G free)
Mar 29 22:12:54 Escrow: 0.999999997255 FIL
Mar 29 22:12:54 Locked: 0.33251649052 FIL
Mar 29 22:12:54 Datacap: 4191485427712
Mar 29 22:12:54 ....
Mar 29 22:12:55 Count: 3 of 4
Mar 29 22:12:55 f062353 (1 / 1 tries):
Mar 29 22:12:56 f0421499: 23.314620634215091005 FIL (106G free)
Mar 29 22:12:56 Escrow: 0.999999997255 FIL
Mar 29 22:12:56 Locked: 0.33251649052 FIL
Mar 29 22:12:56 Datacap: 4191485427712
Mar 29 22:12:56 ....
Mar 29 22:12:57 Count: 3 of 4
Mar 29 22:12:57 f066596 (1 / 1 tries):
Mar 29 22:12:57 f0421499: 23.314620634215091005 FIL (106G free)
Mar 29 22:12:58 Escrow: 0.999999997255 FIL
Mar 29 22:12:58 Locked: 0.33251649052 FIL
Mar 29 22:12:58 Datacap: 4191485427712
Mar 29 22:12:58 ....
Mar 29 22:12:59 Count: 3 of 4
Mar 29 22:12:59 f08399 (1 / 1 tries):
Mar 29 22:12:59 f0421499: 23.314620634215091005 FIL (106G free)
Mar 29 22:12:59 Escrow: 0.999999997255 FIL
Mar 29 22:12:59 Locked: 0.33251649052 FIL
Mar 29 22:13:00 Datacap: 4191485427712
Mar 29 22:13:00 ....
Mar 29 22:13:01 Count: 3 of 4
Mar 29 22:13:01 f07998 (1 / 1 tries):
Mar 29 22:13:01 f0421499: 23.314620634215091005 FIL (106G free)
Mar 29 22:13:01 Escrow: 0.999999997255 FIL
Mar 29 22:13:01 Locked: 0.33251649052 FIL
Mar 29 22:13:02 Datacap: 4191485427712
Mar 29 22:13:02 ....
Mar 29 22:13:03 Count: 3 of 4
Mar 29 22:13:03 f022352 (1 / 1 tries):
Mar 29 22:13:04 f0421499: 23.314620634215091005 FIL (106G free)
Mar 29 22:13:04 Escrow: 0.999999997255 FIL
Mar 29 22:13:04 Locked: 0.33251649052 FIL
Mar 29 22:13:04 Datacap: 4191485427712
Mar 29 22:13:05 ....
Mar 29 22:13:06 Count: 3 of 4
Mar 29 22:13:06 f010479 (1 / 1 tries):
Mar 29 22:13:06 f0421499: 23.314620634215091005 FIL (106G free)
Mar 29 22:13:06 Escrow: 0.999999997255 FIL
Mar 29 22:13:06 Locked: 0.33251649052 FIL
Mar 29 22:13:07 Datacap: 4191485427712
Mar 29 22:13:07 ....
Mar 29 22:13:08 Count: 3 of 4
Mar 29 22:13:08 f01240 (1 / 1 tries):
Mar 29 22:13:08 f0421499: 23.314620634215091005 FIL (106G free)
Mar 29 22:13:08 Escrow: 0.999999997255 FIL
Mar 29 22:13:08 Locked: 0.33251649052 FIL
Mar 29 22:13:09 Datacap: 4191485427712
Mar 29 22:13:09 ....
Mar 29 22:13:10 Count: 3 of 4
Mar 29 22:13:10 f019100 (1 / 1 tries):
Mar 29 22:13:10 Skipping f019100: error-ask
Mar 29 22:13:10 
Mar 29 22:13:11 Count: 3 of 4
Mar 29 22:13:11 f022142 (1 / 1 tries):
Mar 29 22:13:11 f0421499: 23.314620634215091005 FIL (106G free)
Mar 29 22:13:11 Escrow: 0.999999997255 FIL
Mar 29 22:13:11 Locked: 0.33251649052 FIL
Mar 29 22:13:12 Datacap: 4191485427712
Mar 29 22:13:12 ....
Mar 29 22:13:13 Count: 3 of 4
Mar 29 22:13:13 f01278 (1 / 1 tries):
Mar 29 22:13:13 f0421499: 23.314620634215091005 FIL (106G free)
Mar 29 22:13:13 Escrow: 0.999999997255 FIL
Mar 29 22:13:13 Locked: 0.33251649052 FIL
Mar 29 22:13:14 Datacap: 4191485427712
Mar 29 22:13:14 ....
Mar 29 22:13:15 Count: 3 of 4
Mar 29 22:13:15 f01247 (1 / 1 tries):
Mar 29 22:13:15 f0421499: 23.314620634215091005 FIL (106G free)
Mar 29 22:13:15 Escrow: 0.999999997255 FIL
Mar 29 22:13:15 Locked: 0.33251649052 FIL
Mar 29 22:13:15 Datacap: 4191485427712
Mar 29 22:13:15 ....
Mar 29 22:13:16 Count: 3 of 4
Mar 29 22:13:16 f09848 (1 / 1 tries):
Mar 29 22:13:17 f0421499: 23.314620634215091005 FIL (105G free)
Mar 29 22:13:17 Escrow: 0.999999997255 FIL
Mar 29 22:13:17 Locked: 0.33251649052 FIL
Mar 29 22:13:17 Datacap: 4191485427712
Mar 29 22:13:17 ....
Mar 29 22:13:18 Count: 3 of 4
Mar 29 22:13:18 f021716 (1 / 1 tries):
Mar 29 22:13:19 f0421499: 23.314620634215091005 FIL (105G free)
Mar 29 22:13:19 Escrow: 0.999999997255 FIL
Mar 29 22:13:19 Locked: 0.33251649052 FIL
Mar 29 22:13:19 Datacap: 4191485427712
Mar 29 22:13:19 ....
Mar 29 22:13:20 Count: 3 of 4
Mar 29 22:13:20 f058369 (1 / 1 tries):
Mar 29 22:13:20 f0421499: 23.314620634215091005 FIL (105G free)
Mar 29 22:13:21 Escrow: 0.999999997255 FIL
Mar 29 22:13:21 Locked: 0.33251649052 FIL
Mar 29 22:13:21 Datacap: 4191485427712
Mar 29 22:13:21 ....
Mar 29 22:13:22 Count: 3 of 4
Mar 29 22:13:22 f02606 (1 / 1 tries):
Mar 29 22:13:22 f0421499: 23.314620634215091005 FIL (105G free)
Mar 29 22:13:22 Escrow: 0.999999997255 FIL
Mar 29 22:13:22 Locked: 0.33251649052 FIL
Mar 29 22:13:23 Datacap: 4191485427712
Mar 29 22:13:23 ....
Mar 29 22:13:24 Count: 3 of 4
Mar 29 22:13:24 f023467 (1 / 1 tries):
Mar 29 22:13:24 f0421499: 23.314620634215091005 FIL (105G free)
Mar 29 22:13:24 Escrow: 0.999999997255 FIL
Mar 29 22:13:24 Locked: 0.33251649052 FIL
Mar 29 22:13:24 Datacap: 4191485427712
Mar 29 22:13:25 ....
Mar 29 22:13:26 Count: 3 of 4
Mar 29 22:13:26 f0127896 (1 / 1 tries):
Mar 29 22:13:26 Skipping f0127896: min-ask
Mar 29 22:13:26 
Mar 29 22:13:27 Count: 3 of 4
Mar 29 22:13:27 f014409 (1 / 1 tries):
Mar 29 22:13:27 f0421499: 23.314620634215091005 FIL (105G free)
Mar 29 22:13:27 Escrow: 0.999999997255 FIL
Mar 29 22:13:27 Locked: 0.33251649052 FIL
Mar 29 22:13:28 Datacap: 4191485427712
Mar 29 22:13:28 ....
Mar 29 22:13:29 Count: 3 of 4
Mar 29 22:13:29 f01234 (1 / 1 tries):
Mar 29 22:13:29 f0421499: 23.314620634215091005 FIL (105G free)
Mar 29 22:13:29 Escrow: 0.999999997255 FIL
Mar 29 22:13:29 Locked: 0.33251649052 FIL
Mar 29 22:13:30 Datacap: 4191485427712
Mar 29 22:13:30 ....
Mar 29 22:13:31 Count: 3 of 4
Mar 29 22:13:31 f02576 (1 / 1 tries):
Mar 29 22:13:31 f0421499: 23.314620634215091005 FIL (105G free)
Mar 29 22:13:31 Escrow: 0.999999997255 FIL
Mar 29 22:13:31 Locked: 0.33251649052 FIL
Mar 29 22:13:31 Datacap: 4191485427712
Mar 29 22:13:31 ....
Mar 29 22:13:32 Count: 3 of 4
Mar 29 22:13:32 f08403 (1 / 1 tries):
Mar 29 22:13:33 f0421499: 23.314620634215091005 FIL (105G free)
Mar 29 22:13:33 Escrow: 0.999999997255 FIL
Mar 29 22:13:33 Locked: 0.33251649052 FIL
Mar 29 22:13:33 Datacap: 4191485427712
Mar 29 22:13:33 ....
Mar 29 22:13:34 Count: 3 of 4
Mar 29 22:13:34 f010617 (1 / 1 tries):
Mar 29 22:13:35 f0421499: 23.314620634215091005 FIL (105G free)
Mar 29 22:13:35 Escrow: 0.999999997255 FIL
Mar 29 22:13:35 Locked: 0.33251649052 FIL
Mar 29 22:13:35 Datacap: 4191485427712
Mar 29 22:13:35 ....
Mar 29 22:13:36 Count: 3 of 4
Mar 29 22:13:36 f019362 (1 / 1 tries):
Mar 29 22:13:37 f0421499: 23.314620634215091005 FIL (105G free)
Mar 29 22:13:37 Escrow: 0.999999997255 FIL
Mar 29 22:13:37 Locked: 0.33251649052 FIL
Mar 29 22:13:37 Datacap: 4191485427712
Mar 29 22:13:37 ....
Mar 29 22:13:38 Count: 3 of 4
Mar 29 22:13:38 f019551 (1 / 1 tries):
Mar 29 22:13:39 f0421499: 23.314620634215091005 FIL (104G free)
Mar 29 22:13:39 Escrow: 0.999999997255 FIL
Mar 29 22:13:39 Locked: 0.33251649052 FIL
Mar 29 22:13:39 Datacap: 4191485427712
Mar 29 22:13:40 ....
Mar 29 22:13:41 Count: 3 of 4
Mar 29 22:13:41 f0145874 (1 / 1 tries):
Mar 29 22:13:42 f0421499: 23.314620634215091005 FIL (104G free)
Mar 29 22:13:42 Escrow: 0.999999997255 FIL
Mar 29 22:13:42 Locked: 0.33251649052 FIL
Mar 29 22:13:42 Datacap: 4191485427712
Mar 29 22:13:42 ....
Mar 29 22:13:43 Count: 3 of 4
Mar 29 22:13:43 f015927 (1 / 1 tries):
Mar 29 22:13:43 f0421499: 23.314620634215091005 FIL (104G free)
Mar 29 22:13:44 Escrow: 0.999999997255 FIL
Mar 29 22:13:44 Locked: 0.33251649052 FIL
Mar 29 22:13:44 Datacap: 4191485427712
Mar 29 22:13:44 ....
Mar 29 22:13:45 Count: 3 of 4
Mar 29 22:13:45 f022163 (1 / 1 tries):
Mar 29 22:13:45 f0421499: 23.314620634215091005 FIL (104G free)
Mar 29 22:13:45 Escrow: 0.999999997255 FIL
Mar 29 22:13:45 Locked: 0.33251649052 FIL
Mar 29 22:13:46 Datacap: 4191485427712
Mar 29 22:13:46 ....
Mar 29 22:13:47 Count: 3 of 4
Mar 29 22:13:47 f023971 (1 / 1 tries):
Mar 29 22:13:47 f0421499: 23.314620634215091005 FIL (104G free)
Mar 29 22:13:47 Escrow: 0.999999997255 FIL
Mar 29 22:13:47 Locked: 0.33251649052 FIL
Mar 29 22:13:48 Datacap: 4191485427712
Mar 29 22:13:48 ....
Mar 29 22:13:49 Count: 3 of 4
Mar 29 22:13:49 f099608 (1 / 1 tries):
Mar 29 22:13:49 f0421499: 23.314620634215091005 FIL (104G free)
Mar 29 22:13:49 Escrow: 0.999999997255 FIL
Mar 29 22:13:49 Locked: 0.33251649052 FIL
Mar 29 22:13:49 Datacap: 4191485427712
Mar 29 22:13:49 ....
Mar 29 22:13:50 Count: 3 of 4
Mar 29 22:13:50 f0157535 (1 / 1 tries):
Mar 29 22:13:51 f0421499: 23.314620634215091005 FIL (104G free)
Mar 29 22:13:51 Escrow: 0.999999997255 FIL
Mar 29 22:13:51 Locked: 0.33251649052 FIL
Mar 29 22:13:51 Datacap: 4191485427712
Mar 29 22:13:51 ....
