Mar 30 08:08:27 Count: 3 of 4
Mar 30 08:08:27 f021716 (1 / 1 tries):
Mar 30 08:08:27 f0421499: 23.293832210218907393 FIL (9.6G free)
Mar 30 08:08:28 Escrow: 0.999645757255 FIL
Mar 30 08:08:28 Locked: 0.33249517244 FIL
Mar 30 08:08:28 Datacap: 3160693276672
Mar 30 08:08:28 ....
Mar 30 08:08:29 Count: 3 of 4
Mar 30 08:08:29 f066596 (1 / 1 tries):
Mar 30 08:08:30 f0421499: 23.293832210218907393 FIL (9.6G free)
Mar 30 08:08:30 Escrow: 0.999645757255 FIL
Mar 30 08:08:30 Locked: 0.33249517244 FIL
Mar 30 08:08:31 Datacap: 3160693276672
Mar 30 08:08:31 ....
Mar 30 08:08:32 Count: 3 of 4
Mar 30 08:08:32 f022142 (1 / 1 tries):
Mar 30 08:08:33 f0421499: 23.293832210218907393 FIL (9.6G free)
Mar 30 08:08:33 Escrow: 0.999645757255 FIL
Mar 30 08:08:33 Locked: 0.33249517244 FIL
Mar 30 08:08:33 Datacap: 3160693276672
Mar 30 08:08:33 ....
Mar 30 08:08:34 Count: 3 of 4
Mar 30 08:08:34 f0127896 (1 / 1 tries):
Mar 30 08:08:35 Skipping f0127896: min-ask
Mar 30 08:08:35 
Mar 30 08:08:36 Count: 3 of 4
Mar 30 08:08:36 f099608 (1 / 1 tries):
Mar 30 08:08:37 f0421499: 23.293832210218907393 FIL (9.6G free)
Mar 30 08:08:37 Escrow: 0.999645757255 FIL
Mar 30 08:08:37 Locked: 0.33249517244 FIL
Mar 30 08:08:37 Datacap: 3160693276672
Mar 30 08:08:37 ....
Mar 30 08:08:38 Count: 3 of 4
Mar 30 08:08:38 f08403 (1 / 1 tries):
Mar 30 08:08:39 f0421499: 23.293832210218907393 FIL (9.6G free)
Mar 30 08:08:39 Escrow: 0.999645757255 FIL
Mar 30 08:08:39 Locked: 0.33249517244 FIL
Mar 30 08:08:40 Datacap: 3160693276672
Mar 30 08:08:40 ....
Mar 30 08:08:41 Count: 3 of 4
Mar 30 08:08:41 f019100 (1 / 1 tries):
Mar 30 08:08:41 Skipping f019100: error-ask
Mar 30 08:08:41 
Mar 30 08:08:42 Count: 3 of 4
Mar 30 08:08:42 f071624 (1 / 1 tries):
Mar 30 08:08:43 f0421499: 23.293832210218907393 FIL (9.6G free)
Mar 30 08:08:43 Escrow: 0.999645757255 FIL
Mar 30 08:08:43 Locked: 0.33249517244 FIL
Mar 30 08:08:43 Datacap: 3160693276672
Mar 30 08:08:44 ....
Mar 30 08:08:45 Count: 3 of 4
Mar 30 08:08:45 f01247 (1 / 1 tries):
Mar 30 08:08:45 f0421499: 23.293832210218907393 FIL (9.6G free)
Mar 30 08:08:45 Escrow: 0.999645757255 FIL
Mar 30 08:08:45 Locked: 0.33249517244 FIL
Mar 30 08:08:46 Datacap: 3160693276672
Mar 30 08:08:46 ....
Mar 30 08:08:47 Count: 3 of 4
Mar 30 08:08:47 f019551 (1 / 1 tries):
Mar 30 08:08:47 f0421499: 23.293832210218907393 FIL (9.6G free)
Mar 30 08:08:47 Escrow: 0.999645757255 FIL
Mar 30 08:08:47 Locked: 0.33249517244 FIL
Mar 30 08:08:48 Datacap: 3160693276672
Mar 30 08:08:48 ....
Mar 30 08:08:49 Count: 3 of 4
Mar 30 08:08:49 f022163 (1 / 1 tries):
Mar 30 08:08:50 f0421499: 23.293832210218907393 FIL (9.6G free)
Mar 30 08:08:50 Escrow: 0.999645757255 FIL
Mar 30 08:08:50 Locked: 0.33249517244 FIL
Mar 30 08:08:50 Datacap: 3160693276672
Mar 30 08:08:51 ....
Mar 30 08:08:52 Count: 3 of 4
Mar 30 08:08:52 f09848 (1 / 1 tries):
Mar 30 08:08:52 f0421499: 23.293832210218907393 FIL (9.6G free)
Mar 30 08:08:52 Escrow: 0.999645757255 FIL
Mar 30 08:08:52 Locked: 0.33249517244 FIL
Mar 30 08:08:52 Datacap: 3160693276672
Mar 30 08:08:53 ....
Mar 30 08:08:54 Count: 3 of 4
Mar 30 08:08:54 f023971 (1 / 1 tries):
Mar 30 08:08:54 f0421499: 23.293832210218907393 FIL (9.6G free)
Mar 30 08:08:55 Escrow: 0.999645757255 FIL
Mar 30 08:08:55 Locked: 0.33249517244 FIL
Mar 30 08:08:55 Datacap: 3160693276672
Mar 30 08:08:55 ....
Mar 30 08:08:56 Count: 3 of 4
Mar 30 08:08:56 f019362 (1 / 1 tries):
Mar 30 08:08:57 f0421499: 23.293832210218907393 FIL (9.6G free)
Mar 30 08:08:57 Escrow: 0.999645757255 FIL
Mar 30 08:08:57 Locked: 0.33249517244 FIL
Mar 30 08:08:58 Datacap: 3160693276672
Mar 30 08:08:58 ....
Mar 30 08:08:59 Count: 3 of 4
Mar 30 08:08:59 f062353 (1 / 1 tries):
Mar 30 08:08:59 f0421499: 23.293832210218907393 FIL (9.6G free)
Mar 30 08:08:59 Escrow: 0.999645757255 FIL
Mar 30 08:08:59 Locked: 0.33249517244 FIL
Mar 30 08:09:00 Datacap: 3160693276672
Mar 30 08:09:00 ....
Mar 30 08:09:01 Count: 3 of 4
Mar 30 08:09:01 f019104 (1 / 1 tries):
Mar 30 08:09:01 Skipping f019104: error-ask
Mar 30 08:09:01 
Mar 30 08:09:02 Count: 3 of 4
Mar 30 08:09:02 f058369 (1 / 1 tries):
Mar 30 08:09:03 f0421499: 23.293832210218907393 FIL (9.6G free)
Mar 30 08:09:03 Escrow: 0.999645757255 FIL
Mar 30 08:09:03 Locked: 0.33249517244 FIL
Mar 30 08:09:04 Datacap: 3160693276672
Mar 30 08:09:04 ....
Mar 30 08:09:05 Count: 3 of 4
Mar 30 08:09:05 f0145874 (1 / 1 tries):
Mar 30 08:09:05 f0421499: 23.293832210218907393 FIL (9.6G free)
Mar 30 08:09:05 Escrow: 0.999645757255 FIL
Mar 30 08:09:05 Locked: 0.33249517244 FIL
Mar 30 08:09:06 Datacap: 3160693276672
Mar 30 08:09:06 ....
Mar 30 08:09:07 Count: 3 of 4
Mar 30 08:09:07 f022352 (1 / 1 tries):
Mar 30 08:09:07 f0421499: 23.293832210218907393 FIL (9.6G free)
Mar 30 08:09:07 Escrow: 0.999645757255 FIL
Mar 30 08:09:07 Locked: 0.33249517244 FIL
Mar 30 08:09:08 Datacap: 3160693276672
Mar 30 08:09:08 ....
Mar 30 08:09:09 Count: 3 of 4
Mar 30 08:09:09 f023467 (1 / 1 tries):
Mar 30 08:09:10 f0421499: 23.293832210218907393 FIL (9.6G free)
Mar 30 08:09:10 Escrow: 0.999645757255 FIL
Mar 30 08:09:10 Locked: 0.33249517244 FIL
Mar 30 08:09:10 Datacap: 3160693276672
Mar 30 08:09:11 ....
Mar 30 08:09:12 Count: 3 of 4
Mar 30 08:09:12 f0157535 (1 / 1 tries):
Mar 30 08:09:12 f0421499: 23.293832210218907393 FIL (9.6G free)
Mar 30 08:09:12 Escrow: 0.999645757255 FIL
Mar 30 08:09:12 Locked: 0.33249517244 FIL
Mar 30 08:09:12 Datacap: 3160693276672
Mar 30 08:09:12 ....
Mar 30 08:09:13 Count: 3 of 4
Mar 30 08:09:13 f01277 (1 / 1 tries):
Mar 30 08:09:14 Skipping f01277: min-ask
Mar 30 08:09:14 
Mar 30 08:09:15 Count: 3 of 4
Mar 30 08:09:15 f019041 (1 / 1 tries):
Mar 30 08:09:16 f0421499: 23.293832210218907393 FIL (9.6G free)
Mar 30 08:09:16 Escrow: 0.999645757255 FIL
Mar 30 08:09:16 Locked: 0.33249517244 FIL
Mar 30 08:09:17 Datacap: 3160693276672
Mar 30 08:09:17 ....
Mar 30 08:09:18 Count: 3 of 4
Mar 30 08:09:18 f010617 (1 / 1 tries):
Mar 30 08:09:18 f0421499: 23.293832210218907393 FIL (9.6G free)
Mar 30 08:09:19 Escrow: 0.999645757255 FIL
Mar 30 08:09:19 Locked: 0.33249517244 FIL
Mar 30 08:09:19 Datacap: 3160693276672
Mar 30 08:09:19 ....
Mar 30 08:09:20 Count: 3 of 4
Mar 30 08:09:20 f015927 (1 / 1 tries):
Mar 30 08:09:20 Skipping f015927: min-ask
Mar 30 08:09:20 
Mar 30 08:09:21 Count: 3 of 4
Mar 30 08:09:21 f07998 (1 / 1 tries):
Mar 30 08:09:22 f0421499: 23.293832210218907393 FIL (9.6G free)
Mar 30 08:09:22 Escrow: 0.999645757255 FIL
Mar 30 08:09:22 Locked: 0.33249517244 FIL
Mar 30 08:09:23 Datacap: 3160693276672
Mar 30 08:09:23 ....
Mar 30 08:09:24 Count: 3 of 4
Mar 30 08:09:24 f01240 (1 / 1 tries):
Mar 30 08:09:25 f0421499: 23.293832210218907393 FIL (9.6G free)
Mar 30 08:09:25 Escrow: 0.999645757255 FIL
Mar 30 08:09:25 Locked: 0.33249517244 FIL
Mar 30 08:09:25 Datacap: 3160693276672
Mar 30 08:09:25 ....
Mar 30 08:09:26 Count: 3 of 4
Mar 30 08:09:26 f01234 (1 / 1 tries):
Mar 30 08:09:27 f0421499: 23.293832210218907393 FIL (9.6G free)
Mar 30 08:09:27 Escrow: 0.999645757255 FIL
Mar 30 08:09:27 Locked: 0.33249517244 FIL
Mar 30 08:09:28 Datacap: 3160693276672
Mar 30 08:09:28 ....
Mar 30 08:09:29 Count: 3 of 4
Mar 30 08:09:29 f010479 (1 / 1 tries):
Mar 30 08:09:30 f0421499: 23.293832210218907393 FIL (9.6G free)
Mar 30 08:09:30 Escrow: 0.999645757255 FIL
Mar 30 08:09:30 Locked: 0.33249517244 FIL
Mar 30 08:09:30 Datacap: 3160693276672
Mar 30 08:09:31 ....
Mar 30 08:09:32 Count: 3 of 4
Mar 30 08:09:32 f02576 (1 / 1 tries):
Mar 30 08:09:32 f0421499: 23.293832210218907393 FIL (9.6G free)
Mar 30 08:09:32 Escrow: 0.999645757255 FIL
Mar 30 08:09:32 Locked: 0.33249517244 FIL
Mar 30 08:09:33 Datacap: 3160693276672
Mar 30 08:09:33 ....
Mar 30 08:09:34 Count: 3 of 4
Mar 30 08:09:34 f014409 (1 / 1 tries):
Mar 30 08:09:35 f0421499: 23.293832210218907393 FIL (9.6G free)
Mar 30 08:09:35 Escrow: 0.999645757255 FIL
Mar 30 08:09:35 Locked: 0.33249517244 FIL
Mar 30 08:09:36 Datacap: 3160693276672
Mar 30 08:09:36 ....
Mar 30 08:09:37 Count: 3 of 4
Mar 30 08:09:37 f0165400 (1 / 1 tries):
Mar 30 08:09:37 f0421499: 23.293832210218907393 FIL (9.6G free)
Mar 30 08:09:37 Escrow: 0.999645757255 FIL
Mar 30 08:09:37 Locked: 0.33249517244 FIL
Mar 30 08:09:38 Datacap: 3160693276672
Mar 30 08:09:38 ....
Mar 30 08:09:39 Count: 3 of 4
Mar 30 08:09:39 f014768 (1 / 1 tries):
Mar 30 08:09:40 f0421499: 23.293832210218907393 FIL (9.6G free)
Mar 30 08:09:40 Escrow: 0.999645757255 FIL
Mar 30 08:09:40 Locked: 0.33249517244 FIL
Mar 30 08:09:41 Datacap: 3160693276672
Mar 30 08:09:41 ....
Mar 30 08:09:42 Count: 3 of 4
Mar 30 08:09:42 f02606 (1 / 1 tries):
Mar 30 08:09:43 f0421499: 23.293832210218907393 FIL (9.6G free)
Mar 30 08:09:43 Escrow: 0.999645757255 FIL
Mar 30 08:09:43 Locked: 0.33249517244 FIL
Mar 30 08:09:43 Datacap: 3160693276672
Mar 30 08:09:43 ....
Mar 30 08:09:45 Count: 3 of 4
Mar 30 08:09:45 f08399 (1 / 1 tries):
Mar 30 08:09:45 f0421499: 23.293832210218907393 FIL (9.6G free)
Mar 30 08:09:46 Escrow: 0.999645757255 FIL
Mar 30 08:09:46 Locked: 0.33249517244 FIL
Mar 30 08:09:46 Datacap: 3160693276672
Mar 30 08:09:46 ....
Mar 30 08:09:47 Count: 3 of 4
Mar 30 08:09:47 f01278 (1 / 1 tries):
Mar 30 08:09:48 f0421499: 23.293832210218907393 FIL (9.6G free)
Mar 30 08:09:48 Escrow: 0.999645757255 FIL
Mar 30 08:09:48 Locked: 0.33249517244 FIL
Mar 30 08:09:48 Datacap: 3160693276672
Mar 30 08:09:48 ....
