Mar 30 15:14:40 Count: 3 of 4
Mar 30 15:14:40 f01247 (1 / 1 tries):
Mar 30 15:14:41 f0421499: 23.293832210218907393 FIL (8.3G free)
Mar 30 15:14:41 Escrow: 0.999645757255 FIL
Mar 30 15:14:41 Locked: 0.33249517244 FIL
Mar 30 15:14:41 Datacap: 3160693276672
Mar 30 15:14:41 ....
Mar 30 15:14:42 Count: 3 of 4
Mar 30 15:14:42 f019362 (1 / 1 tries):
Mar 30 15:14:43 f0421499: 23.293832210218907393 FIL (8.3G free)
Mar 30 15:14:43 Escrow: 0.999645757255 FIL
Mar 30 15:14:43 Locked: 0.33249517244 FIL
Mar 30 15:14:44 Datacap: 3160693276672
Mar 30 15:14:44 ....
Mar 30 15:14:45 Count: 3 of 4
Mar 30 15:14:45 f062353 (1 / 1 tries):
Mar 30 15:14:45 f0421499: 23.293832210218907393 FIL (8.3G free)
Mar 30 15:14:45 Escrow: 0.999645757255 FIL
Mar 30 15:14:45 Locked: 0.33249517244 FIL
Mar 30 15:14:46 Datacap: 3160693276672
Mar 30 15:14:46 ....
Mar 30 15:14:47 Count: 3 of 4
Mar 30 15:14:47 f0127896 (1 / 1 tries):
Mar 30 15:14:47 Skipping f0127896: min-ask
Mar 30 15:14:47 
Mar 30 15:14:48 Count: 3 of 4
Mar 30 15:14:48 f023971 (1 / 1 tries):
Mar 30 15:14:49 f0421499: 23.293832210218907393 FIL (8.3G free)
Mar 30 15:14:49 Escrow: 0.999645757255 FIL
Mar 30 15:14:49 Locked: 0.33249517244 FIL
Mar 30 15:14:50 Datacap: 3160693276672
Mar 30 15:14:50 ....
Mar 30 15:14:51 Count: 3 of 4
Mar 30 15:14:51 f058369 (1 / 1 tries):
Mar 30 15:14:51 f0421499: 23.293832210218907393 FIL (8.3G free)
Mar 30 15:14:51 Escrow: 0.999645757255 FIL
Mar 30 15:14:51 Locked: 0.33249517244 FIL
Mar 30 15:14:52 Datacap: 3160693276672
Mar 30 15:14:52 ....
Mar 30 15:14:53 Count: 3 of 4
Mar 30 15:14:53 f019100 (1 / 1 tries):
Mar 30 15:14:54 Skipping f019100: error-ask
Mar 30 15:14:54 
Mar 30 15:14:55 Count: 3 of 4
Mar 30 15:14:55 f014768 (1 / 1 tries):
Mar 30 15:14:55 f0421499: 23.293832210218907393 FIL (8.3G free)
Mar 30 15:14:55 Escrow: 0.999645757255 FIL
Mar 30 15:14:55 Locked: 0.33249517244 FIL
Mar 30 15:14:55 Datacap: 3160693276672
Mar 30 15:14:56 ....
Mar 30 15:14:57 Count: 3 of 4
Mar 30 15:14:57 f09848 (1 / 1 tries):
Mar 30 15:14:58 f0421499: 23.293832210218907393 FIL (8.3G free)
Mar 30 15:14:58 Escrow: 0.999645757255 FIL
Mar 30 15:14:58 Locked: 0.33249517244 FIL
Mar 30 15:14:58 Datacap: 3160693276672
Mar 30 15:14:58 ....
Mar 30 15:14:59 Count: 3 of 4
Mar 30 15:14:59 f01234 (1 / 1 tries):
Mar 30 15:15:00 f0421499: 23.293832210218907393 FIL (8.3G free)
Mar 30 15:15:00 Escrow: 0.999645757255 FIL
Mar 30 15:15:00 Locked: 0.33249517244 FIL
Mar 30 15:15:00 Datacap: 3160693276672
Mar 30 15:15:00 ....
Mar 30 15:15:01 Count: 3 of 4
Mar 30 15:15:01 f0145874 (1 / 1 tries):
Mar 30 15:15:02 f0421499: 23.293832210218907393 FIL (8.3G free)
Mar 30 15:15:02 Escrow: 0.999645757255 FIL
Mar 30 15:15:02 Locked: 0.33249517244 FIL
Mar 30 15:15:02 Datacap: 3160693276672
Mar 30 15:15:02 ....
Mar 30 15:15:03 Count: 3 of 4
Mar 30 15:15:03 f02606 (1 / 1 tries):
Mar 30 15:15:04 f0421499: 23.293832210218907393 FIL (8.3G free)
Mar 30 15:15:04 Escrow: 0.999645757255 FIL
Mar 30 15:15:04 Locked: 0.33249517244 FIL
Mar 30 15:15:05 Datacap: 3160693276672
Mar 30 15:15:05 ....
Mar 30 15:15:06 Count: 3 of 4
Mar 30 15:15:06 f01278 (1 / 1 tries):
Mar 30 15:15:06 f0421499: 23.293832210218907393 FIL (8.3G free)
Mar 30 15:15:06 Escrow: 0.999645757255 FIL
Mar 30 15:15:06 Locked: 0.33249517244 FIL
Mar 30 15:15:07 Datacap: 3160693276672
Mar 30 15:15:07 ....
Mar 30 15:15:08 Count: 3 of 4
Mar 30 15:15:08 f071624 (1 / 1 tries):
Mar 30 15:15:09 f0421499: 23.293832210218907393 FIL (8.3G free)
Mar 30 15:15:09 Escrow: 0.999645757255 FIL
Mar 30 15:15:09 Locked: 0.33249517244 FIL
Mar 30 15:15:10 Datacap: 3160693276672
Mar 30 15:15:10 ....
Mar 30 15:15:11 Count: 3 of 4
Mar 30 15:15:11 f099608 (1 / 1 tries):
Mar 30 15:15:12 f0421499: 23.293832210218907393 FIL (8.3G free)
Mar 30 15:15:12 Escrow: 0.999645757255 FIL
Mar 30 15:15:12 Locked: 0.33249517244 FIL
Mar 30 15:15:12 Datacap: 3160693276672
Mar 30 15:15:12 ....
Mar 30 15:15:13 Count: 3 of 4
Mar 30 15:15:13 f08403 (1 / 1 tries):
Mar 30 15:15:14 f0421499: 23.293832210218907393 FIL (8.3G free)
Mar 30 15:15:14 Escrow: 0.999645757255 FIL
Mar 30 15:15:14 Locked: 0.33249517244 FIL
Mar 30 15:15:14 Datacap: 3160693276672
Mar 30 15:15:14 ....
Mar 30 15:15:15 Count: 3 of 4
Mar 30 15:15:15 f015927 (1 / 1 tries):
Mar 30 15:15:16 Skipping f015927: min-ask
Mar 30 15:15:16 
Mar 30 15:15:17 Count: 3 of 4
Mar 30 15:15:17 f0157535 (1 / 1 tries):
Mar 30 15:15:17 f0421499: 23.293832210218907393 FIL (8.3G free)
Mar 30 15:15:18 Escrow: 0.999645757255 FIL
Mar 30 15:15:18 Locked: 0.33249517244 FIL
Mar 30 15:15:18 Datacap: 3160693276672
Mar 30 15:15:18 ....
Mar 30 15:15:19 Count: 3 of 4
Mar 30 15:15:19 f019551 (1 / 1 tries):
Mar 30 15:15:19 f0421499: 23.293832210218907393 FIL (8.3G free)
Mar 30 15:15:20 Escrow: 0.999645757255 FIL
Mar 30 15:15:20 Locked: 0.33249517244 FIL
Mar 30 15:15:20 Datacap: 3160693276672
Mar 30 15:15:20 ....
Mar 30 15:15:21 Count: 3 of 4
Mar 30 15:15:21 f019041 (1 / 1 tries):
Mar 30 15:15:22 f0421499: 23.293832210218907393 FIL (8.3G free)
Mar 30 15:15:22 Escrow: 0.999645757255 FIL
Mar 30 15:15:22 Locked: 0.33249517244 FIL
Mar 30 15:15:22 Datacap: 3160693276672
Mar 30 15:15:23 ....
Mar 30 15:15:24 Count: 3 of 4
Mar 30 15:15:24 f02576 (1 / 1 tries):
Mar 30 15:15:24 f0421499: 23.293832210218907393 FIL (8.3G free)
Mar 30 15:15:24 Escrow: 0.999645757255 FIL
Mar 30 15:15:24 Locked: 0.33249517244 FIL
Mar 30 15:15:25 Datacap: 3160693276672
Mar 30 15:15:25 ....
Mar 30 15:15:26 Count: 3 of 4
Mar 30 15:15:26 f022163 (1 / 1 tries):
Mar 30 15:15:26 f0421499: 23.293832210218907393 FIL (8.3G free)
Mar 30 15:15:26 Escrow: 0.999645757255 FIL
Mar 30 15:15:26 Locked: 0.33249517244 FIL
Mar 30 15:15:26 Datacap: 3160693276672
Mar 30 15:15:27 ....
Mar 30 15:15:28 Count: 3 of 4
Mar 30 15:15:28 f0165400 (1 / 1 tries):
Mar 30 15:15:29 f0421499: 23.293832210218907393 FIL (8.3G free)
Mar 30 15:15:29 Escrow: 0.999645757255 FIL
Mar 30 15:15:29 Locked: 0.33249517244 FIL
Mar 30 15:15:29 Datacap: 3160693276672
Mar 30 15:15:29 ....
Mar 30 15:15:30 Count: 3 of 4
Mar 30 15:15:30 f019104 (1 / 1 tries):
Mar 30 15:15:31 Skipping f019104: error-ask
Mar 30 15:15:31 
Mar 30 15:15:32 Count: 3 of 4
Mar 30 15:15:32 f08399 (1 / 1 tries):
Mar 30 15:15:32 f0421499: 23.293832210218907393 FIL (8.3G free)
Mar 30 15:15:33 Escrow: 0.999645757255 FIL
Mar 30 15:15:33 Locked: 0.33249517244 FIL
Mar 30 15:15:33 Datacap: 3160693276672
Mar 30 15:15:33 ....
Mar 30 15:15:34 Count: 3 of 4
Mar 30 15:15:34 f01277 (1 / 1 tries):
Mar 30 15:15:35 Skipping f01277: min-ask
Mar 30 15:15:35 
Mar 30 15:15:36 Count: 3 of 4
Mar 30 15:15:36 f022352 (1 / 1 tries):
Mar 30 15:15:36 f0421499: 23.293832210218907393 FIL (8.3G free)
Mar 30 15:15:36 Escrow: 0.999645757255 FIL
Mar 30 15:15:36 Locked: 0.33249517244 FIL
Mar 30 15:15:37 Datacap: 3160693276672
Mar 30 15:15:37 ....
Mar 30 15:15:38 Count: 3 of 4
Mar 30 15:15:38 f014409 (1 / 1 tries):
Mar 30 15:15:39 f0421499: 23.293832210218907393 FIL (8.3G free)
Mar 30 15:15:39 Escrow: 0.999645757255 FIL
Mar 30 15:15:39 Locked: 0.33249517244 FIL
Mar 30 15:15:39 Datacap: 3160693276672
Mar 30 15:15:40 ....
Mar 30 15:15:41 Count: 3 of 4
Mar 30 15:15:41 f010479 (1 / 1 tries):
Mar 30 15:15:41 f0421499: 23.293832210218907393 FIL (8.3G free)
Mar 30 15:15:41 Escrow: 0.999645757255 FIL
Mar 30 15:15:41 Locked: 0.33249517244 FIL
Mar 30 15:15:41 Datacap: 3160693276672
Mar 30 15:15:42 ....
Mar 30 15:15:43 Count: 3 of 4
Mar 30 15:15:43 f022142 (1 / 1 tries):
Mar 30 15:15:43 f0421499: 23.293832210218907393 FIL (8.3G free)
Mar 30 15:15:44 Escrow: 0.999645757255 FIL
Mar 30 15:15:44 Locked: 0.33249517244 FIL
Mar 30 15:15:44 Datacap: 3160693276672
Mar 30 15:15:44 ....
Mar 30 15:15:45 Count: 3 of 4
Mar 30 15:15:45 f021716 (1 / 1 tries):
Mar 30 15:15:46 f0421499: 23.293832210218907393 FIL (8.3G free)
Mar 30 15:15:46 Escrow: 0.999645757255 FIL
Mar 30 15:15:46 Locked: 0.33249517244 FIL
Mar 30 15:15:46 Datacap: 3160693276672
Mar 30 15:15:46 ....
Mar 30 15:15:47 Count: 3 of 4
Mar 30 15:15:47 f07998 (1 / 1 tries):
Mar 30 15:15:48 f0421499: 23.293832210218907393 FIL (8.3G free)
Mar 30 15:15:48 Escrow: 0.999645757255 FIL
Mar 30 15:15:48 Locked: 0.33249517244 FIL
Mar 30 15:15:48 Datacap: 3160693276672
Mar 30 15:15:48 ....
Mar 30 15:15:49 Count: 3 of 4
Mar 30 15:15:49 f023467 (1 / 1 tries):
Mar 30 15:15:50 f0421499: 23.293832210218907393 FIL (8.3G free)
Mar 30 15:15:50 Escrow: 0.999645757255 FIL
Mar 30 15:15:50 Locked: 0.33249517244 FIL
Mar 30 15:15:51 Datacap: 3160693276672
Mar 30 15:15:51 ....
Mar 30 15:15:52 Count: 3 of 4
Mar 30 15:15:52 f066596 (1 / 1 tries):
Mar 30 15:15:52 f0421499: 23.293832210218907393 FIL (8.3G free)
Mar 30 15:15:52 Escrow: 0.999645757255 FIL
Mar 30 15:15:52 Locked: 0.33249517244 FIL
Mar 30 15:15:53 Datacap: 3160693276672
Mar 30 15:15:53 ....
Mar 30 15:15:54 Count: 3 of 4
Mar 30 15:15:54 f010617 (1 / 1 tries):
Mar 30 15:15:55 f0421499: 23.293832210218907393 FIL (8.3G free)
Mar 30 15:15:55 Escrow: 0.999645757255 FIL
Mar 30 15:15:55 Locked: 0.33249517244 FIL
Mar 30 15:15:55 Datacap: 3160693276672
Mar 30 15:15:55 ....
Mar 30 15:15:57 Count: 3 of 4
Mar 30 15:15:57 f01240 (1 / 1 tries):
Mar 30 15:15:57 f0421499: 23.293832210218907393 FIL (8.3G free)
Mar 30 15:15:57 Escrow: 0.999645757255 FIL
Mar 30 15:15:57 Locked: 0.33249517244 FIL
Mar 30 15:15:57 Datacap: 3160693276672
Mar 30 15:15:57 ....
