Mar 30 12:33:46 Count: 3 of 4
Mar 30 12:33:46 f01247 (1 / 1 tries):
Mar 30 12:33:47 f0421499: 23.293832210218907393 FIL (8.8G free)
Mar 30 12:33:47 Escrow: 0.999645757255 FIL
Mar 30 12:33:47 Locked: 0.33249517244 FIL
Mar 30 12:33:47 Datacap: 3160693276672
Mar 30 12:33:47 ....
Mar 30 12:33:48 Count: 3 of 4
Mar 30 12:33:48 f014409 (1 / 1 tries):
Mar 30 12:33:49 f0421499: 23.293832210218907393 FIL (8.8G free)
Mar 30 12:33:49 Escrow: 0.999645757255 FIL
Mar 30 12:33:49 Locked: 0.33249517244 FIL
Mar 30 12:33:50 Datacap: 3160693276672
Mar 30 12:33:50 ....
Mar 30 12:33:51 Count: 3 of 4
Mar 30 12:33:51 f019041 (1 / 1 tries):
Mar 30 12:33:51 f0421499: 23.293832210218907393 FIL (8.8G free)
Mar 30 12:33:52 Escrow: 0.999645757255 FIL
Mar 30 12:33:52 Locked: 0.33249517244 FIL
Mar 30 12:33:52 Datacap: 3160693276672
Mar 30 12:33:52 ....
Mar 30 12:33:53 Count: 3 of 4
Mar 30 12:33:53 f021716 (1 / 1 tries):
Mar 30 12:33:54 f0421499: 23.293832210218907393 FIL (8.8G free)
Mar 30 12:33:54 Escrow: 0.999645757255 FIL
Mar 30 12:33:54 Locked: 0.33249517244 FIL
Mar 30 12:33:55 Datacap: 3160693276672
Mar 30 12:33:55 ....
Mar 30 12:33:56 Count: 3 of 4
Mar 30 12:33:56 f014768 (1 / 1 tries):
Mar 30 12:33:57 f0421499: 23.293832210218907393 FIL (8.8G free)
Mar 30 12:33:57 Escrow: 0.999645757255 FIL
Mar 30 12:33:57 Locked: 0.33249517244 FIL
Mar 30 12:33:57 Datacap: 3160693276672
Mar 30 12:33:57 ....
Mar 30 12:33:58 Count: 3 of 4
Mar 30 12:33:58 f0165400 (1 / 1 tries):
Mar 30 12:33:59 f0421499: 23.293832210218907393 FIL (8.8G free)
Mar 30 12:33:59 Escrow: 0.999645757255 FIL
Mar 30 12:33:59 Locked: 0.33249517244 FIL
Mar 30 12:33:59 Datacap: 3160693276672
Mar 30 12:33:59 ....
Mar 30 12:34:00 Count: 3 of 4
Mar 30 12:34:00 f015927 (1 / 1 tries):
Mar 30 12:34:01 Skipping f015927: min-ask
Mar 30 12:34:01 
Mar 30 12:34:02 Count: 3 of 4
Mar 30 12:34:02 f099608 (1 / 1 tries):
Mar 30 12:34:02 f0421499: 23.293832210218907393 FIL (8.8G free)
Mar 30 12:34:03 Escrow: 0.999645757255 FIL
Mar 30 12:34:03 Locked: 0.33249517244 FIL
Mar 30 12:34:03 Datacap: 3160693276672
Mar 30 12:34:03 ....
Mar 30 12:34:04 Count: 3 of 4
Mar 30 12:34:04 f023467 (1 / 1 tries):
Mar 30 12:34:05 f0421499: 23.293832210218907393 FIL (8.8G free)
Mar 30 12:34:05 Escrow: 0.999645757255 FIL
Mar 30 12:34:05 Locked: 0.33249517244 FIL
Mar 30 12:34:06 Datacap: 3160693276672
Mar 30 12:34:06 ....
Mar 30 12:34:07 Count: 3 of 4
Mar 30 12:34:07 f023971 (1 / 1 tries):
Mar 30 12:34:08 f0421499: 23.293832210218907393 FIL (8.8G free)
Mar 30 12:34:08 Escrow: 0.999645757255 FIL
Mar 30 12:34:08 Locked: 0.33249517244 FIL
Mar 30 12:34:09 Datacap: 3160693276672
Mar 30 12:34:09 ....
Mar 30 12:34:10 Count: 3 of 4
Mar 30 12:34:10 f019551 (1 / 1 tries):
Mar 30 12:34:11 f0421499: 23.293832210218907393 FIL (8.8G free)
Mar 30 12:34:11 Escrow: 0.999645757255 FIL
Mar 30 12:34:11 Locked: 0.33249517244 FIL
Mar 30 12:34:11 Datacap: 3160693276672
Mar 30 12:34:11 ....
Mar 30 12:34:12 Count: 3 of 4
Mar 30 12:34:12 f019104 (1 / 1 tries):
Mar 30 12:34:13 Skipping f019104: error-ask
Mar 30 12:34:13 
Mar 30 12:34:14 Count: 3 of 4
Mar 30 12:34:14 f058369 (1 / 1 tries):
Mar 30 12:34:15 f0421499: 23.293832210218907393 FIL (8.8G free)
Mar 30 12:34:15 Escrow: 0.999645757255 FIL
Mar 30 12:34:15 Locked: 0.33249517244 FIL
Mar 30 12:34:15 Datacap: 3160693276672
Mar 30 12:34:15 ....
Mar 30 12:34:16 Count: 3 of 4
Mar 30 12:34:16 f02606 (1 / 1 tries):
Mar 30 12:34:17 f0421499: 23.293832210218907393 FIL (8.8G free)
Mar 30 12:34:17 Escrow: 0.999645757255 FIL
Mar 30 12:34:17 Locked: 0.33249517244 FIL
Mar 30 12:34:17 Datacap: 3160693276672
Mar 30 12:34:17 ....
Mar 30 12:34:18 Count: 3 of 4
Mar 30 12:34:18 f022142 (1 / 1 tries):
Mar 30 12:34:19 f0421499: 23.293832210218907393 FIL (8.8G free)
Mar 30 12:34:20 Escrow: 0.999645757255 FIL
Mar 30 12:34:20 Locked: 0.33249517244 FIL
Mar 30 12:34:20 Datacap: 3160693276672
Mar 30 12:34:20 ....
Mar 30 12:34:21 Count: 3 of 4
Mar 30 12:34:21 f01234 (1 / 1 tries):
Mar 30 12:34:22 f0421499: 23.293832210218907393 FIL (8.8G free)
Mar 30 12:34:22 Escrow: 0.999645757255 FIL
Mar 30 12:34:22 Locked: 0.33249517244 FIL
Mar 30 12:34:22 Datacap: 3160693276672
Mar 30 12:34:22 ....
Mar 30 12:34:24 Count: 3 of 4
Mar 30 12:34:24 f01278 (1 / 1 tries):
Mar 30 12:34:25 f0421499: 23.293832210218907393 FIL (8.8G free)
Mar 30 12:34:25 Escrow: 0.999645757255 FIL
Mar 30 12:34:25 Locked: 0.33249517244 FIL
Mar 30 12:34:25 Datacap: 3160693276672
Mar 30 12:34:26 ....
Mar 30 12:34:27 Count: 3 of 4
Mar 30 12:34:27 f062353 (1 / 1 tries):
Mar 30 12:34:27 f0421499: 23.293832210218907393 FIL (8.8G free)
Mar 30 12:34:28 Escrow: 0.999645757255 FIL
Mar 30 12:34:28 Locked: 0.33249517244 FIL
Mar 30 12:34:28 Datacap: 3160693276672
Mar 30 12:34:28 ....
Mar 30 12:34:29 Count: 3 of 4
Mar 30 12:34:29 f02576 (1 / 1 tries):
Mar 30 12:34:30 f0421499: 23.293832210218907393 FIL (8.8G free)
Mar 30 12:34:30 Escrow: 0.999645757255 FIL
Mar 30 12:34:30 Locked: 0.33249517244 FIL
Mar 30 12:34:30 Datacap: 3160693276672
Mar 30 12:34:30 ....
Mar 30 12:34:32 Count: 3 of 4
Mar 30 12:34:32 f0145874 (1 / 1 tries):
Mar 30 12:34:32 f0421499: 23.293832210218907393 FIL (8.8G free)
Mar 30 12:34:33 Escrow: 0.999645757255 FIL
Mar 30 12:34:33 Locked: 0.33249517244 FIL
Mar 30 12:34:33 Datacap: 3160693276672
Mar 30 12:34:33 ....
Mar 30 12:34:34 Count: 3 of 4
Mar 30 12:34:34 f01240 (1 / 1 tries):
Mar 30 12:34:35 f0421499: 23.293832210218907393 FIL (8.8G free)
Mar 30 12:34:35 Escrow: 0.999645757255 FIL
Mar 30 12:34:35 Locked: 0.33249517244 FIL
Mar 30 12:34:35 Datacap: 3160693276672
Mar 30 12:34:36 ....
Mar 30 12:34:37 Count: 3 of 4
Mar 30 12:34:37 f019362 (1 / 1 tries):
Mar 30 12:34:37 f0421499: 23.293832210218907393 FIL (8.8G free)
Mar 30 12:34:38 Escrow: 0.999645757255 FIL
Mar 30 12:34:38 Locked: 0.33249517244 FIL
Mar 30 12:34:38 Datacap: 3160693276672
Mar 30 12:34:38 ....
Mar 30 12:34:39 Count: 3 of 4
Mar 30 12:34:39 f022163 (1 / 1 tries):
Mar 30 12:34:40 f0421499: 23.293832210218907393 FIL (8.8G free)
Mar 30 12:34:40 Escrow: 0.999645757255 FIL
Mar 30 12:34:40 Locked: 0.33249517244 FIL
Mar 30 12:34:40 Datacap: 3160693276672
Mar 30 12:34:41 ....
Mar 30 12:34:42 Count: 3 of 4
Mar 30 12:34:42 f0157535 (1 / 1 tries):
Mar 30 12:34:42 f0421499: 23.293832210218907393 FIL (8.8G free)
Mar 30 12:34:42 Escrow: 0.999645757255 FIL
Mar 30 12:34:42 Locked: 0.33249517244 FIL
Mar 30 12:34:43 Datacap: 3160693276672
Mar 30 12:34:43 ....
Mar 30 12:34:44 Count: 3 of 4
Mar 30 12:34:44 f0127896 (1 / 1 tries):
Mar 30 12:34:44 Skipping f0127896: min-ask
Mar 30 12:34:44 
Mar 30 12:34:45 Count: 3 of 4
Mar 30 12:34:45 f010479 (1 / 1 tries):
Mar 30 12:34:46 f0421499: 23.293832210218907393 FIL (8.8G free)
Mar 30 12:34:46 Escrow: 0.999645757255 FIL
Mar 30 12:34:46 Locked: 0.33249517244 FIL
Mar 30 12:34:46 Datacap: 3160693276672
Mar 30 12:34:46 ....
Mar 30 12:34:47 Count: 3 of 4
Mar 30 12:34:47 f022352 (1 / 1 tries):
Mar 30 12:34:48 f0421499: 23.293832210218907393 FIL (8.8G free)
Mar 30 12:34:48 Escrow: 0.999645757255 FIL
Mar 30 12:34:48 Locked: 0.33249517244 FIL
Mar 30 12:34:48 Datacap: 3160693276672
Mar 30 12:34:48 ....
Mar 30 12:34:49 Count: 3 of 4
Mar 30 12:34:49 f01277 (1 / 1 tries):
Mar 30 12:34:50 Skipping f01277: min-ask
Mar 30 12:34:50 
Mar 30 12:34:51 Count: 3 of 4
Mar 30 12:34:51 f07998 (1 / 1 tries):
Mar 30 12:34:52 f0421499: 23.293832210218907393 FIL (8.8G free)
Mar 30 12:34:52 Escrow: 0.999645757255 FIL
Mar 30 12:34:52 Locked: 0.33249517244 FIL
Mar 30 12:34:52 Datacap: 3160693276672
Mar 30 12:34:52 ....
Mar 30 12:34:53 Count: 3 of 4
Mar 30 12:34:53 f066596 (1 / 1 tries):
Mar 30 12:34:54 f0421499: 23.293832210218907393 FIL (8.8G free)
Mar 30 12:34:54 Escrow: 0.999645757255 FIL
Mar 30 12:34:54 Locked: 0.33249517244 FIL
Mar 30 12:34:54 Datacap: 3160693276672
Mar 30 12:34:54 ....
Mar 30 12:34:55 Count: 3 of 4
Mar 30 12:34:55 f019100 (1 / 1 tries):
Mar 30 12:34:56 Skipping f019100: error-ask
Mar 30 12:34:56 
Mar 30 12:34:57 Count: 3 of 4
Mar 30 12:34:57 f08403 (1 / 1 tries):
Mar 30 12:34:57 f0421499: 23.293832210218907393 FIL (8.8G free)
Mar 30 12:34:58 Escrow: 0.999645757255 FIL
Mar 30 12:34:58 Locked: 0.33249517244 FIL
Mar 30 12:34:58 Datacap: 3160693276672
Mar 30 12:34:58 ....
Mar 30 12:34:59 Count: 3 of 4
Mar 30 12:34:59 f071624 (1 / 1 tries):
Mar 30 12:35:00 f0421499: 23.293832210218907393 FIL (8.8G free)
Mar 30 12:35:00 Escrow: 0.999645757255 FIL
Mar 30 12:35:00 Locked: 0.33249517244 FIL
Mar 30 12:35:01 Datacap: 3160693276672
Mar 30 12:35:01 ....
Mar 30 12:35:02 Count: 3 of 4
Mar 30 12:35:02 f09848 (1 / 1 tries):
Mar 30 12:35:02 f0421499: 23.293832210218907393 FIL (8.8G free)
Mar 30 12:35:02 Escrow: 0.999645757255 FIL
Mar 30 12:35:02 Locked: 0.33249517244 FIL
Mar 30 12:35:03 Datacap: 3160693276672
Mar 30 12:35:03 ....
Mar 30 12:35:04 Count: 3 of 4
Mar 30 12:35:04 f08399 (1 / 1 tries):
Mar 30 12:35:05 f0421499: 23.293832210218907393 FIL (8.8G free)
Mar 30 12:35:05 Escrow: 0.999645757255 FIL
Mar 30 12:35:05 Locked: 0.33249517244 FIL
Mar 30 12:35:05 Datacap: 3160693276672
Mar 30 12:35:06 ....
Mar 30 12:35:07 Count: 3 of 4
Mar 30 12:35:07 f010617 (1 / 1 tries):
Mar 30 12:35:07 f0421499: 23.293832210218907393 FIL (8.8G free)
Mar 30 12:35:08 Escrow: 0.999645757255 FIL
Mar 30 12:35:08 Locked: 0.33249517244 FIL
Mar 30 12:35:08 Datacap: 3160693276672
Mar 30 12:35:09 ....
