Mar 30 10:41:59 Count: 3 of 4
Mar 30 10:41:59 f022352 (1 / 1 tries):
Mar 30 10:42:00 f0421499: 23.293832210218907393 FIL (9.2G free)
Mar 30 10:42:00 Escrow: 0.999645757255 FIL
Mar 30 10:42:00 Locked: 0.33249517244 FIL
Mar 30 10:42:01 Datacap: 3160693276672
Mar 30 10:42:01 ....
Mar 30 10:42:02 Count: 3 of 4
Mar 30 10:42:02 f07998 (1 / 1 tries):
Mar 30 10:42:03 f0421499: 23.293832210218907393 FIL (9.2G free)
Mar 30 10:42:03 Escrow: 0.999645757255 FIL
Mar 30 10:42:03 Locked: 0.33249517244 FIL
Mar 30 10:42:03 Datacap: 3160693276672
Mar 30 10:42:03 ....
Mar 30 10:42:04 Count: 3 of 4
Mar 30 10:42:04 f08399 (1 / 1 tries):
Mar 30 10:42:05 f0421499: 23.293832210218907393 FIL (9.2G free)
Mar 30 10:42:05 Escrow: 0.999645757255 FIL
Mar 30 10:42:05 Locked: 0.33249517244 FIL
Mar 30 10:42:05 Datacap: 3160693276672
Mar 30 10:42:06 ....
Mar 30 10:42:07 Count: 3 of 4
Mar 30 10:42:07 f01278 (1 / 1 tries):
Mar 30 10:42:07 f0421499: 23.293832210218907393 FIL (9.2G free)
Mar 30 10:42:08 Escrow: 0.999645757255 FIL
Mar 30 10:42:08 Locked: 0.33249517244 FIL
Mar 30 10:42:08 Datacap: 3160693276672
Mar 30 10:42:08 ....
Mar 30 10:42:09 Count: 3 of 4
Mar 30 10:42:09 f022163 (1 / 1 tries):
Mar 30 10:42:09 f0421499: 23.293832210218907393 FIL (9.2G free)
Mar 30 10:42:09 Escrow: 0.999645757255 FIL
Mar 30 10:42:09 Locked: 0.33249517244 FIL
Mar 30 10:42:10 Datacap: 3160693276672
Mar 30 10:42:10 ....
Mar 30 10:42:11 Count: 3 of 4
Mar 30 10:42:11 f01240 (1 / 1 tries):
Mar 30 10:42:12 f0421499: 23.293832210218907393 FIL (9.2G free)
Mar 30 10:42:12 Escrow: 0.999645757255 FIL
Mar 30 10:42:12 Locked: 0.33249517244 FIL
Mar 30 10:42:12 Datacap: 3160693276672
Mar 30 10:42:12 ....
Mar 30 10:42:13 Count: 3 of 4
Mar 30 10:42:13 f023467 (1 / 1 tries):
Mar 30 10:42:14 f0421499: 23.293832210218907393 FIL (9.2G free)
Mar 30 10:42:14 Escrow: 0.999645757255 FIL
Mar 30 10:42:14 Locked: 0.33249517244 FIL
Mar 30 10:42:14 Datacap: 3160693276672
Mar 30 10:42:14 ....
Mar 30 10:42:15 Count: 3 of 4
Mar 30 10:42:15 f066596 (1 / 1 tries):
Mar 30 10:42:16 f0421499: 23.293832210218907393 FIL (9.2G free)
Mar 30 10:42:16 Escrow: 0.999645757255 FIL
Mar 30 10:42:16 Locked: 0.33249517244 FIL
Mar 30 10:42:16 Datacap: 3160693276672
Mar 30 10:42:16 ....
Mar 30 10:42:17 Count: 3 of 4
Mar 30 10:42:17 f021716 (1 / 1 tries):
Mar 30 10:42:18 f0421499: 23.293832210218907393 FIL (9.2G free)
Mar 30 10:42:18 Escrow: 0.999645757255 FIL
Mar 30 10:42:18 Locked: 0.33249517244 FIL
Mar 30 10:42:19 Datacap: 3160693276672
Mar 30 10:42:19 ....
Mar 30 10:42:20 Count: 3 of 4
Mar 30 10:42:20 f019362 (1 / 1 tries):
Mar 30 10:42:21 f0421499: 23.293832210218907393 FIL (9.2G free)
Mar 30 10:42:21 Escrow: 0.999645757255 FIL
Mar 30 10:42:21 Locked: 0.33249517244 FIL
Mar 30 10:42:21 Datacap: 3160693276672
Mar 30 10:42:21 ....
Mar 30 10:42:22 Count: 3 of 4
Mar 30 10:42:22 f01234 (1 / 1 tries):
Mar 30 10:42:23 f0421499: 23.293832210218907393 FIL (9.2G free)
Mar 30 10:42:23 Escrow: 0.999645757255 FIL
Mar 30 10:42:23 Locked: 0.33249517244 FIL
Mar 30 10:42:23 Datacap: 3160693276672
Mar 30 10:42:23 ....
Mar 30 10:42:24 Count: 3 of 4
Mar 30 10:42:24 f0127896 (1 / 1 tries):
Mar 30 10:42:25 Skipping f0127896: min-ask
Mar 30 10:42:25 
Mar 30 10:42:26 Count: 3 of 4
Mar 30 10:42:26 f014768 (1 / 1 tries):
Mar 30 10:42:26 f0421499: 23.293832210218907393 FIL (9.2G free)
Mar 30 10:42:26 Escrow: 0.999645757255 FIL
Mar 30 10:42:26 Locked: 0.33249517244 FIL
Mar 30 10:42:27 Datacap: 3160693276672
Mar 30 10:42:27 ....
Mar 30 10:42:28 Count: 3 of 4
Mar 30 10:42:28 f023971 (1 / 1 tries):
Mar 30 10:42:29 f0421499: 23.293832210218907393 FIL (9.2G free)
Mar 30 10:42:29 Escrow: 0.999645757255 FIL
Mar 30 10:42:29 Locked: 0.33249517244 FIL
Mar 30 10:42:29 Datacap: 3160693276672
Mar 30 10:42:29 ....
Mar 30 10:42:30 Count: 3 of 4
Mar 30 10:42:30 f099608 (1 / 1 tries):
Mar 30 10:42:31 f0421499: 23.293832210218907393 FIL (9.2G free)
Mar 30 10:42:31 Escrow: 0.999645757255 FIL
Mar 30 10:42:31 Locked: 0.33249517244 FIL
Mar 30 10:42:32 Datacap: 3160693276672
Mar 30 10:42:32 ....
Mar 30 10:42:33 Count: 3 of 4
Mar 30 10:42:33 f019551 (1 / 1 tries):
Mar 30 10:42:33 f0421499: 23.293832210218907393 FIL (9.2G free)
Mar 30 10:42:34 Escrow: 0.999645757255 FIL
Mar 30 10:42:34 Locked: 0.33249517244 FIL
Mar 30 10:42:34 Datacap: 3160693276672
Mar 30 10:42:34 ....
Mar 30 10:42:35 Count: 3 of 4
Mar 30 10:42:35 f02576 (1 / 1 tries):
Mar 30 10:42:36 f0421499: 23.293832210218907393 FIL (9.2G free)
Mar 30 10:42:36 Escrow: 0.999645757255 FIL
Mar 30 10:42:36 Locked: 0.33249517244 FIL
Mar 30 10:42:37 Datacap: 3160693276672
Mar 30 10:42:37 ....
Mar 30 10:42:38 Count: 3 of 4
Mar 30 10:42:38 f022142 (1 / 1 tries):
Mar 30 10:42:39 f0421499: 23.293832210218907393 FIL (9.2G free)
Mar 30 10:42:39 Escrow: 0.999645757255 FIL
Mar 30 10:42:39 Locked: 0.33249517244 FIL
Mar 30 10:42:39 Datacap: 3160693276672
Mar 30 10:42:39 ....
Mar 30 10:42:40 Count: 3 of 4
Mar 30 10:42:40 f014409 (1 / 1 tries):
Mar 30 10:42:41 f0421499: 23.293832210218907393 FIL (9.2G free)
Mar 30 10:42:41 Escrow: 0.999645757255 FIL
Mar 30 10:42:41 Locked: 0.33249517244 FIL
Mar 30 10:42:41 Datacap: 3160693276672
Mar 30 10:42:42 ....
Mar 30 10:42:43 Count: 3 of 4
Mar 30 10:42:43 f015927 (1 / 1 tries):
Mar 30 10:42:43 Skipping f015927: min-ask
Mar 30 10:42:43 
Mar 30 10:42:44 Count: 3 of 4
Mar 30 10:42:44 f010617 (1 / 1 tries):
Mar 30 10:42:45 f0421499: 23.293832210218907393 FIL (9.2G free)
Mar 30 10:42:45 Escrow: 0.999645757255 FIL
Mar 30 10:42:45 Locked: 0.33249517244 FIL
Mar 30 10:42:45 Datacap: 3160693276672
Mar 30 10:42:45 ....
Mar 30 10:42:46 Count: 3 of 4
Mar 30 10:42:46 f08403 (1 / 1 tries):
Mar 30 10:42:47 f0421499: 23.293832210218907393 FIL (9.2G free)
Mar 30 10:42:47 Escrow: 0.999645757255 FIL
Mar 30 10:42:47 Locked: 0.33249517244 FIL
Mar 30 10:42:47 Datacap: 3160693276672
Mar 30 10:42:48 ....
Mar 30 10:42:49 Count: 3 of 4
Mar 30 10:42:49 f01277 (1 / 1 tries):
Mar 30 10:42:49 Skipping f01277: min-ask
Mar 30 10:42:49 
Mar 30 10:42:50 Count: 3 of 4
Mar 30 10:42:50 f071624 (1 / 1 tries):
Mar 30 10:42:51 f0421499: 23.293832210218907393 FIL (9.2G free)
Mar 30 10:42:51 Escrow: 0.999645757255 FIL
Mar 30 10:42:51 Locked: 0.33249517244 FIL
Mar 30 10:42:51 Datacap: 3160693276672
Mar 30 10:42:51 ....
Mar 30 10:42:52 Count: 3 of 4
Mar 30 10:42:52 f09848 (1 / 1 tries):
Mar 30 10:42:53 f0421499: 23.293832210218907393 FIL (9.2G free)
Mar 30 10:42:53 Escrow: 0.999645757255 FIL
Mar 30 10:42:53 Locked: 0.33249517244 FIL
Mar 30 10:42:54 Datacap: 3160693276672
Mar 30 10:42:54 ....
Mar 30 10:42:55 Count: 3 of 4
Mar 30 10:42:55 f01247 (1 / 1 tries):
Mar 30 10:42:56 f0421499: 23.293832210218907393 FIL (9.2G free)
Mar 30 10:42:56 Escrow: 0.999645757255 FIL
Mar 30 10:42:56 Locked: 0.33249517244 FIL
Mar 30 10:42:56 Datacap: 3160693276672
Mar 30 10:42:57 ....
Mar 30 10:42:58 Count: 3 of 4
Mar 30 10:42:58 f058369 (1 / 1 tries):
Mar 30 10:42:58 f0421499: 23.293832210218907393 FIL (9.2G free)
Mar 30 10:42:59 Escrow: 0.999645757255 FIL
Mar 30 10:42:59 Locked: 0.33249517244 FIL
Mar 30 10:42:59 Datacap: 3160693276672
Mar 30 10:42:59 ....
Mar 30 10:43:00 Count: 3 of 4
Mar 30 10:43:00 f019100 (1 / 1 tries):
Mar 30 10:43:01 Skipping f019100: error-ask
Mar 30 10:43:01 
Mar 30 10:43:02 Count: 3 of 4
Mar 30 10:43:02 f0157535 (1 / 1 tries):
Mar 30 10:43:03 f0421499: 23.293832210218907393 FIL (9.2G free)
Mar 30 10:43:03 Escrow: 0.999645757255 FIL
Mar 30 10:43:03 Locked: 0.33249517244 FIL
Mar 30 10:43:03 Datacap: 3160693276672
Mar 30 10:43:04 ....
Mar 30 10:43:05 Count: 3 of 4
Mar 30 10:43:05 f062353 (1 / 1 tries):
Mar 30 10:43:05 f0421499: 23.293832210218907393 FIL (9.2G free)
Mar 30 10:43:05 Escrow: 0.999645757255 FIL
Mar 30 10:43:05 Locked: 0.33249517244 FIL
Mar 30 10:43:06 Datacap: 3160693276672
Mar 30 10:43:06 ....
Mar 30 10:43:07 Count: 3 of 4
Mar 30 10:43:07 f02606 (1 / 1 tries):
Mar 30 10:43:07 f0421499: 23.293832210218907393 FIL (9.2G free)
Mar 30 10:43:07 Escrow: 0.999645757255 FIL
Mar 30 10:43:07 Locked: 0.33249517244 FIL
Mar 30 10:43:08 Datacap: 3160693276672
Mar 30 10:43:08 ....
Mar 30 10:43:09 Count: 3 of 4
Mar 30 10:43:09 f0165400 (1 / 1 tries):
Mar 30 10:43:09 f0421499: 23.293832210218907393 FIL (9.2G free)
Mar 30 10:43:10 Escrow: 0.999645757255 FIL
Mar 30 10:43:10 Locked: 0.33249517244 FIL
Mar 30 10:43:10 Datacap: 3160693276672
Mar 30 10:43:10 ....
Mar 30 10:43:11 Count: 3 of 4
Mar 30 10:43:11 f019104 (1 / 1 tries):
Mar 30 10:43:11 Skipping f019104: error-ask
Mar 30 10:43:11 
Mar 30 10:43:12 Count: 3 of 4
Mar 30 10:43:12 f0145874 (1 / 1 tries):
Mar 30 10:43:13 f0421499: 23.293832210218907393 FIL (9.2G free)
Mar 30 10:43:13 Escrow: 0.999645757255 FIL
Mar 30 10:43:13 Locked: 0.33249517244 FIL
Mar 30 10:43:13 Datacap: 3160693276672
Mar 30 10:43:13 ....
Mar 30 10:43:14 Count: 3 of 4
Mar 30 10:43:14 f019041 (1 / 1 tries):
Mar 30 10:43:15 f0421499: 23.293832210218907393 FIL (9.2G free)
Mar 30 10:43:15 Escrow: 0.999645757255 FIL
Mar 30 10:43:15 Locked: 0.33249517244 FIL
Mar 30 10:43:16 Datacap: 3160693276672
Mar 30 10:43:16 ....
Mar 30 10:43:17 Count: 3 of 4
Mar 30 10:43:17 f010479 (1 / 1 tries):
Mar 30 10:43:18 f0421499: 23.293832210218907393 FIL (9.2G free)
Mar 30 10:43:18 Escrow: 0.999645757255 FIL
Mar 30 10:43:18 Locked: 0.33249517244 FIL
Mar 30 10:43:18 Datacap: 3160693276672
Mar 30 10:43:18 ....
