Mar 30 13:22:50 Count: 3 of 4
Mar 30 13:22:50 f01240 (1 / 1 tries):
Mar 30 13:22:51 f0421499: 23.293832210218907393 FIL (8.7G free)
Mar 30 13:22:51 Escrow: 0.999645757255 FIL
Mar 30 13:22:51 Locked: 0.33249517244 FIL
Mar 30 13:22:52 Datacap: 3160693276672
Mar 30 13:22:52 ....
Mar 30 13:22:53 Count: 3 of 4
Mar 30 13:22:53 f022352 (1 / 1 tries):
Mar 30 13:22:53 f0421499: 23.293832210218907393 FIL (8.7G free)
Mar 30 13:22:54 Escrow: 0.999645757255 FIL
Mar 30 13:22:54 Locked: 0.33249517244 FIL
Mar 30 13:22:54 Datacap: 3160693276672
Mar 30 13:22:54 ....
Mar 30 13:22:55 Count: 3 of 4
Mar 30 13:22:55 f021716 (1 / 1 tries):
Mar 30 13:22:56 f0421499: 23.293832210218907393 FIL (8.7G free)
Mar 30 13:22:56 Escrow: 0.999645757255 FIL
Mar 30 13:22:56 Locked: 0.33249517244 FIL
Mar 30 13:22:57 Datacap: 3160693276672
Mar 30 13:22:57 ....
Mar 30 13:22:58 Count: 3 of 4
Mar 30 13:22:58 f0127896 (1 / 1 tries):
Mar 30 13:22:58 Skipping f0127896: min-ask
Mar 30 13:22:58 
Mar 30 13:22:59 Count: 3 of 4
Mar 30 13:22:59 f02606 (1 / 1 tries):
Mar 30 13:23:00 f0421499: 23.293832210218907393 FIL (8.7G free)
Mar 30 13:23:00 Escrow: 0.999645757255 FIL
Mar 30 13:23:00 Locked: 0.33249517244 FIL
Mar 30 13:23:01 Datacap: 3160693276672
Mar 30 13:23:01 ....
Mar 30 13:23:02 Count: 3 of 4
Mar 30 13:23:02 f014409 (1 / 1 tries):
Mar 30 13:23:03 f0421499: 23.293832210218907393 FIL (8.7G free)
Mar 30 13:23:03 Escrow: 0.999645757255 FIL
Mar 30 13:23:03 Locked: 0.33249517244 FIL
Mar 30 13:23:03 Datacap: 3160693276672
Mar 30 13:23:04 ....
Mar 30 13:23:05 Count: 3 of 4
Mar 30 13:23:05 f09848 (1 / 1 tries):
Mar 30 13:23:05 f0421499: 23.293832210218907393 FIL (8.7G free)
Mar 30 13:23:05 Escrow: 0.999645757255 FIL
Mar 30 13:23:05 Locked: 0.33249517244 FIL
Mar 30 13:23:06 Datacap: 3160693276672
Mar 30 13:23:06 ....
Mar 30 13:23:07 Count: 3 of 4
Mar 30 13:23:07 f014768 (1 / 1 tries):
Mar 30 13:23:07 f0421499: 23.293832210218907393 FIL (8.7G free)
Mar 30 13:23:08 Escrow: 0.999645757255 FIL
Mar 30 13:23:08 Locked: 0.33249517244 FIL
Mar 30 13:23:08 Datacap: 3160693276672
Mar 30 13:23:08 ....
Mar 30 13:23:09 Count: 3 of 4
Mar 30 13:23:09 f010479 (1 / 1 tries):
Mar 30 13:23:10 f0421499: 23.293832210218907393 FIL (8.7G free)
Mar 30 13:23:10 Escrow: 0.999645757255 FIL
Mar 30 13:23:10 Locked: 0.33249517244 FIL
Mar 30 13:23:11 Datacap: 3160693276672
Mar 30 13:23:11 ....
Mar 30 13:23:12 Count: 3 of 4
Mar 30 13:23:12 f023971 (1 / 1 tries):
Mar 30 13:23:12 f0421499: 23.293832210218907393 FIL (8.7G free)
Mar 30 13:23:13 Escrow: 0.999645757255 FIL
Mar 30 13:23:13 Locked: 0.33249517244 FIL
Mar 30 13:23:13 Datacap: 3160693276672
Mar 30 13:23:13 ....
Mar 30 13:23:14 Count: 3 of 4
Mar 30 13:23:14 f099608 (1 / 1 tries):
Mar 30 13:23:15 f0421499: 23.293832210218907393 FIL (8.7G free)
Mar 30 13:23:15 Escrow: 0.999645757255 FIL
Mar 30 13:23:15 Locked: 0.33249517244 FIL
Mar 30 13:23:15 Datacap: 3160693276672
Mar 30 13:23:16 ....
Mar 30 13:23:17 Count: 3 of 4
Mar 30 13:23:17 f019100 (1 / 1 tries):
Mar 30 13:23:17 Skipping f019100: error-ask
Mar 30 13:23:17 
Mar 30 13:23:18 Count: 3 of 4
Mar 30 13:23:18 f08399 (1 / 1 tries):
Mar 30 13:23:19 f0421499: 23.293832210218907393 FIL (8.7G free)
Mar 30 13:23:19 Escrow: 0.999645757255 FIL
Mar 30 13:23:19 Locked: 0.33249517244 FIL
Mar 30 13:23:19 Datacap: 3160693276672
Mar 30 13:23:19 ....
Mar 30 13:23:20 Count: 3 of 4
Mar 30 13:23:20 f023467 (1 / 1 tries):
Mar 30 13:23:21 f0421499: 23.293832210218907393 FIL (8.7G free)
Mar 30 13:23:21 Escrow: 0.999645757255 FIL
Mar 30 13:23:21 Locked: 0.33249517244 FIL
Mar 30 13:23:22 Datacap: 3160693276672
Mar 30 13:23:22 ....
Mar 30 13:23:23 Count: 3 of 4
Mar 30 13:23:23 f071624 (1 / 1 tries):
Mar 30 13:23:24 f0421499: 23.293832210218907393 FIL (8.7G free)
Mar 30 13:23:24 Escrow: 0.999645757255 FIL
Mar 30 13:23:24 Locked: 0.33249517244 FIL
Mar 30 13:23:24 Datacap: 3160693276672
Mar 30 13:23:24 ....
Mar 30 13:23:25 Count: 3 of 4
Mar 30 13:23:25 f01234 (1 / 1 tries):
Mar 30 13:23:26 f0421499: 23.293832210218907393 FIL (8.7G free)
Mar 30 13:23:26 Escrow: 0.999645757255 FIL
Mar 30 13:23:26 Locked: 0.33249517244 FIL
Mar 30 13:23:26 Datacap: 3160693276672
Mar 30 13:23:27 ....
Mar 30 13:23:28 Count: 3 of 4
Mar 30 13:23:28 f062353 (1 / 1 tries):
Mar 30 13:23:29 f0421499: 23.293832210218907393 FIL (8.7G free)
Mar 30 13:23:29 Escrow: 0.999645757255 FIL
Mar 30 13:23:29 Locked: 0.33249517244 FIL
Mar 30 13:23:29 Datacap: 3160693276672
Mar 30 13:23:30 ....
Mar 30 13:23:31 Count: 3 of 4
Mar 30 13:23:31 f01277 (1 / 1 tries):
Mar 30 13:23:31 Skipping f01277: min-ask
Mar 30 13:23:31 
Mar 30 13:23:32 Count: 3 of 4
Mar 30 13:23:32 f02576 (1 / 1 tries):
Mar 30 13:23:33 f0421499: 23.293832210218907393 FIL (8.7G free)
Mar 30 13:23:33 Escrow: 0.999645757255 FIL
Mar 30 13:23:33 Locked: 0.33249517244 FIL
Mar 30 13:23:33 Datacap: 3160693276672
Mar 30 13:23:33 ....
Mar 30 13:23:34 Count: 3 of 4
Mar 30 13:23:34 f07998 (1 / 1 tries):
Mar 30 13:23:35 f0421499: 23.293832210218907393 FIL (8.7G free)
Mar 30 13:23:35 Escrow: 0.999645757255 FIL
Mar 30 13:23:35 Locked: 0.33249517244 FIL
Mar 30 13:23:36 Datacap: 3160693276672
Mar 30 13:23:36 ....
Mar 30 13:23:37 Count: 3 of 4
Mar 30 13:23:37 f058369 (1 / 1 tries):
Mar 30 13:23:38 f0421499: 23.293832210218907393 FIL (8.7G free)
Mar 30 13:23:38 Escrow: 0.999645757255 FIL
Mar 30 13:23:38 Locked: 0.33249517244 FIL
Mar 30 13:23:38 Datacap: 3160693276672
Mar 30 13:23:39 ....
Mar 30 13:23:40 Count: 3 of 4
Mar 30 13:23:40 f0145874 (1 / 1 tries):
Mar 30 13:23:40 f0421499: 23.293832210218907393 FIL (8.7G free)
Mar 30 13:23:41 Escrow: 0.999645757255 FIL
Mar 30 13:23:41 Locked: 0.33249517244 FIL
Mar 30 13:23:41 Datacap: 3160693276672
Mar 30 13:23:41 ....
Mar 30 13:23:42 Count: 3 of 4
Mar 30 13:23:42 f019551 (1 / 1 tries):
Mar 30 13:23:43 f0421499: 23.293832210218907393 FIL (8.6G free)
Mar 30 13:23:43 Escrow: 0.999645757255 FIL
Mar 30 13:23:43 Locked: 0.33249517244 FIL
Mar 30 13:23:43 Datacap: 3160693276672
Mar 30 13:23:43 ....
Mar 30 13:23:45 Count: 3 of 4
Mar 30 13:23:45 f022142 (1 / 1 tries):
Mar 30 13:23:45 f0421499: 23.293832210218907393 FIL (8.6G free)
Mar 30 13:23:45 Escrow: 0.999645757255 FIL
Mar 30 13:23:45 Locked: 0.33249517244 FIL
Mar 30 13:23:46 Datacap: 3160693276672
Mar 30 13:23:46 ....
Mar 30 13:23:47 Count: 3 of 4
Mar 30 13:23:47 f015927 (1 / 1 tries):
Mar 30 13:23:47 Skipping f015927: min-ask
Mar 30 13:23:47 
Mar 30 13:23:48 Count: 3 of 4
Mar 30 13:23:48 f019041 (1 / 1 tries):
Mar 30 13:23:49 f0421499: 23.293832210218907393 FIL (8.6G free)
Mar 30 13:23:49 Escrow: 0.999645757255 FIL
Mar 30 13:23:49 Locked: 0.33249517244 FIL
Mar 30 13:23:49 Datacap: 3160693276672
Mar 30 13:23:49 ....
Mar 30 13:23:50 Count: 3 of 4
Mar 30 13:23:50 f08403 (1 / 1 tries):
Mar 30 13:23:51 f0421499: 23.293832210218907393 FIL (8.6G free)
Mar 30 13:23:51 Escrow: 0.999645757255 FIL
Mar 30 13:23:51 Locked: 0.33249517244 FIL
Mar 30 13:23:51 Datacap: 3160693276672
Mar 30 13:23:52 ....
Mar 30 13:23:53 Count: 3 of 4
Mar 30 13:23:53 f010617 (1 / 1 tries):
Mar 30 13:23:54 f0421499: 23.293832210218907393 FIL (8.6G free)
Mar 30 13:23:54 Escrow: 0.999645757255 FIL
Mar 30 13:23:54 Locked: 0.33249517244 FIL
Mar 30 13:23:54 Datacap: 3160693276672
Mar 30 13:23:54 ....
Mar 30 13:23:55 Count: 3 of 4
Mar 30 13:23:55 f0165400 (1 / 1 tries):
Mar 30 13:23:56 f0421499: 23.293832210218907393 FIL (8.6G free)
Mar 30 13:23:56 Escrow: 0.999645757255 FIL
Mar 30 13:23:56 Locked: 0.33249517244 FIL
Mar 30 13:23:56 Datacap: 3160693276672
Mar 30 13:23:56 ....
Mar 30 13:23:58 Count: 3 of 4
Mar 30 13:23:58 f066596 (1 / 1 tries):
Mar 30 13:23:58 f0421499: 23.293832210218907393 FIL (8.6G free)
Mar 30 13:23:58 Escrow: 0.999645757255 FIL
Mar 30 13:23:58 Locked: 0.33249517244 FIL
Mar 30 13:23:59 Datacap: 3160693276672
Mar 30 13:23:59 ....
Mar 30 13:24:00 Count: 3 of 4
Mar 30 13:24:00 f01278 (1 / 1 tries):
Mar 30 13:24:01 f0421499: 23.293832210218907393 FIL (8.6G free)
Mar 30 13:24:01 Escrow: 0.999645757255 FIL
Mar 30 13:24:01 Locked: 0.33249517244 FIL
Mar 30 13:24:01 Datacap: 3160693276672
Mar 30 13:24:02 ....
Mar 30 13:24:03 Count: 3 of 4
Mar 30 13:24:03 f0157535 (1 / 1 tries):
Mar 30 13:24:03 f0421499: 23.293832210218907393 FIL (8.6G free)
Mar 30 13:24:03 Escrow: 0.999645757255 FIL
Mar 30 13:24:03 Locked: 0.33249517244 FIL
Mar 30 13:24:03 Datacap: 3160693276672
Mar 30 13:24:04 ....
Mar 30 13:24:05 Count: 3 of 4
Mar 30 13:24:05 f019362 (1 / 1 tries):
Mar 30 13:24:06 f0421499: 23.293832210218907393 FIL (8.6G free)
Mar 30 13:24:06 Escrow: 0.999645757255 FIL
Mar 30 13:24:06 Locked: 0.33249517244 FIL
Mar 30 13:24:06 Datacap: 3160693276672
Mar 30 13:24:06 ....
Mar 30 13:24:07 Count: 3 of 4
Mar 30 13:24:07 f01247 (1 / 1 tries):
Mar 30 13:24:08 f0421499: 23.293832210218907393 FIL (8.6G free)
Mar 30 13:24:08 Escrow: 0.999645757255 FIL
Mar 30 13:24:08 Locked: 0.33249517244 FIL
Mar 30 13:24:08 Datacap: 3160693276672
Mar 30 13:24:08 ....
Mar 30 13:24:09 Count: 3 of 4
Mar 30 13:24:09 f019104 (1 / 1 tries):
Mar 30 13:24:10 Skipping f019104: error-ask
Mar 30 13:24:10 
Mar 30 13:24:11 Count: 3 of 4
Mar 30 13:24:11 f022163 (1 / 1 tries):
Mar 30 13:24:12 f0421499: 23.293832210218907393 FIL (8.6G free)
Mar 30 13:24:12 Escrow: 0.999645757255 FIL
Mar 30 13:24:12 Locked: 0.33249517244 FIL
Mar 30 13:24:12 Datacap: 3160693276672
Mar 30 13:24:12 ....
