Mar 30 05:14:58 Count: 3 of 4
Mar 30 05:14:58 f01278 (1 / 1 tries):
Mar 30 05:14:59 f0421499: 23.293832210218907393 FIL (11G free)
Mar 30 05:14:59 Escrow: 0.999645757255 FIL
Mar 30 05:14:59 Locked: 0.33249517244 FIL
Mar 30 05:14:59 Datacap: 3160693276672
Mar 30 05:14:59 ....
Mar 30 05:15:00 Count: 3 of 4
Mar 30 05:15:00 f023971 (1 / 1 tries):
Mar 30 05:15:01 f0421499: 23.293832210218907393 FIL (11G free)
Mar 30 05:15:01 Escrow: 0.999645757255 FIL
Mar 30 05:15:01 Locked: 0.33249517244 FIL
Mar 30 05:15:01 Datacap: 3160693276672
Mar 30 05:15:02 ....
Mar 30 05:15:03 Count: 3 of 4
Mar 30 05:15:03 f0157535 (1 / 1 tries):
Mar 30 05:15:04 f0421499: 23.293832210218907393 FIL (11G free)
Mar 30 05:15:04 Escrow: 0.999645757255 FIL
Mar 30 05:15:04 Locked: 0.33249517244 FIL
Mar 30 05:15:04 Datacap: 3160693276672
Mar 30 05:15:04 ....
Mar 30 05:15:05 Count: 3 of 4
Mar 30 05:15:05 f010479 (1 / 1 tries):
Mar 30 05:15:06 f0421499: 23.293832210218907393 FIL (11G free)
Mar 30 05:15:06 Escrow: 0.999645757255 FIL
Mar 30 05:15:06 Locked: 0.33249517244 FIL
Mar 30 05:15:07 Datacap: 3160693276672
Mar 30 05:15:07 ....
Mar 30 05:15:08 Count: 3 of 4
Mar 30 05:15:08 f019104 (1 / 1 tries):
Mar 30 05:15:08 Skipping f019104: error-ask
Mar 30 05:15:08 
Mar 30 05:15:09 Count: 3 of 4
Mar 30 05:15:09 f099608 (1 / 1 tries):
Mar 30 05:15:09 f0421499: 23.293832210218907393 FIL (11G free)
Mar 30 05:15:10 Escrow: 0.999645757255 FIL
Mar 30 05:15:10 Locked: 0.33249517244 FIL
Mar 30 05:15:10 Datacap: 3160693276672
Mar 30 05:15:10 ....
Mar 30 05:15:11 Count: 3 of 4
Mar 30 05:15:11 f014768 (1 / 1 tries):
Mar 30 05:15:12 f0421499: 23.293832210218907393 FIL (11G free)
Mar 30 05:15:12 Escrow: 0.999645757255 FIL
Mar 30 05:15:12 Locked: 0.33249517244 FIL
Mar 30 05:15:12 Datacap: 3160693276672
Mar 30 05:15:13 ....
Mar 30 05:15:14 Count: 3 of 4
Mar 30 05:15:14 f015927 (1 / 1 tries):
Mar 30 05:15:14 Skipping f015927: min-ask
Mar 30 05:15:14 
Mar 30 05:15:15 Count: 3 of 4
Mar 30 05:15:15 f01247 (1 / 1 tries):
Mar 30 05:15:16 f0421499: 23.293832210218907393 FIL (11G free)
Mar 30 05:15:16 Escrow: 0.999645757255 FIL
Mar 30 05:15:16 Locked: 0.33249517244 FIL
Mar 30 05:15:16 Datacap: 3160693276672
Mar 30 05:15:16 ....
Mar 30 05:15:17 Count: 3 of 4
Mar 30 05:15:17 f066596 (1 / 1 tries):
Mar 30 05:15:18 f0421499: 23.293832210218907393 FIL (11G free)
Mar 30 05:15:19 Escrow: 0.999645757255 FIL
Mar 30 05:15:19 Locked: 0.33249517244 FIL
Mar 30 05:15:19 Datacap: 3160693276672
Mar 30 05:15:20 ....
Mar 30 05:15:21 Count: 3 of 4
Mar 30 05:15:21 f058369 (1 / 1 tries):
Mar 30 05:15:21 f0421499: 23.293832210218907393 FIL (11G free)
Mar 30 05:15:21 Escrow: 0.999645757255 FIL
Mar 30 05:15:21 Locked: 0.33249517244 FIL
Mar 30 05:15:22 Datacap: 3160693276672
Mar 30 05:15:22 ....
Mar 30 05:15:23 Count: 3 of 4
Mar 30 05:15:23 f023467 (1 / 1 tries):
Mar 30 05:15:24 f0421499: 23.293832210218907393 FIL (11G free)
Mar 30 05:15:24 Escrow: 0.999645757255 FIL
Mar 30 05:15:24 Locked: 0.33249517244 FIL
Mar 30 05:15:25 Datacap: 3160693276672
Mar 30 05:15:25 ....
Mar 30 05:15:26 Count: 3 of 4
Mar 30 05:15:26 f07998 (1 / 1 tries):
Mar 30 05:15:27 f0421499: 23.293832210218907393 FIL (11G free)
Mar 30 05:15:27 Escrow: 0.999645757255 FIL
Mar 30 05:15:27 Locked: 0.33249517244 FIL
Mar 30 05:15:28 Datacap: 3160693276672
Mar 30 05:15:28 ....
Mar 30 05:15:29 Count: 3 of 4
Mar 30 05:15:29 f010617 (1 / 1 tries):
Mar 30 05:15:29 f0421499: 23.293832210218907393 FIL (11G free)
Mar 30 05:15:30 Escrow: 0.999645757255 FIL
Mar 30 05:15:30 Locked: 0.33249517244 FIL
Mar 30 05:15:30 Datacap: 3160693276672
Mar 30 05:15:30 ....
Mar 30 05:15:31 Count: 3 of 4
Mar 30 05:15:31 f019041 (1 / 1 tries):
Mar 30 05:15:32 f0421499: 23.293832210218907393 FIL (11G free)
Mar 30 05:15:33 Escrow: 0.999645757255 FIL
Mar 30 05:15:33 Locked: 0.33249517244 FIL
Mar 30 05:15:33 Datacap: 3160693276672
Mar 30 05:15:33 ....
Mar 30 05:15:34 Count: 3 of 4
Mar 30 05:15:34 f014409 (1 / 1 tries):
Mar 30 05:15:35 f0421499: 23.293832210218907393 FIL (11G free)
Mar 30 05:15:35 Escrow: 0.999645757255 FIL
Mar 30 05:15:35 Locked: 0.33249517244 FIL
Mar 30 05:15:36 Datacap: 3160693276672
Mar 30 05:15:36 ....
Mar 30 05:15:37 Count: 3 of 4
Mar 30 05:15:37 f08403 (1 / 1 tries):
Mar 30 05:15:38 f0421499: 23.293832210218907393 FIL (11G free)
Mar 30 05:15:38 Escrow: 0.999645757255 FIL
Mar 30 05:15:38 Locked: 0.33249517244 FIL
Mar 30 05:15:38 Datacap: 3160693276672
Mar 30 05:15:38 ....
Mar 30 05:15:39 Count: 3 of 4
Mar 30 05:15:39 f09848 (1 / 1 tries):
Mar 30 05:15:40 f0421499: 23.293832210218907393 FIL (11G free)
Mar 30 05:15:40 Escrow: 0.999645757255 FIL
Mar 30 05:15:40 Locked: 0.33249517244 FIL
Mar 30 05:15:40 Datacap: 3160693276672
Mar 30 05:15:41 ....
Mar 30 05:15:42 Count: 3 of 4
Mar 30 05:15:42 f01240 (1 / 1 tries):
Mar 30 05:15:42 f0421499: 23.293832210218907393 FIL (11G free)
Mar 30 05:15:42 Escrow: 0.999645757255 FIL
Mar 30 05:15:42 Locked: 0.33249517244 FIL
Mar 30 05:15:43 Datacap: 3160693276672
Mar 30 05:15:43 ....
Mar 30 05:15:44 Count: 3 of 4
Mar 30 05:15:44 f08399 (1 / 1 tries):
Mar 30 05:15:44 f0421499: 23.293832210218907393 FIL (11G free)
Mar 30 05:15:44 Escrow: 0.999645757255 FIL
Mar 30 05:15:44 Locked: 0.33249517244 FIL
Mar 30 05:15:44 Datacap: 3160693276672
Mar 30 05:15:45 ....
Mar 30 05:15:46 Count: 3 of 4
Mar 30 05:15:46 f0127896 (1 / 1 tries):
Mar 30 05:15:46 Skipping f0127896: min-ask
Mar 30 05:15:46 
Mar 30 05:15:47 Count: 3 of 4
Mar 30 05:15:47 f0165400 (1 / 1 tries):
Mar 30 05:15:48 f0421499: 23.293832210218907393 FIL (11G free)
Mar 30 05:15:48 Escrow: 0.999645757255 FIL
Mar 30 05:15:48 Locked: 0.33249517244 FIL
Mar 30 05:15:48 Datacap: 3160693276672
Mar 30 05:15:48 ....
Mar 30 05:15:49 Count: 3 of 4
Mar 30 05:15:49 f019100 (1 / 1 tries):
Mar 30 05:15:50 Skipping f019100: error-ask
Mar 30 05:15:50 
Mar 30 05:15:51 Count: 3 of 4
Mar 30 05:15:51 f021716 (1 / 1 tries):
Mar 30 05:15:51 f0421499: 23.293832210218907393 FIL (11G free)
Mar 30 05:15:51 Escrow: 0.999645757255 FIL
Mar 30 05:15:51 Locked: 0.33249517244 FIL
Mar 30 05:15:52 Datacap: 3160693276672
Mar 30 05:15:52 ....
Mar 30 05:15:53 Count: 3 of 4
Mar 30 05:15:53 f062353 (1 / 1 tries):
Mar 30 05:15:54 f0421499: 23.293832210218907393 FIL (11G free)
Mar 30 05:15:54 Escrow: 0.999645757255 FIL
Mar 30 05:15:54 Locked: 0.33249517244 FIL
Mar 30 05:15:54 Datacap: 3160693276672
Mar 30 05:15:55 ....
Mar 30 05:15:56 Count: 3 of 4
Mar 30 05:15:56 f02576 (1 / 1 tries):
Mar 30 05:15:56 f0421499: 23.293832210218907393 FIL (11G free)
Mar 30 05:15:56 Escrow: 0.999645757255 FIL
Mar 30 05:15:56 Locked: 0.33249517244 FIL
Mar 30 05:15:57 Datacap: 3160693276672
Mar 30 05:15:57 ....
Mar 30 05:15:58 Count: 3 of 4
Mar 30 05:15:58 f0145874 (1 / 1 tries):
Mar 30 05:15:59 f0421499: 23.293832210218907393 FIL (11G free)
Mar 30 05:15:59 Escrow: 0.999645757255 FIL
Mar 30 05:15:59 Locked: 0.33249517244 FIL
Mar 30 05:15:59 Datacap: 3160693276672
Mar 30 05:15:59 ....
Mar 30 05:16:00 Count: 3 of 4
Mar 30 05:16:00 f02606 (1 / 1 tries):
Mar 30 05:16:01 f0421499: 23.293832210218907393 FIL (11G free)
Mar 30 05:16:01 Escrow: 0.999645757255 FIL
Mar 30 05:16:01 Locked: 0.33249517244 FIL
Mar 30 05:16:02 Datacap: 3160693276672
Mar 30 05:16:02 ....
Mar 30 05:16:03 Count: 3 of 4
Mar 30 05:16:03 f022163 (1 / 1 tries):
Mar 30 05:16:04 f0421499: 23.293832210218907393 FIL (11G free)
Mar 30 05:16:04 Escrow: 0.999645757255 FIL
Mar 30 05:16:04 Locked: 0.33249517244 FIL
Mar 30 05:16:04 Datacap: 3160693276672
Mar 30 05:16:04 ....
Mar 30 05:16:05 Count: 3 of 4
Mar 30 05:16:05 f01277 (1 / 1 tries):
Mar 30 05:16:05 Skipping f01277: min-ask
Mar 30 05:16:05 
Mar 30 05:16:06 Count: 3 of 4
Mar 30 05:16:06 f019362 (1 / 1 tries):
Mar 30 05:16:07 f0421499: 23.293832210218907393 FIL (11G free)
Mar 30 05:16:07 Escrow: 0.999645757255 FIL
Mar 30 05:16:07 Locked: 0.33249517244 FIL
Mar 30 05:16:08 Datacap: 3160693276672
Mar 30 05:16:08 ....
Mar 30 05:16:09 Count: 3 of 4
Mar 30 05:16:09 f022352 (1 / 1 tries):
Mar 30 05:16:10 f0421499: 23.293832210218907393 FIL (11G free)
Mar 30 05:16:10 Escrow: 0.999645757255 FIL
Mar 30 05:16:10 Locked: 0.33249517244 FIL
Mar 30 05:16:10 Datacap: 3160693276672
Mar 30 05:16:10 ....
Mar 30 05:16:11 Count: 3 of 4
Mar 30 05:16:11 f01234 (1 / 1 tries):
Mar 30 05:16:12 f0421499: 23.293832210218907393 FIL (11G free)
Mar 30 05:16:12 Escrow: 0.999645757255 FIL
Mar 30 05:16:12 Locked: 0.33249517244 FIL
Mar 30 05:16:13 Datacap: 3160693276672
Mar 30 05:16:13 ....
Mar 30 05:16:14 Count: 3 of 4
Mar 30 05:16:14 f019551 (1 / 1 tries):
Mar 30 05:16:15 f0421499: 23.293832210218907393 FIL (11G free)
Mar 30 05:16:15 Escrow: 0.999645757255 FIL
Mar 30 05:16:15 Locked: 0.33249517244 FIL
Mar 30 05:16:15 Datacap: 3160693276672
Mar 30 05:16:15 ....
Mar 30 05:16:16 Count: 3 of 4
Mar 30 05:16:16 f022142 (1 / 1 tries):
Mar 30 05:16:17 f0421499: 23.293832210218907393 FIL (11G free)
Mar 30 05:16:17 Escrow: 0.999645757255 FIL
Mar 30 05:16:17 Locked: 0.33249517244 FIL
Mar 30 05:16:17 Datacap: 3160693276672
Mar 30 05:16:18 ....
Mar 30 05:16:19 Count: 3 of 4
Mar 30 05:16:19 f071624 (1 / 1 tries):
Mar 30 05:16:20 f0421499: 23.293832210218907393 FIL (11G free)
Mar 30 05:16:20 Escrow: 0.999645757255 FIL
Mar 30 05:16:20 Locked: 0.33249517244 FIL
Mar 30 05:16:20 Datacap: 3160693276672
Mar 30 05:16:20 ....
