Mar 30 13:18:01 Count: 3 of 4
Mar 30 13:18:01 f019551 (1 / 1 tries):
Mar 30 13:18:02 f0421499: 23.293832210218907393 FIL (8.7G free)
Mar 30 13:18:02 Escrow: 0.999645757255 FIL
Mar 30 13:18:02 Locked: 0.33249517244 FIL
Mar 30 13:18:03 Datacap: 3160693276672
Mar 30 13:18:03 ....
Mar 30 13:18:04 Count: 3 of 4
Mar 30 13:18:04 f099608 (1 / 1 tries):
Mar 30 13:18:05 f0421499: 23.293832210218907393 FIL (8.7G free)
Mar 30 13:18:05 Escrow: 0.999645757255 FIL
Mar 30 13:18:05 Locked: 0.33249517244 FIL
Mar 30 13:18:06 Datacap: 3160693276672
Mar 30 13:18:06 ....
Mar 30 13:18:07 Count: 3 of 4
Mar 30 13:18:07 f071624 (1 / 1 tries):
Mar 30 13:18:08 f0421499: 23.293832210218907393 FIL (8.7G free)
Mar 30 13:18:08 Escrow: 0.999645757255 FIL
Mar 30 13:18:08 Locked: 0.33249517244 FIL
Mar 30 13:18:08 Datacap: 3160693276672
Mar 30 13:18:09 ....
Mar 30 13:18:10 Count: 3 of 4
Mar 30 13:18:10 f02606 (1 / 1 tries):
Mar 30 13:18:10 f0421499: 23.293832210218907393 FIL (8.7G free)
Mar 30 13:18:10 Escrow: 0.999645757255 FIL
Mar 30 13:18:10 Locked: 0.33249517244 FIL
Mar 30 13:18:11 Datacap: 3160693276672
Mar 30 13:18:11 ....
Mar 30 13:18:12 Count: 3 of 4
Mar 30 13:18:12 f022163 (1 / 1 tries):
Mar 30 13:18:13 f0421499: 23.293832210218907393 FIL (8.7G free)
Mar 30 13:18:13 Escrow: 0.999645757255 FIL
Mar 30 13:18:13 Locked: 0.33249517244 FIL
Mar 30 13:18:14 Datacap: 3160693276672
Mar 30 13:18:14 ....
Mar 30 13:18:15 Count: 3 of 4
Mar 30 13:18:15 f014768 (1 / 1 tries):
Mar 30 13:18:16 f0421499: 23.293832210218907393 FIL (8.7G free)
Mar 30 13:18:16 Escrow: 0.999645757255 FIL
Mar 30 13:18:16 Locked: 0.33249517244 FIL
Mar 30 13:18:16 Datacap: 3160693276672
Mar 30 13:18:16 ....
Mar 30 13:18:17 Count: 3 of 4
Mar 30 13:18:17 f015927 (1 / 1 tries):
Mar 30 13:18:18 Skipping f015927: min-ask
Mar 30 13:18:18 
Mar 30 13:18:19 Count: 3 of 4
Mar 30 13:18:19 f0157535 (1 / 1 tries):
Mar 30 13:18:20 f0421499: 23.293832210218907393 FIL (8.7G free)
Mar 30 13:18:20 Escrow: 0.999645757255 FIL
Mar 30 13:18:20 Locked: 0.33249517244 FIL
Mar 30 13:18:20 Datacap: 3160693276672
Mar 30 13:18:20 ....
Mar 30 13:18:21 Count: 3 of 4
Mar 30 13:18:21 f09848 (1 / 1 tries):
Mar 30 13:18:22 f0421499: 23.293832210218907393 FIL (8.7G free)
Mar 30 13:18:22 Escrow: 0.999645757255 FIL
Mar 30 13:18:22 Locked: 0.33249517244 FIL
Mar 30 13:18:22 Datacap: 3160693276672
Mar 30 13:18:22 ....
Mar 30 13:18:23 Count: 3 of 4
Mar 30 13:18:23 f01277 (1 / 1 tries):
Mar 30 13:18:24 Skipping f01277: min-ask
Mar 30 13:18:24 
Mar 30 13:18:25 Count: 3 of 4
Mar 30 13:18:25 f022352 (1 / 1 tries):
Mar 30 13:18:26 f0421499: 23.293832210218907393 FIL (8.7G free)
Mar 30 13:18:26 Escrow: 0.999645757255 FIL
Mar 30 13:18:26 Locked: 0.33249517244 FIL
Mar 30 13:18:26 Datacap: 3160693276672
Mar 30 13:18:26 ....
Mar 30 13:18:27 Count: 3 of 4
Mar 30 13:18:27 f02576 (1 / 1 tries):
Mar 30 13:18:28 f0421499: 23.293832210218907393 FIL (8.7G free)
Mar 30 13:18:28 Escrow: 0.999645757255 FIL
Mar 30 13:18:28 Locked: 0.33249517244 FIL
Mar 30 13:18:28 Datacap: 3160693276672
Mar 30 13:18:29 ....
Mar 30 13:18:30 Count: 3 of 4
Mar 30 13:18:30 f058369 (1 / 1 tries):
Mar 30 13:18:30 f0421499: 23.293832210218907393 FIL (8.7G free)
Mar 30 13:18:31 Escrow: 0.999645757255 FIL
Mar 30 13:18:31 Locked: 0.33249517244 FIL
Mar 30 13:18:31 Datacap: 3160693276672
Mar 30 13:18:31 ....
Mar 30 13:18:32 Count: 3 of 4
Mar 30 13:18:32 f019041 (1 / 1 tries):
Mar 30 13:18:33 f0421499: 23.293832210218907393 FIL (8.7G free)
Mar 30 13:18:33 Escrow: 0.999645757255 FIL
Mar 30 13:18:33 Locked: 0.33249517244 FIL
Mar 30 13:18:33 Datacap: 3160693276672
Mar 30 13:18:33 ....
Mar 30 13:18:34 Count: 3 of 4
Mar 30 13:18:34 f0145874 (1 / 1 tries):
Mar 30 13:18:35 f0421499: 23.293832210218907393 FIL (8.7G free)
Mar 30 13:18:35 Escrow: 0.999645757255 FIL
Mar 30 13:18:35 Locked: 0.33249517244 FIL
Mar 30 13:18:36 Datacap: 3160693276672
Mar 30 13:18:36 ....
Mar 30 13:18:37 Count: 3 of 4
Mar 30 13:18:37 f01247 (1 / 1 tries):
Mar 30 13:18:38 f0421499: 23.293832210218907393 FIL (8.7G free)
Mar 30 13:18:38 Escrow: 0.999645757255 FIL
Mar 30 13:18:38 Locked: 0.33249517244 FIL
Mar 30 13:18:39 Datacap: 3160693276672
Mar 30 13:18:39 ....
Mar 30 13:18:40 Count: 3 of 4
Mar 30 13:18:40 f08399 (1 / 1 tries):
Mar 30 13:18:40 f0421499: 23.293832210218907393 FIL (8.7G free)
Mar 30 13:18:40 Escrow: 0.999645757255 FIL
Mar 30 13:18:40 Locked: 0.33249517244 FIL
Mar 30 13:18:41 Datacap: 3160693276672
Mar 30 13:18:41 ....
Mar 30 13:18:42 Count: 3 of 4
Mar 30 13:18:42 f01278 (1 / 1 tries):
Mar 30 13:18:43 f0421499: 23.293832210218907393 FIL (8.7G free)
Mar 30 13:18:43 Escrow: 0.999645757255 FIL
Mar 30 13:18:43 Locked: 0.33249517244 FIL
Mar 30 13:18:43 Datacap: 3160693276672
Mar 30 13:18:44 ....
Mar 30 13:18:45 Count: 3 of 4
Mar 30 13:18:45 f07998 (1 / 1 tries):
Mar 30 13:18:46 f0421499: 23.293832210218907393 FIL (8.7G free)
Mar 30 13:18:46 Escrow: 0.999645757255 FIL
Mar 30 13:18:46 Locked: 0.33249517244 FIL
Mar 30 13:18:46 Datacap: 3160693276672
Mar 30 13:18:46 ....
Mar 30 13:18:47 Count: 3 of 4
Mar 30 13:18:47 f021716 (1 / 1 tries):
Mar 30 13:18:48 f0421499: 23.293832210218907393 FIL (8.7G free)
Mar 30 13:18:48 Escrow: 0.999645757255 FIL
Mar 30 13:18:48 Locked: 0.33249517244 FIL
Mar 30 13:18:49 Datacap: 3160693276672
Mar 30 13:18:49 ....
Mar 30 13:18:50 Count: 3 of 4
Mar 30 13:18:50 f014409 (1 / 1 tries):
Mar 30 13:18:50 f0421499: 23.293832210218907393 FIL (8.7G free)
Mar 30 13:18:51 Escrow: 0.999645757255 FIL
Mar 30 13:18:51 Locked: 0.33249517244 FIL
Mar 30 13:18:51 Datacap: 3160693276672
Mar 30 13:18:51 ....
Mar 30 13:18:52 Count: 3 of 4
Mar 30 13:18:52 f023467 (1 / 1 tries):
Mar 30 13:18:52 f0421499: 23.293832210218907393 FIL (8.7G free)
Mar 30 13:18:53 Escrow: 0.999645757255 FIL
Mar 30 13:18:53 Locked: 0.33249517244 FIL
Mar 30 13:18:53 Datacap: 3160693276672
Mar 30 13:18:53 ....
Mar 30 13:18:55 Count: 3 of 4
Mar 30 13:18:55 f066596 (1 / 1 tries):
Mar 30 13:18:55 f0421499: 23.293832210218907393 FIL (8.7G free)
Mar 30 13:18:56 Escrow: 0.999645757255 FIL
Mar 30 13:18:56 Locked: 0.33249517244 FIL
Mar 30 13:18:56 Datacap: 3160693276672
Mar 30 13:18:56 ....
Mar 30 13:18:57 Count: 3 of 4
Mar 30 13:18:57 f010479 (1 / 1 tries):
Mar 30 13:18:58 f0421499: 23.293832210218907393 FIL (8.7G free)
Mar 30 13:18:58 Escrow: 0.999645757255 FIL
Mar 30 13:18:58 Locked: 0.33249517244 FIL
Mar 30 13:18:58 Datacap: 3160693276672
Mar 30 13:18:59 ....
Mar 30 13:19:00 Count: 3 of 4
Mar 30 13:19:00 f08403 (1 / 1 tries):
Mar 30 13:19:01 f0421499: 23.293832210218907393 FIL (8.7G free)
Mar 30 13:19:01 Escrow: 0.999645757255 FIL
Mar 30 13:19:01 Locked: 0.33249517244 FIL
Mar 30 13:19:01 Datacap: 3160693276672
Mar 30 13:19:02 ....
Mar 30 13:19:03 Count: 3 of 4
Mar 30 13:19:03 f019362 (1 / 1 tries):
Mar 30 13:19:03 f0421499: 23.293832210218907393 FIL (8.7G free)
Mar 30 13:19:03 Escrow: 0.999645757255 FIL
Mar 30 13:19:03 Locked: 0.33249517244 FIL
Mar 30 13:19:04 Datacap: 3160693276672
Mar 30 13:19:04 ....
Mar 30 13:19:05 Count: 3 of 4
Mar 30 13:19:05 f0165400 (1 / 1 tries):
Mar 30 13:19:06 f0421499: 23.293832210218907393 FIL (8.7G free)
Mar 30 13:19:06 Escrow: 0.999645757255 FIL
Mar 30 13:19:06 Locked: 0.33249517244 FIL
Mar 30 13:19:07 Datacap: 3160693276672
Mar 30 13:19:07 ....
Mar 30 13:19:08 Count: 3 of 4
Mar 30 13:19:08 f062353 (1 / 1 tries):
Mar 30 13:19:08 f0421499: 23.293832210218907393 FIL (8.7G free)
Mar 30 13:19:08 Escrow: 0.999645757255 FIL
Mar 30 13:19:08 Locked: 0.33249517244 FIL
Mar 30 13:19:09 Datacap: 3160693276672
Mar 30 13:19:09 ....
Mar 30 13:19:10 Count: 3 of 4
Mar 30 13:19:10 f01234 (1 / 1 tries):
Mar 30 13:19:10 f0421499: 23.293832210218907393 FIL (8.7G free)
Mar 30 13:19:10 Escrow: 0.999645757255 FIL
Mar 30 13:19:10 Locked: 0.33249517244 FIL
Mar 30 13:19:11 Datacap: 3160693276672
Mar 30 13:19:11 ....
Mar 30 13:19:12 Count: 3 of 4
Mar 30 13:19:12 f023971 (1 / 1 tries):
Mar 30 13:19:13 f0421499: 23.293832210218907393 FIL (8.7G free)
Mar 30 13:19:13 Escrow: 0.999645757255 FIL
Mar 30 13:19:13 Locked: 0.33249517244 FIL
Mar 30 13:19:13 Datacap: 3160693276672
Mar 30 13:19:14 ....
Mar 30 13:19:15 Count: 3 of 4
Mar 30 13:19:15 f019100 (1 / 1 tries):
Mar 30 13:19:15 Skipping f019100: error-ask
Mar 30 13:19:15 
Mar 30 13:19:16 Count: 3 of 4
Mar 30 13:19:16 f010617 (1 / 1 tries):
Mar 30 13:19:17 f0421499: 23.293832210218907393 FIL (8.7G free)
Mar 30 13:19:17 Escrow: 0.999645757255 FIL
Mar 30 13:19:17 Locked: 0.33249517244 FIL
Mar 30 13:19:18 Datacap: 3160693276672
Mar 30 13:19:18 ....
Mar 30 13:19:19 Count: 3 of 4
Mar 30 13:19:19 f01240 (1 / 1 tries):
Mar 30 13:19:20 f0421499: 23.293832210218907393 FIL (8.7G free)
Mar 30 13:19:20 Escrow: 0.999645757255 FIL
Mar 30 13:19:20 Locked: 0.33249517244 FIL
Mar 30 13:19:21 Datacap: 3160693276672
Mar 30 13:19:21 ....
Mar 30 13:19:22 Count: 3 of 4
Mar 30 13:19:22 f019104 (1 / 1 tries):
Mar 30 13:19:22 Skipping f019104: error-ask
Mar 30 13:19:22 
Mar 30 13:19:23 Count: 3 of 4
Mar 30 13:19:23 f0127896 (1 / 1 tries):
Mar 30 13:19:24 Skipping f0127896: min-ask
Mar 30 13:19:24 
Mar 30 13:19:25 Count: 3 of 4
Mar 30 13:19:25 f022142 (1 / 1 tries):
Mar 30 13:19:25 f0421499: 23.293832210218907393 FIL (8.7G free)
Mar 30 13:19:26 Escrow: 0.999645757255 FIL
Mar 30 13:19:26 Locked: 0.33249517244 FIL
Mar 30 13:19:26 Datacap: 3160693276672
Mar 30 13:19:26 ....
