Mar 30 03:55:57 Count: 3 of 4
Mar 30 03:55:57 f010479 (1 / 1 tries):
Mar 30 03:55:57 f0421499: 23.293832210218907393 FIL (11G free)
Mar 30 03:55:57 Escrow: 0.999645757255 FIL
Mar 30 03:55:57 Locked: 0.33249517244 FIL
Mar 30 03:55:57 Datacap: 3160693276672
Mar 30 03:55:57 ....
Mar 30 03:55:58 Count: 3 of 4
Mar 30 03:55:58 f019551 (1 / 1 tries):
Mar 30 03:55:59 f0421499: 23.293832210218907393 FIL (11G free)
Mar 30 03:55:59 Escrow: 0.999645757255 FIL
Mar 30 03:55:59 Locked: 0.33249517244 FIL
Mar 30 03:55:59 Datacap: 3160693276672
Mar 30 03:55:59 ....
Mar 30 03:56:00 Count: 3 of 4
Mar 30 03:56:00 f01234 (1 / 1 tries):
Mar 30 03:56:01 f0421499: 23.293832210218907393 FIL (11G free)
Mar 30 03:56:01 Escrow: 0.999645757255 FIL
Mar 30 03:56:01 Locked: 0.33249517244 FIL
Mar 30 03:56:01 Datacap: 3160693276672
Mar 30 03:56:01 ....
Mar 30 03:56:02 Count: 3 of 4
Mar 30 03:56:02 f019041 (1 / 1 tries):
Mar 30 03:56:02 f0421499: 23.293832210218907393 FIL (11G free)
Mar 30 03:56:03 Escrow: 0.999645757255 FIL
Mar 30 03:56:03 Locked: 0.33249517244 FIL
Mar 30 03:56:03 Datacap: 3160693276672
Mar 30 03:56:03 ....
Mar 30 03:56:04 Count: 3 of 4
Mar 30 03:56:04 f02576 (1 / 1 tries):
Mar 30 03:56:04 f0421499: 23.293832210218907393 FIL (11G free)
Mar 30 03:56:04 Escrow: 0.999645757255 FIL
Mar 30 03:56:04 Locked: 0.33249517244 FIL
Mar 30 03:56:05 Datacap: 3160693276672
Mar 30 03:56:05 ....
Mar 30 03:56:06 Count: 3 of 4
Mar 30 03:56:06 f099608 (1 / 1 tries):
Mar 30 03:56:06 f0421499: 23.293832210218907393 FIL (11G free)
Mar 30 03:56:06 Escrow: 0.999645757255 FIL
Mar 30 03:56:06 Locked: 0.33249517244 FIL
Mar 30 03:56:06 Datacap: 3160693276672
Mar 30 03:56:06 ....
Mar 30 03:56:07 Count: 3 of 4
Mar 30 03:56:07 f014409 (1 / 1 tries):
Mar 30 03:56:08 f0421499: 23.293832210218907393 FIL (11G free)
Mar 30 03:56:08 Escrow: 0.999645757255 FIL
Mar 30 03:56:08 Locked: 0.33249517244 FIL
Mar 30 03:56:08 Datacap: 3160693276672
Mar 30 03:56:08 ....
Mar 30 03:56:09 Count: 3 of 4
Mar 30 03:56:09 f09848 (1 / 1 tries):
Mar 30 03:56:10 f0421499: 23.293832210218907393 FIL (11G free)
Mar 30 03:56:10 Escrow: 0.999645757255 FIL
Mar 30 03:56:10 Locked: 0.33249517244 FIL
Mar 30 03:56:10 Datacap: 3160693276672
Mar 30 03:56:10 ....
Mar 30 03:56:11 Count: 3 of 4
Mar 30 03:56:11 f01278 (1 / 1 tries):
Mar 30 03:56:11 f0421499: 23.293832210218907393 FIL (11G free)
Mar 30 03:56:11 Escrow: 0.999645757255 FIL
Mar 30 03:56:11 Locked: 0.33249517244 FIL
Mar 30 03:56:12 Datacap: 3160693276672
Mar 30 03:56:12 ....
Mar 30 03:56:13 Count: 3 of 4
Mar 30 03:56:13 f0157535 (1 / 1 tries):
Mar 30 03:56:13 f0421499: 23.293832210218907393 FIL (11G free)
Mar 30 03:56:13 Escrow: 0.999645757255 FIL
Mar 30 03:56:13 Locked: 0.33249517244 FIL
Mar 30 03:56:14 Datacap: 3160693276672
Mar 30 03:56:14 ....
Mar 30 03:56:15 Count: 3 of 4
Mar 30 03:56:15 f022142 (1 / 1 tries):
Mar 30 03:56:15 f0421499: 23.293832210218907393 FIL (11G free)
Mar 30 03:56:15 Escrow: 0.999645757255 FIL
Mar 30 03:56:15 Locked: 0.33249517244 FIL
Mar 30 03:56:15 Datacap: 3160693276672
Mar 30 03:56:15 ....
Mar 30 03:56:16 Count: 3 of 4
Mar 30 03:56:16 f023971 (1 / 1 tries):
Mar 30 03:56:17 f0421499: 23.293832210218907393 FIL (11G free)
Mar 30 03:56:17 Escrow: 0.999645757255 FIL
Mar 30 03:56:17 Locked: 0.33249517244 FIL
Mar 30 03:56:17 Datacap: 3160693276672
Mar 30 03:56:17 ....
Mar 30 03:56:18 Count: 3 of 4
Mar 30 03:56:18 f019362 (1 / 1 tries):
Mar 30 03:56:18 f0421499: 23.293832210218907393 FIL (11G free)
Mar 30 03:56:19 Escrow: 0.999645757255 FIL
Mar 30 03:56:19 Locked: 0.33249517244 FIL
Mar 30 03:56:19 Datacap: 3160693276672
Mar 30 03:56:19 ....
Mar 30 03:56:20 Count: 3 of 4
Mar 30 03:56:20 f023467 (1 / 1 tries):
Mar 30 03:56:20 f0421499: 23.293832210218907393 FIL (11G free)
Mar 30 03:56:20 Escrow: 0.999645757255 FIL
Mar 30 03:56:20 Locked: 0.33249517244 FIL
Mar 30 03:56:21 Datacap: 3160693276672
Mar 30 03:56:21 ....
Mar 30 03:56:22 Count: 3 of 4
Mar 30 03:56:22 f062353 (1 / 1 tries):
Mar 30 03:56:22 f0421499: 23.293832210218907393 FIL (11G free)
Mar 30 03:56:22 Escrow: 0.999645757255 FIL
Mar 30 03:56:22 Locked: 0.33249517244 FIL
Mar 30 03:56:22 Datacap: 3160693276672
Mar 30 03:56:22 ....
Mar 30 03:56:23 Count: 3 of 4
Mar 30 03:56:23 f01247 (1 / 1 tries):
Mar 30 03:56:24 f0421499: 23.293832210218907393 FIL (11G free)
Mar 30 03:56:24 Escrow: 0.999645757255 FIL
Mar 30 03:56:24 Locked: 0.33249517244 FIL
Mar 30 03:56:24 Datacap: 3160693276672
Mar 30 03:56:24 ....
Mar 30 03:56:25 Count: 3 of 4
Mar 30 03:56:25 f0145874 (1 / 1 tries):
Mar 30 03:56:25 f0421499: 23.293832210218907393 FIL (11G free)
Mar 30 03:56:25 Escrow: 0.999645757255 FIL
Mar 30 03:56:25 Locked: 0.33249517244 FIL
Mar 30 03:56:26 Datacap: 3160693276672
Mar 30 03:56:26 ....
Mar 30 03:56:27 Count: 3 of 4
Mar 30 03:56:27 f015927 (1 / 1 tries):
Mar 30 03:56:27 Skipping f015927: min-ask
Mar 30 03:56:27 
Mar 30 03:56:28 Count: 3 of 4
Mar 30 03:56:28 f022352 (1 / 1 tries):
Mar 30 03:56:29 f0421499: 23.293832210218907393 FIL (11G free)
Mar 30 03:56:29 Escrow: 0.999645757255 FIL
Mar 30 03:56:29 Locked: 0.33249517244 FIL
Mar 30 03:56:29 Datacap: 3160693276672
Mar 30 03:56:29 ....
Mar 30 03:56:30 Count: 3 of 4
Mar 30 03:56:30 f08403 (1 / 1 tries):
Mar 30 03:56:30 f0421499: 23.293832210218907393 FIL (11G free)
Mar 30 03:56:30 Escrow: 0.999645757255 FIL
Mar 30 03:56:30 Locked: 0.33249517244 FIL
Mar 30 03:56:31 Datacap: 3160693276672
Mar 30 03:56:31 ....
Mar 30 03:56:32 Count: 3 of 4
Mar 30 03:56:32 f071624 (1 / 1 tries):
Mar 30 03:56:32 f0421499: 23.293832210218907393 FIL (11G free)
Mar 30 03:56:32 Escrow: 0.999645757255 FIL
Mar 30 03:56:32 Locked: 0.33249517244 FIL
Mar 30 03:56:32 Datacap: 3160693276672
Mar 30 03:56:32 ....
Mar 30 03:56:33 Count: 3 of 4
Mar 30 03:56:33 f07998 (1 / 1 tries):
Mar 30 03:56:34 f0421499: 23.293832210218907393 FIL (11G free)
Mar 30 03:56:34 Escrow: 0.999645757255 FIL
Mar 30 03:56:34 Locked: 0.33249517244 FIL
Mar 30 03:56:34 Datacap: 3160693276672
Mar 30 03:56:34 ....
Mar 30 03:56:35 Count: 3 of 4
Mar 30 03:56:35 f02606 (1 / 1 tries):
Mar 30 03:56:36 f0421499: 23.293832210218907393 FIL (11G free)
Mar 30 03:56:36 Escrow: 0.999645757255 FIL
Mar 30 03:56:36 Locked: 0.33249517244 FIL
Mar 30 03:56:36 Datacap: 3160693276672
Mar 30 03:56:36 ....
Mar 30 03:56:37 Count: 3 of 4
Mar 30 03:56:37 f08399 (1 / 1 tries):
Mar 30 03:56:37 f0421499: 23.293832210218907393 FIL (11G free)
Mar 30 03:56:37 Escrow: 0.999645757255 FIL
Mar 30 03:56:37 Locked: 0.33249517244 FIL
Mar 30 03:56:38 Datacap: 3160693276672
Mar 30 03:56:38 ....
Mar 30 03:56:39 Count: 3 of 4
Mar 30 03:56:39 f01277 (1 / 1 tries):
Mar 30 03:56:39 Skipping f01277: min-ask
Mar 30 03:56:39 
Mar 30 03:56:40 Count: 3 of 4
Mar 30 03:56:40 f019104 (1 / 1 tries):
Mar 30 03:56:40 Skipping f019104: error-ask
Mar 30 03:56:40 
Mar 30 03:56:41 Count: 3 of 4
Mar 30 03:56:41 f010617 (1 / 1 tries):
Mar 30 03:56:42 f0421499: 23.293832210218907393 FIL (11G free)
Mar 30 03:56:42 Escrow: 0.999645757255 FIL
Mar 30 03:56:42 Locked: 0.33249517244 FIL
Mar 30 03:56:42 Datacap: 3160693276672
Mar 30 03:56:42 ....
Mar 30 03:56:43 Count: 3 of 4
Mar 30 03:56:43 f021716 (1 / 1 tries):
Mar 30 03:56:43 f0421499: 23.293832210218907393 FIL (11G free)
Mar 30 03:56:43 Escrow: 0.999645757255 FIL
Mar 30 03:56:43 Locked: 0.33249517244 FIL
Mar 30 03:56:44 Datacap: 3160693276672
Mar 30 03:56:44 ....
Mar 30 03:56:45 Count: 3 of 4
Mar 30 03:56:45 f058369 (1 / 1 tries):
Mar 30 03:56:45 f0421499: 23.293832210218907393 FIL (11G free)
Mar 30 03:56:45 Escrow: 0.999645757255 FIL
Mar 30 03:56:45 Locked: 0.33249517244 FIL
Mar 30 03:56:45 Datacap: 3160693276672
Mar 30 03:56:45 ....
Mar 30 03:56:46 Count: 3 of 4
Mar 30 03:56:46 f01240 (1 / 1 tries):
Mar 30 03:56:47 f0421499: 23.293832210218907393 FIL (11G free)
Mar 30 03:56:47 Escrow: 0.999645757255 FIL
Mar 30 03:56:47 Locked: 0.33249517244 FIL
Mar 30 03:56:47 Datacap: 3160693276672
Mar 30 03:56:47 ....
Mar 30 03:56:48 Count: 3 of 4
Mar 30 03:56:48 f0127896 (1 / 1 tries):
Mar 30 03:56:49 Skipping f0127896: min-ask
Mar 30 03:56:49 
Mar 30 03:56:50 Count: 3 of 4
Mar 30 03:56:50 f066596 (1 / 1 tries):
Mar 30 03:56:50 f0421499: 23.293832210218907393 FIL (11G free)
Mar 30 03:56:50 Escrow: 0.999645757255 FIL
Mar 30 03:56:50 Locked: 0.33249517244 FIL
Mar 30 03:56:50 Datacap: 3160693276672
Mar 30 03:56:50 ....
Mar 30 03:56:51 Count: 3 of 4
Mar 30 03:56:51 f0165400 (1 / 1 tries):
Mar 30 03:56:52 f0421499: 23.293832210218907393 FIL (11G free)
Mar 30 03:56:52 Escrow: 0.999645757255 FIL
Mar 30 03:56:52 Locked: 0.33249517244 FIL
Mar 30 03:56:52 Datacap: 3160693276672
Mar 30 03:56:52 ....
Mar 30 03:56:53 Count: 3 of 4
Mar 30 03:56:53 f019100 (1 / 1 tries):
Mar 30 03:56:53 Skipping f019100: error-ask
Mar 30 03:56:53 
Mar 30 03:56:54 Count: 3 of 4
Mar 30 03:56:54 f022163 (1 / 1 tries):
Mar 30 03:56:55 f0421499: 23.293832210218907393 FIL (11G free)
Mar 30 03:56:55 Escrow: 0.999645757255 FIL
Mar 30 03:56:55 Locked: 0.33249517244 FIL
Mar 30 03:56:55 Datacap: 3160693276672
Mar 30 03:56:55 ....
Mar 30 03:56:56 Count: 3 of 4
Mar 30 03:56:56 f014768 (1 / 1 tries):
Mar 30 03:56:56 f0421499: 23.293832210218907393 FIL (11G free)
Mar 30 03:56:57 Escrow: 0.999645757255 FIL
Mar 30 03:56:57 Locked: 0.33249517244 FIL
Mar 30 03:56:57 Datacap: 3160693276672
Mar 30 03:56:57 ....
