Mar 30 07:19:42 Count: 3 of 4
Mar 30 07:19:42 f099608 (1 / 1 tries):
Mar 30 07:19:42 f0421499: 23.293832210218907393 FIL (9.7G free)
Mar 30 07:19:43 Escrow: 0.999645757255 FIL
Mar 30 07:19:43 Locked: 0.33249517244 FIL
Mar 30 07:19:43 Datacap: 3160693276672
Mar 30 07:19:43 ....
Mar 30 07:19:44 Count: 3 of 4
Mar 30 07:19:44 f019362 (1 / 1 tries):
Mar 30 07:19:45 f0421499: 23.293832210218907393 FIL (9.7G free)
Mar 30 07:19:45 Escrow: 0.999645757255 FIL
Mar 30 07:19:45 Locked: 0.33249517244 FIL
Mar 30 07:19:46 Datacap: 3160693276672
Mar 30 07:19:46 ....
Mar 30 07:19:47 Count: 3 of 4
Mar 30 07:19:47 f021716 (1 / 1 tries):
Mar 30 07:19:48 f0421499: 23.293832210218907393 FIL (9.7G free)
Mar 30 07:19:48 Escrow: 0.999645757255 FIL
Mar 30 07:19:48 Locked: 0.33249517244 FIL
Mar 30 07:19:48 Datacap: 3160693276672
Mar 30 07:19:48 ....
Mar 30 07:19:49 Count: 3 of 4
Mar 30 07:19:49 f022163 (1 / 1 tries):
Mar 30 07:19:50 f0421499: 23.293832210218907393 FIL (9.7G free)
Mar 30 07:19:50 Escrow: 0.999645757255 FIL
Mar 30 07:19:50 Locked: 0.33249517244 FIL
Mar 30 07:19:51 Datacap: 3160693276672
Mar 30 07:19:51 ....
Mar 30 07:19:52 Count: 3 of 4
Mar 30 07:19:52 f02576 (1 / 1 tries):
Mar 30 07:19:53 f0421499: 23.293832210218907393 FIL (9.7G free)
Mar 30 07:19:53 Escrow: 0.999645757255 FIL
Mar 30 07:19:53 Locked: 0.33249517244 FIL
Mar 30 07:19:53 Datacap: 3160693276672
Mar 30 07:19:53 ....
Mar 30 07:19:54 Count: 3 of 4
Mar 30 07:19:54 f01240 (1 / 1 tries):
Mar 30 07:19:55 f0421499: 23.293832210218907393 FIL (9.7G free)
Mar 30 07:19:55 Escrow: 0.999645757255 FIL
Mar 30 07:19:55 Locked: 0.33249517244 FIL
Mar 30 07:19:55 Datacap: 3160693276672
Mar 30 07:19:56 ....
Mar 30 07:19:57 Count: 3 of 4
Mar 30 07:19:57 f062353 (1 / 1 tries):
Mar 30 07:19:57 f0421499: 23.293832210218907393 FIL (9.7G free)
Mar 30 07:19:57 Escrow: 0.999645757255 FIL
Mar 30 07:19:57 Locked: 0.33249517244 FIL
Mar 30 07:19:58 Datacap: 3160693276672
Mar 30 07:19:58 ....
Mar 30 07:19:59 Count: 3 of 4
Mar 30 07:19:59 f01234 (1 / 1 tries):
Mar 30 07:20:00 f0421499: 23.293832210218907393 FIL (9.7G free)
Mar 30 07:20:00 Escrow: 0.999645757255 FIL
Mar 30 07:20:00 Locked: 0.33249517244 FIL
Mar 30 07:20:00 Datacap: 3160693276672
Mar 30 07:20:01 ....
Mar 30 07:20:02 Count: 3 of 4
Mar 30 07:20:02 f0145874 (1 / 1 tries):
Mar 30 07:20:02 f0421499: 23.293832210218907393 FIL (9.7G free)
Mar 30 07:20:02 Escrow: 0.999645757255 FIL
Mar 30 07:20:02 Locked: 0.33249517244 FIL
Mar 30 07:20:03 Datacap: 3160693276672
Mar 30 07:20:03 ....
Mar 30 07:20:04 Count: 3 of 4
Mar 30 07:20:04 f019100 (1 / 1 tries):
Mar 30 07:20:04 Skipping f019100: error-ask
Mar 30 07:20:04 
Mar 30 07:20:06 Count: 3 of 4
Mar 30 07:20:06 f01277 (1 / 1 tries):
Mar 30 07:20:06 Skipping f01277: min-ask
Mar 30 07:20:06 
Mar 30 07:20:07 Count: 3 of 4
Mar 30 07:20:07 f066596 (1 / 1 tries):
Mar 30 07:20:08 f0421499: 23.293832210218907393 FIL (9.7G free)
Mar 30 07:20:08 Escrow: 0.999645757255 FIL
Mar 30 07:20:08 Locked: 0.33249517244 FIL
Mar 30 07:20:08 Datacap: 3160693276672
Mar 30 07:20:09 ....
Mar 30 07:20:10 Count: 3 of 4
Mar 30 07:20:10 f01247 (1 / 1 tries):
Mar 30 07:20:10 f0421499: 23.293832210218907393 FIL (9.7G free)
Mar 30 07:20:10 Escrow: 0.999645757255 FIL
Mar 30 07:20:10 Locked: 0.33249517244 FIL
Mar 30 07:20:10 Datacap: 3160693276672
Mar 30 07:20:11 ....
Mar 30 07:20:12 Count: 3 of 4
Mar 30 07:20:12 f019041 (1 / 1 tries):
Mar 30 07:20:12 f0421499: 23.293832210218907393 FIL (9.7G free)
Mar 30 07:20:13 Escrow: 0.999645757255 FIL
Mar 30 07:20:13 Locked: 0.33249517244 FIL
Mar 30 07:20:13 Datacap: 3160693276672
Mar 30 07:20:13 ....
Mar 30 07:20:14 Count: 3 of 4
Mar 30 07:20:14 f01278 (1 / 1 tries):
Mar 30 07:20:15 f0421499: 23.293832210218907393 FIL (9.7G free)
Mar 30 07:20:15 Escrow: 0.999645757255 FIL
Mar 30 07:20:15 Locked: 0.33249517244 FIL
Mar 30 07:20:15 Datacap: 3160693276672
Mar 30 07:20:15 ....
Mar 30 07:20:16 Count: 3 of 4
Mar 30 07:20:16 f0165400 (1 / 1 tries):
Mar 30 07:20:17 f0421499: 23.293832210218907393 FIL (9.7G free)
Mar 30 07:20:17 Escrow: 0.999645757255 FIL
Mar 30 07:20:17 Locked: 0.33249517244 FIL
Mar 30 07:20:18 Datacap: 3160693276672
Mar 30 07:20:18 ....
Mar 30 07:20:19 Count: 3 of 4
Mar 30 07:20:19 f022352 (1 / 1 tries):
Mar 30 07:20:20 f0421499: 23.293832210218907393 FIL (9.7G free)
Mar 30 07:20:20 Escrow: 0.999645757255 FIL
Mar 30 07:20:20 Locked: 0.33249517244 FIL
Mar 30 07:20:20 Datacap: 3160693276672
Mar 30 07:20:20 ....
Mar 30 07:20:21 Count: 3 of 4
Mar 30 07:20:21 f015927 (1 / 1 tries):
Mar 30 07:20:22 Skipping f015927: min-ask
Mar 30 07:20:22 
Mar 30 07:20:23 Count: 3 of 4
Mar 30 07:20:23 f023467 (1 / 1 tries):
Mar 30 07:20:23 f0421499: 23.293832210218907393 FIL (9.7G free)
Mar 30 07:20:24 Escrow: 0.999645757255 FIL
Mar 30 07:20:24 Locked: 0.33249517244 FIL
Mar 30 07:20:24 Datacap: 3160693276672
Mar 30 07:20:25 ....
Mar 30 07:20:26 Count: 3 of 4
Mar 30 07:20:26 f022142 (1 / 1 tries):
Mar 30 07:20:26 f0421499: 23.293832210218907393 FIL (9.7G free)
Mar 30 07:20:26 Escrow: 0.999645757255 FIL
Mar 30 07:20:26 Locked: 0.33249517244 FIL
Mar 30 07:20:27 Datacap: 3160693276672
Mar 30 07:20:27 ....
Mar 30 07:20:28 Count: 3 of 4
Mar 30 07:20:28 f023971 (1 / 1 tries):
Mar 30 07:20:29 f0421499: 23.293832210218907393 FIL (9.7G free)
Mar 30 07:20:29 Escrow: 0.999645757255 FIL
Mar 30 07:20:29 Locked: 0.33249517244 FIL
Mar 30 07:20:29 Datacap: 3160693276672
Mar 30 07:20:30 ....
Mar 30 07:20:31 Count: 3 of 4
Mar 30 07:20:31 f010617 (1 / 1 tries):
Mar 30 07:20:31 f0421499: 23.293832210218907393 FIL (9.7G free)
Mar 30 07:20:32 Escrow: 0.999645757255 FIL
Mar 30 07:20:32 Locked: 0.33249517244 FIL
Mar 30 07:20:32 Datacap: 3160693276672
Mar 30 07:20:32 ....
Mar 30 07:20:33 Count: 3 of 4
Mar 30 07:20:33 f07998 (1 / 1 tries):
Mar 30 07:20:34 f0421499: 23.293832210218907393 FIL (9.7G free)
Mar 30 07:20:34 Escrow: 0.999645757255 FIL
Mar 30 07:20:34 Locked: 0.33249517244 FIL
Mar 30 07:20:35 Datacap: 3160693276672
Mar 30 07:20:35 ....
Mar 30 07:20:36 Count: 3 of 4
Mar 30 07:20:36 f019551 (1 / 1 tries):
Mar 30 07:20:36 f0421499: 23.293832210218907393 FIL (9.7G free)
Mar 30 07:20:37 Escrow: 0.999645757255 FIL
Mar 30 07:20:37 Locked: 0.33249517244 FIL
Mar 30 07:20:37 Datacap: 3160693276672
Mar 30 07:20:37 ....
Mar 30 07:20:38 Count: 3 of 4
Mar 30 07:20:38 f0157535 (1 / 1 tries):
Mar 30 07:20:39 f0421499: 23.293832210218907393 FIL (9.7G free)
Mar 30 07:20:39 Escrow: 0.999645757255 FIL
Mar 30 07:20:39 Locked: 0.33249517244 FIL
Mar 30 07:20:40 Datacap: 3160693276672
Mar 30 07:20:40 ....
Mar 30 07:20:41 Count: 3 of 4
Mar 30 07:20:41 f019104 (1 / 1 tries):
Mar 30 07:20:41 Skipping f019104: error-ask
Mar 30 07:20:41 
Mar 30 07:20:42 Count: 3 of 4
Mar 30 07:20:42 f08399 (1 / 1 tries):
Mar 30 07:20:43 f0421499: 23.293832210218907393 FIL (9.7G free)
Mar 30 07:20:43 Escrow: 0.999645757255 FIL
Mar 30 07:20:43 Locked: 0.33249517244 FIL
Mar 30 07:20:44 Datacap: 3160693276672
Mar 30 07:20:44 ....
Mar 30 07:20:45 Count: 3 of 4
Mar 30 07:20:45 f058369 (1 / 1 tries):
Mar 30 07:20:45 f0421499: 23.293832210218907393 FIL (9.7G free)
Mar 30 07:20:45 Escrow: 0.999645757255 FIL
Mar 30 07:20:45 Locked: 0.33249517244 FIL
Mar 30 07:20:45 Datacap: 3160693276672
Mar 30 07:20:45 ....
Mar 30 07:20:46 Count: 3 of 4
Mar 30 07:20:46 f08403 (1 / 1 tries):
Mar 30 07:20:47 f0421499: 23.293832210218907393 FIL (9.7G free)
Mar 30 07:20:47 Escrow: 0.999645757255 FIL
Mar 30 07:20:47 Locked: 0.33249517244 FIL
Mar 30 07:20:48 Datacap: 3160693276672
Mar 30 07:20:48 ....
Mar 30 07:20:49 Count: 3 of 4
Mar 30 07:20:49 f02606 (1 / 1 tries):
Mar 30 07:20:49 f0421499: 23.293832210218907393 FIL (9.7G free)
Mar 30 07:20:50 Escrow: 0.999645757255 FIL
Mar 30 07:20:50 Locked: 0.33249517244 FIL
Mar 30 07:20:50 Datacap: 3160693276672
Mar 30 07:20:50 ....
Mar 30 07:20:51 Count: 3 of 4
Mar 30 07:20:51 f0127896 (1 / 1 tries):
Mar 30 07:20:51 Skipping f0127896: min-ask
Mar 30 07:20:51 
Mar 30 07:20:52 Count: 3 of 4
Mar 30 07:20:52 f014409 (1 / 1 tries):
Mar 30 07:20:53 f0421499: 23.293832210218907393 FIL (9.7G free)
Mar 30 07:20:53 Escrow: 0.999645757255 FIL
Mar 30 07:20:53 Locked: 0.33249517244 FIL
Mar 30 07:20:53 Datacap: 3160693276672
Mar 30 07:20:53 ....
Mar 30 07:20:54 Count: 3 of 4
Mar 30 07:20:54 f071624 (1 / 1 tries):
Mar 30 07:20:55 f0421499: 23.293832210218907393 FIL (9.7G free)
Mar 30 07:20:55 Escrow: 0.999645757255 FIL
Mar 30 07:20:55 Locked: 0.33249517244 FIL
Mar 30 07:20:55 Datacap: 3160693276672
Mar 30 07:20:55 ....
Mar 30 07:20:56 Count: 3 of 4
Mar 30 07:20:56 f010479 (1 / 1 tries):
Mar 30 07:20:57 f0421499: 23.293832210218907393 FIL (9.7G free)
Mar 30 07:20:57 Escrow: 0.999645757255 FIL
Mar 30 07:20:57 Locked: 0.33249517244 FIL
Mar 30 07:20:58 Datacap: 3160693276672
Mar 30 07:20:58 ....
Mar 30 07:20:59 Count: 3 of 4
Mar 30 07:20:59 f014768 (1 / 1 tries):
Mar 30 07:20:59 f0421499: 23.293832210218907393 FIL (9.7G free)
Mar 30 07:21:00 Escrow: 0.999645757255 FIL
Mar 30 07:21:00 Locked: 0.33249517244 FIL
Mar 30 07:21:00 Datacap: 3160693276672
Mar 30 07:21:00 ....
Mar 30 07:21:01 Count: 3 of 4
Mar 30 07:21:01 f09848 (1 / 1 tries):
Mar 30 07:21:02 f0421499: 23.293832210218907393 FIL (9.7G free)
Mar 30 07:21:03 Escrow: 0.999645757255 FIL
Mar 30 07:21:03 Locked: 0.33249517244 FIL
Mar 30 07:21:03 Datacap: 3160693276672
Mar 30 07:21:04 ....
