Mar 30 14:21:46 Count: 3 of 4
Mar 30 14:21:46 f022142 (1 / 1 tries):
Mar 30 14:21:46 f0421499: 23.293832210218907393 FIL (8.5G free)
Mar 30 14:21:47 Escrow: 0.999645757255 FIL
Mar 30 14:21:47 Locked: 0.33249517244 FIL
Mar 30 14:21:47 Datacap: 3160693276672
Mar 30 14:21:47 ....
Mar 30 14:21:48 Count: 3 of 4
Mar 30 14:21:48 f08399 (1 / 1 tries):
Mar 30 14:21:49 f0421499: 23.293832210218907393 FIL (8.5G free)
Mar 30 14:21:49 Escrow: 0.999645757255 FIL
Mar 30 14:21:49 Locked: 0.33249517244 FIL
Mar 30 14:21:49 Datacap: 3160693276672
Mar 30 14:21:49 ....
Mar 30 14:21:50 Count: 3 of 4
Mar 30 14:21:50 f023971 (1 / 1 tries):
Mar 30 14:21:51 f0421499: 23.293832210218907393 FIL (8.5G free)
Mar 30 14:21:51 Escrow: 0.999645757255 FIL
Mar 30 14:21:51 Locked: 0.33249517244 FIL
Mar 30 14:21:51 Datacap: 3160693276672
Mar 30 14:21:52 ....
Mar 30 14:21:53 Count: 3 of 4
Mar 30 14:21:53 f015927 (1 / 1 tries):
Mar 30 14:21:53 Skipping f015927: min-ask
Mar 30 14:21:53 
Mar 30 14:21:54 Count: 3 of 4
Mar 30 14:21:54 f08403 (1 / 1 tries):
Mar 30 14:21:55 f0421499: 23.293832210218907393 FIL (8.5G free)
Mar 30 14:21:55 Escrow: 0.999645757255 FIL
Mar 30 14:21:55 Locked: 0.33249517244 FIL
Mar 30 14:21:55 Datacap: 3160693276672
Mar 30 14:21:56 ....
Mar 30 14:21:57 Count: 3 of 4
Mar 30 14:21:57 f066596 (1 / 1 tries):
Mar 30 14:21:57 f0421499: 23.293832210218907393 FIL (8.5G free)
Mar 30 14:21:57 Escrow: 0.999645757255 FIL
Mar 30 14:21:57 Locked: 0.33249517244 FIL
Mar 30 14:21:58 Datacap: 3160693276672
Mar 30 14:21:58 ....
Mar 30 14:21:59 Count: 3 of 4
Mar 30 14:21:59 f02576 (1 / 1 tries):
Mar 30 14:21:59 f0421499: 23.293832210218907393 FIL (8.5G free)
Mar 30 14:21:59 Escrow: 0.999645757255 FIL
Mar 30 14:21:59 Locked: 0.33249517244 FIL
Mar 30 14:22:00 Datacap: 3160693276672
Mar 30 14:22:00 ....
Mar 30 14:22:01 Count: 3 of 4
Mar 30 14:22:01 f01240 (1 / 1 tries):
Mar 30 14:22:02 f0421499: 23.293832210218907393 FIL (8.5G free)
Mar 30 14:22:02 Escrow: 0.999645757255 FIL
Mar 30 14:22:02 Locked: 0.33249517244 FIL
Mar 30 14:22:03 Datacap: 3160693276672
Mar 30 14:22:03 ....
Mar 30 14:22:04 Count: 3 of 4
Mar 30 14:22:04 f0157535 (1 / 1 tries):
Mar 30 14:22:04 f0421499: 23.293832210218907393 FIL (8.5G free)
Mar 30 14:22:05 Escrow: 0.999645757255 FIL
Mar 30 14:22:05 Locked: 0.33249517244 FIL
Mar 30 14:22:05 Datacap: 3160693276672
Mar 30 14:22:05 ....
Mar 30 14:22:06 Count: 3 of 4
Mar 30 14:22:06 f099608 (1 / 1 tries):
Mar 30 14:22:07 f0421499: 23.293832210218907393 FIL (8.5G free)
Mar 30 14:22:07 Escrow: 0.999645757255 FIL
Mar 30 14:22:07 Locked: 0.33249517244 FIL
Mar 30 14:22:07 Datacap: 3160693276672
Mar 30 14:22:07 ....
Mar 30 14:22:09 Count: 3 of 4
Mar 30 14:22:09 f014768 (1 / 1 tries):
Mar 30 14:22:09 f0421499: 23.293832210218907393 FIL (8.5G free)
Mar 30 14:22:09 Escrow: 0.999645757255 FIL
Mar 30 14:22:09 Locked: 0.33249517244 FIL
Mar 30 14:22:10 Datacap: 3160693276672
Mar 30 14:22:10 ....
Mar 30 14:22:11 Count: 3 of 4
Mar 30 14:22:11 f0145874 (1 / 1 tries):
Mar 30 14:22:12 f0421499: 23.293832210218907393 FIL (8.5G free)
Mar 30 14:22:12 Escrow: 0.999645757255 FIL
Mar 30 14:22:12 Locked: 0.33249517244 FIL
Mar 30 14:22:12 Datacap: 3160693276672
Mar 30 14:22:13 ....
Mar 30 14:22:14 Count: 3 of 4
Mar 30 14:22:14 f0127896 (1 / 1 tries):
Mar 30 14:22:14 Skipping f0127896: min-ask
Mar 30 14:22:14 
Mar 30 14:22:15 Count: 3 of 4
Mar 30 14:22:15 f022352 (1 / 1 tries):
Mar 30 14:22:15 f0421499: 23.293832210218907393 FIL (8.5G free)
Mar 30 14:22:16 Escrow: 0.999645757255 FIL
Mar 30 14:22:16 Locked: 0.33249517244 FIL
Mar 30 14:22:16 Datacap: 3160693276672
Mar 30 14:22:16 ....
Mar 30 14:22:17 Count: 3 of 4
Mar 30 14:22:17 f022163 (1 / 1 tries):
Mar 30 14:22:18 f0421499: 23.293832210218907393 FIL (8.5G free)
Mar 30 14:22:18 Escrow: 0.999645757255 FIL
Mar 30 14:22:18 Locked: 0.33249517244 FIL
Mar 30 14:22:19 Datacap: 3160693276672
Mar 30 14:22:19 ....
Mar 30 14:22:20 Count: 3 of 4
Mar 30 14:22:20 f019041 (1 / 1 tries):
Mar 30 14:22:21 f0421499: 23.293832210218907393 FIL (8.5G free)
Mar 30 14:22:21 Escrow: 0.999645757255 FIL
Mar 30 14:22:21 Locked: 0.33249517244 FIL
Mar 30 14:22:21 Datacap: 3160693276672
Mar 30 14:22:21 ....
Mar 30 14:22:22 Count: 3 of 4
Mar 30 14:22:22 f071624 (1 / 1 tries):
Mar 30 14:22:23 f0421499: 23.293832210218907393 FIL (8.5G free)
Mar 30 14:22:23 Escrow: 0.999645757255 FIL
Mar 30 14:22:23 Locked: 0.33249517244 FIL
Mar 30 14:22:24 Datacap: 3160693276672
Mar 30 14:22:24 ....
Mar 30 14:22:25 Count: 3 of 4
Mar 30 14:22:25 f0165400 (1 / 1 tries):
Mar 30 14:22:26 f0421499: 23.293832210218907393 FIL (8.5G free)
Mar 30 14:22:26 Escrow: 0.999645757255 FIL
Mar 30 14:22:26 Locked: 0.33249517244 FIL
Mar 30 14:22:26 Datacap: 3160693276672
Mar 30 14:22:26 ....
Mar 30 14:22:27 Count: 3 of 4
Mar 30 14:22:27 f02606 (1 / 1 tries):
Mar 30 14:22:28 f0421499: 23.293832210218907393 FIL (8.5G free)
Mar 30 14:22:28 Escrow: 0.999645757255 FIL
Mar 30 14:22:28 Locked: 0.33249517244 FIL
Mar 30 14:22:28 Datacap: 3160693276672
Mar 30 14:22:28 ....
Mar 30 14:22:29 Count: 3 of 4
Mar 30 14:22:29 f014409 (1 / 1 tries):
Mar 30 14:22:30 f0421499: 23.293832210218907393 FIL (8.5G free)
Mar 30 14:22:30 Escrow: 0.999645757255 FIL
Mar 30 14:22:30 Locked: 0.33249517244 FIL
Mar 30 14:22:30 Datacap: 3160693276672
Mar 30 14:22:31 ....
Mar 30 14:22:32 Count: 3 of 4
Mar 30 14:22:32 f058369 (1 / 1 tries):
Mar 30 14:22:32 f0421499: 23.293832210218907393 FIL (8.5G free)
Mar 30 14:22:32 Escrow: 0.999645757255 FIL
Mar 30 14:22:32 Locked: 0.33249517244 FIL
Mar 30 14:22:33 Datacap: 3160693276672
Mar 30 14:22:33 ....
Mar 30 14:22:34 Count: 3 of 4
Mar 30 14:22:34 f019362 (1 / 1 tries):
Mar 30 14:22:35 f0421499: 23.293832210218907393 FIL (8.5G free)
Mar 30 14:22:35 Escrow: 0.999645757255 FIL
Mar 30 14:22:35 Locked: 0.33249517244 FIL
Mar 30 14:22:35 Datacap: 3160693276672
Mar 30 14:22:35 ....
Mar 30 14:22:36 Count: 3 of 4
Mar 30 14:22:36 f019551 (1 / 1 tries):
Mar 30 14:22:37 f0421499: 23.293832210218907393 FIL (8.5G free)
Mar 30 14:22:37 Escrow: 0.999645757255 FIL
Mar 30 14:22:37 Locked: 0.33249517244 FIL
Mar 30 14:22:37 Datacap: 3160693276672
Mar 30 14:22:37 ....
Mar 30 14:22:38 Count: 3 of 4
Mar 30 14:22:38 f01234 (1 / 1 tries):
Mar 30 14:22:39 f0421499: 23.293832210218907393 FIL (8.5G free)
Mar 30 14:22:39 Escrow: 0.999645757255 FIL
Mar 30 14:22:39 Locked: 0.33249517244 FIL
Mar 30 14:22:40 Datacap: 3160693276672
Mar 30 14:22:40 ....
Mar 30 14:22:41 Count: 3 of 4
Mar 30 14:22:41 f023467 (1 / 1 tries):
Mar 30 14:22:41 f0421499: 23.293832210218907393 FIL (8.5G free)
Mar 30 14:22:41 Escrow: 0.999645757255 FIL
Mar 30 14:22:41 Locked: 0.33249517244 FIL
Mar 30 14:22:42 Datacap: 3160693276672
Mar 30 14:22:42 ....
Mar 30 14:22:43 Count: 3 of 4
Mar 30 14:22:43 f010617 (1 / 1 tries):
Mar 30 14:22:43 f0421499: 23.293832210218907393 FIL (8.5G free)
Mar 30 14:22:43 Escrow: 0.999645757255 FIL
Mar 30 14:22:43 Locked: 0.33249517244 FIL
Mar 30 14:22:44 Datacap: 3160693276672
Mar 30 14:22:44 ....
Mar 30 14:22:45 Count: 3 of 4
Mar 30 14:22:45 f09848 (1 / 1 tries):
Mar 30 14:22:46 f0421499: 23.293832210218907393 FIL (8.5G free)
Mar 30 14:22:46 Escrow: 0.999645757255 FIL
Mar 30 14:22:46 Locked: 0.33249517244 FIL
Mar 30 14:22:46 Datacap: 3160693276672
Mar 30 14:22:46 ....
Mar 30 14:22:47 Count: 3 of 4
Mar 30 14:22:47 f010479 (1 / 1 tries):
Mar 30 14:22:48 f0421499: 23.293832210218907393 FIL (8.5G free)
Mar 30 14:22:48 Escrow: 0.999645757255 FIL
Mar 30 14:22:48 Locked: 0.33249517244 FIL
Mar 30 14:22:48 Datacap: 3160693276672
Mar 30 14:22:49 ....
Mar 30 14:22:50 Count: 3 of 4
Mar 30 14:22:50 f062353 (1 / 1 tries):
Mar 30 14:22:50 f0421499: 23.293832210218907393 FIL (8.5G free)
Mar 30 14:22:50 Escrow: 0.999645757255 FIL
Mar 30 14:22:50 Locked: 0.33249517244 FIL
Mar 30 14:22:50 Datacap: 3160693276672
Mar 30 14:22:51 ....
Mar 30 14:22:52 Count: 3 of 4
Mar 30 14:22:52 f01278 (1 / 1 tries):
Mar 30 14:22:53 f0421499: 23.293832210218907393 FIL (8.5G free)
Mar 30 14:22:53 Escrow: 0.999645757255 FIL
Mar 30 14:22:53 Locked: 0.33249517244 FIL
Mar 30 14:22:53 Datacap: 3160693276672
Mar 30 14:22:53 ....
Mar 30 14:22:54 Count: 3 of 4
Mar 30 14:22:54 f01277 (1 / 1 tries):
Mar 30 14:22:55 Skipping f01277: min-ask
Mar 30 14:22:55 
Mar 30 14:22:56 Count: 3 of 4
Mar 30 14:22:56 f01247 (1 / 1 tries):
Mar 30 14:22:57 f0421499: 23.293832210218907393 FIL (8.5G free)
Mar 30 14:22:57 Escrow: 0.999645757255 FIL
Mar 30 14:22:57 Locked: 0.33249517244 FIL
Mar 30 14:22:57 Datacap: 3160693276672
Mar 30 14:22:58 ....
Mar 30 14:22:59 Count: 3 of 4
Mar 30 14:22:59 f019100 (1 / 1 tries):
Mar 30 14:22:59 Skipping f019100: error-ask
Mar 30 14:22:59 
Mar 30 14:23:00 Count: 3 of 4
Mar 30 14:23:00 f07998 (1 / 1 tries):
Mar 30 14:23:00 f0421499: 23.293832210218907393 FIL (8.5G free)
Mar 30 14:23:01 Escrow: 0.999645757255 FIL
Mar 30 14:23:01 Locked: 0.33249517244 FIL
Mar 30 14:23:01 Datacap: 3160693276672
Mar 30 14:23:01 ....
Mar 30 14:23:02 Count: 3 of 4
Mar 30 14:23:02 f021716 (1 / 1 tries):
Mar 30 14:23:03 f0421499: 23.293832210218907393 FIL (8.5G free)
Mar 30 14:23:03 Escrow: 0.999645757255 FIL
Mar 30 14:23:03 Locked: 0.33249517244 FIL
Mar 30 14:23:04 Datacap: 3160693276672
Mar 30 14:23:04 ....
Mar 30 14:23:05 Count: 3 of 4
Mar 30 14:23:05 f019104 (1 / 1 tries):
Mar 30 14:23:05 Skipping f019104: error-ask
Mar 30 14:23:05 
