Mar 30 12:05:19 Count: 3 of 4
Mar 30 12:05:19 f019551 (1 / 1 tries):
Mar 30 12:05:20 f0421499: 23.293832210218907393 FIL (8.9G free)
Mar 30 12:05:20 Escrow: 0.999645757255 FIL
Mar 30 12:05:20 Locked: 0.33249517244 FIL
Mar 30 12:05:20 Datacap: 3160693276672
Mar 30 12:05:20 ....
Mar 30 12:05:21 Count: 3 of 4
Mar 30 12:05:21 f01277 (1 / 1 tries):
Mar 30 12:05:22 Skipping f01277: min-ask
Mar 30 12:05:22 
Mar 30 12:05:23 Count: 3 of 4
Mar 30 12:05:23 f099608 (1 / 1 tries):
Mar 30 12:05:24 f0421499: 23.293832210218907393 FIL (8.9G free)
Mar 30 12:05:24 Escrow: 0.999645757255 FIL
Mar 30 12:05:24 Locked: 0.33249517244 FIL
Mar 30 12:05:24 Datacap: 3160693276672
Mar 30 12:05:24 ....
Mar 30 12:05:25 Count: 3 of 4
Mar 30 12:05:25 f022163 (1 / 1 tries):
Mar 30 12:05:26 f0421499: 23.293832210218907393 FIL (8.9G free)
Mar 30 12:05:27 Escrow: 0.999645757255 FIL
Mar 30 12:05:27 Locked: 0.33249517244 FIL
Mar 30 12:05:27 Datacap: 3160693276672
Mar 30 12:05:27 ....
Mar 30 12:05:28 Count: 3 of 4
Mar 30 12:05:28 f071624 (1 / 1 tries):
Mar 30 12:05:29 f0421499: 23.293832210218907393 FIL (8.9G free)
Mar 30 12:05:29 Escrow: 0.999645757255 FIL
Mar 30 12:05:29 Locked: 0.33249517244 FIL
Mar 30 12:05:30 Datacap: 3160693276672
Mar 30 12:05:30 ....
Mar 30 12:05:31 Count: 3 of 4
Mar 30 12:05:31 f09848 (1 / 1 tries):
Mar 30 12:05:32 f0421499: 23.293832210218907393 FIL (8.9G free)
Mar 30 12:05:32 Escrow: 0.999645757255 FIL
Mar 30 12:05:32 Locked: 0.33249517244 FIL
Mar 30 12:05:33 Datacap: 3160693276672
Mar 30 12:05:33 ....
Mar 30 12:05:34 Count: 3 of 4
Mar 30 12:05:34 f0145874 (1 / 1 tries):
Mar 30 12:05:35 f0421499: 23.293832210218907393 FIL (8.9G free)
Mar 30 12:05:35 Escrow: 0.999645757255 FIL
Mar 30 12:05:35 Locked: 0.33249517244 FIL
Mar 30 12:05:35 Datacap: 3160693276672
Mar 30 12:05:36 ....
Mar 30 12:05:37 Count: 3 of 4
Mar 30 12:05:37 f02606 (1 / 1 tries):
Mar 30 12:05:37 f0421499: 23.293832210218907393 FIL (8.9G free)
Mar 30 12:05:37 Escrow: 0.999645757255 FIL
Mar 30 12:05:37 Locked: 0.33249517244 FIL
Mar 30 12:05:38 Datacap: 3160693276672
Mar 30 12:05:38 ....
Mar 30 12:05:39 Count: 3 of 4
Mar 30 12:05:39 f062353 (1 / 1 tries):
Mar 30 12:05:40 f0421499: 23.293832210218907393 FIL (8.9G free)
Mar 30 12:05:40 Escrow: 0.999645757255 FIL
Mar 30 12:05:40 Locked: 0.33249517244 FIL
Mar 30 12:05:40 Datacap: 3160693276672
Mar 30 12:05:41 ....
Mar 30 12:05:42 Count: 3 of 4
Mar 30 12:05:42 f07998 (1 / 1 tries):
Mar 30 12:05:42 f0421499: 23.293832210218907393 FIL (8.9G free)
Mar 30 12:05:42 Escrow: 0.999645757255 FIL
Mar 30 12:05:42 Locked: 0.33249517244 FIL
Mar 30 12:05:43 Datacap: 3160693276672
Mar 30 12:05:43 ....
Mar 30 12:05:44 Count: 3 of 4
Mar 30 12:05:44 f022352 (1 / 1 tries):
Mar 30 12:05:45 f0421499: 23.293832210218907393 FIL (8.9G free)
Mar 30 12:05:45 Escrow: 0.999645757255 FIL
Mar 30 12:05:45 Locked: 0.33249517244 FIL
Mar 30 12:05:46 Datacap: 3160693276672
Mar 30 12:05:46 ....
Mar 30 12:05:47 Count: 3 of 4
Mar 30 12:05:47 f019104 (1 / 1 tries):
Mar 30 12:05:48 Skipping f019104: error-ask
Mar 30 12:05:48 
Mar 30 12:05:49 Count: 3 of 4
Mar 30 12:05:49 f015927 (1 / 1 tries):
Mar 30 12:05:49 Skipping f015927: min-ask
Mar 30 12:05:49 
Mar 30 12:05:50 Count: 3 of 4
Mar 30 12:05:50 f02576 (1 / 1 tries):
Mar 30 12:05:50 f0421499: 23.293832210218907393 FIL (8.9G free)
Mar 30 12:05:51 Escrow: 0.999645757255 FIL
Mar 30 12:05:51 Locked: 0.33249517244 FIL
Mar 30 12:05:51 Datacap: 3160693276672
Mar 30 12:05:51 ....
Mar 30 12:05:52 Count: 3 of 4
Mar 30 12:05:52 f022142 (1 / 1 tries):
Mar 30 12:05:53 f0421499: 23.293832210218907393 FIL (8.9G free)
Mar 30 12:05:53 Escrow: 0.999645757255 FIL
Mar 30 12:05:53 Locked: 0.33249517244 FIL
Mar 30 12:05:54 Datacap: 3160693276672
Mar 30 12:05:54 ....
Mar 30 12:05:55 Count: 3 of 4
Mar 30 12:05:55 f019100 (1 / 1 tries):
Mar 30 12:05:55 Skipping f019100: error-ask
Mar 30 12:05:55 
Mar 30 12:05:56 Count: 3 of 4
Mar 30 12:05:56 f019041 (1 / 1 tries):
Mar 30 12:05:57 f0421499: 23.293832210218907393 FIL (8.9G free)
Mar 30 12:05:57 Escrow: 0.999645757255 FIL
Mar 30 12:05:57 Locked: 0.33249517244 FIL
Mar 30 12:05:57 Datacap: 3160693276672
Mar 30 12:05:58 ....
Mar 30 12:05:59 Count: 3 of 4
Mar 30 12:05:59 f01278 (1 / 1 tries):
Mar 30 12:05:59 f0421499: 23.293832210218907393 FIL (8.9G free)
Mar 30 12:06:00 Escrow: 0.999645757255 FIL
Mar 30 12:06:00 Locked: 0.33249517244 FIL
Mar 30 12:06:00 Datacap: 3160693276672
Mar 30 12:06:00 ....
Mar 30 12:06:01 Count: 3 of 4
Mar 30 12:06:01 f0127896 (1 / 1 tries):
Mar 30 12:06:02 Skipping f0127896: min-ask
Mar 30 12:06:02 
Mar 30 12:06:03 Count: 3 of 4
Mar 30 12:06:03 f01240 (1 / 1 tries):
Mar 30 12:06:04 f0421499: 23.293832210218907393 FIL (8.9G free)
Mar 30 12:06:04 Escrow: 0.999645757255 FIL
Mar 30 12:06:04 Locked: 0.33249517244 FIL
Mar 30 12:06:04 Datacap: 3160693276672
Mar 30 12:06:04 ....
Mar 30 12:06:05 Count: 3 of 4
Mar 30 12:06:05 f014409 (1 / 1 tries):
Mar 30 12:06:06 f0421499: 23.293832210218907393 FIL (8.9G free)
Mar 30 12:06:06 Escrow: 0.999645757255 FIL
Mar 30 12:06:06 Locked: 0.33249517244 FIL
Mar 30 12:06:07 Datacap: 3160693276672
Mar 30 12:06:07 ....
Mar 30 12:06:08 Count: 3 of 4
Mar 30 12:06:08 f01247 (1 / 1 tries):
Mar 30 12:06:08 f0421499: 23.293832210218907393 FIL (8.9G free)
Mar 30 12:06:09 Escrow: 0.999645757255 FIL
Mar 30 12:06:09 Locked: 0.33249517244 FIL
Mar 30 12:06:09 Datacap: 3160693276672
Mar 30 12:06:09 ....
Mar 30 12:06:10 Count: 3 of 4
Mar 30 12:06:10 f0157535 (1 / 1 tries):
Mar 30 12:06:11 f0421499: 23.293832210218907393 FIL (8.9G free)
Mar 30 12:06:11 Escrow: 0.999645757255 FIL
Mar 30 12:06:11 Locked: 0.33249517244 FIL
Mar 30 12:06:12 Datacap: 3160693276672
Mar 30 12:06:12 ....
Mar 30 12:06:13 Count: 3 of 4
Mar 30 12:06:13 f01234 (1 / 1 tries):
Mar 30 12:06:14 f0421499: 23.293832210218907393 FIL (8.9G free)
Mar 30 12:06:14 Escrow: 0.999645757255 FIL
Mar 30 12:06:14 Locked: 0.33249517244 FIL
Mar 30 12:06:14 Datacap: 3160693276672
Mar 30 12:06:14 ....
Mar 30 12:06:15 Count: 3 of 4
Mar 30 12:06:15 f0165400 (1 / 1 tries):
Mar 30 12:06:16 f0421499: 23.293832210218907393 FIL (8.9G free)
Mar 30 12:06:16 Escrow: 0.999645757255 FIL
Mar 30 12:06:16 Locked: 0.33249517244 FIL
Mar 30 12:06:16 Datacap: 3160693276672
Mar 30 12:06:17 ....
Mar 30 12:06:18 Count: 3 of 4
Mar 30 12:06:18 f08399 (1 / 1 tries):
Mar 30 12:06:18 f0421499: 23.293832210218907393 FIL (8.9G free)
Mar 30 12:06:19 Escrow: 0.999645757255 FIL
Mar 30 12:06:19 Locked: 0.33249517244 FIL
Mar 30 12:06:19 Datacap: 3160693276672
Mar 30 12:06:19 ....
Mar 30 12:06:20 Count: 3 of 4
Mar 30 12:06:20 f08403 (1 / 1 tries):
Mar 30 12:06:21 f0421499: 23.293832210218907393 FIL (8.9G free)
Mar 30 12:06:21 Escrow: 0.999645757255 FIL
Mar 30 12:06:21 Locked: 0.33249517244 FIL
Mar 30 12:06:21 Datacap: 3160693276672
Mar 30 12:06:21 ....
Mar 30 12:06:22 Count: 3 of 4
Mar 30 12:06:22 f058369 (1 / 1 tries):
Mar 30 12:06:23 f0421499: 23.293832210218907393 FIL (8.9G free)
Mar 30 12:06:23 Escrow: 0.999645757255 FIL
Mar 30 12:06:23 Locked: 0.33249517244 FIL
Mar 30 12:06:23 Datacap: 3160693276672
Mar 30 12:06:24 ....
Mar 30 12:06:25 Count: 3 of 4
Mar 30 12:06:25 f023467 (1 / 1 tries):
Mar 30 12:06:25 f0421499: 23.293832210218907393 FIL (8.9G free)
Mar 30 12:06:25 Escrow: 0.999645757255 FIL
Mar 30 12:06:25 Locked: 0.33249517244 FIL
Mar 30 12:06:25 Datacap: 3160693276672
Mar 30 12:06:26 ....
Mar 30 12:06:27 Count: 3 of 4
Mar 30 12:06:27 f023971 (1 / 1 tries):
Mar 30 12:06:27 f0421499: 23.293832210218907393 FIL (8.9G free)
Mar 30 12:06:27 Escrow: 0.999645757255 FIL
Mar 30 12:06:27 Locked: 0.33249517244 FIL
Mar 30 12:06:28 Datacap: 3160693276672
Mar 30 12:06:28 ....
Mar 30 12:06:29 Count: 3 of 4
Mar 30 12:06:29 f066596 (1 / 1 tries):
Mar 30 12:06:30 f0421499: 23.293832210218907393 FIL (8.9G free)
Mar 30 12:06:30 Escrow: 0.999645757255 FIL
Mar 30 12:06:30 Locked: 0.33249517244 FIL
Mar 30 12:06:30 Datacap: 3160693276672
Mar 30 12:06:31 ....
Mar 30 12:06:32 Count: 3 of 4
Mar 30 12:06:32 f014768 (1 / 1 tries):
Mar 30 12:06:32 f0421499: 23.293832210218907393 FIL (8.9G free)
Mar 30 12:06:32 Escrow: 0.999645757255 FIL
Mar 30 12:06:32 Locked: 0.33249517244 FIL
Mar 30 12:06:33 Datacap: 3160693276672
Mar 30 12:06:33 ....
Mar 30 12:06:34 Count: 3 of 4
Mar 30 12:06:34 f019362 (1 / 1 tries):
Mar 30 12:06:34 f0421499: 23.293832210218907393 FIL (8.9G free)
Mar 30 12:06:34 Escrow: 0.999645757255 FIL
Mar 30 12:06:34 Locked: 0.33249517244 FIL
Mar 30 12:06:35 Datacap: 3160693276672
Mar 30 12:06:35 ....
Mar 30 12:06:36 Count: 3 of 4
Mar 30 12:06:36 f010479 (1 / 1 tries):
Mar 30 12:06:37 f0421499: 23.293832210218907393 FIL (8.9G free)
Mar 30 12:06:37 Escrow: 0.999645757255 FIL
Mar 30 12:06:37 Locked: 0.33249517244 FIL
Mar 30 12:06:38 Datacap: 3160693276672
Mar 30 12:06:38 ....
Mar 30 12:06:39 Count: 3 of 4
Mar 30 12:06:39 f021716 (1 / 1 tries):
Mar 30 12:06:39 f0421499: 23.293832210218907393 FIL (8.9G free)
Mar 30 12:06:40 Escrow: 0.999645757255 FIL
Mar 30 12:06:40 Locked: 0.33249517244 FIL
Mar 30 12:06:40 Datacap: 3160693276672
Mar 30 12:06:40 ....
Mar 30 12:06:41 Count: 3 of 4
Mar 30 12:06:41 f010617 (1 / 1 tries):
Mar 30 12:06:42 f0421499: 23.293832210218907393 FIL (8.9G free)
Mar 30 12:06:42 Escrow: 0.999645757255 FIL
Mar 30 12:06:42 Locked: 0.33249517244 FIL
Mar 30 12:06:43 Datacap: 3160693276672
Mar 30 12:06:43 ....
