Mar 30 08:47:53 Count: 3 of 4
Mar 30 08:47:53 f08403 (1 / 1 tries):
Mar 30 08:47:54 f0421499: 23.293832210218907393 FIL (9.5G free)
Mar 30 08:47:54 Escrow: 0.999645757255 FIL
Mar 30 08:47:54 Locked: 0.33249517244 FIL
Mar 30 08:47:54 Datacap: 3160693276672
Mar 30 08:47:55 ....
Mar 30 08:47:56 Count: 3 of 4
Mar 30 08:47:56 f014768 (1 / 1 tries):
Mar 30 08:47:56 f0421499: 23.293832210218907393 FIL (9.5G free)
Mar 30 08:47:56 Escrow: 0.999645757255 FIL
Mar 30 08:47:56 Locked: 0.33249517244 FIL
Mar 30 08:47:57 Datacap: 3160693276672
Mar 30 08:47:57 ....
Mar 30 08:47:58 Count: 3 of 4
Mar 30 08:47:58 f0157535 (1 / 1 tries):
Mar 30 08:47:59 f0421499: 23.293832210218907393 FIL (9.5G free)
Mar 30 08:47:59 Escrow: 0.999645757255 FIL
Mar 30 08:47:59 Locked: 0.33249517244 FIL
Mar 30 08:47:59 Datacap: 3160693276672
Mar 30 08:48:00 ....
Mar 30 08:48:01 Count: 3 of 4
Mar 30 08:48:01 f099608 (1 / 1 tries):
Mar 30 08:48:02 f0421499: 23.293832210218907393 FIL (9.5G free)
Mar 30 08:48:02 Escrow: 0.999645757255 FIL
Mar 30 08:48:02 Locked: 0.33249517244 FIL
Mar 30 08:48:02 Datacap: 3160693276672
Mar 30 08:48:02 ....
Mar 30 08:48:03 Count: 3 of 4
Mar 30 08:48:03 f019551 (1 / 1 tries):
Mar 30 08:48:04 f0421499: 23.293832210218907393 FIL (9.5G free)
Mar 30 08:48:04 Escrow: 0.999645757255 FIL
Mar 30 08:48:04 Locked: 0.33249517244 FIL
Mar 30 08:48:04 Datacap: 3160693276672
Mar 30 08:48:05 ....
Mar 30 08:48:06 Count: 3 of 4
Mar 30 08:48:06 f015927 (1 / 1 tries):
Mar 30 08:48:06 Skipping f015927: min-ask
Mar 30 08:48:06 
Mar 30 08:48:07 Count: 3 of 4
Mar 30 08:48:07 f071624 (1 / 1 tries):
Mar 30 08:48:07 f0421499: 23.293832210218907393 FIL (9.5G free)
Mar 30 08:48:08 Escrow: 0.999645757255 FIL
Mar 30 08:48:08 Locked: 0.33249517244 FIL
Mar 30 08:48:08 Datacap: 3160693276672
Mar 30 08:48:08 ....
Mar 30 08:48:09 Count: 3 of 4
Mar 30 08:48:09 f062353 (1 / 1 tries):
Mar 30 08:48:10 f0421499: 23.293832210218907393 FIL (9.5G free)
Mar 30 08:48:10 Escrow: 0.999645757255 FIL
Mar 30 08:48:10 Locked: 0.33249517244 FIL
Mar 30 08:48:10 Datacap: 3160693276672
Mar 30 08:48:10 ....
Mar 30 08:48:11 Count: 3 of 4
Mar 30 08:48:11 f019104 (1 / 1 tries):
Mar 30 08:48:12 Skipping f019104: error-ask
Mar 30 08:48:12 
Mar 30 08:48:13 Count: 3 of 4
Mar 30 08:48:13 f022142 (1 / 1 tries):
Mar 30 08:48:13 f0421499: 23.293832210218907393 FIL (9.5G free)
Mar 30 08:48:13 Escrow: 0.999645757255 FIL
Mar 30 08:48:13 Locked: 0.33249517244 FIL
Mar 30 08:48:14 Datacap: 3160693276672
Mar 30 08:48:14 ....
Mar 30 08:48:15 Count: 3 of 4
Mar 30 08:48:15 f022163 (1 / 1 tries):
Mar 30 08:48:15 f0421499: 23.293832210218907393 FIL (9.5G free)
Mar 30 08:48:16 Escrow: 0.999645757255 FIL
Mar 30 08:48:16 Locked: 0.33249517244 FIL
Mar 30 08:48:16 Datacap: 3160693276672
Mar 30 08:48:17 ....
Mar 30 08:48:18 Count: 3 of 4
Mar 30 08:48:18 f019041 (1 / 1 tries):
Mar 30 08:48:18 f0421499: 23.293832210218907393 FIL (9.5G free)
Mar 30 08:48:18 Escrow: 0.999645757255 FIL
Mar 30 08:48:18 Locked: 0.33249517244 FIL
Mar 30 08:48:19 Datacap: 3160693276672
Mar 30 08:48:19 ....
Mar 30 08:48:20 Count: 3 of 4
Mar 30 08:48:20 f023971 (1 / 1 tries):
Mar 30 08:48:20 f0421499: 23.293832210218907393 FIL (9.5G free)
Mar 30 08:48:21 Escrow: 0.999645757255 FIL
Mar 30 08:48:21 Locked: 0.33249517244 FIL
Mar 30 08:48:21 Datacap: 3160693276672
Mar 30 08:48:21 ....
Mar 30 08:48:22 Count: 3 of 4
Mar 30 08:48:22 f021716 (1 / 1 tries):
Mar 30 08:48:23 f0421499: 23.293832210218907393 FIL (9.5G free)
Mar 30 08:48:23 Escrow: 0.999645757255 FIL
Mar 30 08:48:23 Locked: 0.33249517244 FIL
Mar 30 08:48:24 Datacap: 3160693276672
Mar 30 08:48:24 ....
Mar 30 08:48:25 Count: 3 of 4
Mar 30 08:48:25 f058369 (1 / 1 tries):
Mar 30 08:48:25 f0421499: 23.293832210218907393 FIL (9.5G free)
Mar 30 08:48:25 Escrow: 0.999645757255 FIL
Mar 30 08:48:25 Locked: 0.33249517244 FIL
Mar 30 08:48:26 Datacap: 3160693276672
Mar 30 08:48:26 ....
Mar 30 08:48:27 Count: 3 of 4
Mar 30 08:48:27 f0127896 (1 / 1 tries):
Mar 30 08:48:27 Skipping f0127896: min-ask
Mar 30 08:48:27 
Mar 30 08:48:28 Count: 3 of 4
Mar 30 08:48:28 f01278 (1 / 1 tries):
Mar 30 08:48:29 f0421499: 23.293832210218907393 FIL (9.5G free)
Mar 30 08:48:29 Escrow: 0.999645757255 FIL
Mar 30 08:48:29 Locked: 0.33249517244 FIL
Mar 30 08:48:30 Datacap: 3160693276672
Mar 30 08:48:30 ....
Mar 30 08:48:31 Count: 3 of 4
Mar 30 08:48:31 f01277 (1 / 1 tries):
Mar 30 08:48:32 Skipping f01277: min-ask
Mar 30 08:48:32 
Mar 30 08:48:33 Count: 3 of 4
Mar 30 08:48:33 f019100 (1 / 1 tries):
Mar 30 08:48:33 Skipping f019100: error-ask
Mar 30 08:48:33 
Mar 30 08:48:34 Count: 3 of 4
Mar 30 08:48:34 f0145874 (1 / 1 tries):
Mar 30 08:48:34 f0421499: 23.293832210218907393 FIL (9.5G free)
Mar 30 08:48:34 Escrow: 0.999645757255 FIL
Mar 30 08:48:34 Locked: 0.33249517244 FIL
Mar 30 08:48:35 Datacap: 3160693276672
Mar 30 08:48:35 ....
Mar 30 08:48:36 Count: 3 of 4
Mar 30 08:48:36 f010479 (1 / 1 tries):
Mar 30 08:48:36 f0421499: 23.293832210218907393 FIL (9.5G free)
Mar 30 08:48:37 Escrow: 0.999645757255 FIL
Mar 30 08:48:37 Locked: 0.33249517244 FIL
Mar 30 08:48:37 Datacap: 3160693276672
Mar 30 08:48:37 ....
Mar 30 08:48:38 Count: 3 of 4
Mar 30 08:48:38 f014409 (1 / 1 tries):
Mar 30 08:48:39 f0421499: 23.293832210218907393 FIL (9.5G free)
Mar 30 08:48:39 Escrow: 0.999645757255 FIL
Mar 30 08:48:39 Locked: 0.33249517244 FIL
Mar 30 08:48:40 Datacap: 3160693276672
Mar 30 08:48:40 ....
Mar 30 08:48:41 Count: 3 of 4
Mar 30 08:48:41 f010617 (1 / 1 tries):
Mar 30 08:48:41 f0421499: 23.293832210218907393 FIL (9.5G free)
Mar 30 08:48:42 Escrow: 0.999645757255 FIL
Mar 30 08:48:42 Locked: 0.33249517244 FIL
Mar 30 08:48:42 Datacap: 3160693276672
Mar 30 08:48:43 ....
Mar 30 08:48:44 Count: 3 of 4
Mar 30 08:48:44 f066596 (1 / 1 tries):
Mar 30 08:48:44 f0421499: 23.293832210218907393 FIL (9.5G free)
Mar 30 08:48:45 Escrow: 0.999645757255 FIL
Mar 30 08:48:45 Locked: 0.33249517244 FIL
Mar 30 08:48:45 Datacap: 3160693276672
Mar 30 08:48:45 ....
Mar 30 08:48:46 Count: 3 of 4
Mar 30 08:48:46 f022352 (1 / 1 tries):
Mar 30 08:48:47 f0421499: 23.293832210218907393 FIL (9.5G free)
Mar 30 08:48:47 Escrow: 0.999645757255 FIL
Mar 30 08:48:47 Locked: 0.33249517244 FIL
Mar 30 08:48:48 Datacap: 3160693276672
Mar 30 08:48:48 ....
Mar 30 08:48:49 Count: 3 of 4
Mar 30 08:48:49 f07998 (1 / 1 tries):
Mar 30 08:48:50 f0421499: 23.293832210218907393 FIL (9.5G free)
Mar 30 08:48:50 Escrow: 0.999645757255 FIL
Mar 30 08:48:50 Locked: 0.33249517244 FIL
Mar 30 08:48:50 Datacap: 3160693276672
Mar 30 08:48:51 ....
Mar 30 08:48:52 Count: 3 of 4
Mar 30 08:48:52 f0165400 (1 / 1 tries):
Mar 30 08:48:52 f0421499: 23.293832210218907393 FIL (9.5G free)
Mar 30 08:48:53 Escrow: 0.999645757255 FIL
Mar 30 08:48:53 Locked: 0.33249517244 FIL
Mar 30 08:48:53 Datacap: 3160693276672
Mar 30 08:48:53 ....
Mar 30 08:48:54 Count: 3 of 4
Mar 30 08:48:54 f01234 (1 / 1 tries):
Mar 30 08:48:55 f0421499: 23.293832210218907393 FIL (9.5G free)
Mar 30 08:48:55 Escrow: 0.999645757255 FIL
Mar 30 08:48:55 Locked: 0.33249517244 FIL
Mar 30 08:48:56 Datacap: 3160693276672
Mar 30 08:48:56 ....
Mar 30 08:48:57 Count: 3 of 4
Mar 30 08:48:57 f01247 (1 / 1 tries):
Mar 30 08:48:58 f0421499: 23.293832210218907393 FIL (9.5G free)
Mar 30 08:48:58 Escrow: 0.999645757255 FIL
Mar 30 08:48:58 Locked: 0.33249517244 FIL
Mar 30 08:48:58 Datacap: 3160693276672
Mar 30 08:48:58 ....
Mar 30 08:48:59 Count: 3 of 4
Mar 30 08:48:59 f09848 (1 / 1 tries):
Mar 30 08:49:00 f0421499: 23.293832210218907393 FIL (9.5G free)
Mar 30 08:49:01 Escrow: 0.999645757255 FIL
Mar 30 08:49:01 Locked: 0.33249517244 FIL
Mar 30 08:49:01 Datacap: 3160693276672
Mar 30 08:49:02 ....
Mar 30 08:49:03 Count: 3 of 4
Mar 30 08:49:03 f02606 (1 / 1 tries):
Mar 30 08:49:03 f0421499: 23.293832210218907393 FIL (9.5G free)
Mar 30 08:49:03 Escrow: 0.999645757255 FIL
Mar 30 08:49:03 Locked: 0.33249517244 FIL
Mar 30 08:49:04 Datacap: 3160693276672
Mar 30 08:49:04 ....
Mar 30 08:49:05 Count: 3 of 4
Mar 30 08:49:05 f08399 (1 / 1 tries):
Mar 30 08:49:06 f0421499: 23.293832210218907393 FIL (9.5G free)
Mar 30 08:49:06 Escrow: 0.999645757255 FIL
Mar 30 08:49:06 Locked: 0.33249517244 FIL
Mar 30 08:49:07 Datacap: 3160693276672
Mar 30 08:49:07 ....
Mar 30 08:49:08 Count: 3 of 4
Mar 30 08:49:08 f01240 (1 / 1 tries):
Mar 30 08:49:08 f0421499: 23.293832210218907393 FIL (9.5G free)
Mar 30 08:49:09 Escrow: 0.999645757255 FIL
Mar 30 08:49:09 Locked: 0.33249517244 FIL
Mar 30 08:49:09 Datacap: 3160693276672
Mar 30 08:49:10 ....
Mar 30 08:49:11 Count: 3 of 4
Mar 30 08:49:11 f023467 (1 / 1 tries):
Mar 30 08:49:11 f0421499: 23.293832210218907393 FIL (9.5G free)
Mar 30 08:49:11 Escrow: 0.999645757255 FIL
Mar 30 08:49:11 Locked: 0.33249517244 FIL
Mar 30 08:49:12 Datacap: 3160693276672
Mar 30 08:49:12 ....
Mar 30 08:49:13 Count: 3 of 4
Mar 30 08:49:13 f02576 (1 / 1 tries):
Mar 30 08:49:14 f0421499: 23.293832210218907393 FIL (9.5G free)
Mar 30 08:49:14 Escrow: 0.999645757255 FIL
Mar 30 08:49:14 Locked: 0.33249517244 FIL
Mar 30 08:49:15 Datacap: 3160693276672
Mar 30 08:49:15 ....
Mar 30 08:49:16 Count: 3 of 4
Mar 30 08:49:16 f019362 (1 / 1 tries):
Mar 30 08:49:16 f0421499: 23.293832210218907393 FIL (9.5G free)
Mar 30 08:49:17 Escrow: 0.999645757255 FIL
Mar 30 08:49:17 Locked: 0.33249517244 FIL
Mar 30 08:49:17 Datacap: 3160693276672
Mar 30 08:49:17 ....
