Mar 30 02:23:00 Count: 3 of 4
Mar 30 02:23:00 f099608 (1 / 1 tries):
Mar 30 02:23:00 f0421499: 23.308289234176929066 FIL (27G free)
Mar 30 02:23:00 Escrow: 0.999999997255 FIL
Mar 30 02:23:00 Locked: 0.33284941244 FIL
Mar 30 02:23:01 Datacap: 3435571183616
Mar 30 02:23:01 ....
Mar 30 02:23:02 Count: 3 of 4
Mar 30 02:23:02 f08399 (1 / 1 tries):
Mar 30 02:23:02 f0421499: 23.308289234176929066 FIL (27G free)
Mar 30 02:23:02 Escrow: 0.999999997255 FIL
Mar 30 02:23:02 Locked: 0.33284941244 FIL
Mar 30 02:23:03 Datacap: 3435571183616
Mar 30 02:23:03 ....
Mar 30 02:23:04 Count: 3 of 4
Mar 30 02:23:04 f015927 (1 / 1 tries):
Mar 30 02:23:04 Skipping f015927: min-ask
Mar 30 02:23:04 
Mar 30 02:23:05 Count: 3 of 4
Mar 30 02:23:05 f023971 (1 / 1 tries):
Mar 30 02:23:05 f0421499: 23.308289234176929066 FIL (27G free)
Mar 30 02:23:06 Escrow: 0.999999997255 FIL
Mar 30 02:23:06 Locked: 0.33284941244 FIL
Mar 30 02:23:06 Datacap: 3435571183616
Mar 30 02:23:06 ....
Mar 30 02:23:07 Count: 3 of 4
Mar 30 02:23:07 f02576 (1 / 1 tries):
Mar 30 02:23:07 f0421499: 23.308289234176929066 FIL (27G free)
Mar 30 02:23:08 Escrow: 0.999999997255 FIL
Mar 30 02:23:08 Locked: 0.33284941244 FIL
Mar 30 02:23:08 Datacap: 3435571183616
Mar 30 02:23:08 ....
Mar 30 02:23:09 Count: 3 of 4
Mar 30 02:23:09 f0157535 (1 / 1 tries):
Mar 30 02:23:10 f0421499: 23.308289234176929066 FIL (27G free)
Mar 30 02:23:10 Escrow: 0.999999997255 FIL
Mar 30 02:23:10 Locked: 0.33284941244 FIL
Mar 30 02:23:10 Datacap: 3435571183616
Mar 30 02:23:11 ....
Mar 30 02:23:12 Count: 3 of 4
Mar 30 02:23:12 f014768 (1 / 1 tries):
Mar 30 02:23:12 f0421499: 23.308289234176929066 FIL (27G free)
Mar 30 02:23:13 Escrow: 0.999999997255 FIL
Mar 30 02:23:13 Locked: 0.33284941244 FIL
Mar 30 02:23:13 Datacap: 3435571183616
Mar 30 02:23:13 ....
Mar 30 02:23:14 Count: 3 of 4
Mar 30 02:23:14 f066596 (1 / 1 tries):
Mar 30 02:23:15 f0421499: 23.308289234176929066 FIL (27G free)
Mar 30 02:23:15 Escrow: 0.999999997255 FIL
Mar 30 02:23:15 Locked: 0.33284941244 FIL
Mar 30 02:23:15 Datacap: 3435571183616
Mar 30 02:23:15 ....
Mar 30 02:23:16 Count: 3 of 4
Mar 30 02:23:16 f058369 (1 / 1 tries):
Mar 30 02:23:17 f0421499: 23.308289234176929066 FIL (27G free)
Mar 30 02:23:17 Escrow: 0.999999997255 FIL
Mar 30 02:23:17 Locked: 0.33284941244 FIL
Mar 30 02:23:17 Datacap: 3435571183616
Mar 30 02:23:17 ....
Mar 30 02:23:18 Count: 3 of 4
Mar 30 02:23:18 f019551 (1 / 1 tries):
Mar 30 02:23:18 f0421499: 23.308289234176929066 FIL (27G free)
Mar 30 02:23:18 Escrow: 0.999999997255 FIL
Mar 30 02:23:18 Locked: 0.33284941244 FIL
Mar 30 02:23:19 Datacap: 3435571183616
Mar 30 02:23:19 ....
Mar 30 02:23:20 Count: 3 of 4
Mar 30 02:23:20 f022142 (1 / 1 tries):
Mar 30 02:23:20 f0421499: 23.308289234176929066 FIL (27G free)
Mar 30 02:23:20 Escrow: 0.999999997255 FIL
Mar 30 02:23:20 Locked: 0.33284941244 FIL
Mar 30 02:23:21 Datacap: 3435571183616
Mar 30 02:23:21 ....
Mar 30 02:23:22 Count: 3 of 4
Mar 30 02:23:22 f022163 (1 / 1 tries):
Mar 30 02:23:22 f0421499: 23.308289234176929066 FIL (27G free)
Mar 30 02:23:23 Escrow: 0.999999997255 FIL
Mar 30 02:23:23 Locked: 0.33284941244 FIL
Mar 30 02:23:23 Datacap: 3435571183616
Mar 30 02:23:23 ....
Mar 30 02:23:24 Count: 3 of 4
Mar 30 02:23:24 f0145874 (1 / 1 tries):
Mar 30 02:23:25 f0421499: 23.308289234176929066 FIL (27G free)
Mar 30 02:23:25 Escrow: 0.999999997255 FIL
Mar 30 02:23:25 Locked: 0.33284941244 FIL
Mar 30 02:23:26 Datacap: 3435571183616
Mar 30 02:23:26 ....
Mar 30 02:23:27 Count: 3 of 4
Mar 30 02:23:27 f062353 (1 / 1 tries):
Mar 30 02:23:27 f0421499: 23.308289234176929066 FIL (27G free)
Mar 30 02:23:27 Escrow: 0.999999997255 FIL
Mar 30 02:23:27 Locked: 0.33284941244 FIL
Mar 30 02:23:28 Datacap: 3435571183616
Mar 30 02:23:28 ....
Mar 30 02:23:29 Count: 3 of 4
Mar 30 02:23:29 f01247 (1 / 1 tries):
Mar 30 02:23:29 f0421499: 23.308289234176929066 FIL (27G free)
Mar 30 02:23:29 Escrow: 0.999999997255 FIL
Mar 30 02:23:29 Locked: 0.33284941244 FIL
Mar 30 02:23:30 Datacap: 3435571183616
Mar 30 02:23:30 ....
Mar 30 02:23:31 Count: 3 of 4
Mar 30 02:23:31 f022352 (1 / 1 tries):
Mar 30 02:23:32 f0421499: 23.308289234176929066 FIL (27G free)
Mar 30 02:23:32 Escrow: 0.999999997255 FIL
Mar 30 02:23:32 Locked: 0.33284941244 FIL
Mar 30 02:23:32 Datacap: 3435571183616
Mar 30 02:23:32 ....
Mar 30 02:23:33 Count: 3 of 4
Mar 30 02:23:33 f023467 (1 / 1 tries):
Mar 30 02:23:33 f0421499: 23.308289234176929066 FIL (27G free)
Mar 30 02:23:34 Escrow: 0.999999997255 FIL
Mar 30 02:23:34 Locked: 0.33284941244 FIL
Mar 30 02:23:34 Datacap: 3435571183616
Mar 30 02:23:34 ....
Mar 30 02:23:35 Count: 3 of 4
Mar 30 02:23:35 f08403 (1 / 1 tries):
Mar 30 02:23:35 f0421499: 23.308289234176929066 FIL (27G free)
Mar 30 02:23:35 Escrow: 0.999999997255 FIL
Mar 30 02:23:35 Locked: 0.33284941244 FIL
Mar 30 02:23:36 Datacap: 3435571183616
Mar 30 02:23:36 ....
Mar 30 02:23:37 Count: 3 of 4
Mar 30 02:23:37 f021716 (1 / 1 tries):
Mar 30 02:23:38 f0421499: 23.308289234176929066 FIL (27G free)
Mar 30 02:23:38 Escrow: 0.999999997255 FIL
Mar 30 02:23:38 Locked: 0.33284941244 FIL
Mar 30 02:23:39 Datacap: 3435571183616
Mar 30 02:23:39 ....
Mar 30 02:23:40 Count: 3 of 4
Mar 30 02:23:40 f010617 (1 / 1 tries):
Mar 30 02:23:41 f0421499: 23.308289234176929066 FIL (27G free)
Mar 30 02:23:41 Escrow: 0.999999997255 FIL
Mar 30 02:23:41 Locked: 0.33284941244 FIL
Mar 30 02:23:41 Datacap: 3435571183616
Mar 30 02:23:42 ....
Mar 30 02:23:43 Count: 3 of 4
Mar 30 02:23:43 f010479 (1 / 1 tries):
Mar 30 02:23:43 f0421499: 23.308289234176929066 FIL (27G free)
Mar 30 02:23:44 Escrow: 0.999999997255 FIL
Mar 30 02:23:44 Locked: 0.33284941244 FIL
Mar 30 02:23:44 Datacap: 3435571183616
Mar 30 02:23:44 ....
Mar 30 02:23:45 Count: 3 of 4
Mar 30 02:23:45 f02606 (1 / 1 tries):
Mar 30 02:23:46 f0421499: 23.308289234176929066 FIL (26G free)
Mar 30 02:23:46 Escrow: 0.999999997255 FIL
Mar 30 02:23:46 Locked: 0.33284941244 FIL
Mar 30 02:23:46 Datacap: 3435571183616
Mar 30 02:23:46 ....
Mar 30 02:23:47 Count: 3 of 4
Mar 30 02:23:47 f019100 (1 / 1 tries):
Mar 30 02:23:47 Skipping f019100: error-ask
Mar 30 02:23:47 
Mar 30 02:23:48 Count: 3 of 4
Mar 30 02:23:48 f019362 (1 / 1 tries):
Mar 30 02:23:49 f0421499: 23.308289234176929066 FIL (26G free)
Mar 30 02:23:49 Escrow: 0.999999997255 FIL
Mar 30 02:23:49 Locked: 0.33284941244 FIL
Mar 30 02:23:49 Datacap: 3435571183616
Mar 30 02:23:49 ....
Mar 30 02:23:50 Count: 3 of 4
Mar 30 02:23:50 f019104 (1 / 1 tries):
Mar 30 02:23:50 Skipping f019104: error-ask
Mar 30 02:23:50 
Mar 30 02:23:51 Count: 3 of 4
Mar 30 02:23:51 f0127896 (1 / 1 tries):
Mar 30 02:23:52 Skipping f0127896: min-ask
Mar 30 02:23:52 
Mar 30 02:23:53 Count: 3 of 4
Mar 30 02:23:53 f01240 (1 / 1 tries):
Mar 30 02:23:53 f0421499: 23.308289234176929066 FIL (26G free)
Mar 30 02:23:53 Escrow: 0.999999997255 FIL
Mar 30 02:23:53 Locked: 0.33284941244 FIL
Mar 30 02:23:54 Datacap: 3435571183616
Mar 30 02:23:54 ....
Mar 30 02:23:55 Count: 3 of 4
Mar 30 02:23:55 f07998 (1 / 1 tries):
Mar 30 02:23:56 f0421499: 23.308289234176929066 FIL (26G free)
Mar 30 02:23:56 Escrow: 0.999999997255 FIL
Mar 30 02:23:56 Locked: 0.33284941244 FIL
Mar 30 02:23:57 Datacap: 3435571183616
Mar 30 02:23:57 ....
Mar 30 02:23:58 Count: 3 of 4
Mar 30 02:23:58 f0165400 (1 / 1 tries):
Mar 30 02:23:58 f0421499: 23.308289234176929066 FIL (26G free)
Mar 30 02:23:58 Escrow: 0.999999997255 FIL
Mar 30 02:23:58 Locked: 0.33284941244 FIL
Mar 30 02:23:58 Datacap: 3435571183616
Mar 30 02:23:58 ....
Mar 30 02:23:59 Count: 3 of 4
Mar 30 02:23:59 f01234 (1 / 1 tries):
Mar 30 02:24:00 f0421499: 23.308289234176929066 FIL (26G free)
Mar 30 02:24:00 Escrow: 0.999999997255 FIL
Mar 30 02:24:00 Locked: 0.33284941244 FIL
Mar 30 02:24:00 Datacap: 3435571183616
Mar 30 02:24:00 ....
Mar 30 02:24:01 Count: 3 of 4
Mar 30 02:24:01 f071624 (1 / 1 tries):
Mar 30 02:24:02 f0421499: 23.308289234176929066 FIL (26G free)
Mar 30 02:24:02 Escrow: 0.999999997255 FIL
Mar 30 02:24:02 Locked: 0.33284941244 FIL
Mar 30 02:24:03 Datacap: 3435571183616
Mar 30 02:24:03 ....
Mar 30 02:24:04 Count: 3 of 4
Mar 30 02:24:04 f01278 (1 / 1 tries):
Mar 30 02:24:04 f0421499: 23.308289234176929066 FIL (26G free)
Mar 30 02:24:04 Escrow: 0.999999997255 FIL
Mar 30 02:24:04 Locked: 0.33284941244 FIL
Mar 30 02:24:05 Datacap: 3435571183616
Mar 30 02:24:05 ....
Mar 30 02:24:06 Count: 3 of 4
Mar 30 02:24:06 f09848 (1 / 1 tries):
Mar 30 02:24:06 f0421499: 23.308289234176929066 FIL (26G free)
Mar 30 02:24:06 Escrow: 0.999999997255 FIL
Mar 30 02:24:06 Locked: 0.33284941244 FIL
Mar 30 02:24:07 Datacap: 3435571183616
Mar 30 02:24:07 ....
Mar 30 02:24:08 Count: 3 of 4
Mar 30 02:24:08 f019041 (1 / 1 tries):
Mar 30 02:24:09 f0421499: 23.308289234176929066 FIL (26G free)
Mar 30 02:24:09 Escrow: 0.999999997255 FIL
Mar 30 02:24:09 Locked: 0.33284941244 FIL
Mar 30 02:24:10 Datacap: 3435571183616
Mar 30 02:24:10 ....
Mar 30 02:24:11 Count: 3 of 4
Mar 30 02:24:11 f01277 (1 / 1 tries):
Mar 30 02:24:11 Skipping f01277: min-ask
Mar 30 02:24:11 
Mar 30 02:24:12 Count: 3 of 4
Mar 30 02:24:12 f014409 (1 / 1 tries):
Mar 30 02:24:13 f0421499: 23.308289234176929066 FIL (26G free)
Mar 30 02:24:13 Escrow: 0.999999997255 FIL
Mar 30 02:24:13 Locked: 0.33284941244 FIL
Mar 30 02:24:13 Datacap: 3435571183616
Mar 30 02:24:13 ....
