Mar 30 12:49:31 Count: 3 of 4
Mar 30 12:49:31 f0157535 (1 / 1 tries):
Mar 30 12:49:32 f0421499: 23.293832210218907393 FIL (8.7G free)
Mar 30 12:49:32 Escrow: 0.999645757255 FIL
Mar 30 12:49:32 Locked: 0.33249517244 FIL
Mar 30 12:49:33 Datacap: 3160693276672
Mar 30 12:49:33 ....
Mar 30 12:49:34 Count: 3 of 4
Mar 30 12:49:34 f019104 (1 / 1 tries):
Mar 30 12:49:34 Skipping f019104: error-ask
Mar 30 12:49:34 
Mar 30 12:49:35 Count: 3 of 4
Mar 30 12:49:35 f07998 (1 / 1 tries):
Mar 30 12:49:36 f0421499: 23.293832210218907393 FIL (8.7G free)
Mar 30 12:49:36 Escrow: 0.999645757255 FIL
Mar 30 12:49:36 Locked: 0.33249517244 FIL
Mar 30 12:49:36 Datacap: 3160693276672
Mar 30 12:49:36 ....
Mar 30 12:49:37 Count: 3 of 4
Mar 30 12:49:37 f071624 (1 / 1 tries):
Mar 30 12:49:38 f0421499: 23.293832210218907393 FIL (8.7G free)
Mar 30 12:49:38 Escrow: 0.999645757255 FIL
Mar 30 12:49:38 Locked: 0.33249517244 FIL
Mar 30 12:49:39 Datacap: 3160693276672
Mar 30 12:49:39 ....
Mar 30 12:49:40 Count: 3 of 4
Mar 30 12:49:40 f066596 (1 / 1 tries):
Mar 30 12:49:41 f0421499: 23.293832210218907393 FIL (8.7G free)
Mar 30 12:49:41 Escrow: 0.999645757255 FIL
Mar 30 12:49:41 Locked: 0.33249517244 FIL
Mar 30 12:49:42 Datacap: 3160693276672
Mar 30 12:49:42 ....
Mar 30 12:49:43 Count: 3 of 4
Mar 30 12:49:43 f0145874 (1 / 1 tries):
Mar 30 12:49:43 f0421499: 23.293832210218907393 FIL (8.7G free)
Mar 30 12:49:44 Escrow: 0.999645757255 FIL
Mar 30 12:49:44 Locked: 0.33249517244 FIL
Mar 30 12:49:44 Datacap: 3160693276672
Mar 30 12:49:44 ....
Mar 30 12:49:45 Count: 3 of 4
Mar 30 12:49:45 f022352 (1 / 1 tries):
Mar 30 12:49:46 f0421499: 23.293832210218907393 FIL (8.7G free)
Mar 30 12:49:46 Escrow: 0.999645757255 FIL
Mar 30 12:49:46 Locked: 0.33249517244 FIL
Mar 30 12:49:47 Datacap: 3160693276672
Mar 30 12:49:47 ....
Mar 30 12:49:48 Count: 3 of 4
Mar 30 12:49:48 f019100 (1 / 1 tries):
Mar 30 12:49:48 Skipping f019100: error-ask
Mar 30 12:49:48 
Mar 30 12:49:49 Count: 3 of 4
Mar 30 12:49:49 f058369 (1 / 1 tries):
Mar 30 12:49:49 f0421499: 23.293832210218907393 FIL (8.7G free)
Mar 30 12:49:50 Escrow: 0.999645757255 FIL
Mar 30 12:49:50 Locked: 0.33249517244 FIL
Mar 30 12:49:50 Datacap: 3160693276672
Mar 30 12:49:50 ....
Mar 30 12:49:51 Count: 3 of 4
Mar 30 12:49:51 f0127896 (1 / 1 tries):
Mar 30 12:49:52 Skipping f0127896: min-ask
Mar 30 12:49:52 
Mar 30 12:49:53 Count: 3 of 4
Mar 30 12:49:53 f010617 (1 / 1 tries):
Mar 30 12:49:53 f0421499: 23.293832210218907393 FIL (8.7G free)
Mar 30 12:49:53 Escrow: 0.999645757255 FIL
Mar 30 12:49:53 Locked: 0.33249517244 FIL
Mar 30 12:49:53 Datacap: 3160693276672
Mar 30 12:49:54 ....
Mar 30 12:49:55 Count: 3 of 4
Mar 30 12:49:55 f019362 (1 / 1 tries):
Mar 30 12:49:55 f0421499: 23.293832210218907393 FIL (8.7G free)
Mar 30 12:49:55 Escrow: 0.999645757255 FIL
Mar 30 12:49:55 Locked: 0.33249517244 FIL
Mar 30 12:49:56 Datacap: 3160693276672
Mar 30 12:49:56 ....
Mar 30 12:49:57 Count: 3 of 4
Mar 30 12:49:57 f019041 (1 / 1 tries):
Mar 30 12:49:58 f0421499: 23.293832210218907393 FIL (8.7G free)
Mar 30 12:49:58 Escrow: 0.999645757255 FIL
Mar 30 12:49:58 Locked: 0.33249517244 FIL
Mar 30 12:49:58 Datacap: 3160693276672
Mar 30 12:49:58 ....
Mar 30 12:49:59 Count: 3 of 4
Mar 30 12:49:59 f023971 (1 / 1 tries):
Mar 30 12:50:00 f0421499: 23.293832210218907393 FIL (8.7G free)
Mar 30 12:50:00 Escrow: 0.999645757255 FIL
Mar 30 12:50:00 Locked: 0.33249517244 FIL
Mar 30 12:50:00 Datacap: 3160693276672
Mar 30 12:50:00 ....
Mar 30 12:50:01 Count: 3 of 4
Mar 30 12:50:01 f08403 (1 / 1 tries):
Mar 30 12:50:02 f0421499: 23.293832210218907393 FIL (8.7G free)
Mar 30 12:50:02 Escrow: 0.999645757255 FIL
Mar 30 12:50:02 Locked: 0.33249517244 FIL
Mar 30 12:50:03 Datacap: 3160693276672
Mar 30 12:50:03 ....
Mar 30 12:50:04 Count: 3 of 4
Mar 30 12:50:04 f021716 (1 / 1 tries):
Mar 30 12:50:05 f0421499: 23.293832210218907393 FIL (8.7G free)
Mar 30 12:50:05 Escrow: 0.999645757255 FIL
Mar 30 12:50:05 Locked: 0.33249517244 FIL
Mar 30 12:50:05 Datacap: 3160693276672
Mar 30 12:50:06 ....
Mar 30 12:50:07 Count: 3 of 4
Mar 30 12:50:07 f019551 (1 / 1 tries):
Mar 30 12:50:07 f0421499: 23.293832210218907393 FIL (8.7G free)
Mar 30 12:50:07 Escrow: 0.999645757255 FIL
Mar 30 12:50:07 Locked: 0.33249517244 FIL
Mar 30 12:50:08 Datacap: 3160693276672
Mar 30 12:50:08 ....
Mar 30 12:50:09 Count: 3 of 4
Mar 30 12:50:09 f08399 (1 / 1 tries):
Mar 30 12:50:10 f0421499: 23.293832210218907393 FIL (8.7G free)
Mar 30 12:50:10 Escrow: 0.999645757255 FIL
Mar 30 12:50:10 Locked: 0.33249517244 FIL
Mar 30 12:50:11 Datacap: 3160693276672
Mar 30 12:50:11 ....
Mar 30 12:50:12 Count: 3 of 4
Mar 30 12:50:12 f014409 (1 / 1 tries):
Mar 30 12:50:13 f0421499: 23.293832210218907393 FIL (8.7G free)
Mar 30 12:50:13 Escrow: 0.999645757255 FIL
Mar 30 12:50:13 Locked: 0.33249517244 FIL
Mar 30 12:50:13 Datacap: 3160693276672
Mar 30 12:50:13 ....
Mar 30 12:50:14 Count: 3 of 4
Mar 30 12:50:14 f099608 (1 / 1 tries):
Mar 30 12:50:15 f0421499: 23.293832210218907393 FIL (8.7G free)
Mar 30 12:50:15 Escrow: 0.999645757255 FIL
Mar 30 12:50:15 Locked: 0.33249517244 FIL
Mar 30 12:50:16 Datacap: 3160693276672
Mar 30 12:50:16 ....
Mar 30 12:50:17 Count: 3 of 4
Mar 30 12:50:17 f010479 (1 / 1 tries):
Mar 30 12:50:18 f0421499: 23.293832210218907393 FIL (8.7G free)
Mar 30 12:50:18 Escrow: 0.999645757255 FIL
Mar 30 12:50:18 Locked: 0.33249517244 FIL
Mar 30 12:50:19 Datacap: 3160693276672
Mar 30 12:50:19 ....
Mar 30 12:50:20 Count: 3 of 4
Mar 30 12:50:20 f01278 (1 / 1 tries):
Mar 30 12:50:21 f0421499: 23.293832210218907393 FIL (8.7G free)
Mar 30 12:50:21 Escrow: 0.999645757255 FIL
Mar 30 12:50:21 Locked: 0.33249517244 FIL
Mar 30 12:50:21 Datacap: 3160693276672
Mar 30 12:50:22 ....
Mar 30 12:50:23 Count: 3 of 4
Mar 30 12:50:23 f01247 (1 / 1 tries):
Mar 30 12:50:23 f0421499: 23.293832210218907393 FIL (8.7G free)
Mar 30 12:50:24 Escrow: 0.999645757255 FIL
Mar 30 12:50:24 Locked: 0.33249517244 FIL
Mar 30 12:50:24 Datacap: 3160693276672
Mar 30 12:50:24 ....
Mar 30 12:50:25 Count: 3 of 4
Mar 30 12:50:25 f022163 (1 / 1 tries):
Mar 30 12:50:26 f0421499: 23.293832210218907393 FIL (8.7G free)
Mar 30 12:50:26 Escrow: 0.999645757255 FIL
Mar 30 12:50:26 Locked: 0.33249517244 FIL
Mar 30 12:50:26 Datacap: 3160693276672
Mar 30 12:50:26 ....
Mar 30 12:50:27 Count: 3 of 4
Mar 30 12:50:27 f0165400 (1 / 1 tries):
Mar 30 12:50:28 f0421499: 23.293832210218907393 FIL (8.7G free)
Mar 30 12:50:29 Escrow: 0.999645757255 FIL
Mar 30 12:50:29 Locked: 0.33249517244 FIL
Mar 30 12:50:29 Datacap: 3160693276672
Mar 30 12:50:29 ....
Mar 30 12:50:30 Count: 3 of 4
Mar 30 12:50:30 f023467 (1 / 1 tries):
Mar 30 12:50:31 f0421499: 23.293832210218907393 FIL (8.7G free)
Mar 30 12:50:31 Escrow: 0.999645757255 FIL
Mar 30 12:50:31 Locked: 0.33249517244 FIL
Mar 30 12:50:31 Datacap: 3160693276672
Mar 30 12:50:32 ....
Mar 30 12:50:33 Count: 3 of 4
Mar 30 12:50:33 f02606 (1 / 1 tries):
Mar 30 12:50:33 f0421499: 23.293832210218907393 FIL (8.7G free)
Mar 30 12:50:34 Escrow: 0.999645757255 FIL
Mar 30 12:50:34 Locked: 0.33249517244 FIL
Mar 30 12:50:34 Datacap: 3160693276672
Mar 30 12:50:34 ....
Mar 30 12:50:35 Count: 3 of 4
Mar 30 12:50:35 f01240 (1 / 1 tries):
Mar 30 12:50:36 f0421499: 23.293832210218907393 FIL (8.7G free)
Mar 30 12:50:36 Escrow: 0.999645757255 FIL
Mar 30 12:50:36 Locked: 0.33249517244 FIL
Mar 30 12:50:37 Datacap: 3160693276672
Mar 30 12:50:37 ....
Mar 30 12:50:38 Count: 3 of 4
Mar 30 12:50:38 f015927 (1 / 1 tries):
Mar 30 12:50:38 Skipping f015927: min-ask
Mar 30 12:50:38 
Mar 30 12:50:39 Count: 3 of 4
Mar 30 12:50:39 f09848 (1 / 1 tries):
Mar 30 12:50:40 f0421499: 23.293832210218907393 FIL (8.7G free)
Mar 30 12:50:40 Escrow: 0.999645757255 FIL
Mar 30 12:50:40 Locked: 0.33249517244 FIL
Mar 30 12:50:41 Datacap: 3160693276672
Mar 30 12:50:41 ....
Mar 30 12:50:42 Count: 3 of 4
Mar 30 12:50:42 f02576 (1 / 1 tries):
Mar 30 12:50:43 f0421499: 23.293832210218907393 FIL (8.7G free)
Mar 30 12:50:43 Escrow: 0.999645757255 FIL
Mar 30 12:50:43 Locked: 0.33249517244 FIL
Mar 30 12:50:43 Datacap: 3160693276672
Mar 30 12:50:43 ....
Mar 30 12:50:44 Count: 3 of 4
Mar 30 12:50:44 f01277 (1 / 1 tries):
Mar 30 12:50:45 Skipping f01277: min-ask
Mar 30 12:50:45 
Mar 30 12:50:46 Count: 3 of 4
Mar 30 12:50:46 f022142 (1 / 1 tries):
Mar 30 12:50:47 f0421499: 23.293832210218907393 FIL (8.7G free)
Mar 30 12:50:47 Escrow: 0.999645757255 FIL
Mar 30 12:50:47 Locked: 0.33249517244 FIL
Mar 30 12:50:47 Datacap: 3160693276672
Mar 30 12:50:48 ....
Mar 30 12:50:49 Count: 3 of 4
Mar 30 12:50:49 f014768 (1 / 1 tries):
Mar 30 12:50:49 f0421499: 23.293832210218907393 FIL (8.7G free)
Mar 30 12:50:49 Escrow: 0.999645757255 FIL
Mar 30 12:50:49 Locked: 0.33249517244 FIL
Mar 30 12:50:49 Datacap: 3160693276672
Mar 30 12:50:49 ....
Mar 30 12:50:51 Count: 3 of 4
Mar 30 12:50:51 f062353 (1 / 1 tries):
Mar 30 12:50:51 f0421499: 23.293832210218907393 FIL (8.7G free)
Mar 30 12:50:51 Escrow: 0.999645757255 FIL
Mar 30 12:50:51 Locked: 0.33249517244 FIL
Mar 30 12:50:52 Datacap: 3160693276672
Mar 30 12:50:52 ....
Mar 30 12:50:53 Count: 3 of 4
Mar 30 12:50:53 f01234 (1 / 1 tries):
Mar 30 12:50:54 f0421499: 23.293832210218907393 FIL (8.7G free)
Mar 30 12:50:54 Escrow: 0.999645757255 FIL
Mar 30 12:50:54 Locked: 0.33249517244 FIL
Mar 30 12:50:54 Datacap: 3160693276672
Mar 30 12:50:54 ....
