Mar 30 10:52:41 Count: 3 of 4
Mar 30 10:52:41 f0145874 (1 / 1 tries):
Mar 30 10:52:41 f0421499: 23.293832210218907393 FIL (9.1G free)
Mar 30 10:52:42 Escrow: 0.999645757255 FIL
Mar 30 10:52:42 Locked: 0.33249517244 FIL
Mar 30 10:52:42 Datacap: 3160693276672
Mar 30 10:52:42 ....
Mar 30 10:52:43 Count: 3 of 4
Mar 30 10:52:43 f08399 (1 / 1 tries):
Mar 30 10:52:44 f0421499: 23.293832210218907393 FIL (9.1G free)
Mar 30 10:52:44 Escrow: 0.999645757255 FIL
Mar 30 10:52:44 Locked: 0.33249517244 FIL
Mar 30 10:52:44 Datacap: 3160693276672
Mar 30 10:52:45 ....
Mar 30 10:52:46 Count: 3 of 4
Mar 30 10:52:46 f01278 (1 / 1 tries):
Mar 30 10:52:46 f0421499: 23.293832210218907393 FIL (9.1G free)
Mar 30 10:52:46 Escrow: 0.999645757255 FIL
Mar 30 10:52:46 Locked: 0.33249517244 FIL
Mar 30 10:52:47 Datacap: 3160693276672
Mar 30 10:52:47 ....
Mar 30 10:52:48 Count: 3 of 4
Mar 30 10:52:48 f010479 (1 / 1 tries):
Mar 30 10:52:48 f0421499: 23.293832210218907393 FIL (9.1G free)
Mar 30 10:52:49 Escrow: 0.999645757255 FIL
Mar 30 10:52:49 Locked: 0.33249517244 FIL
Mar 30 10:52:49 Datacap: 3160693276672
Mar 30 10:52:49 ....
Mar 30 10:52:50 Count: 3 of 4
Mar 30 10:52:50 f08403 (1 / 1 tries):
Mar 30 10:52:51 f0421499: 23.293832210218907393 FIL (9.1G free)
Mar 30 10:52:51 Escrow: 0.999645757255 FIL
Mar 30 10:52:51 Locked: 0.33249517244 FIL
Mar 30 10:52:52 Datacap: 3160693276672
Mar 30 10:52:52 ....
Mar 30 10:52:53 Count: 3 of 4
Mar 30 10:52:53 f02606 (1 / 1 tries):
Mar 30 10:52:53 f0421499: 23.293832210218907393 FIL (9.1G free)
Mar 30 10:52:53 Escrow: 0.999645757255 FIL
Mar 30 10:52:53 Locked: 0.33249517244 FIL
Mar 30 10:52:54 Datacap: 3160693276672
Mar 30 10:52:54 ....
Mar 30 10:52:55 Count: 3 of 4
Mar 30 10:52:55 f0157535 (1 / 1 tries):
Mar 30 10:52:56 f0421499: 23.293832210218907393 FIL (9.1G free)
Mar 30 10:52:56 Escrow: 0.999645757255 FIL
Mar 30 10:52:56 Locked: 0.33249517244 FIL
Mar 30 10:52:57 Datacap: 3160693276672
Mar 30 10:52:57 ....
Mar 30 10:52:58 Count: 3 of 4
Mar 30 10:52:58 f014409 (1 / 1 tries):
Mar 30 10:52:59 f0421499: 23.293832210218907393 FIL (9.1G free)
Mar 30 10:52:59 Escrow: 0.999645757255 FIL
Mar 30 10:52:59 Locked: 0.33249517244 FIL
Mar 30 10:52:59 Datacap: 3160693276672
Mar 30 10:52:59 ....
Mar 30 10:53:00 Count: 3 of 4
Mar 30 10:53:00 f058369 (1 / 1 tries):
Mar 30 10:53:01 f0421499: 23.293832210218907393 FIL (9.1G free)
Mar 30 10:53:01 Escrow: 0.999645757255 FIL
Mar 30 10:53:01 Locked: 0.33249517244 FIL
Mar 30 10:53:02 Datacap: 3160693276672
Mar 30 10:53:02 ....
Mar 30 10:53:03 Count: 3 of 4
Mar 30 10:53:03 f023467 (1 / 1 tries):
Mar 30 10:53:04 f0421499: 23.293832210218907393 FIL (9.1G free)
Mar 30 10:53:04 Escrow: 0.999645757255 FIL
Mar 30 10:53:04 Locked: 0.33249517244 FIL
Mar 30 10:53:05 Datacap: 3160693276672
Mar 30 10:53:05 ....
Mar 30 10:53:06 Count: 3 of 4
Mar 30 10:53:06 f0165400 (1 / 1 tries):
Mar 30 10:53:06 f0421499: 23.293832210218907393 FIL (9.1G free)
Mar 30 10:53:06 Escrow: 0.999645757255 FIL
Mar 30 10:53:06 Locked: 0.33249517244 FIL
Mar 30 10:53:07 Datacap: 3160693276672
Mar 30 10:53:07 ....
Mar 30 10:53:08 Count: 3 of 4
Mar 30 10:53:08 f015927 (1 / 1 tries):
Mar 30 10:53:08 Skipping f015927: min-ask
Mar 30 10:53:08 
Mar 30 10:53:09 Count: 3 of 4
Mar 30 10:53:09 f019104 (1 / 1 tries):
Mar 30 10:53:10 Skipping f019104: error-ask
Mar 30 10:53:10 
Mar 30 10:53:11 Count: 3 of 4
Mar 30 10:53:11 f019551 (1 / 1 tries):
Mar 30 10:53:11 f0421499: 23.293832210218907393 FIL (9.1G free)
Mar 30 10:53:11 Escrow: 0.999645757255 FIL
Mar 30 10:53:11 Locked: 0.33249517244 FIL
Mar 30 10:53:12 Datacap: 3160693276672
Mar 30 10:53:12 ....
Mar 30 10:53:13 Count: 3 of 4
Mar 30 10:53:13 f019100 (1 / 1 tries):
Mar 30 10:53:13 Skipping f019100: error-ask
Mar 30 10:53:13 
Mar 30 10:53:15 Count: 3 of 4
Mar 30 10:53:15 f02576 (1 / 1 tries):
Mar 30 10:53:15 f0421499: 23.293832210218907393 FIL (9.1G free)
Mar 30 10:53:15 Escrow: 0.999645757255 FIL
Mar 30 10:53:15 Locked: 0.33249517244 FIL
Mar 30 10:53:16 Datacap: 3160693276672
Mar 30 10:53:16 ....
Mar 30 10:53:17 Count: 3 of 4
Mar 30 10:53:17 f01234 (1 / 1 tries):
Mar 30 10:53:17 f0421499: 23.293832210218907393 FIL (9.1G free)
Mar 30 10:53:18 Escrow: 0.999645757255 FIL
Mar 30 10:53:18 Locked: 0.33249517244 FIL
Mar 30 10:53:18 Datacap: 3160693276672
Mar 30 10:53:18 ....
Mar 30 10:53:19 Count: 3 of 4
Mar 30 10:53:19 f022142 (1 / 1 tries):
Mar 30 10:53:20 f0421499: 23.293832210218907393 FIL (9.1G free)
Mar 30 10:53:20 Escrow: 0.999645757255 FIL
Mar 30 10:53:20 Locked: 0.33249517244 FIL
Mar 30 10:53:20 Datacap: 3160693276672
Mar 30 10:53:21 ....
Mar 30 10:53:22 Count: 3 of 4
Mar 30 10:53:22 f022352 (1 / 1 tries):
Mar 30 10:53:22 f0421499: 23.293832210218907393 FIL (9.1G free)
Mar 30 10:53:22 Escrow: 0.999645757255 FIL
Mar 30 10:53:22 Locked: 0.33249517244 FIL
Mar 30 10:53:22 Datacap: 3160693276672
Mar 30 10:53:23 ....
Mar 30 10:53:24 Count: 3 of 4
Mar 30 10:53:24 f019362 (1 / 1 tries):
Mar 30 10:53:24 f0421499: 23.293832210218907393 FIL (9.1G free)
Mar 30 10:53:24 Escrow: 0.999645757255 FIL
Mar 30 10:53:24 Locked: 0.33249517244 FIL
Mar 30 10:53:25 Datacap: 3160693276672
Mar 30 10:53:25 ....
Mar 30 10:53:26 Count: 3 of 4
Mar 30 10:53:26 f099608 (1 / 1 tries):
Mar 30 10:53:27 f0421499: 23.293832210218907393 FIL (9.1G free)
Mar 30 10:53:27 Escrow: 0.999645757255 FIL
Mar 30 10:53:27 Locked: 0.33249517244 FIL
Mar 30 10:53:27 Datacap: 3160693276672
Mar 30 10:53:27 ....
Mar 30 10:53:29 Count: 3 of 4
Mar 30 10:53:29 f062353 (1 / 1 tries):
Mar 30 10:53:29 f0421499: 23.293832210218907393 FIL (9.1G free)
Mar 30 10:53:29 Escrow: 0.999645757255 FIL
Mar 30 10:53:29 Locked: 0.33249517244 FIL
Mar 30 10:53:30 Datacap: 3160693276672
Mar 30 10:53:30 ....
Mar 30 10:53:31 Count: 3 of 4
Mar 30 10:53:31 f023971 (1 / 1 tries):
Mar 30 10:53:32 f0421499: 23.293832210218907393 FIL (9.1G free)
Mar 30 10:53:32 Escrow: 0.999645757255 FIL
Mar 30 10:53:32 Locked: 0.33249517244 FIL
Mar 30 10:53:33 Datacap: 3160693276672
Mar 30 10:53:33 ....
Mar 30 10:53:34 Count: 3 of 4
Mar 30 10:53:34 f07998 (1 / 1 tries):
Mar 30 10:53:34 f0421499: 23.293832210218907393 FIL (9.1G free)
Mar 30 10:53:34 Escrow: 0.999645757255 FIL
Mar 30 10:53:34 Locked: 0.33249517244 FIL
Mar 30 10:53:35 Datacap: 3160693276672
Mar 30 10:53:35 ....
Mar 30 10:53:36 Count: 3 of 4
Mar 30 10:53:36 f010617 (1 / 1 tries):
Mar 30 10:53:37 f0421499: 23.293832210218907393 FIL (9.1G free)
Mar 30 10:53:37 Escrow: 0.999645757255 FIL
Mar 30 10:53:37 Locked: 0.33249517244 FIL
Mar 30 10:53:38 Datacap: 3160693276672
Mar 30 10:53:38 ....
Mar 30 10:53:39 Count: 3 of 4
Mar 30 10:53:39 f019041 (1 / 1 tries):
Mar 30 10:53:39 f0421499: 23.293832210218907393 FIL (9.1G free)
Mar 30 10:53:39 Escrow: 0.999645757255 FIL
Mar 30 10:53:39 Locked: 0.33249517244 FIL
Mar 30 10:53:40 Datacap: 3160693276672
Mar 30 10:53:40 ....
Mar 30 10:53:41 Count: 3 of 4
Mar 30 10:53:41 f09848 (1 / 1 tries):
Mar 30 10:53:41 f0421499: 23.293832210218907393 FIL (9.1G free)
Mar 30 10:53:41 Escrow: 0.999645757255 FIL
Mar 30 10:53:41 Locked: 0.33249517244 FIL
Mar 30 10:53:42 Datacap: 3160693276672
Mar 30 10:53:42 ....
Mar 30 10:53:43 Count: 3 of 4
Mar 30 10:53:43 f022163 (1 / 1 tries):
Mar 30 10:53:43 f0421499: 23.293832210218907393 FIL (9.1G free)
Mar 30 10:53:44 Escrow: 0.999645757255 FIL
Mar 30 10:53:44 Locked: 0.33249517244 FIL
Mar 30 10:53:44 Datacap: 3160693276672
Mar 30 10:53:44 ....
Mar 30 10:53:45 Count: 3 of 4
Mar 30 10:53:45 f0127896 (1 / 1 tries):
Mar 30 10:53:45 Skipping f0127896: min-ask
Mar 30 10:53:45 
Mar 30 10:53:46 Count: 3 of 4
Mar 30 10:53:46 f066596 (1 / 1 tries):
Mar 30 10:53:47 f0421499: 23.293832210218907393 FIL (9.1G free)
Mar 30 10:53:47 Escrow: 0.999645757255 FIL
Mar 30 10:53:47 Locked: 0.33249517244 FIL
Mar 30 10:53:47 Datacap: 3160693276672
Mar 30 10:53:47 ....
Mar 30 10:53:48 Count: 3 of 4
Mar 30 10:53:48 f021716 (1 / 1 tries):
Mar 30 10:53:49 f0421499: 23.293832210218907393 FIL (9.1G free)
Mar 30 10:53:49 Escrow: 0.999645757255 FIL
Mar 30 10:53:49 Locked: 0.33249517244 FIL
Mar 30 10:53:49 Datacap: 3160693276672
Mar 30 10:53:50 ....
Mar 30 10:53:51 Count: 3 of 4
Mar 30 10:53:51 f071624 (1 / 1 tries):
Mar 30 10:53:51 f0421499: 23.293832210218907393 FIL (9.1G free)
Mar 30 10:53:51 Escrow: 0.999645757255 FIL
Mar 30 10:53:51 Locked: 0.33249517244 FIL
Mar 30 10:53:52 Datacap: 3160693276672
Mar 30 10:53:52 ....
Mar 30 10:53:53 Count: 3 of 4
Mar 30 10:53:53 f01247 (1 / 1 tries):
Mar 30 10:53:53 f0421499: 23.293832210218907393 FIL (9.1G free)
Mar 30 10:53:53 Escrow: 0.999645757255 FIL
Mar 30 10:53:53 Locked: 0.33249517244 FIL
Mar 30 10:53:54 Datacap: 3160693276672
Mar 30 10:53:54 ....
Mar 30 10:53:55 Count: 3 of 4
Mar 30 10:53:55 f014768 (1 / 1 tries):
Mar 30 10:53:56 f0421499: 23.293832210218907393 FIL (9.1G free)
Mar 30 10:53:56 Escrow: 0.999645757255 FIL
Mar 30 10:53:56 Locked: 0.33249517244 FIL
Mar 30 10:53:57 Datacap: 3160693276672
Mar 30 10:53:57 ....
Mar 30 10:53:58 Count: 3 of 4
Mar 30 10:53:58 f01277 (1 / 1 tries):
Mar 30 10:53:58 Skipping f01277: min-ask
Mar 30 10:53:58 
Mar 30 10:53:59 Count: 3 of 4
Mar 30 10:53:59 f01240 (1 / 1 tries):
Mar 30 10:54:00 f0421499: 23.293832210218907393 FIL (9.1G free)
Mar 30 10:54:00 Escrow: 0.999645757255 FIL
Mar 30 10:54:00 Locked: 0.33249517244 FIL
Mar 30 10:54:01 Datacap: 3160693276672
Mar 30 10:54:01 ....
