Mar 30 03:04:20 Count: 3 of 4
Mar 30 03:04:20 f0165400 (1 / 1 tries):
Mar 30 03:04:21 f0421499: 23.293832210218907393 FIL (11G free)
Mar 30 03:04:21 Escrow: 0.999645757255 FIL
Mar 30 03:04:21 Locked: 0.33249517244 FIL
Mar 30 03:04:21 Datacap: 3160693276672
Mar 30 03:04:21 ....
Mar 30 03:04:22 Count: 3 of 4
Mar 30 03:04:22 f019100 (1 / 1 tries):
Mar 30 03:04:22 Skipping f019100: error-ask
Mar 30 03:04:22 
Mar 30 03:04:23 Count: 3 of 4
Mar 30 03:04:23 f019551 (1 / 1 tries):
Mar 30 03:04:24 f0421499: 23.293832210218907393 FIL (11G free)
Mar 30 03:04:24 Escrow: 0.999645757255 FIL
Mar 30 03:04:24 Locked: 0.33249517244 FIL
Mar 30 03:04:24 Datacap: 3160693276672
Mar 30 03:04:24 ....
Mar 30 03:04:25 Count: 3 of 4
Mar 30 03:04:25 f015927 (1 / 1 tries):
Mar 30 03:04:26 Skipping f015927: min-ask
Mar 30 03:04:26 
Mar 30 03:04:27 Count: 3 of 4
Mar 30 03:04:27 f022163 (1 / 1 tries):
Mar 30 03:04:27 f0421499: 23.293832210218907393 FIL (11G free)
Mar 30 03:04:27 Escrow: 0.999645757255 FIL
Mar 30 03:04:27 Locked: 0.33249517244 FIL
Mar 30 03:04:27 Datacap: 3160693276672
Mar 30 03:04:27 ....
Mar 30 03:04:28 Count: 3 of 4
Mar 30 03:04:28 f07998 (1 / 1 tries):
Mar 30 03:04:29 f0421499: 23.293832210218907393 FIL (11G free)
Mar 30 03:04:29 Escrow: 0.999645757255 FIL
Mar 30 03:04:29 Locked: 0.33249517244 FIL
Mar 30 03:04:29 Datacap: 3160693276672
Mar 30 03:04:29 ....
Mar 30 03:04:30 Count: 3 of 4
Mar 30 03:04:30 f02606 (1 / 1 tries):
Mar 30 03:04:30 f0421499: 23.293832210218907393 FIL (11G free)
Mar 30 03:04:31 Escrow: 0.999645757255 FIL
Mar 30 03:04:31 Locked: 0.33249517244 FIL
Mar 30 03:04:31 Datacap: 3160693276672
Mar 30 03:04:31 ....
Mar 30 03:04:32 Count: 3 of 4
Mar 30 03:04:32 f01240 (1 / 1 tries):
Mar 30 03:04:32 f0421499: 23.293832210218907393 FIL (11G free)
Mar 30 03:04:32 Escrow: 0.999645757255 FIL
Mar 30 03:04:32 Locked: 0.33249517244 FIL
Mar 30 03:04:33 Datacap: 3160693276672
Mar 30 03:04:33 ....
Mar 30 03:04:34 Count: 3 of 4
Mar 30 03:04:34 f021716 (1 / 1 tries):
Mar 30 03:04:34 f0421499: 23.293832210218907393 FIL (11G free)
Mar 30 03:04:34 Escrow: 0.999645757255 FIL
Mar 30 03:04:34 Locked: 0.33249517244 FIL
Mar 30 03:04:34 Datacap: 3160693276672
Mar 30 03:04:34 ....
Mar 30 03:04:35 Count: 3 of 4
Mar 30 03:04:35 f0145874 (1 / 1 tries):
Mar 30 03:04:36 f0421499: 23.293832210218907393 FIL (11G free)
Mar 30 03:04:36 Escrow: 0.999645757255 FIL
Mar 30 03:04:36 Locked: 0.33249517244 FIL
Mar 30 03:04:36 Datacap: 3160693276672
Mar 30 03:04:36 ....
Mar 30 03:04:37 Count: 3 of 4
Mar 30 03:04:37 f01234 (1 / 1 tries):
Mar 30 03:04:37 f0421499: 23.293832210218907393 FIL (11G free)
Mar 30 03:04:37 Escrow: 0.999645757255 FIL
Mar 30 03:04:37 Locked: 0.33249517244 FIL
Mar 30 03:04:38 Datacap: 3160693276672
Mar 30 03:04:38 ....
Mar 30 03:04:39 Count: 3 of 4
Mar 30 03:04:39 f066596 (1 / 1 tries):
Mar 30 03:04:39 f0421499: 23.293832210218907393 FIL (11G free)
Mar 30 03:04:39 Escrow: 0.999645757255 FIL
Mar 30 03:04:39 Locked: 0.33249517244 FIL
Mar 30 03:04:39 Datacap: 3160693276672
Mar 30 03:04:39 ....
Mar 30 03:04:40 Count: 3 of 4
Mar 30 03:04:40 f010479 (1 / 1 tries):
Mar 30 03:04:41 f0421499: 23.293832210218907393 FIL (11G free)
Mar 30 03:04:41 Escrow: 0.999645757255 FIL
Mar 30 03:04:41 Locked: 0.33249517244 FIL
Mar 30 03:04:41 Datacap: 3160693276672
Mar 30 03:04:41 ....
Mar 30 03:04:42 Count: 3 of 4
Mar 30 03:04:42 f058369 (1 / 1 tries):
Mar 30 03:04:43 f0421499: 23.293832210218907393 FIL (11G free)
Mar 30 03:04:43 Escrow: 0.999645757255 FIL
Mar 30 03:04:43 Locked: 0.33249517244 FIL
Mar 30 03:04:43 Datacap: 3160693276672
Mar 30 03:04:43 ....
Mar 30 03:04:44 Count: 3 of 4
Mar 30 03:04:44 f08403 (1 / 1 tries):
Mar 30 03:04:44 f0421499: 23.293832210218907393 FIL (11G free)
Mar 30 03:04:44 Escrow: 0.999645757255 FIL
Mar 30 03:04:44 Locked: 0.33249517244 FIL
Mar 30 03:04:45 Datacap: 3160693276672
Mar 30 03:04:45 ....
Mar 30 03:04:46 Count: 3 of 4
Mar 30 03:04:46 f01277 (1 / 1 tries):
Mar 30 03:04:46 Skipping f01277: min-ask
Mar 30 03:04:46 
Mar 30 03:04:47 Count: 3 of 4
Mar 30 03:04:47 f071624 (1 / 1 tries):
Mar 30 03:04:47 f0421499: 23.293832210218907393 FIL (11G free)
Mar 30 03:04:47 Escrow: 0.999645757255 FIL
Mar 30 03:04:47 Locked: 0.33249517244 FIL
Mar 30 03:04:48 Datacap: 3160693276672
Mar 30 03:04:48 ....
Mar 30 03:04:49 Count: 3 of 4
Mar 30 03:04:49 f08399 (1 / 1 tries):
Mar 30 03:04:49 f0421499: 23.293832210218907393 FIL (11G free)
Mar 30 03:04:49 Escrow: 0.999645757255 FIL
Mar 30 03:04:49 Locked: 0.33249517244 FIL
Mar 30 03:04:49 Datacap: 3160693276672
Mar 30 03:04:49 ....
Mar 30 03:04:50 Count: 3 of 4
Mar 30 03:04:50 f022142 (1 / 1 tries):
Mar 30 03:04:51 f0421499: 23.293832210218907393 FIL (11G free)
Mar 30 03:04:51 Escrow: 0.999645757255 FIL
Mar 30 03:04:51 Locked: 0.33249517244 FIL
Mar 30 03:04:51 Datacap: 3160693276672
Mar 30 03:04:51 ....
Mar 30 03:04:52 Count: 3 of 4
Mar 30 03:04:52 f099608 (1 / 1 tries):
Mar 30 03:04:53 f0421499: 23.293832210218907393 FIL (11G free)
Mar 30 03:04:53 Escrow: 0.999645757255 FIL
Mar 30 03:04:53 Locked: 0.33249517244 FIL
Mar 30 03:04:53 Datacap: 3160693276672
Mar 30 03:04:53 ....
Mar 30 03:04:54 Count: 3 of 4
Mar 30 03:04:54 f019041 (1 / 1 tries):
Mar 30 03:04:54 f0421499: 23.293832210218907393 FIL (11G free)
Mar 30 03:04:54 Escrow: 0.999645757255 FIL
Mar 30 03:04:54 Locked: 0.33249517244 FIL
Mar 30 03:04:55 Datacap: 3160693276672
Mar 30 03:04:55 ....
Mar 30 03:04:56 Count: 3 of 4
Mar 30 03:04:56 f0157535 (1 / 1 tries):
Mar 30 03:04:56 f0421499: 23.293832210218907393 FIL (11G free)
Mar 30 03:04:56 Escrow: 0.999645757255 FIL
Mar 30 03:04:56 Locked: 0.33249517244 FIL
Mar 30 03:04:56 Datacap: 3160693276672
Mar 30 03:04:56 ....
Mar 30 03:04:57 Count: 3 of 4
Mar 30 03:04:57 f022352 (1 / 1 tries):
Mar 30 03:04:58 f0421499: 23.293832210218907393 FIL (11G free)
Mar 30 03:04:58 Escrow: 0.999645757255 FIL
Mar 30 03:04:58 Locked: 0.33249517244 FIL
Mar 30 03:04:58 Datacap: 3160693276672
Mar 30 03:04:58 ....
Mar 30 03:04:59 Count: 3 of 4
Mar 30 03:04:59 f019362 (1 / 1 tries):
Mar 30 03:05:00 f0421499: 23.293832210218907393 FIL (11G free)
Mar 30 03:05:00 Escrow: 0.999645757255 FIL
Mar 30 03:05:00 Locked: 0.33249517244 FIL
Mar 30 03:05:00 Datacap: 3160693276672
Mar 30 03:05:00 ....
Mar 30 03:05:01 Count: 3 of 4
Mar 30 03:05:01 f09848 (1 / 1 tries):
Mar 30 03:05:01 f0421499: 23.293832210218907393 FIL (11G free)
Mar 30 03:05:01 Escrow: 0.999645757255 FIL
Mar 30 03:05:01 Locked: 0.33249517244 FIL
Mar 30 03:05:02 Datacap: 3160693276672
Mar 30 03:05:02 ....
Mar 30 03:05:03 Count: 3 of 4
Mar 30 03:05:03 f014409 (1 / 1 tries):
Mar 30 03:05:03 f0421499: 23.293832210218907393 FIL (11G free)
Mar 30 03:05:03 Escrow: 0.999645757255 FIL
Mar 30 03:05:03 Locked: 0.33249517244 FIL
Mar 30 03:05:03 Datacap: 3160693276672
Mar 30 03:05:03 ....
Mar 30 03:05:04 Count: 3 of 4
Mar 30 03:05:04 f023467 (1 / 1 tries):
Mar 30 03:05:05 f0421499: 23.293832210218907393 FIL (11G free)
Mar 30 03:05:05 Escrow: 0.999645757255 FIL
Mar 30 03:05:05 Locked: 0.33249517244 FIL
Mar 30 03:05:05 Datacap: 3160693276672
Mar 30 03:05:05 ....
Mar 30 03:05:06 Count: 3 of 4
Mar 30 03:05:06 f010617 (1 / 1 tries):
Mar 30 03:05:07 f0421499: 23.293832210218907393 FIL (11G free)
Mar 30 03:05:07 Escrow: 0.999645757255 FIL
Mar 30 03:05:07 Locked: 0.33249517244 FIL
Mar 30 03:05:07 Datacap: 3160693276672
Mar 30 03:05:07 ....
Mar 30 03:05:08 Count: 3 of 4
Mar 30 03:05:08 f01247 (1 / 1 tries):
Mar 30 03:05:08 f0421499: 23.293832210218907393 FIL (11G free)
Mar 30 03:05:09 Escrow: 0.999645757255 FIL
Mar 30 03:05:09 Locked: 0.33249517244 FIL
Mar 30 03:05:09 Datacap: 3160693276672
Mar 30 03:05:09 ....
Mar 30 03:05:10 Count: 3 of 4
Mar 30 03:05:10 f062353 (1 / 1 tries):
Mar 30 03:05:10 f0421499: 23.293832210218907393 FIL (11G free)
Mar 30 03:05:10 Escrow: 0.999645757255 FIL
Mar 30 03:05:10 Locked: 0.33249517244 FIL
Mar 30 03:05:11 Datacap: 3160693276672
Mar 30 03:05:11 ....
Mar 30 03:05:12 Count: 3 of 4
Mar 30 03:05:12 f014768 (1 / 1 tries):
Mar 30 03:05:12 f0421499: 23.293832210218907393 FIL (11G free)
Mar 30 03:05:12 Escrow: 0.999645757255 FIL
Mar 30 03:05:12 Locked: 0.33249517244 FIL
Mar 30 03:05:12 Datacap: 3160693276672
Mar 30 03:05:12 ....
Mar 30 03:05:13 Count: 3 of 4
Mar 30 03:05:13 f01278 (1 / 1 tries):
Mar 30 03:05:14 f0421499: 23.293832210218907393 FIL (11G free)
Mar 30 03:05:14 Escrow: 0.999645757255 FIL
Mar 30 03:05:14 Locked: 0.33249517244 FIL
Mar 30 03:05:14 Datacap: 3160693276672
Mar 30 03:05:14 ....
Mar 30 03:05:15 Count: 3 of 4
Mar 30 03:05:15 f0127896 (1 / 1 tries):
Mar 30 03:05:15 Skipping f0127896: min-ask
Mar 30 03:05:15 
Mar 30 03:05:16 Count: 3 of 4
Mar 30 03:05:16 f019104 (1 / 1 tries):
Mar 30 03:05:17 Skipping f019104: error-ask
Mar 30 03:05:17 
Mar 30 03:05:18 Count: 3 of 4
Mar 30 03:05:18 f02576 (1 / 1 tries):
Mar 30 03:05:18 f0421499: 23.293832210218907393 FIL (11G free)
Mar 30 03:05:18 Escrow: 0.999645757255 FIL
Mar 30 03:05:18 Locked: 0.33249517244 FIL
Mar 30 03:05:18 Datacap: 3160693276672
Mar 30 03:05:18 ....
Mar 30 03:05:19 Count: 3 of 4
Mar 30 03:05:19 f023971 (1 / 1 tries):
Mar 30 03:05:20 f0421499: 23.293832210218907393 FIL (11G free)
Mar 30 03:05:20 Escrow: 0.999645757255 FIL
Mar 30 03:05:20 Locked: 0.33249517244 FIL
Mar 30 03:05:20 Datacap: 3160693276672
Mar 30 03:05:20 ....
