Mar 30 10:51:09 Count: 3 of 4
Mar 30 10:51:09 f019551 (1 / 1 tries):
Mar 30 10:51:09 f0421499: 23.293832210218907393 FIL (9.1G free)
Mar 30 10:51:09 Escrow: 0.999645757255 FIL
Mar 30 10:51:09 Locked: 0.33249517244 FIL
Mar 30 10:51:10 Datacap: 3160693276672
Mar 30 10:51:10 ....
Mar 30 10:51:11 Count: 3 of 4
Mar 30 10:51:11 f0127896 (1 / 1 tries):
Mar 30 10:51:12 Skipping f0127896: min-ask
Mar 30 10:51:12 
Mar 30 10:51:13 Count: 3 of 4
Mar 30 10:51:13 f019362 (1 / 1 tries):
Mar 30 10:51:13 f0421499: 23.293832210218907393 FIL (9.1G free)
Mar 30 10:51:13 Escrow: 0.999645757255 FIL
Mar 30 10:51:13 Locked: 0.33249517244 FIL
Mar 30 10:51:14 Datacap: 3160693276672
Mar 30 10:51:14 ....
Mar 30 10:51:15 Count: 3 of 4
Mar 30 10:51:15 f022142 (1 / 1 tries):
Mar 30 10:51:16 f0421499: 23.293832210218907393 FIL (9.1G free)
Mar 30 10:51:16 Escrow: 0.999645757255 FIL
Mar 30 10:51:16 Locked: 0.33249517244 FIL
Mar 30 10:51:17 Datacap: 3160693276672
Mar 30 10:51:17 ....
Mar 30 10:51:18 Count: 3 of 4
Mar 30 10:51:18 f0165400 (1 / 1 tries):
Mar 30 10:51:19 f0421499: 23.293832210218907393 FIL (9.1G free)
Mar 30 10:51:19 Escrow: 0.999645757255 FIL
Mar 30 10:51:19 Locked: 0.33249517244 FIL
Mar 30 10:51:19 Datacap: 3160693276672
Mar 30 10:51:19 ....
Mar 30 10:51:20 Count: 3 of 4
Mar 30 10:51:20 f09848 (1 / 1 tries):
Mar 30 10:51:21 f0421499: 23.293832210218907393 FIL (9.1G free)
Mar 30 10:51:21 Escrow: 0.999645757255 FIL
Mar 30 10:51:21 Locked: 0.33249517244 FIL
Mar 30 10:51:21 Datacap: 3160693276672
Mar 30 10:51:21 ....
Mar 30 10:51:22 Count: 3 of 4
Mar 30 10:51:22 f022163 (1 / 1 tries):
Mar 30 10:51:23 f0421499: 23.293832210218907393 FIL (9.1G free)
Mar 30 10:51:23 Escrow: 0.999645757255 FIL
Mar 30 10:51:23 Locked: 0.33249517244 FIL
Mar 30 10:51:24 Datacap: 3160693276672
Mar 30 10:51:24 ....
Mar 30 10:51:25 Count: 3 of 4
Mar 30 10:51:25 f022352 (1 / 1 tries):
Mar 30 10:51:25 f0421499: 23.293832210218907393 FIL (9.1G free)
Mar 30 10:51:26 Escrow: 0.999645757255 FIL
Mar 30 10:51:26 Locked: 0.33249517244 FIL
Mar 30 10:51:26 Datacap: 3160693276672
Mar 30 10:51:26 ....
Mar 30 10:51:27 Count: 3 of 4
Mar 30 10:51:27 f058369 (1 / 1 tries):
Mar 30 10:51:28 f0421499: 23.293832210218907393 FIL (9.1G free)
Mar 30 10:51:28 Escrow: 0.999645757255 FIL
Mar 30 10:51:28 Locked: 0.33249517244 FIL
Mar 30 10:51:29 Datacap: 3160693276672
Mar 30 10:51:29 ....
Mar 30 10:51:30 Count: 3 of 4
Mar 30 10:51:30 f01234 (1 / 1 tries):
Mar 30 10:51:30 f0421499: 23.293832210218907393 FIL (9.1G free)
Mar 30 10:51:30 Escrow: 0.999645757255 FIL
Mar 30 10:51:30 Locked: 0.33249517244 FIL
Mar 30 10:51:31 Datacap: 3160693276672
Mar 30 10:51:31 ....
Mar 30 10:51:32 Count: 3 of 4
Mar 30 10:51:32 f071624 (1 / 1 tries):
Mar 30 10:51:33 f0421499: 23.293832210218907393 FIL (9.1G free)
Mar 30 10:51:33 Escrow: 0.999645757255 FIL
Mar 30 10:51:33 Locked: 0.33249517244 FIL
Mar 30 10:51:33 Datacap: 3160693276672
Mar 30 10:51:33 ....
Mar 30 10:51:34 Count: 3 of 4
Mar 30 10:51:34 f01247 (1 / 1 tries):
Mar 30 10:51:35 f0421499: 23.293832210218907393 FIL (9.1G free)
Mar 30 10:51:35 Escrow: 0.999645757255 FIL
Mar 30 10:51:35 Locked: 0.33249517244 FIL
Mar 30 10:51:36 Datacap: 3160693276672
Mar 30 10:51:36 ....
Mar 30 10:51:37 Count: 3 of 4
Mar 30 10:51:37 f010617 (1 / 1 tries):
Mar 30 10:51:38 f0421499: 23.293832210218907393 FIL (9.1G free)
Mar 30 10:51:38 Escrow: 0.999645757255 FIL
Mar 30 10:51:38 Locked: 0.33249517244 FIL
Mar 30 10:51:38 Datacap: 3160693276672
Mar 30 10:51:38 ....
Mar 30 10:51:39 Count: 3 of 4
Mar 30 10:51:39 f010479 (1 / 1 tries):
Mar 30 10:51:40 f0421499: 23.293832210218907393 FIL (9.1G free)
Mar 30 10:51:40 Escrow: 0.999645757255 FIL
Mar 30 10:51:40 Locked: 0.33249517244 FIL
Mar 30 10:51:41 Datacap: 3160693276672
Mar 30 10:51:41 ....
Mar 30 10:51:42 Count: 3 of 4
Mar 30 10:51:42 f023467 (1 / 1 tries):
Mar 30 10:51:43 f0421499: 23.293832210218907393 FIL (9.1G free)
Mar 30 10:51:43 Escrow: 0.999645757255 FIL
Mar 30 10:51:43 Locked: 0.33249517244 FIL
Mar 30 10:51:43 Datacap: 3160693276672
Mar 30 10:51:43 ....
Mar 30 10:51:44 Count: 3 of 4
Mar 30 10:51:44 f015927 (1 / 1 tries):
Mar 30 10:51:45 Skipping f015927: min-ask
Mar 30 10:51:45 
Mar 30 10:51:46 Count: 3 of 4
Mar 30 10:51:46 f066596 (1 / 1 tries):
Mar 30 10:51:46 f0421499: 23.293832210218907393 FIL (9.1G free)
Mar 30 10:51:47 Escrow: 0.999645757255 FIL
Mar 30 10:51:47 Locked: 0.33249517244 FIL
Mar 30 10:51:47 Datacap: 3160693276672
Mar 30 10:51:47 ....
Mar 30 10:51:48 Count: 3 of 4
Mar 30 10:51:48 f014409 (1 / 1 tries):
Mar 30 10:51:49 f0421499: 23.293832210218907393 FIL (9.1G free)
Mar 30 10:51:50 Escrow: 0.999645757255 FIL
Mar 30 10:51:50 Locked: 0.33249517244 FIL
Mar 30 10:51:50 Datacap: 3160693276672
Mar 30 10:51:50 ....
Mar 30 10:51:51 Count: 3 of 4
Mar 30 10:51:51 f062353 (1 / 1 tries):
Mar 30 10:51:52 f0421499: 23.293832210218907393 FIL (9.1G free)
Mar 30 10:51:52 Escrow: 0.999645757255 FIL
Mar 30 10:51:52 Locked: 0.33249517244 FIL
Mar 30 10:51:52 Datacap: 3160693276672
Mar 30 10:51:52 ....
Mar 30 10:51:53 Count: 3 of 4
Mar 30 10:51:53 f019104 (1 / 1 tries):
Mar 30 10:51:54 Skipping f019104: error-ask
Mar 30 10:51:54 
Mar 30 10:51:55 Count: 3 of 4
Mar 30 10:51:55 f01277 (1 / 1 tries):
Mar 30 10:51:55 Skipping f01277: min-ask
Mar 30 10:51:55 
Mar 30 10:51:56 Count: 3 of 4
Mar 30 10:51:56 f08399 (1 / 1 tries):
Mar 30 10:51:57 f0421499: 23.293832210218907393 FIL (9.1G free)
Mar 30 10:51:57 Escrow: 0.999645757255 FIL
Mar 30 10:51:57 Locked: 0.33249517244 FIL
Mar 30 10:51:57 Datacap: 3160693276672
Mar 30 10:51:57 ....
Mar 30 10:51:58 Count: 3 of 4
Mar 30 10:51:58 f01240 (1 / 1 tries):
Mar 30 10:51:59 f0421499: 23.293832210218907393 FIL (9.1G free)
Mar 30 10:51:59 Escrow: 0.999645757255 FIL
Mar 30 10:51:59 Locked: 0.33249517244 FIL
Mar 30 10:51:59 Datacap: 3160693276672
Mar 30 10:52:00 ....
Mar 30 10:52:01 Count: 3 of 4
Mar 30 10:52:01 f07998 (1 / 1 tries):
Mar 30 10:52:01 f0421499: 23.293832210218907393 FIL (9.1G free)
Mar 30 10:52:01 Escrow: 0.999645757255 FIL
Mar 30 10:52:01 Locked: 0.33249517244 FIL
Mar 30 10:52:02 Datacap: 3160693276672
Mar 30 10:52:02 ....
Mar 30 10:52:03 Count: 3 of 4
Mar 30 10:52:03 f099608 (1 / 1 tries):
Mar 30 10:52:03 f0421499: 23.293832210218907393 FIL (9.1G free)
Mar 30 10:52:04 Escrow: 0.999645757255 FIL
Mar 30 10:52:04 Locked: 0.33249517244 FIL
Mar 30 10:52:04 Datacap: 3160693276672
Mar 30 10:52:04 ....
Mar 30 10:52:05 Count: 3 of 4
Mar 30 10:52:05 f0145874 (1 / 1 tries):
Mar 30 10:52:06 f0421499: 23.293832210218907393 FIL (9.1G free)
Mar 30 10:52:06 Escrow: 0.999645757255 FIL
Mar 30 10:52:06 Locked: 0.33249517244 FIL
Mar 30 10:52:06 Datacap: 3160693276672
Mar 30 10:52:07 ....
Mar 30 10:52:08 Count: 3 of 4
Mar 30 10:52:08 f021716 (1 / 1 tries):
Mar 30 10:52:08 f0421499: 23.293832210218907393 FIL (9.1G free)
Mar 30 10:52:09 Escrow: 0.999645757255 FIL
Mar 30 10:52:09 Locked: 0.33249517244 FIL
Mar 30 10:52:09 Datacap: 3160693276672
Mar 30 10:52:09 ....
Mar 30 10:52:10 Count: 3 of 4
Mar 30 10:52:10 f023971 (1 / 1 tries):
Mar 30 10:52:11 f0421499: 23.293832210218907393 FIL (9.1G free)
Mar 30 10:52:11 Escrow: 0.999645757255 FIL
Mar 30 10:52:11 Locked: 0.33249517244 FIL
Mar 30 10:52:11 Datacap: 3160693276672
Mar 30 10:52:11 ....
Mar 30 10:52:12 Count: 3 of 4
Mar 30 10:52:12 f019041 (1 / 1 tries):
Mar 30 10:52:13 f0421499: 23.293832210218907393 FIL (9.1G free)
Mar 30 10:52:13 Escrow: 0.999645757255 FIL
Mar 30 10:52:13 Locked: 0.33249517244 FIL
Mar 30 10:52:14 Datacap: 3160693276672
Mar 30 10:52:14 ....
Mar 30 10:52:15 Count: 3 of 4
Mar 30 10:52:15 f01278 (1 / 1 tries):
Mar 30 10:52:15 f0421499: 23.293832210218907393 FIL (9.1G free)
Mar 30 10:52:15 Escrow: 0.999645757255 FIL
Mar 30 10:52:15 Locked: 0.33249517244 FIL
Mar 30 10:52:16 Datacap: 3160693276672
Mar 30 10:52:16 ....
Mar 30 10:52:17 Count: 3 of 4
Mar 30 10:52:17 f02606 (1 / 1 tries):
Mar 30 10:52:17 f0421499: 23.293832210218907393 FIL (9.1G free)
Mar 30 10:52:18 Escrow: 0.999645757255 FIL
Mar 30 10:52:18 Locked: 0.33249517244 FIL
Mar 30 10:52:18 Datacap: 3160693276672
Mar 30 10:52:18 ....
Mar 30 10:52:19 Count: 3 of 4
Mar 30 10:52:19 f0157535 (1 / 1 tries):
Mar 30 10:52:20 f0421499: 23.293832210218907393 FIL (9.1G free)
Mar 30 10:52:20 Escrow: 0.999645757255 FIL
Mar 30 10:52:20 Locked: 0.33249517244 FIL
Mar 30 10:52:20 Datacap: 3160693276672
Mar 30 10:52:21 ....
Mar 30 10:52:22 Count: 3 of 4
Mar 30 10:52:22 f08403 (1 / 1 tries):
Mar 30 10:52:22 f0421499: 23.293832210218907393 FIL (9.1G free)
Mar 30 10:52:22 Escrow: 0.999645757255 FIL
Mar 30 10:52:22 Locked: 0.33249517244 FIL
Mar 30 10:52:23 Datacap: 3160693276672
Mar 30 10:52:23 ....
Mar 30 10:52:24 Count: 3 of 4
Mar 30 10:52:24 f02576 (1 / 1 tries):
Mar 30 10:52:24 f0421499: 23.293832210218907393 FIL (9.1G free)
Mar 30 10:52:24 Escrow: 0.999645757255 FIL
Mar 30 10:52:24 Locked: 0.33249517244 FIL
Mar 30 10:52:25 Datacap: 3160693276672
Mar 30 10:52:25 ....
Mar 30 10:52:26 Count: 3 of 4
Mar 30 10:52:26 f014768 (1 / 1 tries):
Mar 30 10:52:27 f0421499: 23.293832210218907393 FIL (9.1G free)
Mar 30 10:52:27 Escrow: 0.999645757255 FIL
Mar 30 10:52:27 Locked: 0.33249517244 FIL
Mar 30 10:52:28 Datacap: 3160693276672
Mar 30 10:52:28 ....
Mar 30 10:52:29 Count: 3 of 4
Mar 30 10:52:29 f019100 (1 / 1 tries):
Mar 30 10:52:29 Skipping f019100: error-ask
Mar 30 10:52:29 
