Mar 30 05:16:32 Count: 3 of 4
Mar 30 05:16:32 f02606 (1 / 1 tries):
Mar 30 05:16:33 f0421499: 23.293832210218907393 FIL (11G free)
Mar 30 05:16:33 Escrow: 0.999645757255 FIL
Mar 30 05:16:33 Locked: 0.33249517244 FIL
Mar 30 05:16:33 Datacap: 3160693276672
Mar 30 05:16:34 ....
Mar 30 05:16:35 Count: 3 of 4
Mar 30 05:16:35 f02576 (1 / 1 tries):
Mar 30 05:16:35 f0421499: 23.293832210218907393 FIL (11G free)
Mar 30 05:16:35 Escrow: 0.999645757255 FIL
Mar 30 05:16:35 Locked: 0.33249517244 FIL
Mar 30 05:16:36 Datacap: 3160693276672
Mar 30 05:16:36 ....
Mar 30 05:16:37 Count: 3 of 4
Mar 30 05:16:37 f01247 (1 / 1 tries):
Mar 30 05:16:37 f0421499: 23.293832210218907393 FIL (11G free)
Mar 30 05:16:38 Escrow: 0.999645757255 FIL
Mar 30 05:16:38 Locked: 0.33249517244 FIL
Mar 30 05:16:38 Datacap: 3160693276672
Mar 30 05:16:38 ....
Mar 30 05:16:39 Count: 3 of 4
Mar 30 05:16:39 f022352 (1 / 1 tries):
Mar 30 05:16:40 f0421499: 23.293832210218907393 FIL (11G free)
Mar 30 05:16:40 Escrow: 0.999645757255 FIL
Mar 30 05:16:40 Locked: 0.33249517244 FIL
Mar 30 05:16:41 Datacap: 3160693276672
Mar 30 05:16:41 ....
Mar 30 05:16:42 Count: 3 of 4
Mar 30 05:16:42 f019551 (1 / 1 tries):
Mar 30 05:16:42 f0421499: 23.293832210218907393 FIL (11G free)
Mar 30 05:16:43 Escrow: 0.999645757255 FIL
Mar 30 05:16:43 Locked: 0.33249517244 FIL
Mar 30 05:16:43 Datacap: 3160693276672
Mar 30 05:16:43 ....
Mar 30 05:16:44 Count: 3 of 4
Mar 30 05:16:44 f09848 (1 / 1 tries):
Mar 30 05:16:45 f0421499: 23.293832210218907393 FIL (11G free)
Mar 30 05:16:45 Escrow: 0.999645757255 FIL
Mar 30 05:16:45 Locked: 0.33249517244 FIL
Mar 30 05:16:46 Datacap: 3160693276672
Mar 30 05:16:46 ....
Mar 30 05:16:47 Count: 3 of 4
Mar 30 05:16:47 f0157535 (1 / 1 tries):
Mar 30 05:16:48 f0421499: 23.293832210218907393 FIL (11G free)
Mar 30 05:16:48 Escrow: 0.999645757255 FIL
Mar 30 05:16:48 Locked: 0.33249517244 FIL
Mar 30 05:16:48 Datacap: 3160693276672
Mar 30 05:16:49 ....
Mar 30 05:16:50 Count: 3 of 4
Mar 30 05:16:50 f019104 (1 / 1 tries):
Mar 30 05:16:50 Skipping f019104: error-ask
Mar 30 05:16:50 
Mar 30 05:16:51 Count: 3 of 4
Mar 30 05:16:51 f022142 (1 / 1 tries):
Mar 30 05:16:52 f0421499: 23.293832210218907393 FIL (11G free)
Mar 30 05:16:52 Escrow: 0.999645757255 FIL
Mar 30 05:16:52 Locked: 0.33249517244 FIL
Mar 30 05:16:53 Datacap: 3160693276672
Mar 30 05:16:53 ....
Mar 30 05:16:54 Count: 3 of 4
Mar 30 05:16:54 f019041 (1 / 1 tries):
Mar 30 05:16:54 f0421499: 23.293832210218907393 FIL (11G free)
Mar 30 05:16:55 Escrow: 0.999645757255 FIL
Mar 30 05:16:55 Locked: 0.33249517244 FIL
Mar 30 05:16:55 Datacap: 3160693276672
Mar 30 05:16:55 ....
Mar 30 05:16:56 Count: 3 of 4
Mar 30 05:16:56 f07998 (1 / 1 tries):
Mar 30 05:16:57 f0421499: 23.293832210218907393 FIL (11G free)
Mar 30 05:16:57 Escrow: 0.999645757255 FIL
Mar 30 05:16:57 Locked: 0.33249517244 FIL
Mar 30 05:16:57 Datacap: 3160693276672
Mar 30 05:16:57 ....
Mar 30 05:16:58 Count: 3 of 4
Mar 30 05:16:58 f058369 (1 / 1 tries):
Mar 30 05:16:59 f0421499: 23.293832210218907393 FIL (11G free)
Mar 30 05:16:59 Escrow: 0.999645757255 FIL
Mar 30 05:16:59 Locked: 0.33249517244 FIL
Mar 30 05:17:00 Datacap: 3160693276672
Mar 30 05:17:00 ....
Mar 30 05:17:01 Count: 3 of 4
Mar 30 05:17:01 f01240 (1 / 1 tries):
Mar 30 05:17:02 f0421499: 23.293832210218907393 FIL (11G free)
Mar 30 05:17:02 Escrow: 0.999645757255 FIL
Mar 30 05:17:02 Locked: 0.33249517244 FIL
Mar 30 05:17:02 Datacap: 3160693276672
Mar 30 05:17:03 ....
Mar 30 05:17:04 Count: 3 of 4
Mar 30 05:17:04 f08399 (1 / 1 tries):
Mar 30 05:17:04 f0421499: 23.293832210218907393 FIL (11G free)
Mar 30 05:17:05 Escrow: 0.999645757255 FIL
Mar 30 05:17:05 Locked: 0.33249517244 FIL
Mar 30 05:17:05 Datacap: 3160693276672
Mar 30 05:17:05 ....
Mar 30 05:17:06 Count: 3 of 4
Mar 30 05:17:06 f08403 (1 / 1 tries):
Mar 30 05:17:06 f0421499: 23.293832210218907393 FIL (11G free)
Mar 30 05:17:07 Escrow: 0.999645757255 FIL
Mar 30 05:17:07 Locked: 0.33249517244 FIL
Mar 30 05:17:07 Datacap: 3160693276672
Mar 30 05:17:08 ....
Mar 30 05:17:09 Count: 3 of 4
Mar 30 05:17:09 f099608 (1 / 1 tries):
Mar 30 05:17:09 f0421499: 23.293832210218907393 FIL (11G free)
Mar 30 05:17:10 Escrow: 0.999645757255 FIL
Mar 30 05:17:10 Locked: 0.33249517244 FIL
Mar 30 05:17:10 Datacap: 3160693276672
Mar 30 05:17:10 ....
Mar 30 05:17:11 Count: 3 of 4
Mar 30 05:17:11 f066596 (1 / 1 tries):
Mar 30 05:17:12 f0421499: 23.293832210218907393 FIL (11G free)
Mar 30 05:17:12 Escrow: 0.999645757255 FIL
Mar 30 05:17:12 Locked: 0.33249517244 FIL
Mar 30 05:17:12 Datacap: 3160693276672
Mar 30 05:17:12 ....
Mar 30 05:17:13 Count: 3 of 4
Mar 30 05:17:13 f019100 (1 / 1 tries):
Mar 30 05:17:14 Skipping f019100: error-ask
Mar 30 05:17:14 
Mar 30 05:17:15 Count: 3 of 4
Mar 30 05:17:15 f010479 (1 / 1 tries):
Mar 30 05:17:16 f0421499: 23.293832210218907393 FIL (11G free)
Mar 30 05:17:16 Escrow: 0.999645757255 FIL
Mar 30 05:17:16 Locked: 0.33249517244 FIL
Mar 30 05:17:16 Datacap: 3160693276672
Mar 30 05:17:17 ....
Mar 30 05:17:18 Count: 3 of 4
Mar 30 05:17:18 f023971 (1 / 1 tries):
Mar 30 05:17:18 f0421499: 23.293832210218907393 FIL (11G free)
Mar 30 05:17:18 Escrow: 0.999645757255 FIL
Mar 30 05:17:18 Locked: 0.33249517244 FIL
Mar 30 05:17:19 Datacap: 3160693276672
Mar 30 05:17:19 ....
Mar 30 05:17:20 Count: 3 of 4
Mar 30 05:17:20 f01278 (1 / 1 tries):
Mar 30 05:17:21 f0421499: 23.293832210218907393 FIL (11G free)
Mar 30 05:17:21 Escrow: 0.999645757255 FIL
Mar 30 05:17:21 Locked: 0.33249517244 FIL
Mar 30 05:17:22 Datacap: 3160693276672
Mar 30 05:17:22 ....
Mar 30 05:17:23 Count: 3 of 4
Mar 30 05:17:23 f023467 (1 / 1 tries):
Mar 30 05:17:24 f0421499: 23.293832210218907393 FIL (11G free)
Mar 30 05:17:24 Escrow: 0.999645757255 FIL
Mar 30 05:17:24 Locked: 0.33249517244 FIL
Mar 30 05:17:24 Datacap: 3160693276672
Mar 30 05:17:25 ....
Mar 30 05:17:26 Count: 3 of 4
Mar 30 05:17:26 f062353 (1 / 1 tries):
Mar 30 05:17:26 f0421499: 23.293832210218907393 FIL (11G free)
Mar 30 05:17:26 Escrow: 0.999645757255 FIL
Mar 30 05:17:26 Locked: 0.33249517244 FIL
Mar 30 05:17:27 Datacap: 3160693276672
Mar 30 05:17:27 ....
Mar 30 05:17:28 Count: 3 of 4
Mar 30 05:17:28 f021716 (1 / 1 tries):
Mar 30 05:17:29 f0421499: 23.293832210218907393 FIL (11G free)
Mar 30 05:17:29 Escrow: 0.999645757255 FIL
Mar 30 05:17:29 Locked: 0.33249517244 FIL
Mar 30 05:17:30 Datacap: 3160693276672
Mar 30 05:17:30 ....
Mar 30 05:17:31 Count: 3 of 4
Mar 30 05:17:31 f0127896 (1 / 1 tries):
Mar 30 05:17:31 Skipping f0127896: min-ask
Mar 30 05:17:31 
Mar 30 05:17:32 Count: 3 of 4
Mar 30 05:17:32 f022163 (1 / 1 tries):
Mar 30 05:17:33 f0421499: 23.293832210218907393 FIL (11G free)
Mar 30 05:17:33 Escrow: 0.999645757255 FIL
Mar 30 05:17:33 Locked: 0.33249517244 FIL
Mar 30 05:17:33 Datacap: 3160693276672
Mar 30 05:17:33 ....
Mar 30 05:17:34 Count: 3 of 4
Mar 30 05:17:34 f014768 (1 / 1 tries):
Mar 30 05:17:35 f0421499: 23.293832210218907393 FIL (11G free)
Mar 30 05:17:35 Escrow: 0.999645757255 FIL
Mar 30 05:17:35 Locked: 0.33249517244 FIL
Mar 30 05:17:36 Datacap: 3160693276672
Mar 30 05:17:36 ....
Mar 30 05:17:37 Count: 3 of 4
Mar 30 05:17:37 f019362 (1 / 1 tries):
Mar 30 05:17:38 f0421499: 23.293832210218907393 FIL (11G free)
Mar 30 05:17:38 Escrow: 0.999645757255 FIL
Mar 30 05:17:38 Locked: 0.33249517244 FIL
Mar 30 05:17:39 Datacap: 3160693276672
Mar 30 05:17:39 ....
Mar 30 05:17:40 Count: 3 of 4
Mar 30 05:17:40 f01234 (1 / 1 tries):
Mar 30 05:17:40 f0421499: 23.293832210218907393 FIL (11G free)
Mar 30 05:17:41 Escrow: 0.999645757255 FIL
Mar 30 05:17:41 Locked: 0.33249517244 FIL
Mar 30 05:17:41 Datacap: 3160693276672
Mar 30 05:17:41 ....
Mar 30 05:17:42 Count: 3 of 4
Mar 30 05:17:42 f071624 (1 / 1 tries):
Mar 30 05:17:43 f0421499: 23.293832210218907393 FIL (11G free)
Mar 30 05:17:43 Escrow: 0.999645757255 FIL
Mar 30 05:17:43 Locked: 0.33249517244 FIL
Mar 30 05:17:44 Datacap: 3160693276672
Mar 30 05:17:44 ....
Mar 30 05:17:45 Count: 3 of 4
Mar 30 05:17:45 f01277 (1 / 1 tries):
Mar 30 05:17:45 Skipping f01277: min-ask
Mar 30 05:17:45 
Mar 30 05:17:46 Count: 3 of 4
Mar 30 05:17:46 f010617 (1 / 1 tries):
Mar 30 05:17:47 f0421499: 23.293832210218907393 FIL (11G free)
Mar 30 05:17:47 Escrow: 0.999645757255 FIL
Mar 30 05:17:47 Locked: 0.33249517244 FIL
Mar 30 05:17:48 Datacap: 3160693276672
Mar 30 05:17:48 ....
Mar 30 05:17:49 Count: 3 of 4
Mar 30 05:17:49 f015927 (1 / 1 tries):
Mar 30 05:17:49 Skipping f015927: min-ask
Mar 30 05:17:49 
Mar 30 05:17:50 Count: 3 of 4
Mar 30 05:17:50 f0165400 (1 / 1 tries):
Mar 30 05:17:51 f0421499: 23.293832210218907393 FIL (11G free)
Mar 30 05:17:51 Escrow: 0.999645757255 FIL
Mar 30 05:17:51 Locked: 0.33249517244 FIL
Mar 30 05:17:52 Datacap: 3160693276672
Mar 30 05:17:52 ....
Mar 30 05:17:53 Count: 3 of 4
Mar 30 05:17:53 f0145874 (1 / 1 tries):
Mar 30 05:17:53 f0421499: 23.293832210218907393 FIL (11G free)
Mar 30 05:17:54 Escrow: 0.999645757255 FIL
Mar 30 05:17:54 Locked: 0.33249517244 FIL
Mar 30 05:17:54 Datacap: 3160693276672
Mar 30 05:17:54 ....
Mar 30 05:17:55 Count: 3 of 4
Mar 30 05:17:55 f014409 (1 / 1 tries):
Mar 30 05:17:56 f0421499: 23.293832210218907393 FIL (11G free)
Mar 30 05:17:57 Escrow: 0.999645757255 FIL
Mar 30 05:17:57 Locked: 0.33249517244 FIL
Mar 30 05:17:57 Datacap: 3160693276672
Mar 30 05:17:58 ....
