Mar 30 06:36:35 Count: 3 of 4
Mar 30 06:36:35 f010617 (1 / 1 tries):
Mar 30 06:36:36 f0421499: 23.293832210218907393 FIL (9.9G free)
Mar 30 06:36:36 Escrow: 0.999645757255 FIL
Mar 30 06:36:36 Locked: 0.33249517244 FIL
Mar 30 06:36:36 Datacap: 3160693276672
Mar 30 06:36:36 ....
Mar 30 06:36:37 Count: 3 of 4
Mar 30 06:36:37 f066596 (1 / 1 tries):
Mar 30 06:36:38 f0421499: 23.293832210218907393 FIL (9.9G free)
Mar 30 06:36:38 Escrow: 0.999645757255 FIL
Mar 30 06:36:38 Locked: 0.33249517244 FIL
Mar 30 06:36:38 Datacap: 3160693276672
Mar 30 06:36:39 ....
Mar 30 06:36:40 Count: 3 of 4
Mar 30 06:36:40 f019551 (1 / 1 tries):
Mar 30 06:36:41 f0421499: 23.293832210218907393 FIL (9.9G free)
Mar 30 06:36:41 Escrow: 0.999645757255 FIL
Mar 30 06:36:41 Locked: 0.33249517244 FIL
Mar 30 06:36:41 Datacap: 3160693276672
Mar 30 06:36:41 ....
Mar 30 06:36:42 Count: 3 of 4
Mar 30 06:36:42 f014409 (1 / 1 tries):
Mar 30 06:36:43 f0421499: 23.293832210218907393 FIL (9.9G free)
Mar 30 06:36:43 Escrow: 0.999645757255 FIL
Mar 30 06:36:43 Locked: 0.33249517244 FIL
Mar 30 06:36:43 Datacap: 3160693276672
Mar 30 06:36:44 ....
Mar 30 06:36:45 Count: 3 of 4
Mar 30 06:36:45 f010479 (1 / 1 tries):
Mar 30 06:36:45 f0421499: 23.293832210218907393 FIL (9.9G free)
Mar 30 06:36:45 Escrow: 0.999645757255 FIL
Mar 30 06:36:45 Locked: 0.33249517244 FIL
Mar 30 06:36:46 Datacap: 3160693276672
Mar 30 06:36:46 ....
Mar 30 06:36:47 Count: 3 of 4
Mar 30 06:36:47 f062353 (1 / 1 tries):
Mar 30 06:36:48 f0421499: 23.293832210218907393 FIL (9.9G free)
Mar 30 06:36:48 Escrow: 0.999645757255 FIL
Mar 30 06:36:48 Locked: 0.33249517244 FIL
Mar 30 06:36:48 Datacap: 3160693276672
Mar 30 06:36:48 ....
Mar 30 06:36:49 Count: 3 of 4
Mar 30 06:36:49 f08399 (1 / 1 tries):
Mar 30 06:36:50 f0421499: 23.293832210218907393 FIL (9.9G free)
Mar 30 06:36:50 Escrow: 0.999645757255 FIL
Mar 30 06:36:50 Locked: 0.33249517244 FIL
Mar 30 06:36:50 Datacap: 3160693276672
Mar 30 06:36:50 ....
Mar 30 06:36:51 Count: 3 of 4
Mar 30 06:36:51 f01277 (1 / 1 tries):
Mar 30 06:36:52 Skipping f01277: min-ask
Mar 30 06:36:52 
Mar 30 06:36:53 Count: 3 of 4
Mar 30 06:36:53 f01247 (1 / 1 tries):
Mar 30 06:36:54 f0421499: 23.293832210218907393 FIL (9.9G free)
Mar 30 06:36:54 Escrow: 0.999645757255 FIL
Mar 30 06:36:54 Locked: 0.33249517244 FIL
Mar 30 06:36:54 Datacap: 3160693276672
Mar 30 06:36:54 ....
Mar 30 06:36:55 Count: 3 of 4
Mar 30 06:36:55 f023467 (1 / 1 tries):
Mar 30 06:36:56 f0421499: 23.293832210218907393 FIL (9.9G free)
Mar 30 06:36:56 Escrow: 0.999645757255 FIL
Mar 30 06:36:56 Locked: 0.33249517244 FIL
Mar 30 06:36:56 Datacap: 3160693276672
Mar 30 06:36:57 ....
Mar 30 06:36:58 Count: 3 of 4
Mar 30 06:36:58 f019100 (1 / 1 tries):
Mar 30 06:36:58 Skipping f019100: error-ask
Mar 30 06:36:58 
Mar 30 06:37:00 Count: 3 of 4
Mar 30 06:37:00 f099608 (1 / 1 tries):
Mar 30 06:37:00 f0421499: 23.293832210218907393 FIL (9.9G free)
Mar 30 06:37:00 Escrow: 0.999645757255 FIL
Mar 30 06:37:00 Locked: 0.33249517244 FIL
Mar 30 06:37:00 Datacap: 3160693276672
Mar 30 06:37:01 ....
Mar 30 06:37:02 Count: 3 of 4
Mar 30 06:37:02 f022163 (1 / 1 tries):
Mar 30 06:37:02 f0421499: 23.293832210218907393 FIL (9.9G free)
Mar 30 06:37:02 Escrow: 0.999645757255 FIL
Mar 30 06:37:02 Locked: 0.33249517244 FIL
Mar 30 06:37:03 Datacap: 3160693276672
Mar 30 06:37:03 ....
Mar 30 06:37:04 Count: 3 of 4
Mar 30 06:37:04 f015927 (1 / 1 tries):
Mar 30 06:37:04 Skipping f015927: min-ask
Mar 30 06:37:04 
Mar 30 06:37:06 Count: 3 of 4
Mar 30 06:37:06 f0165400 (1 / 1 tries):
Mar 30 06:37:06 f0421499: 23.293832210218907393 FIL (9.9G free)
Mar 30 06:37:06 Escrow: 0.999645757255 FIL
Mar 30 06:37:06 Locked: 0.33249517244 FIL
Mar 30 06:37:07 Datacap: 3160693276672
Mar 30 06:37:07 ....
Mar 30 06:37:08 Count: 3 of 4
Mar 30 06:37:08 f0145874 (1 / 1 tries):
Mar 30 06:37:08 f0421499: 23.293832210218907393 FIL (9.9G free)
Mar 30 06:37:08 Escrow: 0.999645757255 FIL
Mar 30 06:37:08 Locked: 0.33249517244 FIL
Mar 30 06:37:09 Datacap: 3160693276672
Mar 30 06:37:09 ....
Mar 30 06:37:10 Count: 3 of 4
Mar 30 06:37:10 f01240 (1 / 1 tries):
Mar 30 06:37:11 f0421499: 23.293832210218907393 FIL (9.9G free)
Mar 30 06:37:11 Escrow: 0.999645757255 FIL
Mar 30 06:37:11 Locked: 0.33249517244 FIL
Mar 30 06:37:11 Datacap: 3160693276672
Mar 30 06:37:11 ....
Mar 30 06:37:12 Count: 3 of 4
Mar 30 06:37:12 f019362 (1 / 1 tries):
Mar 30 06:37:13 f0421499: 23.293832210218907393 FIL (9.9G free)
Mar 30 06:37:13 Escrow: 0.999645757255 FIL
Mar 30 06:37:13 Locked: 0.33249517244 FIL
Mar 30 06:37:13 Datacap: 3160693276672
Mar 30 06:37:13 ....
Mar 30 06:37:14 Count: 3 of 4
Mar 30 06:37:14 f07998 (1 / 1 tries):
Mar 30 06:37:15 f0421499: 23.293832210218907393 FIL (9.9G free)
Mar 30 06:37:15 Escrow: 0.999645757255 FIL
Mar 30 06:37:15 Locked: 0.33249517244 FIL
Mar 30 06:37:15 Datacap: 3160693276672
Mar 30 06:37:16 ....
Mar 30 06:37:17 Count: 3 of 4
Mar 30 06:37:17 f02606 (1 / 1 tries):
Mar 30 06:37:17 f0421499: 23.293832210218907393 FIL (9.9G free)
Mar 30 06:37:17 Escrow: 0.999645757255 FIL
Mar 30 06:37:17 Locked: 0.33249517244 FIL
Mar 30 06:37:17 Datacap: 3160693276672
Mar 30 06:37:17 ....
Mar 30 06:37:18 Count: 3 of 4
Mar 30 06:37:18 f071624 (1 / 1 tries):
Mar 30 06:37:19 f0421499: 23.293832210218907393 FIL (9.9G free)
Mar 30 06:37:19 Escrow: 0.999645757255 FIL
Mar 30 06:37:19 Locked: 0.33249517244 FIL
Mar 30 06:37:19 Datacap: 3160693276672
Mar 30 06:37:20 ....
Mar 30 06:37:21 Count: 3 of 4
Mar 30 06:37:21 f09848 (1 / 1 tries):
Mar 30 06:37:21 f0421499: 23.293832210218907393 FIL (9.9G free)
Mar 30 06:37:21 Escrow: 0.999645757255 FIL
Mar 30 06:37:21 Locked: 0.33249517244 FIL
Mar 30 06:37:22 Datacap: 3160693276672
Mar 30 06:37:22 ....
Mar 30 06:37:23 Count: 3 of 4
Mar 30 06:37:23 f08403 (1 / 1 tries):
Mar 30 06:37:23 f0421499: 23.293832210218907393 FIL (9.9G free)
Mar 30 06:37:23 Escrow: 0.999645757255 FIL
Mar 30 06:37:23 Locked: 0.33249517244 FIL
Mar 30 06:37:23 Datacap: 3160693276672
Mar 30 06:37:23 ....
Mar 30 06:37:24 Count: 3 of 4
Mar 30 06:37:24 f014768 (1 / 1 tries):
Mar 30 06:37:25 f0421499: 23.293832210218907393 FIL (9.9G free)
Mar 30 06:37:25 Escrow: 0.999645757255 FIL
Mar 30 06:37:25 Locked: 0.33249517244 FIL
Mar 30 06:37:25 Datacap: 3160693276672
Mar 30 06:37:25 ....
Mar 30 06:37:26 Count: 3 of 4
Mar 30 06:37:26 f02576 (1 / 1 tries):
Mar 30 06:37:27 f0421499: 23.293832210218907393 FIL (9.9G free)
Mar 30 06:37:27 Escrow: 0.999645757255 FIL
Mar 30 06:37:27 Locked: 0.33249517244 FIL
Mar 30 06:37:28 Datacap: 3160693276672
Mar 30 06:37:28 ....
Mar 30 06:37:29 Count: 3 of 4
Mar 30 06:37:29 f021716 (1 / 1 tries):
Mar 30 06:37:30 f0421499: 23.293832210218907393 FIL (9.9G free)
Mar 30 06:37:30 Escrow: 0.999645757255 FIL
Mar 30 06:37:30 Locked: 0.33249517244 FIL
Mar 30 06:37:30 Datacap: 3160693276672
Mar 30 06:37:30 ....
Mar 30 06:37:31 Count: 3 of 4
Mar 30 06:37:31 f019104 (1 / 1 tries):
Mar 30 06:37:32 Skipping f019104: error-ask
Mar 30 06:37:32 
Mar 30 06:37:33 Count: 3 of 4
Mar 30 06:37:33 f019041 (1 / 1 tries):
Mar 30 06:37:34 f0421499: 23.293832210218907393 FIL (9.9G free)
Mar 30 06:37:34 Escrow: 0.999645757255 FIL
Mar 30 06:37:34 Locked: 0.33249517244 FIL
Mar 30 06:37:34 Datacap: 3160693276672
Mar 30 06:37:34 ....
Mar 30 06:37:35 Count: 3 of 4
Mar 30 06:37:35 f01234 (1 / 1 tries):
Mar 30 06:37:36 f0421499: 23.293832210218907393 FIL (9.9G free)
Mar 30 06:37:36 Escrow: 0.999645757255 FIL
Mar 30 06:37:36 Locked: 0.33249517244 FIL
Mar 30 06:37:36 Datacap: 3160693276672
Mar 30 06:37:37 ....
Mar 30 06:37:38 Count: 3 of 4
Mar 30 06:37:38 f0127896 (1 / 1 tries):
Mar 30 06:37:38 Skipping f0127896: min-ask
Mar 30 06:37:38 
Mar 30 06:37:39 Count: 3 of 4
Mar 30 06:37:39 f0157535 (1 / 1 tries):
Mar 30 06:37:40 f0421499: 23.293832210218907393 FIL (9.9G free)
Mar 30 06:37:40 Escrow: 0.999645757255 FIL
Mar 30 06:37:40 Locked: 0.33249517244 FIL
Mar 30 06:37:41 Datacap: 3160693276672
Mar 30 06:37:41 ....
Mar 30 06:37:42 Count: 3 of 4
Mar 30 06:37:42 f022352 (1 / 1 tries):
Mar 30 06:37:43 f0421499: 23.293832210218907393 FIL (9.9G free)
Mar 30 06:37:43 Escrow: 0.999645757255 FIL
Mar 30 06:37:43 Locked: 0.33249517244 FIL
Mar 30 06:37:43 Datacap: 3160693276672
Mar 30 06:37:43 ....
Mar 30 06:37:44 Count: 3 of 4
Mar 30 06:37:44 f022142 (1 / 1 tries):
Mar 30 06:37:45 f0421499: 23.293832210218907393 FIL (9.9G free)
Mar 30 06:37:45 Escrow: 0.999645757255 FIL
Mar 30 06:37:45 Locked: 0.33249517244 FIL
Mar 30 06:37:46 Datacap: 3160693276672
Mar 30 06:37:46 ....
Mar 30 06:37:47 Count: 3 of 4
Mar 30 06:37:47 f023971 (1 / 1 tries):
Mar 30 06:37:48 f0421499: 23.293832210218907393 FIL (9.9G free)
Mar 30 06:37:48 Escrow: 0.999645757255 FIL
Mar 30 06:37:48 Locked: 0.33249517244 FIL
Mar 30 06:37:48 Datacap: 3160693276672
Mar 30 06:37:48 ....
Mar 30 06:37:49 Count: 3 of 4
Mar 30 06:37:49 f058369 (1 / 1 tries):
Mar 30 06:37:50 f0421499: 23.293832210218907393 FIL (9.9G free)
Mar 30 06:37:50 Escrow: 0.999645757255 FIL
Mar 30 06:37:50 Locked: 0.33249517244 FIL
Mar 30 06:37:50 Datacap: 3160693276672
Mar 30 06:37:50 ....
Mar 30 06:37:51 Count: 3 of 4
Mar 30 06:37:51 f01278 (1 / 1 tries):
Mar 30 06:37:52 f0421499: 23.293832210218907393 FIL (9.9G free)
Mar 30 06:37:52 Escrow: 0.999645757255 FIL
Mar 30 06:37:52 Locked: 0.33249517244 FIL
Mar 30 06:37:53 Datacap: 3160693276672
Mar 30 06:37:53 ....
