Mar 30 17:18:17 Count: 3 of 4
Mar 30 17:18:17 f062353 (1 / 1 tries):
Mar 30 17:18:18 f0421499: 23.293832210218907393 FIL (7.9G free)
Mar 30 17:18:18 Escrow: 0.999645757255 FIL
Mar 30 17:18:18 Locked: 0.33249517244 FIL
Mar 30 17:18:19 Datacap: 3160693276672
Mar 30 17:18:19 ....
Mar 30 17:18:20 Count: 3 of 4
Mar 30 17:18:20 f022142 (1 / 1 tries):
Mar 30 17:18:21 f0421499: 23.293832210218907393 FIL (7.9G free)
Mar 30 17:18:21 Escrow: 0.999645757255 FIL
Mar 30 17:18:21 Locked: 0.33249517244 FIL
Mar 30 17:18:21 Datacap: 3160693276672
Mar 30 17:18:21 ....
Mar 30 17:18:22 Count: 3 of 4
Mar 30 17:18:22 f010479 (1 / 1 tries):
Mar 30 17:18:23 f0421499: 23.293832210218907393 FIL (7.9G free)
Mar 30 17:18:23 Escrow: 0.999645757255 FIL
Mar 30 17:18:23 Locked: 0.33249517244 FIL
Mar 30 17:18:24 Datacap: 3160693276672
Mar 30 17:18:24 ....
Mar 30 17:18:25 Count: 3 of 4
Mar 30 17:18:25 f01278 (1 / 1 tries):
Mar 30 17:18:26 f0421499: 23.293832210218907393 FIL (7.9G free)
Mar 30 17:18:26 Escrow: 0.999645757255 FIL
Mar 30 17:18:26 Locked: 0.33249517244 FIL
Mar 30 17:18:26 Datacap: 3160693276672
Mar 30 17:18:26 ....
Mar 30 17:18:27 Count: 3 of 4
Mar 30 17:18:27 f019551 (1 / 1 tries):
Mar 30 17:18:28 f0421499: 23.293832210218907393 FIL (7.9G free)
Mar 30 17:18:28 Escrow: 0.999645757255 FIL
Mar 30 17:18:28 Locked: 0.33249517244 FIL
Mar 30 17:18:29 Datacap: 3160693276672
Mar 30 17:18:29 ....
Mar 30 17:18:30 Count: 3 of 4
Mar 30 17:18:30 f01277 (1 / 1 tries):
Mar 30 17:18:31 Skipping f01277: min-ask
Mar 30 17:18:31 
Mar 30 17:18:32 Count: 3 of 4
Mar 30 17:18:32 f019100 (1 / 1 tries):
Mar 30 17:18:32 Skipping f019100: error-ask
Mar 30 17:18:32 
Mar 30 17:18:33 Count: 3 of 4
Mar 30 17:18:33 f019041 (1 / 1 tries):
Mar 30 17:18:33 f0421499: 23.293832210218907393 FIL (7.9G free)
Mar 30 17:18:33 Escrow: 0.999645757255 FIL
Mar 30 17:18:33 Locked: 0.33249517244 FIL
Mar 30 17:18:34 Datacap: 3160693276672
Mar 30 17:18:34 ....
Mar 30 17:18:35 Count: 3 of 4
Mar 30 17:18:35 f01247 (1 / 1 tries):
Mar 30 17:18:36 f0421499: 23.293832210218907393 FIL (7.9G free)
Mar 30 17:18:36 Escrow: 0.999645757255 FIL
Mar 30 17:18:36 Locked: 0.33249517244 FIL
Mar 30 17:18:36 Datacap: 3160693276672
Mar 30 17:18:36 ....
Mar 30 17:18:37 Count: 3 of 4
Mar 30 17:18:37 f015927 (1 / 1 tries):
Mar 30 17:18:37 Skipping f015927: min-ask
Mar 30 17:18:37 
Mar 30 17:18:38 Count: 3 of 4
Mar 30 17:18:38 f09848 (1 / 1 tries):
Mar 30 17:18:39 f0421499: 23.293832210218907393 FIL (7.9G free)
Mar 30 17:18:40 Escrow: 0.999645757255 FIL
Mar 30 17:18:40 Locked: 0.33249517244 FIL
Mar 30 17:18:40 Datacap: 3160693276672
Mar 30 17:18:40 ....
Mar 30 17:18:41 Count: 3 of 4
Mar 30 17:18:41 f0145874 (1 / 1 tries):
Mar 30 17:18:42 f0421499: 23.293832210218907393 FIL (7.9G free)
Mar 30 17:18:42 Escrow: 0.999645757255 FIL
Mar 30 17:18:42 Locked: 0.33249517244 FIL
Mar 30 17:18:42 Datacap: 3160693276672
Mar 30 17:18:42 ....
Mar 30 17:18:43 Count: 3 of 4
Mar 30 17:18:43 f021716 (1 / 1 tries):
Mar 30 17:18:44 f0421499: 23.293832210218907393 FIL (7.9G free)
Mar 30 17:18:44 Escrow: 0.999645757255 FIL
Mar 30 17:18:44 Locked: 0.33249517244 FIL
Mar 30 17:18:44 Datacap: 3160693276672
Mar 30 17:18:44 ....
Mar 30 17:18:45 Count: 3 of 4
Mar 30 17:18:45 f023467 (1 / 1 tries):
Mar 30 17:18:46 f0421499: 23.293832210218907393 FIL (7.9G free)
Mar 30 17:18:46 Escrow: 0.999645757255 FIL
Mar 30 17:18:46 Locked: 0.33249517244 FIL
Mar 30 17:18:47 Datacap: 3160693276672
Mar 30 17:18:47 ....
Mar 30 17:18:48 Count: 3 of 4
Mar 30 17:18:48 f019104 (1 / 1 tries):
Mar 30 17:18:48 Skipping f019104: error-ask
Mar 30 17:18:48 
Mar 30 17:18:49 Count: 3 of 4
Mar 30 17:18:49 f0127896 (1 / 1 tries):
Mar 30 17:18:49 Skipping f0127896: min-ask
Mar 30 17:18:49 
Mar 30 17:18:50 Count: 3 of 4
Mar 30 17:18:50 f08403 (1 / 1 tries):
Mar 30 17:18:51 f0421499: 23.293832210218907393 FIL (7.9G free)
Mar 30 17:18:51 Escrow: 0.999645757255 FIL
Mar 30 17:18:51 Locked: 0.33249517244 FIL
Mar 30 17:18:51 Datacap: 3160693276672
Mar 30 17:18:52 ....
Mar 30 17:18:53 Count: 3 of 4
Mar 30 17:18:53 f022352 (1 / 1 tries):
Mar 30 17:18:53 f0421499: 23.293832210218907393 FIL (7.9G free)
Mar 30 17:18:53 Escrow: 0.999645757255 FIL
Mar 30 17:18:53 Locked: 0.33249517244 FIL
Mar 30 17:18:54 Datacap: 3160693276672
Mar 30 17:18:54 ....
Mar 30 17:18:55 Count: 3 of 4
Mar 30 17:18:55 f0165400 (1 / 1 tries):
Mar 30 17:18:56 f0421499: 23.293832210218907393 FIL (7.9G free)
Mar 30 17:18:56 Escrow: 0.999645757255 FIL
Mar 30 17:18:56 Locked: 0.33249517244 FIL
Mar 30 17:18:56 Datacap: 3160693276672
Mar 30 17:18:56 ....
Mar 30 17:18:57 Count: 3 of 4
Mar 30 17:18:57 f019362 (1 / 1 tries):
Mar 30 17:18:58 f0421499: 23.293832210218907393 FIL (7.9G free)
Mar 30 17:18:58 Escrow: 0.999645757255 FIL
Mar 30 17:18:58 Locked: 0.33249517244 FIL
Mar 30 17:18:58 Datacap: 3160693276672
Mar 30 17:18:59 ....
Mar 30 17:19:00 Count: 3 of 4
Mar 30 17:19:00 f099608 (1 / 1 tries):
Mar 30 17:19:00 f0421499: 23.293832210218907393 FIL (7.9G free)
Mar 30 17:19:00 Escrow: 0.999645757255 FIL
Mar 30 17:19:00 Locked: 0.33249517244 FIL
Mar 30 17:19:01 Datacap: 3160693276672
Mar 30 17:19:01 ....
Mar 30 17:19:02 Count: 3 of 4
Mar 30 17:19:02 f01234 (1 / 1 tries):
Mar 30 17:19:03 f0421499: 23.293832210218907393 FIL (7.9G free)
Mar 30 17:19:03 Escrow: 0.999645757255 FIL
Mar 30 17:19:03 Locked: 0.33249517244 FIL
Mar 30 17:19:04 Datacap: 3160693276672
Mar 30 17:19:04 ....
Mar 30 17:19:05 Count: 3 of 4
Mar 30 17:19:05 f010617 (1 / 1 tries):
Mar 30 17:19:05 f0421499: 23.293832210218907393 FIL (7.9G free)
Mar 30 17:19:06 Escrow: 0.999645757255 FIL
Mar 30 17:19:06 Locked: 0.33249517244 FIL
Mar 30 17:19:06 Datacap: 3160693276672
Mar 30 17:19:06 ....
Mar 30 17:19:07 Count: 3 of 4
Mar 30 17:19:07 f0157535 (1 / 1 tries):
Mar 30 17:19:08 f0421499: 23.293832210218907393 FIL (7.9G free)
Mar 30 17:19:08 Escrow: 0.999645757255 FIL
Mar 30 17:19:08 Locked: 0.33249517244 FIL
Mar 30 17:19:08 Datacap: 3160693276672
Mar 30 17:19:09 ....
Mar 30 17:19:10 Count: 3 of 4
Mar 30 17:19:10 f014768 (1 / 1 tries):
Mar 30 17:19:10 f0421499: 23.293832210218907393 FIL (7.9G free)
Mar 30 17:19:11 Escrow: 0.999645757255 FIL
Mar 30 17:19:11 Locked: 0.33249517244 FIL
Mar 30 17:19:11 Datacap: 3160693276672
Mar 30 17:19:11 ....
Mar 30 17:19:12 Count: 3 of 4
Mar 30 17:19:12 f023971 (1 / 1 tries):
Mar 30 17:19:12 f0421499: 23.293832210218907393 FIL (7.9G free)
Mar 30 17:19:13 Escrow: 0.999645757255 FIL
Mar 30 17:19:13 Locked: 0.33249517244 FIL
Mar 30 17:19:13 Datacap: 3160693276672
Mar 30 17:19:13 ....
Mar 30 17:19:14 Count: 3 of 4
Mar 30 17:19:14 f02606 (1 / 1 tries):
Mar 30 17:19:15 f0421499: 23.293832210218907393 FIL (7.9G free)
Mar 30 17:19:15 Escrow: 0.999645757255 FIL
Mar 30 17:19:15 Locked: 0.33249517244 FIL
Mar 30 17:19:15 Datacap: 3160693276672
Mar 30 17:19:15 ....
Mar 30 17:19:16 Count: 3 of 4
Mar 30 17:19:16 f02576 (1 / 1 tries):
Mar 30 17:19:17 f0421499: 23.293832210218907393 FIL (7.9G free)
Mar 30 17:19:17 Escrow: 0.999645757255 FIL
Mar 30 17:19:17 Locked: 0.33249517244 FIL
Mar 30 17:19:17 Datacap: 3160693276672
Mar 30 17:19:17 ....
Mar 30 17:19:18 Count: 3 of 4
Mar 30 17:19:18 f08399 (1 / 1 tries):
Mar 30 17:19:19 f0421499: 23.293832210218907393 FIL (7.9G free)
Mar 30 17:19:19 Escrow: 0.999645757255 FIL
Mar 30 17:19:19 Locked: 0.33249517244 FIL
Mar 30 17:19:20 Datacap: 3160693276672
Mar 30 17:19:20 ....
Mar 30 17:19:21 Count: 3 of 4
Mar 30 17:19:21 f022163 (1 / 1 tries):
Mar 30 17:19:21 f0421499: 23.293832210218907393 FIL (7.9G free)
Mar 30 17:19:21 Escrow: 0.999645757255 FIL
Mar 30 17:19:21 Locked: 0.33249517244 FIL
Mar 30 17:19:22 Datacap: 3160693276672
Mar 30 17:19:22 ....
Mar 30 17:19:23 Count: 3 of 4
Mar 30 17:19:23 f014409 (1 / 1 tries):
Mar 30 17:19:23 f0421499: 23.293832210218907393 FIL (7.9G free)
Mar 30 17:19:24 Escrow: 0.999645757255 FIL
Mar 30 17:19:24 Locked: 0.33249517244 FIL
Mar 30 17:19:24 Datacap: 3160693276672
Mar 30 17:19:24 ....
Mar 30 17:19:25 Count: 3 of 4
Mar 30 17:19:25 f058369 (1 / 1 tries):
Mar 30 17:19:26 f0421499: 23.293832210218907393 FIL (7.9G free)
Mar 30 17:19:26 Escrow: 0.999645757255 FIL
Mar 30 17:19:26 Locked: 0.33249517244 FIL
Mar 30 17:19:26 Datacap: 3160693276672
Mar 30 17:19:26 ....
Mar 30 17:19:27 Count: 3 of 4
Mar 30 17:19:27 f01240 (1 / 1 tries):
Mar 30 17:19:28 f0421499: 23.293832210218907393 FIL (7.9G free)
Mar 30 17:19:28 Escrow: 0.999645757255 FIL
Mar 30 17:19:28 Locked: 0.33249517244 FIL
Mar 30 17:19:28 Datacap: 3160693276672
Mar 30 17:19:28 ....
Mar 30 17:19:29 Count: 3 of 4
Mar 30 17:19:29 f071624 (1 / 1 tries):
Mar 30 17:19:30 f0421499: 23.293832210218907393 FIL (7.9G free)
Mar 30 17:19:30 Escrow: 0.999645757255 FIL
Mar 30 17:19:30 Locked: 0.33249517244 FIL
Mar 30 17:19:31 Datacap: 3160693276672
Mar 30 17:19:31 ....
Mar 30 17:19:32 Count: 3 of 4
Mar 30 17:19:32 f066596 (1 / 1 tries):
Mar 30 17:19:33 f0421499: 23.293832210218907393 FIL (7.9G free)
Mar 30 17:19:33 Escrow: 0.999645757255 FIL
Mar 30 17:19:33 Locked: 0.33249517244 FIL
Mar 30 17:19:33 Datacap: 3160693276672
Mar 30 17:19:33 ....
Mar 30 17:19:34 Count: 3 of 4
Mar 30 17:19:34 f07998 (1 / 1 tries):
Mar 30 17:19:35 f0421499: 23.293832210218907393 FIL (7.9G free)
Mar 30 17:19:35 Escrow: 0.999645757255 FIL
Mar 30 17:19:35 Locked: 0.33249517244 FIL
Mar 30 17:19:35 Datacap: 3160693276672
Mar 30 17:19:36 ....
