Mar 30 12:19:26 Count: 3 of 4
Mar 30 12:19:26 f023467 (1 / 1 tries):
Mar 30 12:19:27 f0421499: 23.293832210218907393 FIL (8.8G free)
Mar 30 12:19:27 Escrow: 0.999645757255 FIL
Mar 30 12:19:27 Locked: 0.33249517244 FIL
Mar 30 12:19:28 Datacap: 3160693276672
Mar 30 12:19:28 ....
Mar 30 12:19:29 Count: 3 of 4
Mar 30 12:19:29 f0145874 (1 / 1 tries):
Mar 30 12:19:30 f0421499: 23.293832210218907393 FIL (8.8G free)
Mar 30 12:19:30 Escrow: 0.999645757255 FIL
Mar 30 12:19:30 Locked: 0.33249517244 FIL
Mar 30 12:19:30 Datacap: 3160693276672
Mar 30 12:19:30 ....
Mar 30 12:19:31 Count: 3 of 4
Mar 30 12:19:31 f02606 (1 / 1 tries):
Mar 30 12:19:32 f0421499: 23.293832210218907393 FIL (8.8G free)
Mar 30 12:19:32 Escrow: 0.999645757255 FIL
Mar 30 12:19:32 Locked: 0.33249517244 FIL
Mar 30 12:19:32 Datacap: 3160693276672
Mar 30 12:19:32 ....
Mar 30 12:19:34 Count: 3 of 4
Mar 30 12:19:34 f08399 (1 / 1 tries):
Mar 30 12:19:34 f0421499: 23.293832210218907393 FIL (8.8G free)
Mar 30 12:19:35 Escrow: 0.999645757255 FIL
Mar 30 12:19:35 Locked: 0.33249517244 FIL
Mar 30 12:19:35 Datacap: 3160693276672
Mar 30 12:19:35 ....
Mar 30 12:19:36 Count: 3 of 4
Mar 30 12:19:36 f019041 (1 / 1 tries):
Mar 30 12:19:37 f0421499: 23.293832210218907393 FIL (8.8G free)
Mar 30 12:19:37 Escrow: 0.999645757255 FIL
Mar 30 12:19:37 Locked: 0.33249517244 FIL
Mar 30 12:19:37 Datacap: 3160693276672
Mar 30 12:19:37 ....
Mar 30 12:19:38 Count: 3 of 4
Mar 30 12:19:38 f09848 (1 / 1 tries):
Mar 30 12:19:39 f0421499: 23.293832210218907393 FIL (8.8G free)
Mar 30 12:19:39 Escrow: 0.999645757255 FIL
Mar 30 12:19:39 Locked: 0.33249517244 FIL
Mar 30 12:19:39 Datacap: 3160693276672
Mar 30 12:19:39 ....
Mar 30 12:19:40 Count: 3 of 4
Mar 30 12:19:40 f022163 (1 / 1 tries):
Mar 30 12:19:41 f0421499: 23.293832210218907393 FIL (8.8G free)
Mar 30 12:19:41 Escrow: 0.999645757255 FIL
Mar 30 12:19:41 Locked: 0.33249517244 FIL
Mar 30 12:19:42 Datacap: 3160693276672
Mar 30 12:19:42 ....
Mar 30 12:19:43 Count: 3 of 4
Mar 30 12:19:43 f058369 (1 / 1 tries):
Mar 30 12:19:43 f0421499: 23.293832210218907393 FIL (8.8G free)
Mar 30 12:19:43 Escrow: 0.999645757255 FIL
Mar 30 12:19:43 Locked: 0.33249517244 FIL
Mar 30 12:19:44 Datacap: 3160693276672
Mar 30 12:19:44 ....
Mar 30 12:19:45 Count: 3 of 4
Mar 30 12:19:45 f019551 (1 / 1 tries):
Mar 30 12:19:45 f0421499: 23.293832210218907393 FIL (8.8G free)
Mar 30 12:19:46 Escrow: 0.999645757255 FIL
Mar 30 12:19:46 Locked: 0.33249517244 FIL
Mar 30 12:19:46 Datacap: 3160693276672
Mar 30 12:19:46 ....
Mar 30 12:19:47 Count: 3 of 4
Mar 30 12:19:47 f014409 (1 / 1 tries):
Mar 30 12:19:48 f0421499: 23.293832210218907393 FIL (8.8G free)
Mar 30 12:19:48 Escrow: 0.999645757255 FIL
Mar 30 12:19:48 Locked: 0.33249517244 FIL
Mar 30 12:19:48 Datacap: 3160693276672
Mar 30 12:19:48 ....
Mar 30 12:19:49 Count: 3 of 4
Mar 30 12:19:49 f022352 (1 / 1 tries):
Mar 30 12:19:50 f0421499: 23.293832210218907393 FIL (8.8G free)
Mar 30 12:19:50 Escrow: 0.999645757255 FIL
Mar 30 12:19:50 Locked: 0.33249517244 FIL
Mar 30 12:19:51 Datacap: 3160693276672
Mar 30 12:19:51 ....
Mar 30 12:19:52 Count: 3 of 4
Mar 30 12:19:52 f019104 (1 / 1 tries):
Mar 30 12:19:52 Skipping f019104: error-ask
Mar 30 12:19:52 
Mar 30 12:19:53 Count: 3 of 4
Mar 30 12:19:53 f099608 (1 / 1 tries):
Mar 30 12:19:54 f0421499: 23.293832210218907393 FIL (8.8G free)
Mar 30 12:19:54 Escrow: 0.999645757255 FIL
Mar 30 12:19:54 Locked: 0.33249517244 FIL
Mar 30 12:19:54 Datacap: 3160693276672
Mar 30 12:19:55 ....
Mar 30 12:19:56 Count: 3 of 4
Mar 30 12:19:56 f02576 (1 / 1 tries):
Mar 30 12:19:56 f0421499: 23.293832210218907393 FIL (8.8G free)
Mar 30 12:19:57 Escrow: 0.999645757255 FIL
Mar 30 12:19:57 Locked: 0.33249517244 FIL
Mar 30 12:19:57 Datacap: 3160693276672
Mar 30 12:19:57 ....
Mar 30 12:19:58 Count: 3 of 4
Mar 30 12:19:58 f08403 (1 / 1 tries):
Mar 30 12:19:59 f0421499: 23.293832210218907393 FIL (8.8G free)
Mar 30 12:19:59 Escrow: 0.999645757255 FIL
Mar 30 12:19:59 Locked: 0.33249517244 FIL
Mar 30 12:20:00 Datacap: 3160693276672
Mar 30 12:20:00 ....
Mar 30 12:20:01 Count: 3 of 4
Mar 30 12:20:01 f010479 (1 / 1 tries):
Mar 30 12:20:02 f0421499: 23.293832210218907393 FIL (8.8G free)
Mar 30 12:20:02 Escrow: 0.999645757255 FIL
Mar 30 12:20:02 Locked: 0.33249517244 FIL
Mar 30 12:20:03 Datacap: 3160693276672
Mar 30 12:20:03 ....
Mar 30 12:20:04 Count: 3 of 4
Mar 30 12:20:04 f0157535 (1 / 1 tries):
Mar 30 12:20:05 f0421499: 23.293832210218907393 FIL (8.8G free)
Mar 30 12:20:05 Escrow: 0.999645757255 FIL
Mar 30 12:20:05 Locked: 0.33249517244 FIL
Mar 30 12:20:05 Datacap: 3160693276672
Mar 30 12:20:06 ....
Mar 30 12:20:07 Count: 3 of 4
Mar 30 12:20:07 f01277 (1 / 1 tries):
Mar 30 12:20:07 Skipping f01277: min-ask
Mar 30 12:20:07 
Mar 30 12:20:08 Count: 3 of 4
Mar 30 12:20:08 f022142 (1 / 1 tries):
Mar 30 12:20:09 f0421499: 23.293832210218907393 FIL (8.8G free)
Mar 30 12:20:09 Escrow: 0.999645757255 FIL
Mar 30 12:20:09 Locked: 0.33249517244 FIL
Mar 30 12:20:09 Datacap: 3160693276672
Mar 30 12:20:10 ....
Mar 30 12:20:11 Count: 3 of 4
Mar 30 12:20:11 f071624 (1 / 1 tries):
Mar 30 12:20:11 f0421499: 23.293832210218907393 FIL (8.8G free)
Mar 30 12:20:12 Escrow: 0.999645757255 FIL
Mar 30 12:20:12 Locked: 0.33249517244 FIL
Mar 30 12:20:12 Datacap: 3160693276672
Mar 30 12:20:12 ....
Mar 30 12:20:13 Count: 3 of 4
Mar 30 12:20:13 f07998 (1 / 1 tries):
Mar 30 12:20:14 f0421499: 23.293832210218907393 FIL (8.8G free)
Mar 30 12:20:14 Escrow: 0.999645757255 FIL
Mar 30 12:20:14 Locked: 0.33249517244 FIL
Mar 30 12:20:14 Datacap: 3160693276672
Mar 30 12:20:14 ....
Mar 30 12:20:15 Count: 3 of 4
Mar 30 12:20:15 f0127896 (1 / 1 tries):
Mar 30 12:20:16 Skipping f0127896: min-ask
Mar 30 12:20:16 
Mar 30 12:20:17 Count: 3 of 4
Mar 30 12:20:17 f062353 (1 / 1 tries):
Mar 30 12:20:18 f0421499: 23.293832210218907393 FIL (8.8G free)
Mar 30 12:20:18 Escrow: 0.999645757255 FIL
Mar 30 12:20:18 Locked: 0.33249517244 FIL
Mar 30 12:20:18 Datacap: 3160693276672
Mar 30 12:20:18 ....
Mar 30 12:20:19 Count: 3 of 4
Mar 30 12:20:19 f01278 (1 / 1 tries):
Mar 30 12:20:20 f0421499: 23.293832210218907393 FIL (8.8G free)
Mar 30 12:20:20 Escrow: 0.999645757255 FIL
Mar 30 12:20:20 Locked: 0.33249517244 FIL
Mar 30 12:20:20 Datacap: 3160693276672
Mar 30 12:20:20 ....
Mar 30 12:20:21 Count: 3 of 4
Mar 30 12:20:21 f01240 (1 / 1 tries):
Mar 30 12:20:22 f0421499: 23.293832210218907393 FIL (8.8G free)
Mar 30 12:20:22 Escrow: 0.999645757255 FIL
Mar 30 12:20:22 Locked: 0.33249517244 FIL
Mar 30 12:20:23 Datacap: 3160693276672
Mar 30 12:20:23 ....
Mar 30 12:20:24 Count: 3 of 4
Mar 30 12:20:24 f01234 (1 / 1 tries):
Mar 30 12:20:25 f0421499: 23.293832210218907393 FIL (8.8G free)
Mar 30 12:20:25 Escrow: 0.999645757255 FIL
Mar 30 12:20:25 Locked: 0.33249517244 FIL
Mar 30 12:20:25 Datacap: 3160693276672
Mar 30 12:20:25 ....
Mar 30 12:20:26 Count: 3 of 4
Mar 30 12:20:26 f010617 (1 / 1 tries):
Mar 30 12:20:27 f0421499: 23.293832210218907393 FIL (8.8G free)
Mar 30 12:20:27 Escrow: 0.999645757255 FIL
Mar 30 12:20:27 Locked: 0.33249517244 FIL
Mar 30 12:20:28 Datacap: 3160693276672
Mar 30 12:20:28 ....
Mar 30 12:20:29 Count: 3 of 4
Mar 30 12:20:29 f023971 (1 / 1 tries):
Mar 30 12:20:30 f0421499: 23.293832210218907393 FIL (8.8G free)
Mar 30 12:20:30 Escrow: 0.999645757255 FIL
Mar 30 12:20:30 Locked: 0.33249517244 FIL
Mar 30 12:20:31 Datacap: 3160693276672
Mar 30 12:20:31 ....
Mar 30 12:20:32 Count: 3 of 4
Mar 30 12:20:32 f0165400 (1 / 1 tries):
Mar 30 12:20:32 f0421499: 23.293832210218907393 FIL (8.8G free)
Mar 30 12:20:33 Escrow: 0.999645757255 FIL
Mar 30 12:20:33 Locked: 0.33249517244 FIL
Mar 30 12:20:33 Datacap: 3160693276672
Mar 30 12:20:33 ....
Mar 30 12:20:34 Count: 3 of 4
Mar 30 12:20:34 f019100 (1 / 1 tries):
Mar 30 12:20:35 Skipping f019100: error-ask
Mar 30 12:20:35 
Mar 30 12:20:36 Count: 3 of 4
Mar 30 12:20:36 f019362 (1 / 1 tries):
Mar 30 12:20:36 f0421499: 23.293832210218907393 FIL (8.8G free)
Mar 30 12:20:37 Escrow: 0.999645757255 FIL
Mar 30 12:20:37 Locked: 0.33249517244 FIL
Mar 30 12:20:37 Datacap: 3160693276672
Mar 30 12:20:37 ....
Mar 30 12:20:38 Count: 3 of 4
Mar 30 12:20:38 f015927 (1 / 1 tries):
Mar 30 12:20:39 Skipping f015927: min-ask
Mar 30 12:20:39 
Mar 30 12:20:40 Count: 3 of 4
Mar 30 12:20:40 f021716 (1 / 1 tries):
Mar 30 12:20:40 f0421499: 23.293832210218907393 FIL (8.8G free)
Mar 30 12:20:41 Escrow: 0.999645757255 FIL
Mar 30 12:20:41 Locked: 0.33249517244 FIL
Mar 30 12:20:41 Datacap: 3160693276672
Mar 30 12:20:41 ....
Mar 30 12:20:42 Count: 3 of 4
Mar 30 12:20:42 f066596 (1 / 1 tries):
Mar 30 12:20:43 f0421499: 23.293832210218907393 FIL (8.8G free)
Mar 30 12:20:43 Escrow: 0.999645757255 FIL
Mar 30 12:20:43 Locked: 0.33249517244 FIL
Mar 30 12:20:43 Datacap: 3160693276672
Mar 30 12:20:44 ....
Mar 30 12:20:45 Count: 3 of 4
Mar 30 12:20:45 f01247 (1 / 1 tries):
Mar 30 12:20:45 f0421499: 23.293832210218907393 FIL (8.8G free)
Mar 30 12:20:45 Escrow: 0.999645757255 FIL
Mar 30 12:20:45 Locked: 0.33249517244 FIL
Mar 30 12:20:46 Datacap: 3160693276672
Mar 30 12:20:46 ....
Mar 30 12:20:47 Count: 3 of 4
Mar 30 12:20:47 f014768 (1 / 1 tries):
Mar 30 12:20:48 f0421499: 23.293832210218907393 FIL (8.8G free)
Mar 30 12:20:48 Escrow: 0.999645757255 FIL
Mar 30 12:20:48 Locked: 0.33249517244 FIL
Mar 30 12:20:48 Datacap: 3160693276672
Mar 30 12:20:49 ....
