Mar 30 02:45:00 Count: 3 of 4
Mar 30 02:45:00 f071624 (1 / 1 tries):
Mar 30 02:45:01 f0421499: 23.294359408558780819 FIL (13G free)
Mar 30 02:45:01 Escrow: 0.999999997255 FIL
Mar 30 02:45:01 Locked: 0.33284941244 FIL
Mar 30 02:45:01 Datacap: 3160693276672
Mar 30 02:45:01 ....
Mar 30 02:45:02 Count: 3 of 4
Mar 30 02:45:02 f08399 (1 / 1 tries):
Mar 30 02:45:03 f0421499: 23.294359408558780819 FIL (13G free)
Mar 30 02:45:03 Escrow: 0.999999997255 FIL
Mar 30 02:45:03 Locked: 0.33284941244 FIL
Mar 30 02:45:03 Datacap: 3160693276672
Mar 30 02:45:03 ....
Mar 30 02:45:04 Count: 3 of 4
Mar 30 02:45:04 f022163 (1 / 1 tries):
Mar 30 02:45:05 f0421499: 23.294359408558780819 FIL (13G free)
Mar 30 02:45:05 Escrow: 0.999999997255 FIL
Mar 30 02:45:05 Locked: 0.33284941244 FIL
Mar 30 02:45:06 Datacap: 3160693276672
Mar 30 02:45:06 ....
Mar 30 02:45:07 Count: 3 of 4
Mar 30 02:45:07 f019362 (1 / 1 tries):
Mar 30 02:45:08 f0421499: 23.294359408558780819 FIL (12G free)
Mar 30 02:45:08 Escrow: 0.999999997255 FIL
Mar 30 02:45:08 Locked: 0.33284941244 FIL
Mar 30 02:45:08 Datacap: 3160693276672
Mar 30 02:45:08 ....
Mar 30 02:45:09 Count: 3 of 4
Mar 30 02:45:09 f010479 (1 / 1 tries):
Mar 30 02:45:09 f0421499: 23.294359408558780819 FIL (12G free)
Mar 30 02:45:09 Escrow: 0.999999997255 FIL
Mar 30 02:45:09 Locked: 0.33284941244 FIL
Mar 30 02:45:10 Datacap: 3160693276672
Mar 30 02:45:10 ....
Mar 30 02:45:11 Count: 3 of 4
Mar 30 02:45:11 f0165400 (1 / 1 tries):
Mar 30 02:45:11 f0421499: 23.294359408558780819 FIL (12G free)
Mar 30 02:45:11 Escrow: 0.999999997255 FIL
Mar 30 02:45:11 Locked: 0.33284941244 FIL
Mar 30 02:45:11 Datacap: 3160693276672
Mar 30 02:45:11 ....
Mar 30 02:45:13 Count: 3 of 4
Mar 30 02:45:13 f019041 (1 / 1 tries):
Mar 30 02:45:13 f0421499: 23.294359408558780819 FIL (12G free)
Mar 30 02:45:13 Escrow: 0.999999997255 FIL
Mar 30 02:45:13 Locked: 0.33284941244 FIL
Mar 30 02:45:13 Datacap: 3160693276672
Mar 30 02:45:13 ....
Mar 30 02:45:14 Count: 3 of 4
Mar 30 02:45:14 f099608 (1 / 1 tries):
Mar 30 02:45:15 f0421499: 23.294359408558780819 FIL (12G free)
Mar 30 02:45:15 Escrow: 0.999999997255 FIL
Mar 30 02:45:15 Locked: 0.33284941244 FIL
Mar 30 02:45:15 Datacap: 3160693276672
Mar 30 02:45:15 ....
Mar 30 02:45:16 Count: 3 of 4
Mar 30 02:45:16 f019100 (1 / 1 tries):
Mar 30 02:45:16 Skipping f019100: error-ask
Mar 30 02:45:16 
Mar 30 02:45:17 Count: 3 of 4
Mar 30 02:45:17 f09848 (1 / 1 tries):
Mar 30 02:45:18 f0421499: 23.294359408558780819 FIL (12G free)
Mar 30 02:45:18 Escrow: 0.999999997255 FIL
Mar 30 02:45:18 Locked: 0.33284941244 FIL
Mar 30 02:45:18 Datacap: 3160693276672
Mar 30 02:45:18 ....
Mar 30 02:45:19 Count: 3 of 4
Mar 30 02:45:19 f023971 (1 / 1 tries):
Mar 30 02:45:20 f0421499: 23.294359408558780819 FIL (12G free)
Mar 30 02:45:20 Escrow: 0.999999997255 FIL
Mar 30 02:45:20 Locked: 0.33284941244 FIL
Mar 30 02:45:20 Datacap: 3160693276672
Mar 30 02:45:20 ....
Mar 30 02:45:21 Count: 3 of 4
Mar 30 02:45:21 f066596 (1 / 1 tries):
Mar 30 02:45:22 f0421499: 23.294359408558780819 FIL (12G free)
Mar 30 02:45:22 Escrow: 0.999999997255 FIL
Mar 30 02:45:22 Locked: 0.33284941244 FIL
Mar 30 02:45:22 Datacap: 3160693276672
Mar 30 02:45:23 ....
Mar 30 02:45:24 Count: 3 of 4
Mar 30 02:45:24 f021716 (1 / 1 tries):
Mar 30 02:45:24 f0421499: 23.294359408558780819 FIL (12G free)
Mar 30 02:45:24 Escrow: 0.999999997255 FIL
Mar 30 02:45:24 Locked: 0.33284941244 FIL
Mar 30 02:45:25 Datacap: 3160693276672
Mar 30 02:45:25 ....
Mar 30 02:45:26 Count: 3 of 4
Mar 30 02:45:26 f062353 (1 / 1 tries):
Mar 30 02:45:26 f0421499: 23.294359408558780819 FIL (12G free)
Mar 30 02:45:26 Escrow: 0.999999997255 FIL
Mar 30 02:45:26 Locked: 0.33284941244 FIL
Mar 30 02:45:26 Datacap: 3160693276672
Mar 30 02:45:26 ....
Mar 30 02:45:27 Count: 3 of 4
Mar 30 02:45:27 f0145874 (1 / 1 tries):
Mar 30 02:45:28 f0421499: 23.294359408558780819 FIL (12G free)
Mar 30 02:45:28 Escrow: 0.999999997255 FIL
Mar 30 02:45:28 Locked: 0.33284941244 FIL
Mar 30 02:45:28 Datacap: 3160693276672
Mar 30 02:45:28 ....
Mar 30 02:45:29 Count: 3 of 4
Mar 30 02:45:29 f08403 (1 / 1 tries):
Mar 30 02:45:30 f0421499: 23.294359408558780819 FIL (12G free)
Mar 30 02:45:30 Escrow: 0.999999997255 FIL
Mar 30 02:45:30 Locked: 0.33284941244 FIL
Mar 30 02:45:30 Datacap: 3160693276672
Mar 30 02:45:30 ....
Mar 30 02:45:31 Count: 3 of 4
Mar 30 02:45:31 f022352 (1 / 1 tries):
Mar 30 02:45:32 f0421499: 23.293832210218907393 FIL (12G free)
Mar 30 02:45:32 Escrow: 0.999999997255 FIL
Mar 30 02:45:32 Locked: 0.33284941244 FIL
Mar 30 02:45:32 Datacap: 3160693276672
Mar 30 02:45:32 ....
Mar 30 02:45:33 Count: 3 of 4
Mar 30 02:45:33 f02576 (1 / 1 tries):
Mar 30 02:45:33 f0421499: 23.293832210218907393 FIL (11G free)
Mar 30 02:45:34 Escrow: 0.999999997255 FIL
Mar 30 02:45:34 Locked: 0.33284941244 FIL
Mar 30 02:45:34 Datacap: 3160693276672
Mar 30 02:45:34 ....
Mar 30 02:45:35 Count: 3 of 4
Mar 30 02:45:35 f01278 (1 / 1 tries):
Mar 30 02:45:35 f0421499: 23.293832210218907393 FIL (11G free)
Mar 30 02:45:36 Escrow: 0.999999997255 FIL
Mar 30 02:45:36 Locked: 0.33284941244 FIL
Mar 30 02:45:36 Datacap: 3160693276672
Mar 30 02:45:37 ....
Mar 30 02:45:38 Count: 3 of 4
Mar 30 02:45:38 f07998 (1 / 1 tries):
Mar 30 02:45:38 f0421499: 23.293832210218907393 FIL (11G free)
Mar 30 02:45:39 Escrow: 0.999999997255 FIL
Mar 30 02:45:39 Locked: 0.33284941244 FIL
Mar 30 02:45:39 Datacap: 3160693276672
Mar 30 02:45:39 ....
Mar 30 02:45:40 Count: 3 of 4
Mar 30 02:45:40 f019551 (1 / 1 tries):
Mar 30 02:45:41 f0421499: 23.293832210218907393 FIL (11G free)
Mar 30 02:45:41 Escrow: 0.999999997255 FIL
Mar 30 02:45:41 Locked: 0.33284941244 FIL
Mar 30 02:45:41 Datacap: 3160693276672
Mar 30 02:45:41 ....
Mar 30 02:45:42 Count: 3 of 4
Mar 30 02:45:42 f02606 (1 / 1 tries):
Mar 30 02:45:43 f0421499: 23.293832210218907393 FIL (11G free)
Mar 30 02:45:43 Escrow: 0.999999997255 FIL
Mar 30 02:45:43 Locked: 0.33284941244 FIL
Mar 30 02:45:43 Datacap: 3160693276672
Mar 30 02:45:43 ....
Mar 30 02:45:44 Count: 3 of 4
Mar 30 02:45:44 f058369 (1 / 1 tries):
Mar 30 02:45:44 f0421499: 23.293832210218907393 FIL (11G free)
Mar 30 02:45:44 Escrow: 0.999999997255 FIL
Mar 30 02:45:44 Locked: 0.33284941244 FIL
Mar 30 02:45:45 Datacap: 3160693276672
Mar 30 02:45:45 ....
Mar 30 02:45:46 Count: 3 of 4
Mar 30 02:45:46 f01277 (1 / 1 tries):
Mar 30 02:45:46 Skipping f01277: min-ask
Mar 30 02:45:46 
Mar 30 02:45:47 Count: 3 of 4
Mar 30 02:45:47 f0127896 (1 / 1 tries):
Mar 30 02:45:47 Skipping f0127896: min-ask
Mar 30 02:45:47 
Mar 30 02:45:48 Count: 3 of 4
Mar 30 02:45:48 f019104 (1 / 1 tries):
Mar 30 02:45:49 Skipping f019104: error-ask
Mar 30 02:45:49 
Mar 30 02:45:50 Count: 3 of 4
Mar 30 02:45:50 f01247 (1 / 1 tries):
Mar 30 02:45:50 f0421499: 23.293832210218907393 FIL (11G free)
Mar 30 02:45:50 Escrow: 0.999999997255 FIL
Mar 30 02:45:50 Locked: 0.33284941244 FIL
Mar 30 02:45:50 Datacap: 3160693276672
Mar 30 02:45:50 ....
Mar 30 02:45:51 Count: 3 of 4
Mar 30 02:45:51 f010617 (1 / 1 tries):
Mar 30 02:45:52 f0421499: 23.293832210218907393 FIL (11G free)
Mar 30 02:45:52 Escrow: 0.999999997255 FIL
Mar 30 02:45:52 Locked: 0.33284941244 FIL
Mar 30 02:45:52 Datacap: 3160693276672
Mar 30 02:45:52 ....
Mar 30 02:45:53 Count: 3 of 4
Mar 30 02:45:53 f015927 (1 / 1 tries):
Mar 30 02:45:53 Skipping f015927: min-ask
Mar 30 02:45:53 
Mar 30 02:45:54 Count: 3 of 4
Mar 30 02:45:54 f01234 (1 / 1 tries):
Mar 30 02:45:55 f0421499: 23.293832210218907393 FIL (11G free)
Mar 30 02:45:55 Escrow: 0.999999997255 FIL
Mar 30 02:45:55 Locked: 0.33284941244 FIL
Mar 30 02:45:55 Datacap: 3160693276672
Mar 30 02:45:55 ....
Mar 30 02:45:56 Count: 3 of 4
Mar 30 02:45:56 f022142 (1 / 1 tries):
Mar 30 02:45:57 f0421499: 23.293832210218907393 FIL (11G free)
Mar 30 02:45:57 Escrow: 0.999999997255 FIL
Mar 30 02:45:57 Locked: 0.33284941244 FIL
Mar 30 02:45:57 Datacap: 3160693276672
Mar 30 02:45:57 ....
Mar 30 02:45:58 Count: 3 of 4
Mar 30 02:45:58 f023467 (1 / 1 tries):
Mar 30 02:45:58 f0421499: 23.293832210218907393 FIL (11G free)
Mar 30 02:45:58 Escrow: 0.999999997255 FIL
Mar 30 02:45:58 Locked: 0.33284941244 FIL
Mar 30 02:45:59 Datacap: 3160693276672
Mar 30 02:45:59 ....
Mar 30 02:46:00 Count: 3 of 4
Mar 30 02:46:00 f014768 (1 / 1 tries):
Mar 30 02:46:00 f0421499: 23.293832210218907393 FIL (10G free)
Mar 30 02:46:01 Escrow: 0.999999997255 FIL
Mar 30 02:46:01 Locked: 0.33284941244 FIL
Mar 30 02:46:01 Datacap: 3160693276672
Mar 30 02:46:01 ....
Mar 30 02:46:02 Count: 3 of 4
Mar 30 02:46:02 f014409 (1 / 1 tries):
Mar 30 02:46:02 f0421499: 23.293832210218907393 FIL (9.9G free)
Mar 30 02:46:02 Escrow: 0.999999997255 FIL
Mar 30 02:46:02 Locked: 0.33284941244 FIL
Mar 30 02:46:03 Datacap: 3160693276672
Mar 30 02:46:03 ....
Mar 30 02:46:04 Count: 3 of 4
Mar 30 02:46:04 f01240 (1 / 1 tries):
Mar 30 02:46:04 f0421499: 23.293832210218907393 FIL (9.8G free)
Mar 30 02:46:04 Escrow: 0.999999997255 FIL
Mar 30 02:46:04 Locked: 0.33284941244 FIL
Mar 30 02:46:05 Datacap: 3160693276672
Mar 30 02:46:05 ....
Mar 30 02:46:06 Count: 3 of 4
Mar 30 02:46:06 f0157535 (1 / 1 tries):
Mar 30 02:46:07 f0421499: 23.293832210218907393 FIL (9.7G free)
Mar 30 02:46:07 Escrow: 0.999999997255 FIL
Mar 30 02:46:07 Locked: 0.33284941244 FIL
Mar 30 02:46:08 Datacap: 3160693276672
Mar 30 02:46:08 ....
