Mar 30 11:44:51 Count: 3 of 4
Mar 30 11:44:51 f019100 (1 / 1 tries):
Mar 30 11:44:52 Skipping f019100: error-ask
Mar 30 11:44:52 
Mar 30 11:44:53 Count: 3 of 4
Mar 30 11:44:53 f07998 (1 / 1 tries):
Mar 30 11:44:53 f0421499: 23.293832210218907393 FIL (8.9G free)
Mar 30 11:44:53 Escrow: 0.999645757255 FIL
Mar 30 11:44:53 Locked: 0.33249517244 FIL
Mar 30 11:44:54 Datacap: 3160693276672
Mar 30 11:44:54 ....
Mar 30 11:44:55 Count: 3 of 4
Mar 30 11:44:55 f023467 (1 / 1 tries):
Mar 30 11:44:56 f0421499: 23.293832210218907393 FIL (8.9G free)
Mar 30 11:44:56 Escrow: 0.999645757255 FIL
Mar 30 11:44:56 Locked: 0.33249517244 FIL
Mar 30 11:44:56 Datacap: 3160693276672
Mar 30 11:44:57 ....
Mar 30 11:44:58 Count: 3 of 4
Mar 30 11:44:58 f021716 (1 / 1 tries):
Mar 30 11:44:59 f0421499: 23.293832210218907393 FIL (8.9G free)
Mar 30 11:44:59 Escrow: 0.999645757255 FIL
Mar 30 11:44:59 Locked: 0.33249517244 FIL
Mar 30 11:44:59 Datacap: 3160693276672
Mar 30 11:44:59 ....
Mar 30 11:45:00 Count: 3 of 4
Mar 30 11:45:00 f010617 (1 / 1 tries):
Mar 30 11:45:01 f0421499: 23.293832210218907393 FIL (8.9G free)
Mar 30 11:45:01 Escrow: 0.999645757255 FIL
Mar 30 11:45:01 Locked: 0.33249517244 FIL
Mar 30 11:45:01 Datacap: 3160693276672
Mar 30 11:45:01 ....
Mar 30 11:45:02 Count: 3 of 4
Mar 30 11:45:02 f01240 (1 / 1 tries):
Mar 30 11:45:03 f0421499: 23.293832210218907393 FIL (8.9G free)
Mar 30 11:45:04 Escrow: 0.999645757255 FIL
Mar 30 11:45:04 Locked: 0.33249517244 FIL
Mar 30 11:45:04 Datacap: 3160693276672
Mar 30 11:45:04 ....
Mar 30 11:45:05 Count: 3 of 4
Mar 30 11:45:05 f02606 (1 / 1 tries):
Mar 30 11:45:06 f0421499: 23.293832210218907393 FIL (8.9G free)
Mar 30 11:45:06 Escrow: 0.999645757255 FIL
Mar 30 11:45:06 Locked: 0.33249517244 FIL
Mar 30 11:45:06 Datacap: 3160693276672
Mar 30 11:45:06 ....
Mar 30 11:45:07 Count: 3 of 4
Mar 30 11:45:07 f066596 (1 / 1 tries):
Mar 30 11:45:08 f0421499: 23.293832210218907393 FIL (8.9G free)
Mar 30 11:45:08 Escrow: 0.999645757255 FIL
Mar 30 11:45:08 Locked: 0.33249517244 FIL
Mar 30 11:45:08 Datacap: 3160693276672
Mar 30 11:45:08 ....
Mar 30 11:45:09 Count: 3 of 4
Mar 30 11:45:09 f0145874 (1 / 1 tries):
Mar 30 11:45:10 f0421499: 23.293832210218907393 FIL (8.9G free)
Mar 30 11:45:10 Escrow: 0.999645757255 FIL
Mar 30 11:45:10 Locked: 0.33249517244 FIL
Mar 30 11:45:10 Datacap: 3160693276672
Mar 30 11:45:10 ....
Mar 30 11:45:11 Count: 3 of 4
Mar 30 11:45:11 f019362 (1 / 1 tries):
Mar 30 11:45:12 f0421499: 23.293832210218907393 FIL (8.9G free)
Mar 30 11:45:12 Escrow: 0.999645757255 FIL
Mar 30 11:45:12 Locked: 0.33249517244 FIL
Mar 30 11:45:13 Datacap: 3160693276672
Mar 30 11:45:13 ....
Mar 30 11:45:14 Count: 3 of 4
Mar 30 11:45:14 f019041 (1 / 1 tries):
Mar 30 11:45:15 f0421499: 23.293832210218907393 FIL (8.9G free)
Mar 30 11:45:15 Escrow: 0.999645757255 FIL
Mar 30 11:45:15 Locked: 0.33249517244 FIL
Mar 30 11:45:15 Datacap: 3160693276672
Mar 30 11:45:15 ....
Mar 30 11:45:16 Count: 3 of 4
Mar 30 11:45:16 f09848 (1 / 1 tries):
Mar 30 11:45:17 f0421499: 23.293832210218907393 FIL (8.9G free)
Mar 30 11:45:17 Escrow: 0.999645757255 FIL
Mar 30 11:45:17 Locked: 0.33249517244 FIL
Mar 30 11:45:17 Datacap: 3160693276672
Mar 30 11:45:18 ....
Mar 30 11:45:19 Count: 3 of 4
Mar 30 11:45:19 f014768 (1 / 1 tries):
Mar 30 11:45:19 f0421499: 23.293832210218907393 FIL (8.9G free)
Mar 30 11:45:19 Escrow: 0.999645757255 FIL
Mar 30 11:45:19 Locked: 0.33249517244 FIL
Mar 30 11:45:20 Datacap: 3160693276672
Mar 30 11:45:20 ....
Mar 30 11:45:21 Count: 3 of 4
Mar 30 11:45:21 f062353 (1 / 1 tries):
Mar 30 11:45:22 f0421499: 23.293832210218907393 FIL (8.9G free)
Mar 30 11:45:22 Escrow: 0.999645757255 FIL
Mar 30 11:45:22 Locked: 0.33249517244 FIL
Mar 30 11:45:22 Datacap: 3160693276672
Mar 30 11:45:23 ....
Mar 30 11:45:24 Count: 3 of 4
Mar 30 11:45:24 f01277 (1 / 1 tries):
Mar 30 11:45:24 Skipping f01277: min-ask
Mar 30 11:45:24 
Mar 30 11:45:25 Count: 3 of 4
Mar 30 11:45:25 f023971 (1 / 1 tries):
Mar 30 11:45:26 f0421499: 23.293832210218907393 FIL (8.9G free)
Mar 30 11:45:26 Escrow: 0.999645757255 FIL
Mar 30 11:45:26 Locked: 0.33249517244 FIL
Mar 30 11:45:27 Datacap: 3160693276672
Mar 30 11:45:27 ....
Mar 30 11:45:28 Count: 3 of 4
Mar 30 11:45:28 f022352 (1 / 1 tries):
Mar 30 11:45:28 f0421499: 23.293832210218907393 FIL (8.9G free)
Mar 30 11:45:29 Escrow: 0.999645757255 FIL
Mar 30 11:45:29 Locked: 0.33249517244 FIL
Mar 30 11:45:29 Datacap: 3160693276672
Mar 30 11:45:29 ....
Mar 30 11:45:30 Count: 3 of 4
Mar 30 11:45:30 f099608 (1 / 1 tries):
Mar 30 11:45:31 f0421499: 23.293832210218907393 FIL (8.9G free)
Mar 30 11:45:31 Escrow: 0.999645757255 FIL
Mar 30 11:45:31 Locked: 0.33249517244 FIL
Mar 30 11:45:32 Datacap: 3160693276672
Mar 30 11:45:32 ....
Mar 30 11:45:33 Count: 3 of 4
Mar 30 11:45:33 f058369 (1 / 1 tries):
Mar 30 11:45:34 f0421499: 23.293832210218907393 FIL (8.9G free)
Mar 30 11:45:34 Escrow: 0.999645757255 FIL
Mar 30 11:45:34 Locked: 0.33249517244 FIL
Mar 30 11:45:34 Datacap: 3160693276672
Mar 30 11:45:34 ....
Mar 30 11:45:35 Count: 3 of 4
Mar 30 11:45:35 f08399 (1 / 1 tries):
Mar 30 11:45:36 f0421499: 23.293832210218907393 FIL (8.9G free)
Mar 30 11:45:36 Escrow: 0.999645757255 FIL
Mar 30 11:45:36 Locked: 0.33249517244 FIL
Mar 30 11:45:37 Datacap: 3160693276672
Mar 30 11:45:37 ....
Mar 30 11:45:38 Count: 3 of 4
Mar 30 11:45:38 f0127896 (1 / 1 tries):
Mar 30 11:45:38 Skipping f0127896: min-ask
Mar 30 11:45:38 
Mar 30 11:45:39 Count: 3 of 4
Mar 30 11:45:39 f01247 (1 / 1 tries):
Mar 30 11:45:40 f0421499: 23.293832210218907393 FIL (8.9G free)
Mar 30 11:45:40 Escrow: 0.999645757255 FIL
Mar 30 11:45:40 Locked: 0.33249517244 FIL
Mar 30 11:45:40 Datacap: 3160693276672
Mar 30 11:45:40 ....
Mar 30 11:45:41 Count: 3 of 4
Mar 30 11:45:41 f015927 (1 / 1 tries):
Mar 30 11:45:41 Skipping f015927: min-ask
Mar 30 11:45:41 
Mar 30 11:45:42 Count: 3 of 4
Mar 30 11:45:42 f0157535 (1 / 1 tries):
Mar 30 11:45:43 f0421499: 23.293832210218907393 FIL (8.9G free)
Mar 30 11:45:44 Escrow: 0.999645757255 FIL
Mar 30 11:45:44 Locked: 0.33249517244 FIL
Mar 30 11:45:44 Datacap: 3160693276672
Mar 30 11:45:44 ....
Mar 30 11:45:45 Count: 3 of 4
Mar 30 11:45:45 f019551 (1 / 1 tries):
Mar 30 11:45:46 f0421499: 23.293832210218907393 FIL (8.9G free)
Mar 30 11:45:46 Escrow: 0.999645757255 FIL
Mar 30 11:45:46 Locked: 0.33249517244 FIL
Mar 30 11:45:47 Datacap: 3160693276672
Mar 30 11:45:47 ....
Mar 30 11:45:48 Count: 3 of 4
Mar 30 11:45:48 f02576 (1 / 1 tries):
Mar 30 11:45:48 f0421499: 23.293832210218907393 FIL (8.9G free)
Mar 30 11:45:48 Escrow: 0.999645757255 FIL
Mar 30 11:45:48 Locked: 0.33249517244 FIL
Mar 30 11:45:49 Datacap: 3160693276672
Mar 30 11:45:49 ....
Mar 30 11:45:50 Count: 3 of 4
Mar 30 11:45:50 f022163 (1 / 1 tries):
Mar 30 11:45:51 f0421499: 23.293832210218907393 FIL (8.9G free)
Mar 30 11:45:51 Escrow: 0.999645757255 FIL
Mar 30 11:45:51 Locked: 0.33249517244 FIL
Mar 30 11:45:52 Datacap: 3160693276672
Mar 30 11:45:52 ....
Mar 30 11:45:53 Count: 3 of 4
Mar 30 11:45:53 f08403 (1 / 1 tries):
Mar 30 11:45:53 f0421499: 23.293832210218907393 FIL (8.9G free)
Mar 30 11:45:53 Escrow: 0.999645757255 FIL
Mar 30 11:45:53 Locked: 0.33249517244 FIL
Mar 30 11:45:54 Datacap: 3160693276672
Mar 30 11:45:54 ....
Mar 30 11:45:55 Count: 3 of 4
Mar 30 11:45:55 f010479 (1 / 1 tries):
Mar 30 11:45:56 f0421499: 23.293832210218907393 FIL (8.9G free)
Mar 30 11:45:56 Escrow: 0.999645757255 FIL
Mar 30 11:45:56 Locked: 0.33249517244 FIL
Mar 30 11:45:56 Datacap: 3160693276672
Mar 30 11:45:56 ....
Mar 30 11:45:57 Count: 3 of 4
Mar 30 11:45:57 f0165400 (1 / 1 tries):
Mar 30 11:45:58 f0421499: 23.293832210218907393 FIL (8.9G free)
Mar 30 11:45:58 Escrow: 0.999645757255 FIL
Mar 30 11:45:58 Locked: 0.33249517244 FIL
Mar 30 11:45:59 Datacap: 3160693276672
Mar 30 11:45:59 ....
Mar 30 11:46:00 Count: 3 of 4
Mar 30 11:46:00 f019104 (1 / 1 tries):
Mar 30 11:46:00 Skipping f019104: error-ask
Mar 30 11:46:00 
Mar 30 11:46:01 Count: 3 of 4
Mar 30 11:46:01 f022142 (1 / 1 tries):
Mar 30 11:46:02 f0421499: 23.293832210218907393 FIL (8.9G free)
Mar 30 11:46:02 Escrow: 0.999645757255 FIL
Mar 30 11:46:02 Locked: 0.33249517244 FIL
Mar 30 11:46:03 Datacap: 3160693276672
Mar 30 11:46:03 ....
Mar 30 11:46:04 Count: 3 of 4
Mar 30 11:46:04 f01278 (1 / 1 tries):
Mar 30 11:46:05 f0421499: 23.293832210218907393 FIL (8.9G free)
Mar 30 11:46:05 Escrow: 0.999645757255 FIL
Mar 30 11:46:05 Locked: 0.33249517244 FIL
Mar 30 11:46:06 Datacap: 3160693276672
Mar 30 11:46:06 ....
Mar 30 11:46:07 Count: 3 of 4
Mar 30 11:46:07 f01234 (1 / 1 tries):
Mar 30 11:46:07 f0421499: 23.293832210218907393 FIL (8.9G free)
Mar 30 11:46:08 Escrow: 0.999645757255 FIL
Mar 30 11:46:08 Locked: 0.33249517244 FIL
Mar 30 11:46:08 Datacap: 3160693276672
Mar 30 11:46:08 ....
Mar 30 11:46:09 Count: 3 of 4
Mar 30 11:46:09 f014409 (1 / 1 tries):
Mar 30 11:46:10 f0421499: 23.293832210218907393 FIL (8.9G free)
Mar 30 11:46:10 Escrow: 0.999645757255 FIL
Mar 30 11:46:10 Locked: 0.33249517244 FIL
Mar 30 11:46:10 Datacap: 3160693276672
Mar 30 11:46:11 ....
Mar 30 11:46:12 Count: 3 of 4
Mar 30 11:46:12 f071624 (1 / 1 tries):
Mar 30 11:46:12 f0421499: 23.293832210218907393 FIL (8.9G free)
Mar 30 11:46:13 Escrow: 0.999645757255 FIL
Mar 30 11:46:13 Locked: 0.33249517244 FIL
Mar 30 11:46:13 Datacap: 3160693276672
Mar 30 11:46:13 ....
