Mar 30 15:01:08 Count: 3 of 4
Mar 30 15:01:08 f01277 (1 / 1 tries):
Mar 30 15:01:09 Skipping f01277: min-ask
Mar 30 15:01:09 
Mar 30 15:01:10 Count: 3 of 4
Mar 30 15:01:10 f099608 (1 / 1 tries):
Mar 30 15:01:11 f0421499: 23.293832210218907393 FIL (8.3G free)
Mar 30 15:01:11 Escrow: 0.999645757255 FIL
Mar 30 15:01:11 Locked: 0.33249517244 FIL
Mar 30 15:01:11 Datacap: 3160693276672
Mar 30 15:01:11 ....
Mar 30 15:01:12 Count: 3 of 4
Mar 30 15:01:12 f062353 (1 / 1 tries):
Mar 30 15:01:13 f0421499: 23.293832210218907393 FIL (8.3G free)
Mar 30 15:01:13 Escrow: 0.999645757255 FIL
Mar 30 15:01:13 Locked: 0.33249517244 FIL
Mar 30 15:01:13 Datacap: 3160693276672
Mar 30 15:01:14 ....
Mar 30 15:01:15 Count: 3 of 4
Mar 30 15:01:15 f014768 (1 / 1 tries):
Mar 30 15:01:15 f0421499: 23.293832210218907393 FIL (8.3G free)
Mar 30 15:01:15 Escrow: 0.999645757255 FIL
Mar 30 15:01:15 Locked: 0.33249517244 FIL
Mar 30 15:01:16 Datacap: 3160693276672
Mar 30 15:01:16 ....
Mar 30 15:01:17 Count: 3 of 4
Mar 30 15:01:17 f0145874 (1 / 1 tries):
Mar 30 15:01:17 f0421499: 23.293832210218907393 FIL (8.3G free)
Mar 30 15:01:17 Escrow: 0.999645757255 FIL
Mar 30 15:01:17 Locked: 0.33249517244 FIL
Mar 30 15:01:17 Datacap: 3160693276672
Mar 30 15:01:18 ....
Mar 30 15:01:19 Count: 3 of 4
Mar 30 15:01:19 f022352 (1 / 1 tries):
Mar 30 15:01:19 f0421499: 23.293832210218907393 FIL (8.3G free)
Mar 30 15:01:20 Escrow: 0.999645757255 FIL
Mar 30 15:01:20 Locked: 0.33249517244 FIL
Mar 30 15:01:20 Datacap: 3160693276672
Mar 30 15:01:20 ....
Mar 30 15:01:21 Count: 3 of 4
Mar 30 15:01:21 f071624 (1 / 1 tries):
Mar 30 15:01:21 f0421499: 23.293832210218907393 FIL (8.3G free)
Mar 30 15:01:22 Escrow: 0.999645757255 FIL
Mar 30 15:01:22 Locked: 0.33249517244 FIL
Mar 30 15:01:22 Datacap: 3160693276672
Mar 30 15:01:22 ....
Mar 30 15:01:23 Count: 3 of 4
Mar 30 15:01:23 f023467 (1 / 1 tries):
Mar 30 15:01:24 f0421499: 23.293832210218907393 FIL (8.3G free)
Mar 30 15:01:24 Escrow: 0.999645757255 FIL
Mar 30 15:01:24 Locked: 0.33249517244 FIL
Mar 30 15:01:24 Datacap: 3160693276672
Mar 30 15:01:24 ....
Mar 30 15:01:25 Count: 3 of 4
Mar 30 15:01:25 f058369 (1 / 1 tries):
Mar 30 15:01:26 f0421499: 23.293832210218907393 FIL (8.3G free)
Mar 30 15:01:26 Escrow: 0.999645757255 FIL
Mar 30 15:01:26 Locked: 0.33249517244 FIL
Mar 30 15:01:26 Datacap: 3160693276672
Mar 30 15:01:26 ....
Mar 30 15:01:27 Count: 3 of 4
Mar 30 15:01:27 f02606 (1 / 1 tries):
Mar 30 15:01:28 f0421499: 23.293832210218907393 FIL (8.3G free)
Mar 30 15:01:28 Escrow: 0.999645757255 FIL
Mar 30 15:01:28 Locked: 0.33249517244 FIL
Mar 30 15:01:28 Datacap: 3160693276672
Mar 30 15:01:28 ....
Mar 30 15:01:30 Count: 3 of 4
Mar 30 15:01:30 f019551 (1 / 1 tries):
Mar 30 15:01:30 f0421499: 23.293832210218907393 FIL (8.3G free)
Mar 30 15:01:30 Escrow: 0.999645757255 FIL
Mar 30 15:01:30 Locked: 0.33249517244 FIL
Mar 30 15:01:31 Datacap: 3160693276672
Mar 30 15:01:31 ....
Mar 30 15:01:32 Count: 3 of 4
Mar 30 15:01:32 f014409 (1 / 1 tries):
Mar 30 15:01:32 f0421499: 23.293832210218907393 FIL (8.3G free)
Mar 30 15:01:33 Escrow: 0.999645757255 FIL
Mar 30 15:01:33 Locked: 0.33249517244 FIL
Mar 30 15:01:33 Datacap: 3160693276672
Mar 30 15:01:33 ....
Mar 30 15:01:34 Count: 3 of 4
Mar 30 15:01:34 f08403 (1 / 1 tries):
Mar 30 15:01:35 f0421499: 23.293832210218907393 FIL (8.3G free)
Mar 30 15:01:35 Escrow: 0.999645757255 FIL
Mar 30 15:01:35 Locked: 0.33249517244 FIL
Mar 30 15:01:35 Datacap: 3160693276672
Mar 30 15:01:35 ....
Mar 30 15:01:36 Count: 3 of 4
Mar 30 15:01:36 f010617 (1 / 1 tries):
Mar 30 15:01:37 f0421499: 23.293832210218907393 FIL (8.3G free)
Mar 30 15:01:37 Escrow: 0.999645757255 FIL
Mar 30 15:01:37 Locked: 0.33249517244 FIL
Mar 30 15:01:37 Datacap: 3160693276672
Mar 30 15:01:37 ....
Mar 30 15:01:38 Count: 3 of 4
Mar 30 15:01:38 f019362 (1 / 1 tries):
Mar 30 15:01:39 f0421499: 23.293832210218907393 FIL (8.3G free)
Mar 30 15:01:39 Escrow: 0.999645757255 FIL
Mar 30 15:01:39 Locked: 0.33249517244 FIL
Mar 30 15:01:40 Datacap: 3160693276672
Mar 30 15:01:40 ....
Mar 30 15:01:41 Count: 3 of 4
Mar 30 15:01:41 f01240 (1 / 1 tries):
Mar 30 15:01:41 f0421499: 23.293832210218907393 FIL (8.3G free)
Mar 30 15:01:41 Escrow: 0.999645757255 FIL
Mar 30 15:01:41 Locked: 0.33249517244 FIL
Mar 30 15:01:42 Datacap: 3160693276672
Mar 30 15:01:42 ....
Mar 30 15:01:43 Count: 3 of 4
Mar 30 15:01:43 f01247 (1 / 1 tries):
Mar 30 15:01:43 f0421499: 23.293832210218907393 FIL (8.3G free)
Mar 30 15:01:44 Escrow: 0.999645757255 FIL
Mar 30 15:01:44 Locked: 0.33249517244 FIL
Mar 30 15:01:44 Datacap: 3160693276672
Mar 30 15:01:44 ....
Mar 30 15:01:45 Count: 3 of 4
Mar 30 15:01:45 f019100 (1 / 1 tries):
Mar 30 15:01:46 Skipping f019100: error-ask
Mar 30 15:01:46 
Mar 30 15:01:47 Count: 3 of 4
Mar 30 15:01:47 f0157535 (1 / 1 tries):
Mar 30 15:01:47 f0421499: 23.293832210218907393 FIL (8.3G free)
Mar 30 15:01:47 Escrow: 0.999645757255 FIL
Mar 30 15:01:47 Locked: 0.33249517244 FIL
Mar 30 15:01:48 Datacap: 3160693276672
Mar 30 15:01:48 ....
Mar 30 15:01:49 Count: 3 of 4
Mar 30 15:01:49 f066596 (1 / 1 tries):
Mar 30 15:01:49 f0421499: 23.293832210218907393 FIL (8.3G free)
Mar 30 15:01:49 Escrow: 0.999645757255 FIL
Mar 30 15:01:49 Locked: 0.33249517244 FIL
Mar 30 15:01:50 Datacap: 3160693276672
Mar 30 15:01:50 ....
Mar 30 15:01:51 Count: 3 of 4
Mar 30 15:01:51 f08399 (1 / 1 tries):
Mar 30 15:01:52 f0421499: 23.293832210218907393 FIL (8.3G free)
Mar 30 15:01:52 Escrow: 0.999645757255 FIL
Mar 30 15:01:52 Locked: 0.33249517244 FIL
Mar 30 15:01:52 Datacap: 3160693276672
Mar 30 15:01:52 ....
Mar 30 15:01:53 Count: 3 of 4
Mar 30 15:01:53 f02576 (1 / 1 tries):
Mar 30 15:01:54 f0421499: 23.293832210218907393 FIL (8.3G free)
Mar 30 15:01:54 Escrow: 0.999645757255 FIL
Mar 30 15:01:54 Locked: 0.33249517244 FIL
Mar 30 15:01:55 Datacap: 3160693276672
Mar 30 15:01:55 ....
Mar 30 15:01:56 Count: 3 of 4
Mar 30 15:01:56 f01278 (1 / 1 tries):
Mar 30 15:01:57 f0421499: 23.293832210218907393 FIL (8.3G free)
Mar 30 15:01:57 Escrow: 0.999645757255 FIL
Mar 30 15:01:57 Locked: 0.33249517244 FIL
Mar 30 15:01:57 Datacap: 3160693276672
Mar 30 15:01:57 ....
Mar 30 15:01:58 Count: 3 of 4
Mar 30 15:01:58 f022142 (1 / 1 tries):
Mar 30 15:01:59 f0421499: 23.293832210218907393 FIL (8.3G free)
Mar 30 15:01:59 Escrow: 0.999645757255 FIL
Mar 30 15:01:59 Locked: 0.33249517244 FIL
Mar 30 15:02:00 Datacap: 3160693276672
Mar 30 15:02:00 ....
Mar 30 15:02:01 Count: 3 of 4
Mar 30 15:02:01 f0165400 (1 / 1 tries):
Mar 30 15:02:02 f0421499: 23.293832210218907393 FIL (8.3G free)
Mar 30 15:02:02 Escrow: 0.999645757255 FIL
Mar 30 15:02:02 Locked: 0.33249517244 FIL
Mar 30 15:02:02 Datacap: 3160693276672
Mar 30 15:02:03 ....
Mar 30 15:02:04 Count: 3 of 4
Mar 30 15:02:04 f019041 (1 / 1 tries):
Mar 30 15:02:04 f0421499: 23.293832210218907393 FIL (8.3G free)
Mar 30 15:02:05 Escrow: 0.999645757255 FIL
Mar 30 15:02:05 Locked: 0.33249517244 FIL
Mar 30 15:02:05 Datacap: 3160693276672
Mar 30 15:02:05 ....
Mar 30 15:02:06 Count: 3 of 4
Mar 30 15:02:06 f0127896 (1 / 1 tries):
Mar 30 15:02:06 Skipping f0127896: min-ask
Mar 30 15:02:06 
Mar 30 15:02:07 Count: 3 of 4
Mar 30 15:02:07 f01234 (1 / 1 tries):
Mar 30 15:02:08 f0421499: 23.293832210218907393 FIL (8.3G free)
Mar 30 15:02:08 Escrow: 0.999645757255 FIL
Mar 30 15:02:08 Locked: 0.33249517244 FIL
Mar 30 15:02:09 Datacap: 3160693276672
Mar 30 15:02:09 ....
Mar 30 15:02:10 Count: 3 of 4
Mar 30 15:02:10 f022163 (1 / 1 tries):
Mar 30 15:02:10 f0421499: 23.293832210218907393 FIL (8.3G free)
Mar 30 15:02:11 Escrow: 0.999645757255 FIL
Mar 30 15:02:11 Locked: 0.33249517244 FIL
Mar 30 15:02:11 Datacap: 3160693276672
Mar 30 15:02:11 ....
Mar 30 15:02:12 Count: 3 of 4
Mar 30 15:02:12 f015927 (1 / 1 tries):
Mar 30 15:02:13 Skipping f015927: min-ask
Mar 30 15:02:13 
Mar 30 15:02:14 Count: 3 of 4
Mar 30 15:02:14 f021716 (1 / 1 tries):
Mar 30 15:02:14 f0421499: 23.293832210218907393 FIL (8.3G free)
Mar 30 15:02:14 Escrow: 0.999645757255 FIL
Mar 30 15:02:14 Locked: 0.33249517244 FIL
Mar 30 15:02:15 Datacap: 3160693276672
Mar 30 15:02:15 ....
Mar 30 15:02:16 Count: 3 of 4
Mar 30 15:02:16 f019104 (1 / 1 tries):
Mar 30 15:02:16 Skipping f019104: error-ask
Mar 30 15:02:16 
Mar 30 15:02:17 Count: 3 of 4
Mar 30 15:02:17 f023971 (1 / 1 tries):
Mar 30 15:02:18 f0421499: 23.293832210218907393 FIL (8.3G free)
Mar 30 15:02:18 Escrow: 0.999645757255 FIL
Mar 30 15:02:18 Locked: 0.33249517244 FIL
Mar 30 15:02:18 Datacap: 3160693276672
Mar 30 15:02:19 ....
Mar 30 15:02:20 Count: 3 of 4
Mar 30 15:02:20 f010479 (1 / 1 tries):
Mar 30 15:02:20 f0421499: 23.293832210218907393 FIL (8.3G free)
Mar 30 15:02:20 Escrow: 0.999645757255 FIL
Mar 30 15:02:20 Locked: 0.33249517244 FIL
Mar 30 15:02:21 Datacap: 3160693276672
Mar 30 15:02:21 ....
Mar 30 15:02:22 Count: 3 of 4
Mar 30 15:02:22 f09848 (1 / 1 tries):
Mar 30 15:02:23 f0421499: 23.293832210218907393 FIL (8.3G free)
Mar 30 15:02:23 Escrow: 0.999645757255 FIL
Mar 30 15:02:23 Locked: 0.33249517244 FIL
Mar 30 15:02:23 Datacap: 3160693276672
Mar 30 15:02:23 ....
Mar 30 15:02:24 Count: 3 of 4
Mar 30 15:02:24 f07998 (1 / 1 tries):
Mar 30 15:02:25 f0421499: 23.293832210218907393 FIL (8.3G free)
Mar 30 15:02:25 Escrow: 0.999645757255 FIL
Mar 30 15:02:25 Locked: 0.33249517244 FIL
Mar 30 15:02:25 Datacap: 3160693276672
Mar 30 15:02:26 ....
