Mar 30 05:02:19 Count: 3 of 4
Mar 30 05:02:19 f058369 (1 / 1 tries):
Mar 30 05:02:20 f0421499: 23.293832210218907393 FIL (11G free)
Mar 30 05:02:20 Escrow: 0.999645757255 FIL
Mar 30 05:02:20 Locked: 0.33249517244 FIL
Mar 30 05:02:21 Datacap: 3160693276672
Mar 30 05:02:21 ....
Mar 30 05:02:22 Count: 3 of 4
Mar 30 05:02:22 f023467 (1 / 1 tries):
Mar 30 05:02:22 f0421499: 23.293832210218907393 FIL (11G free)
Mar 30 05:02:22 Escrow: 0.999645757255 FIL
Mar 30 05:02:22 Locked: 0.33249517244 FIL
Mar 30 05:02:23 Datacap: 3160693276672
Mar 30 05:02:23 ....
Mar 30 05:02:24 Count: 3 of 4
Mar 30 05:02:24 f019041 (1 / 1 tries):
Mar 30 05:02:25 f0421499: 23.293832210218907393 FIL (11G free)
Mar 30 05:02:25 Escrow: 0.999645757255 FIL
Mar 30 05:02:25 Locked: 0.33249517244 FIL
Mar 30 05:02:26 Datacap: 3160693276672
Mar 30 05:02:26 ....
Mar 30 05:02:27 Count: 3 of 4
Mar 30 05:02:27 f022163 (1 / 1 tries):
Mar 30 05:02:27 f0421499: 23.293832210218907393 FIL (11G free)
Mar 30 05:02:28 Escrow: 0.999645757255 FIL
Mar 30 05:02:28 Locked: 0.33249517244 FIL
Mar 30 05:02:28 Datacap: 3160693276672
Mar 30 05:02:28 ....
Mar 30 05:02:29 Count: 3 of 4
Mar 30 05:02:29 f015927 (1 / 1 tries):
Mar 30 05:02:30 Skipping f015927: min-ask
Mar 30 05:02:30 
Mar 30 05:02:31 Count: 3 of 4
Mar 30 05:02:31 f019104 (1 / 1 tries):
Mar 30 05:02:31 Skipping f019104: error-ask
Mar 30 05:02:31 
Mar 30 05:02:32 Count: 3 of 4
Mar 30 05:02:32 f066596 (1 / 1 tries):
Mar 30 05:02:33 f0421499: 23.293832210218907393 FIL (11G free)
Mar 30 05:02:33 Escrow: 0.999645757255 FIL
Mar 30 05:02:33 Locked: 0.33249517244 FIL
Mar 30 05:02:33 Datacap: 3160693276672
Mar 30 05:02:33 ....
Mar 30 05:02:34 Count: 3 of 4
Mar 30 05:02:34 f0157535 (1 / 1 tries):
Mar 30 05:02:35 f0421499: 23.293832210218907393 FIL (11G free)
Mar 30 05:02:35 Escrow: 0.999645757255 FIL
Mar 30 05:02:35 Locked: 0.33249517244 FIL
Mar 30 05:02:36 Datacap: 3160693276672
Mar 30 05:02:36 ....
Mar 30 05:02:37 Count: 3 of 4
Mar 30 05:02:37 f08403 (1 / 1 tries):
Mar 30 05:02:38 f0421499: 23.293832210218907393 FIL (11G free)
Mar 30 05:02:38 Escrow: 0.999645757255 FIL
Mar 30 05:02:38 Locked: 0.33249517244 FIL
Mar 30 05:02:39 Datacap: 3160693276672
Mar 30 05:02:39 ....
Mar 30 05:02:40 Count: 3 of 4
Mar 30 05:02:40 f099608 (1 / 1 tries):
Mar 30 05:02:41 f0421499: 23.293832210218907393 FIL (11G free)
Mar 30 05:02:41 Escrow: 0.999645757255 FIL
Mar 30 05:02:41 Locked: 0.33249517244 FIL
Mar 30 05:02:41 Datacap: 3160693276672
Mar 30 05:02:41 ....
Mar 30 05:02:42 Count: 3 of 4
Mar 30 05:02:42 f019551 (1 / 1 tries):
Mar 30 05:02:43 f0421499: 23.293832210218907393 FIL (11G free)
Mar 30 05:02:44 Escrow: 0.999645757255 FIL
Mar 30 05:02:44 Locked: 0.33249517244 FIL
Mar 30 05:02:44 Datacap: 3160693276672
Mar 30 05:02:44 ....
Mar 30 05:02:45 Count: 3 of 4
Mar 30 05:02:45 f0165400 (1 / 1 tries):
Mar 30 05:02:46 f0421499: 23.293832210218907393 FIL (11G free)
Mar 30 05:02:46 Escrow: 0.999645757255 FIL
Mar 30 05:02:46 Locked: 0.33249517244 FIL
Mar 30 05:02:47 Datacap: 3160693276672
Mar 30 05:02:47 ....
Mar 30 05:02:48 Count: 3 of 4
Mar 30 05:02:48 f019362 (1 / 1 tries):
Mar 30 05:02:48 f0421499: 23.293832210218907393 FIL (11G free)
Mar 30 05:02:49 Escrow: 0.999645757255 FIL
Mar 30 05:02:49 Locked: 0.33249517244 FIL
Mar 30 05:02:49 Datacap: 3160693276672
Mar 30 05:02:49 ....
Mar 30 05:02:50 Count: 3 of 4
Mar 30 05:02:50 f09848 (1 / 1 tries):
Mar 30 05:02:51 f0421499: 23.293832210218907393 FIL (11G free)
Mar 30 05:02:51 Escrow: 0.999645757255 FIL
Mar 30 05:02:51 Locked: 0.33249517244 FIL
Mar 30 05:02:51 Datacap: 3160693276672
Mar 30 05:02:52 ....
Mar 30 05:02:53 Count: 3 of 4
Mar 30 05:02:53 f01234 (1 / 1 tries):
Mar 30 05:02:54 f0421499: 23.293832210218907393 FIL (11G free)
Mar 30 05:02:54 Escrow: 0.999645757255 FIL
Mar 30 05:02:54 Locked: 0.33249517244 FIL
Mar 30 05:02:54 Datacap: 3160693276672
Mar 30 05:02:54 ....
Mar 30 05:02:55 Count: 3 of 4
Mar 30 05:02:55 f022352 (1 / 1 tries):
Mar 30 05:02:56 f0421499: 23.293832210218907393 FIL (11G free)
Mar 30 05:02:56 Escrow: 0.999645757255 FIL
Mar 30 05:02:56 Locked: 0.33249517244 FIL
Mar 30 05:02:56 Datacap: 3160693276672
Mar 30 05:02:56 ....
Mar 30 05:02:57 Count: 3 of 4
Mar 30 05:02:57 f02606 (1 / 1 tries):
Mar 30 05:02:58 f0421499: 23.293832210218907393 FIL (11G free)
Mar 30 05:02:59 Escrow: 0.999645757255 FIL
Mar 30 05:02:59 Locked: 0.33249517244 FIL
Mar 30 05:02:59 Datacap: 3160693276672
Mar 30 05:03:00 ....
Mar 30 05:03:01 Count: 3 of 4
Mar 30 05:03:01 f014768 (1 / 1 tries):
Mar 30 05:03:01 f0421499: 23.293832210218907393 FIL (11G free)
Mar 30 05:03:01 Escrow: 0.999645757255 FIL
Mar 30 05:03:01 Locked: 0.33249517244 FIL
Mar 30 05:03:02 Datacap: 3160693276672
Mar 30 05:03:02 ....
Mar 30 05:03:03 Count: 3 of 4
Mar 30 05:03:03 f019100 (1 / 1 tries):
Mar 30 05:03:03 Skipping f019100: error-ask
Mar 30 05:03:03 
Mar 30 05:03:04 Count: 3 of 4
Mar 30 05:03:04 f071624 (1 / 1 tries):
Mar 30 05:03:05 f0421499: 23.293832210218907393 FIL (11G free)
Mar 30 05:03:05 Escrow: 0.999645757255 FIL
Mar 30 05:03:05 Locked: 0.33249517244 FIL
Mar 30 05:03:06 Datacap: 3160693276672
Mar 30 05:03:06 ....
Mar 30 05:03:07 Count: 3 of 4
Mar 30 05:03:07 f02576 (1 / 1 tries):
Mar 30 05:03:08 f0421499: 23.293832210218907393 FIL (11G free)
Mar 30 05:03:08 Escrow: 0.999645757255 FIL
Mar 30 05:03:08 Locked: 0.33249517244 FIL
Mar 30 05:03:08 Datacap: 3160693276672
Mar 30 05:03:08 ....
Mar 30 05:03:09 Count: 3 of 4
Mar 30 05:03:09 f0127896 (1 / 1 tries):
Mar 30 05:03:10 Skipping f0127896: min-ask
Mar 30 05:03:10 
Mar 30 05:03:11 Count: 3 of 4
Mar 30 05:03:11 f010479 (1 / 1 tries):
Mar 30 05:03:12 f0421499: 23.293832210218907393 FIL (11G free)
Mar 30 05:03:12 Escrow: 0.999645757255 FIL
Mar 30 05:03:12 Locked: 0.33249517244 FIL
Mar 30 05:03:13 Datacap: 3160693276672
Mar 30 05:03:13 ....
Mar 30 05:03:14 Count: 3 of 4
Mar 30 05:03:14 f023971 (1 / 1 tries):
Mar 30 05:03:15 f0421499: 23.293832210218907393 FIL (11G free)
Mar 30 05:03:15 Escrow: 0.999645757255 FIL
Mar 30 05:03:15 Locked: 0.33249517244 FIL
Mar 30 05:03:15 Datacap: 3160693276672
Mar 30 05:03:16 ....
Mar 30 05:03:17 Count: 3 of 4
Mar 30 05:03:17 f010617 (1 / 1 tries):
Mar 30 05:03:17 f0421499: 23.293832210218907393 FIL (11G free)
Mar 30 05:03:18 Escrow: 0.999645757255 FIL
Mar 30 05:03:18 Locked: 0.33249517244 FIL
Mar 30 05:03:18 Datacap: 3160693276672
Mar 30 05:03:18 ....
Mar 30 05:03:19 Count: 3 of 4
Mar 30 05:03:19 f0145874 (1 / 1 tries):
Mar 30 05:03:20 f0421499: 23.293832210218907393 FIL (11G free)
Mar 30 05:03:20 Escrow: 0.999645757255 FIL
Mar 30 05:03:20 Locked: 0.33249517244 FIL
Mar 30 05:03:21 Datacap: 3160693276672
Mar 30 05:03:21 ....
Mar 30 05:03:22 Count: 3 of 4
Mar 30 05:03:22 f014409 (1 / 1 tries):
Mar 30 05:03:23 f0421499: 23.293832210218907393 FIL (11G free)
Mar 30 05:03:23 Escrow: 0.999645757255 FIL
Mar 30 05:03:23 Locked: 0.33249517244 FIL
Mar 30 05:03:23 Datacap: 3160693276672
Mar 30 05:03:23 ....
Mar 30 05:03:24 Count: 3 of 4
Mar 30 05:03:24 f08399 (1 / 1 tries):
Mar 30 05:03:25 f0421499: 23.293832210218907393 FIL (11G free)
Mar 30 05:03:26 Escrow: 0.999645757255 FIL
Mar 30 05:03:26 Locked: 0.33249517244 FIL
Mar 30 05:03:26 Datacap: 3160693276672
Mar 30 05:03:26 ....
Mar 30 05:03:28 Count: 3 of 4
Mar 30 05:03:28 f062353 (1 / 1 tries):
Mar 30 05:03:28 f0421499: 23.293832210218907393 FIL (11G free)
Mar 30 05:03:28 Escrow: 0.999645757255 FIL
Mar 30 05:03:28 Locked: 0.33249517244 FIL
Mar 30 05:03:29 Datacap: 3160693276672
Mar 30 05:03:29 ....
Mar 30 05:03:30 Count: 3 of 4
Mar 30 05:03:30 f021716 (1 / 1 tries):
Mar 30 05:03:31 f0421499: 23.293832210218907393 FIL (11G free)
Mar 30 05:03:31 Escrow: 0.999645757255 FIL
Mar 30 05:03:31 Locked: 0.33249517244 FIL
Mar 30 05:03:31 Datacap: 3160693276672
Mar 30 05:03:31 ....
Mar 30 05:03:32 Count: 3 of 4
Mar 30 05:03:32 f07998 (1 / 1 tries):
Mar 30 05:03:33 f0421499: 23.293832210218907393 FIL (11G free)
Mar 30 05:03:33 Escrow: 0.999645757255 FIL
Mar 30 05:03:33 Locked: 0.33249517244 FIL
Mar 30 05:03:34 Datacap: 3160693276672
Mar 30 05:03:34 ....
Mar 30 05:03:35 Count: 3 of 4
Mar 30 05:03:35 f01240 (1 / 1 tries):
Mar 30 05:03:36 f0421499: 23.293832210218907393 FIL (11G free)
Mar 30 05:03:36 Escrow: 0.999645757255 FIL
Mar 30 05:03:36 Locked: 0.33249517244 FIL
Mar 30 05:03:37 Datacap: 3160693276672
Mar 30 05:03:37 ....
Mar 30 05:03:38 Count: 3 of 4
Mar 30 05:03:38 f01247 (1 / 1 tries):
Mar 30 05:03:39 f0421499: 23.293832210218907393 FIL (11G free)
Mar 30 05:03:39 Escrow: 0.999645757255 FIL
Mar 30 05:03:39 Locked: 0.33249517244 FIL
Mar 30 05:03:39 Datacap: 3160693276672
Mar 30 05:03:40 ....
Mar 30 05:03:41 Count: 3 of 4
Mar 30 05:03:41 f01278 (1 / 1 tries):
Mar 30 05:03:41 f0421499: 23.293832210218907393 FIL (11G free)
Mar 30 05:03:42 Escrow: 0.999645757255 FIL
Mar 30 05:03:42 Locked: 0.33249517244 FIL
Mar 30 05:03:42 Datacap: 3160693276672
Mar 30 05:03:42 ....
Mar 30 05:03:43 Count: 3 of 4
Mar 30 05:03:43 f01277 (1 / 1 tries):
Mar 30 05:03:44 Skipping f01277: min-ask
Mar 30 05:03:44 
Mar 30 05:03:45 Count: 3 of 4
Mar 30 05:03:45 f022142 (1 / 1 tries):
Mar 30 05:03:45 f0421499: 23.293832210218907393 FIL (11G free)
Mar 30 05:03:45 Escrow: 0.999645757255 FIL
Mar 30 05:03:45 Locked: 0.33249517244 FIL
Mar 30 05:03:46 Datacap: 3160693276672
Mar 30 05:03:46 ....
