Mar 30 09:29:02 Count: 3 of 4
Mar 30 09:29:02 f021716 (1 / 1 tries):
Mar 30 09:29:02 f0421499: 23.293832210218907393 FIL (9.4G free)
Mar 30 09:29:02 Escrow: 0.999645757255 FIL
Mar 30 09:29:02 Locked: 0.33249517244 FIL
Mar 30 09:29:03 Datacap: 3160693276672
Mar 30 09:29:03 ....
Mar 30 09:29:04 Count: 3 of 4
Mar 30 09:29:04 f08403 (1 / 1 tries):
Mar 30 09:29:04 f0421499: 23.293832210218907393 FIL (9.3G free)
Mar 30 09:29:04 Escrow: 0.999645757255 FIL
Mar 30 09:29:04 Locked: 0.33249517244 FIL
Mar 30 09:29:05 Datacap: 3160693276672
Mar 30 09:29:05 ....
Mar 30 09:29:06 Count: 3 of 4
Mar 30 09:29:06 f01278 (1 / 1 tries):
Mar 30 09:29:07 f0421499: 23.293832210218907393 FIL (9.3G free)
Mar 30 09:29:07 Escrow: 0.999645757255 FIL
Mar 30 09:29:07 Locked: 0.33249517244 FIL
Mar 30 09:29:07 Datacap: 3160693276672
Mar 30 09:29:08 ....
Mar 30 09:29:09 Count: 3 of 4
Mar 30 09:29:09 f01240 (1 / 1 tries):
Mar 30 09:29:09 f0421499: 23.293832210218907393 FIL (9.3G free)
Mar 30 09:29:09 Escrow: 0.999645757255 FIL
Mar 30 09:29:09 Locked: 0.33249517244 FIL
Mar 30 09:29:10 Datacap: 3160693276672
Mar 30 09:29:10 ....
Mar 30 09:29:11 Count: 3 of 4
Mar 30 09:29:11 f022142 (1 / 1 tries):
Mar 30 09:29:11 f0421499: 23.293832210218907393 FIL (9.3G free)
Mar 30 09:29:12 Escrow: 0.999645757255 FIL
Mar 30 09:29:12 Locked: 0.33249517244 FIL
Mar 30 09:29:12 Datacap: 3160693276672
Mar 30 09:29:12 ....
Mar 30 09:29:13 Count: 3 of 4
Mar 30 09:29:13 f058369 (1 / 1 tries):
Mar 30 09:29:14 f0421499: 23.293832210218907393 FIL (9.3G free)
Mar 30 09:29:14 Escrow: 0.999645757255 FIL
Mar 30 09:29:14 Locked: 0.33249517244 FIL
Mar 30 09:29:15 Datacap: 3160693276672
Mar 30 09:29:15 ....
Mar 30 09:29:16 Count: 3 of 4
Mar 30 09:29:16 f0127896 (1 / 1 tries):
Mar 30 09:29:16 Skipping f0127896: min-ask
Mar 30 09:29:16 
Mar 30 09:29:17 Count: 3 of 4
Mar 30 09:29:17 f099608 (1 / 1 tries):
Mar 30 09:29:18 f0421499: 23.293832210218907393 FIL (9.3G free)
Mar 30 09:29:18 Escrow: 0.999645757255 FIL
Mar 30 09:29:18 Locked: 0.33249517244 FIL
Mar 30 09:29:19 Datacap: 3160693276672
Mar 30 09:29:19 ....
Mar 30 09:29:20 Count: 3 of 4
Mar 30 09:29:20 f014768 (1 / 1 tries):
Mar 30 09:29:21 f0421499: 23.293832210218907393 FIL (9.3G free)
Mar 30 09:29:21 Escrow: 0.999645757255 FIL
Mar 30 09:29:21 Locked: 0.33249517244 FIL
Mar 30 09:29:21 Datacap: 3160693276672
Mar 30 09:29:21 ....
Mar 30 09:29:22 Count: 3 of 4
Mar 30 09:29:22 f08399 (1 / 1 tries):
Mar 30 09:29:23 f0421499: 23.293832210218907393 FIL (9.3G free)
Mar 30 09:29:24 Escrow: 0.999645757255 FIL
Mar 30 09:29:24 Locked: 0.33249517244 FIL
Mar 30 09:29:24 Datacap: 3160693276672
Mar 30 09:29:24 ....
Mar 30 09:29:25 Count: 3 of 4
Mar 30 09:29:25 f010617 (1 / 1 tries):
Mar 30 09:29:26 f0421499: 23.293832210218907393 FIL (9.3G free)
Mar 30 09:29:26 Escrow: 0.999645757255 FIL
Mar 30 09:29:26 Locked: 0.33249517244 FIL
Mar 30 09:29:26 Datacap: 3160693276672
Mar 30 09:29:26 ....
Mar 30 09:29:27 Count: 3 of 4
Mar 30 09:29:27 f023467 (1 / 1 tries):
Mar 30 09:29:28 f0421499: 23.293832210218907393 FIL (9.3G free)
Mar 30 09:29:28 Escrow: 0.999645757255 FIL
Mar 30 09:29:28 Locked: 0.33249517244 FIL
Mar 30 09:29:28 Datacap: 3160693276672
Mar 30 09:29:28 ....
Mar 30 09:29:29 Count: 3 of 4
Mar 30 09:29:29 f01234 (1 / 1 tries):
Mar 30 09:29:30 f0421499: 23.293832210218907393 FIL (9.3G free)
Mar 30 09:29:30 Escrow: 0.999645757255 FIL
Mar 30 09:29:30 Locked: 0.33249517244 FIL
Mar 30 09:29:31 Datacap: 3160693276672
Mar 30 09:29:31 ....
Mar 30 09:29:32 Count: 3 of 4
Mar 30 09:29:32 f07998 (1 / 1 tries):
Mar 30 09:29:33 f0421499: 23.293832210218907393 FIL (9.3G free)
Mar 30 09:29:33 Escrow: 0.999645757255 FIL
Mar 30 09:29:33 Locked: 0.33249517244 FIL
Mar 30 09:29:33 Datacap: 3160693276672
Mar 30 09:29:33 ....
Mar 30 09:29:35 Count: 3 of 4
Mar 30 09:29:35 f071624 (1 / 1 tries):
Mar 30 09:29:36 f0421499: 23.293832210218907393 FIL (9.3G free)
Mar 30 09:29:36 Escrow: 0.999645757255 FIL
Mar 30 09:29:36 Locked: 0.33249517244 FIL
Mar 30 09:29:36 Datacap: 3160693276672
Mar 30 09:29:36 ....
Mar 30 09:29:37 Count: 3 of 4
Mar 30 09:29:37 f02606 (1 / 1 tries):
Mar 30 09:29:38 f0421499: 23.293832210218907393 FIL (9.3G free)
Mar 30 09:29:38 Escrow: 0.999645757255 FIL
Mar 30 09:29:38 Locked: 0.33249517244 FIL
Mar 30 09:29:39 Datacap: 3160693276672
Mar 30 09:29:39 ....
Mar 30 09:29:40 Count: 3 of 4
Mar 30 09:29:40 f0145874 (1 / 1 tries):
Mar 30 09:29:40 f0421499: 23.293832210218907393 FIL (9.3G free)
Mar 30 09:29:40 Escrow: 0.999645757255 FIL
Mar 30 09:29:40 Locked: 0.33249517244 FIL
Mar 30 09:29:40 Datacap: 3160693276672
Mar 30 09:29:41 ....
Mar 30 09:29:42 Count: 3 of 4
Mar 30 09:29:42 f022352 (1 / 1 tries):
Mar 30 09:29:43 f0421499: 23.293832210218907393 FIL (9.3G free)
Mar 30 09:29:43 Escrow: 0.999645757255 FIL
Mar 30 09:29:43 Locked: 0.33249517244 FIL
Mar 30 09:29:43 Datacap: 3160693276672
Mar 30 09:29:44 ....
Mar 30 09:29:45 Count: 3 of 4
Mar 30 09:29:45 f010479 (1 / 1 tries):
Mar 30 09:29:45 f0421499: 23.293832210218907393 FIL (9.3G free)
Mar 30 09:29:45 Escrow: 0.999645757255 FIL
Mar 30 09:29:45 Locked: 0.33249517244 FIL
Mar 30 09:29:46 Datacap: 3160693276672
Mar 30 09:29:46 ....
Mar 30 09:29:47 Count: 3 of 4
Mar 30 09:29:47 f022163 (1 / 1 tries):
Mar 30 09:29:47 f0421499: 23.293832210218907393 FIL (9.3G free)
Mar 30 09:29:47 Escrow: 0.999645757255 FIL
Mar 30 09:29:47 Locked: 0.33249517244 FIL
Mar 30 09:29:48 Datacap: 3160693276672
Mar 30 09:29:48 ....
Mar 30 09:29:49 Count: 3 of 4
Mar 30 09:29:49 f066596 (1 / 1 tries):
Mar 30 09:29:50 f0421499: 23.293832210218907393 FIL (9.3G free)
Mar 30 09:29:50 Escrow: 0.999645757255 FIL
Mar 30 09:29:50 Locked: 0.33249517244 FIL
Mar 30 09:29:50 Datacap: 3160693276672
Mar 30 09:29:50 ....
Mar 30 09:29:51 Count: 3 of 4
Mar 30 09:29:51 f019100 (1 / 1 tries):
Mar 30 09:29:52 Skipping f019100: error-ask
Mar 30 09:29:52 
Mar 30 09:29:53 Count: 3 of 4
Mar 30 09:29:53 f0157535 (1 / 1 tries):
Mar 30 09:29:53 f0421499: 23.293832210218907393 FIL (9.3G free)
Mar 30 09:29:53 Escrow: 0.999645757255 FIL
Mar 30 09:29:53 Locked: 0.33249517244 FIL
Mar 30 09:29:54 Datacap: 3160693276672
Mar 30 09:29:54 ....
Mar 30 09:29:55 Count: 3 of 4
Mar 30 09:29:55 f09848 (1 / 1 tries):
Mar 30 09:29:56 f0421499: 23.293832210218907393 FIL (9.3G free)
Mar 30 09:29:56 Escrow: 0.999645757255 FIL
Mar 30 09:29:56 Locked: 0.33249517244 FIL
Mar 30 09:29:56 Datacap: 3160693276672
Mar 30 09:29:56 ....
Mar 30 09:29:57 Count: 3 of 4
Mar 30 09:29:57 f019362 (1 / 1 tries):
Mar 30 09:29:58 f0421499: 23.293832210218907393 FIL (9.3G free)
Mar 30 09:29:58 Escrow: 0.999645757255 FIL
Mar 30 09:29:58 Locked: 0.33249517244 FIL
Mar 30 09:29:58 Datacap: 3160693276672
Mar 30 09:29:59 ....
Mar 30 09:30:00 Count: 3 of 4
Mar 30 09:30:00 f062353 (1 / 1 tries):
Mar 30 09:30:00 f0421499: 23.293832210218907393 FIL (9.3G free)
Mar 30 09:30:01 Escrow: 0.999645757255 FIL
Mar 30 09:30:01 Locked: 0.33249517244 FIL
Mar 30 09:30:01 Datacap: 3160693276672
Mar 30 09:30:01 ....
Mar 30 09:30:02 Count: 3 of 4
Mar 30 09:30:02 f01247 (1 / 1 tries):
Mar 30 09:30:03 f0421499: 23.293832210218907393 FIL (9.3G free)
Mar 30 09:30:03 Escrow: 0.999645757255 FIL
Mar 30 09:30:03 Locked: 0.33249517244 FIL
Mar 30 09:30:03 Datacap: 3160693276672
Mar 30 09:30:04 ....
Mar 30 09:30:05 Count: 3 of 4
Mar 30 09:30:05 f02576 (1 / 1 tries):
Mar 30 09:30:06 f0421499: 23.293832210218907393 FIL (9.3G free)
Mar 30 09:30:06 Escrow: 0.999645757255 FIL
Mar 30 09:30:06 Locked: 0.33249517244 FIL
Mar 30 09:30:06 Datacap: 3160693276672
Mar 30 09:30:06 ....
Mar 30 09:30:07 Count: 3 of 4
Mar 30 09:30:07 f023971 (1 / 1 tries):
Mar 30 09:30:08 f0421499: 23.293832210218907393 FIL (9.3G free)
Mar 30 09:30:08 Escrow: 0.999645757255 FIL
Mar 30 09:30:08 Locked: 0.33249517244 FIL
Mar 30 09:30:08 Datacap: 3160693276672
Mar 30 09:30:08 ....
Mar 30 09:30:10 Count: 3 of 4
Mar 30 09:30:10 f015927 (1 / 1 tries):
Mar 30 09:30:10 Skipping f015927: min-ask
Mar 30 09:30:10 
Mar 30 09:30:11 Count: 3 of 4
Mar 30 09:30:11 f01277 (1 / 1 tries):
Mar 30 09:30:12 Skipping f01277: min-ask
Mar 30 09:30:12 
Mar 30 09:30:13 Count: 3 of 4
Mar 30 09:30:13 f019551 (1 / 1 tries):
Mar 30 09:30:13 f0421499: 23.293832210218907393 FIL (9.3G free)
Mar 30 09:30:13 Escrow: 0.999645757255 FIL
Mar 30 09:30:13 Locked: 0.33249517244 FIL
Mar 30 09:30:14 Datacap: 3160693276672
Mar 30 09:30:14 ....
Mar 30 09:30:15 Count: 3 of 4
Mar 30 09:30:15 f0165400 (1 / 1 tries):
Mar 30 09:30:16 f0421499: 23.293832210218907393 FIL (9.3G free)
Mar 30 09:30:16 Escrow: 0.999645757255 FIL
Mar 30 09:30:16 Locked: 0.33249517244 FIL
Mar 30 09:30:16 Datacap: 3160693276672
Mar 30 09:30:16 ....
Mar 30 09:30:17 Count: 3 of 4
Mar 30 09:30:17 f014409 (1 / 1 tries):
Mar 30 09:30:18 f0421499: 23.293832210218907393 FIL (9.3G free)
Mar 30 09:30:19 Escrow: 0.999645757255 FIL
Mar 30 09:30:19 Locked: 0.33249517244 FIL
Mar 30 09:30:19 Datacap: 3160693276672
Mar 30 09:30:19 ....
Mar 30 09:30:20 Count: 3 of 4
Mar 30 09:30:20 f019104 (1 / 1 tries):
Mar 30 09:30:20 Skipping f019104: error-ask
Mar 30 09:30:20 
Mar 30 09:30:21 Count: 3 of 4
Mar 30 09:30:21 f019041 (1 / 1 tries):
Mar 30 09:30:22 f0421499: 23.293832210218907393 FIL (9.3G free)
Mar 30 09:30:22 Escrow: 0.999645757255 FIL
Mar 30 09:30:22 Locked: 0.33249517244 FIL
Mar 30 09:30:23 Datacap: 3160693276672
Mar 30 09:30:23 ....
