Mar 30 15:54:19 Count: 3 of 4
Mar 30 15:54:19 f023971 (1 / 1 tries):
Mar 30 15:54:19 f0421499: 23.293832210218907393 FIL (8.2G free)
Mar 30 15:54:19 Escrow: 0.999645757255 FIL
Mar 30 15:54:19 Locked: 0.33249517244 FIL
Mar 30 15:54:20 Datacap: 3160693276672
Mar 30 15:54:20 ....
Mar 30 15:54:21 Count: 3 of 4
Mar 30 15:54:21 f058369 (1 / 1 tries):
Mar 30 15:54:22 f0421499: 23.293832210218907393 FIL (8.2G free)
Mar 30 15:54:22 Escrow: 0.999645757255 FIL
Mar 30 15:54:22 Locked: 0.33249517244 FIL
Mar 30 15:54:23 Datacap: 3160693276672
Mar 30 15:54:23 ....
Mar 30 15:54:24 Count: 3 of 4
Mar 30 15:54:24 f02576 (1 / 1 tries):
Mar 30 15:54:25 f0421499: 23.293832210218907393 FIL (8.2G free)
Mar 30 15:54:25 Escrow: 0.999645757255 FIL
Mar 30 15:54:25 Locked: 0.33249517244 FIL
Mar 30 15:54:25 Datacap: 3160693276672
Mar 30 15:54:26 ....
Mar 30 15:54:27 Count: 3 of 4
Mar 30 15:54:27 f010479 (1 / 1 tries):
Mar 30 15:54:27 f0421499: 23.293832210218907393 FIL (8.2G free)
Mar 30 15:54:27 Escrow: 0.999645757255 FIL
Mar 30 15:54:27 Locked: 0.33249517244 FIL
Mar 30 15:54:28 Datacap: 3160693276672
Mar 30 15:54:28 ....
Mar 30 15:54:29 Count: 3 of 4
Mar 30 15:54:29 f019362 (1 / 1 tries):
Mar 30 15:54:30 f0421499: 23.293832210218907393 FIL (8.2G free)
Mar 30 15:54:30 Escrow: 0.999645757255 FIL
Mar 30 15:54:30 Locked: 0.33249517244 FIL
Mar 30 15:54:30 Datacap: 3160693276672
Mar 30 15:54:31 ....
Mar 30 15:54:32 Count: 3 of 4
Mar 30 15:54:32 f014409 (1 / 1 tries):
Mar 30 15:54:32 f0421499: 23.293832210218907393 FIL (8.2G free)
Mar 30 15:54:32 Escrow: 0.999645757255 FIL
Mar 30 15:54:32 Locked: 0.33249517244 FIL
Mar 30 15:54:33 Datacap: 3160693276672
Mar 30 15:54:33 ....
Mar 30 15:54:34 Count: 3 of 4
Mar 30 15:54:34 f01240 (1 / 1 tries):
Mar 30 15:54:34 f0421499: 23.293832210218907393 FIL (8.2G free)
Mar 30 15:54:35 Escrow: 0.999645757255 FIL
Mar 30 15:54:35 Locked: 0.33249517244 FIL
Mar 30 15:54:35 Datacap: 3160693276672
Mar 30 15:54:35 ....
Mar 30 15:54:36 Count: 3 of 4
Mar 30 15:54:36 f019104 (1 / 1 tries):
Mar 30 15:54:36 Skipping f019104: error-ask
Mar 30 15:54:36 
Mar 30 15:54:37 Count: 3 of 4
Mar 30 15:54:37 f014768 (1 / 1 tries):
Mar 30 15:54:38 f0421499: 23.293832210218907393 FIL (8.2G free)
Mar 30 15:54:38 Escrow: 0.999645757255 FIL
Mar 30 15:54:38 Locked: 0.33249517244 FIL
Mar 30 15:54:39 Datacap: 3160693276672
Mar 30 15:54:39 ....
Mar 30 15:54:40 Count: 3 of 4
Mar 30 15:54:40 f01234 (1 / 1 tries):
Mar 30 15:54:41 f0421499: 23.293832210218907393 FIL (8.2G free)
Mar 30 15:54:41 Escrow: 0.999645757255 FIL
Mar 30 15:54:41 Locked: 0.33249517244 FIL
Mar 30 15:54:41 Datacap: 3160693276672
Mar 30 15:54:41 ....
Mar 30 15:54:42 Count: 3 of 4
Mar 30 15:54:42 f019100 (1 / 1 tries):
Mar 30 15:54:42 Skipping f019100: error-ask
Mar 30 15:54:42 
Mar 30 15:54:44 Count: 3 of 4
Mar 30 15:54:44 f01277 (1 / 1 tries):
Mar 30 15:54:44 Skipping f01277: min-ask
Mar 30 15:54:44 
Mar 30 15:54:45 Count: 3 of 4
Mar 30 15:54:45 f099608 (1 / 1 tries):
Mar 30 15:54:46 f0421499: 23.293832210218907393 FIL (8.2G free)
Mar 30 15:54:46 Escrow: 0.999645757255 FIL
Mar 30 15:54:46 Locked: 0.33249517244 FIL
Mar 30 15:54:46 Datacap: 3160693276672
Mar 30 15:54:46 ....
Mar 30 15:54:47 Count: 3 of 4
Mar 30 15:54:47 f022352 (1 / 1 tries):
Mar 30 15:54:48 f0421499: 23.293832210218907393 FIL (8.2G free)
Mar 30 15:54:48 Escrow: 0.999645757255 FIL
Mar 30 15:54:48 Locked: 0.33249517244 FIL
Mar 30 15:54:48 Datacap: 3160693276672
Mar 30 15:54:48 ....
Mar 30 15:54:50 Count: 3 of 4
Mar 30 15:54:50 f066596 (1 / 1 tries):
Mar 30 15:54:50 f0421499: 23.293832210218907393 FIL (8.2G free)
Mar 30 15:54:51 Escrow: 0.999645757255 FIL
Mar 30 15:54:51 Locked: 0.33249517244 FIL
Mar 30 15:54:51 Datacap: 3160693276672
Mar 30 15:54:52 ....
Mar 30 15:54:53 Count: 3 of 4
Mar 30 15:54:53 f0145874 (1 / 1 tries):
Mar 30 15:54:53 f0421499: 23.293832210218907393 FIL (8.2G free)
Mar 30 15:54:53 Escrow: 0.999645757255 FIL
Mar 30 15:54:53 Locked: 0.33249517244 FIL
Mar 30 15:54:54 Datacap: 3160693276672
Mar 30 15:54:54 ....
Mar 30 15:54:55 Count: 3 of 4
Mar 30 15:54:55 f08403 (1 / 1 tries):
Mar 30 15:54:56 f0421499: 23.293832210218907393 FIL (8.2G free)
Mar 30 15:54:56 Escrow: 0.999645757255 FIL
Mar 30 15:54:56 Locked: 0.33249517244 FIL
Mar 30 15:54:56 Datacap: 3160693276672
Mar 30 15:54:57 ....
Mar 30 15:54:58 Count: 3 of 4
Mar 30 15:54:58 f019041 (1 / 1 tries):
Mar 30 15:54:58 f0421499: 23.293832210218907393 FIL (8.2G free)
Mar 30 15:54:59 Escrow: 0.999645757255 FIL
Mar 30 15:54:59 Locked: 0.33249517244 FIL
Mar 30 15:54:59 Datacap: 3160693276672
Mar 30 15:54:59 ....
Mar 30 15:55:00 Count: 3 of 4
Mar 30 15:55:00 f02606 (1 / 1 tries):
Mar 30 15:55:01 f0421499: 23.293832210218907393 FIL (8.2G free)
Mar 30 15:55:01 Escrow: 0.999645757255 FIL
Mar 30 15:55:01 Locked: 0.33249517244 FIL
Mar 30 15:55:01 Datacap: 3160693276672
Mar 30 15:55:01 ....
Mar 30 15:55:02 Count: 3 of 4
Mar 30 15:55:02 f015927 (1 / 1 tries):
Mar 30 15:55:03 Skipping f015927: min-ask
Mar 30 15:55:03 
Mar 30 15:55:04 Count: 3 of 4
Mar 30 15:55:04 f022142 (1 / 1 tries):
Mar 30 15:55:05 f0421499: 23.293832210218907393 FIL (8.2G free)
Mar 30 15:55:05 Escrow: 0.999645757255 FIL
Mar 30 15:55:05 Locked: 0.33249517244 FIL
Mar 30 15:55:05 Datacap: 3160693276672
Mar 30 15:55:05 ....
Mar 30 15:55:06 Count: 3 of 4
Mar 30 15:55:06 f022163 (1 / 1 tries):
Mar 30 15:55:07 f0421499: 23.293832210218907393 FIL (8.2G free)
Mar 30 15:55:07 Escrow: 0.999645757255 FIL
Mar 30 15:55:07 Locked: 0.33249517244 FIL
Mar 30 15:55:07 Datacap: 3160693276672
Mar 30 15:55:07 ....
Mar 30 15:55:08 Count: 3 of 4
Mar 30 15:55:08 f0165400 (1 / 1 tries):
Mar 30 15:55:09 f0421499: 23.293832210218907393 FIL (8.2G free)
Mar 30 15:55:10 Escrow: 0.999645757255 FIL
Mar 30 15:55:10 Locked: 0.33249517244 FIL
Mar 30 15:55:10 Datacap: 3160693276672
Mar 30 15:55:10 ....
Mar 30 15:55:11 Count: 3 of 4
Mar 30 15:55:11 f01278 (1 / 1 tries):
Mar 30 15:55:12 f0421499: 23.293832210218907393 FIL (8.2G free)
Mar 30 15:55:12 Escrow: 0.999645757255 FIL
Mar 30 15:55:12 Locked: 0.33249517244 FIL
Mar 30 15:55:12 Datacap: 3160693276672
Mar 30 15:55:12 ....
Mar 30 15:55:13 Count: 3 of 4
Mar 30 15:55:13 f07998 (1 / 1 tries):
Mar 30 15:55:14 f0421499: 23.293832210218907393 FIL (8.2G free)
Mar 30 15:55:14 Escrow: 0.999645757255 FIL
Mar 30 15:55:14 Locked: 0.33249517244 FIL
Mar 30 15:55:14 Datacap: 3160693276672
Mar 30 15:55:15 ....
Mar 30 15:55:16 Count: 3 of 4
Mar 30 15:55:16 f062353 (1 / 1 tries):
Mar 30 15:55:16 f0421499: 23.293832210218907393 FIL (8.2G free)
Mar 30 15:55:16 Escrow: 0.999645757255 FIL
Mar 30 15:55:16 Locked: 0.33249517244 FIL
Mar 30 15:55:17 Datacap: 3160693276672
Mar 30 15:55:17 ....
Mar 30 15:55:18 Count: 3 of 4
Mar 30 15:55:18 f023467 (1 / 1 tries):
Mar 30 15:55:18 f0421499: 23.293832210218907393 FIL (8.2G free)
Mar 30 15:55:18 Escrow: 0.999645757255 FIL
Mar 30 15:55:18 Locked: 0.33249517244 FIL
Mar 30 15:55:18 Datacap: 3160693276672
Mar 30 15:55:19 ....
Mar 30 15:55:20 Count: 3 of 4
Mar 30 15:55:20 f0157535 (1 / 1 tries):
Mar 30 15:55:21 f0421499: 23.293832210218907393 FIL (8.2G free)
Mar 30 15:55:21 Escrow: 0.999645757255 FIL
Mar 30 15:55:21 Locked: 0.33249517244 FIL
Mar 30 15:55:21 Datacap: 3160693276672
Mar 30 15:55:21 ....
Mar 30 15:55:22 Count: 3 of 4
Mar 30 15:55:22 f0127896 (1 / 1 tries):
Mar 30 15:55:23 Skipping f0127896: min-ask
Mar 30 15:55:23 
Mar 30 15:55:24 Count: 3 of 4
Mar 30 15:55:24 f071624 (1 / 1 tries):
Mar 30 15:55:24 f0421499: 23.293832210218907393 FIL (8.2G free)
Mar 30 15:55:25 Escrow: 0.999645757255 FIL
Mar 30 15:55:25 Locked: 0.33249517244 FIL
Mar 30 15:55:25 Datacap: 3160693276672
Mar 30 15:55:26 ....
Mar 30 15:55:27 Count: 3 of 4
Mar 30 15:55:27 f019551 (1 / 1 tries):
Mar 30 15:55:28 f0421499: 23.293832210218907393 FIL (8.2G free)
Mar 30 15:55:28 Escrow: 0.999645757255 FIL
Mar 30 15:55:28 Locked: 0.33249517244 FIL
Mar 30 15:55:28 Datacap: 3160693276672
Mar 30 15:55:28 ....
Mar 30 15:55:29 Count: 3 of 4
Mar 30 15:55:29 f021716 (1 / 1 tries):
Mar 30 15:55:30 f0421499: 23.293832210218907393 FIL (8.2G free)
Mar 30 15:55:30 Escrow: 0.999645757255 FIL
Mar 30 15:55:30 Locked: 0.33249517244 FIL
Mar 30 15:55:30 Datacap: 3160693276672
Mar 30 15:55:30 ....
Mar 30 15:55:31 Count: 3 of 4
Mar 30 15:55:31 f08399 (1 / 1 tries):
Mar 30 15:55:32 f0421499: 23.293832210218907393 FIL (8.2G free)
Mar 30 15:55:32 Escrow: 0.999645757255 FIL
Mar 30 15:55:32 Locked: 0.33249517244 FIL
Mar 30 15:55:33 Datacap: 3160693276672
Mar 30 15:55:33 ....
Mar 30 15:55:34 Count: 3 of 4
Mar 30 15:55:34 f09848 (1 / 1 tries):
Mar 30 15:55:35 f0421499: 23.293832210218907393 FIL (8.2G free)
Mar 30 15:55:35 Escrow: 0.999645757255 FIL
Mar 30 15:55:35 Locked: 0.33249517244 FIL
Mar 30 15:55:35 Datacap: 3160693276672
Mar 30 15:55:35 ....
Mar 30 15:55:36 Count: 3 of 4
Mar 30 15:55:36 f010617 (1 / 1 tries):
Mar 30 15:55:37 f0421499: 23.293832210218907393 FIL (8.2G free)
Mar 30 15:55:37 Escrow: 0.999645757255 FIL
Mar 30 15:55:37 Locked: 0.33249517244 FIL
Mar 30 15:55:37 Datacap: 3160693276672
Mar 30 15:55:37 ....
Mar 30 15:55:38 Count: 3 of 4
Mar 30 15:55:38 f01247 (1 / 1 tries):
Mar 30 15:55:39 f0421499: 23.293832210218907393 FIL (8.2G free)
Mar 30 15:55:39 Escrow: 0.999645757255 FIL
Mar 30 15:55:39 Locked: 0.33249517244 FIL
Mar 30 15:55:39 Datacap: 3160693276672
Mar 30 15:55:39 ....
