Mar 30 04:24:54 Count: 3 of 4
Mar 30 04:24:54 f01278 (1 / 1 tries):
Mar 30 04:24:54 f0421499: 23.293832210218907393 FIL (11G free)
Mar 30 04:24:55 Escrow: 0.999645757255 FIL
Mar 30 04:24:55 Locked: 0.33249517244 FIL
Mar 30 04:24:55 Datacap: 3160693276672
Mar 30 04:24:55 ....
Mar 30 04:24:56 Count: 3 of 4
Mar 30 04:24:56 f062353 (1 / 1 tries):
Mar 30 04:24:56 f0421499: 23.293832210218907393 FIL (11G free)
Mar 30 04:24:56 Escrow: 0.999645757255 FIL
Mar 30 04:24:56 Locked: 0.33249517244 FIL
Mar 30 04:24:57 Datacap: 3160693276672
Mar 30 04:24:57 ....
Mar 30 04:24:58 Count: 3 of 4
Mar 30 04:24:58 f02576 (1 / 1 tries):
Mar 30 04:24:58 f0421499: 23.293832210218907393 FIL (11G free)
Mar 30 04:24:58 Escrow: 0.999645757255 FIL
Mar 30 04:24:58 Locked: 0.33249517244 FIL
Mar 30 04:24:58 Datacap: 3160693276672
Mar 30 04:24:58 ....
Mar 30 04:24:59 Count: 3 of 4
Mar 30 04:24:59 f023971 (1 / 1 tries):
Mar 30 04:25:00 f0421499: 23.293832210218907393 FIL (11G free)
Mar 30 04:25:00 Escrow: 0.999645757255 FIL
Mar 30 04:25:00 Locked: 0.33249517244 FIL
Mar 30 04:25:00 Datacap: 3160693276672
Mar 30 04:25:00 ....
Mar 30 04:25:01 Count: 3 of 4
Mar 30 04:25:01 f019041 (1 / 1 tries):
Mar 30 04:25:01 f0421499: 23.293832210218907393 FIL (11G free)
Mar 30 04:25:02 Escrow: 0.999645757255 FIL
Mar 30 04:25:02 Locked: 0.33249517244 FIL
Mar 30 04:25:02 Datacap: 3160693276672
Mar 30 04:25:02 ....
Mar 30 04:25:03 Count: 3 of 4
Mar 30 04:25:03 f023467 (1 / 1 tries):
Mar 30 04:25:03 f0421499: 23.293832210218907393 FIL (11G free)
Mar 30 04:25:03 Escrow: 0.999645757255 FIL
Mar 30 04:25:03 Locked: 0.33249517244 FIL
Mar 30 04:25:04 Datacap: 3160693276672
Mar 30 04:25:04 ....
Mar 30 04:25:05 Count: 3 of 4
Mar 30 04:25:05 f02606 (1 / 1 tries):
Mar 30 04:25:05 f0421499: 23.293832210218907393 FIL (11G free)
Mar 30 04:25:05 Escrow: 0.999645757255 FIL
Mar 30 04:25:05 Locked: 0.33249517244 FIL
Mar 30 04:25:05 Datacap: 3160693276672
Mar 30 04:25:05 ....
Mar 30 04:25:06 Count: 3 of 4
Mar 30 04:25:06 f010479 (1 / 1 tries):
Mar 30 04:25:07 f0421499: 23.293832210218907393 FIL (11G free)
Mar 30 04:25:07 Escrow: 0.999645757255 FIL
Mar 30 04:25:07 Locked: 0.33249517244 FIL
Mar 30 04:25:07 Datacap: 3160693276672
Mar 30 04:25:07 ....
Mar 30 04:25:08 Count: 3 of 4
Mar 30 04:25:08 f01247 (1 / 1 tries):
Mar 30 04:25:09 f0421499: 23.293832210218907393 FIL (11G free)
Mar 30 04:25:09 Escrow: 0.999645757255 FIL
Mar 30 04:25:09 Locked: 0.33249517244 FIL
Mar 30 04:25:09 Datacap: 3160693276672
Mar 30 04:25:09 ....
Mar 30 04:25:10 Count: 3 of 4
Mar 30 04:25:10 f019362 (1 / 1 tries):
Mar 30 04:25:11 f0421499: 23.293832210218907393 FIL (11G free)
Mar 30 04:25:11 Escrow: 0.999645757255 FIL
Mar 30 04:25:11 Locked: 0.33249517244 FIL
Mar 30 04:25:11 Datacap: 3160693276672
Mar 30 04:25:11 ....
Mar 30 04:25:12 Count: 3 of 4
Mar 30 04:25:12 f01240 (1 / 1 tries):
Mar 30 04:25:12 f0421499: 23.293832210218907393 FIL (11G free)
Mar 30 04:25:12 Escrow: 0.999645757255 FIL
Mar 30 04:25:12 Locked: 0.33249517244 FIL
Mar 30 04:25:13 Datacap: 3160693276672
Mar 30 04:25:13 ....
Mar 30 04:25:14 Count: 3 of 4
Mar 30 04:25:14 f019104 (1 / 1 tries):
Mar 30 04:25:14 Skipping f019104: error-ask
Mar 30 04:25:14 
Mar 30 04:25:15 Count: 3 of 4
Mar 30 04:25:15 f099608 (1 / 1 tries):
Mar 30 04:25:15 f0421499: 23.293832210218907393 FIL (11G free)
Mar 30 04:25:15 Escrow: 0.999645757255 FIL
Mar 30 04:25:15 Locked: 0.33249517244 FIL
Mar 30 04:25:16 Datacap: 3160693276672
Mar 30 04:25:16 ....
Mar 30 04:25:17 Count: 3 of 4
Mar 30 04:25:17 f022142 (1 / 1 tries):
Mar 30 04:25:17 f0421499: 23.293832210218907393 FIL (11G free)
Mar 30 04:25:17 Escrow: 0.999645757255 FIL
Mar 30 04:25:17 Locked: 0.33249517244 FIL
Mar 30 04:25:17 Datacap: 3160693276672
Mar 30 04:25:18 ....
Mar 30 04:25:19 Count: 3 of 4
Mar 30 04:25:19 f01277 (1 / 1 tries):
Mar 30 04:25:19 Skipping f01277: min-ask
Mar 30 04:25:19 
Mar 30 04:25:20 Count: 3 of 4
Mar 30 04:25:20 f015927 (1 / 1 tries):
Mar 30 04:25:20 Skipping f015927: min-ask
Mar 30 04:25:20 
Mar 30 04:25:21 Count: 3 of 4
Mar 30 04:25:21 f058369 (1 / 1 tries):
Mar 30 04:25:22 f0421499: 23.293832210218907393 FIL (11G free)
Mar 30 04:25:22 Escrow: 0.999645757255 FIL
Mar 30 04:25:22 Locked: 0.33249517244 FIL
Mar 30 04:25:22 Datacap: 3160693276672
Mar 30 04:25:22 ....
Mar 30 04:25:23 Count: 3 of 4
Mar 30 04:25:23 f09848 (1 / 1 tries):
Mar 30 04:25:23 f0421499: 23.293832210218907393 FIL (11G free)
Mar 30 04:25:23 Escrow: 0.999645757255 FIL
Mar 30 04:25:23 Locked: 0.33249517244 FIL
Mar 30 04:25:24 Datacap: 3160693276672
Mar 30 04:25:24 ....
Mar 30 04:25:25 Count: 3 of 4
Mar 30 04:25:25 f0127896 (1 / 1 tries):
Mar 30 04:25:25 Skipping f0127896: min-ask
Mar 30 04:25:25 
Mar 30 04:25:26 Count: 3 of 4
Mar 30 04:25:26 f014409 (1 / 1 tries):
Mar 30 04:25:26 f0421499: 23.293832210218907393 FIL (11G free)
Mar 30 04:25:27 Escrow: 0.999645757255 FIL
Mar 30 04:25:27 Locked: 0.33249517244 FIL
Mar 30 04:25:27 Datacap: 3160693276672
Mar 30 04:25:27 ....
Mar 30 04:25:28 Count: 3 of 4
Mar 30 04:25:28 f01234 (1 / 1 tries):
Mar 30 04:25:28 f0421499: 23.293832210218907393 FIL (11G free)
Mar 30 04:25:28 Escrow: 0.999645757255 FIL
Mar 30 04:25:28 Locked: 0.33249517244 FIL
Mar 30 04:25:29 Datacap: 3160693276672
Mar 30 04:25:29 ....
Mar 30 04:25:30 Count: 3 of 4
Mar 30 04:25:30 f071624 (1 / 1 tries):
Mar 30 04:25:30 f0421499: 23.293832210218907393 FIL (11G free)
Mar 30 04:25:30 Escrow: 0.999645757255 FIL
Mar 30 04:25:30 Locked: 0.33249517244 FIL
Mar 30 04:25:30 Datacap: 3160693276672
Mar 30 04:25:30 ....
Mar 30 04:25:31 Count: 3 of 4
Mar 30 04:25:31 f019551 (1 / 1 tries):
Mar 30 04:25:32 f0421499: 23.293832210218907393 FIL (11G free)
Mar 30 04:25:32 Escrow: 0.999645757255 FIL
Mar 30 04:25:32 Locked: 0.33249517244 FIL
Mar 30 04:25:32 Datacap: 3160693276672
Mar 30 04:25:32 ....
Mar 30 04:25:33 Count: 3 of 4
Mar 30 04:25:33 f010617 (1 / 1 tries):
Mar 30 04:25:34 f0421499: 23.293832210218907393 FIL (11G free)
Mar 30 04:25:34 Escrow: 0.999645757255 FIL
Mar 30 04:25:34 Locked: 0.33249517244 FIL
Mar 30 04:25:34 Datacap: 3160693276672
Mar 30 04:25:34 ....
Mar 30 04:25:35 Count: 3 of 4
Mar 30 04:25:35 f08403 (1 / 1 tries):
Mar 30 04:25:35 f0421499: 23.293832210218907393 FIL (11G free)
Mar 30 04:25:36 Escrow: 0.999645757255 FIL
Mar 30 04:25:36 Locked: 0.33249517244 FIL
Mar 30 04:25:36 Datacap: 3160693276672
Mar 30 04:25:36 ....
Mar 30 04:25:37 Count: 3 of 4
Mar 30 04:25:37 f066596 (1 / 1 tries):
Mar 30 04:25:37 f0421499: 23.293832210218907393 FIL (11G free)
Mar 30 04:25:37 Escrow: 0.999645757255 FIL
Mar 30 04:25:37 Locked: 0.33249517244 FIL
Mar 30 04:25:38 Datacap: 3160693276672
Mar 30 04:25:38 ....
Mar 30 04:25:39 Count: 3 of 4
Mar 30 04:25:39 f0157535 (1 / 1 tries):
Mar 30 04:25:39 f0421499: 23.293832210218907393 FIL (11G free)
Mar 30 04:25:39 Escrow: 0.999645757255 FIL
Mar 30 04:25:39 Locked: 0.33249517244 FIL
Mar 30 04:25:39 Datacap: 3160693276672
Mar 30 04:25:39 ....
Mar 30 04:25:40 Count: 3 of 4
Mar 30 04:25:40 f021716 (1 / 1 tries):
Mar 30 04:25:41 f0421499: 23.293832210218907393 FIL (11G free)
Mar 30 04:25:41 Escrow: 0.999645757255 FIL
Mar 30 04:25:41 Locked: 0.33249517244 FIL
Mar 30 04:25:41 Datacap: 3160693276672
Mar 30 04:25:41 ....
Mar 30 04:25:42 Count: 3 of 4
Mar 30 04:25:42 f0165400 (1 / 1 tries):
Mar 30 04:25:43 f0421499: 23.293832210218907393 FIL (11G free)
Mar 30 04:25:43 Escrow: 0.999645757255 FIL
Mar 30 04:25:43 Locked: 0.33249517244 FIL
Mar 30 04:25:43 Datacap: 3160693276672
Mar 30 04:25:43 ....
Mar 30 04:25:44 Count: 3 of 4
Mar 30 04:25:44 f07998 (1 / 1 tries):
Mar 30 04:25:45 f0421499: 23.293832210218907393 FIL (11G free)
Mar 30 04:25:45 Escrow: 0.999645757255 FIL
Mar 30 04:25:45 Locked: 0.33249517244 FIL
Mar 30 04:25:45 Datacap: 3160693276672
Mar 30 04:25:45 ....
Mar 30 04:25:46 Count: 3 of 4
Mar 30 04:25:46 f08399 (1 / 1 tries):
Mar 30 04:25:46 f0421499: 23.293832210218907393 FIL (11G free)
Mar 30 04:25:47 Escrow: 0.999645757255 FIL
Mar 30 04:25:47 Locked: 0.33249517244 FIL
Mar 30 04:25:47 Datacap: 3160693276672
Mar 30 04:25:47 ....
Mar 30 04:25:48 Count: 3 of 4
Mar 30 04:25:48 f022163 (1 / 1 tries):
Mar 30 04:25:48 f0421499: 23.293832210218907393 FIL (11G free)
Mar 30 04:25:48 Escrow: 0.999645757255 FIL
Mar 30 04:25:48 Locked: 0.33249517244 FIL
Mar 30 04:25:49 Datacap: 3160693276672
Mar 30 04:25:49 ....
Mar 30 04:25:50 Count: 3 of 4
Mar 30 04:25:50 f0145874 (1 / 1 tries):
Mar 30 04:25:50 f0421499: 23.293832210218907393 FIL (11G free)
Mar 30 04:25:50 Escrow: 0.999645757255 FIL
Mar 30 04:25:50 Locked: 0.33249517244 FIL
Mar 30 04:25:50 Datacap: 3160693276672
Mar 30 04:25:50 ....
Mar 30 04:25:51 Count: 3 of 4
Mar 30 04:25:51 f019100 (1 / 1 tries):
Mar 30 04:25:52 Skipping f019100: error-ask
Mar 30 04:25:52 
Mar 30 04:25:53 Count: 3 of 4
Mar 30 04:25:53 f022352 (1 / 1 tries):
Mar 30 04:25:53 f0421499: 23.293832210218907393 FIL (11G free)
Mar 30 04:25:53 Escrow: 0.999645757255 FIL
Mar 30 04:25:53 Locked: 0.33249517244 FIL
Mar 30 04:25:53 Datacap: 3160693276672
Mar 30 04:25:53 ....
Mar 30 04:25:54 Count: 3 of 4
Mar 30 04:25:54 f014768 (1 / 1 tries):
Mar 30 04:25:55 f0421499: 23.293832210218907393 FIL (11G free)
Mar 30 04:25:55 Escrow: 0.999645757255 FIL
Mar 30 04:25:55 Locked: 0.33249517244 FIL
Mar 30 04:25:55 Datacap: 3160693276672
Mar 30 04:25:55 ....
