Mar 29 22:32:17 Count: 3 of 4
Mar 29 22:32:17 f071624 (1 / 1 tries):
Mar 29 22:32:17 f0421499: 23.312892448539058353 FIL (94G free)
Mar 29 22:32:18 Escrow: 0.999999997255 FIL
Mar 29 22:32:18 Locked: 0.33251649052 FIL
Mar 29 22:32:18 Datacap: 4088406212608
Mar 29 22:32:18 ....
Mar 29 22:32:19 Count: 3 of 4
Mar 29 22:32:19 f0157535 (1 / 1 tries):
Mar 29 22:32:19 f0421499: 23.312892448539058353 FIL (94G free)
Mar 29 22:32:19 Escrow: 0.999999997255 FIL
Mar 29 22:32:19 Locked: 0.33251649052 FIL
Mar 29 22:32:20 Datacap: 4088406212608
Mar 29 22:32:20 ....
Mar 29 22:32:21 Count: 3 of 4
Mar 29 22:32:21 f07998 (1 / 1 tries):
Mar 29 22:32:21 f0421499: 23.312892448539058353 FIL (94G free)
Mar 29 22:32:21 Escrow: 0.999999997255 FIL
Mar 29 22:32:21 Locked: 0.33251649052 FIL
Mar 29 22:32:21 Datacap: 4088406212608
Mar 29 22:32:21 ....
Mar 29 22:32:22 Count: 3 of 4
Mar 29 22:32:22 f019551 (1 / 1 tries):
Mar 29 22:32:23 f0421499: 23.312892448539058353 FIL (94G free)
Mar 29 22:32:23 Escrow: 0.999999997255 FIL
Mar 29 22:32:23 Locked: 0.33251649052 FIL
Mar 29 22:32:23 Datacap: 4088406212608
Mar 29 22:32:23 ....
Mar 29 22:32:24 Count: 3 of 4
Mar 29 22:32:24 f058369 (1 / 1 tries):
Mar 29 22:32:24 f0421499: 23.312892448539058353 FIL (94G free)
Mar 29 22:32:25 Escrow: 0.999999997255 FIL
Mar 29 22:32:25 Locked: 0.33251649052 FIL
Mar 29 22:32:25 Datacap: 4088406212608
Mar 29 22:32:25 ....
Mar 29 22:32:26 Count: 3 of 4
Mar 29 22:32:26 f066596 (1 / 1 tries):
Mar 29 22:32:26 f0421499: 23.312892448539058353 FIL (94G free)
Mar 29 22:32:26 Escrow: 0.999999997255 FIL
Mar 29 22:32:26 Locked: 0.33251649052 FIL
Mar 29 22:32:27 Datacap: 4088406212608
Mar 29 22:32:27 ....
Mar 29 22:32:28 Count: 3 of 4
Mar 29 22:32:28 f014409 (1 / 1 tries):
Mar 29 22:32:28 f0421499: 23.312892448539058353 FIL (94G free)
Mar 29 22:32:28 Escrow: 0.999999997255 FIL
Mar 29 22:32:28 Locked: 0.33251649052 FIL
Mar 29 22:32:28 Datacap: 4088406212608
Mar 29 22:32:29 ....
Mar 29 22:32:30 Count: 3 of 4
Mar 29 22:32:30 f02576 (1 / 1 tries):
Mar 29 22:32:30 f0421499: 23.312892448539058353 FIL (94G free)
Mar 29 22:32:30 Escrow: 0.999999997255 FIL
Mar 29 22:32:30 Locked: 0.33251649052 FIL
Mar 29 22:32:31 Datacap: 4054046474240
Mar 29 22:32:31 ....
Mar 29 22:32:32 Count: 3 of 4
Mar 29 22:32:32 f019100 (1 / 1 tries):
Mar 29 22:32:32 Skipping f019100: error-ask
Mar 29 22:32:32 
Mar 29 22:32:33 Count: 3 of 4
Mar 29 22:32:33 f01278 (1 / 1 tries):
Mar 29 22:32:33 f0421499: 23.312892448539058353 FIL (94G free)
Mar 29 22:32:33 Escrow: 0.999999997255 FIL
Mar 29 22:32:33 Locked: 0.33251649052 FIL
Mar 29 22:32:34 Datacap: 4054046474240
Mar 29 22:32:34 ....
Mar 29 22:32:35 Count: 3 of 4
Mar 29 22:32:35 f014768 (1 / 1 tries):
Mar 29 22:32:35 f0421499: 23.312892448539058353 FIL (94G free)
Mar 29 22:32:35 Escrow: 0.999999997255 FIL
Mar 29 22:32:35 Locked: 0.33251649052 FIL
Mar 29 22:32:35 Datacap: 4054046474240
Mar 29 22:32:35 ....
Mar 29 22:32:36 Count: 3 of 4
Mar 29 22:32:36 f01277 (1 / 1 tries):
Mar 29 22:32:37 Skipping f01277: min-ask
Mar 29 22:32:37 
Mar 29 22:32:38 Count: 3 of 4
Mar 29 22:32:38 f022352 (1 / 1 tries):
Mar 29 22:32:38 f0421499: 23.312892448539058353 FIL (94G free)
Mar 29 22:32:38 Escrow: 0.999999997255 FIL
Mar 29 22:32:38 Locked: 0.33251649052 FIL
Mar 29 22:32:38 Datacap: 4054046474240
Mar 29 22:32:38 ....
Mar 29 22:32:39 Count: 3 of 4
Mar 29 22:32:39 f019362 (1 / 1 tries):
Mar 29 22:32:40 f0421499: 23.312892448539058353 FIL (94G free)
Mar 29 22:32:41 Escrow: 0.999999997255 FIL
Mar 29 22:32:41 Locked: 0.33251649052 FIL
Mar 29 22:32:41 Datacap: 4054046474240
Mar 29 22:32:41 ....
Mar 29 22:32:42 Count: 3 of 4
Mar 29 22:32:42 f022142 (1 / 1 tries):
Mar 29 22:32:43 f0421499: 23.312892448539058353 FIL (94G free)
Mar 29 22:32:43 Escrow: 0.999999997255 FIL
Mar 29 22:32:43 Locked: 0.33251649052 FIL
Mar 29 22:32:44 Datacap: 4054046474240
Mar 29 22:32:44 ....
Mar 29 22:32:45 Count: 3 of 4
Mar 29 22:32:45 f019041 (1 / 1 tries):
Mar 29 22:32:46 f0421499: 23.312892448539058353 FIL (94G free)
Mar 29 22:32:46 Escrow: 0.999999997255 FIL
Mar 29 22:32:46 Locked: 0.33251649052 FIL
Mar 29 22:32:46 Datacap: 4054046474240
Mar 29 22:32:46 ....
Mar 29 22:32:47 Count: 3 of 4
Mar 29 22:32:47 f08403 (1 / 1 tries):
Mar 29 22:32:47 f0421499: 23.312892448539058353 FIL (94G free)
Mar 29 22:32:47 Escrow: 0.999999997255 FIL
Mar 29 22:32:47 Locked: 0.33251649052 FIL
Mar 29 22:32:48 Datacap: 4054046474240
Mar 29 22:32:48 ....
Mar 29 22:32:49 Count: 3 of 4
Mar 29 22:32:49 f09848 (1 / 1 tries):
Mar 29 22:32:49 f0421499: 23.312892448539058353 FIL (94G free)
Mar 29 22:32:49 Escrow: 0.999999997255 FIL
Mar 29 22:32:49 Locked: 0.33251649052 FIL
Mar 29 22:32:50 Datacap: 4054046474240
Mar 29 22:32:50 ....
Mar 29 22:32:51 Count: 3 of 4
Mar 29 22:32:51 f021716 (1 / 1 tries):
Mar 29 22:32:51 f0421499: 23.312892448539058353 FIL (94G free)
Mar 29 22:32:51 Escrow: 0.999999997255 FIL
Mar 29 22:32:51 Locked: 0.33251649052 FIL
Mar 29 22:32:51 Datacap: 4054046474240
Mar 29 22:32:51 ....
Mar 29 22:32:52 Count: 3 of 4
Mar 29 22:32:52 f010617 (1 / 1 tries):
Mar 29 22:32:53 f0421499: 23.312892448539058353 FIL (94G free)
Mar 29 22:32:53 Escrow: 0.999999997255 FIL
Mar 29 22:32:53 Locked: 0.33251649052 FIL
Mar 29 22:32:53 Datacap: 4054046474240
Mar 29 22:32:53 ....
Mar 29 22:32:54 Count: 3 of 4
Mar 29 22:32:54 f08399 (1 / 1 tries):
Mar 29 22:32:55 f0421499: 23.312892448539058353 FIL (94G free)
Mar 29 22:32:55 Escrow: 0.999999997255 FIL
Mar 29 22:32:55 Locked: 0.33251649052 FIL
Mar 29 22:32:55 Datacap: 4054046474240
Mar 29 22:32:55 ....
Mar 29 22:32:56 Count: 3 of 4
Mar 29 22:32:56 f02606 (1 / 1 tries):
Mar 29 22:32:56 f0421499: 23.312892448539058353 FIL (94G free)
Mar 29 22:32:57 Escrow: 0.999999997255 FIL
Mar 29 22:32:57 Locked: 0.33251649052 FIL
Mar 29 22:32:57 Datacap: 4054046474240
Mar 29 22:32:57 ....
Mar 29 22:32:58 Count: 3 of 4
Mar 29 22:32:58 f023467 (1 / 1 tries):
Mar 29 22:32:58 f0421499: 23.312892448539058353 FIL (94G free)
Mar 29 22:32:58 Escrow: 0.999999997255 FIL
Mar 29 22:32:58 Locked: 0.33251649052 FIL
Mar 29 22:32:59 Datacap: 4054046474240
Mar 29 22:32:59 ....
Mar 29 22:33:00 Count: 3 of 4
Mar 29 22:33:00 f099608 (1 / 1 tries):
Mar 29 22:33:00 f0421499: 23.312892448539058353 FIL (94G free)
Mar 29 22:33:00 Escrow: 0.999999997255 FIL
Mar 29 22:33:00 Locked: 0.33251649052 FIL
Mar 29 22:33:01 Datacap: 4054046474240
Mar 29 22:33:01 ....
Mar 29 22:33:02 Count: 3 of 4
Mar 29 22:33:02 f019104 (1 / 1 tries):
Mar 29 22:33:02 f0421499: 23.312892448539058353 FIL (94G free)
Mar 29 22:33:02 Escrow: 0.999999997255 FIL
Mar 29 22:33:02 Locked: 0.33251649052 FIL
Mar 29 22:33:02 Datacap: 4054046474240
Mar 29 22:33:02 ....
Mar 29 22:33:03 Count: 3 of 4
Mar 29 22:33:03 f010479 (1 / 1 tries):
Mar 29 22:33:04 f0421499: 23.312892448539058353 FIL (94G free)
Mar 29 22:33:04 Escrow: 0.999999997255 FIL
Mar 29 22:33:04 Locked: 0.33251649052 FIL
Mar 29 22:33:04 Datacap: 4054046474240
Mar 29 22:33:04 ....
Mar 29 22:33:05 Count: 3 of 4
Mar 29 22:33:05 f0127896 (1 / 1 tries):
Mar 29 22:33:05 Skipping f0127896: min-ask
Mar 29 22:33:05 
Mar 29 22:33:07 Count: 3 of 4
Mar 29 22:33:07 f01247 (1 / 1 tries):
Mar 29 22:33:07 f0421499: 23.312892448539058353 FIL (94G free)
Mar 29 22:33:08 Escrow: 0.999999997255 FIL
Mar 29 22:33:08 Locked: 0.33251649052 FIL
Mar 29 22:33:08 Datacap: 4054046474240
Mar 29 22:33:08 ....
Mar 29 22:33:09 Count: 3 of 4
Mar 29 22:33:09 f0165400 (1 / 1 tries):
Mar 29 22:33:10 f0421499: 23.312892448539058353 FIL (94G free)
Mar 29 22:33:10 Escrow: 0.999999997255 FIL
Mar 29 22:33:10 Locked: 0.33251649052 FIL
Mar 29 22:33:10 Datacap: 4054046474240
Mar 29 22:33:10 ....
Mar 29 22:33:11 Count: 3 of 4
Mar 29 22:33:11 f022163 (1 / 1 tries):
Mar 29 22:33:12 f0421499: 23.312892448539058353 FIL (94G free)
Mar 29 22:33:12 Escrow: 0.999999997255 FIL
Mar 29 22:33:12 Locked: 0.33251649052 FIL
Mar 29 22:33:12 Datacap: 4054046474240
Mar 29 22:33:12 ....
Mar 29 22:33:13 Count: 3 of 4
Mar 29 22:33:13 f0145874 (1 / 1 tries):
Mar 29 22:33:13 f0421499: 23.312892448539058353 FIL (94G free)
Mar 29 22:33:13 Escrow: 0.999999997255 FIL
Mar 29 22:33:13 Locked: 0.33251649052 FIL
Mar 29 22:33:14 Datacap: 4054046474240
Mar 29 22:33:14 ....
Mar 29 22:33:15 Count: 3 of 4
Mar 29 22:33:15 f01234 (1 / 1 tries):
Mar 29 22:33:15 f0421499: 23.312892448539058353 FIL (93G free)
Mar 29 22:33:15 Escrow: 0.999999997255 FIL
Mar 29 22:33:15 Locked: 0.33251649052 FIL
Mar 29 22:33:16 Datacap: 4054046474240
Mar 29 22:33:16 ....
Mar 29 22:33:17 Count: 3 of 4
Mar 29 22:33:17 f015927 (1 / 1 tries):
Mar 29 22:33:17 f0421499: 23.312892448539058353 FIL (93G free)
Mar 29 22:33:18 Escrow: 0.999999997255 FIL
Mar 29 22:33:18 Locked: 0.33251649052 FIL
