Mar 30 02:09:09 Count: 3 of 4
Mar 30 02:09:09 f014409 (1 / 1 tries):
Mar 30 02:09:10 f0421499: 23.311372269204350478 FIL (33G free)
Mar 30 02:09:10 Escrow: 0.999999997255 FIL
Mar 30 02:09:10 Locked: 0.33284941244 FIL
Mar 30 02:09:10 Datacap: 3469930921984
Mar 30 02:09:10 ....
Mar 30 02:09:11 Count: 3 of 4
Mar 30 02:09:11 f08399 (1 / 1 tries):
Mar 30 02:09:11 f0421499: 23.311372269204350478 FIL (33G free)
Mar 30 02:09:12 Escrow: 0.999999997255 FIL
Mar 30 02:09:12 Locked: 0.33284941244 FIL
Mar 30 02:09:12 Datacap: 3469930921984
Mar 30 02:09:12 ....
Mar 30 02:09:13 Count: 3 of 4
Mar 30 02:09:13 f062353 (1 / 1 tries):
Mar 30 02:09:13 f0421499: 23.311372269204350478 FIL (33G free)
Mar 30 02:09:13 Escrow: 0.999999997255 FIL
Mar 30 02:09:13 Locked: 0.33284941244 FIL
Mar 30 02:09:14 Datacap: 3469930921984
Mar 30 02:09:14 ....
Mar 30 02:09:15 Count: 3 of 4
Mar 30 02:09:15 f014768 (1 / 1 tries):
Mar 30 02:09:15 f0421499: 23.311372269204350478 FIL (33G free)
Mar 30 02:09:16 Escrow: 0.999999997255 FIL
Mar 30 02:09:16 Locked: 0.33284941244 FIL
Mar 30 02:09:16 Datacap: 3469930921984
Mar 30 02:09:16 ....
Mar 30 02:09:17 Count: 3 of 4
Mar 30 02:09:17 f022163 (1 / 1 tries):
Mar 30 02:09:18 f0421499: 23.311372269204350478 FIL (33G free)
Mar 30 02:09:18 Escrow: 0.999999997255 FIL
Mar 30 02:09:18 Locked: 0.33284941244 FIL
Mar 30 02:09:19 Datacap: 3469930921984
Mar 30 02:09:19 ....
Mar 30 02:09:20 Count: 3 of 4
Mar 30 02:09:20 f08403 (1 / 1 tries):
Mar 30 02:09:21 f0421499: 23.311372269204350478 FIL (33G free)
Mar 30 02:09:21 Escrow: 0.999999997255 FIL
Mar 30 02:09:21 Locked: 0.33284941244 FIL
Mar 30 02:09:21 Datacap: 3469930921984
Mar 30 02:09:21 ....
Mar 30 02:09:22 Count: 3 of 4
Mar 30 02:09:22 f01234 (1 / 1 tries):
Mar 30 02:09:22 f0421499: 23.311372269204350478 FIL (33G free)
Mar 30 02:09:23 Escrow: 0.999999997255 FIL
Mar 30 02:09:23 Locked: 0.33284941244 FIL
Mar 30 02:09:23 Datacap: 3469930921984
Mar 30 02:09:23 ....
Mar 30 02:09:24 Count: 3 of 4
Mar 30 02:09:24 f0165400 (1 / 1 tries):
Mar 30 02:09:24 f0421499: 23.311372269204350478 FIL (33G free)
Mar 30 02:09:25 Escrow: 0.999999997255 FIL
Mar 30 02:09:25 Locked: 0.33284941244 FIL
Mar 30 02:09:25 Datacap: 3469930921984
Mar 30 02:09:25 ....
Mar 30 02:09:26 Count: 3 of 4
Mar 30 02:09:26 f0145874 (1 / 1 tries):
Mar 30 02:09:26 f0421499: 23.311372269204350478 FIL (33G free)
Mar 30 02:09:26 Escrow: 0.999999997255 FIL
Mar 30 02:09:26 Locked: 0.33284941244 FIL
Mar 30 02:09:27 Datacap: 3469930921984
Mar 30 02:09:27 ....
Mar 30 02:09:28 Count: 3 of 4
Mar 30 02:09:28 f058369 (1 / 1 tries):
Mar 30 02:09:28 f0421499: 23.311372269204350478 FIL (33G free)
Mar 30 02:09:28 Escrow: 0.999999997255 FIL
Mar 30 02:09:28 Locked: 0.33284941244 FIL
Mar 30 02:09:29 Datacap: 3469930921984
Mar 30 02:09:29 ....
Mar 30 02:09:30 Count: 3 of 4
Mar 30 02:09:30 f021716 (1 / 1 tries):
Mar 30 02:09:30 f0421499: 23.311372269204350478 FIL (33G free)
Mar 30 02:09:30 Escrow: 0.999999997255 FIL
Mar 30 02:09:30 Locked: 0.33284941244 FIL
Mar 30 02:09:31 Datacap: 3469930921984
Mar 30 02:09:31 ....
Mar 30 02:09:32 Count: 3 of 4
Mar 30 02:09:32 f015927 (1 / 1 tries):
Mar 30 02:09:32 Skipping f015927: min-ask
Mar 30 02:09:32 
Mar 30 02:09:33 Count: 3 of 4
Mar 30 02:09:33 f019551 (1 / 1 tries):
Mar 30 02:09:34 f0421499: 23.308289234176929066 FIL (33G free)
Mar 30 02:09:34 Escrow: 0.999999997255 FIL
Mar 30 02:09:34 Locked: 0.33284941244 FIL
Mar 30 02:09:34 Datacap: 3435571183616
Mar 30 02:09:34 ....
Mar 30 02:09:35 Count: 3 of 4
Mar 30 02:09:35 f01240 (1 / 1 tries):
Mar 30 02:09:36 f0421499: 23.308289234176929066 FIL (33G free)
Mar 30 02:09:37 Escrow: 0.999999997255 FIL
Mar 30 02:09:37 Locked: 0.33284941244 FIL
Mar 30 02:09:37 Datacap: 3435571183616
Mar 30 02:09:37 ....
Mar 30 02:09:38 Count: 3 of 4
Mar 30 02:09:38 f019041 (1 / 1 tries):
Mar 30 02:09:39 f0421499: 23.308289234176929066 FIL (33G free)
Mar 30 02:09:39 Escrow: 0.999999997255 FIL
Mar 30 02:09:39 Locked: 0.33284941244 FIL
Mar 30 02:09:39 Datacap: 3435571183616
Mar 30 02:09:39 ....
Mar 30 02:09:40 Count: 3 of 4
Mar 30 02:09:40 f022142 (1 / 1 tries):
Mar 30 02:09:41 f0421499: 23.308289234176929066 FIL (33G free)
Mar 30 02:09:41 Escrow: 0.999999997255 FIL
Mar 30 02:09:41 Locked: 0.33284941244 FIL
Mar 30 02:09:41 Datacap: 3435571183616
Mar 30 02:09:41 ....
Mar 30 02:09:42 Count: 3 of 4
Mar 30 02:09:42 f071624 (1 / 1 tries):
Mar 30 02:09:43 f0421499: 23.308289234176929066 FIL (33G free)
Mar 30 02:09:43 Escrow: 0.999999997255 FIL
Mar 30 02:09:43 Locked: 0.33284941244 FIL
Mar 30 02:09:43 Datacap: 3435571183616
Mar 30 02:09:43 ....
Mar 30 02:09:44 Count: 3 of 4
Mar 30 02:09:44 f023971 (1 / 1 tries):
Mar 30 02:09:45 f0421499: 23.308289234176929066 FIL (33G free)
Mar 30 02:09:45 Escrow: 0.999999997255 FIL
Mar 30 02:09:45 Locked: 0.33284941244 FIL
Mar 30 02:09:46 Datacap: 3435571183616
Mar 30 02:09:46 ....
Mar 30 02:09:47 Count: 3 of 4
Mar 30 02:09:47 f0157535 (1 / 1 tries):
Mar 30 02:09:47 f0421499: 23.308289234176929066 FIL (33G free)
Mar 30 02:09:47 Escrow: 0.999999997255 FIL
Mar 30 02:09:47 Locked: 0.33284941244 FIL
Mar 30 02:09:47 Datacap: 3435571183616
Mar 30 02:09:47 ....
Mar 30 02:09:48 Count: 3 of 4
Mar 30 02:09:48 f010479 (1 / 1 tries):
Mar 30 02:09:49 f0421499: 23.308289234176929066 FIL (33G free)
Mar 30 02:09:49 Escrow: 0.999999997255 FIL
Mar 30 02:09:49 Locked: 0.33284941244 FIL
Mar 30 02:09:49 Datacap: 3435571183616
Mar 30 02:09:49 ....
Mar 30 02:09:50 Count: 3 of 4
Mar 30 02:09:50 f022352 (1 / 1 tries):
Mar 30 02:09:51 f0421499: 23.308289234176929066 FIL (33G free)
Mar 30 02:09:51 Escrow: 0.999999997255 FIL
Mar 30 02:09:51 Locked: 0.33284941244 FIL
Mar 30 02:09:51 Datacap: 3435571183616
Mar 30 02:09:51 ....
Mar 30 02:09:52 Count: 3 of 4
Mar 30 02:09:52 f019362 (1 / 1 tries):
Mar 30 02:09:53 f0421499: 23.308289234176929066 FIL (33G free)
Mar 30 02:09:53 Escrow: 0.999999997255 FIL
Mar 30 02:09:53 Locked: 0.33284941244 FIL
Mar 30 02:09:53 Datacap: 3435571183616
Mar 30 02:09:53 ....
Mar 30 02:09:54 Count: 3 of 4
Mar 30 02:09:54 f023467 (1 / 1 tries):
Mar 30 02:09:55 f0421499: 23.308289234176929066 FIL (33G free)
Mar 30 02:09:55 Escrow: 0.999999997255 FIL
Mar 30 02:09:55 Locked: 0.33284941244 FIL
Mar 30 02:09:56 Datacap: 3435571183616
Mar 30 02:09:56 ....
Mar 30 02:09:57 Count: 3 of 4
Mar 30 02:09:57 f02606 (1 / 1 tries):
Mar 30 02:09:58 f0421499: 23.308289234176929066 FIL (33G free)
Mar 30 02:09:58 Escrow: 0.999999997255 FIL
Mar 30 02:09:58 Locked: 0.33284941244 FIL
Mar 30 02:09:59 Datacap: 3435571183616
Mar 30 02:09:59 ....
Mar 30 02:10:00 Count: 3 of 4
Mar 30 02:10:00 f010617 (1 / 1 tries):
Mar 30 02:10:01 f0421499: 23.308289234176929066 FIL (33G free)
Mar 30 02:10:02 Escrow: 0.999999997255 FIL
Mar 30 02:10:02 Locked: 0.33284941244 FIL
Mar 30 02:10:03 Datacap: 3435571183616
Mar 30 02:10:03 ....
Mar 30 02:10:04 Count: 3 of 4
Mar 30 02:10:04 f01278 (1 / 1 tries):
Mar 30 02:10:06 f0421499: 23.308289234176929066 FIL (33G free)
Mar 30 02:10:06 Escrow: 0.999999997255 FIL
Mar 30 02:10:06 Locked: 0.33284941244 FIL
Mar 30 02:10:06 Datacap: 3435571183616
Mar 30 02:10:07 ....
Mar 30 02:10:08 Count: 3 of 4
Mar 30 02:10:08 f01277 (1 / 1 tries):
Mar 30 02:10:08 Skipping f01277: min-ask
Mar 30 02:10:08 
Mar 30 02:10:09 Count: 3 of 4
Mar 30 02:10:09 f02576 (1 / 1 tries):
Mar 30 02:10:10 f0421499: 23.308289234176929066 FIL (33G free)
Mar 30 02:10:10 Escrow: 0.999999997255 FIL
Mar 30 02:10:10 Locked: 0.33284941244 FIL
Mar 30 02:10:11 Datacap: 3435571183616
Mar 30 02:10:11 ....
Mar 30 02:10:12 Count: 3 of 4
Mar 30 02:10:12 f066596 (1 / 1 tries):
Mar 30 02:10:13 f0421499: 23.308289234176929066 FIL (33G free)
Mar 30 02:10:13 Escrow: 0.999999997255 FIL
Mar 30 02:10:13 Locked: 0.33284941244 FIL
Mar 30 02:10:13 Datacap: 3435571183616
Mar 30 02:10:13 ....
Mar 30 02:10:14 Count: 3 of 4
Mar 30 02:10:14 f099608 (1 / 1 tries):
Mar 30 02:10:15 f0421499: 23.308289234176929066 FIL (33G free)
Mar 30 02:10:15 Escrow: 0.999999997255 FIL
Mar 30 02:10:15 Locked: 0.33284941244 FIL
Mar 30 02:10:16 Datacap: 3435571183616
Mar 30 02:10:16 ....
Mar 30 02:10:17 Count: 3 of 4
Mar 30 02:10:17 f0127896 (1 / 1 tries):
Mar 30 02:10:18 Skipping f0127896: min-ask
Mar 30 02:10:18 
Mar 30 02:10:19 Count: 3 of 4
Mar 30 02:10:19 f01247 (1 / 1 tries):
Mar 30 02:10:19 f0421499: 23.308289234176929066 FIL (33G free)
Mar 30 02:10:20 Escrow: 0.999999997255 FIL
Mar 30 02:10:20 Locked: 0.33284941244 FIL
Mar 30 02:10:20 Datacap: 3435571183616
Mar 30 02:10:20 ....
Mar 30 02:10:21 Count: 3 of 4
Mar 30 02:10:21 f09848 (1 / 1 tries):
Mar 30 02:10:21 f0421499: 23.308289234176929066 FIL (33G free)
Mar 30 02:10:22 Escrow: 0.999999997255 FIL
Mar 30 02:10:22 Locked: 0.33284941244 FIL
Mar 30 02:10:22 Datacap: 3435571183616
Mar 30 02:10:22 ....
Mar 30 02:10:23 Count: 3 of 4
Mar 30 02:10:23 f019104 (1 / 1 tries):
Mar 30 02:10:23 Skipping f019104: error-ask
Mar 30 02:10:23 
Mar 30 02:10:24 Count: 3 of 4
Mar 30 02:10:24 f019100 (1 / 1 tries):
Mar 30 02:10:25 Skipping f019100: error-ask
Mar 30 02:10:25 
Mar 30 02:10:26 Count: 3 of 4
Mar 30 02:10:26 f07998 (1 / 1 tries):
Mar 30 02:10:26 f0421499: 23.308289234176929066 FIL (33G free)
Mar 30 02:10:26 Escrow: 0.999999997255 FIL
Mar 30 02:10:26 Locked: 0.33284941244 FIL
Mar 30 02:10:26 Datacap: 3435571183616
Mar 30 02:10:26 ....
