Mar 30 12:16:18 Count: 3 of 4
Mar 30 12:16:18 f071624 (1 / 1 tries):
Mar 30 12:16:18 f0421499: 23.293832210218907393 FIL (8.8G free)
Mar 30 12:16:18 Escrow: 0.999645757255 FIL
Mar 30 12:16:18 Locked: 0.33249517244 FIL
Mar 30 12:16:19 Datacap: 3160693276672
Mar 30 12:16:19 ....
Mar 30 12:16:20 Count: 3 of 4
Mar 30 12:16:20 f01278 (1 / 1 tries):
Mar 30 12:16:21 f0421499: 23.293832210218907393 FIL (8.8G free)
Mar 30 12:16:21 Escrow: 0.999645757255 FIL
Mar 30 12:16:21 Locked: 0.33249517244 FIL
Mar 30 12:16:21 Datacap: 3160693276672
Mar 30 12:16:21 ....
Mar 30 12:16:22 Count: 3 of 4
Mar 30 12:16:22 f01247 (1 / 1 tries):
Mar 30 12:16:23 f0421499: 23.293832210218907393 FIL (8.8G free)
Mar 30 12:16:23 Escrow: 0.999645757255 FIL
Mar 30 12:16:23 Locked: 0.33249517244 FIL
Mar 30 12:16:24 Datacap: 3160693276672
Mar 30 12:16:24 ....
Mar 30 12:16:25 Count: 3 of 4
Mar 30 12:16:25 f01240 (1 / 1 tries):
Mar 30 12:16:26 f0421499: 23.293832210218907393 FIL (8.8G free)
Mar 30 12:16:26 Escrow: 0.999645757255 FIL
Mar 30 12:16:26 Locked: 0.33249517244 FIL
Mar 30 12:16:26 Datacap: 3160693276672
Mar 30 12:16:27 ....
Mar 30 12:16:28 Count: 3 of 4
Mar 30 12:16:28 f01277 (1 / 1 tries):
Mar 30 12:16:28 Skipping f01277: min-ask
Mar 30 12:16:28 
Mar 30 12:16:29 Count: 3 of 4
Mar 30 12:16:29 f01234 (1 / 1 tries):
Mar 30 12:16:30 f0421499: 23.293832210218907393 FIL (8.8G free)
Mar 30 12:16:30 Escrow: 0.999645757255 FIL
Mar 30 12:16:30 Locked: 0.33249517244 FIL
Mar 30 12:16:30 Datacap: 3160693276672
Mar 30 12:16:30 ....
Mar 30 12:16:31 Count: 3 of 4
Mar 30 12:16:31 f08399 (1 / 1 tries):
Mar 30 12:16:32 f0421499: 23.293832210218907393 FIL (8.8G free)
Mar 30 12:16:33 Escrow: 0.999645757255 FIL
Mar 30 12:16:33 Locked: 0.33249517244 FIL
Mar 30 12:16:33 Datacap: 3160693276672
Mar 30 12:16:34 ....
Mar 30 12:16:35 Count: 3 of 4
Mar 30 12:16:35 f066596 (1 / 1 tries):
Mar 30 12:16:35 f0421499: 23.293832210218907393 FIL (8.8G free)
Mar 30 12:16:35 Escrow: 0.999645757255 FIL
Mar 30 12:16:35 Locked: 0.33249517244 FIL
Mar 30 12:16:36 Datacap: 3160693276672
Mar 30 12:16:36 ....
Mar 30 12:16:37 Count: 3 of 4
Mar 30 12:16:37 f019362 (1 / 1 tries):
Mar 30 12:16:38 f0421499: 23.293832210218907393 FIL (8.8G free)
Mar 30 12:16:38 Escrow: 0.999645757255 FIL
Mar 30 12:16:38 Locked: 0.33249517244 FIL
Mar 30 12:16:38 Datacap: 3160693276672
Mar 30 12:16:39 ....
Mar 30 12:16:40 Count: 3 of 4
Mar 30 12:16:40 f0165400 (1 / 1 tries):
Mar 30 12:16:40 f0421499: 23.293832210218907393 FIL (8.8G free)
Mar 30 12:16:41 Escrow: 0.999645757255 FIL
Mar 30 12:16:41 Locked: 0.33249517244 FIL
Mar 30 12:16:41 Datacap: 3160693276672
Mar 30 12:16:41 ....
Mar 30 12:16:42 Count: 3 of 4
Mar 30 12:16:42 f019041 (1 / 1 tries):
Mar 30 12:16:43 f0421499: 23.293832210218907393 FIL (8.8G free)
Mar 30 12:16:43 Escrow: 0.999645757255 FIL
Mar 30 12:16:43 Locked: 0.33249517244 FIL
Mar 30 12:16:43 Datacap: 3160693276672
Mar 30 12:16:43 ....
Mar 30 12:16:44 Count: 3 of 4
Mar 30 12:16:44 f014768 (1 / 1 tries):
Mar 30 12:16:45 f0421499: 23.293832210218907393 FIL (8.8G free)
Mar 30 12:16:45 Escrow: 0.999645757255 FIL
Mar 30 12:16:45 Locked: 0.33249517244 FIL
Mar 30 12:16:46 Datacap: 3160693276672
Mar 30 12:16:46 ....
Mar 30 12:16:47 Count: 3 of 4
Mar 30 12:16:47 f08403 (1 / 1 tries):
Mar 30 12:16:48 f0421499: 23.293832210218907393 FIL (8.8G free)
Mar 30 12:16:48 Escrow: 0.999645757255 FIL
Mar 30 12:16:48 Locked: 0.33249517244 FIL
Mar 30 12:16:48 Datacap: 3160693276672
Mar 30 12:16:49 ....
Mar 30 12:16:50 Count: 3 of 4
Mar 30 12:16:50 f0157535 (1 / 1 tries):
Mar 30 12:16:50 f0421499: 23.293832210218907393 FIL (8.8G free)
Mar 30 12:16:51 Escrow: 0.999645757255 FIL
Mar 30 12:16:51 Locked: 0.33249517244 FIL
Mar 30 12:16:51 Datacap: 3160693276672
Mar 30 12:16:51 ....
Mar 30 12:16:52 Count: 3 of 4
Mar 30 12:16:52 f010617 (1 / 1 tries):
Mar 30 12:16:53 f0421499: 23.293832210218907393 FIL (8.8G free)
Mar 30 12:16:53 Escrow: 0.999645757255 FIL
Mar 30 12:16:53 Locked: 0.33249517244 FIL
Mar 30 12:16:54 Datacap: 3160693276672
Mar 30 12:16:54 ....
Mar 30 12:16:55 Count: 3 of 4
Mar 30 12:16:55 f015927 (1 / 1 tries):
Mar 30 12:16:55 Skipping f015927: min-ask
Mar 30 12:16:55 
Mar 30 12:16:56 Count: 3 of 4
Mar 30 12:16:56 f0145874 (1 / 1 tries):
Mar 30 12:16:57 f0421499: 23.293832210218907393 FIL (8.8G free)
Mar 30 12:16:57 Escrow: 0.999645757255 FIL
Mar 30 12:16:57 Locked: 0.33249517244 FIL
Mar 30 12:16:58 Datacap: 3160693276672
Mar 30 12:16:58 ....
Mar 30 12:16:59 Count: 3 of 4
Mar 30 12:16:59 f058369 (1 / 1 tries):
Mar 30 12:17:00 f0421499: 23.293832210218907393 FIL (8.8G free)
Mar 30 12:17:00 Escrow: 0.999645757255 FIL
Mar 30 12:17:00 Locked: 0.33249517244 FIL
Mar 30 12:17:00 Datacap: 3160693276672
Mar 30 12:17:00 ....
Mar 30 12:17:02 Count: 3 of 4
Mar 30 12:17:02 f02606 (1 / 1 tries):
Mar 30 12:17:02 f0421499: 23.293832210218907393 FIL (8.8G free)
Mar 30 12:17:02 Escrow: 0.999645757255 FIL
Mar 30 12:17:02 Locked: 0.33249517244 FIL
Mar 30 12:17:03 Datacap: 3160693276672
Mar 30 12:17:03 ....
Mar 30 12:17:04 Count: 3 of 4
Mar 30 12:17:04 f02576 (1 / 1 tries):
Mar 30 12:17:05 f0421499: 23.293832210218907393 FIL (8.8G free)
Mar 30 12:17:05 Escrow: 0.999645757255 FIL
Mar 30 12:17:05 Locked: 0.33249517244 FIL
Mar 30 12:17:06 Datacap: 3160693276672
Mar 30 12:17:06 ....
Mar 30 12:17:07 Count: 3 of 4
Mar 30 12:17:07 f023971 (1 / 1 tries):
Mar 30 12:17:07 f0421499: 23.293832210218907393 FIL (8.8G free)
Mar 30 12:17:07 Escrow: 0.999645757255 FIL
Mar 30 12:17:07 Locked: 0.33249517244 FIL
Mar 30 12:17:08 Datacap: 3160693276672
Mar 30 12:17:08 ....
Mar 30 12:17:09 Count: 3 of 4
Mar 30 12:17:09 f099608 (1 / 1 tries):
Mar 30 12:17:10 f0421499: 23.293832210218907393 FIL (8.8G free)
Mar 30 12:17:10 Escrow: 0.999645757255 FIL
Mar 30 12:17:10 Locked: 0.33249517244 FIL
Mar 30 12:17:11 Datacap: 3160693276672
Mar 30 12:17:11 ....
Mar 30 12:17:12 Count: 3 of 4
Mar 30 12:17:12 f010479 (1 / 1 tries):
Mar 30 12:17:12 f0421499: 23.293832210218907393 FIL (8.8G free)
Mar 30 12:17:12 Escrow: 0.999645757255 FIL
Mar 30 12:17:12 Locked: 0.33249517244 FIL
Mar 30 12:17:13 Datacap: 3160693276672
Mar 30 12:17:13 ....
Mar 30 12:17:14 Count: 3 of 4
Mar 30 12:17:14 f022163 (1 / 1 tries):
Mar 30 12:17:14 f0421499: 23.293832210218907393 FIL (8.8G free)
Mar 30 12:17:14 Escrow: 0.999645757255 FIL
Mar 30 12:17:14 Locked: 0.33249517244 FIL
Mar 30 12:17:15 Datacap: 3160693276672
Mar 30 12:17:15 ....
Mar 30 12:17:16 Count: 3 of 4
Mar 30 12:17:16 f022142 (1 / 1 tries):
Mar 30 12:17:17 f0421499: 23.293832210218907393 FIL (8.8G free)
Mar 30 12:17:17 Escrow: 0.999645757255 FIL
Mar 30 12:17:17 Locked: 0.33249517244 FIL
Mar 30 12:17:17 Datacap: 3160693276672
Mar 30 12:17:17 ....
Mar 30 12:17:18 Count: 3 of 4
Mar 30 12:17:18 f0127896 (1 / 1 tries):
Mar 30 12:17:19 Skipping f0127896: min-ask
Mar 30 12:17:19 
Mar 30 12:17:20 Count: 3 of 4
Mar 30 12:17:20 f014409 (1 / 1 tries):
Mar 30 12:17:20 f0421499: 23.293832210218907393 FIL (8.8G free)
Mar 30 12:17:21 Escrow: 0.999645757255 FIL
Mar 30 12:17:21 Locked: 0.33249517244 FIL
Mar 30 12:17:21 Datacap: 3160693276672
Mar 30 12:17:21 ....
Mar 30 12:17:22 Count: 3 of 4
Mar 30 12:17:22 f019551 (1 / 1 tries):
Mar 30 12:17:23 f0421499: 23.293832210218907393 FIL (8.8G free)
Mar 30 12:17:23 Escrow: 0.999645757255 FIL
Mar 30 12:17:23 Locked: 0.33249517244 FIL
Mar 30 12:17:23 Datacap: 3160693276672
Mar 30 12:17:24 ....
Mar 30 12:17:25 Count: 3 of 4
Mar 30 12:17:25 f09848 (1 / 1 tries):
Mar 30 12:17:25 f0421499: 23.293832210218907393 FIL (8.8G free)
Mar 30 12:17:25 Escrow: 0.999645757255 FIL
Mar 30 12:17:25 Locked: 0.33249517244 FIL
Mar 30 12:17:25 Datacap: 3160693276672
Mar 30 12:17:25 ....
Mar 30 12:17:27 Count: 3 of 4
Mar 30 12:17:27 f062353 (1 / 1 tries):
Mar 30 12:17:28 f0421499: 23.293832210218907393 FIL (8.8G free)
Mar 30 12:17:28 Escrow: 0.999645757255 FIL
Mar 30 12:17:28 Locked: 0.33249517244 FIL
Mar 30 12:17:28 Datacap: 3160693276672
Mar 30 12:17:28 ....
Mar 30 12:17:29 Count: 3 of 4
Mar 30 12:17:29 f023467 (1 / 1 tries):
Mar 30 12:17:30 f0421499: 23.293832210218907393 FIL (8.8G free)
Mar 30 12:17:30 Escrow: 0.999645757255 FIL
Mar 30 12:17:30 Locked: 0.33249517244 FIL
Mar 30 12:17:30 Datacap: 3160693276672
Mar 30 12:17:30 ....
Mar 30 12:17:31 Count: 3 of 4
Mar 30 12:17:31 f021716 (1 / 1 tries):
Mar 30 12:17:31 f0421499: 23.293832210218907393 FIL (8.8G free)
Mar 30 12:17:32 Escrow: 0.999645757255 FIL
Mar 30 12:17:32 Locked: 0.33249517244 FIL
Mar 30 12:17:32 Datacap: 3160693276672
Mar 30 12:17:32 ....
Mar 30 12:17:33 Count: 3 of 4
Mar 30 12:17:33 f022352 (1 / 1 tries):
Mar 30 12:17:34 f0421499: 23.293832210218907393 FIL (8.8G free)
Mar 30 12:17:34 Escrow: 0.999645757255 FIL
Mar 30 12:17:34 Locked: 0.33249517244 FIL
Mar 30 12:17:34 Datacap: 3160693276672
Mar 30 12:17:35 ....
Mar 30 12:17:36 Count: 3 of 4
Mar 30 12:17:36 f019104 (1 / 1 tries):
Mar 30 12:17:36 Skipping f019104: error-ask
Mar 30 12:17:36 
Mar 30 12:17:37 Count: 3 of 4
Mar 30 12:17:37 f019100 (1 / 1 tries):
Mar 30 12:17:38 Skipping f019100: error-ask
Mar 30 12:17:38 
Mar 30 12:17:39 Count: 3 of 4
Mar 30 12:17:39 f07998 (1 / 1 tries):
Mar 30 12:17:39 f0421499: 23.293832210218907393 FIL (8.8G free)
Mar 30 12:17:39 Escrow: 0.999645757255 FIL
Mar 30 12:17:39 Locked: 0.33249517244 FIL
Mar 30 12:17:40 Datacap: 3160693276672
Mar 30 12:17:40 ....
