Mar 29 21:36:31 Count: 3 of 4
Mar 29 21:36:31 f02606 (1 / 1 tries):
Mar 29 21:36:31 f0421499: 23.321679329097600427 FIL (143G free)
Mar 29 21:36:31 Escrow: 0.999999997255 FIL
Mar 29 21:36:31 Locked: 0.33251649052 FIL
Mar 29 21:36:32 Datacap: 4225845166080
Mar 29 21:36:32 ....
Mar 29 21:36:33 Count: 3 of 4
Mar 29 21:36:33 f0157535 (1 / 1 tries):
Mar 29 21:36:33 f0421499: 23.321679329097600427 FIL (143G free)
Mar 29 21:36:33 Escrow: 0.999999997255 FIL
Mar 29 21:36:33 Locked: 0.33251649052 FIL
Mar 29 21:36:34 Datacap: 4225845166080
Mar 29 21:36:34 ....
Mar 29 21:36:35 Count: 3 of 4
Mar 29 21:36:35 f022352 (1 / 1 tries):
Mar 29 21:36:35 f0421499: 23.321679329097600427 FIL (143G free)
Mar 29 21:36:35 Escrow: 0.999999997255 FIL
Mar 29 21:36:35 Locked: 0.33251649052 FIL
Mar 29 21:36:35 Datacap: 4225845166080
Mar 29 21:36:35 ....
Mar 29 21:36:36 Count: 3 of 4
Mar 29 21:36:36 f058369 (1 / 1 tries):
Mar 29 21:36:37 f0421499: 23.321679329097600427 FIL (143G free)
Mar 29 21:36:37 Escrow: 0.999999997255 FIL
Mar 29 21:36:37 Locked: 0.33251649052 FIL
Mar 29 21:36:37 Datacap: 4225845166080
Mar 29 21:36:37 ....
Mar 29 21:36:38 Count: 3 of 4
Mar 29 21:36:38 f022142 (1 / 1 tries):
Mar 29 21:36:39 f0421499: 23.321679329097600427 FIL (143G free)
Mar 29 21:36:39 Escrow: 0.999999997255 FIL
Mar 29 21:36:39 Locked: 0.33251649052 FIL
Mar 29 21:36:40 Datacap: 4225845166080
Mar 29 21:36:40 ....
Mar 29 21:36:41 Count: 3 of 4
Mar 29 21:36:41 f015927 (1 / 1 tries):
Mar 29 21:36:41 f0421499: 23.321679329097600427 FIL (143G free)
Mar 29 21:36:41 Escrow: 0.999999997255 FIL
Mar 29 21:36:41 Locked: 0.33251649052 FIL
Mar 29 21:36:42 Datacap: 4225845166080
Mar 29 21:36:42 ....
Mar 29 21:36:43 Count: 3 of 4
Mar 29 21:36:43 f07998 (1 / 1 tries):
Mar 29 21:36:43 f0421499: 23.321679329097600427 FIL (143G free)
Mar 29 21:36:43 Escrow: 0.999999997255 FIL
Mar 29 21:36:43 Locked: 0.33251649052 FIL
Mar 29 21:36:44 Datacap: 4225845166080
Mar 29 21:36:44 ....
Mar 29 21:36:45 Count: 3 of 4
Mar 29 21:36:45 f021716 (1 / 1 tries):
Mar 29 21:36:45 f0421499: 23.321679329097600427 FIL (143G free)
Mar 29 21:36:45 Escrow: 0.999999997255 FIL
Mar 29 21:36:45 Locked: 0.33251649052 FIL
Mar 29 21:36:45 Datacap: 4225845166080
Mar 29 21:36:45 ....
Mar 29 21:36:46 Count: 3 of 4
Mar 29 21:36:46 f019104 (1 / 1 tries):
Mar 29 21:36:47 f0421499: 23.321679329097600427 FIL (143G free)
Mar 29 21:36:47 Escrow: 0.999999997255 FIL
Mar 29 21:36:47 Locked: 0.33251649052 FIL
Mar 29 21:36:47 Datacap: 4225845166080
Mar 29 21:36:47 ....
Mar 29 21:36:48 Count: 3 of 4
Mar 29 21:36:48 f014409 (1 / 1 tries):
Mar 29 21:36:49 f0421499: 23.321679329097600427 FIL (143G free)
Mar 29 21:36:49 Escrow: 0.999999997255 FIL
Mar 29 21:36:49 Locked: 0.33251649052 FIL
Mar 29 21:36:49 Datacap: 4225845166080
Mar 29 21:36:49 ....
Mar 29 21:36:50 Count: 3 of 4
Mar 29 21:36:50 f0165400 (1 / 1 tries):
Mar 29 21:36:51 f0421499: 23.321679329097600427 FIL (143G free)
Mar 29 21:36:51 Escrow: 0.999999997255 FIL
Mar 29 21:36:51 Locked: 0.33251649052 FIL
Mar 29 21:36:51 Datacap: 4225845166080
Mar 29 21:36:51 ....
Mar 29 21:36:52 Count: 3 of 4
Mar 29 21:36:52 f023467 (1 / 1 tries):
Mar 29 21:36:52 f0421499: 23.321679329097600427 FIL (143G free)
Mar 29 21:36:53 Escrow: 0.999999997255 FIL
Mar 29 21:36:53 Locked: 0.33251649052 FIL
Mar 29 21:36:53 Datacap: 4225845166080
Mar 29 21:36:53 ....
Mar 29 21:36:54 Count: 3 of 4
Mar 29 21:36:54 f010617 (1 / 1 tries):
Mar 29 21:36:54 f0421499: 23.321679329097600427 FIL (143G free)
Mar 29 21:36:54 Escrow: 0.999999997255 FIL
Mar 29 21:36:54 Locked: 0.33251649052 FIL
Mar 29 21:36:55 Datacap: 4225845166080
Mar 29 21:36:55 ....
Mar 29 21:36:56 Count: 3 of 4
Mar 29 21:36:56 f019551 (1 / 1 tries):
Mar 29 21:36:56 f0421499: 23.321679329097600427 FIL (143G free)
Mar 29 21:36:56 Escrow: 0.999999997255 FIL
Mar 29 21:36:56 Locked: 0.33251649052 FIL
Mar 29 21:36:57 Datacap: 4225845166080
Mar 29 21:36:57 ....
Mar 29 21:36:58 Count: 3 of 4
Mar 29 21:36:58 f062353 (1 / 1 tries):
Mar 29 21:36:58 f0421499: 23.321679329097600427 FIL (143G free)
Mar 29 21:36:58 Escrow: 0.999999997255 FIL
Mar 29 21:36:58 Locked: 0.33251649052 FIL
Mar 29 21:36:58 Datacap: 4225845166080
Mar 29 21:36:59 ....
Mar 29 21:37:00 Count: 3 of 4
Mar 29 21:37:00 f022163 (1 / 1 tries):
Mar 29 21:37:00 f0421499: 23.321679329097600427 FIL (143G free)
Mar 29 21:37:01 Escrow: 0.999999997255 FIL
Mar 29 21:37:01 Locked: 0.33251649052 FIL
Mar 29 21:37:01 Datacap: 4225845166080
Mar 29 21:37:01 ....
Mar 29 21:37:02 Count: 3 of 4
Mar 29 21:37:02 f066596 (1 / 1 tries):
Mar 29 21:37:03 f0421499: 23.321679329097600427 FIL (143G free)
Mar 29 21:37:03 Escrow: 0.999999997255 FIL
Mar 29 21:37:03 Locked: 0.33251649052 FIL
Mar 29 21:37:03 Datacap: 4225845166080
Mar 29 21:37:03 ....
Mar 29 21:37:04 Count: 3 of 4
Mar 29 21:37:04 f08399 (1 / 1 tries):
Mar 29 21:37:05 f0421499: 23.321679329097600427 FIL (143G free)
Mar 29 21:37:05 Escrow: 0.999999997255 FIL
Mar 29 21:37:05 Locked: 0.33251649052 FIL
Mar 29 21:37:05 Datacap: 4225845166080
Mar 29 21:37:05 ....
Mar 29 21:37:06 Count: 3 of 4
Mar 29 21:37:06 f023971 (1 / 1 tries):
Mar 29 21:37:07 f0421499: 23.321679329097600427 FIL (143G free)
Mar 29 21:37:07 Escrow: 0.999999997255 FIL
Mar 29 21:37:07 Locked: 0.33251649052 FIL
Mar 29 21:37:08 Datacap: 4225845166080
Mar 29 21:37:08 ....
Mar 29 21:37:09 Count: 3 of 4
Mar 29 21:37:09 f01247 (1 / 1 tries):
Mar 29 21:37:09 f0421499: 23.321679329097600427 FIL (143G free)
Mar 29 21:37:09 Escrow: 0.999999997255 FIL
Mar 29 21:37:09 Locked: 0.33251649052 FIL
Mar 29 21:37:10 Datacap: 4225845166080
Mar 29 21:37:10 ....
Mar 29 21:37:11 Count: 3 of 4
Mar 29 21:37:11 f010479 (1 / 1 tries):
Mar 29 21:37:11 f0421499: 23.321679329097600427 FIL (143G free)
Mar 29 21:37:11 Escrow: 0.999999997255 FIL
Mar 29 21:37:11 Locked: 0.33251649052 FIL
Mar 29 21:37:11 Datacap: 4225845166080
Mar 29 21:37:12 ....
Mar 29 21:37:13 Count: 3 of 4
Mar 29 21:37:13 f01234 (1 / 1 tries):
Mar 29 21:37:13 f0421499: 23.321679329097600427 FIL (143G free)
Mar 29 21:37:13 Escrow: 0.999999997255 FIL
Mar 29 21:37:13 Locked: 0.33251649052 FIL
Mar 29 21:37:13 Datacap: 4225845166080
Mar 29 21:37:13 ....
Mar 29 21:37:14 Count: 3 of 4
Mar 29 21:37:14 f02576 (1 / 1 tries):
Mar 29 21:37:15 f0421499: 23.321679329097600427 FIL (143G free)
Mar 29 21:37:15 Escrow: 0.999999997255 FIL
Mar 29 21:37:15 Locked: 0.33251649052 FIL
Mar 29 21:37:15 Datacap: 4225845166080
Mar 29 21:37:15 ....
Mar 29 21:37:16 Count: 3 of 4
Mar 29 21:37:16 f01278 (1 / 1 tries):
Mar 29 21:37:17 f0421499: 23.321679329097600427 FIL (143G free)
Mar 29 21:37:17 Escrow: 0.999999997255 FIL
Mar 29 21:37:17 Locked: 0.33251649052 FIL
Mar 29 21:37:17 Datacap: 4225845166080
Mar 29 21:37:17 ....
Mar 29 21:37:18 Count: 3 of 4
Mar 29 21:37:18 f019041 (1 / 1 tries):
Mar 29 21:37:18 f0421499: 23.321679329097600427 FIL (143G free)
Mar 29 21:37:19 Escrow: 0.999999997255 FIL
Mar 29 21:37:19 Locked: 0.33251649052 FIL
Mar 29 21:37:19 Datacap: 4225845166080
Mar 29 21:37:19 ....
Mar 29 21:37:20 Count: 3 of 4
Mar 29 21:37:20 f014768 (1 / 1 tries):
Mar 29 21:37:20 f0421499: 23.321679329097600427 FIL (143G free)
Mar 29 21:37:20 Escrow: 0.999999997255 FIL
Mar 29 21:37:20 Locked: 0.33251649052 FIL
Mar 29 21:37:21 Datacap: 4225845166080
Mar 29 21:37:21 ....
Mar 29 21:37:22 Count: 3 of 4
Mar 29 21:37:22 f0127896 (1 / 1 tries):
Mar 29 21:37:22 Skipping f0127896: min-ask
Mar 29 21:37:22 
Mar 29 21:37:23 Count: 3 of 4
Mar 29 21:37:23 f071624 (1 / 1 tries):
Mar 29 21:37:23 f0421499: 23.321679329097600427 FIL (143G free)
Mar 29 21:37:24 Escrow: 0.999999997255 FIL
Mar 29 21:37:24 Locked: 0.33251649052 FIL
Mar 29 21:37:24 Datacap: 4225845166080
Mar 29 21:37:24 ....
Mar 29 21:37:25 Count: 3 of 4
Mar 29 21:37:25 f019100 (1 / 1 tries):
Mar 29 21:37:25 Skipping f019100: error-ask
Mar 29 21:37:25 
Mar 29 21:37:26 Count: 3 of 4
Mar 29 21:37:26 f01240 (1 / 1 tries):
Mar 29 21:37:26 f0421499: 23.321679329097600427 FIL (143G free)
Mar 29 21:37:27 Escrow: 0.999999997255 FIL
Mar 29 21:37:27 Locked: 0.33251649052 FIL
Mar 29 21:37:27 Datacap: 4225845166080
Mar 29 21:37:27 ....
Mar 29 21:37:28 Count: 3 of 4
Mar 29 21:37:28 f0145874 (1 / 1 tries):
Mar 29 21:37:28 f0421499: 23.321679329097600427 FIL (143G free)
Mar 29 21:37:28 Escrow: 0.999999997255 FIL
Mar 29 21:37:28 Locked: 0.33251649052 FIL
Mar 29 21:37:29 Datacap: 4225845166080
Mar 29 21:37:29 ....
Mar 29 21:37:30 Count: 3 of 4
Mar 29 21:37:30 f019362 (1 / 1 tries):
Mar 29 21:37:30 f0421499: 23.320216755419847521 FIL (143G free)
Mar 29 21:37:31 Escrow: 0.999999997255 FIL
Mar 29 21:37:31 Locked: 0.33251649052 FIL
Mar 29 21:37:31 Datacap: 4225845166080
Mar 29 21:37:32 ....
Mar 29 21:37:33 Count: 3 of 4
Mar 29 21:37:33 f08403 (1 / 1 tries):
Mar 29 21:37:33 f0421499: 23.320216755419847521 FIL (143G free)
Mar 29 21:37:33 Escrow: 0.999999997255 FIL
Mar 29 21:37:33 Locked: 0.33251649052 FIL
Mar 29 21:37:34 Datacap: 4225845166080
Mar 29 21:37:34 ....
Mar 29 21:37:35 Count: 3 of 4
Mar 29 21:37:35 f01277 (1 / 1 tries):
Mar 29 21:37:35 Skipping f01277: min-ask
Mar 29 21:37:35 
Mar 29 21:37:36 Count: 3 of 4
Mar 29 21:37:36 f09848 (1 / 1 tries):
Mar 29 21:37:37 f0421499: 23.320216755419847521 FIL (143G free)
Mar 29 21:37:37 Escrow: 0.999999997255 FIL
Mar 29 21:37:37 Locked: 0.33251649052 FIL
Mar 29 21:37:37 Datacap: 4225845166080
Mar 29 21:37:37 ....
Mar 29 21:37:38 Count: 3 of 4
Mar 29 21:37:38 f099608 (1 / 1 tries):
Mar 29 21:37:39 f0421499: 23.320216755419847521 FIL (143G free)
Mar 29 21:37:39 Escrow: 0.999999997255 FIL
Mar 29 21:37:39 Locked: 0.33251649052 FIL
Mar 29 21:37:40 Datacap: 4225845166080
Mar 29 21:37:40 ....
