Mar 30 03:18:44 Count: 3 of 4
Mar 30 03:18:44 f019362 (1 / 1 tries):
Mar 30 03:18:44 f0421499: 23.293832210218907393 FIL (11G free)
Mar 30 03:18:44 Escrow: 0.999645757255 FIL
Mar 30 03:18:44 Locked: 0.33249517244 FIL
Mar 30 03:18:45 Datacap: 3160693276672
Mar 30 03:18:45 ....
Mar 30 03:18:46 Count: 3 of 4
Mar 30 03:18:46 f019041 (1 / 1 tries):
Mar 30 03:18:46 f0421499: 23.293832210218907393 FIL (11G free)
Mar 30 03:18:46 Escrow: 0.999645757255 FIL
Mar 30 03:18:46 Locked: 0.33249517244 FIL
Mar 30 03:18:47 Datacap: 3160693276672
Mar 30 03:18:47 ....
Mar 30 03:18:48 Count: 3 of 4
Mar 30 03:18:48 f010617 (1 / 1 tries):
Mar 30 03:18:48 f0421499: 23.293832210218907393 FIL (11G free)
Mar 30 03:18:48 Escrow: 0.999645757255 FIL
Mar 30 03:18:48 Locked: 0.33249517244 FIL
Mar 30 03:18:48 Datacap: 3160693276672
Mar 30 03:18:48 ....
Mar 30 03:18:49 Count: 3 of 4
Mar 30 03:18:49 f0157535 (1 / 1 tries):
Mar 30 03:18:50 f0421499: 23.293832210218907393 FIL (11G free)
Mar 30 03:18:50 Escrow: 0.999645757255 FIL
Mar 30 03:18:50 Locked: 0.33249517244 FIL
Mar 30 03:18:50 Datacap: 3160693276672
Mar 30 03:18:50 ....
Mar 30 03:18:51 Count: 3 of 4
Mar 30 03:18:51 f099608 (1 / 1 tries):
Mar 30 03:18:51 f0421499: 23.293832210218907393 FIL (11G free)
Mar 30 03:18:51 Escrow: 0.999645757255 FIL
Mar 30 03:18:51 Locked: 0.33249517244 FIL
Mar 30 03:18:52 Datacap: 3160693276672
Mar 30 03:18:52 ....
Mar 30 03:18:53 Count: 3 of 4
Mar 30 03:18:53 f023971 (1 / 1 tries):
Mar 30 03:18:53 f0421499: 23.293832210218907393 FIL (11G free)
Mar 30 03:18:53 Escrow: 0.999645757255 FIL
Mar 30 03:18:53 Locked: 0.33249517244 FIL
Mar 30 03:18:53 Datacap: 3160693276672
Mar 30 03:18:54 ....
Mar 30 03:18:55 Count: 3 of 4
Mar 30 03:18:55 f062353 (1 / 1 tries):
Mar 30 03:18:55 f0421499: 23.293832210218907393 FIL (11G free)
Mar 30 03:18:55 Escrow: 0.999645757255 FIL
Mar 30 03:18:55 Locked: 0.33249517244 FIL
Mar 30 03:18:55 Datacap: 3160693276672
Mar 30 03:18:55 ....
Mar 30 03:18:56 Count: 3 of 4
Mar 30 03:18:56 f023467 (1 / 1 tries):
Mar 30 03:18:57 f0421499: 23.293832210218907393 FIL (11G free)
Mar 30 03:18:57 Escrow: 0.999645757255 FIL
Mar 30 03:18:57 Locked: 0.33249517244 FIL
Mar 30 03:18:57 Datacap: 3160693276672
Mar 30 03:18:57 ....
Mar 30 03:18:58 Count: 3 of 4
Mar 30 03:18:58 f015927 (1 / 1 tries):
Mar 30 03:18:58 Skipping f015927: min-ask
Mar 30 03:18:58 
Mar 30 03:18:59 Count: 3 of 4
Mar 30 03:18:59 f022142 (1 / 1 tries):
Mar 30 03:19:00 f0421499: 23.293832210218907393 FIL (11G free)
Mar 30 03:19:00 Escrow: 0.999645757255 FIL
Mar 30 03:19:00 Locked: 0.33249517244 FIL
Mar 30 03:19:00 Datacap: 3160693276672
Mar 30 03:19:00 ....
Mar 30 03:19:01 Count: 3 of 4
Mar 30 03:19:01 f0127896 (1 / 1 tries):
Mar 30 03:19:02 Skipping f0127896: min-ask
Mar 30 03:19:02 
Mar 30 03:19:03 Count: 3 of 4
Mar 30 03:19:03 f0145874 (1 / 1 tries):
Mar 30 03:19:03 f0421499: 23.293832210218907393 FIL (11G free)
Mar 30 03:19:03 Escrow: 0.999645757255 FIL
Mar 30 03:19:03 Locked: 0.33249517244 FIL
Mar 30 03:19:03 Datacap: 3160693276672
Mar 30 03:19:03 ....
Mar 30 03:19:04 Count: 3 of 4
Mar 30 03:19:04 f014409 (1 / 1 tries):
Mar 30 03:19:05 f0421499: 23.293832210218907393 FIL (11G free)
Mar 30 03:19:05 Escrow: 0.999645757255 FIL
Mar 30 03:19:05 Locked: 0.33249517244 FIL
Mar 30 03:19:05 Datacap: 3160693276672
Mar 30 03:19:05 ....
Mar 30 03:19:06 Count: 3 of 4
Mar 30 03:19:06 f021716 (1 / 1 tries):
Mar 30 03:19:07 f0421499: 23.293832210218907393 FIL (11G free)
Mar 30 03:19:07 Escrow: 0.999645757255 FIL
Mar 30 03:19:07 Locked: 0.33249517244 FIL
Mar 30 03:19:07 Datacap: 3160693276672
Mar 30 03:19:07 ....
Mar 30 03:19:08 Count: 3 of 4
Mar 30 03:19:08 f01240 (1 / 1 tries):
Mar 30 03:19:09 f0421499: 23.293832210218907393 FIL (11G free)
Mar 30 03:19:09 Escrow: 0.999645757255 FIL
Mar 30 03:19:09 Locked: 0.33249517244 FIL
Mar 30 03:19:09 Datacap: 3160693276672
Mar 30 03:19:09 ....
Mar 30 03:19:10 Count: 3 of 4
Mar 30 03:19:10 f01277 (1 / 1 tries):
Mar 30 03:19:10 Skipping f01277: min-ask
Mar 30 03:19:10 
Mar 30 03:19:11 Count: 3 of 4
Mar 30 03:19:11 f010479 (1 / 1 tries):
Mar 30 03:19:12 f0421499: 23.293832210218907393 FIL (11G free)
Mar 30 03:19:12 Escrow: 0.999645757255 FIL
Mar 30 03:19:12 Locked: 0.33249517244 FIL
Mar 30 03:19:12 Datacap: 3160693276672
Mar 30 03:19:12 ....
Mar 30 03:19:13 Count: 3 of 4
Mar 30 03:19:13 f09848 (1 / 1 tries):
Mar 30 03:19:13 f0421499: 23.293832210218907393 FIL (11G free)
Mar 30 03:19:14 Escrow: 0.999645757255 FIL
Mar 30 03:19:14 Locked: 0.33249517244 FIL
Mar 30 03:19:14 Datacap: 3160693276672
Mar 30 03:19:14 ....
Mar 30 03:19:15 Count: 3 of 4
Mar 30 03:19:15 f014768 (1 / 1 tries):
Mar 30 03:19:15 f0421499: 23.293832210218907393 FIL (11G free)
Mar 30 03:19:16 Escrow: 0.999645757255 FIL
Mar 30 03:19:16 Locked: 0.33249517244 FIL
Mar 30 03:19:16 Datacap: 3160693276672
Mar 30 03:19:16 ....
Mar 30 03:19:17 Count: 3 of 4
Mar 30 03:19:17 f0165400 (1 / 1 tries):
Mar 30 03:19:17 f0421499: 23.293832210218907393 FIL (11G free)
Mar 30 03:19:17 Escrow: 0.999645757255 FIL
Mar 30 03:19:17 Locked: 0.33249517244 FIL
Mar 30 03:19:18 Datacap: 3160693276672
Mar 30 03:19:18 ....
Mar 30 03:19:19 Count: 3 of 4
Mar 30 03:19:19 f019551 (1 / 1 tries):
Mar 30 03:19:19 f0421499: 23.293832210218907393 FIL (11G free)
Mar 30 03:19:19 Escrow: 0.999645757255 FIL
Mar 30 03:19:19 Locked: 0.33249517244 FIL
Mar 30 03:19:19 Datacap: 3160693276672
Mar 30 03:19:19 ....
Mar 30 03:19:20 Count: 3 of 4
Mar 30 03:19:20 f02576 (1 / 1 tries):
Mar 30 03:19:21 f0421499: 23.293832210218907393 FIL (11G free)
Mar 30 03:19:21 Escrow: 0.999645757255 FIL
Mar 30 03:19:21 Locked: 0.33249517244 FIL
Mar 30 03:19:21 Datacap: 3160693276672
Mar 30 03:19:21 ....
Mar 30 03:19:22 Count: 3 of 4
Mar 30 03:19:22 f019100 (1 / 1 tries):
Mar 30 03:19:22 Skipping f019100: error-ask
Mar 30 03:19:22 
Mar 30 03:19:23 Count: 3 of 4
Mar 30 03:19:23 f022352 (1 / 1 tries):
Mar 30 03:19:24 f0421499: 23.293832210218907393 FIL (11G free)
Mar 30 03:19:24 Escrow: 0.999645757255 FIL
Mar 30 03:19:24 Locked: 0.33249517244 FIL
Mar 30 03:19:24 Datacap: 3160693276672
Mar 30 03:19:24 ....
Mar 30 03:19:25 Count: 3 of 4
Mar 30 03:19:25 f071624 (1 / 1 tries):
Mar 30 03:19:26 f0421499: 23.293832210218907393 FIL (11G free)
Mar 30 03:19:26 Escrow: 0.999645757255 FIL
Mar 30 03:19:26 Locked: 0.33249517244 FIL
Mar 30 03:19:26 Datacap: 3160693276672
Mar 30 03:19:26 ....
Mar 30 03:19:27 Count: 3 of 4
Mar 30 03:19:27 f08403 (1 / 1 tries):
Mar 30 03:19:27 f0421499: 23.293832210218907393 FIL (11G free)
Mar 30 03:19:27 Escrow: 0.999645757255 FIL
Mar 30 03:19:27 Locked: 0.33249517244 FIL
Mar 30 03:19:28 Datacap: 3160693276672
Mar 30 03:19:28 ....
Mar 30 03:19:29 Count: 3 of 4
Mar 30 03:19:29 f066596 (1 / 1 tries):
Mar 30 03:19:29 f0421499: 23.293832210218907393 FIL (11G free)
Mar 30 03:19:29 Escrow: 0.999645757255 FIL
Mar 30 03:19:29 Locked: 0.33249517244 FIL
Mar 30 03:19:30 Datacap: 3160693276672
Mar 30 03:19:30 ....
Mar 30 03:19:31 Count: 3 of 4
Mar 30 03:19:31 f058369 (1 / 1 tries):
Mar 30 03:19:31 f0421499: 23.293832210218907393 FIL (11G free)
Mar 30 03:19:31 Escrow: 0.999645757255 FIL
Mar 30 03:19:31 Locked: 0.33249517244 FIL
Mar 30 03:19:31 Datacap: 3160693276672
Mar 30 03:19:31 ....
Mar 30 03:19:32 Count: 3 of 4
Mar 30 03:19:32 f01278 (1 / 1 tries):
Mar 30 03:19:33 f0421499: 23.293832210218907393 FIL (11G free)
Mar 30 03:19:33 Escrow: 0.999645757255 FIL
Mar 30 03:19:33 Locked: 0.33249517244 FIL
Mar 30 03:19:33 Datacap: 3160693276672
Mar 30 03:19:33 ....
Mar 30 03:19:34 Count: 3 of 4
Mar 30 03:19:34 f07998 (1 / 1 tries):
Mar 30 03:19:35 f0421499: 23.293832210218907393 FIL (11G free)
Mar 30 03:19:35 Escrow: 0.999645757255 FIL
Mar 30 03:19:35 Locked: 0.33249517244 FIL
Mar 30 03:19:35 Datacap: 3160693276672
Mar 30 03:19:35 ....
Mar 30 03:19:36 Count: 3 of 4
Mar 30 03:19:36 f01234 (1 / 1 tries):
Mar 30 03:19:36 f0421499: 23.293832210218907393 FIL (11G free)
Mar 30 03:19:37 Escrow: 0.999645757255 FIL
Mar 30 03:19:37 Locked: 0.33249517244 FIL
Mar 30 03:19:37 Datacap: 3160693276672
Mar 30 03:19:37 ....
Mar 30 03:19:38 Count: 3 of 4
Mar 30 03:19:38 f01247 (1 / 1 tries):
Mar 30 03:19:38 f0421499: 23.293832210218907393 FIL (11G free)
Mar 30 03:19:38 Escrow: 0.999645757255 FIL
Mar 30 03:19:38 Locked: 0.33249517244 FIL
Mar 30 03:19:39 Datacap: 3160693276672
Mar 30 03:19:39 ....
Mar 30 03:19:40 Count: 3 of 4
Mar 30 03:19:40 f02606 (1 / 1 tries):
Mar 30 03:19:40 f0421499: 23.293832210218907393 FIL (11G free)
Mar 30 03:19:40 Escrow: 0.999645757255 FIL
Mar 30 03:19:40 Locked: 0.33249517244 FIL
Mar 30 03:19:40 Datacap: 3160693276672
Mar 30 03:19:40 ....
Mar 30 03:19:41 Count: 3 of 4
Mar 30 03:19:41 f019104 (1 / 1 tries):
Mar 30 03:19:42 Skipping f019104: error-ask
Mar 30 03:19:42 
Mar 30 03:19:43 Count: 3 of 4
Mar 30 03:19:43 f08399 (1 / 1 tries):
Mar 30 03:19:43 f0421499: 23.293832210218907393 FIL (11G free)
Mar 30 03:19:43 Escrow: 0.999645757255 FIL
Mar 30 03:19:43 Locked: 0.33249517244 FIL
Mar 30 03:19:43 Datacap: 3160693276672
Mar 30 03:19:43 ....
Mar 30 03:19:44 Count: 3 of 4
Mar 30 03:19:44 f022163 (1 / 1 tries):
Mar 30 03:19:45 f0421499: 23.293832210218907393 FIL (11G free)
Mar 30 03:19:45 Escrow: 0.999645757255 FIL
Mar 30 03:19:45 Locked: 0.33249517244 FIL
Mar 30 03:19:45 Datacap: 3160693276672
Mar 30 03:19:45 ....
