Mar 30 09:10:11 Count: 3 of 4
Mar 30 09:10:11 f014409 (1 / 1 tries):
Mar 30 09:10:11 f0421499: 23.293832210218907393 FIL (9.4G free)
Mar 30 09:10:11 Escrow: 0.999645757255 FIL
Mar 30 09:10:11 Locked: 0.33249517244 FIL
Mar 30 09:10:12 Datacap: 3160693276672
Mar 30 09:10:12 ....
Mar 30 09:10:13 Count: 3 of 4
Mar 30 09:10:13 f014768 (1 / 1 tries):
Mar 30 09:10:14 f0421499: 23.293832210218907393 FIL (9.4G free)
Mar 30 09:10:14 Escrow: 0.999645757255 FIL
Mar 30 09:10:14 Locked: 0.33249517244 FIL
Mar 30 09:10:14 Datacap: 3160693276672
Mar 30 09:10:14 ....
Mar 30 09:10:15 Count: 3 of 4
Mar 30 09:10:15 f01240 (1 / 1 tries):
Mar 30 09:10:16 f0421499: 23.293832210218907393 FIL (9.4G free)
Mar 30 09:10:16 Escrow: 0.999645757255 FIL
Mar 30 09:10:16 Locked: 0.33249517244 FIL
Mar 30 09:10:16 Datacap: 3160693276672
Mar 30 09:10:16 ....
Mar 30 09:10:17 Count: 3 of 4
Mar 30 09:10:17 f015927 (1 / 1 tries):
Mar 30 09:10:18 Skipping f015927: min-ask
Mar 30 09:10:18 
Mar 30 09:10:19 Count: 3 of 4
Mar 30 09:10:19 f021716 (1 / 1 tries):
Mar 30 09:10:20 f0421499: 23.293832210218907393 FIL (9.4G free)
Mar 30 09:10:20 Escrow: 0.999645757255 FIL
Mar 30 09:10:20 Locked: 0.33249517244 FIL
Mar 30 09:10:20 Datacap: 3160693276672
Mar 30 09:10:21 ....
Mar 30 09:10:22 Count: 3 of 4
Mar 30 09:10:22 f010617 (1 / 1 tries):
Mar 30 09:10:22 f0421499: 23.293832210218907393 FIL (9.4G free)
Mar 30 09:10:22 Escrow: 0.999645757255 FIL
Mar 30 09:10:22 Locked: 0.33249517244 FIL
Mar 30 09:10:23 Datacap: 3160693276672
Mar 30 09:10:23 ....
Mar 30 09:10:24 Count: 3 of 4
Mar 30 09:10:24 f0165400 (1 / 1 tries):
Mar 30 09:10:25 f0421499: 23.293832210218907393 FIL (9.4G free)
Mar 30 09:10:25 Escrow: 0.999645757255 FIL
Mar 30 09:10:25 Locked: 0.33249517244 FIL
Mar 30 09:10:25 Datacap: 3160693276672
Mar 30 09:10:26 ....
Mar 30 09:10:27 Count: 3 of 4
Mar 30 09:10:27 f058369 (1 / 1 tries):
Mar 30 09:10:27 f0421499: 23.293832210218907393 FIL (9.4G free)
Mar 30 09:10:28 Escrow: 0.999645757255 FIL
Mar 30 09:10:28 Locked: 0.33249517244 FIL
Mar 30 09:10:28 Datacap: 3160693276672
Mar 30 09:10:28 ....
Mar 30 09:10:29 Count: 3 of 4
Mar 30 09:10:29 f08403 (1 / 1 tries):
Mar 30 09:10:30 f0421499: 23.293832210218907393 FIL (9.4G free)
Mar 30 09:10:30 Escrow: 0.999645757255 FIL
Mar 30 09:10:30 Locked: 0.33249517244 FIL
Mar 30 09:10:30 Datacap: 3160693276672
Mar 30 09:10:31 ....
Mar 30 09:10:32 Count: 3 of 4
Mar 30 09:10:32 f019100 (1 / 1 tries):
Mar 30 09:10:32 Skipping f019100: error-ask
Mar 30 09:10:32 
Mar 30 09:10:33 Count: 3 of 4
Mar 30 09:10:33 f08399 (1 / 1 tries):
Mar 30 09:10:34 f0421499: 23.293832210218907393 FIL (9.4G free)
Mar 30 09:10:34 Escrow: 0.999645757255 FIL
Mar 30 09:10:34 Locked: 0.33249517244 FIL
Mar 30 09:10:35 Datacap: 3160693276672
Mar 30 09:10:35 ....
Mar 30 09:10:36 Count: 3 of 4
Mar 30 09:10:36 f019104 (1 / 1 tries):
Mar 30 09:10:36 Skipping f019104: error-ask
Mar 30 09:10:36 
Mar 30 09:10:37 Count: 3 of 4
Mar 30 09:10:37 f071624 (1 / 1 tries):
Mar 30 09:10:38 f0421499: 23.293832210218907393 FIL (9.4G free)
Mar 30 09:10:38 Escrow: 0.999645757255 FIL
Mar 30 09:10:38 Locked: 0.33249517244 FIL
Mar 30 09:10:39 Datacap: 3160693276672
Mar 30 09:10:39 ....
Mar 30 09:10:40 Count: 3 of 4
Mar 30 09:10:40 f099608 (1 / 1 tries):
Mar 30 09:10:41 f0421499: 23.293832210218907393 FIL (9.4G free)
Mar 30 09:10:41 Escrow: 0.999645757255 FIL
Mar 30 09:10:41 Locked: 0.33249517244 FIL
Mar 30 09:10:41 Datacap: 3160693276672
Mar 30 09:10:41 ....
Mar 30 09:10:42 Count: 3 of 4
Mar 30 09:10:42 f0157535 (1 / 1 tries):
Mar 30 09:10:43 f0421499: 23.293832210218907393 FIL (9.4G free)
Mar 30 09:10:43 Escrow: 0.999645757255 FIL
Mar 30 09:10:43 Locked: 0.33249517244 FIL
Mar 30 09:10:43 Datacap: 3160693276672
Mar 30 09:10:44 ....
Mar 30 09:10:45 Count: 3 of 4
Mar 30 09:10:45 f062353 (1 / 1 tries):
Mar 30 09:10:45 f0421499: 23.293832210218907393 FIL (9.4G free)
Mar 30 09:10:46 Escrow: 0.999645757255 FIL
Mar 30 09:10:46 Locked: 0.33249517244 FIL
Mar 30 09:10:46 Datacap: 3160693276672
Mar 30 09:10:46 ....
Mar 30 09:10:47 Count: 3 of 4
Mar 30 09:10:47 f0145874 (1 / 1 tries):
Mar 30 09:10:48 f0421499: 23.293832210218907393 FIL (9.4G free)
Mar 30 09:10:48 Escrow: 0.999645757255 FIL
Mar 30 09:10:48 Locked: 0.33249517244 FIL
Mar 30 09:10:49 Datacap: 3160693276672
Mar 30 09:10:49 ....
Mar 30 09:10:50 Count: 3 of 4
Mar 30 09:10:50 f066596 (1 / 1 tries):
Mar 30 09:10:51 f0421499: 23.293832210218907393 FIL (9.4G free)
Mar 30 09:10:51 Escrow: 0.999645757255 FIL
Mar 30 09:10:51 Locked: 0.33249517244 FIL
Mar 30 09:10:51 Datacap: 3160693276672
Mar 30 09:10:52 ....
Mar 30 09:10:53 Count: 3 of 4
Mar 30 09:10:53 f01278 (1 / 1 tries):
Mar 30 09:10:53 f0421499: 23.293832210218907393 FIL (9.4G free)
Mar 30 09:10:54 Escrow: 0.999645757255 FIL
Mar 30 09:10:54 Locked: 0.33249517244 FIL
Mar 30 09:10:54 Datacap: 3160693276672
Mar 30 09:10:54 ....
Mar 30 09:10:56 Count: 3 of 4
Mar 30 09:10:56 f022163 (1 / 1 tries):
Mar 30 09:10:56 f0421499: 23.293832210218907393 FIL (9.4G free)
Mar 30 09:10:56 Escrow: 0.999645757255 FIL
Mar 30 09:10:56 Locked: 0.33249517244 FIL
Mar 30 09:10:57 Datacap: 3160693276672
Mar 30 09:10:57 ....
Mar 30 09:10:58 Count: 3 of 4
Mar 30 09:10:58 f023467 (1 / 1 tries):
Mar 30 09:10:59 f0421499: 23.293832210218907393 FIL (9.4G free)
Mar 30 09:10:59 Escrow: 0.999645757255 FIL
Mar 30 09:10:59 Locked: 0.33249517244 FIL
Mar 30 09:11:00 Datacap: 3160693276672
Mar 30 09:11:00 ....
Mar 30 09:11:01 Count: 3 of 4
Mar 30 09:11:01 f023971 (1 / 1 tries):
Mar 30 09:11:02 f0421499: 23.293832210218907393 FIL (9.4G free)
Mar 30 09:11:02 Escrow: 0.999645757255 FIL
Mar 30 09:11:02 Locked: 0.33249517244 FIL
Mar 30 09:11:02 Datacap: 3160693276672
Mar 30 09:11:03 ....
Mar 30 09:11:04 Count: 3 of 4
Mar 30 09:11:04 f02606 (1 / 1 tries):
Mar 30 09:11:04 f0421499: 23.293832210218907393 FIL (9.4G free)
Mar 30 09:11:04 Escrow: 0.999645757255 FIL
Mar 30 09:11:04 Locked: 0.33249517244 FIL
Mar 30 09:11:04 Datacap: 3160693276672
Mar 30 09:11:04 ....
Mar 30 09:11:05 Count: 3 of 4
Mar 30 09:11:05 f07998 (1 / 1 tries):
Mar 30 09:11:06 f0421499: 23.293832210218907393 FIL (9.4G free)
Mar 30 09:11:07 Escrow: 0.999645757255 FIL
Mar 30 09:11:07 Locked: 0.33249517244 FIL
Mar 30 09:11:07 Datacap: 3160693276672
Mar 30 09:11:07 ....
Mar 30 09:11:08 Count: 3 of 4
Mar 30 09:11:08 f01234 (1 / 1 tries):
Mar 30 09:11:09 f0421499: 23.293832210218907393 FIL (9.4G free)
Mar 30 09:11:09 Escrow: 0.999645757255 FIL
Mar 30 09:11:09 Locked: 0.33249517244 FIL
Mar 30 09:11:10 Datacap: 3160693276672
Mar 30 09:11:10 ....
Mar 30 09:11:11 Count: 3 of 4
Mar 30 09:11:11 f022352 (1 / 1 tries):
Mar 30 09:11:11 f0421499: 23.293832210218907393 FIL (9.4G free)
Mar 30 09:11:11 Escrow: 0.999645757255 FIL
Mar 30 09:11:11 Locked: 0.33249517244 FIL
Mar 30 09:11:12 Datacap: 3160693276672
Mar 30 09:11:12 ....
Mar 30 09:11:13 Count: 3 of 4
Mar 30 09:11:13 f01277 (1 / 1 tries):
Mar 30 09:11:14 Skipping f01277: min-ask
Mar 30 09:11:14 
Mar 30 09:11:15 Count: 3 of 4
Mar 30 09:11:15 f019551 (1 / 1 tries):
Mar 30 09:11:15 f0421499: 23.293832210218907393 FIL (9.4G free)
Mar 30 09:11:16 Escrow: 0.999645757255 FIL
Mar 30 09:11:16 Locked: 0.33249517244 FIL
Mar 30 09:11:16 Datacap: 3160693276672
Mar 30 09:11:16 ....
Mar 30 09:11:17 Count: 3 of 4
Mar 30 09:11:17 f01247 (1 / 1 tries):
Mar 30 09:11:18 f0421499: 23.293832210218907393 FIL (9.4G free)
Mar 30 09:11:18 Escrow: 0.999645757255 FIL
Mar 30 09:11:18 Locked: 0.33249517244 FIL
Mar 30 09:11:18 Datacap: 3160693276672
Mar 30 09:11:18 ....
Mar 30 09:11:19 Count: 3 of 4
Mar 30 09:11:19 f02576 (1 / 1 tries):
Mar 30 09:11:20 f0421499: 23.293832210218907393 FIL (9.4G free)
Mar 30 09:11:20 Escrow: 0.999645757255 FIL
Mar 30 09:11:20 Locked: 0.33249517244 FIL
Mar 30 09:11:21 Datacap: 3160693276672
Mar 30 09:11:21 ....
Mar 30 09:11:22 Count: 3 of 4
Mar 30 09:11:22 f09848 (1 / 1 tries):
Mar 30 09:11:23 f0421499: 23.293832210218907393 FIL (9.4G free)
Mar 30 09:11:23 Escrow: 0.999645757255 FIL
Mar 30 09:11:23 Locked: 0.33249517244 FIL
Mar 30 09:11:23 Datacap: 3160693276672
Mar 30 09:11:24 ....
Mar 30 09:11:25 Count: 3 of 4
Mar 30 09:11:25 f0127896 (1 / 1 tries):
Mar 30 09:11:25 Skipping f0127896: min-ask
Mar 30 09:11:25 
Mar 30 09:11:26 Count: 3 of 4
Mar 30 09:11:26 f019041 (1 / 1 tries):
Mar 30 09:11:27 f0421499: 23.293832210218907393 FIL (9.4G free)
Mar 30 09:11:27 Escrow: 0.999645757255 FIL
Mar 30 09:11:27 Locked: 0.33249517244 FIL
Mar 30 09:11:28 Datacap: 3160693276672
Mar 30 09:11:28 ....
Mar 30 09:11:29 Count: 3 of 4
Mar 30 09:11:29 f019362 (1 / 1 tries):
Mar 30 09:11:29 f0421499: 23.293832210218907393 FIL (9.4G free)
Mar 30 09:11:29 Escrow: 0.999645757255 FIL
Mar 30 09:11:29 Locked: 0.33249517244 FIL
Mar 30 09:11:30 Datacap: 3160693276672
Mar 30 09:11:30 ....
Mar 30 09:11:31 Count: 3 of 4
Mar 30 09:11:31 f010479 (1 / 1 tries):
Mar 30 09:11:32 f0421499: 23.293832210218907393 FIL (9.4G free)
Mar 30 09:11:32 Escrow: 0.999645757255 FIL
Mar 30 09:11:32 Locked: 0.33249517244 FIL
Mar 30 09:11:33 Datacap: 3160693276672
Mar 30 09:11:33 ....
Mar 30 09:11:34 Count: 3 of 4
Mar 30 09:11:34 f022142 (1 / 1 tries):
Mar 30 09:11:35 f0421499: 23.293832210218907393 FIL (9.4G free)
Mar 30 09:11:35 Escrow: 0.999645757255 FIL
Mar 30 09:11:35 Locked: 0.33249517244 FIL
Mar 30 09:11:36 Datacap: 3160693276672
Mar 30 09:11:36 ....
