Mar 30 03:29:31 Count: 3 of 4
Mar 30 03:29:31 f0145874 (1 / 1 tries):
Mar 30 03:29:32 f0421499: 23.293832210218907393 FIL (11G free)
Mar 30 03:29:32 Escrow: 0.999645757255 FIL
Mar 30 03:29:32 Locked: 0.33249517244 FIL
Mar 30 03:29:32 Datacap: 3160693276672
Mar 30 03:29:32 ....
Mar 30 03:29:33 Count: 3 of 4
Mar 30 03:29:33 f066596 (1 / 1 tries):
Mar 30 03:29:34 f0421499: 23.293832210218907393 FIL (11G free)
Mar 30 03:29:34 Escrow: 0.999645757255 FIL
Mar 30 03:29:34 Locked: 0.33249517244 FIL
Mar 30 03:29:34 Datacap: 3160693276672
Mar 30 03:29:34 ....
Mar 30 03:29:35 Count: 3 of 4
Mar 30 03:29:35 f08403 (1 / 1 tries):
Mar 30 03:29:35 f0421499: 23.293832210218907393 FIL (11G free)
Mar 30 03:29:36 Escrow: 0.999645757255 FIL
Mar 30 03:29:36 Locked: 0.33249517244 FIL
Mar 30 03:29:36 Datacap: 3160693276672
Mar 30 03:29:36 ....
Mar 30 03:29:37 Count: 3 of 4
Mar 30 03:29:37 f0157535 (1 / 1 tries):
Mar 30 03:29:37 f0421499: 23.293832210218907393 FIL (11G free)
Mar 30 03:29:37 Escrow: 0.999645757255 FIL
Mar 30 03:29:37 Locked: 0.33249517244 FIL
Mar 30 03:29:38 Datacap: 3160693276672
Mar 30 03:29:38 ....
Mar 30 03:29:39 Count: 3 of 4
Mar 30 03:29:39 f01247 (1 / 1 tries):
Mar 30 03:29:39 f0421499: 23.293832210218907393 FIL (11G free)
Mar 30 03:29:39 Escrow: 0.999645757255 FIL
Mar 30 03:29:39 Locked: 0.33249517244 FIL
Mar 30 03:29:39 Datacap: 3160693276672
Mar 30 03:29:39 ....
Mar 30 03:29:40 Count: 3 of 4
Mar 30 03:29:40 f014409 (1 / 1 tries):
Mar 30 03:29:41 f0421499: 23.293832210218907393 FIL (11G free)
Mar 30 03:29:41 Escrow: 0.999645757255 FIL
Mar 30 03:29:41 Locked: 0.33249517244 FIL
Mar 30 03:29:41 Datacap: 3160693276672
Mar 30 03:29:41 ....
Mar 30 03:29:42 Count: 3 of 4
Mar 30 03:29:42 f014768 (1 / 1 tries):
Mar 30 03:29:43 f0421499: 23.293832210218907393 FIL (11G free)
Mar 30 03:29:43 Escrow: 0.999645757255 FIL
Mar 30 03:29:43 Locked: 0.33249517244 FIL
Mar 30 03:29:43 Datacap: 3160693276672
Mar 30 03:29:43 ....
Mar 30 03:29:44 Count: 3 of 4
Mar 30 03:29:44 f022142 (1 / 1 tries):
Mar 30 03:29:44 f0421499: 23.293832210218907393 FIL (11G free)
Mar 30 03:29:44 Escrow: 0.999645757255 FIL
Mar 30 03:29:44 Locked: 0.33249517244 FIL
Mar 30 03:29:45 Datacap: 3160693276672
Mar 30 03:29:45 ....
Mar 30 03:29:46 Count: 3 of 4
Mar 30 03:29:46 f09848 (1 / 1 tries):
Mar 30 03:29:46 f0421499: 23.293832210218907393 FIL (11G free)
Mar 30 03:29:46 Escrow: 0.999645757255 FIL
Mar 30 03:29:46 Locked: 0.33249517244 FIL
Mar 30 03:29:47 Datacap: 3160693276672
Mar 30 03:29:47 ....
Mar 30 03:29:48 Count: 3 of 4
Mar 30 03:29:48 f02576 (1 / 1 tries):
Mar 30 03:29:48 f0421499: 23.293832210218907393 FIL (11G free)
Mar 30 03:29:48 Escrow: 0.999645757255 FIL
Mar 30 03:29:48 Locked: 0.33249517244 FIL
Mar 30 03:29:48 Datacap: 3160693276672
Mar 30 03:29:48 ....
Mar 30 03:29:49 Count: 3 of 4
Mar 30 03:29:49 f062353 (1 / 1 tries):
Mar 30 03:29:50 f0421499: 23.293832210218907393 FIL (11G free)
Mar 30 03:29:50 Escrow: 0.999645757255 FIL
Mar 30 03:29:50 Locked: 0.33249517244 FIL
Mar 30 03:29:50 Datacap: 3160693276672
Mar 30 03:29:50 ....
Mar 30 03:29:51 Count: 3 of 4
Mar 30 03:29:51 f01278 (1 / 1 tries):
Mar 30 03:29:51 f0421499: 23.293832210218907393 FIL (11G free)
Mar 30 03:29:52 Escrow: 0.999645757255 FIL
Mar 30 03:29:52 Locked: 0.33249517244 FIL
Mar 30 03:29:52 Datacap: 3160693276672
Mar 30 03:29:52 ....
Mar 30 03:29:53 Count: 3 of 4
Mar 30 03:29:53 f01234 (1 / 1 tries):
Mar 30 03:29:53 f0421499: 23.293832210218907393 FIL (11G free)
Mar 30 03:29:53 Escrow: 0.999645757255 FIL
Mar 30 03:29:53 Locked: 0.33249517244 FIL
Mar 30 03:29:54 Datacap: 3160693276672
Mar 30 03:29:54 ....
Mar 30 03:29:55 Count: 3 of 4
Mar 30 03:29:55 f019104 (1 / 1 tries):
Mar 30 03:29:55 Skipping f019104: error-ask
Mar 30 03:29:55 
Mar 30 03:29:56 Count: 3 of 4
Mar 30 03:29:56 f099608 (1 / 1 tries):
Mar 30 03:29:56 f0421499: 23.293832210218907393 FIL (11G free)
Mar 30 03:29:56 Escrow: 0.999645757255 FIL
Mar 30 03:29:56 Locked: 0.33249517244 FIL
Mar 30 03:29:57 Datacap: 3160693276672
Mar 30 03:29:57 ....
Mar 30 03:29:58 Count: 3 of 4
Mar 30 03:29:58 f010617 (1 / 1 tries):
Mar 30 03:29:58 f0421499: 23.293832210218907393 FIL (11G free)
Mar 30 03:29:58 Escrow: 0.999645757255 FIL
Mar 30 03:29:58 Locked: 0.33249517244 FIL
Mar 30 03:29:58 Datacap: 3160693276672
Mar 30 03:29:58 ....
Mar 30 03:29:59 Count: 3 of 4
Mar 30 03:29:59 f08399 (1 / 1 tries):
Mar 30 03:30:00 f0421499: 23.293832210218907393 FIL (11G free)
Mar 30 03:30:00 Escrow: 0.999645757255 FIL
Mar 30 03:30:00 Locked: 0.33249517244 FIL
Mar 30 03:30:00 Datacap: 3160693276672
Mar 30 03:30:00 ....
Mar 30 03:30:01 Count: 3 of 4
Mar 30 03:30:01 f023467 (1 / 1 tries):
Mar 30 03:30:02 f0421499: 23.293832210218907393 FIL (11G free)
Mar 30 03:30:02 Escrow: 0.999645757255 FIL
Mar 30 03:30:02 Locked: 0.33249517244 FIL
Mar 30 03:30:02 Datacap: 3160693276672
Mar 30 03:30:02 ....
Mar 30 03:30:03 Count: 3 of 4
Mar 30 03:30:03 f021716 (1 / 1 tries):
Mar 30 03:30:03 f0421499: 23.293832210218907393 FIL (11G free)
Mar 30 03:30:04 Escrow: 0.999645757255 FIL
Mar 30 03:30:04 Locked: 0.33249517244 FIL
Mar 30 03:30:04 Datacap: 3160693276672
Mar 30 03:30:04 ....
Mar 30 03:30:05 Count: 3 of 4
Mar 30 03:30:05 f019551 (1 / 1 tries):
Mar 30 03:30:05 f0421499: 23.293832210218907393 FIL (11G free)
Mar 30 03:30:05 Escrow: 0.999645757255 FIL
Mar 30 03:30:05 Locked: 0.33249517244 FIL
Mar 30 03:30:06 Datacap: 3160693276672
Mar 30 03:30:06 ....
Mar 30 03:30:07 Count: 3 of 4
Mar 30 03:30:07 f0127896 (1 / 1 tries):
Mar 30 03:30:07 Skipping f0127896: min-ask
Mar 30 03:30:07 
Mar 30 03:30:08 Count: 3 of 4
Mar 30 03:30:08 f019041 (1 / 1 tries):
Mar 30 03:30:08 f0421499: 23.293832210218907393 FIL (11G free)
Mar 30 03:30:08 Escrow: 0.999645757255 FIL
Mar 30 03:30:08 Locked: 0.33249517244 FIL
Mar 30 03:30:09 Datacap: 3160693276672
Mar 30 03:30:09 ....
Mar 30 03:30:10 Count: 3 of 4
Mar 30 03:30:10 f071624 (1 / 1 tries):
Mar 30 03:30:10 f0421499: 23.293832210218907393 FIL (11G free)
Mar 30 03:30:11 Escrow: 0.999645757255 FIL
Mar 30 03:30:11 Locked: 0.33249517244 FIL
Mar 30 03:30:11 Datacap: 3160693276672
Mar 30 03:30:11 ....
Mar 30 03:30:12 Count: 3 of 4
Mar 30 03:30:12 f019362 (1 / 1 tries):
Mar 30 03:30:12 f0421499: 23.293832210218907393 FIL (11G free)
Mar 30 03:30:12 Escrow: 0.999645757255 FIL
Mar 30 03:30:12 Locked: 0.33249517244 FIL
Mar 30 03:30:13 Datacap: 3160693276672
Mar 30 03:30:13 ....
Mar 30 03:30:14 Count: 3 of 4
Mar 30 03:30:14 f023971 (1 / 1 tries):
Mar 30 03:30:14 f0421499: 23.293832210218907393 FIL (11G free)
Mar 30 03:30:14 Escrow: 0.999645757255 FIL
Mar 30 03:30:14 Locked: 0.33249517244 FIL
Mar 30 03:30:14 Datacap: 3160693276672
Mar 30 03:30:14 ....
Mar 30 03:30:15 Count: 3 of 4
Mar 30 03:30:15 f07998 (1 / 1 tries):
Mar 30 03:30:16 f0421499: 23.293832210218907393 FIL (11G free)
Mar 30 03:30:16 Escrow: 0.999645757255 FIL
Mar 30 03:30:16 Locked: 0.33249517244 FIL
Mar 30 03:30:16 Datacap: 3160693276672
Mar 30 03:30:16 ....
Mar 30 03:30:17 Count: 3 of 4
Mar 30 03:30:17 f0165400 (1 / 1 tries):
Mar 30 03:30:17 f0421499: 23.293832210218907393 FIL (11G free)
Mar 30 03:30:18 Escrow: 0.999645757255 FIL
Mar 30 03:30:18 Locked: 0.33249517244 FIL
Mar 30 03:30:18 Datacap: 3160693276672
Mar 30 03:30:18 ....
Mar 30 03:30:19 Count: 3 of 4
Mar 30 03:30:19 f010479 (1 / 1 tries):
Mar 30 03:30:19 f0421499: 23.293832210218907393 FIL (11G free)
Mar 30 03:30:19 Escrow: 0.999645757255 FIL
Mar 30 03:30:19 Locked: 0.33249517244 FIL
Mar 30 03:30:20 Datacap: 3160693276672
Mar 30 03:30:20 ....
Mar 30 03:30:21 Count: 3 of 4
Mar 30 03:30:21 f022163 (1 / 1 tries):
Mar 30 03:30:21 f0421499: 23.293832210218907393 FIL (11G free)
Mar 30 03:30:21 Escrow: 0.999645757255 FIL
Mar 30 03:30:21 Locked: 0.33249517244 FIL
Mar 30 03:30:22 Datacap: 3160693276672
Mar 30 03:30:22 ....
Mar 30 03:30:23 Count: 3 of 4
Mar 30 03:30:23 f022352 (1 / 1 tries):
Mar 30 03:30:23 f0421499: 23.293832210218907393 FIL (11G free)
Mar 30 03:30:23 Escrow: 0.999645757255 FIL
Mar 30 03:30:23 Locked: 0.33249517244 FIL
Mar 30 03:30:23 Datacap: 3160693276672
Mar 30 03:30:23 ....
Mar 30 03:30:24 Count: 3 of 4
Mar 30 03:30:24 f058369 (1 / 1 tries):
Mar 30 03:30:25 f0421499: 23.293832210218907393 FIL (11G free)
Mar 30 03:30:25 Escrow: 0.999645757255 FIL
Mar 30 03:30:25 Locked: 0.33249517244 FIL
Mar 30 03:30:25 Datacap: 3160693276672
Mar 30 03:30:25 ....
Mar 30 03:30:26 Count: 3 of 4
Mar 30 03:30:26 f01240 (1 / 1 tries):
Mar 30 03:30:26 f0421499: 23.293832210218907393 FIL (11G free)
Mar 30 03:30:27 Escrow: 0.999645757255 FIL
Mar 30 03:30:27 Locked: 0.33249517244 FIL
Mar 30 03:30:27 Datacap: 3160693276672
Mar 30 03:30:27 ....
Mar 30 03:30:28 Count: 3 of 4
Mar 30 03:30:28 f019100 (1 / 1 tries):
Mar 30 03:30:28 Skipping f019100: error-ask
Mar 30 03:30:28 
Mar 30 03:30:29 Count: 3 of 4
Mar 30 03:30:29 f015927 (1 / 1 tries):
Mar 30 03:30:29 Skipping f015927: min-ask
Mar 30 03:30:29 
Mar 30 03:30:30 Count: 3 of 4
Mar 30 03:30:30 f01277 (1 / 1 tries):
Mar 30 03:30:31 Skipping f01277: min-ask
Mar 30 03:30:31 
Mar 30 03:30:32 Count: 3 of 4
Mar 30 03:30:32 f02606 (1 / 1 tries):
Mar 30 03:30:32 f0421499: 23.293832210218907393 FIL (11G free)
Mar 30 03:30:32 Escrow: 0.999645757255 FIL
Mar 30 03:30:32 Locked: 0.33249517244 FIL
Mar 30 03:30:33 Datacap: 3160693276672
Mar 30 03:30:33 ....
