Mar 30 08:22:37 Count: 3 of 4
Mar 30 08:22:37 f010479 (1 / 1 tries):
Mar 30 08:22:38 f0421499: 23.293832210218907393 FIL (9.5G free)
Mar 30 08:22:38 Escrow: 0.999645757255 FIL
Mar 30 08:22:38 Locked: 0.33249517244 FIL
Mar 30 08:22:38 Datacap: 3160693276672
Mar 30 08:22:38 ....
Mar 30 08:22:39 Count: 3 of 4
Mar 30 08:22:39 f0165400 (1 / 1 tries):
Mar 30 08:22:40 f0421499: 23.293832210218907393 FIL (9.5G free)
Mar 30 08:22:40 Escrow: 0.999645757255 FIL
Mar 30 08:22:40 Locked: 0.33249517244 FIL
Mar 30 08:22:41 Datacap: 3160693276672
Mar 30 08:22:41 ....
Mar 30 08:22:42 Count: 3 of 4
Mar 30 08:22:42 f01240 (1 / 1 tries):
Mar 30 08:22:42 f0421499: 23.293832210218907393 FIL (9.5G free)
Mar 30 08:22:42 Escrow: 0.999645757255 FIL
Mar 30 08:22:42 Locked: 0.33249517244 FIL
Mar 30 08:22:43 Datacap: 3160693276672
Mar 30 08:22:43 ....
Mar 30 08:22:44 Count: 3 of 4
Mar 30 08:22:44 f08399 (1 / 1 tries):
Mar 30 08:22:45 f0421499: 23.293832210218907393 FIL (9.5G free)
Mar 30 08:22:45 Escrow: 0.999645757255 FIL
Mar 30 08:22:45 Locked: 0.33249517244 FIL
Mar 30 08:22:45 Datacap: 3160693276672
Mar 30 08:22:46 ....
Mar 30 08:22:47 Count: 3 of 4
Mar 30 08:22:47 f01278 (1 / 1 tries):
Mar 30 08:22:47 f0421499: 23.293832210218907393 FIL (9.5G free)
Mar 30 08:22:47 Escrow: 0.999645757255 FIL
Mar 30 08:22:47 Locked: 0.33249517244 FIL
Mar 30 08:22:47 Datacap: 3160693276672
Mar 30 08:22:47 ....
Mar 30 08:22:49 Count: 3 of 4
Mar 30 08:22:49 f01277 (1 / 1 tries):
Mar 30 08:22:49 Skipping f01277: min-ask
Mar 30 08:22:49 
Mar 30 08:22:50 Count: 3 of 4
Mar 30 08:22:50 f023971 (1 / 1 tries):
Mar 30 08:22:51 f0421499: 23.293832210218907393 FIL (9.5G free)
Mar 30 08:22:51 Escrow: 0.999645757255 FIL
Mar 30 08:22:51 Locked: 0.33249517244 FIL
Mar 30 08:22:52 Datacap: 3160693276672
Mar 30 08:22:52 ....
Mar 30 08:22:53 Count: 3 of 4
Mar 30 08:22:53 f058369 (1 / 1 tries):
Mar 30 08:22:53 f0421499: 23.293832210218907393 FIL (9.5G free)
Mar 30 08:22:53 Escrow: 0.999645757255 FIL
Mar 30 08:22:53 Locked: 0.33249517244 FIL
Mar 30 08:22:54 Datacap: 3160693276672
Mar 30 08:22:54 ....
Mar 30 08:22:55 Count: 3 of 4
Mar 30 08:22:55 f02576 (1 / 1 tries):
Mar 30 08:22:56 f0421499: 23.293832210218907393 FIL (9.5G free)
Mar 30 08:22:56 Escrow: 0.999645757255 FIL
Mar 30 08:22:56 Locked: 0.33249517244 FIL
Mar 30 08:22:56 Datacap: 3160693276672
Mar 30 08:22:57 ....
Mar 30 08:22:58 Count: 3 of 4
Mar 30 08:22:58 f014768 (1 / 1 tries):
Mar 30 08:22:59 f0421499: 23.293832210218907393 FIL (9.5G free)
Mar 30 08:22:59 Escrow: 0.999645757255 FIL
Mar 30 08:22:59 Locked: 0.33249517244 FIL
Mar 30 08:22:59 Datacap: 3160693276672
Mar 30 08:22:59 ....
Mar 30 08:23:00 Count: 3 of 4
Mar 30 08:23:00 f066596 (1 / 1 tries):
Mar 30 08:23:01 f0421499: 23.293832210218907393 FIL (9.5G free)
Mar 30 08:23:01 Escrow: 0.999645757255 FIL
Mar 30 08:23:01 Locked: 0.33249517244 FIL
Mar 30 08:23:02 Datacap: 3160693276672
Mar 30 08:23:02 ....
Mar 30 08:23:03 Count: 3 of 4
Mar 30 08:23:03 f01247 (1 / 1 tries):
Mar 30 08:23:04 f0421499: 23.293832210218907393 FIL (9.5G free)
Mar 30 08:23:04 Escrow: 0.999645757255 FIL
Mar 30 08:23:04 Locked: 0.33249517244 FIL
Mar 30 08:23:05 Datacap: 3160693276672
Mar 30 08:23:05 ....
Mar 30 08:23:06 Count: 3 of 4
Mar 30 08:23:06 f022142 (1 / 1 tries):
Mar 30 08:23:06 f0421499: 23.293832210218907393 FIL (9.5G free)
Mar 30 08:23:07 Escrow: 0.999645757255 FIL
Mar 30 08:23:07 Locked: 0.33249517244 FIL
Mar 30 08:23:07 Datacap: 3160693276672
Mar 30 08:23:07 ....
Mar 30 08:23:08 Count: 3 of 4
Mar 30 08:23:08 f0145874 (1 / 1 tries):
Mar 30 08:23:09 f0421499: 23.293832210218907393 FIL (9.5G free)
Mar 30 08:23:09 Escrow: 0.999645757255 FIL
Mar 30 08:23:09 Locked: 0.33249517244 FIL
Mar 30 08:23:09 Datacap: 3160693276672
Mar 30 08:23:10 ....
Mar 30 08:23:11 Count: 3 of 4
Mar 30 08:23:11 f0127896 (1 / 1 tries):
Mar 30 08:23:11 Skipping f0127896: min-ask
Mar 30 08:23:11 
Mar 30 08:23:12 Count: 3 of 4
Mar 30 08:23:12 f022352 (1 / 1 tries):
Mar 30 08:23:13 f0421499: 23.293832210218907393 FIL (9.5G free)
Mar 30 08:23:13 Escrow: 0.999645757255 FIL
Mar 30 08:23:13 Locked: 0.33249517244 FIL
Mar 30 08:23:13 Datacap: 3160693276672
Mar 30 08:23:14 ....
Mar 30 08:23:15 Count: 3 of 4
Mar 30 08:23:15 f02606 (1 / 1 tries):
Mar 30 08:23:15 f0421499: 23.293832210218907393 FIL (9.5G free)
Mar 30 08:23:16 Escrow: 0.999645757255 FIL
Mar 30 08:23:16 Locked: 0.33249517244 FIL
Mar 30 08:23:16 Datacap: 3160693276672
Mar 30 08:23:16 ....
Mar 30 08:23:17 Count: 3 of 4
Mar 30 08:23:17 f023467 (1 / 1 tries):
Mar 30 08:23:18 f0421499: 23.293832210218907393 FIL (9.5G free)
Mar 30 08:23:18 Escrow: 0.999645757255 FIL
Mar 30 08:23:18 Locked: 0.33249517244 FIL
Mar 30 08:23:19 Datacap: 3160693276672
Mar 30 08:23:19 ....
Mar 30 08:23:20 Count: 3 of 4
Mar 30 08:23:20 f019551 (1 / 1 tries):
Mar 30 08:23:21 f0421499: 23.293832210218907393 FIL (9.5G free)
Mar 30 08:23:21 Escrow: 0.999645757255 FIL
Mar 30 08:23:21 Locked: 0.33249517244 FIL
Mar 30 08:23:21 Datacap: 3160693276672
Mar 30 08:23:21 ....
Mar 30 08:23:22 Count: 3 of 4
Mar 30 08:23:22 f08403 (1 / 1 tries):
Mar 30 08:23:23 f0421499: 23.293832210218907393 FIL (9.5G free)
Mar 30 08:23:23 Escrow: 0.999645757255 FIL
Mar 30 08:23:23 Locked: 0.33249517244 FIL
Mar 30 08:23:24 Datacap: 3160693276672
Mar 30 08:23:24 ....
Mar 30 08:23:25 Count: 3 of 4
Mar 30 08:23:25 f019362 (1 / 1 tries):
Mar 30 08:23:26 f0421499: 23.293832210218907393 FIL (9.5G free)
Mar 30 08:23:26 Escrow: 0.999645757255 FIL
Mar 30 08:23:26 Locked: 0.33249517244 FIL
Mar 30 08:23:26 Datacap: 3160693276672
Mar 30 08:23:26 ....
Mar 30 08:23:27 Count: 3 of 4
Mar 30 08:23:27 f099608 (1 / 1 tries):
Mar 30 08:23:28 f0421499: 23.293832210218907393 FIL (9.5G free)
Mar 30 08:23:28 Escrow: 0.999645757255 FIL
Mar 30 08:23:28 Locked: 0.33249517244 FIL
Mar 30 08:23:29 Datacap: 3160693276672
Mar 30 08:23:29 ....
Mar 30 08:23:30 Count: 3 of 4
Mar 30 08:23:30 f07998 (1 / 1 tries):
Mar 30 08:23:31 f0421499: 23.293832210218907393 FIL (9.5G free)
Mar 30 08:23:31 Escrow: 0.999645757255 FIL
Mar 30 08:23:31 Locked: 0.33249517244 FIL
Mar 30 08:23:31 Datacap: 3160693276672
Mar 30 08:23:31 ....
Mar 30 08:23:32 Count: 3 of 4
Mar 30 08:23:32 f071624 (1 / 1 tries):
Mar 30 08:23:33 f0421499: 23.293832210218907393 FIL (9.5G free)
Mar 30 08:23:33 Escrow: 0.999645757255 FIL
Mar 30 08:23:33 Locked: 0.33249517244 FIL
Mar 30 08:23:33 Datacap: 3160693276672
Mar 30 08:23:34 ....
Mar 30 08:23:35 Count: 3 of 4
Mar 30 08:23:35 f09848 (1 / 1 tries):
Mar 30 08:23:35 f0421499: 23.293832210218907393 FIL (9.5G free)
Mar 30 08:23:36 Escrow: 0.999645757255 FIL
Mar 30 08:23:36 Locked: 0.33249517244 FIL
Mar 30 08:23:36 Datacap: 3160693276672
Mar 30 08:23:36 ....
Mar 30 08:23:37 Count: 3 of 4
Mar 30 08:23:37 f01234 (1 / 1 tries):
Mar 30 08:23:38 f0421499: 23.293832210218907393 FIL (9.5G free)
Mar 30 08:23:38 Escrow: 0.999645757255 FIL
Mar 30 08:23:38 Locked: 0.33249517244 FIL
Mar 30 08:23:39 Datacap: 3160693276672
Mar 30 08:23:39 ....
Mar 30 08:23:40 Count: 3 of 4
Mar 30 08:23:40 f015927 (1 / 1 tries):
Mar 30 08:23:40 Skipping f015927: min-ask
Mar 30 08:23:40 
Mar 30 08:23:41 Count: 3 of 4
Mar 30 08:23:41 f019104 (1 / 1 tries):
Mar 30 08:23:41 Skipping f019104: error-ask
Mar 30 08:23:41 
Mar 30 08:23:42 Count: 3 of 4
Mar 30 08:23:42 f062353 (1 / 1 tries):
Mar 30 08:23:43 f0421499: 23.293832210218907393 FIL (9.5G free)
Mar 30 08:23:43 Escrow: 0.999645757255 FIL
Mar 30 08:23:43 Locked: 0.33249517244 FIL
Mar 30 08:23:44 Datacap: 3160693276672
Mar 30 08:23:44 ....
Mar 30 08:23:45 Count: 3 of 4
Mar 30 08:23:45 f021716 (1 / 1 tries):
Mar 30 08:23:46 f0421499: 23.293832210218907393 FIL (9.5G free)
Mar 30 08:23:46 Escrow: 0.999645757255 FIL
Mar 30 08:23:46 Locked: 0.33249517244 FIL
Mar 30 08:23:46 Datacap: 3160693276672
Mar 30 08:23:46 ....
Mar 30 08:23:47 Count: 3 of 4
Mar 30 08:23:47 f019041 (1 / 1 tries):
Mar 30 08:23:48 f0421499: 23.293832210218907393 FIL (9.5G free)
Mar 30 08:23:48 Escrow: 0.999645757255 FIL
Mar 30 08:23:48 Locked: 0.33249517244 FIL
Mar 30 08:23:48 Datacap: 3160693276672
Mar 30 08:23:49 ....
Mar 30 08:23:50 Count: 3 of 4
Mar 30 08:23:50 f010617 (1 / 1 tries):
Mar 30 08:23:50 f0421499: 23.293832210218907393 FIL (9.5G free)
Mar 30 08:23:50 Escrow: 0.999645757255 FIL
Mar 30 08:23:50 Locked: 0.33249517244 FIL
Mar 30 08:23:51 Datacap: 3160693276672
Mar 30 08:23:51 ....
Mar 30 08:23:52 Count: 3 of 4
Mar 30 08:23:52 f0157535 (1 / 1 tries):
Mar 30 08:23:52 f0421499: 23.293832210218907393 FIL (9.5G free)
Mar 30 08:23:53 Escrow: 0.999645757255 FIL
Mar 30 08:23:53 Locked: 0.33249517244 FIL
Mar 30 08:23:53 Datacap: 3160693276672
Mar 30 08:23:53 ....
Mar 30 08:23:54 Count: 3 of 4
Mar 30 08:23:54 f014409 (1 / 1 tries):
Mar 30 08:23:54 f0421499: 23.293832210218907393 FIL (9.5G free)
Mar 30 08:23:54 Escrow: 0.999645757255 FIL
Mar 30 08:23:54 Locked: 0.33249517244 FIL
Mar 30 08:23:55 Datacap: 3160693276672
Mar 30 08:23:55 ....
Mar 30 08:23:56 Count: 3 of 4
Mar 30 08:23:56 f019100 (1 / 1 tries):
Mar 30 08:23:56 Skipping f019100: error-ask
Mar 30 08:23:56 
Mar 30 08:23:57 Count: 3 of 4
Mar 30 08:23:57 f022163 (1 / 1 tries):
Mar 30 08:23:58 f0421499: 23.293832210218907393 FIL (9.5G free)
Mar 30 08:23:58 Escrow: 0.999645757255 FIL
Mar 30 08:23:58 Locked: 0.33249517244 FIL
Mar 30 08:23:58 Datacap: 3160693276672
Mar 30 08:23:59 ....
