Mar 30 04:48:08 Count: 3 of 4
Mar 30 04:48:08 f023467 (1 / 1 tries):
Mar 30 04:48:09 f0421499: 23.293832210218907393 FIL (11G free)
Mar 30 04:48:09 Escrow: 0.999645757255 FIL
Mar 30 04:48:09 Locked: 0.33249517244 FIL
Mar 30 04:48:10 Datacap: 3160693276672
Mar 30 04:48:10 ....
Mar 30 04:48:11 Count: 3 of 4
Mar 30 04:48:11 f0145874 (1 / 1 tries):
Mar 30 04:48:12 f0421499: 23.293832210218907393 FIL (11G free)
Mar 30 04:48:12 Escrow: 0.999645757255 FIL
Mar 30 04:48:12 Locked: 0.33249517244 FIL
Mar 30 04:48:12 Datacap: 3160693276672
Mar 30 04:48:12 ....
Mar 30 04:48:13 Count: 3 of 4
Mar 30 04:48:13 f058369 (1 / 1 tries):
Mar 30 04:48:14 f0421499: 23.293832210218907393 FIL (11G free)
Mar 30 04:48:14 Escrow: 0.999645757255 FIL
Mar 30 04:48:14 Locked: 0.33249517244 FIL
Mar 30 04:48:14 Datacap: 3160693276672
Mar 30 04:48:14 ....
Mar 30 04:48:16 Count: 3 of 4
Mar 30 04:48:16 f066596 (1 / 1 tries):
Mar 30 04:48:16 f0421499: 23.293832210218907393 FIL (11G free)
Mar 30 04:48:16 Escrow: 0.999645757255 FIL
Mar 30 04:48:16 Locked: 0.33249517244 FIL
Mar 30 04:48:17 Datacap: 3160693276672
Mar 30 04:48:17 ....
Mar 30 04:48:18 Count: 3 of 4
Mar 30 04:48:18 f022163 (1 / 1 tries):
Mar 30 04:48:19 f0421499: 23.293832210218907393 FIL (11G free)
Mar 30 04:48:19 Escrow: 0.999645757255 FIL
Mar 30 04:48:19 Locked: 0.33249517244 FIL
Mar 30 04:48:19 Datacap: 3160693276672
Mar 30 04:48:19 ....
Mar 30 04:48:20 Count: 3 of 4
Mar 30 04:48:20 f01278 (1 / 1 tries):
Mar 30 04:48:21 f0421499: 23.293832210218907393 FIL (11G free)
Mar 30 04:48:21 Escrow: 0.999645757255 FIL
Mar 30 04:48:21 Locked: 0.33249517244 FIL
Mar 30 04:48:21 Datacap: 3160693276672
Mar 30 04:48:21 ....
Mar 30 04:48:22 Count: 3 of 4
Mar 30 04:48:22 f021716 (1 / 1 tries):
Mar 30 04:48:23 f0421499: 23.293832210218907393 FIL (11G free)
Mar 30 04:48:23 Escrow: 0.999645757255 FIL
Mar 30 04:48:23 Locked: 0.33249517244 FIL
Mar 30 04:48:24 Datacap: 3160693276672
Mar 30 04:48:24 ....
Mar 30 04:48:25 Count: 3 of 4
Mar 30 04:48:25 f062353 (1 / 1 tries):
Mar 30 04:48:25 f0421499: 23.293832210218907393 FIL (11G free)
Mar 30 04:48:26 Escrow: 0.999645757255 FIL
Mar 30 04:48:26 Locked: 0.33249517244 FIL
Mar 30 04:48:26 Datacap: 3160693276672
Mar 30 04:48:26 ....
Mar 30 04:48:27 Count: 3 of 4
Mar 30 04:48:27 f02606 (1 / 1 tries):
Mar 30 04:48:27 f0421499: 23.293832210218907393 FIL (11G free)
Mar 30 04:48:27 Escrow: 0.999645757255 FIL
Mar 30 04:48:27 Locked: 0.33249517244 FIL
Mar 30 04:48:28 Datacap: 3160693276672
Mar 30 04:48:28 ....
Mar 30 04:48:29 Count: 3 of 4
Mar 30 04:48:29 f08399 (1 / 1 tries):
Mar 30 04:48:29 f0421499: 23.293832210218907393 FIL (11G free)
Mar 30 04:48:29 Escrow: 0.999645757255 FIL
Mar 30 04:48:29 Locked: 0.33249517244 FIL
Mar 30 04:48:30 Datacap: 3160693276672
Mar 30 04:48:30 ....
Mar 30 04:48:31 Count: 3 of 4
Mar 30 04:48:31 f022352 (1 / 1 tries):
Mar 30 04:48:32 f0421499: 23.293832210218907393 FIL (11G free)
Mar 30 04:48:32 Escrow: 0.999645757255 FIL
Mar 30 04:48:32 Locked: 0.33249517244 FIL
Mar 30 04:48:32 Datacap: 3160693276672
Mar 30 04:48:32 ....
Mar 30 04:48:34 Count: 3 of 4
Mar 30 04:48:34 f019100 (1 / 1 tries):
Mar 30 04:48:34 Skipping f019100: error-ask
Mar 30 04:48:34 
Mar 30 04:48:35 Count: 3 of 4
Mar 30 04:48:35 f014409 (1 / 1 tries):
Mar 30 04:48:35 f0421499: 23.293832210218907393 FIL (11G free)
Mar 30 04:48:36 Escrow: 0.999645757255 FIL
Mar 30 04:48:36 Locked: 0.33249517244 FIL
Mar 30 04:48:36 Datacap: 3160693276672
Mar 30 04:48:36 ....
Mar 30 04:48:37 Count: 3 of 4
Mar 30 04:48:37 f010479 (1 / 1 tries):
Mar 30 04:48:38 f0421499: 23.293832210218907393 FIL (11G free)
Mar 30 04:48:38 Escrow: 0.999645757255 FIL
Mar 30 04:48:38 Locked: 0.33249517244 FIL
Mar 30 04:48:38 Datacap: 3160693276672
Mar 30 04:48:39 ....
Mar 30 04:48:40 Count: 3 of 4
Mar 30 04:48:40 f022142 (1 / 1 tries):
Mar 30 04:48:40 f0421499: 23.293832210218907393 FIL (11G free)
Mar 30 04:48:41 Escrow: 0.999645757255 FIL
Mar 30 04:48:41 Locked: 0.33249517244 FIL
Mar 30 04:48:41 Datacap: 3160693276672
Mar 30 04:48:41 ....
Mar 30 04:48:42 Count: 3 of 4
Mar 30 04:48:42 f014768 (1 / 1 tries):
Mar 30 04:48:43 f0421499: 23.293832210218907393 FIL (11G free)
Mar 30 04:48:43 Escrow: 0.999645757255 FIL
Mar 30 04:48:43 Locked: 0.33249517244 FIL
Mar 30 04:48:43 Datacap: 3160693276672
Mar 30 04:48:44 ....
Mar 30 04:48:45 Count: 3 of 4
Mar 30 04:48:45 f099608 (1 / 1 tries):
Mar 30 04:48:45 f0421499: 23.293832210218907393 FIL (11G free)
Mar 30 04:48:46 Escrow: 0.999645757255 FIL
Mar 30 04:48:46 Locked: 0.33249517244 FIL
Mar 30 04:48:46 Datacap: 3160693276672
Mar 30 04:48:46 ....
Mar 30 04:48:47 Count: 3 of 4
Mar 30 04:48:47 f010617 (1 / 1 tries):
Mar 30 04:48:48 f0421499: 23.293832210218907393 FIL (11G free)
Mar 30 04:48:48 Escrow: 0.999645757255 FIL
Mar 30 04:48:48 Locked: 0.33249517244 FIL
Mar 30 04:48:48 Datacap: 3160693276672
Mar 30 04:48:48 ....
Mar 30 04:48:49 Count: 3 of 4
Mar 30 04:48:49 f01247 (1 / 1 tries):
Mar 30 04:48:50 f0421499: 23.293832210218907393 FIL (11G free)
Mar 30 04:48:50 Escrow: 0.999645757255 FIL
Mar 30 04:48:50 Locked: 0.33249517244 FIL
Mar 30 04:48:51 Datacap: 3160693276672
Mar 30 04:48:51 ....
Mar 30 04:48:52 Count: 3 of 4
Mar 30 04:48:52 f08403 (1 / 1 tries):
Mar 30 04:48:53 f0421499: 23.293832210218907393 FIL (11G free)
Mar 30 04:48:53 Escrow: 0.999645757255 FIL
Mar 30 04:48:53 Locked: 0.33249517244 FIL
Mar 30 04:48:53 Datacap: 3160693276672
Mar 30 04:48:53 ....
Mar 30 04:48:54 Count: 3 of 4
Mar 30 04:48:54 f019041 (1 / 1 tries):
Mar 30 04:48:55 f0421499: 23.293832210218907393 FIL (11G free)
Mar 30 04:48:55 Escrow: 0.999645757255 FIL
Mar 30 04:48:55 Locked: 0.33249517244 FIL
Mar 30 04:48:55 Datacap: 3160693276672
Mar 30 04:48:56 ....
Mar 30 04:48:57 Count: 3 of 4
Mar 30 04:48:57 f0157535 (1 / 1 tries):
Mar 30 04:48:58 f0421499: 23.293832210218907393 FIL (11G free)
Mar 30 04:48:58 Escrow: 0.999645757255 FIL
Mar 30 04:48:58 Locked: 0.33249517244 FIL
Mar 30 04:48:58 Datacap: 3160693276672
Mar 30 04:48:58 ....
Mar 30 04:48:59 Count: 3 of 4
Mar 30 04:48:59 f01277 (1 / 1 tries):
Mar 30 04:49:00 Skipping f01277: min-ask
Mar 30 04:49:00 
Mar 30 04:49:01 Count: 3 of 4
Mar 30 04:49:01 f015927 (1 / 1 tries):
Mar 30 04:49:01 Skipping f015927: min-ask
Mar 30 04:49:01 
Mar 30 04:49:02 Count: 3 of 4
Mar 30 04:49:02 f0127896 (1 / 1 tries):
Mar 30 04:49:03 Skipping f0127896: min-ask
Mar 30 04:49:03 
Mar 30 04:49:04 Count: 3 of 4
Mar 30 04:49:04 f07998 (1 / 1 tries):
Mar 30 04:49:04 f0421499: 23.293832210218907393 FIL (11G free)
Mar 30 04:49:04 Escrow: 0.999645757255 FIL
Mar 30 04:49:04 Locked: 0.33249517244 FIL
Mar 30 04:49:05 Datacap: 3160693276672
Mar 30 04:49:05 ....
Mar 30 04:49:06 Count: 3 of 4
Mar 30 04:49:06 f019362 (1 / 1 tries):
Mar 30 04:49:07 f0421499: 23.293832210218907393 FIL (11G free)
Mar 30 04:49:07 Escrow: 0.999645757255 FIL
Mar 30 04:49:07 Locked: 0.33249517244 FIL
Mar 30 04:49:08 Datacap: 3160693276672
Mar 30 04:49:08 ....
Mar 30 04:49:09 Count: 3 of 4
Mar 30 04:49:09 f0165400 (1 / 1 tries):
Mar 30 04:49:10 f0421499: 23.293832210218907393 FIL (11G free)
Mar 30 04:49:10 Escrow: 0.999645757255 FIL
Mar 30 04:49:10 Locked: 0.33249517244 FIL
Mar 30 04:49:10 Datacap: 3160693276672
Mar 30 04:49:10 ....
Mar 30 04:49:11 Count: 3 of 4
Mar 30 04:49:11 f02576 (1 / 1 tries):
Mar 30 04:49:12 f0421499: 23.293832210218907393 FIL (11G free)
Mar 30 04:49:12 Escrow: 0.999645757255 FIL
Mar 30 04:49:12 Locked: 0.33249517244 FIL
Mar 30 04:49:13 Datacap: 3160693276672
Mar 30 04:49:13 ....
Mar 30 04:49:14 Count: 3 of 4
Mar 30 04:49:14 f023971 (1 / 1 tries):
Mar 30 04:49:15 f0421499: 23.293832210218907393 FIL (11G free)
Mar 30 04:49:15 Escrow: 0.999645757255 FIL
Mar 30 04:49:15 Locked: 0.33249517244 FIL
Mar 30 04:49:15 Datacap: 3160693276672
Mar 30 04:49:16 ....
Mar 30 04:49:17 Count: 3 of 4
Mar 30 04:49:17 f019104 (1 / 1 tries):
Mar 30 04:49:17 Skipping f019104: error-ask
Mar 30 04:49:17 
Mar 30 04:49:18 Count: 3 of 4
Mar 30 04:49:18 f01234 (1 / 1 tries):
Mar 30 04:49:19 f0421499: 23.293832210218907393 FIL (11G free)
Mar 30 04:49:19 Escrow: 0.999645757255 FIL
Mar 30 04:49:19 Locked: 0.33249517244 FIL
Mar 30 04:49:20 Datacap: 3160693276672
Mar 30 04:49:20 ....
Mar 30 04:49:21 Count: 3 of 4
Mar 30 04:49:21 f01240 (1 / 1 tries):
Mar 30 04:49:21 f0421499: 23.293832210218907393 FIL (11G free)
Mar 30 04:49:21 Escrow: 0.999645757255 FIL
Mar 30 04:49:21 Locked: 0.33249517244 FIL
Mar 30 04:49:22 Datacap: 3160693276672
Mar 30 04:49:22 ....
Mar 30 04:49:23 Count: 3 of 4
Mar 30 04:49:23 f09848 (1 / 1 tries):
Mar 30 04:49:23 f0421499: 23.293832210218907393 FIL (11G free)
Mar 30 04:49:24 Escrow: 0.999645757255 FIL
Mar 30 04:49:24 Locked: 0.33249517244 FIL
Mar 30 04:49:24 Datacap: 3160693276672
Mar 30 04:49:24 ....
Mar 30 04:49:25 Count: 3 of 4
Mar 30 04:49:25 f071624 (1 / 1 tries):
Mar 30 04:49:26 f0421499: 23.293832210218907393 FIL (11G free)
Mar 30 04:49:26 Escrow: 0.999645757255 FIL
Mar 30 04:49:26 Locked: 0.33249517244 FIL
Mar 30 04:49:27 Datacap: 3160693276672
Mar 30 04:49:27 ....
Mar 30 04:49:28 Count: 3 of 4
Mar 30 04:49:28 f019551 (1 / 1 tries):
Mar 30 04:49:29 f0421499: 23.293832210218907393 FIL (11G free)
Mar 30 04:49:29 Escrow: 0.999645757255 FIL
Mar 30 04:49:29 Locked: 0.33249517244 FIL
Mar 30 04:49:29 Datacap: 3160693276672
Mar 30 04:49:29 ....
