Mar 30 01:49:45 Count: 3 of 4
Mar 30 01:49:45 f023467 (1 / 1 tries):
Mar 30 01:49:46 f0421499: 23.311372269204350478 FIL (22G free)
Mar 30 01:49:46 Escrow: 0.999999997255 FIL
Mar 30 01:49:46 Locked: 0.33284941244 FIL
Mar 30 01:49:46 Datacap: 3469930921984
Mar 30 01:49:46 ....
Mar 30 01:49:47 Count: 3 of 4
Mar 30 01:49:47 f01277 (1 / 1 tries):
Mar 30 01:49:48 Skipping f01277: min-ask
Mar 30 01:49:48 
Mar 30 01:49:49 Count: 3 of 4
Mar 30 01:49:49 f08403 (1 / 1 tries):
Mar 30 01:49:49 f0421499: 23.311372269204350478 FIL (22G free)
Mar 30 01:49:49 Escrow: 0.999999997255 FIL
Mar 30 01:49:49 Locked: 0.33284941244 FIL
Mar 30 01:49:49 Datacap: 3469930921984
Mar 30 01:49:49 ....
Mar 30 01:49:50 Count: 3 of 4
Mar 30 01:49:50 f01240 (1 / 1 tries):
Mar 30 01:49:51 f0421499: 23.311372269204350478 FIL (22G free)
Mar 30 01:49:51 Escrow: 0.999999997255 FIL
Mar 30 01:49:51 Locked: 0.33284941244 FIL
Mar 30 01:49:51 Datacap: 3469930921984
Mar 30 01:49:51 ....
Mar 30 01:49:52 Count: 3 of 4
Mar 30 01:49:52 f019100 (1 / 1 tries):
Mar 30 01:49:52 Skipping f019100: error-ask
Mar 30 01:49:52 
Mar 30 01:49:53 Count: 3 of 4
Mar 30 01:49:53 f015927 (1 / 1 tries):
Mar 30 01:49:54 Skipping f015927: min-ask
Mar 30 01:49:54 
Mar 30 01:49:55 Count: 3 of 4
Mar 30 01:49:55 f0145874 (1 / 1 tries):
Mar 30 01:49:55 f0421499: 23.311372269204350478 FIL (21G free)
Mar 30 01:49:55 Escrow: 0.999999997255 FIL
Mar 30 01:49:55 Locked: 0.33284941244 FIL
Mar 30 01:49:56 Datacap: 3469930921984
Mar 30 01:49:56 ....
Mar 30 01:49:57 Count: 3 of 4
Mar 30 01:49:57 f062353 (1 / 1 tries):
Mar 30 01:49:57 f0421499: 23.311372269204350478 FIL (21G free)
Mar 30 01:49:57 Escrow: 0.999999997255 FIL
Mar 30 01:49:57 Locked: 0.33284941244 FIL
Mar 30 01:49:58 Datacap: 3469930921984
Mar 30 01:49:58 ....
Mar 30 01:49:59 Count: 3 of 4
Mar 30 01:49:59 f08399 (1 / 1 tries):
Mar 30 01:49:59 f0421499: 23.311372269204350478 FIL (21G free)
Mar 30 01:49:59 Escrow: 0.999999997255 FIL
Mar 30 01:49:59 Locked: 0.33284941244 FIL
Mar 30 01:50:00 Datacap: 3469930921984
Mar 30 01:50:00 ....
Mar 30 01:50:01 Count: 3 of 4
Mar 30 01:50:01 f058369 (1 / 1 tries):
Mar 30 01:50:02 f0421499: 23.311372269204350478 FIL (21G free)
Mar 30 01:50:02 Escrow: 0.999999997255 FIL
Mar 30 01:50:02 Locked: 0.33284941244 FIL
Mar 30 01:50:03 Datacap: 3469930921984
Mar 30 01:50:03 ....
Mar 30 01:50:04 Count: 3 of 4
Mar 30 01:50:04 f01278 (1 / 1 tries):
Mar 30 01:50:04 f0421499: 23.311372269204350478 FIL (21G free)
Mar 30 01:50:04 Escrow: 0.999999997255 FIL
Mar 30 01:50:04 Locked: 0.33284941244 FIL
Mar 30 01:50:05 Datacap: 3469930921984
Mar 30 01:50:05 ....
Mar 30 01:50:06 Count: 3 of 4
Mar 30 01:50:06 f022163 (1 / 1 tries):
Mar 30 01:50:06 f0421499: 23.311372269204350478 FIL (21G free)
Mar 30 01:50:06 Escrow: 0.999999997255 FIL
Mar 30 01:50:06 Locked: 0.33284941244 FIL
Mar 30 01:50:07 Datacap: 3469930921984
Mar 30 01:50:07 ....
Mar 30 01:50:08 Count: 3 of 4
Mar 30 01:50:08 f09848 (1 / 1 tries):
Mar 30 01:50:08 f0421499: 23.311372269204350478 FIL (21G free)
Mar 30 01:50:08 Escrow: 0.999999997255 FIL
Mar 30 01:50:08 Locked: 0.33284941244 FIL
Mar 30 01:50:08 Datacap: 3469930921984
Mar 30 01:50:08 ....
Mar 30 01:50:09 Count: 3 of 4
Mar 30 01:50:09 f0165400 (1 / 1 tries):
Mar 30 01:50:10 f0421499: 23.311372269204350478 FIL (21G free)
Mar 30 01:50:10 Escrow: 0.999999997255 FIL
Mar 30 01:50:10 Locked: 0.33284941244 FIL
Mar 30 01:50:10 Datacap: 3469930921984
Mar 30 01:50:10 ....
Mar 30 01:50:11 Count: 3 of 4
Mar 30 01:50:11 f022352 (1 / 1 tries):
Mar 30 01:50:12 f0421499: 23.311372269204350478 FIL (21G free)
Mar 30 01:50:12 Escrow: 0.999999997255 FIL
Mar 30 01:50:12 Locked: 0.33284941244 FIL
Mar 30 01:50:12 Datacap: 3469930921984
Mar 30 01:50:12 ....
Mar 30 01:50:13 Count: 3 of 4
Mar 30 01:50:13 f022142 (1 / 1 tries):
Mar 30 01:50:13 f0421499: 23.311372269204350478 FIL (21G free)
Mar 30 01:50:14 Escrow: 0.999999997255 FIL
Mar 30 01:50:14 Locked: 0.33284941244 FIL
Mar 30 01:50:14 Datacap: 3469930921984
Mar 30 01:50:14 ....
Mar 30 01:50:15 Count: 3 of 4
Mar 30 01:50:15 f02576 (1 / 1 tries):
Mar 30 01:50:15 f0421499: 23.311372269204350478 FIL (21G free)
Mar 30 01:50:15 Escrow: 0.999999997255 FIL
Mar 30 01:50:15 Locked: 0.33284941244 FIL
Mar 30 01:50:16 Datacap: 3469930921984
Mar 30 01:50:16 ....
Mar 30 01:50:17 Count: 3 of 4
Mar 30 01:50:17 f019362 (1 / 1 tries):
Mar 30 01:50:17 f0421499: 23.311372269204350478 FIL (21G free)
Mar 30 01:50:17 Escrow: 0.999999997255 FIL
Mar 30 01:50:17 Locked: 0.33284941244 FIL
Mar 30 01:50:18 Datacap: 3469930921984
Mar 30 01:50:18 ....
Mar 30 01:50:19 Count: 3 of 4
Mar 30 01:50:19 f0157535 (1 / 1 tries):
Mar 30 01:50:19 f0421499: 23.311372269204350478 FIL (21G free)
Mar 30 01:50:19 Escrow: 0.999999997255 FIL
Mar 30 01:50:19 Locked: 0.33284941244 FIL
Mar 30 01:50:19 Datacap: 3469930921984
Mar 30 01:50:19 ....
Mar 30 01:50:20 Count: 3 of 4
Mar 30 01:50:20 f01234 (1 / 1 tries):
Mar 30 01:50:21 f0421499: 23.311372269204350478 FIL (21G free)
Mar 30 01:50:21 Escrow: 0.999999997255 FIL
Mar 30 01:50:21 Locked: 0.33284941244 FIL
Mar 30 01:50:21 Datacap: 3469930921984
Mar 30 01:50:21 ....
Mar 30 01:50:22 Count: 3 of 4
Mar 30 01:50:22 f010617 (1 / 1 tries):
Mar 30 01:50:22 f0421499: 23.311372269204350478 FIL (21G free)
Mar 30 01:50:23 Escrow: 0.999999997255 FIL
Mar 30 01:50:23 Locked: 0.33284941244 FIL
Mar 30 01:50:23 Datacap: 3469930921984
Mar 30 01:50:23 ....
Mar 30 01:50:24 Count: 3 of 4
Mar 30 01:50:24 f02606 (1 / 1 tries):
Mar 30 01:50:24 f0421499: 23.311372269204350478 FIL (21G free)
Mar 30 01:50:24 Escrow: 0.999999997255 FIL
Mar 30 01:50:24 Locked: 0.33284941244 FIL
Mar 30 01:50:25 Datacap: 3469930921984
Mar 30 01:50:25 ....
Mar 30 01:50:26 Count: 3 of 4
Mar 30 01:50:26 f014768 (1 / 1 tries):
Mar 30 01:50:27 f0421499: 23.311372269204350478 FIL (21G free)
Mar 30 01:50:27 Escrow: 0.999999997255 FIL
Mar 30 01:50:27 Locked: 0.33284941244 FIL
Mar 30 01:50:28 Datacap: 3469930921984
Mar 30 01:50:28 ....
Mar 30 01:50:29 Count: 3 of 4
Mar 30 01:50:29 f07998 (1 / 1 tries):
Mar 30 01:50:30 f0421499: 23.311372269204350478 FIL (20G free)
Mar 30 01:50:30 Escrow: 0.999999997255 FIL
Mar 30 01:50:30 Locked: 0.33284941244 FIL
Mar 30 01:50:30 Datacap: 3469930921984
Mar 30 01:50:30 ....
Mar 30 01:50:31 Count: 3 of 4
Mar 30 01:50:31 f010479 (1 / 1 tries):
Mar 30 01:50:32 f0421499: 23.311372269204350478 FIL (20G free)
Mar 30 01:50:32 Escrow: 0.999999997255 FIL
Mar 30 01:50:32 Locked: 0.33284941244 FIL
Mar 30 01:50:32 Datacap: 3469930921984
Mar 30 01:50:32 ....
Mar 30 01:50:33 Count: 3 of 4
Mar 30 01:50:33 f099608 (1 / 1 tries):
Mar 30 01:50:34 f0421499: 23.311372269204350478 FIL (20G free)
Mar 30 01:50:34 Escrow: 0.999999997255 FIL
Mar 30 01:50:34 Locked: 0.33284941244 FIL
Mar 30 01:50:34 Datacap: 3469930921984
Mar 30 01:50:34 ....
Mar 30 01:50:35 Count: 3 of 4
Mar 30 01:50:35 f0127896 (1 / 1 tries):
Mar 30 01:50:35 Skipping f0127896: min-ask
Mar 30 01:50:35 
Mar 30 01:50:36 Count: 3 of 4
Mar 30 01:50:36 f019041 (1 / 1 tries):
Mar 30 01:50:37 f0421499: 23.311372269204350478 FIL (20G free)
Mar 30 01:50:37 Escrow: 0.999999997255 FIL
Mar 30 01:50:37 Locked: 0.33284941244 FIL
Mar 30 01:50:37 Datacap: 3469930921984
Mar 30 01:50:37 ....
Mar 30 01:50:38 Count: 3 of 4
Mar 30 01:50:38 f021716 (1 / 1 tries):
Mar 30 01:50:39 f0421499: 23.311372269204350478 FIL (20G free)
Mar 30 01:50:39 Escrow: 0.999999997255 FIL
Mar 30 01:50:39 Locked: 0.33284941244 FIL
Mar 30 01:50:39 Datacap: 3469930921984
Mar 30 01:50:39 ....
Mar 30 01:50:40 Count: 3 of 4
Mar 30 01:50:40 f019551 (1 / 1 tries):
Mar 30 01:50:41 f0421499: 23.311372269204350478 FIL (20G free)
Mar 30 01:50:41 Escrow: 0.999999997255 FIL
Mar 30 01:50:41 Locked: 0.33284941244 FIL
Mar 30 01:50:41 Datacap: 3469930921984
Mar 30 01:50:41 ....
Mar 30 01:50:42 Count: 3 of 4
Mar 30 01:50:42 f01247 (1 / 1 tries):
Mar 30 01:50:42 f0421499: 23.311372269204350478 FIL (20G free)
Mar 30 01:50:43 Escrow: 0.999999997255 FIL
Mar 30 01:50:43 Locked: 0.33284941244 FIL
Mar 30 01:50:43 Datacap: 3469930921984
Mar 30 01:50:43 ....
Mar 30 01:50:44 Count: 3 of 4
Mar 30 01:50:44 f023971 (1 / 1 tries):
Mar 30 01:50:44 f0421499: 23.311372269204350478 FIL (20G free)
Mar 30 01:50:44 Escrow: 0.999999997255 FIL
Mar 30 01:50:44 Locked: 0.33284941244 FIL
Mar 30 01:50:45 Datacap: 3469930921984
Mar 30 01:50:45 .minimal_finality_stateroots_620860_2021-03-28_12-00-00.car.ab 2 of 4
Mar 30 01:50:45 Ask: f023971
Mar 30 01:50:45 Price per GiB: 0.00000001 FIL
Mar 30 01:50:45 Verified Price per GiB: 0 FIL
Mar 30 01:50:45 Max Piece size: 32 GiB
Mar 30 01:50:45 Min Piece size: 512 MiB
Mar 30 01:50:45 Miner: f023971
Mar 30 01:50:45 CID: bafykbzacedqs6z3a56hasssv234ddhav7zgrlaukfnj6norlu4deptzsezn6g
Mar 30 01:50:45 [34mLotus deal-tool[39m
Mar 30 01:50:45 CID: bafykbzacedqs6z3a56hasssv234ddhav7zgrlaukfnj6norlu4deptzsezn6g
Mar 30 01:50:45 Miner: f023971
Mar 30 01:50:45 [32mMatch for RE:[39m "Data CID .*:" found: ["Data CID (from \x1b[33mlotus client import\x1b[0m):"] Buffer: Data CID (from [33mlotus client import[0m): 
Mar 30 01:50:45 [34mSent:[39m "bafykbzacedqs6z3a56hasssv234ddhav7zgrlaukfnj6norlu4deptzsezn6g\n"
Mar 30 01:54:48 [32mMatch for RE:[39m "Deal duration .*:" found: ["Deal duration (days):"] Buffer: [34m.. calculating data size
Mar 30 01:54:48 [0mDeal duration (days): 
Mar 30 01:54:48 [34mSent:[39m "180\n"
Mar 30 01:54:48 [32mMatch for RE:[39m "Make this a verified deal.*:" found: ["Make this a verified deal? (yes/no):"] Buffer: 
Mar 30 01:54:48 Make this a verified deal? (yes/no): 
Mar 30 01:54:48 [34mSent:[39m "yes\n"
Mar 30 01:54:48 [32mMatch for RE:[39m "Miner Addresses .*:" found: ["Miner Addresses (f0.. f0..), none to find:"] Buffer: Miner Addresses (f0.. f0..), none to find: 
Mar 30 01:54:48 [34mSent:[39m "f023971\n"
Mar 30 01:54:50 [32mMatch for RE:[39m "Accept .*:" found: ["Accept (yes/no):"] Buffer: [34m.. querying miner asks
Mar 30 01:54:50 [0m-----
Mar 30 01:54:50 Proposing from f1wdxdpqh3hirrhp353i4o6ld7bsw6evh3v7i5jtq
Mar 30 01:54:50 	Balance: 23.311372269204350478 FIL
Mar 30 01:54:50 
Mar 30 01:54:50 Piece size: 32GiB (Payload size: 16.64GiB)
Mar 30 01:54:50 Duration: 4320h0m0s
Mar 30 01:54:50 Total price: ~[36m0 FIL[0m (0 FIL per epoch)
Mar 30 01:54:50 Verified: true
Mar 30 01:54:50 
Mar 30 01:54:50 Accept (yes/no): 
Mar 30 01:54:50 Price: 0
Mar 30 01:54:50 [34mSent:[39m "yes\n"
Mar 30 01:54:52 [32mFinal result: [34m.. executing
Mar 30 01:54:52 [0mDeal (f023971) CID: [32mbafyreiei3mtdzvmsd4g57kxzbko2hoxscitelhobvucs7vewiucxsyhv2a[0m
Mar 30 01:54:52 
Mar 30 01:54:52 [39m
Mar 30 01:54:52 [32mDeal CID: bafyreiei3mtdzvmsd4g57kxzbko2hoxscitelhobvucs7vewiucxsyhv2a
Mar 30 01:54:52 
Mar 30 01:54:52 [39m
Mar 30 01:54:52 Wrote bafyreiei3mtdzvmsd4g57kxzbko2hoxscitelhobvucs7vewiucxsyhv2a
Mar 30 01:54:52  to minimal_finality_stateroots_620860_2021-03-28_12-00-00.car.ab.f0421499.deal
Mar 30 01:54:52 
Mar 30 01:54:53 Count: 4 of 4
Mar 30 01:54:53 Resetting
Mar 30 01:54:53 removed 'minimal_finality_stateroots_620860_2021-03-28_12-00-00.car.aa.f0421499.deal'
Mar 30 01:54:53 removed 'minimal_finality_stateroots_620860_2021-03-28_12-00-00.car.ab.f0421499.deal'
Mar 30 01:54:53 removed 'minimal_finality_stateroots_624460_2021-03-29_18-00-00.car.aa.f0421499.deal'
Mar 30 01:54:53 removed 'minimal_finality_stateroots_624460_2021-03-29_18-00-00.car.ab.f0421499.deal'
Mar 30 01:54:53 
Mar 30 01:54:58 ls: cannot access '*.f0421499.deal': No such file or directory
Mar 30 01:54:58 Count: 0 of 4
Mar 30 01:54:58 f019104 (1 / 1 tries):
Mar 30 01:54:59 Skipping f019104: error-ask
Mar 30 01:54:59 
Mar 30 01:55:00 ls: cannot access '*.f0421499.deal': No such file or directory
Mar 30 01:55:00 Count: 0 of 4
Mar 30 01:55:00 f071624 (1 / 1 tries):
Mar 30 01:55:00 f0421499: 23.311372269204350478 FIL (33G free)
Mar 30 01:55:00 Escrow: 0.999999997255 FIL
Mar 30 01:55:00 Locked: 0.33284941244 FIL
Mar 30 01:55:01 Datacap: 3469930921984
Mar 30 01:55:01 ..minimal_finality_stateroots_624460_2021-03-29_18-00-00.car.aa 3 of 4
Mar 30 01:55:01 Ask: f071624
Mar 30 01:55:01 Price per GiB: 0.00000002 FIL
Mar 30 01:55:01 Verified Price per GiB: 0 FIL
Mar 30 01:55:01 Max Piece size: 32 GiB
Mar 30 01:55:01 Min Piece size: 4 GiB
Mar 30 01:55:01 Miner: f071624
Mar 30 01:55:01 CID: bafykbzacecpfagbszu24mq4jynabqouymjp5m3waz3kw6ccqqziwwcjm732ry
Mar 30 01:55:01 [34mLotus deal-tool[39m
Mar 30 01:55:01 CID: bafykbzacecpfagbszu24mq4jynabqouymjp5m3waz3kw6ccqqziwwcjm732ry
Mar 30 01:55:01 Miner: f071624
Mar 30 01:55:01 [32mMatch for RE:[39m "Data CID .*:" found: ["Data CID (from \x1b[33mlotus client import\x1b[0m):"] Buffer: Data CID (from [33mlotus client import[0m): 
Mar 30 01:55:01 [34mSent:[39m "bafykbzacecpfagbszu24mq4jynabqouymjp5m3waz3kw6ccqqziwwcjm732ry\n"
Mar 30 01:58:52 [32mMatch for RE:[39m "Deal duration .*:" found: ["Deal duration (days):"] Buffer: [34m.. calculating data size
Mar 30 01:58:52 [0mDeal duration (days): 
Mar 30 01:58:52 [34mSent:[39m "180\n"
Mar 30 01:58:52 [32mMatch for RE:[39m "Make this a verified deal.*:" found: ["Make this a verified deal? (yes/no):"] Buffer: 
Mar 30 01:58:52 Make this a verified deal? (yes/no): 
Mar 30 01:58:52 [34mSent:[39m "yes\n"
Mar 30 01:58:52 [32mMatch for RE:[39m "Miner Addresses .*:" found: ["Miner Addresses (f0.. f0..), none to find:"] Buffer: Miner Addresses (f0.. f0..), none to find: 
Mar 30 01:58:52 [34mSent:[39m "f071624\n"
Mar 30 01:58:53 [32mMatch for RE:[39m "Accept .*:" found: ["Accept (yes/no):"] Buffer: [34m.. querying miner asks
Mar 30 01:58:53 [0m-----
Mar 30 01:58:53 Proposing from f1wdxdpqh3hirrhp353i4o6ld7bsw6evh3v7i5jtq
Mar 30 01:58:53 	Balance: 23.311372269204350478 FIL
Mar 30 01:58:53 
Mar 30 01:58:53 Piece size: 32GiB (Payload size: 16.54GiB)
Mar 30 01:58:53 Duration: 4320h0m0s
Mar 30 01:58:53 Total price: ~[36m0 FIL[0m (0 FIL per epoch)
Mar 30 01:58:53 Verified: true
Mar 30 01:58:53 
Mar 30 01:58:53 Accept (yes/no): 
Mar 30 01:58:53 Price: 0
Mar 30 01:58:53 [34mSent:[39m "yes\n"
Mar 30 01:58:55 [32mFinal result: [34m.. executing
Mar 30 01:58:55 [0mDeal (f071624) CID: [32mbafyreie4lpdpyqxs3cy6vp64gj7angyqu4sok4lpcwrmwsc3ozlx4ufelu[0m
Mar 30 01:58:55 
Mar 30 01:58:55 [39m
Mar 30 01:58:55 [32mDeal CID: bafyreie4lpdpyqxs3cy6vp64gj7angyqu4sok4lpcwrmwsc3ozlx4ufelu
Mar 30 01:58:55 
Mar 30 01:58:55 [39m
Mar 30 01:58:55 Wrote bafyreie4lpdpyqxs3cy6vp64gj7angyqu4sok4lpcwrmwsc3ozlx4ufelu
Mar 30 01:58:55  to minimal_finality_stateroots_624460_2021-03-29_18-00-00.car.aa.f0421499.deal
Mar 30 01:58:55 
Mar 30 01:58:56 Count: 1 of 4
Mar 30 01:58:56 f066596 (1 / 1 tries):
Mar 30 01:58:56 f0421499: 23.311372269204350478 FIL (33G free)
Mar 30 01:58:56 Escrow: 0.999999997255 FIL
Mar 30 01:58:56 Locked: 0.33284941244 FIL
Mar 30 01:58:57 Datacap: 3469930921984
Mar 30 01:58:57 ...minimal_finality_stateroots_624460_2021-03-29_18-00-00.car.ab 4 of 4
Mar 30 01:58:58 Ask: f066596
Mar 30 01:58:58 Price per GiB: 0.00000001 FIL
Mar 30 01:58:58 Verified Price per GiB: 0 FIL
Mar 30 01:58:58 Max Piece size: 32 GiB
Mar 30 01:58:58 Min Piece size: 512 MiB
Mar 30 01:58:58 Miner: f066596
Mar 30 01:58:58 CID: bafykbzaceazee5wr2xtg4gpmjeo65uawsjx5i7kpxlv6h75hinjfqc7sg72sa
Mar 30 01:58:58 [34mLotus deal-tool[39m
Mar 30 01:58:58 CID: bafykbzaceazee5wr2xtg4gpmjeo65uawsjx5i7kpxlv6h75hinjfqc7sg72sa
Mar 30 01:58:58 Miner: f066596
Mar 30 01:58:58 [32mMatch for RE:[39m "Data CID .*:" found: ["Data CID (from \x1b[33mlotus client import\x1b[0m):"] Buffer: Data CID (from [33mlotus client import[0m): 
Mar 30 01:58:58 [34mSent:[39m "bafykbzaceazee5wr2xtg4gpmjeo65uawsjx5i7kpxlv6h75hinjfqc7sg72sa\n"
Mar 30 02:03:06 [32mMatch for RE:[39m "Deal duration .*:" found: ["Deal duration (days):"] Buffer: [34m.. calculating data size
Mar 30 02:03:06 [0mDeal duration (days): 
Mar 30 02:03:06 [34mSent:[39m "180\n"
Mar 30 02:03:06 [32mMatch for RE:[39m "Make this a verified deal.*:" found: ["Make this a verified deal? (yes/no):"] Buffer: 
Mar 30 02:03:06 Make this a verified deal? (yes/no): 
Mar 30 02:03:06 [34mSent:[39m "yes\n"
Mar 30 02:03:06 [32mMatch for RE:[39m "Miner Addresses .*:" found: ["Miner Addresses (f0.. f0..), none to find:"] Buffer: Miner Addresses (f0.. f0..), none to find: 
Mar 30 02:03:06 [34mSent:[39m "f066596\n"
Mar 30 02:03:06 [32mMatch for RE:[39m "Accept .*:" found: ["Accept (yes/no):"] Buffer: [34m.. querying miner asks
Mar 30 02:03:06 [0m-----
Mar 30 02:03:06 Proposing from f1wdxdpqh3hirrhp353i4o6ld7bsw6evh3v7i5jtq
Mar 30 02:03:06 	Balance: 23.311372269204350478 FIL
Mar 30 02:03:06 
Mar 30 02:03:06 Piece size: 32GiB (Payload size: 16.54GiB)
Mar 30 02:03:06 Duration: 4320h0m0s
Mar 30 02:03:06 Total price: ~[36m0 FIL[0m (0 FIL per epoch)
Mar 30 02:03:06 Verified: true
Mar 30 02:03:06 
Mar 30 02:03:06 Accept (yes/no): 
Mar 30 02:03:06 Price: 0
Mar 30 02:03:06 [34mSent:[39m "yes\n"
Mar 30 02:03:08 [32mFinal result: [34m.. executing
Mar 30 02:03:08 [0mDeal (f066596) CID: [32mbafyreictcaen5taj3q5dkdrbzjk6zouhd6kq2xljfy3phvmcankquw3t7u[0m
Mar 30 02:03:08 
Mar 30 02:03:08 [39m
Mar 30 02:03:08 [32mDeal CID: bafyreictcaen5taj3q5dkdrbzjk6zouhd6kq2xljfy3phvmcankquw3t7u
Mar 30 02:03:08 
Mar 30 02:03:08 [39m
Mar 30 02:03:08 Wrote bafyreictcaen5taj3q5dkdrbzjk6zouhd6kq2xljfy3phvmcankquw3t7u
Mar 30 02:03:08  to minimal_finality_stateroots_624460_2021-03-29_18-00-00.car.ab.f0421499.deal
Mar 30 02:03:08 
