Mar 30 04:57:38 Count: 3 of 4
Mar 30 04:57:38 f01240 (1 / 1 tries):
Mar 30 04:57:39 f0421499: 23.293832210218907393 FIL (11G free)
Mar 30 04:57:39 Escrow: 0.999645757255 FIL
Mar 30 04:57:39 Locked: 0.33249517244 FIL
Mar 30 04:57:39 Datacap: 3160693276672
Mar 30 04:57:40 ....
Mar 30 04:57:41 Count: 3 of 4
Mar 30 04:57:41 f0165400 (1 / 1 tries):
Mar 30 04:57:41 f0421499: 23.293832210218907393 FIL (11G free)
Mar 30 04:57:41 Escrow: 0.999645757255 FIL
Mar 30 04:57:41 Locked: 0.33249517244 FIL
Mar 30 04:57:42 Datacap: 3160693276672
Mar 30 04:57:42 ....
Mar 30 04:57:43 Count: 3 of 4
Mar 30 04:57:43 f066596 (1 / 1 tries):
Mar 30 04:57:43 f0421499: 23.293832210218907393 FIL (11G free)
Mar 30 04:57:43 Escrow: 0.999645757255 FIL
Mar 30 04:57:43 Locked: 0.33249517244 FIL
Mar 30 04:57:44 Datacap: 3160693276672
Mar 30 04:57:44 ....
Mar 30 04:57:45 Count: 3 of 4
Mar 30 04:57:45 f058369 (1 / 1 tries):
Mar 30 04:57:46 f0421499: 23.293832210218907393 FIL (11G free)
Mar 30 04:57:46 Escrow: 0.999645757255 FIL
Mar 30 04:57:46 Locked: 0.33249517244 FIL
Mar 30 04:57:47 Datacap: 3160693276672
Mar 30 04:57:47 ....
Mar 30 04:57:48 Count: 3 of 4
Mar 30 04:57:48 f01247 (1 / 1 tries):
Mar 30 04:57:49 f0421499: 23.293832210218907393 FIL (11G free)
Mar 30 04:57:49 Escrow: 0.999645757255 FIL
Mar 30 04:57:49 Locked: 0.33249517244 FIL
Mar 30 04:57:49 Datacap: 3160693276672
Mar 30 04:57:49 ....
Mar 30 04:57:50 Count: 3 of 4
Mar 30 04:57:50 f010479 (1 / 1 tries):
Mar 30 04:57:51 f0421499: 23.293832210218907393 FIL (11G free)
Mar 30 04:57:51 Escrow: 0.999645757255 FIL
Mar 30 04:57:51 Locked: 0.33249517244 FIL
Mar 30 04:57:51 Datacap: 3160693276672
Mar 30 04:57:52 ....
Mar 30 04:57:53 Count: 3 of 4
Mar 30 04:57:53 f023971 (1 / 1 tries):
Mar 30 04:57:54 f0421499: 23.293832210218907393 FIL (11G free)
Mar 30 04:57:54 Escrow: 0.999645757255 FIL
Mar 30 04:57:54 Locked: 0.33249517244 FIL
Mar 30 04:57:54 Datacap: 3160693276672
Mar 30 04:57:54 ....
Mar 30 04:57:55 Count: 3 of 4
Mar 30 04:57:55 f01278 (1 / 1 tries):
Mar 30 04:57:56 f0421499: 23.293832210218907393 FIL (11G free)
Mar 30 04:57:56 Escrow: 0.999645757255 FIL
Mar 30 04:57:56 Locked: 0.33249517244 FIL
Mar 30 04:57:56 Datacap: 3160693276672
Mar 30 04:57:57 ....
Mar 30 04:57:58 Count: 3 of 4
Mar 30 04:57:58 f01234 (1 / 1 tries):
Mar 30 04:57:58 f0421499: 23.293832210218907393 FIL (11G free)
Mar 30 04:57:58 Escrow: 0.999645757255 FIL
Mar 30 04:57:58 Locked: 0.33249517244 FIL
Mar 30 04:57:59 Datacap: 3160693276672
Mar 30 04:57:59 ....
Mar 30 04:58:00 Count: 3 of 4
Mar 30 04:58:00 f08403 (1 / 1 tries):
Mar 30 04:58:01 f0421499: 23.293832210218907393 FIL (11G free)
Mar 30 04:58:01 Escrow: 0.999645757255 FIL
Mar 30 04:58:01 Locked: 0.33249517244 FIL
Mar 30 04:58:02 Datacap: 3160693276672
Mar 30 04:58:02 ....
Mar 30 04:58:03 Count: 3 of 4
Mar 30 04:58:03 f021716 (1 / 1 tries):
Mar 30 04:58:03 f0421499: 23.293832210218907393 FIL (11G free)
Mar 30 04:58:03 Escrow: 0.999645757255 FIL
Mar 30 04:58:03 Locked: 0.33249517244 FIL
Mar 30 04:58:04 Datacap: 3160693276672
Mar 30 04:58:04 ....
Mar 30 04:58:05 Count: 3 of 4
Mar 30 04:58:05 f01277 (1 / 1 tries):
Mar 30 04:58:05 Skipping f01277: min-ask
Mar 30 04:58:05 
Mar 30 04:58:06 Count: 3 of 4
Mar 30 04:58:06 f07998 (1 / 1 tries):
Mar 30 04:58:07 f0421499: 23.293832210218907393 FIL (11G free)
Mar 30 04:58:07 Escrow: 0.999645757255 FIL
Mar 30 04:58:07 Locked: 0.33249517244 FIL
Mar 30 04:58:08 Datacap: 3160693276672
Mar 30 04:58:08 ....
Mar 30 04:58:09 Count: 3 of 4
Mar 30 04:58:09 f019551 (1 / 1 tries):
Mar 30 04:58:09 f0421499: 23.293832210218907393 FIL (11G free)
Mar 30 04:58:09 Escrow: 0.999645757255 FIL
Mar 30 04:58:09 Locked: 0.33249517244 FIL
Mar 30 04:58:10 Datacap: 3160693276672
Mar 30 04:58:10 ....
Mar 30 04:58:11 Count: 3 of 4
Mar 30 04:58:11 f019362 (1 / 1 tries):
Mar 30 04:58:11 f0421499: 23.293832210218907393 FIL (11G free)
Mar 30 04:58:11 Escrow: 0.999645757255 FIL
Mar 30 04:58:11 Locked: 0.33249517244 FIL
Mar 30 04:58:12 Datacap: 3160693276672
Mar 30 04:58:12 ....
Mar 30 04:58:13 Count: 3 of 4
Mar 30 04:58:13 f02606 (1 / 1 tries):
Mar 30 04:58:14 f0421499: 23.293832210218907393 FIL (11G free)
Mar 30 04:58:14 Escrow: 0.999645757255 FIL
Mar 30 04:58:14 Locked: 0.33249517244 FIL
Mar 30 04:58:15 Datacap: 3160693276672
Mar 30 04:58:15 ....
Mar 30 04:58:16 Count: 3 of 4
Mar 30 04:58:16 f014409 (1 / 1 tries):
Mar 30 04:58:17 f0421499: 23.293832210218907393 FIL (11G free)
Mar 30 04:58:17 Escrow: 0.999645757255 FIL
Mar 30 04:58:17 Locked: 0.33249517244 FIL
Mar 30 04:58:18 Datacap: 3160693276672
Mar 30 04:58:18 ....
Mar 30 04:58:19 Count: 3 of 4
Mar 30 04:58:19 f09848 (1 / 1 tries):
Mar 30 04:58:19 f0421499: 23.293832210218907393 FIL (11G free)
Mar 30 04:58:19 Escrow: 0.999645757255 FIL
Mar 30 04:58:19 Locked: 0.33249517244 FIL
Mar 30 04:58:20 Datacap: 3160693276672
Mar 30 04:58:20 ....
Mar 30 04:58:21 Count: 3 of 4
Mar 30 04:58:21 f071624 (1 / 1 tries):
Mar 30 04:58:22 f0421499: 23.293832210218907393 FIL (11G free)
Mar 30 04:58:22 Escrow: 0.999645757255 FIL
Mar 30 04:58:22 Locked: 0.33249517244 FIL
Mar 30 04:58:22 Datacap: 3160693276672
Mar 30 04:58:23 ....
Mar 30 04:58:24 Count: 3 of 4
Mar 30 04:58:24 f014768 (1 / 1 tries):
Mar 30 04:58:24 f0421499: 23.293832210218907393 FIL (11G free)
Mar 30 04:58:25 Escrow: 0.999645757255 FIL
Mar 30 04:58:25 Locked: 0.33249517244 FIL
Mar 30 04:58:25 Datacap: 3160693276672
Mar 30 04:58:25 ....
Mar 30 04:58:26 Count: 3 of 4
Mar 30 04:58:26 f0127896 (1 / 1 tries):
Mar 30 04:58:26 Skipping f0127896: min-ask
Mar 30 04:58:26 
Mar 30 04:58:28 Count: 3 of 4
Mar 30 04:58:28 f022163 (1 / 1 tries):
Mar 30 04:58:28 f0421499: 23.293832210218907393 FIL (11G free)
Mar 30 04:58:29 Escrow: 0.999645757255 FIL
Mar 30 04:58:29 Locked: 0.33249517244 FIL
Mar 30 04:58:29 Datacap: 3160693276672
Mar 30 04:58:29 ....
Mar 30 04:58:30 Count: 3 of 4
Mar 30 04:58:30 f010617 (1 / 1 tries):
Mar 30 04:58:31 f0421499: 23.293832210218907393 FIL (11G free)
Mar 30 04:58:31 Escrow: 0.999645757255 FIL
Mar 30 04:58:31 Locked: 0.33249517244 FIL
Mar 30 04:58:31 Datacap: 3160693276672
Mar 30 04:58:31 ....
Mar 30 04:58:32 Count: 3 of 4
Mar 30 04:58:32 f08399 (1 / 1 tries):
Mar 30 04:58:32 f0421499: 23.293832210218907393 FIL (11G free)
Mar 30 04:58:33 Escrow: 0.999645757255 FIL
Mar 30 04:58:33 Locked: 0.33249517244 FIL
Mar 30 04:58:33 Datacap: 3160693276672
Mar 30 04:58:33 ....
Mar 30 04:58:34 Count: 3 of 4
Mar 30 04:58:34 f022142 (1 / 1 tries):
Mar 30 04:58:34 f0421499: 23.293832210218907393 FIL (11G free)
Mar 30 04:58:34 Escrow: 0.999645757255 FIL
Mar 30 04:58:34 Locked: 0.33249517244 FIL
Mar 30 04:58:35 Datacap: 3160693276672
Mar 30 04:58:35 ....
Mar 30 04:58:36 Count: 3 of 4
Mar 30 04:58:36 f019100 (1 / 1 tries):
Mar 30 04:58:36 Skipping f019100: error-ask
Mar 30 04:58:36 
Mar 30 04:58:37 Count: 3 of 4
Mar 30 04:58:37 f015927 (1 / 1 tries):
Mar 30 04:58:38 Skipping f015927: min-ask
Mar 30 04:58:38 
Mar 30 04:58:39 Count: 3 of 4
Mar 30 04:58:39 f019104 (1 / 1 tries):
Mar 30 04:58:39 Skipping f019104: error-ask
Mar 30 04:58:39 
Mar 30 04:58:40 Count: 3 of 4
Mar 30 04:58:40 f099608 (1 / 1 tries):
Mar 30 04:58:40 f0421499: 23.293832210218907393 FIL (11G free)
Mar 30 04:58:41 Escrow: 0.999645757255 FIL
Mar 30 04:58:41 Locked: 0.33249517244 FIL
Mar 30 04:58:41 Datacap: 3160693276672
Mar 30 04:58:41 ....
Mar 30 04:58:42 Count: 3 of 4
Mar 30 04:58:42 f023467 (1 / 1 tries):
Mar 30 04:58:43 f0421499: 23.293832210218907393 FIL (11G free)
Mar 30 04:58:43 Escrow: 0.999645757255 FIL
Mar 30 04:58:43 Locked: 0.33249517244 FIL
Mar 30 04:58:44 Datacap: 3160693276672
Mar 30 04:58:44 ....
Mar 30 04:58:45 Count: 3 of 4
Mar 30 04:58:45 f0145874 (1 / 1 tries):
Mar 30 04:58:46 f0421499: 23.293832210218907393 FIL (11G free)
Mar 30 04:58:46 Escrow: 0.999645757255 FIL
Mar 30 04:58:46 Locked: 0.33249517244 FIL
Mar 30 04:58:46 Datacap: 3160693276672
Mar 30 04:58:47 ....
Mar 30 04:58:48 Count: 3 of 4
Mar 30 04:58:48 f062353 (1 / 1 tries):
Mar 30 04:58:48 f0421499: 23.293832210218907393 FIL (11G free)
Mar 30 04:58:48 Escrow: 0.999645757255 FIL
Mar 30 04:58:48 Locked: 0.33249517244 FIL
Mar 30 04:58:49 Datacap: 3160693276672
Mar 30 04:58:49 ....
Mar 30 04:58:50 Count: 3 of 4
Mar 30 04:58:50 f02576 (1 / 1 tries):
Mar 30 04:58:51 f0421499: 23.293832210218907393 FIL (11G free)
Mar 30 04:58:51 Escrow: 0.999645757255 FIL
Mar 30 04:58:51 Locked: 0.33249517244 FIL
Mar 30 04:58:51 Datacap: 3160693276672
Mar 30 04:58:51 ....
Mar 30 04:58:52 Count: 3 of 4
Mar 30 04:58:52 f019041 (1 / 1 tries):
Mar 30 04:58:53 f0421499: 23.293832210218907393 FIL (11G free)
Mar 30 04:58:53 Escrow: 0.999645757255 FIL
Mar 30 04:58:53 Locked: 0.33249517244 FIL
Mar 30 04:58:54 Datacap: 3160693276672
Mar 30 04:58:54 ....
Mar 30 04:58:55 Count: 3 of 4
Mar 30 04:58:55 f0157535 (1 / 1 tries):
Mar 30 04:58:55 f0421499: 23.293832210218907393 FIL (11G free)
Mar 30 04:58:55 Escrow: 0.999645757255 FIL
Mar 30 04:58:55 Locked: 0.33249517244 FIL
Mar 30 04:58:56 Datacap: 3160693276672
Mar 30 04:58:56 ....
Mar 30 04:58:57 Count: 3 of 4
Mar 30 04:58:57 f022352 (1 / 1 tries):
Mar 30 04:58:58 f0421499: 23.293832210218907393 FIL (11G free)
Mar 30 04:58:58 Escrow: 0.999645757255 FIL
Mar 30 04:58:58 Locked: 0.33249517244 FIL
Mar 30 04:58:58 Datacap: 3160693276672
Mar 30 04:58:58 ....
