Mar 30 13:46:48 Count: 3 of 4
Mar 30 13:46:48 f062353 (1 / 1 tries):
Mar 30 13:46:49 f0421499: 23.293832210218907393 FIL (8.6G free)
Mar 30 13:46:49 Escrow: 0.999645757255 FIL
Mar 30 13:46:49 Locked: 0.33249517244 FIL
Mar 30 13:46:49 Datacap: 3160693276672
Mar 30 13:46:50 ....
Mar 30 13:46:51 Count: 3 of 4
Mar 30 13:46:51 f022142 (1 / 1 tries):
Mar 30 13:46:51 f0421499: 23.293832210218907393 FIL (8.6G free)
Mar 30 13:46:51 Escrow: 0.999645757255 FIL
Mar 30 13:46:51 Locked: 0.33249517244 FIL
Mar 30 13:46:52 Datacap: 3160693276672
Mar 30 13:46:52 ....
Mar 30 13:46:53 Count: 3 of 4
Mar 30 13:46:53 f01234 (1 / 1 tries):
Mar 30 13:46:53 f0421499: 23.293832210218907393 FIL (8.6G free)
Mar 30 13:46:54 Escrow: 0.999645757255 FIL
Mar 30 13:46:54 Locked: 0.33249517244 FIL
Mar 30 13:46:54 Datacap: 3160693276672
Mar 30 13:46:54 ....
Mar 30 13:46:55 Count: 3 of 4
Mar 30 13:46:55 f019362 (1 / 1 tries):
Mar 30 13:46:56 f0421499: 23.293832210218907393 FIL (8.6G free)
Mar 30 13:46:56 Escrow: 0.999645757255 FIL
Mar 30 13:46:56 Locked: 0.33249517244 FIL
Mar 30 13:46:57 Datacap: 3160693276672
Mar 30 13:46:57 ....
Mar 30 13:46:58 Count: 3 of 4
Mar 30 13:46:58 f08399 (1 / 1 tries):
Mar 30 13:46:58 f0421499: 23.293832210218907393 FIL (8.6G free)
Mar 30 13:46:59 Escrow: 0.999645757255 FIL
Mar 30 13:46:59 Locked: 0.33249517244 FIL
Mar 30 13:46:59 Datacap: 3160693276672
Mar 30 13:46:59 ....
Mar 30 13:47:00 Count: 3 of 4
Mar 30 13:47:00 f023467 (1 / 1 tries):
Mar 30 13:47:01 f0421499: 23.293832210218907393 FIL (8.6G free)
Mar 30 13:47:01 Escrow: 0.999645757255 FIL
Mar 30 13:47:01 Locked: 0.33249517244 FIL
Mar 30 13:47:02 Datacap: 3160693276672
Mar 30 13:47:02 ....
Mar 30 13:47:03 Count: 3 of 4
Mar 30 13:47:03 f071624 (1 / 1 tries):
Mar 30 13:47:03 f0421499: 23.293832210218907393 FIL (8.6G free)
Mar 30 13:47:04 Escrow: 0.999645757255 FIL
Mar 30 13:47:04 Locked: 0.33249517244 FIL
Mar 30 13:47:04 Datacap: 3160693276672
Mar 30 13:47:04 ....
Mar 30 13:47:05 Count: 3 of 4
Mar 30 13:47:05 f023971 (1 / 1 tries):
Mar 30 13:47:06 f0421499: 23.293832210218907393 FIL (8.6G free)
Mar 30 13:47:06 Escrow: 0.999645757255 FIL
Mar 30 13:47:06 Locked: 0.33249517244 FIL
Mar 30 13:47:07 Datacap: 3160693276672
Mar 30 13:47:07 ....
Mar 30 13:47:08 Count: 3 of 4
Mar 30 13:47:08 f0157535 (1 / 1 tries):
Mar 30 13:47:09 f0421499: 23.293832210218907393 FIL (8.6G free)
Mar 30 13:47:09 Escrow: 0.999645757255 FIL
Mar 30 13:47:09 Locked: 0.33249517244 FIL
Mar 30 13:47:09 Datacap: 3160693276672
Mar 30 13:47:09 ....
Mar 30 13:47:10 Count: 3 of 4
Mar 30 13:47:10 f01247 (1 / 1 tries):
Mar 30 13:47:10 f0421499: 23.293832210218907393 FIL (8.6G free)
Mar 30 13:47:11 Escrow: 0.999645757255 FIL
Mar 30 13:47:11 Locked: 0.33249517244 FIL
Mar 30 13:47:11 Datacap: 3160693276672
Mar 30 13:47:11 ....
Mar 30 13:47:13 Count: 3 of 4
Mar 30 13:47:13 f022163 (1 / 1 tries):
Mar 30 13:47:13 f0421499: 23.293832210218907393 FIL (8.6G free)
Mar 30 13:47:13 Escrow: 0.999645757255 FIL
Mar 30 13:47:13 Locked: 0.33249517244 FIL
Mar 30 13:47:14 Datacap: 3160693276672
Mar 30 13:47:14 ....
Mar 30 13:47:15 Count: 3 of 4
Mar 30 13:47:15 f014409 (1 / 1 tries):
Mar 30 13:47:15 f0421499: 23.293832210218907393 FIL (8.6G free)
Mar 30 13:47:16 Escrow: 0.999645757255 FIL
Mar 30 13:47:16 Locked: 0.33249517244 FIL
Mar 30 13:47:16 Datacap: 3160693276672
Mar 30 13:47:16 ....
Mar 30 13:47:17 Count: 3 of 4
Mar 30 13:47:17 f019041 (1 / 1 tries):
Mar 30 13:47:17 f0421499: 23.293832210218907393 FIL (8.6G free)
Mar 30 13:47:18 Escrow: 0.999645757255 FIL
Mar 30 13:47:18 Locked: 0.33249517244 FIL
Mar 30 13:47:18 Datacap: 3160693276672
Mar 30 13:47:18 ....
Mar 30 13:47:19 Count: 3 of 4
Mar 30 13:47:19 f0165400 (1 / 1 tries):
Mar 30 13:47:20 f0421499: 23.293832210218907393 FIL (8.6G free)
Mar 30 13:47:20 Escrow: 0.999645757255 FIL
Mar 30 13:47:20 Locked: 0.33249517244 FIL
Mar 30 13:47:20 Datacap: 3160693276672
Mar 30 13:47:21 ....
Mar 30 13:47:22 Count: 3 of 4
Mar 30 13:47:22 f099608 (1 / 1 tries):
Mar 30 13:47:22 f0421499: 23.293832210218907393 FIL (8.6G free)
Mar 30 13:47:22 Escrow: 0.999645757255 FIL
Mar 30 13:47:22 Locked: 0.33249517244 FIL
Mar 30 13:47:23 Datacap: 3160693276672
Mar 30 13:47:23 ....
Mar 30 13:47:24 Count: 3 of 4
Mar 30 13:47:24 f01277 (1 / 1 tries):
Mar 30 13:47:24 Skipping f01277: min-ask
Mar 30 13:47:24 
Mar 30 13:47:25 Count: 3 of 4
Mar 30 13:47:25 f015927 (1 / 1 tries):
Mar 30 13:47:26 Skipping f015927: min-ask
Mar 30 13:47:26 
Mar 30 13:47:27 Count: 3 of 4
Mar 30 13:47:27 f014768 (1 / 1 tries):
Mar 30 13:47:27 f0421499: 23.293832210218907393 FIL (8.6G free)
Mar 30 13:47:28 Escrow: 0.999645757255 FIL
Mar 30 13:47:28 Locked: 0.33249517244 FIL
Mar 30 13:47:28 Datacap: 3160693276672
Mar 30 13:47:28 ....
Mar 30 13:47:29 Count: 3 of 4
Mar 30 13:47:29 f07998 (1 / 1 tries):
Mar 30 13:47:30 f0421499: 23.293832210218907393 FIL (8.6G free)
Mar 30 13:47:30 Escrow: 0.999645757255 FIL
Mar 30 13:47:30 Locked: 0.33249517244 FIL
Mar 30 13:47:31 Datacap: 3160693276672
Mar 30 13:47:31 ....
Mar 30 13:47:32 Count: 3 of 4
Mar 30 13:47:32 f09848 (1 / 1 tries):
Mar 30 13:47:33 f0421499: 23.293832210218907393 FIL (8.6G free)
Mar 30 13:47:33 Escrow: 0.999645757255 FIL
Mar 30 13:47:33 Locked: 0.33249517244 FIL
Mar 30 13:47:33 Datacap: 3160693276672
Mar 30 13:47:33 ....
Mar 30 13:47:34 Count: 3 of 4
Mar 30 13:47:34 f010617 (1 / 1 tries):
Mar 30 13:47:35 f0421499: 23.293832210218907393 FIL (8.6G free)
Mar 30 13:47:35 Escrow: 0.999645757255 FIL
Mar 30 13:47:35 Locked: 0.33249517244 FIL
Mar 30 13:47:36 Datacap: 3160693276672
Mar 30 13:47:36 ....
Mar 30 13:47:37 Count: 3 of 4
Mar 30 13:47:37 f019100 (1 / 1 tries):
Mar 30 13:47:38 Skipping f019100: error-ask
Mar 30 13:47:38 
Mar 30 13:47:39 Count: 3 of 4
Mar 30 13:47:39 f066596 (1 / 1 tries):
Mar 30 13:47:39 f0421499: 23.293832210218907393 FIL (8.6G free)
Mar 30 13:47:39 Escrow: 0.999645757255 FIL
Mar 30 13:47:39 Locked: 0.33249517244 FIL
Mar 30 13:47:40 Datacap: 3160693276672
Mar 30 13:47:40 ....
Mar 30 13:47:41 Count: 3 of 4
Mar 30 13:47:41 f010479 (1 / 1 tries):
Mar 30 13:47:42 f0421499: 23.293832210218907393 FIL (8.6G free)
Mar 30 13:47:42 Escrow: 0.999645757255 FIL
Mar 30 13:47:42 Locked: 0.33249517244 FIL
Mar 30 13:47:42 Datacap: 3160693276672
Mar 30 13:47:43 ....
Mar 30 13:47:44 Count: 3 of 4
Mar 30 13:47:44 f02606 (1 / 1 tries):
Mar 30 13:47:44 f0421499: 23.293832210218907393 FIL (8.6G free)
Mar 30 13:47:45 Escrow: 0.999645757255 FIL
Mar 30 13:47:45 Locked: 0.33249517244 FIL
Mar 30 13:47:45 Datacap: 3160693276672
Mar 30 13:47:45 ....
Mar 30 13:47:46 Count: 3 of 4
Mar 30 13:47:46 f01278 (1 / 1 tries):
Mar 30 13:47:47 f0421499: 23.293832210218907393 FIL (8.6G free)
Mar 30 13:47:47 Escrow: 0.999645757255 FIL
Mar 30 13:47:47 Locked: 0.33249517244 FIL
Mar 30 13:47:48 Datacap: 3160693276672
Mar 30 13:47:48 ....
Mar 30 13:47:49 Count: 3 of 4
Mar 30 13:47:49 f01240 (1 / 1 tries):
Mar 30 13:47:50 f0421499: 23.293832210218907393 FIL (8.6G free)
Mar 30 13:47:50 Escrow: 0.999645757255 FIL
Mar 30 13:47:50 Locked: 0.33249517244 FIL
Mar 30 13:47:50 Datacap: 3160693276672
Mar 30 13:47:51 ....
Mar 30 13:47:52 Count: 3 of 4
Mar 30 13:47:52 f019551 (1 / 1 tries):
Mar 30 13:47:52 f0421499: 23.293832210218907393 FIL (8.6G free)
Mar 30 13:47:52 Escrow: 0.999645757255 FIL
Mar 30 13:47:52 Locked: 0.33249517244 FIL
Mar 30 13:47:52 Datacap: 3160693276672
Mar 30 13:47:53 ....
Mar 30 13:47:54 Count: 3 of 4
Mar 30 13:47:54 f022352 (1 / 1 tries):
Mar 30 13:47:55 f0421499: 23.293832210218907393 FIL (8.6G free)
Mar 30 13:47:55 Escrow: 0.999645757255 FIL
Mar 30 13:47:55 Locked: 0.33249517244 FIL
Mar 30 13:47:55 Datacap: 3160693276672
Mar 30 13:47:55 ....
Mar 30 13:47:57 Count: 3 of 4
Mar 30 13:47:57 f019104 (1 / 1 tries):
Mar 30 13:47:57 Skipping f019104: error-ask
Mar 30 13:47:57 
Mar 30 13:47:58 Count: 3 of 4
Mar 30 13:47:58 f02576 (1 / 1 tries):
Mar 30 13:47:58 f0421499: 23.293832210218907393 FIL (8.6G free)
Mar 30 13:47:58 Escrow: 0.999645757255 FIL
Mar 30 13:47:58 Locked: 0.33249517244 FIL
Mar 30 13:47:59 Datacap: 3160693276672
Mar 30 13:47:59 ....
Mar 30 13:48:00 Count: 3 of 4
Mar 30 13:48:00 f08403 (1 / 1 tries):
Mar 30 13:48:01 f0421499: 23.293832210218907393 FIL (8.6G free)
Mar 30 13:48:01 Escrow: 0.999645757255 FIL
Mar 30 13:48:01 Locked: 0.33249517244 FIL
Mar 30 13:48:02 Datacap: 3160693276672
Mar 30 13:48:02 ....
Mar 30 13:48:03 Count: 3 of 4
Mar 30 13:48:03 f021716 (1 / 1 tries):
Mar 30 13:48:04 f0421499: 23.293832210218907393 FIL (8.6G free)
Mar 30 13:48:04 Escrow: 0.999645757255 FIL
Mar 30 13:48:04 Locked: 0.33249517244 FIL
Mar 30 13:48:04 Datacap: 3160693276672
Mar 30 13:48:04 ....
Mar 30 13:48:05 Count: 3 of 4
Mar 30 13:48:05 f0127896 (1 / 1 tries):
Mar 30 13:48:05 Skipping f0127896: min-ask
Mar 30 13:48:05 
Mar 30 13:48:06 Count: 3 of 4
Mar 30 13:48:06 f058369 (1 / 1 tries):
Mar 30 13:48:07 f0421499: 23.293832210218907393 FIL (8.6G free)
Mar 30 13:48:07 Escrow: 0.999645757255 FIL
Mar 30 13:48:07 Locked: 0.33249517244 FIL
Mar 30 13:48:08 Datacap: 3160693276672
Mar 30 13:48:08 ....
Mar 30 13:48:09 Count: 3 of 4
Mar 30 13:48:09 f0145874 (1 / 1 tries):
Mar 30 13:48:10 f0421499: 23.293832210218907393 FIL (8.6G free)
Mar 30 13:48:10 Escrow: 0.999645757255 FIL
Mar 30 13:48:10 Locked: 0.33249517244 FIL
Mar 30 13:48:10 Datacap: 3160693276672
Mar 30 13:48:10 ....
