Mar 30 07:04:06 Count: 3 of 4
Mar 30 07:04:06 f019104 (1 / 1 tries):
Mar 30 07:04:07 Skipping f019104: error-ask
Mar 30 07:04:07 
Mar 30 07:04:08 Count: 3 of 4
Mar 30 07:04:08 f02606 (1 / 1 tries):
Mar 30 07:04:08 f0421499: 23.293832210218907393 FIL (9.8G free)
Mar 30 07:04:08 Escrow: 0.999645757255 FIL
Mar 30 07:04:08 Locked: 0.33249517244 FIL
Mar 30 07:04:09 Datacap: 3160693276672
Mar 30 07:04:09 ....
Mar 30 07:04:10 Count: 3 of 4
Mar 30 07:04:10 f019551 (1 / 1 tries):
Mar 30 07:04:11 f0421499: 23.293832210218907393 FIL (9.8G free)
Mar 30 07:04:11 Escrow: 0.999645757255 FIL
Mar 30 07:04:11 Locked: 0.33249517244 FIL
Mar 30 07:04:11 Datacap: 3160693276672
Mar 30 07:04:11 ....
Mar 30 07:04:12 Count: 3 of 4
Mar 30 07:04:12 f01247 (1 / 1 tries):
Mar 30 07:04:13 f0421499: 23.293832210218907393 FIL (9.8G free)
Mar 30 07:04:13 Escrow: 0.999645757255 FIL
Mar 30 07:04:13 Locked: 0.33249517244 FIL
Mar 30 07:04:13 Datacap: 3160693276672
Mar 30 07:04:13 ....
Mar 30 07:04:14 Count: 3 of 4
Mar 30 07:04:14 f0165400 (1 / 1 tries):
Mar 30 07:04:15 f0421499: 23.293832210218907393 FIL (9.8G free)
Mar 30 07:04:15 Escrow: 0.999645757255 FIL
Mar 30 07:04:15 Locked: 0.33249517244 FIL
Mar 30 07:04:15 Datacap: 3160693276672
Mar 30 07:04:16 ....
Mar 30 07:04:17 Count: 3 of 4
Mar 30 07:04:17 f0127896 (1 / 1 tries):
Mar 30 07:04:17 Skipping f0127896: min-ask
Mar 30 07:04:17 
Mar 30 07:04:18 Count: 3 of 4
Mar 30 07:04:18 f021716 (1 / 1 tries):
Mar 30 07:04:19 f0421499: 23.293832210218907393 FIL (9.8G free)
Mar 30 07:04:19 Escrow: 0.999645757255 FIL
Mar 30 07:04:19 Locked: 0.33249517244 FIL
Mar 30 07:04:19 Datacap: 3160693276672
Mar 30 07:04:19 ....
Mar 30 07:04:20 Count: 3 of 4
Mar 30 07:04:20 f010617 (1 / 1 tries):
Mar 30 07:04:21 f0421499: 23.293832210218907393 FIL (9.8G free)
Mar 30 07:04:21 Escrow: 0.999645757255 FIL
Mar 30 07:04:21 Locked: 0.33249517244 FIL
Mar 30 07:04:21 Datacap: 3160693276672
Mar 30 07:04:22 ....
Mar 30 07:04:23 Count: 3 of 4
Mar 30 07:04:23 f019041 (1 / 1 tries):
Mar 30 07:04:23 f0421499: 23.293832210218907393 FIL (9.8G free)
Mar 30 07:04:24 Escrow: 0.999645757255 FIL
Mar 30 07:04:24 Locked: 0.33249517244 FIL
Mar 30 07:04:24 Datacap: 3160693276672
Mar 30 07:04:24 ....
Mar 30 07:04:25 Count: 3 of 4
Mar 30 07:04:25 f019100 (1 / 1 tries):
Mar 30 07:04:25 Skipping f019100: error-ask
Mar 30 07:04:25 
Mar 30 07:04:27 Count: 3 of 4
Mar 30 07:04:27 f022163 (1 / 1 tries):
Mar 30 07:04:27 f0421499: 23.293832210218907393 FIL (9.8G free)
Mar 30 07:04:27 Escrow: 0.999645757255 FIL
Mar 30 07:04:27 Locked: 0.33249517244 FIL
Mar 30 07:04:28 Datacap: 3160693276672
Mar 30 07:04:28 ....
Mar 30 07:04:29 Count: 3 of 4
Mar 30 07:04:29 f01234 (1 / 1 tries):
Mar 30 07:04:30 f0421499: 23.293832210218907393 FIL (9.8G free)
Mar 30 07:04:30 Escrow: 0.999645757255 FIL
Mar 30 07:04:30 Locked: 0.33249517244 FIL
Mar 30 07:04:30 Datacap: 3160693276672
Mar 30 07:04:30 ....
Mar 30 07:04:31 Count: 3 of 4
Mar 30 07:04:31 f015927 (1 / 1 tries):
Mar 30 07:04:32 Skipping f015927: min-ask
Mar 30 07:04:32 
Mar 30 07:04:33 Count: 3 of 4
Mar 30 07:04:33 f019362 (1 / 1 tries):
Mar 30 07:04:33 f0421499: 23.293832210218907393 FIL (9.8G free)
Mar 30 07:04:33 Escrow: 0.999645757255 FIL
Mar 30 07:04:33 Locked: 0.33249517244 FIL
Mar 30 07:04:34 Datacap: 3160693276672
Mar 30 07:04:34 ....
Mar 30 07:04:35 Count: 3 of 4
Mar 30 07:04:35 f07998 (1 / 1 tries):
Mar 30 07:04:36 f0421499: 23.293832210218907393 FIL (9.8G free)
Mar 30 07:04:36 Escrow: 0.999645757255 FIL
Mar 30 07:04:36 Locked: 0.33249517244 FIL
Mar 30 07:04:36 Datacap: 3160693276672
Mar 30 07:04:37 ....
Mar 30 07:04:38 Count: 3 of 4
Mar 30 07:04:38 f0145874 (1 / 1 tries):
Mar 30 07:04:38 f0421499: 23.293832210218907393 FIL (9.8G free)
Mar 30 07:04:38 Escrow: 0.999645757255 FIL
Mar 30 07:04:38 Locked: 0.33249517244 FIL
Mar 30 07:04:39 Datacap: 3160693276672
Mar 30 07:04:39 ....
Mar 30 07:04:40 Count: 3 of 4
Mar 30 07:04:40 f058369 (1 / 1 tries):
Mar 30 07:04:40 f0421499: 23.293832210218907393 FIL (9.8G free)
Mar 30 07:04:40 Escrow: 0.999645757255 FIL
Mar 30 07:04:40 Locked: 0.33249517244 FIL
Mar 30 07:04:41 Datacap: 3160693276672
Mar 30 07:04:41 ....
Mar 30 07:04:42 Count: 3 of 4
Mar 30 07:04:42 f0157535 (1 / 1 tries):
Mar 30 07:04:43 f0421499: 23.293832210218907393 FIL (9.8G free)
Mar 30 07:04:43 Escrow: 0.999645757255 FIL
Mar 30 07:04:43 Locked: 0.33249517244 FIL
Mar 30 07:04:43 Datacap: 3160693276672
Mar 30 07:04:43 ....
Mar 30 07:04:44 Count: 3 of 4
Mar 30 07:04:44 f022352 (1 / 1 tries):
Mar 30 07:04:45 f0421499: 23.293832210218907393 FIL (9.8G free)
Mar 30 07:04:45 Escrow: 0.999645757255 FIL
Mar 30 07:04:45 Locked: 0.33249517244 FIL
Mar 30 07:04:46 Datacap: 3160693276672
Mar 30 07:04:46 ....
Mar 30 07:04:47 Count: 3 of 4
Mar 30 07:04:47 f022142 (1 / 1 tries):
Mar 30 07:04:48 f0421499: 23.293832210218907393 FIL (9.8G free)
Mar 30 07:04:48 Escrow: 0.999645757255 FIL
Mar 30 07:04:48 Locked: 0.33249517244 FIL
Mar 30 07:04:48 Datacap: 3160693276672
Mar 30 07:04:48 ....
Mar 30 07:04:49 Count: 3 of 4
Mar 30 07:04:49 f01278 (1 / 1 tries):
Mar 30 07:04:50 f0421499: 23.293832210218907393 FIL (9.8G free)
Mar 30 07:04:50 Escrow: 0.999645757255 FIL
Mar 30 07:04:50 Locked: 0.33249517244 FIL
Mar 30 07:04:50 Datacap: 3160693276672
Mar 30 07:04:51 ....
Mar 30 07:04:52 Count: 3 of 4
Mar 30 07:04:52 f023467 (1 / 1 tries):
Mar 30 07:04:52 f0421499: 23.293832210218907393 FIL (9.8G free)
Mar 30 07:04:53 Escrow: 0.999645757255 FIL
Mar 30 07:04:53 Locked: 0.33249517244 FIL
Mar 30 07:04:53 Datacap: 3160693276672
Mar 30 07:04:53 ....
Mar 30 07:04:54 Count: 3 of 4
Mar 30 07:04:54 f062353 (1 / 1 tries):
Mar 30 07:04:55 f0421499: 23.293832210218907393 FIL (9.8G free)
Mar 30 07:04:55 Escrow: 0.999645757255 FIL
Mar 30 07:04:55 Locked: 0.33249517244 FIL
Mar 30 07:04:55 Datacap: 3160693276672
Mar 30 07:04:56 ....
Mar 30 07:04:57 Count: 3 of 4
Mar 30 07:04:57 f099608 (1 / 1 tries):
Mar 30 07:04:57 f0421499: 23.293832210218907393 FIL (9.8G free)
Mar 30 07:04:57 Escrow: 0.999645757255 FIL
Mar 30 07:04:57 Locked: 0.33249517244 FIL
Mar 30 07:04:58 Datacap: 3160693276672
Mar 30 07:04:58 ....
Mar 30 07:04:59 Count: 3 of 4
Mar 30 07:04:59 f023971 (1 / 1 tries):
Mar 30 07:04:59 f0421499: 23.293832210218907393 FIL (9.8G free)
Mar 30 07:04:59 Escrow: 0.999645757255 FIL
Mar 30 07:04:59 Locked: 0.33249517244 FIL
Mar 30 07:05:00 Datacap: 3160693276672
Mar 30 07:05:00 ....
Mar 30 07:05:01 Count: 3 of 4
Mar 30 07:05:01 f08399 (1 / 1 tries):
Mar 30 07:05:02 f0421499: 23.293832210218907393 FIL (9.8G free)
Mar 30 07:05:02 Escrow: 0.999645757255 FIL
Mar 30 07:05:02 Locked: 0.33249517244 FIL
Mar 30 07:05:03 Datacap: 3160693276672
Mar 30 07:05:03 ....
Mar 30 07:05:04 Count: 3 of 4
Mar 30 07:05:04 f02576 (1 / 1 tries):
Mar 30 07:05:04 f0421499: 23.293832210218907393 FIL (9.8G free)
Mar 30 07:05:04 Escrow: 0.999645757255 FIL
Mar 30 07:05:04 Locked: 0.33249517244 FIL
Mar 30 07:05:05 Datacap: 3160693276672
Mar 30 07:05:05 ....
Mar 30 07:05:06 Count: 3 of 4
Mar 30 07:05:06 f010479 (1 / 1 tries):
Mar 30 07:05:06 f0421499: 23.293832210218907393 FIL (9.8G free)
Mar 30 07:05:07 Escrow: 0.999645757255 FIL
Mar 30 07:05:07 Locked: 0.33249517244 FIL
Mar 30 07:05:07 Datacap: 3160693276672
Mar 30 07:05:07 ....
Mar 30 07:05:08 Count: 3 of 4
Mar 30 07:05:08 f01240 (1 / 1 tries):
Mar 30 07:05:09 f0421499: 23.293832210218907393 FIL (9.8G free)
Mar 30 07:05:09 Escrow: 0.999645757255 FIL
Mar 30 07:05:09 Locked: 0.33249517244 FIL
Mar 30 07:05:10 Datacap: 3160693276672
Mar 30 07:05:10 ....
Mar 30 07:05:11 Count: 3 of 4
Mar 30 07:05:11 f014409 (1 / 1 tries):
Mar 30 07:05:11 f0421499: 23.293832210218907393 FIL (9.8G free)
Mar 30 07:05:12 Escrow: 0.999645757255 FIL
Mar 30 07:05:12 Locked: 0.33249517244 FIL
Mar 30 07:05:12 Datacap: 3160693276672
Mar 30 07:05:12 ....
Mar 30 07:05:13 Count: 3 of 4
Mar 30 07:05:13 f071624 (1 / 1 tries):
Mar 30 07:05:14 f0421499: 23.293832210218907393 FIL (9.8G free)
Mar 30 07:05:14 Escrow: 0.999645757255 FIL
Mar 30 07:05:14 Locked: 0.33249517244 FIL
Mar 30 07:05:15 Datacap: 3160693276672
Mar 30 07:05:15 ....
Mar 30 07:05:16 Count: 3 of 4
Mar 30 07:05:16 f01277 (1 / 1 tries):
Mar 30 07:05:16 Skipping f01277: min-ask
Mar 30 07:05:16 
Mar 30 07:05:17 Count: 3 of 4
Mar 30 07:05:17 f014768 (1 / 1 tries):
Mar 30 07:05:18 f0421499: 23.293832210218907393 FIL (9.8G free)
Mar 30 07:05:18 Escrow: 0.999645757255 FIL
Mar 30 07:05:18 Locked: 0.33249517244 FIL
Mar 30 07:05:18 Datacap: 3160693276672
Mar 30 07:05:19 ....
Mar 30 07:05:20 Count: 3 of 4
Mar 30 07:05:20 f08403 (1 / 1 tries):
Mar 30 07:05:21 f0421499: 23.293832210218907393 FIL (9.8G free)
Mar 30 07:05:21 Escrow: 0.999645757255 FIL
Mar 30 07:05:21 Locked: 0.33249517244 FIL
Mar 30 07:05:21 Datacap: 3160693276672
Mar 30 07:05:22 ....
Mar 30 07:05:23 Count: 3 of 4
Mar 30 07:05:23 f066596 (1 / 1 tries):
Mar 30 07:05:23 f0421499: 23.293832210218907393 FIL (9.8G free)
Mar 30 07:05:23 Escrow: 0.999645757255 FIL
Mar 30 07:05:23 Locked: 0.33249517244 FIL
Mar 30 07:05:24 Datacap: 3160693276672
Mar 30 07:05:24 ....
Mar 30 07:05:25 Count: 3 of 4
Mar 30 07:05:25 f09848 (1 / 1 tries):
Mar 30 07:05:26 f0421499: 23.293832210218907393 FIL (9.8G free)
Mar 30 07:05:26 Escrow: 0.999645757255 FIL
Mar 30 07:05:26 Locked: 0.33249517244 FIL
Mar 30 07:05:27 Datacap: 3160693276672
Mar 30 07:05:27 ....
