Mar 30 06:16:52 Count: 3 of 4
Mar 30 06:16:52 f014409 (1 / 1 tries):
Mar 30 06:16:52 f0421499: 23.293832210218907393 FIL (9.9G free)
Mar 30 06:16:53 Escrow: 0.999645757255 FIL
Mar 30 06:16:53 Locked: 0.33249517244 FIL
Mar 30 06:16:53 Datacap: 3160693276672
Mar 30 06:16:53 ....
Mar 30 06:16:54 Count: 3 of 4
Mar 30 06:16:54 f022352 (1 / 1 tries):
Mar 30 06:16:55 f0421499: 23.293832210218907393 FIL (9.9G free)
Mar 30 06:16:55 Escrow: 0.999645757255 FIL
Mar 30 06:16:55 Locked: 0.33249517244 FIL
Mar 30 06:16:55 Datacap: 3160693276672
Mar 30 06:16:55 ....
Mar 30 06:16:56 Count: 3 of 4
Mar 30 06:16:56 f01247 (1 / 1 tries):
Mar 30 06:16:57 f0421499: 23.293832210218907393 FIL (9.9G free)
Mar 30 06:16:57 Escrow: 0.999645757255 FIL
Mar 30 06:16:57 Locked: 0.33249517244 FIL
Mar 30 06:16:58 Datacap: 3160693276672
Mar 30 06:16:58 ....
Mar 30 06:16:59 Count: 3 of 4
Mar 30 06:16:59 f010617 (1 / 1 tries):
Mar 30 06:16:59 f0421499: 23.293832210218907393 FIL (9.9G free)
Mar 30 06:17:00 Escrow: 0.999645757255 FIL
Mar 30 06:17:00 Locked: 0.33249517244 FIL
Mar 30 06:17:00 Datacap: 3160693276672
Mar 30 06:17:00 ....
Mar 30 06:17:01 Count: 3 of 4
Mar 30 06:17:01 f0157535 (1 / 1 tries):
Mar 30 06:17:02 f0421499: 23.293832210218907393 FIL (9.9G free)
Mar 30 06:17:02 Escrow: 0.999645757255 FIL
Mar 30 06:17:02 Locked: 0.33249517244 FIL
Mar 30 06:17:02 Datacap: 3160693276672
Mar 30 06:17:03 ....
Mar 30 06:17:04 Count: 3 of 4
Mar 30 06:17:04 f071624 (1 / 1 tries):
Mar 30 06:17:04 f0421499: 23.293832210218907393 FIL (9.9G free)
Mar 30 06:17:05 Escrow: 0.999645757255 FIL
Mar 30 06:17:05 Locked: 0.33249517244 FIL
Mar 30 06:17:05 Datacap: 3160693276672
Mar 30 06:17:05 ....
Mar 30 06:17:06 Count: 3 of 4
Mar 30 06:17:06 f08399 (1 / 1 tries):
Mar 30 06:17:07 f0421499: 23.293832210218907393 FIL (9.9G free)
Mar 30 06:17:07 Escrow: 0.999645757255 FIL
Mar 30 06:17:07 Locked: 0.33249517244 FIL
Mar 30 06:17:07 Datacap: 3160693276672
Mar 30 06:17:07 ....
Mar 30 06:17:08 Count: 3 of 4
Mar 30 06:17:08 f0165400 (1 / 1 tries):
Mar 30 06:17:09 f0421499: 23.293832210218907393 FIL (9.9G free)
Mar 30 06:17:09 Escrow: 0.999645757255 FIL
Mar 30 06:17:09 Locked: 0.33249517244 FIL
Mar 30 06:17:10 Datacap: 3160693276672
Mar 30 06:17:10 ....
Mar 30 06:17:11 Count: 3 of 4
Mar 30 06:17:11 f058369 (1 / 1 tries):
Mar 30 06:17:12 f0421499: 23.293832210218907393 FIL (9.9G free)
Mar 30 06:17:12 Escrow: 0.999645757255 FIL
Mar 30 06:17:12 Locked: 0.33249517244 FIL
Mar 30 06:17:12 Datacap: 3160693276672
Mar 30 06:17:12 ....
Mar 30 06:17:13 Count: 3 of 4
Mar 30 06:17:13 f08403 (1 / 1 tries):
Mar 30 06:17:13 f0421499: 23.293832210218907393 FIL (9.9G free)
Mar 30 06:17:14 Escrow: 0.999645757255 FIL
Mar 30 06:17:14 Locked: 0.33249517244 FIL
Mar 30 06:17:14 Datacap: 3160693276672
Mar 30 06:17:14 ....
Mar 30 06:17:15 Count: 3 of 4
Mar 30 06:17:15 f066596 (1 / 1 tries):
Mar 30 06:17:15 f0421499: 23.293832210218907393 FIL (9.9G free)
Mar 30 06:17:15 Escrow: 0.999645757255 FIL
Mar 30 06:17:15 Locked: 0.33249517244 FIL
Mar 30 06:17:16 Datacap: 3160693276672
Mar 30 06:17:16 ....
Mar 30 06:17:17 Count: 3 of 4
Mar 30 06:17:17 f015927 (1 / 1 tries):
Mar 30 06:17:18 Skipping f015927: min-ask
Mar 30 06:17:18 
Mar 30 06:17:19 Count: 3 of 4
Mar 30 06:17:19 f023467 (1 / 1 tries):
Mar 30 06:17:19 f0421499: 23.293832210218907393 FIL (9.9G free)
Mar 30 06:17:19 Escrow: 0.999645757255 FIL
Mar 30 06:17:19 Locked: 0.33249517244 FIL
Mar 30 06:17:20 Datacap: 3160693276672
Mar 30 06:17:20 ....
Mar 30 06:17:21 Count: 3 of 4
Mar 30 06:17:21 f014768 (1 / 1 tries):
Mar 30 06:17:21 f0421499: 23.293832210218907393 FIL (9.9G free)
Mar 30 06:17:22 Escrow: 0.999645757255 FIL
Mar 30 06:17:22 Locked: 0.33249517244 FIL
Mar 30 06:17:22 Datacap: 3160693276672
Mar 30 06:17:22 ....
Mar 30 06:17:23 Count: 3 of 4
Mar 30 06:17:23 f019362 (1 / 1 tries):
Mar 30 06:17:24 f0421499: 23.293832210218907393 FIL (9.9G free)
Mar 30 06:17:24 Escrow: 0.999645757255 FIL
Mar 30 06:17:24 Locked: 0.33249517244 FIL
Mar 30 06:17:24 Datacap: 3160693276672
Mar 30 06:17:24 ....
Mar 30 06:17:25 Count: 3 of 4
Mar 30 06:17:25 f02606 (1 / 1 tries):
Mar 30 06:17:26 f0421499: 23.293832210218907393 FIL (9.9G free)
Mar 30 06:17:26 Escrow: 0.999645757255 FIL
Mar 30 06:17:26 Locked: 0.33249517244 FIL
Mar 30 06:17:26 Datacap: 3160693276672
Mar 30 06:17:27 ....
Mar 30 06:17:28 Count: 3 of 4
Mar 30 06:17:28 f01240 (1 / 1 tries):
Mar 30 06:17:28 f0421499: 23.293832210218907393 FIL (9.9G free)
Mar 30 06:17:29 Escrow: 0.999645757255 FIL
Mar 30 06:17:29 Locked: 0.33249517244 FIL
Mar 30 06:17:29 Datacap: 3160693276672
Mar 30 06:17:29 ....
Mar 30 06:17:30 Count: 3 of 4
Mar 30 06:17:30 f099608 (1 / 1 tries):
Mar 30 06:17:31 f0421499: 23.293832210218907393 FIL (9.9G free)
Mar 30 06:17:31 Escrow: 0.999645757255 FIL
Mar 30 06:17:31 Locked: 0.33249517244 FIL
Mar 30 06:17:31 Datacap: 3160693276672
Mar 30 06:17:31 ....
Mar 30 06:17:32 Count: 3 of 4
Mar 30 06:17:32 f01277 (1 / 1 tries):
Mar 30 06:17:33 Skipping f01277: min-ask
Mar 30 06:17:33 
Mar 30 06:17:34 Count: 3 of 4
Mar 30 06:17:34 f023971 (1 / 1 tries):
Mar 30 06:17:35 f0421499: 23.293832210218907393 FIL (9.9G free)
Mar 30 06:17:35 Escrow: 0.999645757255 FIL
Mar 30 06:17:35 Locked: 0.33249517244 FIL
Mar 30 06:17:35 Datacap: 3160693276672
Mar 30 06:17:35 ....
Mar 30 06:17:36 Count: 3 of 4
Mar 30 06:17:36 f09848 (1 / 1 tries):
Mar 30 06:17:37 f0421499: 23.293832210218907393 FIL (9.9G free)
Mar 30 06:17:37 Escrow: 0.999645757255 FIL
Mar 30 06:17:37 Locked: 0.33249517244 FIL
Mar 30 06:17:37 Datacap: 3160693276672
Mar 30 06:17:37 ....
Mar 30 06:17:38 Count: 3 of 4
Mar 30 06:17:38 f01234 (1 / 1 tries):
Mar 30 06:17:39 f0421499: 23.293832210218907393 FIL (9.9G free)
Mar 30 06:17:39 Escrow: 0.999645757255 FIL
Mar 30 06:17:39 Locked: 0.33249517244 FIL
Mar 30 06:17:39 Datacap: 3160693276672
Mar 30 06:17:39 ....
Mar 30 06:17:40 Count: 3 of 4
Mar 30 06:17:40 f022163 (1 / 1 tries):
Mar 30 06:17:41 f0421499: 23.293832210218907393 FIL (9.9G free)
Mar 30 06:17:41 Escrow: 0.999645757255 FIL
Mar 30 06:17:41 Locked: 0.33249517244 FIL
Mar 30 06:17:41 Datacap: 3160693276672
Mar 30 06:17:42 ....
Mar 30 06:17:43 Count: 3 of 4
Mar 30 06:17:43 f019551 (1 / 1 tries):
Mar 30 06:17:43 f0421499: 23.293832210218907393 FIL (9.9G free)
Mar 30 06:17:43 Escrow: 0.999645757255 FIL
Mar 30 06:17:43 Locked: 0.33249517244 FIL
Mar 30 06:17:43 Datacap: 3160693276672
Mar 30 06:17:43 ....
Mar 30 06:17:45 Count: 3 of 4
Mar 30 06:17:45 f02576 (1 / 1 tries):
Mar 30 06:17:45 f0421499: 23.293832210218907393 FIL (9.9G free)
Mar 30 06:17:46 Escrow: 0.999645757255 FIL
Mar 30 06:17:46 Locked: 0.33249517244 FIL
Mar 30 06:17:46 Datacap: 3160693276672
Mar 30 06:17:46 ....
Mar 30 06:17:47 Count: 3 of 4
Mar 30 06:17:47 f0145874 (1 / 1 tries):
Mar 30 06:17:48 f0421499: 23.293832210218907393 FIL (9.9G free)
Mar 30 06:17:48 Escrow: 0.999645757255 FIL
Mar 30 06:17:48 Locked: 0.33249517244 FIL
Mar 30 06:17:48 Datacap: 3160693276672
Mar 30 06:17:48 ....
Mar 30 06:17:49 Count: 3 of 4
Mar 30 06:17:49 f019100 (1 / 1 tries):
Mar 30 06:17:50 Skipping f019100: error-ask
Mar 30 06:17:50 
Mar 30 06:17:51 Count: 3 of 4
Mar 30 06:17:51 f062353 (1 / 1 tries):
Mar 30 06:17:52 f0421499: 23.293832210218907393 FIL (9.9G free)
Mar 30 06:17:52 Escrow: 0.999645757255 FIL
Mar 30 06:17:52 Locked: 0.33249517244 FIL
Mar 30 06:17:52 Datacap: 3160693276672
Mar 30 06:17:53 ....
Mar 30 06:17:54 Count: 3 of 4
Mar 30 06:17:54 f01278 (1 / 1 tries):
Mar 30 06:17:54 f0421499: 23.293832210218907393 FIL (9.9G free)
Mar 30 06:17:54 Escrow: 0.999645757255 FIL
Mar 30 06:17:54 Locked: 0.33249517244 FIL
Mar 30 06:17:55 Datacap: 3160693276672
Mar 30 06:17:55 ....
Mar 30 06:17:56 Count: 3 of 4
Mar 30 06:17:56 f010479 (1 / 1 tries):
Mar 30 06:17:56 f0421499: 23.293832210218907393 FIL (9.9G free)
Mar 30 06:17:56 Escrow: 0.999645757255 FIL
Mar 30 06:17:56 Locked: 0.33249517244 FIL
Mar 30 06:17:57 Datacap: 3160693276672
Mar 30 06:17:57 ....
Mar 30 06:17:58 Count: 3 of 4
Mar 30 06:17:58 f019104 (1 / 1 tries):
Mar 30 06:17:58 Skipping f019104: error-ask
Mar 30 06:17:58 
Mar 30 06:17:59 Count: 3 of 4
Mar 30 06:17:59 f021716 (1 / 1 tries):
Mar 30 06:18:00 f0421499: 23.293832210218907393 FIL (9.9G free)
Mar 30 06:18:00 Escrow: 0.999645757255 FIL
Mar 30 06:18:00 Locked: 0.33249517244 FIL
Mar 30 06:18:00 Datacap: 3160693276672
Mar 30 06:18:00 ....
Mar 30 06:18:01 Count: 3 of 4
Mar 30 06:18:01 f07998 (1 / 1 tries):
Mar 30 06:18:02 f0421499: 23.293832210218907393 FIL (9.9G free)
Mar 30 06:18:02 Escrow: 0.999645757255 FIL
Mar 30 06:18:02 Locked: 0.33249517244 FIL
Mar 30 06:18:03 Datacap: 3160693276672
Mar 30 06:18:03 ....
Mar 30 06:18:04 Count: 3 of 4
Mar 30 06:18:04 f019041 (1 / 1 tries):
Mar 30 06:18:04 f0421499: 23.293832210218907393 FIL (9.9G free)
Mar 30 06:18:04 Escrow: 0.999645757255 FIL
Mar 30 06:18:04 Locked: 0.33249517244 FIL
Mar 30 06:18:05 Datacap: 3160693276672
Mar 30 06:18:05 ....
Mar 30 06:18:06 Count: 3 of 4
Mar 30 06:18:06 f022142 (1 / 1 tries):
Mar 30 06:18:06 f0421499: 23.293832210218907393 FIL (9.9G free)
Mar 30 06:18:07 Escrow: 0.999645757255 FIL
Mar 30 06:18:07 Locked: 0.33249517244 FIL
Mar 30 06:18:07 Datacap: 3160693276672
Mar 30 06:18:07 ....
Mar 30 06:18:08 Count: 3 of 4
Mar 30 06:18:08 f0127896 (1 / 1 tries):
Mar 30 06:18:09 Skipping f0127896: min-ask
Mar 30 06:18:09 
