Mar 30 14:30:49 Count: 3 of 4
Mar 30 14:30:49 f0157535 (1 / 1 tries):
Mar 30 14:30:49 f0421499: 23.293832210218907393 FIL (8.5G free)
Mar 30 14:30:49 Escrow: 0.999645757255 FIL
Mar 30 14:30:49 Locked: 0.33249517244 FIL
Mar 30 14:30:50 Datacap: 3160693276672
Mar 30 14:30:50 ....
Mar 30 14:30:51 Count: 3 of 4
Mar 30 14:30:51 f07998 (1 / 1 tries):
Mar 30 14:30:51 f0421499: 23.293832210218907393 FIL (8.5G free)
Mar 30 14:30:51 Escrow: 0.999645757255 FIL
Mar 30 14:30:51 Locked: 0.33249517244 FIL
Mar 30 14:30:52 Datacap: 3160693276672
Mar 30 14:30:52 ....
Mar 30 14:30:53 Count: 3 of 4
Mar 30 14:30:53 f015927 (1 / 1 tries):
Mar 30 14:30:54 Skipping f015927: min-ask
Mar 30 14:30:54 
Mar 30 14:30:55 Count: 3 of 4
Mar 30 14:30:55 f019041 (1 / 1 tries):
Mar 30 14:30:55 f0421499: 23.293832210218907393 FIL (8.5G free)
Mar 30 14:30:55 Escrow: 0.999645757255 FIL
Mar 30 14:30:55 Locked: 0.33249517244 FIL
Mar 30 14:30:56 Datacap: 3160693276672
Mar 30 14:30:56 ....
Mar 30 14:30:57 Count: 3 of 4
Mar 30 14:30:57 f0165400 (1 / 1 tries):
Mar 30 14:30:57 f0421499: 23.293832210218907393 FIL (8.5G free)
Mar 30 14:30:57 Escrow: 0.999645757255 FIL
Mar 30 14:30:57 Locked: 0.33249517244 FIL
Mar 30 14:30:58 Datacap: 3160693276672
Mar 30 14:30:58 ....
Mar 30 14:30:59 Count: 3 of 4
Mar 30 14:30:59 f014768 (1 / 1 tries):
Mar 30 14:31:00 f0421499: 23.293832210218907393 FIL (8.5G free)
Mar 30 14:31:00 Escrow: 0.999645757255 FIL
Mar 30 14:31:00 Locked: 0.33249517244 FIL
Mar 30 14:31:01 Datacap: 3160693276672
Mar 30 14:31:01 ....
Mar 30 14:31:02 Count: 3 of 4
Mar 30 14:31:02 f019100 (1 / 1 tries):
Mar 30 14:31:02 Skipping f019100: error-ask
Mar 30 14:31:02 
Mar 30 14:31:03 Count: 3 of 4
Mar 30 14:31:03 f066596 (1 / 1 tries):
Mar 30 14:31:04 f0421499: 23.293832210218907393 FIL (8.5G free)
Mar 30 14:31:04 Escrow: 0.999645757255 FIL
Mar 30 14:31:04 Locked: 0.33249517244 FIL
Mar 30 14:31:05 Datacap: 3160693276672
Mar 30 14:31:05 ....
Mar 30 14:31:06 Count: 3 of 4
Mar 30 14:31:06 f062353 (1 / 1 tries):
Mar 30 14:31:06 f0421499: 23.293832210218907393 FIL (8.5G free)
Mar 30 14:31:06 Escrow: 0.999645757255 FIL
Mar 30 14:31:06 Locked: 0.33249517244 FIL
Mar 30 14:31:07 Datacap: 3160693276672
Mar 30 14:31:07 ....
Mar 30 14:31:08 Count: 3 of 4
Mar 30 14:31:08 f019551 (1 / 1 tries):
Mar 30 14:31:08 f0421499: 23.293832210218907393 FIL (8.5G free)
Mar 30 14:31:09 Escrow: 0.999645757255 FIL
Mar 30 14:31:09 Locked: 0.33249517244 FIL
Mar 30 14:31:09 Datacap: 3160693276672
Mar 30 14:31:09 ....
Mar 30 14:31:10 Count: 3 of 4
Mar 30 14:31:10 f014409 (1 / 1 tries):
Mar 30 14:31:11 f0421499: 23.293832210218907393 FIL (8.5G free)
Mar 30 14:31:11 Escrow: 0.999645757255 FIL
Mar 30 14:31:11 Locked: 0.33249517244 FIL
Mar 30 14:31:11 Datacap: 3160693276672
Mar 30 14:31:11 ....
Mar 30 14:31:13 Count: 3 of 4
Mar 30 14:31:13 f02606 (1 / 1 tries):
Mar 30 14:31:13 f0421499: 23.293832210218907393 FIL (8.5G free)
Mar 30 14:31:13 Escrow: 0.999645757255 FIL
Mar 30 14:31:13 Locked: 0.33249517244 FIL
Mar 30 14:31:13 Datacap: 3160693276672
Mar 30 14:31:13 ....
Mar 30 14:31:14 Count: 3 of 4
Mar 30 14:31:14 f0127896 (1 / 1 tries):
Mar 30 14:31:15 Skipping f0127896: min-ask
Mar 30 14:31:15 
Mar 30 14:31:16 Count: 3 of 4
Mar 30 14:31:16 f019104 (1 / 1 tries):
Mar 30 14:31:16 Skipping f019104: error-ask
Mar 30 14:31:16 
Mar 30 14:31:17 Count: 3 of 4
Mar 30 14:31:17 f021716 (1 / 1 tries):
Mar 30 14:31:18 f0421499: 23.293832210218907393 FIL (8.5G free)
Mar 30 14:31:18 Escrow: 0.999645757255 FIL
Mar 30 14:31:18 Locked: 0.33249517244 FIL
Mar 30 14:31:18 Datacap: 3160693276672
Mar 30 14:31:19 ....
Mar 30 14:31:20 Count: 3 of 4
Mar 30 14:31:20 f023971 (1 / 1 tries):
Mar 30 14:31:20 f0421499: 23.293832210218907393 FIL (8.5G free)
Mar 30 14:31:20 Escrow: 0.999645757255 FIL
Mar 30 14:31:20 Locked: 0.33249517244 FIL
Mar 30 14:31:21 Datacap: 3160693276672
Mar 30 14:31:21 ....
Mar 30 14:31:22 Count: 3 of 4
Mar 30 14:31:22 f08403 (1 / 1 tries):
Mar 30 14:31:23 f0421499: 23.293832210218907393 FIL (8.5G free)
Mar 30 14:31:23 Escrow: 0.999645757255 FIL
Mar 30 14:31:23 Locked: 0.33249517244 FIL
Mar 30 14:31:23 Datacap: 3160693276672
Mar 30 14:31:24 ....
Mar 30 14:31:25 Count: 3 of 4
Mar 30 14:31:25 f071624 (1 / 1 tries):
Mar 30 14:31:25 f0421499: 23.293832210218907393 FIL (8.5G free)
Mar 30 14:31:25 Escrow: 0.999645757255 FIL
Mar 30 14:31:25 Locked: 0.33249517244 FIL
Mar 30 14:31:26 Datacap: 3160693276672
Mar 30 14:31:26 ....
Mar 30 14:31:27 Count: 3 of 4
Mar 30 14:31:27 f02576 (1 / 1 tries):
Mar 30 14:31:28 f0421499: 23.293832210218907393 FIL (8.5G free)
Mar 30 14:31:28 Escrow: 0.999645757255 FIL
Mar 30 14:31:28 Locked: 0.33249517244 FIL
Mar 30 14:31:28 Datacap: 3160693276672
Mar 30 14:31:29 ....
Mar 30 14:31:30 Count: 3 of 4
Mar 30 14:31:30 f01277 (1 / 1 tries):
Mar 30 14:31:30 Skipping f01277: min-ask
Mar 30 14:31:30 
Mar 30 14:31:31 Count: 3 of 4
Mar 30 14:31:31 f022142 (1 / 1 tries):
Mar 30 14:31:32 f0421499: 23.293832210218907393 FIL (8.5G free)
Mar 30 14:31:32 Escrow: 0.999645757255 FIL
Mar 30 14:31:32 Locked: 0.33249517244 FIL
Mar 30 14:31:32 Datacap: 3160693276672
Mar 30 14:31:32 ....
Mar 30 14:31:33 Count: 3 of 4
Mar 30 14:31:33 f058369 (1 / 1 tries):
Mar 30 14:31:34 f0421499: 23.293832210218907393 FIL (8.5G free)
Mar 30 14:31:34 Escrow: 0.999645757255 FIL
Mar 30 14:31:34 Locked: 0.33249517244 FIL
Mar 30 14:31:34 Datacap: 3160693276672
Mar 30 14:31:34 ....
Mar 30 14:31:35 Count: 3 of 4
Mar 30 14:31:35 f022352 (1 / 1 tries):
Mar 30 14:31:36 f0421499: 23.293832210218907393 FIL (8.5G free)
Mar 30 14:31:36 Escrow: 0.999645757255 FIL
Mar 30 14:31:36 Locked: 0.33249517244 FIL
Mar 30 14:31:36 Datacap: 3160693276672
Mar 30 14:31:36 ....
Mar 30 14:31:37 Count: 3 of 4
Mar 30 14:31:37 f099608 (1 / 1 tries):
Mar 30 14:31:38 f0421499: 23.293832210218907393 FIL (8.5G free)
Mar 30 14:31:38 Escrow: 0.999645757255 FIL
Mar 30 14:31:38 Locked: 0.33249517244 FIL
Mar 30 14:31:38 Datacap: 3160693276672
Mar 30 14:31:38 ....
Mar 30 14:31:39 Count: 3 of 4
Mar 30 14:31:39 f09848 (1 / 1 tries):
Mar 30 14:31:40 f0421499: 23.293832210218907393 FIL (8.5G free)
Mar 30 14:31:40 Escrow: 0.999645757255 FIL
Mar 30 14:31:40 Locked: 0.33249517244 FIL
Mar 30 14:31:40 Datacap: 3160693276672
Mar 30 14:31:40 ....
Mar 30 14:31:41 Count: 3 of 4
Mar 30 14:31:41 f010617 (1 / 1 tries):
Mar 30 14:31:42 f0421499: 23.293832210218907393 FIL (8.5G free)
Mar 30 14:31:42 Escrow: 0.999645757255 FIL
Mar 30 14:31:42 Locked: 0.33249517244 FIL
Mar 30 14:31:42 Datacap: 3160693276672
Mar 30 14:31:42 ....
Mar 30 14:31:43 Count: 3 of 4
Mar 30 14:31:43 f08399 (1 / 1 tries):
Mar 30 14:31:44 f0421499: 23.293832210218907393 FIL (8.5G free)
Mar 30 14:31:44 Escrow: 0.999645757255 FIL
Mar 30 14:31:44 Locked: 0.33249517244 FIL
Mar 30 14:31:44 Datacap: 3160693276672
Mar 30 14:31:44 ....
Mar 30 14:31:45 Count: 3 of 4
Mar 30 14:31:45 f019362 (1 / 1 tries):
Mar 30 14:31:46 f0421499: 23.293832210218907393 FIL (8.5G free)
Mar 30 14:31:46 Escrow: 0.999645757255 FIL
Mar 30 14:31:46 Locked: 0.33249517244 FIL
Mar 30 14:31:46 Datacap: 3160693276672
Mar 30 14:31:46 ....
Mar 30 14:31:47 Count: 3 of 4
Mar 30 14:31:47 f022163 (1 / 1 tries):
Mar 30 14:31:48 f0421499: 23.293832210218907393 FIL (8.5G free)
Mar 30 14:31:48 Escrow: 0.999645757255 FIL
Mar 30 14:31:48 Locked: 0.33249517244 FIL
Mar 30 14:31:48 Datacap: 3160693276672
Mar 30 14:31:48 ....
Mar 30 14:31:49 Count: 3 of 4
Mar 30 14:31:49 f01234 (1 / 1 tries):
Mar 30 14:31:50 f0421499: 23.293832210218907393 FIL (8.5G free)
Mar 30 14:31:50 Escrow: 0.999645757255 FIL
Mar 30 14:31:50 Locked: 0.33249517244 FIL
Mar 30 14:31:51 Datacap: 3160693276672
Mar 30 14:31:51 ....
Mar 30 14:31:52 Count: 3 of 4
Mar 30 14:31:52 f0145874 (1 / 1 tries):
Mar 30 14:31:53 f0421499: 23.293832210218907393 FIL (8.5G free)
Mar 30 14:31:53 Escrow: 0.999645757255 FIL
Mar 30 14:31:53 Locked: 0.33249517244 FIL
Mar 30 14:31:53 Datacap: 3160693276672
Mar 30 14:31:53 ....
Mar 30 14:31:54 Count: 3 of 4
Mar 30 14:31:54 f023467 (1 / 1 tries):
Mar 30 14:31:55 f0421499: 23.293832210218907393 FIL (8.5G free)
Mar 30 14:31:55 Escrow: 0.999645757255 FIL
Mar 30 14:31:55 Locked: 0.33249517244 FIL
Mar 30 14:31:55 Datacap: 3160693276672
Mar 30 14:31:56 ....
Mar 30 14:31:57 Count: 3 of 4
Mar 30 14:31:57 f01247 (1 / 1 tries):
Mar 30 14:31:57 f0421499: 23.293832210218907393 FIL (8.5G free)
Mar 30 14:31:58 Escrow: 0.999645757255 FIL
Mar 30 14:31:58 Locked: 0.33249517244 FIL
Mar 30 14:31:58 Datacap: 3160693276672
Mar 30 14:31:58 ....
Mar 30 14:31:59 Count: 3 of 4
Mar 30 14:31:59 f01278 (1 / 1 tries):
Mar 30 14:31:59 f0421499: 23.293832210218907393 FIL (8.5G free)
Mar 30 14:32:00 Escrow: 0.999645757255 FIL
Mar 30 14:32:00 Locked: 0.33249517244 FIL
Mar 30 14:32:00 Datacap: 3160693276672
Mar 30 14:32:00 ....
Mar 30 14:32:01 Count: 3 of 4
Mar 30 14:32:01 f01240 (1 / 1 tries):
Mar 30 14:32:02 f0421499: 23.293832210218907393 FIL (8.5G free)
Mar 30 14:32:02 Escrow: 0.999645757255 FIL
Mar 30 14:32:02 Locked: 0.33249517244 FIL
Mar 30 14:32:03 Datacap: 3160693276672
Mar 30 14:32:03 ....
Mar 30 14:32:04 Count: 3 of 4
Mar 30 14:32:04 f010479 (1 / 1 tries):
Mar 30 14:32:05 f0421499: 23.293832210218907393 FIL (8.5G free)
Mar 30 14:32:05 Escrow: 0.999645757255 FIL
Mar 30 14:32:05 Locked: 0.33249517244 FIL
Mar 30 14:32:05 Datacap: 3160693276672
Mar 30 14:32:05 ....
