Mar 30 15:28:15 Count: 3 of 4
Mar 30 15:28:15 f022142 (1 / 1 tries):
Mar 30 15:28:15 f0421499: 23.293832210218907393 FIL (8.3G free)
Mar 30 15:28:16 Escrow: 0.999645757255 FIL
Mar 30 15:28:16 Locked: 0.33249517244 FIL
Mar 30 15:28:16 Datacap: 3160693276672
Mar 30 15:28:17 ....
Mar 30 15:28:18 Count: 3 of 4
Mar 30 15:28:18 f014409 (1 / 1 tries):
Mar 30 15:28:18 f0421499: 23.293832210218907393 FIL (8.3G free)
Mar 30 15:28:18 Escrow: 0.999645757255 FIL
Mar 30 15:28:18 Locked: 0.33249517244 FIL
Mar 30 15:28:18 Datacap: 3160693276672
Mar 30 15:28:19 ....
Mar 30 15:28:20 Count: 3 of 4
Mar 30 15:28:20 f023971 (1 / 1 tries):
Mar 30 15:28:21 f0421499: 23.293832210218907393 FIL (8.3G free)
Mar 30 15:28:21 Escrow: 0.999645757255 FIL
Mar 30 15:28:21 Locked: 0.33249517244 FIL
Mar 30 15:28:21 Datacap: 3160693276672
Mar 30 15:28:22 ....
Mar 30 15:28:23 Count: 3 of 4
Mar 30 15:28:23 f021716 (1 / 1 tries):
Mar 30 15:28:23 f0421499: 23.293832210218907393 FIL (8.3G free)
Mar 30 15:28:24 Escrow: 0.999645757255 FIL
Mar 30 15:28:24 Locked: 0.33249517244 FIL
Mar 30 15:28:24 Datacap: 3160693276672
Mar 30 15:28:24 ....
Mar 30 15:28:25 Count: 3 of 4
Mar 30 15:28:25 f01234 (1 / 1 tries):
Mar 30 15:28:25 f0421499: 23.293832210218907393 FIL (8.3G free)
Mar 30 15:28:25 Escrow: 0.999645757255 FIL
Mar 30 15:28:25 Locked: 0.33249517244 FIL
Mar 30 15:28:26 Datacap: 3160693276672
Mar 30 15:28:26 ....
Mar 30 15:28:27 Count: 3 of 4
Mar 30 15:28:27 f019104 (1 / 1 tries):
Mar 30 15:28:27 Skipping f019104: error-ask
Mar 30 15:28:27 
Mar 30 15:28:28 Count: 3 of 4
Mar 30 15:28:28 f019041 (1 / 1 tries):
Mar 30 15:28:29 f0421499: 23.293832210218907393 FIL (8.3G free)
Mar 30 15:28:29 Escrow: 0.999645757255 FIL
Mar 30 15:28:29 Locked: 0.33249517244 FIL
Mar 30 15:28:30 Datacap: 3160693276672
Mar 30 15:28:30 ....
Mar 30 15:28:31 Count: 3 of 4
Mar 30 15:28:31 f014768 (1 / 1 tries):
Mar 30 15:28:32 f0421499: 23.293832210218907393 FIL (8.3G free)
Mar 30 15:28:32 Escrow: 0.999645757255 FIL
Mar 30 15:28:32 Locked: 0.33249517244 FIL
Mar 30 15:28:32 Datacap: 3160693276672
Mar 30 15:28:32 ....
Mar 30 15:28:33 Count: 3 of 4
Mar 30 15:28:33 f099608 (1 / 1 tries):
Mar 30 15:28:34 f0421499: 23.293832210218907393 FIL (8.3G free)
Mar 30 15:28:34 Escrow: 0.999645757255 FIL
Mar 30 15:28:34 Locked: 0.33249517244 FIL
Mar 30 15:28:35 Datacap: 3160693276672
Mar 30 15:28:35 ....
Mar 30 15:28:36 Count: 3 of 4
Mar 30 15:28:36 f019551 (1 / 1 tries):
Mar 30 15:28:37 f0421499: 23.293832210218907393 FIL (8.3G free)
Mar 30 15:28:37 Escrow: 0.999645757255 FIL
Mar 30 15:28:37 Locked: 0.33249517244 FIL
Mar 30 15:28:37 Datacap: 3160693276672
Mar 30 15:28:37 ....
Mar 30 15:28:38 Count: 3 of 4
Mar 30 15:28:38 f0145874 (1 / 1 tries):
Mar 30 15:28:39 f0421499: 23.293832210218907393 FIL (8.3G free)
Mar 30 15:28:39 Escrow: 0.999645757255 FIL
Mar 30 15:28:39 Locked: 0.33249517244 FIL
Mar 30 15:28:40 Datacap: 3160693276672
Mar 30 15:28:40 ....
Mar 30 15:28:41 Count: 3 of 4
Mar 30 15:28:41 f01240 (1 / 1 tries):
Mar 30 15:28:42 f0421499: 23.293832210218907393 FIL (8.3G free)
Mar 30 15:28:42 Escrow: 0.999645757255 FIL
Mar 30 15:28:42 Locked: 0.33249517244 FIL
Mar 30 15:28:42 Datacap: 3160693276672
Mar 30 15:28:42 ....
Mar 30 15:28:43 Count: 3 of 4
Mar 30 15:28:43 f08403 (1 / 1 tries):
Mar 30 15:28:44 f0421499: 23.293832210218907393 FIL (8.3G free)
Mar 30 15:28:44 Escrow: 0.999645757255 FIL
Mar 30 15:28:44 Locked: 0.33249517244 FIL
Mar 30 15:28:44 Datacap: 3160693276672
Mar 30 15:28:44 ....
Mar 30 15:28:45 Count: 3 of 4
Mar 30 15:28:45 f071624 (1 / 1 tries):
Mar 30 15:28:46 f0421499: 23.293832210218907393 FIL (8.3G free)
Mar 30 15:28:46 Escrow: 0.999645757255 FIL
Mar 30 15:28:46 Locked: 0.33249517244 FIL
Mar 30 15:28:47 Datacap: 3160693276672
Mar 30 15:28:47 ....
Mar 30 15:28:48 Count: 3 of 4
Mar 30 15:28:48 f0165400 (1 / 1 tries):
Mar 30 15:28:49 f0421499: 23.293832210218907393 FIL (8.3G free)
Mar 30 15:28:49 Escrow: 0.999645757255 FIL
Mar 30 15:28:49 Locked: 0.33249517244 FIL
Mar 30 15:28:49 Datacap: 3160693276672
Mar 30 15:28:49 ....
Mar 30 15:28:50 Count: 3 of 4
Mar 30 15:28:50 f015927 (1 / 1 tries):
Mar 30 15:28:50 Skipping f015927: min-ask
Mar 30 15:28:50 
Mar 30 15:28:51 Count: 3 of 4
Mar 30 15:28:51 f02606 (1 / 1 tries):
Mar 30 15:28:52 f0421499: 23.293832210218907393 FIL (8.3G free)
Mar 30 15:28:52 Escrow: 0.999645757255 FIL
Mar 30 15:28:52 Locked: 0.33249517244 FIL
Mar 30 15:28:53 Datacap: 3160693276672
Mar 30 15:28:53 ....
Mar 30 15:28:54 Count: 3 of 4
Mar 30 15:28:54 f062353 (1 / 1 tries):
Mar 30 15:28:54 f0421499: 23.293832210218907393 FIL (8.3G free)
Mar 30 15:28:55 Escrow: 0.999645757255 FIL
Mar 30 15:28:55 Locked: 0.33249517244 FIL
Mar 30 15:28:55 Datacap: 3160693276672
Mar 30 15:28:55 ....
Mar 30 15:28:56 Count: 3 of 4
Mar 30 15:28:56 f02576 (1 / 1 tries):
Mar 30 15:28:57 f0421499: 23.293832210218907393 FIL (8.3G free)
Mar 30 15:28:57 Escrow: 0.999645757255 FIL
Mar 30 15:28:57 Locked: 0.33249517244 FIL
Mar 30 15:28:57 Datacap: 3160693276672
Mar 30 15:28:58 ....
Mar 30 15:28:59 Count: 3 of 4
Mar 30 15:28:59 f0127896 (1 / 1 tries):
Mar 30 15:28:59 Skipping f0127896: min-ask
Mar 30 15:28:59 
Mar 30 15:29:00 Count: 3 of 4
Mar 30 15:29:00 f09848 (1 / 1 tries):
Mar 30 15:29:00 f0421499: 23.293832210218907393 FIL (8.3G free)
Mar 30 15:29:01 Escrow: 0.999645757255 FIL
Mar 30 15:29:01 Locked: 0.33249517244 FIL
Mar 30 15:29:01 Datacap: 3160693276672
Mar 30 15:29:01 ....
Mar 30 15:29:02 Count: 3 of 4
Mar 30 15:29:02 f023467 (1 / 1 tries):
Mar 30 15:29:03 f0421499: 23.293832210218907393 FIL (8.3G free)
Mar 30 15:29:03 Escrow: 0.999645757255 FIL
Mar 30 15:29:03 Locked: 0.33249517244 FIL
Mar 30 15:29:03 Datacap: 3160693276672
Mar 30 15:29:04 ....
Mar 30 15:29:05 Count: 3 of 4
Mar 30 15:29:05 f066596 (1 / 1 tries):
Mar 30 15:29:05 f0421499: 23.293832210218907393 FIL (8.3G free)
Mar 30 15:29:05 Escrow: 0.999645757255 FIL
Mar 30 15:29:05 Locked: 0.33249517244 FIL
Mar 30 15:29:06 Datacap: 3160693276672
Mar 30 15:29:06 ....
Mar 30 15:29:07 Count: 3 of 4
Mar 30 15:29:07 f022352 (1 / 1 tries):
Mar 30 15:29:07 f0421499: 23.293832210218907393 FIL (8.3G free)
Mar 30 15:29:08 Escrow: 0.999645757255 FIL
Mar 30 15:29:08 Locked: 0.33249517244 FIL
Mar 30 15:29:08 Datacap: 3160693276672
Mar 30 15:29:08 ....
Mar 30 15:29:09 Count: 3 of 4
Mar 30 15:29:09 f07998 (1 / 1 tries):
Mar 30 15:29:10 f0421499: 23.293832210218907393 FIL (8.3G free)
Mar 30 15:29:10 Escrow: 0.999645757255 FIL
Mar 30 15:29:10 Locked: 0.33249517244 FIL
Mar 30 15:29:10 Datacap: 3160693276672
Mar 30 15:29:10 ....
Mar 30 15:29:12 Count: 3 of 4
Mar 30 15:29:12 f010479 (1 / 1 tries):
Mar 30 15:29:12 f0421499: 23.293832210218907393 FIL (8.3G free)
Mar 30 15:29:12 Escrow: 0.999645757255 FIL
Mar 30 15:29:12 Locked: 0.33249517244 FIL
Mar 30 15:29:13 Datacap: 3160693276672
Mar 30 15:29:13 ....
Mar 30 15:29:14 Count: 3 of 4
Mar 30 15:29:14 f019100 (1 / 1 tries):
Mar 30 15:29:14 Skipping f019100: error-ask
Mar 30 15:29:14 
Mar 30 15:29:15 Count: 3 of 4
Mar 30 15:29:15 f058369 (1 / 1 tries):
Mar 30 15:29:16 f0421499: 23.293832210218907393 FIL (8.3G free)
Mar 30 15:29:16 Escrow: 0.999645757255 FIL
Mar 30 15:29:16 Locked: 0.33249517244 FIL
Mar 30 15:29:16 Datacap: 3160693276672
Mar 30 15:29:17 ....
Mar 30 15:29:18 Count: 3 of 4
Mar 30 15:29:18 f022163 (1 / 1 tries):
Mar 30 15:29:18 f0421499: 23.293832210218907393 FIL (8.2G free)
Mar 30 15:29:18 Escrow: 0.999645757255 FIL
Mar 30 15:29:18 Locked: 0.33249517244 FIL
Mar 30 15:29:19 Datacap: 3160693276672
Mar 30 15:29:19 ....
Mar 30 15:29:20 Count: 3 of 4
Mar 30 15:29:20 f01278 (1 / 1 tries):
Mar 30 15:29:20 f0421499: 23.293832210218907393 FIL (8.2G free)
Mar 30 15:29:21 Escrow: 0.999645757255 FIL
Mar 30 15:29:21 Locked: 0.33249517244 FIL
Mar 30 15:29:21 Datacap: 3160693276672
Mar 30 15:29:21 ....
Mar 30 15:29:22 Count: 3 of 4
Mar 30 15:29:22 f01247 (1 / 1 tries):
Mar 30 15:29:23 f0421499: 23.293832210218907393 FIL (8.2G free)
Mar 30 15:29:23 Escrow: 0.999645757255 FIL
Mar 30 15:29:23 Locked: 0.33249517244 FIL
Mar 30 15:29:23 Datacap: 3160693276672
Mar 30 15:29:23 ....
Mar 30 15:29:24 Count: 3 of 4
Mar 30 15:29:24 f019362 (1 / 1 tries):
Mar 30 15:29:25 f0421499: 23.293832210218907393 FIL (8.2G free)
Mar 30 15:29:25 Escrow: 0.999645757255 FIL
Mar 30 15:29:25 Locked: 0.33249517244 FIL
Mar 30 15:29:26 Datacap: 3160693276672
Mar 30 15:29:26 ....
Mar 30 15:29:27 Count: 3 of 4
Mar 30 15:29:27 f010617 (1 / 1 tries):
Mar 30 15:29:27 f0421499: 23.293832210218907393 FIL (8.2G free)
Mar 30 15:29:28 Escrow: 0.999645757255 FIL
Mar 30 15:29:28 Locked: 0.33249517244 FIL
Mar 30 15:29:28 Datacap: 3160693276672
Mar 30 15:29:28 ....
Mar 30 15:29:29 Count: 3 of 4
Mar 30 15:29:29 f0157535 (1 / 1 tries):
Mar 30 15:29:29 f0421499: 23.293832210218907393 FIL (8.2G free)
Mar 30 15:29:30 Escrow: 0.999645757255 FIL
Mar 30 15:29:30 Locked: 0.33249517244 FIL
Mar 30 15:29:30 Datacap: 3160693276672
Mar 30 15:29:30 ....
Mar 30 15:29:31 Count: 3 of 4
Mar 30 15:29:31 f01277 (1 / 1 tries):
Mar 30 15:29:31 Skipping f01277: min-ask
Mar 30 15:29:31 
Mar 30 15:29:32 Count: 3 of 4
Mar 30 15:29:32 f08399 (1 / 1 tries):
Mar 30 15:29:33 f0421499: 23.293832210218907393 FIL (8.2G free)
Mar 30 15:29:33 Escrow: 0.999645757255 FIL
Mar 30 15:29:33 Locked: 0.33249517244 FIL
Mar 30 15:29:34 Datacap: 3160693276672
Mar 30 15:29:34 ....
