Mar 30 03:53:32 Count: 3 of 4
Mar 30 03:53:32 f019041 (1 / 1 tries):
Mar 30 03:53:32 f0421499: 23.293832210218907393 FIL (11G free)
Mar 30 03:53:33 Escrow: 0.999645757255 FIL
Mar 30 03:53:33 Locked: 0.33249517244 FIL
Mar 30 03:53:33 Datacap: 3160693276672
Mar 30 03:53:33 ....
Mar 30 03:53:34 Count: 3 of 4
Mar 30 03:53:34 f062353 (1 / 1 tries):
Mar 30 03:53:34 f0421499: 23.293832210218907393 FIL (11G free)
Mar 30 03:53:35 Escrow: 0.999645757255 FIL
Mar 30 03:53:35 Locked: 0.33249517244 FIL
Mar 30 03:53:35 Datacap: 3160693276672
Mar 30 03:53:35 ....
Mar 30 03:53:36 Count: 3 of 4
Mar 30 03:53:36 f01234 (1 / 1 tries):
Mar 30 03:53:36 f0421499: 23.293832210218907393 FIL (11G free)
Mar 30 03:53:36 Escrow: 0.999645757255 FIL
Mar 30 03:53:36 Locked: 0.33249517244 FIL
Mar 30 03:53:37 Datacap: 3160693276672
Mar 30 03:53:37 ....
Mar 30 03:53:38 Count: 3 of 4
Mar 30 03:53:38 f014409 (1 / 1 tries):
Mar 30 03:53:38 f0421499: 23.293832210218907393 FIL (11G free)
Mar 30 03:53:38 Escrow: 0.999645757255 FIL
Mar 30 03:53:38 Locked: 0.33249517244 FIL
Mar 30 03:53:38 Datacap: 3160693276672
Mar 30 03:53:38 ....
Mar 30 03:53:39 Count: 3 of 4
Mar 30 03:53:39 f023971 (1 / 1 tries):
Mar 30 03:53:40 f0421499: 23.293832210218907393 FIL (11G free)
Mar 30 03:53:40 Escrow: 0.999645757255 FIL
Mar 30 03:53:40 Locked: 0.33249517244 FIL
Mar 30 03:53:40 Datacap: 3160693276672
Mar 30 03:53:40 ....
Mar 30 03:53:41 Count: 3 of 4
Mar 30 03:53:41 f08403 (1 / 1 tries):
Mar 30 03:53:41 f0421499: 23.293832210218907393 FIL (11G free)
Mar 30 03:53:42 Escrow: 0.999645757255 FIL
Mar 30 03:53:42 Locked: 0.33249517244 FIL
Mar 30 03:53:42 Datacap: 3160693276672
Mar 30 03:53:42 ....
Mar 30 03:53:43 Count: 3 of 4
Mar 30 03:53:43 f010617 (1 / 1 tries):
Mar 30 03:53:43 f0421499: 23.293832210218907393 FIL (11G free)
Mar 30 03:53:43 Escrow: 0.999645757255 FIL
Mar 30 03:53:43 Locked: 0.33249517244 FIL
Mar 30 03:53:44 Datacap: 3160693276672
Mar 30 03:53:44 ....
Mar 30 03:53:45 Count: 3 of 4
Mar 30 03:53:45 f0157535 (1 / 1 tries):
Mar 30 03:53:45 f0421499: 23.293832210218907393 FIL (11G free)
Mar 30 03:53:45 Escrow: 0.999645757255 FIL
Mar 30 03:53:45 Locked: 0.33249517244 FIL
Mar 30 03:53:46 Datacap: 3160693276672
Mar 30 03:53:46 ....
Mar 30 03:53:47 Count: 3 of 4
Mar 30 03:53:47 f01240 (1 / 1 tries):
Mar 30 03:53:47 f0421499: 23.293832210218907393 FIL (11G free)
Mar 30 03:53:47 Escrow: 0.999645757255 FIL
Mar 30 03:53:47 Locked: 0.33249517244 FIL
Mar 30 03:53:47 Datacap: 3160693276672
Mar 30 03:53:47 ....
Mar 30 03:53:48 Count: 3 of 4
Mar 30 03:53:48 f01277 (1 / 1 tries):
Mar 30 03:53:49 Skipping f01277: min-ask
Mar 30 03:53:49 
Mar 30 03:53:50 Count: 3 of 4
Mar 30 03:53:50 f022352 (1 / 1 tries):
Mar 30 03:53:50 f0421499: 23.293832210218907393 FIL (11G free)
Mar 30 03:53:50 Escrow: 0.999645757255 FIL
Mar 30 03:53:50 Locked: 0.33249517244 FIL
Mar 30 03:53:50 Datacap: 3160693276672
Mar 30 03:53:50 ....
Mar 30 03:53:51 Count: 3 of 4
Mar 30 03:53:51 f0165400 (1 / 1 tries):
Mar 30 03:53:52 f0421499: 23.293832210218907393 FIL (11G free)
Mar 30 03:53:52 Escrow: 0.999645757255 FIL
Mar 30 03:53:52 Locked: 0.33249517244 FIL
Mar 30 03:53:52 Datacap: 3160693276672
Mar 30 03:53:52 ....
Mar 30 03:53:53 Count: 3 of 4
Mar 30 03:53:53 f022142 (1 / 1 tries):
Mar 30 03:53:53 f0421499: 23.293832210218907393 FIL (11G free)
Mar 30 03:53:54 Escrow: 0.999645757255 FIL
Mar 30 03:53:54 Locked: 0.33249517244 FIL
Mar 30 03:53:54 Datacap: 3160693276672
Mar 30 03:53:54 ....
Mar 30 03:53:55 Count: 3 of 4
Mar 30 03:53:55 f01278 (1 / 1 tries):
Mar 30 03:53:55 f0421499: 23.293832210218907393 FIL (11G free)
Mar 30 03:53:56 Escrow: 0.999645757255 FIL
Mar 30 03:53:56 Locked: 0.33249517244 FIL
Mar 30 03:53:56 Datacap: 3160693276672
Mar 30 03:53:56 ....
Mar 30 03:53:57 Count: 3 of 4
Mar 30 03:53:57 f023467 (1 / 1 tries):
Mar 30 03:53:57 f0421499: 23.293832210218907393 FIL (11G free)
Mar 30 03:53:57 Escrow: 0.999645757255 FIL
Mar 30 03:53:57 Locked: 0.33249517244 FIL
Mar 30 03:53:58 Datacap: 3160693276672
Mar 30 03:53:58 ....
Mar 30 03:53:59 Count: 3 of 4
Mar 30 03:53:59 f0145874 (1 / 1 tries):
Mar 30 03:53:59 f0421499: 23.293832210218907393 FIL (11G free)
Mar 30 03:53:59 Escrow: 0.999645757255 FIL
Mar 30 03:53:59 Locked: 0.33249517244 FIL
Mar 30 03:53:59 Datacap: 3160693276672
Mar 30 03:53:59 ....
Mar 30 03:54:00 Count: 3 of 4
Mar 30 03:54:00 f022163 (1 / 1 tries):
Mar 30 03:54:01 f0421499: 23.293832210218907393 FIL (11G free)
Mar 30 03:54:01 Escrow: 0.999645757255 FIL
Mar 30 03:54:01 Locked: 0.33249517244 FIL
Mar 30 03:54:01 Datacap: 3160693276672
Mar 30 03:54:01 ....
Mar 30 03:54:02 Count: 3 of 4
Mar 30 03:54:02 f019551 (1 / 1 tries):
Mar 30 03:54:03 f0421499: 23.293832210218907393 FIL (11G free)
Mar 30 03:54:03 Escrow: 0.999645757255 FIL
Mar 30 03:54:03 Locked: 0.33249517244 FIL
Mar 30 03:54:03 Datacap: 3160693276672
Mar 30 03:54:03 ....
Mar 30 03:54:04 Count: 3 of 4
Mar 30 03:54:04 f01247 (1 / 1 tries):
Mar 30 03:54:04 f0421499: 23.293832210218907393 FIL (11G free)
Mar 30 03:54:04 Escrow: 0.999645757255 FIL
Mar 30 03:54:04 Locked: 0.33249517244 FIL
Mar 30 03:54:05 Datacap: 3160693276672
Mar 30 03:54:05 ....
Mar 30 03:54:06 Count: 3 of 4
Mar 30 03:54:06 f066596 (1 / 1 tries):
Mar 30 03:54:06 f0421499: 23.293832210218907393 FIL (11G free)
Mar 30 03:54:06 Escrow: 0.999645757255 FIL
Mar 30 03:54:06 Locked: 0.33249517244 FIL
Mar 30 03:54:06 Datacap: 3160693276672
Mar 30 03:54:06 ....
Mar 30 03:54:07 Count: 3 of 4
Mar 30 03:54:07 f099608 (1 / 1 tries):
Mar 30 03:54:08 f0421499: 23.293832210218907393 FIL (11G free)
Mar 30 03:54:08 Escrow: 0.999645757255 FIL
Mar 30 03:54:08 Locked: 0.33249517244 FIL
Mar 30 03:54:08 Datacap: 3160693276672
Mar 30 03:54:08 ....
Mar 30 03:54:09 Count: 3 of 4
Mar 30 03:54:09 f019100 (1 / 1 tries):
Mar 30 03:54:09 Skipping f019100: error-ask
Mar 30 03:54:09 
Mar 30 03:54:10 Count: 3 of 4
Mar 30 03:54:10 f07998 (1 / 1 tries):
Mar 30 03:54:11 f0421499: 23.293832210218907393 FIL (11G free)
Mar 30 03:54:11 Escrow: 0.999645757255 FIL
Mar 30 03:54:11 Locked: 0.33249517244 FIL
Mar 30 03:54:11 Datacap: 3160693276672
Mar 30 03:54:11 ....
Mar 30 03:54:12 Count: 3 of 4
Mar 30 03:54:12 f0127896 (1 / 1 tries):
Mar 30 03:54:12 Skipping f0127896: min-ask
Mar 30 03:54:12 
Mar 30 03:54:13 Count: 3 of 4
Mar 30 03:54:13 f019104 (1 / 1 tries):
Mar 30 03:54:14 Skipping f019104: error-ask
Mar 30 03:54:14 
Mar 30 03:54:15 Count: 3 of 4
Mar 30 03:54:15 f021716 (1 / 1 tries):
Mar 30 03:54:15 f0421499: 23.293832210218907393 FIL (11G free)
Mar 30 03:54:15 Escrow: 0.999645757255 FIL
Mar 30 03:54:15 Locked: 0.33249517244 FIL
Mar 30 03:54:15 Datacap: 3160693276672
Mar 30 03:54:15 ....
Mar 30 03:54:16 Count: 3 of 4
Mar 30 03:54:16 f058369 (1 / 1 tries):
Mar 30 03:54:17 f0421499: 23.293832210218907393 FIL (11G free)
Mar 30 03:54:17 Escrow: 0.999645757255 FIL
Mar 30 03:54:17 Locked: 0.33249517244 FIL
Mar 30 03:54:17 Datacap: 3160693276672
Mar 30 03:54:17 ....
Mar 30 03:54:18 Count: 3 of 4
Mar 30 03:54:18 f08399 (1 / 1 tries):
Mar 30 03:54:18 f0421499: 23.293832210218907393 FIL (11G free)
Mar 30 03:54:19 Escrow: 0.999645757255 FIL
Mar 30 03:54:19 Locked: 0.33249517244 FIL
Mar 30 03:54:19 Datacap: 3160693276672
Mar 30 03:54:19 ....
Mar 30 03:54:20 Count: 3 of 4
Mar 30 03:54:20 f010479 (1 / 1 tries):
Mar 30 03:54:20 f0421499: 23.293832210218907393 FIL (11G free)
Mar 30 03:54:20 Escrow: 0.999645757255 FIL
Mar 30 03:54:20 Locked: 0.33249517244 FIL
Mar 30 03:54:20 Datacap: 3160693276672
Mar 30 03:54:21 ....
Mar 30 03:54:22 Count: 3 of 4
Mar 30 03:54:22 f071624 (1 / 1 tries):
Mar 30 03:54:22 f0421499: 23.293832210218907393 FIL (11G free)
Mar 30 03:54:22 Escrow: 0.999645757255 FIL
Mar 30 03:54:22 Locked: 0.33249517244 FIL
Mar 30 03:54:23 Datacap: 3160693276672
Mar 30 03:54:23 ....
Mar 30 03:54:24 Count: 3 of 4
Mar 30 03:54:24 f02576 (1 / 1 tries):
Mar 30 03:54:24 f0421499: 23.293832210218907393 FIL (11G free)
Mar 30 03:54:24 Escrow: 0.999645757255 FIL
Mar 30 03:54:24 Locked: 0.33249517244 FIL
Mar 30 03:54:24 Datacap: 3160693276672
Mar 30 03:54:24 ....
Mar 30 03:54:25 Count: 3 of 4
Mar 30 03:54:25 f019362 (1 / 1 tries):
Mar 30 03:54:26 f0421499: 23.293832210218907393 FIL (11G free)
Mar 30 03:54:26 Escrow: 0.999645757255 FIL
Mar 30 03:54:26 Locked: 0.33249517244 FIL
Mar 30 03:54:26 Datacap: 3160693276672
Mar 30 03:54:26 ....
Mar 30 03:54:27 Count: 3 of 4
Mar 30 03:54:27 f09848 (1 / 1 tries):
Mar 30 03:54:27 f0421499: 23.293832210218907393 FIL (11G free)
Mar 30 03:54:28 Escrow: 0.999645757255 FIL
Mar 30 03:54:28 Locked: 0.33249517244 FIL
Mar 30 03:54:28 Datacap: 3160693276672
Mar 30 03:54:28 ....
Mar 30 03:54:29 Count: 3 of 4
Mar 30 03:54:29 f02606 (1 / 1 tries):
Mar 30 03:54:29 f0421499: 23.293832210218907393 FIL (11G free)
Mar 30 03:54:29 Escrow: 0.999645757255 FIL
Mar 30 03:54:29 Locked: 0.33249517244 FIL
Mar 30 03:54:30 Datacap: 3160693276672
Mar 30 03:54:30 ....
Mar 30 03:54:31 Count: 3 of 4
Mar 30 03:54:31 f015927 (1 / 1 tries):
Mar 30 03:54:31 Skipping f015927: min-ask
Mar 30 03:54:31 
Mar 30 03:54:32 Count: 3 of 4
Mar 30 03:54:32 f014768 (1 / 1 tries):
Mar 30 03:54:32 f0421499: 23.293832210218907393 FIL (11G free)
Mar 30 03:54:32 Escrow: 0.999645757255 FIL
Mar 30 03:54:32 Locked: 0.33249517244 FIL
Mar 30 03:54:33 Datacap: 3160693276672
Mar 30 03:54:33 ....
