Mar 30 06:33:34 Count: 3 of 4
Mar 30 06:33:34 f019551 (1 / 1 tries):
Mar 30 06:33:34 f0421499: 23.293832210218907393 FIL (9.9G free)
Mar 30 06:33:34 Escrow: 0.999645757255 FIL
Mar 30 06:33:34 Locked: 0.33249517244 FIL
Mar 30 06:33:35 Datacap: 3160693276672
Mar 30 06:33:35 ....
Mar 30 06:33:36 Count: 3 of 4
Mar 30 06:33:36 f022163 (1 / 1 tries):
Mar 30 06:33:37 f0421499: 23.293832210218907393 FIL (9.9G free)
Mar 30 06:33:37 Escrow: 0.999645757255 FIL
Mar 30 06:33:37 Locked: 0.33249517244 FIL
Mar 30 06:33:37 Datacap: 3160693276672
Mar 30 06:33:37 ....
Mar 30 06:33:38 Count: 3 of 4
Mar 30 06:33:38 f08403 (1 / 1 tries):
Mar 30 06:33:39 f0421499: 23.293832210218907393 FIL (9.9G free)
Mar 30 06:33:39 Escrow: 0.999645757255 FIL
Mar 30 06:33:39 Locked: 0.33249517244 FIL
Mar 30 06:33:40 Datacap: 3160693276672
Mar 30 06:33:40 ....
Mar 30 06:33:41 Count: 3 of 4
Mar 30 06:33:41 f062353 (1 / 1 tries):
Mar 30 06:33:41 f0421499: 23.293832210218907393 FIL (9.9G free)
Mar 30 06:33:41 Escrow: 0.999645757255 FIL
Mar 30 06:33:41 Locked: 0.33249517244 FIL
Mar 30 06:33:42 Datacap: 3160693276672
Mar 30 06:33:42 ....
Mar 30 06:33:43 Count: 3 of 4
Mar 30 06:33:43 f01234 (1 / 1 tries):
Mar 30 06:33:43 f0421499: 23.293832210218907393 FIL (9.9G free)
Mar 30 06:33:43 Escrow: 0.999645757255 FIL
Mar 30 06:33:43 Locked: 0.33249517244 FIL
Mar 30 06:33:44 Datacap: 3160693276672
Mar 30 06:33:44 ....
Mar 30 06:33:45 Count: 3 of 4
Mar 30 06:33:45 f019362 (1 / 1 tries):
Mar 30 06:33:46 f0421499: 23.293832210218907393 FIL (9.9G free)
Mar 30 06:33:46 Escrow: 0.999645757255 FIL
Mar 30 06:33:46 Locked: 0.33249517244 FIL
Mar 30 06:33:46 Datacap: 3160693276672
Mar 30 06:33:46 ....
Mar 30 06:33:47 Count: 3 of 4
Mar 30 06:33:47 f02576 (1 / 1 tries):
Mar 30 06:33:48 f0421499: 23.293832210218907393 FIL (9.9G free)
Mar 30 06:33:48 Escrow: 0.999645757255 FIL
Mar 30 06:33:48 Locked: 0.33249517244 FIL
Mar 30 06:33:48 Datacap: 3160693276672
Mar 30 06:33:48 ....
Mar 30 06:33:49 Count: 3 of 4
Mar 30 06:33:49 f0145874 (1 / 1 tries):
Mar 30 06:33:50 f0421499: 23.293832210218907393 FIL (9.9G free)
Mar 30 06:33:50 Escrow: 0.999645757255 FIL
Mar 30 06:33:50 Locked: 0.33249517244 FIL
Mar 30 06:33:51 Datacap: 3160693276672
Mar 30 06:33:51 ....
Mar 30 06:33:52 Count: 3 of 4
Mar 30 06:33:52 f0127896 (1 / 1 tries):
Mar 30 06:33:53 Skipping f0127896: min-ask
Mar 30 06:33:53 
Mar 30 06:33:54 Count: 3 of 4
Mar 30 06:33:54 f0165400 (1 / 1 tries):
Mar 30 06:33:54 f0421499: 23.293832210218907393 FIL (9.9G free)
Mar 30 06:33:54 Escrow: 0.999645757255 FIL
Mar 30 06:33:54 Locked: 0.33249517244 FIL
Mar 30 06:33:55 Datacap: 3160693276672
Mar 30 06:33:55 ....
Mar 30 06:33:56 Count: 3 of 4
Mar 30 06:33:56 f014409 (1 / 1 tries):
Mar 30 06:33:57 f0421499: 23.293832210218907393 FIL (9.9G free)
Mar 30 06:33:57 Escrow: 0.999645757255 FIL
Mar 30 06:33:57 Locked: 0.33249517244 FIL
Mar 30 06:33:57 Datacap: 3160693276672
Mar 30 06:33:58 ....
Mar 30 06:33:59 Count: 3 of 4
Mar 30 06:33:59 f01277 (1 / 1 tries):
Mar 30 06:33:59 Skipping f01277: min-ask
Mar 30 06:33:59 
Mar 30 06:34:00 Count: 3 of 4
Mar 30 06:34:00 f02606 (1 / 1 tries):
Mar 30 06:34:01 f0421499: 23.293832210218907393 FIL (9.9G free)
Mar 30 06:34:01 Escrow: 0.999645757255 FIL
Mar 30 06:34:01 Locked: 0.33249517244 FIL
Mar 30 06:34:01 Datacap: 3160693276672
Mar 30 06:34:02 ....
Mar 30 06:34:03 Count: 3 of 4
Mar 30 06:34:03 f015927 (1 / 1 tries):
Mar 30 06:34:03 Skipping f015927: min-ask
Mar 30 06:34:03 
Mar 30 06:34:04 Count: 3 of 4
Mar 30 06:34:04 f08399 (1 / 1 tries):
Mar 30 06:34:05 f0421499: 23.293832210218907393 FIL (9.9G free)
Mar 30 06:34:05 Escrow: 0.999645757255 FIL
Mar 30 06:34:05 Locked: 0.33249517244 FIL
Mar 30 06:34:05 Datacap: 3160693276672
Mar 30 06:34:06 ....
Mar 30 06:34:07 Count: 3 of 4
Mar 30 06:34:07 f014768 (1 / 1 tries):
Mar 30 06:34:07 f0421499: 23.293832210218907393 FIL (9.9G free)
Mar 30 06:34:07 Escrow: 0.999645757255 FIL
Mar 30 06:34:07 Locked: 0.33249517244 FIL
Mar 30 06:34:08 Datacap: 3160693276672
Mar 30 06:34:08 ....
Mar 30 06:34:09 Count: 3 of 4
Mar 30 06:34:09 f058369 (1 / 1 tries):
Mar 30 06:34:10 f0421499: 23.293832210218907393 FIL (9.9G free)
Mar 30 06:34:10 Escrow: 0.999645757255 FIL
Mar 30 06:34:10 Locked: 0.33249517244 FIL
Mar 30 06:34:10 Datacap: 3160693276672
Mar 30 06:34:11 ....
Mar 30 06:34:12 Count: 3 of 4
Mar 30 06:34:12 f023971 (1 / 1 tries):
Mar 30 06:34:12 f0421499: 23.293832210218907393 FIL (9.9G free)
Mar 30 06:34:12 Escrow: 0.999645757255 FIL
Mar 30 06:34:12 Locked: 0.33249517244 FIL
Mar 30 06:34:13 Datacap: 3160693276672
Mar 30 06:34:13 ....
Mar 30 06:34:14 Count: 3 of 4
Mar 30 06:34:14 f023467 (1 / 1 tries):
Mar 30 06:34:14 f0421499: 23.293832210218907393 FIL (9.9G free)
Mar 30 06:34:15 Escrow: 0.999645757255 FIL
Mar 30 06:34:15 Locked: 0.33249517244 FIL
Mar 30 06:34:15 Datacap: 3160693276672
Mar 30 06:34:15 ....
Mar 30 06:34:16 Count: 3 of 4
Mar 30 06:34:16 f066596 (1 / 1 tries):
Mar 30 06:34:17 f0421499: 23.293832210218907393 FIL (9.9G free)
Mar 30 06:34:17 Escrow: 0.999645757255 FIL
Mar 30 06:34:17 Locked: 0.33249517244 FIL
Mar 30 06:34:18 Datacap: 3160693276672
Mar 30 06:34:18 ....
Mar 30 06:34:19 Count: 3 of 4
Mar 30 06:34:19 f022142 (1 / 1 tries):
Mar 30 06:34:19 f0421499: 23.293832210218907393 FIL (9.9G free)
Mar 30 06:34:20 Escrow: 0.999645757255 FIL
Mar 30 06:34:20 Locked: 0.33249517244 FIL
Mar 30 06:34:20 Datacap: 3160693276672
Mar 30 06:34:20 ....
Mar 30 06:34:21 Count: 3 of 4
Mar 30 06:34:21 f010617 (1 / 1 tries):
Mar 30 06:34:22 f0421499: 23.293832210218907393 FIL (9.9G free)
Mar 30 06:34:22 Escrow: 0.999645757255 FIL
Mar 30 06:34:22 Locked: 0.33249517244 FIL
Mar 30 06:34:22 Datacap: 3160693276672
Mar 30 06:34:23 ....
Mar 30 06:34:24 Count: 3 of 4
Mar 30 06:34:24 f01240 (1 / 1 tries):
Mar 30 06:34:24 f0421499: 23.293832210218907393 FIL (9.9G free)
Mar 30 06:34:24 Escrow: 0.999645757255 FIL
Mar 30 06:34:24 Locked: 0.33249517244 FIL
Mar 30 06:34:24 Datacap: 3160693276672
Mar 30 06:34:24 ....
Mar 30 06:34:25 Count: 3 of 4
Mar 30 06:34:25 f01278 (1 / 1 tries):
Mar 30 06:34:26 f0421499: 23.293832210218907393 FIL (9.9G free)
Mar 30 06:34:26 Escrow: 0.999645757255 FIL
Mar 30 06:34:26 Locked: 0.33249517244 FIL
Mar 30 06:34:27 Datacap: 3160693276672
Mar 30 06:34:27 ....
Mar 30 06:34:28 Count: 3 of 4
Mar 30 06:34:28 f071624 (1 / 1 tries):
Mar 30 06:34:28 f0421499: 23.293832210218907393 FIL (9.9G free)
Mar 30 06:34:28 Escrow: 0.999645757255 FIL
Mar 30 06:34:28 Locked: 0.33249517244 FIL
Mar 30 06:34:29 Datacap: 3160693276672
Mar 30 06:34:29 ....
Mar 30 06:34:30 Count: 3 of 4
Mar 30 06:34:30 f019041 (1 / 1 tries):
Mar 30 06:34:31 f0421499: 23.293832210218907393 FIL (9.9G free)
Mar 30 06:34:31 Escrow: 0.999645757255 FIL
Mar 30 06:34:31 Locked: 0.33249517244 FIL
Mar 30 06:34:31 Datacap: 3160693276672
Mar 30 06:34:31 ....
Mar 30 06:34:32 Count: 3 of 4
Mar 30 06:34:32 f022352 (1 / 1 tries):
Mar 30 06:34:33 f0421499: 23.293832210218907393 FIL (9.9G free)
Mar 30 06:34:33 Escrow: 0.999645757255 FIL
Mar 30 06:34:33 Locked: 0.33249517244 FIL
Mar 30 06:34:33 Datacap: 3160693276672
Mar 30 06:34:34 ....
Mar 30 06:34:35 Count: 3 of 4
Mar 30 06:34:35 f021716 (1 / 1 tries):
Mar 30 06:34:35 f0421499: 23.293832210218907393 FIL (9.9G free)
Mar 30 06:34:36 Escrow: 0.999645757255 FIL
Mar 30 06:34:36 Locked: 0.33249517244 FIL
Mar 30 06:34:36 Datacap: 3160693276672
Mar 30 06:34:36 ....
Mar 30 06:34:37 Count: 3 of 4
Mar 30 06:34:37 f0157535 (1 / 1 tries):
Mar 30 06:34:37 f0421499: 23.293832210218907393 FIL (9.9G free)
Mar 30 06:34:38 Escrow: 0.999645757255 FIL
Mar 30 06:34:38 Locked: 0.33249517244 FIL
Mar 30 06:34:38 Datacap: 3160693276672
Mar 30 06:34:38 ....
Mar 30 06:34:39 Count: 3 of 4
Mar 30 06:34:39 f01247 (1 / 1 tries):
Mar 30 06:34:39 f0421499: 23.293832210218907393 FIL (9.9G free)
Mar 30 06:34:39 Escrow: 0.999645757255 FIL
Mar 30 06:34:39 Locked: 0.33249517244 FIL
Mar 30 06:34:40 Datacap: 3160693276672
Mar 30 06:34:40 ....
Mar 30 06:34:41 Count: 3 of 4
Mar 30 06:34:41 f099608 (1 / 1 tries):
Mar 30 06:34:42 f0421499: 23.293832210218907393 FIL (9.9G free)
Mar 30 06:34:42 Escrow: 0.999645757255 FIL
Mar 30 06:34:42 Locked: 0.33249517244 FIL
Mar 30 06:34:42 Datacap: 3160693276672
Mar 30 06:34:42 ....
Mar 30 06:34:43 Count: 3 of 4
Mar 30 06:34:43 f09848 (1 / 1 tries):
Mar 30 06:34:44 f0421499: 23.293832210218907393 FIL (9.9G free)
Mar 30 06:34:44 Escrow: 0.999645757255 FIL
Mar 30 06:34:44 Locked: 0.33249517244 FIL
Mar 30 06:34:44 Datacap: 3160693276672
Mar 30 06:34:45 ....
Mar 30 06:34:46 Count: 3 of 4
Mar 30 06:34:46 f010479 (1 / 1 tries):
Mar 30 06:34:46 f0421499: 23.293832210218907393 FIL (9.9G free)
Mar 30 06:34:46 Escrow: 0.999645757255 FIL
Mar 30 06:34:46 Locked: 0.33249517244 FIL
Mar 30 06:34:47 Datacap: 3160693276672
Mar 30 06:34:47 ....
Mar 30 06:34:48 Count: 3 of 4
Mar 30 06:34:48 f019104 (1 / 1 tries):
Mar 30 06:34:48 Skipping f019104: error-ask
Mar 30 06:34:48 
Mar 30 06:34:49 Count: 3 of 4
Mar 30 06:34:49 f019100 (1 / 1 tries):
Mar 30 06:34:50 Skipping f019100: error-ask
Mar 30 06:34:50 
Mar 30 06:34:51 Count: 3 of 4
Mar 30 06:34:51 f07998 (1 / 1 tries):
Mar 30 06:34:52 f0421499: 23.293832210218907393 FIL (9.9G free)
Mar 30 06:34:52 Escrow: 0.999645757255 FIL
Mar 30 06:34:52 Locked: 0.33249517244 FIL
Mar 30 06:34:52 Datacap: 3160693276672
Mar 30 06:34:52 ....
