Mar 30 11:41:47 Count: 3 of 4
Mar 30 11:41:47 f02606 (1 / 1 tries):
Mar 30 11:41:47 f0421499: 23.293832210218907393 FIL (8.9G free)
Mar 30 11:41:48 Escrow: 0.999645757255 FIL
Mar 30 11:41:48 Locked: 0.33249517244 FIL
Mar 30 11:41:48 Datacap: 3160693276672
Mar 30 11:41:48 ....
Mar 30 11:41:49 Count: 3 of 4
Mar 30 11:41:49 f09848 (1 / 1 tries):
Mar 30 11:41:49 f0421499: 23.293832210218907393 FIL (8.9G free)
Mar 30 11:41:50 Escrow: 0.999645757255 FIL
Mar 30 11:41:50 Locked: 0.33249517244 FIL
Mar 30 11:41:50 Datacap: 3160693276672
Mar 30 11:41:50 ....
Mar 30 11:41:51 Count: 3 of 4
Mar 30 11:41:51 f022142 (1 / 1 tries):
Mar 30 11:41:52 f0421499: 23.293832210218907393 FIL (8.9G free)
Mar 30 11:41:52 Escrow: 0.999645757255 FIL
Mar 30 11:41:52 Locked: 0.33249517244 FIL
Mar 30 11:41:52 Datacap: 3160693276672
Mar 30 11:41:53 ....
Mar 30 11:41:54 Count: 3 of 4
Mar 30 11:41:54 f023971 (1 / 1 tries):
Mar 30 11:41:54 f0421499: 23.293832210218907393 FIL (8.9G free)
Mar 30 11:41:54 Escrow: 0.999645757255 FIL
Mar 30 11:41:54 Locked: 0.33249517244 FIL
Mar 30 11:41:54 Datacap: 3160693276672
Mar 30 11:41:55 ....
Mar 30 11:41:56 Count: 3 of 4
Mar 30 11:41:56 f019551 (1 / 1 tries):
Mar 30 11:41:56 f0421499: 23.293832210218907393 FIL (8.9G free)
Mar 30 11:41:56 Escrow: 0.999645757255 FIL
Mar 30 11:41:56 Locked: 0.33249517244 FIL
Mar 30 11:41:57 Datacap: 3160693276672
Mar 30 11:41:57 ....
Mar 30 11:41:58 Count: 3 of 4
Mar 30 11:41:58 f014768 (1 / 1 tries):
Mar 30 11:41:59 f0421499: 23.293832210218907393 FIL (8.9G free)
Mar 30 11:41:59 Escrow: 0.999645757255 FIL
Mar 30 11:41:59 Locked: 0.33249517244 FIL
Mar 30 11:41:59 Datacap: 3160693276672
Mar 30 11:41:59 ....
Mar 30 11:42:00 Count: 3 of 4
Mar 30 11:42:00 f0145874 (1 / 1 tries):
Mar 30 11:42:01 f0421499: 23.293832210218907393 FIL (8.9G free)
Mar 30 11:42:01 Escrow: 0.999645757255 FIL
Mar 30 11:42:01 Locked: 0.33249517244 FIL
Mar 30 11:42:01 Datacap: 3160693276672
Mar 30 11:42:01 ....
Mar 30 11:42:02 Count: 3 of 4
Mar 30 11:42:02 f015927 (1 / 1 tries):
Mar 30 11:42:03 Skipping f015927: min-ask
Mar 30 11:42:03 
Mar 30 11:42:04 Count: 3 of 4
Mar 30 11:42:04 f01247 (1 / 1 tries):
Mar 30 11:42:04 f0421499: 23.293832210218907393 FIL (8.9G free)
Mar 30 11:42:05 Escrow: 0.999645757255 FIL
Mar 30 11:42:05 Locked: 0.33249517244 FIL
Mar 30 11:42:05 Datacap: 3160693276672
Mar 30 11:42:05 ....
Mar 30 11:42:06 Count: 3 of 4
Mar 30 11:42:06 f071624 (1 / 1 tries):
Mar 30 11:42:07 f0421499: 23.293832210218907393 FIL (8.9G free)
Mar 30 11:42:07 Escrow: 0.999645757255 FIL
Mar 30 11:42:07 Locked: 0.33249517244 FIL
Mar 30 11:42:07 Datacap: 3160693276672
Mar 30 11:42:07 ....
Mar 30 11:42:08 Count: 3 of 4
Mar 30 11:42:08 f066596 (1 / 1 tries):
Mar 30 11:42:09 f0421499: 23.293832210218907393 FIL (8.9G free)
Mar 30 11:42:09 Escrow: 0.999645757255 FIL
Mar 30 11:42:09 Locked: 0.33249517244 FIL
Mar 30 11:42:09 Datacap: 3160693276672
Mar 30 11:42:09 ....
Mar 30 11:42:10 Count: 3 of 4
Mar 30 11:42:10 f0127896 (1 / 1 tries):
Mar 30 11:42:11 Skipping f0127896: min-ask
Mar 30 11:42:11 
Mar 30 11:42:12 Count: 3 of 4
Mar 30 11:42:12 f01278 (1 / 1 tries):
Mar 30 11:42:12 f0421499: 23.293832210218907393 FIL (8.9G free)
Mar 30 11:42:12 Escrow: 0.999645757255 FIL
Mar 30 11:42:12 Locked: 0.33249517244 FIL
Mar 30 11:42:12 Datacap: 3160693276672
Mar 30 11:42:13 ....
Mar 30 11:42:14 Count: 3 of 4
Mar 30 11:42:14 f022163 (1 / 1 tries):
Mar 30 11:42:14 f0421499: 23.293832210218907393 FIL (8.9G free)
Mar 30 11:42:14 Escrow: 0.999645757255 FIL
Mar 30 11:42:14 Locked: 0.33249517244 FIL
Mar 30 11:42:14 Datacap: 3160693276672
Mar 30 11:42:14 ....
Mar 30 11:42:15 Count: 3 of 4
Mar 30 11:42:15 f058369 (1 / 1 tries):
Mar 30 11:42:16 f0421499: 23.293832210218907393 FIL (8.9G free)
Mar 30 11:42:17 Escrow: 0.999645757255 FIL
Mar 30 11:42:17 Locked: 0.33249517244 FIL
Mar 30 11:42:17 Datacap: 3160693276672
Mar 30 11:42:17 ....
Mar 30 11:42:18 Count: 3 of 4
Mar 30 11:42:18 f022352 (1 / 1 tries):
Mar 30 11:42:19 f0421499: 23.293832210218907393 FIL (8.9G free)
Mar 30 11:42:19 Escrow: 0.999645757255 FIL
Mar 30 11:42:19 Locked: 0.33249517244 FIL
Mar 30 11:42:19 Datacap: 3160693276672
Mar 30 11:42:20 ....
Mar 30 11:42:21 Count: 3 of 4
Mar 30 11:42:21 f019041 (1 / 1 tries):
Mar 30 11:42:21 f0421499: 23.293832210218907393 FIL (8.9G free)
Mar 30 11:42:22 Escrow: 0.999645757255 FIL
Mar 30 11:42:22 Locked: 0.33249517244 FIL
Mar 30 11:42:22 Datacap: 3160693276672
Mar 30 11:42:22 ....
Mar 30 11:42:23 Count: 3 of 4
Mar 30 11:42:23 f099608 (1 / 1 tries):
Mar 30 11:42:24 f0421499: 23.293832210218907393 FIL (8.9G free)
Mar 30 11:42:24 Escrow: 0.999645757255 FIL
Mar 30 11:42:24 Locked: 0.33249517244 FIL
Mar 30 11:42:25 Datacap: 3160693276672
Mar 30 11:42:25 ....
Mar 30 11:42:26 Count: 3 of 4
Mar 30 11:42:26 f010479 (1 / 1 tries):
Mar 30 11:42:26 f0421499: 23.293832210218907393 FIL (8.9G free)
Mar 30 11:42:27 Escrow: 0.999645757255 FIL
Mar 30 11:42:27 Locked: 0.33249517244 FIL
Mar 30 11:42:27 Datacap: 3160693276672
Mar 30 11:42:27 ....
Mar 30 11:42:28 Count: 3 of 4
Mar 30 11:42:28 f01240 (1 / 1 tries):
Mar 30 11:42:29 f0421499: 23.293832210218907393 FIL (8.9G free)
Mar 30 11:42:29 Escrow: 0.999645757255 FIL
Mar 30 11:42:29 Locked: 0.33249517244 FIL
Mar 30 11:42:30 Datacap: 3160693276672
Mar 30 11:42:30 ....
Mar 30 11:42:31 Count: 3 of 4
Mar 30 11:42:31 f019100 (1 / 1 tries):
Mar 30 11:42:31 Skipping f019100: error-ask
Mar 30 11:42:31 
Mar 30 11:42:32 Count: 3 of 4
Mar 30 11:42:32 f0157535 (1 / 1 tries):
Mar 30 11:42:33 f0421499: 23.293832210218907393 FIL (8.9G free)
Mar 30 11:42:33 Escrow: 0.999645757255 FIL
Mar 30 11:42:33 Locked: 0.33249517244 FIL
Mar 30 11:42:34 Datacap: 3160693276672
Mar 30 11:42:34 ....
Mar 30 11:42:35 Count: 3 of 4
Mar 30 11:42:35 f07998 (1 / 1 tries):
Mar 30 11:42:35 f0421499: 23.293832210218907393 FIL (8.9G free)
Mar 30 11:42:36 Escrow: 0.999645757255 FIL
Mar 30 11:42:36 Locked: 0.33249517244 FIL
Mar 30 11:42:36 Datacap: 3160693276672
Mar 30 11:42:36 ....
Mar 30 11:42:37 Count: 3 of 4
Mar 30 11:42:37 f01277 (1 / 1 tries):
Mar 30 11:42:38 Skipping f01277: min-ask
Mar 30 11:42:38 
Mar 30 11:42:39 Count: 3 of 4
Mar 30 11:42:39 f0165400 (1 / 1 tries):
Mar 30 11:42:39 f0421499: 23.293832210218907393 FIL (8.9G free)
Mar 30 11:42:39 Escrow: 0.999645757255 FIL
Mar 30 11:42:39 Locked: 0.33249517244 FIL
Mar 30 11:42:39 Datacap: 3160693276672
Mar 30 11:42:40 ....
Mar 30 11:42:41 Count: 3 of 4
Mar 30 11:42:41 f023467 (1 / 1 tries):
Mar 30 11:42:42 f0421499: 23.293832210218907393 FIL (8.9G free)
Mar 30 11:42:42 Escrow: 0.999645757255 FIL
Mar 30 11:42:42 Locked: 0.33249517244 FIL
Mar 30 11:42:42 Datacap: 3160693276672
Mar 30 11:42:42 ....
Mar 30 11:42:43 Count: 3 of 4
Mar 30 11:42:43 f019104 (1 / 1 tries):
Mar 30 11:42:44 Skipping f019104: error-ask
Mar 30 11:42:44 
Mar 30 11:42:45 Count: 3 of 4
Mar 30 11:42:45 f010617 (1 / 1 tries):
Mar 30 11:42:45 f0421499: 23.293832210218907393 FIL (8.9G free)
Mar 30 11:42:46 Escrow: 0.999645757255 FIL
Mar 30 11:42:46 Locked: 0.33249517244 FIL
Mar 30 11:42:46 Datacap: 3160693276672
Mar 30 11:42:46 ....
Mar 30 11:42:47 Count: 3 of 4
Mar 30 11:42:47 f019362 (1 / 1 tries):
Mar 30 11:42:48 f0421499: 23.293832210218907393 FIL (8.9G free)
Mar 30 11:42:48 Escrow: 0.999645757255 FIL
Mar 30 11:42:48 Locked: 0.33249517244 FIL
Mar 30 11:42:48 Datacap: 3160693276672
Mar 30 11:42:48 ....
Mar 30 11:42:49 Count: 3 of 4
Mar 30 11:42:49 f062353 (1 / 1 tries):
Mar 30 11:42:50 f0421499: 23.293832210218907393 FIL (8.9G free)
Mar 30 11:42:50 Escrow: 0.999645757255 FIL
Mar 30 11:42:50 Locked: 0.33249517244 FIL
Mar 30 11:42:50 Datacap: 3160693276672
Mar 30 11:42:51 ....
Mar 30 11:42:52 Count: 3 of 4
Mar 30 11:42:52 f02576 (1 / 1 tries):
Mar 30 11:42:52 f0421499: 23.293832210218907393 FIL (8.9G free)
Mar 30 11:42:52 Escrow: 0.999645757255 FIL
Mar 30 11:42:52 Locked: 0.33249517244 FIL
Mar 30 11:42:52 Datacap: 3160693276672
Mar 30 11:42:52 ....
Mar 30 11:42:53 Count: 3 of 4
Mar 30 11:42:53 f01234 (1 / 1 tries):
Mar 30 11:42:54 f0421499: 23.293832210218907393 FIL (8.9G free)
Mar 30 11:42:54 Escrow: 0.999645757255 FIL
Mar 30 11:42:54 Locked: 0.33249517244 FIL
Mar 30 11:42:55 Datacap: 3160693276672
Mar 30 11:42:55 ....
Mar 30 11:42:56 Count: 3 of 4
Mar 30 11:42:56 f08403 (1 / 1 tries):
Mar 30 11:42:57 f0421499: 23.293832210218907393 FIL (8.9G free)
Mar 30 11:42:57 Escrow: 0.999645757255 FIL
Mar 30 11:42:57 Locked: 0.33249517244 FIL
Mar 30 11:42:57 Datacap: 3160693276672
Mar 30 11:42:58 ....
Mar 30 11:42:59 Count: 3 of 4
Mar 30 11:42:59 f014409 (1 / 1 tries):
Mar 30 11:42:59 f0421499: 23.293832210218907393 FIL (8.9G free)
Mar 30 11:43:00 Escrow: 0.999645757255 FIL
Mar 30 11:43:00 Locked: 0.33249517244 FIL
Mar 30 11:43:00 Datacap: 3160693276672
Mar 30 11:43:00 ....
Mar 30 11:43:01 Count: 3 of 4
Mar 30 11:43:01 f08399 (1 / 1 tries):
Mar 30 11:43:02 f0421499: 23.293832210218907393 FIL (8.9G free)
Mar 30 11:43:02 Escrow: 0.999645757255 FIL
Mar 30 11:43:02 Locked: 0.33249517244 FIL
Mar 30 11:43:02 Datacap: 3160693276672
Mar 30 11:43:02 ....
Mar 30 11:43:03 Count: 3 of 4
Mar 30 11:43:03 f021716 (1 / 1 tries):
Mar 30 11:43:04 f0421499: 23.293832210218907393 FIL (8.9G free)
Mar 30 11:43:04 Escrow: 0.999645757255 FIL
Mar 30 11:43:04 Locked: 0.33249517244 FIL
Mar 30 11:43:05 Datacap: 3160693276672
Mar 30 11:43:05 ....
