Mar 30 02:46:19 Count: 3 of 4
Mar 30 02:46:19 f022163 (1 / 1 tries):
Mar 30 02:46:20 f0421499: 23.293832210218907393 FIL (9.2G free)
Mar 30 02:46:20 Escrow: 0.999999997255 FIL
Mar 30 02:46:20 Locked: 0.33284941244 FIL
Mar 30 02:46:20 Datacap: 3160693276672
Mar 30 02:46:20 ....
Mar 30 02:46:21 Count: 3 of 4
Mar 30 02:46:21 f0165400 (1 / 1 tries):
Mar 30 02:46:22 f0421499: 23.293832210218907393 FIL (9.1G free)
Mar 30 02:46:22 Escrow: 0.999999997255 FIL
Mar 30 02:46:22 Locked: 0.33284941244 FIL
Mar 30 02:46:22 Datacap: 3160693276672
Mar 30 02:46:22 ....
Mar 30 02:46:23 Count: 3 of 4
Mar 30 02:46:23 f058369 (1 / 1 tries):
Mar 30 02:46:24 f0421499: 23.293832210218907393 FIL (9.0G free)
Mar 30 02:46:24 Escrow: 0.999999997255 FIL
Mar 30 02:46:24 Locked: 0.33284941244 FIL
Mar 30 02:46:24 Datacap: 3160693276672
Mar 30 02:46:24 ....
Mar 30 02:46:25 Count: 3 of 4
Mar 30 02:46:25 f022352 (1 / 1 tries):
Mar 30 02:46:25 f0421499: 23.293832210218907393 FIL (8.9G free)
Mar 30 02:46:26 Escrow: 0.999999997255 FIL
Mar 30 02:46:26 Locked: 0.33284941244 FIL
Mar 30 02:46:26 Datacap: 3160693276672
Mar 30 02:46:26 ....
Mar 30 02:46:27 Count: 3 of 4
Mar 30 02:46:27 f019041 (1 / 1 tries):
Mar 30 02:46:27 f0421499: 23.293832210218907393 FIL (8.9G free)
Mar 30 02:46:28 Escrow: 0.999999997255 FIL
Mar 30 02:46:28 Locked: 0.33284941244 FIL
Mar 30 02:46:28 Datacap: 3160693276672
Mar 30 02:46:28 ....
Mar 30 02:46:29 Count: 3 of 4
Mar 30 02:46:29 f08403 (1 / 1 tries):
Mar 30 02:46:29 f0421499: 23.293832210218907393 FIL (8.8G free)
Mar 30 02:46:29 Escrow: 0.999999997255 FIL
Mar 30 02:46:29 Locked: 0.33284941244 FIL
Mar 30 02:46:30 Datacap: 3160693276672
Mar 30 02:46:30 ....
Mar 30 02:46:31 Count: 3 of 4
Mar 30 02:46:31 f019104 (1 / 1 tries):
Mar 30 02:46:31 Skipping f019104: error-ask
Mar 30 02:46:31 
Mar 30 02:46:32 Count: 3 of 4
Mar 30 02:46:32 f071624 (1 / 1 tries):
Mar 30 02:46:32 f0421499: 23.293832210218907393 FIL (8.6G free)
Mar 30 02:46:32 Escrow: 0.999999997255 FIL
Mar 30 02:46:32 Locked: 0.33284941244 FIL
Mar 30 02:46:33 Datacap: 3160693276672
Mar 30 02:46:33 ....
Mar 30 02:46:34 Count: 3 of 4
Mar 30 02:46:34 f01240 (1 / 1 tries):
Mar 30 02:46:35 f0421499: 23.293832210218907393 FIL (8.6G free)
Mar 30 02:46:35 Escrow: 0.999999997255 FIL
Mar 30 02:46:35 Locked: 0.33284941244 FIL
Mar 30 02:46:35 Datacap: 3160693276672
Mar 30 02:46:36 ....
Mar 30 02:46:37 Count: 3 of 4
Mar 30 02:46:37 f099608 (1 / 1 tries):
Mar 30 02:46:37 f0421499: 23.293832210218907393 FIL (8.4G free)
Mar 30 02:46:37 Escrow: 0.999999997255 FIL
Mar 30 02:46:37 Locked: 0.33284941244 FIL
Mar 30 02:46:37 Datacap: 3160693276672
Mar 30 02:46:37 ....
Mar 30 02:46:38 Count: 3 of 4
Mar 30 02:46:38 f014768 (1 / 1 tries):
Mar 30 02:46:39 f0421499: 23.293832210218907393 FIL (8.4G free)
Mar 30 02:46:39 Escrow: 0.999999997255 FIL
Mar 30 02:46:39 Locked: 0.33284941244 FIL
Mar 30 02:46:39 Datacap: 3160693276672
Mar 30 02:46:39 ....
Mar 30 02:46:40 Count: 3 of 4
Mar 30 02:46:40 f01278 (1 / 1 tries):
Mar 30 02:46:41 f0421499: 23.293832210218907393 FIL (8.3G free)
Mar 30 02:46:41 Escrow: 0.999999997255 FIL
Mar 30 02:46:41 Locked: 0.33284941244 FIL
Mar 30 02:46:41 Datacap: 3160693276672
Mar 30 02:46:41 ....
Mar 30 02:46:42 Count: 3 of 4
Mar 30 02:46:42 f023467 (1 / 1 tries):
Mar 30 02:46:42 f0421499: 23.293832210218907393 FIL (8.2G free)
Mar 30 02:46:42 Escrow: 0.999999997255 FIL
Mar 30 02:46:42 Locked: 0.33284941244 FIL
Mar 30 02:46:43 Datacap: 3160693276672
Mar 30 02:46:43 ....
Mar 30 02:46:44 Count: 3 of 4
Mar 30 02:46:44 f010479 (1 / 1 tries):
Mar 30 02:46:44 f0421499: 23.293832210218907393 FIL (8.2G free)
Mar 30 02:46:44 Escrow: 0.999999997255 FIL
Mar 30 02:46:44 Locked: 0.33284941244 FIL
Mar 30 02:46:45 Datacap: 3160693276672
Mar 30 02:46:45 ....
Mar 30 02:46:46 Count: 3 of 4
Mar 30 02:46:46 f0145874 (1 / 1 tries):
Mar 30 02:46:46 f0421499: 23.293832210218907393 FIL (8.1G free)
Mar 30 02:46:46 Escrow: 0.999999997255 FIL
Mar 30 02:46:46 Locked: 0.33284941244 FIL
Mar 30 02:46:46 Datacap: 3160693276672
Mar 30 02:46:46 ....
Mar 30 02:46:47 Count: 3 of 4
Mar 30 02:46:47 f02606 (1 / 1 tries):
Mar 30 02:46:48 f0421499: 23.293832210218907393 FIL (8.0G free)
Mar 30 02:46:48 Escrow: 0.999999997255 FIL
Mar 30 02:46:48 Locked: 0.33284941244 FIL
Mar 30 02:46:48 Datacap: 3160693276672
Mar 30 02:46:48 ....
Mar 30 02:46:49 Count: 3 of 4
Mar 30 02:46:49 f01234 (1 / 1 tries):
Mar 30 02:46:50 f0421499: 23.293832210218907393 FIL (8.0G free)
Mar 30 02:46:50 Escrow: 0.999999997255 FIL
Mar 30 02:46:50 Locked: 0.33284941244 FIL
Mar 30 02:46:50 Datacap: 3160693276672
Mar 30 02:46:50 ....
Mar 30 02:46:51 Count: 3 of 4
Mar 30 02:46:51 f08399 (1 / 1 tries):
Mar 30 02:46:51 f0421499: 23.293832210218907393 FIL (7.9G free)
Mar 30 02:46:52 Escrow: 0.999999997255 FIL
Mar 30 02:46:52 Locked: 0.33284941244 FIL
Mar 30 02:46:52 Datacap: 3160693276672
Mar 30 02:46:52 ....
Mar 30 02:46:53 Count: 3 of 4
Mar 30 02:46:53 f019551 (1 / 1 tries):
Mar 30 02:46:53 f0421499: 23.293832210218907393 FIL (7.8G free)
Mar 30 02:46:53 Escrow: 0.999999997255 FIL
Mar 30 02:46:53 Locked: 0.33284941244 FIL
Mar 30 02:46:54 Datacap: 3160693276672
Mar 30 02:46:54 ....
Mar 30 02:46:55 Count: 3 of 4
Mar 30 02:46:55 f02576 (1 / 1 tries):
Mar 30 02:46:55 f0421499: 23.293832210218907393 FIL (7.7G free)
Mar 30 02:46:55 Escrow: 0.999999997255 FIL
Mar 30 02:46:55 Locked: 0.33284941244 FIL
Mar 30 02:46:55 Datacap: 3160693276672
Mar 30 02:46:56 ....
Mar 30 02:46:57 Count: 3 of 4
Mar 30 02:46:57 f09848 (1 / 1 tries):
Mar 30 02:46:57 f0421499: 23.293832210218907393 FIL (7.7G free)
Mar 30 02:46:57 Escrow: 0.999999997255 FIL
Mar 30 02:46:57 Locked: 0.33284941244 FIL
Mar 30 02:46:57 Datacap: 3160693276672
Mar 30 02:46:57 ....
Mar 30 02:46:58 Count: 3 of 4
Mar 30 02:46:58 f014409 (1 / 1 tries):
Mar 30 02:46:59 f0421499: 23.293832210218907393 FIL (7.6G free)
Mar 30 02:46:59 Escrow: 0.999999997255 FIL
Mar 30 02:46:59 Locked: 0.33284941244 FIL
Mar 30 02:46:59 Datacap: 3160693276672
Mar 30 02:46:59 ....
Mar 30 02:47:00 Count: 3 of 4
Mar 30 02:47:00 f015927 (1 / 1 tries):
Mar 30 02:47:00 Skipping f015927: min-ask
Mar 30 02:47:00 
Mar 30 02:47:01 Count: 3 of 4
Mar 30 02:47:01 f01277 (1 / 1 tries):
Mar 30 02:47:02 Skipping f01277: min-ask
Mar 30 02:47:02 
Mar 30 02:47:03 Count: 3 of 4
Mar 30 02:47:03 f019362 (1 / 1 tries):
Mar 30 02:47:04 f0421499: 23.293832210218907393 FIL (7.4G free)
Mar 30 02:47:04 Escrow: 0.999999997255 FIL
Mar 30 02:47:04 Locked: 0.33284941244 FIL
Mar 30 02:47:04 Datacap: 3160693276672
Mar 30 02:47:04 ....
Mar 30 02:47:05 Count: 3 of 4
Mar 30 02:47:05 f0157535 (1 / 1 tries):
Mar 30 02:47:06 f0421499: 23.293832210218907393 FIL (7.3G free)
Mar 30 02:47:06 Escrow: 0.999999997255 FIL
Mar 30 02:47:06 Locked: 0.33284941244 FIL
Mar 30 02:47:06 Datacap: 3160693276672
Mar 30 02:47:06 ....
Mar 30 02:47:07 Count: 3 of 4
Mar 30 02:47:07 f0127896 (1 / 1 tries):
Mar 30 02:47:07 Skipping f0127896: min-ask
Mar 30 02:47:07 
Mar 30 02:47:08 Count: 3 of 4
Mar 30 02:47:08 f019100 (1 / 1 tries):
Mar 30 02:47:09 Skipping f019100: error-ask
Mar 30 02:47:09 
Mar 30 02:47:10 Count: 3 of 4
Mar 30 02:47:10 f062353 (1 / 1 tries):
Mar 30 02:47:10 f0421499: 23.293832210218907393 FIL (7.1G free)
Mar 30 02:47:10 Escrow: 0.999999997255 FIL
Mar 30 02:47:10 Locked: 0.33284941244 FIL
Mar 30 02:47:11 Datacap: 3160693276672
Mar 30 02:47:11 ....
Mar 30 02:47:12 Count: 3 of 4
Mar 30 02:47:12 f022142 (1 / 1 tries):
Mar 30 02:47:12 f0421499: 23.293832210218907393 FIL (7.0G free)
Mar 30 02:47:12 Escrow: 0.999999997255 FIL
Mar 30 02:47:12 Locked: 0.33284941244 FIL
Mar 30 02:47:13 Datacap: 3160693276672
Mar 30 02:47:13 ....
Mar 30 02:47:14 Count: 3 of 4
Mar 30 02:47:14 f010617 (1 / 1 tries):
Mar 30 02:47:14 f0421499: 23.293832210218907393 FIL (7.0G free)
Mar 30 02:47:14 Escrow: 0.999999997255 FIL
Mar 30 02:47:14 Locked: 0.33284941244 FIL
Mar 30 02:47:14 Datacap: 3160693276672
Mar 30 02:47:14 ....
Mar 30 02:47:15 Count: 3 of 4
Mar 30 02:47:15 f023971 (1 / 1 tries):
Mar 30 02:47:16 f0421499: 23.293832210218907393 FIL (6.9G free)
Mar 30 02:47:16 Escrow: 0.999999997255 FIL
Mar 30 02:47:16 Locked: 0.33284941244 FIL
Mar 30 02:47:16 Datacap: 3160693276672
Mar 30 02:47:16 ....
Mar 30 02:47:17 Count: 3 of 4
Mar 30 02:47:17 f01247 (1 / 1 tries):
Mar 30 02:47:18 f0421499: 23.293832210218907393 FIL (6.8G free)
Mar 30 02:47:18 Escrow: 0.999999997255 FIL
Mar 30 02:47:18 Locked: 0.33284941244 FIL
Mar 30 02:47:18 Datacap: 3160693276672
Mar 30 02:47:18 ....
Mar 30 02:47:19 Count: 3 of 4
Mar 30 02:47:19 f066596 (1 / 1 tries):
Mar 30 02:47:20 f0421499: 23.293832210218907393 FIL (6.7G free)
Mar 30 02:47:20 Escrow: 0.999999997255 FIL
Mar 30 02:47:20 Locked: 0.33284941244 FIL
Mar 30 02:47:20 Datacap: 3160693276672
Mar 30 02:47:20 ....
Mar 30 02:47:21 Count: 3 of 4
Mar 30 02:47:21 f07998 (1 / 1 tries):
Mar 30 02:47:21 f0421499: 23.293832210218907393 FIL (6.7G free)
Mar 30 02:47:21 Escrow: 0.999999997255 FIL
Mar 30 02:47:21 Locked: 0.33284941244 FIL
Mar 30 02:47:22 Datacap: 3160693276672
Mar 30 02:47:22 ....
Mar 30 02:47:23 Count: 3 of 4
Mar 30 02:47:23 f021716 (1 / 1 tries):
Mar 30 02:47:23 f0421499: 23.293832210218907393 FIL (6.6G free)
Mar 30 02:47:23 Escrow: 0.999999997255 FIL
Mar 30 02:47:23 Locked: 0.33284941244 FIL
Mar 30 02:47:23 Datacap: 3160693276672
Mar 30 02:47:24 ....
