Mar 30 10:45:03 Count: 3 of 4
Mar 30 10:45:03 f0127896 (1 / 1 tries):
Mar 30 10:45:03 Skipping f0127896: min-ask
Mar 30 10:45:03 
Mar 30 10:45:05 Count: 3 of 4
Mar 30 10:45:05 f010479 (1 / 1 tries):
Mar 30 10:45:05 f0421499: 23.293832210218907393 FIL (9.1G free)
Mar 30 10:45:06 Escrow: 0.999645757255 FIL
Mar 30 10:45:06 Locked: 0.33249517244 FIL
Mar 30 10:45:06 Datacap: 3160693276672
Mar 30 10:45:06 ....
Mar 30 10:45:07 Count: 3 of 4
Mar 30 10:45:07 f01240 (1 / 1 tries):
Mar 30 10:45:07 f0421499: 23.293832210218907393 FIL (9.1G free)
Mar 30 10:45:07 Escrow: 0.999645757255 FIL
Mar 30 10:45:07 Locked: 0.33249517244 FIL
Mar 30 10:45:08 Datacap: 3160693276672
Mar 30 10:45:08 ....
Mar 30 10:45:09 Count: 3 of 4
Mar 30 10:45:09 f023971 (1 / 1 tries):
Mar 30 10:45:10 f0421499: 23.293832210218907393 FIL (9.1G free)
Mar 30 10:45:10 Escrow: 0.999645757255 FIL
Mar 30 10:45:10 Locked: 0.33249517244 FIL
Mar 30 10:45:10 Datacap: 3160693276672
Mar 30 10:45:11 ....
Mar 30 10:45:12 Count: 3 of 4
Mar 30 10:45:12 f010617 (1 / 1 tries):
Mar 30 10:45:12 f0421499: 23.293832210218907393 FIL (9.1G free)
Mar 30 10:45:12 Escrow: 0.999645757255 FIL
Mar 30 10:45:12 Locked: 0.33249517244 FIL
Mar 30 10:45:13 Datacap: 3160693276672
Mar 30 10:45:13 ....
Mar 30 10:45:14 Count: 3 of 4
Mar 30 10:45:14 f01234 (1 / 1 tries):
Mar 30 10:45:15 f0421499: 23.293832210218907393 FIL (9.1G free)
Mar 30 10:45:15 Escrow: 0.999645757255 FIL
Mar 30 10:45:15 Locked: 0.33249517244 FIL
Mar 30 10:45:15 Datacap: 3160693276672
Mar 30 10:45:15 ....
Mar 30 10:45:16 Count: 3 of 4
Mar 30 10:45:16 f019100 (1 / 1 tries):
Mar 30 10:45:17 Skipping f019100: error-ask
Mar 30 10:45:17 
Mar 30 10:45:18 Count: 3 of 4
Mar 30 10:45:18 f01277 (1 / 1 tries):
Mar 30 10:45:18 Skipping f01277: min-ask
Mar 30 10:45:18 
Mar 30 10:45:19 Count: 3 of 4
Mar 30 10:45:19 f09848 (1 / 1 tries):
Mar 30 10:45:20 f0421499: 23.293832210218907393 FIL (9.1G free)
Mar 30 10:45:20 Escrow: 0.999645757255 FIL
Mar 30 10:45:20 Locked: 0.33249517244 FIL
Mar 30 10:45:20 Datacap: 3160693276672
Mar 30 10:45:20 ....
Mar 30 10:45:21 Count: 3 of 4
Mar 30 10:45:21 f062353 (1 / 1 tries):
Mar 30 10:45:22 f0421499: 23.293832210218907393 FIL (9.1G free)
Mar 30 10:45:22 Escrow: 0.999645757255 FIL
Mar 30 10:45:22 Locked: 0.33249517244 FIL
Mar 30 10:45:23 Datacap: 3160693276672
Mar 30 10:45:23 ....
Mar 30 10:45:24 Count: 3 of 4
Mar 30 10:45:24 f022142 (1 / 1 tries):
Mar 30 10:45:24 f0421499: 23.293832210218907393 FIL (9.1G free)
Mar 30 10:45:24 Escrow: 0.999645757255 FIL
Mar 30 10:45:24 Locked: 0.33249517244 FIL
Mar 30 10:45:25 Datacap: 3160693276672
Mar 30 10:45:25 ....
Mar 30 10:45:26 Count: 3 of 4
Mar 30 10:45:26 f066596 (1 / 1 tries):
Mar 30 10:45:26 f0421499: 23.293832210218907393 FIL (9.1G free)
Mar 30 10:45:26 Escrow: 0.999645757255 FIL
Mar 30 10:45:26 Locked: 0.33249517244 FIL
Mar 30 10:45:27 Datacap: 3160693276672
Mar 30 10:45:27 ....
Mar 30 10:45:28 Count: 3 of 4
Mar 30 10:45:28 f014768 (1 / 1 tries):
Mar 30 10:45:29 f0421499: 23.293832210218907393 FIL (9.1G free)
Mar 30 10:45:29 Escrow: 0.999645757255 FIL
Mar 30 10:45:29 Locked: 0.33249517244 FIL
Mar 30 10:45:29 Datacap: 3160693276672
Mar 30 10:45:29 ....
Mar 30 10:45:30 Count: 3 of 4
Mar 30 10:45:30 f019104 (1 / 1 tries):
Mar 30 10:45:31 Skipping f019104: error-ask
Mar 30 10:45:31 
Mar 30 10:45:32 Count: 3 of 4
Mar 30 10:45:32 f02576 (1 / 1 tries):
Mar 30 10:45:32 f0421499: 23.293832210218907393 FIL (9.1G free)
Mar 30 10:45:32 Escrow: 0.999645757255 FIL
Mar 30 10:45:32 Locked: 0.33249517244 FIL
Mar 30 10:45:33 Datacap: 3160693276672
Mar 30 10:45:33 ....
Mar 30 10:45:34 Count: 3 of 4
Mar 30 10:45:34 f07998 (1 / 1 tries):
Mar 30 10:45:34 f0421499: 23.293832210218907393 FIL (9.1G free)
Mar 30 10:45:35 Escrow: 0.999645757255 FIL
Mar 30 10:45:35 Locked: 0.33249517244 FIL
Mar 30 10:45:35 Datacap: 3160693276672
Mar 30 10:45:36 ....
Mar 30 10:45:37 Count: 3 of 4
Mar 30 10:45:37 f019551 (1 / 1 tries):
Mar 30 10:45:37 f0421499: 23.293832210218907393 FIL (9.1G free)
Mar 30 10:45:38 Escrow: 0.999645757255 FIL
Mar 30 10:45:38 Locked: 0.33249517244 FIL
Mar 30 10:45:38 Datacap: 3160693276672
Mar 30 10:45:38 ....
Mar 30 10:45:39 Count: 3 of 4
Mar 30 10:45:39 f099608 (1 / 1 tries):
Mar 30 10:45:40 f0421499: 23.293832210218907393 FIL (9.1G free)
Mar 30 10:45:40 Escrow: 0.999645757255 FIL
Mar 30 10:45:40 Locked: 0.33249517244 FIL
Mar 30 10:45:41 Datacap: 3160693276672
Mar 30 10:45:41 ....
Mar 30 10:45:42 Count: 3 of 4
Mar 30 10:45:42 f019362 (1 / 1 tries):
Mar 30 10:45:43 f0421499: 23.293832210218907393 FIL (9.1G free)
Mar 30 10:45:43 Escrow: 0.999645757255 FIL
Mar 30 10:45:43 Locked: 0.33249517244 FIL
Mar 30 10:45:43 Datacap: 3160693276672
Mar 30 10:45:43 ....
Mar 30 10:45:44 Count: 3 of 4
Mar 30 10:45:44 f02606 (1 / 1 tries):
Mar 30 10:45:45 f0421499: 23.293832210218907393 FIL (9.1G free)
Mar 30 10:45:45 Escrow: 0.999645757255 FIL
Mar 30 10:45:45 Locked: 0.33249517244 FIL
Mar 30 10:45:45 Datacap: 3160693276672
Mar 30 10:45:45 ....
Mar 30 10:45:46 Count: 3 of 4
Mar 30 10:45:46 f015927 (1 / 1 tries):
Mar 30 10:45:47 Skipping f015927: min-ask
Mar 30 10:45:47 
Mar 30 10:45:48 Count: 3 of 4
Mar 30 10:45:48 f022352 (1 / 1 tries):
Mar 30 10:45:48 f0421499: 23.293832210218907393 FIL (9.1G free)
Mar 30 10:45:49 Escrow: 0.999645757255 FIL
Mar 30 10:45:49 Locked: 0.33249517244 FIL
Mar 30 10:45:49 Datacap: 3160693276672
Mar 30 10:45:49 ....
Mar 30 10:45:50 Count: 3 of 4
Mar 30 10:45:50 f01278 (1 / 1 tries):
Mar 30 10:45:51 f0421499: 23.293832210218907393 FIL (9.1G free)
Mar 30 10:45:51 Escrow: 0.999645757255 FIL
Mar 30 10:45:51 Locked: 0.33249517244 FIL
Mar 30 10:45:52 Datacap: 3160693276672
Mar 30 10:45:52 ....
Mar 30 10:45:53 Count: 3 of 4
Mar 30 10:45:53 f021716 (1 / 1 tries):
Mar 30 10:45:54 f0421499: 23.293832210218907393 FIL (9.1G free)
Mar 30 10:45:54 Escrow: 0.999645757255 FIL
Mar 30 10:45:54 Locked: 0.33249517244 FIL
Mar 30 10:45:54 Datacap: 3160693276672
Mar 30 10:45:54 ....
Mar 30 10:45:55 Count: 3 of 4
Mar 30 10:45:55 f058369 (1 / 1 tries):
Mar 30 10:45:56 f0421499: 23.293832210218907393 FIL (9.1G free)
Mar 30 10:45:56 Escrow: 0.999645757255 FIL
Mar 30 10:45:56 Locked: 0.33249517244 FIL
Mar 30 10:45:57 Datacap: 3160693276672
Mar 30 10:45:57 ....
Mar 30 10:45:58 Count: 3 of 4
Mar 30 10:45:58 f019041 (1 / 1 tries):
Mar 30 10:45:59 f0421499: 23.293832210218907393 FIL (9.1G free)
Mar 30 10:45:59 Escrow: 0.999645757255 FIL
Mar 30 10:45:59 Locked: 0.33249517244 FIL
Mar 30 10:45:59 Datacap: 3160693276672
Mar 30 10:45:59 ....
Mar 30 10:46:00 Count: 3 of 4
Mar 30 10:46:00 f0145874 (1 / 1 tries):
Mar 30 10:46:01 f0421499: 23.293832210218907393 FIL (9.1G free)
Mar 30 10:46:01 Escrow: 0.999645757255 FIL
Mar 30 10:46:01 Locked: 0.33249517244 FIL
Mar 30 10:46:01 Datacap: 3160693276672
Mar 30 10:46:01 ....
Mar 30 10:46:02 Count: 3 of 4
Mar 30 10:46:02 f08403 (1 / 1 tries):
Mar 30 10:46:03 f0421499: 23.293832210218907393 FIL (9.1G free)
Mar 30 10:46:04 Escrow: 0.999645757255 FIL
Mar 30 10:46:04 Locked: 0.33249517244 FIL
Mar 30 10:46:04 Datacap: 3160693276672
Mar 30 10:46:04 ....
Mar 30 10:46:05 Count: 3 of 4
Mar 30 10:46:05 f022163 (1 / 1 tries):
Mar 30 10:46:06 f0421499: 23.293832210218907393 FIL (9.1G free)
Mar 30 10:46:06 Escrow: 0.999645757255 FIL
Mar 30 10:46:06 Locked: 0.33249517244 FIL
Mar 30 10:46:06 Datacap: 3160693276672
Mar 30 10:46:06 ....
Mar 30 10:46:07 Count: 3 of 4
Mar 30 10:46:07 f0165400 (1 / 1 tries):
Mar 30 10:46:08 f0421499: 23.293832210218907393 FIL (9.1G free)
Mar 30 10:46:08 Escrow: 0.999645757255 FIL
Mar 30 10:46:08 Locked: 0.33249517244 FIL
Mar 30 10:46:08 Datacap: 3160693276672
Mar 30 10:46:09 ....
Mar 30 10:46:10 Count: 3 of 4
Mar 30 10:46:10 f08399 (1 / 1 tries):
Mar 30 10:46:10 f0421499: 23.293832210218907393 FIL (9.1G free)
Mar 30 10:46:10 Escrow: 0.999645757255 FIL
Mar 30 10:46:10 Locked: 0.33249517244 FIL
Mar 30 10:46:11 Datacap: 3160693276672
Mar 30 10:46:11 ....
Mar 30 10:46:12 Count: 3 of 4
Mar 30 10:46:12 f071624 (1 / 1 tries):
Mar 30 10:46:12 f0421499: 23.293832210218907393 FIL (9.1G free)
Mar 30 10:46:13 Escrow: 0.999645757255 FIL
Mar 30 10:46:13 Locked: 0.33249517244 FIL
Mar 30 10:46:13 Datacap: 3160693276672
Mar 30 10:46:13 ....
Mar 30 10:46:14 Count: 3 of 4
Mar 30 10:46:14 f014409 (1 / 1 tries):
Mar 30 10:46:15 f0421499: 23.293832210218907393 FIL (9.1G free)
Mar 30 10:46:15 Escrow: 0.999645757255 FIL
Mar 30 10:46:15 Locked: 0.33249517244 FIL
Mar 30 10:46:16 Datacap: 3160693276672
Mar 30 10:46:16 ....
Mar 30 10:46:17 Count: 3 of 4
Mar 30 10:46:17 f023467 (1 / 1 tries):
Mar 30 10:46:17 f0421499: 23.293832210218907393 FIL (9.1G free)
Mar 30 10:46:18 Escrow: 0.999645757255 FIL
Mar 30 10:46:18 Locked: 0.33249517244 FIL
Mar 30 10:46:18 Datacap: 3160693276672
Mar 30 10:46:18 ....
Mar 30 10:46:19 Count: 3 of 4
Mar 30 10:46:19 f0157535 (1 / 1 tries):
Mar 30 10:46:20 f0421499: 23.293832210218907393 FIL (9.1G free)
Mar 30 10:46:20 Escrow: 0.999645757255 FIL
Mar 30 10:46:20 Locked: 0.33249517244 FIL
Mar 30 10:46:21 Datacap: 3160693276672
Mar 30 10:46:21 ....
Mar 30 10:46:22 Count: 3 of 4
Mar 30 10:46:22 f01247 (1 / 1 tries):
Mar 30 10:46:22 f0421499: 23.293832210218907393 FIL (9.1G free)
Mar 30 10:46:23 Escrow: 0.999645757255 FIL
Mar 30 10:46:23 Locked: 0.33249517244 FIL
Mar 30 10:46:23 Datacap: 3160693276672
Mar 30 10:46:23 ....
