Mar 30 04:40:46 Count: 3 of 4
Mar 30 04:40:46 f010617 (1 / 1 tries):
Mar 30 04:40:47 f0421499: 23.293832210218907393 FIL (11G free)
Mar 30 04:40:47 Escrow: 0.999645757255 FIL
Mar 30 04:40:47 Locked: 0.33249517244 FIL
Mar 30 04:40:47 Datacap: 3160693276672
Mar 30 04:40:47 ....
Mar 30 04:40:48 Count: 3 of 4
Mar 30 04:40:48 f0157535 (1 / 1 tries):
Mar 30 04:40:48 f0421499: 23.293832210218907393 FIL (11G free)
Mar 30 04:40:49 Escrow: 0.999645757255 FIL
Mar 30 04:40:49 Locked: 0.33249517244 FIL
Mar 30 04:40:49 Datacap: 3160693276672
Mar 30 04:40:49 ....
Mar 30 04:40:50 Count: 3 of 4
Mar 30 04:40:50 f099608 (1 / 1 tries):
Mar 30 04:40:50 f0421499: 23.293832210218907393 FIL (11G free)
Mar 30 04:40:51 Escrow: 0.999645757255 FIL
Mar 30 04:40:51 Locked: 0.33249517244 FIL
Mar 30 04:40:51 Datacap: 3160693276672
Mar 30 04:40:51 ....
Mar 30 04:40:52 Count: 3 of 4
Mar 30 04:40:52 f022352 (1 / 1 tries):
Mar 30 04:40:52 f0421499: 23.293832210218907393 FIL (11G free)
Mar 30 04:40:52 Escrow: 0.999645757255 FIL
Mar 30 04:40:52 Locked: 0.33249517244 FIL
Mar 30 04:40:53 Datacap: 3160693276672
Mar 30 04:40:53 ....
Mar 30 04:40:54 Count: 3 of 4
Mar 30 04:40:54 f019551 (1 / 1 tries):
Mar 30 04:40:54 f0421499: 23.293832210218907393 FIL (11G free)
Mar 30 04:40:54 Escrow: 0.999645757255 FIL
Mar 30 04:40:54 Locked: 0.33249517244 FIL
Mar 30 04:40:54 Datacap: 3160693276672
Mar 30 04:40:55 ....
Mar 30 04:40:56 Count: 3 of 4
Mar 30 04:40:56 f01240 (1 / 1 tries):
Mar 30 04:40:56 f0421499: 23.293832210218907393 FIL (11G free)
Mar 30 04:40:56 Escrow: 0.999645757255 FIL
Mar 30 04:40:56 Locked: 0.33249517244 FIL
Mar 30 04:40:57 Datacap: 3160693276672
Mar 30 04:40:57 ....
Mar 30 04:40:58 Count: 3 of 4
Mar 30 04:40:58 f066596 (1 / 1 tries):
Mar 30 04:40:59 f0421499: 23.293832210218907393 FIL (11G free)
Mar 30 04:40:59 Escrow: 0.999645757255 FIL
Mar 30 04:40:59 Locked: 0.33249517244 FIL
Mar 30 04:40:59 Datacap: 3160693276672
Mar 30 04:40:59 ....
Mar 30 04:41:00 Count: 3 of 4
Mar 30 04:41:00 f08403 (1 / 1 tries):
Mar 30 04:41:01 f0421499: 23.293832210218907393 FIL (11G free)
Mar 30 04:41:01 Escrow: 0.999645757255 FIL
Mar 30 04:41:01 Locked: 0.33249517244 FIL
Mar 30 04:41:01 Datacap: 3160693276672
Mar 30 04:41:01 ....
Mar 30 04:41:02 Count: 3 of 4
Mar 30 04:41:02 f022163 (1 / 1 tries):
Mar 30 04:41:02 f0421499: 23.293832210218907393 FIL (11G free)
Mar 30 04:41:03 Escrow: 0.999645757255 FIL
Mar 30 04:41:03 Locked: 0.33249517244 FIL
Mar 30 04:41:03 Datacap: 3160693276672
Mar 30 04:41:03 ....
Mar 30 04:41:04 Count: 3 of 4
Mar 30 04:41:04 f062353 (1 / 1 tries):
Mar 30 04:41:05 f0421499: 23.293832210218907393 FIL (11G free)
Mar 30 04:41:05 Escrow: 0.999645757255 FIL
Mar 30 04:41:05 Locked: 0.33249517244 FIL
Mar 30 04:41:05 Datacap: 3160693276672
Mar 30 04:41:05 ....
Mar 30 04:41:06 Count: 3 of 4
Mar 30 04:41:06 f019104 (1 / 1 tries):
Mar 30 04:41:07 Skipping f019104: error-ask
Mar 30 04:41:07 
Mar 30 04:41:08 Count: 3 of 4
Mar 30 04:41:08 f01247 (1 / 1 tries):
Mar 30 04:41:08 f0421499: 23.293832210218907393 FIL (11G free)
Mar 30 04:41:08 Escrow: 0.999645757255 FIL
Mar 30 04:41:08 Locked: 0.33249517244 FIL
Mar 30 04:41:08 Datacap: 3160693276672
Mar 30 04:41:08 ....
Mar 30 04:41:09 Count: 3 of 4
Mar 30 04:41:09 f01277 (1 / 1 tries):
Mar 30 04:41:10 Skipping f01277: min-ask
Mar 30 04:41:10 
Mar 30 04:41:11 Count: 3 of 4
Mar 30 04:41:11 f019100 (1 / 1 tries):
Mar 30 04:41:11 Skipping f019100: error-ask
Mar 30 04:41:11 
Mar 30 04:41:12 Count: 3 of 4
Mar 30 04:41:12 f015927 (1 / 1 tries):
Mar 30 04:41:12 Skipping f015927: min-ask
Mar 30 04:41:12 
Mar 30 04:41:13 Count: 3 of 4
Mar 30 04:41:13 f022142 (1 / 1 tries):
Mar 30 04:41:14 f0421499: 23.293832210218907393 FIL (11G free)
Mar 30 04:41:14 Escrow: 0.999645757255 FIL
Mar 30 04:41:14 Locked: 0.33249517244 FIL
Mar 30 04:41:14 Datacap: 3160693276672
Mar 30 04:41:14 ....
Mar 30 04:41:15 Count: 3 of 4
Mar 30 04:41:15 f021716 (1 / 1 tries):
Mar 30 04:41:16 f0421499: 23.293832210218907393 FIL (11G free)
Mar 30 04:41:16 Escrow: 0.999645757255 FIL
Mar 30 04:41:16 Locked: 0.33249517244 FIL
Mar 30 04:41:16 Datacap: 3160693276672
Mar 30 04:41:17 ....
Mar 30 04:41:18 Count: 3 of 4
Mar 30 04:41:18 f0165400 (1 / 1 tries):
Mar 30 04:41:18 f0421499: 23.293832210218907393 FIL (11G free)
Mar 30 04:41:18 Escrow: 0.999645757255 FIL
Mar 30 04:41:18 Locked: 0.33249517244 FIL
Mar 30 04:41:18 Datacap: 3160693276672
Mar 30 04:41:18 ....
Mar 30 04:41:19 Count: 3 of 4
Mar 30 04:41:19 f071624 (1 / 1 tries):
Mar 30 04:41:20 f0421499: 23.293832210218907393 FIL (11G free)
Mar 30 04:41:20 Escrow: 0.999645757255 FIL
Mar 30 04:41:20 Locked: 0.33249517244 FIL
Mar 30 04:41:20 Datacap: 3160693276672
Mar 30 04:41:20 ....
Mar 30 04:41:21 Count: 3 of 4
Mar 30 04:41:21 f02606 (1 / 1 tries):
Mar 30 04:41:22 f0421499: 23.293832210218907393 FIL (11G free)
Mar 30 04:41:22 Escrow: 0.999645757255 FIL
Mar 30 04:41:22 Locked: 0.33249517244 FIL
Mar 30 04:41:22 Datacap: 3160693276672
Mar 30 04:41:22 ....
Mar 30 04:41:23 Count: 3 of 4
Mar 30 04:41:23 f01234 (1 / 1 tries):
Mar 30 04:41:24 f0421499: 23.293832210218907393 FIL (11G free)
Mar 30 04:41:24 Escrow: 0.999645757255 FIL
Mar 30 04:41:24 Locked: 0.33249517244 FIL
Mar 30 04:41:24 Datacap: 3160693276672
Mar 30 04:41:24 ....
Mar 30 04:41:25 Count: 3 of 4
Mar 30 04:41:25 f023971 (1 / 1 tries):
Mar 30 04:41:26 f0421499: 23.293832210218907393 FIL (11G free)
Mar 30 04:41:26 Escrow: 0.999645757255 FIL
Mar 30 04:41:26 Locked: 0.33249517244 FIL
Mar 30 04:41:26 Datacap: 3160693276672
Mar 30 04:41:26 ....
Mar 30 04:41:27 Count: 3 of 4
Mar 30 04:41:27 f023467 (1 / 1 tries):
Mar 30 04:41:27 f0421499: 23.293832210218907393 FIL (11G free)
Mar 30 04:41:28 Escrow: 0.999645757255 FIL
Mar 30 04:41:28 Locked: 0.33249517244 FIL
Mar 30 04:41:28 Datacap: 3160693276672
Mar 30 04:41:28 ....
Mar 30 04:41:29 Count: 3 of 4
Mar 30 04:41:29 f01278 (1 / 1 tries):
Mar 30 04:41:29 f0421499: 23.293832210218907393 FIL (11G free)
Mar 30 04:41:30 Escrow: 0.999645757255 FIL
Mar 30 04:41:30 Locked: 0.33249517244 FIL
Mar 30 04:41:30 Datacap: 3160693276672
Mar 30 04:41:31 ....
Mar 30 04:41:32 Count: 3 of 4
Mar 30 04:41:32 f014409 (1 / 1 tries):
Mar 30 04:41:32 f0421499: 23.293832210218907393 FIL (11G free)
Mar 30 04:41:32 Escrow: 0.999645757255 FIL
Mar 30 04:41:32 Locked: 0.33249517244 FIL
Mar 30 04:41:32 Datacap: 3160693276672
Mar 30 04:41:32 ....
Mar 30 04:41:33 Count: 3 of 4
Mar 30 04:41:33 f010479 (1 / 1 tries):
Mar 30 04:41:34 f0421499: 23.293832210218907393 FIL (11G free)
Mar 30 04:41:34 Escrow: 0.999645757255 FIL
Mar 30 04:41:34 Locked: 0.33249517244 FIL
Mar 30 04:41:34 Datacap: 3160693276672
Mar 30 04:41:34 ....
Mar 30 04:41:35 Count: 3 of 4
Mar 30 04:41:35 f08399 (1 / 1 tries):
Mar 30 04:41:36 f0421499: 23.293832210218907393 FIL (11G free)
Mar 30 04:41:36 Escrow: 0.999645757255 FIL
Mar 30 04:41:36 Locked: 0.33249517244 FIL
Mar 30 04:41:36 Datacap: 3160693276672
Mar 30 04:41:36 ....
Mar 30 04:41:37 Count: 3 of 4
Mar 30 04:41:37 f0127896 (1 / 1 tries):
Mar 30 04:41:38 Skipping f0127896: min-ask
Mar 30 04:41:38 
Mar 30 04:41:39 Count: 3 of 4
Mar 30 04:41:39 f019362 (1 / 1 tries):
Mar 30 04:41:39 f0421499: 23.293832210218907393 FIL (11G free)
Mar 30 04:41:39 Escrow: 0.999645757255 FIL
Mar 30 04:41:39 Locked: 0.33249517244 FIL
Mar 30 04:41:39 Datacap: 3160693276672
Mar 30 04:41:39 ....
Mar 30 04:41:40 Count: 3 of 4
Mar 30 04:41:40 f0145874 (1 / 1 tries):
Mar 30 04:41:41 f0421499: 23.293832210218907393 FIL (11G free)
Mar 30 04:41:41 Escrow: 0.999645757255 FIL
Mar 30 04:41:41 Locked: 0.33249517244 FIL
Mar 30 04:41:41 Datacap: 3160693276672
Mar 30 04:41:41 ....
Mar 30 04:41:42 Count: 3 of 4
Mar 30 04:41:42 f058369 (1 / 1 tries):
Mar 30 04:41:43 f0421499: 23.293832210218907393 FIL (11G free)
Mar 30 04:41:43 Escrow: 0.999645757255 FIL
Mar 30 04:41:43 Locked: 0.33249517244 FIL
Mar 30 04:41:43 Datacap: 3160693276672
Mar 30 04:41:43 ....
Mar 30 04:41:44 Count: 3 of 4
Mar 30 04:41:44 f07998 (1 / 1 tries):
Mar 30 04:41:45 f0421499: 23.293832210218907393 FIL (11G free)
Mar 30 04:41:45 Escrow: 0.999645757255 FIL
Mar 30 04:41:45 Locked: 0.33249517244 FIL
Mar 30 04:41:46 Datacap: 3160693276672
Mar 30 04:41:46 ....
Mar 30 04:41:47 Count: 3 of 4
Mar 30 04:41:47 f019041 (1 / 1 tries):
Mar 30 04:41:47 f0421499: 23.293832210218907393 FIL (11G free)
Mar 30 04:41:47 Escrow: 0.999645757255 FIL
Mar 30 04:41:47 Locked: 0.33249517244 FIL
Mar 30 04:41:48 Datacap: 3160693276672
Mar 30 04:41:48 ....
Mar 30 04:41:49 Count: 3 of 4
Mar 30 04:41:49 f014768 (1 / 1 tries):
Mar 30 04:41:49 f0421499: 23.293832210218907393 FIL (11G free)
Mar 30 04:41:49 Escrow: 0.999645757255 FIL
Mar 30 04:41:49 Locked: 0.33249517244 FIL
Mar 30 04:41:50 Datacap: 3160693276672
Mar 30 04:41:50 ....
Mar 30 04:41:51 Count: 3 of 4
Mar 30 04:41:51 f02576 (1 / 1 tries):
Mar 30 04:41:51 f0421499: 23.293832210218907393 FIL (11G free)
Mar 30 04:41:51 Escrow: 0.999645757255 FIL
Mar 30 04:41:51 Locked: 0.33249517244 FIL
Mar 30 04:41:52 Datacap: 3160693276672
Mar 30 04:41:52 ....
Mar 30 04:41:53 Count: 3 of 4
Mar 30 04:41:53 f09848 (1 / 1 tries):
Mar 30 04:41:53 f0421499: 23.293832210218907393 FIL (11G free)
Mar 30 04:41:53 Escrow: 0.999645757255 FIL
Mar 30 04:41:53 Locked: 0.33249517244 FIL
Mar 30 04:41:53 Datacap: 3160693276672
Mar 30 04:41:53 ....
