Mar 30 17:21:20 Count: 3 of 4
Mar 30 17:21:20 f099608 (1 / 1 tries):
Mar 30 17:21:20 f0421499: 23.293832210218907393 FIL (7.9G free)
Mar 30 17:21:20 Escrow: 0.999645757255 FIL
Mar 30 17:21:20 Locked: 0.33249517244 FIL
Mar 30 17:21:21 Datacap: 3160693276672
Mar 30 17:21:21 ....
Mar 30 17:21:22 Count: 3 of 4
Mar 30 17:21:22 f0127896 (1 / 1 tries):
Mar 30 17:21:22 Skipping f0127896: min-ask
Mar 30 17:21:22 
Mar 30 17:21:23 Count: 3 of 4
Mar 30 17:21:23 f019041 (1 / 1 tries):
Mar 30 17:21:24 f0421499: 23.293832210218907393 FIL (7.9G free)
Mar 30 17:21:24 Escrow: 0.999645757255 FIL
Mar 30 17:21:24 Locked: 0.33249517244 FIL
Mar 30 17:21:25 Datacap: 3160693276672
Mar 30 17:21:25 ....
Mar 30 17:21:26 Count: 3 of 4
Mar 30 17:21:26 f021716 (1 / 1 tries):
Mar 30 17:21:26 f0421499: 23.293832210218907393 FIL (7.9G free)
Mar 30 17:21:27 Escrow: 0.999645757255 FIL
Mar 30 17:21:27 Locked: 0.33249517244 FIL
Mar 30 17:21:27 Datacap: 3160693276672
Mar 30 17:21:27 ....
Mar 30 17:21:28 Count: 3 of 4
Mar 30 17:21:28 f014768 (1 / 1 tries):
Mar 30 17:21:29 f0421499: 23.293832210218907393 FIL (7.9G free)
Mar 30 17:21:29 Escrow: 0.999645757255 FIL
Mar 30 17:21:29 Locked: 0.33249517244 FIL
Mar 30 17:21:29 Datacap: 3160693276672
Mar 30 17:21:29 ....
Mar 30 17:21:30 Count: 3 of 4
Mar 30 17:21:30 f07998 (1 / 1 tries):
Mar 30 17:21:31 f0421499: 23.293832210218907393 FIL (7.9G free)
Mar 30 17:21:31 Escrow: 0.999645757255 FIL
Mar 30 17:21:31 Locked: 0.33249517244 FIL
Mar 30 17:21:32 Datacap: 3160693276672
Mar 30 17:21:32 ....
Mar 30 17:21:33 Count: 3 of 4
Mar 30 17:21:33 f071624 (1 / 1 tries):
Mar 30 17:21:33 f0421499: 23.293832210218907393 FIL (7.9G free)
Mar 30 17:21:33 Escrow: 0.999645757255 FIL
Mar 30 17:21:33 Locked: 0.33249517244 FIL
Mar 30 17:21:33 Datacap: 3160693276672
Mar 30 17:21:34 ....
Mar 30 17:21:35 Count: 3 of 4
Mar 30 17:21:35 f01234 (1 / 1 tries):
Mar 30 17:21:35 f0421499: 23.293832210218907393 FIL (7.9G free)
Mar 30 17:21:36 Escrow: 0.999645757255 FIL
Mar 30 17:21:36 Locked: 0.33249517244 FIL
Mar 30 17:21:36 Datacap: 3160693276672
Mar 30 17:21:36 ....
Mar 30 17:21:37 Count: 3 of 4
Mar 30 17:21:37 f066596 (1 / 1 tries):
Mar 30 17:21:38 f0421499: 23.293832210218907393 FIL (7.9G free)
Mar 30 17:21:38 Escrow: 0.999645757255 FIL
Mar 30 17:21:38 Locked: 0.33249517244 FIL
Mar 30 17:21:38 Datacap: 3160693276672
Mar 30 17:21:38 ....
Mar 30 17:21:39 Count: 3 of 4
Mar 30 17:21:39 f022142 (1 / 1 tries):
Mar 30 17:21:40 f0421499: 23.293832210218907393 FIL (7.9G free)
Mar 30 17:21:40 Escrow: 0.999645757255 FIL
Mar 30 17:21:40 Locked: 0.33249517244 FIL
Mar 30 17:21:41 Datacap: 3160693276672
Mar 30 17:21:41 ....
Mar 30 17:21:42 Count: 3 of 4
Mar 30 17:21:42 f058369 (1 / 1 tries):
Mar 30 17:21:42 f0421499: 23.293832210218907393 FIL (7.9G free)
Mar 30 17:21:43 Escrow: 0.999645757255 FIL
Mar 30 17:21:43 Locked: 0.33249517244 FIL
Mar 30 17:21:43 Datacap: 3160693276672
Mar 30 17:21:43 ....
Mar 30 17:21:44 Count: 3 of 4
Mar 30 17:21:44 f023467 (1 / 1 tries):
Mar 30 17:21:44 f0421499: 23.293832210218907393 FIL (7.9G free)
Mar 30 17:21:45 Escrow: 0.999645757255 FIL
Mar 30 17:21:45 Locked: 0.33249517244 FIL
Mar 30 17:21:45 Datacap: 3160693276672
Mar 30 17:21:45 ....
Mar 30 17:21:46 Count: 3 of 4
Mar 30 17:21:46 f014409 (1 / 1 tries):
Mar 30 17:21:47 f0421499: 23.293832210218907393 FIL (7.9G free)
Mar 30 17:21:47 Escrow: 0.999645757255 FIL
Mar 30 17:21:47 Locked: 0.33249517244 FIL
Mar 30 17:21:47 Datacap: 3160693276672
Mar 30 17:21:48 ....
Mar 30 17:21:49 Count: 3 of 4
Mar 30 17:21:49 f015927 (1 / 1 tries):
Mar 30 17:21:49 Skipping f015927: min-ask
Mar 30 17:21:49 
Mar 30 17:21:50 Count: 3 of 4
Mar 30 17:21:50 f019104 (1 / 1 tries):
Mar 30 17:21:50 Skipping f019104: error-ask
Mar 30 17:21:50 
Mar 30 17:21:51 Count: 3 of 4
Mar 30 17:21:51 f019100 (1 / 1 tries):
Mar 30 17:21:52 Skipping f019100: error-ask
Mar 30 17:21:52 
Mar 30 17:21:53 Count: 3 of 4
Mar 30 17:21:53 f08403 (1 / 1 tries):
Mar 30 17:21:54 f0421499: 23.293832210218907393 FIL (7.9G free)
Mar 30 17:21:54 Escrow: 0.999645757255 FIL
Mar 30 17:21:54 Locked: 0.33249517244 FIL
Mar 30 17:21:54 Datacap: 3160693276672
Mar 30 17:21:54 ....
Mar 30 17:21:55 Count: 3 of 4
Mar 30 17:21:55 f062353 (1 / 1 tries):
Mar 30 17:21:56 f0421499: 23.293832210218907393 FIL (7.9G free)
Mar 30 17:21:56 Escrow: 0.999645757255 FIL
Mar 30 17:21:56 Locked: 0.33249517244 FIL
Mar 30 17:21:56 Datacap: 3160693276672
Mar 30 17:21:57 ....
Mar 30 17:21:58 Count: 3 of 4
Mar 30 17:21:58 f010479 (1 / 1 tries):
Mar 30 17:21:58 f0421499: 23.293832210218907393 FIL (7.9G free)
Mar 30 17:21:59 Escrow: 0.999645757255 FIL
Mar 30 17:21:59 Locked: 0.33249517244 FIL
Mar 30 17:21:59 Datacap: 3160693276672
Mar 30 17:21:59 ....
Mar 30 17:22:00 Count: 3 of 4
Mar 30 17:22:00 f0145874 (1 / 1 tries):
Mar 30 17:22:01 f0421499: 23.293832210218907393 FIL (7.9G free)
Mar 30 17:22:01 Escrow: 0.999645757255 FIL
Mar 30 17:22:01 Locked: 0.33249517244 FIL
Mar 30 17:22:02 Datacap: 3160693276672
Mar 30 17:22:02 ....
Mar 30 17:22:03 Count: 3 of 4
Mar 30 17:22:03 f022352 (1 / 1 tries):
Mar 30 17:22:04 f0421499: 23.293832210218907393 FIL (7.9G free)
Mar 30 17:22:04 Escrow: 0.999645757255 FIL
Mar 30 17:22:04 Locked: 0.33249517244 FIL
Mar 30 17:22:04 Datacap: 3160693276672
Mar 30 17:22:05 ....
Mar 30 17:22:06 Count: 3 of 4
Mar 30 17:22:06 f02606 (1 / 1 tries):
Mar 30 17:22:06 f0421499: 23.293832210218907393 FIL (7.9G free)
Mar 30 17:22:06 Escrow: 0.999645757255 FIL
Mar 30 17:22:06 Locked: 0.33249517244 FIL
Mar 30 17:22:07 Datacap: 3160693276672
Mar 30 17:22:07 ....
Mar 30 17:22:08 Count: 3 of 4
Mar 30 17:22:08 f019551 (1 / 1 tries):
Mar 30 17:22:09 f0421499: 23.293832210218907393 FIL (7.9G free)
Mar 30 17:22:09 Escrow: 0.999645757255 FIL
Mar 30 17:22:09 Locked: 0.33249517244 FIL
Mar 30 17:22:09 Datacap: 3160693276672
Mar 30 17:22:10 ....
Mar 30 17:22:11 Count: 3 of 4
Mar 30 17:22:11 f09848 (1 / 1 tries):
Mar 30 17:22:11 f0421499: 23.293832210218907393 FIL (7.9G free)
Mar 30 17:22:11 Escrow: 0.999645757255 FIL
Mar 30 17:22:11 Locked: 0.33249517244 FIL
Mar 30 17:22:12 Datacap: 3160693276672
Mar 30 17:22:12 ....
Mar 30 17:22:13 Count: 3 of 4
Mar 30 17:22:13 f01278 (1 / 1 tries):
Mar 30 17:22:13 f0421499: 23.293832210218907393 FIL (7.9G free)
Mar 30 17:22:13 Escrow: 0.999645757255 FIL
Mar 30 17:22:13 Locked: 0.33249517244 FIL
Mar 30 17:22:14 Datacap: 3160693276672
Mar 30 17:22:14 ....
Mar 30 17:22:15 Count: 3 of 4
Mar 30 17:22:15 f019362 (1 / 1 tries):
Mar 30 17:22:15 f0421499: 23.293832210218907393 FIL (7.9G free)
Mar 30 17:22:16 Escrow: 0.999645757255 FIL
Mar 30 17:22:16 Locked: 0.33249517244 FIL
Mar 30 17:22:16 Datacap: 3160693276672
Mar 30 17:22:16 ....
Mar 30 17:22:17 Count: 3 of 4
Mar 30 17:22:17 f01277 (1 / 1 tries):
Mar 30 17:22:18 Skipping f01277: min-ask
Mar 30 17:22:18 
Mar 30 17:22:19 Count: 3 of 4
Mar 30 17:22:19 f01240 (1 / 1 tries):
Mar 30 17:22:20 f0421499: 23.293832210218907393 FIL (7.9G free)
Mar 30 17:22:20 Escrow: 0.999645757255 FIL
Mar 30 17:22:20 Locked: 0.33249517244 FIL
Mar 30 17:22:20 Datacap: 3160693276672
Mar 30 17:22:20 ....
Mar 30 17:22:21 Count: 3 of 4
Mar 30 17:22:21 f023971 (1 / 1 tries):
Mar 30 17:22:22 f0421499: 23.293832210218907393 FIL (7.9G free)
Mar 30 17:22:22 Escrow: 0.999645757255 FIL
Mar 30 17:22:22 Locked: 0.33249517244 FIL
Mar 30 17:22:23 Datacap: 3160693276672
Mar 30 17:22:23 ....
Mar 30 17:22:24 Count: 3 of 4
Mar 30 17:22:24 f08399 (1 / 1 tries):
Mar 30 17:22:25 f0421499: 23.293832210218907393 FIL (7.9G free)
Mar 30 17:22:25 Escrow: 0.999645757255 FIL
Mar 30 17:22:25 Locked: 0.33249517244 FIL
Mar 30 17:22:25 Datacap: 3160693276672
Mar 30 17:22:26 ....
Mar 30 17:22:27 Count: 3 of 4
Mar 30 17:22:27 f02576 (1 / 1 tries):
Mar 30 17:22:27 f0421499: 23.293832210218907393 FIL (7.9G free)
Mar 30 17:22:27 Escrow: 0.999645757255 FIL
Mar 30 17:22:27 Locked: 0.33249517244 FIL
Mar 30 17:22:27 Datacap: 3160693276672
Mar 30 17:22:27 ....
Mar 30 17:22:28 Count: 3 of 4
Mar 30 17:22:28 f010617 (1 / 1 tries):
Mar 30 17:22:29 f0421499: 23.293832210218907393 FIL (7.9G free)
Mar 30 17:22:29 Escrow: 0.999645757255 FIL
Mar 30 17:22:29 Locked: 0.33249517244 FIL
Mar 30 17:22:30 Datacap: 3160693276672
Mar 30 17:22:30 ....
Mar 30 17:22:31 Count: 3 of 4
Mar 30 17:22:31 f0157535 (1 / 1 tries):
Mar 30 17:22:32 f0421499: 23.293832210218907393 FIL (7.9G free)
Mar 30 17:22:32 Escrow: 0.999645757255 FIL
Mar 30 17:22:32 Locked: 0.33249517244 FIL
Mar 30 17:22:32 Datacap: 3160693276672
Mar 30 17:22:32 ....
Mar 30 17:22:33 Count: 3 of 4
Mar 30 17:22:33 f0165400 (1 / 1 tries):
Mar 30 17:22:34 f0421499: 23.293832210218907393 FIL (7.9G free)
Mar 30 17:22:34 Escrow: 0.999645757255 FIL
Mar 30 17:22:34 Locked: 0.33249517244 FIL
Mar 30 17:22:34 Datacap: 3160693276672
Mar 30 17:22:34 ....
Mar 30 17:22:35 Count: 3 of 4
Mar 30 17:22:35 f022163 (1 / 1 tries):
Mar 30 17:22:36 f0421499: 23.293832210218907393 FIL (7.9G free)
Mar 30 17:22:36 Escrow: 0.999645757255 FIL
Mar 30 17:22:36 Locked: 0.33249517244 FIL
Mar 30 17:22:36 Datacap: 3160693276672
Mar 30 17:22:37 ....
Mar 30 17:22:38 Count: 3 of 4
Mar 30 17:22:38 f01247 (1 / 1 tries):
Mar 30 17:22:38 f0421499: 23.293832210218907393 FIL (7.9G free)
Mar 30 17:22:38 Escrow: 0.999645757255 FIL
Mar 30 17:22:38 Locked: 0.33249517244 FIL
Mar 30 17:22:38 Datacap: 3160693276672
Mar 30 17:22:38 ....
