Mar 29 21:39:03 Count: 3 of 4
Mar 29 21:39:03 f0157535 (1 / 1 tries):
Mar 29 21:39:04 f0421499: 23.320216755419847521 FIL (143G free)
Mar 29 21:39:04 Escrow: 0.999999997255 FIL
Mar 29 21:39:04 Locked: 0.33251649052 FIL
Mar 29 21:39:04 Datacap: 4225845166080
Mar 29 21:39:04 ....
Mar 29 21:39:05 Count: 3 of 4
Mar 29 21:39:05 f014409 (1 / 1 tries):
Mar 29 21:39:06 f0421499: 23.320216755419847521 FIL (143G free)
Mar 29 21:39:06 Escrow: 0.999999997255 FIL
Mar 29 21:39:06 Locked: 0.33251649052 FIL
Mar 29 21:39:06 Datacap: 4225845166080
Mar 29 21:39:06 ....
Mar 29 21:39:07 Count: 3 of 4
Mar 29 21:39:07 f01240 (1 / 1 tries):
Mar 29 21:39:08 f0421499: 23.320216755419847521 FIL (142G free)
Mar 29 21:39:08 Escrow: 0.999999997255 FIL
Mar 29 21:39:08 Locked: 0.33251649052 FIL
Mar 29 21:39:09 Datacap: 4225845166080
Mar 29 21:39:09 ....
Mar 29 21:39:10 Count: 3 of 4
Mar 29 21:39:10 f023467 (1 / 1 tries):
Mar 29 21:39:10 f0421499: 23.320216755419847521 FIL (142G free)
Mar 29 21:39:11 Escrow: 0.999999997255 FIL
Mar 29 21:39:11 Locked: 0.33251649052 FIL
Mar 29 21:39:11 Datacap: 4225845166080
Mar 29 21:39:11 ....
Mar 29 21:39:12 Count: 3 of 4
Mar 29 21:39:12 f019104 (1 / 1 tries):
Mar 29 21:39:12 f0421499: 23.320216755419847521 FIL (142G free)
Mar 29 21:39:12 Escrow: 0.999999997255 FIL
Mar 29 21:39:12 Locked: 0.33251649052 FIL
Mar 29 21:39:13 Datacap: 4225845166080
Mar 29 21:39:13 ....
Mar 29 21:39:14 Count: 3 of 4
Mar 29 21:39:14 f071624 (1 / 1 tries):
Mar 29 21:39:14 f0421499: 23.320216755419847521 FIL (142G free)
Mar 29 21:39:14 Escrow: 0.999999997255 FIL
Mar 29 21:39:14 Locked: 0.33251649052 FIL
Mar 29 21:39:14 Datacap: 4225845166080
Mar 29 21:39:14 ....
Mar 29 21:39:15 Count: 3 of 4
Mar 29 21:39:15 f01234 (1 / 1 tries):
Mar 29 21:39:16 f0421499: 23.320216755419847521 FIL (142G free)
Mar 29 21:39:16 Escrow: 0.999999997255 FIL
Mar 29 21:39:16 Locked: 0.33251649052 FIL
Mar 29 21:39:16 Datacap: 4225845166080
Mar 29 21:39:16 ....
Mar 29 21:39:17 Count: 3 of 4
Mar 29 21:39:17 f066596 (1 / 1 tries):
Mar 29 21:39:18 f0421499: 23.320216755419847521 FIL (142G free)
Mar 29 21:39:18 Escrow: 0.999999997255 FIL
Mar 29 21:39:18 Locked: 0.33251649052 FIL
Mar 29 21:39:18 Datacap: 4225845166080
Mar 29 21:39:18 ....
Mar 29 21:39:19 Count: 3 of 4
Mar 29 21:39:19 f01277 (1 / 1 tries):
Mar 29 21:39:19 Skipping f01277: min-ask
Mar 29 21:39:19 
Mar 29 21:39:20 Count: 3 of 4
Mar 29 21:39:20 f0127896 (1 / 1 tries):
Mar 29 21:39:21 Skipping f0127896: min-ask
Mar 29 21:39:21 
Mar 29 21:39:22 Count: 3 of 4
Mar 29 21:39:22 f058369 (1 / 1 tries):
Mar 29 21:39:22 f0421499: 23.320216755419847521 FIL (142G free)
Mar 29 21:39:22 Escrow: 0.999999997255 FIL
Mar 29 21:39:22 Locked: 0.33251649052 FIL
Mar 29 21:39:23 Datacap: 4225845166080
Mar 29 21:39:23 ....
Mar 29 21:39:24 Count: 3 of 4
Mar 29 21:39:24 f01278 (1 / 1 tries):
Mar 29 21:39:24 f0421499: 23.320216755419847521 FIL (142G free)
Mar 29 21:39:24 Escrow: 0.999999997255 FIL
Mar 29 21:39:24 Locked: 0.33251649052 FIL
Mar 29 21:39:25 Datacap: 4225845166080
Mar 29 21:39:25 ....
Mar 29 21:39:26 Count: 3 of 4
Mar 29 21:39:26 f0165400 (1 / 1 tries):
Mar 29 21:39:26 f0421499: 23.320216755419847521 FIL (142G free)
Mar 29 21:39:26 Escrow: 0.999999997255 FIL
Mar 29 21:39:26 Locked: 0.33251649052 FIL
Mar 29 21:39:26 Datacap: 4225845166080
Mar 29 21:39:26 ....
Mar 29 21:39:27 Count: 3 of 4
Mar 29 21:39:27 f0145874 (1 / 1 tries):
Mar 29 21:39:28 f0421499: 23.320216755419847521 FIL (142G free)
Mar 29 21:39:28 Escrow: 0.999999997255 FIL
Mar 29 21:39:28 Locked: 0.33251649052 FIL
Mar 29 21:39:28 Datacap: 4225845166080
Mar 29 21:39:28 ....
Mar 29 21:39:29 Count: 3 of 4
Mar 29 21:39:29 f08403 (1 / 1 tries):
Mar 29 21:39:30 f0421499: 23.320216755419847521 FIL (142G free)
Mar 29 21:39:30 Escrow: 0.999999997255 FIL
Mar 29 21:39:30 Locked: 0.33251649052 FIL
Mar 29 21:39:30 Datacap: 4225845166080
Mar 29 21:39:30 ....
Mar 29 21:39:31 Count: 3 of 4
Mar 29 21:39:31 f022163 (1 / 1 tries):
Mar 29 21:39:32 f0421499: 23.318971228156806867 FIL (142G free)
Mar 29 21:39:32 Escrow: 0.999999997255 FIL
Mar 29 21:39:32 Locked: 0.33251649052 FIL
Mar 29 21:39:32 Datacap: 4225845166080
Mar 29 21:39:32 ....
Mar 29 21:39:34 Count: 3 of 4
Mar 29 21:39:34 f022142 (1 / 1 tries):
Mar 29 21:39:34 f0421499: 23.318971228156806867 FIL (142G free)
Mar 29 21:39:34 Escrow: 0.999999997255 FIL
Mar 29 21:39:34 Locked: 0.33251649052 FIL
Mar 29 21:39:34 Datacap: 4225845166080
Mar 29 21:39:34 ....
Mar 29 21:39:35 Count: 3 of 4
Mar 29 21:39:35 f08399 (1 / 1 tries):
Mar 29 21:39:36 f0421499: 23.318971228156806867 FIL (142G free)
Mar 29 21:39:37 Escrow: 0.999999997255 FIL
Mar 29 21:39:37 Locked: 0.33251649052 FIL
Mar 29 21:39:37 Datacap: 4225845166080
Mar 29 21:39:38 ....
Mar 29 21:39:39 Count: 3 of 4
Mar 29 21:39:39 f010479 (1 / 1 tries):
Mar 29 21:39:39 f0421499: 23.318971228156806867 FIL (142G free)
Mar 29 21:39:39 Escrow: 0.999999997255 FIL
Mar 29 21:39:39 Locked: 0.33251649052 FIL
Mar 29 21:39:40 Datacap: 4225845166080
Mar 29 21:39:40 ....
Mar 29 21:39:41 Count: 3 of 4
Mar 29 21:39:41 f023971 (1 / 1 tries):
Mar 29 21:39:41 f0421499: 23.318971228156806867 FIL (142G free)
Mar 29 21:39:41 Escrow: 0.999999997255 FIL
Mar 29 21:39:41 Locked: 0.33251649052 FIL
Mar 29 21:39:42 Datacap: 4225845166080
Mar 29 21:39:42 ....
Mar 29 21:39:43 Count: 3 of 4
Mar 29 21:39:43 f010617 (1 / 1 tries):
Mar 29 21:39:43 f0421499: 23.318971228156806867 FIL (142G free)
Mar 29 21:39:43 Escrow: 0.999999997255 FIL
Mar 29 21:39:43 Locked: 0.33251649052 FIL
Mar 29 21:39:43 Datacap: 4225845166080
Mar 29 21:39:43 ....
Mar 29 21:39:45 Count: 3 of 4
Mar 29 21:39:45 f099608 (1 / 1 tries):
Mar 29 21:39:45 f0421499: 23.318971228156806867 FIL (142G free)
Mar 29 21:39:45 Escrow: 0.999999997255 FIL
Mar 29 21:39:45 Locked: 0.33251649052 FIL
Mar 29 21:39:45 Datacap: 4225845166080
Mar 29 21:39:45 ....
Mar 29 21:39:46 Count: 3 of 4
Mar 29 21:39:46 f062353 (1 / 1 tries):
Mar 29 21:39:47 f0421499: 23.318971228156806867 FIL (142G free)
Mar 29 21:39:47 Escrow: 0.999999997255 FIL
Mar 29 21:39:47 Locked: 0.33251649052 FIL
Mar 29 21:39:47 Datacap: 4225845166080
Mar 29 21:39:47 ....
Mar 29 21:39:48 Count: 3 of 4
Mar 29 21:39:48 f02576 (1 / 1 tries):
Mar 29 21:39:49 f0421499: 23.318971228156806867 FIL (142G free)
Mar 29 21:39:49 Escrow: 0.999999997255 FIL
Mar 29 21:39:49 Locked: 0.33251649052 FIL
Mar 29 21:39:49 Datacap: 4225845166080
Mar 29 21:39:49 ....
Mar 29 21:39:50 Count: 3 of 4
Mar 29 21:39:50 f015927 (1 / 1 tries):
Mar 29 21:39:51 f0421499: 23.318971228156806867 FIL (142G free)
Mar 29 21:39:51 Escrow: 0.999999997255 FIL
Mar 29 21:39:51 Locked: 0.33251649052 FIL
Mar 29 21:39:51 Datacap: 4225845166080
Mar 29 21:39:51 ....
Mar 29 21:39:52 Count: 3 of 4
Mar 29 21:39:52 f09848 (1 / 1 tries):
Mar 29 21:39:53 f0421499: 23.318971228156806867 FIL (141G free)
Mar 29 21:39:53 Escrow: 0.999999997255 FIL
Mar 29 21:39:53 Locked: 0.33251649052 FIL
Mar 29 21:39:54 Datacap: 4225845166080
Mar 29 21:39:54 ....
Mar 29 21:39:55 Count: 3 of 4
Mar 29 21:39:55 f019041 (1 / 1 tries):
Mar 29 21:39:56 f0421499: 23.318971228156806867 FIL (141G free)
Mar 29 21:39:56 Escrow: 0.999999997255 FIL
Mar 29 21:39:56 Locked: 0.33251649052 FIL
Mar 29 21:39:57 Datacap: 4225845166080
Mar 29 21:39:57 ....
Mar 29 21:39:58 Count: 3 of 4
Mar 29 21:39:58 f019100 (1 / 1 tries):
Mar 29 21:39:58 Skipping f019100: error-ask
Mar 29 21:39:58 
Mar 29 21:39:59 Count: 3 of 4
Mar 29 21:39:59 f02606 (1 / 1 tries):
Mar 29 21:40:00 f0421499: 23.318971228156806867 FIL (141G free)
Mar 29 21:40:00 Escrow: 0.999999997255 FIL
Mar 29 21:40:00 Locked: 0.33251649052 FIL
Mar 29 21:40:00 Datacap: 4225845166080
Mar 29 21:40:00 ....
Mar 29 21:40:01 Count: 3 of 4
Mar 29 21:40:01 f019362 (1 / 1 tries):
Mar 29 21:40:02 f0421499: 23.318971228156806867 FIL (141G free)
Mar 29 21:40:02 Escrow: 0.999999997255 FIL
Mar 29 21:40:02 Locked: 0.33251649052 FIL
Mar 29 21:40:02 Datacap: 4225845166080
Mar 29 21:40:02 ....
Mar 29 21:40:03 Count: 3 of 4
Mar 29 21:40:03 f019551 (1 / 1 tries):
Mar 29 21:40:04 f0421499: 23.318971228156806867 FIL (141G free)
Mar 29 21:40:04 Escrow: 0.999999997255 FIL
Mar 29 21:40:04 Locked: 0.33251649052 FIL
Mar 29 21:40:04 Datacap: 4225845166080
Mar 29 21:40:04 ....
Mar 29 21:40:05 Count: 3 of 4
Mar 29 21:40:05 f01247 (1 / 1 tries):
Mar 29 21:40:06 f0421499: 23.318971228156806867 FIL (141G free)
Mar 29 21:40:06 Escrow: 0.999999997255 FIL
Mar 29 21:40:06 Locked: 0.33251649052 FIL
Mar 29 21:40:06 Datacap: 4225845166080
Mar 29 21:40:06 ....
Mar 29 21:40:07 Count: 3 of 4
Mar 29 21:40:07 f021716 (1 / 1 tries):
Mar 29 21:40:08 f0421499: 23.318971228156806867 FIL (141G free)
Mar 29 21:40:08 Escrow: 0.999999997255 FIL
Mar 29 21:40:08 Locked: 0.33251649052 FIL
Mar 29 21:40:09 Datacap: 4225845166080
Mar 29 21:40:09 ....
Mar 29 21:40:10 Count: 3 of 4
Mar 29 21:40:10 f014768 (1 / 1 tries):
Mar 29 21:40:11 f0421499: 23.318971228156806867 FIL (141G free)
Mar 29 21:40:11 Escrow: 0.999999997255 FIL
Mar 29 21:40:11 Locked: 0.33251649052 FIL
Mar 29 21:40:11 Datacap: 4225845166080
Mar 29 21:40:11 ....
Mar 29 21:40:12 Count: 3 of 4
Mar 29 21:40:12 f07998 (1 / 1 tries):
Mar 29 21:40:13 f0421499: 23.318971228156806867 FIL (141G free)
Mar 29 21:40:13 Escrow: 0.999999997255 FIL
Mar 29 21:40:13 Locked: 0.33251649052 FIL
Mar 29 21:40:13 Datacap: 4225845166080
Mar 29 21:40:13 ....
Mar 29 21:40:14 Count: 3 of 4
Mar 29 21:40:14 f022352 (1 / 1 tries):
Mar 29 21:40:15 f0421499: 23.318971228156806867 FIL (141G free)
Mar 29 21:40:15 Escrow: 0.999999997255 FIL
Mar 29 21:40:15 Locked: 0.33251649052 FIL
Mar 29 21:40:15 Datacap: 4225845166080
Mar 29 21:40:15 ....
