Mar 30 12:02:09 Count: 3 of 4
Mar 30 12:02:09 f019362 (1 / 1 tries):
Mar 30 12:02:10 f0421499: 23.293832210218907393 FIL (8.9G free)
Mar 30 12:02:10 Escrow: 0.999645757255 FIL
Mar 30 12:02:10 Locked: 0.33249517244 FIL
Mar 30 12:02:10 Datacap: 3160693276672
Mar 30 12:02:11 ....
Mar 30 12:02:12 Count: 3 of 4
Mar 30 12:02:12 f071624 (1 / 1 tries):
Mar 30 12:02:13 f0421499: 23.293832210218907393 FIL (8.9G free)
Mar 30 12:02:13 Escrow: 0.999645757255 FIL
Mar 30 12:02:13 Locked: 0.33249517244 FIL
Mar 30 12:02:13 Datacap: 3160693276672
Mar 30 12:02:14 ....
Mar 30 12:02:15 Count: 3 of 4
Mar 30 12:02:15 f09848 (1 / 1 tries):
Mar 30 12:02:15 f0421499: 23.293832210218907393 FIL (8.9G free)
Mar 30 12:02:16 Escrow: 0.999645757255 FIL
Mar 30 12:02:16 Locked: 0.33249517244 FIL
Mar 30 12:02:16 Datacap: 3160693276672
Mar 30 12:02:16 ....
Mar 30 12:02:17 Count: 3 of 4
Mar 30 12:02:17 f058369 (1 / 1 tries):
Mar 30 12:02:18 f0421499: 23.293832210218907393 FIL (8.9G free)
Mar 30 12:02:18 Escrow: 0.999645757255 FIL
Mar 30 12:02:18 Locked: 0.33249517244 FIL
Mar 30 12:02:19 Datacap: 3160693276672
Mar 30 12:02:19 ....
Mar 30 12:02:20 Count: 3 of 4
Mar 30 12:02:20 f062353 (1 / 1 tries):
Mar 30 12:02:21 f0421499: 23.293832210218907393 FIL (8.9G free)
Mar 30 12:02:21 Escrow: 0.999645757255 FIL
Mar 30 12:02:21 Locked: 0.33249517244 FIL
Mar 30 12:02:21 Datacap: 3160693276672
Mar 30 12:02:22 ....
Mar 30 12:02:23 Count: 3 of 4
Mar 30 12:02:23 f08403 (1 / 1 tries):
Mar 30 12:02:23 f0421499: 23.293832210218907393 FIL (8.9G free)
Mar 30 12:02:23 Escrow: 0.999645757255 FIL
Mar 30 12:02:23 Locked: 0.33249517244 FIL
Mar 30 12:02:24 Datacap: 3160693276672
Mar 30 12:02:24 ....
Mar 30 12:02:25 Count: 3 of 4
Mar 30 12:02:25 f0145874 (1 / 1 tries):
Mar 30 12:02:26 f0421499: 23.293832210218907393 FIL (8.9G free)
Mar 30 12:02:26 Escrow: 0.999645757255 FIL
Mar 30 12:02:26 Locked: 0.33249517244 FIL
Mar 30 12:02:27 Datacap: 3160693276672
Mar 30 12:02:27 ....
Mar 30 12:02:28 Count: 3 of 4
Mar 30 12:02:28 f019041 (1 / 1 tries):
Mar 30 12:02:29 f0421499: 23.293832210218907393 FIL (8.9G free)
Mar 30 12:02:29 Escrow: 0.999645757255 FIL
Mar 30 12:02:29 Locked: 0.33249517244 FIL
Mar 30 12:02:29 Datacap: 3160693276672
Mar 30 12:02:29 ....
Mar 30 12:02:30 Count: 3 of 4
Mar 30 12:02:30 f0165400 (1 / 1 tries):
Mar 30 12:02:31 f0421499: 23.293832210218907393 FIL (8.9G free)
Mar 30 12:02:31 Escrow: 0.999645757255 FIL
Mar 30 12:02:31 Locked: 0.33249517244 FIL
Mar 30 12:02:31 Datacap: 3160693276672
Mar 30 12:02:31 ....
Mar 30 12:02:32 Count: 3 of 4
Mar 30 12:02:32 f014409 (1 / 1 tries):
Mar 30 12:02:33 f0421499: 23.293832210218907393 FIL (8.9G free)
Mar 30 12:02:33 Escrow: 0.999645757255 FIL
Mar 30 12:02:33 Locked: 0.33249517244 FIL
Mar 30 12:02:33 Datacap: 3160693276672
Mar 30 12:02:34 ....
Mar 30 12:02:35 Count: 3 of 4
Mar 30 12:02:35 f010479 (1 / 1 tries):
Mar 30 12:02:35 f0421499: 23.293832210218907393 FIL (8.9G free)
Mar 30 12:02:35 Escrow: 0.999645757255 FIL
Mar 30 12:02:35 Locked: 0.33249517244 FIL
Mar 30 12:02:36 Datacap: 3160693276672
Mar 30 12:02:36 ....
Mar 30 12:02:37 Count: 3 of 4
Mar 30 12:02:37 f023971 (1 / 1 tries):
Mar 30 12:02:37 f0421499: 23.293832210218907393 FIL (8.9G free)
Mar 30 12:02:37 Escrow: 0.999645757255 FIL
Mar 30 12:02:37 Locked: 0.33249517244 FIL
Mar 30 12:02:38 Datacap: 3160693276672
Mar 30 12:02:38 ....
Mar 30 12:02:39 Count: 3 of 4
Mar 30 12:02:39 f022352 (1 / 1 tries):
Mar 30 12:02:40 f0421499: 23.293832210218907393 FIL (8.9G free)
Mar 30 12:02:40 Escrow: 0.999645757255 FIL
Mar 30 12:02:40 Locked: 0.33249517244 FIL
Mar 30 12:02:40 Datacap: 3160693276672
Mar 30 12:02:40 ....
Mar 30 12:02:41 Count: 3 of 4
Mar 30 12:02:41 f01234 (1 / 1 tries):
Mar 30 12:02:42 f0421499: 23.293832210218907393 FIL (8.9G free)
Mar 30 12:02:42 Escrow: 0.999645757255 FIL
Mar 30 12:02:42 Locked: 0.33249517244 FIL
Mar 30 12:02:42 Datacap: 3160693276672
Mar 30 12:02:42 ....
Mar 30 12:02:43 Count: 3 of 4
Mar 30 12:02:43 f014768 (1 / 1 tries):
Mar 30 12:02:44 f0421499: 23.293832210218907393 FIL (8.9G free)
Mar 30 12:02:44 Escrow: 0.999645757255 FIL
Mar 30 12:02:44 Locked: 0.33249517244 FIL
Mar 30 12:02:45 Datacap: 3160693276672
Mar 30 12:02:45 ....
Mar 30 12:02:46 Count: 3 of 4
Mar 30 12:02:46 f019100 (1 / 1 tries):
Mar 30 12:02:47 Skipping f019100: error-ask
Mar 30 12:02:47 
Mar 30 12:02:48 Count: 3 of 4
Mar 30 12:02:48 f02576 (1 / 1 tries):
Mar 30 12:02:48 f0421499: 23.293832210218907393 FIL (8.9G free)
Mar 30 12:02:48 Escrow: 0.999645757255 FIL
Mar 30 12:02:48 Locked: 0.33249517244 FIL
Mar 30 12:02:49 Datacap: 3160693276672
Mar 30 12:02:49 ....
Mar 30 12:02:50 Count: 3 of 4
Mar 30 12:02:50 f015927 (1 / 1 tries):
Mar 30 12:02:51 Skipping f015927: min-ask
Mar 30 12:02:51 
Mar 30 12:02:52 Count: 3 of 4
Mar 30 12:02:52 f01247 (1 / 1 tries):
Mar 30 12:02:52 f0421499: 23.293832210218907393 FIL (8.9G free)
Mar 30 12:02:52 Escrow: 0.999645757255 FIL
Mar 30 12:02:52 Locked: 0.33249517244 FIL
Mar 30 12:02:53 Datacap: 3160693276672
Mar 30 12:02:53 ....
Mar 30 12:02:54 Count: 3 of 4
Mar 30 12:02:54 f02606 (1 / 1 tries):
Mar 30 12:02:54 f0421499: 23.293832210218907393 FIL (8.9G free)
Mar 30 12:02:54 Escrow: 0.999645757255 FIL
Mar 30 12:02:54 Locked: 0.33249517244 FIL
Mar 30 12:02:55 Datacap: 3160693276672
Mar 30 12:02:55 ....
Mar 30 12:02:56 Count: 3 of 4
Mar 30 12:02:56 f021716 (1 / 1 tries):
Mar 30 12:02:57 f0421499: 23.293832210218907393 FIL (8.9G free)
Mar 30 12:02:57 Escrow: 0.999645757255 FIL
Mar 30 12:02:57 Locked: 0.33249517244 FIL
Mar 30 12:02:57 Datacap: 3160693276672
Mar 30 12:02:57 ....
Mar 30 12:02:59 Count: 3 of 4
Mar 30 12:02:59 f01278 (1 / 1 tries):
Mar 30 12:02:59 f0421499: 23.293832210218907393 FIL (8.9G free)
Mar 30 12:02:59 Escrow: 0.999645757255 FIL
Mar 30 12:02:59 Locked: 0.33249517244 FIL
Mar 30 12:02:59 Datacap: 3160693276672
Mar 30 12:03:00 ....
Mar 30 12:03:01 Count: 3 of 4
Mar 30 12:03:01 f019104 (1 / 1 tries):
Mar 30 12:03:01 Skipping f019104: error-ask
Mar 30 12:03:01 
Mar 30 12:03:02 Count: 3 of 4
Mar 30 12:03:02 f07998 (1 / 1 tries):
Mar 30 12:03:03 f0421499: 23.293832210218907393 FIL (8.9G free)
Mar 30 12:03:03 Escrow: 0.999645757255 FIL
Mar 30 12:03:03 Locked: 0.33249517244 FIL
Mar 30 12:03:04 Datacap: 3160693276672
Mar 30 12:03:04 ....
Mar 30 12:03:05 Count: 3 of 4
Mar 30 12:03:05 f01240 (1 / 1 tries):
Mar 30 12:03:06 f0421499: 23.293832210218907393 FIL (8.9G free)
Mar 30 12:03:06 Escrow: 0.999645757255 FIL
Mar 30 12:03:06 Locked: 0.33249517244 FIL
Mar 30 12:03:06 Datacap: 3160693276672
Mar 30 12:03:06 ....
Mar 30 12:03:07 Count: 3 of 4
Mar 30 12:03:07 f022142 (1 / 1 tries):
Mar 30 12:03:08 f0421499: 23.293832210218907393 FIL (8.9G free)
Mar 30 12:03:08 Escrow: 0.999645757255 FIL
Mar 30 12:03:08 Locked: 0.33249517244 FIL
Mar 30 12:03:09 Datacap: 3160693276672
Mar 30 12:03:09 ....
Mar 30 12:03:10 Count: 3 of 4
Mar 30 12:03:10 f08399 (1 / 1 tries):
Mar 30 12:03:11 f0421499: 23.293832210218907393 FIL (8.9G free)
Mar 30 12:03:11 Escrow: 0.999645757255 FIL
Mar 30 12:03:11 Locked: 0.33249517244 FIL
Mar 30 12:03:12 Datacap: 3160693276672
Mar 30 12:03:12 ....
Mar 30 12:03:13 Count: 3 of 4
Mar 30 12:03:13 f0127896 (1 / 1 tries):
Mar 30 12:03:13 Skipping f0127896: min-ask
Mar 30 12:03:13 
Mar 30 12:03:14 Count: 3 of 4
Mar 30 12:03:14 f066596 (1 / 1 tries):
Mar 30 12:03:15 f0421499: 23.293832210218907393 FIL (8.9G free)
Mar 30 12:03:15 Escrow: 0.999645757255 FIL
Mar 30 12:03:15 Locked: 0.33249517244 FIL
Mar 30 12:03:16 Datacap: 3160693276672
Mar 30 12:03:16 ....
Mar 30 12:03:17 Count: 3 of 4
Mar 30 12:03:17 f0157535 (1 / 1 tries):
Mar 30 12:03:18 f0421499: 23.293832210218907393 FIL (8.9G free)
Mar 30 12:03:18 Escrow: 0.999645757255 FIL
Mar 30 12:03:18 Locked: 0.33249517244 FIL
Mar 30 12:03:18 Datacap: 3160693276672
Mar 30 12:03:18 ....
Mar 30 12:03:19 Count: 3 of 4
Mar 30 12:03:19 f022163 (1 / 1 tries):
Mar 30 12:03:20 f0421499: 23.293832210218907393 FIL (8.9G free)
Mar 30 12:03:20 Escrow: 0.999645757255 FIL
Mar 30 12:03:20 Locked: 0.33249517244 FIL
Mar 30 12:03:21 Datacap: 3160693276672
Mar 30 12:03:21 ....
Mar 30 12:03:22 Count: 3 of 4
Mar 30 12:03:22 f01277 (1 / 1 tries):
Mar 30 12:03:22 Skipping f01277: min-ask
Mar 30 12:03:22 
Mar 30 12:03:23 Count: 3 of 4
Mar 30 12:03:23 f099608 (1 / 1 tries):
Mar 30 12:03:24 f0421499: 23.293832210218907393 FIL (8.9G free)
Mar 30 12:03:24 Escrow: 0.999645757255 FIL
Mar 30 12:03:24 Locked: 0.33249517244 FIL
Mar 30 12:03:24 Datacap: 3160693276672
Mar 30 12:03:24 ....
Mar 30 12:03:25 Count: 3 of 4
Mar 30 12:03:25 f023467 (1 / 1 tries):
Mar 30 12:03:26 f0421499: 23.293832210218907393 FIL (8.9G free)
Mar 30 12:03:27 Escrow: 0.999645757255 FIL
Mar 30 12:03:27 Locked: 0.33249517244 FIL
Mar 30 12:03:27 Datacap: 3160693276672
Mar 30 12:03:27 ....
Mar 30 12:03:28 Count: 3 of 4
Mar 30 12:03:28 f019551 (1 / 1 tries):
Mar 30 12:03:29 f0421499: 23.293832210218907393 FIL (8.9G free)
Mar 30 12:03:29 Escrow: 0.999645757255 FIL
Mar 30 12:03:29 Locked: 0.33249517244 FIL
Mar 30 12:03:30 Datacap: 3160693276672
Mar 30 12:03:30 ....
Mar 30 12:03:31 Count: 3 of 4
Mar 30 12:03:31 f010617 (1 / 1 tries):
Mar 30 12:03:32 f0421499: 23.293832210218907393 FIL (8.9G free)
Mar 30 12:03:32 Escrow: 0.999645757255 FIL
Mar 30 12:03:32 Locked: 0.33249517244 FIL
Mar 30 12:03:32 Datacap: 3160693276672
Mar 30 12:03:32 ....
