Mar 30 07:44:45 Count: 3 of 4
Mar 30 07:44:45 f021716 (1 / 1 tries):
Mar 30 07:44:46 f0421499: 23.293832210218907393 FIL (9.7G free)
Mar 30 07:44:46 Escrow: 0.999645757255 FIL
Mar 30 07:44:46 Locked: 0.33249517244 FIL
Mar 30 07:44:46 Datacap: 3160693276672
Mar 30 07:44:46 ....
Mar 30 07:44:47 Count: 3 of 4
Mar 30 07:44:47 f023971 (1 / 1 tries):
Mar 30 07:44:48 f0421499: 23.293832210218907393 FIL (9.7G free)
Mar 30 07:44:48 Escrow: 0.999645757255 FIL
Mar 30 07:44:48 Locked: 0.33249517244 FIL
Mar 30 07:44:48 Datacap: 3160693276672
Mar 30 07:44:49 ....
Mar 30 07:44:50 Count: 3 of 4
Mar 30 07:44:50 f023467 (1 / 1 tries):
Mar 30 07:44:50 f0421499: 23.293832210218907393 FIL (9.7G free)
Mar 30 07:44:50 Escrow: 0.999645757255 FIL
Mar 30 07:44:50 Locked: 0.33249517244 FIL
Mar 30 07:44:51 Datacap: 3160693276672
Mar 30 07:44:51 ....
Mar 30 07:44:52 Count: 3 of 4
Mar 30 07:44:52 f02576 (1 / 1 tries):
Mar 30 07:44:52 f0421499: 23.293832210218907393 FIL (9.7G free)
Mar 30 07:44:52 Escrow: 0.999645757255 FIL
Mar 30 07:44:52 Locked: 0.33249517244 FIL
Mar 30 07:44:53 Datacap: 3160693276672
Mar 30 07:44:53 ....
Mar 30 07:44:54 Count: 3 of 4
Mar 30 07:44:54 f066596 (1 / 1 tries):
Mar 30 07:44:55 f0421499: 23.293832210218907393 FIL (9.7G free)
Mar 30 07:44:55 Escrow: 0.999645757255 FIL
Mar 30 07:44:55 Locked: 0.33249517244 FIL
Mar 30 07:44:55 Datacap: 3160693276672
Mar 30 07:44:56 ....
Mar 30 07:44:57 Count: 3 of 4
Mar 30 07:44:57 f09848 (1 / 1 tries):
Mar 30 07:44:57 f0421499: 23.293832210218907393 FIL (9.7G free)
Mar 30 07:44:58 Escrow: 0.999645757255 FIL
Mar 30 07:44:58 Locked: 0.33249517244 FIL
Mar 30 07:44:58 Datacap: 3160693276672
Mar 30 07:44:58 ....
Mar 30 07:44:59 Count: 3 of 4
Mar 30 07:44:59 f08403 (1 / 1 tries):
Mar 30 07:45:00 f0421499: 23.293832210218907393 FIL (9.7G free)
Mar 30 07:45:00 Escrow: 0.999645757255 FIL
Mar 30 07:45:00 Locked: 0.33249517244 FIL
Mar 30 07:45:00 Datacap: 3160693276672
Mar 30 07:45:00 ....
Mar 30 07:45:02 Count: 3 of 4
Mar 30 07:45:02 f010617 (1 / 1 tries):
Mar 30 07:45:02 f0421499: 23.293832210218907393 FIL (9.7G free)
Mar 30 07:45:03 Escrow: 0.999645757255 FIL
Mar 30 07:45:03 Locked: 0.33249517244 FIL
Mar 30 07:45:03 Datacap: 3160693276672
Mar 30 07:45:03 ....
Mar 30 07:45:04 Count: 3 of 4
Mar 30 07:45:04 f099608 (1 / 1 tries):
Mar 30 07:45:05 f0421499: 23.293832210218907393 FIL (9.7G free)
Mar 30 07:45:05 Escrow: 0.999645757255 FIL
Mar 30 07:45:05 Locked: 0.33249517244 FIL
Mar 30 07:45:05 Datacap: 3160693276672
Mar 30 07:45:05 ....
Mar 30 07:45:06 Count: 3 of 4
Mar 30 07:45:06 f02606 (1 / 1 tries):
Mar 30 07:45:07 f0421499: 23.293832210218907393 FIL (9.7G free)
Mar 30 07:45:07 Escrow: 0.999645757255 FIL
Mar 30 07:45:07 Locked: 0.33249517244 FIL
Mar 30 07:45:08 Datacap: 3160693276672
Mar 30 07:45:09 ....
Mar 30 07:45:10 Count: 3 of 4
Mar 30 07:45:10 f071624 (1 / 1 tries):
Mar 30 07:45:10 f0421499: 23.293832210218907393 FIL (9.7G free)
Mar 30 07:45:10 Escrow: 0.999645757255 FIL
Mar 30 07:45:10 Locked: 0.33249517244 FIL
Mar 30 07:45:11 Datacap: 3160693276672
Mar 30 07:45:11 ....
Mar 30 07:45:12 Count: 3 of 4
Mar 30 07:45:12 f07998 (1 / 1 tries):
Mar 30 07:45:13 f0421499: 23.293832210218907393 FIL (9.7G free)
Mar 30 07:45:13 Escrow: 0.999645757255 FIL
Mar 30 07:45:13 Locked: 0.33249517244 FIL
Mar 30 07:45:13 Datacap: 3160693276672
Mar 30 07:45:13 ....
Mar 30 07:45:14 Count: 3 of 4
Mar 30 07:45:14 f010479 (1 / 1 tries):
Mar 30 07:45:15 f0421499: 23.293832210218907393 FIL (9.7G free)
Mar 30 07:45:15 Escrow: 0.999645757255 FIL
Mar 30 07:45:15 Locked: 0.33249517244 FIL
Mar 30 07:45:16 Datacap: 3160693276672
Mar 30 07:45:16 ....
Mar 30 07:45:17 Count: 3 of 4
Mar 30 07:45:17 f014768 (1 / 1 tries):
Mar 30 07:45:18 f0421499: 23.293832210218907393 FIL (9.7G free)
Mar 30 07:45:18 Escrow: 0.999645757255 FIL
Mar 30 07:45:18 Locked: 0.33249517244 FIL
Mar 30 07:45:18 Datacap: 3160693276672
Mar 30 07:45:18 ....
Mar 30 07:45:19 Count: 3 of 4
Mar 30 07:45:19 f022142 (1 / 1 tries):
Mar 30 07:45:20 f0421499: 23.293832210218907393 FIL (9.7G free)
Mar 30 07:45:21 Escrow: 0.999645757255 FIL
Mar 30 07:45:21 Locked: 0.33249517244 FIL
Mar 30 07:45:21 Datacap: 3160693276672
Mar 30 07:45:21 ....
Mar 30 07:45:22 Count: 3 of 4
Mar 30 07:45:22 f0165400 (1 / 1 tries):
Mar 30 07:45:23 f0421499: 23.293832210218907393 FIL (9.7G free)
Mar 30 07:45:23 Escrow: 0.999645757255 FIL
Mar 30 07:45:23 Locked: 0.33249517244 FIL
Mar 30 07:45:24 Datacap: 3160693276672
Mar 30 07:45:24 ....
Mar 30 07:45:25 Count: 3 of 4
Mar 30 07:45:25 f058369 (1 / 1 tries):
Mar 30 07:45:25 f0421499: 23.293832210218907393 FIL (9.7G free)
Mar 30 07:45:26 Escrow: 0.999645757255 FIL
Mar 30 07:45:26 Locked: 0.33249517244 FIL
Mar 30 07:45:26 Datacap: 3160693276672
Mar 30 07:45:26 ....
Mar 30 07:45:27 Count: 3 of 4
Mar 30 07:45:27 f0157535 (1 / 1 tries):
Mar 30 07:45:28 f0421499: 23.293832210218907393 FIL (9.7G free)
Mar 30 07:45:28 Escrow: 0.999645757255 FIL
Mar 30 07:45:28 Locked: 0.33249517244 FIL
Mar 30 07:45:29 Datacap: 3160693276672
Mar 30 07:45:29 ....
Mar 30 07:45:30 Count: 3 of 4
Mar 30 07:45:30 f01277 (1 / 1 tries):
Mar 30 07:45:30 Skipping f01277: min-ask
Mar 30 07:45:30 
Mar 30 07:45:31 Count: 3 of 4
Mar 30 07:45:31 f022163 (1 / 1 tries):
Mar 30 07:45:32 f0421499: 23.293832210218907393 FIL (9.7G free)
Mar 30 07:45:32 Escrow: 0.999645757255 FIL
Mar 30 07:45:32 Locked: 0.33249517244 FIL
Mar 30 07:45:32 Datacap: 3160693276672
Mar 30 07:45:32 ....
Mar 30 07:45:33 Count: 3 of 4
Mar 30 07:45:33 f0127896 (1 / 1 tries):
Mar 30 07:45:34 Skipping f0127896: min-ask
Mar 30 07:45:34 
Mar 30 07:45:35 Count: 3 of 4
Mar 30 07:45:35 f08399 (1 / 1 tries):
Mar 30 07:45:36 f0421499: 23.293832210218907393 FIL (9.7G free)
Mar 30 07:45:36 Escrow: 0.999645757255 FIL
Mar 30 07:45:36 Locked: 0.33249517244 FIL
Mar 30 07:45:36 Datacap: 3160693276672
Mar 30 07:45:36 ....
Mar 30 07:45:37 Count: 3 of 4
Mar 30 07:45:37 f01247 (1 / 1 tries):
Mar 30 07:45:38 f0421499: 23.293832210218907393 FIL (9.7G free)
Mar 30 07:45:38 Escrow: 0.999645757255 FIL
Mar 30 07:45:38 Locked: 0.33249517244 FIL
Mar 30 07:45:38 Datacap: 3160693276672
Mar 30 07:45:38 ....
Mar 30 07:45:39 Count: 3 of 4
Mar 30 07:45:39 f01278 (1 / 1 tries):
Mar 30 07:45:40 f0421499: 23.293832210218907393 FIL (9.7G free)
Mar 30 07:45:41 Escrow: 0.999645757255 FIL
Mar 30 07:45:41 Locked: 0.33249517244 FIL
Mar 30 07:45:41 Datacap: 3160693276672
Mar 30 07:45:41 ....
Mar 30 07:45:42 Count: 3 of 4
Mar 30 07:45:42 f019551 (1 / 1 tries):
Mar 30 07:45:43 f0421499: 23.293832210218907393 FIL (9.7G free)
Mar 30 07:45:43 Escrow: 0.999645757255 FIL
Mar 30 07:45:43 Locked: 0.33249517244 FIL
Mar 30 07:45:44 Datacap: 3160693276672
Mar 30 07:45:44 ....
Mar 30 07:45:45 Count: 3 of 4
Mar 30 07:45:45 f014409 (1 / 1 tries):
Mar 30 07:45:45 f0421499: 23.293832210218907393 FIL (9.7G free)
Mar 30 07:45:46 Escrow: 0.999645757255 FIL
Mar 30 07:45:46 Locked: 0.33249517244 FIL
Mar 30 07:45:46 Datacap: 3160693276672
Mar 30 07:45:46 ....
Mar 30 07:45:47 Count: 3 of 4
Mar 30 07:45:47 f01234 (1 / 1 tries):
Mar 30 07:45:48 f0421499: 23.293832210218907393 FIL (9.7G free)
Mar 30 07:45:48 Escrow: 0.999645757255 FIL
Mar 30 07:45:48 Locked: 0.33249517244 FIL
Mar 30 07:45:49 Datacap: 3160693276672
Mar 30 07:45:49 ....
Mar 30 07:45:50 Count: 3 of 4
Mar 30 07:45:50 f062353 (1 / 1 tries):
Mar 30 07:45:51 f0421499: 23.293832210218907393 FIL (9.7G free)
Mar 30 07:45:51 Escrow: 0.999645757255 FIL
Mar 30 07:45:51 Locked: 0.33249517244 FIL
Mar 30 07:45:51 Datacap: 3160693276672
Mar 30 07:45:51 ....
Mar 30 07:45:52 Count: 3 of 4
Mar 30 07:45:52 f0145874 (1 / 1 tries):
Mar 30 07:45:53 f0421499: 23.293832210218907393 FIL (9.7G free)
Mar 30 07:45:54 Escrow: 0.999645757255 FIL
Mar 30 07:45:54 Locked: 0.33249517244 FIL
Mar 30 07:45:54 Datacap: 3160693276672
Mar 30 07:45:54 ....
Mar 30 07:45:55 Count: 3 of 4
Mar 30 07:45:55 f022352 (1 / 1 tries):
Mar 30 07:45:56 f0421499: 23.293832210218907393 FIL (9.7G free)
Mar 30 07:45:56 Escrow: 0.999645757255 FIL
Mar 30 07:45:56 Locked: 0.33249517244 FIL
Mar 30 07:45:56 Datacap: 3160693276672
Mar 30 07:45:57 ....
Mar 30 07:45:58 Count: 3 of 4
Mar 30 07:45:58 f015927 (1 / 1 tries):
Mar 30 07:45:58 Skipping f015927: min-ask
Mar 30 07:45:58 
Mar 30 07:45:59 Count: 3 of 4
Mar 30 07:45:59 f019104 (1 / 1 tries):
Mar 30 07:46:00 Skipping f019104: error-ask
Mar 30 07:46:00 
Mar 30 07:46:01 Count: 3 of 4
Mar 30 07:46:01 f019041 (1 / 1 tries):
Mar 30 07:46:02 f0421499: 23.293832210218907393 FIL (9.7G free)
Mar 30 07:46:02 Escrow: 0.999645757255 FIL
Mar 30 07:46:02 Locked: 0.33249517244 FIL
Mar 30 07:46:02 Datacap: 3160693276672
Mar 30 07:46:02 ....
Mar 30 07:46:03 Count: 3 of 4
Mar 30 07:46:03 f019100 (1 / 1 tries):
Mar 30 07:46:04 Skipping f019100: error-ask
Mar 30 07:46:04 
Mar 30 07:46:05 Count: 3 of 4
Mar 30 07:46:05 f01240 (1 / 1 tries):
Mar 30 07:46:06 f0421499: 23.293832210218907393 FIL (9.7G free)
Mar 30 07:46:06 Escrow: 0.999645757255 FIL
Mar 30 07:46:06 Locked: 0.33249517244 FIL
Mar 30 07:46:06 Datacap: 3160693276672
Mar 30 07:46:07 ....
Mar 30 07:46:08 Count: 3 of 4
Mar 30 07:46:08 f019362 (1 / 1 tries):
Mar 30 07:46:08 f0421499: 23.293832210218907393 FIL (9.7G free)
Mar 30 07:46:08 Escrow: 0.999645757255 FIL
Mar 30 07:46:08 Locked: 0.33249517244 FIL
Mar 30 07:46:09 Datacap: 3160693276672
Mar 30 07:46:09 ....
