Mar 30 16:46:09 Count: 3 of 4
Mar 30 16:46:09 f019100 (1 / 1 tries):
Mar 30 16:46:09 Skipping f019100: error-ask
Mar 30 16:46:09 
Mar 30 16:46:10 Count: 3 of 4
Mar 30 16:46:10 f01277 (1 / 1 tries):
Mar 30 16:46:11 Skipping f01277: min-ask
Mar 30 16:46:11 
Mar 30 16:46:12 Count: 3 of 4
Mar 30 16:46:12 f09848 (1 / 1 tries):
Mar 30 16:46:12 f0421499: 23.293832210218907393 FIL (8.0G free)
Mar 30 16:46:12 Escrow: 0.999645757255 FIL
Mar 30 16:46:12 Locked: 0.33249517244 FIL
Mar 30 16:46:13 Datacap: 3160693276672
Mar 30 16:46:13 ....
Mar 30 16:46:14 Count: 3 of 4
Mar 30 16:46:14 f023467 (1 / 1 tries):
Mar 30 16:46:14 f0421499: 23.293832210218907393 FIL (8.0G free)
Mar 30 16:46:15 Escrow: 0.999645757255 FIL
Mar 30 16:46:15 Locked: 0.33249517244 FIL
Mar 30 16:46:15 Datacap: 3160693276672
Mar 30 16:46:15 ....
Mar 30 16:46:16 Count: 3 of 4
Mar 30 16:46:16 f08403 (1 / 1 tries):
Mar 30 16:46:17 f0421499: 23.293832210218907393 FIL (8.0G free)
Mar 30 16:46:17 Escrow: 0.999645757255 FIL
Mar 30 16:46:17 Locked: 0.33249517244 FIL
Mar 30 16:46:18 Datacap: 3160693276672
Mar 30 16:46:18 ....
Mar 30 16:46:19 Count: 3 of 4
Mar 30 16:46:19 f019362 (1 / 1 tries):
Mar 30 16:46:20 f0421499: 23.293832210218907393 FIL (8.0G free)
Mar 30 16:46:20 Escrow: 0.999645757255 FIL
Mar 30 16:46:20 Locked: 0.33249517244 FIL
Mar 30 16:46:20 Datacap: 3160693276672
Mar 30 16:46:20 ....
Mar 30 16:46:21 Count: 3 of 4
Mar 30 16:46:21 f0165400 (1 / 1 tries):
Mar 30 16:46:22 f0421499: 23.293832210218907393 FIL (8.0G free)
Mar 30 16:46:22 Escrow: 0.999645757255 FIL
Mar 30 16:46:22 Locked: 0.33249517244 FIL
Mar 30 16:46:23 Datacap: 3160693276672
Mar 30 16:46:23 ....
Mar 30 16:46:24 Count: 3 of 4
Mar 30 16:46:24 f010479 (1 / 1 tries):
Mar 30 16:46:25 f0421499: 23.293832210218907393 FIL (8.0G free)
Mar 30 16:46:25 Escrow: 0.999645757255 FIL
Mar 30 16:46:25 Locked: 0.33249517244 FIL
Mar 30 16:46:25 Datacap: 3160693276672
Mar 30 16:46:25 ....
Mar 30 16:46:26 Count: 3 of 4
Mar 30 16:46:26 f08399 (1 / 1 tries):
Mar 30 16:46:27 f0421499: 23.293832210218907393 FIL (8.0G free)
Mar 30 16:46:27 Escrow: 0.999645757255 FIL
Mar 30 16:46:27 Locked: 0.33249517244 FIL
Mar 30 16:46:27 Datacap: 3160693276672
Mar 30 16:46:28 ....
Mar 30 16:46:29 Count: 3 of 4
Mar 30 16:46:29 f0145874 (1 / 1 tries):
Mar 30 16:46:29 f0421499: 23.293832210218907393 FIL (8.0G free)
Mar 30 16:46:29 Escrow: 0.999645757255 FIL
Mar 30 16:46:29 Locked: 0.33249517244 FIL
Mar 30 16:46:30 Datacap: 3160693276672
Mar 30 16:46:30 ....
Mar 30 16:46:31 Count: 3 of 4
Mar 30 16:46:31 f010617 (1 / 1 tries):
Mar 30 16:46:31 f0421499: 23.293832210218907393 FIL (8.0G free)
Mar 30 16:46:32 Escrow: 0.999645757255 FIL
Mar 30 16:46:32 Locked: 0.33249517244 FIL
Mar 30 16:46:32 Datacap: 3160693276672
Mar 30 16:46:32 ....
Mar 30 16:46:33 Count: 3 of 4
Mar 30 16:46:33 f015927 (1 / 1 tries):
Mar 30 16:46:34 Skipping f015927: min-ask
Mar 30 16:46:34 
Mar 30 16:46:35 Count: 3 of 4
Mar 30 16:46:35 f062353 (1 / 1 tries):
Mar 30 16:46:36 f0421499: 23.293832210218907393 FIL (8.0G free)
Mar 30 16:46:36 Escrow: 0.999645757255 FIL
Mar 30 16:46:36 Locked: 0.33249517244 FIL
Mar 30 16:46:36 Datacap: 3160693276672
Mar 30 16:46:37 ....
Mar 30 16:46:38 Count: 3 of 4
Mar 30 16:46:38 f066596 (1 / 1 tries):
Mar 30 16:46:38 f0421499: 23.293832210218907393 FIL (8.0G free)
Mar 30 16:46:39 Escrow: 0.999645757255 FIL
Mar 30 16:46:39 Locked: 0.33249517244 FIL
Mar 30 16:46:39 Datacap: 3160693276672
Mar 30 16:46:39 ....
Mar 30 16:46:40 Count: 3 of 4
Mar 30 16:46:40 f058369 (1 / 1 tries):
Mar 30 16:46:41 f0421499: 23.293832210218907393 FIL (8.0G free)
Mar 30 16:46:41 Escrow: 0.999645757255 FIL
Mar 30 16:46:41 Locked: 0.33249517244 FIL
Mar 30 16:46:42 Datacap: 3160693276672
Mar 30 16:46:42 ....
Mar 30 16:46:43 Count: 3 of 4
Mar 30 16:46:43 f01240 (1 / 1 tries):
Mar 30 16:46:43 f0421499: 23.293832210218907393 FIL (8.0G free)
Mar 30 16:46:44 Escrow: 0.999645757255 FIL
Mar 30 16:46:44 Locked: 0.33249517244 FIL
Mar 30 16:46:44 Datacap: 3160693276672
Mar 30 16:46:44 ....
Mar 30 16:46:45 Count: 3 of 4
Mar 30 16:46:45 f01278 (1 / 1 tries):
Mar 30 16:46:46 f0421499: 23.293832210218907393 FIL (8.0G free)
Mar 30 16:46:46 Escrow: 0.999645757255 FIL
Mar 30 16:46:46 Locked: 0.33249517244 FIL
Mar 30 16:46:46 Datacap: 3160693276672
Mar 30 16:46:47 ....
Mar 30 16:46:48 Count: 3 of 4
Mar 30 16:46:48 f021716 (1 / 1 tries):
Mar 30 16:46:48 f0421499: 23.293832210218907393 FIL (8.0G free)
Mar 30 16:46:48 Escrow: 0.999645757255 FIL
Mar 30 16:46:48 Locked: 0.33249517244 FIL
Mar 30 16:46:49 Datacap: 3160693276672
Mar 30 16:46:49 ....
Mar 30 16:46:50 Count: 3 of 4
Mar 30 16:46:50 f01247 (1 / 1 tries):
Mar 30 16:46:50 f0421499: 23.293832210218907393 FIL (8.0G free)
Mar 30 16:46:51 Escrow: 0.999645757255 FIL
Mar 30 16:46:51 Locked: 0.33249517244 FIL
Mar 30 16:46:51 Datacap: 3160693276672
Mar 30 16:46:51 ....
Mar 30 16:46:52 Count: 3 of 4
Mar 30 16:46:52 f02606 (1 / 1 tries):
Mar 30 16:46:53 f0421499: 23.293832210218907393 FIL (8.0G free)
Mar 30 16:46:53 Escrow: 0.999645757255 FIL
Mar 30 16:46:53 Locked: 0.33249517244 FIL
Mar 30 16:46:53 Datacap: 3160693276672
Mar 30 16:46:53 ....
Mar 30 16:46:54 Count: 3 of 4
Mar 30 16:46:54 f0127896 (1 / 1 tries):
Mar 30 16:46:55 Skipping f0127896: min-ask
Mar 30 16:46:55 
Mar 30 16:46:56 Count: 3 of 4
Mar 30 16:46:56 f019041 (1 / 1 tries):
Mar 30 16:46:57 f0421499: 23.293832210218907393 FIL (8.0G free)
Mar 30 16:46:57 Escrow: 0.999645757255 FIL
Mar 30 16:46:57 Locked: 0.33249517244 FIL
Mar 30 16:46:58 Datacap: 3160693276672
Mar 30 16:46:58 ....
Mar 30 16:46:59 Count: 3 of 4
Mar 30 16:46:59 f071624 (1 / 1 tries):
Mar 30 16:46:59 f0421499: 23.293832210218907393 FIL (8.0G free)
Mar 30 16:47:00 Escrow: 0.999645757255 FIL
Mar 30 16:47:00 Locked: 0.33249517244 FIL
Mar 30 16:47:00 Datacap: 3160693276672
Mar 30 16:47:00 ....
Mar 30 16:47:01 Count: 3 of 4
Mar 30 16:47:01 f02576 (1 / 1 tries):
Mar 30 16:47:02 f0421499: 23.293832210218907393 FIL (8.0G free)
Mar 30 16:47:02 Escrow: 0.999645757255 FIL
Mar 30 16:47:02 Locked: 0.33249517244 FIL
Mar 30 16:47:02 Datacap: 3160693276672
Mar 30 16:47:02 ....
Mar 30 16:47:03 Count: 3 of 4
Mar 30 16:47:03 f022163 (1 / 1 tries):
Mar 30 16:47:04 f0421499: 23.293832210218907393 FIL (8.0G free)
Mar 30 16:47:04 Escrow: 0.999645757255 FIL
Mar 30 16:47:04 Locked: 0.33249517244 FIL
Mar 30 16:47:05 Datacap: 3160693276672
Mar 30 16:47:05 ....
Mar 30 16:47:06 Count: 3 of 4
Mar 30 16:47:06 f099608 (1 / 1 tries):
Mar 30 16:47:06 f0421499: 23.293832210218907393 FIL (8.0G free)
Mar 30 16:47:07 Escrow: 0.999645757255 FIL
Mar 30 16:47:07 Locked: 0.33249517244 FIL
Mar 30 16:47:07 Datacap: 3160693276672
Mar 30 16:47:07 ....
Mar 30 16:47:08 Count: 3 of 4
Mar 30 16:47:08 f019551 (1 / 1 tries):
Mar 30 16:47:09 f0421499: 23.293832210218907393 FIL (8.0G free)
Mar 30 16:47:09 Escrow: 0.999645757255 FIL
Mar 30 16:47:09 Locked: 0.33249517244 FIL
Mar 30 16:47:09 Datacap: 3160693276672
Mar 30 16:47:10 ....
Mar 30 16:47:11 Count: 3 of 4
Mar 30 16:47:11 f014409 (1 / 1 tries):
Mar 30 16:47:11 f0421499: 23.293832210218907393 FIL (8.0G free)
Mar 30 16:47:11 Escrow: 0.999645757255 FIL
Mar 30 16:47:11 Locked: 0.33249517244 FIL
Mar 30 16:47:12 Datacap: 3160693276672
Mar 30 16:47:12 ....
Mar 30 16:47:13 Count: 3 of 4
Mar 30 16:47:13 f019104 (1 / 1 tries):
Mar 30 16:47:13 Skipping f019104: error-ask
Mar 30 16:47:13 
Mar 30 16:47:14 Count: 3 of 4
Mar 30 16:47:14 f022142 (1 / 1 tries):
Mar 30 16:47:15 f0421499: 23.293832210218907393 FIL (8.0G free)
Mar 30 16:47:15 Escrow: 0.999645757255 FIL
Mar 30 16:47:15 Locked: 0.33249517244 FIL
Mar 30 16:47:16 Datacap: 3160693276672
Mar 30 16:47:16 ....
Mar 30 16:47:17 Count: 3 of 4
Mar 30 16:47:17 f022352 (1 / 1 tries):
Mar 30 16:47:17 f0421499: 23.293832210218907393 FIL (8.0G free)
Mar 30 16:47:18 Escrow: 0.999645757255 FIL
Mar 30 16:47:18 Locked: 0.33249517244 FIL
Mar 30 16:47:18 Datacap: 3160693276672
Mar 30 16:47:18 ....
Mar 30 16:47:19 Count: 3 of 4
Mar 30 16:47:19 f07998 (1 / 1 tries):
Mar 30 16:47:20 f0421499: 23.293832210218907393 FIL (8.0G free)
Mar 30 16:47:20 Escrow: 0.999645757255 FIL
Mar 30 16:47:20 Locked: 0.33249517244 FIL
Mar 30 16:47:20 Datacap: 3160693276672
Mar 30 16:47:20 ....
Mar 30 16:47:21 Count: 3 of 4
Mar 30 16:47:21 f023971 (1 / 1 tries):
Mar 30 16:47:22 f0421499: 23.293832210218907393 FIL (8.0G free)
Mar 30 16:47:22 Escrow: 0.999645757255 FIL
Mar 30 16:47:22 Locked: 0.33249517244 FIL
Mar 30 16:47:23 Datacap: 3160693276672
Mar 30 16:47:23 ....
Mar 30 16:47:24 Count: 3 of 4
Mar 30 16:47:24 f014768 (1 / 1 tries):
Mar 30 16:47:24 f0421499: 23.293832210218907393 FIL (8.0G free)
Mar 30 16:47:24 Escrow: 0.999645757255 FIL
Mar 30 16:47:24 Locked: 0.33249517244 FIL
Mar 30 16:47:25 Datacap: 3160693276672
Mar 30 16:47:25 ....
Mar 30 16:47:26 Count: 3 of 4
Mar 30 16:47:26 f01234 (1 / 1 tries):
Mar 30 16:47:26 f0421499: 23.293832210218907393 FIL (8.0G free)
Mar 30 16:47:26 Escrow: 0.999645757255 FIL
Mar 30 16:47:26 Locked: 0.33249517244 FIL
Mar 30 16:47:27 Datacap: 3160693276672
Mar 30 16:47:27 ....
Mar 30 16:47:28 Count: 3 of 4
Mar 30 16:47:28 f0157535 (1 / 1 tries):
Mar 30 16:47:28 f0421499: 23.293832210218907393 FIL (8.0G free)
Mar 30 16:47:28 Escrow: 0.999645757255 FIL
Mar 30 16:47:28 Locked: 0.33249517244 FIL
Mar 30 16:47:29 Datacap: 3160693276672
Mar 30 16:47:29 ....
