Mar 30 11:29:25 Count: 3 of 4
Mar 30 11:29:25 f07998 (1 / 1 tries):
Mar 30 11:29:25 f0421499: 23.293832210218907393 FIL (9.0G free)
Mar 30 11:29:26 Escrow: 0.999645757255 FIL
Mar 30 11:29:26 Locked: 0.33249517244 FIL
Mar 30 11:29:26 Datacap: 3160693276672
Mar 30 11:29:26 ....
Mar 30 11:29:27 Count: 3 of 4
Mar 30 11:29:27 f0165400 (1 / 1 tries):
Mar 30 11:29:27 f0421499: 23.293832210218907393 FIL (9.0G free)
Mar 30 11:29:28 Escrow: 0.999645757255 FIL
Mar 30 11:29:28 Locked: 0.33249517244 FIL
Mar 30 11:29:28 Datacap: 3160693276672
Mar 30 11:29:28 ....
Mar 30 11:29:29 Count: 3 of 4
Mar 30 11:29:29 f01247 (1 / 1 tries):
Mar 30 11:29:30 f0421499: 23.293832210218907393 FIL (9.0G free)
Mar 30 11:29:30 Escrow: 0.999645757255 FIL
Mar 30 11:29:30 Locked: 0.33249517244 FIL
Mar 30 11:29:31 Datacap: 3160693276672
Mar 30 11:29:31 ....
Mar 30 11:29:32 Count: 3 of 4
Mar 30 11:29:32 f01234 (1 / 1 tries):
Mar 30 11:29:32 f0421499: 23.293832210218907393 FIL (9.0G free)
Mar 30 11:29:33 Escrow: 0.999645757255 FIL
Mar 30 11:29:33 Locked: 0.33249517244 FIL
Mar 30 11:29:33 Datacap: 3160693276672
Mar 30 11:29:33 ....
Mar 30 11:29:34 Count: 3 of 4
Mar 30 11:29:34 f062353 (1 / 1 tries):
Mar 30 11:29:35 f0421499: 23.293832210218907393 FIL (9.0G free)
Mar 30 11:29:35 Escrow: 0.999645757255 FIL
Mar 30 11:29:35 Locked: 0.33249517244 FIL
Mar 30 11:29:36 Datacap: 3160693276672
Mar 30 11:29:36 ....
Mar 30 11:29:37 Count: 3 of 4
Mar 30 11:29:37 f09848 (1 / 1 tries):
Mar 30 11:29:37 f0421499: 23.293832210218907393 FIL (9.0G free)
Mar 30 11:29:37 Escrow: 0.999645757255 FIL
Mar 30 11:29:37 Locked: 0.33249517244 FIL
Mar 30 11:29:37 Datacap: 3160693276672
Mar 30 11:29:37 ....
Mar 30 11:29:38 Count: 3 of 4
Mar 30 11:29:38 f08403 (1 / 1 tries):
Mar 30 11:29:39 f0421499: 23.293832210218907393 FIL (9.0G free)
Mar 30 11:29:39 Escrow: 0.999645757255 FIL
Mar 30 11:29:39 Locked: 0.33249517244 FIL
Mar 30 11:29:39 Datacap: 3160693276672
Mar 30 11:29:39 ....
Mar 30 11:29:40 Count: 3 of 4
Mar 30 11:29:40 f058369 (1 / 1 tries):
Mar 30 11:29:41 f0421499: 23.293832210218907393 FIL (9.0G free)
Mar 30 11:29:41 Escrow: 0.999645757255 FIL
Mar 30 11:29:41 Locked: 0.33249517244 FIL
Mar 30 11:29:42 Datacap: 3160693276672
Mar 30 11:29:42 ....
Mar 30 11:29:43 Count: 3 of 4
Mar 30 11:29:43 f022163 (1 / 1 tries):
Mar 30 11:29:43 f0421499: 23.293832210218907393 FIL (9.0G free)
Mar 30 11:29:43 Escrow: 0.999645757255 FIL
Mar 30 11:29:43 Locked: 0.33249517244 FIL
Mar 30 11:29:44 Datacap: 3160693276672
Mar 30 11:29:44 ....
Mar 30 11:29:45 Count: 3 of 4
Mar 30 11:29:45 f023467 (1 / 1 tries):
Mar 30 11:29:45 f0421499: 23.293832210218907393 FIL (9.0G free)
Mar 30 11:29:45 Escrow: 0.999645757255 FIL
Mar 30 11:29:45 Locked: 0.33249517244 FIL
Mar 30 11:29:45 Datacap: 3160693276672
Mar 30 11:29:46 ....
Mar 30 11:29:47 Count: 3 of 4
Mar 30 11:29:47 f010479 (1 / 1 tries):
Mar 30 11:29:47 f0421499: 23.293832210218907393 FIL (9.0G free)
Mar 30 11:29:47 Escrow: 0.999645757255 FIL
Mar 30 11:29:47 Locked: 0.33249517244 FIL
Mar 30 11:29:48 Datacap: 3160693276672
Mar 30 11:29:48 ....
Mar 30 11:29:49 Count: 3 of 4
Mar 30 11:29:49 f022142 (1 / 1 tries):
Mar 30 11:29:50 f0421499: 23.293832210218907393 FIL (9.0G free)
Mar 30 11:29:50 Escrow: 0.999645757255 FIL
Mar 30 11:29:50 Locked: 0.33249517244 FIL
Mar 30 11:29:50 Datacap: 3160693276672
Mar 30 11:29:50 ....
Mar 30 11:29:51 Count: 3 of 4
Mar 30 11:29:51 f099608 (1 / 1 tries):
Mar 30 11:29:52 f0421499: 23.293832210218907393 FIL (9.0G free)
Mar 30 11:29:52 Escrow: 0.999645757255 FIL
Mar 30 11:29:52 Locked: 0.33249517244 FIL
Mar 30 11:29:53 Datacap: 3160693276672
Mar 30 11:29:53 ....
Mar 30 11:29:54 Count: 3 of 4
Mar 30 11:29:54 f0145874 (1 / 1 tries):
Mar 30 11:29:54 f0421499: 23.293832210218907393 FIL (9.0G free)
Mar 30 11:29:54 Escrow: 0.999645757255 FIL
Mar 30 11:29:54 Locked: 0.33249517244 FIL
Mar 30 11:29:55 Datacap: 3160693276672
Mar 30 11:29:55 ....
Mar 30 11:29:56 Count: 3 of 4
Mar 30 11:29:56 f019104 (1 / 1 tries):
Mar 30 11:29:56 Skipping f019104: error-ask
Mar 30 11:29:56 
Mar 30 11:29:57 Count: 3 of 4
Mar 30 11:29:57 f0157535 (1 / 1 tries):
Mar 30 11:29:58 f0421499: 23.293832210218907393 FIL (9.0G free)
Mar 30 11:29:58 Escrow: 0.999645757255 FIL
Mar 30 11:29:58 Locked: 0.33249517244 FIL
Mar 30 11:29:59 Datacap: 3160693276672
Mar 30 11:29:59 ....
Mar 30 11:30:00 Count: 3 of 4
Mar 30 11:30:00 f019041 (1 / 1 tries):
Mar 30 11:30:01 f0421499: 23.293832210218907393 FIL (9.0G free)
Mar 30 11:30:01 Escrow: 0.999645757255 FIL
Mar 30 11:30:01 Locked: 0.33249517244 FIL
Mar 30 11:30:02 Datacap: 3160693276672
Mar 30 11:30:02 ....
Mar 30 11:30:03 Count: 3 of 4
Mar 30 11:30:03 f019100 (1 / 1 tries):
Mar 30 11:30:03 Skipping f019100: error-ask
Mar 30 11:30:03 
Mar 30 11:30:04 Count: 3 of 4
Mar 30 11:30:04 f01278 (1 / 1 tries):
Mar 30 11:30:05 f0421499: 23.293832210218907393 FIL (9.0G free)
Mar 30 11:30:05 Escrow: 0.999645757255 FIL
Mar 30 11:30:05 Locked: 0.33249517244 FIL
Mar 30 11:30:06 Datacap: 3160693276672
Mar 30 11:30:06 ....
Mar 30 11:30:07 Count: 3 of 4
Mar 30 11:30:07 f071624 (1 / 1 tries):
Mar 30 11:30:07 f0421499: 23.293832210218907393 FIL (9.0G free)
Mar 30 11:30:08 Escrow: 0.999645757255 FIL
Mar 30 11:30:08 Locked: 0.33249517244 FIL
Mar 30 11:30:08 Datacap: 3160693276672
Mar 30 11:30:08 ....
Mar 30 11:30:09 Count: 3 of 4
Mar 30 11:30:09 f010617 (1 / 1 tries):
Mar 30 11:30:10 f0421499: 23.293832210218907393 FIL (9.0G free)
Mar 30 11:30:10 Escrow: 0.999645757255 FIL
Mar 30 11:30:10 Locked: 0.33249517244 FIL
Mar 30 11:30:11 Datacap: 3160693276672
Mar 30 11:30:11 ....
Mar 30 11:30:12 Count: 3 of 4
Mar 30 11:30:12 f02606 (1 / 1 tries):
Mar 30 11:30:13 f0421499: 23.293832210218907393 FIL (9.0G free)
Mar 30 11:30:13 Escrow: 0.999645757255 FIL
Mar 30 11:30:13 Locked: 0.33249517244 FIL
Mar 30 11:30:13 Datacap: 3160693276672
Mar 30 11:30:13 ....
Mar 30 11:30:14 Count: 3 of 4
Mar 30 11:30:14 f02576 (1 / 1 tries):
Mar 30 11:30:15 f0421499: 23.293832210218907393 FIL (9.0G free)
Mar 30 11:30:15 Escrow: 0.999645757255 FIL
Mar 30 11:30:15 Locked: 0.33249517244 FIL
Mar 30 11:30:16 Datacap: 3160693276672
Mar 30 11:30:16 ....
Mar 30 11:30:17 Count: 3 of 4
Mar 30 11:30:17 f014409 (1 / 1 tries):
Mar 30 11:30:17 f0421499: 23.293832210218907393 FIL (9.0G free)
Mar 30 11:30:18 Escrow: 0.999645757255 FIL
Mar 30 11:30:18 Locked: 0.33249517244 FIL
Mar 30 11:30:18 Datacap: 3160693276672
Mar 30 11:30:18 ....
Mar 30 11:30:19 Count: 3 of 4
Mar 30 11:30:19 f01240 (1 / 1 tries):
Mar 30 11:30:20 f0421499: 23.293832210218907393 FIL (9.0G free)
Mar 30 11:30:20 Escrow: 0.999645757255 FIL
Mar 30 11:30:20 Locked: 0.33249517244 FIL
Mar 30 11:30:20 Datacap: 3160693276672
Mar 30 11:30:20 ....
Mar 30 11:30:21 Count: 3 of 4
Mar 30 11:30:21 f014768 (1 / 1 tries):
Mar 30 11:30:22 f0421499: 23.293832210218907393 FIL (9.0G free)
Mar 30 11:30:22 Escrow: 0.999645757255 FIL
Mar 30 11:30:22 Locked: 0.33249517244 FIL
Mar 30 11:30:22 Datacap: 3160693276672
Mar 30 11:30:22 ....
Mar 30 11:30:23 Count: 3 of 4
Mar 30 11:30:23 f022352 (1 / 1 tries):
Mar 30 11:30:24 f0421499: 23.293832210218907393 FIL (9.0G free)
Mar 30 11:30:24 Escrow: 0.999645757255 FIL
Mar 30 11:30:24 Locked: 0.33249517244 FIL
Mar 30 11:30:24 Datacap: 3160693276672
Mar 30 11:30:24 ....
Mar 30 11:30:25 Count: 3 of 4
Mar 30 11:30:25 f019551 (1 / 1 tries):
Mar 30 11:30:26 f0421499: 23.293832210218907393 FIL (9.0G free)
Mar 30 11:30:26 Escrow: 0.999645757255 FIL
Mar 30 11:30:26 Locked: 0.33249517244 FIL
Mar 30 11:30:26 Datacap: 3160693276672
Mar 30 11:30:26 ....
Mar 30 11:30:27 Count: 3 of 4
Mar 30 11:30:27 f066596 (1 / 1 tries):
Mar 30 11:30:28 f0421499: 23.293832210218907393 FIL (9.0G free)
Mar 30 11:30:28 Escrow: 0.999645757255 FIL
Mar 30 11:30:28 Locked: 0.33249517244 FIL
Mar 30 11:30:28 Datacap: 3160693276672
Mar 30 11:30:28 ....
Mar 30 11:30:29 Count: 3 of 4
Mar 30 11:30:29 f08399 (1 / 1 tries):
Mar 30 11:30:30 f0421499: 23.293832210218907393 FIL (9.0G free)
Mar 30 11:30:30 Escrow: 0.999645757255 FIL
Mar 30 11:30:30 Locked: 0.33249517244 FIL
Mar 30 11:30:31 Datacap: 3160693276672
Mar 30 11:30:31 ....
Mar 30 11:30:32 Count: 3 of 4
Mar 30 11:30:32 f015927 (1 / 1 tries):
Mar 30 11:30:33 Skipping f015927: min-ask
Mar 30 11:30:33 
Mar 30 11:30:34 Count: 3 of 4
Mar 30 11:30:34 f01277 (1 / 1 tries):
Mar 30 11:30:34 Skipping f01277: min-ask
Mar 30 11:30:34 
Mar 30 11:30:35 Count: 3 of 4
Mar 30 11:30:35 f023971 (1 / 1 tries):
Mar 30 11:30:35 f0421499: 23.293832210218907393 FIL (9.0G free)
Mar 30 11:30:36 Escrow: 0.999645757255 FIL
Mar 30 11:30:36 Locked: 0.33249517244 FIL
Mar 30 11:30:36 Datacap: 3160693276672
Mar 30 11:30:36 ....
Mar 30 11:30:37 Count: 3 of 4
Mar 30 11:30:37 f019362 (1 / 1 tries):
Mar 30 11:30:38 f0421499: 23.293832210218907393 FIL (9.0G free)
Mar 30 11:30:38 Escrow: 0.999645757255 FIL
Mar 30 11:30:38 Locked: 0.33249517244 FIL
Mar 30 11:30:38 Datacap: 3160693276672
Mar 30 11:30:39 ....
Mar 30 11:30:40 Count: 3 of 4
Mar 30 11:30:40 f0127896 (1 / 1 tries):
Mar 30 11:30:40 Skipping f0127896: min-ask
Mar 30 11:30:40 
Mar 30 11:30:41 Count: 3 of 4
Mar 30 11:30:41 f021716 (1 / 1 tries):
Mar 30 11:30:42 f0421499: 23.293832210218907393 FIL (9.0G free)
Mar 30 11:30:42 Escrow: 0.999645757255 FIL
Mar 30 11:30:42 Locked: 0.33249517244 FIL
Mar 30 11:30:42 Datacap: 3160693276672
Mar 30 11:30:42 ....
