Mar 30 15:16:09 Count: 3 of 4
Mar 30 15:16:09 f08399 (1 / 1 tries):
Mar 30 15:16:09 f0421499: 23.293832210218907393 FIL (8.3G free)
Mar 30 15:16:10 Escrow: 0.999645757255 FIL
Mar 30 15:16:10 Locked: 0.33249517244 FIL
Mar 30 15:16:10 Datacap: 3160693276672
Mar 30 15:16:10 ....
Mar 30 15:16:11 Count: 3 of 4
Mar 30 15:16:11 f01247 (1 / 1 tries):
Mar 30 15:16:12 f0421499: 23.293832210218907393 FIL (8.3G free)
Mar 30 15:16:12 Escrow: 0.999645757255 FIL
Mar 30 15:16:12 Locked: 0.33249517244 FIL
Mar 30 15:16:12 Datacap: 3160693276672
Mar 30 15:16:12 ....
Mar 30 15:16:13 Count: 3 of 4
Mar 30 15:16:13 f0127896 (1 / 1 tries):
Mar 30 15:16:13 Skipping f0127896: min-ask
Mar 30 15:16:13 
Mar 30 15:16:14 Count: 3 of 4
Mar 30 15:16:14 f0157535 (1 / 1 tries):
Mar 30 15:16:15 f0421499: 23.293832210218907393 FIL (8.3G free)
Mar 30 15:16:15 Escrow: 0.999645757255 FIL
Mar 30 15:16:15 Locked: 0.33249517244 FIL
Mar 30 15:16:15 Datacap: 3160693276672
Mar 30 15:16:15 ....
Mar 30 15:16:16 Count: 3 of 4
Mar 30 15:16:16 f010479 (1 / 1 tries):
Mar 30 15:16:17 f0421499: 23.293832210218907393 FIL (8.3G free)
Mar 30 15:16:17 Escrow: 0.999645757255 FIL
Mar 30 15:16:17 Locked: 0.33249517244 FIL
Mar 30 15:16:17 Datacap: 3160693276672
Mar 30 15:16:18 ....
Mar 30 15:16:19 Count: 3 of 4
Mar 30 15:16:19 f014768 (1 / 1 tries):
Mar 30 15:16:19 f0421499: 23.293832210218907393 FIL (8.3G free)
Mar 30 15:16:19 Escrow: 0.999645757255 FIL
Mar 30 15:16:19 Locked: 0.33249517244 FIL
Mar 30 15:16:20 Datacap: 3160693276672
Mar 30 15:16:20 ....
Mar 30 15:16:21 Count: 3 of 4
Mar 30 15:16:21 f062353 (1 / 1 tries):
Mar 30 15:16:22 f0421499: 23.293832210218907393 FIL (8.3G free)
Mar 30 15:16:22 Escrow: 0.999645757255 FIL
Mar 30 15:16:22 Locked: 0.33249517244 FIL
Mar 30 15:16:22 Datacap: 3160693276672
Mar 30 15:16:23 ....
Mar 30 15:16:24 Count: 3 of 4
Mar 30 15:16:24 f022352 (1 / 1 tries):
Mar 30 15:16:24 f0421499: 23.293832210218907393 FIL (8.3G free)
Mar 30 15:16:24 Escrow: 0.999645757255 FIL
Mar 30 15:16:24 Locked: 0.33249517244 FIL
Mar 30 15:16:25 Datacap: 3160693276672
Mar 30 15:16:25 ....
Mar 30 15:16:26 Count: 3 of 4
Mar 30 15:16:26 f01277 (1 / 1 tries):
Mar 30 15:16:26 Skipping f01277: min-ask
Mar 30 15:16:26 
Mar 30 15:16:27 Count: 3 of 4
Mar 30 15:16:27 f019041 (1 / 1 tries):
Mar 30 15:16:28 f0421499: 23.293832210218907393 FIL (8.3G free)
Mar 30 15:16:28 Escrow: 0.999645757255 FIL
Mar 30 15:16:28 Locked: 0.33249517244 FIL
Mar 30 15:16:29 Datacap: 3160693276672
Mar 30 15:16:29 ....
Mar 30 15:16:30 Count: 3 of 4
Mar 30 15:16:30 f019551 (1 / 1 tries):
Mar 30 15:16:30 f0421499: 23.293832210218907393 FIL (8.3G free)
Mar 30 15:16:30 Escrow: 0.999645757255 FIL
Mar 30 15:16:30 Locked: 0.33249517244 FIL
Mar 30 15:16:30 Datacap: 3160693276672
Mar 30 15:16:30 ....
Mar 30 15:16:31 Count: 3 of 4
Mar 30 15:16:31 f02576 (1 / 1 tries):
Mar 30 15:16:32 f0421499: 23.293832210218907393 FIL (8.3G free)
Mar 30 15:16:32 Escrow: 0.999645757255 FIL
Mar 30 15:16:32 Locked: 0.33249517244 FIL
Mar 30 15:16:33 Datacap: 3160693276672
Mar 30 15:16:33 ....
Mar 30 15:16:34 Count: 3 of 4
Mar 30 15:16:34 f058369 (1 / 1 tries):
Mar 30 15:16:35 f0421499: 23.293832210218907393 FIL (8.3G free)
Mar 30 15:16:35 Escrow: 0.999645757255 FIL
Mar 30 15:16:35 Locked: 0.33249517244 FIL
Mar 30 15:16:35 Datacap: 3160693276672
Mar 30 15:16:35 ....
Mar 30 15:16:36 Count: 3 of 4
Mar 30 15:16:36 f023971 (1 / 1 tries):
Mar 30 15:16:37 f0421499: 23.293832210218907393 FIL (8.3G free)
Mar 30 15:16:37 Escrow: 0.999645757255 FIL
Mar 30 15:16:37 Locked: 0.33249517244 FIL
Mar 30 15:16:38 Datacap: 3160693276672
Mar 30 15:16:38 ....
Mar 30 15:16:39 Count: 3 of 4
Mar 30 15:16:39 f08403 (1 / 1 tries):
Mar 30 15:16:40 f0421499: 23.293832210218907393 FIL (8.3G free)
Mar 30 15:16:40 Escrow: 0.999645757255 FIL
Mar 30 15:16:40 Locked: 0.33249517244 FIL
Mar 30 15:16:40 Datacap: 3160693276672
Mar 30 15:16:40 ....
Mar 30 15:16:41 Count: 3 of 4
Mar 30 15:16:41 f019362 (1 / 1 tries):
Mar 30 15:16:41 f0421499: 23.293832210218907393 FIL (8.3G free)
Mar 30 15:16:42 Escrow: 0.999645757255 FIL
Mar 30 15:16:42 Locked: 0.33249517244 FIL
Mar 30 15:16:42 Datacap: 3160693276672
Mar 30 15:16:42 ....
Mar 30 15:16:43 Count: 3 of 4
Mar 30 15:16:43 f02606 (1 / 1 tries):
Mar 30 15:16:44 f0421499: 23.293832210218907393 FIL (8.3G free)
Mar 30 15:16:44 Escrow: 0.999645757255 FIL
Mar 30 15:16:44 Locked: 0.33249517244 FIL
Mar 30 15:16:44 Datacap: 3160693276672
Mar 30 15:16:45 ....
Mar 30 15:16:46 Count: 3 of 4
Mar 30 15:16:46 f019100 (1 / 1 tries):
Mar 30 15:16:46 Skipping f019100: error-ask
Mar 30 15:16:46 
Mar 30 15:16:47 Count: 3 of 4
Mar 30 15:16:47 f014409 (1 / 1 tries):
Mar 30 15:16:48 f0421499: 23.293832210218907393 FIL (8.3G free)
Mar 30 15:16:48 Escrow: 0.999645757255 FIL
Mar 30 15:16:48 Locked: 0.33249517244 FIL
Mar 30 15:16:48 Datacap: 3160693276672
Mar 30 15:16:48 ....
Mar 30 15:16:49 Count: 3 of 4
Mar 30 15:16:49 f071624 (1 / 1 tries):
Mar 30 15:16:50 f0421499: 23.293832210218907393 FIL (8.3G free)
Mar 30 15:16:50 Escrow: 0.999645757255 FIL
Mar 30 15:16:50 Locked: 0.33249517244 FIL
Mar 30 15:16:51 Datacap: 3160693276672
Mar 30 15:16:51 ....
Mar 30 15:16:52 Count: 3 of 4
Mar 30 15:16:52 f066596 (1 / 1 tries):
Mar 30 15:16:52 f0421499: 23.293832210218907393 FIL (8.3G free)
Mar 30 15:16:53 Escrow: 0.999645757255 FIL
Mar 30 15:16:53 Locked: 0.33249517244 FIL
Mar 30 15:16:53 Datacap: 3160693276672
Mar 30 15:16:53 ....
Mar 30 15:16:54 Count: 3 of 4
Mar 30 15:16:54 f022163 (1 / 1 tries):
Mar 30 15:16:55 f0421499: 23.293832210218907393 FIL (8.3G free)
Mar 30 15:16:55 Escrow: 0.999645757255 FIL
Mar 30 15:16:55 Locked: 0.33249517244 FIL
Mar 30 15:16:56 Datacap: 3160693276672
Mar 30 15:16:56 ....
Mar 30 15:16:57 Count: 3 of 4
Mar 30 15:16:57 f01234 (1 / 1 tries):
Mar 30 15:16:57 f0421499: 23.293832210218907393 FIL (8.3G free)
Mar 30 15:16:58 Escrow: 0.999645757255 FIL
Mar 30 15:16:58 Locked: 0.33249517244 FIL
Mar 30 15:16:58 Datacap: 3160693276672
Mar 30 15:16:58 ....
Mar 30 15:16:59 Count: 3 of 4
Mar 30 15:16:59 f021716 (1 / 1 tries):
Mar 30 15:17:00 f0421499: 23.293832210218907393 FIL (8.3G free)
Mar 30 15:17:00 Escrow: 0.999645757255 FIL
Mar 30 15:17:00 Locked: 0.33249517244 FIL
Mar 30 15:17:01 Datacap: 3160693276672
Mar 30 15:17:01 ....
Mar 30 15:17:02 Count: 3 of 4
Mar 30 15:17:02 f0145874 (1 / 1 tries):
Mar 30 15:17:03 f0421499: 23.293832210218907393 FIL (8.3G free)
Mar 30 15:17:03 Escrow: 0.999645757255 FIL
Mar 30 15:17:03 Locked: 0.33249517244 FIL
Mar 30 15:17:03 Datacap: 3160693276672
Mar 30 15:17:03 ....
Mar 30 15:17:04 Count: 3 of 4
Mar 30 15:17:04 f09848 (1 / 1 tries):
Mar 30 15:17:05 f0421499: 23.293832210218907393 FIL (8.3G free)
Mar 30 15:17:05 Escrow: 0.999645757255 FIL
Mar 30 15:17:05 Locked: 0.33249517244 FIL
Mar 30 15:17:05 Datacap: 3160693276672
Mar 30 15:17:05 ....
Mar 30 15:17:06 Count: 3 of 4
Mar 30 15:17:06 f07998 (1 / 1 tries):
Mar 30 15:17:07 f0421499: 23.293832210218907393 FIL (8.3G free)
Mar 30 15:17:07 Escrow: 0.999645757255 FIL
Mar 30 15:17:07 Locked: 0.33249517244 FIL
Mar 30 15:17:08 Datacap: 3160693276672
Mar 30 15:17:08 ....
Mar 30 15:17:09 Count: 3 of 4
Mar 30 15:17:09 f010617 (1 / 1 tries):
Mar 30 15:17:10 f0421499: 23.293832210218907393 FIL (8.3G free)
Mar 30 15:17:10 Escrow: 0.999645757255 FIL
Mar 30 15:17:10 Locked: 0.33249517244 FIL
Mar 30 15:17:10 Datacap: 3160693276672
Mar 30 15:17:11 ....
Mar 30 15:17:12 Count: 3 of 4
Mar 30 15:17:12 f099608 (1 / 1 tries):
Mar 30 15:17:12 f0421499: 23.293832210218907393 FIL (8.3G free)
Mar 30 15:17:13 Escrow: 0.999645757255 FIL
Mar 30 15:17:13 Locked: 0.33249517244 FIL
Mar 30 15:17:13 Datacap: 3160693276672
Mar 30 15:17:13 ....
Mar 30 15:17:14 Count: 3 of 4
Mar 30 15:17:14 f01278 (1 / 1 tries):
Mar 30 15:17:15 f0421499: 23.293832210218907393 FIL (8.3G free)
Mar 30 15:17:15 Escrow: 0.999645757255 FIL
Mar 30 15:17:15 Locked: 0.33249517244 FIL
Mar 30 15:17:16 Datacap: 3160693276672
Mar 30 15:17:16 ....
Mar 30 15:17:17 Count: 3 of 4
Mar 30 15:17:17 f022142 (1 / 1 tries):
Mar 30 15:17:17 f0421499: 23.293832210218907393 FIL (8.3G free)
Mar 30 15:17:17 Escrow: 0.999645757255 FIL
Mar 30 15:17:17 Locked: 0.33249517244 FIL
Mar 30 15:17:17 Datacap: 3160693276672
Mar 30 15:17:17 ....
Mar 30 15:17:18 Count: 3 of 4
Mar 30 15:17:18 f0165400 (1 / 1 tries):
Mar 30 15:17:19 f0421499: 23.293832210218907393 FIL (8.3G free)
Mar 30 15:17:19 Escrow: 0.999645757255 FIL
Mar 30 15:17:19 Locked: 0.33249517244 FIL
Mar 30 15:17:20 Datacap: 3160693276672
Mar 30 15:17:20 ....
Mar 30 15:17:21 Count: 3 of 4
Mar 30 15:17:21 f01240 (1 / 1 tries):
Mar 30 15:17:22 f0421499: 23.293832210218907393 FIL (8.3G free)
Mar 30 15:17:22 Escrow: 0.999645757255 FIL
Mar 30 15:17:22 Locked: 0.33249517244 FIL
Mar 30 15:17:22 Datacap: 3160693276672
Mar 30 15:17:22 ....
Mar 30 15:17:23 Count: 3 of 4
Mar 30 15:17:23 f019104 (1 / 1 tries):
Mar 30 15:17:24 Skipping f019104: error-ask
Mar 30 15:17:24 
Mar 30 15:17:25 Count: 3 of 4
Mar 30 15:17:25 f015927 (1 / 1 tries):
Mar 30 15:17:25 Skipping f015927: min-ask
Mar 30 15:17:25 
Mar 30 15:17:26 Count: 3 of 4
Mar 30 15:17:26 f023467 (1 / 1 tries):
Mar 30 15:17:27 f0421499: 23.293832210218907393 FIL (8.3G free)
Mar 30 15:17:27 Escrow: 0.999645757255 FIL
Mar 30 15:17:27 Locked: 0.33249517244 FIL
Mar 30 15:17:28 Datacap: 3160693276672
Mar 30 15:17:28 ....
