Mar 30 09:53:18 Count: 3 of 4
Mar 30 09:53:18 f0145874 (1 / 1 tries):
Mar 30 09:53:18 f0421499: 23.293832210218907393 FIL (9.3G free)
Mar 30 09:53:19 Escrow: 0.999645757255 FIL
Mar 30 09:53:19 Locked: 0.33249517244 FIL
Mar 30 09:53:19 Datacap: 3160693276672
Mar 30 09:53:19 ....
Mar 30 09:53:20 Count: 3 of 4
Mar 30 09:53:20 f019041 (1 / 1 tries):
Mar 30 09:53:21 f0421499: 23.293832210218907393 FIL (9.3G free)
Mar 30 09:53:21 Escrow: 0.999645757255 FIL
Mar 30 09:53:21 Locked: 0.33249517244 FIL
Mar 30 09:53:22 Datacap: 3160693276672
Mar 30 09:53:22 ....
Mar 30 09:53:23 Count: 3 of 4
Mar 30 09:53:23 f02576 (1 / 1 tries):
Mar 30 09:53:24 f0421499: 23.293832210218907393 FIL (9.3G free)
Mar 30 09:53:24 Escrow: 0.999645757255 FIL
Mar 30 09:53:24 Locked: 0.33249517244 FIL
Mar 30 09:53:24 Datacap: 3160693276672
Mar 30 09:53:24 ....
Mar 30 09:53:25 Count: 3 of 4
Mar 30 09:53:25 f0165400 (1 / 1 tries):
Mar 30 09:53:26 f0421499: 23.293832210218907393 FIL (9.3G free)
Mar 30 09:53:26 Escrow: 0.999645757255 FIL
Mar 30 09:53:26 Locked: 0.33249517244 FIL
Mar 30 09:53:26 Datacap: 3160693276672
Mar 30 09:53:26 ....
Mar 30 09:53:28 Count: 3 of 4
Mar 30 09:53:28 f01278 (1 / 1 tries):
Mar 30 09:53:28 f0421499: 23.293832210218907393 FIL (9.3G free)
Mar 30 09:53:28 Escrow: 0.999645757255 FIL
Mar 30 09:53:28 Locked: 0.33249517244 FIL
Mar 30 09:53:29 Datacap: 3160693276672
Mar 30 09:53:29 ....
Mar 30 09:53:30 Count: 3 of 4
Mar 30 09:53:30 f022142 (1 / 1 tries):
Mar 30 09:53:30 f0421499: 23.293832210218907393 FIL (9.3G free)
Mar 30 09:53:31 Escrow: 0.999645757255 FIL
Mar 30 09:53:31 Locked: 0.33249517244 FIL
Mar 30 09:53:31 Datacap: 3160693276672
Mar 30 09:53:31 ....
Mar 30 09:53:32 Count: 3 of 4
Mar 30 09:53:32 f023971 (1 / 1 tries):
Mar 30 09:53:33 f0421499: 23.293832210218907393 FIL (9.3G free)
Mar 30 09:53:33 Escrow: 0.999645757255 FIL
Mar 30 09:53:33 Locked: 0.33249517244 FIL
Mar 30 09:53:33 Datacap: 3160693276672
Mar 30 09:53:33 ....
Mar 30 09:53:35 Count: 3 of 4
Mar 30 09:53:35 f022352 (1 / 1 tries):
Mar 30 09:53:35 f0421499: 23.293832210218907393 FIL (9.3G free)
Mar 30 09:53:35 Escrow: 0.999645757255 FIL
Mar 30 09:53:35 Locked: 0.33249517244 FIL
Mar 30 09:53:36 Datacap: 3160693276672
Mar 30 09:53:36 ....
Mar 30 09:53:37 Count: 3 of 4
Mar 30 09:53:37 f01247 (1 / 1 tries):
Mar 30 09:53:38 f0421499: 23.293832210218907393 FIL (9.3G free)
Mar 30 09:53:38 Escrow: 0.999645757255 FIL
Mar 30 09:53:38 Locked: 0.33249517244 FIL
Mar 30 09:53:39 Datacap: 3160693276672
Mar 30 09:53:39 ....
Mar 30 09:53:40 Count: 3 of 4
Mar 30 09:53:40 f062353 (1 / 1 tries):
Mar 30 09:53:40 f0421499: 23.293832210218907393 FIL (9.3G free)
Mar 30 09:53:40 Escrow: 0.999645757255 FIL
Mar 30 09:53:40 Locked: 0.33249517244 FIL
Mar 30 09:53:41 Datacap: 3160693276672
Mar 30 09:53:41 ....
Mar 30 09:53:42 Count: 3 of 4
Mar 30 09:53:42 f099608 (1 / 1 tries):
Mar 30 09:53:43 f0421499: 23.293832210218907393 FIL (9.3G free)
Mar 30 09:53:43 Escrow: 0.999645757255 FIL
Mar 30 09:53:43 Locked: 0.33249517244 FIL
Mar 30 09:53:44 Datacap: 3160693276672
Mar 30 09:53:44 ....
Mar 30 09:53:45 Count: 3 of 4
Mar 30 09:53:45 f010617 (1 / 1 tries):
Mar 30 09:53:45 f0421499: 23.293832210218907393 FIL (9.3G free)
Mar 30 09:53:46 Escrow: 0.999645757255 FIL
Mar 30 09:53:46 Locked: 0.33249517244 FIL
Mar 30 09:53:46 Datacap: 3160693276672
Mar 30 09:53:46 ....
Mar 30 09:53:47 Count: 3 of 4
Mar 30 09:53:47 f02606 (1 / 1 tries):
Mar 30 09:53:48 f0421499: 23.293832210218907393 FIL (9.3G free)
Mar 30 09:53:48 Escrow: 0.999645757255 FIL
Mar 30 09:53:48 Locked: 0.33249517244 FIL
Mar 30 09:53:48 Datacap: 3160693276672
Mar 30 09:53:49 ....
Mar 30 09:53:50 Count: 3 of 4
Mar 30 09:53:50 f071624 (1 / 1 tries):
Mar 30 09:53:51 f0421499: 23.293832210218907393 FIL (9.3G free)
Mar 30 09:53:51 Escrow: 0.999645757255 FIL
Mar 30 09:53:51 Locked: 0.33249517244 FIL
Mar 30 09:53:51 Datacap: 3160693276672
Mar 30 09:53:51 ....
Mar 30 09:53:52 Count: 3 of 4
Mar 30 09:53:52 f08399 (1 / 1 tries):
Mar 30 09:53:53 f0421499: 23.293832210218907393 FIL (9.3G free)
Mar 30 09:53:53 Escrow: 0.999645757255 FIL
Mar 30 09:53:53 Locked: 0.33249517244 FIL
Mar 30 09:53:53 Datacap: 3160693276672
Mar 30 09:53:53 ....
Mar 30 09:53:54 Count: 3 of 4
Mar 30 09:53:54 f021716 (1 / 1 tries):
Mar 30 09:53:55 f0421499: 23.293832210218907393 FIL (9.3G free)
Mar 30 09:53:56 Escrow: 0.999645757255 FIL
Mar 30 09:53:56 Locked: 0.33249517244 FIL
Mar 30 09:53:56 Datacap: 3160693276672
Mar 30 09:53:56 ....
Mar 30 09:53:57 Count: 3 of 4
Mar 30 09:53:57 f022163 (1 / 1 tries):
Mar 30 09:53:58 f0421499: 23.293832210218907393 FIL (9.3G free)
Mar 30 09:53:58 Escrow: 0.999645757255 FIL
Mar 30 09:53:58 Locked: 0.33249517244 FIL
Mar 30 09:53:58 Datacap: 3160693276672
Mar 30 09:53:58 ....
Mar 30 09:54:00 Count: 3 of 4
Mar 30 09:54:00 f010479 (1 / 1 tries):
Mar 30 09:54:00 f0421499: 23.293832210218907393 FIL (9.3G free)
Mar 30 09:54:00 Escrow: 0.999645757255 FIL
Mar 30 09:54:00 Locked: 0.33249517244 FIL
Mar 30 09:54:01 Datacap: 3160693276672
Mar 30 09:54:01 ....
Mar 30 09:54:02 Count: 3 of 4
Mar 30 09:54:02 f0157535 (1 / 1 tries):
Mar 30 09:54:03 f0421499: 23.293832210218907393 FIL (9.3G free)
Mar 30 09:54:03 Escrow: 0.999645757255 FIL
Mar 30 09:54:03 Locked: 0.33249517244 FIL
Mar 30 09:54:04 Datacap: 3160693276672
Mar 30 09:54:04 ....
Mar 30 09:54:05 Count: 3 of 4
Mar 30 09:54:05 f019362 (1 / 1 tries):
Mar 30 09:54:05 f0421499: 23.293832210218907393 FIL (9.3G free)
Mar 30 09:54:05 Escrow: 0.999645757255 FIL
Mar 30 09:54:05 Locked: 0.33249517244 FIL
Mar 30 09:54:05 Datacap: 3160693276672
Mar 30 09:54:06 ....
Mar 30 09:54:07 Count: 3 of 4
Mar 30 09:54:07 f014409 (1 / 1 tries):
Mar 30 09:54:08 f0421499: 23.293832210218907393 FIL (9.3G free)
Mar 30 09:54:08 Escrow: 0.999645757255 FIL
Mar 30 09:54:08 Locked: 0.33249517244 FIL
Mar 30 09:54:08 Datacap: 3160693276672
Mar 30 09:54:09 ....
Mar 30 09:54:10 Count: 3 of 4
Mar 30 09:54:10 f058369 (1 / 1 tries):
Mar 30 09:54:10 f0421499: 23.293832210218907393 FIL (9.3G free)
Mar 30 09:54:10 Escrow: 0.999645757255 FIL
Mar 30 09:54:10 Locked: 0.33249517244 FIL
Mar 30 09:54:11 Datacap: 3160693276672
Mar 30 09:54:11 ....
Mar 30 09:54:12 Count: 3 of 4
Mar 30 09:54:12 f09848 (1 / 1 tries):
Mar 30 09:54:13 f0421499: 23.293832210218907393 FIL (9.3G free)
Mar 30 09:54:13 Escrow: 0.999645757255 FIL
Mar 30 09:54:13 Locked: 0.33249517244 FIL
Mar 30 09:54:13 Datacap: 3160693276672
Mar 30 09:54:13 ....
Mar 30 09:54:14 Count: 3 of 4
Mar 30 09:54:14 f066596 (1 / 1 tries):
Mar 30 09:54:15 f0421499: 23.293832210218907393 FIL (9.3G free)
Mar 30 09:54:15 Escrow: 0.999645757255 FIL
Mar 30 09:54:15 Locked: 0.33249517244 FIL
Mar 30 09:54:15 Datacap: 3160693276672
Mar 30 09:54:15 ....
Mar 30 09:54:17 Count: 3 of 4
Mar 30 09:54:17 f08403 (1 / 1 tries):
Mar 30 09:54:17 f0421499: 23.293832210218907393 FIL (9.3G free)
Mar 30 09:54:17 Escrow: 0.999645757255 FIL
Mar 30 09:54:17 Locked: 0.33249517244 FIL
Mar 30 09:54:17 Datacap: 3160693276672
Mar 30 09:54:17 ....
Mar 30 09:54:18 Count: 3 of 4
Mar 30 09:54:18 f01234 (1 / 1 tries):
Mar 30 09:54:19 f0421499: 23.293832210218907393 FIL (9.3G free)
Mar 30 09:54:20 Escrow: 0.999645757255 FIL
Mar 30 09:54:20 Locked: 0.33249517244 FIL
Mar 30 09:54:20 Datacap: 3160693276672
Mar 30 09:54:20 ....
Mar 30 09:54:21 Count: 3 of 4
Mar 30 09:54:21 f019551 (1 / 1 tries):
Mar 30 09:54:22 f0421499: 23.293832210218907393 FIL (9.3G free)
Mar 30 09:54:22 Escrow: 0.999645757255 FIL
Mar 30 09:54:22 Locked: 0.33249517244 FIL
Mar 30 09:54:22 Datacap: 3160693276672
Mar 30 09:54:22 ....
Mar 30 09:54:23 Count: 3 of 4
Mar 30 09:54:23 f019100 (1 / 1 tries):
Mar 30 09:54:24 Skipping f019100: error-ask
Mar 30 09:54:24 
Mar 30 09:54:25 Count: 3 of 4
Mar 30 09:54:25 f014768 (1 / 1 tries):
Mar 30 09:54:26 f0421499: 23.293832210218907393 FIL (9.3G free)
Mar 30 09:54:26 Escrow: 0.999645757255 FIL
Mar 30 09:54:26 Locked: 0.33249517244 FIL
Mar 30 09:54:26 Datacap: 3160693276672
Mar 30 09:54:26 ....
Mar 30 09:54:27 Count: 3 of 4
Mar 30 09:54:27 f0127896 (1 / 1 tries):
Mar 30 09:54:28 Skipping f0127896: min-ask
Mar 30 09:54:28 
Mar 30 09:54:29 Count: 3 of 4
Mar 30 09:54:29 f07998 (1 / 1 tries):
Mar 30 09:54:30 f0421499: 23.293832210218907393 FIL (9.3G free)
Mar 30 09:54:30 Escrow: 0.999645757255 FIL
Mar 30 09:54:30 Locked: 0.33249517244 FIL
Mar 30 09:54:30 Datacap: 3160693276672
Mar 30 09:54:30 ....
Mar 30 09:54:31 Count: 3 of 4
Mar 30 09:54:31 f023467 (1 / 1 tries):
Mar 30 09:54:32 f0421499: 23.293832210218907393 FIL (9.3G free)
Mar 30 09:54:32 Escrow: 0.999645757255 FIL
Mar 30 09:54:32 Locked: 0.33249517244 FIL
Mar 30 09:54:32 Datacap: 3160693276672
Mar 30 09:54:33 ....
Mar 30 09:54:34 Count: 3 of 4
Mar 30 09:54:34 f01277 (1 / 1 tries):
Mar 30 09:54:34 Skipping f01277: min-ask
Mar 30 09:54:34 
Mar 30 09:54:35 Count: 3 of 4
Mar 30 09:54:35 f015927 (1 / 1 tries):
Mar 30 09:54:35 Skipping f015927: min-ask
Mar 30 09:54:35 
Mar 30 09:54:36 Count: 3 of 4
Mar 30 09:54:36 f019104 (1 / 1 tries):
Mar 30 09:54:37 Skipping f019104: error-ask
Mar 30 09:54:37 
Mar 30 09:54:38 Count: 3 of 4
Mar 30 09:54:38 f01240 (1 / 1 tries):
Mar 30 09:54:38 f0421499: 23.293832210218907393 FIL (9.3G free)
Mar 30 09:54:38 Escrow: 0.999645757255 FIL
Mar 30 09:54:38 Locked: 0.33249517244 FIL
Mar 30 09:54:39 Datacap: 3160693276672
Mar 30 09:54:39 ....
