Mar 29 21:41:39 Count: 3 of 4
Mar 29 21:41:39 f01234 (1 / 1 tries):
Mar 29 21:41:39 f0421499: 23.316641150826437183 FIL (138G free)
Mar 29 21:41:39 Escrow: 0.999999997255 FIL
Mar 29 21:41:39 Locked: 0.33251649052 FIL
Mar 29 21:41:39 Datacap: 4191485427712
Mar 29 21:41:39 ....
Mar 29 21:41:40 Count: 3 of 4
Mar 29 21:41:40 f014768 (1 / 1 tries):
Mar 29 21:41:41 f0421499: 23.316641150826437183 FIL (138G free)
Mar 29 21:41:41 Escrow: 0.999999997255 FIL
Mar 29 21:41:41 Locked: 0.33251649052 FIL
Mar 29 21:41:41 Datacap: 4191485427712
Mar 29 21:41:41 ....
Mar 29 21:41:42 Count: 3 of 4
Mar 29 21:41:42 f0127896 (1 / 1 tries):
Mar 29 21:41:43 Skipping f0127896: min-ask
Mar 29 21:41:43 
Mar 29 21:41:44 Count: 3 of 4
Mar 29 21:41:44 f062353 (1 / 1 tries):
Mar 29 21:41:44 f0421499: 23.316641150826437183 FIL (138G free)
Mar 29 21:41:44 Escrow: 0.999999997255 FIL
Mar 29 21:41:44 Locked: 0.33251649052 FIL
Mar 29 21:41:45 Datacap: 4191485427712
Mar 29 21:41:45 ....
Mar 29 21:41:46 Count: 3 of 4
Mar 29 21:41:46 f0157535 (1 / 1 tries):
Mar 29 21:41:46 f0421499: 23.316641150826437183 FIL (138G free)
Mar 29 21:41:46 Escrow: 0.999999997255 FIL
Mar 29 21:41:46 Locked: 0.33251649052 FIL
Mar 29 21:41:46 Datacap: 4191485427712
Mar 29 21:41:47 ....
Mar 29 21:41:48 Count: 3 of 4
Mar 29 21:41:48 f066596 (1 / 1 tries):
Mar 29 21:41:48 f0421499: 23.316641150826437183 FIL (138G free)
Mar 29 21:41:48 Escrow: 0.999999997255 FIL
Mar 29 21:41:48 Locked: 0.33251649052 FIL
Mar 29 21:41:48 Datacap: 4191485427712
Mar 29 21:41:48 ....
Mar 29 21:41:49 Count: 3 of 4
Mar 29 21:41:49 f019362 (1 / 1 tries):
Mar 29 21:41:50 f0421499: 23.316641150826437183 FIL (138G free)
Mar 29 21:41:50 Escrow: 0.999999997255 FIL
Mar 29 21:41:50 Locked: 0.33251649052 FIL
Mar 29 21:41:50 Datacap: 4191485427712
Mar 29 21:41:50 ....
Mar 29 21:41:51 Count: 3 of 4
Mar 29 21:41:51 f01247 (1 / 1 tries):
Mar 29 21:41:52 f0421499: 23.316641150826437183 FIL (138G free)
Mar 29 21:41:52 Escrow: 0.999999997255 FIL
Mar 29 21:41:52 Locked: 0.33251649052 FIL
Mar 29 21:41:52 Datacap: 4191485427712
Mar 29 21:41:52 ....
Mar 29 21:41:53 Count: 3 of 4
Mar 29 21:41:53 f08403 (1 / 1 tries):
Mar 29 21:41:53 f0421499: 23.316641150826437183 FIL (138G free)
Mar 29 21:41:53 Escrow: 0.999999997255 FIL
Mar 29 21:41:53 Locked: 0.33251649052 FIL
Mar 29 21:41:54 Datacap: 4191485427712
Mar 29 21:41:54 ....
Mar 29 21:41:55 Count: 3 of 4
Mar 29 21:41:55 f0145874 (1 / 1 tries):
Mar 29 21:41:55 f0421499: 23.316641150826437183 FIL (138G free)
Mar 29 21:41:55 Escrow: 0.999999997255 FIL
Mar 29 21:41:55 Locked: 0.33251649052 FIL
Mar 29 21:41:56 Datacap: 4191485427712
Mar 29 21:41:56 ....
Mar 29 21:41:57 Count: 3 of 4
Mar 29 21:41:57 f010617 (1 / 1 tries):
Mar 29 21:41:57 f0421499: 23.316641150826437183 FIL (138G free)
Mar 29 21:41:57 Escrow: 0.999999997255 FIL
Mar 29 21:41:57 Locked: 0.33251649052 FIL
Mar 29 21:41:57 Datacap: 4191485427712
Mar 29 21:41:58 ....
Mar 29 21:41:59 Count: 3 of 4
Mar 29 21:41:59 f09848 (1 / 1 tries):
Mar 29 21:41:59 f0421499: 23.316641150826437183 FIL (138G free)
Mar 29 21:41:59 Escrow: 0.999999997255 FIL
Mar 29 21:41:59 Locked: 0.33251649052 FIL
Mar 29 21:41:59 Datacap: 4191485427712
Mar 29 21:41:59 ....
Mar 29 21:42:00 Count: 3 of 4
Mar 29 21:42:00 f01277 (1 / 1 tries):
Mar 29 21:42:01 Skipping f01277: min-ask
Mar 29 21:42:01 
Mar 29 21:42:02 Count: 3 of 4
Mar 29 21:42:02 f019100 (1 / 1 tries):
Mar 29 21:42:02 Skipping f019100: error-ask
Mar 29 21:42:02 
Mar 29 21:42:03 Count: 3 of 4
Mar 29 21:42:03 f07998 (1 / 1 tries):
Mar 29 21:42:04 f0421499: 23.316641150826437183 FIL (138G free)
Mar 29 21:42:04 Escrow: 0.999999997255 FIL
Mar 29 21:42:04 Locked: 0.33251649052 FIL
Mar 29 21:42:04 Datacap: 4191485427712
Mar 29 21:42:04 ....
Mar 29 21:42:05 Count: 3 of 4
Mar 29 21:42:05 f023971 (1 / 1 tries):
Mar 29 21:42:06 f0421499: 23.316641150826437183 FIL (138G free)
Mar 29 21:42:06 Escrow: 0.999999997255 FIL
Mar 29 21:42:06 Locked: 0.33251649052 FIL
Mar 29 21:42:06 Datacap: 4191485427712
Mar 29 21:42:06 ....
Mar 29 21:42:07 Count: 3 of 4
Mar 29 21:42:07 f019041 (1 / 1 tries):
Mar 29 21:42:08 f0421499: 23.316641150826437183 FIL (138G free)
Mar 29 21:42:08 Escrow: 0.999999997255 FIL
Mar 29 21:42:08 Locked: 0.33251649052 FIL
Mar 29 21:42:08 Datacap: 4191485427712
Mar 29 21:42:09 ....
Mar 29 21:42:10 Count: 3 of 4
Mar 29 21:42:10 f019551 (1 / 1 tries):
Mar 29 21:42:10 f0421499: 23.316641150826437183 FIL (137G free)
Mar 29 21:42:11 Escrow: 0.999999997255 FIL
Mar 29 21:42:11 Locked: 0.33251649052 FIL
Mar 29 21:42:11 Datacap: 4191485427712
Mar 29 21:42:11 ....
Mar 29 21:42:12 Count: 3 of 4
Mar 29 21:42:12 f022352 (1 / 1 tries):
Mar 29 21:42:12 f0421499: 23.316641150826437183 FIL (137G free)
Mar 29 21:42:13 Escrow: 0.999999997255 FIL
Mar 29 21:42:13 Locked: 0.33251649052 FIL
Mar 29 21:42:13 Datacap: 4191485427712
Mar 29 21:42:13 ....
Mar 29 21:42:14 Count: 3 of 4
Mar 29 21:42:14 f02606 (1 / 1 tries):
Mar 29 21:42:14 f0421499: 23.316641150826437183 FIL (137G free)
Mar 29 21:42:14 Escrow: 0.999999997255 FIL
Mar 29 21:42:14 Locked: 0.33251649052 FIL
Mar 29 21:42:15 Datacap: 4191485427712
Mar 29 21:42:15 ....
Mar 29 21:42:16 Count: 3 of 4
Mar 29 21:42:16 f022163 (1 / 1 tries):
Mar 29 21:42:16 f0421499: 23.316641150826437183 FIL (137G free)
Mar 29 21:42:16 Escrow: 0.999999997255 FIL
Mar 29 21:42:16 Locked: 0.33251649052 FIL
Mar 29 21:42:16 Datacap: 4191485427712
Mar 29 21:42:16 ....
Mar 29 21:42:17 Count: 3 of 4
Mar 29 21:42:17 f015927 (1 / 1 tries):
Mar 29 21:42:18 f0421499: 23.316641150826437183 FIL (137G free)
Mar 29 21:42:18 Escrow: 0.999999997255 FIL
Mar 29 21:42:18 Locked: 0.33251649052 FIL
Mar 29 21:42:18 Datacap: 4191485427712
Mar 29 21:42:18 ....
Mar 29 21:42:19 Count: 3 of 4
Mar 29 21:42:19 f019104 (1 / 1 tries):
Mar 29 21:42:20 f0421499: 23.316641150826437183 FIL (137G free)
Mar 29 21:42:20 Escrow: 0.999999997255 FIL
Mar 29 21:42:20 Locked: 0.33251649052 FIL
Mar 29 21:42:20 Datacap: 4191485427712
Mar 29 21:42:20 ....
Mar 29 21:42:21 Count: 3 of 4
Mar 29 21:42:21 f058369 (1 / 1 tries):
Mar 29 21:42:22 f0421499: 23.316641150826437183 FIL (137G free)
Mar 29 21:42:22 Escrow: 0.999999997255 FIL
Mar 29 21:42:22 Locked: 0.33251649052 FIL
Mar 29 21:42:22 Datacap: 4191485427712
Mar 29 21:42:22 ....
Mar 29 21:42:23 Count: 3 of 4
Mar 29 21:42:23 f023467 (1 / 1 tries):
Mar 29 21:42:23 f0421499: 23.316641150826437183 FIL (137G free)
Mar 29 21:42:23 Escrow: 0.999999997255 FIL
Mar 29 21:42:23 Locked: 0.33251649052 FIL
Mar 29 21:42:24 Datacap: 4191485427712
Mar 29 21:42:24 ....
Mar 29 21:42:25 Count: 3 of 4
Mar 29 21:42:25 f010479 (1 / 1 tries):
Mar 29 21:42:25 f0421499: 23.316641150826437183 FIL (137G free)
Mar 29 21:42:25 Escrow: 0.999999997255 FIL
Mar 29 21:42:25 Locked: 0.33251649052 FIL
Mar 29 21:42:26 Datacap: 4191485427712
Mar 29 21:42:26 ....
Mar 29 21:42:27 Count: 3 of 4
Mar 29 21:42:27 f021716 (1 / 1 tries):
Mar 29 21:42:27 f0421499: 23.316641150826437183 FIL (137G free)
Mar 29 21:42:27 Escrow: 0.999999997255 FIL
Mar 29 21:42:27 Locked: 0.33251649052 FIL
Mar 29 21:42:27 Datacap: 4191485427712
Mar 29 21:42:27 ....
Mar 29 21:42:28 Count: 3 of 4
Mar 29 21:42:28 f099608 (1 / 1 tries):
Mar 29 21:42:29 f0421499: 23.316641150826437183 FIL (137G free)
Mar 29 21:42:29 Escrow: 0.999999997255 FIL
Mar 29 21:42:29 Locked: 0.33251649052 FIL
Mar 29 21:42:29 Datacap: 4191485427712
Mar 29 21:42:29 ....
Mar 29 21:42:30 Count: 3 of 4
Mar 29 21:42:30 f01240 (1 / 1 tries):
Mar 29 21:42:31 f0421499: 23.315575259860023527 FIL (137G free)
Mar 29 21:42:31 Escrow: 0.999999997255 FIL
Mar 29 21:42:31 Locked: 0.33251649052 FIL
Mar 29 21:42:31 Datacap: 4191485427712
Mar 29 21:42:31 ....
Mar 29 21:42:32 Count: 3 of 4
Mar 29 21:42:32 f0165400 (1 / 1 tries):
Mar 29 21:42:33 f0421499: 23.315575259860023527 FIL (137G free)
Mar 29 21:42:33 Escrow: 0.999999997255 FIL
Mar 29 21:42:33 Locked: 0.33251649052 FIL
Mar 29 21:42:33 Datacap: 4191485427712
Mar 29 21:42:33 ....
Mar 29 21:42:34 Count: 3 of 4
Mar 29 21:42:34 f02576 (1 / 1 tries):
Mar 29 21:42:35 f0421499: 23.315575259860023527 FIL (137G free)
Mar 29 21:42:35 Escrow: 0.999999997255 FIL
Mar 29 21:42:35 Locked: 0.33251649052 FIL
Mar 29 21:42:36 Datacap: 4191485427712
Mar 29 21:42:36 ....
Mar 29 21:42:37 Count: 3 of 4
Mar 29 21:42:37 f01278 (1 / 1 tries):
Mar 29 21:42:38 f0421499: 23.315575259860023527 FIL (137G free)
Mar 29 21:42:38 Escrow: 0.999999997255 FIL
Mar 29 21:42:38 Locked: 0.33251649052 FIL
Mar 29 21:42:38 Datacap: 4191485427712
Mar 29 21:42:38 ....
Mar 29 21:42:39 Count: 3 of 4
Mar 29 21:42:39 f022142 (1 / 1 tries):
Mar 29 21:42:39 f0421499: 23.315575259860023527 FIL (137G free)
Mar 29 21:42:40 Escrow: 0.999999997255 FIL
Mar 29 21:42:40 Locked: 0.33251649052 FIL
Mar 29 21:42:40 Datacap: 4191485427712
Mar 29 21:42:40 ....
Mar 29 21:42:41 Count: 3 of 4
Mar 29 21:42:41 f014409 (1 / 1 tries):
Mar 29 21:42:41 f0421499: 23.315575259860023527 FIL (137G free)
Mar 29 21:42:42 Escrow: 0.999999997255 FIL
Mar 29 21:42:42 Locked: 0.33251649052 FIL
Mar 29 21:42:42 Datacap: 4191485427712
Mar 29 21:42:42 ....
Mar 29 21:42:43 Count: 3 of 4
Mar 29 21:42:43 f08399 (1 / 1 tries):
Mar 29 21:42:43 f0421499: 23.315575259860023527 FIL (137G free)
Mar 29 21:42:43 Escrow: 0.999999997255 FIL
Mar 29 21:42:43 Locked: 0.33251649052 FIL
Mar 29 21:42:44 Datacap: 4191485427712
Mar 29 21:42:44 ....
Mar 29 21:42:45 Count: 3 of 4
Mar 29 21:42:45 f071624 (1 / 1 tries):
Mar 29 21:42:45 f0421499: 23.315575259860023527 FIL (136G free)
Mar 29 21:42:45 Escrow: 0.999999997255 FIL
Mar 29 21:42:45 Locked: 0.33251649052 FIL
Mar 29 21:42:45 Datacap: 4191485427712
Mar 29 21:42:46 ....
