Mar 30 02:56:04 Count: 3 of 4
Mar 30 02:56:04 f08399 (1 / 1 tries):
Mar 30 02:56:04 f0421499: 23.293832210218907393 FIL (11G free)
Mar 30 02:56:04 Escrow: 0.999645757255 FIL
Mar 30 02:56:04 Locked: 0.33249517244 FIL
Mar 30 02:56:04 Datacap: 3160693276672
Mar 30 02:56:04 ....
Mar 30 02:56:05 Count: 3 of 4
Mar 30 02:56:05 f01278 (1 / 1 tries):
Mar 30 02:56:06 f0421499: 23.293832210218907393 FIL (11G free)
Mar 30 02:56:06 Escrow: 0.999645757255 FIL
Mar 30 02:56:06 Locked: 0.33249517244 FIL
Mar 30 02:56:06 Datacap: 3160693276672
Mar 30 02:56:06 ....
Mar 30 02:56:07 Count: 3 of 4
Mar 30 02:56:07 f09848 (1 / 1 tries):
Mar 30 02:56:07 f0421499: 23.293832210218907393 FIL (11G free)
Mar 30 02:56:08 Escrow: 0.999645757255 FIL
Mar 30 02:56:08 Locked: 0.33249517244 FIL
Mar 30 02:56:08 Datacap: 3160693276672
Mar 30 02:56:08 ....
Mar 30 02:56:09 Count: 3 of 4
Mar 30 02:56:09 f0145874 (1 / 1 tries):
Mar 30 02:56:09 f0421499: 23.293832210218907393 FIL (11G free)
Mar 30 02:56:09 Escrow: 0.999645757255 FIL
Mar 30 02:56:09 Locked: 0.33249517244 FIL
Mar 30 02:56:09 Datacap: 3160693276672
Mar 30 02:56:10 ....
Mar 30 02:56:11 Count: 3 of 4
Mar 30 02:56:11 f02576 (1 / 1 tries):
Mar 30 02:56:11 f0421499: 23.293832210218907393 FIL (11G free)
Mar 30 02:56:11 Escrow: 0.999645757255 FIL
Mar 30 02:56:11 Locked: 0.33249517244 FIL
Mar 30 02:56:11 Datacap: 3160693276672
Mar 30 02:56:11 ....
Mar 30 02:56:12 Count: 3 of 4
Mar 30 02:56:12 f021716 (1 / 1 tries):
Mar 30 02:56:13 f0421499: 23.293832210218907393 FIL (11G free)
Mar 30 02:56:13 Escrow: 0.999645757255 FIL
Mar 30 02:56:13 Locked: 0.33249517244 FIL
Mar 30 02:56:13 Datacap: 3160693276672
Mar 30 02:56:13 ....
Mar 30 02:56:14 Count: 3 of 4
Mar 30 02:56:14 f022142 (1 / 1 tries):
Mar 30 02:56:14 f0421499: 23.293832210218907393 FIL (11G free)
Mar 30 02:56:14 Escrow: 0.999645757255 FIL
Mar 30 02:56:14 Locked: 0.33249517244 FIL
Mar 30 02:56:15 Datacap: 3160693276672
Mar 30 02:56:15 ....
Mar 30 02:56:16 Count: 3 of 4
Mar 30 02:56:16 f066596 (1 / 1 tries):
Mar 30 02:56:16 f0421499: 23.293832210218907393 FIL (11G free)
Mar 30 02:56:16 Escrow: 0.999645757255 FIL
Mar 30 02:56:16 Locked: 0.33249517244 FIL
Mar 30 02:56:16 Datacap: 3160693276672
Mar 30 02:56:16 ....
Mar 30 02:56:17 Count: 3 of 4
Mar 30 02:56:17 f022163 (1 / 1 tries):
Mar 30 02:56:18 f0421499: 23.293832210218907393 FIL (11G free)
Mar 30 02:56:18 Escrow: 0.999645757255 FIL
Mar 30 02:56:18 Locked: 0.33249517244 FIL
Mar 30 02:56:18 Datacap: 3160693276672
Mar 30 02:56:18 ....
Mar 30 02:56:19 Count: 3 of 4
Mar 30 02:56:19 f022352 (1 / 1 tries):
Mar 30 02:56:19 f0421499: 23.293832210218907393 FIL (11G free)
Mar 30 02:56:20 Escrow: 0.999645757255 FIL
Mar 30 02:56:20 Locked: 0.33249517244 FIL
Mar 30 02:56:20 Datacap: 3160693276672
Mar 30 02:56:20 ....
Mar 30 02:56:21 Count: 3 of 4
Mar 30 02:56:21 f062353 (1 / 1 tries):
Mar 30 02:56:21 f0421499: 23.293832210218907393 FIL (11G free)
Mar 30 02:56:21 Escrow: 0.999645757255 FIL
Mar 30 02:56:21 Locked: 0.33249517244 FIL
Mar 30 02:56:22 Datacap: 3160693276672
Mar 30 02:56:22 ....
Mar 30 02:56:23 Count: 3 of 4
Mar 30 02:56:23 f019100 (1 / 1 tries):
Mar 30 02:56:23 Skipping f019100: error-ask
Mar 30 02:56:23 
Mar 30 02:56:24 Count: 3 of 4
Mar 30 02:56:24 f0165400 (1 / 1 tries):
Mar 30 02:56:24 f0421499: 23.293832210218907393 FIL (11G free)
Mar 30 02:56:24 Escrow: 0.999645757255 FIL
Mar 30 02:56:24 Locked: 0.33249517244 FIL
Mar 30 02:56:25 Datacap: 3160693276672
Mar 30 02:56:25 ....
Mar 30 02:56:26 Count: 3 of 4
Mar 30 02:56:26 f071624 (1 / 1 tries):
Mar 30 02:56:26 f0421499: 23.293832210218907393 FIL (11G free)
Mar 30 02:56:26 Escrow: 0.999645757255 FIL
Mar 30 02:56:26 Locked: 0.33249517244 FIL
Mar 30 02:56:26 Datacap: 3160693276672
Mar 30 02:56:26 ....
Mar 30 02:56:27 Count: 3 of 4
Mar 30 02:56:27 f019362 (1 / 1 tries):
Mar 30 02:56:28 f0421499: 23.293832210218907393 FIL (11G free)
Mar 30 02:56:28 Escrow: 0.999645757255 FIL
Mar 30 02:56:28 Locked: 0.33249517244 FIL
Mar 30 02:56:28 Datacap: 3160693276672
Mar 30 02:56:28 ....
Mar 30 02:56:29 Count: 3 of 4
Mar 30 02:56:29 f0127896 (1 / 1 tries):
Mar 30 02:56:29 Skipping f0127896: min-ask
Mar 30 02:56:29 
Mar 30 02:56:30 Count: 3 of 4
Mar 30 02:56:30 f08403 (1 / 1 tries):
Mar 30 02:56:31 f0421499: 23.293832210218907393 FIL (11G free)
Mar 30 02:56:31 Escrow: 0.999645757255 FIL
Mar 30 02:56:31 Locked: 0.33249517244 FIL
Mar 30 02:56:31 Datacap: 3160693276672
Mar 30 02:56:31 ....
Mar 30 02:56:32 Count: 3 of 4
Mar 30 02:56:32 f01240 (1 / 1 tries):
Mar 30 02:56:32 f0421499: 23.293832210218907393 FIL (11G free)
Mar 30 02:56:33 Escrow: 0.999645757255 FIL
Mar 30 02:56:33 Locked: 0.33249517244 FIL
Mar 30 02:56:33 Datacap: 3160693276672
Mar 30 02:56:33 ....
Mar 30 02:56:34 Count: 3 of 4
Mar 30 02:56:34 f07998 (1 / 1 tries):
Mar 30 02:56:34 f0421499: 23.293832210218907393 FIL (11G free)
Mar 30 02:56:34 Escrow: 0.999645757255 FIL
Mar 30 02:56:34 Locked: 0.33249517244 FIL
Mar 30 02:56:35 Datacap: 3160693276672
Mar 30 02:56:35 ....
Mar 30 02:56:36 Count: 3 of 4
Mar 30 02:56:36 f01277 (1 / 1 tries):
Mar 30 02:56:36 Skipping f01277: min-ask
Mar 30 02:56:36 
Mar 30 02:56:37 Count: 3 of 4
Mar 30 02:56:37 f01247 (1 / 1 tries):
Mar 30 02:56:37 f0421499: 23.293832210218907393 FIL (11G free)
Mar 30 02:56:37 Escrow: 0.999645757255 FIL
Mar 30 02:56:37 Locked: 0.33249517244 FIL
Mar 30 02:56:37 Datacap: 3160693276672
Mar 30 02:56:37 ....
Mar 30 02:56:38 Count: 3 of 4
Mar 30 02:56:38 f099608 (1 / 1 tries):
Mar 30 02:56:39 f0421499: 23.293832210218907393 FIL (11G free)
Mar 30 02:56:39 Escrow: 0.999645757255 FIL
Mar 30 02:56:39 Locked: 0.33249517244 FIL
Mar 30 02:56:39 Datacap: 3160693276672
Mar 30 02:56:39 ....
Mar 30 02:56:40 Count: 3 of 4
Mar 30 02:56:40 f014409 (1 / 1 tries):
Mar 30 02:56:41 f0421499: 23.293832210218907393 FIL (11G free)
Mar 30 02:56:41 Escrow: 0.999645757255 FIL
Mar 30 02:56:41 Locked: 0.33249517244 FIL
Mar 30 02:56:41 Datacap: 3160693276672
Mar 30 02:56:41 ....
Mar 30 02:56:42 Count: 3 of 4
Mar 30 02:56:42 f023971 (1 / 1 tries):
Mar 30 02:56:43 f0421499: 23.293832210218907393 FIL (11G free)
Mar 30 02:56:43 Escrow: 0.999645757255 FIL
Mar 30 02:56:43 Locked: 0.33249517244 FIL
Mar 30 02:56:43 Datacap: 3160693276672
Mar 30 02:56:43 ....
Mar 30 02:56:44 Count: 3 of 4
Mar 30 02:56:44 f019551 (1 / 1 tries):
Mar 30 02:56:44 f0421499: 23.293832210218907393 FIL (11G free)
Mar 30 02:56:45 Escrow: 0.999645757255 FIL
Mar 30 02:56:45 Locked: 0.33249517244 FIL
Mar 30 02:56:45 Datacap: 3160693276672
Mar 30 02:56:45 ....
Mar 30 02:56:46 Count: 3 of 4
Mar 30 02:56:46 f010617 (1 / 1 tries):
Mar 30 02:56:46 f0421499: 23.293832210218907393 FIL (11G free)
Mar 30 02:56:46 Escrow: 0.999645757255 FIL
Mar 30 02:56:46 Locked: 0.33249517244 FIL
Mar 30 02:56:46 Datacap: 3160693276672
Mar 30 02:56:46 ....
Mar 30 02:56:47 Count: 3 of 4
Mar 30 02:56:47 f023467 (1 / 1 tries):
Mar 30 02:56:48 f0421499: 23.293832210218907393 FIL (11G free)
Mar 30 02:56:48 Escrow: 0.999645757255 FIL
Mar 30 02:56:48 Locked: 0.33249517244 FIL
Mar 30 02:56:48 Datacap: 3160693276672
Mar 30 02:56:48 ....
Mar 30 02:56:49 Count: 3 of 4
Mar 30 02:56:49 f02606 (1 / 1 tries):
Mar 30 02:56:50 f0421499: 23.293832210218907393 FIL (11G free)
Mar 30 02:56:50 Escrow: 0.999645757255 FIL
Mar 30 02:56:50 Locked: 0.33249517244 FIL
Mar 30 02:56:50 Datacap: 3160693276672
Mar 30 02:56:50 ....
Mar 30 02:56:51 Count: 3 of 4
Mar 30 02:56:51 f010479 (1 / 1 tries):
Mar 30 02:56:51 f0421499: 23.293832210218907393 FIL (11G free)
Mar 30 02:56:51 Escrow: 0.999645757255 FIL
Mar 30 02:56:51 Locked: 0.33249517244 FIL
Mar 30 02:56:52 Datacap: 3160693276672
Mar 30 02:56:52 ....
Mar 30 02:56:53 Count: 3 of 4
Mar 30 02:56:53 f0157535 (1 / 1 tries):
Mar 30 02:56:53 f0421499: 23.293832210218907393 FIL (11G free)
Mar 30 02:56:53 Escrow: 0.999645757255 FIL
Mar 30 02:56:53 Locked: 0.33249517244 FIL
Mar 30 02:56:53 Datacap: 3160693276672
Mar 30 02:56:53 ....
Mar 30 02:56:54 Count: 3 of 4
Mar 30 02:56:54 f019041 (1 / 1 tries):
Mar 30 02:56:55 f0421499: 23.293832210218907393 FIL (11G free)
Mar 30 02:56:55 Escrow: 0.999645757255 FIL
Mar 30 02:56:55 Locked: 0.33249517244 FIL
Mar 30 02:56:55 Datacap: 3160693276672
Mar 30 02:56:55 ....
Mar 30 02:56:56 Count: 3 of 4
Mar 30 02:56:56 f014768 (1 / 1 tries):
Mar 30 02:56:56 f0421499: 23.293832210218907393 FIL (11G free)
Mar 30 02:56:57 Escrow: 0.999645757255 FIL
Mar 30 02:56:57 Locked: 0.33249517244 FIL
Mar 30 02:56:57 Datacap: 3160693276672
Mar 30 02:56:57 ....
Mar 30 02:56:58 Count: 3 of 4
Mar 30 02:56:58 f01234 (1 / 1 tries):
Mar 30 02:56:58 f0421499: 23.293832210218907393 FIL (11G free)
Mar 30 02:56:58 Escrow: 0.999645757255 FIL
Mar 30 02:56:58 Locked: 0.33249517244 FIL
Mar 30 02:56:58 Datacap: 3160693276672
Mar 30 02:56:58 ....
Mar 30 02:56:59 Count: 3 of 4
Mar 30 02:56:59 f058369 (1 / 1 tries):
Mar 30 02:57:00 f0421499: 23.293832210218907393 FIL (11G free)
Mar 30 02:57:00 Escrow: 0.999645757255 FIL
Mar 30 02:57:00 Locked: 0.33249517244 FIL
Mar 30 02:57:00 Datacap: 3160693276672
Mar 30 02:57:00 ....
Mar 30 02:57:01 Count: 3 of 4
Mar 30 02:57:01 f015927 (1 / 1 tries):
Mar 30 02:57:02 Skipping f015927: min-ask
Mar 30 02:57:02 
Mar 30 02:57:03 Count: 3 of 4
Mar 30 02:57:03 f019104 (1 / 1 tries):
Mar 30 02:57:03 Skipping f019104: error-ask
Mar 30 02:57:03 
