Mar 30 05:07:05 Count: 3 of 4
Mar 30 05:07:05 f0145874 (1 / 1 tries):
Mar 30 05:07:05 f0421499: 23.293832210218907393 FIL (11G free)
Mar 30 05:07:05 Escrow: 0.999645757255 FIL
Mar 30 05:07:05 Locked: 0.33249517244 FIL
Mar 30 05:07:06 Datacap: 3160693276672
Mar 30 05:07:06 ....
Mar 30 05:07:07 Count: 3 of 4
Mar 30 05:07:07 f01277 (1 / 1 tries):
Mar 30 05:07:07 Skipping f01277: min-ask
Mar 30 05:07:07 
Mar 30 05:07:08 Count: 3 of 4
Mar 30 05:07:08 f022142 (1 / 1 tries):
Mar 30 05:07:09 f0421499: 23.293832210218907393 FIL (11G free)
Mar 30 05:07:09 Escrow: 0.999645757255 FIL
Mar 30 05:07:09 Locked: 0.33249517244 FIL
Mar 30 05:07:10 Datacap: 3160693276672
Mar 30 05:07:10 ....
Mar 30 05:07:11 Count: 3 of 4
Mar 30 05:07:11 f023971 (1 / 1 tries):
Mar 30 05:07:11 f0421499: 23.293832210218907393 FIL (11G free)
Mar 30 05:07:12 Escrow: 0.999645757255 FIL
Mar 30 05:07:12 Locked: 0.33249517244 FIL
Mar 30 05:07:12 Datacap: 3160693276672
Mar 30 05:07:12 ....
Mar 30 05:07:13 Count: 3 of 4
Mar 30 05:07:13 f019100 (1 / 1 tries):
Mar 30 05:07:13 Skipping f019100: error-ask
Mar 30 05:07:13 
Mar 30 05:07:14 Count: 3 of 4
Mar 30 05:07:14 f015927 (1 / 1 tries):
Mar 30 05:07:15 Skipping f015927: min-ask
Mar 30 05:07:15 
Mar 30 05:07:16 Count: 3 of 4
Mar 30 05:07:16 f062353 (1 / 1 tries):
Mar 30 05:07:17 f0421499: 23.293832210218907393 FIL (11G free)
Mar 30 05:07:17 Escrow: 0.999645757255 FIL
Mar 30 05:07:17 Locked: 0.33249517244 FIL
Mar 30 05:07:17 Datacap: 3160693276672
Mar 30 05:07:17 ....
Mar 30 05:07:18 Count: 3 of 4
Mar 30 05:07:18 f01247 (1 / 1 tries):
Mar 30 05:07:19 f0421499: 23.293832210218907393 FIL (11G free)
Mar 30 05:07:19 Escrow: 0.999645757255 FIL
Mar 30 05:07:19 Locked: 0.33249517244 FIL
Mar 30 05:07:20 Datacap: 3160693276672
Mar 30 05:07:20 ....
Mar 30 05:07:21 Count: 3 of 4
Mar 30 05:07:21 f02606 (1 / 1 tries):
Mar 30 05:07:22 f0421499: 23.293832210218907393 FIL (11G free)
Mar 30 05:07:22 Escrow: 0.999645757255 FIL
Mar 30 05:07:22 Locked: 0.33249517244 FIL
Mar 30 05:07:22 Datacap: 3160693276672
Mar 30 05:07:22 ....
Mar 30 05:07:23 Count: 3 of 4
Mar 30 05:07:23 f099608 (1 / 1 tries):
Mar 30 05:07:24 f0421499: 23.293832210218907393 FIL (11G free)
Mar 30 05:07:24 Escrow: 0.999645757255 FIL
Mar 30 05:07:24 Locked: 0.33249517244 FIL
Mar 30 05:07:25 Datacap: 3160693276672
Mar 30 05:07:25 ....
Mar 30 05:07:26 Count: 3 of 4
Mar 30 05:07:26 f066596 (1 / 1 tries):
Mar 30 05:07:27 f0421499: 23.293832210218907393 FIL (11G free)
Mar 30 05:07:27 Escrow: 0.999645757255 FIL
Mar 30 05:07:27 Locked: 0.33249517244 FIL
Mar 30 05:07:27 Datacap: 3160693276672
Mar 30 05:07:27 ....
Mar 30 05:07:28 Count: 3 of 4
Mar 30 05:07:28 f014768 (1 / 1 tries):
Mar 30 05:07:29 f0421499: 23.293832210218907393 FIL (11G free)
Mar 30 05:07:29 Escrow: 0.999645757255 FIL
Mar 30 05:07:29 Locked: 0.33249517244 FIL
Mar 30 05:07:30 Datacap: 3160693276672
Mar 30 05:07:30 ....
Mar 30 05:07:31 Count: 3 of 4
Mar 30 05:07:31 f019551 (1 / 1 tries):
Mar 30 05:07:31 f0421499: 23.293832210218907393 FIL (11G free)
Mar 30 05:07:32 Escrow: 0.999645757255 FIL
Mar 30 05:07:32 Locked: 0.33249517244 FIL
Mar 30 05:07:32 Datacap: 3160693276672
Mar 30 05:07:32 ....
Mar 30 05:07:33 Count: 3 of 4
Mar 30 05:07:33 f058369 (1 / 1 tries):
Mar 30 05:07:34 f0421499: 23.293832210218907393 FIL (11G free)
Mar 30 05:07:34 Escrow: 0.999645757255 FIL
Mar 30 05:07:34 Locked: 0.33249517244 FIL
Mar 30 05:07:34 Datacap: 3160693276672
Mar 30 05:07:34 ....
Mar 30 05:07:35 Count: 3 of 4
Mar 30 05:07:35 f019104 (1 / 1 tries):
Mar 30 05:07:36 Skipping f019104: error-ask
Mar 30 05:07:36 
Mar 30 05:07:37 Count: 3 of 4
Mar 30 05:07:37 f010617 (1 / 1 tries):
Mar 30 05:07:37 f0421499: 23.293832210218907393 FIL (11G free)
Mar 30 05:07:38 Escrow: 0.999645757255 FIL
Mar 30 05:07:38 Locked: 0.33249517244 FIL
Mar 30 05:07:38 Datacap: 3160693276672
Mar 30 05:07:38 ....
Mar 30 05:07:39 Count: 3 of 4
Mar 30 05:07:39 f01240 (1 / 1 tries):
Mar 30 05:07:40 f0421499: 23.293832210218907393 FIL (11G free)
Mar 30 05:07:40 Escrow: 0.999645757255 FIL
Mar 30 05:07:40 Locked: 0.33249517244 FIL
Mar 30 05:07:40 Datacap: 3160693276672
Mar 30 05:07:40 ....
Mar 30 05:07:41 Count: 3 of 4
Mar 30 05:07:41 f07998 (1 / 1 tries):
Mar 30 05:07:42 f0421499: 23.293832210218907393 FIL (11G free)
Mar 30 05:07:42 Escrow: 0.999645757255 FIL
Mar 30 05:07:42 Locked: 0.33249517244 FIL
Mar 30 05:07:43 Datacap: 3160693276672
Mar 30 05:07:43 ....
Mar 30 05:07:44 Count: 3 of 4
Mar 30 05:07:44 f010479 (1 / 1 tries):
Mar 30 05:07:45 f0421499: 23.293832210218907393 FIL (11G free)
Mar 30 05:07:45 Escrow: 0.999645757255 FIL
Mar 30 05:07:45 Locked: 0.33249517244 FIL
Mar 30 05:07:45 Datacap: 3160693276672
Mar 30 05:07:45 ....
Mar 30 05:07:46 Count: 3 of 4
Mar 30 05:07:46 f071624 (1 / 1 tries):
Mar 30 05:07:47 f0421499: 23.293832210218907393 FIL (11G free)
Mar 30 05:07:47 Escrow: 0.999645757255 FIL
Mar 30 05:07:47 Locked: 0.33249517244 FIL
Mar 30 05:07:48 Datacap: 3160693276672
Mar 30 05:07:48 ....
Mar 30 05:07:49 Count: 3 of 4
Mar 30 05:07:49 f0165400 (1 / 1 tries):
Mar 30 05:07:49 f0421499: 23.293832210218907393 FIL (11G free)
Mar 30 05:07:49 Escrow: 0.999645757255 FIL
Mar 30 05:07:49 Locked: 0.33249517244 FIL
Mar 30 05:07:50 Datacap: 3160693276672
Mar 30 05:07:50 ....
Mar 30 05:07:51 Count: 3 of 4
Mar 30 05:07:51 f02576 (1 / 1 tries):
Mar 30 05:07:52 f0421499: 23.293832210218907393 FIL (11G free)
Mar 30 05:07:52 Escrow: 0.999645757255 FIL
Mar 30 05:07:52 Locked: 0.33249517244 FIL
Mar 30 05:07:53 Datacap: 3160693276672
Mar 30 05:07:53 ....
Mar 30 05:07:54 Count: 3 of 4
Mar 30 05:07:54 f0157535 (1 / 1 tries):
Mar 30 05:07:55 f0421499: 23.293832210218907393 FIL (11G free)
Mar 30 05:07:55 Escrow: 0.999645757255 FIL
Mar 30 05:07:55 Locked: 0.33249517244 FIL
Mar 30 05:07:55 Datacap: 3160693276672
Mar 30 05:07:55 ....
Mar 30 05:07:56 Count: 3 of 4
Mar 30 05:07:56 f019041 (1 / 1 tries):
Mar 30 05:07:57 f0421499: 23.293832210218907393 FIL (11G free)
Mar 30 05:07:58 Escrow: 0.999645757255 FIL
Mar 30 05:07:58 Locked: 0.33249517244 FIL
Mar 30 05:07:58 Datacap: 3160693276672
Mar 30 05:07:58 ....
Mar 30 05:07:59 Count: 3 of 4
Mar 30 05:07:59 f021716 (1 / 1 tries):
Mar 30 05:08:00 f0421499: 23.293832210218907393 FIL (11G free)
Mar 30 05:08:00 Escrow: 0.999645757255 FIL
Mar 30 05:08:00 Locked: 0.33249517244 FIL
Mar 30 05:08:00 Datacap: 3160693276672
Mar 30 05:08:01 ....
Mar 30 05:08:02 Count: 3 of 4
Mar 30 05:08:02 f09848 (1 / 1 tries):
Mar 30 05:08:02 f0421499: 23.293832210218907393 FIL (11G free)
Mar 30 05:08:03 Escrow: 0.999645757255 FIL
Mar 30 05:08:03 Locked: 0.33249517244 FIL
Mar 30 05:08:03 Datacap: 3160693276672
Mar 30 05:08:03 ....
Mar 30 05:08:04 Count: 3 of 4
Mar 30 05:08:04 f08399 (1 / 1 tries):
Mar 30 05:08:05 f0421499: 23.293832210218907393 FIL (11G free)
Mar 30 05:08:05 Escrow: 0.999645757255 FIL
Mar 30 05:08:05 Locked: 0.33249517244 FIL
Mar 30 05:08:06 Datacap: 3160693276672
Mar 30 05:08:06 ....
Mar 30 05:08:07 Count: 3 of 4
Mar 30 05:08:07 f023467 (1 / 1 tries):
Mar 30 05:08:08 f0421499: 23.293832210218907393 FIL (11G free)
Mar 30 05:08:08 Escrow: 0.999645757255 FIL
Mar 30 05:08:08 Locked: 0.33249517244 FIL
Mar 30 05:08:08 Datacap: 3160693276672
Mar 30 05:08:08 ....
Mar 30 05:08:09 Count: 3 of 4
Mar 30 05:08:09 f01234 (1 / 1 tries):
Mar 30 05:08:10 f0421499: 23.293832210218907393 FIL (11G free)
Mar 30 05:08:11 Escrow: 0.999645757255 FIL
Mar 30 05:08:11 Locked: 0.33249517244 FIL
Mar 30 05:08:11 Datacap: 3160693276672
Mar 30 05:08:11 ....
Mar 30 05:08:12 Count: 3 of 4
Mar 30 05:08:12 f022352 (1 / 1 tries):
Mar 30 05:08:13 f0421499: 23.293832210218907393 FIL (11G free)
Mar 30 05:08:13 Escrow: 0.999645757255 FIL
Mar 30 05:08:13 Locked: 0.33249517244 FIL
Mar 30 05:08:14 Datacap: 3160693276672
Mar 30 05:08:14 ....
Mar 30 05:08:15 Count: 3 of 4
Mar 30 05:08:15 f01278 (1 / 1 tries):
Mar 30 05:08:16 f0421499: 23.293832210218907393 FIL (11G free)
Mar 30 05:08:16 Escrow: 0.999645757255 FIL
Mar 30 05:08:16 Locked: 0.33249517244 FIL
Mar 30 05:08:16 Datacap: 3160693276672
Mar 30 05:08:17 ....
Mar 30 05:08:18 Count: 3 of 4
Mar 30 05:08:18 f014409 (1 / 1 tries):
Mar 30 05:08:18 f0421499: 23.293832210218907393 FIL (11G free)
Mar 30 05:08:18 Escrow: 0.999645757255 FIL
Mar 30 05:08:18 Locked: 0.33249517244 FIL
Mar 30 05:08:19 Datacap: 3160693276672
Mar 30 05:08:19 ....
Mar 30 05:08:20 Count: 3 of 4
Mar 30 05:08:20 f022163 (1 / 1 tries):
Mar 30 05:08:21 f0421499: 23.293832210218907393 FIL (11G free)
Mar 30 05:08:21 Escrow: 0.999645757255 FIL
Mar 30 05:08:21 Locked: 0.33249517244 FIL
Mar 30 05:08:21 Datacap: 3160693276672
Mar 30 05:08:21 ....
Mar 30 05:08:22 Count: 3 of 4
Mar 30 05:08:22 f019362 (1 / 1 tries):
Mar 30 05:08:23 f0421499: 23.293832210218907393 FIL (11G free)
Mar 30 05:08:23 Escrow: 0.999645757255 FIL
Mar 30 05:08:23 Locked: 0.33249517244 FIL
Mar 30 05:08:24 Datacap: 3160693276672
Mar 30 05:08:24 ....
Mar 30 05:08:25 Count: 3 of 4
Mar 30 05:08:25 f08403 (1 / 1 tries):
Mar 30 05:08:26 f0421499: 23.293832210218907393 FIL (11G free)
Mar 30 05:08:26 Escrow: 0.999645757255 FIL
Mar 30 05:08:26 Locked: 0.33249517244 FIL
Mar 30 05:08:26 Datacap: 3160693276672
Mar 30 05:08:26 ....
Mar 30 05:08:27 Count: 3 of 4
Mar 30 05:08:27 f0127896 (1 / 1 tries):
Mar 30 05:08:27 Skipping f0127896: min-ask
Mar 30 05:08:27 
