Mar 30 03:03:09 Count: 3 of 4
Mar 30 03:03:09 f0145874 (1 / 1 tries):
Mar 30 03:03:10 f0421499: 23.293832210218907393 FIL (11G free)
Mar 30 03:03:10 Escrow: 0.999645757255 FIL
Mar 30 03:03:10 Locked: 0.33249517244 FIL
Mar 30 03:03:10 Datacap: 3160693276672
Mar 30 03:03:10 ....
Mar 30 03:03:11 Count: 3 of 4
Mar 30 03:03:11 f022163 (1 / 1 tries):
Mar 30 03:03:11 f0421499: 23.293832210218907393 FIL (11G free)
Mar 30 03:03:12 Escrow: 0.999645757255 FIL
Mar 30 03:03:12 Locked: 0.33249517244 FIL
Mar 30 03:03:12 Datacap: 3160693276672
Mar 30 03:03:12 ....
Mar 30 03:03:13 Count: 3 of 4
Mar 30 03:03:13 f09848 (1 / 1 tries):
Mar 30 03:03:13 f0421499: 23.293832210218907393 FIL (11G free)
Mar 30 03:03:13 Escrow: 0.999645757255 FIL
Mar 30 03:03:13 Locked: 0.33249517244 FIL
Mar 30 03:03:14 Datacap: 3160693276672
Mar 30 03:03:14 ....
Mar 30 03:03:15 Count: 3 of 4
Mar 30 03:03:15 f0127896 (1 / 1 tries):
Mar 30 03:03:15 Skipping f0127896: min-ask
Mar 30 03:03:15 
Mar 30 03:03:16 Count: 3 of 4
Mar 30 03:03:16 f023467 (1 / 1 tries):
Mar 30 03:03:16 f0421499: 23.293832210218907393 FIL (11G free)
Mar 30 03:03:16 Escrow: 0.999645757255 FIL
Mar 30 03:03:16 Locked: 0.33249517244 FIL
Mar 30 03:03:17 Datacap: 3160693276672
Mar 30 03:03:17 ....
Mar 30 03:03:18 Count: 3 of 4
Mar 30 03:03:18 f071624 (1 / 1 tries):
Mar 30 03:03:18 f0421499: 23.293832210218907393 FIL (11G free)
Mar 30 03:03:18 Escrow: 0.999645757255 FIL
Mar 30 03:03:18 Locked: 0.33249517244 FIL
Mar 30 03:03:18 Datacap: 3160693276672
Mar 30 03:03:18 ....
Mar 30 03:03:19 Count: 3 of 4
Mar 30 03:03:19 f01234 (1 / 1 tries):
Mar 30 03:03:20 f0421499: 23.293832210218907393 FIL (11G free)
Mar 30 03:03:20 Escrow: 0.999645757255 FIL
Mar 30 03:03:20 Locked: 0.33249517244 FIL
Mar 30 03:03:20 Datacap: 3160693276672
Mar 30 03:03:20 ....
Mar 30 03:03:21 Count: 3 of 4
Mar 30 03:03:21 f01247 (1 / 1 tries):
Mar 30 03:03:21 f0421499: 23.293832210218907393 FIL (11G free)
Mar 30 03:03:21 Escrow: 0.999645757255 FIL
Mar 30 03:03:21 Locked: 0.33249517244 FIL
Mar 30 03:03:22 Datacap: 3160693276672
Mar 30 03:03:22 ....
Mar 30 03:03:23 Count: 3 of 4
Mar 30 03:03:23 f07998 (1 / 1 tries):
Mar 30 03:03:23 f0421499: 23.293832210218907393 FIL (11G free)
Mar 30 03:03:23 Escrow: 0.999645757255 FIL
Mar 30 03:03:23 Locked: 0.33249517244 FIL
Mar 30 03:03:24 Datacap: 3160693276672
Mar 30 03:03:24 ....
Mar 30 03:03:25 Count: 3 of 4
Mar 30 03:03:25 f08399 (1 / 1 tries):
Mar 30 03:03:25 f0421499: 23.293832210218907393 FIL (11G free)
Mar 30 03:03:25 Escrow: 0.999645757255 FIL
Mar 30 03:03:25 Locked: 0.33249517244 FIL
Mar 30 03:03:25 Datacap: 3160693276672
Mar 30 03:03:25 ....
Mar 30 03:03:26 Count: 3 of 4
Mar 30 03:03:26 f01240 (1 / 1 tries):
Mar 30 03:03:27 f0421499: 23.293832210218907393 FIL (11G free)
Mar 30 03:03:27 Escrow: 0.999645757255 FIL
Mar 30 03:03:27 Locked: 0.33249517244 FIL
Mar 30 03:03:27 Datacap: 3160693276672
Mar 30 03:03:27 ....
Mar 30 03:03:28 Count: 3 of 4
Mar 30 03:03:28 f010617 (1 / 1 tries):
Mar 30 03:03:28 f0421499: 23.293832210218907393 FIL (11G free)
Mar 30 03:03:28 Escrow: 0.999645757255 FIL
Mar 30 03:03:28 Locked: 0.33249517244 FIL
Mar 30 03:03:29 Datacap: 3160693276672
Mar 30 03:03:29 ....
Mar 30 03:03:30 Count: 3 of 4
Mar 30 03:03:30 f08403 (1 / 1 tries):
Mar 30 03:03:30 f0421499: 23.293832210218907393 FIL (11G free)
Mar 30 03:03:30 Escrow: 0.999645757255 FIL
Mar 30 03:03:30 Locked: 0.33249517244 FIL
Mar 30 03:03:30 Datacap: 3160693276672
Mar 30 03:03:30 ....
Mar 30 03:03:31 Count: 3 of 4
Mar 30 03:03:31 f010479 (1 / 1 tries):
Mar 30 03:03:32 f0421499: 23.293832210218907393 FIL (11G free)
Mar 30 03:03:32 Escrow: 0.999645757255 FIL
Mar 30 03:03:32 Locked: 0.33249517244 FIL
Mar 30 03:03:32 Datacap: 3160693276672
Mar 30 03:03:32 ....
Mar 30 03:03:33 Count: 3 of 4
Mar 30 03:03:33 f099608 (1 / 1 tries):
Mar 30 03:03:34 f0421499: 23.293832210218907393 FIL (11G free)
Mar 30 03:03:34 Escrow: 0.999645757255 FIL
Mar 30 03:03:34 Locked: 0.33249517244 FIL
Mar 30 03:03:34 Datacap: 3160693276672
Mar 30 03:03:34 ....
Mar 30 03:03:35 Count: 3 of 4
Mar 30 03:03:35 f058369 (1 / 1 tries):
Mar 30 03:03:35 f0421499: 23.293832210218907393 FIL (11G free)
Mar 30 03:03:35 Escrow: 0.999645757255 FIL
Mar 30 03:03:35 Locked: 0.33249517244 FIL
Mar 30 03:03:36 Datacap: 3160693276672
Mar 30 03:03:36 ....
Mar 30 03:03:37 Count: 3 of 4
Mar 30 03:03:37 f02606 (1 / 1 tries):
Mar 30 03:03:37 f0421499: 23.293832210218907393 FIL (11G free)
Mar 30 03:03:37 Escrow: 0.999645757255 FIL
Mar 30 03:03:37 Locked: 0.33249517244 FIL
Mar 30 03:03:37 Datacap: 3160693276672
Mar 30 03:03:37 ....
Mar 30 03:03:38 Count: 3 of 4
Mar 30 03:03:38 f019100 (1 / 1 tries):
Mar 30 03:03:39 Skipping f019100: error-ask
Mar 30 03:03:39 
Mar 30 03:03:40 Count: 3 of 4
Mar 30 03:03:40 f0157535 (1 / 1 tries):
Mar 30 03:03:40 f0421499: 23.293832210218907393 FIL (11G free)
Mar 30 03:03:40 Escrow: 0.999645757255 FIL
Mar 30 03:03:40 Locked: 0.33249517244 FIL
Mar 30 03:03:40 Datacap: 3160693276672
Mar 30 03:03:40 ....
Mar 30 03:03:41 Count: 3 of 4
Mar 30 03:03:41 f066596 (1 / 1 tries):
Mar 30 03:03:42 f0421499: 23.293832210218907393 FIL (11G free)
Mar 30 03:03:42 Escrow: 0.999645757255 FIL
Mar 30 03:03:42 Locked: 0.33249517244 FIL
Mar 30 03:03:42 Datacap: 3160693276672
Mar 30 03:03:42 ....
Mar 30 03:03:43 Count: 3 of 4
Mar 30 03:03:43 f019362 (1 / 1 tries):
Mar 30 03:03:43 f0421499: 23.293832210218907393 FIL (11G free)
Mar 30 03:03:44 Escrow: 0.999645757255 FIL
Mar 30 03:03:44 Locked: 0.33249517244 FIL
Mar 30 03:03:44 Datacap: 3160693276672
Mar 30 03:03:44 ....
Mar 30 03:03:45 Count: 3 of 4
Mar 30 03:03:45 f021716 (1 / 1 tries):
Mar 30 03:03:45 f0421499: 23.293832210218907393 FIL (11G free)
Mar 30 03:03:46 Escrow: 0.999645757255 FIL
Mar 30 03:03:46 Locked: 0.33249517244 FIL
Mar 30 03:03:46 Datacap: 3160693276672
Mar 30 03:03:46 ....
Mar 30 03:03:47 Count: 3 of 4
Mar 30 03:03:47 f019104 (1 / 1 tries):
Mar 30 03:03:47 Skipping f019104: error-ask
Mar 30 03:03:47 
Mar 30 03:03:48 Count: 3 of 4
Mar 30 03:03:48 f014409 (1 / 1 tries):
Mar 30 03:03:48 f0421499: 23.293832210218907393 FIL (11G free)
Mar 30 03:03:49 Escrow: 0.999645757255 FIL
Mar 30 03:03:49 Locked: 0.33249517244 FIL
Mar 30 03:03:49 Datacap: 3160693276672
Mar 30 03:03:49 ....
Mar 30 03:03:50 Count: 3 of 4
Mar 30 03:03:50 f0165400 (1 / 1 tries):
Mar 30 03:03:50 f0421499: 23.293832210218907393 FIL (11G free)
Mar 30 03:03:50 Escrow: 0.999645757255 FIL
Mar 30 03:03:50 Locked: 0.33249517244 FIL
Mar 30 03:03:51 Datacap: 3160693276672
Mar 30 03:03:51 ....
Mar 30 03:03:52 Count: 3 of 4
Mar 30 03:03:52 f014768 (1 / 1 tries):
Mar 30 03:03:52 f0421499: 23.293832210218907393 FIL (11G free)
Mar 30 03:03:52 Escrow: 0.999645757255 FIL
Mar 30 03:03:52 Locked: 0.33249517244 FIL
Mar 30 03:03:52 Datacap: 3160693276672
Mar 30 03:03:52 ....
Mar 30 03:03:53 Count: 3 of 4
Mar 30 03:03:53 f019551 (1 / 1 tries):
Mar 30 03:03:54 f0421499: 23.293832210218907393 FIL (11G free)
Mar 30 03:03:54 Escrow: 0.999645757255 FIL
Mar 30 03:03:54 Locked: 0.33249517244 FIL
Mar 30 03:03:54 Datacap: 3160693276672
Mar 30 03:03:54 ....
Mar 30 03:03:55 Count: 3 of 4
Mar 30 03:03:55 f022352 (1 / 1 tries):
Mar 30 03:03:55 f0421499: 23.293832210218907393 FIL (11G free)
Mar 30 03:03:55 Escrow: 0.999645757255 FIL
Mar 30 03:03:55 Locked: 0.33249517244 FIL
Mar 30 03:03:56 Datacap: 3160693276672
Mar 30 03:03:56 ....
Mar 30 03:03:57 Count: 3 of 4
Mar 30 03:03:57 f01278 (1 / 1 tries):
Mar 30 03:03:57 f0421499: 23.293832210218907393 FIL (11G free)
Mar 30 03:03:57 Escrow: 0.999645757255 FIL
Mar 30 03:03:57 Locked: 0.33249517244 FIL
Mar 30 03:03:58 Datacap: 3160693276672
Mar 30 03:03:58 ....
Mar 30 03:03:59 Count: 3 of 4
Mar 30 03:03:59 f02576 (1 / 1 tries):
Mar 30 03:03:59 f0421499: 23.293832210218907393 FIL (11G free)
Mar 30 03:03:59 Escrow: 0.999645757255 FIL
Mar 30 03:03:59 Locked: 0.33249517244 FIL
Mar 30 03:03:59 Datacap: 3160693276672
Mar 30 03:03:59 ....
Mar 30 03:04:00 Count: 3 of 4
Mar 30 03:04:00 f01277 (1 / 1 tries):
Mar 30 03:04:01 Skipping f01277: min-ask
Mar 30 03:04:01 
Mar 30 03:04:02 Count: 3 of 4
Mar 30 03:04:02 f022142 (1 / 1 tries):
Mar 30 03:04:02 f0421499: 23.293832210218907393 FIL (11G free)
Mar 30 03:04:02 Escrow: 0.999645757255 FIL
Mar 30 03:04:02 Locked: 0.33249517244 FIL
Mar 30 03:04:02 Datacap: 3160693276672
Mar 30 03:04:02 ....
Mar 30 03:04:03 Count: 3 of 4
Mar 30 03:04:03 f015927 (1 / 1 tries):
Mar 30 03:04:04 Skipping f015927: min-ask
Mar 30 03:04:04 
Mar 30 03:04:05 Count: 3 of 4
Mar 30 03:04:05 f062353 (1 / 1 tries):
Mar 30 03:04:05 f0421499: 23.293832210218907393 FIL (11G free)
Mar 30 03:04:05 Escrow: 0.999645757255 FIL
Mar 30 03:04:05 Locked: 0.33249517244 FIL
Mar 30 03:04:05 Datacap: 3160693276672
Mar 30 03:04:05 ....
Mar 30 03:04:06 Count: 3 of 4
Mar 30 03:04:06 f019041 (1 / 1 tries):
Mar 30 03:04:07 f0421499: 23.293832210218907393 FIL (11G free)
Mar 30 03:04:07 Escrow: 0.999645757255 FIL
Mar 30 03:04:07 Locked: 0.33249517244 FIL
Mar 30 03:04:07 Datacap: 3160693276672
Mar 30 03:04:07 ....
Mar 30 03:04:08 Count: 3 of 4
Mar 30 03:04:08 f023971 (1 / 1 tries):
Mar 30 03:04:08 f0421499: 23.293832210218907393 FIL (11G free)
Mar 30 03:04:09 Escrow: 0.999645757255 FIL
Mar 30 03:04:09 Locked: 0.33249517244 FIL
Mar 30 03:04:09 Datacap: 3160693276672
Mar 30 03:04:09 ....
