Mar 30 14:05:12 Count: 3 of 4
Mar 30 14:05:12 f022163 (1 / 1 tries):
Mar 30 14:05:12 f0421499: 23.293832210218907393 FIL (8.5G free)
Mar 30 14:05:12 Escrow: 0.999645757255 FIL
Mar 30 14:05:12 Locked: 0.33249517244 FIL
Mar 30 14:05:13 Datacap: 3160693276672
Mar 30 14:05:13 ....
Mar 30 14:05:14 Count: 3 of 4
Mar 30 14:05:14 f066596 (1 / 1 tries):
Mar 30 14:05:15 f0421499: 23.293832210218907393 FIL (8.5G free)
Mar 30 14:05:15 Escrow: 0.999645757255 FIL
Mar 30 14:05:15 Locked: 0.33249517244 FIL
Mar 30 14:05:15 Datacap: 3160693276672
Mar 30 14:05:15 ....
Mar 30 14:05:16 Count: 3 of 4
Mar 30 14:05:16 f019362 (1 / 1 tries):
Mar 30 14:05:17 f0421499: 23.293832210218907393 FIL (8.5G free)
Mar 30 14:05:17 Escrow: 0.999645757255 FIL
Mar 30 14:05:17 Locked: 0.33249517244 FIL
Mar 30 14:05:18 Datacap: 3160693276672
Mar 30 14:05:18 ....
Mar 30 14:05:19 Count: 3 of 4
Mar 30 14:05:19 f08399 (1 / 1 tries):
Mar 30 14:05:19 f0421499: 23.293832210218907393 FIL (8.5G free)
Mar 30 14:05:19 Escrow: 0.999645757255 FIL
Mar 30 14:05:19 Locked: 0.33249517244 FIL
Mar 30 14:05:20 Datacap: 3160693276672
Mar 30 14:05:20 ....
Mar 30 14:05:21 Count: 3 of 4
Mar 30 14:05:21 f019551 (1 / 1 tries):
Mar 30 14:05:22 f0421499: 23.293832210218907393 FIL (8.5G free)
Mar 30 14:05:22 Escrow: 0.999645757255 FIL
Mar 30 14:05:22 Locked: 0.33249517244 FIL
Mar 30 14:05:23 Datacap: 3160693276672
Mar 30 14:05:23 ....
Mar 30 14:05:24 Count: 3 of 4
Mar 30 14:05:24 f02576 (1 / 1 tries):
Mar 30 14:05:24 f0421499: 23.293832210218907393 FIL (8.5G free)
Mar 30 14:05:24 Escrow: 0.999645757255 FIL
Mar 30 14:05:24 Locked: 0.33249517244 FIL
Mar 30 14:05:25 Datacap: 3160693276672
Mar 30 14:05:25 ....
Mar 30 14:05:26 Count: 3 of 4
Mar 30 14:05:26 f019100 (1 / 1 tries):
Mar 30 14:05:27 Skipping f019100: error-ask
Mar 30 14:05:27 
Mar 30 14:05:28 Count: 3 of 4
Mar 30 14:05:28 f01277 (1 / 1 tries):
Mar 30 14:05:28 Skipping f01277: min-ask
Mar 30 14:05:28 
Mar 30 14:05:29 Count: 3 of 4
Mar 30 14:05:29 f08403 (1 / 1 tries):
Mar 30 14:05:30 f0421499: 23.293832210218907393 FIL (8.5G free)
Mar 30 14:05:30 Escrow: 0.999645757255 FIL
Mar 30 14:05:30 Locked: 0.33249517244 FIL
Mar 30 14:05:30 Datacap: 3160693276672
Mar 30 14:05:31 ....
Mar 30 14:05:32 Count: 3 of 4
Mar 30 14:05:32 f0145874 (1 / 1 tries):
Mar 30 14:05:32 f0421499: 23.293832210218907393 FIL (8.5G free)
Mar 30 14:05:32 Escrow: 0.999645757255 FIL
Mar 30 14:05:32 Locked: 0.33249517244 FIL
Mar 30 14:05:33 Datacap: 3160693276672
Mar 30 14:05:33 ....
Mar 30 14:05:34 Count: 3 of 4
Mar 30 14:05:34 f010479 (1 / 1 tries):
Mar 30 14:05:34 f0421499: 23.293832210218907393 FIL (8.5G free)
Mar 30 14:05:34 Escrow: 0.999645757255 FIL
Mar 30 14:05:34 Locked: 0.33249517244 FIL
Mar 30 14:05:35 Datacap: 3160693276672
Mar 30 14:05:35 ....
Mar 30 14:05:36 Count: 3 of 4
Mar 30 14:05:36 f023467 (1 / 1 tries):
Mar 30 14:05:36 f0421499: 23.293832210218907393 FIL (8.5G free)
Mar 30 14:05:37 Escrow: 0.999645757255 FIL
Mar 30 14:05:37 Locked: 0.33249517244 FIL
Mar 30 14:05:37 Datacap: 3160693276672
Mar 30 14:05:37 ....
Mar 30 14:05:38 Count: 3 of 4
Mar 30 14:05:38 f023971 (1 / 1 tries):
Mar 30 14:05:39 f0421499: 23.293832210218907393 FIL (8.5G free)
Mar 30 14:05:39 Escrow: 0.999645757255 FIL
Mar 30 14:05:39 Locked: 0.33249517244 FIL
Mar 30 14:05:40 Datacap: 3160693276672
Mar 30 14:05:40 ....
Mar 30 14:05:41 Count: 3 of 4
Mar 30 14:05:41 f0165400 (1 / 1 tries):
Mar 30 14:05:42 f0421499: 23.293832210218907393 FIL (8.5G free)
Mar 30 14:05:42 Escrow: 0.999645757255 FIL
Mar 30 14:05:42 Locked: 0.33249517244 FIL
Mar 30 14:05:42 Datacap: 3160693276672
Mar 30 14:05:42 ....
Mar 30 14:05:44 Count: 3 of 4
Mar 30 14:05:44 f02606 (1 / 1 tries):
Mar 30 14:05:44 f0421499: 23.293832210218907393 FIL (8.5G free)
Mar 30 14:05:45 Escrow: 0.999645757255 FIL
Mar 30 14:05:45 Locked: 0.33249517244 FIL
Mar 30 14:05:45 Datacap: 3160693276672
Mar 30 14:05:45 ....
Mar 30 14:05:46 Count: 3 of 4
Mar 30 14:05:46 f019041 (1 / 1 tries):
Mar 30 14:05:46 f0421499: 23.293832210218907393 FIL (8.5G free)
Mar 30 14:05:46 Escrow: 0.999645757255 FIL
Mar 30 14:05:46 Locked: 0.33249517244 FIL
Mar 30 14:05:47 Datacap: 3160693276672
Mar 30 14:05:47 ....
Mar 30 14:05:48 Count: 3 of 4
Mar 30 14:05:48 f014768 (1 / 1 tries):
Mar 30 14:05:49 f0421499: 23.293832210218907393 FIL (8.5G free)
Mar 30 14:05:49 Escrow: 0.999645757255 FIL
Mar 30 14:05:49 Locked: 0.33249517244 FIL
Mar 30 14:05:49 Datacap: 3160693276672
Mar 30 14:05:50 ....
Mar 30 14:05:51 Count: 3 of 4
Mar 30 14:05:51 f0127896 (1 / 1 tries):
Mar 30 14:05:51 Skipping f0127896: min-ask
Mar 30 14:05:51 
Mar 30 14:05:52 Count: 3 of 4
Mar 30 14:05:52 f022352 (1 / 1 tries):
Mar 30 14:05:53 f0421499: 23.293832210218907393 FIL (8.5G free)
Mar 30 14:05:53 Escrow: 0.999645757255 FIL
Mar 30 14:05:53 Locked: 0.33249517244 FIL
Mar 30 14:05:53 Datacap: 3160693276672
Mar 30 14:05:53 ....
Mar 30 14:05:54 Count: 3 of 4
Mar 30 14:05:54 f099608 (1 / 1 tries):
Mar 30 14:05:55 f0421499: 23.293832210218907393 FIL (8.5G free)
Mar 30 14:05:55 Escrow: 0.999645757255 FIL
Mar 30 14:05:55 Locked: 0.33249517244 FIL
Mar 30 14:05:56 Datacap: 3160693276672
Mar 30 14:05:56 ....
Mar 30 14:05:57 Count: 3 of 4
Mar 30 14:05:57 f014409 (1 / 1 tries):
Mar 30 14:05:58 f0421499: 23.293832210218907393 FIL (8.5G free)
Mar 30 14:05:58 Escrow: 0.999645757255 FIL
Mar 30 14:05:58 Locked: 0.33249517244 FIL
Mar 30 14:05:58 Datacap: 3160693276672
Mar 30 14:05:58 ....
Mar 30 14:05:59 Count: 3 of 4
Mar 30 14:05:59 f01247 (1 / 1 tries):
Mar 30 14:06:00 f0421499: 23.293832210218907393 FIL (8.5G free)
Mar 30 14:06:01 Escrow: 0.999645757255 FIL
Mar 30 14:06:01 Locked: 0.33249517244 FIL
Mar 30 14:06:01 Datacap: 3160693276672
Mar 30 14:06:01 ....
Mar 30 14:06:02 Count: 3 of 4
Mar 30 14:06:02 f07998 (1 / 1 tries):
Mar 30 14:06:03 f0421499: 23.293832210218907393 FIL (8.5G free)
Mar 30 14:06:03 Escrow: 0.999645757255 FIL
Mar 30 14:06:03 Locked: 0.33249517244 FIL
Mar 30 14:06:03 Datacap: 3160693276672
Mar 30 14:06:03 ....
Mar 30 14:06:04 Count: 3 of 4
Mar 30 14:06:04 f010617 (1 / 1 tries):
Mar 30 14:06:05 f0421499: 23.293832210218907393 FIL (8.5G free)
Mar 30 14:06:05 Escrow: 0.999645757255 FIL
Mar 30 14:06:05 Locked: 0.33249517244 FIL
Mar 30 14:06:06 Datacap: 3160693276672
Mar 30 14:06:06 ....
Mar 30 14:06:07 Count: 3 of 4
Mar 30 14:06:07 f021716 (1 / 1 tries):
Mar 30 14:06:07 f0421499: 23.293832210218907393 FIL (8.5G free)
Mar 30 14:06:08 Escrow: 0.999645757255 FIL
Mar 30 14:06:08 Locked: 0.33249517244 FIL
Mar 30 14:06:08 Datacap: 3160693276672
Mar 30 14:06:08 ....
Mar 30 14:06:09 Count: 3 of 4
Mar 30 14:06:09 f01240 (1 / 1 tries):
Mar 30 14:06:09 f0421499: 23.293832210218907393 FIL (8.5G free)
Mar 30 14:06:10 Escrow: 0.999645757255 FIL
Mar 30 14:06:10 Locked: 0.33249517244 FIL
Mar 30 14:06:10 Datacap: 3160693276672
Mar 30 14:06:10 ....
Mar 30 14:06:11 Count: 3 of 4
Mar 30 14:06:11 f058369 (1 / 1 tries):
Mar 30 14:06:12 f0421499: 23.293832210218907393 FIL (8.5G free)
Mar 30 14:06:12 Escrow: 0.999645757255 FIL
Mar 30 14:06:12 Locked: 0.33249517244 FIL
Mar 30 14:06:12 Datacap: 3160693276672
Mar 30 14:06:12 ....
Mar 30 14:06:13 Count: 3 of 4
Mar 30 14:06:13 f0157535 (1 / 1 tries):
Mar 30 14:06:13 f0421499: 23.293832210218907393 FIL (8.5G free)
Mar 30 14:06:14 Escrow: 0.999645757255 FIL
Mar 30 14:06:14 Locked: 0.33249517244 FIL
Mar 30 14:06:14 Datacap: 3160693276672
Mar 30 14:06:14 ....
Mar 30 14:06:15 Count: 3 of 4
Mar 30 14:06:15 f022142 (1 / 1 tries):
Mar 30 14:06:16 f0421499: 23.293832210218907393 FIL (8.5G free)
Mar 30 14:06:16 Escrow: 0.999645757255 FIL
Mar 30 14:06:16 Locked: 0.33249517244 FIL
Mar 30 14:06:16 Datacap: 3160693276672
Mar 30 14:06:17 ....
Mar 30 14:06:18 Count: 3 of 4
Mar 30 14:06:18 f01234 (1 / 1 tries):
Mar 30 14:06:18 f0421499: 23.293832210218907393 FIL (8.5G free)
Mar 30 14:06:18 Escrow: 0.999645757255 FIL
Mar 30 14:06:18 Locked: 0.33249517244 FIL
Mar 30 14:06:18 Datacap: 3160693276672
Mar 30 14:06:18 ....
Mar 30 14:06:20 Count: 3 of 4
Mar 30 14:06:20 f071624 (1 / 1 tries):
Mar 30 14:06:20 f0421499: 23.293832210218907393 FIL (8.5G free)
Mar 30 14:06:21 Escrow: 0.999645757255 FIL
Mar 30 14:06:21 Locked: 0.33249517244 FIL
Mar 30 14:06:21 Datacap: 3160693276672
Mar 30 14:06:21 ....
Mar 30 14:06:22 Count: 3 of 4
Mar 30 14:06:22 f062353 (1 / 1 tries):
Mar 30 14:06:23 f0421499: 23.293832210218907393 FIL (8.5G free)
Mar 30 14:06:23 Escrow: 0.999645757255 FIL
Mar 30 14:06:23 Locked: 0.33249517244 FIL
Mar 30 14:06:24 Datacap: 3160693276672
Mar 30 14:06:24 ....
Mar 30 14:06:25 Count: 3 of 4
Mar 30 14:06:25 f015927 (1 / 1 tries):
Mar 30 14:06:25 Skipping f015927: min-ask
Mar 30 14:06:25 
Mar 30 14:06:26 Count: 3 of 4
Mar 30 14:06:26 f09848 (1 / 1 tries):
Mar 30 14:06:27 f0421499: 23.293832210218907393 FIL (8.5G free)
Mar 30 14:06:27 Escrow: 0.999645757255 FIL
Mar 30 14:06:27 Locked: 0.33249517244 FIL
Mar 30 14:06:27 Datacap: 3160693276672
Mar 30 14:06:28 ....
Mar 30 14:06:29 Count: 3 of 4
Mar 30 14:06:29 f019104 (1 / 1 tries):
Mar 30 14:06:29 Skipping f019104: error-ask
Mar 30 14:06:29 
Mar 30 14:06:30 Count: 3 of 4
Mar 30 14:06:30 f01278 (1 / 1 tries):
Mar 30 14:06:31 f0421499: 23.293832210218907393 FIL (8.5G free)
Mar 30 14:06:31 Escrow: 0.999645757255 FIL
Mar 30 14:06:31 Locked: 0.33249517244 FIL
Mar 30 14:06:31 Datacap: 3160693276672
Mar 30 14:06:32 ....
