Mar 30 02:35:36 Count: 3 of 4
Mar 30 02:35:36 f062353 (1 / 1 tries):
Mar 30 02:35:37 f0421499: 23.308034025734658825 FIL (19G free)
Mar 30 02:35:37 Escrow: 0.999999997255 FIL
Mar 30 02:35:37 Locked: 0.33284941244 FIL
Mar 30 02:35:37 Datacap: 3195053015040
Mar 30 02:35:37 ....
Mar 30 02:35:38 Count: 3 of 4
Mar 30 02:35:38 f023971 (1 / 1 tries):
Mar 30 02:35:39 f0421499: 23.308034025734658825 FIL (19G free)
Mar 30 02:35:39 Escrow: 0.999999997255 FIL
Mar 30 02:35:39 Locked: 0.33284941244 FIL
Mar 30 02:35:39 Datacap: 3195053015040
Mar 30 02:35:39 ....
Mar 30 02:35:40 Count: 3 of 4
Mar 30 02:35:40 f022142 (1 / 1 tries):
Mar 30 02:35:41 f0421499: 23.308034025734658825 FIL (19G free)
Mar 30 02:35:41 Escrow: 0.999999997255 FIL
Mar 30 02:35:41 Locked: 0.33284941244 FIL
Mar 30 02:35:42 Datacap: 3195053015040
Mar 30 02:35:42 ....
Mar 30 02:35:43 Count: 3 of 4
Mar 30 02:35:43 f015927 (1 / 1 tries):
Mar 30 02:35:43 Skipping f015927: min-ask
Mar 30 02:35:43 
Mar 30 02:35:44 Count: 3 of 4
Mar 30 02:35:44 f019551 (1 / 1 tries):
Mar 30 02:35:45 f0421499: 23.308034025734658825 FIL (19G free)
Mar 30 02:35:45 Escrow: 0.999999997255 FIL
Mar 30 02:35:45 Locked: 0.33284941244 FIL
Mar 30 02:35:45 Datacap: 3195053015040
Mar 30 02:35:45 ....
Mar 30 02:35:46 Count: 3 of 4
Mar 30 02:35:46 f010617 (1 / 1 tries):
Mar 30 02:35:47 f0421499: 23.308034025734658825 FIL (19G free)
Mar 30 02:35:47 Escrow: 0.999999997255 FIL
Mar 30 02:35:47 Locked: 0.33284941244 FIL
Mar 30 02:35:47 Datacap: 3195053015040
Mar 30 02:35:47 ....
Mar 30 02:35:48 Count: 3 of 4
Mar 30 02:35:48 f01278 (1 / 1 tries):
Mar 30 02:35:49 f0421499: 23.308034025734658825 FIL (19G free)
Mar 30 02:35:49 Escrow: 0.999999997255 FIL
Mar 30 02:35:49 Locked: 0.33284941244 FIL
Mar 30 02:35:49 Datacap: 3195053015040
Mar 30 02:35:49 ....
Mar 30 02:35:50 Count: 3 of 4
Mar 30 02:35:50 f014409 (1 / 1 tries):
Mar 30 02:35:50 f0421499: 23.308034025734658825 FIL (19G free)
Mar 30 02:35:51 Escrow: 0.999999997255 FIL
Mar 30 02:35:51 Locked: 0.33284941244 FIL
Mar 30 02:35:51 Datacap: 3195053015040
Mar 30 02:35:51 ....
Mar 30 02:35:52 Count: 3 of 4
Mar 30 02:35:52 f01247 (1 / 1 tries):
Mar 30 02:35:52 f0421499: 23.308034025734658825 FIL (19G free)
Mar 30 02:35:53 Escrow: 0.999999997255 FIL
Mar 30 02:35:53 Locked: 0.33284941244 FIL
Mar 30 02:35:53 Datacap: 3195053015040
Mar 30 02:35:53 ....
Mar 30 02:35:54 Count: 3 of 4
Mar 30 02:35:54 f023467 (1 / 1 tries):
Mar 30 02:35:54 f0421499: 23.308034025734658825 FIL (19G free)
Mar 30 02:35:55 Escrow: 0.999999997255 FIL
Mar 30 02:35:55 Locked: 0.33284941244 FIL
Mar 30 02:35:55 Datacap: 3195053015040
Mar 30 02:35:56 ....
Mar 30 02:35:57 Count: 3 of 4
Mar 30 02:35:57 f058369 (1 / 1 tries):
Mar 30 02:35:57 f0421499: 23.308034025734658825 FIL (19G free)
Mar 30 02:35:58 Escrow: 0.999999997255 FIL
Mar 30 02:35:58 Locked: 0.33284941244 FIL
Mar 30 02:35:58 Datacap: 3195053015040
Mar 30 02:35:58 ....
Mar 30 02:35:59 Count: 3 of 4
Mar 30 02:35:59 f08403 (1 / 1 tries):
Mar 30 02:36:00 f0421499: 23.308034025734658825 FIL (19G free)
Mar 30 02:36:00 Escrow: 0.999999997255 FIL
Mar 30 02:36:00 Locked: 0.33284941244 FIL
Mar 30 02:36:00 Datacap: 3195053015040
Mar 30 02:36:00 ....
Mar 30 02:36:01 Count: 3 of 4
Mar 30 02:36:01 f071624 (1 / 1 tries):
Mar 30 02:36:01 f0421499: 23.308034025734658825 FIL (19G free)
Mar 30 02:36:01 Escrow: 0.999999997255 FIL
Mar 30 02:36:01 Locked: 0.33284941244 FIL
Mar 30 02:36:02 Datacap: 3195053015040
Mar 30 02:36:02 ....
Mar 30 02:36:03 Count: 3 of 4
Mar 30 02:36:03 f0157535 (1 / 1 tries):
Mar 30 02:36:03 f0421499: 23.308034025734658825 FIL (18G free)
Mar 30 02:36:03 Escrow: 0.999999997255 FIL
Mar 30 02:36:03 Locked: 0.33284941244 FIL
Mar 30 02:36:04 Datacap: 3195053015040
Mar 30 02:36:04 ....
Mar 30 02:36:05 Count: 3 of 4
Mar 30 02:36:05 f08399 (1 / 1 tries):
Mar 30 02:36:05 f0421499: 23.308034025734658825 FIL (18G free)
Mar 30 02:36:05 Escrow: 0.999999997255 FIL
Mar 30 02:36:05 Locked: 0.33284941244 FIL
Mar 30 02:36:05 Datacap: 3195053015040
Mar 30 02:36:06 ....
Mar 30 02:36:07 Count: 3 of 4
Mar 30 02:36:07 f0145874 (1 / 1 tries):
Mar 30 02:36:07 f0421499: 23.308034025734658825 FIL (18G free)
Mar 30 02:36:07 Escrow: 0.999999997255 FIL
Mar 30 02:36:07 Locked: 0.33284941244 FIL
Mar 30 02:36:08 Datacap: 3195053015040
Mar 30 02:36:08 ....
Mar 30 02:36:09 Count: 3 of 4
Mar 30 02:36:09 f019104 (1 / 1 tries):
Mar 30 02:36:09 Skipping f019104: error-ask
Mar 30 02:36:09 
Mar 30 02:36:10 Count: 3 of 4
Mar 30 02:36:10 f010479 (1 / 1 tries):
Mar 30 02:36:11 f0421499: 23.308034025734658825 FIL (18G free)
Mar 30 02:36:11 Escrow: 0.999999997255 FIL
Mar 30 02:36:11 Locked: 0.33284941244 FIL
Mar 30 02:36:11 Datacap: 3195053015040
Mar 30 02:36:11 ....
Mar 30 02:36:12 Count: 3 of 4
Mar 30 02:36:12 f0127896 (1 / 1 tries):
Mar 30 02:36:13 Skipping f0127896: min-ask
Mar 30 02:36:13 
Mar 30 02:36:14 Count: 3 of 4
Mar 30 02:36:14 f02576 (1 / 1 tries):
Mar 30 02:36:14 f0421499: 23.308034025734658825 FIL (18G free)
Mar 30 02:36:14 Escrow: 0.999999997255 FIL
Mar 30 02:36:14 Locked: 0.33284941244 FIL
Mar 30 02:36:15 Datacap: 3195053015040
Mar 30 02:36:15 ....
Mar 30 02:36:16 Count: 3 of 4
Mar 30 02:36:16 f099608 (1 / 1 tries):
Mar 30 02:36:16 f0421499: 23.308034025734658825 FIL (18G free)
Mar 30 02:36:16 Escrow: 0.999999997255 FIL
Mar 30 02:36:16 Locked: 0.33284941244 FIL
Mar 30 02:36:16 Datacap: 3195053015040
Mar 30 02:36:16 ....
Mar 30 02:36:17 Count: 3 of 4
Mar 30 02:36:17 f0165400 (1 / 1 tries):
Mar 30 02:36:19 f0421499: 23.308034025734658825 FIL (18G free)
Mar 30 02:36:19 Escrow: 0.999999997255 FIL
Mar 30 02:36:19 Locked: 0.33284941244 FIL
Mar 30 02:36:19 Datacap: 3195053015040
Mar 30 02:36:19 ....
Mar 30 02:36:20 Count: 3 of 4
Mar 30 02:36:20 f022163 (1 / 1 tries):
Mar 30 02:36:21 f0421499: 23.308034025734658825 FIL (18G free)
Mar 30 02:36:21 Escrow: 0.999999997255 FIL
Mar 30 02:36:21 Locked: 0.33284941244 FIL
Mar 30 02:36:22 Datacap: 3195053015040
Mar 30 02:36:22 ....
Mar 30 02:36:23 Count: 3 of 4
Mar 30 02:36:23 f022352 (1 / 1 tries):
Mar 30 02:36:24 f0421499: 23.308034025734658825 FIL (18G free)
Mar 30 02:36:24 Escrow: 0.999999997255 FIL
Mar 30 02:36:24 Locked: 0.33284941244 FIL
Mar 30 02:36:24 Datacap: 3195053015040
Mar 30 02:36:24 ....
Mar 30 02:36:25 Count: 3 of 4
Mar 30 02:36:25 f021716 (1 / 1 tries):
Mar 30 02:36:26 f0421499: 23.308034025734658825 FIL (18G free)
Mar 30 02:36:26 Escrow: 0.999999997255 FIL
Mar 30 02:36:26 Locked: 0.33284941244 FIL
Mar 30 02:36:26 Datacap: 3195053015040
Mar 30 02:36:26 ....
Mar 30 02:36:27 Count: 3 of 4
Mar 30 02:36:27 f01234 (1 / 1 tries):
Mar 30 02:36:27 f0421499: 23.308034025734658825 FIL (18G free)
Mar 30 02:36:27 Escrow: 0.999999997255 FIL
Mar 30 02:36:27 Locked: 0.33284941244 FIL
Mar 30 02:36:28 Datacap: 3195053015040
Mar 30 02:36:28 ....
Mar 30 02:36:29 Count: 3 of 4
Mar 30 02:36:29 f09848 (1 / 1 tries):
Mar 30 02:36:29 f0421499: 23.308034025734658825 FIL (18G free)
Mar 30 02:36:29 Escrow: 0.999999997255 FIL
Mar 30 02:36:29 Locked: 0.33284941244 FIL
Mar 30 02:36:29 Datacap: 3195053015040
Mar 30 02:36:29 ....
Mar 30 02:36:30 Count: 3 of 4
Mar 30 02:36:30 f01240 (1 / 1 tries):
Mar 30 02:36:31 f0421499: 23.308034025734658825 FIL (18G free)
Mar 30 02:36:31 Escrow: 0.999999997255 FIL
Mar 30 02:36:31 Locked: 0.33284941244 FIL
Mar 30 02:36:31 Datacap: 3195053015040
Mar 30 02:36:31 ....
Mar 30 02:36:32 Count: 3 of 4
Mar 30 02:36:32 f01277 (1 / 1 tries):
Mar 30 02:36:33 Skipping f01277: min-ask
Mar 30 02:36:33 
Mar 30 02:36:34 Count: 3 of 4
Mar 30 02:36:34 f014768 (1 / 1 tries):
Mar 30 02:36:35 f0421499: 23.308034025734658825 FIL (18G free)
Mar 30 02:36:35 Escrow: 0.999999997255 FIL
Mar 30 02:36:35 Locked: 0.33284941244 FIL
Mar 30 02:36:36 Datacap: 3195053015040
Mar 30 02:36:36 ....
Mar 30 02:36:37 Count: 3 of 4
Mar 30 02:36:37 f019041 (1 / 1 tries):
Mar 30 02:36:38 f0421499: 23.308034025734658825 FIL (18G free)
Mar 30 02:36:38 Escrow: 0.999999997255 FIL
Mar 30 02:36:38 Locked: 0.33284941244 FIL
Mar 30 02:36:38 Datacap: 3195053015040
Mar 30 02:36:38 ....
Mar 30 02:36:39 Count: 3 of 4
Mar 30 02:36:39 f019100 (1 / 1 tries):
Mar 30 02:36:39 Skipping f019100: error-ask
Mar 30 02:36:39 
Mar 30 02:36:40 Count: 3 of 4
Mar 30 02:36:40 f066596 (1 / 1 tries):
Mar 30 02:36:41 f0421499: 23.308034025734658825 FIL (18G free)
Mar 30 02:36:41 Escrow: 0.999999997255 FIL
Mar 30 02:36:41 Locked: 0.33284941244 FIL
Mar 30 02:36:41 Datacap: 3195053015040
Mar 30 02:36:41 ....
Mar 30 02:36:42 Count: 3 of 4
Mar 30 02:36:42 f02606 (1 / 1 tries):
Mar 30 02:36:43 f0421499: 23.308034025734658825 FIL (18G free)
Mar 30 02:36:43 Escrow: 0.999999997255 FIL
Mar 30 02:36:43 Locked: 0.33284941244 FIL
Mar 30 02:36:43 Datacap: 3195053015040
Mar 30 02:36:43 ....
Mar 30 02:36:44 Count: 3 of 4
Mar 30 02:36:44 f019362 (1 / 1 tries):
Mar 30 02:36:44 f0421499: 23.308034025734658825 FIL (18G free)
Mar 30 02:36:44 Escrow: 0.999999997255 FIL
Mar 30 02:36:44 Locked: 0.33284941244 FIL
Mar 30 02:36:45 Datacap: 3195053015040
Mar 30 02:36:45 ....
Mar 30 02:36:46 Count: 3 of 4
Mar 30 02:36:46 f07998 (1 / 1 tries):
Mar 30 02:36:47 f0421499: 23.308034025734658825 FIL (18G free)
Mar 30 02:36:47 Escrow: 0.999999997255 FIL
Mar 30 02:36:47 Locked: 0.33284941244 FIL
Mar 30 02:36:48 Datacap: 3195053015040
Mar 30 02:36:48 ....
