Mar 30 04:51:17 Count: 3 of 4
Mar 30 04:51:17 f019041 (1 / 1 tries):
Mar 30 04:51:18 f0421499: 23.293832210218907393 FIL (11G free)
Mar 30 04:51:18 Escrow: 0.999645757255 FIL
Mar 30 04:51:18 Locked: 0.33249517244 FIL
Mar 30 04:51:18 Datacap: 3160693276672
Mar 30 04:51:18 ....
Mar 30 04:51:19 Count: 3 of 4
Mar 30 04:51:19 f023971 (1 / 1 tries):
Mar 30 04:51:20 f0421499: 23.293832210218907393 FIL (11G free)
Mar 30 04:51:20 Escrow: 0.999645757255 FIL
Mar 30 04:51:20 Locked: 0.33249517244 FIL
Mar 30 04:51:20 Datacap: 3160693276672
Mar 30 04:51:20 ....
Mar 30 04:51:21 Count: 3 of 4
Mar 30 04:51:21 f09848 (1 / 1 tries):
Mar 30 04:51:22 f0421499: 23.293832210218907393 FIL (11G free)
Mar 30 04:51:22 Escrow: 0.999645757255 FIL
Mar 30 04:51:22 Locked: 0.33249517244 FIL
Mar 30 04:51:22 Datacap: 3160693276672
Mar 30 04:51:22 ....
Mar 30 04:51:23 Count: 3 of 4
Mar 30 04:51:23 f022163 (1 / 1 tries):
Mar 30 04:51:24 f0421499: 23.293832210218907393 FIL (11G free)
Mar 30 04:51:24 Escrow: 0.999645757255 FIL
Mar 30 04:51:24 Locked: 0.33249517244 FIL
Mar 30 04:51:25 Datacap: 3160693276672
Mar 30 04:51:25 ....
Mar 30 04:51:26 Count: 3 of 4
Mar 30 04:51:26 f071624 (1 / 1 tries):
Mar 30 04:51:27 f0421499: 23.293832210218907393 FIL (11G free)
Mar 30 04:51:27 Escrow: 0.999645757255 FIL
Mar 30 04:51:27 Locked: 0.33249517244 FIL
Mar 30 04:51:27 Datacap: 3160693276672
Mar 30 04:51:28 ....
Mar 30 04:51:29 Count: 3 of 4
Mar 30 04:51:29 f010617 (1 / 1 tries):
Mar 30 04:51:29 f0421499: 23.293832210218907393 FIL (11G free)
Mar 30 04:51:29 Escrow: 0.999645757255 FIL
Mar 30 04:51:29 Locked: 0.33249517244 FIL
Mar 30 04:51:30 Datacap: 3160693276672
Mar 30 04:51:30 ....
Mar 30 04:51:31 Count: 3 of 4
Mar 30 04:51:31 f021716 (1 / 1 tries):
Mar 30 04:51:32 f0421499: 23.293832210218907393 FIL (11G free)
Mar 30 04:51:32 Escrow: 0.999645757255 FIL
Mar 30 04:51:32 Locked: 0.33249517244 FIL
Mar 30 04:51:32 Datacap: 3160693276672
Mar 30 04:51:33 ....
Mar 30 04:51:34 Count: 3 of 4
Mar 30 04:51:34 f01277 (1 / 1 tries):
Mar 30 04:51:34 Skipping f01277: min-ask
Mar 30 04:51:34 
Mar 30 04:51:35 Count: 3 of 4
Mar 30 04:51:35 f0127896 (1 / 1 tries):
Mar 30 04:51:35 Skipping f0127896: min-ask
Mar 30 04:51:35 
Mar 30 04:51:36 Count: 3 of 4
Mar 30 04:51:36 f022352 (1 / 1 tries):
Mar 30 04:51:37 f0421499: 23.293832210218907393 FIL (11G free)
Mar 30 04:51:37 Escrow: 0.999645757255 FIL
Mar 30 04:51:37 Locked: 0.33249517244 FIL
Mar 30 04:51:38 Datacap: 3160693276672
Mar 30 04:51:38 ....
Mar 30 04:51:39 Count: 3 of 4
Mar 30 04:51:39 f019104 (1 / 1 tries):
Mar 30 04:51:39 Skipping f019104: error-ask
Mar 30 04:51:39 
Mar 30 04:51:40 Count: 3 of 4
Mar 30 04:51:40 f08403 (1 / 1 tries):
Mar 30 04:51:41 f0421499: 23.293832210218907393 FIL (11G free)
Mar 30 04:51:41 Escrow: 0.999645757255 FIL
Mar 30 04:51:41 Locked: 0.33249517244 FIL
Mar 30 04:51:41 Datacap: 3160693276672
Mar 30 04:51:41 ....
Mar 30 04:51:42 Count: 3 of 4
Mar 30 04:51:42 f099608 (1 / 1 tries):
Mar 30 04:51:43 f0421499: 23.293832210218907393 FIL (11G free)
Mar 30 04:51:43 Escrow: 0.999645757255 FIL
Mar 30 04:51:43 Locked: 0.33249517244 FIL
Mar 30 04:51:43 Datacap: 3160693276672
Mar 30 04:51:43 ....
Mar 30 04:51:44 Count: 3 of 4
Mar 30 04:51:44 f02606 (1 / 1 tries):
Mar 30 04:51:45 f0421499: 23.293832210218907393 FIL (11G free)
Mar 30 04:51:45 Escrow: 0.999645757255 FIL
Mar 30 04:51:45 Locked: 0.33249517244 FIL
Mar 30 04:51:46 Datacap: 3160693276672
Mar 30 04:51:46 ....
Mar 30 04:51:47 Count: 3 of 4
Mar 30 04:51:47 f023467 (1 / 1 tries):
Mar 30 04:51:47 f0421499: 23.293832210218907393 FIL (11G free)
Mar 30 04:51:47 Escrow: 0.999645757255 FIL
Mar 30 04:51:47 Locked: 0.33249517244 FIL
Mar 30 04:51:48 Datacap: 3160693276672
Mar 30 04:51:48 ....
Mar 30 04:51:49 Count: 3 of 4
Mar 30 04:51:49 f058369 (1 / 1 tries):
Mar 30 04:51:49 f0421499: 23.293832210218907393 FIL (11G free)
Mar 30 04:51:49 Escrow: 0.999645757255 FIL
Mar 30 04:51:49 Locked: 0.33249517244 FIL
Mar 30 04:51:50 Datacap: 3160693276672
Mar 30 04:51:50 ....
Mar 30 04:51:51 Count: 3 of 4
Mar 30 04:51:51 f015927 (1 / 1 tries):
Mar 30 04:51:51 Skipping f015927: min-ask
Mar 30 04:51:51 
Mar 30 04:51:52 Count: 3 of 4
Mar 30 04:51:52 f014409 (1 / 1 tries):
Mar 30 04:51:53 f0421499: 23.293832210218907393 FIL (11G free)
Mar 30 04:51:53 Escrow: 0.999645757255 FIL
Mar 30 04:51:53 Locked: 0.33249517244 FIL
Mar 30 04:51:54 Datacap: 3160693276672
Mar 30 04:51:54 ....
Mar 30 04:51:55 Count: 3 of 4
Mar 30 04:51:55 f019100 (1 / 1 tries):
Mar 30 04:51:55 Skipping f019100: error-ask
Mar 30 04:51:55 
Mar 30 04:51:56 Count: 3 of 4
Mar 30 04:51:56 f014768 (1 / 1 tries):
Mar 30 04:51:57 f0421499: 23.293832210218907393 FIL (11G free)
Mar 30 04:51:57 Escrow: 0.999645757255 FIL
Mar 30 04:51:57 Locked: 0.33249517244 FIL
Mar 30 04:51:58 Datacap: 3160693276672
Mar 30 04:51:58 ....
Mar 30 04:51:59 Count: 3 of 4
Mar 30 04:51:59 f022142 (1 / 1 tries):
Mar 30 04:51:59 f0421499: 23.293832210218907393 FIL (11G free)
Mar 30 04:52:00 Escrow: 0.999645757255 FIL
Mar 30 04:52:00 Locked: 0.33249517244 FIL
Mar 30 04:52:00 Datacap: 3160693276672
Mar 30 04:52:00 ....
Mar 30 04:52:01 Count: 3 of 4
Mar 30 04:52:01 f019551 (1 / 1 tries):
Mar 30 04:52:02 f0421499: 23.293832210218907393 FIL (11G free)
Mar 30 04:52:02 Escrow: 0.999645757255 FIL
Mar 30 04:52:02 Locked: 0.33249517244 FIL
Mar 30 04:52:03 Datacap: 3160693276672
Mar 30 04:52:03 ....
Mar 30 04:52:04 Count: 3 of 4
Mar 30 04:52:04 f0157535 (1 / 1 tries):
Mar 30 04:52:05 f0421499: 23.293832210218907393 FIL (11G free)
Mar 30 04:52:05 Escrow: 0.999645757255 FIL
Mar 30 04:52:05 Locked: 0.33249517244 FIL
Mar 30 04:52:05 Datacap: 3160693276672
Mar 30 04:52:05 ....
Mar 30 04:52:06 Count: 3 of 4
Mar 30 04:52:06 f066596 (1 / 1 tries):
Mar 30 04:52:07 f0421499: 23.293832210218907393 FIL (11G free)
Mar 30 04:52:07 Escrow: 0.999645757255 FIL
Mar 30 04:52:07 Locked: 0.33249517244 FIL
Mar 30 04:52:08 Datacap: 3160693276672
Mar 30 04:52:08 ....
Mar 30 04:52:09 Count: 3 of 4
Mar 30 04:52:09 f08399 (1 / 1 tries):
Mar 30 04:52:10 f0421499: 23.293832210218907393 FIL (11G free)
Mar 30 04:52:10 Escrow: 0.999645757255 FIL
Mar 30 04:52:10 Locked: 0.33249517244 FIL
Mar 30 04:52:10 Datacap: 3160693276672
Mar 30 04:52:10 ....
Mar 30 04:52:11 Count: 3 of 4
Mar 30 04:52:11 f01234 (1 / 1 tries):
Mar 30 04:52:12 f0421499: 23.293832210218907393 FIL (11G free)
Mar 30 04:52:12 Escrow: 0.999645757255 FIL
Mar 30 04:52:12 Locked: 0.33249517244 FIL
Mar 30 04:52:12 Datacap: 3160693276672
Mar 30 04:52:12 ....
Mar 30 04:52:13 Count: 3 of 4
Mar 30 04:52:13 f02576 (1 / 1 tries):
Mar 30 04:52:14 f0421499: 23.293832210218907393 FIL (11G free)
Mar 30 04:52:14 Escrow: 0.999645757255 FIL
Mar 30 04:52:14 Locked: 0.33249517244 FIL
Mar 30 04:52:15 Datacap: 3160693276672
Mar 30 04:52:15 ....
Mar 30 04:52:16 Count: 3 of 4
Mar 30 04:52:16 f01240 (1 / 1 tries):
Mar 30 04:52:16 f0421499: 23.293832210218907393 FIL (11G free)
Mar 30 04:52:17 Escrow: 0.999645757255 FIL
Mar 30 04:52:17 Locked: 0.33249517244 FIL
Mar 30 04:52:17 Datacap: 3160693276672
Mar 30 04:52:17 ....
Mar 30 04:52:18 Count: 3 of 4
Mar 30 04:52:18 f062353 (1 / 1 tries):
Mar 30 04:52:19 f0421499: 23.293832210218907393 FIL (11G free)
Mar 30 04:52:19 Escrow: 0.999645757255 FIL
Mar 30 04:52:19 Locked: 0.33249517244 FIL
Mar 30 04:52:20 Datacap: 3160693276672
Mar 30 04:52:20 ....
Mar 30 04:52:21 Count: 3 of 4
Mar 30 04:52:21 f0165400 (1 / 1 tries):
Mar 30 04:52:22 f0421499: 23.293832210218907393 FIL (11G free)
Mar 30 04:52:22 Escrow: 0.999645757255 FIL
Mar 30 04:52:22 Locked: 0.33249517244 FIL
Mar 30 04:52:22 Datacap: 3160693276672
Mar 30 04:52:22 ....
Mar 30 04:52:23 Count: 3 of 4
Mar 30 04:52:23 f07998 (1 / 1 tries):
Mar 30 04:52:24 f0421499: 23.293832210218907393 FIL (11G free)
Mar 30 04:52:24 Escrow: 0.999645757255 FIL
Mar 30 04:52:24 Locked: 0.33249517244 FIL
Mar 30 04:52:25 Datacap: 3160693276672
Mar 30 04:52:25 ....
Mar 30 04:52:26 Count: 3 of 4
Mar 30 04:52:26 f0145874 (1 / 1 tries):
Mar 30 04:52:27 f0421499: 23.293832210218907393 FIL (11G free)
Mar 30 04:52:27 Escrow: 0.999645757255 FIL
Mar 30 04:52:27 Locked: 0.33249517244 FIL
Mar 30 04:52:27 Datacap: 3160693276672
Mar 30 04:52:27 ....
Mar 30 04:52:28 Count: 3 of 4
Mar 30 04:52:28 f010479 (1 / 1 tries):
Mar 30 04:52:29 f0421499: 23.293832210218907393 FIL (11G free)
Mar 30 04:52:29 Escrow: 0.999645757255 FIL
Mar 30 04:52:29 Locked: 0.33249517244 FIL
Mar 30 04:52:29 Datacap: 3160693276672
Mar 30 04:52:30 ....
Mar 30 04:52:31 Count: 3 of 4
Mar 30 04:52:31 f01247 (1 / 1 tries):
Mar 30 04:52:32 f0421499: 23.293832210218907393 FIL (11G free)
Mar 30 04:52:32 Escrow: 0.999645757255 FIL
Mar 30 04:52:32 Locked: 0.33249517244 FIL
Mar 30 04:52:32 Datacap: 3160693276672
Mar 30 04:52:33 ....
Mar 30 04:52:34 Count: 3 of 4
Mar 30 04:52:34 f019362 (1 / 1 tries):
Mar 30 04:52:34 f0421499: 23.293832210218907393 FIL (11G free)
Mar 30 04:52:34 Escrow: 0.999645757255 FIL
Mar 30 04:52:34 Locked: 0.33249517244 FIL
Mar 30 04:52:35 Datacap: 3160693276672
Mar 30 04:52:35 ....
Mar 30 04:52:36 Count: 3 of 4
Mar 30 04:52:36 f01278 (1 / 1 tries):
Mar 30 04:52:37 f0421499: 23.293832210218907393 FIL (11G free)
Mar 30 04:52:37 Escrow: 0.999645757255 FIL
Mar 30 04:52:37 Locked: 0.33249517244 FIL
Mar 30 04:52:37 Datacap: 3160693276672
Mar 30 04:52:37 ....
