Mar 30 10:09:51 Count: 3 of 4
Mar 30 10:09:51 f0127896 (1 / 1 tries):
Mar 30 10:09:52 Skipping f0127896: min-ask
Mar 30 10:09:52 
Mar 30 10:09:53 Count: 3 of 4
Mar 30 10:09:53 f066596 (1 / 1 tries):
Mar 30 10:09:53 f0421499: 23.293832210218907393 FIL (9.2G free)
Mar 30 10:09:53 Escrow: 0.999645757255 FIL
Mar 30 10:09:53 Locked: 0.33249517244 FIL
Mar 30 10:09:54 Datacap: 3160693276672
Mar 30 10:09:54 ....
Mar 30 10:09:55 Count: 3 of 4
Mar 30 10:09:55 f0165400 (1 / 1 tries):
Mar 30 10:09:56 f0421499: 23.293832210218907393 FIL (9.2G free)
Mar 30 10:09:56 Escrow: 0.999645757255 FIL
Mar 30 10:09:56 Locked: 0.33249517244 FIL
Mar 30 10:09:56 Datacap: 3160693276672
Mar 30 10:09:56 ....
Mar 30 10:09:57 Count: 3 of 4
Mar 30 10:09:57 f019551 (1 / 1 tries):
Mar 30 10:09:58 f0421499: 23.293832210218907393 FIL (9.2G free)
Mar 30 10:09:58 Escrow: 0.999645757255 FIL
Mar 30 10:09:58 Locked: 0.33249517244 FIL
Mar 30 10:09:59 Datacap: 3160693276672
Mar 30 10:09:59 ....
Mar 30 10:10:00 Count: 3 of 4
Mar 30 10:10:00 f07998 (1 / 1 tries):
Mar 30 10:10:01 f0421499: 23.293832210218907393 FIL (9.2G free)
Mar 30 10:10:01 Escrow: 0.999645757255 FIL
Mar 30 10:10:01 Locked: 0.33249517244 FIL
Mar 30 10:10:01 Datacap: 3160693276672
Mar 30 10:10:02 ....
Mar 30 10:10:03 Count: 3 of 4
Mar 30 10:10:03 f023971 (1 / 1 tries):
Mar 30 10:10:03 f0421499: 23.293832210218907393 FIL (9.2G free)
Mar 30 10:10:03 Escrow: 0.999645757255 FIL
Mar 30 10:10:03 Locked: 0.33249517244 FIL
Mar 30 10:10:04 Datacap: 3160693276672
Mar 30 10:10:04 ....
Mar 30 10:10:05 Count: 3 of 4
Mar 30 10:10:05 f08399 (1 / 1 tries):
Mar 30 10:10:06 f0421499: 23.293832210218907393 FIL (9.2G free)
Mar 30 10:10:06 Escrow: 0.999645757255 FIL
Mar 30 10:10:06 Locked: 0.33249517244 FIL
Mar 30 10:10:06 Datacap: 3160693276672
Mar 30 10:10:06 ....
Mar 30 10:10:07 Count: 3 of 4
Mar 30 10:10:07 f01240 (1 / 1 tries):
Mar 30 10:10:08 f0421499: 23.293832210218907393 FIL (9.2G free)
Mar 30 10:10:08 Escrow: 0.999645757255 FIL
Mar 30 10:10:08 Locked: 0.33249517244 FIL
Mar 30 10:10:08 Datacap: 3160693276672
Mar 30 10:10:08 ....
Mar 30 10:10:09 Count: 3 of 4
Mar 30 10:10:09 f099608 (1 / 1 tries):
Mar 30 10:10:10 f0421499: 23.293832210218907393 FIL (9.2G free)
Mar 30 10:10:10 Escrow: 0.999645757255 FIL
Mar 30 10:10:10 Locked: 0.33249517244 FIL
Mar 30 10:10:11 Datacap: 3160693276672
Mar 30 10:10:11 ....
Mar 30 10:10:12 Count: 3 of 4
Mar 30 10:10:12 f019041 (1 / 1 tries):
Mar 30 10:10:12 f0421499: 23.293832210218907393 FIL (9.2G free)
Mar 30 10:10:13 Escrow: 0.999645757255 FIL
Mar 30 10:10:13 Locked: 0.33249517244 FIL
Mar 30 10:10:13 Datacap: 3160693276672
Mar 30 10:10:13 ....
Mar 30 10:10:14 Count: 3 of 4
Mar 30 10:10:14 f015927 (1 / 1 tries):
Mar 30 10:10:14 Skipping f015927: min-ask
Mar 30 10:10:14 
Mar 30 10:10:15 Count: 3 of 4
Mar 30 10:10:15 f014409 (1 / 1 tries):
Mar 30 10:10:16 f0421499: 23.293832210218907393 FIL (9.2G free)
Mar 30 10:10:16 Escrow: 0.999645757255 FIL
Mar 30 10:10:16 Locked: 0.33249517244 FIL
Mar 30 10:10:17 Datacap: 3160693276672
Mar 30 10:10:17 ....
Mar 30 10:10:18 Count: 3 of 4
Mar 30 10:10:18 f021716 (1 / 1 tries):
Mar 30 10:10:18 f0421499: 23.293832210218907393 FIL (9.2G free)
Mar 30 10:10:19 Escrow: 0.999645757255 FIL
Mar 30 10:10:19 Locked: 0.33249517244 FIL
Mar 30 10:10:19 Datacap: 3160693276672
Mar 30 10:10:19 ....
Mar 30 10:10:20 Count: 3 of 4
Mar 30 10:10:20 f019104 (1 / 1 tries):
Mar 30 10:10:20 Skipping f019104: error-ask
Mar 30 10:10:20 
Mar 30 10:10:21 Count: 3 of 4
Mar 30 10:10:21 f022142 (1 / 1 tries):
Mar 30 10:10:22 f0421499: 23.293832210218907393 FIL (9.2G free)
Mar 30 10:10:22 Escrow: 0.999645757255 FIL
Mar 30 10:10:22 Locked: 0.33249517244 FIL
Mar 30 10:10:23 Datacap: 3160693276672
Mar 30 10:10:23 ....
Mar 30 10:10:24 Count: 3 of 4
Mar 30 10:10:24 f02576 (1 / 1 tries):
Mar 30 10:10:24 f0421499: 23.293832210218907393 FIL (9.2G free)
Mar 30 10:10:24 Escrow: 0.999645757255 FIL
Mar 30 10:10:24 Locked: 0.33249517244 FIL
Mar 30 10:10:25 Datacap: 3160693276672
Mar 30 10:10:25 ....
Mar 30 10:10:26 Count: 3 of 4
Mar 30 10:10:26 f01247 (1 / 1 tries):
Mar 30 10:10:26 f0421499: 23.293832210218907393 FIL (9.2G free)
Mar 30 10:10:26 Escrow: 0.999645757255 FIL
Mar 30 10:10:26 Locked: 0.33249517244 FIL
Mar 30 10:10:27 Datacap: 3160693276672
Mar 30 10:10:27 ....
Mar 30 10:10:28 Count: 3 of 4
Mar 30 10:10:28 f023467 (1 / 1 tries):
Mar 30 10:10:29 f0421499: 23.293832210218907393 FIL (9.2G free)
Mar 30 10:10:29 Escrow: 0.999645757255 FIL
Mar 30 10:10:29 Locked: 0.33249517244 FIL
Mar 30 10:10:29 Datacap: 3160693276672
Mar 30 10:10:29 ....
Mar 30 10:10:30 Count: 3 of 4
Mar 30 10:10:30 f01277 (1 / 1 tries):
Mar 30 10:10:31 Skipping f01277: min-ask
Mar 30 10:10:31 
Mar 30 10:10:32 Count: 3 of 4
Mar 30 10:10:32 f0157535 (1 / 1 tries):
Mar 30 10:10:32 f0421499: 23.293832210218907393 FIL (9.2G free)
Mar 30 10:10:33 Escrow: 0.999645757255 FIL
Mar 30 10:10:33 Locked: 0.33249517244 FIL
Mar 30 10:10:33 Datacap: 3160693276672
Mar 30 10:10:33 ....
Mar 30 10:10:34 Count: 3 of 4
Mar 30 10:10:34 f022163 (1 / 1 tries):
Mar 30 10:10:35 f0421499: 23.293832210218907393 FIL (9.2G free)
Mar 30 10:10:35 Escrow: 0.999645757255 FIL
Mar 30 10:10:35 Locked: 0.33249517244 FIL
Mar 30 10:10:35 Datacap: 3160693276672
Mar 30 10:10:35 ....
Mar 30 10:10:36 Count: 3 of 4
Mar 30 10:10:36 f010479 (1 / 1 tries):
Mar 30 10:10:37 f0421499: 23.293832210218907393 FIL (9.2G free)
Mar 30 10:10:37 Escrow: 0.999645757255 FIL
Mar 30 10:10:37 Locked: 0.33249517244 FIL
Mar 30 10:10:37 Datacap: 3160693276672
Mar 30 10:10:37 ....
Mar 30 10:10:38 Count: 3 of 4
Mar 30 10:10:38 f019100 (1 / 1 tries):
Mar 30 10:10:39 Skipping f019100: error-ask
Mar 30 10:10:39 
Mar 30 10:10:40 Count: 3 of 4
Mar 30 10:10:40 f08403 (1 / 1 tries):
Mar 30 10:10:41 f0421499: 23.293832210218907393 FIL (9.2G free)
Mar 30 10:10:41 Escrow: 0.999645757255 FIL
Mar 30 10:10:41 Locked: 0.33249517244 FIL
Mar 30 10:10:42 Datacap: 3160693276672
Mar 30 10:10:42 ....
Mar 30 10:10:43 Count: 3 of 4
Mar 30 10:10:43 f09848 (1 / 1 tries):
Mar 30 10:10:43 f0421499: 23.293832210218907393 FIL (9.2G free)
Mar 30 10:10:44 Escrow: 0.999645757255 FIL
Mar 30 10:10:44 Locked: 0.33249517244 FIL
Mar 30 10:10:44 Datacap: 3160693276672
Mar 30 10:10:44 ....
Mar 30 10:10:45 Count: 3 of 4
Mar 30 10:10:45 f014768 (1 / 1 tries):
Mar 30 10:10:46 f0421499: 23.293832210218907393 FIL (9.2G free)
Mar 30 10:10:46 Escrow: 0.999645757255 FIL
Mar 30 10:10:46 Locked: 0.33249517244 FIL
Mar 30 10:10:47 Datacap: 3160693276672
Mar 30 10:10:47 ....
Mar 30 10:10:48 Count: 3 of 4
Mar 30 10:10:48 f071624 (1 / 1 tries):
Mar 30 10:10:48 f0421499: 23.293832210218907393 FIL (9.2G free)
Mar 30 10:10:49 Escrow: 0.999645757255 FIL
Mar 30 10:10:49 Locked: 0.33249517244 FIL
Mar 30 10:10:49 Datacap: 3160693276672
Mar 30 10:10:49 ....
Mar 30 10:10:50 Count: 3 of 4
Mar 30 10:10:50 f01278 (1 / 1 tries):
Mar 30 10:10:51 f0421499: 23.293832210218907393 FIL (9.2G free)
Mar 30 10:10:51 Escrow: 0.999645757255 FIL
Mar 30 10:10:51 Locked: 0.33249517244 FIL
Mar 30 10:10:52 Datacap: 3160693276672
Mar 30 10:10:52 ....
Mar 30 10:10:53 Count: 3 of 4
Mar 30 10:10:53 f010617 (1 / 1 tries):
Mar 30 10:10:53 f0421499: 23.293832210218907393 FIL (9.2G free)
Mar 30 10:10:54 Escrow: 0.999645757255 FIL
Mar 30 10:10:54 Locked: 0.33249517244 FIL
Mar 30 10:10:54 Datacap: 3160693276672
Mar 30 10:10:54 ....
Mar 30 10:10:55 Count: 3 of 4
Mar 30 10:10:55 f02606 (1 / 1 tries):
Mar 30 10:10:56 f0421499: 23.293832210218907393 FIL (9.2G free)
Mar 30 10:10:56 Escrow: 0.999645757255 FIL
Mar 30 10:10:56 Locked: 0.33249517244 FIL
Mar 30 10:10:56 Datacap: 3160693276672
Mar 30 10:10:56 ....
Mar 30 10:10:57 Count: 3 of 4
Mar 30 10:10:57 f01234 (1 / 1 tries):
Mar 30 10:10:58 f0421499: 23.293832210218907393 FIL (9.2G free)
Mar 30 10:10:58 Escrow: 0.999645757255 FIL
Mar 30 10:10:58 Locked: 0.33249517244 FIL
Mar 30 10:10:58 Datacap: 3160693276672
Mar 30 10:10:59 ....
Mar 30 10:11:00 Count: 3 of 4
Mar 30 10:11:00 f062353 (1 / 1 tries):
Mar 30 10:11:00 f0421499: 23.293832210218907393 FIL (9.2G free)
Mar 30 10:11:00 Escrow: 0.999645757255 FIL
Mar 30 10:11:00 Locked: 0.33249517244 FIL
Mar 30 10:11:01 Datacap: 3160693276672
Mar 30 10:11:01 ....
Mar 30 10:11:02 Count: 3 of 4
Mar 30 10:11:02 f019362 (1 / 1 tries):
Mar 30 10:11:03 f0421499: 23.293832210218907393 FIL (9.2G free)
Mar 30 10:11:03 Escrow: 0.999645757255 FIL
Mar 30 10:11:03 Locked: 0.33249517244 FIL
Mar 30 10:11:03 Datacap: 3160693276672
Mar 30 10:11:03 ....
Mar 30 10:11:04 Count: 3 of 4
Mar 30 10:11:04 f058369 (1 / 1 tries):
Mar 30 10:11:05 f0421499: 23.293832210218907393 FIL (9.2G free)
Mar 30 10:11:05 Escrow: 0.999645757255 FIL
Mar 30 10:11:05 Locked: 0.33249517244 FIL
Mar 30 10:11:05 Datacap: 3160693276672
Mar 30 10:11:06 ....
Mar 30 10:11:07 Count: 3 of 4
Mar 30 10:11:07 f0145874 (1 / 1 tries):
Mar 30 10:11:07 f0421499: 23.293832210218907393 FIL (9.2G free)
Mar 30 10:11:07 Escrow: 0.999645757255 FIL
Mar 30 10:11:07 Locked: 0.33249517244 FIL
Mar 30 10:11:08 Datacap: 3160693276672
Mar 30 10:11:08 ....
Mar 30 10:11:09 Count: 3 of 4
Mar 30 10:11:09 f022352 (1 / 1 tries):
Mar 30 10:11:09 f0421499: 23.293832210218907393 FIL (9.2G free)
Mar 30 10:11:10 Escrow: 0.999645757255 FIL
Mar 30 10:11:10 Locked: 0.33249517244 FIL
Mar 30 10:11:10 Datacap: 3160693276672
Mar 30 10:11:10 ....
