Mar 29 21:35:15 Count: 3 of 4
Mar 29 21:35:15 f023971 (1 / 1 tries):
Mar 29 21:35:15 f0421499: 23.323231555594778115 FIL (143G free)
Mar 29 21:35:15 Escrow: 0.999999997255 FIL
Mar 29 21:35:15 Locked: 0.33251649052 FIL
Mar 29 21:35:16 Datacap: 4225845166080
Mar 29 21:35:16 ....
Mar 29 21:35:17 Count: 3 of 4
Mar 29 21:35:17 f022163 (1 / 1 tries):
Mar 29 21:35:17 f0421499: 23.323231555594778115 FIL (143G free)
Mar 29 21:35:17 Escrow: 0.999999997255 FIL
Mar 29 21:35:17 Locked: 0.33251649052 FIL
Mar 29 21:35:17 Datacap: 4225845166080
Mar 29 21:35:17 ....
Mar 29 21:35:18 Count: 3 of 4
Mar 29 21:35:18 f010479 (1 / 1 tries):
Mar 29 21:35:19 f0421499: 23.323231555594778115 FIL (143G free)
Mar 29 21:35:19 Escrow: 0.999999997255 FIL
Mar 29 21:35:19 Locked: 0.33251649052 FIL
Mar 29 21:35:19 Datacap: 4225845166080
Mar 29 21:35:19 ....
Mar 29 21:35:20 Count: 3 of 4
Mar 29 21:35:20 f0145874 (1 / 1 tries):
Mar 29 21:35:21 f0421499: 23.323231555594778115 FIL (143G free)
Mar 29 21:35:21 Escrow: 0.999999997255 FIL
Mar 29 21:35:21 Locked: 0.33251649052 FIL
Mar 29 21:35:21 Datacap: 4225845166080
Mar 29 21:35:21 ....
Mar 29 21:35:22 Count: 3 of 4
Mar 29 21:35:22 f08403 (1 / 1 tries):
Mar 29 21:35:22 f0421499: 23.323231555594778115 FIL (143G free)
Mar 29 21:35:23 Escrow: 0.999999997255 FIL
Mar 29 21:35:23 Locked: 0.33251649052 FIL
Mar 29 21:35:23 Datacap: 4225845166080
Mar 29 21:35:23 ....
Mar 29 21:35:24 Count: 3 of 4
Mar 29 21:35:24 f0157535 (1 / 1 tries):
Mar 29 21:35:24 f0421499: 23.323231555594778115 FIL (143G free)
Mar 29 21:35:24 Escrow: 0.999999997255 FIL
Mar 29 21:35:24 Locked: 0.33251649052 FIL
Mar 29 21:35:25 Datacap: 4225845166080
Mar 29 21:35:25 ....
Mar 29 21:35:26 Count: 3 of 4
Mar 29 21:35:26 f019041 (1 / 1 tries):
Mar 29 21:35:27 f0421499: 23.323231555594778115 FIL (143G free)
Mar 29 21:35:27 Escrow: 0.999999997255 FIL
Mar 29 21:35:27 Locked: 0.33251649052 FIL
Mar 29 21:35:27 Datacap: 4225845166080
Mar 29 21:35:27 ....
Mar 29 21:35:28 Count: 3 of 4
Mar 29 21:35:28 f02576 (1 / 1 tries):
Mar 29 21:35:29 f0421499: 23.323231555594778115 FIL (143G free)
Mar 29 21:35:29 Escrow: 0.999999997255 FIL
Mar 29 21:35:29 Locked: 0.33251649052 FIL
Mar 29 21:35:29 Datacap: 4225845166080
Mar 29 21:35:29 ....
Mar 29 21:35:30 Count: 3 of 4
Mar 29 21:35:30 f0165400 (1 / 1 tries):
Mar 29 21:35:31 f0421499: 23.323231555594778115 FIL (143G free)
Mar 29 21:35:31 Escrow: 0.999999997255 FIL
Mar 29 21:35:31 Locked: 0.33251649052 FIL
Mar 29 21:35:31 Datacap: 4225845166080
Mar 29 21:35:32 ....
Mar 29 21:35:33 Count: 3 of 4
Mar 29 21:35:33 f099608 (1 / 1 tries):
Mar 29 21:35:33 f0421499: 23.323231555594778115 FIL (143G free)
Mar 29 21:35:34 Escrow: 0.999999997255 FIL
Mar 29 21:35:34 Locked: 0.33251649052 FIL
Mar 29 21:35:34 Datacap: 4225845166080
Mar 29 21:35:34 ....
Mar 29 21:35:35 Count: 3 of 4
Mar 29 21:35:35 f066596 (1 / 1 tries):
Mar 29 21:35:36 f0421499: 23.323231555594778115 FIL (143G free)
Mar 29 21:35:36 Escrow: 0.999999997255 FIL
Mar 29 21:35:36 Locked: 0.33251649052 FIL
Mar 29 21:35:36 Datacap: 4225845166080
Mar 29 21:35:36 ....
Mar 29 21:35:38 Count: 3 of 4
Mar 29 21:35:38 f09848 (1 / 1 tries):
Mar 29 21:35:38 f0421499: 23.323231555594778115 FIL (143G free)
Mar 29 21:35:38 Escrow: 0.999999997255 FIL
Mar 29 21:35:38 Locked: 0.33251649052 FIL
Mar 29 21:35:39 Datacap: 4225845166080
Mar 29 21:35:39 ....
Mar 29 21:35:40 Count: 3 of 4
Mar 29 21:35:40 f019100 (1 / 1 tries):
Mar 29 21:35:40 Skipping f019100: error-ask
Mar 29 21:35:40 
Mar 29 21:35:41 Count: 3 of 4
Mar 29 21:35:41 f02606 (1 / 1 tries):
Mar 29 21:35:41 f0421499: 23.323231555594778115 FIL (143G free)
Mar 29 21:35:42 Escrow: 0.999999997255 FIL
Mar 29 21:35:42 Locked: 0.33251649052 FIL
Mar 29 21:35:42 Datacap: 4225845166080
Mar 29 21:35:42 ....
Mar 29 21:35:43 Count: 3 of 4
Mar 29 21:35:43 f01277 (1 / 1 tries):
Mar 29 21:35:43 Skipping f01277: min-ask
Mar 29 21:35:43 
Mar 29 21:35:44 Count: 3 of 4
Mar 29 21:35:44 f08399 (1 / 1 tries):
Mar 29 21:35:45 f0421499: 23.323231555594778115 FIL (143G free)
Mar 29 21:35:45 Escrow: 0.999999997255 FIL
Mar 29 21:35:45 Locked: 0.33251649052 FIL
Mar 29 21:35:45 Datacap: 4225845166080
Mar 29 21:35:45 ....
Mar 29 21:35:46 Count: 3 of 4
Mar 29 21:35:46 f015927 (1 / 1 tries):
Mar 29 21:35:46 f0421499: 23.323231555594778115 FIL (143G free)
Mar 29 21:35:46 Escrow: 0.999999997255 FIL
Mar 29 21:35:47 Locked: 0.33251649052 FIL
Mar 29 21:35:47 Datacap: 4225845166080
Mar 29 21:35:47 ....
Mar 29 21:35:48 Count: 3 of 4
Mar 29 21:35:48 f019362 (1 / 1 tries):
Mar 29 21:35:48 f0421499: 23.323231555594778115 FIL (143G free)
Mar 29 21:35:48 Escrow: 0.999999997255 FIL
Mar 29 21:35:48 Locked: 0.33251649052 FIL
Mar 29 21:35:49 Datacap: 4225845166080
Mar 29 21:35:49 ....
Mar 29 21:35:50 Count: 3 of 4
Mar 29 21:35:50 f01234 (1 / 1 tries):
Mar 29 21:35:50 f0421499: 23.323231555594778115 FIL (143G free)
Mar 29 21:35:51 Escrow: 0.999999997255 FIL
Mar 29 21:35:51 Locked: 0.33251649052 FIL
Mar 29 21:35:51 Datacap: 4225845166080
Mar 29 21:35:51 ....
Mar 29 21:35:52 Count: 3 of 4
Mar 29 21:35:52 f022142 (1 / 1 tries):
Mar 29 21:35:52 f0421499: 23.323231555594778115 FIL (143G free)
Mar 29 21:35:52 Escrow: 0.999999997255 FIL
Mar 29 21:35:52 Locked: 0.33251649052 FIL
Mar 29 21:35:53 Datacap: 4225845166080
Mar 29 21:35:53 ....
Mar 29 21:35:54 Count: 3 of 4
Mar 29 21:35:54 f014409 (1 / 1 tries):
Mar 29 21:35:54 f0421499: 23.323231555594778115 FIL (143G free)
Mar 29 21:35:54 Escrow: 0.999999997255 FIL
Mar 29 21:35:54 Locked: 0.33251649052 FIL
Mar 29 21:35:54 Datacap: 4225845166080
Mar 29 21:35:54 ....
Mar 29 21:35:55 Count: 3 of 4
Mar 29 21:35:55 f022352 (1 / 1 tries):
Mar 29 21:35:56 f0421499: 23.323231555594778115 FIL (143G free)
Mar 29 21:35:56 Escrow: 0.999999997255 FIL
Mar 29 21:35:56 Locked: 0.33251649052 FIL
Mar 29 21:35:56 Datacap: 4225845166080
Mar 29 21:35:56 ....
Mar 29 21:35:57 Count: 3 of 4
Mar 29 21:35:57 f019104 (1 / 1 tries):
Mar 29 21:35:58 f0421499: 23.323231555594778115 FIL (143G free)
Mar 29 21:35:58 Escrow: 0.999999997255 FIL
Mar 29 21:35:58 Locked: 0.33251649052 FIL
Mar 29 21:35:58 Datacap: 4225845166080
Mar 29 21:35:58 ....
Mar 29 21:35:59 Count: 3 of 4
Mar 29 21:35:59 f014768 (1 / 1 tries):
Mar 29 21:35:59 f0421499: 23.323231555594778115 FIL (143G free)
Mar 29 21:36:00 Escrow: 0.999999997255 FIL
Mar 29 21:36:00 Locked: 0.33251649052 FIL
Mar 29 21:36:00 Datacap: 4225845166080
Mar 29 21:36:00 ....
Mar 29 21:36:01 Count: 3 of 4
Mar 29 21:36:01 f0127896 (1 / 1 tries):
Mar 29 21:36:02 Skipping f0127896: min-ask
Mar 29 21:36:02 
Mar 29 21:36:03 Count: 3 of 4
Mar 29 21:36:03 f07998 (1 / 1 tries):
Mar 29 21:36:03 f0421499: 23.323231555594778115 FIL (143G free)
Mar 29 21:36:03 Escrow: 0.999999997255 FIL
Mar 29 21:36:03 Locked: 0.33251649052 FIL
Mar 29 21:36:03 Datacap: 4225845166080
Mar 29 21:36:03 ....
Mar 29 21:36:04 Count: 3 of 4
Mar 29 21:36:04 f010617 (1 / 1 tries):
Mar 29 21:36:05 f0421499: 23.323231555594778115 FIL (143G free)
Mar 29 21:36:05 Escrow: 0.999999997255 FIL
Mar 29 21:36:05 Locked: 0.33251649052 FIL
Mar 29 21:36:05 Datacap: 4225845166080
Mar 29 21:36:05 ....
Mar 29 21:36:06 Count: 3 of 4
Mar 29 21:36:06 f01240 (1 / 1 tries):
Mar 29 21:36:07 f0421499: 23.323231555594778115 FIL (143G free)
Mar 29 21:36:07 Escrow: 0.999999997255 FIL
Mar 29 21:36:07 Locked: 0.33251649052 FIL
Mar 29 21:36:08 Datacap: 4225845166080
Mar 29 21:36:08 ....
Mar 29 21:36:09 Count: 3 of 4
Mar 29 21:36:09 f01278 (1 / 1 tries):
Mar 29 21:36:10 f0421499: 23.323231555594778115 FIL (143G free)
Mar 29 21:36:10 Escrow: 0.999999997255 FIL
Mar 29 21:36:10 Locked: 0.33251649052 FIL
Mar 29 21:36:10 Datacap: 4225845166080
Mar 29 21:36:10 ....
Mar 29 21:36:11 Count: 3 of 4
Mar 29 21:36:11 f023467 (1 / 1 tries):
Mar 29 21:36:11 f0421499: 23.323231555594778115 FIL (143G free)
Mar 29 21:36:12 Escrow: 0.999999997255 FIL
Mar 29 21:36:12 Locked: 0.33251649052 FIL
Mar 29 21:36:12 Datacap: 4225845166080
Mar 29 21:36:12 ....
Mar 29 21:36:13 Count: 3 of 4
Mar 29 21:36:13 f019551 (1 / 1 tries):
Mar 29 21:36:13 f0421499: 23.323231555594778115 FIL (143G free)
Mar 29 21:36:14 Escrow: 0.999999997255 FIL
Mar 29 21:36:14 Locked: 0.33251649052 FIL
Mar 29 21:36:14 Datacap: 4225845166080
Mar 29 21:36:14 ....
Mar 29 21:36:15 Count: 3 of 4
Mar 29 21:36:15 f062353 (1 / 1 tries):
Mar 29 21:36:15 f0421499: 23.323231555594778115 FIL (143G free)
Mar 29 21:36:16 Escrow: 0.999999997255 FIL
Mar 29 21:36:16 Locked: 0.33251649052 FIL
Mar 29 21:36:16 Datacap: 4225845166080
Mar 29 21:36:16 ....
Mar 29 21:36:17 Count: 3 of 4
Mar 29 21:36:17 f058369 (1 / 1 tries):
Mar 29 21:36:17 f0421499: 23.323231555594778115 FIL (143G free)
Mar 29 21:36:17 Escrow: 0.999999997255 FIL
Mar 29 21:36:17 Locked: 0.33251649052 FIL
Mar 29 21:36:18 Datacap: 4225845166080
Mar 29 21:36:18 ....
Mar 29 21:36:19 Count: 3 of 4
Mar 29 21:36:19 f021716 (1 / 1 tries):
Mar 29 21:36:19 f0421499: 23.323231555594778115 FIL (143G free)
Mar 29 21:36:19 Escrow: 0.999999997255 FIL
Mar 29 21:36:19 Locked: 0.33251649052 FIL
Mar 29 21:36:19 Datacap: 4225845166080
Mar 29 21:36:19 ....
Mar 29 21:36:21 Count: 3 of 4
Mar 29 21:36:21 f071624 (1 / 1 tries):
Mar 29 21:36:21 f0421499: 23.323231555594778115 FIL (143G free)
Mar 29 21:36:21 Escrow: 0.999999997255 FIL
Mar 29 21:36:21 Locked: 0.33251649052 FIL
Mar 29 21:36:22 Datacap: 4225845166080
Mar 29 21:36:22 ....
Mar 29 21:36:23 Count: 3 of 4
Mar 29 21:36:23 f01247 (1 / 1 tries):
Mar 29 21:36:23 f0421499: 23.323231555594778115 FIL (143G free)
Mar 29 21:36:23 Escrow: 0.999999997255 FIL
Mar 29 21:36:23 Locked: 0.33251649052 FIL
Mar 29 21:36:24 Datacap: 4225845166080
Mar 29 21:36:24 ....
