Mar 30 15:45:05 Count: 3 of 4
Mar 30 15:45:05 f019041 (1 / 1 tries):
Mar 30 15:45:05 f0421499: 23.293832210218907393 FIL (8.2G free)
Mar 30 15:45:06 Escrow: 0.999645757255 FIL
Mar 30 15:45:06 Locked: 0.33249517244 FIL
Mar 30 15:45:06 Datacap: 3160693276672
Mar 30 15:45:06 ....
Mar 30 15:45:07 Count: 3 of 4
Mar 30 15:45:07 f014768 (1 / 1 tries):
Mar 30 15:45:08 f0421499: 23.293832210218907393 FIL (8.2G free)
Mar 30 15:45:08 Escrow: 0.999645757255 FIL
Mar 30 15:45:08 Locked: 0.33249517244 FIL
Mar 30 15:45:08 Datacap: 3160693276672
Mar 30 15:45:09 ....
Mar 30 15:45:10 Count: 3 of 4
Mar 30 15:45:10 f019362 (1 / 1 tries):
Mar 30 15:45:10 f0421499: 23.293832210218907393 FIL (8.2G free)
Mar 30 15:45:11 Escrow: 0.999645757255 FIL
Mar 30 15:45:11 Locked: 0.33249517244 FIL
Mar 30 15:45:11 Datacap: 3160693276672
Mar 30 15:45:11 ....
Mar 30 15:45:12 Count: 3 of 4
Mar 30 15:45:12 f01240 (1 / 1 tries):
Mar 30 15:45:13 f0421499: 23.293832210218907393 FIL (8.2G free)
Mar 30 15:45:13 Escrow: 0.999645757255 FIL
Mar 30 15:45:13 Locked: 0.33249517244 FIL
Mar 30 15:45:13 Datacap: 3160693276672
Mar 30 15:45:13 ....
Mar 30 15:45:15 Count: 3 of 4
Mar 30 15:45:15 f023971 (1 / 1 tries):
Mar 30 15:45:15 f0421499: 23.293832210218907393 FIL (8.2G free)
Mar 30 15:45:16 Escrow: 0.999645757255 FIL
Mar 30 15:45:16 Locked: 0.33249517244 FIL
Mar 30 15:45:16 Datacap: 3160693276672
Mar 30 15:45:16 ....
Mar 30 15:45:17 Count: 3 of 4
Mar 30 15:45:17 f071624 (1 / 1 tries):
Mar 30 15:45:18 f0421499: 23.293832210218907393 FIL (8.2G free)
Mar 30 15:45:18 Escrow: 0.999645757255 FIL
Mar 30 15:45:18 Locked: 0.33249517244 FIL
Mar 30 15:45:18 Datacap: 3160693276672
Mar 30 15:45:18 ....
Mar 30 15:45:19 Count: 3 of 4
Mar 30 15:45:19 f023467 (1 / 1 tries):
Mar 30 15:45:20 f0421499: 23.293832210218907393 FIL (8.2G free)
Mar 30 15:45:20 Escrow: 0.999645757255 FIL
Mar 30 15:45:20 Locked: 0.33249517244 FIL
Mar 30 15:45:21 Datacap: 3160693276672
Mar 30 15:45:21 ....
Mar 30 15:45:22 Count: 3 of 4
Mar 30 15:45:22 f08403 (1 / 1 tries):
Mar 30 15:45:23 f0421499: 23.293832210218907393 FIL (8.2G free)
Mar 30 15:45:23 Escrow: 0.999645757255 FIL
Mar 30 15:45:23 Locked: 0.33249517244 FIL
Mar 30 15:45:23 Datacap: 3160693276672
Mar 30 15:45:24 ....
Mar 30 15:45:25 Count: 3 of 4
Mar 30 15:45:25 f022352 (1 / 1 tries):
Mar 30 15:45:25 f0421499: 23.293832210218907393 FIL (8.2G free)
Mar 30 15:45:25 Escrow: 0.999645757255 FIL
Mar 30 15:45:25 Locked: 0.33249517244 FIL
Mar 30 15:45:26 Datacap: 3160693276672
Mar 30 15:45:26 ....
Mar 30 15:45:27 Count: 3 of 4
Mar 30 15:45:27 f01234 (1 / 1 tries):
Mar 30 15:45:28 f0421499: 23.293832210218907393 FIL (8.2G free)
Mar 30 15:45:28 Escrow: 0.999645757255 FIL
Mar 30 15:45:28 Locked: 0.33249517244 FIL
Mar 30 15:45:29 Datacap: 3160693276672
Mar 30 15:45:29 ....
Mar 30 15:45:30 Count: 3 of 4
Mar 30 15:45:30 f02576 (1 / 1 tries):
Mar 30 15:45:30 f0421499: 23.293832210218907393 FIL (8.2G free)
Mar 30 15:45:31 Escrow: 0.999645757255 FIL
Mar 30 15:45:31 Locked: 0.33249517244 FIL
Mar 30 15:45:31 Datacap: 3160693276672
Mar 30 15:45:31 ....
Mar 30 15:45:32 Count: 3 of 4
Mar 30 15:45:32 f058369 (1 / 1 tries):
Mar 30 15:45:33 f0421499: 23.293832210218907393 FIL (8.2G free)
Mar 30 15:45:33 Escrow: 0.999645757255 FIL
Mar 30 15:45:33 Locked: 0.33249517244 FIL
Mar 30 15:45:34 Datacap: 3160693276672
Mar 30 15:45:34 ....
Mar 30 15:45:35 Count: 3 of 4
Mar 30 15:45:35 f015927 (1 / 1 tries):
Mar 30 15:45:35 Skipping f015927: min-ask
Mar 30 15:45:35 
Mar 30 15:45:36 Count: 3 of 4
Mar 30 15:45:36 f019100 (1 / 1 tries):
Mar 30 15:45:37 Skipping f019100: error-ask
Mar 30 15:45:37 
Mar 30 15:45:38 Count: 3 of 4
Mar 30 15:45:38 f019551 (1 / 1 tries):
Mar 30 15:45:38 f0421499: 23.293832210218907393 FIL (8.2G free)
Mar 30 15:45:38 Escrow: 0.999645757255 FIL
Mar 30 15:45:38 Locked: 0.33249517244 FIL
Mar 30 15:45:39 Datacap: 3160693276672
Mar 30 15:45:39 ....
Mar 30 15:45:40 Count: 3 of 4
Mar 30 15:45:40 f019104 (1 / 1 tries):
Mar 30 15:45:41 Skipping f019104: error-ask
Mar 30 15:45:41 
Mar 30 15:45:42 Count: 3 of 4
Mar 30 15:45:42 f021716 (1 / 1 tries):
Mar 30 15:45:42 f0421499: 23.293832210218907393 FIL (8.2G free)
Mar 30 15:45:42 Escrow: 0.999645757255 FIL
Mar 30 15:45:42 Locked: 0.33249517244 FIL
Mar 30 15:45:43 Datacap: 3160693276672
Mar 30 15:45:43 ....
Mar 30 15:45:44 Count: 3 of 4
Mar 30 15:45:44 f0127896 (1 / 1 tries):
Mar 30 15:45:44 Skipping f0127896: min-ask
Mar 30 15:45:44 
Mar 30 15:45:45 Count: 3 of 4
Mar 30 15:45:45 f0157535 (1 / 1 tries):
Mar 30 15:45:46 f0421499: 23.293832210218907393 FIL (8.2G free)
Mar 30 15:45:46 Escrow: 0.999645757255 FIL
Mar 30 15:45:46 Locked: 0.33249517244 FIL
Mar 30 15:45:47 Datacap: 3160693276672
Mar 30 15:45:47 ....
Mar 30 15:45:48 Count: 3 of 4
Mar 30 15:45:48 f08399 (1 / 1 tries):
Mar 30 15:45:48 f0421499: 23.293832210218907393 FIL (8.2G free)
Mar 30 15:45:48 Escrow: 0.999645757255 FIL
Mar 30 15:45:48 Locked: 0.33249517244 FIL
Mar 30 15:45:49 Datacap: 3160693276672
Mar 30 15:45:49 ....
Mar 30 15:45:50 Count: 3 of 4
Mar 30 15:45:50 f01277 (1 / 1 tries):
Mar 30 15:45:50 Skipping f01277: min-ask
Mar 30 15:45:50 
Mar 30 15:45:52 Count: 3 of 4
Mar 30 15:45:52 f022163 (1 / 1 tries):
Mar 30 15:45:52 f0421499: 23.293832210218907393 FIL (8.2G free)
Mar 30 15:45:52 Escrow: 0.999645757255 FIL
Mar 30 15:45:52 Locked: 0.33249517244 FIL
Mar 30 15:45:53 Datacap: 3160693276672
Mar 30 15:45:53 ....
Mar 30 15:45:54 Count: 3 of 4
Mar 30 15:45:54 f02606 (1 / 1 tries):
Mar 30 15:45:54 f0421499: 23.293832210218907393 FIL (8.2G free)
Mar 30 15:45:54 Escrow: 0.999645757255 FIL
Mar 30 15:45:54 Locked: 0.33249517244 FIL
Mar 30 15:45:55 Datacap: 3160693276672
Mar 30 15:45:55 ....
Mar 30 15:45:56 Count: 3 of 4
Mar 30 15:45:56 f010479 (1 / 1 tries):
Mar 30 15:45:57 f0421499: 23.293832210218907393 FIL (8.2G free)
Mar 30 15:45:57 Escrow: 0.999645757255 FIL
Mar 30 15:45:57 Locked: 0.33249517244 FIL
Mar 30 15:45:57 Datacap: 3160693276672
Mar 30 15:45:57 ....
Mar 30 15:45:58 Count: 3 of 4
Mar 30 15:45:58 f0145874 (1 / 1 tries):
Mar 30 15:45:59 f0421499: 23.293832210218907393 FIL (8.2G free)
Mar 30 15:45:59 Escrow: 0.999645757255 FIL
Mar 30 15:45:59 Locked: 0.33249517244 FIL
Mar 30 15:46:00 Datacap: 3160693276672
Mar 30 15:46:00 ....
Mar 30 15:46:01 Count: 3 of 4
Mar 30 15:46:01 f09848 (1 / 1 tries):
Mar 30 15:46:02 f0421499: 23.293832210218907393 FIL (8.2G free)
Mar 30 15:46:02 Escrow: 0.999645757255 FIL
Mar 30 15:46:02 Locked: 0.33249517244 FIL
Mar 30 15:46:02 Datacap: 3160693276672
Mar 30 15:46:03 ....
Mar 30 15:46:04 Count: 3 of 4
Mar 30 15:46:04 f01247 (1 / 1 tries):
Mar 30 15:46:04 f0421499: 23.293832210218907393 FIL (8.2G free)
Mar 30 15:46:04 Escrow: 0.999645757255 FIL
Mar 30 15:46:04 Locked: 0.33249517244 FIL
Mar 30 15:46:05 Datacap: 3160693276672
Mar 30 15:46:05 ....
Mar 30 15:46:06 Count: 3 of 4
Mar 30 15:46:06 f062353 (1 / 1 tries):
Mar 30 15:46:06 f0421499: 23.293832210218907393 FIL (8.2G free)
Mar 30 15:46:07 Escrow: 0.999645757255 FIL
Mar 30 15:46:07 Locked: 0.33249517244 FIL
Mar 30 15:46:07 Datacap: 3160693276672
Mar 30 15:46:07 ....
Mar 30 15:46:08 Count: 3 of 4
Mar 30 15:46:08 f022142 (1 / 1 tries):
Mar 30 15:46:09 f0421499: 23.293832210218907393 FIL (8.2G free)
Mar 30 15:46:09 Escrow: 0.999645757255 FIL
Mar 30 15:46:09 Locked: 0.33249517244 FIL
Mar 30 15:46:09 Datacap: 3160693276672
Mar 30 15:46:10 ....
Mar 30 15:46:11 Count: 3 of 4
Mar 30 15:46:11 f0165400 (1 / 1 tries):
Mar 30 15:46:11 f0421499: 23.293832210218907393 FIL (8.2G free)
Mar 30 15:46:11 Escrow: 0.999645757255 FIL
Mar 30 15:46:11 Locked: 0.33249517244 FIL
Mar 30 15:46:12 Datacap: 3160693276672
Mar 30 15:46:12 ....
Mar 30 15:46:13 Count: 3 of 4
Mar 30 15:46:13 f01278 (1 / 1 tries):
Mar 30 15:46:14 f0421499: 23.293832210218907393 FIL (8.2G free)
Mar 30 15:46:14 Escrow: 0.999645757255 FIL
Mar 30 15:46:14 Locked: 0.33249517244 FIL
Mar 30 15:46:14 Datacap: 3160693276672
Mar 30 15:46:14 ....
Mar 30 15:46:15 Count: 3 of 4
Mar 30 15:46:15 f07998 (1 / 1 tries):
Mar 30 15:46:16 f0421499: 23.293832210218907393 FIL (8.2G free)
Mar 30 15:46:16 Escrow: 0.999645757255 FIL
Mar 30 15:46:16 Locked: 0.33249517244 FIL
Mar 30 15:46:16 Datacap: 3160693276672
Mar 30 15:46:16 ....
Mar 30 15:46:17 Count: 3 of 4
Mar 30 15:46:17 f010617 (1 / 1 tries):
Mar 30 15:46:18 f0421499: 23.293832210218907393 FIL (8.2G free)
Mar 30 15:46:18 Escrow: 0.999645757255 FIL
Mar 30 15:46:18 Locked: 0.33249517244 FIL
Mar 30 15:46:19 Datacap: 3160693276672
Mar 30 15:46:19 ....
Mar 30 15:46:20 Count: 3 of 4
Mar 30 15:46:20 f066596 (1 / 1 tries):
Mar 30 15:46:20 f0421499: 23.293832210218907393 FIL (8.2G free)
Mar 30 15:46:21 Escrow: 0.999645757255 FIL
Mar 30 15:46:21 Locked: 0.33249517244 FIL
Mar 30 15:46:21 Datacap: 3160693276672
Mar 30 15:46:21 ....
Mar 30 15:46:22 Count: 3 of 4
Mar 30 15:46:22 f099608 (1 / 1 tries):
Mar 30 15:46:22 f0421499: 23.293832210218907393 FIL (8.2G free)
Mar 30 15:46:22 Escrow: 0.999645757255 FIL
Mar 30 15:46:22 Locked: 0.33249517244 FIL
Mar 30 15:46:23 Datacap: 3160693276672
Mar 30 15:46:23 ....
Mar 30 15:46:24 Count: 3 of 4
Mar 30 15:46:24 f014409 (1 / 1 tries):
Mar 30 15:46:25 f0421499: 23.293832210218907393 FIL (8.2G free)
Mar 30 15:46:25 Escrow: 0.999645757255 FIL
Mar 30 15:46:25 Locked: 0.33249517244 FIL
Mar 30 15:46:25 Datacap: 3160693276672
Mar 30 15:46:25 ....
