Mar 30 07:08:47 Count: 3 of 4
Mar 30 07:08:47 f01234 (1 / 1 tries):
Mar 30 07:08:48 f0421499: 23.293832210218907393 FIL (9.8G free)
Mar 30 07:08:48 Escrow: 0.999645757255 FIL
Mar 30 07:08:48 Locked: 0.33249517244 FIL
Mar 30 07:08:48 Datacap: 3160693276672
Mar 30 07:08:48 ....
Mar 30 07:08:49 Count: 3 of 4
Mar 30 07:08:49 f07998 (1 / 1 tries):
Mar 30 07:08:50 f0421499: 23.293832210218907393 FIL (9.8G free)
Mar 30 07:08:50 Escrow: 0.999645757255 FIL
Mar 30 07:08:50 Locked: 0.33249517244 FIL
Mar 30 07:08:51 Datacap: 3160693276672
Mar 30 07:08:51 ....
Mar 30 07:08:52 Count: 3 of 4
Mar 30 07:08:52 f0127896 (1 / 1 tries):
Mar 30 07:08:52 Skipping f0127896: min-ask
Mar 30 07:08:52 
Mar 30 07:08:53 Count: 3 of 4
Mar 30 07:08:53 f022163 (1 / 1 tries):
Mar 30 07:08:54 f0421499: 23.293832210218907393 FIL (9.8G free)
Mar 30 07:08:54 Escrow: 0.999645757255 FIL
Mar 30 07:08:54 Locked: 0.33249517244 FIL
Mar 30 07:08:55 Datacap: 3160693276672
Mar 30 07:08:55 ....
Mar 30 07:08:56 Count: 3 of 4
Mar 30 07:08:56 f09848 (1 / 1 tries):
Mar 30 07:08:56 f0421499: 23.293832210218907393 FIL (9.8G free)
Mar 30 07:08:56 Escrow: 0.999645757255 FIL
Mar 30 07:08:56 Locked: 0.33249517244 FIL
Mar 30 07:08:57 Datacap: 3160693276672
Mar 30 07:08:57 ....
Mar 30 07:08:58 Count: 3 of 4
Mar 30 07:08:58 f014768 (1 / 1 tries):
Mar 30 07:08:58 f0421499: 23.293832210218907393 FIL (9.8G free)
Mar 30 07:08:58 Escrow: 0.999645757255 FIL
Mar 30 07:08:58 Locked: 0.33249517244 FIL
Mar 30 07:08:59 Datacap: 3160693276672
Mar 30 07:08:59 ....
Mar 30 07:09:00 Count: 3 of 4
Mar 30 07:09:00 f058369 (1 / 1 tries):
Mar 30 07:09:01 f0421499: 23.293832210218907393 FIL (9.8G free)
Mar 30 07:09:01 Escrow: 0.999645757255 FIL
Mar 30 07:09:01 Locked: 0.33249517244 FIL
Mar 30 07:09:01 Datacap: 3160693276672
Mar 30 07:09:02 ....
Mar 30 07:09:03 Count: 3 of 4
Mar 30 07:09:03 f062353 (1 / 1 tries):
Mar 30 07:09:03 f0421499: 23.293832210218907393 FIL (9.8G free)
Mar 30 07:09:04 Escrow: 0.999645757255 FIL
Mar 30 07:09:04 Locked: 0.33249517244 FIL
Mar 30 07:09:04 Datacap: 3160693276672
Mar 30 07:09:04 ....
Mar 30 07:09:05 Count: 3 of 4
Mar 30 07:09:05 f071624 (1 / 1 tries):
Mar 30 07:09:06 f0421499: 23.293832210218907393 FIL (9.8G free)
Mar 30 07:09:06 Escrow: 0.999645757255 FIL
Mar 30 07:09:06 Locked: 0.33249517244 FIL
Mar 30 07:09:06 Datacap: 3160693276672
Mar 30 07:09:07 ....
Mar 30 07:09:08 Count: 3 of 4
Mar 30 07:09:08 f022352 (1 / 1 tries):
Mar 30 07:09:08 f0421499: 23.293832210218907393 FIL (9.8G free)
Mar 30 07:09:09 Escrow: 0.999645757255 FIL
Mar 30 07:09:09 Locked: 0.33249517244 FIL
Mar 30 07:09:09 Datacap: 3160693276672
Mar 30 07:09:09 ....
Mar 30 07:09:10 Count: 3 of 4
Mar 30 07:09:10 f01277 (1 / 1 tries):
Mar 30 07:09:10 Skipping f01277: min-ask
Mar 30 07:09:10 
Mar 30 07:09:11 Count: 3 of 4
Mar 30 07:09:11 f0145874 (1 / 1 tries):
Mar 30 07:09:12 f0421499: 23.293832210218907393 FIL (9.8G free)
Mar 30 07:09:12 Escrow: 0.999645757255 FIL
Mar 30 07:09:12 Locked: 0.33249517244 FIL
Mar 30 07:09:13 Datacap: 3160693276672
Mar 30 07:09:13 ....
Mar 30 07:09:14 Count: 3 of 4
Mar 30 07:09:14 f019100 (1 / 1 tries):
Mar 30 07:09:15 Skipping f019100: error-ask
Mar 30 07:09:15 
Mar 30 07:09:16 Count: 3 of 4
Mar 30 07:09:16 f021716 (1 / 1 tries):
Mar 30 07:09:16 f0421499: 23.293832210218907393 FIL (9.8G free)
Mar 30 07:09:16 Escrow: 0.999645757255 FIL
Mar 30 07:09:16 Locked: 0.33249517244 FIL
Mar 30 07:09:17 Datacap: 3160693276672
Mar 30 07:09:17 ....
Mar 30 07:09:18 Count: 3 of 4
Mar 30 07:09:18 f02576 (1 / 1 tries):
Mar 30 07:09:18 f0421499: 23.293832210218907393 FIL (9.8G free)
Mar 30 07:09:19 Escrow: 0.999645757255 FIL
Mar 30 07:09:19 Locked: 0.33249517244 FIL
Mar 30 07:09:19 Datacap: 3160693276672
Mar 30 07:09:19 ....
Mar 30 07:09:20 Count: 3 of 4
Mar 30 07:09:20 f019041 (1 / 1 tries):
Mar 30 07:09:21 f0421499: 23.293832210218907393 FIL (9.8G free)
Mar 30 07:09:21 Escrow: 0.999645757255 FIL
Mar 30 07:09:21 Locked: 0.33249517244 FIL
Mar 30 07:09:21 Datacap: 3160693276672
Mar 30 07:09:22 ....
Mar 30 07:09:23 Count: 3 of 4
Mar 30 07:09:23 f023467 (1 / 1 tries):
Mar 30 07:09:23 f0421499: 23.293832210218907393 FIL (9.8G free)
Mar 30 07:09:23 Escrow: 0.999645757255 FIL
Mar 30 07:09:23 Locked: 0.33249517244 FIL
Mar 30 07:09:23 Datacap: 3160693276672
Mar 30 07:09:24 ....
Mar 30 07:09:25 Count: 3 of 4
Mar 30 07:09:25 f08399 (1 / 1 tries):
Mar 30 07:09:25 f0421499: 23.293832210218907393 FIL (9.8G free)
Mar 30 07:09:25 Escrow: 0.999645757255 FIL
Mar 30 07:09:25 Locked: 0.33249517244 FIL
Mar 30 07:09:26 Datacap: 3160693276672
Mar 30 07:09:26 ....
Mar 30 07:09:27 Count: 3 of 4
Mar 30 07:09:27 f066596 (1 / 1 tries):
Mar 30 07:09:28 f0421499: 23.293832210218907393 FIL (9.8G free)
Mar 30 07:09:28 Escrow: 0.999645757255 FIL
Mar 30 07:09:28 Locked: 0.33249517244 FIL
Mar 30 07:09:28 Datacap: 3160693276672
Mar 30 07:09:28 ....
Mar 30 07:09:29 Count: 3 of 4
Mar 30 07:09:29 f08403 (1 / 1 tries):
Mar 30 07:09:30 f0421499: 23.293832210218907393 FIL (9.8G free)
Mar 30 07:09:30 Escrow: 0.999645757255 FIL
Mar 30 07:09:30 Locked: 0.33249517244 FIL
Mar 30 07:09:31 Datacap: 3160693276672
Mar 30 07:09:31 ....
Mar 30 07:09:32 Count: 3 of 4
Mar 30 07:09:32 f019362 (1 / 1 tries):
Mar 30 07:09:33 f0421499: 23.293832210218907393 FIL (9.8G free)
Mar 30 07:09:33 Escrow: 0.999645757255 FIL
Mar 30 07:09:33 Locked: 0.33249517244 FIL
Mar 30 07:09:34 Datacap: 3160693276672
Mar 30 07:09:34 ....
Mar 30 07:09:35 Count: 3 of 4
Mar 30 07:09:35 f023971 (1 / 1 tries):
Mar 30 07:09:35 f0421499: 23.293832210218907393 FIL (9.8G free)
Mar 30 07:09:35 Escrow: 0.999645757255 FIL
Mar 30 07:09:35 Locked: 0.33249517244 FIL
Mar 30 07:09:36 Datacap: 3160693276672
Mar 30 07:09:36 ....
Mar 30 07:09:37 Count: 3 of 4
Mar 30 07:09:37 f099608 (1 / 1 tries):
Mar 30 07:09:37 f0421499: 23.293832210218907393 FIL (9.8G free)
Mar 30 07:09:37 Escrow: 0.999645757255 FIL
Mar 30 07:09:37 Locked: 0.33249517244 FIL
Mar 30 07:09:38 Datacap: 3160693276672
Mar 30 07:09:38 ....
Mar 30 07:09:39 Count: 3 of 4
Mar 30 07:09:39 f019551 (1 / 1 tries):
Mar 30 07:09:40 f0421499: 23.293832210218907393 FIL (9.8G free)
Mar 30 07:09:40 Escrow: 0.999645757255 FIL
Mar 30 07:09:40 Locked: 0.33249517244 FIL
Mar 30 07:09:41 Datacap: 3160693276672
Mar 30 07:09:41 ....
Mar 30 07:09:42 Count: 3 of 4
Mar 30 07:09:42 f015927 (1 / 1 tries):
Mar 30 07:09:42 Skipping f015927: min-ask
Mar 30 07:09:42 
Mar 30 07:09:43 Count: 3 of 4
Mar 30 07:09:43 f0157535 (1 / 1 tries):
Mar 30 07:09:44 f0421499: 23.293832210218907393 FIL (9.8G free)
Mar 30 07:09:44 Escrow: 0.999645757255 FIL
Mar 30 07:09:44 Locked: 0.33249517244 FIL
Mar 30 07:09:44 Datacap: 3160693276672
Mar 30 07:09:45 ....
Mar 30 07:09:46 Count: 3 of 4
Mar 30 07:09:46 f014409 (1 / 1 tries):
Mar 30 07:09:46 f0421499: 23.293832210218907393 FIL (9.8G free)
Mar 30 07:09:47 Escrow: 0.999645757255 FIL
Mar 30 07:09:47 Locked: 0.33249517244 FIL
Mar 30 07:09:47 Datacap: 3160693276672
Mar 30 07:09:47 ....
Mar 30 07:09:48 Count: 3 of 4
Mar 30 07:09:48 f019104 (1 / 1 tries):
Mar 30 07:09:49 Skipping f019104: error-ask
Mar 30 07:09:49 
Mar 30 07:09:50 Count: 3 of 4
Mar 30 07:09:50 f01278 (1 / 1 tries):
Mar 30 07:09:50 f0421499: 23.293832210218907393 FIL (9.8G free)
Mar 30 07:09:50 Escrow: 0.999645757255 FIL
Mar 30 07:09:50 Locked: 0.33249517244 FIL
Mar 30 07:09:51 Datacap: 3160693276672
Mar 30 07:09:51 ....
Mar 30 07:09:52 Count: 3 of 4
Mar 30 07:09:52 f01247 (1 / 1 tries):
Mar 30 07:09:53 f0421499: 23.293832210218907393 FIL (9.8G free)
Mar 30 07:09:53 Escrow: 0.999645757255 FIL
Mar 30 07:09:53 Locked: 0.33249517244 FIL
Mar 30 07:09:53 Datacap: 3160693276672
Mar 30 07:09:54 ....
Mar 30 07:09:55 Count: 3 of 4
Mar 30 07:09:55 f022142 (1 / 1 tries):
Mar 30 07:09:55 f0421499: 23.293832210218907393 FIL (9.8G free)
Mar 30 07:09:55 Escrow: 0.999645757255 FIL
Mar 30 07:09:55 Locked: 0.33249517244 FIL
Mar 30 07:09:56 Datacap: 3160693276672
Mar 30 07:09:56 ....
Mar 30 07:09:57 Count: 3 of 4
Mar 30 07:09:57 f02606 (1 / 1 tries):
Mar 30 07:09:57 f0421499: 23.293832210218907393 FIL (9.8G free)
Mar 30 07:09:57 Escrow: 0.999645757255 FIL
Mar 30 07:09:57 Locked: 0.33249517244 FIL
Mar 30 07:09:58 Datacap: 3160693276672
Mar 30 07:09:58 ....
Mar 30 07:09:59 Count: 3 of 4
Mar 30 07:09:59 f01240 (1 / 1 tries):
Mar 30 07:10:00 f0421499: 23.293832210218907393 FIL (9.8G free)
Mar 30 07:10:00 Escrow: 0.999645757255 FIL
Mar 30 07:10:00 Locked: 0.33249517244 FIL
Mar 30 07:10:00 Datacap: 3160693276672
Mar 30 07:10:00 ....
Mar 30 07:10:01 Count: 3 of 4
Mar 30 07:10:01 f010617 (1 / 1 tries):
Mar 30 07:10:02 f0421499: 23.293832210218907393 FIL (9.8G free)
Mar 30 07:10:02 Escrow: 0.999645757255 FIL
Mar 30 07:10:02 Locked: 0.33249517244 FIL
Mar 30 07:10:03 Datacap: 3160693276672
Mar 30 07:10:03 ....
Mar 30 07:10:04 Count: 3 of 4
Mar 30 07:10:04 f010479 (1 / 1 tries):
Mar 30 07:10:05 f0421499: 23.293832210218907393 FIL (9.8G free)
Mar 30 07:10:05 Escrow: 0.999645757255 FIL
Mar 30 07:10:05 Locked: 0.33249517244 FIL
Mar 30 07:10:05 Datacap: 3160693276672
Mar 30 07:10:06 ....
Mar 30 07:10:07 Count: 3 of 4
Mar 30 07:10:07 f0165400 (1 / 1 tries):
Mar 30 07:10:07 f0421499: 23.293832210218907393 FIL (9.8G free)
Mar 30 07:10:07 Escrow: 0.999645757255 FIL
Mar 30 07:10:07 Locked: 0.33249517244 FIL
Mar 30 07:10:08 Datacap: 3160693276672
Mar 30 07:10:08 ....
