Mar 30 17:27:28 Count: 3 of 4
Mar 30 17:27:28 f01277 (1 / 1 tries):
Mar 30 17:27:29 Skipping f01277: min-ask
Mar 30 17:27:29 
Mar 30 17:27:30 Count: 3 of 4
Mar 30 17:27:30 f023971 (1 / 1 tries):
Mar 30 17:27:31 f0421499: 23.293832210218907393 FIL (7.9G free)
Mar 30 17:27:31 Escrow: 0.999645757255 FIL
Mar 30 17:27:31 Locked: 0.33249517244 FIL
Mar 30 17:27:31 Datacap: 3160693276672
Mar 30 17:27:31 ....
Mar 30 17:27:33 Count: 3 of 4
Mar 30 17:27:33 f022163 (1 / 1 tries):
Mar 30 17:27:33 f0421499: 23.293832210218907393 FIL (7.9G free)
Mar 30 17:27:33 Escrow: 0.999645757255 FIL
Mar 30 17:27:33 Locked: 0.33249517244 FIL
Mar 30 17:27:34 Datacap: 3160693276672
Mar 30 17:27:34 ....
Mar 30 17:27:35 Count: 3 of 4
Mar 30 17:27:35 f02576 (1 / 1 tries):
Mar 30 17:27:35 f0421499: 23.293832210218907393 FIL (7.9G free)
Mar 30 17:27:36 Escrow: 0.999645757255 FIL
Mar 30 17:27:36 Locked: 0.33249517244 FIL
Mar 30 17:27:36 Datacap: 3160693276672
Mar 30 17:27:36 ....
Mar 30 17:27:37 Count: 3 of 4
Mar 30 17:27:37 f058369 (1 / 1 tries):
Mar 30 17:27:38 f0421499: 23.293832210218907393 FIL (7.9G free)
Mar 30 17:27:38 Escrow: 0.999645757255 FIL
Mar 30 17:27:38 Locked: 0.33249517244 FIL
Mar 30 17:27:39 Datacap: 3160693276672
Mar 30 17:27:39 ....
Mar 30 17:27:40 Count: 3 of 4
Mar 30 17:27:40 f019041 (1 / 1 tries):
Mar 30 17:27:40 f0421499: 23.293832210218907393 FIL (7.9G free)
Mar 30 17:27:40 Escrow: 0.999645757255 FIL
Mar 30 17:27:40 Locked: 0.33249517244 FIL
Mar 30 17:27:41 Datacap: 3160693276672
Mar 30 17:27:41 ....
Mar 30 17:27:42 Count: 3 of 4
Mar 30 17:27:42 f014768 (1 / 1 tries):
Mar 30 17:27:43 f0421499: 23.293832210218907393 FIL (7.9G free)
Mar 30 17:27:43 Escrow: 0.999645757255 FIL
Mar 30 17:27:43 Locked: 0.33249517244 FIL
Mar 30 17:27:44 Datacap: 3160693276672
Mar 30 17:27:44 ....
Mar 30 17:27:45 Count: 3 of 4
Mar 30 17:27:45 f01240 (1 / 1 tries):
Mar 30 17:27:45 f0421499: 23.293832210218907393 FIL (7.9G free)
Mar 30 17:27:45 Escrow: 0.999645757255 FIL
Mar 30 17:27:45 Locked: 0.33249517244 FIL
Mar 30 17:27:46 Datacap: 3160693276672
Mar 30 17:27:46 ....
Mar 30 17:27:47 Count: 3 of 4
Mar 30 17:27:47 f010617 (1 / 1 tries):
Mar 30 17:27:47 f0421499: 23.293832210218907393 FIL (7.9G free)
Mar 30 17:27:48 Escrow: 0.999645757255 FIL
Mar 30 17:27:48 Locked: 0.33249517244 FIL
Mar 30 17:27:48 Datacap: 3160693276672
Mar 30 17:27:48 ....
Mar 30 17:27:49 Count: 3 of 4
Mar 30 17:27:49 f01247 (1 / 1 tries):
Mar 30 17:27:50 f0421499: 23.293832210218907393 FIL (7.9G free)
Mar 30 17:27:50 Escrow: 0.999645757255 FIL
Mar 30 17:27:50 Locked: 0.33249517244 FIL
Mar 30 17:27:50 Datacap: 3160693276672
Mar 30 17:27:50 ....
Mar 30 17:27:51 Count: 3 of 4
Mar 30 17:27:51 f08399 (1 / 1 tries):
Mar 30 17:27:52 f0421499: 23.293832210218907393 FIL (7.9G free)
Mar 30 17:27:52 Escrow: 0.999645757255 FIL
Mar 30 17:27:52 Locked: 0.33249517244 FIL
Mar 30 17:27:53 Datacap: 3160693276672
Mar 30 17:27:53 ....
Mar 30 17:27:54 Count: 3 of 4
Mar 30 17:27:54 f07998 (1 / 1 tries):
Mar 30 17:27:54 f0421499: 23.293832210218907393 FIL (7.9G free)
Mar 30 17:27:54 Escrow: 0.999645757255 FIL
Mar 30 17:27:54 Locked: 0.33249517244 FIL
Mar 30 17:27:55 Datacap: 3160693276672
Mar 30 17:27:55 ....
Mar 30 17:27:56 Count: 3 of 4
Mar 30 17:27:56 f015927 (1 / 1 tries):
Mar 30 17:27:56 Skipping f015927: min-ask
Mar 30 17:27:56 
Mar 30 17:27:57 Count: 3 of 4
Mar 30 17:27:57 f01234 (1 / 1 tries):
Mar 30 17:27:58 f0421499: 23.293832210218907393 FIL (7.9G free)
Mar 30 17:27:58 Escrow: 0.999645757255 FIL
Mar 30 17:27:58 Locked: 0.33249517244 FIL
Mar 30 17:27:59 Datacap: 3160693276672
Mar 30 17:27:59 ....
Mar 30 17:28:00 Count: 3 of 4
Mar 30 17:28:00 f014409 (1 / 1 tries):
Mar 30 17:28:01 f0421499: 23.293832210218907393 FIL (7.9G free)
Mar 30 17:28:01 Escrow: 0.999645757255 FIL
Mar 30 17:28:01 Locked: 0.33249517244 FIL
Mar 30 17:28:01 Datacap: 3160693276672
Mar 30 17:28:01 ....
Mar 30 17:28:02 Count: 3 of 4
Mar 30 17:28:02 f023467 (1 / 1 tries):
Mar 30 17:28:03 f0421499: 23.293832210218907393 FIL (7.9G free)
Mar 30 17:28:03 Escrow: 0.999645757255 FIL
Mar 30 17:28:03 Locked: 0.33249517244 FIL
Mar 30 17:28:04 Datacap: 3160693276672
Mar 30 17:28:04 ....
Mar 30 17:28:05 Count: 3 of 4
Mar 30 17:28:05 f0145874 (1 / 1 tries):
Mar 30 17:28:06 f0421499: 23.293832210218907393 FIL (7.9G free)
Mar 30 17:28:06 Escrow: 0.999645757255 FIL
Mar 30 17:28:06 Locked: 0.33249517244 FIL
Mar 30 17:28:06 Datacap: 3160693276672
Mar 30 17:28:06 ....
Mar 30 17:28:07 Count: 3 of 4
Mar 30 17:28:07 f02606 (1 / 1 tries):
Mar 30 17:28:08 f0421499: 23.293832210218907393 FIL (7.9G free)
Mar 30 17:28:08 Escrow: 0.999645757255 FIL
Mar 30 17:28:08 Locked: 0.33249517244 FIL
Mar 30 17:28:08 Datacap: 3160693276672
Mar 30 17:28:08 ....
Mar 30 17:28:09 Count: 3 of 4
Mar 30 17:28:09 f01278 (1 / 1 tries):
Mar 30 17:28:10 f0421499: 23.293832210218907393 FIL (7.9G free)
Mar 30 17:28:10 Escrow: 0.999645757255 FIL
Mar 30 17:28:10 Locked: 0.33249517244 FIL
Mar 30 17:28:11 Datacap: 3160693276672
Mar 30 17:28:11 ....
Mar 30 17:28:12 Count: 3 of 4
Mar 30 17:28:12 f062353 (1 / 1 tries):
Mar 30 17:28:13 f0421499: 23.293832210218907393 FIL (7.9G free)
Mar 30 17:28:13 Escrow: 0.999645757255 FIL
Mar 30 17:28:13 Locked: 0.33249517244 FIL
Mar 30 17:28:13 Datacap: 3160693276672
Mar 30 17:28:13 ....
Mar 30 17:28:14 Count: 3 of 4
Mar 30 17:28:14 f019104 (1 / 1 tries):
Mar 30 17:28:15 Skipping f019104: error-ask
Mar 30 17:28:15 
Mar 30 17:28:16 Count: 3 of 4
Mar 30 17:28:16 f019362 (1 / 1 tries):
Mar 30 17:28:16 f0421499: 23.293832210218907393 FIL (7.9G free)
Mar 30 17:28:17 Escrow: 0.999645757255 FIL
Mar 30 17:28:17 Locked: 0.33249517244 FIL
Mar 30 17:28:17 Datacap: 3160693276672
Mar 30 17:28:17 ....
Mar 30 17:28:18 Count: 3 of 4
Mar 30 17:28:18 f0165400 (1 / 1 tries):
Mar 30 17:28:19 f0421499: 23.293832210218907393 FIL (7.9G free)
Mar 30 17:28:19 Escrow: 0.999645757255 FIL
Mar 30 17:28:19 Locked: 0.33249517244 FIL
Mar 30 17:28:19 Datacap: 3160693276672
Mar 30 17:28:20 ....
Mar 30 17:28:21 Count: 3 of 4
Mar 30 17:28:21 f021716 (1 / 1 tries):
Mar 30 17:28:22 f0421499: 23.293832210218907393 FIL (7.9G free)
Mar 30 17:28:22 Escrow: 0.999645757255 FIL
Mar 30 17:28:22 Locked: 0.33249517244 FIL
Mar 30 17:28:22 Datacap: 3160693276672
Mar 30 17:28:22 ....
Mar 30 17:28:23 Count: 3 of 4
Mar 30 17:28:23 f019100 (1 / 1 tries):
Mar 30 17:28:24 Skipping f019100: error-ask
Mar 30 17:28:24 
Mar 30 17:28:25 Count: 3 of 4
Mar 30 17:28:25 f019551 (1 / 1 tries):
Mar 30 17:28:25 f0421499: 23.293832210218907393 FIL (7.9G free)
Mar 30 17:28:25 Escrow: 0.999645757255 FIL
Mar 30 17:28:25 Locked: 0.33249517244 FIL
Mar 30 17:28:26 Datacap: 3160693276672
Mar 30 17:28:26 ....
Mar 30 17:28:27 Count: 3 of 4
Mar 30 17:28:27 f022142 (1 / 1 tries):
Mar 30 17:28:27 f0421499: 23.293832210218907393 FIL (7.9G free)
Mar 30 17:28:27 Escrow: 0.999645757255 FIL
Mar 30 17:28:27 Locked: 0.33249517244 FIL
Mar 30 17:28:28 Datacap: 3160693276672
Mar 30 17:28:28 ....
Mar 30 17:28:29 Count: 3 of 4
Mar 30 17:28:29 f0157535 (1 / 1 tries):
Mar 30 17:28:29 f0421499: 23.293832210218907393 FIL (7.9G free)
Mar 30 17:28:29 Escrow: 0.999645757255 FIL
Mar 30 17:28:29 Locked: 0.33249517244 FIL
Mar 30 17:28:30 Datacap: 3160693276672
Mar 30 17:28:30 ....
Mar 30 17:28:31 Count: 3 of 4
Mar 30 17:28:31 f0127896 (1 / 1 tries):
Mar 30 17:28:31 Skipping f0127896: min-ask
Mar 30 17:28:31 
Mar 30 17:28:32 Count: 3 of 4
Mar 30 17:28:32 f071624 (1 / 1 tries):
Mar 30 17:28:33 f0421499: 23.293832210218907393 FIL (7.9G free)
Mar 30 17:28:33 Escrow: 0.999645757255 FIL
Mar 30 17:28:33 Locked: 0.33249517244 FIL
Mar 30 17:28:33 Datacap: 3160693276672
Mar 30 17:28:33 ....
Mar 30 17:28:34 Count: 3 of 4
Mar 30 17:28:34 f022352 (1 / 1 tries):
Mar 30 17:28:35 f0421499: 23.293832210218907393 FIL (7.9G free)
Mar 30 17:28:35 Escrow: 0.999645757255 FIL
Mar 30 17:28:35 Locked: 0.33249517244 FIL
Mar 30 17:28:35 Datacap: 3160693276672
Mar 30 17:28:35 ....
Mar 30 17:28:36 Count: 3 of 4
Mar 30 17:28:36 f066596 (1 / 1 tries):
Mar 30 17:28:37 f0421499: 23.293832210218907393 FIL (7.9G free)
Mar 30 17:28:37 Escrow: 0.999645757255 FIL
Mar 30 17:28:37 Locked: 0.33249517244 FIL
Mar 30 17:28:37 Datacap: 3160693276672
Mar 30 17:28:37 ....
Mar 30 17:28:38 Count: 3 of 4
Mar 30 17:28:38 f09848 (1 / 1 tries):
Mar 30 17:28:39 f0421499: 23.293832210218907393 FIL (7.9G free)
Mar 30 17:28:39 Escrow: 0.999645757255 FIL
Mar 30 17:28:39 Locked: 0.33249517244 FIL
Mar 30 17:28:39 Datacap: 3160693276672
Mar 30 17:28:40 ....
Mar 30 17:28:41 Count: 3 of 4
Mar 30 17:28:41 f08403 (1 / 1 tries):
Mar 30 17:28:41 f0421499: 23.293832210218907393 FIL (7.9G free)
Mar 30 17:28:42 Escrow: 0.999645757255 FIL
Mar 30 17:28:42 Locked: 0.33249517244 FIL
Mar 30 17:28:42 Datacap: 3160693276672
Mar 30 17:28:42 ....
Mar 30 17:28:43 Count: 3 of 4
Mar 30 17:28:43 f010479 (1 / 1 tries):
Mar 30 17:28:43 f0421499: 23.293832210218907393 FIL (7.9G free)
Mar 30 17:28:43 Escrow: 0.999645757255 FIL
Mar 30 17:28:43 Locked: 0.33249517244 FIL
Mar 30 17:28:44 Datacap: 3160693276672
Mar 30 17:28:44 ....
Mar 30 17:28:45 Count: 3 of 4
Mar 30 17:28:45 f099608 (1 / 1 tries):
Mar 30 17:28:46 f0421499: 23.293832210218907393 FIL (7.9G free)
Mar 30 17:28:46 Escrow: 0.999645757255 FIL
Mar 30 17:28:46 Locked: 0.33249517244 FIL
Mar 30 17:28:46 Datacap: 3160693276672
Mar 30 17:28:46 ....
