Mar 30 03:51:07 Count: 3 of 4
Mar 30 03:51:07 f021716 (1 / 1 tries):
Mar 30 03:51:08 f0421499: 23.293832210218907393 FIL (11G free)
Mar 30 03:51:08 Escrow: 0.999645757255 FIL
Mar 30 03:51:08 Locked: 0.33249517244 FIL
Mar 30 03:51:08 Datacap: 3160693276672
Mar 30 03:51:08 ....
Mar 30 03:51:09 Count: 3 of 4
Mar 30 03:51:09 f0127896 (1 / 1 tries):
Mar 30 03:51:09 Skipping f0127896: min-ask
Mar 30 03:51:09 
Mar 30 03:51:10 Count: 3 of 4
Mar 30 03:51:10 f01234 (1 / 1 tries):
Mar 30 03:51:11 f0421499: 23.293832210218907393 FIL (11G free)
Mar 30 03:51:11 Escrow: 0.999645757255 FIL
Mar 30 03:51:11 Locked: 0.33249517244 FIL
Mar 30 03:51:11 Datacap: 3160693276672
Mar 30 03:51:11 ....
Mar 30 03:51:12 Count: 3 of 4
Mar 30 03:51:12 f066596 (1 / 1 tries):
Mar 30 03:51:13 f0421499: 23.293832210218907393 FIL (11G free)
Mar 30 03:51:13 Escrow: 0.999645757255 FIL
Mar 30 03:51:13 Locked: 0.33249517244 FIL
Mar 30 03:51:13 Datacap: 3160693276672
Mar 30 03:51:13 ....
Mar 30 03:51:14 Count: 3 of 4
Mar 30 03:51:14 f01247 (1 / 1 tries):
Mar 30 03:51:15 f0421499: 23.293832210218907393 FIL (11G free)
Mar 30 03:51:15 Escrow: 0.999645757255 FIL
Mar 30 03:51:15 Locked: 0.33249517244 FIL
Mar 30 03:51:15 Datacap: 3160693276672
Mar 30 03:51:15 ....
Mar 30 03:51:16 Count: 3 of 4
Mar 30 03:51:16 f019104 (1 / 1 tries):
Mar 30 03:51:16 Skipping f019104: error-ask
Mar 30 03:51:16 
Mar 30 03:51:17 Count: 3 of 4
Mar 30 03:51:17 f01240 (1 / 1 tries):
Mar 30 03:51:18 f0421499: 23.293832210218907393 FIL (11G free)
Mar 30 03:51:18 Escrow: 0.999645757255 FIL
Mar 30 03:51:18 Locked: 0.33249517244 FIL
Mar 30 03:51:18 Datacap: 3160693276672
Mar 30 03:51:18 ....
Mar 30 03:51:19 Count: 3 of 4
Mar 30 03:51:19 f019041 (1 / 1 tries):
Mar 30 03:51:19 f0421499: 23.293832210218907393 FIL (11G free)
Mar 30 03:51:19 Escrow: 0.999645757255 FIL
Mar 30 03:51:19 Locked: 0.33249517244 FIL
Mar 30 03:51:20 Datacap: 3160693276672
Mar 30 03:51:20 ....
Mar 30 03:51:21 Count: 3 of 4
Mar 30 03:51:21 f022142 (1 / 1 tries):
Mar 30 03:51:21 f0421499: 23.293832210218907393 FIL (11G free)
Mar 30 03:51:21 Escrow: 0.999645757255 FIL
Mar 30 03:51:21 Locked: 0.33249517244 FIL
Mar 30 03:51:21 Datacap: 3160693276672
Mar 30 03:51:21 ....
Mar 30 03:51:22 Count: 3 of 4
Mar 30 03:51:22 f08403 (1 / 1 tries):
Mar 30 03:51:23 f0421499: 23.293832210218907393 FIL (11G free)
Mar 30 03:51:23 Escrow: 0.999645757255 FIL
Mar 30 03:51:23 Locked: 0.33249517244 FIL
Mar 30 03:51:23 Datacap: 3160693276672
Mar 30 03:51:23 ....
Mar 30 03:51:24 Count: 3 of 4
Mar 30 03:51:24 f023971 (1 / 1 tries):
Mar 30 03:51:25 f0421499: 23.293832210218907393 FIL (11G free)
Mar 30 03:51:25 Escrow: 0.999645757255 FIL
Mar 30 03:51:25 Locked: 0.33249517244 FIL
Mar 30 03:51:25 Datacap: 3160693276672
Mar 30 03:51:25 ....
Mar 30 03:51:26 Count: 3 of 4
Mar 30 03:51:26 f019100 (1 / 1 tries):
Mar 30 03:51:26 Skipping f019100: error-ask
Mar 30 03:51:26 
Mar 30 03:51:27 Count: 3 of 4
Mar 30 03:51:27 f02576 (1 / 1 tries):
Mar 30 03:51:28 f0421499: 23.293832210218907393 FIL (11G free)
Mar 30 03:51:28 Escrow: 0.999645757255 FIL
Mar 30 03:51:28 Locked: 0.33249517244 FIL
Mar 30 03:51:28 Datacap: 3160693276672
Mar 30 03:51:28 ....
Mar 30 03:51:29 Count: 3 of 4
Mar 30 03:51:29 f010479 (1 / 1 tries):
Mar 30 03:51:30 f0421499: 23.293832210218907393 FIL (11G free)
Mar 30 03:51:30 Escrow: 0.999645757255 FIL
Mar 30 03:51:30 Locked: 0.33249517244 FIL
Mar 30 03:51:30 Datacap: 3160693276672
Mar 30 03:51:30 ....
Mar 30 03:51:31 Count: 3 of 4
Mar 30 03:51:31 f0145874 (1 / 1 tries):
Mar 30 03:51:31 f0421499: 23.293832210218907393 FIL (11G free)
Mar 30 03:51:31 Escrow: 0.999645757255 FIL
Mar 30 03:51:31 Locked: 0.33249517244 FIL
Mar 30 03:51:32 Datacap: 3160693276672
Mar 30 03:51:32 ....
Mar 30 03:51:33 Count: 3 of 4
Mar 30 03:51:33 f02606 (1 / 1 tries):
Mar 30 03:51:33 f0421499: 23.293832210218907393 FIL (11G free)
Mar 30 03:51:33 Escrow: 0.999645757255 FIL
Mar 30 03:51:33 Locked: 0.33249517244 FIL
Mar 30 03:51:33 Datacap: 3160693276672
Mar 30 03:51:33 ....
Mar 30 03:51:34 Count: 3 of 4
Mar 30 03:51:34 f0157535 (1 / 1 tries):
Mar 30 03:51:35 f0421499: 23.293832210218907393 FIL (11G free)
Mar 30 03:51:35 Escrow: 0.999645757255 FIL
Mar 30 03:51:35 Locked: 0.33249517244 FIL
Mar 30 03:51:35 Datacap: 3160693276672
Mar 30 03:51:35 ....
Mar 30 03:51:36 Count: 3 of 4
Mar 30 03:51:36 f010617 (1 / 1 tries):
Mar 30 03:51:36 f0421499: 23.293832210218907393 FIL (11G free)
Mar 30 03:51:37 Escrow: 0.999645757255 FIL
Mar 30 03:51:37 Locked: 0.33249517244 FIL
Mar 30 03:51:37 Datacap: 3160693276672
Mar 30 03:51:37 ....
Mar 30 03:51:38 Count: 3 of 4
Mar 30 03:51:38 f058369 (1 / 1 tries):
Mar 30 03:51:38 f0421499: 23.293832210218907393 FIL (11G free)
Mar 30 03:51:39 Escrow: 0.999645757255 FIL
Mar 30 03:51:39 Locked: 0.33249517244 FIL
Mar 30 03:51:39 Datacap: 3160693276672
Mar 30 03:51:39 ....
Mar 30 03:51:40 Count: 3 of 4
Mar 30 03:51:40 f023467 (1 / 1 tries):
Mar 30 03:51:40 f0421499: 23.293832210218907393 FIL (11G free)
Mar 30 03:51:40 Escrow: 0.999645757255 FIL
Mar 30 03:51:40 Locked: 0.33249517244 FIL
Mar 30 03:51:41 Datacap: 3160693276672
Mar 30 03:51:41 ....
Mar 30 03:51:42 Count: 3 of 4
Mar 30 03:51:42 f014768 (1 / 1 tries):
Mar 30 03:51:42 f0421499: 23.293832210218907393 FIL (11G free)
Mar 30 03:51:42 Escrow: 0.999645757255 FIL
Mar 30 03:51:42 Locked: 0.33249517244 FIL
Mar 30 03:51:42 Datacap: 3160693276672
Mar 30 03:51:42 ....
Mar 30 03:51:43 Count: 3 of 4
Mar 30 03:51:43 f022352 (1 / 1 tries):
Mar 30 03:51:44 f0421499: 23.293832210218907393 FIL (11G free)
Mar 30 03:51:44 Escrow: 0.999645757255 FIL
Mar 30 03:51:44 Locked: 0.33249517244 FIL
Mar 30 03:51:44 Datacap: 3160693276672
Mar 30 03:51:44 ....
Mar 30 03:51:45 Count: 3 of 4
Mar 30 03:51:45 f062353 (1 / 1 tries):
Mar 30 03:51:45 f0421499: 23.293832210218907393 FIL (11G free)
Mar 30 03:51:46 Escrow: 0.999645757255 FIL
Mar 30 03:51:46 Locked: 0.33249517244 FIL
Mar 30 03:51:46 Datacap: 3160693276672
Mar 30 03:51:46 ....
Mar 30 03:51:47 Count: 3 of 4
Mar 30 03:51:47 f019551 (1 / 1 tries):
Mar 30 03:51:47 f0421499: 23.293832210218907393 FIL (11G free)
Mar 30 03:51:47 Escrow: 0.999645757255 FIL
Mar 30 03:51:47 Locked: 0.33249517244 FIL
Mar 30 03:51:48 Datacap: 3160693276672
Mar 30 03:51:48 ....
Mar 30 03:51:49 Count: 3 of 4
Mar 30 03:51:49 f019362 (1 / 1 tries):
Mar 30 03:51:49 f0421499: 23.293832210218907393 FIL (11G free)
Mar 30 03:51:49 Escrow: 0.999645757255 FIL
Mar 30 03:51:49 Locked: 0.33249517244 FIL
Mar 30 03:51:49 Datacap: 3160693276672
Mar 30 03:51:49 ....
Mar 30 03:51:50 Count: 3 of 4
Mar 30 03:51:50 f099608 (1 / 1 tries):
Mar 30 03:51:51 f0421499: 23.293832210218907393 FIL (11G free)
Mar 30 03:51:51 Escrow: 0.999645757255 FIL
Mar 30 03:51:51 Locked: 0.33249517244 FIL
Mar 30 03:51:51 Datacap: 3160693276672
Mar 30 03:51:51 ....
Mar 30 03:51:52 Count: 3 of 4
Mar 30 03:51:52 f014409 (1 / 1 tries):
Mar 30 03:51:53 f0421499: 23.293832210218907393 FIL (11G free)
Mar 30 03:51:53 Escrow: 0.999645757255 FIL
Mar 30 03:51:53 Locked: 0.33249517244 FIL
Mar 30 03:51:53 Datacap: 3160693276672
Mar 30 03:51:53 ....
Mar 30 03:51:54 Count: 3 of 4
Mar 30 03:51:54 f07998 (1 / 1 tries):
Mar 30 03:51:54 f0421499: 23.293832210218907393 FIL (11G free)
Mar 30 03:51:54 Escrow: 0.999645757255 FIL
Mar 30 03:51:54 Locked: 0.33249517244 FIL
Mar 30 03:51:55 Datacap: 3160693276672
Mar 30 03:51:55 ....
Mar 30 03:51:56 Count: 3 of 4
Mar 30 03:51:56 f09848 (1 / 1 tries):
Mar 30 03:51:56 f0421499: 23.293832210218907393 FIL (11G free)
Mar 30 03:51:56 Escrow: 0.999645757255 FIL
Mar 30 03:51:56 Locked: 0.33249517244 FIL
Mar 30 03:51:56 Datacap: 3160693276672
Mar 30 03:51:56 ....
Mar 30 03:51:57 Count: 3 of 4
Mar 30 03:51:57 f071624 (1 / 1 tries):
Mar 30 03:51:58 f0421499: 23.293832210218907393 FIL (11G free)
Mar 30 03:51:58 Escrow: 0.999645757255 FIL
Mar 30 03:51:58 Locked: 0.33249517244 FIL
Mar 30 03:51:58 Datacap: 3160693276672
Mar 30 03:51:58 ....
Mar 30 03:51:59 Count: 3 of 4
Mar 30 03:51:59 f022163 (1 / 1 tries):
Mar 30 03:52:00 f0421499: 23.293832210218907393 FIL (11G free)
Mar 30 03:52:00 Escrow: 0.999645757255 FIL
Mar 30 03:52:00 Locked: 0.33249517244 FIL
Mar 30 03:52:00 Datacap: 3160693276672
Mar 30 03:52:00 ....
Mar 30 03:52:01 Count: 3 of 4
Mar 30 03:52:01 f01278 (1 / 1 tries):
Mar 30 03:52:02 f0421499: 23.293832210218907393 FIL (11G free)
Mar 30 03:52:02 Escrow: 0.999645757255 FIL
Mar 30 03:52:02 Locked: 0.33249517244 FIL
Mar 30 03:52:02 Datacap: 3160693276672
Mar 30 03:52:02 ....
Mar 30 03:52:03 Count: 3 of 4
Mar 30 03:52:03 f0165400 (1 / 1 tries):
Mar 30 03:52:03 f0421499: 23.293832210218907393 FIL (11G free)
Mar 30 03:52:04 Escrow: 0.999645757255 FIL
Mar 30 03:52:04 Locked: 0.33249517244 FIL
Mar 30 03:52:04 Datacap: 3160693276672
Mar 30 03:52:04 ....
Mar 30 03:52:05 Count: 3 of 4
Mar 30 03:52:05 f08399 (1 / 1 tries):
Mar 30 03:52:05 f0421499: 23.293832210218907393 FIL (11G free)
Mar 30 03:52:05 Escrow: 0.999645757255 FIL
Mar 30 03:52:05 Locked: 0.33249517244 FIL
Mar 30 03:52:06 Datacap: 3160693276672
Mar 30 03:52:06 ....
Mar 30 03:52:07 Count: 3 of 4
Mar 30 03:52:07 f015927 (1 / 1 tries):
Mar 30 03:52:07 Skipping f015927: min-ask
Mar 30 03:52:07 
Mar 30 03:52:08 Count: 3 of 4
Mar 30 03:52:08 f01277 (1 / 1 tries):
Mar 30 03:52:08 Skipping f01277: min-ask
Mar 30 03:52:08 
