Mar 30 06:48:46 Count: 3 of 4
Mar 30 06:48:46 f01234 (1 / 1 tries):
Mar 30 06:48:47 f0421499: 23.293832210218907393 FIL (9.8G free)
Mar 30 06:48:47 Escrow: 0.999645757255 FIL
Mar 30 06:48:47 Locked: 0.33249517244 FIL
Mar 30 06:48:47 Datacap: 3160693276672
Mar 30 06:48:47 ....
Mar 30 06:48:48 Count: 3 of 4
Mar 30 06:48:48 f08403 (1 / 1 tries):
Mar 30 06:48:49 f0421499: 23.293832210218907393 FIL (9.8G free)
Mar 30 06:48:49 Escrow: 0.999645757255 FIL
Mar 30 06:48:49 Locked: 0.33249517244 FIL
Mar 30 06:48:50 Datacap: 3160693276672
Mar 30 06:48:50 ....
Mar 30 06:48:51 Count: 3 of 4
Mar 30 06:48:51 f019104 (1 / 1 tries):
Mar 30 06:48:51 Skipping f019104: error-ask
Mar 30 06:48:51 
Mar 30 06:48:52 Count: 3 of 4
Mar 30 06:48:52 f02576 (1 / 1 tries):
Mar 30 06:48:53 f0421499: 23.293832210218907393 FIL (9.8G free)
Mar 30 06:48:53 Escrow: 0.999645757255 FIL
Mar 30 06:48:53 Locked: 0.33249517244 FIL
Mar 30 06:48:53 Datacap: 3160693276672
Mar 30 06:48:54 ....
Mar 30 06:48:55 Count: 3 of 4
Mar 30 06:48:55 f066596 (1 / 1 tries):
Mar 30 06:48:55 f0421499: 23.293832210218907393 FIL (9.8G free)
Mar 30 06:48:56 Escrow: 0.999645757255 FIL
Mar 30 06:48:56 Locked: 0.33249517244 FIL
Mar 30 06:48:56 Datacap: 3160693276672
Mar 30 06:48:56 ....
Mar 30 06:48:57 Count: 3 of 4
Mar 30 06:48:57 f014409 (1 / 1 tries):
Mar 30 06:48:58 f0421499: 23.293832210218907393 FIL (9.8G free)
Mar 30 06:48:58 Escrow: 0.999645757255 FIL
Mar 30 06:48:58 Locked: 0.33249517244 FIL
Mar 30 06:48:58 Datacap: 3160693276672
Mar 30 06:48:59 ....
Mar 30 06:49:00 Count: 3 of 4
Mar 30 06:49:00 f023971 (1 / 1 tries):
Mar 30 06:49:00 f0421499: 23.293832210218907393 FIL (9.8G free)
Mar 30 06:49:01 Escrow: 0.999645757255 FIL
Mar 30 06:49:01 Locked: 0.33249517244 FIL
Mar 30 06:49:01 Datacap: 3160693276672
Mar 30 06:49:01 ....
Mar 30 06:49:02 Count: 3 of 4
Mar 30 06:49:02 f08399 (1 / 1 tries):
Mar 30 06:49:03 f0421499: 23.293832210218907393 FIL (9.8G free)
Mar 30 06:49:03 Escrow: 0.999645757255 FIL
Mar 30 06:49:03 Locked: 0.33249517244 FIL
Mar 30 06:49:03 Datacap: 3160693276672
Mar 30 06:49:03 ....
Mar 30 06:49:04 Count: 3 of 4
Mar 30 06:49:04 f0157535 (1 / 1 tries):
Mar 30 06:49:05 f0421499: 23.293832210218907393 FIL (9.8G free)
Mar 30 06:49:06 Escrow: 0.999645757255 FIL
Mar 30 06:49:06 Locked: 0.33249517244 FIL
Mar 30 06:49:06 Datacap: 3160693276672
Mar 30 06:49:06 ....
Mar 30 06:49:07 Count: 3 of 4
Mar 30 06:49:07 f019551 (1 / 1 tries):
Mar 30 06:49:08 f0421499: 23.293832210218907393 FIL (9.8G free)
Mar 30 06:49:08 Escrow: 0.999645757255 FIL
Mar 30 06:49:08 Locked: 0.33249517244 FIL
Mar 30 06:49:08 Datacap: 3160693276672
Mar 30 06:49:08 ....
Mar 30 06:49:09 Count: 3 of 4
Mar 30 06:49:09 f0127896 (1 / 1 tries):
Mar 30 06:49:09 Skipping f0127896: min-ask
Mar 30 06:49:09 
Mar 30 06:49:10 Count: 3 of 4
Mar 30 06:49:10 f022163 (1 / 1 tries):
Mar 30 06:49:11 f0421499: 23.293832210218907393 FIL (9.8G free)
Mar 30 06:49:11 Escrow: 0.999645757255 FIL
Mar 30 06:49:11 Locked: 0.33249517244 FIL
Mar 30 06:49:12 Datacap: 3160693276672
Mar 30 06:49:12 ....
Mar 30 06:49:13 Count: 3 of 4
Mar 30 06:49:13 f019362 (1 / 1 tries):
Mar 30 06:49:13 f0421499: 23.293832210218907393 FIL (9.8G free)
Mar 30 06:49:14 Escrow: 0.999645757255 FIL
Mar 30 06:49:14 Locked: 0.33249517244 FIL
Mar 30 06:49:14 Datacap: 3160693276672
Mar 30 06:49:14 ....
Mar 30 06:49:15 Count: 3 of 4
Mar 30 06:49:15 f01277 (1 / 1 tries):
Mar 30 06:49:15 Skipping f01277: min-ask
Mar 30 06:49:15 
Mar 30 06:49:16 Count: 3 of 4
Mar 30 06:49:16 f09848 (1 / 1 tries):
Mar 30 06:49:17 f0421499: 23.293832210218907393 FIL (9.8G free)
Mar 30 06:49:17 Escrow: 0.999645757255 FIL
Mar 30 06:49:17 Locked: 0.33249517244 FIL
Mar 30 06:49:17 Datacap: 3160693276672
Mar 30 06:49:17 ....
Mar 30 06:49:18 Count: 3 of 4
Mar 30 06:49:18 f062353 (1 / 1 tries):
Mar 30 06:49:18 f0421499: 23.293832210218907393 FIL (9.8G free)
Mar 30 06:49:19 Escrow: 0.999645757255 FIL
Mar 30 06:49:19 Locked: 0.33249517244 FIL
Mar 30 06:49:19 Datacap: 3160693276672
Mar 30 06:49:19 ....
Mar 30 06:49:20 Count: 3 of 4
Mar 30 06:49:20 f0165400 (1 / 1 tries):
Mar 30 06:49:21 f0421499: 23.293832210218907393 FIL (9.8G free)
Mar 30 06:49:21 Escrow: 0.999645757255 FIL
Mar 30 06:49:21 Locked: 0.33249517244 FIL
Mar 30 06:49:21 Datacap: 3160693276672
Mar 30 06:49:22 ....
Mar 30 06:49:23 Count: 3 of 4
Mar 30 06:49:23 f02606 (1 / 1 tries):
Mar 30 06:49:23 f0421499: 23.293832210218907393 FIL (9.8G free)
Mar 30 06:49:23 Escrow: 0.999645757255 FIL
Mar 30 06:49:23 Locked: 0.33249517244 FIL
Mar 30 06:49:24 Datacap: 3160693276672
Mar 30 06:49:24 ....
Mar 30 06:49:25 Count: 3 of 4
Mar 30 06:49:25 f015927 (1 / 1 tries):
Mar 30 06:49:25 Skipping f015927: min-ask
Mar 30 06:49:25 
Mar 30 06:49:26 Count: 3 of 4
Mar 30 06:49:26 f010617 (1 / 1 tries):
Mar 30 06:49:27 f0421499: 23.293832210218907393 FIL (9.8G free)
Mar 30 06:49:27 Escrow: 0.999645757255 FIL
Mar 30 06:49:27 Locked: 0.33249517244 FIL
Mar 30 06:49:28 Datacap: 3160693276672
Mar 30 06:49:28 ....
Mar 30 06:49:29 Count: 3 of 4
Mar 30 06:49:29 f010479 (1 / 1 tries):
Mar 30 06:49:29 f0421499: 23.293832210218907393 FIL (9.8G free)
Mar 30 06:49:29 Escrow: 0.999645757255 FIL
Mar 30 06:49:29 Locked: 0.33249517244 FIL
Mar 30 06:49:29 Datacap: 3160693276672
Mar 30 06:49:30 ....
Mar 30 06:49:31 Count: 3 of 4
Mar 30 06:49:31 f099608 (1 / 1 tries):
Mar 30 06:49:31 f0421499: 23.293832210218907393 FIL (9.8G free)
Mar 30 06:49:31 Escrow: 0.999645757255 FIL
Mar 30 06:49:31 Locked: 0.33249517244 FIL
Mar 30 06:49:32 Datacap: 3160693276672
Mar 30 06:49:32 ....
Mar 30 06:49:33 Count: 3 of 4
Mar 30 06:49:33 f0145874 (1 / 1 tries):
Mar 30 06:49:34 f0421499: 23.293832210218907393 FIL (9.8G free)
Mar 30 06:49:34 Escrow: 0.999645757255 FIL
Mar 30 06:49:34 Locked: 0.33249517244 FIL
Mar 30 06:49:34 Datacap: 3160693276672
Mar 30 06:49:34 ....
Mar 30 06:49:35 Count: 3 of 4
Mar 30 06:49:35 f014768 (1 / 1 tries):
Mar 30 06:49:36 f0421499: 23.293832210218907393 FIL (9.8G free)
Mar 30 06:49:36 Escrow: 0.999645757255 FIL
Mar 30 06:49:36 Locked: 0.33249517244 FIL
Mar 30 06:49:36 Datacap: 3160693276672
Mar 30 06:49:36 ....
Mar 30 06:49:37 Count: 3 of 4
Mar 30 06:49:37 f019100 (1 / 1 tries):
Mar 30 06:49:38 Skipping f019100: error-ask
Mar 30 06:49:38 
Mar 30 06:49:39 Count: 3 of 4
Mar 30 06:49:39 f07998 (1 / 1 tries):
Mar 30 06:49:40 f0421499: 23.293832210218907393 FIL (9.8G free)
Mar 30 06:49:40 Escrow: 0.999645757255 FIL
Mar 30 06:49:40 Locked: 0.33249517244 FIL
Mar 30 06:49:40 Datacap: 3160693276672
Mar 30 06:49:40 ....
Mar 30 06:49:41 Count: 3 of 4
Mar 30 06:49:41 f023467 (1 / 1 tries):
Mar 30 06:49:42 f0421499: 23.293832210218907393 FIL (9.8G free)
Mar 30 06:49:42 Escrow: 0.999645757255 FIL
Mar 30 06:49:42 Locked: 0.33249517244 FIL
Mar 30 06:49:42 Datacap: 3160693276672
Mar 30 06:49:42 ....
Mar 30 06:49:44 Count: 3 of 4
Mar 30 06:49:44 f022352 (1 / 1 tries):
Mar 30 06:49:44 f0421499: 23.293832210218907393 FIL (9.8G free)
Mar 30 06:49:44 Escrow: 0.999645757255 FIL
Mar 30 06:49:44 Locked: 0.33249517244 FIL
Mar 30 06:49:45 Datacap: 3160693276672
Mar 30 06:49:45 ....
Mar 30 06:49:46 Count: 3 of 4
Mar 30 06:49:46 f01278 (1 / 1 tries):
Mar 30 06:49:47 f0421499: 23.293832210218907393 FIL (9.8G free)
Mar 30 06:49:47 Escrow: 0.999645757255 FIL
Mar 30 06:49:47 Locked: 0.33249517244 FIL
Mar 30 06:49:48 Datacap: 3160693276672
Mar 30 06:49:48 ....
Mar 30 06:49:49 Count: 3 of 4
Mar 30 06:49:49 f022142 (1 / 1 tries):
Mar 30 06:49:50 f0421499: 23.293832210218907393 FIL (9.8G free)
Mar 30 06:49:50 Escrow: 0.999645757255 FIL
Mar 30 06:49:50 Locked: 0.33249517244 FIL
Mar 30 06:49:50 Datacap: 3160693276672
Mar 30 06:49:50 ....
Mar 30 06:49:52 Count: 3 of 4
Mar 30 06:49:52 f01240 (1 / 1 tries):
Mar 30 06:49:52 f0421499: 23.293832210218907393 FIL (9.8G free)
Mar 30 06:49:52 Escrow: 0.999645757255 FIL
Mar 30 06:49:52 Locked: 0.33249517244 FIL
Mar 30 06:49:53 Datacap: 3160693276672
Mar 30 06:49:53 ....
Mar 30 06:49:54 Count: 3 of 4
Mar 30 06:49:54 f058369 (1 / 1 tries):
Mar 30 06:49:54 f0421499: 23.293832210218907393 FIL (9.8G free)
Mar 30 06:49:55 Escrow: 0.999645757255 FIL
Mar 30 06:49:55 Locked: 0.33249517244 FIL
Mar 30 06:49:55 Datacap: 3160693276672
Mar 30 06:49:55 ....
Mar 30 06:49:56 Count: 3 of 4
Mar 30 06:49:56 f01247 (1 / 1 tries):
Mar 30 06:49:57 f0421499: 23.293832210218907393 FIL (9.8G free)
Mar 30 06:49:57 Escrow: 0.999645757255 FIL
Mar 30 06:49:57 Locked: 0.33249517244 FIL
Mar 30 06:49:57 Datacap: 3160693276672
Mar 30 06:49:57 ....
Mar 30 06:49:59 Count: 3 of 4
Mar 30 06:49:59 f071624 (1 / 1 tries):
Mar 30 06:49:59 f0421499: 23.293832210218907393 FIL (9.8G free)
Mar 30 06:49:59 Escrow: 0.999645757255 FIL
Mar 30 06:49:59 Locked: 0.33249517244 FIL
Mar 30 06:49:59 Datacap: 3160693276672
Mar 30 06:50:00 ....
Mar 30 06:50:01 Count: 3 of 4
Mar 30 06:50:01 f021716 (1 / 1 tries):
Mar 30 06:50:01 f0421499: 23.293832210218907393 FIL (9.8G free)
Mar 30 06:50:02 Escrow: 0.999645757255 FIL
Mar 30 06:50:02 Locked: 0.33249517244 FIL
Mar 30 06:50:02 Datacap: 3160693276672
Mar 30 06:50:03 ....
Mar 30 06:50:04 Count: 3 of 4
Mar 30 06:50:04 f019041 (1 / 1 tries):
Mar 30 06:50:04 f0421499: 23.293832210218907393 FIL (9.8G free)
Mar 30 06:50:04 Escrow: 0.999645757255 FIL
Mar 30 06:50:04 Locked: 0.33249517244 FIL
Mar 30 06:50:05 Datacap: 3160693276672
Mar 30 06:50:05 ....
