Mar 30 03:23:32 Count: 3 of 4
Mar 30 03:23:32 f010617 (1 / 1 tries):
Mar 30 03:23:32 f0421499: 23.293832210218907393 FIL (11G free)
Mar 30 03:23:32 Escrow: 0.999645757255 FIL
Mar 30 03:23:32 Locked: 0.33249517244 FIL
Mar 30 03:23:33 Datacap: 3160693276672
Mar 30 03:23:33 ....
Mar 30 03:23:34 Count: 3 of 4
Mar 30 03:23:34 f01240 (1 / 1 tries):
Mar 30 03:23:34 f0421499: 23.293832210218907393 FIL (11G free)
Mar 30 03:23:34 Escrow: 0.999645757255 FIL
Mar 30 03:23:34 Locked: 0.33249517244 FIL
Mar 30 03:23:34 Datacap: 3160693276672
Mar 30 03:23:34 ....
Mar 30 03:23:35 Count: 3 of 4
Mar 30 03:23:35 f019041 (1 / 1 tries):
Mar 30 03:23:36 f0421499: 23.293832210218907393 FIL (11G free)
Mar 30 03:23:36 Escrow: 0.999645757255 FIL
Mar 30 03:23:36 Locked: 0.33249517244 FIL
Mar 30 03:23:36 Datacap: 3160693276672
Mar 30 03:23:36 ....
Mar 30 03:23:37 Count: 3 of 4
Mar 30 03:23:37 f058369 (1 / 1 tries):
Mar 30 03:23:37 f0421499: 23.293832210218907393 FIL (11G free)
Mar 30 03:23:38 Escrow: 0.999645757255 FIL
Mar 30 03:23:38 Locked: 0.33249517244 FIL
Mar 30 03:23:38 Datacap: 3160693276672
Mar 30 03:23:38 ....
Mar 30 03:23:39 Count: 3 of 4
Mar 30 03:23:39 f08399 (1 / 1 tries):
Mar 30 03:23:39 f0421499: 23.293832210218907393 FIL (11G free)
Mar 30 03:23:39 Escrow: 0.999645757255 FIL
Mar 30 03:23:39 Locked: 0.33249517244 FIL
Mar 30 03:23:40 Datacap: 3160693276672
Mar 30 03:23:40 ....
Mar 30 03:23:41 Count: 3 of 4
Mar 30 03:23:41 f02576 (1 / 1 tries):
Mar 30 03:23:41 f0421499: 23.293832210218907393 FIL (11G free)
Mar 30 03:23:41 Escrow: 0.999645757255 FIL
Mar 30 03:23:41 Locked: 0.33249517244 FIL
Mar 30 03:23:42 Datacap: 3160693276672
Mar 30 03:23:42 ....
Mar 30 03:23:43 Count: 3 of 4
Mar 30 03:23:43 f062353 (1 / 1 tries):
Mar 30 03:23:43 f0421499: 23.293832210218907393 FIL (11G free)
Mar 30 03:23:43 Escrow: 0.999645757255 FIL
Mar 30 03:23:43 Locked: 0.33249517244 FIL
Mar 30 03:23:43 Datacap: 3160693276672
Mar 30 03:23:43 ....
Mar 30 03:23:44 Count: 3 of 4
Mar 30 03:23:44 f0145874 (1 / 1 tries):
Mar 30 03:23:45 f0421499: 23.293832210218907393 FIL (11G free)
Mar 30 03:23:45 Escrow: 0.999645757255 FIL
Mar 30 03:23:45 Locked: 0.33249517244 FIL
Mar 30 03:23:45 Datacap: 3160693276672
Mar 30 03:23:45 ....
Mar 30 03:23:46 Count: 3 of 4
Mar 30 03:23:46 f022142 (1 / 1 tries):
Mar 30 03:23:46 f0421499: 23.293832210218907393 FIL (11G free)
Mar 30 03:23:46 Escrow: 0.999645757255 FIL
Mar 30 03:23:46 Locked: 0.33249517244 FIL
Mar 30 03:23:47 Datacap: 3160693276672
Mar 30 03:23:47 ....
Mar 30 03:23:48 Count: 3 of 4
Mar 30 03:23:48 f023971 (1 / 1 tries):
Mar 30 03:23:48 f0421499: 23.293832210218907393 FIL (11G free)
Mar 30 03:23:48 Escrow: 0.999645757255 FIL
Mar 30 03:23:48 Locked: 0.33249517244 FIL
Mar 30 03:23:49 Datacap: 3160693276672
Mar 30 03:23:49 ....
Mar 30 03:23:50 Count: 3 of 4
Mar 30 03:23:50 f021716 (1 / 1 tries):
Mar 30 03:23:50 f0421499: 23.293832210218907393 FIL (11G free)
Mar 30 03:23:50 Escrow: 0.999645757255 FIL
Mar 30 03:23:50 Locked: 0.33249517244 FIL
Mar 30 03:23:50 Datacap: 3160693276672
Mar 30 03:23:50 ....
Mar 30 03:23:51 Count: 3 of 4
Mar 30 03:23:51 f014768 (1 / 1 tries):
Mar 30 03:23:52 f0421499: 23.293832210218907393 FIL (11G free)
Mar 30 03:23:52 Escrow: 0.999645757255 FIL
Mar 30 03:23:52 Locked: 0.33249517244 FIL
Mar 30 03:23:52 Datacap: 3160693276672
Mar 30 03:23:52 ....
Mar 30 03:23:53 Count: 3 of 4
Mar 30 03:23:53 f010479 (1 / 1 tries):
Mar 30 03:23:54 f0421499: 23.293832210218907393 FIL (11G free)
Mar 30 03:23:54 Escrow: 0.999645757255 FIL
Mar 30 03:23:54 Locked: 0.33249517244 FIL
Mar 30 03:23:54 Datacap: 3160693276672
Mar 30 03:23:54 ....
Mar 30 03:23:55 Count: 3 of 4
Mar 30 03:23:55 f015927 (1 / 1 tries):
Mar 30 03:23:55 Skipping f015927: min-ask
Mar 30 03:23:55 
Mar 30 03:23:56 Count: 3 of 4
Mar 30 03:23:56 f022352 (1 / 1 tries):
Mar 30 03:23:57 f0421499: 23.293832210218907393 FIL (11G free)
Mar 30 03:23:57 Escrow: 0.999645757255 FIL
Mar 30 03:23:57 Locked: 0.33249517244 FIL
Mar 30 03:23:57 Datacap: 3160693276672
Mar 30 03:23:57 ....
Mar 30 03:23:58 Count: 3 of 4
Mar 30 03:23:58 f0127896 (1 / 1 tries):
Mar 30 03:23:58 Skipping f0127896: min-ask
Mar 30 03:23:58 
Mar 30 03:23:59 Count: 3 of 4
Mar 30 03:23:59 f022163 (1 / 1 tries):
Mar 30 03:24:00 f0421499: 23.293832210218907393 FIL (11G free)
Mar 30 03:24:00 Escrow: 0.999645757255 FIL
Mar 30 03:24:00 Locked: 0.33249517244 FIL
Mar 30 03:24:00 Datacap: 3160693276672
Mar 30 03:24:00 ....
Mar 30 03:24:01 Count: 3 of 4
Mar 30 03:24:01 f066596 (1 / 1 tries):
Mar 30 03:24:01 f0421499: 23.293832210218907393 FIL (11G free)
Mar 30 03:24:02 Escrow: 0.999645757255 FIL
Mar 30 03:24:02 Locked: 0.33249517244 FIL
Mar 30 03:24:02 Datacap: 3160693276672
Mar 30 03:24:02 ....
Mar 30 03:24:03 Count: 3 of 4
Mar 30 03:24:03 f01234 (1 / 1 tries):
Mar 30 03:24:03 f0421499: 23.293832210218907393 FIL (11G free)
Mar 30 03:24:03 Escrow: 0.999645757255 FIL
Mar 30 03:24:03 Locked: 0.33249517244 FIL
Mar 30 03:24:04 Datacap: 3160693276672
Mar 30 03:24:04 ....
Mar 30 03:24:05 Count: 3 of 4
Mar 30 03:24:05 f099608 (1 / 1 tries):
Mar 30 03:24:05 f0421499: 23.293832210218907393 FIL (11G free)
Mar 30 03:24:05 Escrow: 0.999645757255 FIL
Mar 30 03:24:05 Locked: 0.33249517244 FIL
Mar 30 03:24:05 Datacap: 3160693276672
Mar 30 03:24:05 ....
Mar 30 03:24:06 Count: 3 of 4
Mar 30 03:24:06 f014409 (1 / 1 tries):
Mar 30 03:24:07 f0421499: 23.293832210218907393 FIL (11G free)
Mar 30 03:24:07 Escrow: 0.999645757255 FIL
Mar 30 03:24:07 Locked: 0.33249517244 FIL
Mar 30 03:24:07 Datacap: 3160693276672
Mar 30 03:24:07 ....
Mar 30 03:24:08 Count: 3 of 4
Mar 30 03:24:08 f02606 (1 / 1 tries):
Mar 30 03:24:08 f0421499: 23.293832210218907393 FIL (11G free)
Mar 30 03:24:09 Escrow: 0.999645757255 FIL
Mar 30 03:24:09 Locked: 0.33249517244 FIL
Mar 30 03:24:09 Datacap: 3160693276672
Mar 30 03:24:09 ....
Mar 30 03:24:10 Count: 3 of 4
Mar 30 03:24:10 f019362 (1 / 1 tries):
Mar 30 03:24:10 f0421499: 23.293832210218907393 FIL (11G free)
Mar 30 03:24:10 Escrow: 0.999645757255 FIL
Mar 30 03:24:10 Locked: 0.33249517244 FIL
Mar 30 03:24:11 Datacap: 3160693276672
Mar 30 03:24:11 ....
Mar 30 03:24:12 Count: 3 of 4
Mar 30 03:24:12 f071624 (1 / 1 tries):
Mar 30 03:24:12 f0421499: 23.293832210218907393 FIL (11G free)
Mar 30 03:24:12 Escrow: 0.999645757255 FIL
Mar 30 03:24:12 Locked: 0.33249517244 FIL
Mar 30 03:24:12 Datacap: 3160693276672
Mar 30 03:24:12 ....
Mar 30 03:24:13 Count: 3 of 4
Mar 30 03:24:13 f01278 (1 / 1 tries):
Mar 30 03:24:14 f0421499: 23.293832210218907393 FIL (11G free)
Mar 30 03:24:14 Escrow: 0.999645757255 FIL
Mar 30 03:24:14 Locked: 0.33249517244 FIL
Mar 30 03:24:14 Datacap: 3160693276672
Mar 30 03:24:14 ....
Mar 30 03:24:15 Count: 3 of 4
Mar 30 03:24:15 f08403 (1 / 1 tries):
Mar 30 03:24:16 f0421499: 23.293832210218907393 FIL (11G free)
Mar 30 03:24:16 Escrow: 0.999645757255 FIL
Mar 30 03:24:16 Locked: 0.33249517244 FIL
Mar 30 03:24:16 Datacap: 3160693276672
Mar 30 03:24:16 ....
Mar 30 03:24:17 Count: 3 of 4
Mar 30 03:24:17 f01247 (1 / 1 tries):
Mar 30 03:24:17 f0421499: 23.293832210218907393 FIL (11G free)
Mar 30 03:24:17 Escrow: 0.999645757255 FIL
Mar 30 03:24:17 Locked: 0.33249517244 FIL
Mar 30 03:24:18 Datacap: 3160693276672
Mar 30 03:24:18 ....
Mar 30 03:24:19 Count: 3 of 4
Mar 30 03:24:19 f0165400 (1 / 1 tries):
Mar 30 03:24:19 f0421499: 23.293832210218907393 FIL (11G free)
Mar 30 03:24:19 Escrow: 0.999645757255 FIL
Mar 30 03:24:19 Locked: 0.33249517244 FIL
Mar 30 03:24:19 Datacap: 3160693276672
Mar 30 03:24:19 ....
Mar 30 03:24:20 Count: 3 of 4
Mar 30 03:24:20 f019551 (1 / 1 tries):
Mar 30 03:24:21 f0421499: 23.293832210218907393 FIL (11G free)
Mar 30 03:24:21 Escrow: 0.999645757255 FIL
Mar 30 03:24:21 Locked: 0.33249517244 FIL
Mar 30 03:24:21 Datacap: 3160693276672
Mar 30 03:24:21 ....
Mar 30 03:24:22 Count: 3 of 4
Mar 30 03:24:22 f019104 (1 / 1 tries):
Mar 30 03:24:22 Skipping f019104: error-ask
Mar 30 03:24:22 
Mar 30 03:24:23 Count: 3 of 4
Mar 30 03:24:23 f01277 (1 / 1 tries):
Mar 30 03:24:24 Skipping f01277: min-ask
Mar 30 03:24:24 
Mar 30 03:24:25 Count: 3 of 4
Mar 30 03:24:25 f09848 (1 / 1 tries):
Mar 30 03:24:25 f0421499: 23.293832210218907393 FIL (11G free)
Mar 30 03:24:25 Escrow: 0.999645757255 FIL
Mar 30 03:24:25 Locked: 0.33249517244 FIL
Mar 30 03:24:25 Datacap: 3160693276672
Mar 30 03:24:25 ....
Mar 30 03:24:26 Count: 3 of 4
Mar 30 03:24:26 f019100 (1 / 1 tries):
Mar 30 03:24:27 Skipping f019100: error-ask
Mar 30 03:24:27 
Mar 30 03:24:28 Count: 3 of 4
Mar 30 03:24:28 f023467 (1 / 1 tries):
Mar 30 03:24:28 f0421499: 23.293832210218907393 FIL (11G free)
Mar 30 03:24:28 Escrow: 0.999645757255 FIL
Mar 30 03:24:28 Locked: 0.33249517244 FIL
Mar 30 03:24:29 Datacap: 3160693276672
Mar 30 03:24:29 ....
Mar 30 03:24:30 Count: 3 of 4
Mar 30 03:24:30 f0157535 (1 / 1 tries):
Mar 30 03:24:30 f0421499: 23.293832210218907393 FIL (11G free)
Mar 30 03:24:30 Escrow: 0.999645757255 FIL
Mar 30 03:24:30 Locked: 0.33249517244 FIL
Mar 30 03:24:30 Datacap: 3160693276672
Mar 30 03:24:30 ....
Mar 30 03:24:31 Count: 3 of 4
Mar 30 03:24:31 f07998 (1 / 1 tries):
Mar 30 03:24:32 f0421499: 23.293832210218907393 FIL (11G free)
Mar 30 03:24:32 Escrow: 0.999645757255 FIL
Mar 30 03:24:32 Locked: 0.33249517244 FIL
Mar 30 03:24:32 Datacap: 3160693276672
Mar 30 03:24:32 ....
