Mar 30 02:27:15 Count: 3 of 4
Mar 30 02:27:15 f022352 (1 / 1 tries):
Mar 30 02:27:16 f0421499: 23.308289234176929066 FIL (24G free)
Mar 30 02:27:16 Escrow: 0.999999997255 FIL
Mar 30 02:27:16 Locked: 0.33284941244 FIL
Mar 30 02:27:16 Datacap: 3195053015040
Mar 30 02:27:16 ....
Mar 30 02:27:17 Count: 3 of 4
Mar 30 02:27:17 f010617 (1 / 1 tries):
Mar 30 02:27:17 f0421499: 23.308289234176929066 FIL (24G free)
Mar 30 02:27:18 Escrow: 0.999999997255 FIL
Mar 30 02:27:18 Locked: 0.33284941244 FIL
Mar 30 02:27:18 Datacap: 3195053015040
Mar 30 02:27:18 ....
Mar 30 02:27:19 Count: 3 of 4
Mar 30 02:27:19 f019362 (1 / 1 tries):
Mar 30 02:27:19 f0421499: 23.308289234176929066 FIL (24G free)
Mar 30 02:27:19 Escrow: 0.999999997255 FIL
Mar 30 02:27:19 Locked: 0.33284941244 FIL
Mar 30 02:27:19 Datacap: 3195053015040
Mar 30 02:27:20 ....
Mar 30 02:27:21 Count: 3 of 4
Mar 30 02:27:21 f023467 (1 / 1 tries):
Mar 30 02:27:21 f0421499: 23.308289234176929066 FIL (24G free)
Mar 30 02:27:21 Escrow: 0.999999997255 FIL
Mar 30 02:27:21 Locked: 0.33284941244 FIL
Mar 30 02:27:21 Datacap: 3195053015040
Mar 30 02:27:21 ....
Mar 30 02:27:22 Count: 3 of 4
Mar 30 02:27:22 f066596 (1 / 1 tries):
Mar 30 02:27:23 f0421499: 23.308289234176929066 FIL (24G free)
Mar 30 02:27:23 Escrow: 0.999999997255 FIL
Mar 30 02:27:23 Locked: 0.33284941244 FIL
Mar 30 02:27:23 Datacap: 3195053015040
Mar 30 02:27:23 ....
Mar 30 02:27:24 Count: 3 of 4
Mar 30 02:27:24 f010479 (1 / 1 tries):
Mar 30 02:27:25 f0421499: 23.308289234176929066 FIL (24G free)
Mar 30 02:27:25 Escrow: 0.999999997255 FIL
Mar 30 02:27:25 Locked: 0.33284941244 FIL
Mar 30 02:27:26 Datacap: 3195053015040
Mar 30 02:27:26 ....
Mar 30 02:27:27 Count: 3 of 4
Mar 30 02:27:27 f01278 (1 / 1 tries):
Mar 30 02:27:27 f0421499: 23.308289234176929066 FIL (24G free)
Mar 30 02:27:27 Escrow: 0.999999997255 FIL
Mar 30 02:27:27 Locked: 0.33284941244 FIL
Mar 30 02:27:28 Datacap: 3195053015040
Mar 30 02:27:28 ....
Mar 30 02:27:29 Count: 3 of 4
Mar 30 02:27:29 f022142 (1 / 1 tries):
Mar 30 02:27:29 f0421499: 23.308289234176929066 FIL (24G free)
Mar 30 02:27:29 Escrow: 0.999999997255 FIL
Mar 30 02:27:29 Locked: 0.33284941244 FIL
Mar 30 02:27:30 Datacap: 3195053015040
Mar 30 02:27:30 ....
Mar 30 02:27:31 Count: 3 of 4
Mar 30 02:27:31 f022163 (1 / 1 tries):
Mar 30 02:27:31 f0421499: 23.308289234176929066 FIL (24G free)
Mar 30 02:27:31 Escrow: 0.999999997255 FIL
Mar 30 02:27:31 Locked: 0.33284941244 FIL
Mar 30 02:27:31 Datacap: 3195053015040
Mar 30 02:27:31 ....
Mar 30 02:27:32 Count: 3 of 4
Mar 30 02:27:32 f02576 (1 / 1 tries):
Mar 30 02:27:33 f0421499: 23.308289234176929066 FIL (24G free)
Mar 30 02:27:33 Escrow: 0.999999997255 FIL
Mar 30 02:27:33 Locked: 0.33284941244 FIL
Mar 30 02:27:33 Datacap: 3195053015040
Mar 30 02:27:33 ....
Mar 30 02:27:34 Count: 3 of 4
Mar 30 02:27:34 f07998 (1 / 1 tries):
Mar 30 02:27:35 f0421499: 23.308289234176929066 FIL (24G free)
Mar 30 02:27:35 Escrow: 0.999999997255 FIL
Mar 30 02:27:35 Locked: 0.33284941244 FIL
Mar 30 02:27:35 Datacap: 3195053015040
Mar 30 02:27:35 ....
Mar 30 02:27:36 Count: 3 of 4
Mar 30 02:27:36 f062353 (1 / 1 tries):
Mar 30 02:27:37 f0421499: 23.308289234176929066 FIL (24G free)
Mar 30 02:27:37 Escrow: 0.999999997255 FIL
Mar 30 02:27:37 Locked: 0.33284941244 FIL
Mar 30 02:27:38 Datacap: 3195053015040
Mar 30 02:27:38 ....
Mar 30 02:27:39 Count: 3 of 4
Mar 30 02:27:39 f014768 (1 / 1 tries):
Mar 30 02:27:40 f0421499: 23.308289234176929066 FIL (24G free)
Mar 30 02:27:40 Escrow: 0.999999997255 FIL
Mar 30 02:27:40 Locked: 0.33284941244 FIL
Mar 30 02:27:40 Datacap: 3195053015040
Mar 30 02:27:41 ....
Mar 30 02:27:42 Count: 3 of 4
Mar 30 02:27:42 f0157535 (1 / 1 tries):
Mar 30 02:27:42 f0421499: 23.308289234176929066 FIL (24G free)
Mar 30 02:27:43 Escrow: 0.999999997255 FIL
Mar 30 02:27:43 Locked: 0.33284941244 FIL
Mar 30 02:27:43 Datacap: 3195053015040
Mar 30 02:27:43 ....
Mar 30 02:27:44 Count: 3 of 4
Mar 30 02:27:44 f015927 (1 / 1 tries):
Mar 30 02:27:44 Skipping f015927: min-ask
Mar 30 02:27:44 
Mar 30 02:27:45 Count: 3 of 4
Mar 30 02:27:45 f071624 (1 / 1 tries):
Mar 30 02:27:46 f0421499: 23.308289234176929066 FIL (24G free)
Mar 30 02:27:46 Escrow: 0.999999997255 FIL
Mar 30 02:27:46 Locked: 0.33284941244 FIL
Mar 30 02:27:46 Datacap: 3195053015040
Mar 30 02:27:46 ....
Mar 30 02:27:48 Count: 3 of 4
Mar 30 02:27:48 f08403 (1 / 1 tries):
Mar 30 02:27:48 f0421499: 23.308289234176929066 FIL (24G free)
Mar 30 02:27:48 Escrow: 0.999999997255 FIL
Mar 30 02:27:48 Locked: 0.33284941244 FIL
Mar 30 02:27:48 Datacap: 3195053015040
Mar 30 02:27:48 ....
Mar 30 02:27:49 Count: 3 of 4
Mar 30 02:27:49 f0127896 (1 / 1 tries):
Mar 30 02:27:50 Skipping f0127896: min-ask
Mar 30 02:27:50 
Mar 30 02:27:51 Count: 3 of 4
Mar 30 02:27:51 f08399 (1 / 1 tries):
Mar 30 02:27:51 f0421499: 23.308289234176929066 FIL (24G free)
Mar 30 02:27:51 Escrow: 0.999999997255 FIL
Mar 30 02:27:51 Locked: 0.33284941244 FIL
Mar 30 02:27:51 Datacap: 3195053015040
Mar 30 02:27:51 ....
Mar 30 02:27:52 Count: 3 of 4
Mar 30 02:27:52 f023971 (1 / 1 tries):
Mar 30 02:27:53 f0421499: 23.308289234176929066 FIL (24G free)
Mar 30 02:27:53 Escrow: 0.999999997255 FIL
Mar 30 02:27:53 Locked: 0.33284941244 FIL
Mar 30 02:27:53 Datacap: 3195053015040
Mar 30 02:27:53 ....
Mar 30 02:27:54 Count: 3 of 4
Mar 30 02:27:54 f014409 (1 / 1 tries):
Mar 30 02:27:55 f0421499: 23.308289234176929066 FIL (24G free)
Mar 30 02:27:55 Escrow: 0.999999997255 FIL
Mar 30 02:27:55 Locked: 0.33284941244 FIL
Mar 30 02:27:55 Datacap: 3195053015040
Mar 30 02:27:55 ....
Mar 30 02:27:56 Count: 3 of 4
Mar 30 02:27:56 f019104 (1 / 1 tries):
Mar 30 02:27:57 Skipping f019104: error-ask
Mar 30 02:27:57 
Mar 30 02:27:58 Count: 3 of 4
Mar 30 02:27:58 f058369 (1 / 1 tries):
Mar 30 02:27:58 f0421499: 23.308289234176929066 FIL (24G free)
Mar 30 02:27:59 Escrow: 0.999999997255 FIL
Mar 30 02:27:59 Locked: 0.33284941244 FIL
Mar 30 02:27:59 Datacap: 3195053015040
Mar 30 02:27:59 ....
Mar 30 02:28:00 Count: 3 of 4
Mar 30 02:28:00 f09848 (1 / 1 tries):
Mar 30 02:28:01 f0421499: 23.308289234176929066 FIL (24G free)
Mar 30 02:28:01 Escrow: 0.999999997255 FIL
Mar 30 02:28:01 Locked: 0.33284941244 FIL
Mar 30 02:28:01 Datacap: 3195053015040
Mar 30 02:28:01 ....
Mar 30 02:28:02 Count: 3 of 4
Mar 30 02:28:02 f01234 (1 / 1 tries):
Mar 30 02:28:03 f0421499: 23.308289234176929066 FIL (24G free)
Mar 30 02:28:03 Escrow: 0.999999997255 FIL
Mar 30 02:28:03 Locked: 0.33284941244 FIL
Mar 30 02:28:03 Datacap: 3195053015040
Mar 30 02:28:03 ....
Mar 30 02:28:04 Count: 3 of 4
Mar 30 02:28:04 f019551 (1 / 1 tries):
Mar 30 02:28:04 f0421499: 23.308289234176929066 FIL (24G free)
Mar 30 02:28:05 Escrow: 0.999999997255 FIL
Mar 30 02:28:05 Locked: 0.33284941244 FIL
Mar 30 02:28:05 Datacap: 3195053015040
Mar 30 02:28:05 ....
Mar 30 02:28:06 Count: 3 of 4
Mar 30 02:28:06 f0145874 (1 / 1 tries):
Mar 30 02:28:07 f0421499: 23.308289234176929066 FIL (24G free)
Mar 30 02:28:07 Escrow: 0.999999997255 FIL
Mar 30 02:28:07 Locked: 0.33284941244 FIL
Mar 30 02:28:07 Datacap: 3195053015040
Mar 30 02:28:07 ....
Mar 30 02:28:08 Count: 3 of 4
Mar 30 02:28:08 f0165400 (1 / 1 tries):
Mar 30 02:28:08 f0421499: 23.308289234176929066 FIL (24G free)
Mar 30 02:28:09 Escrow: 0.999999997255 FIL
Mar 30 02:28:09 Locked: 0.33284941244 FIL
Mar 30 02:28:09 Datacap: 3195053015040
Mar 30 02:28:09 ....
Mar 30 02:28:10 Count: 3 of 4
Mar 30 02:28:10 f019100 (1 / 1 tries):
Mar 30 02:28:10 Skipping f019100: error-ask
Mar 30 02:28:10 
Mar 30 02:28:11 Count: 3 of 4
Mar 30 02:28:11 f01240 (1 / 1 tries):
Mar 30 02:28:12 f0421499: 23.308289234176929066 FIL (24G free)
Mar 30 02:28:12 Escrow: 0.999999997255 FIL
Mar 30 02:28:12 Locked: 0.33284941244 FIL
Mar 30 02:28:12 Datacap: 3195053015040
Mar 30 02:28:12 ....
Mar 30 02:28:13 Count: 3 of 4
Mar 30 02:28:13 f01247 (1 / 1 tries):
Mar 30 02:28:14 f0421499: 23.308289234176929066 FIL (24G free)
Mar 30 02:28:14 Escrow: 0.999999997255 FIL
Mar 30 02:28:14 Locked: 0.33284941244 FIL
Mar 30 02:28:15 Datacap: 3195053015040
Mar 30 02:28:15 ....
Mar 30 02:28:16 Count: 3 of 4
Mar 30 02:28:16 f099608 (1 / 1 tries):
Mar 30 02:28:17 f0421499: 23.308289234176929066 FIL (24G free)
Mar 30 02:28:17 Escrow: 0.999999997255 FIL
Mar 30 02:28:17 Locked: 0.33284941244 FIL
Mar 30 02:28:17 Datacap: 3195053015040
Mar 30 02:28:17 ....
Mar 30 02:28:18 Count: 3 of 4
Mar 30 02:28:18 f019041 (1 / 1 tries):
Mar 30 02:28:18 f0421499: 23.308289234176929066 FIL (24G free)
Mar 30 02:28:18 Escrow: 0.999999997255 FIL
Mar 30 02:28:18 Locked: 0.33284941244 FIL
Mar 30 02:28:19 Datacap: 3195053015040
Mar 30 02:28:19 ....
Mar 30 02:28:20 Count: 3 of 4
Mar 30 02:28:20 f01277 (1 / 1 tries):
Mar 30 02:28:20 Skipping f01277: min-ask
Mar 30 02:28:20 
Mar 30 02:28:21 Count: 3 of 4
Mar 30 02:28:21 f02606 (1 / 1 tries):
Mar 30 02:28:21 f0421499: 23.308289234176929066 FIL (23G free)
Mar 30 02:28:21 Escrow: 0.999999997255 FIL
Mar 30 02:28:21 Locked: 0.33284941244 FIL
Mar 30 02:28:22 Datacap: 3195053015040
Mar 30 02:28:22 ....
Mar 30 02:28:23 Count: 3 of 4
Mar 30 02:28:23 f021716 (1 / 1 tries):
Mar 30 02:28:23 f0421499: 23.308289234176929066 FIL (23G free)
Mar 30 02:28:23 Escrow: 0.999999997255 FIL
Mar 30 02:28:23 Locked: 0.33284941244 FIL
Mar 30 02:28:24 Datacap: 3195053015040
Mar 30 02:28:24 ....
