Mar 30 16:05:02 Count: 3 of 4
Mar 30 16:05:02 f010617 (1 / 1 tries):
Mar 30 16:05:02 f0421499: 23.293832210218907393 FIL (8.1G free)
Mar 30 16:05:02 Escrow: 0.999645757255 FIL
Mar 30 16:05:02 Locked: 0.33249517244 FIL
Mar 30 16:05:03 Datacap: 3160693276672
Mar 30 16:05:03 ....
Mar 30 16:05:04 Count: 3 of 4
Mar 30 16:05:04 f08399 (1 / 1 tries):
Mar 30 16:05:04 f0421499: 23.293832210218907393 FIL (8.1G free)
Mar 30 16:05:04 Escrow: 0.999645757255 FIL
Mar 30 16:05:04 Locked: 0.33249517244 FIL
Mar 30 16:05:05 Datacap: 3160693276672
Mar 30 16:05:05 ....
Mar 30 16:05:06 Count: 3 of 4
Mar 30 16:05:06 f023467 (1 / 1 tries):
Mar 30 16:05:06 f0421499: 23.293832210218907393 FIL (8.1G free)
Mar 30 16:05:07 Escrow: 0.999645757255 FIL
Mar 30 16:05:07 Locked: 0.33249517244 FIL
Mar 30 16:05:07 Datacap: 3160693276672
Mar 30 16:05:07 ....
Mar 30 16:05:08 Count: 3 of 4
Mar 30 16:05:08 f01234 (1 / 1 tries):
Mar 30 16:05:09 f0421499: 23.293832210218907393 FIL (8.1G free)
Mar 30 16:05:09 Escrow: 0.999645757255 FIL
Mar 30 16:05:09 Locked: 0.33249517244 FIL
Mar 30 16:05:09 Datacap: 3160693276672
Mar 30 16:05:09 ....
Mar 30 16:05:10 Count: 3 of 4
Mar 30 16:05:10 f0157535 (1 / 1 tries):
Mar 30 16:05:11 f0421499: 23.293832210218907393 FIL (8.1G free)
Mar 30 16:05:11 Escrow: 0.999645757255 FIL
Mar 30 16:05:11 Locked: 0.33249517244 FIL
Mar 30 16:05:11 Datacap: 3160693276672
Mar 30 16:05:12 ....
Mar 30 16:05:13 Count: 3 of 4
Mar 30 16:05:13 f01240 (1 / 1 tries):
Mar 30 16:05:13 f0421499: 23.293832210218907393 FIL (8.1G free)
Mar 30 16:05:14 Escrow: 0.999645757255 FIL
Mar 30 16:05:14 Locked: 0.33249517244 FIL
Mar 30 16:05:14 Datacap: 3160693276672
Mar 30 16:05:14 ....
Mar 30 16:05:15 Count: 3 of 4
Mar 30 16:05:15 f02576 (1 / 1 tries):
Mar 30 16:05:16 f0421499: 23.293832210218907393 FIL (8.1G free)
Mar 30 16:05:16 Escrow: 0.999645757255 FIL
Mar 30 16:05:16 Locked: 0.33249517244 FIL
Mar 30 16:05:16 Datacap: 3160693276672
Mar 30 16:05:17 ....
Mar 30 16:05:18 Count: 3 of 4
Mar 30 16:05:18 f022163 (1 / 1 tries):
Mar 30 16:05:18 f0421499: 23.293832210218907393 FIL (8.1G free)
Mar 30 16:05:19 Escrow: 0.999645757255 FIL
Mar 30 16:05:19 Locked: 0.33249517244 FIL
Mar 30 16:05:19 Datacap: 3160693276672
Mar 30 16:05:19 ....
Mar 30 16:05:20 Count: 3 of 4
Mar 30 16:05:20 f021716 (1 / 1 tries):
Mar 30 16:05:20 f0421499: 23.293832210218907393 FIL (8.1G free)
Mar 30 16:05:21 Escrow: 0.999645757255 FIL
Mar 30 16:05:21 Locked: 0.33249517244 FIL
Mar 30 16:05:21 Datacap: 3160693276672
Mar 30 16:05:21 ....
Mar 30 16:05:22 Count: 3 of 4
Mar 30 16:05:22 f066596 (1 / 1 tries):
Mar 30 16:05:22 f0421499: 23.293832210218907393 FIL (8.1G free)
Mar 30 16:05:22 Escrow: 0.999645757255 FIL
Mar 30 16:05:22 Locked: 0.33249517244 FIL
Mar 30 16:05:23 Datacap: 3160693276672
Mar 30 16:05:23 ....
Mar 30 16:05:24 Count: 3 of 4
Mar 30 16:05:24 f019041 (1 / 1 tries):
Mar 30 16:05:25 f0421499: 23.293832210218907393 FIL (8.1G free)
Mar 30 16:05:25 Escrow: 0.999645757255 FIL
Mar 30 16:05:25 Locked: 0.33249517244 FIL
Mar 30 16:05:26 Datacap: 3160693276672
Mar 30 16:05:26 ....
Mar 30 16:05:27 Count: 3 of 4
Mar 30 16:05:27 f099608 (1 / 1 tries):
Mar 30 16:05:27 f0421499: 23.293832210218907393 FIL (8.1G free)
Mar 30 16:05:27 Escrow: 0.999645757255 FIL
Mar 30 16:05:27 Locked: 0.33249517244 FIL
Mar 30 16:05:28 Datacap: 3160693276672
Mar 30 16:05:28 ....
Mar 30 16:05:29 Count: 3 of 4
Mar 30 16:05:29 f022352 (1 / 1 tries):
Mar 30 16:05:30 f0421499: 23.293832210218907393 FIL (8.1G free)
Mar 30 16:05:30 Escrow: 0.999645757255 FIL
Mar 30 16:05:30 Locked: 0.33249517244 FIL
Mar 30 16:05:30 Datacap: 3160693276672
Mar 30 16:05:31 ....
Mar 30 16:05:32 Count: 3 of 4
Mar 30 16:05:32 f014409 (1 / 1 tries):
Mar 30 16:05:32 f0421499: 23.293832210218907393 FIL (8.1G free)
Mar 30 16:05:32 Escrow: 0.999645757255 FIL
Mar 30 16:05:32 Locked: 0.33249517244 FIL
Mar 30 16:05:33 Datacap: 3160693276672
Mar 30 16:05:33 ....
Mar 30 16:05:34 Count: 3 of 4
Mar 30 16:05:34 f019100 (1 / 1 tries):
Mar 30 16:05:34 Skipping f019100: error-ask
Mar 30 16:05:34 
Mar 30 16:05:35 Count: 3 of 4
Mar 30 16:05:35 f022142 (1 / 1 tries):
Mar 30 16:05:36 f0421499: 23.293832210218907393 FIL (8.1G free)
Mar 30 16:05:36 Escrow: 0.999645757255 FIL
Mar 30 16:05:36 Locked: 0.33249517244 FIL
Mar 30 16:05:36 Datacap: 3160693276672
Mar 30 16:05:36 ....
Mar 30 16:05:37 Count: 3 of 4
Mar 30 16:05:37 f09848 (1 / 1 tries):
Mar 30 16:05:38 f0421499: 23.293832210218907393 FIL (8.1G free)
Mar 30 16:05:38 Escrow: 0.999645757255 FIL
Mar 30 16:05:38 Locked: 0.33249517244 FIL
Mar 30 16:05:39 Datacap: 3160693276672
Mar 30 16:05:39 ....
Mar 30 16:05:40 Count: 3 of 4
Mar 30 16:05:40 f014768 (1 / 1 tries):
Mar 30 16:05:41 f0421499: 23.293832210218907393 FIL (8.1G free)
Mar 30 16:05:41 Escrow: 0.999645757255 FIL
Mar 30 16:05:41 Locked: 0.33249517244 FIL
Mar 30 16:05:41 Datacap: 3160693276672
Mar 30 16:05:42 ....
Mar 30 16:05:43 Count: 3 of 4
Mar 30 16:05:43 f0165400 (1 / 1 tries):
Mar 30 16:05:43 f0421499: 23.293832210218907393 FIL (8.1G free)
Mar 30 16:05:43 Escrow: 0.999645757255 FIL
Mar 30 16:05:43 Locked: 0.33249517244 FIL
Mar 30 16:05:44 Datacap: 3160693276672
Mar 30 16:05:44 ....
Mar 30 16:05:45 Count: 3 of 4
Mar 30 16:05:45 f019104 (1 / 1 tries):
Mar 30 16:05:45 Skipping f019104: error-ask
Mar 30 16:05:45 
Mar 30 16:05:46 Count: 3 of 4
Mar 30 16:05:46 f01277 (1 / 1 tries):
Mar 30 16:05:47 Skipping f01277: min-ask
Mar 30 16:05:47 
Mar 30 16:05:48 Count: 3 of 4
Mar 30 16:05:48 f019362 (1 / 1 tries):
Mar 30 16:05:48 f0421499: 23.293832210218907393 FIL (8.1G free)
Mar 30 16:05:49 Escrow: 0.999645757255 FIL
Mar 30 16:05:49 Locked: 0.33249517244 FIL
Mar 30 16:05:49 Datacap: 3160693276672
Mar 30 16:05:49 ....
Mar 30 16:05:50 Count: 3 of 4
Mar 30 16:05:50 f0127896 (1 / 1 tries):
Mar 30 16:05:51 Skipping f0127896: min-ask
Mar 30 16:05:51 
Mar 30 16:05:52 Count: 3 of 4
Mar 30 16:05:52 f07998 (1 / 1 tries):
Mar 30 16:05:52 f0421499: 23.293832210218907393 FIL (8.1G free)
Mar 30 16:05:53 Escrow: 0.999645757255 FIL
Mar 30 16:05:53 Locked: 0.33249517244 FIL
Mar 30 16:05:53 Datacap: 3160693276672
Mar 30 16:05:53 ....
Mar 30 16:05:54 Count: 3 of 4
Mar 30 16:05:54 f019551 (1 / 1 tries):
Mar 30 16:05:55 f0421499: 23.293832210218907393 FIL (8.1G free)
Mar 30 16:05:55 Escrow: 0.999645757255 FIL
Mar 30 16:05:55 Locked: 0.33249517244 FIL
Mar 30 16:05:55 Datacap: 3160693276672
Mar 30 16:05:55 ....
Mar 30 16:05:56 Count: 3 of 4
Mar 30 16:05:56 f02606 (1 / 1 tries):
Mar 30 16:05:57 f0421499: 23.293832210218907393 FIL (8.1G free)
Mar 30 16:05:57 Escrow: 0.999645757255 FIL
Mar 30 16:05:57 Locked: 0.33249517244 FIL
Mar 30 16:05:57 Datacap: 3160693276672
Mar 30 16:05:58 ....
Mar 30 16:05:59 Count: 3 of 4
Mar 30 16:05:59 f023971 (1 / 1 tries):
Mar 30 16:05:59 f0421499: 23.293832210218907393 FIL (8.1G free)
Mar 30 16:05:59 Escrow: 0.999645757255 FIL
Mar 30 16:05:59 Locked: 0.33249517244 FIL
Mar 30 16:05:59 Datacap: 3160693276672
Mar 30 16:05:59 ....
Mar 30 16:06:00 Count: 3 of 4
Mar 30 16:06:00 f08403 (1 / 1 tries):
Mar 30 16:06:01 f0421499: 23.293832210218907393 FIL (8.1G free)
Mar 30 16:06:01 Escrow: 0.999645757255 FIL
Mar 30 16:06:01 Locked: 0.33249517244 FIL
Mar 30 16:06:02 Datacap: 3160693276672
Mar 30 16:06:02 ....
Mar 30 16:06:03 Count: 3 of 4
Mar 30 16:06:03 f010479 (1 / 1 tries):
Mar 30 16:06:03 f0421499: 23.293832210218907393 FIL (8.1G free)
Mar 30 16:06:04 Escrow: 0.999645757255 FIL
Mar 30 16:06:04 Locked: 0.33249517244 FIL
Mar 30 16:06:04 Datacap: 3160693276672
Mar 30 16:06:04 ....
Mar 30 16:06:05 Count: 3 of 4
Mar 30 16:06:05 f01247 (1 / 1 tries):
Mar 30 16:06:06 f0421499: 23.293832210218907393 FIL (8.1G free)
Mar 30 16:06:06 Escrow: 0.999645757255 FIL
Mar 30 16:06:06 Locked: 0.33249517244 FIL
Mar 30 16:06:06 Datacap: 3160693276672
Mar 30 16:06:06 ....
Mar 30 16:06:07 Count: 3 of 4
Mar 30 16:06:07 f01278 (1 / 1 tries):
Mar 30 16:06:08 f0421499: 23.293832210218907393 FIL (8.1G free)
Mar 30 16:06:08 Escrow: 0.999645757255 FIL
Mar 30 16:06:08 Locked: 0.33249517244 FIL
Mar 30 16:06:09 Datacap: 3160693276672
Mar 30 16:06:09 ....
Mar 30 16:06:10 Count: 3 of 4
Mar 30 16:06:10 f062353 (1 / 1 tries):
Mar 30 16:06:11 f0421499: 23.293832210218907393 FIL (8.1G free)
Mar 30 16:06:11 Escrow: 0.999645757255 FIL
Mar 30 16:06:11 Locked: 0.33249517244 FIL
Mar 30 16:06:12 Datacap: 3160693276672
Mar 30 16:06:12 ....
Mar 30 16:06:13 Count: 3 of 4
Mar 30 16:06:13 f071624 (1 / 1 tries):
Mar 30 16:06:13 f0421499: 23.293832210218907393 FIL (8.1G free)
Mar 30 16:06:14 Escrow: 0.999645757255 FIL
Mar 30 16:06:14 Locked: 0.33249517244 FIL
Mar 30 16:06:14 Datacap: 3160693276672
Mar 30 16:06:15 ....
Mar 30 16:06:16 Count: 3 of 4
Mar 30 16:06:16 f015927 (1 / 1 tries):
Mar 30 16:06:16 Skipping f015927: min-ask
Mar 30 16:06:16 
Mar 30 16:06:17 Count: 3 of 4
Mar 30 16:06:17 f0145874 (1 / 1 tries):
Mar 30 16:06:17 f0421499: 23.293832210218907393 FIL (8.1G free)
Mar 30 16:06:18 Escrow: 0.999645757255 FIL
Mar 30 16:06:18 Locked: 0.33249517244 FIL
Mar 30 16:06:18 Datacap: 3160693276672
Mar 30 16:06:18 ....
Mar 30 16:06:19 Count: 3 of 4
Mar 30 16:06:19 f058369 (1 / 1 tries):
Mar 30 16:06:20 f0421499: 23.293832210218907393 FIL (8.1G free)
Mar 30 16:06:20 Escrow: 0.999645757255 FIL
Mar 30 16:06:20 Locked: 0.33249517244 FIL
Mar 30 16:06:21 Datacap: 3160693276672
Mar 30 16:06:21 ....
