Mar 30 11:17:16 Count: 3 of 4
Mar 30 11:17:16 f014768 (1 / 1 tries):
Mar 30 11:17:16 f0421499: 23.293832210218907393 FIL (9.0G free)
Mar 30 11:17:16 Escrow: 0.999645757255 FIL
Mar 30 11:17:16 Locked: 0.33249517244 FIL
Mar 30 11:17:17 Datacap: 3160693276672
Mar 30 11:17:17 ....
Mar 30 11:17:18 Count: 3 of 4
Mar 30 11:17:18 f022163 (1 / 1 tries):
Mar 30 11:17:19 f0421499: 23.293832210218907393 FIL (9.0G free)
Mar 30 11:17:19 Escrow: 0.999645757255 FIL
Mar 30 11:17:19 Locked: 0.33249517244 FIL
Mar 30 11:17:19 Datacap: 3160693276672
Mar 30 11:17:19 ....
Mar 30 11:17:20 Count: 3 of 4
Mar 30 11:17:20 f02606 (1 / 1 tries):
Mar 30 11:17:21 f0421499: 23.293832210218907393 FIL (9.0G free)
Mar 30 11:17:21 Escrow: 0.999645757255 FIL
Mar 30 11:17:21 Locked: 0.33249517244 FIL
Mar 30 11:17:21 Datacap: 3160693276672
Mar 30 11:17:22 ....
Mar 30 11:17:23 Count: 3 of 4
Mar 30 11:17:23 f08399 (1 / 1 tries):
Mar 30 11:17:23 f0421499: 23.293832210218907393 FIL (9.0G free)
Mar 30 11:17:23 Escrow: 0.999645757255 FIL
Mar 30 11:17:23 Locked: 0.33249517244 FIL
Mar 30 11:17:24 Datacap: 3160693276672
Mar 30 11:17:24 ....
Mar 30 11:17:25 Count: 3 of 4
Mar 30 11:17:25 f015927 (1 / 1 tries):
Mar 30 11:17:25 Skipping f015927: min-ask
Mar 30 11:17:25 
Mar 30 11:17:26 Count: 3 of 4
Mar 30 11:17:26 f099608 (1 / 1 tries):
Mar 30 11:17:27 f0421499: 23.293832210218907393 FIL (9.0G free)
Mar 30 11:17:27 Escrow: 0.999645757255 FIL
Mar 30 11:17:27 Locked: 0.33249517244 FIL
Mar 30 11:17:28 Datacap: 3160693276672
Mar 30 11:17:28 ....
Mar 30 11:17:29 Count: 3 of 4
Mar 30 11:17:29 f0127896 (1 / 1 tries):
Mar 30 11:17:29 Skipping f0127896: min-ask
Mar 30 11:17:29 
Mar 30 11:17:30 Count: 3 of 4
Mar 30 11:17:30 f021716 (1 / 1 tries):
Mar 30 11:17:31 f0421499: 23.293832210218907393 FIL (9.0G free)
Mar 30 11:17:31 Escrow: 0.999645757255 FIL
Mar 30 11:17:31 Locked: 0.33249517244 FIL
Mar 30 11:17:32 Datacap: 3160693276672
Mar 30 11:17:32 ....
Mar 30 11:17:33 Count: 3 of 4
Mar 30 11:17:33 f0165400 (1 / 1 tries):
Mar 30 11:17:34 f0421499: 23.293832210218907393 FIL (9.0G free)
Mar 30 11:17:34 Escrow: 0.999645757255 FIL
Mar 30 11:17:34 Locked: 0.33249517244 FIL
Mar 30 11:17:34 Datacap: 3160693276672
Mar 30 11:17:34 ....
Mar 30 11:17:35 Count: 3 of 4
Mar 30 11:17:35 f014409 (1 / 1 tries):
Mar 30 11:17:36 f0421499: 23.293832210218907393 FIL (9.0G free)
Mar 30 11:17:36 Escrow: 0.999645757255 FIL
Mar 30 11:17:36 Locked: 0.33249517244 FIL
Mar 30 11:17:36 Datacap: 3160693276672
Mar 30 11:17:36 ....
Mar 30 11:17:37 Count: 3 of 4
Mar 30 11:17:37 f071624 (1 / 1 tries):
Mar 30 11:17:38 f0421499: 23.293832210218907393 FIL (9.0G free)
Mar 30 11:17:38 Escrow: 0.999645757255 FIL
Mar 30 11:17:38 Locked: 0.33249517244 FIL
Mar 30 11:17:38 Datacap: 3160693276672
Mar 30 11:17:38 ....
Mar 30 11:17:39 Count: 3 of 4
Mar 30 11:17:39 f023467 (1 / 1 tries):
Mar 30 11:17:40 f0421499: 23.293832210218907393 FIL (9.0G free)
Mar 30 11:17:40 Escrow: 0.999645757255 FIL
Mar 30 11:17:40 Locked: 0.33249517244 FIL
Mar 30 11:17:41 Datacap: 3160693276672
Mar 30 11:17:41 ....
Mar 30 11:17:42 Count: 3 of 4
Mar 30 11:17:42 f019362 (1 / 1 tries):
Mar 30 11:17:42 f0421499: 23.293832210218907393 FIL (9.0G free)
Mar 30 11:17:42 Escrow: 0.999645757255 FIL
Mar 30 11:17:42 Locked: 0.33249517244 FIL
Mar 30 11:17:43 Datacap: 3160693276672
Mar 30 11:17:43 ....
Mar 30 11:17:44 Count: 3 of 4
Mar 30 11:17:44 f09848 (1 / 1 tries):
Mar 30 11:17:44 f0421499: 23.293832210218907393 FIL (9.0G free)
Mar 30 11:17:44 Escrow: 0.999645757255 FIL
Mar 30 11:17:44 Locked: 0.33249517244 FIL
Mar 30 11:17:45 Datacap: 3160693276672
Mar 30 11:17:45 ....
Mar 30 11:17:46 Count: 3 of 4
Mar 30 11:17:46 f019104 (1 / 1 tries):
Mar 30 11:17:46 Skipping f019104: error-ask
Mar 30 11:17:46 
Mar 30 11:17:47 Count: 3 of 4
Mar 30 11:17:47 f01277 (1 / 1 tries):
Mar 30 11:17:48 Skipping f01277: min-ask
Mar 30 11:17:48 
Mar 30 11:17:49 Count: 3 of 4
Mar 30 11:17:49 f010617 (1 / 1 tries):
Mar 30 11:17:49 f0421499: 23.293832210218907393 FIL (9.0G free)
Mar 30 11:17:50 Escrow: 0.999645757255 FIL
Mar 30 11:17:50 Locked: 0.33249517244 FIL
Mar 30 11:17:50 Datacap: 3160693276672
Mar 30 11:17:50 ....
Mar 30 11:17:51 Count: 3 of 4
Mar 30 11:17:51 f01240 (1 / 1 tries):
Mar 30 11:17:51 f0421499: 23.293832210218907393 FIL (9.0G free)
Mar 30 11:17:52 Escrow: 0.999645757255 FIL
Mar 30 11:17:52 Locked: 0.33249517244 FIL
Mar 30 11:17:52 Datacap: 3160693276672
Mar 30 11:17:52 ....
Mar 30 11:17:53 Count: 3 of 4
Mar 30 11:17:53 f022142 (1 / 1 tries):
Mar 30 11:17:54 f0421499: 23.293832210218907393 FIL (9.0G free)
Mar 30 11:17:54 Escrow: 0.999645757255 FIL
Mar 30 11:17:54 Locked: 0.33249517244 FIL
Mar 30 11:17:55 Datacap: 3160693276672
Mar 30 11:17:55 ....
Mar 30 11:17:56 Count: 3 of 4
Mar 30 11:17:56 f01234 (1 / 1 tries):
Mar 30 11:17:56 f0421499: 23.293832210218907393 FIL (9.0G free)
Mar 30 11:17:57 Escrow: 0.999645757255 FIL
Mar 30 11:17:57 Locked: 0.33249517244 FIL
Mar 30 11:17:57 Datacap: 3160693276672
Mar 30 11:17:57 ....
Mar 30 11:17:58 Count: 3 of 4
Mar 30 11:17:58 f023971 (1 / 1 tries):
Mar 30 11:17:59 f0421499: 23.293832210218907393 FIL (9.0G free)
Mar 30 11:17:59 Escrow: 0.999645757255 FIL
Mar 30 11:17:59 Locked: 0.33249517244 FIL
Mar 30 11:17:59 Datacap: 3160693276672
Mar 30 11:17:59 ....
Mar 30 11:18:00 Count: 3 of 4
Mar 30 11:18:00 f058369 (1 / 1 tries):
Mar 30 11:18:01 f0421499: 23.293832210218907393 FIL (9.0G free)
Mar 30 11:18:01 Escrow: 0.999645757255 FIL
Mar 30 11:18:01 Locked: 0.33249517244 FIL
Mar 30 11:18:02 Datacap: 3160693276672
Mar 30 11:18:02 ....
Mar 30 11:18:03 Count: 3 of 4
Mar 30 11:18:03 f019041 (1 / 1 tries):
Mar 30 11:18:04 f0421499: 23.293832210218907393 FIL (9.0G free)
Mar 30 11:18:04 Escrow: 0.999645757255 FIL
Mar 30 11:18:04 Locked: 0.33249517244 FIL
Mar 30 11:18:04 Datacap: 3160693276672
Mar 30 11:18:04 ....
Mar 30 11:18:05 Count: 3 of 4
Mar 30 11:18:05 f019100 (1 / 1 tries):
Mar 30 11:18:05 Skipping f019100: error-ask
Mar 30 11:18:05 
Mar 30 11:18:06 Count: 3 of 4
Mar 30 11:18:06 f019551 (1 / 1 tries):
Mar 30 11:18:07 f0421499: 23.293832210218907393 FIL (9.0G free)
Mar 30 11:18:08 Escrow: 0.999645757255 FIL
Mar 30 11:18:08 Locked: 0.33249517244 FIL
Mar 30 11:18:08 Datacap: 3160693276672
Mar 30 11:18:08 ....
Mar 30 11:18:09 Count: 3 of 4
Mar 30 11:18:09 f0145874 (1 / 1 tries):
Mar 30 11:18:10 f0421499: 23.293832210218907393 FIL (9.0G free)
Mar 30 11:18:10 Escrow: 0.999645757255 FIL
Mar 30 11:18:10 Locked: 0.33249517244 FIL
Mar 30 11:18:10 Datacap: 3160693276672
Mar 30 11:18:10 ....
Mar 30 11:18:11 Count: 3 of 4
Mar 30 11:18:11 f02576 (1 / 1 tries):
Mar 30 11:18:12 f0421499: 23.293832210218907393 FIL (9.0G free)
Mar 30 11:18:12 Escrow: 0.999645757255 FIL
Mar 30 11:18:12 Locked: 0.33249517244 FIL
Mar 30 11:18:13 Datacap: 3160693276672
Mar 30 11:18:13 ....
Mar 30 11:18:14 Count: 3 of 4
Mar 30 11:18:14 f022352 (1 / 1 tries):
Mar 30 11:18:14 f0421499: 23.293832210218907393 FIL (9.0G free)
Mar 30 11:18:15 Escrow: 0.999645757255 FIL
Mar 30 11:18:15 Locked: 0.33249517244 FIL
Mar 30 11:18:15 Datacap: 3160693276672
Mar 30 11:18:15 ....
Mar 30 11:18:16 Count: 3 of 4
Mar 30 11:18:16 f062353 (1 / 1 tries):
Mar 30 11:18:16 f0421499: 23.293832210218907393 FIL (9.0G free)
Mar 30 11:18:16 Escrow: 0.999645757255 FIL
Mar 30 11:18:16 Locked: 0.33249517244 FIL
Mar 30 11:18:17 Datacap: 3160693276672
Mar 30 11:18:17 ....
Mar 30 11:18:18 Count: 3 of 4
Mar 30 11:18:18 f07998 (1 / 1 tries):
Mar 30 11:18:19 f0421499: 23.293832210218907393 FIL (9.0G free)
Mar 30 11:18:19 Escrow: 0.999645757255 FIL
Mar 30 11:18:19 Locked: 0.33249517244 FIL
Mar 30 11:18:19 Datacap: 3160693276672
Mar 30 11:18:20 ....
Mar 30 11:18:21 Count: 3 of 4
Mar 30 11:18:21 f08403 (1 / 1 tries):
Mar 30 11:18:21 f0421499: 23.293832210218907393 FIL (9.0G free)
Mar 30 11:18:21 Escrow: 0.999645757255 FIL
Mar 30 11:18:21 Locked: 0.33249517244 FIL
Mar 30 11:18:22 Datacap: 3160693276672
Mar 30 11:18:22 ....
Mar 30 11:18:23 Count: 3 of 4
Mar 30 11:18:23 f01247 (1 / 1 tries):
Mar 30 11:18:23 f0421499: 23.293832210218907393 FIL (9.0G free)
Mar 30 11:18:23 Escrow: 0.999645757255 FIL
Mar 30 11:18:23 Locked: 0.33249517244 FIL
Mar 30 11:18:24 Datacap: 3160693276672
Mar 30 11:18:24 ....
Mar 30 11:18:25 Count: 3 of 4
Mar 30 11:18:25 f066596 (1 / 1 tries):
Mar 30 11:18:26 f0421499: 23.293832210218907393 FIL (9.0G free)
Mar 30 11:18:26 Escrow: 0.999645757255 FIL
Mar 30 11:18:26 Locked: 0.33249517244 FIL
Mar 30 11:18:26 Datacap: 3160693276672
Mar 30 11:18:26 ....
Mar 30 11:18:27 Count: 3 of 4
Mar 30 11:18:27 f010479 (1 / 1 tries):
Mar 30 11:18:28 f0421499: 23.293832210218907393 FIL (9.0G free)
Mar 30 11:18:28 Escrow: 0.999645757255 FIL
Mar 30 11:18:28 Locked: 0.33249517244 FIL
Mar 30 11:18:28 Datacap: 3160693276672
Mar 30 11:18:28 ....
Mar 30 11:18:29 Count: 3 of 4
Mar 30 11:18:29 f0157535 (1 / 1 tries):
Mar 30 11:18:30 f0421499: 23.293832210218907393 FIL (9.0G free)
Mar 30 11:18:30 Escrow: 0.999645757255 FIL
Mar 30 11:18:30 Locked: 0.33249517244 FIL
Mar 30 11:18:30 Datacap: 3160693276672
Mar 30 11:18:30 ....
Mar 30 11:18:31 Count: 3 of 4
Mar 30 11:18:31 f01278 (1 / 1 tries):
Mar 30 11:18:32 f0421499: 23.293832210218907393 FIL (9.0G free)
Mar 30 11:18:32 Escrow: 0.999645757255 FIL
Mar 30 11:18:32 Locked: 0.33249517244 FIL
Mar 30 11:18:33 Datacap: 3160693276672
Mar 30 11:18:33 ....
