Mar 30 12:35:21 Count: 3 of 4
Mar 30 12:35:21 f01277 (1 / 1 tries):
Mar 30 12:35:21 Skipping f01277: min-ask
Mar 30 12:35:21 
Mar 30 12:35:22 Count: 3 of 4
Mar 30 12:35:22 f019041 (1 / 1 tries):
Mar 30 12:35:23 f0421499: 23.293832210218907393 FIL (8.8G free)
Mar 30 12:35:23 Escrow: 0.999645757255 FIL
Mar 30 12:35:23 Locked: 0.33249517244 FIL
Mar 30 12:35:23 Datacap: 3160693276672
Mar 30 12:35:23 ....
Mar 30 12:35:24 Count: 3 of 4
Mar 30 12:35:24 f022163 (1 / 1 tries):
Mar 30 12:35:25 f0421499: 23.293832210218907393 FIL (8.8G free)
Mar 30 12:35:25 Escrow: 0.999645757255 FIL
Mar 30 12:35:25 Locked: 0.33249517244 FIL
Mar 30 12:35:26 Datacap: 3160693276672
Mar 30 12:35:26 ....
Mar 30 12:35:27 Count: 3 of 4
Mar 30 12:35:27 f019100 (1 / 1 tries):
Mar 30 12:35:28 Skipping f019100: error-ask
Mar 30 12:35:28 
Mar 30 12:35:29 Count: 3 of 4
Mar 30 12:35:29 f015927 (1 / 1 tries):
Mar 30 12:35:29 Skipping f015927: min-ask
Mar 30 12:35:29 
Mar 30 12:35:30 Count: 3 of 4
Mar 30 12:35:30 f062353 (1 / 1 tries):
Mar 30 12:35:31 f0421499: 23.293832210218907393 FIL (8.8G free)
Mar 30 12:35:31 Escrow: 0.999645757255 FIL
Mar 30 12:35:31 Locked: 0.33249517244 FIL
Mar 30 12:35:31 Datacap: 3160693276672
Mar 30 12:35:31 ....
Mar 30 12:35:33 Count: 3 of 4
Mar 30 12:35:33 f01278 (1 / 1 tries):
Mar 30 12:35:33 f0421499: 23.293832210218907393 FIL (8.8G free)
Mar 30 12:35:34 Escrow: 0.999645757255 FIL
Mar 30 12:35:34 Locked: 0.33249517244 FIL
Mar 30 12:35:34 Datacap: 3160693276672
Mar 30 12:35:34 ....
Mar 30 12:35:35 Count: 3 of 4
Mar 30 12:35:35 f010479 (1 / 1 tries):
Mar 30 12:35:36 f0421499: 23.293832210218907393 FIL (8.8G free)
Mar 30 12:35:36 Escrow: 0.999645757255 FIL
Mar 30 12:35:36 Locked: 0.33249517244 FIL
Mar 30 12:35:36 Datacap: 3160693276672
Mar 30 12:35:36 ....
Mar 30 12:35:37 Count: 3 of 4
Mar 30 12:35:37 f0157535 (1 / 1 tries):
Mar 30 12:35:38 f0421499: 23.293832210218907393 FIL (8.8G free)
Mar 30 12:35:38 Escrow: 0.999645757255 FIL
Mar 30 12:35:38 Locked: 0.33249517244 FIL
Mar 30 12:35:38 Datacap: 3160693276672
Mar 30 12:35:38 ....
Mar 30 12:35:39 Count: 3 of 4
Mar 30 12:35:39 f010617 (1 / 1 tries):
Mar 30 12:35:40 f0421499: 23.293832210218907393 FIL (8.8G free)
Mar 30 12:35:40 Escrow: 0.999645757255 FIL
Mar 30 12:35:40 Locked: 0.33249517244 FIL
Mar 30 12:35:41 Datacap: 3160693276672
Mar 30 12:35:41 ....
Mar 30 12:35:42 Count: 3 of 4
Mar 30 12:35:42 f0165400 (1 / 1 tries):
Mar 30 12:35:42 f0421499: 23.293832210218907393 FIL (8.8G free)
Mar 30 12:35:42 Escrow: 0.999645757255 FIL
Mar 30 12:35:42 Locked: 0.33249517244 FIL
Mar 30 12:35:43 Datacap: 3160693276672
Mar 30 12:35:43 ....
Mar 30 12:35:44 Count: 3 of 4
Mar 30 12:35:44 f014409 (1 / 1 tries):
Mar 30 12:35:44 f0421499: 23.293832210218907393 FIL (8.8G free)
Mar 30 12:35:44 Escrow: 0.999645757255 FIL
Mar 30 12:35:44 Locked: 0.33249517244 FIL
Mar 30 12:35:45 Datacap: 3160693276672
Mar 30 12:35:45 ....
Mar 30 12:35:46 Count: 3 of 4
Mar 30 12:35:46 f022142 (1 / 1 tries):
Mar 30 12:35:47 f0421499: 23.293832210218907393 FIL (8.8G free)
Mar 30 12:35:47 Escrow: 0.999645757255 FIL
Mar 30 12:35:47 Locked: 0.33249517244 FIL
Mar 30 12:35:47 Datacap: 3160693276672
Mar 30 12:35:48 ....
Mar 30 12:35:49 Count: 3 of 4
Mar 30 12:35:49 f023971 (1 / 1 tries):
Mar 30 12:35:49 f0421499: 23.293832210218907393 FIL (8.8G free)
Mar 30 12:35:49 Escrow: 0.999645757255 FIL
Mar 30 12:35:49 Locked: 0.33249517244 FIL
Mar 30 12:35:50 Datacap: 3160693276672
Mar 30 12:35:50 ....
Mar 30 12:35:51 Count: 3 of 4
Mar 30 12:35:51 f08403 (1 / 1 tries):
Mar 30 12:35:51 f0421499: 23.293832210218907393 FIL (8.8G free)
Mar 30 12:35:52 Escrow: 0.999645757255 FIL
Mar 30 12:35:52 Locked: 0.33249517244 FIL
Mar 30 12:35:52 Datacap: 3160693276672
Mar 30 12:35:52 ....
Mar 30 12:35:53 Count: 3 of 4
Mar 30 12:35:53 f02576 (1 / 1 tries):
Mar 30 12:35:54 f0421499: 23.293832210218907393 FIL (8.8G free)
Mar 30 12:35:54 Escrow: 0.999645757255 FIL
Mar 30 12:35:54 Locked: 0.33249517244 FIL
Mar 30 12:35:55 Datacap: 3160693276672
Mar 30 12:35:55 ....
Mar 30 12:35:56 Count: 3 of 4
Mar 30 12:35:56 f01234 (1 / 1 tries):
Mar 30 12:35:56 f0421499: 23.293832210218907393 FIL (8.8G free)
Mar 30 12:35:57 Escrow: 0.999645757255 FIL
Mar 30 12:35:57 Locked: 0.33249517244 FIL
Mar 30 12:35:57 Datacap: 3160693276672
Mar 30 12:35:57 ....
Mar 30 12:35:58 Count: 3 of 4
Mar 30 12:35:58 f058369 (1 / 1 tries):
Mar 30 12:35:59 f0421499: 23.293832210218907393 FIL (8.8G free)
Mar 30 12:35:59 Escrow: 0.999645757255 FIL
Mar 30 12:35:59 Locked: 0.33249517244 FIL
Mar 30 12:36:00 Datacap: 3160693276672
Mar 30 12:36:00 ....
Mar 30 12:36:01 Count: 3 of 4
Mar 30 12:36:01 f066596 (1 / 1 tries):
Mar 30 12:36:01 f0421499: 23.293832210218907393 FIL (8.8G free)
Mar 30 12:36:02 Escrow: 0.999645757255 FIL
Mar 30 12:36:02 Locked: 0.33249517244 FIL
Mar 30 12:36:02 Datacap: 3160693276672
Mar 30 12:36:02 ....
Mar 30 12:36:03 Count: 3 of 4
Mar 30 12:36:03 f022352 (1 / 1 tries):
Mar 30 12:36:04 f0421499: 23.293832210218907393 FIL (8.8G free)
Mar 30 12:36:04 Escrow: 0.999645757255 FIL
Mar 30 12:36:04 Locked: 0.33249517244 FIL
Mar 30 12:36:05 Datacap: 3160693276672
Mar 30 12:36:05 ....
Mar 30 12:36:06 Count: 3 of 4
Mar 30 12:36:06 f0127896 (1 / 1 tries):
Mar 30 12:36:06 Skipping f0127896: min-ask
Mar 30 12:36:06 
Mar 30 12:36:07 Count: 3 of 4
Mar 30 12:36:07 f014768 (1 / 1 tries):
Mar 30 12:36:08 f0421499: 23.293832210218907393 FIL (8.8G free)
Mar 30 12:36:08 Escrow: 0.999645757255 FIL
Mar 30 12:36:08 Locked: 0.33249517244 FIL
Mar 30 12:36:08 Datacap: 3160693276672
Mar 30 12:36:08 ....
Mar 30 12:36:10 Count: 3 of 4
Mar 30 12:36:10 f071624 (1 / 1 tries):
Mar 30 12:36:10 f0421499: 23.293832210218907393 FIL (8.8G free)
Mar 30 12:36:10 Escrow: 0.999645757255 FIL
Mar 30 12:36:10 Locked: 0.33249517244 FIL
Mar 30 12:36:10 Datacap: 3160693276672
Mar 30 12:36:10 ....
Mar 30 12:36:11 Count: 3 of 4
Mar 30 12:36:11 f019104 (1 / 1 tries):
Mar 30 12:36:12 Skipping f019104: error-ask
Mar 30 12:36:12 
Mar 30 12:36:13 Count: 3 of 4
Mar 30 12:36:13 f019362 (1 / 1 tries):
Mar 30 12:36:14 f0421499: 23.293832210218907393 FIL (8.8G free)
Mar 30 12:36:14 Escrow: 0.999645757255 FIL
Mar 30 12:36:14 Locked: 0.33249517244 FIL
Mar 30 12:36:14 Datacap: 3160693276672
Mar 30 12:36:15 ....
Mar 30 12:36:16 Count: 3 of 4
Mar 30 12:36:16 f023467 (1 / 1 tries):
Mar 30 12:36:16 f0421499: 23.293832210218907393 FIL (8.8G free)
Mar 30 12:36:16 Escrow: 0.999645757255 FIL
Mar 30 12:36:16 Locked: 0.33249517244 FIL
Mar 30 12:36:17 Datacap: 3160693276672
Mar 30 12:36:17 ....
Mar 30 12:36:18 Count: 3 of 4
Mar 30 12:36:18 f021716 (1 / 1 tries):
Mar 30 12:36:19 f0421499: 23.293832210218907393 FIL (8.8G free)
Mar 30 12:36:19 Escrow: 0.999645757255 FIL
Mar 30 12:36:19 Locked: 0.33249517244 FIL
Mar 30 12:36:20 Datacap: 3160693276672
Mar 30 12:36:20 ....
Mar 30 12:36:21 Count: 3 of 4
Mar 30 12:36:21 f0145874 (1 / 1 tries):
Mar 30 12:36:22 f0421499: 23.293832210218907393 FIL (8.8G free)
Mar 30 12:36:22 Escrow: 0.999645757255 FIL
Mar 30 12:36:22 Locked: 0.33249517244 FIL
Mar 30 12:36:22 Datacap: 3160693276672
Mar 30 12:36:22 ....
Mar 30 12:36:23 Count: 3 of 4
Mar 30 12:36:23 f019551 (1 / 1 tries):
Mar 30 12:36:24 f0421499: 23.293832210218907393 FIL (8.8G free)
Mar 30 12:36:24 Escrow: 0.999645757255 FIL
Mar 30 12:36:24 Locked: 0.33249517244 FIL
Mar 30 12:36:25 Datacap: 3160693276672
Mar 30 12:36:25 ....
Mar 30 12:36:26 Count: 3 of 4
Mar 30 12:36:26 f01240 (1 / 1 tries):
Mar 30 12:36:27 f0421499: 23.293832210218907393 FIL (8.8G free)
Mar 30 12:36:27 Escrow: 0.999645757255 FIL
Mar 30 12:36:27 Locked: 0.33249517244 FIL
Mar 30 12:36:27 Datacap: 3160693276672
Mar 30 12:36:28 ....
Mar 30 12:36:29 Count: 3 of 4
Mar 30 12:36:29 f07998 (1 / 1 tries):
Mar 30 12:36:29 f0421499: 23.293832210218907393 FIL (8.8G free)
Mar 30 12:36:29 Escrow: 0.999645757255 FIL
Mar 30 12:36:29 Locked: 0.33249517244 FIL
Mar 30 12:36:30 Datacap: 3160693276672
Mar 30 12:36:30 ....
Mar 30 12:36:31 Count: 3 of 4
Mar 30 12:36:31 f01247 (1 / 1 tries):
Mar 30 12:36:32 f0421499: 23.293832210218907393 FIL (8.8G free)
Mar 30 12:36:32 Escrow: 0.999645757255 FIL
Mar 30 12:36:32 Locked: 0.33249517244 FIL
Mar 30 12:36:33 Datacap: 3160693276672
Mar 30 12:36:33 ....
Mar 30 12:36:34 Count: 3 of 4
Mar 30 12:36:34 f02606 (1 / 1 tries):
Mar 30 12:36:35 f0421499: 23.293832210218907393 FIL (8.8G free)
Mar 30 12:36:35 Escrow: 0.999645757255 FIL
Mar 30 12:36:35 Locked: 0.33249517244 FIL
Mar 30 12:36:36 Datacap: 3160693276672
Mar 30 12:36:36 ....
Mar 30 12:36:37 Count: 3 of 4
Mar 30 12:36:37 f09848 (1 / 1 tries):
Mar 30 12:36:37 f0421499: 23.293832210218907393 FIL (8.8G free)
Mar 30 12:36:37 Escrow: 0.999645757255 FIL
Mar 30 12:36:37 Locked: 0.33249517244 FIL
Mar 30 12:36:38 Datacap: 3160693276672
Mar 30 12:36:38 ....
Mar 30 12:36:39 Count: 3 of 4
Mar 30 12:36:39 f08399 (1 / 1 tries):
Mar 30 12:36:40 f0421499: 23.293832210218907393 FIL (8.8G free)
Mar 30 12:36:41 Escrow: 0.999645757255 FIL
Mar 30 12:36:41 Locked: 0.33249517244 FIL
Mar 30 12:36:41 Datacap: 3160693276672
Mar 30 12:36:41 ....
Mar 30 12:36:42 Count: 3 of 4
Mar 30 12:36:42 f099608 (1 / 1 tries):
Mar 30 12:36:43 f0421499: 23.293832210218907393 FIL (8.8G free)
Mar 30 12:36:43 Escrow: 0.999645757255 FIL
Mar 30 12:36:43 Locked: 0.33249517244 FIL
Mar 30 12:36:44 Datacap: 3160693276672
Mar 30 12:36:44 ....
