Mar 30 06:28:55 Count: 3 of 4
Mar 30 06:28:55 f08399 (1 / 1 tries):
Mar 30 06:28:55 f0421499: 23.293832210218907393 FIL (9.9G free)
Mar 30 06:28:55 Escrow: 0.999645757255 FIL
Mar 30 06:28:55 Locked: 0.33249517244 FIL
Mar 30 06:28:56 Datacap: 3160693276672
Mar 30 06:28:56 ....
Mar 30 06:28:57 Count: 3 of 4
Mar 30 06:28:57 f01247 (1 / 1 tries):
Mar 30 06:28:57 f0421499: 23.293832210218907393 FIL (9.9G free)
Mar 30 06:28:58 Escrow: 0.999645757255 FIL
Mar 30 06:28:58 Locked: 0.33249517244 FIL
Mar 30 06:28:58 Datacap: 3160693276672
Mar 30 06:28:59 ....
Mar 30 06:29:00 Count: 3 of 4
Mar 30 06:29:00 f019104 (1 / 1 tries):
Mar 30 06:29:00 Skipping f019104: error-ask
Mar 30 06:29:00 
Mar 30 06:29:01 Count: 3 of 4
Mar 30 06:29:01 f0127896 (1 / 1 tries):
Mar 30 06:29:01 Skipping f0127896: min-ask
Mar 30 06:29:01 
Mar 30 06:29:02 Count: 3 of 4
Mar 30 06:29:02 f01277 (1 / 1 tries):
Mar 30 06:29:03 Skipping f01277: min-ask
Mar 30 06:29:03 
Mar 30 06:29:04 Count: 3 of 4
Mar 30 06:29:04 f014409 (1 / 1 tries):
Mar 30 06:29:05 f0421499: 23.293832210218907393 FIL (9.9G free)
Mar 30 06:29:05 Escrow: 0.999645757255 FIL
Mar 30 06:29:05 Locked: 0.33249517244 FIL
Mar 30 06:29:05 Datacap: 3160693276672
Mar 30 06:29:06 ....
Mar 30 06:29:07 Count: 3 of 4
Mar 30 06:29:07 f062353 (1 / 1 tries):
Mar 30 06:29:07 f0421499: 23.293832210218907393 FIL (9.9G free)
Mar 30 06:29:07 Escrow: 0.999645757255 FIL
Mar 30 06:29:07 Locked: 0.33249517244 FIL
Mar 30 06:29:08 Datacap: 3160693276672
Mar 30 06:29:08 ....
Mar 30 06:29:09 Count: 3 of 4
Mar 30 06:29:09 f014768 (1 / 1 tries):
Mar 30 06:29:09 f0421499: 23.293832210218907393 FIL (9.9G free)
Mar 30 06:29:09 Escrow: 0.999645757255 FIL
Mar 30 06:29:09 Locked: 0.33249517244 FIL
Mar 30 06:29:10 Datacap: 3160693276672
Mar 30 06:29:10 ....
Mar 30 06:29:11 Count: 3 of 4
Mar 30 06:29:11 f010617 (1 / 1 tries):
Mar 30 06:29:12 f0421499: 23.293832210218907393 FIL (9.9G free)
Mar 30 06:29:12 Escrow: 0.999645757255 FIL
Mar 30 06:29:12 Locked: 0.33249517244 FIL
Mar 30 06:29:12 Datacap: 3160693276672
Mar 30 06:29:12 ....
Mar 30 06:29:13 Count: 3 of 4
Mar 30 06:29:13 f019551 (1 / 1 tries):
Mar 30 06:29:14 f0421499: 23.293832210218907393 FIL (9.9G free)
Mar 30 06:29:14 Escrow: 0.999645757255 FIL
Mar 30 06:29:14 Locked: 0.33249517244 FIL
Mar 30 06:29:14 Datacap: 3160693276672
Mar 30 06:29:14 ....
Mar 30 06:29:15 Count: 3 of 4
Mar 30 06:29:15 f0145874 (1 / 1 tries):
Mar 30 06:29:16 f0421499: 23.293832210218907393 FIL (9.9G free)
Mar 30 06:29:16 Escrow: 0.999645757255 FIL
Mar 30 06:29:16 Locked: 0.33249517244 FIL
Mar 30 06:29:17 Datacap: 3160693276672
Mar 30 06:29:17 ....
Mar 30 06:29:18 Count: 3 of 4
Mar 30 06:29:18 f023467 (1 / 1 tries):
Mar 30 06:29:19 f0421499: 23.293832210218907393 FIL (9.9G free)
Mar 30 06:29:19 Escrow: 0.999645757255 FIL
Mar 30 06:29:19 Locked: 0.33249517244 FIL
Mar 30 06:29:19 Datacap: 3160693276672
Mar 30 06:29:19 ....
Mar 30 06:29:20 Count: 3 of 4
Mar 30 06:29:20 f021716 (1 / 1 tries):
Mar 30 06:29:21 f0421499: 23.293832210218907393 FIL (9.9G free)
Mar 30 06:29:21 Escrow: 0.999645757255 FIL
Mar 30 06:29:21 Locked: 0.33249517244 FIL
Mar 30 06:29:21 Datacap: 3160693276672
Mar 30 06:29:21 ....
Mar 30 06:29:22 Count: 3 of 4
Mar 30 06:29:22 f01234 (1 / 1 tries):
Mar 30 06:29:23 f0421499: 23.293832210218907393 FIL (9.9G free)
Mar 30 06:29:23 Escrow: 0.999645757255 FIL
Mar 30 06:29:23 Locked: 0.33249517244 FIL
Mar 30 06:29:24 Datacap: 3160693276672
Mar 30 06:29:24 ....
Mar 30 06:29:25 Count: 3 of 4
Mar 30 06:29:25 f071624 (1 / 1 tries):
Mar 30 06:29:25 f0421499: 23.293832210218907393 FIL (9.9G free)
Mar 30 06:29:25 Escrow: 0.999645757255 FIL
Mar 30 06:29:25 Locked: 0.33249517244 FIL
Mar 30 06:29:26 Datacap: 3160693276672
Mar 30 06:29:26 ....
Mar 30 06:29:27 Count: 3 of 4
Mar 30 06:29:27 f07998 (1 / 1 tries):
Mar 30 06:29:27 f0421499: 23.293832210218907393 FIL (9.9G free)
Mar 30 06:29:27 Escrow: 0.999645757255 FIL
Mar 30 06:29:27 Locked: 0.33249517244 FIL
Mar 30 06:29:28 Datacap: 3160693276672
Mar 30 06:29:28 ....
Mar 30 06:29:29 Count: 3 of 4
Mar 30 06:29:29 f022163 (1 / 1 tries):
Mar 30 06:29:29 f0421499: 23.293832210218907393 FIL (9.9G free)
Mar 30 06:29:30 Escrow: 0.999645757255 FIL
Mar 30 06:29:30 Locked: 0.33249517244 FIL
Mar 30 06:29:30 Datacap: 3160693276672
Mar 30 06:29:30 ....
Mar 30 06:29:31 Count: 3 of 4
Mar 30 06:29:31 f019041 (1 / 1 tries):
Mar 30 06:29:32 f0421499: 23.293832210218907393 FIL (9.9G free)
Mar 30 06:29:32 Escrow: 0.999645757255 FIL
Mar 30 06:29:32 Locked: 0.33249517244 FIL
Mar 30 06:29:32 Datacap: 3160693276672
Mar 30 06:29:33 ....
Mar 30 06:29:34 Count: 3 of 4
Mar 30 06:29:34 f022352 (1 / 1 tries):
Mar 30 06:29:34 f0421499: 23.293832210218907393 FIL (9.9G free)
Mar 30 06:29:35 Escrow: 0.999645757255 FIL
Mar 30 06:29:35 Locked: 0.33249517244 FIL
Mar 30 06:29:35 Datacap: 3160693276672
Mar 30 06:29:35 ....
Mar 30 06:29:36 Count: 3 of 4
Mar 30 06:29:36 f058369 (1 / 1 tries):
Mar 30 06:29:37 f0421499: 23.293832210218907393 FIL (9.9G free)
Mar 30 06:29:37 Escrow: 0.999645757255 FIL
Mar 30 06:29:37 Locked: 0.33249517244 FIL
Mar 30 06:29:37 Datacap: 3160693276672
Mar 30 06:29:38 ....
Mar 30 06:29:39 Count: 3 of 4
Mar 30 06:29:39 f015927 (1 / 1 tries):
Mar 30 06:29:39 Skipping f015927: min-ask
Mar 30 06:29:39 
Mar 30 06:29:40 Count: 3 of 4
Mar 30 06:29:40 f09848 (1 / 1 tries):
Mar 30 06:29:41 f0421499: 23.293832210218907393 FIL (9.9G free)
Mar 30 06:29:41 Escrow: 0.999645757255 FIL
Mar 30 06:29:41 Locked: 0.33249517244 FIL
Mar 30 06:29:42 Datacap: 3160693276672
Mar 30 06:29:42 ....
Mar 30 06:29:43 Count: 3 of 4
Mar 30 06:29:43 f022142 (1 / 1 tries):
Mar 30 06:29:44 f0421499: 23.293832210218907393 FIL (9.9G free)
Mar 30 06:29:44 Escrow: 0.999645757255 FIL
Mar 30 06:29:44 Locked: 0.33249517244 FIL
Mar 30 06:29:44 Datacap: 3160693276672
Mar 30 06:29:44 ....
Mar 30 06:29:45 Count: 3 of 4
Mar 30 06:29:45 f08403 (1 / 1 tries):
Mar 30 06:29:46 f0421499: 23.293832210218907393 FIL (9.9G free)
Mar 30 06:29:47 Escrow: 0.999645757255 FIL
Mar 30 06:29:47 Locked: 0.33249517244 FIL
Mar 30 06:29:47 Datacap: 3160693276672
Mar 30 06:29:47 ....
Mar 30 06:29:48 Count: 3 of 4
Mar 30 06:29:48 f02576 (1 / 1 tries):
Mar 30 06:29:49 f0421499: 23.293832210218907393 FIL (9.9G free)
Mar 30 06:29:49 Escrow: 0.999645757255 FIL
Mar 30 06:29:49 Locked: 0.33249517244 FIL
Mar 30 06:29:49 Datacap: 3160693276672
Mar 30 06:29:49 ....
Mar 30 06:29:50 Count: 3 of 4
Mar 30 06:29:50 f0165400 (1 / 1 tries):
Mar 30 06:29:51 f0421499: 23.293832210218907393 FIL (9.9G free)
Mar 30 06:29:51 Escrow: 0.999645757255 FIL
Mar 30 06:29:51 Locked: 0.33249517244 FIL
Mar 30 06:29:51 Datacap: 3160693276672
Mar 30 06:29:52 ....
Mar 30 06:29:53 Count: 3 of 4
Mar 30 06:29:53 f019100 (1 / 1 tries):
Mar 30 06:29:53 Skipping f019100: error-ask
Mar 30 06:29:53 
Mar 30 06:29:54 Count: 3 of 4
Mar 30 06:29:54 f099608 (1 / 1 tries):
Mar 30 06:29:55 f0421499: 23.293832210218907393 FIL (9.9G free)
Mar 30 06:29:55 Escrow: 0.999645757255 FIL
Mar 30 06:29:55 Locked: 0.33249517244 FIL
Mar 30 06:29:55 Datacap: 3160693276672
Mar 30 06:29:55 ....
Mar 30 06:29:56 Count: 3 of 4
Mar 30 06:29:56 f066596 (1 / 1 tries):
Mar 30 06:29:57 f0421499: 23.293832210218907393 FIL (9.9G free)
Mar 30 06:29:57 Escrow: 0.999645757255 FIL
Mar 30 06:29:57 Locked: 0.33249517244 FIL
Mar 30 06:29:58 Datacap: 3160693276672
Mar 30 06:29:58 ....
Mar 30 06:29:59 Count: 3 of 4
Mar 30 06:29:59 f02606 (1 / 1 tries):
Mar 30 06:30:00 f0421499: 23.293832210218907393 FIL (9.9G free)
Mar 30 06:30:00 Escrow: 0.999645757255 FIL
Mar 30 06:30:00 Locked: 0.33249517244 FIL
Mar 30 06:30:00 Datacap: 3160693276672
Mar 30 06:30:00 ....
Mar 30 06:30:01 Count: 3 of 4
Mar 30 06:30:01 f023971 (1 / 1 tries):
Mar 30 06:30:02 f0421499: 23.293832210218907393 FIL (9.9G free)
Mar 30 06:30:02 Escrow: 0.999645757255 FIL
Mar 30 06:30:02 Locked: 0.33249517244 FIL
Mar 30 06:30:03 Datacap: 3160693276672
Mar 30 06:30:03 ....
Mar 30 06:30:04 Count: 3 of 4
Mar 30 06:30:04 f019362 (1 / 1 tries):
Mar 30 06:30:05 f0421499: 23.293832210218907393 FIL (9.9G free)
Mar 30 06:30:05 Escrow: 0.999645757255 FIL
Mar 30 06:30:05 Locked: 0.33249517244 FIL
Mar 30 06:30:05 Datacap: 3160693276672
Mar 30 06:30:05 ....
Mar 30 06:30:06 Count: 3 of 4
Mar 30 06:30:06 f010479 (1 / 1 tries):
Mar 30 06:30:07 f0421499: 23.293832210218907393 FIL (9.9G free)
Mar 30 06:30:07 Escrow: 0.999645757255 FIL
Mar 30 06:30:07 Locked: 0.33249517244 FIL
Mar 30 06:30:07 Datacap: 3160693276672
Mar 30 06:30:07 ....
Mar 30 06:30:08 Count: 3 of 4
Mar 30 06:30:08 f01240 (1 / 1 tries):
Mar 30 06:30:09 f0421499: 23.293832210218907393 FIL (9.9G free)
Mar 30 06:30:09 Escrow: 0.999645757255 FIL
Mar 30 06:30:09 Locked: 0.33249517244 FIL
Mar 30 06:30:10 Datacap: 3160693276672
Mar 30 06:30:10 ....
Mar 30 06:30:11 Count: 3 of 4
Mar 30 06:30:11 f0157535 (1 / 1 tries):
Mar 30 06:30:12 f0421499: 23.293832210218907393 FIL (9.9G free)
Mar 30 06:30:12 Escrow: 0.999645757255 FIL
Mar 30 06:30:12 Locked: 0.33249517244 FIL
Mar 30 06:30:12 Datacap: 3160693276672
Mar 30 06:30:12 ....
Mar 30 06:30:13 Count: 3 of 4
Mar 30 06:30:13 f01278 (1 / 1 tries):
Mar 30 06:30:14 f0421499: 23.293832210218907393 FIL (9.9G free)
Mar 30 06:30:14 Escrow: 0.999645757255 FIL
Mar 30 06:30:14 Locked: 0.33249517244 FIL
Mar 30 06:30:14 Datacap: 3160693276672
Mar 30 06:30:15 ....
