Mar 30 03:36:44 Count: 3 of 4
Mar 30 03:36:44 f066596 (1 / 1 tries):
Mar 30 03:36:44 f0421499: 23.293832210218907393 FIL (11G free)
Mar 30 03:36:44 Escrow: 0.999645757255 FIL
Mar 30 03:36:44 Locked: 0.33249517244 FIL
Mar 30 03:36:45 Datacap: 3160693276672
Mar 30 03:36:45 ....
Mar 30 03:36:46 Count: 3 of 4
Mar 30 03:36:46 f02576 (1 / 1 tries):
Mar 30 03:36:46 f0421499: 23.293832210218907393 FIL (11G free)
Mar 30 03:36:46 Escrow: 0.999645757255 FIL
Mar 30 03:36:46 Locked: 0.33249517244 FIL
Mar 30 03:36:47 Datacap: 3160693276672
Mar 30 03:36:47 ....
Mar 30 03:36:48 Count: 3 of 4
Mar 30 03:36:48 f0145874 (1 / 1 tries):
Mar 30 03:36:48 f0421499: 23.293832210218907393 FIL (11G free)
Mar 30 03:36:48 Escrow: 0.999645757255 FIL
Mar 30 03:36:48 Locked: 0.33249517244 FIL
Mar 30 03:36:48 Datacap: 3160693276672
Mar 30 03:36:49 ....
Mar 30 03:36:50 Count: 3 of 4
Mar 30 03:36:50 f019100 (1 / 1 tries):
Mar 30 03:36:50 Skipping f019100: error-ask
Mar 30 03:36:50 
Mar 30 03:36:51 Count: 3 of 4
Mar 30 03:36:51 f019041 (1 / 1 tries):
Mar 30 03:36:51 f0421499: 23.293832210218907393 FIL (11G free)
Mar 30 03:36:51 Escrow: 0.999645757255 FIL
Mar 30 03:36:51 Locked: 0.33249517244 FIL
Mar 30 03:36:51 Datacap: 3160693276672
Mar 30 03:36:51 ....
Mar 30 03:36:52 Count: 3 of 4
Mar 30 03:36:52 f062353 (1 / 1 tries):
Mar 30 03:36:53 f0421499: 23.293832210218907393 FIL (11G free)
Mar 30 03:36:53 Escrow: 0.999645757255 FIL
Mar 30 03:36:53 Locked: 0.33249517244 FIL
Mar 30 03:36:53 Datacap: 3160693276672
Mar 30 03:36:53 ....
Mar 30 03:36:54 Count: 3 of 4
Mar 30 03:36:54 f07998 (1 / 1 tries):
Mar 30 03:36:55 f0421499: 23.293832210218907393 FIL (11G free)
Mar 30 03:36:55 Escrow: 0.999645757255 FIL
Mar 30 03:36:55 Locked: 0.33249517244 FIL
Mar 30 03:36:55 Datacap: 3160693276672
Mar 30 03:36:55 ....
Mar 30 03:36:56 Count: 3 of 4
Mar 30 03:36:56 f08399 (1 / 1 tries):
Mar 30 03:36:56 f0421499: 23.293832210218907393 FIL (11G free)
Mar 30 03:36:56 Escrow: 0.999645757255 FIL
Mar 30 03:36:56 Locked: 0.33249517244 FIL
Mar 30 03:36:57 Datacap: 3160693276672
Mar 30 03:36:57 ....
Mar 30 03:36:58 Count: 3 of 4
Mar 30 03:36:58 f019551 (1 / 1 tries):
Mar 30 03:36:58 f0421499: 23.293832210218907393 FIL (11G free)
Mar 30 03:36:58 Escrow: 0.999645757255 FIL
Mar 30 03:36:58 Locked: 0.33249517244 FIL
Mar 30 03:36:58 Datacap: 3160693276672
Mar 30 03:36:58 ....
Mar 30 03:36:59 Count: 3 of 4
Mar 30 03:36:59 f0157535 (1 / 1 tries):
Mar 30 03:37:00 f0421499: 23.293832210218907393 FIL (11G free)
Mar 30 03:37:00 Escrow: 0.999645757255 FIL
Mar 30 03:37:00 Locked: 0.33249517244 FIL
Mar 30 03:37:00 Datacap: 3160693276672
Mar 30 03:37:00 ....
Mar 30 03:37:01 Count: 3 of 4
Mar 30 03:37:01 f01278 (1 / 1 tries):
Mar 30 03:37:02 f0421499: 23.293832210218907393 FIL (11G free)
Mar 30 03:37:02 Escrow: 0.999645757255 FIL
Mar 30 03:37:02 Locked: 0.33249517244 FIL
Mar 30 03:37:02 Datacap: 3160693276672
Mar 30 03:37:02 ....
Mar 30 03:37:03 Count: 3 of 4
Mar 30 03:37:03 f010617 (1 / 1 tries):
Mar 30 03:37:04 f0421499: 23.293832210218907393 FIL (11G free)
Mar 30 03:37:04 Escrow: 0.999645757255 FIL
Mar 30 03:37:04 Locked: 0.33249517244 FIL
Mar 30 03:37:04 Datacap: 3160693276672
Mar 30 03:37:04 ....
Mar 30 03:37:05 Count: 3 of 4
Mar 30 03:37:05 f010479 (1 / 1 tries):
Mar 30 03:37:05 f0421499: 23.293832210218907393 FIL (11G free)
Mar 30 03:37:05 Escrow: 0.999645757255 FIL
Mar 30 03:37:05 Locked: 0.33249517244 FIL
Mar 30 03:37:06 Datacap: 3160693276672
Mar 30 03:37:06 ....
Mar 30 03:37:07 Count: 3 of 4
Mar 30 03:37:07 f022163 (1 / 1 tries):
Mar 30 03:37:07 f0421499: 23.293832210218907393 FIL (11G free)
Mar 30 03:37:07 Escrow: 0.999645757255 FIL
Mar 30 03:37:07 Locked: 0.33249517244 FIL
Mar 30 03:37:07 Datacap: 3160693276672
Mar 30 03:37:07 ....
Mar 30 03:37:08 Count: 3 of 4
Mar 30 03:37:08 f01234 (1 / 1 tries):
Mar 30 03:37:09 f0421499: 23.293832210218907393 FIL (11G free)
Mar 30 03:37:09 Escrow: 0.999645757255 FIL
Mar 30 03:37:09 Locked: 0.33249517244 FIL
Mar 30 03:37:09 Datacap: 3160693276672
Mar 30 03:37:09 ....
Mar 30 03:37:10 Count: 3 of 4
Mar 30 03:37:10 f019104 (1 / 1 tries):
Mar 30 03:37:10 Skipping f019104: error-ask
Mar 30 03:37:10 
Mar 30 03:37:11 Count: 3 of 4
Mar 30 03:37:11 f014768 (1 / 1 tries):
Mar 30 03:37:12 f0421499: 23.293832210218907393 FIL (11G free)
Mar 30 03:37:12 Escrow: 0.999645757255 FIL
Mar 30 03:37:12 Locked: 0.33249517244 FIL
Mar 30 03:37:12 Datacap: 3160693276672
Mar 30 03:37:12 ....
Mar 30 03:37:13 Count: 3 of 4
Mar 30 03:37:13 f022352 (1 / 1 tries):
Mar 30 03:37:13 f0421499: 23.293832210218907393 FIL (11G free)
Mar 30 03:37:14 Escrow: 0.999645757255 FIL
Mar 30 03:37:14 Locked: 0.33249517244 FIL
Mar 30 03:37:14 Datacap: 3160693276672
Mar 30 03:37:14 ....
Mar 30 03:37:15 Count: 3 of 4
Mar 30 03:37:15 f023467 (1 / 1 tries):
Mar 30 03:37:15 f0421499: 23.293832210218907393 FIL (11G free)
Mar 30 03:37:15 Escrow: 0.999645757255 FIL
Mar 30 03:37:15 Locked: 0.33249517244 FIL
Mar 30 03:37:16 Datacap: 3160693276672
Mar 30 03:37:16 ....
Mar 30 03:37:17 Count: 3 of 4
Mar 30 03:37:17 f0127896 (1 / 1 tries):
Mar 30 03:37:17 Skipping f0127896: min-ask
Mar 30 03:37:17 
Mar 30 03:37:18 Count: 3 of 4
Mar 30 03:37:18 f099608 (1 / 1 tries):
Mar 30 03:37:18 f0421499: 23.293832210218907393 FIL (11G free)
Mar 30 03:37:18 Escrow: 0.999645757255 FIL
Mar 30 03:37:18 Locked: 0.33249517244 FIL
Mar 30 03:37:19 Datacap: 3160693276672
Mar 30 03:37:19 ....
Mar 30 03:37:20 Count: 3 of 4
Mar 30 03:37:20 f014409 (1 / 1 tries):
Mar 30 03:37:20 f0421499: 23.293832210218907393 FIL (11G free)
Mar 30 03:37:20 Escrow: 0.999645757255 FIL
Mar 30 03:37:20 Locked: 0.33249517244 FIL
Mar 30 03:37:21 Datacap: 3160693276672
Mar 30 03:37:21 ....
Mar 30 03:37:22 Count: 3 of 4
Mar 30 03:37:22 f023971 (1 / 1 tries):
Mar 30 03:37:22 f0421499: 23.293832210218907393 FIL (11G free)
Mar 30 03:37:22 Escrow: 0.999645757255 FIL
Mar 30 03:37:22 Locked: 0.33249517244 FIL
Mar 30 03:37:22 Datacap: 3160693276672
Mar 30 03:37:22 ....
Mar 30 03:37:23 Count: 3 of 4
Mar 30 03:37:23 f022142 (1 / 1 tries):
Mar 30 03:37:24 f0421499: 23.293832210218907393 FIL (11G free)
Mar 30 03:37:24 Escrow: 0.999645757255 FIL
Mar 30 03:37:24 Locked: 0.33249517244 FIL
Mar 30 03:37:24 Datacap: 3160693276672
Mar 30 03:37:24 ....
Mar 30 03:37:25 Count: 3 of 4
Mar 30 03:37:25 f0165400 (1 / 1 tries):
Mar 30 03:37:26 f0421499: 23.293832210218907393 FIL (11G free)
Mar 30 03:37:26 Escrow: 0.999645757255 FIL
Mar 30 03:37:26 Locked: 0.33249517244 FIL
Mar 30 03:37:26 Datacap: 3160693276672
Mar 30 03:37:26 ....
Mar 30 03:37:27 Count: 3 of 4
Mar 30 03:37:27 f09848 (1 / 1 tries):
Mar 30 03:37:27 f0421499: 23.293832210218907393 FIL (11G free)
Mar 30 03:37:27 Escrow: 0.999645757255 FIL
Mar 30 03:37:27 Locked: 0.33249517244 FIL
Mar 30 03:37:28 Datacap: 3160693276672
Mar 30 03:37:28 ....
Mar 30 03:37:29 Count: 3 of 4
Mar 30 03:37:29 f058369 (1 / 1 tries):
Mar 30 03:37:29 f0421499: 23.293832210218907393 FIL (11G free)
Mar 30 03:37:29 Escrow: 0.999645757255 FIL
Mar 30 03:37:29 Locked: 0.33249517244 FIL
Mar 30 03:37:29 Datacap: 3160693276672
Mar 30 03:37:29 ....
Mar 30 03:37:30 Count: 3 of 4
Mar 30 03:37:30 f01277 (1 / 1 tries):
Mar 30 03:37:31 Skipping f01277: min-ask
Mar 30 03:37:31 
Mar 30 03:37:32 Count: 3 of 4
Mar 30 03:37:32 f019362 (1 / 1 tries):
Mar 30 03:37:32 f0421499: 23.293832210218907393 FIL (11G free)
Mar 30 03:37:32 Escrow: 0.999645757255 FIL
Mar 30 03:37:32 Locked: 0.33249517244 FIL
Mar 30 03:37:33 Datacap: 3160693276672
Mar 30 03:37:33 ....
Mar 30 03:37:34 Count: 3 of 4
Mar 30 03:37:34 f021716 (1 / 1 tries):
Mar 30 03:37:34 f0421499: 23.293832210218907393 FIL (11G free)
Mar 30 03:37:34 Escrow: 0.999645757255 FIL
Mar 30 03:37:34 Locked: 0.33249517244 FIL
Mar 30 03:37:34 Datacap: 3160693276672
Mar 30 03:37:34 ....
Mar 30 03:37:35 Count: 3 of 4
Mar 30 03:37:35 f01240 (1 / 1 tries):
Mar 30 03:37:36 f0421499: 23.293832210218907393 FIL (11G free)
Mar 30 03:37:36 Escrow: 0.999645757255 FIL
Mar 30 03:37:36 Locked: 0.33249517244 FIL
Mar 30 03:37:36 Datacap: 3160693276672
Mar 30 03:37:36 ....
Mar 30 03:37:37 Count: 3 of 4
Mar 30 03:37:37 f071624 (1 / 1 tries):
Mar 30 03:37:38 f0421499: 23.293832210218907393 FIL (11G free)
Mar 30 03:37:38 Escrow: 0.999645757255 FIL
Mar 30 03:37:38 Locked: 0.33249517244 FIL
Mar 30 03:37:38 Datacap: 3160693276672
Mar 30 03:37:38 ....
Mar 30 03:37:39 Count: 3 of 4
Mar 30 03:37:39 f08403 (1 / 1 tries):
Mar 30 03:37:39 f0421499: 23.293832210218907393 FIL (11G free)
Mar 30 03:37:39 Escrow: 0.999645757255 FIL
Mar 30 03:37:39 Locked: 0.33249517244 FIL
Mar 30 03:37:40 Datacap: 3160693276672
Mar 30 03:37:40 ....
Mar 30 03:37:41 Count: 3 of 4
Mar 30 03:37:41 f01247 (1 / 1 tries):
Mar 30 03:37:41 f0421499: 23.293832210218907393 FIL (11G free)
Mar 30 03:37:41 Escrow: 0.999645757255 FIL
Mar 30 03:37:41 Locked: 0.33249517244 FIL
Mar 30 03:37:42 Datacap: 3160693276672
Mar 30 03:37:42 ....
Mar 30 03:37:43 Count: 3 of 4
Mar 30 03:37:43 f015927 (1 / 1 tries):
Mar 30 03:37:43 Skipping f015927: min-ask
Mar 30 03:37:43 
Mar 30 03:37:44 Count: 3 of 4
Mar 30 03:37:44 f02606 (1 / 1 tries):
Mar 30 03:37:44 f0421499: 23.293832210218907393 FIL (11G free)
Mar 30 03:37:44 Escrow: 0.999645757255 FIL
Mar 30 03:37:44 Locked: 0.33249517244 FIL
Mar 30 03:37:45 Datacap: 3160693276672
Mar 30 03:37:45 ....
