Mar 30 17:07:38 Count: 3 of 4
Mar 30 17:07:38 f023971 (1 / 1 tries):
Mar 30 17:07:39 f0421499: 23.293832210218907393 FIL (8.0G free)
Mar 30 17:07:39 Escrow: 0.999645757255 FIL
Mar 30 17:07:39 Locked: 0.33249517244 FIL
Mar 30 17:07:40 Datacap: 3160693276672
Mar 30 17:07:40 ....
Mar 30 17:07:41 Count: 3 of 4
Mar 30 17:07:41 f0157535 (1 / 1 tries):
Mar 30 17:07:42 f0421499: 23.293832210218907393 FIL (8.0G free)
Mar 30 17:07:42 Escrow: 0.999645757255 FIL
Mar 30 17:07:42 Locked: 0.33249517244 FIL
Mar 30 17:07:42 Datacap: 3160693276672
Mar 30 17:07:42 ....
Mar 30 17:07:43 Count: 3 of 4
Mar 30 17:07:43 f02576 (1 / 1 tries):
Mar 30 17:07:44 f0421499: 23.293832210218907393 FIL (8.0G free)
Mar 30 17:07:45 Escrow: 0.999645757255 FIL
Mar 30 17:07:45 Locked: 0.33249517244 FIL
Mar 30 17:07:45 Datacap: 3160693276672
Mar 30 17:07:45 ....
Mar 30 17:07:46 Count: 3 of 4
Mar 30 17:07:46 f0145874 (1 / 1 tries):
Mar 30 17:07:47 f0421499: 23.293832210218907393 FIL (8.0G free)
Mar 30 17:07:47 Escrow: 0.999645757255 FIL
Mar 30 17:07:47 Locked: 0.33249517244 FIL
Mar 30 17:07:47 Datacap: 3160693276672
Mar 30 17:07:48 ....
Mar 30 17:07:49 Count: 3 of 4
Mar 30 17:07:49 f08403 (1 / 1 tries):
Mar 30 17:07:49 f0421499: 23.293832210218907393 FIL (8.0G free)
Mar 30 17:07:49 Escrow: 0.999645757255 FIL
Mar 30 17:07:49 Locked: 0.33249517244 FIL
Mar 30 17:07:50 Datacap: 3160693276672
Mar 30 17:07:50 ....
Mar 30 17:07:51 Count: 3 of 4
Mar 30 17:07:51 f023467 (1 / 1 tries):
Mar 30 17:07:52 f0421499: 23.293832210218907393 FIL (8.0G free)
Mar 30 17:07:52 Escrow: 0.999645757255 FIL
Mar 30 17:07:52 Locked: 0.33249517244 FIL
Mar 30 17:07:52 Datacap: 3160693276672
Mar 30 17:07:52 ....
Mar 30 17:07:53 Count: 3 of 4
Mar 30 17:07:53 f01240 (1 / 1 tries):
Mar 30 17:07:54 f0421499: 23.293832210218907393 FIL (8.0G free)
Mar 30 17:07:54 Escrow: 0.999645757255 FIL
Mar 30 17:07:54 Locked: 0.33249517244 FIL
Mar 30 17:07:55 Datacap: 3160693276672
Mar 30 17:07:55 ....
Mar 30 17:07:56 Count: 3 of 4
Mar 30 17:07:56 f066596 (1 / 1 tries):
Mar 30 17:07:57 f0421499: 23.293832210218907393 FIL (8.0G free)
Mar 30 17:07:57 Escrow: 0.999645757255 FIL
Mar 30 17:07:57 Locked: 0.33249517244 FIL
Mar 30 17:07:57 Datacap: 3160693276672
Mar 30 17:07:58 ....
Mar 30 17:07:59 Count: 3 of 4
Mar 30 17:07:59 f01247 (1 / 1 tries):
Mar 30 17:07:59 f0421499: 23.293832210218907393 FIL (8.0G free)
Mar 30 17:07:59 Escrow: 0.999645757255 FIL
Mar 30 17:07:59 Locked: 0.33249517244 FIL
Mar 30 17:08:00 Datacap: 3160693276672
Mar 30 17:08:00 ....
Mar 30 17:08:01 Count: 3 of 4
Mar 30 17:08:01 f010617 (1 / 1 tries):
Mar 30 17:08:02 f0421499: 23.293832210218907393 FIL (8.0G free)
Mar 30 17:08:02 Escrow: 0.999645757255 FIL
Mar 30 17:08:02 Locked: 0.33249517244 FIL
Mar 30 17:08:02 Datacap: 3160693276672
Mar 30 17:08:02 ....
Mar 30 17:08:03 Count: 3 of 4
Mar 30 17:08:03 f019551 (1 / 1 tries):
Mar 30 17:08:04 f0421499: 23.293832210218907393 FIL (8.0G free)
Mar 30 17:08:04 Escrow: 0.999645757255 FIL
Mar 30 17:08:04 Locked: 0.33249517244 FIL
Mar 30 17:08:05 Datacap: 3160693276672
Mar 30 17:08:05 ....
Mar 30 17:08:06 Count: 3 of 4
Mar 30 17:08:06 f022142 (1 / 1 tries):
Mar 30 17:08:06 f0421499: 23.293832210218907393 FIL (8.0G free)
Mar 30 17:08:06 Escrow: 0.999645757255 FIL
Mar 30 17:08:06 Locked: 0.33249517244 FIL
Mar 30 17:08:07 Datacap: 3160693276672
Mar 30 17:08:07 ....
Mar 30 17:08:08 Count: 3 of 4
Mar 30 17:08:08 f019362 (1 / 1 tries):
Mar 30 17:08:09 f0421499: 23.293832210218907393 FIL (8.0G free)
Mar 30 17:08:09 Escrow: 0.999645757255 FIL
Mar 30 17:08:09 Locked: 0.33249517244 FIL
Mar 30 17:08:09 Datacap: 3160693276672
Mar 30 17:08:10 ....
Mar 30 17:08:11 Count: 3 of 4
Mar 30 17:08:11 f010479 (1 / 1 tries):
Mar 30 17:08:11 f0421499: 23.293832210218907393 FIL (8.0G free)
Mar 30 17:08:11 Escrow: 0.999645757255 FIL
Mar 30 17:08:11 Locked: 0.33249517244 FIL
Mar 30 17:08:12 Datacap: 3160693276672
Mar 30 17:08:12 ....
Mar 30 17:08:13 Count: 3 of 4
Mar 30 17:08:13 f0165400 (1 / 1 tries):
Mar 30 17:08:14 f0421499: 23.293832210218907393 FIL (8.0G free)
Mar 30 17:08:14 Escrow: 0.999645757255 FIL
Mar 30 17:08:14 Locked: 0.33249517244 FIL
Mar 30 17:08:14 Datacap: 3160693276672
Mar 30 17:08:14 ....
Mar 30 17:08:16 Count: 3 of 4
Mar 30 17:08:16 f019041 (1 / 1 tries):
Mar 30 17:08:16 f0421499: 23.293832210218907393 FIL (8.0G free)
Mar 30 17:08:16 Escrow: 0.999645757255 FIL
Mar 30 17:08:16 Locked: 0.33249517244 FIL
Mar 30 17:08:17 Datacap: 3160693276672
Mar 30 17:08:17 ....
Mar 30 17:08:18 Count: 3 of 4
Mar 30 17:08:18 f062353 (1 / 1 tries):
Mar 30 17:08:19 f0421499: 23.293832210218907393 FIL (8.0G free)
Mar 30 17:08:19 Escrow: 0.999645757255 FIL
Mar 30 17:08:19 Locked: 0.33249517244 FIL
Mar 30 17:08:19 Datacap: 3160693276672
Mar 30 17:08:20 ....
Mar 30 17:08:21 Count: 3 of 4
Mar 30 17:08:21 f021716 (1 / 1 tries):
Mar 30 17:08:21 f0421499: 23.293832210218907393 FIL (8.0G free)
Mar 30 17:08:21 Escrow: 0.999645757255 FIL
Mar 30 17:08:21 Locked: 0.33249517244 FIL
Mar 30 17:08:22 Datacap: 3160693276672
Mar 30 17:08:22 ....
Mar 30 17:08:23 Count: 3 of 4
Mar 30 17:08:23 f019104 (1 / 1 tries):
Mar 30 17:08:23 Skipping f019104: error-ask
Mar 30 17:08:23 
Mar 30 17:08:24 Count: 3 of 4
Mar 30 17:08:24 f015927 (1 / 1 tries):
Mar 30 17:08:25 Skipping f015927: min-ask
Mar 30 17:08:25 
Mar 30 17:08:26 Count: 3 of 4
Mar 30 17:08:26 f071624 (1 / 1 tries):
Mar 30 17:08:26 f0421499: 23.293832210218907393 FIL (8.0G free)
Mar 30 17:08:26 Escrow: 0.999645757255 FIL
Mar 30 17:08:26 Locked: 0.33249517244 FIL
Mar 30 17:08:26 Datacap: 3160693276672
Mar 30 17:08:26 ....
Mar 30 17:08:27 Count: 3 of 4
Mar 30 17:08:27 f08399 (1 / 1 tries):
Mar 30 17:08:28 f0421499: 23.293832210218907393 FIL (8.0G free)
Mar 30 17:08:28 Escrow: 0.999645757255 FIL
Mar 30 17:08:28 Locked: 0.33249517244 FIL
Mar 30 17:08:29 Datacap: 3160693276672
Mar 30 17:08:29 ....
Mar 30 17:08:30 Count: 3 of 4
Mar 30 17:08:30 f014768 (1 / 1 tries):
Mar 30 17:08:31 f0421499: 23.293832210218907393 FIL (8.0G free)
Mar 30 17:08:31 Escrow: 0.999645757255 FIL
Mar 30 17:08:31 Locked: 0.33249517244 FIL
Mar 30 17:08:31 Datacap: 3160693276672
Mar 30 17:08:31 ....
Mar 30 17:08:32 Count: 3 of 4
Mar 30 17:08:32 f019100 (1 / 1 tries):
Mar 30 17:08:32 Skipping f019100: error-ask
Mar 30 17:08:32 
Mar 30 17:08:33 Count: 3 of 4
Mar 30 17:08:33 f02606 (1 / 1 tries):
Mar 30 17:08:34 f0421499: 23.293832210218907393 FIL (8.0G free)
Mar 30 17:08:35 Escrow: 0.999645757255 FIL
Mar 30 17:08:35 Locked: 0.33249517244 FIL
Mar 30 17:08:35 Datacap: 3160693276672
Mar 30 17:08:35 ....
Mar 30 17:08:36 Count: 3 of 4
Mar 30 17:08:36 f014409 (1 / 1 tries):
Mar 30 17:08:36 f0421499: 23.293832210218907393 FIL (8.0G free)
Mar 30 17:08:36 Escrow: 0.999645757255 FIL
Mar 30 17:08:36 Locked: 0.33249517244 FIL
Mar 30 17:08:37 Datacap: 3160693276672
Mar 30 17:08:37 ....
Mar 30 17:08:38 Count: 3 of 4
Mar 30 17:08:38 f022352 (1 / 1 tries):
Mar 30 17:08:38 f0421499: 23.293832210218907393 FIL (8.0G free)
Mar 30 17:08:39 Escrow: 0.999645757255 FIL
Mar 30 17:08:39 Locked: 0.33249517244 FIL
Mar 30 17:08:39 Datacap: 3160693276672
Mar 30 17:08:39 ....
Mar 30 17:08:40 Count: 3 of 4
Mar 30 17:08:40 f022163 (1 / 1 tries):
Mar 30 17:08:41 f0421499: 23.293832210218907393 FIL (8.0G free)
Mar 30 17:08:41 Escrow: 0.999645757255 FIL
Mar 30 17:08:41 Locked: 0.33249517244 FIL
Mar 30 17:08:41 Datacap: 3160693276672
Mar 30 17:08:41 ....
Mar 30 17:08:42 Count: 3 of 4
Mar 30 17:08:42 f0127896 (1 / 1 tries):
Mar 30 17:08:43 Skipping f0127896: min-ask
Mar 30 17:08:43 
Mar 30 17:08:44 Count: 3 of 4
Mar 30 17:08:44 f058369 (1 / 1 tries):
Mar 30 17:08:44 f0421499: 23.293832210218907393 FIL (8.0G free)
Mar 30 17:08:45 Escrow: 0.999645757255 FIL
Mar 30 17:08:45 Locked: 0.33249517244 FIL
Mar 30 17:08:45 Datacap: 3160693276672
Mar 30 17:08:45 ....
Mar 30 17:08:46 Count: 3 of 4
Mar 30 17:08:46 f07998 (1 / 1 tries):
Mar 30 17:08:47 f0421499: 23.293832210218907393 FIL (8.0G free)
Mar 30 17:08:47 Escrow: 0.999645757255 FIL
Mar 30 17:08:47 Locked: 0.33249517244 FIL
Mar 30 17:08:48 Datacap: 3160693276672
Mar 30 17:08:48 ....
Mar 30 17:08:49 Count: 3 of 4
Mar 30 17:08:49 f01278 (1 / 1 tries):
Mar 30 17:08:49 f0421499: 23.293832210218907393 FIL (8.0G free)
Mar 30 17:08:49 Escrow: 0.999645757255 FIL
Mar 30 17:08:49 Locked: 0.33249517244 FIL
Mar 30 17:08:50 Datacap: 3160693276672
Mar 30 17:08:50 ....
Mar 30 17:08:51 Count: 3 of 4
Mar 30 17:08:51 f01234 (1 / 1 tries):
Mar 30 17:08:52 f0421499: 23.293832210218907393 FIL (8.0G free)
Mar 30 17:08:52 Escrow: 0.999645757255 FIL
Mar 30 17:08:52 Locked: 0.33249517244 FIL
Mar 30 17:08:52 Datacap: 3160693276672
Mar 30 17:08:52 ....
Mar 30 17:08:53 Count: 3 of 4
Mar 30 17:08:53 f01277 (1 / 1 tries):
Mar 30 17:08:54 Skipping f01277: min-ask
Mar 30 17:08:54 
Mar 30 17:08:55 Count: 3 of 4
Mar 30 17:08:55 f09848 (1 / 1 tries):
Mar 30 17:08:56 f0421499: 23.293832210218907393 FIL (8.0G free)
Mar 30 17:08:56 Escrow: 0.999645757255 FIL
Mar 30 17:08:56 Locked: 0.33249517244 FIL
Mar 30 17:08:56 Datacap: 3160693276672
Mar 30 17:08:57 ....
Mar 30 17:08:58 Count: 3 of 4
Mar 30 17:08:58 f099608 (1 / 1 tries):
Mar 30 17:08:58 f0421499: 23.293832210218907393 FIL (8.0G free)
Mar 30 17:08:59 Escrow: 0.999645757255 FIL
Mar 30 17:08:59 Locked: 0.33249517244 FIL
Mar 30 17:08:59 Datacap: 3160693276672
Mar 30 17:08:59 ....
