Mar 30 08:05:14 Count: 3 of 4
Mar 30 08:05:14 f01234 (1 / 1 tries):
Mar 30 08:05:15 f0421499: 23.293832210218907393 FIL (9.6G free)
Mar 30 08:05:16 Escrow: 0.999645757255 FIL
Mar 30 08:05:16 Locked: 0.33249517244 FIL
Mar 30 08:05:16 Datacap: 3160693276672
Mar 30 08:05:16 ....
Mar 30 08:05:17 Count: 3 of 4
Mar 30 08:05:17 f0127896 (1 / 1 tries):
Mar 30 08:05:17 Skipping f0127896: min-ask
Mar 30 08:05:17 
Mar 30 08:05:18 Count: 3 of 4
Mar 30 08:05:18 f02576 (1 / 1 tries):
Mar 30 08:05:19 f0421499: 23.293832210218907393 FIL (9.6G free)
Mar 30 08:05:19 Escrow: 0.999645757255 FIL
Mar 30 08:05:19 Locked: 0.33249517244 FIL
Mar 30 08:05:20 Datacap: 3160693276672
Mar 30 08:05:20 ....
Mar 30 08:05:21 Count: 3 of 4
Mar 30 08:05:21 f099608 (1 / 1 tries):
Mar 30 08:05:22 f0421499: 23.293832210218907393 FIL (9.6G free)
Mar 30 08:05:22 Escrow: 0.999645757255 FIL
Mar 30 08:05:22 Locked: 0.33249517244 FIL
Mar 30 08:05:22 Datacap: 3160693276672
Mar 30 08:05:22 ....
Mar 30 08:05:23 Count: 3 of 4
Mar 30 08:05:23 f0157535 (1 / 1 tries):
Mar 30 08:05:24 f0421499: 23.293832210218907393 FIL (9.6G free)
Mar 30 08:05:24 Escrow: 0.999645757255 FIL
Mar 30 08:05:24 Locked: 0.33249517244 FIL
Mar 30 08:05:24 Datacap: 3160693276672
Mar 30 08:05:24 ....
Mar 30 08:05:25 Count: 3 of 4
Mar 30 08:05:25 f071624 (1 / 1 tries):
Mar 30 08:05:26 f0421499: 23.293832210218907393 FIL (9.6G free)
Mar 30 08:05:26 Escrow: 0.999645757255 FIL
Mar 30 08:05:26 Locked: 0.33249517244 FIL
Mar 30 08:05:27 Datacap: 3160693276672
Mar 30 08:05:27 ....
Mar 30 08:05:28 Count: 3 of 4
Mar 30 08:05:28 f08403 (1 / 1 tries):
Mar 30 08:05:29 f0421499: 23.293832210218907393 FIL (9.6G free)
Mar 30 08:05:29 Escrow: 0.999645757255 FIL
Mar 30 08:05:29 Locked: 0.33249517244 FIL
Mar 30 08:05:29 Datacap: 3160693276672
Mar 30 08:05:29 ....
Mar 30 08:05:30 Count: 3 of 4
Mar 30 08:05:30 f010479 (1 / 1 tries):
Mar 30 08:05:31 f0421499: 23.293832210218907393 FIL (9.6G free)
Mar 30 08:05:32 Escrow: 0.999645757255 FIL
Mar 30 08:05:32 Locked: 0.33249517244 FIL
Mar 30 08:05:32 Datacap: 3160693276672
Mar 30 08:05:32 ....
Mar 30 08:05:33 Count: 3 of 4
Mar 30 08:05:33 f023467 (1 / 1 tries):
Mar 30 08:05:34 f0421499: 23.293832210218907393 FIL (9.6G free)
Mar 30 08:05:34 Escrow: 0.999645757255 FIL
Mar 30 08:05:34 Locked: 0.33249517244 FIL
Mar 30 08:05:35 Datacap: 3160693276672
Mar 30 08:05:35 ....
Mar 30 08:05:36 Count: 3 of 4
Mar 30 08:05:36 f010617 (1 / 1 tries):
Mar 30 08:05:36 f0421499: 23.293832210218907393 FIL (9.6G free)
Mar 30 08:05:36 Escrow: 0.999645757255 FIL
Mar 30 08:05:36 Locked: 0.33249517244 FIL
Mar 30 08:05:37 Datacap: 3160693276672
Mar 30 08:05:37 ....
Mar 30 08:05:38 Count: 3 of 4
Mar 30 08:05:38 f02606 (1 / 1 tries):
Mar 30 08:05:39 f0421499: 23.293832210218907393 FIL (9.6G free)
Mar 30 08:05:39 Escrow: 0.999645757255 FIL
Mar 30 08:05:39 Locked: 0.33249517244 FIL
Mar 30 08:05:40 Datacap: 3160693276672
Mar 30 08:05:40 ....
Mar 30 08:05:41 Count: 3 of 4
Mar 30 08:05:41 f019041 (1 / 1 tries):
Mar 30 08:05:42 f0421499: 23.293832210218907393 FIL (9.6G free)
Mar 30 08:05:42 Escrow: 0.999645757255 FIL
Mar 30 08:05:42 Locked: 0.33249517244 FIL
Mar 30 08:05:42 Datacap: 3160693276672
Mar 30 08:05:43 ....
Mar 30 08:05:44 Count: 3 of 4
Mar 30 08:05:44 f014409 (1 / 1 tries):
Mar 30 08:05:44 f0421499: 23.293832210218907393 FIL (9.6G free)
Mar 30 08:05:44 Escrow: 0.999645757255 FIL
Mar 30 08:05:44 Locked: 0.33249517244 FIL
Mar 30 08:05:45 Datacap: 3160693276672
Mar 30 08:05:45 ....
Mar 30 08:05:46 Count: 3 of 4
Mar 30 08:05:46 f01278 (1 / 1 tries):
Mar 30 08:05:47 f0421499: 23.293832210218907393 FIL (9.6G free)
Mar 30 08:05:47 Escrow: 0.999645757255 FIL
Mar 30 08:05:47 Locked: 0.33249517244 FIL
Mar 30 08:05:48 Datacap: 3160693276672
Mar 30 08:05:48 ....
Mar 30 08:05:49 Count: 3 of 4
Mar 30 08:05:49 f023971 (1 / 1 tries):
Mar 30 08:05:50 f0421499: 23.293832210218907393 FIL (9.6G free)
Mar 30 08:05:50 Escrow: 0.999645757255 FIL
Mar 30 08:05:50 Locked: 0.33249517244 FIL
Mar 30 08:05:51 Datacap: 3160693276672
Mar 30 08:05:51 ....
Mar 30 08:05:52 Count: 3 of 4
Mar 30 08:05:52 f01247 (1 / 1 tries):
Mar 30 08:05:53 f0421499: 23.293832210218907393 FIL (9.6G free)
Mar 30 08:05:53 Escrow: 0.999645757255 FIL
Mar 30 08:05:53 Locked: 0.33249517244 FIL
Mar 30 08:05:53 Datacap: 3160693276672
Mar 30 08:05:54 ....
Mar 30 08:05:55 Count: 3 of 4
Mar 30 08:05:55 f08399 (1 / 1 tries):
Mar 30 08:05:55 f0421499: 23.293832210218907393 FIL (9.6G free)
Mar 30 08:05:56 Escrow: 0.999645757255 FIL
Mar 30 08:05:56 Locked: 0.33249517244 FIL
Mar 30 08:05:56 Datacap: 3160693276672
Mar 30 08:05:56 ....
Mar 30 08:05:57 Count: 3 of 4
Mar 30 08:05:57 f022352 (1 / 1 tries):
Mar 30 08:05:58 f0421499: 23.293832210218907393 FIL (9.6G free)
Mar 30 08:05:58 Escrow: 0.999645757255 FIL
Mar 30 08:05:58 Locked: 0.33249517244 FIL
Mar 30 08:05:59 Datacap: 3160693276672
Mar 30 08:05:59 ....
Mar 30 08:06:00 Count: 3 of 4
Mar 30 08:06:00 f01277 (1 / 1 tries):
Mar 30 08:06:00 Skipping f01277: min-ask
Mar 30 08:06:00 
Mar 30 08:06:01 Count: 3 of 4
Mar 30 08:06:01 f062353 (1 / 1 tries):
Mar 30 08:06:02 f0421499: 23.293832210218907393 FIL (9.6G free)
Mar 30 08:06:02 Escrow: 0.999645757255 FIL
Mar 30 08:06:02 Locked: 0.33249517244 FIL
Mar 30 08:06:02 Datacap: 3160693276672
Mar 30 08:06:03 ....
Mar 30 08:06:04 Count: 3 of 4
Mar 30 08:06:04 f019104 (1 / 1 tries):
Mar 30 08:06:04 Skipping f019104: error-ask
Mar 30 08:06:04 
Mar 30 08:06:05 Count: 3 of 4
Mar 30 08:06:05 f015927 (1 / 1 tries):
Mar 30 08:06:05 Skipping f015927: min-ask
Mar 30 08:06:05 
Mar 30 08:06:06 Count: 3 of 4
Mar 30 08:06:06 f022163 (1 / 1 tries):
Mar 30 08:06:07 f0421499: 23.293832210218907393 FIL (9.6G free)
Mar 30 08:06:07 Escrow: 0.999645757255 FIL
Mar 30 08:06:07 Locked: 0.33249517244 FIL
Mar 30 08:06:08 Datacap: 3160693276672
Mar 30 08:06:08 ....
Mar 30 08:06:09 Count: 3 of 4
Mar 30 08:06:09 f07998 (1 / 1 tries):
Mar 30 08:06:10 f0421499: 23.293832210218907393 FIL (9.6G free)
Mar 30 08:06:10 Escrow: 0.999645757255 FIL
Mar 30 08:06:10 Locked: 0.33249517244 FIL
Mar 30 08:06:10 Datacap: 3160693276672
Mar 30 08:06:11 ....
Mar 30 08:06:12 Count: 3 of 4
Mar 30 08:06:12 f019362 (1 / 1 tries):
Mar 30 08:06:12 f0421499: 23.293832210218907393 FIL (9.6G free)
Mar 30 08:06:12 Escrow: 0.999645757255 FIL
Mar 30 08:06:12 Locked: 0.33249517244 FIL
Mar 30 08:06:13 Datacap: 3160693276672
Mar 30 08:06:13 ....
Mar 30 08:06:14 Count: 3 of 4
Mar 30 08:06:14 f066596 (1 / 1 tries):
Mar 30 08:06:15 f0421499: 23.293832210218907393 FIL (9.6G free)
Mar 30 08:06:15 Escrow: 0.999645757255 FIL
Mar 30 08:06:15 Locked: 0.33249517244 FIL
Mar 30 08:06:15 Datacap: 3160693276672
Mar 30 08:06:15 ....
Mar 30 08:06:16 Count: 3 of 4
Mar 30 08:06:16 f019100 (1 / 1 tries):
Mar 30 08:06:17 Skipping f019100: error-ask
Mar 30 08:06:17 
Mar 30 08:06:18 Count: 3 of 4
Mar 30 08:06:18 f058369 (1 / 1 tries):
Mar 30 08:06:18 f0421499: 23.293832210218907393 FIL (9.6G free)
Mar 30 08:06:19 Escrow: 0.999645757255 FIL
Mar 30 08:06:19 Locked: 0.33249517244 FIL
Mar 30 08:06:19 Datacap: 3160693276672
Mar 30 08:06:20 ....
Mar 30 08:06:21 Count: 3 of 4
Mar 30 08:06:21 f021716 (1 / 1 tries):
Mar 30 08:06:21 f0421499: 23.293832210218907393 FIL (9.6G free)
Mar 30 08:06:22 Escrow: 0.999645757255 FIL
Mar 30 08:06:22 Locked: 0.33249517244 FIL
Mar 30 08:06:22 Datacap: 3160693276672
Mar 30 08:06:22 ....
Mar 30 08:06:23 Count: 3 of 4
Mar 30 08:06:23 f09848 (1 / 1 tries):
Mar 30 08:06:24 f0421499: 23.293832210218907393 FIL (9.6G free)
Mar 30 08:06:24 Escrow: 0.999645757255 FIL
Mar 30 08:06:24 Locked: 0.33249517244 FIL
Mar 30 08:06:25 Datacap: 3160693276672
Mar 30 08:06:25 ....
Mar 30 08:06:26 Count: 3 of 4
Mar 30 08:06:26 f01240 (1 / 1 tries):
Mar 30 08:06:27 f0421499: 23.293832210218907393 FIL (9.6G free)
Mar 30 08:06:27 Escrow: 0.999645757255 FIL
Mar 30 08:06:27 Locked: 0.33249517244 FIL
Mar 30 08:06:28 Datacap: 3160693276672
Mar 30 08:06:28 ....
Mar 30 08:06:29 Count: 3 of 4
Mar 30 08:06:29 f014768 (1 / 1 tries):
Mar 30 08:06:30 f0421499: 23.293832210218907393 FIL (9.6G free)
Mar 30 08:06:30 Escrow: 0.999645757255 FIL
Mar 30 08:06:30 Locked: 0.33249517244 FIL
Mar 30 08:06:30 Datacap: 3160693276672
Mar 30 08:06:30 ....
Mar 30 08:06:31 Count: 3 of 4
Mar 30 08:06:31 f019551 (1 / 1 tries):
Mar 30 08:06:32 f0421499: 23.293832210218907393 FIL (9.6G free)
Mar 30 08:06:32 Escrow: 0.999645757255 FIL
Mar 30 08:06:32 Locked: 0.33249517244 FIL
Mar 30 08:06:33 Datacap: 3160693276672
Mar 30 08:06:33 ....
Mar 30 08:06:34 Count: 3 of 4
Mar 30 08:06:34 f0145874 (1 / 1 tries):
Mar 30 08:06:35 f0421499: 23.293832210218907393 FIL (9.6G free)
Mar 30 08:06:35 Escrow: 0.999645757255 FIL
Mar 30 08:06:35 Locked: 0.33249517244 FIL
Mar 30 08:06:35 Datacap: 3160693276672
Mar 30 08:06:35 ....
Mar 30 08:06:37 Count: 3 of 4
Mar 30 08:06:37 f0165400 (1 / 1 tries):
Mar 30 08:06:38 f0421499: 23.293832210218907393 FIL (9.6G free)
Mar 30 08:06:38 Escrow: 0.999645757255 FIL
Mar 30 08:06:38 Locked: 0.33249517244 FIL
Mar 30 08:06:38 Datacap: 3160693276672
Mar 30 08:06:39 ....
Mar 30 08:06:40 Count: 3 of 4
Mar 30 08:06:40 f022142 (1 / 1 tries):
Mar 30 08:06:41 f0421499: 23.293832210218907393 FIL (9.6G free)
Mar 30 08:06:41 Escrow: 0.999645757255 FIL
Mar 30 08:06:41 Locked: 0.33249517244 FIL
Mar 30 08:06:41 Datacap: 3160693276672
Mar 30 08:06:41 ....
