Mar 30 03:39:08 Count: 3 of 4
Mar 30 03:39:08 f0127896 (1 / 1 tries):
Mar 30 03:39:08 Skipping f0127896: min-ask
Mar 30 03:39:08 
Mar 30 03:39:09 Count: 3 of 4
Mar 30 03:39:09 f023971 (1 / 1 tries):
Mar 30 03:39:10 f0421499: 23.293832210218907393 FIL (11G free)
Mar 30 03:39:10 Escrow: 0.999645757255 FIL
Mar 30 03:39:10 Locked: 0.33249517244 FIL
Mar 30 03:39:10 Datacap: 3160693276672
Mar 30 03:39:10 ....
Mar 30 03:39:11 Count: 3 of 4
Mar 30 03:39:11 f019551 (1 / 1 tries):
Mar 30 03:39:11 f0421499: 23.293832210218907393 FIL (11G free)
Mar 30 03:39:12 Escrow: 0.999645757255 FIL
Mar 30 03:39:12 Locked: 0.33249517244 FIL
Mar 30 03:39:12 Datacap: 3160693276672
Mar 30 03:39:12 ....
Mar 30 03:39:13 Count: 3 of 4
Mar 30 03:39:13 f022352 (1 / 1 tries):
Mar 30 03:39:13 f0421499: 23.293832210218907393 FIL (11G free)
Mar 30 03:39:14 Escrow: 0.999645757255 FIL
Mar 30 03:39:14 Locked: 0.33249517244 FIL
Mar 30 03:39:14 Datacap: 3160693276672
Mar 30 03:39:14 ....
Mar 30 03:39:15 Count: 3 of 4
Mar 30 03:39:15 f019100 (1 / 1 tries):
Mar 30 03:39:15 Skipping f019100: error-ask
Mar 30 03:39:15 
Mar 30 03:39:16 Count: 3 of 4
Mar 30 03:39:16 f023467 (1 / 1 tries):
Mar 30 03:39:17 f0421499: 23.293832210218907393 FIL (11G free)
Mar 30 03:39:17 Escrow: 0.999645757255 FIL
Mar 30 03:39:17 Locked: 0.33249517244 FIL
Mar 30 03:39:17 Datacap: 3160693276672
Mar 30 03:39:17 ....
Mar 30 03:39:18 Count: 3 of 4
Mar 30 03:39:18 f021716 (1 / 1 tries):
Mar 30 03:39:18 f0421499: 23.293832210218907393 FIL (11G free)
Mar 30 03:39:18 Escrow: 0.999645757255 FIL
Mar 30 03:39:18 Locked: 0.33249517244 FIL
Mar 30 03:39:19 Datacap: 3160693276672
Mar 30 03:39:19 ....
Mar 30 03:39:20 Count: 3 of 4
Mar 30 03:39:20 f022142 (1 / 1 tries):
Mar 30 03:39:20 f0421499: 23.293832210218907393 FIL (11G free)
Mar 30 03:39:20 Escrow: 0.999645757255 FIL
Mar 30 03:39:20 Locked: 0.33249517244 FIL
Mar 30 03:39:20 Datacap: 3160693276672
Mar 30 03:39:20 ....
Mar 30 03:39:21 Count: 3 of 4
Mar 30 03:39:21 f01247 (1 / 1 tries):
Mar 30 03:39:22 f0421499: 23.293832210218907393 FIL (11G free)
Mar 30 03:39:22 Escrow: 0.999645757255 FIL
Mar 30 03:39:22 Locked: 0.33249517244 FIL
Mar 30 03:39:22 Datacap: 3160693276672
Mar 30 03:39:22 ....
Mar 30 03:39:23 Count: 3 of 4
Mar 30 03:39:23 f02576 (1 / 1 tries):
Mar 30 03:39:24 f0421499: 23.293832210218907393 FIL (11G free)
Mar 30 03:39:24 Escrow: 0.999645757255 FIL
Mar 30 03:39:24 Locked: 0.33249517244 FIL
Mar 30 03:39:24 Datacap: 3160693276672
Mar 30 03:39:24 ....
Mar 30 03:39:25 Count: 3 of 4
Mar 30 03:39:25 f01278 (1 / 1 tries):
Mar 30 03:39:25 f0421499: 23.293832210218907393 FIL (11G free)
Mar 30 03:39:26 Escrow: 0.999645757255 FIL
Mar 30 03:39:26 Locked: 0.33249517244 FIL
Mar 30 03:39:26 Datacap: 3160693276672
Mar 30 03:39:26 ....
Mar 30 03:39:27 Count: 3 of 4
Mar 30 03:39:27 f0165400 (1 / 1 tries):
Mar 30 03:39:28 f0421499: 23.293832210218907393 FIL (11G free)
Mar 30 03:39:28 Escrow: 0.999645757255 FIL
Mar 30 03:39:28 Locked: 0.33249517244 FIL
Mar 30 03:39:28 Datacap: 3160693276672
Mar 30 03:39:28 ....
Mar 30 03:39:29 Count: 3 of 4
Mar 30 03:39:29 f01234 (1 / 1 tries):
Mar 30 03:39:29 f0421499: 23.293832210218907393 FIL (11G free)
Mar 30 03:39:29 Escrow: 0.999645757255 FIL
Mar 30 03:39:29 Locked: 0.33249517244 FIL
Mar 30 03:39:30 Datacap: 3160693276672
Mar 30 03:39:30 ....
Mar 30 03:39:31 Count: 3 of 4
Mar 30 03:39:31 f01277 (1 / 1 tries):
Mar 30 03:39:31 Skipping f01277: min-ask
Mar 30 03:39:31 
Mar 30 03:39:32 Count: 3 of 4
Mar 30 03:39:32 f019041 (1 / 1 tries):
Mar 30 03:39:32 f0421499: 23.293832210218907393 FIL (11G free)
Mar 30 03:39:32 Escrow: 0.999645757255 FIL
Mar 30 03:39:32 Locked: 0.33249517244 FIL
Mar 30 03:39:33 Datacap: 3160693276672
Mar 30 03:39:33 ....
Mar 30 03:39:34 Count: 3 of 4
Mar 30 03:39:34 f022163 (1 / 1 tries):
Mar 30 03:39:34 f0421499: 23.293832210218907393 FIL (11G free)
Mar 30 03:39:34 Escrow: 0.999645757255 FIL
Mar 30 03:39:34 Locked: 0.33249517244 FIL
Mar 30 03:39:34 Datacap: 3160693276672
Mar 30 03:39:34 ....
Mar 30 03:39:35 Count: 3 of 4
Mar 30 03:39:35 f071624 (1 / 1 tries):
Mar 30 03:39:36 f0421499: 23.293832210218907393 FIL (11G free)
Mar 30 03:39:36 Escrow: 0.999645757255 FIL
Mar 30 03:39:36 Locked: 0.33249517244 FIL
Mar 30 03:39:36 Datacap: 3160693276672
Mar 30 03:39:36 ....
Mar 30 03:39:37 Count: 3 of 4
Mar 30 03:39:37 f015927 (1 / 1 tries):
Mar 30 03:39:37 Skipping f015927: min-ask
Mar 30 03:39:37 
Mar 30 03:39:38 Count: 3 of 4
Mar 30 03:39:38 f01240 (1 / 1 tries):
Mar 30 03:39:39 f0421499: 23.293832210218907393 FIL (11G free)
Mar 30 03:39:39 Escrow: 0.999645757255 FIL
Mar 30 03:39:39 Locked: 0.33249517244 FIL
Mar 30 03:39:39 Datacap: 3160693276672
Mar 30 03:39:39 ....
Mar 30 03:39:40 Count: 3 of 4
Mar 30 03:39:40 f08403 (1 / 1 tries):
Mar 30 03:39:41 f0421499: 23.293832210218907393 FIL (11G free)
Mar 30 03:39:41 Escrow: 0.999645757255 FIL
Mar 30 03:39:41 Locked: 0.33249517244 FIL
Mar 30 03:39:41 Datacap: 3160693276672
Mar 30 03:39:41 ....
Mar 30 03:39:42 Count: 3 of 4
Mar 30 03:39:42 f0145874 (1 / 1 tries):
Mar 30 03:39:42 f0421499: 23.293832210218907393 FIL (11G free)
Mar 30 03:39:43 Escrow: 0.999645757255 FIL
Mar 30 03:39:43 Locked: 0.33249517244 FIL
Mar 30 03:39:43 Datacap: 3160693276672
Mar 30 03:39:43 ....
Mar 30 03:39:44 Count: 3 of 4
Mar 30 03:39:44 f014768 (1 / 1 tries):
Mar 30 03:39:44 f0421499: 23.293832210218907393 FIL (11G free)
Mar 30 03:39:44 Escrow: 0.999645757255 FIL
Mar 30 03:39:44 Locked: 0.33249517244 FIL
Mar 30 03:39:45 Datacap: 3160693276672
Mar 30 03:39:45 ....
Mar 30 03:39:46 Count: 3 of 4
Mar 30 03:39:46 f07998 (1 / 1 tries):
Mar 30 03:39:46 f0421499: 23.293832210218907393 FIL (11G free)
Mar 30 03:39:46 Escrow: 0.999645757255 FIL
Mar 30 03:39:46 Locked: 0.33249517244 FIL
Mar 30 03:39:46 Datacap: 3160693276672
Mar 30 03:39:46 ....
Mar 30 03:39:47 Count: 3 of 4
Mar 30 03:39:47 f014409 (1 / 1 tries):
Mar 30 03:39:48 f0421499: 23.293832210218907393 FIL (11G free)
Mar 30 03:39:48 Escrow: 0.999645757255 FIL
Mar 30 03:39:48 Locked: 0.33249517244 FIL
Mar 30 03:39:48 Datacap: 3160693276672
Mar 30 03:39:48 ....
Mar 30 03:39:49 Count: 3 of 4
Mar 30 03:39:49 f019104 (1 / 1 tries):
Mar 30 03:39:49 Skipping f019104: error-ask
Mar 30 03:39:49 
Mar 30 03:39:50 Count: 3 of 4
Mar 30 03:39:50 f08399 (1 / 1 tries):
Mar 30 03:39:51 f0421499: 23.293832210218907393 FIL (11G free)
Mar 30 03:39:51 Escrow: 0.999645757255 FIL
Mar 30 03:39:51 Locked: 0.33249517244 FIL
Mar 30 03:39:51 Datacap: 3160693276672
Mar 30 03:39:51 ....
Mar 30 03:39:52 Count: 3 of 4
Mar 30 03:39:52 f09848 (1 / 1 tries):
Mar 30 03:39:52 f0421499: 23.293832210218907393 FIL (11G free)
Mar 30 03:39:53 Escrow: 0.999645757255 FIL
Mar 30 03:39:53 Locked: 0.33249517244 FIL
Mar 30 03:39:53 Datacap: 3160693276672
Mar 30 03:39:53 ....
Mar 30 03:39:54 Count: 3 of 4
Mar 30 03:39:54 f019362 (1 / 1 tries):
Mar 30 03:39:54 f0421499: 23.293832210218907393 FIL (11G free)
Mar 30 03:39:54 Escrow: 0.999645757255 FIL
Mar 30 03:39:54 Locked: 0.33249517244 FIL
Mar 30 03:39:55 Datacap: 3160693276672
Mar 30 03:39:55 ....
Mar 30 03:39:56 Count: 3 of 4
Mar 30 03:39:56 f099608 (1 / 1 tries):
Mar 30 03:39:56 f0421499: 23.293832210218907393 FIL (11G free)
Mar 30 03:39:56 Escrow: 0.999645757255 FIL
Mar 30 03:39:56 Locked: 0.33249517244 FIL
Mar 30 03:39:56 Datacap: 3160693276672
Mar 30 03:39:56 ....
Mar 30 03:39:57 Count: 3 of 4
Mar 30 03:39:57 f010479 (1 / 1 tries):
Mar 30 03:39:58 f0421499: 23.293832210218907393 FIL (11G free)
Mar 30 03:39:58 Escrow: 0.999645757255 FIL
Mar 30 03:39:58 Locked: 0.33249517244 FIL
Mar 30 03:39:58 Datacap: 3160693276672
Mar 30 03:39:58 ....
Mar 30 03:39:59 Count: 3 of 4
Mar 30 03:39:59 f058369 (1 / 1 tries):
Mar 30 03:40:00 f0421499: 23.293832210218907393 FIL (11G free)
Mar 30 03:40:00 Escrow: 0.999645757255 FIL
Mar 30 03:40:00 Locked: 0.33249517244 FIL
Mar 30 03:40:00 Datacap: 3160693276672
Mar 30 03:40:00 ....
Mar 30 03:40:01 Count: 3 of 4
Mar 30 03:40:01 f02606 (1 / 1 tries):
Mar 30 03:40:01 f0421499: 23.293832210218907393 FIL (11G free)
Mar 30 03:40:01 Escrow: 0.999645757255 FIL
Mar 30 03:40:01 Locked: 0.33249517244 FIL
Mar 30 03:40:02 Datacap: 3160693276672
Mar 30 03:40:02 ....
Mar 30 03:40:03 Count: 3 of 4
Mar 30 03:40:03 f066596 (1 / 1 tries):
Mar 30 03:40:03 f0421499: 23.293832210218907393 FIL (11G free)
Mar 30 03:40:03 Escrow: 0.999645757255 FIL
Mar 30 03:40:03 Locked: 0.33249517244 FIL
Mar 30 03:40:04 Datacap: 3160693276672
Mar 30 03:40:04 ....
Mar 30 03:40:05 Count: 3 of 4
Mar 30 03:40:05 f062353 (1 / 1 tries):
Mar 30 03:40:05 f0421499: 23.293832210218907393 FIL (11G free)
Mar 30 03:40:05 Escrow: 0.999645757255 FIL
Mar 30 03:40:05 Locked: 0.33249517244 FIL
Mar 30 03:40:06 Datacap: 3160693276672
Mar 30 03:40:06 ....
Mar 30 03:40:07 Count: 3 of 4
Mar 30 03:40:07 f0157535 (1 / 1 tries):
Mar 30 03:40:07 f0421499: 23.293832210218907393 FIL (11G free)
Mar 30 03:40:07 Escrow: 0.999645757255 FIL
Mar 30 03:40:07 Locked: 0.33249517244 FIL
Mar 30 03:40:07 Datacap: 3160693276672
Mar 30 03:40:07 ....
Mar 30 03:40:08 Count: 3 of 4
Mar 30 03:40:08 f010617 (1 / 1 tries):
Mar 30 03:40:09 f0421499: 23.293832210218907393 FIL (11G free)
Mar 30 03:40:09 Escrow: 0.999645757255 FIL
Mar 30 03:40:09 Locked: 0.33249517244 FIL
Mar 30 03:40:09 Datacap: 3160693276672
Mar 30 03:40:09 ....
