Mar 30 17:24:24 Count: 3 of 4
Mar 30 17:24:24 f019100 (1 / 1 tries):
Mar 30 17:24:24 Skipping f019100: error-ask
Mar 30 17:24:24 
Mar 30 17:24:25 Count: 3 of 4
Mar 30 17:24:25 f019362 (1 / 1 tries):
Mar 30 17:24:26 f0421499: 23.293832210218907393 FIL (7.9G free)
Mar 30 17:24:26 Escrow: 0.999645757255 FIL
Mar 30 17:24:26 Locked: 0.33249517244 FIL
Mar 30 17:24:26 Datacap: 3160693276672
Mar 30 17:24:26 ....
Mar 30 17:24:27 Count: 3 of 4
Mar 30 17:24:27 f015927 (1 / 1 tries):
Mar 30 17:24:27 Skipping f015927: min-ask
Mar 30 17:24:27 
Mar 30 17:24:29 Count: 3 of 4
Mar 30 17:24:29 f01234 (1 / 1 tries):
Mar 30 17:24:29 f0421499: 23.293832210218907393 FIL (7.9G free)
Mar 30 17:24:29 Escrow: 0.999645757255 FIL
Mar 30 17:24:29 Locked: 0.33249517244 FIL
Mar 30 17:24:30 Datacap: 3160693276672
Mar 30 17:24:30 ....
Mar 30 17:24:31 Count: 3 of 4
Mar 30 17:24:31 f01278 (1 / 1 tries):
Mar 30 17:24:32 f0421499: 23.293832210218907393 FIL (7.9G free)
Mar 30 17:24:32 Escrow: 0.999645757255 FIL
Mar 30 17:24:32 Locked: 0.33249517244 FIL
Mar 30 17:24:33 Datacap: 3160693276672
Mar 30 17:24:33 ....
Mar 30 17:24:34 Count: 3 of 4
Mar 30 17:24:34 f0165400 (1 / 1 tries):
Mar 30 17:24:34 f0421499: 23.293832210218907393 FIL (7.9G free)
Mar 30 17:24:35 Escrow: 0.999645757255 FIL
Mar 30 17:24:35 Locked: 0.33249517244 FIL
Mar 30 17:24:35 Datacap: 3160693276672
Mar 30 17:24:35 ....
Mar 30 17:24:36 Count: 3 of 4
Mar 30 17:24:36 f023971 (1 / 1 tries):
Mar 30 17:24:37 f0421499: 23.293832210218907393 FIL (7.9G free)
Mar 30 17:24:37 Escrow: 0.999645757255 FIL
Mar 30 17:24:37 Locked: 0.33249517244 FIL
Mar 30 17:24:37 Datacap: 3160693276672
Mar 30 17:24:37 ....
Mar 30 17:24:38 Count: 3 of 4
Mar 30 17:24:38 f058369 (1 / 1 tries):
Mar 30 17:24:39 f0421499: 23.293832210218907393 FIL (7.9G free)
Mar 30 17:24:39 Escrow: 0.999645757255 FIL
Mar 30 17:24:39 Locked: 0.33249517244 FIL
Mar 30 17:24:39 Datacap: 3160693276672
Mar 30 17:24:39 ....
Mar 30 17:24:40 Count: 3 of 4
Mar 30 17:24:40 f09848 (1 / 1 tries):
Mar 30 17:24:41 f0421499: 23.293832210218907393 FIL (7.9G free)
Mar 30 17:24:41 Escrow: 0.999645757255 FIL
Mar 30 17:24:41 Locked: 0.33249517244 FIL
Mar 30 17:24:42 Datacap: 3160693276672
Mar 30 17:24:42 ....
Mar 30 17:24:43 Count: 3 of 4
Mar 30 17:24:43 f062353 (1 / 1 tries):
Mar 30 17:24:43 f0421499: 23.293832210218907393 FIL (7.9G free)
Mar 30 17:24:43 Escrow: 0.999645757255 FIL
Mar 30 17:24:43 Locked: 0.33249517244 FIL
Mar 30 17:24:44 Datacap: 3160693276672
Mar 30 17:24:44 ....
Mar 30 17:24:45 Count: 3 of 4
Mar 30 17:24:45 f08403 (1 / 1 tries):
Mar 30 17:24:45 f0421499: 23.293832210218907393 FIL (7.9G free)
Mar 30 17:24:45 Escrow: 0.999645757255 FIL
Mar 30 17:24:45 Locked: 0.33249517244 FIL
Mar 30 17:24:46 Datacap: 3160693276672
Mar 30 17:24:46 ....
Mar 30 17:24:47 Count: 3 of 4
Mar 30 17:24:47 f0157535 (1 / 1 tries):
Mar 30 17:24:47 f0421499: 23.293832210218907393 FIL (7.9G free)
Mar 30 17:24:48 Escrow: 0.999645757255 FIL
Mar 30 17:24:48 Locked: 0.33249517244 FIL
Mar 30 17:24:48 Datacap: 3160693276672
Mar 30 17:24:48 ....
Mar 30 17:24:49 Count: 3 of 4
Mar 30 17:24:49 f019041 (1 / 1 tries):
Mar 30 17:24:50 f0421499: 23.293832210218907393 FIL (7.9G free)
Mar 30 17:24:50 Escrow: 0.999645757255 FIL
Mar 30 17:24:50 Locked: 0.33249517244 FIL
Mar 30 17:24:50 Datacap: 3160693276672
Mar 30 17:24:50 ....
Mar 30 17:24:51 Count: 3 of 4
Mar 30 17:24:51 f010617 (1 / 1 tries):
Mar 30 17:24:52 f0421499: 23.293832210218907393 FIL (7.9G free)
Mar 30 17:24:52 Escrow: 0.999645757255 FIL
Mar 30 17:24:52 Locked: 0.33249517244 FIL
Mar 30 17:24:53 Datacap: 3160693276672
Mar 30 17:24:53 ....
Mar 30 17:24:54 Count: 3 of 4
Mar 30 17:24:54 f0145874 (1 / 1 tries):
Mar 30 17:24:55 f0421499: 23.293832210218907393 FIL (7.9G free)
Mar 30 17:24:55 Escrow: 0.999645757255 FIL
Mar 30 17:24:55 Locked: 0.33249517244 FIL
Mar 30 17:24:55 Datacap: 3160693276672
Mar 30 17:24:55 ....
Mar 30 17:24:56 Count: 3 of 4
Mar 30 17:24:56 f014409 (1 / 1 tries):
Mar 30 17:24:57 f0421499: 23.293832210218907393 FIL (7.9G free)
Mar 30 17:24:57 Escrow: 0.999645757255 FIL
Mar 30 17:24:57 Locked: 0.33249517244 FIL
Mar 30 17:24:57 Datacap: 3160693276672
Mar 30 17:24:58 ....
Mar 30 17:24:59 Count: 3 of 4
Mar 30 17:24:59 f07998 (1 / 1 tries):
Mar 30 17:24:59 f0421499: 23.293832210218907393 FIL (7.9G free)
Mar 30 17:24:59 Escrow: 0.999645757255 FIL
Mar 30 17:24:59 Locked: 0.33249517244 FIL
Mar 30 17:25:00 Datacap: 3160693276672
Mar 30 17:25:00 ....
Mar 30 17:25:01 Count: 3 of 4
Mar 30 17:25:01 f099608 (1 / 1 tries):
Mar 30 17:25:02 f0421499: 23.293832210218907393 FIL (7.9G free)
Mar 30 17:25:02 Escrow: 0.999645757255 FIL
Mar 30 17:25:02 Locked: 0.33249517244 FIL
Mar 30 17:25:02 Datacap: 3160693276672
Mar 30 17:25:02 ....
Mar 30 17:25:03 Count: 3 of 4
Mar 30 17:25:03 f022163 (1 / 1 tries):
Mar 30 17:25:04 f0421499: 23.293832210218907393 FIL (7.9G free)
Mar 30 17:25:04 Escrow: 0.999645757255 FIL
Mar 30 17:25:04 Locked: 0.33249517244 FIL
Mar 30 17:25:05 Datacap: 3160693276672
Mar 30 17:25:05 ....
Mar 30 17:25:06 Count: 3 of 4
Mar 30 17:25:06 f022142 (1 / 1 tries):
Mar 30 17:25:06 f0421499: 23.293832210218907393 FIL (7.9G free)
Mar 30 17:25:06 Escrow: 0.999645757255 FIL
Mar 30 17:25:06 Locked: 0.33249517244 FIL
Mar 30 17:25:07 Datacap: 3160693276672
Mar 30 17:25:07 ....
Mar 30 17:25:08 Count: 3 of 4
Mar 30 17:25:08 f01240 (1 / 1 tries):
Mar 30 17:25:09 f0421499: 23.293832210218907393 FIL (7.9G free)
Mar 30 17:25:09 Escrow: 0.999645757255 FIL
Mar 30 17:25:09 Locked: 0.33249517244 FIL
Mar 30 17:25:09 Datacap: 3160693276672
Mar 30 17:25:10 ....
Mar 30 17:25:11 Count: 3 of 4
Mar 30 17:25:11 f019104 (1 / 1 tries):
Mar 30 17:25:11 Skipping f019104: error-ask
Mar 30 17:25:11 
Mar 30 17:25:12 Count: 3 of 4
Mar 30 17:25:12 f014768 (1 / 1 tries):
Mar 30 17:25:13 f0421499: 23.293832210218907393 FIL (7.9G free)
Mar 30 17:25:13 Escrow: 0.999645757255 FIL
Mar 30 17:25:13 Locked: 0.33249517244 FIL
Mar 30 17:25:13 Datacap: 3160693276672
Mar 30 17:25:13 ....
Mar 30 17:25:14 Count: 3 of 4
Mar 30 17:25:14 f01277 (1 / 1 tries):
Mar 30 17:25:15 Skipping f01277: min-ask
Mar 30 17:25:15 
Mar 30 17:25:16 Count: 3 of 4
Mar 30 17:25:16 f010479 (1 / 1 tries):
Mar 30 17:25:17 f0421499: 23.293832210218907393 FIL (7.9G free)
Mar 30 17:25:17 Escrow: 0.999645757255 FIL
Mar 30 17:25:17 Locked: 0.33249517244 FIL
Mar 30 17:25:17 Datacap: 3160693276672
Mar 30 17:25:17 ....
Mar 30 17:25:18 Count: 3 of 4
Mar 30 17:25:18 f02576 (1 / 1 tries):
Mar 30 17:25:19 f0421499: 23.293832210218907393 FIL (7.9G free)
Mar 30 17:25:20 Escrow: 0.999645757255 FIL
Mar 30 17:25:20 Locked: 0.33249517244 FIL
Mar 30 17:25:20 Datacap: 3160693276672
Mar 30 17:25:20 ....
Mar 30 17:25:21 Count: 3 of 4
Mar 30 17:25:21 f01247 (1 / 1 tries):
Mar 30 17:25:22 f0421499: 23.293832210218907393 FIL (7.9G free)
Mar 30 17:25:22 Escrow: 0.999645757255 FIL
Mar 30 17:25:22 Locked: 0.33249517244 FIL
Mar 30 17:25:22 Datacap: 3160693276672
Mar 30 17:25:23 ....
Mar 30 17:25:24 Count: 3 of 4
Mar 30 17:25:24 f022352 (1 / 1 tries):
Mar 30 17:25:24 f0421499: 23.293832210218907393 FIL (7.9G free)
Mar 30 17:25:24 Escrow: 0.999645757255 FIL
Mar 30 17:25:24 Locked: 0.33249517244 FIL
Mar 30 17:25:25 Datacap: 3160693276672
Mar 30 17:25:25 ....
Mar 30 17:25:26 Count: 3 of 4
Mar 30 17:25:26 f08399 (1 / 1 tries):
Mar 30 17:25:27 f0421499: 23.293832210218907393 FIL (7.9G free)
Mar 30 17:25:27 Escrow: 0.999645757255 FIL
Mar 30 17:25:27 Locked: 0.33249517244 FIL
Mar 30 17:25:27 Datacap: 3160693276672
Mar 30 17:25:27 ....
Mar 30 17:25:28 Count: 3 of 4
Mar 30 17:25:28 f066596 (1 / 1 tries):
Mar 30 17:25:29 f0421499: 23.293832210218907393 FIL (7.9G free)
Mar 30 17:25:29 Escrow: 0.999645757255 FIL
Mar 30 17:25:29 Locked: 0.33249517244 FIL
Mar 30 17:25:29 Datacap: 3160693276672
Mar 30 17:25:29 ....
Mar 30 17:25:30 Count: 3 of 4
Mar 30 17:25:30 f071624 (1 / 1 tries):
Mar 30 17:25:31 f0421499: 23.293832210218907393 FIL (7.9G free)
Mar 30 17:25:31 Escrow: 0.999645757255 FIL
Mar 30 17:25:31 Locked: 0.33249517244 FIL
Mar 30 17:25:31 Datacap: 3160693276672
Mar 30 17:25:32 ....
Mar 30 17:25:33 Count: 3 of 4
Mar 30 17:25:33 f0127896 (1 / 1 tries):
Mar 30 17:25:33 Skipping f0127896: min-ask
Mar 30 17:25:33 
Mar 30 17:25:34 Count: 3 of 4
Mar 30 17:25:34 f021716 (1 / 1 tries):
Mar 30 17:25:34 f0421499: 23.293832210218907393 FIL (7.9G free)
Mar 30 17:25:34 Escrow: 0.999645757255 FIL
Mar 30 17:25:34 Locked: 0.33249517244 FIL
Mar 30 17:25:35 Datacap: 3160693276672
Mar 30 17:25:35 ....
Mar 30 17:25:36 Count: 3 of 4
Mar 30 17:25:36 f023467 (1 / 1 tries):
Mar 30 17:25:37 f0421499: 23.293832210218907393 FIL (7.9G free)
Mar 30 17:25:37 Escrow: 0.999645757255 FIL
Mar 30 17:25:37 Locked: 0.33249517244 FIL
Mar 30 17:25:38 Datacap: 3160693276672
Mar 30 17:25:38 ....
Mar 30 17:25:39 Count: 3 of 4
Mar 30 17:25:39 f019551 (1 / 1 tries):
Mar 30 17:25:40 f0421499: 23.293832210218907393 FIL (7.9G free)
Mar 30 17:25:40 Escrow: 0.999645757255 FIL
Mar 30 17:25:40 Locked: 0.33249517244 FIL
Mar 30 17:25:40 Datacap: 3160693276672
Mar 30 17:25:40 ....
Mar 30 17:25:41 Count: 3 of 4
Mar 30 17:25:41 f02606 (1 / 1 tries):
Mar 30 17:25:42 f0421499: 23.293832210218907393 FIL (7.9G free)
Mar 30 17:25:42 Escrow: 0.999645757255 FIL
Mar 30 17:25:42 Locked: 0.33249517244 FIL
Mar 30 17:25:43 Datacap: 3160693276672
Mar 30 17:25:43 ....
