Mar 30 08:10:00 Count: 3 of 4
Mar 30 08:10:00 f0127896 (1 / 1 tries):
Mar 30 08:10:01 Skipping f0127896: min-ask
Mar 30 08:10:01 
Mar 30 08:10:02 Count: 3 of 4
Mar 30 08:10:02 f022163 (1 / 1 tries):
Mar 30 08:10:02 f0421499: 23.293832210218907393 FIL (9.6G free)
Mar 30 08:10:02 Escrow: 0.999645757255 FIL
Mar 30 08:10:02 Locked: 0.33249517244 FIL
Mar 30 08:10:02 Datacap: 3160693276672
Mar 30 08:10:02 ....
Mar 30 08:10:04 Count: 3 of 4
Mar 30 08:10:04 f02576 (1 / 1 tries):
Mar 30 08:10:04 f0421499: 23.293832210218907393 FIL (9.6G free)
Mar 30 08:10:04 Escrow: 0.999645757255 FIL
Mar 30 08:10:04 Locked: 0.33249517244 FIL
Mar 30 08:10:05 Datacap: 3160693276672
Mar 30 08:10:05 ....
Mar 30 08:10:06 Count: 3 of 4
Mar 30 08:10:06 f058369 (1 / 1 tries):
Mar 30 08:10:07 f0421499: 23.293832210218907393 FIL (9.6G free)
Mar 30 08:10:07 Escrow: 0.999645757255 FIL
Mar 30 08:10:07 Locked: 0.33249517244 FIL
Mar 30 08:10:07 Datacap: 3160693276672
Mar 30 08:10:07 ....
Mar 30 08:10:08 Count: 3 of 4
Mar 30 08:10:08 f0165400 (1 / 1 tries):
Mar 30 08:10:09 f0421499: 23.293832210218907393 FIL (9.6G free)
Mar 30 08:10:09 Escrow: 0.999645757255 FIL
Mar 30 08:10:09 Locked: 0.33249517244 FIL
Mar 30 08:10:10 Datacap: 3160693276672
Mar 30 08:10:10 ....
Mar 30 08:10:11 Count: 3 of 4
Mar 30 08:10:11 f09848 (1 / 1 tries):
Mar 30 08:10:12 f0421499: 23.293832210218907393 FIL (9.6G free)
Mar 30 08:10:12 Escrow: 0.999645757255 FIL
Mar 30 08:10:12 Locked: 0.33249517244 FIL
Mar 30 08:10:12 Datacap: 3160693276672
Mar 30 08:10:12 ....
Mar 30 08:10:13 Count: 3 of 4
Mar 30 08:10:13 f062353 (1 / 1 tries):
Mar 30 08:10:14 f0421499: 23.293832210218907393 FIL (9.6G free)
Mar 30 08:10:14 Escrow: 0.999645757255 FIL
Mar 30 08:10:14 Locked: 0.33249517244 FIL
Mar 30 08:10:14 Datacap: 3160693276672
Mar 30 08:10:14 ....
Mar 30 08:10:15 Count: 3 of 4
Mar 30 08:10:15 f01240 (1 / 1 tries):
Mar 30 08:10:16 f0421499: 23.293832210218907393 FIL (9.6G free)
Mar 30 08:10:16 Escrow: 0.999645757255 FIL
Mar 30 08:10:16 Locked: 0.33249517244 FIL
Mar 30 08:10:16 Datacap: 3160693276672
Mar 30 08:10:17 ....
Mar 30 08:10:18 Count: 3 of 4
Mar 30 08:10:18 f01278 (1 / 1 tries):
Mar 30 08:10:18 f0421499: 23.293832210218907393 FIL (9.6G free)
Mar 30 08:10:19 Escrow: 0.999645757255 FIL
Mar 30 08:10:19 Locked: 0.33249517244 FIL
Mar 30 08:10:19 Datacap: 3160693276672
Mar 30 08:10:19 ....
Mar 30 08:10:20 Count: 3 of 4
Mar 30 08:10:20 f014409 (1 / 1 tries):
Mar 30 08:10:21 f0421499: 23.293832210218907393 FIL (9.6G free)
Mar 30 08:10:21 Escrow: 0.999645757255 FIL
Mar 30 08:10:21 Locked: 0.33249517244 FIL
Mar 30 08:10:22 Datacap: 3160693276672
Mar 30 08:10:22 ....
Mar 30 08:10:23 Count: 3 of 4
Mar 30 08:10:23 f08403 (1 / 1 tries):
Mar 30 08:10:24 f0421499: 23.293832210218907393 FIL (9.6G free)
Mar 30 08:10:24 Escrow: 0.999645757255 FIL
Mar 30 08:10:24 Locked: 0.33249517244 FIL
Mar 30 08:10:24 Datacap: 3160693276672
Mar 30 08:10:25 ....
Mar 30 08:10:26 Count: 3 of 4
Mar 30 08:10:26 f0157535 (1 / 1 tries):
Mar 30 08:10:26 f0421499: 23.293832210218907393 FIL (9.6G free)
Mar 30 08:10:27 Escrow: 0.999645757255 FIL
Mar 30 08:10:27 Locked: 0.33249517244 FIL
Mar 30 08:10:27 Datacap: 3160693276672
Mar 30 08:10:27 ....
Mar 30 08:10:29 Count: 3 of 4
Mar 30 08:10:29 f023467 (1 / 1 tries):
Mar 30 08:10:29 f0421499: 23.293832210218907393 FIL (9.6G free)
Mar 30 08:10:29 Escrow: 0.999645757255 FIL
Mar 30 08:10:29 Locked: 0.33249517244 FIL
Mar 30 08:10:30 Datacap: 3160693276672
Mar 30 08:10:30 ....
Mar 30 08:10:31 Count: 3 of 4
Mar 30 08:10:31 f01247 (1 / 1 tries):
Mar 30 08:10:32 f0421499: 23.293832210218907393 FIL (9.6G free)
Mar 30 08:10:32 Escrow: 0.999645757255 FIL
Mar 30 08:10:32 Locked: 0.33249517244 FIL
Mar 30 08:10:33 Datacap: 3160693276672
Mar 30 08:10:33 ....
Mar 30 08:10:34 Count: 3 of 4
Mar 30 08:10:34 f015927 (1 / 1 tries):
Mar 30 08:10:34 Skipping f015927: min-ask
Mar 30 08:10:34 
Mar 30 08:10:35 Count: 3 of 4
Mar 30 08:10:35 f071624 (1 / 1 tries):
Mar 30 08:10:36 f0421499: 23.293832210218907393 FIL (9.6G free)
Mar 30 08:10:36 Escrow: 0.999645757255 FIL
Mar 30 08:10:36 Locked: 0.33249517244 FIL
Mar 30 08:10:36 Datacap: 3160693276672
Mar 30 08:10:37 ....
Mar 30 08:10:38 Count: 3 of 4
Mar 30 08:10:38 f022352 (1 / 1 tries):
Mar 30 08:10:38 f0421499: 23.293832210218907393 FIL (9.6G free)
Mar 30 08:10:38 Escrow: 0.999645757255 FIL
Mar 30 08:10:38 Locked: 0.33249517244 FIL
Mar 30 08:10:39 Datacap: 3160693276672
Mar 30 08:10:39 ....
Mar 30 08:10:40 Count: 3 of 4
Mar 30 08:10:40 f07998 (1 / 1 tries):
Mar 30 08:10:41 f0421499: 23.293832210218907393 FIL (9.6G free)
Mar 30 08:10:41 Escrow: 0.999645757255 FIL
Mar 30 08:10:41 Locked: 0.33249517244 FIL
Mar 30 08:10:41 Datacap: 3160693276672
Mar 30 08:10:41 ....
Mar 30 08:10:42 Count: 3 of 4
Mar 30 08:10:42 f08399 (1 / 1 tries):
Mar 30 08:10:43 f0421499: 23.293832210218907393 FIL (9.6G free)
Mar 30 08:10:43 Escrow: 0.999645757255 FIL
Mar 30 08:10:43 Locked: 0.33249517244 FIL
Mar 30 08:10:44 Datacap: 3160693276672
Mar 30 08:10:44 ....
Mar 30 08:10:45 Count: 3 of 4
Mar 30 08:10:45 f019104 (1 / 1 tries):
Mar 30 08:10:45 Skipping f019104: error-ask
Mar 30 08:10:45 
Mar 30 08:10:46 Count: 3 of 4
Mar 30 08:10:46 f019041 (1 / 1 tries):
Mar 30 08:10:47 f0421499: 23.293832210218907393 FIL (9.6G free)
Mar 30 08:10:47 Escrow: 0.999645757255 FIL
Mar 30 08:10:47 Locked: 0.33249517244 FIL
Mar 30 08:10:47 Datacap: 3160693276672
Mar 30 08:10:47 ....
Mar 30 08:10:48 Count: 3 of 4
Mar 30 08:10:48 f01277 (1 / 1 tries):
Mar 30 08:10:49 Skipping f01277: min-ask
Mar 30 08:10:49 
Mar 30 08:10:50 Count: 3 of 4
Mar 30 08:10:50 f010617 (1 / 1 tries):
Mar 30 08:10:50 f0421499: 23.293832210218907393 FIL (9.6G free)
Mar 30 08:10:51 Escrow: 0.999645757255 FIL
Mar 30 08:10:51 Locked: 0.33249517244 FIL
Mar 30 08:10:51 Datacap: 3160693276672
Mar 30 08:10:51 ....
Mar 30 08:10:52 Count: 3 of 4
Mar 30 08:10:52 f019100 (1 / 1 tries):
Mar 30 08:10:52 Skipping f019100: error-ask
Mar 30 08:10:52 
Mar 30 08:10:53 Count: 3 of 4
Mar 30 08:10:53 f066596 (1 / 1 tries):
Mar 30 08:10:54 f0421499: 23.293832210218907393 FIL (9.6G free)
Mar 30 08:10:54 Escrow: 0.999645757255 FIL
Mar 30 08:10:54 Locked: 0.33249517244 FIL
Mar 30 08:10:54 Datacap: 3160693276672
Mar 30 08:10:54 ....
Mar 30 08:10:56 Count: 3 of 4
Mar 30 08:10:56 f014768 (1 / 1 tries):
Mar 30 08:10:56 f0421499: 23.293832210218907393 FIL (9.6G free)
Mar 30 08:10:57 Escrow: 0.999645757255 FIL
Mar 30 08:10:57 Locked: 0.33249517244 FIL
Mar 30 08:10:57 Datacap: 3160693276672
Mar 30 08:10:57 ....
Mar 30 08:10:58 Count: 3 of 4
Mar 30 08:10:58 f099608 (1 / 1 tries):
Mar 30 08:10:59 f0421499: 23.293832210218907393 FIL (9.6G free)
Mar 30 08:10:59 Escrow: 0.999645757255 FIL
Mar 30 08:10:59 Locked: 0.33249517244 FIL
Mar 30 08:10:59 Datacap: 3160693276672
Mar 30 08:10:59 ....
Mar 30 08:11:00 Count: 3 of 4
Mar 30 08:11:00 f010479 (1 / 1 tries):
Mar 30 08:11:01 f0421499: 23.293832210218907393 FIL (9.6G free)
Mar 30 08:11:01 Escrow: 0.999645757255 FIL
Mar 30 08:11:01 Locked: 0.33249517244 FIL
Mar 30 08:11:01 Datacap: 3160693276672
Mar 30 08:11:02 ....
Mar 30 08:11:03 Count: 3 of 4
Mar 30 08:11:03 f0145874 (1 / 1 tries):
Mar 30 08:11:03 f0421499: 23.293832210218907393 FIL (9.6G free)
Mar 30 08:11:04 Escrow: 0.999645757255 FIL
Mar 30 08:11:04 Locked: 0.33249517244 FIL
Mar 30 08:11:04 Datacap: 3160693276672
Mar 30 08:11:04 ....
Mar 30 08:11:05 Count: 3 of 4
Mar 30 08:11:05 f01234 (1 / 1 tries):
Mar 30 08:11:05 f0421499: 23.293832210218907393 FIL (9.6G free)
Mar 30 08:11:06 Escrow: 0.999645757255 FIL
Mar 30 08:11:06 Locked: 0.33249517244 FIL
Mar 30 08:11:06 Datacap: 3160693276672
Mar 30 08:11:06 ....
Mar 30 08:11:07 Count: 3 of 4
Mar 30 08:11:07 f019362 (1 / 1 tries):
Mar 30 08:11:08 f0421499: 23.293832210218907393 FIL (9.6G free)
Mar 30 08:11:08 Escrow: 0.999645757255 FIL
Mar 30 08:11:08 Locked: 0.33249517244 FIL
Mar 30 08:11:09 Datacap: 3160693276672
Mar 30 08:11:09 ....
Mar 30 08:11:10 Count: 3 of 4
Mar 30 08:11:10 f02606 (1 / 1 tries):
Mar 30 08:11:10 f0421499: 23.293832210218907393 FIL (9.6G free)
Mar 30 08:11:11 Escrow: 0.999645757255 FIL
Mar 30 08:11:11 Locked: 0.33249517244 FIL
Mar 30 08:11:11 Datacap: 3160693276672
Mar 30 08:11:11 ....
Mar 30 08:11:12 Count: 3 of 4
Mar 30 08:11:12 f022142 (1 / 1 tries):
Mar 30 08:11:13 f0421499: 23.293832210218907393 FIL (9.6G free)
Mar 30 08:11:13 Escrow: 0.999645757255 FIL
Mar 30 08:11:13 Locked: 0.33249517244 FIL
Mar 30 08:11:13 Datacap: 3160693276672
Mar 30 08:11:13 ....
Mar 30 08:11:15 Count: 3 of 4
Mar 30 08:11:15 f019551 (1 / 1 tries):
Mar 30 08:11:15 f0421499: 23.293832210218907393 FIL (9.6G free)
Mar 30 08:11:15 Escrow: 0.999645757255 FIL
Mar 30 08:11:15 Locked: 0.33249517244 FIL
Mar 30 08:11:16 Datacap: 3160693276672
Mar 30 08:11:16 ....
Mar 30 08:11:17 Count: 3 of 4
Mar 30 08:11:17 f023971 (1 / 1 tries):
Mar 30 08:11:18 f0421499: 23.293832210218907393 FIL (9.6G free)
Mar 30 08:11:18 Escrow: 0.999645757255 FIL
Mar 30 08:11:18 Locked: 0.33249517244 FIL
Mar 30 08:11:18 Datacap: 3160693276672
Mar 30 08:11:18 ....
Mar 30 08:11:19 Count: 3 of 4
Mar 30 08:11:19 f021716 (1 / 1 tries):
Mar 30 08:11:20 f0421499: 23.293832210218907393 FIL (9.6G free)
Mar 30 08:11:20 Escrow: 0.999645757255 FIL
Mar 30 08:11:20 Locked: 0.33249517244 FIL
Mar 30 08:11:20 Datacap: 3160693276672
Mar 30 08:11:21 ....
