Mar 30 07:13:27 Count: 3 of 4
Mar 30 07:13:27 f058369 (1 / 1 tries):
Mar 30 07:13:28 f0421499: 23.293832210218907393 FIL (9.8G free)
Mar 30 07:13:28 Escrow: 0.999645757255 FIL
Mar 30 07:13:28 Locked: 0.33249517244 FIL
Mar 30 07:13:29 Datacap: 3160693276672
Mar 30 07:13:29 ....
Mar 30 07:13:30 Count: 3 of 4
Mar 30 07:13:30 f022142 (1 / 1 tries):
Mar 30 07:13:31 f0421499: 23.293832210218907393 FIL (9.8G free)
Mar 30 07:13:31 Escrow: 0.999645757255 FIL
Mar 30 07:13:31 Locked: 0.33249517244 FIL
Mar 30 07:13:31 Datacap: 3160693276672
Mar 30 07:13:32 ....
Mar 30 07:13:33 Count: 3 of 4
Mar 30 07:13:33 f0157535 (1 / 1 tries):
Mar 30 07:13:33 f0421499: 23.293832210218907393 FIL (9.8G free)
Mar 30 07:13:33 Escrow: 0.999645757255 FIL
Mar 30 07:13:33 Locked: 0.33249517244 FIL
Mar 30 07:13:34 Datacap: 3160693276672
Mar 30 07:13:34 ....
Mar 30 07:13:35 Count: 3 of 4
Mar 30 07:13:35 f010479 (1 / 1 tries):
Mar 30 07:13:35 f0421499: 23.293832210218907393 FIL (9.8G free)
Mar 30 07:13:36 Escrow: 0.999645757255 FIL
Mar 30 07:13:36 Locked: 0.33249517244 FIL
Mar 30 07:13:36 Datacap: 3160693276672
Mar 30 07:13:36 ....
Mar 30 07:13:37 Count: 3 of 4
Mar 30 07:13:37 f071624 (1 / 1 tries):
Mar 30 07:13:38 f0421499: 23.293832210218907393 FIL (9.8G free)
Mar 30 07:13:38 Escrow: 0.999645757255 FIL
Mar 30 07:13:38 Locked: 0.33249517244 FIL
Mar 30 07:13:38 Datacap: 3160693276672
Mar 30 07:13:38 ....
Mar 30 07:13:40 Count: 3 of 4
Mar 30 07:13:40 f0165400 (1 / 1 tries):
Mar 30 07:13:40 f0421499: 23.293832210218907393 FIL (9.8G free)
Mar 30 07:13:40 Escrow: 0.999645757255 FIL
Mar 30 07:13:40 Locked: 0.33249517244 FIL
Mar 30 07:13:40 Datacap: 3160693276672
Mar 30 07:13:40 ....
Mar 30 07:13:42 Count: 3 of 4
Mar 30 07:13:42 f014409 (1 / 1 tries):
Mar 30 07:13:42 f0421499: 23.293832210218907393 FIL (9.8G free)
Mar 30 07:13:42 Escrow: 0.999645757255 FIL
Mar 30 07:13:42 Locked: 0.33249517244 FIL
Mar 30 07:13:42 Datacap: 3160693276672
Mar 30 07:13:43 ....
Mar 30 07:13:44 Count: 3 of 4
Mar 30 07:13:44 f08403 (1 / 1 tries):
Mar 30 07:13:45 f0421499: 23.293832210218907393 FIL (9.8G free)
Mar 30 07:13:45 Escrow: 0.999645757255 FIL
Mar 30 07:13:45 Locked: 0.33249517244 FIL
Mar 30 07:13:45 Datacap: 3160693276672
Mar 30 07:13:46 ....
Mar 30 07:13:47 Count: 3 of 4
Mar 30 07:13:47 f015927 (1 / 1 tries):
Mar 30 07:13:47 Skipping f015927: min-ask
Mar 30 07:13:47 
Mar 30 07:13:48 Count: 3 of 4
Mar 30 07:13:48 f019362 (1 / 1 tries):
Mar 30 07:13:48 f0421499: 23.293832210218907393 FIL (9.8G free)
Mar 30 07:13:49 Escrow: 0.999645757255 FIL
Mar 30 07:13:49 Locked: 0.33249517244 FIL
Mar 30 07:13:49 Datacap: 3160693276672
Mar 30 07:13:49 ....
Mar 30 07:13:50 Count: 3 of 4
Mar 30 07:13:50 f01234 (1 / 1 tries):
Mar 30 07:13:51 f0421499: 23.293832210218907393 FIL (9.8G free)
Mar 30 07:13:51 Escrow: 0.999645757255 FIL
Mar 30 07:13:51 Locked: 0.33249517244 FIL
Mar 30 07:13:52 Datacap: 3160693276672
Mar 30 07:13:52 ....
Mar 30 07:13:53 Count: 3 of 4
Mar 30 07:13:53 f08399 (1 / 1 tries):
Mar 30 07:13:54 f0421499: 23.293832210218907393 FIL (9.8G free)
Mar 30 07:13:54 Escrow: 0.999645757255 FIL
Mar 30 07:13:54 Locked: 0.33249517244 FIL
Mar 30 07:13:54 Datacap: 3160693276672
Mar 30 07:13:54 ....
Mar 30 07:13:55 Count: 3 of 4
Mar 30 07:13:55 f023467 (1 / 1 tries):
Mar 30 07:13:56 f0421499: 23.293832210218907393 FIL (9.8G free)
Mar 30 07:13:57 Escrow: 0.999645757255 FIL
Mar 30 07:13:57 Locked: 0.33249517244 FIL
Mar 30 07:13:57 Datacap: 3160693276672
Mar 30 07:13:57 ....
Mar 30 07:13:58 Count: 3 of 4
Mar 30 07:13:58 f019104 (1 / 1 tries):
Mar 30 07:13:59 Skipping f019104: error-ask
Mar 30 07:13:59 
Mar 30 07:14:00 Count: 3 of 4
Mar 30 07:14:00 f09848 (1 / 1 tries):
Mar 30 07:14:00 f0421499: 23.293832210218907393 FIL (9.8G free)
Mar 30 07:14:01 Escrow: 0.999645757255 FIL
Mar 30 07:14:01 Locked: 0.33249517244 FIL
Mar 30 07:14:01 Datacap: 3160693276672
Mar 30 07:14:02 ....
Mar 30 07:14:03 Count: 3 of 4
Mar 30 07:14:03 f019041 (1 / 1 tries):
Mar 30 07:14:04 f0421499: 23.293832210218907393 FIL (9.8G free)
Mar 30 07:14:04 Escrow: 0.999645757255 FIL
Mar 30 07:14:04 Locked: 0.33249517244 FIL
Mar 30 07:14:04 Datacap: 3160693276672
Mar 30 07:14:04 ....
Mar 30 07:14:05 Count: 3 of 4
Mar 30 07:14:05 f010617 (1 / 1 tries):
Mar 30 07:14:06 f0421499: 23.293832210218907393 FIL (9.8G free)
Mar 30 07:14:06 Escrow: 0.999645757255 FIL
Mar 30 07:14:06 Locked: 0.33249517244 FIL
Mar 30 07:14:06 Datacap: 3160693276672
Mar 30 07:14:07 ....
Mar 30 07:14:08 Count: 3 of 4
Mar 30 07:14:08 f066596 (1 / 1 tries):
Mar 30 07:14:08 f0421499: 23.293832210218907393 FIL (9.8G free)
Mar 30 07:14:08 Escrow: 0.999645757255 FIL
Mar 30 07:14:08 Locked: 0.33249517244 FIL
Mar 30 07:14:09 Datacap: 3160693276672
Mar 30 07:14:09 ....
Mar 30 07:14:10 Count: 3 of 4
Mar 30 07:14:10 f014768 (1 / 1 tries):
Mar 30 07:14:11 f0421499: 23.293832210218907393 FIL (9.8G free)
Mar 30 07:14:11 Escrow: 0.999645757255 FIL
Mar 30 07:14:11 Locked: 0.33249517244 FIL
Mar 30 07:14:11 Datacap: 3160693276672
Mar 30 07:14:11 ....
Mar 30 07:14:12 Count: 3 of 4
Mar 30 07:14:12 f099608 (1 / 1 tries):
Mar 30 07:14:13 f0421499: 23.293832210218907393 FIL (9.8G free)
Mar 30 07:14:13 Escrow: 0.999645757255 FIL
Mar 30 07:14:13 Locked: 0.33249517244 FIL
Mar 30 07:14:13 Datacap: 3160693276672
Mar 30 07:14:13 ....
Mar 30 07:14:14 Count: 3 of 4
Mar 30 07:14:14 f01240 (1 / 1 tries):
Mar 30 07:14:15 f0421499: 23.293832210218907393 FIL (9.8G free)
Mar 30 07:14:15 Escrow: 0.999645757255 FIL
Mar 30 07:14:15 Locked: 0.33249517244 FIL
Mar 30 07:14:16 Datacap: 3160693276672
Mar 30 07:14:16 ....
Mar 30 07:14:17 Count: 3 of 4
Mar 30 07:14:17 f01278 (1 / 1 tries):
Mar 30 07:14:18 f0421499: 23.293832210218907393 FIL (9.8G free)
Mar 30 07:14:18 Escrow: 0.999645757255 FIL
Mar 30 07:14:18 Locked: 0.33249517244 FIL
Mar 30 07:14:18 Datacap: 3160693276672
Mar 30 07:14:18 ....
Mar 30 07:14:19 Count: 3 of 4
Mar 30 07:14:19 f02606 (1 / 1 tries):
Mar 30 07:14:20 f0421499: 23.293832210218907393 FIL (9.8G free)
Mar 30 07:14:20 Escrow: 0.999645757255 FIL
Mar 30 07:14:20 Locked: 0.33249517244 FIL
Mar 30 07:14:20 Datacap: 3160693276672
Mar 30 07:14:20 ....
Mar 30 07:14:21 Count: 3 of 4
Mar 30 07:14:21 f022163 (1 / 1 tries):
Mar 30 07:14:22 f0421499: 23.293832210218907393 FIL (9.8G free)
Mar 30 07:14:22 Escrow: 0.999645757255 FIL
Mar 30 07:14:22 Locked: 0.33249517244 FIL
Mar 30 07:14:23 Datacap: 3160693276672
Mar 30 07:14:23 ....
Mar 30 07:14:24 Count: 3 of 4
Mar 30 07:14:24 f019551 (1 / 1 tries):
Mar 30 07:14:24 f0421499: 23.293832210218907393 FIL (9.8G free)
Mar 30 07:14:25 Escrow: 0.999645757255 FIL
Mar 30 07:14:25 Locked: 0.33249517244 FIL
Mar 30 07:14:25 Datacap: 3160693276672
Mar 30 07:14:25 ....
Mar 30 07:14:26 Count: 3 of 4
Mar 30 07:14:26 f0145874 (1 / 1 tries):
Mar 30 07:14:27 f0421499: 23.293832210218907393 FIL (9.8G free)
Mar 30 07:14:27 Escrow: 0.999645757255 FIL
Mar 30 07:14:27 Locked: 0.33249517244 FIL
Mar 30 07:14:27 Datacap: 3160693276672
Mar 30 07:14:27 ....
Mar 30 07:14:28 Count: 3 of 4
Mar 30 07:14:28 f062353 (1 / 1 tries):
Mar 30 07:14:29 f0421499: 23.293832210218907393 FIL (9.8G free)
Mar 30 07:14:29 Escrow: 0.999645757255 FIL
Mar 30 07:14:29 Locked: 0.33249517244 FIL
Mar 30 07:14:30 Datacap: 3160693276672
Mar 30 07:14:30 ....
Mar 30 07:14:31 Count: 3 of 4
Mar 30 07:14:31 f01247 (1 / 1 tries):
Mar 30 07:14:32 f0421499: 23.293832210218907393 FIL (9.8G free)
Mar 30 07:14:32 Escrow: 0.999645757255 FIL
Mar 30 07:14:32 Locked: 0.33249517244 FIL
Mar 30 07:14:32 Datacap: 3160693276672
Mar 30 07:14:32 ....
Mar 30 07:14:33 Count: 3 of 4
Mar 30 07:14:33 f0127896 (1 / 1 tries):
Mar 30 07:14:34 Skipping f0127896: min-ask
Mar 30 07:14:34 
Mar 30 07:14:35 Count: 3 of 4
Mar 30 07:14:35 f01277 (1 / 1 tries):
Mar 30 07:14:35 Skipping f01277: min-ask
Mar 30 07:14:35 
Mar 30 07:14:36 Count: 3 of 4
Mar 30 07:14:36 f07998 (1 / 1 tries):
Mar 30 07:14:37 f0421499: 23.293832210218907393 FIL (9.8G free)
Mar 30 07:14:37 Escrow: 0.999645757255 FIL
Mar 30 07:14:37 Locked: 0.33249517244 FIL
Mar 30 07:14:38 Datacap: 3160693276672
Mar 30 07:14:38 ....
Mar 30 07:14:39 Count: 3 of 4
Mar 30 07:14:39 f019100 (1 / 1 tries):
Mar 30 07:14:39 Skipping f019100: error-ask
Mar 30 07:14:39 
Mar 30 07:14:40 Count: 3 of 4
Mar 30 07:14:40 f022352 (1 / 1 tries):
Mar 30 07:14:41 f0421499: 23.293832210218907393 FIL (9.8G free)
Mar 30 07:14:41 Escrow: 0.999645757255 FIL
Mar 30 07:14:41 Locked: 0.33249517244 FIL
Mar 30 07:14:42 Datacap: 3160693276672
Mar 30 07:14:42 ....
Mar 30 07:14:43 Count: 3 of 4
Mar 30 07:14:43 f021716 (1 / 1 tries):
Mar 30 07:14:43 f0421499: 23.293832210218907393 FIL (9.8G free)
Mar 30 07:14:44 Escrow: 0.999645757255 FIL
Mar 30 07:14:44 Locked: 0.33249517244 FIL
Mar 30 07:14:44 Datacap: 3160693276672
Mar 30 07:14:44 ....
Mar 30 07:14:45 Count: 3 of 4
Mar 30 07:14:45 f023971 (1 / 1 tries):
Mar 30 07:14:46 f0421499: 23.293832210218907393 FIL (9.8G free)
Mar 30 07:14:46 Escrow: 0.999645757255 FIL
Mar 30 07:14:46 Locked: 0.33249517244 FIL
Mar 30 07:14:47 Datacap: 3160693276672
Mar 30 07:14:47 ....
Mar 30 07:14:48 Count: 3 of 4
Mar 30 07:14:48 f02576 (1 / 1 tries):
Mar 30 07:14:49 f0421499: 23.293832210218907393 FIL (9.8G free)
Mar 30 07:14:49 Escrow: 0.999645757255 FIL
Mar 30 07:14:49 Locked: 0.33249517244 FIL
Mar 30 07:14:50 Datacap: 3160693276672
Mar 30 07:14:50 ....
