Mar 30 03:46:21 Count: 3 of 4
Mar 30 03:46:21 f08399 (1 / 1 tries):
Mar 30 03:46:21 f0421499: 23.293832210218907393 FIL (11G free)
Mar 30 03:46:21 Escrow: 0.999645757255 FIL
Mar 30 03:46:21 Locked: 0.33249517244 FIL
Mar 30 03:46:22 Datacap: 3160693276672
Mar 30 03:46:22 ....
Mar 30 03:46:23 Count: 3 of 4
Mar 30 03:46:23 f07998 (1 / 1 tries):
Mar 30 03:46:23 f0421499: 23.293832210218907393 FIL (11G free)
Mar 30 03:46:23 Escrow: 0.999645757255 FIL
Mar 30 03:46:23 Locked: 0.33249517244 FIL
Mar 30 03:46:23 Datacap: 3160693276672
Mar 30 03:46:23 ....
Mar 30 03:46:24 Count: 3 of 4
Mar 30 03:46:24 f058369 (1 / 1 tries):
Mar 30 03:46:25 f0421499: 23.293832210218907393 FIL (11G free)
Mar 30 03:46:25 Escrow: 0.999645757255 FIL
Mar 30 03:46:25 Locked: 0.33249517244 FIL
Mar 30 03:46:25 Datacap: 3160693276672
Mar 30 03:46:25 ....
Mar 30 03:46:26 Count: 3 of 4
Mar 30 03:46:26 f099608 (1 / 1 tries):
Mar 30 03:46:26 f0421499: 23.293832210218907393 FIL (11G free)
Mar 30 03:46:26 Escrow: 0.999645757255 FIL
Mar 30 03:46:26 Locked: 0.33249517244 FIL
Mar 30 03:46:27 Datacap: 3160693276672
Mar 30 03:46:27 ....
Mar 30 03:46:28 Count: 3 of 4
Mar 30 03:46:28 f02576 (1 / 1 tries):
Mar 30 03:46:28 f0421499: 23.293832210218907393 FIL (11G free)
Mar 30 03:46:28 Escrow: 0.999645757255 FIL
Mar 30 03:46:28 Locked: 0.33249517244 FIL
Mar 30 03:46:29 Datacap: 3160693276672
Mar 30 03:46:29 ....
Mar 30 03:46:30 Count: 3 of 4
Mar 30 03:46:30 f01277 (1 / 1 tries):
Mar 30 03:46:30 Skipping f01277: min-ask
Mar 30 03:46:30 
Mar 30 03:46:31 Count: 3 of 4
Mar 30 03:46:31 f019362 (1 / 1 tries):
Mar 30 03:46:31 f0421499: 23.293832210218907393 FIL (11G free)
Mar 30 03:46:32 Escrow: 0.999645757255 FIL
Mar 30 03:46:32 Locked: 0.33249517244 FIL
Mar 30 03:46:32 Datacap: 3160693276672
Mar 30 03:46:32 ....
Mar 30 03:46:33 Count: 3 of 4
Mar 30 03:46:33 f0127896 (1 / 1 tries):
Mar 30 03:46:33 Skipping f0127896: min-ask
Mar 30 03:46:33 
Mar 30 03:46:34 Count: 3 of 4
Mar 30 03:46:34 f015927 (1 / 1 tries):
Mar 30 03:46:34 Skipping f015927: min-ask
Mar 30 03:46:34 
Mar 30 03:46:35 Count: 3 of 4
Mar 30 03:46:35 f019104 (1 / 1 tries):
Mar 30 03:46:36 Skipping f019104: error-ask
Mar 30 03:46:36 
Mar 30 03:46:37 Count: 3 of 4
Mar 30 03:46:37 f019100 (1 / 1 tries):
Mar 30 03:46:37 Skipping f019100: error-ask
Mar 30 03:46:37 
Mar 30 03:46:38 Count: 3 of 4
Mar 30 03:46:38 f022352 (1 / 1 tries):
Mar 30 03:46:38 f0421499: 23.293832210218907393 FIL (11G free)
Mar 30 03:46:38 Escrow: 0.999645757255 FIL
Mar 30 03:46:38 Locked: 0.33249517244 FIL
Mar 30 03:46:39 Datacap: 3160693276672
Mar 30 03:46:39 ....
Mar 30 03:46:40 Count: 3 of 4
Mar 30 03:46:40 f014409 (1 / 1 tries):
Mar 30 03:46:40 f0421499: 23.293832210218907393 FIL (11G free)
Mar 30 03:46:40 Escrow: 0.999645757255 FIL
Mar 30 03:46:40 Locked: 0.33249517244 FIL
Mar 30 03:46:41 Datacap: 3160693276672
Mar 30 03:46:41 ....
Mar 30 03:46:42 Count: 3 of 4
Mar 30 03:46:42 f02606 (1 / 1 tries):
Mar 30 03:46:42 f0421499: 23.293832210218907393 FIL (11G free)
Mar 30 03:46:42 Escrow: 0.999645757255 FIL
Mar 30 03:46:42 Locked: 0.33249517244 FIL
Mar 30 03:46:42 Datacap: 3160693276672
Mar 30 03:46:42 ....
Mar 30 03:46:43 Count: 3 of 4
Mar 30 03:46:43 f01278 (1 / 1 tries):
Mar 30 03:46:44 f0421499: 23.293832210218907393 FIL (11G free)
Mar 30 03:46:44 Escrow: 0.999645757255 FIL
Mar 30 03:46:44 Locked: 0.33249517244 FIL
Mar 30 03:46:44 Datacap: 3160693276672
Mar 30 03:46:44 ....
Mar 30 03:46:45 Count: 3 of 4
Mar 30 03:46:45 f0157535 (1 / 1 tries):
Mar 30 03:46:46 f0421499: 23.293832210218907393 FIL (11G free)
Mar 30 03:46:46 Escrow: 0.999645757255 FIL
Mar 30 03:46:46 Locked: 0.33249517244 FIL
Mar 30 03:46:46 Datacap: 3160693276672
Mar 30 03:46:46 ....
Mar 30 03:46:47 Count: 3 of 4
Mar 30 03:46:47 f01240 (1 / 1 tries):
Mar 30 03:46:48 f0421499: 23.293832210218907393 FIL (11G free)
Mar 30 03:46:48 Escrow: 0.999645757255 FIL
Mar 30 03:46:48 Locked: 0.33249517244 FIL
Mar 30 03:46:48 Datacap: 3160693276672
Mar 30 03:46:48 ....
Mar 30 03:46:49 Count: 3 of 4
Mar 30 03:46:49 f08403 (1 / 1 tries):
Mar 30 03:46:49 f0421499: 23.293832210218907393 FIL (11G free)
Mar 30 03:46:49 Escrow: 0.999645757255 FIL
Mar 30 03:46:49 Locked: 0.33249517244 FIL
Mar 30 03:46:50 Datacap: 3160693276672
Mar 30 03:46:50 ....
Mar 30 03:46:51 Count: 3 of 4
Mar 30 03:46:51 f0145874 (1 / 1 tries):
Mar 30 03:46:51 f0421499: 23.293832210218907393 FIL (11G free)
Mar 30 03:46:51 Escrow: 0.999645757255 FIL
Mar 30 03:46:51 Locked: 0.33249517244 FIL
Mar 30 03:46:52 Datacap: 3160693276672
Mar 30 03:46:52 ....
Mar 30 03:46:53 Count: 3 of 4
Mar 30 03:46:53 f09848 (1 / 1 tries):
Mar 30 03:46:53 f0421499: 23.293832210218907393 FIL (11G free)
Mar 30 03:46:53 Escrow: 0.999645757255 FIL
Mar 30 03:46:53 Locked: 0.33249517244 FIL
Mar 30 03:46:53 Datacap: 3160693276672
Mar 30 03:46:53 ....
Mar 30 03:46:54 Count: 3 of 4
Mar 30 03:46:54 f01247 (1 / 1 tries):
Mar 30 03:46:55 f0421499: 23.293832210218907393 FIL (11G free)
Mar 30 03:46:55 Escrow: 0.999645757255 FIL
Mar 30 03:46:55 Locked: 0.33249517244 FIL
Mar 30 03:46:55 Datacap: 3160693276672
Mar 30 03:46:55 ....
Mar 30 03:46:56 Count: 3 of 4
Mar 30 03:46:56 f019551 (1 / 1 tries):
Mar 30 03:46:57 f0421499: 23.293832210218907393 FIL (11G free)
Mar 30 03:46:57 Escrow: 0.999645757255 FIL
Mar 30 03:46:57 Locked: 0.33249517244 FIL
Mar 30 03:46:57 Datacap: 3160693276672
Mar 30 03:46:57 ....
Mar 30 03:46:58 Count: 3 of 4
Mar 30 03:46:58 f021716 (1 / 1 tries):
Mar 30 03:46:58 f0421499: 23.293832210218907393 FIL (11G free)
Mar 30 03:46:58 Escrow: 0.999645757255 FIL
Mar 30 03:46:58 Locked: 0.33249517244 FIL
Mar 30 03:46:59 Datacap: 3160693276672
Mar 30 03:46:59 ....
Mar 30 03:47:00 Count: 3 of 4
Mar 30 03:47:00 f0165400 (1 / 1 tries):
Mar 30 03:47:00 f0421499: 23.293832210218907393 FIL (11G free)
Mar 30 03:47:00 Escrow: 0.999645757255 FIL
Mar 30 03:47:00 Locked: 0.33249517244 FIL
Mar 30 03:47:00 Datacap: 3160693276672
Mar 30 03:47:01 ....
Mar 30 03:47:02 Count: 3 of 4
Mar 30 03:47:02 f022142 (1 / 1 tries):
Mar 30 03:47:02 f0421499: 23.293832210218907393 FIL (11G free)
Mar 30 03:47:02 Escrow: 0.999645757255 FIL
Mar 30 03:47:02 Locked: 0.33249517244 FIL
Mar 30 03:47:02 Datacap: 3160693276672
Mar 30 03:47:02 ....
Mar 30 03:47:03 Count: 3 of 4
Mar 30 03:47:03 f01234 (1 / 1 tries):
Mar 30 03:47:04 f0421499: 23.293832210218907393 FIL (11G free)
Mar 30 03:47:04 Escrow: 0.999645757255 FIL
Mar 30 03:47:04 Locked: 0.33249517244 FIL
Mar 30 03:47:04 Datacap: 3160693276672
Mar 30 03:47:04 ....
Mar 30 03:47:05 Count: 3 of 4
Mar 30 03:47:05 f066596 (1 / 1 tries):
Mar 30 03:47:06 f0421499: 23.293832210218907393 FIL (11G free)
Mar 30 03:47:06 Escrow: 0.999645757255 FIL
Mar 30 03:47:06 Locked: 0.33249517244 FIL
Mar 30 03:47:06 Datacap: 3160693276672
Mar 30 03:47:06 ....
Mar 30 03:47:07 Count: 3 of 4
Mar 30 03:47:07 f062353 (1 / 1 tries):
Mar 30 03:47:07 f0421499: 23.293832210218907393 FIL (11G free)
Mar 30 03:47:07 Escrow: 0.999645757255 FIL
Mar 30 03:47:07 Locked: 0.33249517244 FIL
Mar 30 03:47:08 Datacap: 3160693276672
Mar 30 03:47:08 ....
Mar 30 03:47:09 Count: 3 of 4
Mar 30 03:47:09 f023467 (1 / 1 tries):
Mar 30 03:47:09 f0421499: 23.293832210218907393 FIL (11G free)
Mar 30 03:47:09 Escrow: 0.999645757255 FIL
Mar 30 03:47:09 Locked: 0.33249517244 FIL
Mar 30 03:47:09 Datacap: 3160693276672
Mar 30 03:47:09 ....
Mar 30 03:47:10 Count: 3 of 4
Mar 30 03:47:10 f010479 (1 / 1 tries):
Mar 30 03:47:11 f0421499: 23.293832210218907393 FIL (11G free)
Mar 30 03:47:11 Escrow: 0.999645757255 FIL
Mar 30 03:47:11 Locked: 0.33249517244 FIL
Mar 30 03:47:11 Datacap: 3160693276672
Mar 30 03:47:11 ....
Mar 30 03:47:12 Count: 3 of 4
Mar 30 03:47:12 f010617 (1 / 1 tries):
Mar 30 03:47:13 f0421499: 23.293832210218907393 FIL (11G free)
Mar 30 03:47:13 Escrow: 0.999645757255 FIL
Mar 30 03:47:13 Locked: 0.33249517244 FIL
Mar 30 03:47:13 Datacap: 3160693276672
Mar 30 03:47:13 ....
Mar 30 03:47:14 Count: 3 of 4
Mar 30 03:47:14 f019041 (1 / 1 tries):
Mar 30 03:47:15 f0421499: 23.293832210218907393 FIL (11G free)
Mar 30 03:47:15 Escrow: 0.999645757255 FIL
Mar 30 03:47:15 Locked: 0.33249517244 FIL
Mar 30 03:47:15 Datacap: 3160693276672
Mar 30 03:47:15 ....
Mar 30 03:47:16 Count: 3 of 4
Mar 30 03:47:16 f071624 (1 / 1 tries):
Mar 30 03:47:16 f0421499: 23.293832210218907393 FIL (11G free)
Mar 30 03:47:16 Escrow: 0.999645757255 FIL
Mar 30 03:47:16 Locked: 0.33249517244 FIL
Mar 30 03:47:17 Datacap: 3160693276672
Mar 30 03:47:17 ....
Mar 30 03:47:18 Count: 3 of 4
Mar 30 03:47:18 f023971 (1 / 1 tries):
Mar 30 03:47:18 f0421499: 23.293832210218907393 FIL (11G free)
Mar 30 03:47:18 Escrow: 0.999645757255 FIL
Mar 30 03:47:18 Locked: 0.33249517244 FIL
Mar 30 03:47:18 Datacap: 3160693276672
Mar 30 03:47:18 ....
Mar 30 03:47:19 Count: 3 of 4
Mar 30 03:47:19 f014768 (1 / 1 tries):
Mar 30 03:47:20 f0421499: 23.293832210218907393 FIL (11G free)
Mar 30 03:47:20 Escrow: 0.999645757255 FIL
Mar 30 03:47:20 Locked: 0.33249517244 FIL
Mar 30 03:47:20 Datacap: 3160693276672
Mar 30 03:47:20 ....
Mar 30 03:47:21 Count: 3 of 4
Mar 30 03:47:21 f022163 (1 / 1 tries):
Mar 30 03:47:22 f0421499: 23.293832210218907393 FIL (11G free)
Mar 30 03:47:22 Escrow: 0.999645757255 FIL
Mar 30 03:47:22 Locked: 0.33249517244 FIL
Mar 30 03:47:22 Datacap: 3160693276672
Mar 30 03:47:22 ....
