Mar 30 07:46:21 Count: 3 of 4
Mar 30 07:46:21 f023467 (1 / 1 tries):
Mar 30 07:46:22 f0421499: 23.293832210218907393 FIL (9.7G free)
Mar 30 07:46:22 Escrow: 0.999645757255 FIL
Mar 30 07:46:22 Locked: 0.33249517244 FIL
Mar 30 07:46:22 Datacap: 3160693276672
Mar 30 07:46:22 ....
Mar 30 07:46:23 Count: 3 of 4
Mar 30 07:46:23 f0165400 (1 / 1 tries):
Mar 30 07:46:24 f0421499: 23.293832210218907393 FIL (9.7G free)
Mar 30 07:46:24 Escrow: 0.999645757255 FIL
Mar 30 07:46:24 Locked: 0.33249517244 FIL
Mar 30 07:46:25 Datacap: 3160693276672
Mar 30 07:46:25 ....
Mar 30 07:46:26 Count: 3 of 4
Mar 30 07:46:26 f066596 (1 / 1 tries):
Mar 30 07:46:26 f0421499: 23.293832210218907393 FIL (9.7G free)
Mar 30 07:46:27 Escrow: 0.999645757255 FIL
Mar 30 07:46:27 Locked: 0.33249517244 FIL
Mar 30 07:46:27 Datacap: 3160693276672
Mar 30 07:46:27 ....
Mar 30 07:46:28 Count: 3 of 4
Mar 30 07:46:28 f02576 (1 / 1 tries):
Mar 30 07:46:29 f0421499: 23.293832210218907393 FIL (9.7G free)
Mar 30 07:46:29 Escrow: 0.999645757255 FIL
Mar 30 07:46:29 Locked: 0.33249517244 FIL
Mar 30 07:46:30 Datacap: 3160693276672
Mar 30 07:46:30 ....
Mar 30 07:46:31 Count: 3 of 4
Mar 30 07:46:31 f022142 (1 / 1 tries):
Mar 30 07:46:32 f0421499: 23.293832210218907393 FIL (9.7G free)
Mar 30 07:46:32 Escrow: 0.999645757255 FIL
Mar 30 07:46:32 Locked: 0.33249517244 FIL
Mar 30 07:46:33 Datacap: 3160693276672
Mar 30 07:46:33 ....
Mar 30 07:46:34 Count: 3 of 4
Mar 30 07:46:34 f01247 (1 / 1 tries):
Mar 30 07:46:35 f0421499: 23.293832210218907393 FIL (9.7G free)
Mar 30 07:46:35 Escrow: 0.999645757255 FIL
Mar 30 07:46:35 Locked: 0.33249517244 FIL
Mar 30 07:46:35 Datacap: 3160693276672
Mar 30 07:46:35 ....
Mar 30 07:46:36 Count: 3 of 4
Mar 30 07:46:36 f014768 (1 / 1 tries):
Mar 30 07:46:37 f0421499: 23.293832210218907393 FIL (9.7G free)
Mar 30 07:46:37 Escrow: 0.999645757255 FIL
Mar 30 07:46:37 Locked: 0.33249517244 FIL
Mar 30 07:46:38 Datacap: 3160693276672
Mar 30 07:46:38 ....
Mar 30 07:46:39 Count: 3 of 4
Mar 30 07:46:39 f0157535 (1 / 1 tries):
Mar 30 07:46:39 f0421499: 23.293832210218907393 FIL (9.7G free)
Mar 30 07:46:40 Escrow: 0.999645757255 FIL
Mar 30 07:46:40 Locked: 0.33249517244 FIL
Mar 30 07:46:40 Datacap: 3160693276672
Mar 30 07:46:40 ....
Mar 30 07:46:42 Count: 3 of 4
Mar 30 07:46:42 f019362 (1 / 1 tries):
Mar 30 07:46:42 f0421499: 23.293832210218907393 FIL (9.7G free)
Mar 30 07:46:42 Escrow: 0.999645757255 FIL
Mar 30 07:46:42 Locked: 0.33249517244 FIL
Mar 30 07:46:43 Datacap: 3160693276672
Mar 30 07:46:43 ....
Mar 30 07:46:44 Count: 3 of 4
Mar 30 07:46:44 f01278 (1 / 1 tries):
Mar 30 07:46:45 f0421499: 23.293832210218907393 FIL (9.7G free)
Mar 30 07:46:45 Escrow: 0.999645757255 FIL
Mar 30 07:46:45 Locked: 0.33249517244 FIL
Mar 30 07:46:45 Datacap: 3160693276672
Mar 30 07:46:45 ....
Mar 30 07:46:46 Count: 3 of 4
Mar 30 07:46:46 f015927 (1 / 1 tries):
Mar 30 07:46:47 Skipping f015927: min-ask
Mar 30 07:46:47 
Mar 30 07:46:48 Count: 3 of 4
Mar 30 07:46:48 f014409 (1 / 1 tries):
Mar 30 07:46:49 f0421499: 23.293832210218907393 FIL (9.6G free)
Mar 30 07:46:49 Escrow: 0.999645757255 FIL
Mar 30 07:46:49 Locked: 0.33249517244 FIL
Mar 30 07:46:49 Datacap: 3160693276672
Mar 30 07:46:50 ....
Mar 30 07:46:51 Count: 3 of 4
Mar 30 07:46:51 f071624 (1 / 1 tries):
Mar 30 07:46:51 f0421499: 23.293832210218907393 FIL (9.6G free)
Mar 30 07:46:51 Escrow: 0.999645757255 FIL
Mar 30 07:46:51 Locked: 0.33249517244 FIL
Mar 30 07:46:51 Datacap: 3160693276672
Mar 30 07:46:51 ....
Mar 30 07:46:52 Count: 3 of 4
Mar 30 07:46:52 f019551 (1 / 1 tries):
Mar 30 07:46:53 f0421499: 23.293832210218907393 FIL (9.6G free)
Mar 30 07:46:53 Escrow: 0.999645757255 FIL
Mar 30 07:46:53 Locked: 0.33249517244 FIL
Mar 30 07:46:54 Datacap: 3160693276672
Mar 30 07:46:54 ....
Mar 30 07:46:55 Count: 3 of 4
Mar 30 07:46:55 f0145874 (1 / 1 tries):
Mar 30 07:46:56 f0421499: 23.293832210218907393 FIL (9.6G free)
Mar 30 07:46:56 Escrow: 0.999645757255 FIL
Mar 30 07:46:56 Locked: 0.33249517244 FIL
Mar 30 07:46:56 Datacap: 3160693276672
Mar 30 07:46:56 ....
Mar 30 07:46:57 Count: 3 of 4
Mar 30 07:46:57 f099608 (1 / 1 tries):
Mar 30 07:46:58 f0421499: 23.293832210218907393 FIL (9.6G free)
Mar 30 07:46:58 Escrow: 0.999645757255 FIL
Mar 30 07:46:58 Locked: 0.33249517244 FIL
Mar 30 07:46:58 Datacap: 3160693276672
Mar 30 07:46:59 ....
Mar 30 07:47:00 Count: 3 of 4
Mar 30 07:47:00 f062353 (1 / 1 tries):
Mar 30 07:47:00 f0421499: 23.293832210218907393 FIL (9.6G free)
Mar 30 07:47:00 Escrow: 0.999645757255 FIL
Mar 30 07:47:00 Locked: 0.33249517244 FIL
Mar 30 07:47:01 Datacap: 3160693276672
Mar 30 07:47:01 ....
Mar 30 07:47:02 Count: 3 of 4
Mar 30 07:47:02 f058369 (1 / 1 tries):
Mar 30 07:47:02 f0421499: 23.293832210218907393 FIL (9.6G free)
Mar 30 07:47:03 Escrow: 0.999645757255 FIL
Mar 30 07:47:03 Locked: 0.33249517244 FIL
Mar 30 07:47:03 Datacap: 3160693276672
Mar 30 07:47:03 ....
Mar 30 07:47:04 Count: 3 of 4
Mar 30 07:47:04 f019041 (1 / 1 tries):
Mar 30 07:47:05 f0421499: 23.293832210218907393 FIL (9.6G free)
Mar 30 07:47:05 Escrow: 0.999645757255 FIL
Mar 30 07:47:05 Locked: 0.33249517244 FIL
Mar 30 07:47:05 Datacap: 3160693276672
Mar 30 07:47:05 ....
Mar 30 07:47:06 Count: 3 of 4
Mar 30 07:47:06 f010479 (1 / 1 tries):
Mar 30 07:47:07 f0421499: 23.293832210218907393 FIL (9.6G free)
Mar 30 07:47:07 Escrow: 0.999645757255 FIL
Mar 30 07:47:07 Locked: 0.33249517244 FIL
Mar 30 07:47:07 Datacap: 3160693276672
Mar 30 07:47:08 ....
Mar 30 07:47:09 Count: 3 of 4
Mar 30 07:47:09 f09848 (1 / 1 tries):
Mar 30 07:47:09 f0421499: 23.293832210218907393 FIL (9.6G free)
Mar 30 07:47:10 Escrow: 0.999645757255 FIL
Mar 30 07:47:10 Locked: 0.33249517244 FIL
Mar 30 07:47:10 Datacap: 3160693276672
Mar 30 07:47:10 ....
Mar 30 07:47:11 Count: 3 of 4
Mar 30 07:47:11 f019104 (1 / 1 tries):
Mar 30 07:47:12 Skipping f019104: error-ask
Mar 30 07:47:12 
Mar 30 07:47:13 Count: 3 of 4
Mar 30 07:47:13 f02606 (1 / 1 tries):
Mar 30 07:47:13 f0421499: 23.293832210218907393 FIL (9.6G free)
Mar 30 07:47:13 Escrow: 0.999645757255 FIL
Mar 30 07:47:13 Locked: 0.33249517244 FIL
Mar 30 07:47:14 Datacap: 3160693276672
Mar 30 07:47:14 ....
Mar 30 07:47:15 Count: 3 of 4
Mar 30 07:47:15 f08403 (1 / 1 tries):
Mar 30 07:47:16 f0421499: 23.293832210218907393 FIL (9.6G free)
Mar 30 07:47:16 Escrow: 0.999645757255 FIL
Mar 30 07:47:16 Locked: 0.33249517244 FIL
Mar 30 07:47:17 Datacap: 3160693276672
Mar 30 07:47:17 ....
Mar 30 07:47:18 Count: 3 of 4
Mar 30 07:47:18 f019100 (1 / 1 tries):
Mar 30 07:47:18 Skipping f019100: error-ask
Mar 30 07:47:18 
Mar 30 07:47:19 Count: 3 of 4
Mar 30 07:47:19 f01277 (1 / 1 tries):
Mar 30 07:47:20 Skipping f01277: min-ask
Mar 30 07:47:20 
Mar 30 07:47:21 Count: 3 of 4
Mar 30 07:47:21 f010617 (1 / 1 tries):
Mar 30 07:47:22 f0421499: 23.293832210218907393 FIL (9.6G free)
Mar 30 07:47:22 Escrow: 0.999645757255 FIL
Mar 30 07:47:22 Locked: 0.33249517244 FIL
Mar 30 07:47:22 Datacap: 3160693276672
Mar 30 07:47:23 ....
Mar 30 07:47:24 Count: 3 of 4
Mar 30 07:47:24 f022163 (1 / 1 tries):
Mar 30 07:47:24 f0421499: 23.293832210218907393 FIL (9.6G free)
Mar 30 07:47:24 Escrow: 0.999645757255 FIL
Mar 30 07:47:24 Locked: 0.33249517244 FIL
Mar 30 07:47:25 Datacap: 3160693276672
Mar 30 07:47:25 ....
Mar 30 07:47:26 Count: 3 of 4
Mar 30 07:47:26 f0127896 (1 / 1 tries):
Mar 30 07:47:27 Skipping f0127896: min-ask
Mar 30 07:47:27 
Mar 30 07:47:28 Count: 3 of 4
Mar 30 07:47:28 f01234 (1 / 1 tries):
Mar 30 07:47:28 f0421499: 23.293832210218907393 FIL (9.6G free)
Mar 30 07:47:28 Escrow: 0.999645757255 FIL
Mar 30 07:47:28 Locked: 0.33249517244 FIL
Mar 30 07:47:29 Datacap: 3160693276672
Mar 30 07:47:29 ....
Mar 30 07:47:30 Count: 3 of 4
Mar 30 07:47:30 f07998 (1 / 1 tries):
Mar 30 07:47:30 f0421499: 23.293832210218907393 FIL (9.6G free)
Mar 30 07:47:30 Escrow: 0.999645757255 FIL
Mar 30 07:47:30 Locked: 0.33249517244 FIL
Mar 30 07:47:31 Datacap: 3160693276672
Mar 30 07:47:31 ....
Mar 30 07:47:32 Count: 3 of 4
Mar 30 07:47:32 f08399 (1 / 1 tries):
Mar 30 07:47:33 f0421499: 23.293832210218907393 FIL (9.6G free)
Mar 30 07:47:33 Escrow: 0.999645757255 FIL
Mar 30 07:47:33 Locked: 0.33249517244 FIL
Mar 30 07:47:33 Datacap: 3160693276672
Mar 30 07:47:33 ....
Mar 30 07:47:35 Count: 3 of 4
Mar 30 07:47:35 f021716 (1 / 1 tries):
Mar 30 07:47:35 f0421499: 23.293832210218907393 FIL (9.6G free)
Mar 30 07:47:35 Escrow: 0.999645757255 FIL
Mar 30 07:47:35 Locked: 0.33249517244 FIL
Mar 30 07:47:35 Datacap: 3160693276672
Mar 30 07:47:35 ....
Mar 30 07:47:36 Count: 3 of 4
Mar 30 07:47:36 f01240 (1 / 1 tries):
Mar 30 07:47:37 f0421499: 23.293832210218907393 FIL (9.6G free)
Mar 30 07:47:38 Escrow: 0.999645757255 FIL
Mar 30 07:47:38 Locked: 0.33249517244 FIL
Mar 30 07:47:38 Datacap: 3160693276672
Mar 30 07:47:38 ....
Mar 30 07:47:39 Count: 3 of 4
Mar 30 07:47:39 f023971 (1 / 1 tries):
Mar 30 07:47:40 f0421499: 23.293832210218907393 FIL (9.6G free)
Mar 30 07:47:40 Escrow: 0.999645757255 FIL
Mar 30 07:47:40 Locked: 0.33249517244 FIL
Mar 30 07:47:41 Datacap: 3160693276672
Mar 30 07:47:41 ....
Mar 30 07:47:42 Count: 3 of 4
Mar 30 07:47:42 f022352 (1 / 1 tries):
Mar 30 07:47:43 f0421499: 23.293832210218907393 FIL (9.6G free)
Mar 30 07:47:43 Escrow: 0.999645757255 FIL
Mar 30 07:47:43 Locked: 0.33249517244 FIL
Mar 30 07:47:43 Datacap: 3160693276672
Mar 30 07:47:43 ....
