Mar 30 12:32:11 Count: 3 of 4
Mar 30 12:32:11 f0145874 (1 / 1 tries):
Mar 30 12:32:11 f0421499: 23.293832210218907393 FIL (8.8G free)
Mar 30 12:32:11 Escrow: 0.999645757255 FIL
Mar 30 12:32:11 Locked: 0.33249517244 FIL
Mar 30 12:32:12 Datacap: 3160693276672
Mar 30 12:32:12 ....
Mar 30 12:32:13 Count: 3 of 4
Mar 30 12:32:13 f023971 (1 / 1 tries):
Mar 30 12:32:14 f0421499: 23.293832210218907393 FIL (8.8G free)
Mar 30 12:32:14 Escrow: 0.999645757255 FIL
Mar 30 12:32:14 Locked: 0.33249517244 FIL
Mar 30 12:32:14 Datacap: 3160693276672
Mar 30 12:32:15 ....
Mar 30 12:32:16 Count: 3 of 4
Mar 30 12:32:16 f058369 (1 / 1 tries):
Mar 30 12:32:16 f0421499: 23.293832210218907393 FIL (8.8G free)
Mar 30 12:32:16 Escrow: 0.999645757255 FIL
Mar 30 12:32:16 Locked: 0.33249517244 FIL
Mar 30 12:32:17 Datacap: 3160693276672
Mar 30 12:32:17 ....
Mar 30 12:32:18 Count: 3 of 4
Mar 30 12:32:18 f010617 (1 / 1 tries):
Mar 30 12:32:19 f0421499: 23.293832210218907393 FIL (8.8G free)
Mar 30 12:32:19 Escrow: 0.999645757255 FIL
Mar 30 12:32:19 Locked: 0.33249517244 FIL
Mar 30 12:32:19 Datacap: 3160693276672
Mar 30 12:32:20 ....
Mar 30 12:32:21 Count: 3 of 4
Mar 30 12:32:21 f02606 (1 / 1 tries):
Mar 30 12:32:21 f0421499: 23.293832210218907393 FIL (8.8G free)
Mar 30 12:32:22 Escrow: 0.999645757255 FIL
Mar 30 12:32:22 Locked: 0.33249517244 FIL
Mar 30 12:32:22 Datacap: 3160693276672
Mar 30 12:32:22 ....
Mar 30 12:32:23 Count: 3 of 4
Mar 30 12:32:23 f015927 (1 / 1 tries):
Mar 30 12:32:24 Skipping f015927: min-ask
Mar 30 12:32:24 
Mar 30 12:32:25 Count: 3 of 4
Mar 30 12:32:25 f019551 (1 / 1 tries):
Mar 30 12:32:26 f0421499: 23.293832210218907393 FIL (8.8G free)
Mar 30 12:32:26 Escrow: 0.999645757255 FIL
Mar 30 12:32:26 Locked: 0.33249517244 FIL
Mar 30 12:32:26 Datacap: 3160693276672
Mar 30 12:32:27 ....
Mar 30 12:32:28 Count: 3 of 4
Mar 30 12:32:28 f07998 (1 / 1 tries):
Mar 30 12:32:28 f0421499: 23.293832210218907393 FIL (8.8G free)
Mar 30 12:32:28 Escrow: 0.999645757255 FIL
Mar 30 12:32:28 Locked: 0.33249517244 FIL
Mar 30 12:32:29 Datacap: 3160693276672
Mar 30 12:32:29 ....
Mar 30 12:32:30 Count: 3 of 4
Mar 30 12:32:30 f019362 (1 / 1 tries):
Mar 30 12:32:30 f0421499: 23.293832210218907393 FIL (8.8G free)
Mar 30 12:32:30 Escrow: 0.999645757255 FIL
Mar 30 12:32:30 Locked: 0.33249517244 FIL
Mar 30 12:32:31 Datacap: 3160693276672
Mar 30 12:32:31 ....
Mar 30 12:32:32 Count: 3 of 4
Mar 30 12:32:32 f019100 (1 / 1 tries):
Mar 30 12:32:32 Skipping f019100: error-ask
Mar 30 12:32:32 
Mar 30 12:32:33 Count: 3 of 4
Mar 30 12:32:33 f01277 (1 / 1 tries):
Mar 30 12:32:34 Skipping f01277: min-ask
Mar 30 12:32:34 
Mar 30 12:32:35 Count: 3 of 4
Mar 30 12:32:35 f0165400 (1 / 1 tries):
Mar 30 12:32:36 f0421499: 23.293832210218907393 FIL (8.8G free)
Mar 30 12:32:36 Escrow: 0.999645757255 FIL
Mar 30 12:32:36 Locked: 0.33249517244 FIL
Mar 30 12:32:36 Datacap: 3160693276672
Mar 30 12:32:36 ....
Mar 30 12:32:37 Count: 3 of 4
Mar 30 12:32:37 f01247 (1 / 1 tries):
Mar 30 12:32:38 f0421499: 23.293832210218907393 FIL (8.8G free)
Mar 30 12:32:38 Escrow: 0.999645757255 FIL
Mar 30 12:32:38 Locked: 0.33249517244 FIL
Mar 30 12:32:39 Datacap: 3160693276672
Mar 30 12:32:39 ....
Mar 30 12:32:40 Count: 3 of 4
Mar 30 12:32:40 f022352 (1 / 1 tries):
Mar 30 12:32:41 f0421499: 23.293832210218907393 FIL (8.8G free)
Mar 30 12:32:41 Escrow: 0.999645757255 FIL
Mar 30 12:32:41 Locked: 0.33249517244 FIL
Mar 30 12:32:41 Datacap: 3160693276672
Mar 30 12:32:41 ....
Mar 30 12:32:43 Count: 3 of 4
Mar 30 12:32:43 f01278 (1 / 1 tries):
Mar 30 12:32:43 f0421499: 23.293832210218907393 FIL (8.8G free)
Mar 30 12:32:44 Escrow: 0.999645757255 FIL
Mar 30 12:32:44 Locked: 0.33249517244 FIL
Mar 30 12:32:44 Datacap: 3160693276672
Mar 30 12:32:44 ....
Mar 30 12:32:45 Count: 3 of 4
Mar 30 12:32:45 f01234 (1 / 1 tries):
Mar 30 12:32:46 f0421499: 23.293832210218907393 FIL (8.8G free)
Mar 30 12:32:46 Escrow: 0.999645757255 FIL
Mar 30 12:32:46 Locked: 0.33249517244 FIL
Mar 30 12:32:47 Datacap: 3160693276672
Mar 30 12:32:47 ....
Mar 30 12:32:48 Count: 3 of 4
Mar 30 12:32:48 f022142 (1 / 1 tries):
Mar 30 12:32:49 f0421499: 23.293832210218907393 FIL (8.8G free)
Mar 30 12:32:49 Escrow: 0.999645757255 FIL
Mar 30 12:32:49 Locked: 0.33249517244 FIL
Mar 30 12:32:50 Datacap: 3160693276672
Mar 30 12:32:50 ....
Mar 30 12:32:51 Count: 3 of 4
Mar 30 12:32:51 f09848 (1 / 1 tries):
Mar 30 12:32:51 f0421499: 23.293832210218907393 FIL (8.8G free)
Mar 30 12:32:51 Escrow: 0.999645757255 FIL
Mar 30 12:32:51 Locked: 0.33249517244 FIL
Mar 30 12:32:52 Datacap: 3160693276672
Mar 30 12:32:52 ....
Mar 30 12:32:53 Count: 3 of 4
Mar 30 12:32:53 f0157535 (1 / 1 tries):
Mar 30 12:32:54 f0421499: 23.293832210218907393 FIL (8.8G free)
Mar 30 12:32:54 Escrow: 0.999645757255 FIL
Mar 30 12:32:54 Locked: 0.33249517244 FIL
Mar 30 12:32:54 Datacap: 3160693276672
Mar 30 12:32:55 ....
Mar 30 12:32:56 Count: 3 of 4
Mar 30 12:32:56 f023467 (1 / 1 tries):
Mar 30 12:32:56 f0421499: 23.293832210218907393 FIL (8.8G free)
Mar 30 12:32:57 Escrow: 0.999645757255 FIL
Mar 30 12:32:57 Locked: 0.33249517244 FIL
Mar 30 12:32:57 Datacap: 3160693276672
Mar 30 12:32:57 ....
Mar 30 12:32:58 Count: 3 of 4
Mar 30 12:32:58 f066596 (1 / 1 tries):
Mar 30 12:32:59 f0421499: 23.293832210218907393 FIL (8.8G free)
Mar 30 12:32:59 Escrow: 0.999645757255 FIL
Mar 30 12:32:59 Locked: 0.33249517244 FIL
Mar 30 12:33:00 Datacap: 3160693276672
Mar 30 12:33:00 ....
Mar 30 12:33:01 Count: 3 of 4
Mar 30 12:33:01 f022163 (1 / 1 tries):
Mar 30 12:33:02 f0421499: 23.293832210218907393 FIL (8.8G free)
Mar 30 12:33:02 Escrow: 0.999645757255 FIL
Mar 30 12:33:02 Locked: 0.33249517244 FIL
Mar 30 12:33:03 Datacap: 3160693276672
Mar 30 12:33:03 ....
Mar 30 12:33:04 Count: 3 of 4
Mar 30 12:33:04 f014409 (1 / 1 tries):
Mar 30 12:33:04 f0421499: 23.293832210218907393 FIL (8.8G free)
Mar 30 12:33:04 Escrow: 0.999645757255 FIL
Mar 30 12:33:04 Locked: 0.33249517244 FIL
Mar 30 12:33:05 Datacap: 3160693276672
Mar 30 12:33:05 ....
Mar 30 12:33:06 Count: 3 of 4
Mar 30 12:33:06 f071624 (1 / 1 tries):
Mar 30 12:33:07 f0421499: 23.293832210218907393 FIL (8.8G free)
Mar 30 12:33:07 Escrow: 0.999645757255 FIL
Mar 30 12:33:07 Locked: 0.33249517244 FIL
Mar 30 12:33:07 Datacap: 3160693276672
Mar 30 12:33:08 ....
Mar 30 12:33:09 Count: 3 of 4
Mar 30 12:33:09 f014768 (1 / 1 tries):
Mar 30 12:33:09 f0421499: 23.293832210218907393 FIL (8.8G free)
Mar 30 12:33:09 Escrow: 0.999645757255 FIL
Mar 30 12:33:09 Locked: 0.33249517244 FIL
Mar 30 12:33:10 Datacap: 3160693276672
Mar 30 12:33:10 ....
Mar 30 12:33:11 Count: 3 of 4
Mar 30 12:33:11 f08403 (1 / 1 tries):
Mar 30 12:33:11 f0421499: 23.293832210218907393 FIL (8.8G free)
Mar 30 12:33:12 Escrow: 0.999645757255 FIL
Mar 30 12:33:12 Locked: 0.33249517244 FIL
Mar 30 12:33:12 Datacap: 3160693276672
Mar 30 12:33:12 ....
Mar 30 12:33:13 Count: 3 of 4
Mar 30 12:33:13 f02576 (1 / 1 tries):
Mar 30 12:33:14 f0421499: 23.293832210218907393 FIL (8.8G free)
Mar 30 12:33:14 Escrow: 0.999645757255 FIL
Mar 30 12:33:14 Locked: 0.33249517244 FIL
Mar 30 12:33:15 Datacap: 3160693276672
Mar 30 12:33:15 ....
Mar 30 12:33:16 Count: 3 of 4
Mar 30 12:33:16 f062353 (1 / 1 tries):
Mar 30 12:33:16 f0421499: 23.293832210218907393 FIL (8.8G free)
Mar 30 12:33:17 Escrow: 0.999645757255 FIL
Mar 30 12:33:17 Locked: 0.33249517244 FIL
Mar 30 12:33:17 Datacap: 3160693276672
Mar 30 12:33:17 ....
Mar 30 12:33:18 Count: 3 of 4
Mar 30 12:33:18 f019104 (1 / 1 tries):
Mar 30 12:33:18 Skipping f019104: error-ask
Mar 30 12:33:18 
Mar 30 12:33:19 Count: 3 of 4
Mar 30 12:33:19 f099608 (1 / 1 tries):
Mar 30 12:33:20 f0421499: 23.293832210218907393 FIL (8.8G free)
Mar 30 12:33:20 Escrow: 0.999645757255 FIL
Mar 30 12:33:20 Locked: 0.33249517244 FIL
Mar 30 12:33:21 Datacap: 3160693276672
Mar 30 12:33:21 ....
Mar 30 12:33:22 Count: 3 of 4
Mar 30 12:33:22 f021716 (1 / 1 tries):
Mar 30 12:33:22 f0421499: 23.293832210218907393 FIL (8.8G free)
Mar 30 12:33:23 Escrow: 0.999645757255 FIL
Mar 30 12:33:23 Locked: 0.33249517244 FIL
Mar 30 12:33:23 Datacap: 3160693276672
Mar 30 12:33:23 ....
Mar 30 12:33:24 Count: 3 of 4
Mar 30 12:33:24 f08399 (1 / 1 tries):
Mar 30 12:33:25 f0421499: 23.293832210218907393 FIL (8.8G free)
Mar 30 12:33:25 Escrow: 0.999645757255 FIL
Mar 30 12:33:25 Locked: 0.33249517244 FIL
Mar 30 12:33:25 Datacap: 3160693276672
Mar 30 12:33:25 ....
Mar 30 12:33:26 Count: 3 of 4
Mar 30 12:33:26 f010479 (1 / 1 tries):
Mar 30 12:33:27 f0421499: 23.293832210218907393 FIL (8.8G free)
Mar 30 12:33:27 Escrow: 0.999645757255 FIL
Mar 30 12:33:27 Locked: 0.33249517244 FIL
Mar 30 12:33:27 Datacap: 3160693276672
Mar 30 12:33:28 ....
Mar 30 12:33:29 Count: 3 of 4
Mar 30 12:33:29 f0127896 (1 / 1 tries):
Mar 30 12:33:29 Skipping f0127896: min-ask
Mar 30 12:33:29 
Mar 30 12:33:30 Count: 3 of 4
Mar 30 12:33:30 f019041 (1 / 1 tries):
Mar 30 12:33:31 f0421499: 23.293832210218907393 FIL (8.8G free)
Mar 30 12:33:31 Escrow: 0.999645757255 FIL
Mar 30 12:33:31 Locked: 0.33249517244 FIL
Mar 30 12:33:32 Datacap: 3160693276672
Mar 30 12:33:32 ....
Mar 30 12:33:33 Count: 3 of 4
Mar 30 12:33:33 f01240 (1 / 1 tries):
Mar 30 12:33:34 f0421499: 23.293832210218907393 FIL (8.8G free)
Mar 30 12:33:34 Escrow: 0.999645757255 FIL
Mar 30 12:33:34 Locked: 0.33249517244 FIL
Mar 30 12:33:34 Datacap: 3160693276672
Mar 30 12:33:34 ....
