Mar 29 22:29:44 Count: 3 of 4
Mar 29 22:29:44 f019551 (1 / 1 tries):
Mar 29 22:29:44 f0421499: 23.312892448539058353 FIL (96G free)
Mar 29 22:29:44 Escrow: 0.999999997255 FIL
Mar 29 22:29:44 Locked: 0.33251649052 FIL
Mar 29 22:29:44 Datacap: 4088406212608
Mar 29 22:29:44 ....
Mar 29 22:29:45 Count: 3 of 4
Mar 29 22:29:45 f08403 (1 / 1 tries):
Mar 29 22:29:46 f0421499: 23.312892448539058353 FIL (96G free)
Mar 29 22:29:46 Escrow: 0.999999997255 FIL
Mar 29 22:29:46 Locked: 0.33251649052 FIL
Mar 29 22:29:46 Datacap: 4088406212608
Mar 29 22:29:46 ....
Mar 29 22:29:47 Count: 3 of 4
Mar 29 22:29:47 f0157535 (1 / 1 tries):
Mar 29 22:29:48 f0421499: 23.312892448539058353 FIL (96G free)
Mar 29 22:29:48 Escrow: 0.999999997255 FIL
Mar 29 22:29:48 Locked: 0.33251649052 FIL
Mar 29 22:29:48 Datacap: 4088406212608
Mar 29 22:29:48 ....
Mar 29 22:29:49 Count: 3 of 4
Mar 29 22:29:49 f0127896 (1 / 1 tries):
Mar 29 22:29:49 Skipping f0127896: min-ask
Mar 29 22:29:49 
Mar 29 22:29:50 Count: 3 of 4
Mar 29 22:29:50 f02606 (1 / 1 tries):
Mar 29 22:29:51 f0421499: 23.312892448539058353 FIL (96G free)
Mar 29 22:29:51 Escrow: 0.999999997255 FIL
Mar 29 22:29:51 Locked: 0.33251649052 FIL
Mar 29 22:29:51 Datacap: 4088406212608
Mar 29 22:29:51 ....
Mar 29 22:29:52 Count: 3 of 4
Mar 29 22:29:52 f08399 (1 / 1 tries):
Mar 29 22:29:52 f0421499: 23.312892448539058353 FIL (96G free)
Mar 29 22:29:53 Escrow: 0.999999997255 FIL
Mar 29 22:29:53 Locked: 0.33251649052 FIL
Mar 29 22:29:53 Datacap: 4088406212608
Mar 29 22:29:53 ....
Mar 29 22:29:54 Count: 3 of 4
Mar 29 22:29:54 f014409 (1 / 1 tries):
Mar 29 22:29:54 f0421499: 23.312892448539058353 FIL (96G free)
Mar 29 22:29:55 Escrow: 0.999999997255 FIL
Mar 29 22:29:55 Locked: 0.33251649052 FIL
Mar 29 22:29:55 Datacap: 4088406212608
Mar 29 22:29:55 ....
Mar 29 22:29:56 Count: 3 of 4
Mar 29 22:29:56 f0165400 (1 / 1 tries):
Mar 29 22:29:56 f0421499: 23.312892448539058353 FIL (96G free)
Mar 29 22:29:56 Escrow: 0.999999997255 FIL
Mar 29 22:29:56 Locked: 0.33251649052 FIL
Mar 29 22:29:56 Datacap: 4088406212608
Mar 29 22:29:57 ....
Mar 29 22:29:58 Count: 3 of 4
Mar 29 22:29:58 f066596 (1 / 1 tries):
Mar 29 22:29:58 f0421499: 23.312892448539058353 FIL (96G free)
Mar 29 22:29:58 Escrow: 0.999999997255 FIL
Mar 29 22:29:58 Locked: 0.33251649052 FIL
Mar 29 22:29:58 Datacap: 4088406212608
Mar 29 22:29:58 ....
Mar 29 22:29:59 Count: 3 of 4
Mar 29 22:29:59 f022352 (1 / 1 tries):
Mar 29 22:30:00 f0421499: 23.312892448539058353 FIL (96G free)
Mar 29 22:30:00 Escrow: 0.999999997255 FIL
Mar 29 22:30:00 Locked: 0.33251649052 FIL
Mar 29 22:30:00 Datacap: 4088406212608
Mar 29 22:30:00 ....
Mar 29 22:30:01 Count: 3 of 4
Mar 29 22:30:01 f023467 (1 / 1 tries):
Mar 29 22:30:02 f0421499: 23.312892448539058353 FIL (96G free)
Mar 29 22:30:02 Escrow: 0.999999997255 FIL
Mar 29 22:30:02 Locked: 0.33251649052 FIL
Mar 29 22:30:02 Datacap: 4088406212608
Mar 29 22:30:02 ....
Mar 29 22:30:03 Count: 3 of 4
Mar 29 22:30:03 f099608 (1 / 1 tries):
Mar 29 22:30:04 f0421499: 23.312892448539058353 FIL (96G free)
Mar 29 22:30:04 Escrow: 0.999999997255 FIL
Mar 29 22:30:04 Locked: 0.33251649052 FIL
Mar 29 22:30:05 Datacap: 4088406212608
Mar 29 22:30:05 ....
Mar 29 22:30:06 Count: 3 of 4
Mar 29 22:30:06 f01234 (1 / 1 tries):
Mar 29 22:30:06 f0421499: 23.312892448539058353 FIL (96G free)
Mar 29 22:30:06 Escrow: 0.999999997255 FIL
Mar 29 22:30:06 Locked: 0.33251649052 FIL
Mar 29 22:30:07 Datacap: 4088406212608
Mar 29 22:30:07 ....
Mar 29 22:30:08 Count: 3 of 4
Mar 29 22:30:08 f022163 (1 / 1 tries):
Mar 29 22:30:08 f0421499: 23.312892448539058353 FIL (96G free)
Mar 29 22:30:08 Escrow: 0.999999997255 FIL
Mar 29 22:30:08 Locked: 0.33251649052 FIL
Mar 29 22:30:08 Datacap: 4088406212608
Mar 29 22:30:08 ....
Mar 29 22:30:10 Count: 3 of 4
Mar 29 22:30:10 f0145874 (1 / 1 tries):
Mar 29 22:30:10 f0421499: 23.312892448539058353 FIL (96G free)
Mar 29 22:30:10 Escrow: 0.999999997255 FIL
Mar 29 22:30:10 Locked: 0.33251649052 FIL
Mar 29 22:30:10 Datacap: 4088406212608
Mar 29 22:30:10 ....
Mar 29 22:30:11 Count: 3 of 4
Mar 29 22:30:11 f021716 (1 / 1 tries):
Mar 29 22:30:12 f0421499: 23.312892448539058353 FIL (96G free)
Mar 29 22:30:12 Escrow: 0.999999997255 FIL
Mar 29 22:30:12 Locked: 0.33251649052 FIL
Mar 29 22:30:12 Datacap: 4088406212608
Mar 29 22:30:12 ....
Mar 29 22:30:13 Count: 3 of 4
Mar 29 22:30:13 f019041 (1 / 1 tries):
Mar 29 22:30:14 f0421499: 23.312892448539058353 FIL (96G free)
Mar 29 22:30:14 Escrow: 0.999999997255 FIL
Mar 29 22:30:14 Locked: 0.33251649052 FIL
Mar 29 22:30:14 Datacap: 4088406212608
Mar 29 22:30:14 ....
Mar 29 22:30:15 Count: 3 of 4
Mar 29 22:30:15 f01277 (1 / 1 tries):
Mar 29 22:30:15 Skipping f01277: min-ask
Mar 29 22:30:15 
Mar 29 22:30:16 Count: 3 of 4
Mar 29 22:30:16 f019104 (1 / 1 tries):
Mar 29 22:30:17 f0421499: 23.312892448539058353 FIL (96G free)
Mar 29 22:30:17 Escrow: 0.999999997255 FIL
Mar 29 22:30:17 Locked: 0.33251649052 FIL
Mar 29 22:30:17 Datacap: 4088406212608
Mar 29 22:30:17 ....
Mar 29 22:30:18 Count: 3 of 4
Mar 29 22:30:18 f015927 (1 / 1 tries):
Mar 29 22:30:18 f0421499: 23.312892448539058353 FIL (96G free)
Mar 29 22:30:18 Escrow: 0.999999997255 FIL
Mar 29 22:30:18 Locked: 0.33251649052 FIL
Mar 29 22:30:19 Datacap: 4088406212608
Mar 29 22:30:19 ....
Mar 29 22:30:20 Count: 3 of 4
Mar 29 22:30:20 f02576 (1 / 1 tries):
Mar 29 22:30:20 f0421499: 23.312892448539058353 FIL (96G free)
Mar 29 22:30:20 Escrow: 0.999999997255 FIL
Mar 29 22:30:20 Locked: 0.33251649052 FIL
Mar 29 22:30:20 Datacap: 4088406212608
Mar 29 22:30:20 ....
Mar 29 22:30:21 Count: 3 of 4
Mar 29 22:30:21 f09848 (1 / 1 tries):
Mar 29 22:30:22 f0421499: 23.312892448539058353 FIL (96G free)
Mar 29 22:30:22 Escrow: 0.999999997255 FIL
Mar 29 22:30:22 Locked: 0.33251649052 FIL
Mar 29 22:30:22 Datacap: 4088406212608
Mar 29 22:30:22 ....
Mar 29 22:30:23 Count: 3 of 4
Mar 29 22:30:23 f071624 (1 / 1 tries):
Mar 29 22:30:24 f0421499: 23.312892448539058353 FIL (96G free)
Mar 29 22:30:24 Escrow: 0.999999997255 FIL
Mar 29 22:30:24 Locked: 0.33251649052 FIL
Mar 29 22:30:24 Datacap: 4088406212608
Mar 29 22:30:24 ....
Mar 29 22:30:25 Count: 3 of 4
Mar 29 22:30:25 f010617 (1 / 1 tries):
Mar 29 22:30:25 f0421499: 23.312892448539058353 FIL (96G free)
Mar 29 22:30:26 Escrow: 0.999999997255 FIL
Mar 29 22:30:26 Locked: 0.33251649052 FIL
Mar 29 22:30:26 Datacap: 4088406212608
Mar 29 22:30:26 ....
Mar 29 22:30:27 Count: 3 of 4
Mar 29 22:30:27 f010479 (1 / 1 tries):
Mar 29 22:30:27 f0421499: 23.312892448539058353 FIL (96G free)
Mar 29 22:30:27 Escrow: 0.999999997255 FIL
Mar 29 22:30:27 Locked: 0.33251649052 FIL
Mar 29 22:30:28 Datacap: 4088406212608
Mar 29 22:30:28 ....
Mar 29 22:30:29 Count: 3 of 4
Mar 29 22:30:29 f058369 (1 / 1 tries):
Mar 29 22:30:29 f0421499: 23.312892448539058353 FIL (95G free)
Mar 29 22:30:29 Escrow: 0.999999997255 FIL
Mar 29 22:30:29 Locked: 0.33251649052 FIL
Mar 29 22:30:29 Datacap: 4088406212608
Mar 29 22:30:29 ....
Mar 29 22:30:30 Count: 3 of 4
Mar 29 22:30:30 f023971 (1 / 1 tries):
Mar 29 22:30:31 f0421499: 23.312892448539058353 FIL (95G free)
Mar 29 22:30:31 Escrow: 0.999999997255 FIL
Mar 29 22:30:31 Locked: 0.33251649052 FIL
Mar 29 22:30:31 Datacap: 4088406212608
Mar 29 22:30:31 ....
Mar 29 22:30:32 Count: 3 of 4
Mar 29 22:30:32 f01240 (1 / 1 tries):
Mar 29 22:30:33 f0421499: 23.312892448539058353 FIL (95G free)
Mar 29 22:30:33 Escrow: 0.999999997255 FIL
Mar 29 22:30:33 Locked: 0.33251649052 FIL
Mar 29 22:30:33 Datacap: 4088406212608
Mar 29 22:30:33 ....
Mar 29 22:30:35 Count: 3 of 4
Mar 29 22:30:35 f019100 (1 / 1 tries):
Mar 29 22:30:35 Skipping f019100: error-ask
Mar 29 22:30:35 
Mar 29 22:30:36 Count: 3 of 4
Mar 29 22:30:36 f014768 (1 / 1 tries):
Mar 29 22:30:37 f0421499: 23.312892448539058353 FIL (95G free)
Mar 29 22:30:37 Escrow: 0.999999997255 FIL
Mar 29 22:30:37 Locked: 0.33251649052 FIL
Mar 29 22:30:37 Datacap: 4088406212608
Mar 29 22:30:37 ....
Mar 29 22:30:38 Count: 3 of 4
Mar 29 22:30:38 f022142 (1 / 1 tries):
Mar 29 22:30:38 f0421499: 23.312892448539058353 FIL (95G free)
Mar 29 22:30:39 Escrow: 0.999999997255 FIL
Mar 29 22:30:39 Locked: 0.33251649052 FIL
Mar 29 22:30:39 Datacap: 4088406212608
Mar 29 22:30:39 ....
Mar 29 22:30:40 Count: 3 of 4
Mar 29 22:30:40 f01247 (1 / 1 tries):
Mar 29 22:30:40 f0421499: 23.312892448539058353 FIL (95G free)
Mar 29 22:30:40 Escrow: 0.999999997255 FIL
Mar 29 22:30:40 Locked: 0.33251649052 FIL
Mar 29 22:30:41 Datacap: 4088406212608
Mar 29 22:30:41 ....
Mar 29 22:30:42 Count: 3 of 4
Mar 29 22:30:42 f019362 (1 / 1 tries):
Mar 29 22:30:42 f0421499: 23.312892448539058353 FIL (95G free)
Mar 29 22:30:42 Escrow: 0.999999997255 FIL
Mar 29 22:30:42 Locked: 0.33251649052 FIL
Mar 29 22:30:42 Datacap: 4088406212608
Mar 29 22:30:42 ....
Mar 29 22:30:43 Count: 3 of 4
Mar 29 22:30:43 f01278 (1 / 1 tries):
Mar 29 22:30:44 f0421499: 23.312892448539058353 FIL (95G free)
Mar 29 22:30:44 Escrow: 0.999999997255 FIL
Mar 29 22:30:44 Locked: 0.33251649052 FIL
Mar 29 22:30:44 Datacap: 4088406212608
Mar 29 22:30:44 ....
Mar 29 22:30:45 Count: 3 of 4
Mar 29 22:30:45 f07998 (1 / 1 tries):
Mar 29 22:30:46 f0421499: 23.312892448539058353 FIL (95G free)
Mar 29 22:30:46 Escrow: 0.999999997255 FIL
Mar 29 22:30:46 Locked: 0.33251649052 FIL
Mar 29 22:30:47 Datacap: 4088406212608
Mar 29 22:30:47 ....
Mar 29 22:30:48 Count: 3 of 4
Mar 29 22:30:48 f062353 (1 / 1 tries):
Mar 29 22:30:49 f0421499: 23.312892448539058353 FIL (95G free)
Mar 29 22:30:49 Escrow: 0.999999997255 FIL
Mar 29 22:30:49 Locked: 0.33251649052 FIL
Mar 29 22:30:49 Datacap: 4088406212608
Mar 29 22:30:49 ....
