Mar 30 10:46:35 Count: 3 of 4
Mar 30 10:46:35 f023467 (1 / 1 tries):
Mar 30 10:46:35 f0421499: 23.293832210218907393 FIL (9.1G free)
Mar 30 10:46:35 Escrow: 0.999645757255 FIL
Mar 30 10:46:35 Locked: 0.33249517244 FIL
Mar 30 10:46:35 Datacap: 3160693276672
Mar 30 10:46:36 ....
Mar 30 10:46:37 Count: 3 of 4
Mar 30 10:46:37 f010479 (1 / 1 tries):
Mar 30 10:46:37 f0421499: 23.293832210218907393 FIL (9.1G free)
Mar 30 10:46:38 Escrow: 0.999645757255 FIL
Mar 30 10:46:38 Locked: 0.33249517244 FIL
Mar 30 10:46:38 Datacap: 3160693276672
Mar 30 10:46:38 ....
Mar 30 10:46:39 Count: 3 of 4
Mar 30 10:46:39 f0127896 (1 / 1 tries):
Mar 30 10:46:39 Skipping f0127896: min-ask
Mar 30 10:46:39 
Mar 30 10:46:40 Count: 3 of 4
Mar 30 10:46:40 f099608 (1 / 1 tries):
Mar 30 10:46:41 f0421499: 23.293832210218907393 FIL (9.1G free)
Mar 30 10:46:41 Escrow: 0.999645757255 FIL
Mar 30 10:46:41 Locked: 0.33249517244 FIL
Mar 30 10:46:42 Datacap: 3160693276672
Mar 30 10:46:42 ....
Mar 30 10:46:43 Count: 3 of 4
Mar 30 10:46:43 f019551 (1 / 1 tries):
Mar 30 10:46:44 f0421499: 23.293832210218907393 FIL (9.1G free)
Mar 30 10:46:44 Escrow: 0.999645757255 FIL
Mar 30 10:46:44 Locked: 0.33249517244 FIL
Mar 30 10:46:45 Datacap: 3160693276672
Mar 30 10:46:45 ....
Mar 30 10:46:46 Count: 3 of 4
Mar 30 10:46:46 f02606 (1 / 1 tries):
Mar 30 10:46:46 f0421499: 23.293832210218907393 FIL (9.1G free)
Mar 30 10:46:46 Escrow: 0.999645757255 FIL
Mar 30 10:46:46 Locked: 0.33249517244 FIL
Mar 30 10:46:46 Datacap: 3160693276672
Mar 30 10:46:46 ....
Mar 30 10:46:48 Count: 3 of 4
Mar 30 10:46:48 f08403 (1 / 1 tries):
Mar 30 10:46:48 f0421499: 23.293832210218907393 FIL (9.1G free)
Mar 30 10:46:49 Escrow: 0.999645757255 FIL
Mar 30 10:46:49 Locked: 0.33249517244 FIL
Mar 30 10:46:49 Datacap: 3160693276672
Mar 30 10:46:49 ....
Mar 30 10:46:50 Count: 3 of 4
Mar 30 10:46:50 f019100 (1 / 1 tries):
Mar 30 10:46:51 Skipping f019100: error-ask
Mar 30 10:46:51 
Mar 30 10:46:52 Count: 3 of 4
Mar 30 10:46:52 f01277 (1 / 1 tries):
Mar 30 10:46:52 Skipping f01277: min-ask
Mar 30 10:46:52 
Mar 30 10:46:53 Count: 3 of 4
Mar 30 10:46:53 f019104 (1 / 1 tries):
Mar 30 10:46:53 Skipping f019104: error-ask
Mar 30 10:46:53 
Mar 30 10:46:54 Count: 3 of 4
Mar 30 10:46:54 f022163 (1 / 1 tries):
Mar 30 10:46:55 f0421499: 23.293832210218907393 FIL (9.1G free)
Mar 30 10:46:55 Escrow: 0.999645757255 FIL
Mar 30 10:46:55 Locked: 0.33249517244 FIL
Mar 30 10:46:56 Datacap: 3160693276672
Mar 30 10:46:56 ....
Mar 30 10:46:57 Count: 3 of 4
Mar 30 10:46:57 f0145874 (1 / 1 tries):
Mar 30 10:46:58 f0421499: 23.293832210218907393 FIL (9.1G free)
Mar 30 10:46:58 Escrow: 0.999645757255 FIL
Mar 30 10:46:58 Locked: 0.33249517244 FIL
Mar 30 10:46:58 Datacap: 3160693276672
Mar 30 10:46:58 ....
Mar 30 10:46:59 Count: 3 of 4
Mar 30 10:46:59 f021716 (1 / 1 tries):
Mar 30 10:47:00 f0421499: 23.293832210218907393 FIL (9.1G free)
Mar 30 10:47:00 Escrow: 0.999645757255 FIL
Mar 30 10:47:00 Locked: 0.33249517244 FIL
Mar 30 10:47:01 Datacap: 3160693276672
Mar 30 10:47:01 ....
Mar 30 10:47:02 Count: 3 of 4
Mar 30 10:47:02 f01278 (1 / 1 tries):
Mar 30 10:47:03 f0421499: 23.293832210218907393 FIL (9.1G free)
Mar 30 10:47:03 Escrow: 0.999645757255 FIL
Mar 30 10:47:03 Locked: 0.33249517244 FIL
Mar 30 10:47:03 Datacap: 3160693276672
Mar 30 10:47:04 ....
Mar 30 10:47:05 Count: 3 of 4
Mar 30 10:47:05 f058369 (1 / 1 tries):
Mar 30 10:47:05 f0421499: 23.293832210218907393 FIL (9.1G free)
Mar 30 10:47:05 Escrow: 0.999645757255 FIL
Mar 30 10:47:05 Locked: 0.33249517244 FIL
Mar 30 10:47:05 Datacap: 3160693276672
Mar 30 10:47:06 ....
Mar 30 10:47:07 Count: 3 of 4
Mar 30 10:47:07 f019041 (1 / 1 tries):
Mar 30 10:47:07 f0421499: 23.293832210218907393 FIL (9.1G free)
Mar 30 10:47:08 Escrow: 0.999645757255 FIL
Mar 30 10:47:08 Locked: 0.33249517244 FIL
Mar 30 10:47:08 Datacap: 3160693276672
Mar 30 10:47:08 ....
Mar 30 10:47:09 Count: 3 of 4
Mar 30 10:47:09 f0157535 (1 / 1 tries):
Mar 30 10:47:10 f0421499: 23.293832210218907393 FIL (9.1G free)
Mar 30 10:47:10 Escrow: 0.999645757255 FIL
Mar 30 10:47:10 Locked: 0.33249517244 FIL
Mar 30 10:47:10 Datacap: 3160693276672
Mar 30 10:47:10 ....
Mar 30 10:47:11 Count: 3 of 4
Mar 30 10:47:11 f062353 (1 / 1 tries):
Mar 30 10:47:12 f0421499: 23.293832210218907393 FIL (9.1G free)
Mar 30 10:47:12 Escrow: 0.999645757255 FIL
Mar 30 10:47:12 Locked: 0.33249517244 FIL
Mar 30 10:47:12 Datacap: 3160693276672
Mar 30 10:47:13 ....
Mar 30 10:47:14 Count: 3 of 4
Mar 30 10:47:14 f014409 (1 / 1 tries):
Mar 30 10:47:14 f0421499: 23.293832210218907393 FIL (9.1G free)
Mar 30 10:47:14 Escrow: 0.999645757255 FIL
Mar 30 10:47:14 Locked: 0.33249517244 FIL
Mar 30 10:47:15 Datacap: 3160693276672
Mar 30 10:47:15 ....
Mar 30 10:47:16 Count: 3 of 4
Mar 30 10:47:16 f019362 (1 / 1 tries):
Mar 30 10:47:16 f0421499: 23.293832210218907393 FIL (9.1G free)
Mar 30 10:47:16 Escrow: 0.999645757255 FIL
Mar 30 10:47:16 Locked: 0.33249517244 FIL
Mar 30 10:47:17 Datacap: 3160693276672
Mar 30 10:47:17 ....
Mar 30 10:47:18 Count: 3 of 4
Mar 30 10:47:18 f022142 (1 / 1 tries):
Mar 30 10:47:19 f0421499: 23.293832210218907393 FIL (9.1G free)
Mar 30 10:47:19 Escrow: 0.999645757255 FIL
Mar 30 10:47:19 Locked: 0.33249517244 FIL
Mar 30 10:47:19 Datacap: 3160693276672
Mar 30 10:47:20 ....
Mar 30 10:47:21 Count: 3 of 4
Mar 30 10:47:21 f01240 (1 / 1 tries):
Mar 30 10:47:21 f0421499: 23.293832210218907393 FIL (9.1G free)
Mar 30 10:47:21 Escrow: 0.999645757255 FIL
Mar 30 10:47:21 Locked: 0.33249517244 FIL
Mar 30 10:47:22 Datacap: 3160693276672
Mar 30 10:47:22 ....
Mar 30 10:47:23 Count: 3 of 4
Mar 30 10:47:23 f09848 (1 / 1 tries):
Mar 30 10:47:23 f0421499: 23.293832210218907393 FIL (9.1G free)
Mar 30 10:47:23 Escrow: 0.999645757255 FIL
Mar 30 10:47:23 Locked: 0.33249517244 FIL
Mar 30 10:47:24 Datacap: 3160693276672
Mar 30 10:47:24 ....
Mar 30 10:47:25 Count: 3 of 4
Mar 30 10:47:25 f022352 (1 / 1 tries):
Mar 30 10:47:26 f0421499: 23.293832210218907393 FIL (9.1G free)
Mar 30 10:47:26 Escrow: 0.999645757255 FIL
Mar 30 10:47:26 Locked: 0.33249517244 FIL
Mar 30 10:47:27 Datacap: 3160693276672
Mar 30 10:47:27 ....
Mar 30 10:47:28 Count: 3 of 4
Mar 30 10:47:28 f010617 (1 / 1 tries):
Mar 30 10:47:29 f0421499: 23.293832210218907393 FIL (9.1G free)
Mar 30 10:47:29 Escrow: 0.999645757255 FIL
Mar 30 10:47:29 Locked: 0.33249517244 FIL
Mar 30 10:47:29 Datacap: 3160693276672
Mar 30 10:47:30 ....
Mar 30 10:47:31 Count: 3 of 4
Mar 30 10:47:31 f014768 (1 / 1 tries):
Mar 30 10:47:31 f0421499: 23.293832210218907393 FIL (9.1G free)
Mar 30 10:47:31 Escrow: 0.999645757255 FIL
Mar 30 10:47:31 Locked: 0.33249517244 FIL
Mar 30 10:47:32 Datacap: 3160693276672
Mar 30 10:47:32 ....
Mar 30 10:47:33 Count: 3 of 4
Mar 30 10:47:33 f07998 (1 / 1 tries):
Mar 30 10:47:33 f0421499: 23.293832210218907393 FIL (9.1G free)
Mar 30 10:47:34 Escrow: 0.999645757255 FIL
Mar 30 10:47:34 Locked: 0.33249517244 FIL
Mar 30 10:47:34 Datacap: 3160693276672
Mar 30 10:47:34 ....
Mar 30 10:47:35 Count: 3 of 4
Mar 30 10:47:35 f071624 (1 / 1 tries):
Mar 30 10:47:36 f0421499: 23.293832210218907393 FIL (9.1G free)
Mar 30 10:47:36 Escrow: 0.999645757255 FIL
Mar 30 10:47:36 Locked: 0.33249517244 FIL
Mar 30 10:47:36 Datacap: 3160693276672
Mar 30 10:47:36 ....
Mar 30 10:47:37 Count: 3 of 4
Mar 30 10:47:37 f0165400 (1 / 1 tries):
Mar 30 10:47:38 f0421499: 23.293832210218907393 FIL (9.1G free)
Mar 30 10:47:38 Escrow: 0.999645757255 FIL
Mar 30 10:47:38 Locked: 0.33249517244 FIL
Mar 30 10:47:38 Datacap: 3160693276672
Mar 30 10:47:38 ....
Mar 30 10:47:39 Count: 3 of 4
Mar 30 10:47:39 f066596 (1 / 1 tries):
Mar 30 10:47:40 f0421499: 23.293832210218907393 FIL (9.1G free)
Mar 30 10:47:40 Escrow: 0.999645757255 FIL
Mar 30 10:47:40 Locked: 0.33249517244 FIL
Mar 30 10:47:40 Datacap: 3160693276672
Mar 30 10:47:41 ....
Mar 30 10:47:42 Count: 3 of 4
Mar 30 10:47:42 f015927 (1 / 1 tries):
Mar 30 10:47:42 Skipping f015927: min-ask
Mar 30 10:47:42 
Mar 30 10:47:43 Count: 3 of 4
Mar 30 10:47:43 f01247 (1 / 1 tries):
Mar 30 10:47:43 f0421499: 23.293832210218907393 FIL (9.1G free)
Mar 30 10:47:43 Escrow: 0.999645757255 FIL
Mar 30 10:47:43 Locked: 0.33249517244 FIL
Mar 30 10:47:44 Datacap: 3160693276672
Mar 30 10:47:44 ....
Mar 30 10:47:45 Count: 3 of 4
Mar 30 10:47:45 f02576 (1 / 1 tries):
Mar 30 10:47:45 f0421499: 23.293832210218907393 FIL (9.1G free)
Mar 30 10:47:45 Escrow: 0.999645757255 FIL
Mar 30 10:47:45 Locked: 0.33249517244 FIL
Mar 30 10:47:46 Datacap: 3160693276672
Mar 30 10:47:46 ....
Mar 30 10:47:47 Count: 3 of 4
Mar 30 10:47:47 f023971 (1 / 1 tries):
Mar 30 10:47:47 f0421499: 23.293832210218907393 FIL (9.1G free)
Mar 30 10:47:47 Escrow: 0.999645757255 FIL
Mar 30 10:47:47 Locked: 0.33249517244 FIL
Mar 30 10:47:48 Datacap: 3160693276672
Mar 30 10:47:48 ....
Mar 30 10:47:49 Count: 3 of 4
Mar 30 10:47:49 f08399 (1 / 1 tries):
Mar 30 10:47:49 f0421499: 23.293832210218907393 FIL (9.1G free)
Mar 30 10:47:50 Escrow: 0.999645757255 FIL
Mar 30 10:47:50 Locked: 0.33249517244 FIL
Mar 30 10:47:50 Datacap: 3160693276672
Mar 30 10:47:50 ....
Mar 30 10:47:51 Count: 3 of 4
Mar 30 10:47:51 f01234 (1 / 1 tries):
Mar 30 10:47:52 f0421499: 23.293832210218907393 FIL (9.1G free)
Mar 30 10:47:52 Escrow: 0.999645757255 FIL
Mar 30 10:47:52 Locked: 0.33249517244 FIL
Mar 30 10:47:52 Datacap: 3160693276672
Mar 30 10:47:53 ....
