Mar 29 21:37:47 Count: 3 of 4
Mar 29 21:37:47 f01278 (1 / 1 tries):
Mar 29 21:37:47 f0421499: 23.320216755419847521 FIL (143G free)
Mar 29 21:37:47 Escrow: 0.999999997255 FIL
Mar 29 21:37:47 Locked: 0.33251649052 FIL
Mar 29 21:37:48 Datacap: 4225845166080
Mar 29 21:37:48 ....
Mar 29 21:37:49 Count: 3 of 4
Mar 29 21:37:49 f019104 (1 / 1 tries):
Mar 29 21:37:49 f0421499: 23.320216755419847521 FIL (143G free)
Mar 29 21:37:49 Escrow: 0.999999997255 FIL
Mar 29 21:37:49 Locked: 0.33251649052 FIL
Mar 29 21:37:50 Datacap: 4225845166080
Mar 29 21:37:50 ....
Mar 29 21:37:51 Count: 3 of 4
Mar 29 21:37:51 f058369 (1 / 1 tries):
Mar 29 21:37:51 f0421499: 23.320216755419847521 FIL (143G free)
Mar 29 21:37:51 Escrow: 0.999999997255 FIL
Mar 29 21:37:51 Locked: 0.33251649052 FIL
Mar 29 21:37:51 Datacap: 4225845166080
Mar 29 21:37:51 ....
Mar 29 21:37:52 Count: 3 of 4
Mar 29 21:37:52 f07998 (1 / 1 tries):
Mar 29 21:37:53 f0421499: 23.320216755419847521 FIL (143G free)
Mar 29 21:37:53 Escrow: 0.999999997255 FIL
Mar 29 21:37:53 Locked: 0.33251649052 FIL
Mar 29 21:37:53 Datacap: 4225845166080
Mar 29 21:37:53 ....
Mar 29 21:37:54 Count: 3 of 4
Mar 29 21:37:54 f015927 (1 / 1 tries):
Mar 29 21:37:55 f0421499: 23.320216755419847521 FIL (143G free)
Mar 29 21:37:55 Escrow: 0.999999997255 FIL
Mar 29 21:37:55 Locked: 0.33251649052 FIL
Mar 29 21:37:55 Datacap: 4225845166080
Mar 29 21:37:55 ....
Mar 29 21:37:56 Count: 3 of 4
Mar 29 21:37:56 f08399 (1 / 1 tries):
Mar 29 21:37:57 f0421499: 23.320216755419847521 FIL (143G free)
Mar 29 21:37:57 Escrow: 0.999999997255 FIL
Mar 29 21:37:57 Locked: 0.33251649052 FIL
Mar 29 21:37:58 Datacap: 4225845166080
Mar 29 21:37:58 ....
Mar 29 21:37:59 Count: 3 of 4
Mar 29 21:37:59 f09848 (1 / 1 tries):
Mar 29 21:37:59 f0421499: 23.320216755419847521 FIL (143G free)
Mar 29 21:38:00 Escrow: 0.999999997255 FIL
Mar 29 21:38:00 Locked: 0.33251649052 FIL
Mar 29 21:38:00 Datacap: 4225845166080
Mar 29 21:38:00 ....
Mar 29 21:38:01 Count: 3 of 4
Mar 29 21:38:01 f0145874 (1 / 1 tries):
Mar 29 21:38:02 f0421499: 23.320216755419847521 FIL (143G free)
Mar 29 21:38:02 Escrow: 0.999999997255 FIL
Mar 29 21:38:02 Locked: 0.33251649052 FIL
Mar 29 21:38:02 Datacap: 4225845166080
Mar 29 21:38:02 ....
Mar 29 21:38:03 Count: 3 of 4
Mar 29 21:38:03 f019551 (1 / 1 tries):
Mar 29 21:38:04 f0421499: 23.320216755419847521 FIL (143G free)
Mar 29 21:38:04 Escrow: 0.999999997255 FIL
Mar 29 21:38:04 Locked: 0.33251649052 FIL
Mar 29 21:38:04 Datacap: 4225845166080
Mar 29 21:38:04 ....
Mar 29 21:38:05 Count: 3 of 4
Mar 29 21:38:05 f01247 (1 / 1 tries):
Mar 29 21:38:06 f0421499: 23.320216755419847521 FIL (143G free)
Mar 29 21:38:06 Escrow: 0.999999997255 FIL
Mar 29 21:38:06 Locked: 0.33251649052 FIL
Mar 29 21:38:06 Datacap: 4225845166080
Mar 29 21:38:06 ....
Mar 29 21:38:08 Count: 3 of 4
Mar 29 21:38:08 f022163 (1 / 1 tries):
Mar 29 21:38:08 f0421499: 23.320216755419847521 FIL (143G free)
Mar 29 21:38:09 Escrow: 0.999999997255 FIL
Mar 29 21:38:09 Locked: 0.33251649052 FIL
Mar 29 21:38:09 Datacap: 4225845166080
Mar 29 21:38:10 ....
Mar 29 21:38:11 Count: 3 of 4
Mar 29 21:38:11 f022352 (1 / 1 tries):
Mar 29 21:38:11 f0421499: 23.320216755419847521 FIL (143G free)
Mar 29 21:38:11 Escrow: 0.999999997255 FIL
Mar 29 21:38:11 Locked: 0.33251649052 FIL
Mar 29 21:38:11 Datacap: 4225845166080
Mar 29 21:38:11 ....
Mar 29 21:38:12 Count: 3 of 4
Mar 29 21:38:12 f010617 (1 / 1 tries):
Mar 29 21:38:13 f0421499: 23.320216755419847521 FIL (143G free)
Mar 29 21:38:13 Escrow: 0.999999997255 FIL
Mar 29 21:38:13 Locked: 0.33251649052 FIL
Mar 29 21:38:13 Datacap: 4225845166080
Mar 29 21:38:13 ....
Mar 29 21:38:14 Count: 3 of 4
Mar 29 21:38:14 f023971 (1 / 1 tries):
Mar 29 21:38:15 f0421499: 23.320216755419847521 FIL (143G free)
Mar 29 21:38:15 Escrow: 0.999999997255 FIL
Mar 29 21:38:15 Locked: 0.33251649052 FIL
Mar 29 21:38:15 Datacap: 4225845166080
Mar 29 21:38:15 ....
Mar 29 21:38:16 Count: 3 of 4
Mar 29 21:38:16 f014768 (1 / 1 tries):
Mar 29 21:38:17 f0421499: 23.320216755419847521 FIL (143G free)
Mar 29 21:38:17 Escrow: 0.999999997255 FIL
Mar 29 21:38:17 Locked: 0.33251649052 FIL
Mar 29 21:38:17 Datacap: 4225845166080
Mar 29 21:38:17 ....
Mar 29 21:38:18 Count: 3 of 4
Mar 29 21:38:18 f019041 (1 / 1 tries):
Mar 29 21:38:18 f0421499: 23.320216755419847521 FIL (143G free)
Mar 29 21:38:19 Escrow: 0.999999997255 FIL
Mar 29 21:38:19 Locked: 0.33251649052 FIL
Mar 29 21:38:19 Datacap: 4225845166080
Mar 29 21:38:19 ....
Mar 29 21:38:20 Count: 3 of 4
Mar 29 21:38:20 f0165400 (1 / 1 tries):
Mar 29 21:38:20 f0421499: 23.320216755419847521 FIL (143G free)
Mar 29 21:38:20 Escrow: 0.999999997255 FIL
Mar 29 21:38:20 Locked: 0.33251649052 FIL
Mar 29 21:38:21 Datacap: 4225845166080
Mar 29 21:38:21 ....
Mar 29 21:38:22 Count: 3 of 4
Mar 29 21:38:22 f02606 (1 / 1 tries):
Mar 29 21:38:22 f0421499: 23.320216755419847521 FIL (143G free)
Mar 29 21:38:22 Escrow: 0.999999997255 FIL
Mar 29 21:38:22 Locked: 0.33251649052 FIL
Mar 29 21:38:23 Datacap: 4225845166080
Mar 29 21:38:23 ....
Mar 29 21:38:24 Count: 3 of 4
Mar 29 21:38:24 f01234 (1 / 1 tries):
Mar 29 21:38:24 f0421499: 23.320216755419847521 FIL (143G free)
Mar 29 21:38:24 Escrow: 0.999999997255 FIL
Mar 29 21:38:24 Locked: 0.33251649052 FIL
Mar 29 21:38:25 Datacap: 4225845166080
Mar 29 21:38:25 ....
Mar 29 21:38:26 Count: 3 of 4
Mar 29 21:38:26 f019100 (1 / 1 tries):
Mar 29 21:38:26 Skipping f019100: error-ask
Mar 29 21:38:26 
Mar 29 21:38:27 Count: 3 of 4
Mar 29 21:38:27 f010479 (1 / 1 tries):
Mar 29 21:38:28 f0421499: 23.320216755419847521 FIL (143G free)
Mar 29 21:38:28 Escrow: 0.999999997255 FIL
Mar 29 21:38:28 Locked: 0.33251649052 FIL
Mar 29 21:38:28 Datacap: 4225845166080
Mar 29 21:38:28 ....
Mar 29 21:38:29 Count: 3 of 4
Mar 29 21:38:29 f08403 (1 / 1 tries):
Mar 29 21:38:30 f0421499: 23.320216755419847521 FIL (143G free)
Mar 29 21:38:30 Escrow: 0.999999997255 FIL
Mar 29 21:38:30 Locked: 0.33251649052 FIL
Mar 29 21:38:31 Datacap: 4225845166080
Mar 29 21:38:31 ....
Mar 29 21:38:32 Count: 3 of 4
Mar 29 21:38:32 f099608 (1 / 1 tries):
Mar 29 21:38:32 f0421499: 23.320216755419847521 FIL (143G free)
Mar 29 21:38:32 Escrow: 0.999999997255 FIL
Mar 29 21:38:32 Locked: 0.33251649052 FIL
Mar 29 21:38:33 Datacap: 4225845166080
Mar 29 21:38:33 ....
Mar 29 21:38:34 Count: 3 of 4
Mar 29 21:38:34 f022142 (1 / 1 tries):
Mar 29 21:38:34 f0421499: 23.320216755419847521 FIL (143G free)
Mar 29 21:38:34 Escrow: 0.999999997255 FIL
Mar 29 21:38:34 Locked: 0.33251649052 FIL
Mar 29 21:38:35 Datacap: 4225845166080
Mar 29 21:38:35 ....
Mar 29 21:38:36 Count: 3 of 4
Mar 29 21:38:36 f062353 (1 / 1 tries):
Mar 29 21:38:36 f0421499: 23.320216755419847521 FIL (143G free)
Mar 29 21:38:36 Escrow: 0.999999997255 FIL
Mar 29 21:38:36 Locked: 0.33251649052 FIL
Mar 29 21:38:36 Datacap: 4225845166080
Mar 29 21:38:36 ....
Mar 29 21:38:37 Count: 3 of 4
Mar 29 21:38:37 f02576 (1 / 1 tries):
Mar 29 21:38:38 f0421499: 23.320216755419847521 FIL (143G free)
Mar 29 21:38:39 Escrow: 0.999999997255 FIL
Mar 29 21:38:39 Locked: 0.33251649052 FIL
Mar 29 21:38:39 Datacap: 4225845166080
Mar 29 21:38:39 ....
Mar 29 21:38:40 Count: 3 of 4
Mar 29 21:38:40 f0127896 (1 / 1 tries):
Mar 29 21:38:41 Skipping f0127896: min-ask
Mar 29 21:38:41 
Mar 29 21:38:42 Count: 3 of 4
Mar 29 21:38:42 f019362 (1 / 1 tries):
Mar 29 21:38:42 f0421499: 23.320216755419847521 FIL (143G free)
Mar 29 21:38:42 Escrow: 0.999999997255 FIL
Mar 29 21:38:42 Locked: 0.33251649052 FIL
Mar 29 21:38:42 Datacap: 4225845166080
Mar 29 21:38:42 ....
Mar 29 21:38:43 Count: 3 of 4
Mar 29 21:38:43 f021716 (1 / 1 tries):
Mar 29 21:38:44 f0421499: 23.320216755419847521 FIL (143G free)
Mar 29 21:38:44 Escrow: 0.999999997255 FIL
Mar 29 21:38:44 Locked: 0.33251649052 FIL
Mar 29 21:38:44 Datacap: 4225845166080
Mar 29 21:38:44 ....
Mar 29 21:38:45 Count: 3 of 4
Mar 29 21:38:45 f01240 (1 / 1 tries):
Mar 29 21:38:46 f0421499: 23.320216755419847521 FIL (143G free)
Mar 29 21:38:46 Escrow: 0.999999997255 FIL
Mar 29 21:38:46 Locked: 0.33251649052 FIL
Mar 29 21:38:46 Datacap: 4225845166080
Mar 29 21:38:46 ....
Mar 29 21:38:47 Count: 3 of 4
Mar 29 21:38:47 f071624 (1 / 1 tries):
Mar 29 21:38:48 f0421499: 23.320216755419847521 FIL (143G free)
Mar 29 21:38:48 Escrow: 0.999999997255 FIL
Mar 29 21:38:48 Locked: 0.33251649052 FIL
Mar 29 21:38:48 Datacap: 4225845166080
Mar 29 21:38:48 ....
Mar 29 21:38:49 Count: 3 of 4
Mar 29 21:38:49 f014409 (1 / 1 tries):
Mar 29 21:38:49 f0421499: 23.320216755419847521 FIL (143G free)
Mar 29 21:38:50 Escrow: 0.999999997255 FIL
Mar 29 21:38:50 Locked: 0.33251649052 FIL
Mar 29 21:38:50 Datacap: 4225845166080
Mar 29 21:38:50 ....
Mar 29 21:38:51 Count: 3 of 4
Mar 29 21:38:51 f0157535 (1 / 1 tries):
Mar 29 21:38:51 f0421499: 23.320216755419847521 FIL (143G free)
Mar 29 21:38:51 Escrow: 0.999999997255 FIL
Mar 29 21:38:51 Locked: 0.33251649052 FIL
Mar 29 21:38:52 Datacap: 4225845166080
Mar 29 21:38:52 ....
Mar 29 21:38:53 Count: 3 of 4
Mar 29 21:38:53 f01277 (1 / 1 tries):
Mar 29 21:38:53 Skipping f01277: min-ask
Mar 29 21:38:53 
Mar 29 21:38:54 Count: 3 of 4
Mar 29 21:38:54 f023467 (1 / 1 tries):
Mar 29 21:38:54 f0421499: 23.320216755419847521 FIL (143G free)
Mar 29 21:38:55 Escrow: 0.999999997255 FIL
Mar 29 21:38:55 Locked: 0.33251649052 FIL
Mar 29 21:38:55 Datacap: 4225845166080
Mar 29 21:38:55 ....
Mar 29 21:38:56 Count: 3 of 4
Mar 29 21:38:56 f066596 (1 / 1 tries):
Mar 29 21:38:56 f0421499: 23.320216755419847521 FIL (143G free)
Mar 29 21:38:56 Escrow: 0.999999997255 FIL
Mar 29 21:38:56 Locked: 0.33251649052 FIL
Mar 29 21:38:57 Datacap: 4225845166080
Mar 29 21:38:57 ....
