Mar 30 05:46:44 Count: 3 of 4
Mar 30 05:46:44 f08403 (1 / 1 tries):
Mar 30 05:46:44 f0421499: 23.293832210218907393 FIL (10G free)
Mar 30 05:46:45 Escrow: 0.999645757255 FIL
Mar 30 05:46:45 Locked: 0.33249517244 FIL
Mar 30 05:46:45 Datacap: 3160693276672
Mar 30 05:46:45 ....
Mar 30 05:46:46 Count: 3 of 4
Mar 30 05:46:46 f066596 (1 / 1 tries):
Mar 30 05:46:47 f0421499: 23.293832210218907393 FIL (10G free)
Mar 30 05:46:47 Escrow: 0.999645757255 FIL
Mar 30 05:46:47 Locked: 0.33249517244 FIL
Mar 30 05:46:48 Datacap: 3160693276672
Mar 30 05:46:48 ....
Mar 30 05:46:49 Count: 3 of 4
Mar 30 05:46:49 f019362 (1 / 1 tries):
Mar 30 05:46:50 f0421499: 23.293832210218907393 FIL (10G free)
Mar 30 05:46:50 Escrow: 0.999645757255 FIL
Mar 30 05:46:50 Locked: 0.33249517244 FIL
Mar 30 05:46:50 Datacap: 3160693276672
Mar 30 05:46:51 ....
Mar 30 05:46:52 Count: 3 of 4
Mar 30 05:46:52 f010617 (1 / 1 tries):
Mar 30 05:46:52 f0421499: 23.293832210218907393 FIL (10G free)
Mar 30 05:46:52 Escrow: 0.999645757255 FIL
Mar 30 05:46:52 Locked: 0.33249517244 FIL
Mar 30 05:46:53 Datacap: 3160693276672
Mar 30 05:46:53 ....
Mar 30 05:46:54 Count: 3 of 4
Mar 30 05:46:54 f02576 (1 / 1 tries):
Mar 30 05:46:54 f0421499: 23.293832210218907393 FIL (10G free)
Mar 30 05:46:54 Escrow: 0.999645757255 FIL
Mar 30 05:46:54 Locked: 0.33249517244 FIL
Mar 30 05:46:55 Datacap: 3160693276672
Mar 30 05:46:55 ....
Mar 30 05:46:56 Count: 3 of 4
Mar 30 05:46:56 f02606 (1 / 1 tries):
Mar 30 05:46:57 f0421499: 23.293832210218907393 FIL (10G free)
Mar 30 05:46:57 Escrow: 0.999645757255 FIL
Mar 30 05:46:57 Locked: 0.33249517244 FIL
Mar 30 05:46:58 Datacap: 3160693276672
Mar 30 05:46:58 ....
Mar 30 05:46:59 Count: 3 of 4
Mar 30 05:46:59 f01240 (1 / 1 tries):
Mar 30 05:46:59 f0421499: 23.293832210218907393 FIL (10G free)
Mar 30 05:46:59 Escrow: 0.999645757255 FIL
Mar 30 05:46:59 Locked: 0.33249517244 FIL
Mar 30 05:47:00 Datacap: 3160693276672
Mar 30 05:47:00 ....
Mar 30 05:47:01 Count: 3 of 4
Mar 30 05:47:01 f01234 (1 / 1 tries):
Mar 30 05:47:02 f0421499: 23.293832210218907393 FIL (10G free)
Mar 30 05:47:02 Escrow: 0.999645757255 FIL
Mar 30 05:47:02 Locked: 0.33249517244 FIL
Mar 30 05:47:03 Datacap: 3160693276672
Mar 30 05:47:03 ....
Mar 30 05:47:04 Count: 3 of 4
Mar 30 05:47:04 f071624 (1 / 1 tries):
Mar 30 05:47:04 f0421499: 23.293832210218907393 FIL (10G free)
Mar 30 05:47:04 Escrow: 0.999645757255 FIL
Mar 30 05:47:04 Locked: 0.33249517244 FIL
Mar 30 05:47:05 Datacap: 3160693276672
Mar 30 05:47:05 ....
Mar 30 05:47:06 Count: 3 of 4
Mar 30 05:47:06 f014409 (1 / 1 tries):
Mar 30 05:47:06 f0421499: 23.293832210218907393 FIL (10G free)
Mar 30 05:47:07 Escrow: 0.999645757255 FIL
Mar 30 05:47:07 Locked: 0.33249517244 FIL
Mar 30 05:47:07 Datacap: 3160693276672
Mar 30 05:47:07 ....
Mar 30 05:47:08 Count: 3 of 4
Mar 30 05:47:08 f019551 (1 / 1 tries):
Mar 30 05:47:09 f0421499: 23.293832210218907393 FIL (10G free)
Mar 30 05:47:09 Escrow: 0.999645757255 FIL
Mar 30 05:47:09 Locked: 0.33249517244 FIL
Mar 30 05:47:09 Datacap: 3160693276672
Mar 30 05:47:10 ....
Mar 30 05:47:11 Count: 3 of 4
Mar 30 05:47:11 f01278 (1 / 1 tries):
Mar 30 05:47:11 f0421499: 23.293832210218907393 FIL (10G free)
Mar 30 05:47:11 Escrow: 0.999645757255 FIL
Mar 30 05:47:11 Locked: 0.33249517244 FIL
Mar 30 05:47:12 Datacap: 3160693276672
Mar 30 05:47:12 ....
Mar 30 05:47:13 Count: 3 of 4
Mar 30 05:47:13 f023467 (1 / 1 tries):
Mar 30 05:47:13 f0421499: 23.293832210218907393 FIL (10G free)
Mar 30 05:47:14 Escrow: 0.999645757255 FIL
Mar 30 05:47:14 Locked: 0.33249517244 FIL
Mar 30 05:47:14 Datacap: 3160693276672
Mar 30 05:47:14 ....
Mar 30 05:47:15 Count: 3 of 4
Mar 30 05:47:15 f09848 (1 / 1 tries):
Mar 30 05:47:16 f0421499: 23.293832210218907393 FIL (10G free)
Mar 30 05:47:16 Escrow: 0.999645757255 FIL
Mar 30 05:47:16 Locked: 0.33249517244 FIL
Mar 30 05:47:16 Datacap: 3160693276672
Mar 30 05:47:17 ....
Mar 30 05:47:18 Count: 3 of 4
Mar 30 05:47:18 f010479 (1 / 1 tries):
Mar 30 05:47:18 f0421499: 23.293832210218907393 FIL (10G free)
Mar 30 05:47:18 Escrow: 0.999645757255 FIL
Mar 30 05:47:18 Locked: 0.33249517244 FIL
Mar 30 05:47:19 Datacap: 3160693276672
Mar 30 05:47:19 ....
Mar 30 05:47:20 Count: 3 of 4
Mar 30 05:47:20 f0157535 (1 / 1 tries):
Mar 30 05:47:21 f0421499: 23.293832210218907393 FIL (10G free)
Mar 30 05:47:21 Escrow: 0.999645757255 FIL
Mar 30 05:47:21 Locked: 0.33249517244 FIL
Mar 30 05:47:21 Datacap: 3160693276672
Mar 30 05:47:22 ....
Mar 30 05:47:23 Count: 3 of 4
Mar 30 05:47:23 f099608 (1 / 1 tries):
Mar 30 05:47:23 f0421499: 23.293832210218907393 FIL (10G free)
Mar 30 05:47:23 Escrow: 0.999645757255 FIL
Mar 30 05:47:23 Locked: 0.33249517244 FIL
Mar 30 05:47:24 Datacap: 3160693276672
Mar 30 05:47:24 ....
Mar 30 05:47:25 Count: 3 of 4
Mar 30 05:47:25 f014768 (1 / 1 tries):
Mar 30 05:47:26 f0421499: 23.293832210218907393 FIL (10G free)
Mar 30 05:47:26 Escrow: 0.999645757255 FIL
Mar 30 05:47:26 Locked: 0.33249517244 FIL
Mar 30 05:47:27 Datacap: 3160693276672
Mar 30 05:47:27 ....
Mar 30 05:47:28 Count: 3 of 4
Mar 30 05:47:28 f058369 (1 / 1 tries):
Mar 30 05:47:29 f0421499: 23.293832210218907393 FIL (10G free)
Mar 30 05:47:29 Escrow: 0.999645757255 FIL
Mar 30 05:47:29 Locked: 0.33249517244 FIL
Mar 30 05:47:29 Datacap: 3160693276672
Mar 30 05:47:29 ....
Mar 30 05:47:30 Count: 3 of 4
Mar 30 05:47:30 f019041 (1 / 1 tries):
Mar 30 05:47:31 f0421499: 23.293832210218907393 FIL (10G free)
Mar 30 05:47:31 Escrow: 0.999645757255 FIL
Mar 30 05:47:31 Locked: 0.33249517244 FIL
Mar 30 05:47:32 Datacap: 3160693276672
Mar 30 05:47:32 ....
Mar 30 05:47:33 Count: 3 of 4
Mar 30 05:47:33 f07998 (1 / 1 tries):
Mar 30 05:47:34 f0421499: 23.293832210218907393 FIL (10G free)
Mar 30 05:47:34 Escrow: 0.999645757255 FIL
Mar 30 05:47:34 Locked: 0.33249517244 FIL
Mar 30 05:47:34 Datacap: 3160693276672
Mar 30 05:47:35 ....
Mar 30 05:47:36 Count: 3 of 4
Mar 30 05:47:36 f01277 (1 / 1 tries):
Mar 30 05:47:36 Skipping f01277: min-ask
Mar 30 05:47:36 
Mar 30 05:47:37 Count: 3 of 4
Mar 30 05:47:37 f01247 (1 / 1 tries):
Mar 30 05:47:38 f0421499: 23.293832210218907393 FIL (10G free)
Mar 30 05:47:38 Escrow: 0.999645757255 FIL
Mar 30 05:47:38 Locked: 0.33249517244 FIL
Mar 30 05:47:39 Datacap: 3160693276672
Mar 30 05:47:39 ....
Mar 30 05:47:40 Count: 3 of 4
Mar 30 05:47:40 f019104 (1 / 1 tries):
Mar 30 05:47:40 Skipping f019104: error-ask
Mar 30 05:47:40 
Mar 30 05:47:41 Count: 3 of 4
Mar 30 05:47:41 f022163 (1 / 1 tries):
Mar 30 05:47:42 f0421499: 23.293832210218907393 FIL (10G free)
Mar 30 05:47:42 Escrow: 0.999645757255 FIL
Mar 30 05:47:42 Locked: 0.33249517244 FIL
Mar 30 05:47:42 Datacap: 3160693276672
Mar 30 05:47:43 ....
Mar 30 05:47:44 Count: 3 of 4
Mar 30 05:47:44 f015927 (1 / 1 tries):
Mar 30 05:47:44 Skipping f015927: min-ask
Mar 30 05:47:44 
Mar 30 05:47:45 Count: 3 of 4
Mar 30 05:47:45 f022352 (1 / 1 tries):
Mar 30 05:47:46 f0421499: 23.293832210218907393 FIL (10G free)
Mar 30 05:47:46 Escrow: 0.999645757255 FIL
Mar 30 05:47:46 Locked: 0.33249517244 FIL
Mar 30 05:47:46 Datacap: 3160693276672
Mar 30 05:47:46 ....
Mar 30 05:47:47 Count: 3 of 4
Mar 30 05:47:47 f023971 (1 / 1 tries):
Mar 30 05:47:48 f0421499: 23.293832210218907393 FIL (10G free)
Mar 30 05:47:48 Escrow: 0.999645757255 FIL
Mar 30 05:47:48 Locked: 0.33249517244 FIL
Mar 30 05:47:49 Datacap: 3160693276672
Mar 30 05:47:49 ....
Mar 30 05:47:50 Count: 3 of 4
Mar 30 05:47:50 f019100 (1 / 1 tries):
Mar 30 05:47:50 Skipping f019100: error-ask
Mar 30 05:47:50 
Mar 30 05:47:51 Count: 3 of 4
Mar 30 05:47:51 f0145874 (1 / 1 tries):
Mar 30 05:47:52 f0421499: 23.293832210218907393 FIL (10G free)
Mar 30 05:47:52 Escrow: 0.999645757255 FIL
Mar 30 05:47:52 Locked: 0.33249517244 FIL
Mar 30 05:47:52 Datacap: 3160693276672
Mar 30 05:47:52 ....
Mar 30 05:47:53 Count: 3 of 4
Mar 30 05:47:53 f062353 (1 / 1 tries):
Mar 30 05:47:54 f0421499: 23.293832210218907393 FIL (10G free)
Mar 30 05:47:54 Escrow: 0.999645757255 FIL
Mar 30 05:47:54 Locked: 0.33249517244 FIL
Mar 30 05:47:54 Datacap: 3160693276672
Mar 30 05:47:54 ....
Mar 30 05:47:55 Count: 3 of 4
Mar 30 05:47:55 f0165400 (1 / 1 tries):
Mar 30 05:47:56 f0421499: 23.293832210218907393 FIL (10G free)
Mar 30 05:47:56 Escrow: 0.999645757255 FIL
Mar 30 05:47:56 Locked: 0.33249517244 FIL
Mar 30 05:47:57 Datacap: 3160693276672
Mar 30 05:47:57 ....
Mar 30 05:47:58 Count: 3 of 4
Mar 30 05:47:58 f08399 (1 / 1 tries):
Mar 30 05:47:59 f0421499: 23.293832210218907393 FIL (10G free)
Mar 30 05:47:59 Escrow: 0.999645757255 FIL
Mar 30 05:47:59 Locked: 0.33249517244 FIL
Mar 30 05:47:59 Datacap: 3160693276672
Mar 30 05:47:59 ....
Mar 30 05:48:01 Count: 3 of 4
Mar 30 05:48:01 f022142 (1 / 1 tries):
Mar 30 05:48:01 f0421499: 23.293832210218907393 FIL (10G free)
Mar 30 05:48:01 Escrow: 0.999645757255 FIL
Mar 30 05:48:01 Locked: 0.33249517244 FIL
Mar 30 05:48:02 Datacap: 3160693276672
Mar 30 05:48:02 ....
Mar 30 05:48:03 Count: 3 of 4
Mar 30 05:48:03 f0127896 (1 / 1 tries):
Mar 30 05:48:04 Skipping f0127896: min-ask
Mar 30 05:48:04 
Mar 30 05:48:05 Count: 3 of 4
Mar 30 05:48:05 f021716 (1 / 1 tries):
Mar 30 05:48:06 f0421499: 23.293832210218907393 FIL (10G free)
Mar 30 05:48:06 Escrow: 0.999645757255 FIL
Mar 30 05:48:06 Locked: 0.33249517244 FIL
Mar 30 05:48:06 Datacap: 3160693276672
Mar 30 05:48:06 ....
