Mar 30 04:16:24 Count: 3 of 4
Mar 30 04:16:24 f01240 (1 / 1 tries):
Mar 30 04:16:24 f0421499: 23.293832210218907393 FIL (11G free)
Mar 30 04:16:25 Escrow: 0.999645757255 FIL
Mar 30 04:16:25 Locked: 0.33249517244 FIL
Mar 30 04:16:25 Datacap: 3160693276672
Mar 30 04:16:25 ....
Mar 30 04:16:26 Count: 3 of 4
Mar 30 04:16:26 f0145874 (1 / 1 tries):
Mar 30 04:16:26 f0421499: 23.293832210218907393 FIL (11G free)
Mar 30 04:16:26 Escrow: 0.999645757255 FIL
Mar 30 04:16:26 Locked: 0.33249517244 FIL
Mar 30 04:16:27 Datacap: 3160693276672
Mar 30 04:16:27 ....
Mar 30 04:16:28 Count: 3 of 4
Mar 30 04:16:28 f019104 (1 / 1 tries):
Mar 30 04:16:28 Skipping f019104: error-ask
Mar 30 04:16:28 
Mar 30 04:16:29 Count: 3 of 4
Mar 30 04:16:29 f07998 (1 / 1 tries):
Mar 30 04:16:29 f0421499: 23.293832210218907393 FIL (11G free)
Mar 30 04:16:29 Escrow: 0.999645757255 FIL
Mar 30 04:16:29 Locked: 0.33249517244 FIL
Mar 30 04:16:30 Datacap: 3160693276672
Mar 30 04:16:30 ....
Mar 30 04:16:31 Count: 3 of 4
Mar 30 04:16:31 f019551 (1 / 1 tries):
Mar 30 04:16:31 f0421499: 23.293832210218907393 FIL (11G free)
Mar 30 04:16:31 Escrow: 0.999645757255 FIL
Mar 30 04:16:31 Locked: 0.33249517244 FIL
Mar 30 04:16:31 Datacap: 3160693276672
Mar 30 04:16:31 ....
Mar 30 04:16:32 Count: 3 of 4
Mar 30 04:16:32 f08399 (1 / 1 tries):
Mar 30 04:16:33 f0421499: 23.293832210218907393 FIL (11G free)
Mar 30 04:16:33 Escrow: 0.999645757255 FIL
Mar 30 04:16:33 Locked: 0.33249517244 FIL
Mar 30 04:16:33 Datacap: 3160693276672
Mar 30 04:16:33 ....
Mar 30 04:16:34 Count: 3 of 4
Mar 30 04:16:34 f022352 (1 / 1 tries):
Mar 30 04:16:35 f0421499: 23.293832210218907393 FIL (11G free)
Mar 30 04:16:35 Escrow: 0.999645757255 FIL
Mar 30 04:16:35 Locked: 0.33249517244 FIL
Mar 30 04:16:35 Datacap: 3160693276672
Mar 30 04:16:35 ....
Mar 30 04:16:36 Count: 3 of 4
Mar 30 04:16:36 f01277 (1 / 1 tries):
Mar 30 04:16:36 Skipping f01277: min-ask
Mar 30 04:16:36 
Mar 30 04:16:37 Count: 3 of 4
Mar 30 04:16:37 f022142 (1 / 1 tries):
Mar 30 04:16:38 f0421499: 23.293832210218907393 FIL (11G free)
Mar 30 04:16:38 Escrow: 0.999645757255 FIL
Mar 30 04:16:38 Locked: 0.33249517244 FIL
Mar 30 04:16:38 Datacap: 3160693276672
Mar 30 04:16:38 ....
Mar 30 04:16:39 Count: 3 of 4
Mar 30 04:16:39 f010617 (1 / 1 tries):
Mar 30 04:16:40 f0421499: 23.293832210218907393 FIL (11G free)
Mar 30 04:16:40 Escrow: 0.999645757255 FIL
Mar 30 04:16:40 Locked: 0.33249517244 FIL
Mar 30 04:16:40 Datacap: 3160693276672
Mar 30 04:16:40 ....
Mar 30 04:16:41 Count: 3 of 4
Mar 30 04:16:41 f0165400 (1 / 1 tries):
Mar 30 04:16:41 f0421499: 23.293832210218907393 FIL (11G free)
Mar 30 04:16:41 Escrow: 0.999645757255 FIL
Mar 30 04:16:41 Locked: 0.33249517244 FIL
Mar 30 04:16:42 Datacap: 3160693276672
Mar 30 04:16:42 ....
Mar 30 04:16:43 Count: 3 of 4
Mar 30 04:16:43 f0157535 (1 / 1 tries):
Mar 30 04:16:43 f0421499: 23.293832210218907393 FIL (11G free)
Mar 30 04:16:43 Escrow: 0.999645757255 FIL
Mar 30 04:16:43 Locked: 0.33249517244 FIL
Mar 30 04:16:43 Datacap: 3160693276672
Mar 30 04:16:44 ....
Mar 30 04:16:45 Count: 3 of 4
Mar 30 04:16:45 f010479 (1 / 1 tries):
Mar 30 04:16:45 f0421499: 23.293832210218907393 FIL (11G free)
Mar 30 04:16:45 Escrow: 0.999645757255 FIL
Mar 30 04:16:45 Locked: 0.33249517244 FIL
Mar 30 04:16:45 Datacap: 3160693276672
Mar 30 04:16:45 ....
Mar 30 04:16:46 Count: 3 of 4
Mar 30 04:16:46 f099608 (1 / 1 tries):
Mar 30 04:16:47 f0421499: 23.293832210218907393 FIL (11G free)
Mar 30 04:16:47 Escrow: 0.999645757255 FIL
Mar 30 04:16:47 Locked: 0.33249517244 FIL
Mar 30 04:16:47 Datacap: 3160693276672
Mar 30 04:16:47 ....
Mar 30 04:16:48 Count: 3 of 4
Mar 30 04:16:48 f01247 (1 / 1 tries):
Mar 30 04:16:49 f0421499: 23.293832210218907393 FIL (11G free)
Mar 30 04:16:49 Escrow: 0.999645757255 FIL
Mar 30 04:16:49 Locked: 0.33249517244 FIL
Mar 30 04:16:49 Datacap: 3160693276672
Mar 30 04:16:49 ....
Mar 30 04:16:50 Count: 3 of 4
Mar 30 04:16:50 f01278 (1 / 1 tries):
Mar 30 04:16:50 f0421499: 23.293832210218907393 FIL (11G free)
Mar 30 04:16:51 Escrow: 0.999645757255 FIL
Mar 30 04:16:51 Locked: 0.33249517244 FIL
Mar 30 04:16:51 Datacap: 3160693276672
Mar 30 04:16:51 ....
Mar 30 04:16:52 Count: 3 of 4
Mar 30 04:16:52 f023971 (1 / 1 tries):
Mar 30 04:16:52 f0421499: 23.293832210218907393 FIL (11G free)
Mar 30 04:16:52 Escrow: 0.999645757255 FIL
Mar 30 04:16:52 Locked: 0.33249517244 FIL
Mar 30 04:16:53 Datacap: 3160693276672
Mar 30 04:16:53 ....
Mar 30 04:16:54 Count: 3 of 4
Mar 30 04:16:54 f066596 (1 / 1 tries):
Mar 30 04:16:54 f0421499: 23.293832210218907393 FIL (11G free)
Mar 30 04:16:54 Escrow: 0.999645757255 FIL
Mar 30 04:16:54 Locked: 0.33249517244 FIL
Mar 30 04:16:54 Datacap: 3160693276672
Mar 30 04:16:54 ....
Mar 30 04:16:55 Count: 3 of 4
Mar 30 04:16:55 f08403 (1 / 1 tries):
Mar 30 04:16:56 f0421499: 23.293832210218907393 FIL (11G free)
Mar 30 04:16:56 Escrow: 0.999645757255 FIL
Mar 30 04:16:56 Locked: 0.33249517244 FIL
Mar 30 04:16:56 Datacap: 3160693276672
Mar 30 04:16:56 ....
Mar 30 04:16:57 Count: 3 of 4
Mar 30 04:16:57 f019041 (1 / 1 tries):
Mar 30 04:16:58 f0421499: 23.293832210218907393 FIL (11G free)
Mar 30 04:16:58 Escrow: 0.999645757255 FIL
Mar 30 04:16:58 Locked: 0.33249517244 FIL
Mar 30 04:16:58 Datacap: 3160693276672
Mar 30 04:16:58 ....
Mar 30 04:16:59 Count: 3 of 4
Mar 30 04:16:59 f022163 (1 / 1 tries):
Mar 30 04:16:59 f0421499: 23.293832210218907393 FIL (11G free)
Mar 30 04:17:00 Escrow: 0.999645757255 FIL
Mar 30 04:17:00 Locked: 0.33249517244 FIL
Mar 30 04:17:00 Datacap: 3160693276672
Mar 30 04:17:00 ....
Mar 30 04:17:01 Count: 3 of 4
Mar 30 04:17:01 f021716 (1 / 1 tries):
Mar 30 04:17:01 f0421499: 23.293832210218907393 FIL (11G free)
Mar 30 04:17:01 Escrow: 0.999645757255 FIL
Mar 30 04:17:01 Locked: 0.33249517244 FIL
Mar 30 04:17:02 Datacap: 3160693276672
Mar 30 04:17:02 ....
Mar 30 04:17:03 Count: 3 of 4
Mar 30 04:17:03 f019100 (1 / 1 tries):
Mar 30 04:17:03 Skipping f019100: error-ask
Mar 30 04:17:03 
Mar 30 04:17:04 Count: 3 of 4
Mar 30 04:17:04 f015927 (1 / 1 tries):
Mar 30 04:17:04 Skipping f015927: min-ask
Mar 30 04:17:04 
Mar 30 04:17:05 Count: 3 of 4
Mar 30 04:17:05 f02576 (1 / 1 tries):
Mar 30 04:17:06 f0421499: 23.293832210218907393 FIL (11G free)
Mar 30 04:17:06 Escrow: 0.999645757255 FIL
Mar 30 04:17:06 Locked: 0.33249517244 FIL
Mar 30 04:17:06 Datacap: 3160693276672
Mar 30 04:17:06 ....
Mar 30 04:17:07 Count: 3 of 4
Mar 30 04:17:07 f0127896 (1 / 1 tries):
Mar 30 04:17:07 Skipping f0127896: min-ask
Mar 30 04:17:07 
Mar 30 04:17:08 Count: 3 of 4
Mar 30 04:17:08 f058369 (1 / 1 tries):
Mar 30 04:17:09 f0421499: 23.293832210218907393 FIL (11G free)
Mar 30 04:17:09 Escrow: 0.999645757255 FIL
Mar 30 04:17:09 Locked: 0.33249517244 FIL
Mar 30 04:17:09 Datacap: 3160693276672
Mar 30 04:17:09 ....
Mar 30 04:17:10 Count: 3 of 4
Mar 30 04:17:10 f062353 (1 / 1 tries):
Mar 30 04:17:11 f0421499: 23.293832210218907393 FIL (11G free)
Mar 30 04:17:11 Escrow: 0.999645757255 FIL
Mar 30 04:17:11 Locked: 0.33249517244 FIL
Mar 30 04:17:11 Datacap: 3160693276672
Mar 30 04:17:11 ....
Mar 30 04:17:12 Count: 3 of 4
Mar 30 04:17:12 f014409 (1 / 1 tries):
Mar 30 04:17:12 f0421499: 23.293832210218907393 FIL (11G free)
Mar 30 04:17:12 Escrow: 0.999645757255 FIL
Mar 30 04:17:12 Locked: 0.33249517244 FIL
Mar 30 04:17:13 Datacap: 3160693276672
Mar 30 04:17:13 ....
Mar 30 04:17:14 Count: 3 of 4
Mar 30 04:17:14 f014768 (1 / 1 tries):
Mar 30 04:17:14 f0421499: 23.293832210218907393 FIL (11G free)
Mar 30 04:17:15 Escrow: 0.999645757255 FIL
Mar 30 04:17:15 Locked: 0.33249517244 FIL
Mar 30 04:17:15 Datacap: 3160693276672
Mar 30 04:17:15 ....
Mar 30 04:17:16 Count: 3 of 4
Mar 30 04:17:16 f01234 (1 / 1 tries):
Mar 30 04:17:16 f0421499: 23.293832210218907393 FIL (11G free)
Mar 30 04:17:16 Escrow: 0.999645757255 FIL
Mar 30 04:17:16 Locked: 0.33249517244 FIL
Mar 30 04:17:17 Datacap: 3160693276672
Mar 30 04:17:17 ....
Mar 30 04:17:18 Count: 3 of 4
Mar 30 04:17:18 f071624 (1 / 1 tries):
Mar 30 04:17:18 f0421499: 23.293832210218907393 FIL (11G free)
Mar 30 04:17:18 Escrow: 0.999645757255 FIL
Mar 30 04:17:18 Locked: 0.33249517244 FIL
Mar 30 04:17:18 Datacap: 3160693276672
Mar 30 04:17:18 ....
Mar 30 04:17:20 Count: 3 of 4
Mar 30 04:17:20 f02606 (1 / 1 tries):
Mar 30 04:17:20 f0421499: 23.293832210218907393 FIL (10G free)
Mar 30 04:17:20 Escrow: 0.999645757255 FIL
Mar 30 04:17:20 Locked: 0.33249517244 FIL
Mar 30 04:17:21 Datacap: 3160693276672
Mar 30 04:17:21 ....
Mar 30 04:17:22 Count: 3 of 4
Mar 30 04:17:22 f023467 (1 / 1 tries):
Mar 30 04:17:22 f0421499: 23.293832210218907393 FIL (11G free)
Mar 30 04:17:22 Escrow: 0.999645757255 FIL
Mar 30 04:17:22 Locked: 0.33249517244 FIL
Mar 30 04:17:23 Datacap: 3160693276672
Mar 30 04:17:23 ....
Mar 30 04:17:24 Count: 3 of 4
Mar 30 04:17:24 f019362 (1 / 1 tries):
Mar 30 04:17:24 f0421499: 23.293832210218907393 FIL (11G free)
Mar 30 04:17:24 Escrow: 0.999645757255 FIL
Mar 30 04:17:24 Locked: 0.33249517244 FIL
Mar 30 04:17:25 Datacap: 3160693276672
Mar 30 04:17:25 ....
Mar 30 04:17:26 Count: 3 of 4
Mar 30 04:17:26 f09848 (1 / 1 tries):
Mar 30 04:17:26 f0421499: 23.293832210218907393 FIL (9.8G free)
Mar 30 04:17:26 Escrow: 0.999645757255 FIL
Mar 30 04:17:26 Locked: 0.33249517244 FIL
Mar 30 04:17:27 Datacap: 3160693276672
Mar 30 04:17:27 ....
