Mar 30 03:45:09 Count: 3 of 4
Mar 30 03:45:09 f099608 (1 / 1 tries):
Mar 30 03:45:09 f0421499: 23.293832210218907393 FIL (11G free)
Mar 30 03:45:09 Escrow: 0.999645757255 FIL
Mar 30 03:45:09 Locked: 0.33249517244 FIL
Mar 30 03:45:09 Datacap: 3160693276672
Mar 30 03:45:10 ....
Mar 30 03:45:11 Count: 3 of 4
Mar 30 03:45:11 f07998 (1 / 1 tries):
Mar 30 03:45:11 f0421499: 23.293832210218907393 FIL (11G free)
Mar 30 03:45:11 Escrow: 0.999645757255 FIL
Mar 30 03:45:11 Locked: 0.33249517244 FIL
Mar 30 03:45:11 Datacap: 3160693276672
Mar 30 03:45:11 ....
Mar 30 03:45:12 Count: 3 of 4
Mar 30 03:45:12 f023467 (1 / 1 tries):
Mar 30 03:45:13 f0421499: 23.293832210218907393 FIL (11G free)
Mar 30 03:45:13 Escrow: 0.999645757255 FIL
Mar 30 03:45:13 Locked: 0.33249517244 FIL
Mar 30 03:45:13 Datacap: 3160693276672
Mar 30 03:45:13 ....
Mar 30 03:45:14 Count: 3 of 4
Mar 30 03:45:14 f08399 (1 / 1 tries):
Mar 30 03:45:14 f0421499: 23.293832210218907393 FIL (11G free)
Mar 30 03:45:14 Escrow: 0.999645757255 FIL
Mar 30 03:45:14 Locked: 0.33249517244 FIL
Mar 30 03:45:15 Datacap: 3160693276672
Mar 30 03:45:15 ....
Mar 30 03:45:16 Count: 3 of 4
Mar 30 03:45:16 f09848 (1 / 1 tries):
Mar 30 03:45:16 f0421499: 23.293832210218907393 FIL (11G free)
Mar 30 03:45:16 Escrow: 0.999645757255 FIL
Mar 30 03:45:16 Locked: 0.33249517244 FIL
Mar 30 03:45:17 Datacap: 3160693276672
Mar 30 03:45:17 ....
Mar 30 03:45:18 Count: 3 of 4
Mar 30 03:45:18 f01278 (1 / 1 tries):
Mar 30 03:45:18 f0421499: 23.293832210218907393 FIL (11G free)
Mar 30 03:45:18 Escrow: 0.999645757255 FIL
Mar 30 03:45:18 Locked: 0.33249517244 FIL
Mar 30 03:45:19 Datacap: 3160693276672
Mar 30 03:45:19 ....
Mar 30 03:45:20 Count: 3 of 4
Mar 30 03:45:20 f019362 (1 / 1 tries):
Mar 30 03:45:20 f0421499: 23.293832210218907393 FIL (11G free)
Mar 30 03:45:20 Escrow: 0.999645757255 FIL
Mar 30 03:45:20 Locked: 0.33249517244 FIL
Mar 30 03:45:20 Datacap: 3160693276672
Mar 30 03:45:20 ....
Mar 30 03:45:21 Count: 3 of 4
Mar 30 03:45:21 f066596 (1 / 1 tries):
Mar 30 03:45:22 f0421499: 23.293832210218907393 FIL (11G free)
Mar 30 03:45:22 Escrow: 0.999645757255 FIL
Mar 30 03:45:22 Locked: 0.33249517244 FIL
Mar 30 03:45:22 Datacap: 3160693276672
Mar 30 03:45:22 ....
Mar 30 03:45:23 Count: 3 of 4
Mar 30 03:45:23 f023971 (1 / 1 tries):
Mar 30 03:45:23 f0421499: 23.293832210218907393 FIL (11G free)
Mar 30 03:45:24 Escrow: 0.999645757255 FIL
Mar 30 03:45:24 Locked: 0.33249517244 FIL
Mar 30 03:45:24 Datacap: 3160693276672
Mar 30 03:45:24 ....
Mar 30 03:45:25 Count: 3 of 4
Mar 30 03:45:25 f010617 (1 / 1 tries):
Mar 30 03:45:25 f0421499: 23.293832210218907393 FIL (11G free)
Mar 30 03:45:25 Escrow: 0.999645757255 FIL
Mar 30 03:45:25 Locked: 0.33249517244 FIL
Mar 30 03:45:26 Datacap: 3160693276672
Mar 30 03:45:26 ....
Mar 30 03:45:27 Count: 3 of 4
Mar 30 03:45:27 f019104 (1 / 1 tries):
Mar 30 03:45:27 Skipping f019104: error-ask
Mar 30 03:45:27 
Mar 30 03:45:28 Count: 3 of 4
Mar 30 03:45:28 f010479 (1 / 1 tries):
Mar 30 03:45:28 f0421499: 23.293832210218907393 FIL (11G free)
Mar 30 03:45:28 Escrow: 0.999645757255 FIL
Mar 30 03:45:28 Locked: 0.33249517244 FIL
Mar 30 03:45:29 Datacap: 3160693276672
Mar 30 03:45:29 ....
Mar 30 03:45:30 Count: 3 of 4
Mar 30 03:45:30 f021716 (1 / 1 tries):
Mar 30 03:45:30 f0421499: 23.293832210218907393 FIL (11G free)
Mar 30 03:45:30 Escrow: 0.999645757255 FIL
Mar 30 03:45:30 Locked: 0.33249517244 FIL
Mar 30 03:45:30 Datacap: 3160693276672
Mar 30 03:45:31 ....
Mar 30 03:45:32 Count: 3 of 4
Mar 30 03:45:32 f022163 (1 / 1 tries):
Mar 30 03:45:32 f0421499: 23.293832210218907393 FIL (11G free)
Mar 30 03:45:32 Escrow: 0.999645757255 FIL
Mar 30 03:45:32 Locked: 0.33249517244 FIL
Mar 30 03:45:32 Datacap: 3160693276672
Mar 30 03:45:32 ....
Mar 30 03:45:33 Count: 3 of 4
Mar 30 03:45:33 f02576 (1 / 1 tries):
Mar 30 03:45:34 f0421499: 23.293832210218907393 FIL (11G free)
Mar 30 03:45:34 Escrow: 0.999645757255 FIL
Mar 30 03:45:34 Locked: 0.33249517244 FIL
Mar 30 03:45:34 Datacap: 3160693276672
Mar 30 03:45:34 ....
Mar 30 03:45:35 Count: 3 of 4
Mar 30 03:45:35 f0145874 (1 / 1 tries):
Mar 30 03:45:35 f0421499: 23.293832210218907393 FIL (11G free)
Mar 30 03:45:35 Escrow: 0.999645757255 FIL
Mar 30 03:45:35 Locked: 0.33249517244 FIL
Mar 30 03:45:36 Datacap: 3160693276672
Mar 30 03:45:36 ....
Mar 30 03:45:37 Count: 3 of 4
Mar 30 03:45:37 f01277 (1 / 1 tries):
Mar 30 03:45:37 Skipping f01277: min-ask
Mar 30 03:45:37 
Mar 30 03:45:38 Count: 3 of 4
Mar 30 03:45:38 f019100 (1 / 1 tries):
Mar 30 03:45:38 Skipping f019100: error-ask
Mar 30 03:45:38 
Mar 30 03:45:39 Count: 3 of 4
Mar 30 03:45:39 f022142 (1 / 1 tries):
Mar 30 03:45:40 f0421499: 23.293832210218907393 FIL (11G free)
Mar 30 03:45:40 Escrow: 0.999645757255 FIL
Mar 30 03:45:40 Locked: 0.33249517244 FIL
Mar 30 03:45:40 Datacap: 3160693276672
Mar 30 03:45:40 ....
Mar 30 03:45:41 Count: 3 of 4
Mar 30 03:45:41 f022352 (1 / 1 tries):
Mar 30 03:45:42 f0421499: 23.293832210218907393 FIL (11G free)
Mar 30 03:45:42 Escrow: 0.999645757255 FIL
Mar 30 03:45:42 Locked: 0.33249517244 FIL
Mar 30 03:45:42 Datacap: 3160693276672
Mar 30 03:45:42 ....
Mar 30 03:45:43 Count: 3 of 4
Mar 30 03:45:43 f0165400 (1 / 1 tries):
Mar 30 03:45:43 f0421499: 23.293832210218907393 FIL (11G free)
Mar 30 03:45:43 Escrow: 0.999645757255 FIL
Mar 30 03:45:43 Locked: 0.33249517244 FIL
Mar 30 03:45:44 Datacap: 3160693276672
Mar 30 03:45:44 ....
Mar 30 03:45:45 Count: 3 of 4
Mar 30 03:45:45 f019041 (1 / 1 tries):
Mar 30 03:45:45 f0421499: 23.293832210218907393 FIL (11G free)
Mar 30 03:45:45 Escrow: 0.999645757255 FIL
Mar 30 03:45:45 Locked: 0.33249517244 FIL
Mar 30 03:45:45 Datacap: 3160693276672
Mar 30 03:45:45 ....
Mar 30 03:45:46 Count: 3 of 4
Mar 30 03:45:46 f019551 (1 / 1 tries):
Mar 30 03:45:47 f0421499: 23.293832210218907393 FIL (11G free)
Mar 30 03:45:47 Escrow: 0.999645757255 FIL
Mar 30 03:45:47 Locked: 0.33249517244 FIL
Mar 30 03:45:47 Datacap: 3160693276672
Mar 30 03:45:47 ....
Mar 30 03:45:48 Count: 3 of 4
Mar 30 03:45:48 f01247 (1 / 1 tries):
Mar 30 03:45:49 f0421499: 23.293832210218907393 FIL (11G free)
Mar 30 03:45:49 Escrow: 0.999645757255 FIL
Mar 30 03:45:49 Locked: 0.33249517244 FIL
Mar 30 03:45:49 Datacap: 3160693276672
Mar 30 03:45:49 ....
Mar 30 03:45:50 Count: 3 of 4
Mar 30 03:45:50 f08403 (1 / 1 tries):
Mar 30 03:45:50 f0421499: 23.293832210218907393 FIL (11G free)
Mar 30 03:45:50 Escrow: 0.999645757255 FIL
Mar 30 03:45:50 Locked: 0.33249517244 FIL
Mar 30 03:45:51 Datacap: 3160693276672
Mar 30 03:45:51 ....
Mar 30 03:45:52 Count: 3 of 4
Mar 30 03:45:52 f0157535 (1 / 1 tries):
Mar 30 03:45:52 f0421499: 23.293832210218907393 FIL (11G free)
Mar 30 03:45:52 Escrow: 0.999645757255 FIL
Mar 30 03:45:52 Locked: 0.33249517244 FIL
Mar 30 03:45:53 Datacap: 3160693276672
Mar 30 03:45:53 ....
Mar 30 03:45:54 Count: 3 of 4
Mar 30 03:45:54 f01234 (1 / 1 tries):
Mar 30 03:45:54 f0421499: 23.293832210218907393 FIL (11G free)
Mar 30 03:45:54 Escrow: 0.999645757255 FIL
Mar 30 03:45:54 Locked: 0.33249517244 FIL
Mar 30 03:45:54 Datacap: 3160693276672
Mar 30 03:45:54 ....
Mar 30 03:45:55 Count: 3 of 4
Mar 30 03:45:55 f02606 (1 / 1 tries):
Mar 30 03:45:56 f0421499: 23.293832210218907393 FIL (11G free)
Mar 30 03:45:56 Escrow: 0.999645757255 FIL
Mar 30 03:45:56 Locked: 0.33249517244 FIL
Mar 30 03:45:56 Datacap: 3160693276672
Mar 30 03:45:56 ....
Mar 30 03:45:57 Count: 3 of 4
Mar 30 03:45:57 f01240 (1 / 1 tries):
Mar 30 03:45:58 f0421499: 23.293832210218907393 FIL (11G free)
Mar 30 03:45:58 Escrow: 0.999645757255 FIL
Mar 30 03:45:58 Locked: 0.33249517244 FIL
Mar 30 03:45:58 Datacap: 3160693276672
Mar 30 03:45:58 ....
Mar 30 03:45:59 Count: 3 of 4
Mar 30 03:45:59 f062353 (1 / 1 tries):
Mar 30 03:45:59 f0421499: 23.293832210218907393 FIL (11G free)
Mar 30 03:46:00 Escrow: 0.999645757255 FIL
Mar 30 03:46:00 Locked: 0.33249517244 FIL
Mar 30 03:46:00 Datacap: 3160693276672
Mar 30 03:46:00 ....
Mar 30 03:46:01 Count: 3 of 4
Mar 30 03:46:01 f014409 (1 / 1 tries):
Mar 30 03:46:01 f0421499: 23.293832210218907393 FIL (11G free)
Mar 30 03:46:01 Escrow: 0.999645757255 FIL
Mar 30 03:46:01 Locked: 0.33249517244 FIL
Mar 30 03:46:01 Datacap: 3160693276672
Mar 30 03:46:02 ....
Mar 30 03:46:03 Count: 3 of 4
Mar 30 03:46:03 f015927 (1 / 1 tries):
Mar 30 03:46:03 Skipping f015927: min-ask
Mar 30 03:46:03 
Mar 30 03:46:04 Count: 3 of 4
Mar 30 03:46:04 f0127896 (1 / 1 tries):
Mar 30 03:46:04 Skipping f0127896: min-ask
Mar 30 03:46:04 
Mar 30 03:46:05 Count: 3 of 4
Mar 30 03:46:05 f014768 (1 / 1 tries):
Mar 30 03:46:05 f0421499: 23.293832210218907393 FIL (11G free)
Mar 30 03:46:06 Escrow: 0.999645757255 FIL
Mar 30 03:46:06 Locked: 0.33249517244 FIL
Mar 30 03:46:06 Datacap: 3160693276672
Mar 30 03:46:06 ....
Mar 30 03:46:07 Count: 3 of 4
Mar 30 03:46:07 f071624 (1 / 1 tries):
Mar 30 03:46:07 f0421499: 23.293832210218907393 FIL (11G free)
Mar 30 03:46:07 Escrow: 0.999645757255 FIL
Mar 30 03:46:07 Locked: 0.33249517244 FIL
Mar 30 03:46:07 Datacap: 3160693276672
Mar 30 03:46:08 ....
Mar 30 03:46:09 Count: 3 of 4
Mar 30 03:46:09 f058369 (1 / 1 tries):
Mar 30 03:46:09 f0421499: 23.293832210218907393 FIL (11G free)
Mar 30 03:46:09 Escrow: 0.999645757255 FIL
Mar 30 03:46:09 Locked: 0.33249517244 FIL
Mar 30 03:46:09 Datacap: 3160693276672
Mar 30 03:46:09 ....
