Mar 30 04:06:47 Count: 3 of 4
Mar 30 04:06:47 f0157535 (1 / 1 tries):
Mar 30 04:06:47 f0421499: 23.293832210218907393 FIL (11G free)
Mar 30 04:06:47 Escrow: 0.999645757255 FIL
Mar 30 04:06:47 Locked: 0.33249517244 FIL
Mar 30 04:06:47 Datacap: 3160693276672
Mar 30 04:06:47 ....
Mar 30 04:06:48 Count: 3 of 4
Mar 30 04:06:48 f015927 (1 / 1 tries):
Mar 30 04:06:49 Skipping f015927: min-ask
Mar 30 04:06:49 
Mar 30 04:06:50 Count: 3 of 4
Mar 30 04:06:50 f08403 (1 / 1 tries):
Mar 30 04:06:50 f0421499: 23.293832210218907393 FIL (11G free)
Mar 30 04:06:50 Escrow: 0.999645757255 FIL
Mar 30 04:06:50 Locked: 0.33249517244 FIL
Mar 30 04:06:50 Datacap: 3160693276672
Mar 30 04:06:50 ....
Mar 30 04:06:51 Count: 3 of 4
Mar 30 04:06:51 f014409 (1 / 1 tries):
Mar 30 04:06:52 f0421499: 23.293832210218907393 FIL (11G free)
Mar 30 04:06:52 Escrow: 0.999645757255 FIL
Mar 30 04:06:52 Locked: 0.33249517244 FIL
Mar 30 04:06:52 Datacap: 3160693276672
Mar 30 04:06:52 ....
Mar 30 04:06:53 Count: 3 of 4
Mar 30 04:06:53 f0127896 (1 / 1 tries):
Mar 30 04:06:53 Skipping f0127896: min-ask
Mar 30 04:06:53 
Mar 30 04:06:54 Count: 3 of 4
Mar 30 04:06:54 f058369 (1 / 1 tries):
Mar 30 04:06:55 f0421499: 23.293832210218907393 FIL (11G free)
Mar 30 04:06:55 Escrow: 0.999645757255 FIL
Mar 30 04:06:55 Locked: 0.33249517244 FIL
Mar 30 04:06:55 Datacap: 3160693276672
Mar 30 04:06:55 ....
Mar 30 04:06:56 Count: 3 of 4
Mar 30 04:06:56 f0145874 (1 / 1 tries):
Mar 30 04:06:57 f0421499: 23.293832210218907393 FIL (11G free)
Mar 30 04:06:57 Escrow: 0.999645757255 FIL
Mar 30 04:06:57 Locked: 0.33249517244 FIL
Mar 30 04:06:57 Datacap: 3160693276672
Mar 30 04:06:57 ....
Mar 30 04:06:58 Count: 3 of 4
Mar 30 04:06:58 f099608 (1 / 1 tries):
Mar 30 04:06:58 f0421499: 23.293832210218907393 FIL (11G free)
Mar 30 04:06:58 Escrow: 0.999645757255 FIL
Mar 30 04:06:58 Locked: 0.33249517244 FIL
Mar 30 04:06:59 Datacap: 3160693276672
Mar 30 04:06:59 ....
Mar 30 04:07:00 Count: 3 of 4
Mar 30 04:07:00 f066596 (1 / 1 tries):
Mar 30 04:07:00 f0421499: 23.293832210218907393 FIL (11G free)
Mar 30 04:07:00 Escrow: 0.999645757255 FIL
Mar 30 04:07:00 Locked: 0.33249517244 FIL
Mar 30 04:07:00 Datacap: 3160693276672
Mar 30 04:07:01 ....
Mar 30 04:07:02 Count: 3 of 4
Mar 30 04:07:02 f010479 (1 / 1 tries):
Mar 30 04:07:02 f0421499: 23.293832210218907393 FIL (11G free)
Mar 30 04:07:02 Escrow: 0.999645757255 FIL
Mar 30 04:07:02 Locked: 0.33249517244 FIL
Mar 30 04:07:02 Datacap: 3160693276672
Mar 30 04:07:02 ....
Mar 30 04:07:03 Count: 3 of 4
Mar 30 04:07:03 f062353 (1 / 1 tries):
Mar 30 04:07:04 f0421499: 23.293832210218907393 FIL (11G free)
Mar 30 04:07:04 Escrow: 0.999645757255 FIL
Mar 30 04:07:04 Locked: 0.33249517244 FIL
Mar 30 04:07:04 Datacap: 3160693276672
Mar 30 04:07:04 ....
Mar 30 04:07:05 Count: 3 of 4
Mar 30 04:07:05 f022163 (1 / 1 tries):
Mar 30 04:07:06 f0421499: 23.293832210218907393 FIL (11G free)
Mar 30 04:07:06 Escrow: 0.999645757255 FIL
Mar 30 04:07:06 Locked: 0.33249517244 FIL
Mar 30 04:07:06 Datacap: 3160693276672
Mar 30 04:07:06 ....
Mar 30 04:07:07 Count: 3 of 4
Mar 30 04:07:07 f01247 (1 / 1 tries):
Mar 30 04:07:08 f0421499: 23.293832210218907393 FIL (11G free)
Mar 30 04:07:08 Escrow: 0.999645757255 FIL
Mar 30 04:07:08 Locked: 0.33249517244 FIL
Mar 30 04:07:08 Datacap: 3160693276672
Mar 30 04:07:08 ....
Mar 30 04:07:09 Count: 3 of 4
Mar 30 04:07:09 f071624 (1 / 1 tries):
Mar 30 04:07:09 f0421499: 23.293832210218907393 FIL (11G free)
Mar 30 04:07:09 Escrow: 0.999645757255 FIL
Mar 30 04:07:09 Locked: 0.33249517244 FIL
Mar 30 04:07:10 Datacap: 3160693276672
Mar 30 04:07:10 ....
Mar 30 04:07:11 Count: 3 of 4
Mar 30 04:07:11 f08399 (1 / 1 tries):
Mar 30 04:07:11 f0421499: 23.293832210218907393 FIL (11G free)
Mar 30 04:07:11 Escrow: 0.999645757255 FIL
Mar 30 04:07:11 Locked: 0.33249517244 FIL
Mar 30 04:07:11 Datacap: 3160693276672
Mar 30 04:07:11 ....
Mar 30 04:07:12 Count: 3 of 4
Mar 30 04:07:12 f01278 (1 / 1 tries):
Mar 30 04:07:13 f0421499: 23.293832210218907393 FIL (11G free)
Mar 30 04:07:13 Escrow: 0.999645757255 FIL
Mar 30 04:07:13 Locked: 0.33249517244 FIL
Mar 30 04:07:13 Datacap: 3160693276672
Mar 30 04:07:13 ....
Mar 30 04:07:14 Count: 3 of 4
Mar 30 04:07:14 f01234 (1 / 1 tries):
Mar 30 04:07:14 f0421499: 23.293832210218907393 FIL (11G free)
Mar 30 04:07:15 Escrow: 0.999645757255 FIL
Mar 30 04:07:15 Locked: 0.33249517244 FIL
Mar 30 04:07:15 Datacap: 3160693276672
Mar 30 04:07:15 ....
Mar 30 04:07:16 Count: 3 of 4
Mar 30 04:07:16 f02576 (1 / 1 tries):
Mar 30 04:07:16 f0421499: 23.293832210218907393 FIL (11G free)
Mar 30 04:07:16 Escrow: 0.999645757255 FIL
Mar 30 04:07:16 Locked: 0.33249517244 FIL
Mar 30 04:07:17 Datacap: 3160693276672
Mar 30 04:07:17 ....
Mar 30 04:07:18 Count: 3 of 4
Mar 30 04:07:18 f023467 (1 / 1 tries):
Mar 30 04:07:18 f0421499: 23.293832210218907393 FIL (11G free)
Mar 30 04:07:18 Escrow: 0.999645757255 FIL
Mar 30 04:07:18 Locked: 0.33249517244 FIL
Mar 30 04:07:18 Datacap: 3160693276672
Mar 30 04:07:18 ....
Mar 30 04:07:19 Count: 3 of 4
Mar 30 04:07:19 f010617 (1 / 1 tries):
Mar 30 04:07:20 f0421499: 23.293832210218907393 FIL (11G free)
Mar 30 04:07:20 Escrow: 0.999645757255 FIL
Mar 30 04:07:20 Locked: 0.33249517244 FIL
Mar 30 04:07:20 Datacap: 3160693276672
Mar 30 04:07:20 ....
Mar 30 04:07:21 Count: 3 of 4
Mar 30 04:07:21 f019551 (1 / 1 tries):
Mar 30 04:07:22 f0421499: 23.293832210218907393 FIL (11G free)
Mar 30 04:07:22 Escrow: 0.999645757255 FIL
Mar 30 04:07:22 Locked: 0.33249517244 FIL
Mar 30 04:07:22 Datacap: 3160693276672
Mar 30 04:07:22 ....
Mar 30 04:07:23 Count: 3 of 4
Mar 30 04:07:23 f019362 (1 / 1 tries):
Mar 30 04:07:24 f0421499: 23.293832210218907393 FIL (11G free)
Mar 30 04:07:24 Escrow: 0.999645757255 FIL
Mar 30 04:07:24 Locked: 0.33249517244 FIL
Mar 30 04:07:24 Datacap: 3160693276672
Mar 30 04:07:24 ....
Mar 30 04:07:25 Count: 3 of 4
Mar 30 04:07:25 f019041 (1 / 1 tries):
Mar 30 04:07:25 f0421499: 23.293832210218907393 FIL (11G free)
Mar 30 04:07:25 Escrow: 0.999645757255 FIL
Mar 30 04:07:25 Locked: 0.33249517244 FIL
Mar 30 04:07:26 Datacap: 3160693276672
Mar 30 04:07:26 ....
Mar 30 04:07:27 Count: 3 of 4
Mar 30 04:07:27 f07998 (1 / 1 tries):
Mar 30 04:07:27 f0421499: 23.293832210218907393 FIL (11G free)
Mar 30 04:07:27 Escrow: 0.999645757255 FIL
Mar 30 04:07:27 Locked: 0.33249517244 FIL
Mar 30 04:07:27 Datacap: 3160693276672
Mar 30 04:07:27 ....
Mar 30 04:07:28 Count: 3 of 4
Mar 30 04:07:28 f019100 (1 / 1 tries):
Mar 30 04:07:29 Skipping f019100: error-ask
Mar 30 04:07:29 
Mar 30 04:07:30 Count: 3 of 4
Mar 30 04:07:30 f09848 (1 / 1 tries):
Mar 30 04:07:30 f0421499: 23.293832210218907393 FIL (11G free)
Mar 30 04:07:30 Escrow: 0.999645757255 FIL
Mar 30 04:07:30 Locked: 0.33249517244 FIL
Mar 30 04:07:31 Datacap: 3160693276672
Mar 30 04:07:31 ....
Mar 30 04:07:32 Count: 3 of 4
Mar 30 04:07:32 f014768 (1 / 1 tries):
Mar 30 04:07:32 f0421499: 23.293832210218907393 FIL (11G free)
Mar 30 04:07:32 Escrow: 0.999645757255 FIL
Mar 30 04:07:32 Locked: 0.33249517244 FIL
Mar 30 04:07:32 Datacap: 3160693276672
Mar 30 04:07:32 ....
Mar 30 04:07:33 Count: 3 of 4
Mar 30 04:07:33 f023971 (1 / 1 tries):
Mar 30 04:07:34 f0421499: 23.293832210218907393 FIL (11G free)
Mar 30 04:07:34 Escrow: 0.999645757255 FIL
Mar 30 04:07:34 Locked: 0.33249517244 FIL
Mar 30 04:07:34 Datacap: 3160693276672
Mar 30 04:07:34 ....
Mar 30 04:07:35 Count: 3 of 4
Mar 30 04:07:35 f022352 (1 / 1 tries):
Mar 30 04:07:35 f0421499: 23.293832210218907393 FIL (11G free)
Mar 30 04:07:36 Escrow: 0.999645757255 FIL
Mar 30 04:07:36 Locked: 0.33249517244 FIL
Mar 30 04:07:36 Datacap: 3160693276672
Mar 30 04:07:36 ....
Mar 30 04:07:37 Count: 3 of 4
Mar 30 04:07:37 f019104 (1 / 1 tries):
Mar 30 04:07:37 Skipping f019104: error-ask
Mar 30 04:07:37 
Mar 30 04:07:38 Count: 3 of 4
Mar 30 04:07:38 f01240 (1 / 1 tries):
Mar 30 04:07:38 f0421499: 23.293832210218907393 FIL (11G free)
Mar 30 04:07:39 Escrow: 0.999645757255 FIL
Mar 30 04:07:39 Locked: 0.33249517244 FIL
Mar 30 04:07:39 Datacap: 3160693276672
Mar 30 04:07:39 ....
Mar 30 04:07:40 Count: 3 of 4
Mar 30 04:07:40 f021716 (1 / 1 tries):
Mar 30 04:07:40 f0421499: 23.293832210218907393 FIL (11G free)
Mar 30 04:07:40 Escrow: 0.999645757255 FIL
Mar 30 04:07:40 Locked: 0.33249517244 FIL
Mar 30 04:07:41 Datacap: 3160693276672
Mar 30 04:07:41 ....
Mar 30 04:07:42 Count: 3 of 4
Mar 30 04:07:42 f0165400 (1 / 1 tries):
Mar 30 04:07:42 f0421499: 23.293832210218907393 FIL (11G free)
Mar 30 04:07:42 Escrow: 0.999645757255 FIL
Mar 30 04:07:42 Locked: 0.33249517244 FIL
Mar 30 04:07:42 Datacap: 3160693276672
Mar 30 04:07:42 ....
Mar 30 04:07:43 Count: 3 of 4
Mar 30 04:07:43 f01277 (1 / 1 tries):
Mar 30 04:07:44 Skipping f01277: min-ask
Mar 30 04:07:44 
Mar 30 04:07:45 Count: 3 of 4
Mar 30 04:07:45 f022142 (1 / 1 tries):
Mar 30 04:07:45 f0421499: 23.293832210218907393 FIL (11G free)
Mar 30 04:07:45 Escrow: 0.999645757255 FIL
Mar 30 04:07:45 Locked: 0.33249517244 FIL
Mar 30 04:07:46 Datacap: 3160693276672
Mar 30 04:07:46 ....
Mar 30 04:07:47 Count: 3 of 4
Mar 30 04:07:47 f02606 (1 / 1 tries):
Mar 30 04:07:47 f0421499: 23.293832210218907393 FIL (11G free)
Mar 30 04:07:47 Escrow: 0.999645757255 FIL
Mar 30 04:07:47 Locked: 0.33249517244 FIL
Mar 30 04:07:47 Datacap: 3160693276672
Mar 30 04:07:47 ....
