Mar 30 12:38:31 Count: 3 of 4
Mar 30 12:38:31 f015927 (1 / 1 tries):
Mar 30 12:38:31 Skipping f015927: min-ask
Mar 30 12:38:31 
Mar 30 12:38:32 Count: 3 of 4
Mar 30 12:38:32 f01278 (1 / 1 tries):
Mar 30 12:38:33 f0421499: 23.293832210218907393 FIL (8.8G free)
Mar 30 12:38:33 Escrow: 0.999645757255 FIL
Mar 30 12:38:33 Locked: 0.33249517244 FIL
Mar 30 12:38:34 Datacap: 3160693276672
Mar 30 12:38:34 ....
Mar 30 12:38:35 Count: 3 of 4
Mar 30 12:38:35 f08403 (1 / 1 tries):
Mar 30 12:38:36 f0421499: 23.293832210218907393 FIL (8.8G free)
Mar 30 12:38:36 Escrow: 0.999645757255 FIL
Mar 30 12:38:36 Locked: 0.33249517244 FIL
Mar 30 12:38:36 Datacap: 3160693276672
Mar 30 12:38:36 ....
Mar 30 12:38:37 Count: 3 of 4
Mar 30 12:38:37 f01247 (1 / 1 tries):
Mar 30 12:38:38 f0421499: 23.293832210218907393 FIL (8.8G free)
Mar 30 12:38:38 Escrow: 0.999645757255 FIL
Mar 30 12:38:38 Locked: 0.33249517244 FIL
Mar 30 12:38:39 Datacap: 3160693276672
Mar 30 12:38:39 ....
Mar 30 12:38:40 Count: 3 of 4
Mar 30 12:38:40 f071624 (1 / 1 tries):
Mar 30 12:38:41 f0421499: 23.293832210218907393 FIL (8.8G free)
Mar 30 12:38:41 Escrow: 0.999645757255 FIL
Mar 30 12:38:41 Locked: 0.33249517244 FIL
Mar 30 12:38:41 Datacap: 3160693276672
Mar 30 12:38:41 ....
Mar 30 12:38:42 Count: 3 of 4
Mar 30 12:38:42 f022163 (1 / 1 tries):
Mar 30 12:38:43 f0421499: 23.293832210218907393 FIL (8.8G free)
Mar 30 12:38:43 Escrow: 0.999645757255 FIL
Mar 30 12:38:43 Locked: 0.33249517244 FIL
Mar 30 12:38:43 Datacap: 3160693276672
Mar 30 12:38:43 ....
Mar 30 12:38:44 Count: 3 of 4
Mar 30 12:38:44 f019104 (1 / 1 tries):
Mar 30 12:38:45 Skipping f019104: error-ask
Mar 30 12:38:45 
Mar 30 12:38:46 Count: 3 of 4
Mar 30 12:38:46 f019551 (1 / 1 tries):
Mar 30 12:38:47 f0421499: 23.293832210218907393 FIL (8.8G free)
Mar 30 12:38:47 Escrow: 0.999645757255 FIL
Mar 30 12:38:47 Locked: 0.33249517244 FIL
Mar 30 12:38:47 Datacap: 3160693276672
Mar 30 12:38:47 ....
Mar 30 12:38:48 Count: 3 of 4
Mar 30 12:38:48 f014768 (1 / 1 tries):
Mar 30 12:38:49 f0421499: 23.293832210218907393 FIL (8.8G free)
Mar 30 12:38:49 Escrow: 0.999645757255 FIL
Mar 30 12:38:49 Locked: 0.33249517244 FIL
Mar 30 12:38:50 Datacap: 3160693276672
Mar 30 12:38:50 ....
Mar 30 12:38:51 Count: 3 of 4
Mar 30 12:38:51 f0165400 (1 / 1 tries):
Mar 30 12:38:52 f0421499: 23.293832210218907393 FIL (8.8G free)
Mar 30 12:38:52 Escrow: 0.999645757255 FIL
Mar 30 12:38:52 Locked: 0.33249517244 FIL
Mar 30 12:38:52 Datacap: 3160693276672
Mar 30 12:38:52 ....
Mar 30 12:38:53 Count: 3 of 4
Mar 30 12:38:53 f066596 (1 / 1 tries):
Mar 30 12:38:54 f0421499: 23.293832210218907393 FIL (8.8G free)
Mar 30 12:38:54 Escrow: 0.999645757255 FIL
Mar 30 12:38:54 Locked: 0.33249517244 FIL
Mar 30 12:38:55 Datacap: 3160693276672
Mar 30 12:38:55 ....
Mar 30 12:38:56 Count: 3 of 4
Mar 30 12:38:56 f019362 (1 / 1 tries):
Mar 30 12:38:57 f0421499: 23.293832210218907393 FIL (8.8G free)
Mar 30 12:38:57 Escrow: 0.999645757255 FIL
Mar 30 12:38:57 Locked: 0.33249517244 FIL
Mar 30 12:38:57 Datacap: 3160693276672
Mar 30 12:38:58 ....
Mar 30 12:38:59 Count: 3 of 4
Mar 30 12:38:59 f02576 (1 / 1 tries):
Mar 30 12:38:59 f0421499: 23.293832210218907393 FIL (8.8G free)
Mar 30 12:38:59 Escrow: 0.999645757255 FIL
Mar 30 12:38:59 Locked: 0.33249517244 FIL
Mar 30 12:39:00 Datacap: 3160693276672
Mar 30 12:39:00 ....
Mar 30 12:39:01 Count: 3 of 4
Mar 30 12:39:01 f01277 (1 / 1 tries):
Mar 30 12:39:01 Skipping f01277: min-ask
Mar 30 12:39:01 
Mar 30 12:39:02 Count: 3 of 4
Mar 30 12:39:02 f021716 (1 / 1 tries):
Mar 30 12:39:03 f0421499: 23.293832210218907393 FIL (8.8G free)
Mar 30 12:39:03 Escrow: 0.999645757255 FIL
Mar 30 12:39:03 Locked: 0.33249517244 FIL
Mar 30 12:39:04 Datacap: 3160693276672
Mar 30 12:39:04 ....
Mar 30 12:39:05 Count: 3 of 4
Mar 30 12:39:05 f010479 (1 / 1 tries):
Mar 30 12:39:06 f0421499: 23.293832210218907393 FIL (8.8G free)
Mar 30 12:39:06 Escrow: 0.999645757255 FIL
Mar 30 12:39:06 Locked: 0.33249517244 FIL
Mar 30 12:39:06 Datacap: 3160693276672
Mar 30 12:39:06 ....
Mar 30 12:39:07 Count: 3 of 4
Mar 30 12:39:07 f08399 (1 / 1 tries):
Mar 30 12:39:08 f0421499: 23.293832210218907393 FIL (8.8G free)
Mar 30 12:39:08 Escrow: 0.999645757255 FIL
Mar 30 12:39:08 Locked: 0.33249517244 FIL
Mar 30 12:39:09 Datacap: 3160693276672
Mar 30 12:39:09 ....
Mar 30 12:39:10 Count: 3 of 4
Mar 30 12:39:10 f07998 (1 / 1 tries):
Mar 30 12:39:10 f0421499: 23.293832210218907393 FIL (8.8G free)
Mar 30 12:39:11 Escrow: 0.999645757255 FIL
Mar 30 12:39:11 Locked: 0.33249517244 FIL
Mar 30 12:39:11 Datacap: 3160693276672
Mar 30 12:39:11 ....
Mar 30 12:39:12 Count: 3 of 4
Mar 30 12:39:12 f0157535 (1 / 1 tries):
Mar 30 12:39:13 f0421499: 23.293832210218907393 FIL (8.8G free)
Mar 30 12:39:13 Escrow: 0.999645757255 FIL
Mar 30 12:39:13 Locked: 0.33249517244 FIL
Mar 30 12:39:13 Datacap: 3160693276672
Mar 30 12:39:13 ....
Mar 30 12:39:14 Count: 3 of 4
Mar 30 12:39:14 f022352 (1 / 1 tries):
Mar 30 12:39:15 f0421499: 23.293832210218907393 FIL (8.8G free)
Mar 30 12:39:16 Escrow: 0.999645757255 FIL
Mar 30 12:39:16 Locked: 0.33249517244 FIL
Mar 30 12:39:16 Datacap: 3160693276672
Mar 30 12:39:16 ....
Mar 30 12:39:17 Count: 3 of 4
Mar 30 12:39:17 f062353 (1 / 1 tries):
Mar 30 12:39:18 f0421499: 23.293832210218907393 FIL (8.8G free)
Mar 30 12:39:18 Escrow: 0.999645757255 FIL
Mar 30 12:39:18 Locked: 0.33249517244 FIL
Mar 30 12:39:18 Datacap: 3160693276672
Mar 30 12:39:19 ....
Mar 30 12:39:20 Count: 3 of 4
Mar 30 12:39:20 f02606 (1 / 1 tries):
Mar 30 12:39:20 f0421499: 23.293832210218907393 FIL (8.8G free)
Mar 30 12:39:21 Escrow: 0.999645757255 FIL
Mar 30 12:39:21 Locked: 0.33249517244 FIL
Mar 30 12:39:21 Datacap: 3160693276672
Mar 30 12:39:21 ....
Mar 30 12:39:22 Count: 3 of 4
Mar 30 12:39:22 f019041 (1 / 1 tries):
Mar 30 12:39:23 f0421499: 23.293832210218907393 FIL (8.8G free)
Mar 30 12:39:23 Escrow: 0.999645757255 FIL
Mar 30 12:39:23 Locked: 0.33249517244 FIL
Mar 30 12:39:24 Datacap: 3160693276672
Mar 30 12:39:24 ....
Mar 30 12:39:25 Count: 3 of 4
Mar 30 12:39:25 f099608 (1 / 1 tries):
Mar 30 12:39:25 f0421499: 23.293832210218907393 FIL (8.8G free)
Mar 30 12:39:26 Escrow: 0.999645757255 FIL
Mar 30 12:39:26 Locked: 0.33249517244 FIL
Mar 30 12:39:26 Datacap: 3160693276672
Mar 30 12:39:26 ....
Mar 30 12:39:27 Count: 3 of 4
Mar 30 12:39:27 f014409 (1 / 1 tries):
Mar 30 12:39:28 f0421499: 23.293832210218907393 FIL (8.8G free)
Mar 30 12:39:28 Escrow: 0.999645757255 FIL
Mar 30 12:39:28 Locked: 0.33249517244 FIL
Mar 30 12:39:29 Datacap: 3160693276672
Mar 30 12:39:29 ....
Mar 30 12:39:30 Count: 3 of 4
Mar 30 12:39:30 f010617 (1 / 1 tries):
Mar 30 12:39:30 f0421499: 23.293832210218907393 FIL (8.8G free)
Mar 30 12:39:31 Escrow: 0.999645757255 FIL
Mar 30 12:39:31 Locked: 0.33249517244 FIL
Mar 30 12:39:31 Datacap: 3160693276672
Mar 30 12:39:31 ....
Mar 30 12:39:32 Count: 3 of 4
Mar 30 12:39:32 f0145874 (1 / 1 tries):
Mar 30 12:39:33 f0421499: 23.293832210218907393 FIL (8.8G free)
Mar 30 12:39:33 Escrow: 0.999645757255 FIL
Mar 30 12:39:33 Locked: 0.33249517244 FIL
Mar 30 12:39:34 Datacap: 3160693276672
Mar 30 12:39:34 ....
Mar 30 12:39:35 Count: 3 of 4
Mar 30 12:39:35 f019100 (1 / 1 tries):
Mar 30 12:39:35 Skipping f019100: error-ask
Mar 30 12:39:35 
Mar 30 12:39:36 Count: 3 of 4
Mar 30 12:39:36 f01234 (1 / 1 tries):
Mar 30 12:39:37 f0421499: 23.293832210218907393 FIL (8.8G free)
Mar 30 12:39:37 Escrow: 0.999645757255 FIL
Mar 30 12:39:37 Locked: 0.33249517244 FIL
Mar 30 12:39:37 Datacap: 3160693276672
Mar 30 12:39:37 ....
Mar 30 12:39:38 Count: 3 of 4
Mar 30 12:39:38 f022142 (1 / 1 tries):
Mar 30 12:39:39 f0421499: 23.293832210218907393 FIL (8.8G free)
Mar 30 12:39:40 Escrow: 0.999645757255 FIL
Mar 30 12:39:40 Locked: 0.33249517244 FIL
Mar 30 12:39:40 Datacap: 3160693276672
Mar 30 12:39:40 ....
Mar 30 12:39:41 Count: 3 of 4
Mar 30 12:39:41 f0127896 (1 / 1 tries):
Mar 30 12:39:41 Skipping f0127896: min-ask
Mar 30 12:39:41 
Mar 30 12:39:42 Count: 3 of 4
Mar 30 12:39:42 f058369 (1 / 1 tries):
Mar 30 12:39:43 f0421499: 23.293832210218907393 FIL (8.8G free)
Mar 30 12:39:43 Escrow: 0.999645757255 FIL
Mar 30 12:39:43 Locked: 0.33249517244 FIL
Mar 30 12:39:44 Datacap: 3160693276672
Mar 30 12:39:44 ....
Mar 30 12:39:45 Count: 3 of 4
Mar 30 12:39:45 f023467 (1 / 1 tries):
Mar 30 12:39:46 f0421499: 23.293832210218907393 FIL (8.8G free)
Mar 30 12:39:46 Escrow: 0.999645757255 FIL
Mar 30 12:39:46 Locked: 0.33249517244 FIL
Mar 30 12:39:46 Datacap: 3160693276672
Mar 30 12:39:46 ....
Mar 30 12:39:47 Count: 3 of 4
Mar 30 12:39:47 f09848 (1 / 1 tries):
Mar 30 12:39:48 f0421499: 23.293832210218907393 FIL (8.8G free)
Mar 30 12:39:48 Escrow: 0.999645757255 FIL
Mar 30 12:39:48 Locked: 0.33249517244 FIL
Mar 30 12:39:48 Datacap: 3160693276672
Mar 30 12:39:49 ....
Mar 30 12:39:50 Count: 3 of 4
Mar 30 12:39:50 f023971 (1 / 1 tries):
Mar 30 12:39:50 f0421499: 23.293832210218907393 FIL (8.8G free)
Mar 30 12:39:51 Escrow: 0.999645757255 FIL
Mar 30 12:39:51 Locked: 0.33249517244 FIL
Mar 30 12:39:51 Datacap: 3160693276672
Mar 30 12:39:51 ....
Mar 30 12:39:52 Count: 3 of 4
Mar 30 12:39:52 f01240 (1 / 1 tries):
Mar 30 12:39:53 f0421499: 23.293832210218907393 FIL (8.8G free)
Mar 30 12:39:53 Escrow: 0.999645757255 FIL
Mar 30 12:39:53 Locked: 0.33249517244 FIL
Mar 30 12:39:54 Datacap: 3160693276672
Mar 30 12:39:54 ....
