Mar 30 02:13:20 Count: 3 of 4
Mar 30 02:13:20 f0145874 (1 / 1 tries):
Mar 30 02:13:20 f0421499: 23.308289234176929066 FIL (32G free)
Mar 30 02:13:20 Escrow: 0.999999997255 FIL
Mar 30 02:13:20 Locked: 0.33284941244 FIL
Mar 30 02:13:20 Datacap: 3435571183616
Mar 30 02:13:20 ....
Mar 30 02:13:21 Count: 3 of 4
Mar 30 02:13:21 f010479 (1 / 1 tries):
Mar 30 02:13:22 f0421499: 23.308289234176929066 FIL (32G free)
Mar 30 02:13:22 Escrow: 0.999999997255 FIL
Mar 30 02:13:22 Locked: 0.33284941244 FIL
Mar 30 02:13:22 Datacap: 3435571183616
Mar 30 02:13:22 ....
Mar 30 02:13:23 Count: 3 of 4
Mar 30 02:13:23 f062353 (1 / 1 tries):
Mar 30 02:13:23 f0421499: 23.308289234176929066 FIL (32G free)
Mar 30 02:13:24 Escrow: 0.999999997255 FIL
Mar 30 02:13:24 Locked: 0.33284941244 FIL
Mar 30 02:13:24 Datacap: 3435571183616
Mar 30 02:13:24 ....
Mar 30 02:13:25 Count: 3 of 4
Mar 30 02:13:25 f0127896 (1 / 1 tries):
Mar 30 02:13:25 Skipping f0127896: min-ask
Mar 30 02:13:25 
Mar 30 02:13:26 Count: 3 of 4
Mar 30 02:13:26 f014768 (1 / 1 tries):
Mar 30 02:13:27 f0421499: 23.308289234176929066 FIL (32G free)
Mar 30 02:13:27 Escrow: 0.999999997255 FIL
Mar 30 02:13:27 Locked: 0.33284941244 FIL
Mar 30 02:13:27 Datacap: 3435571183616
Mar 30 02:13:27 ....
Mar 30 02:13:28 Count: 3 of 4
Mar 30 02:13:28 f019100 (1 / 1 tries):
Mar 30 02:13:29 Skipping f019100: error-ask
Mar 30 02:13:29 
Mar 30 02:13:30 Count: 3 of 4
Mar 30 02:13:30 f014409 (1 / 1 tries):
Mar 30 02:13:30 f0421499: 23.308289234176929066 FIL (32G free)
Mar 30 02:13:31 Escrow: 0.999999997255 FIL
Mar 30 02:13:31 Locked: 0.33284941244 FIL
Mar 30 02:13:31 Datacap: 3435571183616
Mar 30 02:13:32 ....
Mar 30 02:13:33 Count: 3 of 4
Mar 30 02:13:33 f019104 (1 / 1 tries):
Mar 30 02:13:33 Skipping f019104: error-ask
Mar 30 02:13:33 
Mar 30 02:13:34 Count: 3 of 4
Mar 30 02:13:34 f099608 (1 / 1 tries):
Mar 30 02:13:35 f0421499: 23.308289234176929066 FIL (32G free)
Mar 30 02:13:35 Escrow: 0.999999997255 FIL
Mar 30 02:13:35 Locked: 0.33284941244 FIL
Mar 30 02:13:35 Datacap: 3435571183616
Mar 30 02:13:35 ....
Mar 30 02:13:36 Count: 3 of 4
Mar 30 02:13:36 f023467 (1 / 1 tries):
Mar 30 02:13:37 f0421499: 23.308289234176929066 FIL (32G free)
Mar 30 02:13:37 Escrow: 0.999999997255 FIL
Mar 30 02:13:37 Locked: 0.33284941244 FIL
Mar 30 02:13:37 Datacap: 3435571183616
Mar 30 02:13:37 ....
Mar 30 02:13:38 Count: 3 of 4
Mar 30 02:13:38 f07998 (1 / 1 tries):
Mar 30 02:13:39 f0421499: 23.308289234176929066 FIL (32G free)
Mar 30 02:13:39 Escrow: 0.999999997255 FIL
Mar 30 02:13:39 Locked: 0.33284941244 FIL
Mar 30 02:13:39 Datacap: 3435571183616
Mar 30 02:13:39 ....
Mar 30 02:13:40 Count: 3 of 4
Mar 30 02:13:40 f058369 (1 / 1 tries):
Mar 30 02:13:40 f0421499: 23.308289234176929066 FIL (32G free)
Mar 30 02:13:41 Escrow: 0.999999997255 FIL
Mar 30 02:13:41 Locked: 0.33284941244 FIL
Mar 30 02:13:41 Datacap: 3435571183616
Mar 30 02:13:41 ....
Mar 30 02:13:42 Count: 3 of 4
Mar 30 02:13:42 f09848 (1 / 1 tries):
Mar 30 02:13:42 f0421499: 23.308289234176929066 FIL (32G free)
Mar 30 02:13:42 Escrow: 0.999999997255 FIL
Mar 30 02:13:42 Locked: 0.33284941244 FIL
Mar 30 02:13:43 Datacap: 3435571183616
Mar 30 02:13:43 ....
Mar 30 02:13:44 Count: 3 of 4
Mar 30 02:13:44 f021716 (1 / 1 tries):
Mar 30 02:13:44 f0421499: 23.308289234176929066 FIL (32G free)
Mar 30 02:13:44 Escrow: 0.999999997255 FIL
Mar 30 02:13:44 Locked: 0.33284941244 FIL
Mar 30 02:13:45 Datacap: 3435571183616
Mar 30 02:13:45 ....
Mar 30 02:13:46 Count: 3 of 4
Mar 30 02:13:46 f019041 (1 / 1 tries):
Mar 30 02:13:46 f0421499: 23.308289234176929066 FIL (32G free)
Mar 30 02:13:46 Escrow: 0.999999997255 FIL
Mar 30 02:13:46 Locked: 0.33284941244 FIL
Mar 30 02:13:47 Datacap: 3435571183616
Mar 30 02:13:47 ....
Mar 30 02:13:48 Count: 3 of 4
Mar 30 02:13:48 f010617 (1 / 1 tries):
Mar 30 02:13:49 f0421499: 23.308289234176929066 FIL (32G free)
Mar 30 02:13:49 Escrow: 0.999999997255 FIL
Mar 30 02:13:49 Locked: 0.33284941244 FIL
Mar 30 02:13:50 Datacap: 3435571183616
Mar 30 02:13:50 ....
Mar 30 02:13:51 Count: 3 of 4
Mar 30 02:13:51 f071624 (1 / 1 tries):
Mar 30 02:13:52 f0421499: 23.308289234176929066 FIL (32G free)
Mar 30 02:13:52 Escrow: 0.999999997255 FIL
Mar 30 02:13:52 Locked: 0.33284941244 FIL
Mar 30 02:13:52 Datacap: 3435571183616
Mar 30 02:13:52 ....
Mar 30 02:13:53 Count: 3 of 4
Mar 30 02:13:53 f066596 (1 / 1 tries):
Mar 30 02:13:53 f0421499: 23.308289234176929066 FIL (32G free)
Mar 30 02:13:54 Escrow: 0.999999997255 FIL
Mar 30 02:13:54 Locked: 0.33284941244 FIL
Mar 30 02:13:54 Datacap: 3435571183616
Mar 30 02:13:54 ....
Mar 30 02:13:55 Count: 3 of 4
Mar 30 02:13:55 f019551 (1 / 1 tries):
Mar 30 02:13:55 f0421499: 23.308289234176929066 FIL (32G free)
Mar 30 02:13:55 Escrow: 0.999999997255 FIL
Mar 30 02:13:55 Locked: 0.33284941244 FIL
Mar 30 02:13:56 Datacap: 3435571183616
Mar 30 02:13:56 ....
Mar 30 02:13:57 Count: 3 of 4
Mar 30 02:13:57 f02576 (1 / 1 tries):
Mar 30 02:13:57 f0421499: 23.308289234176929066 FIL (32G free)
Mar 30 02:13:57 Escrow: 0.999999997255 FIL
Mar 30 02:13:57 Locked: 0.33284941244 FIL
Mar 30 02:13:58 Datacap: 3435571183616
Mar 30 02:13:58 ....
Mar 30 02:13:59 Count: 3 of 4
Mar 30 02:13:59 f0157535 (1 / 1 tries):
Mar 30 02:13:59 f0421499: 23.308289234176929066 FIL (32G free)
Mar 30 02:14:00 Escrow: 0.999999997255 FIL
Mar 30 02:14:00 Locked: 0.33284941244 FIL
Mar 30 02:14:00 Datacap: 3435571183616
Mar 30 02:14:00 ....
Mar 30 02:14:01 Count: 3 of 4
Mar 30 02:14:01 f08399 (1 / 1 tries):
Mar 30 02:14:02 f0421499: 23.308289234176929066 FIL (32G free)
Mar 30 02:14:02 Escrow: 0.999999997255 FIL
Mar 30 02:14:02 Locked: 0.33284941244 FIL
Mar 30 02:14:03 Datacap: 3435571183616
Mar 30 02:14:03 ....
Mar 30 02:14:04 Count: 3 of 4
Mar 30 02:14:04 f023971 (1 / 1 tries):
Mar 30 02:14:04 f0421499: 23.308289234176929066 FIL (32G free)
Mar 30 02:14:05 Escrow: 0.999999997255 FIL
Mar 30 02:14:05 Locked: 0.33284941244 FIL
Mar 30 02:14:05 Datacap: 3435571183616
Mar 30 02:14:05 ....
Mar 30 02:14:06 Count: 3 of 4
Mar 30 02:14:06 f01234 (1 / 1 tries):
Mar 30 02:14:06 f0421499: 23.308289234176929066 FIL (32G free)
Mar 30 02:14:07 Escrow: 0.999999997255 FIL
Mar 30 02:14:07 Locked: 0.33284941244 FIL
Mar 30 02:14:07 Datacap: 3435571183616
Mar 30 02:14:07 ....
Mar 30 02:14:08 Count: 3 of 4
Mar 30 02:14:08 f022142 (1 / 1 tries):
Mar 30 02:14:09 f0421499: 23.308289234176929066 FIL (32G free)
Mar 30 02:14:09 Escrow: 0.999999997255 FIL
Mar 30 02:14:09 Locked: 0.33284941244 FIL
Mar 30 02:14:09 Datacap: 3435571183616
Mar 30 02:14:09 ....
Mar 30 02:14:10 Count: 3 of 4
Mar 30 02:14:10 f02606 (1 / 1 tries):
Mar 30 02:14:11 f0421499: 23.308289234176929066 FIL (32G free)
Mar 30 02:14:11 Escrow: 0.999999997255 FIL
Mar 30 02:14:11 Locked: 0.33284941244 FIL
Mar 30 02:14:11 Datacap: 3435571183616
Mar 30 02:14:11 ....
Mar 30 02:14:12 Count: 3 of 4
Mar 30 02:14:12 f01240 (1 / 1 tries):
Mar 30 02:14:12 f0421499: 23.308289234176929066 FIL (32G free)
Mar 30 02:14:13 Escrow: 0.999999997255 FIL
Mar 30 02:14:13 Locked: 0.33284941244 FIL
Mar 30 02:14:13 Datacap: 3435571183616
Mar 30 02:14:13 ....
Mar 30 02:14:14 Count: 3 of 4
Mar 30 02:14:14 f0165400 (1 / 1 tries):
Mar 30 02:14:15 f0421499: 23.308289234176929066 FIL (32G free)
Mar 30 02:14:15 Escrow: 0.999999997255 FIL
Mar 30 02:14:15 Locked: 0.33284941244 FIL
Mar 30 02:14:16 Datacap: 3435571183616
Mar 30 02:14:16 ....
Mar 30 02:14:17 Count: 3 of 4
Mar 30 02:14:17 f01247 (1 / 1 tries):
Mar 30 02:14:17 f0421499: 23.308289234176929066 FIL (32G free)
Mar 30 02:14:18 Escrow: 0.999999997255 FIL
Mar 30 02:14:18 Locked: 0.33284941244 FIL
Mar 30 02:14:18 Datacap: 3435571183616
Mar 30 02:14:18 ....
Mar 30 02:14:19 Count: 3 of 4
Mar 30 02:14:19 f08403 (1 / 1 tries):
Mar 30 02:14:20 f0421499: 23.308289234176929066 FIL (32G free)
Mar 30 02:14:20 Escrow: 0.999999997255 FIL
Mar 30 02:14:20 Locked: 0.33284941244 FIL
Mar 30 02:14:20 Datacap: 3435571183616
Mar 30 02:14:20 ....
Mar 30 02:14:21 Count: 3 of 4
Mar 30 02:14:21 f01278 (1 / 1 tries):
Mar 30 02:14:22 f0421499: 23.308289234176929066 FIL (32G free)
Mar 30 02:14:22 Escrow: 0.999999997255 FIL
Mar 30 02:14:22 Locked: 0.33284941244 FIL
Mar 30 02:14:22 Datacap: 3435571183616
Mar 30 02:14:22 ....
Mar 30 02:14:23 Count: 3 of 4
Mar 30 02:14:23 f022352 (1 / 1 tries):
Mar 30 02:14:23 f0421499: 23.308289234176929066 FIL (32G free)
Mar 30 02:14:24 Escrow: 0.999999997255 FIL
Mar 30 02:14:24 Locked: 0.33284941244 FIL
Mar 30 02:14:24 Datacap: 3435571183616
Mar 30 02:14:24 ....
Mar 30 02:14:25 Count: 3 of 4
Mar 30 02:14:25 f022163 (1 / 1 tries):
Mar 30 02:14:25 f0421499: 23.308289234176929066 FIL (32G free)
Mar 30 02:14:25 Escrow: 0.999999997255 FIL
Mar 30 02:14:25 Locked: 0.33284941244 FIL
Mar 30 02:14:26 Datacap: 3435571183616
Mar 30 02:14:26 ....
Mar 30 02:14:27 Count: 3 of 4
Mar 30 02:14:27 f019362 (1 / 1 tries):
Mar 30 02:14:28 f0421499: 23.308289234176929066 FIL (32G free)
Mar 30 02:14:28 Escrow: 0.999999997255 FIL
Mar 30 02:14:28 Locked: 0.33284941244 FIL
Mar 30 02:14:28 Datacap: 3435571183616
Mar 30 02:14:28 ....
Mar 30 02:14:29 Count: 3 of 4
Mar 30 02:14:29 f01277 (1 / 1 tries):
Mar 30 02:14:30 Skipping f01277: min-ask
Mar 30 02:14:30 
Mar 30 02:14:31 Count: 3 of 4
Mar 30 02:14:31 f015927 (1 / 1 tries):
Mar 30 02:14:31 Skipping f015927: min-ask
Mar 30 02:14:31 
