Mar 30 05:03:58 Count: 3 of 4
Mar 30 05:03:58 f015927 (1 / 1 tries):
Mar 30 05:03:58 Skipping f015927: min-ask
Mar 30 05:03:58 
Mar 30 05:03:59 Count: 3 of 4
Mar 30 05:03:59 f023467 (1 / 1 tries):
Mar 30 05:04:00 f0421499: 23.293832210218907393 FIL (11G free)
Mar 30 05:04:00 Escrow: 0.999645757255 FIL
Mar 30 05:04:00 Locked: 0.33249517244 FIL
Mar 30 05:04:01 Datacap: 3160693276672
Mar 30 05:04:01 ....
Mar 30 05:04:02 Count: 3 of 4
Mar 30 05:04:02 f021716 (1 / 1 tries):
Mar 30 05:04:03 f0421499: 23.293832210218907393 FIL (11G free)
Mar 30 05:04:03 Escrow: 0.999645757255 FIL
Mar 30 05:04:03 Locked: 0.33249517244 FIL
Mar 30 05:04:04 Datacap: 3160693276672
Mar 30 05:04:04 ....
Mar 30 05:04:05 Count: 3 of 4
Mar 30 05:04:05 f014409 (1 / 1 tries):
Mar 30 05:04:05 f0421499: 23.293832210218907393 FIL (11G free)
Mar 30 05:04:06 Escrow: 0.999645757255 FIL
Mar 30 05:04:06 Locked: 0.33249517244 FIL
Mar 30 05:04:06 Datacap: 3160693276672
Mar 30 05:04:06 ....
Mar 30 05:04:07 Count: 3 of 4
Mar 30 05:04:07 f058369 (1 / 1 tries):
Mar 30 05:04:08 f0421499: 23.293832210218907393 FIL (11G free)
Mar 30 05:04:08 Escrow: 0.999645757255 FIL
Mar 30 05:04:08 Locked: 0.33249517244 FIL
Mar 30 05:04:09 Datacap: 3160693276672
Mar 30 05:04:09 ....
Mar 30 05:04:10 Count: 3 of 4
Mar 30 05:04:10 f07998 (1 / 1 tries):
Mar 30 05:04:10 f0421499: 23.293832210218907393 FIL (11G free)
Mar 30 05:04:11 Escrow: 0.999645757255 FIL
Mar 30 05:04:11 Locked: 0.33249517244 FIL
Mar 30 05:04:11 Datacap: 3160693276672
Mar 30 05:04:11 ....
Mar 30 05:04:12 Count: 3 of 4
Mar 30 05:04:12 f02576 (1 / 1 tries):
Mar 30 05:04:13 f0421499: 23.293832210218907393 FIL (11G free)
Mar 30 05:04:13 Escrow: 0.999645757255 FIL
Mar 30 05:04:13 Locked: 0.33249517244 FIL
Mar 30 05:04:13 Datacap: 3160693276672
Mar 30 05:04:13 ....
Mar 30 05:04:15 Count: 3 of 4
Mar 30 05:04:15 f0127896 (1 / 1 tries):
Mar 30 05:04:15 Skipping f0127896: min-ask
Mar 30 05:04:15 
Mar 30 05:04:16 Count: 3 of 4
Mar 30 05:04:16 f019104 (1 / 1 tries):
Mar 30 05:04:17 Skipping f019104: error-ask
Mar 30 05:04:17 
Mar 30 05:04:18 Count: 3 of 4
Mar 30 05:04:18 f019100 (1 / 1 tries):
Mar 30 05:04:18 Skipping f019100: error-ask
Mar 30 05:04:18 
Mar 30 05:04:19 Count: 3 of 4
Mar 30 05:04:19 f022352 (1 / 1 tries):
Mar 30 05:04:20 f0421499: 23.293832210218907393 FIL (11G free)
Mar 30 05:04:20 Escrow: 0.999645757255 FIL
Mar 30 05:04:20 Locked: 0.33249517244 FIL
Mar 30 05:04:20 Datacap: 3160693276672
Mar 30 05:04:20 ....
Mar 30 05:04:21 Count: 3 of 4
Mar 30 05:04:21 f0157535 (1 / 1 tries):
Mar 30 05:04:22 f0421499: 23.293832210218907393 FIL (11G free)
Mar 30 05:04:23 Escrow: 0.999645757255 FIL
Mar 30 05:04:23 Locked: 0.33249517244 FIL
Mar 30 05:04:23 Datacap: 3160693276672
Mar 30 05:04:23 ....
Mar 30 05:04:24 Count: 3 of 4
Mar 30 05:04:24 f01277 (1 / 1 tries):
Mar 30 05:04:25 Skipping f01277: min-ask
Mar 30 05:04:25 
Mar 30 05:04:26 Count: 3 of 4
Mar 30 05:04:26 f010617 (1 / 1 tries):
Mar 30 05:04:26 f0421499: 23.293832210218907393 FIL (11G free)
Mar 30 05:04:26 Escrow: 0.999645757255 FIL
Mar 30 05:04:26 Locked: 0.33249517244 FIL
Mar 30 05:04:27 Datacap: 3160693276672
Mar 30 05:04:27 ....
Mar 30 05:04:28 Count: 3 of 4
Mar 30 05:04:28 f071624 (1 / 1 tries):
Mar 30 05:04:29 f0421499: 23.293832210218907393 FIL (11G free)
Mar 30 05:04:29 Escrow: 0.999645757255 FIL
Mar 30 05:04:29 Locked: 0.33249517244 FIL
Mar 30 05:04:29 Datacap: 3160693276672
Mar 30 05:04:29 ....
Mar 30 05:04:30 Count: 3 of 4
Mar 30 05:04:30 f09848 (1 / 1 tries):
Mar 30 05:04:31 f0421499: 23.293832210218907393 FIL (11G free)
Mar 30 05:04:31 Escrow: 0.999645757255 FIL
Mar 30 05:04:31 Locked: 0.33249517244 FIL
Mar 30 05:04:32 Datacap: 3160693276672
Mar 30 05:04:32 ....
Mar 30 05:04:33 Count: 3 of 4
Mar 30 05:04:33 f08403 (1 / 1 tries):
Mar 30 05:04:34 f0421499: 23.293832210218907393 FIL (11G free)
Mar 30 05:04:34 Escrow: 0.999645757255 FIL
Mar 30 05:04:34 Locked: 0.33249517244 FIL
Mar 30 05:04:35 Datacap: 3160693276672
Mar 30 05:04:35 ....
Mar 30 05:04:36 Count: 3 of 4
Mar 30 05:04:36 f01278 (1 / 1 tries):
Mar 30 05:04:36 f0421499: 23.293832210218907393 FIL (11G free)
Mar 30 05:04:37 Escrow: 0.999645757255 FIL
Mar 30 05:04:37 Locked: 0.33249517244 FIL
Mar 30 05:04:37 Datacap: 3160693276672
Mar 30 05:04:37 ....
Mar 30 05:04:38 Count: 3 of 4
Mar 30 05:04:38 f02606 (1 / 1 tries):
Mar 30 05:04:39 f0421499: 23.293832210218907393 FIL (11G free)
Mar 30 05:04:39 Escrow: 0.999645757255 FIL
Mar 30 05:04:39 Locked: 0.33249517244 FIL
Mar 30 05:04:39 Datacap: 3160693276672
Mar 30 05:04:39 ....
Mar 30 05:04:40 Count: 3 of 4
Mar 30 05:04:40 f0165400 (1 / 1 tries):
Mar 30 05:04:41 f0421499: 23.293832210218907393 FIL (11G free)
Mar 30 05:04:42 Escrow: 0.999645757255 FIL
Mar 30 05:04:42 Locked: 0.33249517244 FIL
Mar 30 05:04:42 Datacap: 3160693276672
Mar 30 05:04:42 ....
Mar 30 05:04:43 Count: 3 of 4
Mar 30 05:04:43 f01234 (1 / 1 tries):
Mar 30 05:04:44 f0421499: 23.293832210218907393 FIL (11G free)
Mar 30 05:04:44 Escrow: 0.999645757255 FIL
Mar 30 05:04:44 Locked: 0.33249517244 FIL
Mar 30 05:04:44 Datacap: 3160693276672
Mar 30 05:04:44 ....
Mar 30 05:04:45 Count: 3 of 4
Mar 30 05:04:45 f019041 (1 / 1 tries):
Mar 30 05:04:46 f0421499: 23.293832210218907393 FIL (11G free)
Mar 30 05:04:46 Escrow: 0.999645757255 FIL
Mar 30 05:04:46 Locked: 0.33249517244 FIL
Mar 30 05:04:47 Datacap: 3160693276672
Mar 30 05:04:47 ....
Mar 30 05:04:48 Count: 3 of 4
Mar 30 05:04:48 f010479 (1 / 1 tries):
Mar 30 05:04:48 f0421499: 23.293832210218907393 FIL (11G free)
Mar 30 05:04:49 Escrow: 0.999645757255 FIL
Mar 30 05:04:49 Locked: 0.33249517244 FIL
Mar 30 05:04:49 Datacap: 3160693276672
Mar 30 05:04:49 ....
Mar 30 05:04:50 Count: 3 of 4
Mar 30 05:04:50 f01247 (1 / 1 tries):
Mar 30 05:04:51 f0421499: 23.293832210218907393 FIL (11G free)
Mar 30 05:04:51 Escrow: 0.999645757255 FIL
Mar 30 05:04:51 Locked: 0.33249517244 FIL
Mar 30 05:04:51 Datacap: 3160693276672
Mar 30 05:04:51 ....
Mar 30 05:04:52 Count: 3 of 4
Mar 30 05:04:52 f022142 (1 / 1 tries):
Mar 30 05:04:53 f0421499: 23.293832210218907393 FIL (11G free)
Mar 30 05:04:53 Escrow: 0.999645757255 FIL
Mar 30 05:04:53 Locked: 0.33249517244 FIL
Mar 30 05:04:53 Datacap: 3160693276672
Mar 30 05:04:54 ....
Mar 30 05:04:55 Count: 3 of 4
Mar 30 05:04:55 f08399 (1 / 1 tries):
Mar 30 05:04:55 f0421499: 23.293832210218907393 FIL (11G free)
Mar 30 05:04:55 Escrow: 0.999645757255 FIL
Mar 30 05:04:55 Locked: 0.33249517244 FIL
Mar 30 05:04:56 Datacap: 3160693276672
Mar 30 05:04:56 ....
Mar 30 05:04:57 Count: 3 of 4
Mar 30 05:04:57 f066596 (1 / 1 tries):
Mar 30 05:04:57 f0421499: 23.293832210218907393 FIL (11G free)
Mar 30 05:04:58 Escrow: 0.999645757255 FIL
Mar 30 05:04:58 Locked: 0.33249517244 FIL
Mar 30 05:04:58 Datacap: 3160693276672
Mar 30 05:04:58 ....
Mar 30 05:04:59 Count: 3 of 4
Mar 30 05:04:59 f019551 (1 / 1 tries):
Mar 30 05:05:00 f0421499: 23.293832210218907393 FIL (11G free)
Mar 30 05:05:00 Escrow: 0.999645757255 FIL
Mar 30 05:05:00 Locked: 0.33249517244 FIL
Mar 30 05:05:00 Datacap: 3160693276672
Mar 30 05:05:00 ....
Mar 30 05:05:01 Count: 3 of 4
Mar 30 05:05:01 f014768 (1 / 1 tries):
Mar 30 05:05:02 f0421499: 23.293832210218907393 FIL (11G free)
Mar 30 05:05:03 Escrow: 0.999645757255 FIL
Mar 30 05:05:03 Locked: 0.33249517244 FIL
Mar 30 05:05:03 Datacap: 3160693276672
Mar 30 05:05:03 ....
Mar 30 05:05:04 Count: 3 of 4
Mar 30 05:05:04 f0145874 (1 / 1 tries):
Mar 30 05:05:05 f0421499: 23.293832210218907393 FIL (11G free)
Mar 30 05:05:05 Escrow: 0.999645757255 FIL
Mar 30 05:05:05 Locked: 0.33249517244 FIL
Mar 30 05:05:05 Datacap: 3160693276672
Mar 30 05:05:05 ....
Mar 30 05:05:06 Count: 3 of 4
Mar 30 05:05:06 f01240 (1 / 1 tries):
Mar 30 05:05:07 f0421499: 23.293832210218907393 FIL (11G free)
Mar 30 05:05:07 Escrow: 0.999645757255 FIL
Mar 30 05:05:07 Locked: 0.33249517244 FIL
Mar 30 05:05:08 Datacap: 3160693276672
Mar 30 05:05:08 ....
Mar 30 05:05:09 Count: 3 of 4
Mar 30 05:05:09 f062353 (1 / 1 tries):
Mar 30 05:05:10 f0421499: 23.293832210218907393 FIL (11G free)
Mar 30 05:05:10 Escrow: 0.999645757255 FIL
Mar 30 05:05:10 Locked: 0.33249517244 FIL
Mar 30 05:05:10 Datacap: 3160693276672
Mar 30 05:05:11 ....
Mar 30 05:05:12 Count: 3 of 4
Mar 30 05:05:12 f099608 (1 / 1 tries):
Mar 30 05:05:12 f0421499: 23.293832210218907393 FIL (11G free)
Mar 30 05:05:12 Escrow: 0.999645757255 FIL
Mar 30 05:05:12 Locked: 0.33249517244 FIL
Mar 30 05:05:13 Datacap: 3160693276672
Mar 30 05:05:13 ....
Mar 30 05:05:14 Count: 3 of 4
Mar 30 05:05:14 f019362 (1 / 1 tries):
Mar 30 05:05:15 f0421499: 23.293832210218907393 FIL (11G free)
Mar 30 05:05:15 Escrow: 0.999645757255 FIL
Mar 30 05:05:15 Locked: 0.33249517244 FIL
Mar 30 05:05:15 Datacap: 3160693276672
Mar 30 05:05:15 ....
Mar 30 05:05:16 Count: 3 of 4
Mar 30 05:05:16 f022163 (1 / 1 tries):
Mar 30 05:05:17 f0421499: 23.293832210218907393 FIL (11G free)
Mar 30 05:05:17 Escrow: 0.999645757255 FIL
Mar 30 05:05:17 Locked: 0.33249517244 FIL
Mar 30 05:05:17 Datacap: 3160693276672
Mar 30 05:05:17 ....
Mar 30 05:05:18 Count: 3 of 4
Mar 30 05:05:18 f023971 (1 / 1 tries):
Mar 30 05:05:19 f0421499: 23.293832210218907393 FIL (11G free)
Mar 30 05:05:19 Escrow: 0.999645757255 FIL
Mar 30 05:05:19 Locked: 0.33249517244 FIL
Mar 30 05:05:19 Datacap: 3160693276672
Mar 30 05:05:19 ....
