Mar 30 14:33:51 Count: 3 of 4
Mar 30 14:33:51 f023467 (1 / 1 tries):
Mar 30 14:33:52 f0421499: 23.293832210218907393 FIL (8.4G free)
Mar 30 14:33:52 Escrow: 0.999645757255 FIL
Mar 30 14:33:52 Locked: 0.33249517244 FIL
Mar 30 14:33:53 Datacap: 3160693276672
Mar 30 14:33:53 ....
Mar 30 14:33:54 Count: 3 of 4
Mar 30 14:33:54 f058369 (1 / 1 tries):
Mar 30 14:33:54 f0421499: 23.293832210218907393 FIL (8.4G free)
Mar 30 14:33:54 Escrow: 0.999645757255 FIL
Mar 30 14:33:54 Locked: 0.33249517244 FIL
Mar 30 14:33:55 Datacap: 3160693276672
Mar 30 14:33:55 ....
Mar 30 14:33:56 Count: 3 of 4
Mar 30 14:33:56 f021716 (1 / 1 tries):
Mar 30 14:33:57 f0421499: 23.293832210218907393 FIL (8.4G free)
Mar 30 14:33:57 Escrow: 0.999645757255 FIL
Mar 30 14:33:57 Locked: 0.33249517244 FIL
Mar 30 14:33:57 Datacap: 3160693276672
Mar 30 14:33:57 ....
Mar 30 14:33:59 Count: 3 of 4
Mar 30 14:33:59 f022163 (1 / 1 tries):
Mar 30 14:33:59 f0421499: 23.293832210218907393 FIL (8.4G free)
Mar 30 14:33:59 Escrow: 0.999645757255 FIL
Mar 30 14:33:59 Locked: 0.33249517244 FIL
Mar 30 14:33:59 Datacap: 3160693276672
Mar 30 14:34:00 ....
Mar 30 14:34:01 Count: 3 of 4
Mar 30 14:34:01 f062353 (1 / 1 tries):
Mar 30 14:34:02 f0421499: 23.293832210218907393 FIL (8.4G free)
Mar 30 14:34:02 Escrow: 0.999645757255 FIL
Mar 30 14:34:02 Locked: 0.33249517244 FIL
Mar 30 14:34:02 Datacap: 3160693276672
Mar 30 14:34:02 ....
Mar 30 14:34:03 Count: 3 of 4
Mar 30 14:34:03 f066596 (1 / 1 tries):
Mar 30 14:34:04 f0421499: 23.293832210218907393 FIL (8.4G free)
Mar 30 14:34:04 Escrow: 0.999645757255 FIL
Mar 30 14:34:04 Locked: 0.33249517244 FIL
Mar 30 14:34:04 Datacap: 3160693276672
Mar 30 14:34:04 ....
Mar 30 14:34:05 Count: 3 of 4
Mar 30 14:34:05 f022352 (1 / 1 tries):
Mar 30 14:34:06 f0421499: 23.293832210218907393 FIL (8.4G free)
Mar 30 14:34:06 Escrow: 0.999645757255 FIL
Mar 30 14:34:06 Locked: 0.33249517244 FIL
Mar 30 14:34:06 Datacap: 3160693276672
Mar 30 14:34:06 ....
Mar 30 14:34:07 Count: 3 of 4
Mar 30 14:34:07 f019041 (1 / 1 tries):
Mar 30 14:34:08 f0421499: 23.293832210218907393 FIL (8.4G free)
Mar 30 14:34:08 Escrow: 0.999645757255 FIL
Mar 30 14:34:08 Locked: 0.33249517244 FIL
Mar 30 14:34:09 Datacap: 3160693276672
Mar 30 14:34:09 ....
Mar 30 14:34:10 Count: 3 of 4
Mar 30 14:34:10 f0145874 (1 / 1 tries):
Mar 30 14:34:11 f0421499: 23.293832210218907393 FIL (8.4G free)
Mar 30 14:34:11 Escrow: 0.999645757255 FIL
Mar 30 14:34:11 Locked: 0.33249517244 FIL
Mar 30 14:34:11 Datacap: 3160693276672
Mar 30 14:34:11 ....
Mar 30 14:34:12 Count: 3 of 4
Mar 30 14:34:12 f022142 (1 / 1 tries):
Mar 30 14:34:13 f0421499: 23.293832210218907393 FIL (8.4G free)
Mar 30 14:34:13 Escrow: 0.999645757255 FIL
Mar 30 14:34:13 Locked: 0.33249517244 FIL
Mar 30 14:34:14 Datacap: 3160693276672
Mar 30 14:34:14 ....
Mar 30 14:34:15 Count: 3 of 4
Mar 30 14:34:15 f014768 (1 / 1 tries):
Mar 30 14:34:15 f0421499: 23.293832210218907393 FIL (8.4G free)
Mar 30 14:34:16 Escrow: 0.999645757255 FIL
Mar 30 14:34:16 Locked: 0.33249517244 FIL
Mar 30 14:34:16 Datacap: 3160693276672
Mar 30 14:34:16 ....
Mar 30 14:34:17 Count: 3 of 4
Mar 30 14:34:17 f023971 (1 / 1 tries):
Mar 30 14:34:17 f0421499: 23.293832210218907393 FIL (8.4G free)
Mar 30 14:34:17 Escrow: 0.999645757255 FIL
Mar 30 14:34:17 Locked: 0.33249517244 FIL
Mar 30 14:34:18 Datacap: 3160693276672
Mar 30 14:34:18 ....
Mar 30 14:34:19 Count: 3 of 4
Mar 30 14:34:19 f0127896 (1 / 1 tries):
Mar 30 14:34:20 Skipping f0127896: min-ask
Mar 30 14:34:20 
Mar 30 14:34:21 Count: 3 of 4
Mar 30 14:34:21 f01277 (1 / 1 tries):
Mar 30 14:34:21 Skipping f01277: min-ask
Mar 30 14:34:21 
Mar 30 14:34:22 Count: 3 of 4
Mar 30 14:34:22 f015927 (1 / 1 tries):
Mar 30 14:34:22 Skipping f015927: min-ask
Mar 30 14:34:22 
Mar 30 14:34:23 Count: 3 of 4
Mar 30 14:34:23 f0157535 (1 / 1 tries):
Mar 30 14:34:24 f0421499: 23.293832210218907393 FIL (8.4G free)
Mar 30 14:34:25 Escrow: 0.999645757255 FIL
Mar 30 14:34:25 Locked: 0.33249517244 FIL
Mar 30 14:34:25 Datacap: 3160693276672
Mar 30 14:34:25 ....
Mar 30 14:34:26 Count: 3 of 4
Mar 30 14:34:26 f099608 (1 / 1 tries):
Mar 30 14:34:27 f0421499: 23.293832210218907393 FIL (8.4G free)
Mar 30 14:34:27 Escrow: 0.999645757255 FIL
Mar 30 14:34:27 Locked: 0.33249517244 FIL
Mar 30 14:34:28 Datacap: 3160693276672
Mar 30 14:34:28 ....
Mar 30 14:34:29 Count: 3 of 4
Mar 30 14:34:29 f08403 (1 / 1 tries):
Mar 30 14:34:30 f0421499: 23.293832210218907393 FIL (8.4G free)
Mar 30 14:34:30 Escrow: 0.999645757255 FIL
Mar 30 14:34:30 Locked: 0.33249517244 FIL
Mar 30 14:34:31 Datacap: 3160693276672
Mar 30 14:34:31 ....
Mar 30 14:34:32 Count: 3 of 4
Mar 30 14:34:32 f01240 (1 / 1 tries):
Mar 30 14:34:32 f0421499: 23.293832210218907393 FIL (8.4G free)
Mar 30 14:34:32 Escrow: 0.999645757255 FIL
Mar 30 14:34:32 Locked: 0.33249517244 FIL
Mar 30 14:34:33 Datacap: 3160693276672
Mar 30 14:34:33 ....
Mar 30 14:34:34 Count: 3 of 4
Mar 30 14:34:34 f09848 (1 / 1 tries):
Mar 30 14:34:34 f0421499: 23.293832210218907393 FIL (8.4G free)
Mar 30 14:34:34 Escrow: 0.999645757255 FIL
Mar 30 14:34:34 Locked: 0.33249517244 FIL
Mar 30 14:34:35 Datacap: 3160693276672
Mar 30 14:34:35 ....
Mar 30 14:34:36 Count: 3 of 4
Mar 30 14:34:36 f010617 (1 / 1 tries):
Mar 30 14:34:36 f0421499: 23.293832210218907393 FIL (8.4G free)
Mar 30 14:34:37 Escrow: 0.999645757255 FIL
Mar 30 14:34:37 Locked: 0.33249517244 FIL
Mar 30 14:34:37 Datacap: 3160693276672
Mar 30 14:34:37 ....
Mar 30 14:34:38 Count: 3 of 4
Mar 30 14:34:38 f0165400 (1 / 1 tries):
Mar 30 14:34:39 f0421499: 23.293832210218907393 FIL (8.4G free)
Mar 30 14:34:39 Escrow: 0.999645757255 FIL
Mar 30 14:34:39 Locked: 0.33249517244 FIL
Mar 30 14:34:39 Datacap: 3160693276672
Mar 30 14:34:39 ....
Mar 30 14:34:40 Count: 3 of 4
Mar 30 14:34:40 f010479 (1 / 1 tries):
Mar 30 14:34:41 f0421499: 23.293832210218907393 FIL (8.4G free)
Mar 30 14:34:41 Escrow: 0.999645757255 FIL
Mar 30 14:34:41 Locked: 0.33249517244 FIL
Mar 30 14:34:41 Datacap: 3160693276672
Mar 30 14:34:42 ....
Mar 30 14:34:43 Count: 3 of 4
Mar 30 14:34:43 f02606 (1 / 1 tries):
Mar 30 14:34:43 f0421499: 23.293832210218907393 FIL (8.4G free)
Mar 30 14:34:43 Escrow: 0.999645757255 FIL
Mar 30 14:34:43 Locked: 0.33249517244 FIL
Mar 30 14:34:44 Datacap: 3160693276672
Mar 30 14:34:44 ....
Mar 30 14:34:45 Count: 3 of 4
Mar 30 14:34:45 f019551 (1 / 1 tries):
Mar 30 14:34:46 f0421499: 23.293832210218907393 FIL (8.4G free)
Mar 30 14:34:46 Escrow: 0.999645757255 FIL
Mar 30 14:34:46 Locked: 0.33249517244 FIL
Mar 30 14:34:47 Datacap: 3160693276672
Mar 30 14:34:47 ....
Mar 30 14:34:48 Count: 3 of 4
Mar 30 14:34:48 f02576 (1 / 1 tries):
Mar 30 14:34:49 f0421499: 23.293832210218907393 FIL (8.4G free)
Mar 30 14:34:49 Escrow: 0.999645757255 FIL
Mar 30 14:34:49 Locked: 0.33249517244 FIL
Mar 30 14:34:49 Datacap: 3160693276672
Mar 30 14:34:49 ....
Mar 30 14:34:50 Count: 3 of 4
Mar 30 14:34:50 f019100 (1 / 1 tries):
Mar 30 14:34:51 Skipping f019100: error-ask
Mar 30 14:34:51 
Mar 30 14:34:52 Count: 3 of 4
Mar 30 14:34:52 f01234 (1 / 1 tries):
Mar 30 14:34:53 f0421499: 23.293832210218907393 FIL (8.4G free)
Mar 30 14:34:53 Escrow: 0.999645757255 FIL
Mar 30 14:34:53 Locked: 0.33249517244 FIL
Mar 30 14:34:54 Datacap: 3160693276672
Mar 30 14:34:54 ....
Mar 30 14:34:55 Count: 3 of 4
Mar 30 14:34:55 f01278 (1 / 1 tries):
Mar 30 14:34:55 f0421499: 23.293832210218907393 FIL (8.4G free)
Mar 30 14:34:56 Escrow: 0.999645757255 FIL
Mar 30 14:34:56 Locked: 0.33249517244 FIL
Mar 30 14:34:56 Datacap: 3160693276672
Mar 30 14:34:56 ....
Mar 30 14:34:57 Count: 3 of 4
Mar 30 14:34:57 f01247 (1 / 1 tries):
Mar 30 14:34:58 f0421499: 23.293832210218907393 FIL (8.4G free)
Mar 30 14:34:58 Escrow: 0.999645757255 FIL
Mar 30 14:34:58 Locked: 0.33249517244 FIL
Mar 30 14:34:58 Datacap: 3160693276672
Mar 30 14:34:58 ....
Mar 30 14:34:59 Count: 3 of 4
Mar 30 14:34:59 f07998 (1 / 1 tries):
Mar 30 14:35:00 f0421499: 23.293832210218907393 FIL (8.4G free)
Mar 30 14:35:00 Escrow: 0.999645757255 FIL
Mar 30 14:35:00 Locked: 0.33249517244 FIL
Mar 30 14:35:00 Datacap: 3160693276672
Mar 30 14:35:00 ....
Mar 30 14:35:01 Count: 3 of 4
Mar 30 14:35:01 f071624 (1 / 1 tries):
Mar 30 14:35:02 f0421499: 23.293832210218907393 FIL (8.4G free)
Mar 30 14:35:02 Escrow: 0.999645757255 FIL
Mar 30 14:35:02 Locked: 0.33249517244 FIL
Mar 30 14:35:03 Datacap: 3160693276672
Mar 30 14:35:03 ....
Mar 30 14:35:04 Count: 3 of 4
Mar 30 14:35:04 f08399 (1 / 1 tries):
Mar 30 14:35:05 f0421499: 23.293832210218907393 FIL (8.4G free)
Mar 30 14:35:05 Escrow: 0.999645757255 FIL
Mar 30 14:35:05 Locked: 0.33249517244 FIL
Mar 30 14:35:05 Datacap: 3160693276672
Mar 30 14:35:05 ....
Mar 30 14:35:06 Count: 3 of 4
Mar 30 14:35:06 f019362 (1 / 1 tries):
Mar 30 14:35:07 f0421499: 23.293832210218907393 FIL (8.4G free)
Mar 30 14:35:07 Escrow: 0.999645757255 FIL
Mar 30 14:35:07 Locked: 0.33249517244 FIL
Mar 30 14:35:07 Datacap: 3160693276672
Mar 30 14:35:08 ....
Mar 30 14:35:09 Count: 3 of 4
Mar 30 14:35:09 f019104 (1 / 1 tries):
Mar 30 14:35:09 Skipping f019104: error-ask
Mar 30 14:35:09 
Mar 30 14:35:10 Count: 3 of 4
Mar 30 14:35:10 f014409 (1 / 1 tries):
Mar 30 14:35:11 f0421499: 23.293832210218907393 FIL (8.4G free)
Mar 30 14:35:11 Escrow: 0.999645757255 FIL
Mar 30 14:35:11 Locked: 0.33249517244 FIL
Mar 30 14:35:11 Datacap: 3160693276672
Mar 30 14:35:12 ....
