Mar 30 10:22:04 Count: 3 of 4
Mar 30 10:22:04 f058369 (1 / 1 tries):
Mar 30 10:22:05 f0421499: 23.293832210218907393 FIL (9.2G free)
Mar 30 10:22:05 Escrow: 0.999645757255 FIL
Mar 30 10:22:05 Locked: 0.33249517244 FIL
Mar 30 10:22:05 Datacap: 3160693276672
Mar 30 10:22:06 ....
Mar 30 10:22:07 Count: 3 of 4
Mar 30 10:22:07 f019362 (1 / 1 tries):
Mar 30 10:22:07 f0421499: 23.293832210218907393 FIL (9.2G free)
Mar 30 10:22:07 Escrow: 0.999645757255 FIL
Mar 30 10:22:07 Locked: 0.33249517244 FIL
Mar 30 10:22:08 Datacap: 3160693276672
Mar 30 10:22:08 ....
Mar 30 10:22:09 Count: 3 of 4
Mar 30 10:22:09 f071624 (1 / 1 tries):
Mar 30 10:22:09 f0421499: 23.293832210218907393 FIL (9.2G free)
Mar 30 10:22:09 Escrow: 0.999645757255 FIL
Mar 30 10:22:09 Locked: 0.33249517244 FIL
Mar 30 10:22:09 Datacap: 3160693276672
Mar 30 10:22:09 ....
Mar 30 10:22:11 Count: 3 of 4
Mar 30 10:22:11 f023971 (1 / 1 tries):
Mar 30 10:22:12 f0421499: 23.293832210218907393 FIL (9.2G free)
Mar 30 10:22:12 Escrow: 0.999645757255 FIL
Mar 30 10:22:12 Locked: 0.33249517244 FIL
Mar 30 10:22:12 Datacap: 3160693276672
Mar 30 10:22:12 ....
Mar 30 10:22:13 Count: 3 of 4
Mar 30 10:22:13 f023467 (1 / 1 tries):
Mar 30 10:22:14 f0421499: 23.293832210218907393 FIL (9.2G free)
Mar 30 10:22:14 Escrow: 0.999645757255 FIL
Mar 30 10:22:14 Locked: 0.33249517244 FIL
Mar 30 10:22:14 Datacap: 3160693276672
Mar 30 10:22:14 ....
Mar 30 10:22:15 Count: 3 of 4
Mar 30 10:22:15 f0127896 (1 / 1 tries):
Mar 30 10:22:16 Skipping f0127896: min-ask
Mar 30 10:22:16 
Mar 30 10:22:17 Count: 3 of 4
Mar 30 10:22:17 f066596 (1 / 1 tries):
Mar 30 10:22:18 f0421499: 23.293832210218907393 FIL (9.2G free)
Mar 30 10:22:18 Escrow: 0.999645757255 FIL
Mar 30 10:22:18 Locked: 0.33249517244 FIL
Mar 30 10:22:19 Datacap: 3160693276672
Mar 30 10:22:19 ....
Mar 30 10:22:20 Count: 3 of 4
Mar 30 10:22:20 f01277 (1 / 1 tries):
Mar 30 10:22:20 Skipping f01277: min-ask
Mar 30 10:22:20 
Mar 30 10:22:21 Count: 3 of 4
Mar 30 10:22:21 f019551 (1 / 1 tries):
Mar 30 10:22:22 f0421499: 23.293832210218907393 FIL (9.2G free)
Mar 30 10:22:22 Escrow: 0.999645757255 FIL
Mar 30 10:22:22 Locked: 0.33249517244 FIL
Mar 30 10:22:22 Datacap: 3160693276672
Mar 30 10:22:23 ....
Mar 30 10:22:24 Count: 3 of 4
Mar 30 10:22:24 f01234 (1 / 1 tries):
Mar 30 10:22:24 f0421499: 23.293832210218907393 FIL (9.2G free)
Mar 30 10:22:24 Escrow: 0.999645757255 FIL
Mar 30 10:22:24 Locked: 0.33249517244 FIL
Mar 30 10:22:25 Datacap: 3160693276672
Mar 30 10:22:25 ....
Mar 30 10:22:26 Count: 3 of 4
Mar 30 10:22:26 f019100 (1 / 1 tries):
Mar 30 10:22:27 Skipping f019100: error-ask
Mar 30 10:22:27 
Mar 30 10:22:28 Count: 3 of 4
Mar 30 10:22:28 f02606 (1 / 1 tries):
Mar 30 10:22:28 f0421499: 23.293832210218907393 FIL (9.2G free)
Mar 30 10:22:28 Escrow: 0.999645757255 FIL
Mar 30 10:22:28 Locked: 0.33249517244 FIL
Mar 30 10:22:29 Datacap: 3160693276672
Mar 30 10:22:29 ....
Mar 30 10:22:30 Count: 3 of 4
Mar 30 10:22:30 f014768 (1 / 1 tries):
Mar 30 10:22:30 f0421499: 23.293832210218907393 FIL (9.2G free)
Mar 30 10:22:30 Escrow: 0.999645757255 FIL
Mar 30 10:22:30 Locked: 0.33249517244 FIL
Mar 30 10:22:31 Datacap: 3160693276672
Mar 30 10:22:31 ....
Mar 30 10:22:32 Count: 3 of 4
Mar 30 10:22:32 f08403 (1 / 1 tries):
Mar 30 10:22:33 f0421499: 23.293832210218907393 FIL (9.2G free)
Mar 30 10:22:33 Escrow: 0.999645757255 FIL
Mar 30 10:22:33 Locked: 0.33249517244 FIL
Mar 30 10:22:33 Datacap: 3160693276672
Mar 30 10:22:33 ....
Mar 30 10:22:35 Count: 3 of 4
Mar 30 10:22:35 f0157535 (1 / 1 tries):
Mar 30 10:22:35 f0421499: 23.293832210218907393 FIL (9.2G free)
Mar 30 10:22:35 Escrow: 0.999645757255 FIL
Mar 30 10:22:35 Locked: 0.33249517244 FIL
Mar 30 10:22:36 Datacap: 3160693276672
Mar 30 10:22:36 ....
Mar 30 10:22:37 Count: 3 of 4
Mar 30 10:22:37 f09848 (1 / 1 tries):
Mar 30 10:22:37 f0421499: 23.293832210218907393 FIL (9.2G free)
Mar 30 10:22:38 Escrow: 0.999645757255 FIL
Mar 30 10:22:38 Locked: 0.33249517244 FIL
Mar 30 10:22:38 Datacap: 3160693276672
Mar 30 10:22:38 ....
Mar 30 10:22:39 Count: 3 of 4
Mar 30 10:22:39 f021716 (1 / 1 tries):
Mar 30 10:22:40 f0421499: 23.293832210218907393 FIL (9.2G free)
Mar 30 10:22:40 Escrow: 0.999645757255 FIL
Mar 30 10:22:40 Locked: 0.33249517244 FIL
Mar 30 10:22:40 Datacap: 3160693276672
Mar 30 10:22:41 ....
Mar 30 10:22:42 Count: 3 of 4
Mar 30 10:22:42 f062353 (1 / 1 tries):
Mar 30 10:22:42 f0421499: 23.293832210218907393 FIL (9.2G free)
Mar 30 10:22:42 Escrow: 0.999645757255 FIL
Mar 30 10:22:42 Locked: 0.33249517244 FIL
Mar 30 10:22:43 Datacap: 3160693276672
Mar 30 10:22:43 ....
Mar 30 10:22:44 Count: 3 of 4
Mar 30 10:22:44 f099608 (1 / 1 tries):
Mar 30 10:22:44 f0421499: 23.293832210218907393 FIL (9.2G free)
Mar 30 10:22:45 Escrow: 0.999645757255 FIL
Mar 30 10:22:45 Locked: 0.33249517244 FIL
Mar 30 10:22:45 Datacap: 3160693276672
Mar 30 10:22:46 ....
Mar 30 10:22:47 Count: 3 of 4
Mar 30 10:22:47 f022352 (1 / 1 tries):
Mar 30 10:22:47 f0421499: 23.293832210218907393 FIL (9.2G free)
Mar 30 10:22:47 Escrow: 0.999645757255 FIL
Mar 30 10:22:47 Locked: 0.33249517244 FIL
Mar 30 10:22:48 Datacap: 3160693276672
Mar 30 10:22:48 ....
Mar 30 10:22:49 Count: 3 of 4
Mar 30 10:22:49 f01240 (1 / 1 tries):
Mar 30 10:22:49 f0421499: 23.293832210218907393 FIL (9.2G free)
Mar 30 10:22:50 Escrow: 0.999645757255 FIL
Mar 30 10:22:50 Locked: 0.33249517244 FIL
Mar 30 10:22:50 Datacap: 3160693276672
Mar 30 10:22:50 ....
Mar 30 10:22:51 Count: 3 of 4
Mar 30 10:22:51 f010617 (1 / 1 tries):
Mar 30 10:22:52 f0421499: 23.293832210218907393 FIL (9.2G free)
Mar 30 10:22:52 Escrow: 0.999645757255 FIL
Mar 30 10:22:52 Locked: 0.33249517244 FIL
Mar 30 10:22:53 Datacap: 3160693276672
Mar 30 10:22:53 ....
Mar 30 10:22:54 Count: 3 of 4
Mar 30 10:22:54 f019041 (1 / 1 tries):
Mar 30 10:22:54 f0421499: 23.293832210218907393 FIL (9.2G free)
Mar 30 10:22:55 Escrow: 0.999645757255 FIL
Mar 30 10:22:55 Locked: 0.33249517244 FIL
Mar 30 10:22:55 Datacap: 3160693276672
Mar 30 10:22:55 ....
Mar 30 10:22:56 Count: 3 of 4
Mar 30 10:22:56 f0165400 (1 / 1 tries):
Mar 30 10:22:57 f0421499: 23.293832210218907393 FIL (9.2G free)
Mar 30 10:22:57 Escrow: 0.999645757255 FIL
Mar 30 10:22:57 Locked: 0.33249517244 FIL
Mar 30 10:22:58 Datacap: 3160693276672
Mar 30 10:22:58 ....
Mar 30 10:22:59 Count: 3 of 4
Mar 30 10:22:59 f014409 (1 / 1 tries):
Mar 30 10:22:59 f0421499: 23.293832210218907393 FIL (9.2G free)
Mar 30 10:23:00 Escrow: 0.999645757255 FIL
Mar 30 10:23:00 Locked: 0.33249517244 FIL
Mar 30 10:23:00 Datacap: 3160693276672
Mar 30 10:23:00 ....
Mar 30 10:23:01 Count: 3 of 4
Mar 30 10:23:01 f022142 (1 / 1 tries):
Mar 30 10:23:02 f0421499: 23.293832210218907393 FIL (9.2G free)
Mar 30 10:23:02 Escrow: 0.999645757255 FIL
Mar 30 10:23:02 Locked: 0.33249517244 FIL
Mar 30 10:23:02 Datacap: 3160693276672
Mar 30 10:23:02 ....
Mar 30 10:23:03 Count: 3 of 4
Mar 30 10:23:03 f0145874 (1 / 1 tries):
Mar 30 10:23:04 f0421499: 23.293832210218907393 FIL (9.2G free)
Mar 30 10:23:04 Escrow: 0.999645757255 FIL
Mar 30 10:23:04 Locked: 0.33249517244 FIL
Mar 30 10:23:05 Datacap: 3160693276672
Mar 30 10:23:05 ....
Mar 30 10:23:06 Count: 3 of 4
Mar 30 10:23:06 f01247 (1 / 1 tries):
Mar 30 10:23:06 f0421499: 23.293832210218907393 FIL (9.2G free)
Mar 30 10:23:06 Escrow: 0.999645757255 FIL
Mar 30 10:23:06 Locked: 0.33249517244 FIL
Mar 30 10:23:07 Datacap: 3160693276672
Mar 30 10:23:07 ....
Mar 30 10:23:08 Count: 3 of 4
Mar 30 10:23:08 f019104 (1 / 1 tries):
Mar 30 10:23:08 Skipping f019104: error-ask
Mar 30 10:23:08 
Mar 30 10:23:09 Count: 3 of 4
Mar 30 10:23:09 f010479 (1 / 1 tries):
Mar 30 10:23:10 f0421499: 23.293832210218907393 FIL (9.2G free)
Mar 30 10:23:10 Escrow: 0.999645757255 FIL
Mar 30 10:23:10 Locked: 0.33249517244 FIL
Mar 30 10:23:10 Datacap: 3160693276672
Mar 30 10:23:11 ....
Mar 30 10:23:12 Count: 3 of 4
Mar 30 10:23:12 f022163 (1 / 1 tries):
Mar 30 10:23:12 f0421499: 23.293832210218907393 FIL (9.2G free)
Mar 30 10:23:12 Escrow: 0.999645757255 FIL
Mar 30 10:23:12 Locked: 0.33249517244 FIL
Mar 30 10:23:13 Datacap: 3160693276672
Mar 30 10:23:13 ....
Mar 30 10:23:14 Count: 3 of 4
Mar 30 10:23:14 f015927 (1 / 1 tries):
Mar 30 10:23:14 Skipping f015927: min-ask
Mar 30 10:23:14 
Mar 30 10:23:15 Count: 3 of 4
Mar 30 10:23:15 f07998 (1 / 1 tries):
Mar 30 10:23:16 f0421499: 23.293832210218907393 FIL (9.2G free)
Mar 30 10:23:16 Escrow: 0.999645757255 FIL
Mar 30 10:23:16 Locked: 0.33249517244 FIL
Mar 30 10:23:16 Datacap: 3160693276672
Mar 30 10:23:17 ....
Mar 30 10:23:18 Count: 3 of 4
Mar 30 10:23:18 f02576 (1 / 1 tries):
Mar 30 10:23:18 f0421499: 23.293832210218907393 FIL (9.2G free)
Mar 30 10:23:18 Escrow: 0.999645757255 FIL
Mar 30 10:23:18 Locked: 0.33249517244 FIL
Mar 30 10:23:18 Datacap: 3160693276672
Mar 30 10:23:19 ....
Mar 30 10:23:20 Count: 3 of 4
Mar 30 10:23:20 f01278 (1 / 1 tries):
Mar 30 10:23:20 f0421499: 23.293832210218907393 FIL (9.2G free)
Mar 30 10:23:20 Escrow: 0.999645757255 FIL
Mar 30 10:23:20 Locked: 0.33249517244 FIL
Mar 30 10:23:20 Datacap: 3160693276672
Mar 30 10:23:21 ....
Mar 30 10:23:22 Count: 3 of 4
Mar 30 10:23:22 f08399 (1 / 1 tries):
Mar 30 10:23:22 f0421499: 23.293832210218907393 FIL (9.2G free)
Mar 30 10:23:22 Escrow: 0.999645757255 FIL
Mar 30 10:23:22 Locked: 0.33249517244 FIL
Mar 30 10:23:23 Datacap: 3160693276672
Mar 30 10:23:23 ....
