Mar 30 11:54:16 Count: 3 of 4
Mar 30 11:54:16 f01277 (1 / 1 tries):
Mar 30 11:54:16 Skipping f01277: min-ask
Mar 30 11:54:16 
Mar 30 11:54:17 Count: 3 of 4
Mar 30 11:54:17 f062353 (1 / 1 tries):
Mar 30 11:54:18 f0421499: 23.293832210218907393 FIL (8.9G free)
Mar 30 11:54:18 Escrow: 0.999645757255 FIL
Mar 30 11:54:18 Locked: 0.33249517244 FIL
Mar 30 11:54:18 Datacap: 3160693276672
Mar 30 11:54:19 ....
Mar 30 11:54:20 Count: 3 of 4
Mar 30 11:54:20 f0145874 (1 / 1 tries):
Mar 30 11:54:21 f0421499: 23.293832210218907393 FIL (8.9G free)
Mar 30 11:54:21 Escrow: 0.999645757255 FIL
Mar 30 11:54:21 Locked: 0.33249517244 FIL
Mar 30 11:54:21 Datacap: 3160693276672
Mar 30 11:54:22 ....
Mar 30 11:54:23 Count: 3 of 4
Mar 30 11:54:23 f01278 (1 / 1 tries):
Mar 30 11:54:24 f0421499: 23.293832210218907393 FIL (8.9G free)
Mar 30 11:54:24 Escrow: 0.999645757255 FIL
Mar 30 11:54:24 Locked: 0.33249517244 FIL
Mar 30 11:54:24 Datacap: 3160693276672
Mar 30 11:54:24 ....
Mar 30 11:54:25 Count: 3 of 4
Mar 30 11:54:25 f0165400 (1 / 1 tries):
Mar 30 11:54:26 f0421499: 23.293832210218907393 FIL (8.9G free)
Mar 30 11:54:26 Escrow: 0.999645757255 FIL
Mar 30 11:54:26 Locked: 0.33249517244 FIL
Mar 30 11:54:27 Datacap: 3160693276672
Mar 30 11:54:27 ....
Mar 30 11:54:28 Count: 3 of 4
Mar 30 11:54:28 f01234 (1 / 1 tries):
Mar 30 11:54:29 f0421499: 23.293832210218907393 FIL (8.9G free)
Mar 30 11:54:29 Escrow: 0.999645757255 FIL
Mar 30 11:54:29 Locked: 0.33249517244 FIL
Mar 30 11:54:29 Datacap: 3160693276672
Mar 30 11:54:29 ....
Mar 30 11:54:30 Count: 3 of 4
Mar 30 11:54:30 f02576 (1 / 1 tries):
Mar 30 11:54:31 f0421499: 23.293832210218907393 FIL (8.9G free)
Mar 30 11:54:31 Escrow: 0.999645757255 FIL
Mar 30 11:54:31 Locked: 0.33249517244 FIL
Mar 30 11:54:31 Datacap: 3160693276672
Mar 30 11:54:31 ....
Mar 30 11:54:32 Count: 3 of 4
Mar 30 11:54:32 f019041 (1 / 1 tries):
Mar 30 11:54:33 f0421499: 23.293832210218907393 FIL (8.9G free)
Mar 30 11:54:33 Escrow: 0.999645757255 FIL
Mar 30 11:54:33 Locked: 0.33249517244 FIL
Mar 30 11:54:34 Datacap: 3160693276672
Mar 30 11:54:34 ....
Mar 30 11:54:35 Count: 3 of 4
Mar 30 11:54:35 f023467 (1 / 1 tries):
Mar 30 11:54:36 f0421499: 23.293832210218907393 FIL (8.9G free)
Mar 30 11:54:36 Escrow: 0.999645757255 FIL
Mar 30 11:54:36 Locked: 0.33249517244 FIL
Mar 30 11:54:36 Datacap: 3160693276672
Mar 30 11:54:36 ....
Mar 30 11:54:37 Count: 3 of 4
Mar 30 11:54:37 f0157535 (1 / 1 tries):
Mar 30 11:54:38 f0421499: 23.293832210218907393 FIL (8.9G free)
Mar 30 11:54:38 Escrow: 0.999645757255 FIL
Mar 30 11:54:38 Locked: 0.33249517244 FIL
Mar 30 11:54:38 Datacap: 3160693276672
Mar 30 11:54:38 ....
Mar 30 11:54:39 Count: 3 of 4
Mar 30 11:54:39 f071624 (1 / 1 tries):
Mar 30 11:54:40 f0421499: 23.293832210218907393 FIL (8.9G free)
Mar 30 11:54:41 Escrow: 0.999645757255 FIL
Mar 30 11:54:41 Locked: 0.33249517244 FIL
Mar 30 11:54:41 Datacap: 3160693276672
Mar 30 11:54:41 ....
Mar 30 11:54:42 Count: 3 of 4
Mar 30 11:54:42 f08403 (1 / 1 tries):
Mar 30 11:54:43 f0421499: 23.293832210218907393 FIL (8.9G free)
Mar 30 11:54:43 Escrow: 0.999645757255 FIL
Mar 30 11:54:43 Locked: 0.33249517244 FIL
Mar 30 11:54:43 Datacap: 3160693276672
Mar 30 11:54:43 ....
Mar 30 11:54:44 Count: 3 of 4
Mar 30 11:54:44 f021716 (1 / 1 tries):
Mar 30 11:54:44 f0421499: 23.293832210218907393 FIL (8.9G free)
Mar 30 11:54:44 Escrow: 0.999645757255 FIL
Mar 30 11:54:44 Locked: 0.33249517244 FIL
Mar 30 11:54:45 Datacap: 3160693276672
Mar 30 11:54:45 ....
Mar 30 11:54:46 Count: 3 of 4
Mar 30 11:54:46 f0127896 (1 / 1 tries):
Mar 30 11:54:46 Skipping f0127896: min-ask
Mar 30 11:54:46 
Mar 30 11:54:47 Count: 3 of 4
Mar 30 11:54:47 f07998 (1 / 1 tries):
Mar 30 11:54:48 f0421499: 23.293832210218907393 FIL (8.9G free)
Mar 30 11:54:48 Escrow: 0.999645757255 FIL
Mar 30 11:54:48 Locked: 0.33249517244 FIL
Mar 30 11:54:48 Datacap: 3160693276672
Mar 30 11:54:48 ....
Mar 30 11:54:49 Count: 3 of 4
Mar 30 11:54:49 f015927 (1 / 1 tries):
Mar 30 11:54:50 Skipping f015927: min-ask
Mar 30 11:54:50 
Mar 30 11:54:51 Count: 3 of 4
Mar 30 11:54:51 f01240 (1 / 1 tries):
Mar 30 11:54:51 f0421499: 23.293832210218907393 FIL (8.9G free)
Mar 30 11:54:51 Escrow: 0.999645757255 FIL
Mar 30 11:54:51 Locked: 0.33249517244 FIL
Mar 30 11:54:52 Datacap: 3160693276672
Mar 30 11:54:52 ....
Mar 30 11:54:53 Count: 3 of 4
Mar 30 11:54:53 f010617 (1 / 1 tries):
Mar 30 11:54:54 f0421499: 23.293832210218907393 FIL (8.9G free)
Mar 30 11:54:54 Escrow: 0.999645757255 FIL
Mar 30 11:54:54 Locked: 0.33249517244 FIL
Mar 30 11:54:54 Datacap: 3160693276672
Mar 30 11:54:54 ....
Mar 30 11:54:55 Count: 3 of 4
Mar 30 11:54:55 f022163 (1 / 1 tries):
Mar 30 11:54:56 f0421499: 23.293832210218907393 FIL (8.9G free)
Mar 30 11:54:56 Escrow: 0.999645757255 FIL
Mar 30 11:54:56 Locked: 0.33249517244 FIL
Mar 30 11:54:56 Datacap: 3160693276672
Mar 30 11:54:57 ....
Mar 30 11:54:58 Count: 3 of 4
Mar 30 11:54:58 f019100 (1 / 1 tries):
Mar 30 11:54:58 Skipping f019100: error-ask
Mar 30 11:54:58 
Mar 30 11:54:59 Count: 3 of 4
Mar 30 11:54:59 f058369 (1 / 1 tries):
Mar 30 11:55:00 f0421499: 23.293832210218907393 FIL (8.9G free)
Mar 30 11:55:00 Escrow: 0.999645757255 FIL
Mar 30 11:55:00 Locked: 0.33249517244 FIL
Mar 30 11:55:01 Datacap: 3160693276672
Mar 30 11:55:01 ....
Mar 30 11:55:02 Count: 3 of 4
Mar 30 11:55:02 f08399 (1 / 1 tries):
Mar 30 11:55:03 f0421499: 23.293832210218907393 FIL (8.9G free)
Mar 30 11:55:03 Escrow: 0.999645757255 FIL
Mar 30 11:55:03 Locked: 0.33249517244 FIL
Mar 30 11:55:03 Datacap: 3160693276672
Mar 30 11:55:04 ....
Mar 30 11:55:05 Count: 3 of 4
Mar 30 11:55:05 f066596 (1 / 1 tries):
Mar 30 11:55:05 f0421499: 23.293832210218907393 FIL (8.9G free)
Mar 30 11:55:06 Escrow: 0.999645757255 FIL
Mar 30 11:55:06 Locked: 0.33249517244 FIL
Mar 30 11:55:06 Datacap: 3160693276672
Mar 30 11:55:06 ....
Mar 30 11:55:07 Count: 3 of 4
Mar 30 11:55:07 f022352 (1 / 1 tries):
Mar 30 11:55:08 f0421499: 23.293832210218907393 FIL (8.9G free)
Mar 30 11:55:08 Escrow: 0.999645757255 FIL
Mar 30 11:55:08 Locked: 0.33249517244 FIL
Mar 30 11:55:09 Datacap: 3160693276672
Mar 30 11:55:09 ....
Mar 30 11:55:10 Count: 3 of 4
Mar 30 11:55:10 f010479 (1 / 1 tries):
Mar 30 11:55:11 f0421499: 23.293832210218907393 FIL (8.9G free)
Mar 30 11:55:11 Escrow: 0.999645757255 FIL
Mar 30 11:55:11 Locked: 0.33249517244 FIL
Mar 30 11:55:11 Datacap: 3160693276672
Mar 30 11:55:11 ....
Mar 30 11:55:12 Count: 3 of 4
Mar 30 11:55:12 f09848 (1 / 1 tries):
Mar 30 11:55:13 f0421499: 23.293832210218907393 FIL (8.9G free)
Mar 30 11:55:13 Escrow: 0.999645757255 FIL
Mar 30 11:55:13 Locked: 0.33249517244 FIL
Mar 30 11:55:13 Datacap: 3160693276672
Mar 30 11:55:13 ....
Mar 30 11:55:14 Count: 3 of 4
Mar 30 11:55:14 f014768 (1 / 1 tries):
Mar 30 11:55:15 f0421499: 23.293832210218907393 FIL (8.9G free)
Mar 30 11:55:16 Escrow: 0.999645757255 FIL
Mar 30 11:55:16 Locked: 0.33249517244 FIL
Mar 30 11:55:16 Datacap: 3160693276672
Mar 30 11:55:16 ....
Mar 30 11:55:17 Count: 3 of 4
Mar 30 11:55:17 f019551 (1 / 1 tries):
Mar 30 11:55:18 f0421499: 23.293832210218907393 FIL (8.9G free)
Mar 30 11:55:18 Escrow: 0.999645757255 FIL
Mar 30 11:55:18 Locked: 0.33249517244 FIL
Mar 30 11:55:18 Datacap: 3160693276672
Mar 30 11:55:18 ....
Mar 30 11:55:19 Count: 3 of 4
Mar 30 11:55:19 f019362 (1 / 1 tries):
Mar 30 11:55:20 f0421499: 23.293832210218907393 FIL (8.9G free)
Mar 30 11:55:20 Escrow: 0.999645757255 FIL
Mar 30 11:55:20 Locked: 0.33249517244 FIL
Mar 30 11:55:20 Datacap: 3160693276672
Mar 30 11:55:20 ....
Mar 30 11:55:21 Count: 3 of 4
Mar 30 11:55:21 f022142 (1 / 1 tries):
Mar 30 11:55:22 f0421499: 23.293832210218907393 FIL (8.9G free)
Mar 30 11:55:22 Escrow: 0.999645757255 FIL
Mar 30 11:55:22 Locked: 0.33249517244 FIL
Mar 30 11:55:23 Datacap: 3160693276672
Mar 30 11:55:23 ....
Mar 30 11:55:24 Count: 3 of 4
Mar 30 11:55:24 f01247 (1 / 1 tries):
Mar 30 11:55:25 f0421499: 23.293832210218907393 FIL (8.9G free)
Mar 30 11:55:25 Escrow: 0.999645757255 FIL
Mar 30 11:55:25 Locked: 0.33249517244 FIL
Mar 30 11:55:25 Datacap: 3160693276672
Mar 30 11:55:25 ....
Mar 30 11:55:26 Count: 3 of 4
Mar 30 11:55:26 f02606 (1 / 1 tries):
Mar 30 11:55:27 f0421499: 23.293832210218907393 FIL (8.9G free)
Mar 30 11:55:27 Escrow: 0.999645757255 FIL
Mar 30 11:55:27 Locked: 0.33249517244 FIL
Mar 30 11:55:27 Datacap: 3160693276672
Mar 30 11:55:27 ....
Mar 30 11:55:28 Count: 3 of 4
Mar 30 11:55:28 f019104 (1 / 1 tries):
Mar 30 11:55:29 Skipping f019104: error-ask
Mar 30 11:55:29 
Mar 30 11:55:30 Count: 3 of 4
Mar 30 11:55:30 f014409 (1 / 1 tries):
Mar 30 11:55:30 f0421499: 23.293832210218907393 FIL (8.9G free)
Mar 30 11:55:31 Escrow: 0.999645757255 FIL
Mar 30 11:55:31 Locked: 0.33249517244 FIL
Mar 30 11:55:31 Datacap: 3160693276672
Mar 30 11:55:31 ....
Mar 30 11:55:32 Count: 3 of 4
Mar 30 11:55:32 f023971 (1 / 1 tries):
Mar 30 11:55:33 f0421499: 23.293832210218907393 FIL (8.9G free)
Mar 30 11:55:33 Escrow: 0.999645757255 FIL
Mar 30 11:55:33 Locked: 0.33249517244 FIL
Mar 30 11:55:33 Datacap: 3160693276672
Mar 30 11:55:33 ....
Mar 30 11:55:34 Count: 3 of 4
Mar 30 11:55:34 f099608 (1 / 1 tries):
Mar 30 11:55:35 f0421499: 23.293832210218907393 FIL (8.9G free)
Mar 30 11:55:35 Escrow: 0.999645757255 FIL
Mar 30 11:55:35 Locked: 0.33249517244 FIL
Mar 30 11:55:35 Datacap: 3160693276672
Mar 30 11:55:36 ....
