Mar 30 15:31:19 Count: 3 of 4
Mar 30 15:31:19 f010479 (1 / 1 tries):
Mar 30 15:31:19 f0421499: 23.293832210218907393 FIL (8.2G free)
Mar 30 15:31:19 Escrow: 0.999645757255 FIL
Mar 30 15:31:19 Locked: 0.33249517244 FIL
Mar 30 15:31:20 Datacap: 3160693276672
Mar 30 15:31:20 ....
Mar 30 15:31:21 Count: 3 of 4
Mar 30 15:31:21 f015927 (1 / 1 tries):
Mar 30 15:31:22 Skipping f015927: min-ask
Mar 30 15:31:22 
Mar 30 15:31:23 Count: 3 of 4
Mar 30 15:31:23 f019104 (1 / 1 tries):
Mar 30 15:31:23 Skipping f019104: error-ask
Mar 30 15:31:23 
Mar 30 15:31:24 Count: 3 of 4
Mar 30 15:31:24 f01234 (1 / 1 tries):
Mar 30 15:31:25 f0421499: 23.293832210218907393 FIL (8.2G free)
Mar 30 15:31:25 Escrow: 0.999645757255 FIL
Mar 30 15:31:25 Locked: 0.33249517244 FIL
Mar 30 15:31:25 Datacap: 3160693276672
Mar 30 15:31:26 ....
Mar 30 15:31:27 Count: 3 of 4
Mar 30 15:31:27 f02606 (1 / 1 tries):
Mar 30 15:31:27 f0421499: 23.293832210218907393 FIL (8.2G free)
Mar 30 15:31:28 Escrow: 0.999645757255 FIL
Mar 30 15:31:28 Locked: 0.33249517244 FIL
Mar 30 15:31:28 Datacap: 3160693276672
Mar 30 15:31:28 ....
Mar 30 15:31:29 Count: 3 of 4
Mar 30 15:31:29 f01277 (1 / 1 tries):
Mar 30 15:31:29 Skipping f01277: min-ask
Mar 30 15:31:29 
Mar 30 15:31:30 Count: 3 of 4
Mar 30 15:31:30 f071624 (1 / 1 tries):
Mar 30 15:31:31 f0421499: 23.293832210218907393 FIL (8.2G free)
Mar 30 15:31:32 Escrow: 0.999645757255 FIL
Mar 30 15:31:32 Locked: 0.33249517244 FIL
Mar 30 15:31:32 Datacap: 3160693276672
Mar 30 15:31:32 ....
Mar 30 15:31:33 Count: 3 of 4
Mar 30 15:31:33 f023971 (1 / 1 tries):
Mar 30 15:31:34 f0421499: 23.293832210218907393 FIL (8.2G free)
Mar 30 15:31:34 Escrow: 0.999645757255 FIL
Mar 30 15:31:34 Locked: 0.33249517244 FIL
Mar 30 15:31:34 Datacap: 3160693276672
Mar 30 15:31:34 ....
Mar 30 15:31:35 Count: 3 of 4
Mar 30 15:31:35 f019551 (1 / 1 tries):
Mar 30 15:31:36 f0421499: 23.293832210218907393 FIL (8.2G free)
Mar 30 15:31:36 Escrow: 0.999645757255 FIL
Mar 30 15:31:36 Locked: 0.33249517244 FIL
Mar 30 15:31:37 Datacap: 3160693276672
Mar 30 15:31:37 ....
Mar 30 15:31:38 Count: 3 of 4
Mar 30 15:31:38 f08399 (1 / 1 tries):
Mar 30 15:31:39 f0421499: 23.293832210218907393 FIL (8.2G free)
Mar 30 15:31:39 Escrow: 0.999645757255 FIL
Mar 30 15:31:39 Locked: 0.33249517244 FIL
Mar 30 15:31:39 Datacap: 3160693276672
Mar 30 15:31:39 ....
Mar 30 15:31:40 Count: 3 of 4
Mar 30 15:31:40 f022352 (1 / 1 tries):
Mar 30 15:31:41 f0421499: 23.293832210218907393 FIL (8.2G free)
Mar 30 15:31:41 Escrow: 0.999645757255 FIL
Mar 30 15:31:41 Locked: 0.33249517244 FIL
Mar 30 15:31:41 Datacap: 3160693276672
Mar 30 15:31:41 ....
Mar 30 15:31:42 Count: 3 of 4
Mar 30 15:31:42 f0157535 (1 / 1 tries):
Mar 30 15:31:43 f0421499: 23.293832210218907393 FIL (8.2G free)
Mar 30 15:31:43 Escrow: 0.999645757255 FIL
Mar 30 15:31:43 Locked: 0.33249517244 FIL
Mar 30 15:31:44 Datacap: 3160693276672
Mar 30 15:31:44 ....
Mar 30 15:31:45 Count: 3 of 4
Mar 30 15:31:45 f058369 (1 / 1 tries):
Mar 30 15:31:46 f0421499: 23.293832210218907393 FIL (8.2G free)
Mar 30 15:31:46 Escrow: 0.999645757255 FIL
Mar 30 15:31:46 Locked: 0.33249517244 FIL
Mar 30 15:31:46 Datacap: 3160693276672
Mar 30 15:31:46 ....
Mar 30 15:31:47 Count: 3 of 4
Mar 30 15:31:47 f022163 (1 / 1 tries):
Mar 30 15:31:48 f0421499: 23.293832210218907393 FIL (8.2G free)
Mar 30 15:31:48 Escrow: 0.999645757255 FIL
Mar 30 15:31:48 Locked: 0.33249517244 FIL
Mar 30 15:31:49 Datacap: 3160693276672
Mar 30 15:31:49 ....
Mar 30 15:31:50 Count: 3 of 4
Mar 30 15:31:50 f01240 (1 / 1 tries):
Mar 30 15:31:51 f0421499: 23.293832210218907393 FIL (8.2G free)
Mar 30 15:31:51 Escrow: 0.999645757255 FIL
Mar 30 15:31:51 Locked: 0.33249517244 FIL
Mar 30 15:31:51 Datacap: 3160693276672
Mar 30 15:31:51 ....
Mar 30 15:31:52 Count: 3 of 4
Mar 30 15:31:52 f09848 (1 / 1 tries):
Mar 30 15:31:53 f0421499: 23.293832210218907393 FIL (8.2G free)
Mar 30 15:31:53 Escrow: 0.999645757255 FIL
Mar 30 15:31:53 Locked: 0.33249517244 FIL
Mar 30 15:31:54 Datacap: 3160693276672
Mar 30 15:31:54 ....
Mar 30 15:31:55 Count: 3 of 4
Mar 30 15:31:55 f019041 (1 / 1 tries):
Mar 30 15:31:55 f0421499: 23.293832210218907393 FIL (8.2G free)
Mar 30 15:31:55 Escrow: 0.999645757255 FIL
Mar 30 15:31:55 Locked: 0.33249517244 FIL
Mar 30 15:31:56 Datacap: 3160693276672
Mar 30 15:31:56 ....
Mar 30 15:31:57 Count: 3 of 4
Mar 30 15:31:57 f066596 (1 / 1 tries):
Mar 30 15:31:57 f0421499: 23.293832210218907393 FIL (8.2G free)
Mar 30 15:31:57 Escrow: 0.999645757255 FIL
Mar 30 15:31:57 Locked: 0.33249517244 FIL
Mar 30 15:31:57 Datacap: 3160693276672
Mar 30 15:31:57 ....
Mar 30 15:31:58 Count: 3 of 4
Mar 30 15:31:58 f0127896 (1 / 1 tries):
Mar 30 15:31:59 Skipping f0127896: min-ask
Mar 30 15:31:59 
Mar 30 15:32:00 Count: 3 of 4
Mar 30 15:32:00 f01278 (1 / 1 tries):
Mar 30 15:32:01 f0421499: 23.293832210218907393 FIL (8.2G free)
Mar 30 15:32:01 Escrow: 0.999645757255 FIL
Mar 30 15:32:01 Locked: 0.33249517244 FIL
Mar 30 15:32:02 Datacap: 3160693276672
Mar 30 15:32:02 ....
Mar 30 15:32:03 Count: 3 of 4
Mar 30 15:32:03 f062353 (1 / 1 tries):
Mar 30 15:32:03 f0421499: 23.293832210218907393 FIL (8.2G free)
Mar 30 15:32:04 Escrow: 0.999645757255 FIL
Mar 30 15:32:04 Locked: 0.33249517244 FIL
Mar 30 15:32:04 Datacap: 3160693276672
Mar 30 15:32:04 ....
Mar 30 15:32:05 Count: 3 of 4
Mar 30 15:32:05 f022142 (1 / 1 tries):
Mar 30 15:32:06 f0421499: 23.293832210218907393 FIL (8.2G free)
Mar 30 15:32:06 Escrow: 0.999645757255 FIL
Mar 30 15:32:06 Locked: 0.33249517244 FIL
Mar 30 15:32:06 Datacap: 3160693276672
Mar 30 15:32:06 ....
Mar 30 15:32:07 Count: 3 of 4
Mar 30 15:32:07 f08403 (1 / 1 tries):
Mar 30 15:32:08 f0421499: 23.293832210218907393 FIL (8.2G free)
Mar 30 15:32:08 Escrow: 0.999645757255 FIL
Mar 30 15:32:08 Locked: 0.33249517244 FIL
Mar 30 15:32:08 Datacap: 3160693276672
Mar 30 15:32:08 ....
Mar 30 15:32:10 Count: 3 of 4
Mar 30 15:32:10 f014768 (1 / 1 tries):
Mar 30 15:32:10 f0421499: 23.293832210218907393 FIL (8.2G free)
Mar 30 15:32:10 Escrow: 0.999645757255 FIL
Mar 30 15:32:10 Locked: 0.33249517244 FIL
Mar 30 15:32:11 Datacap: 3160693276672
Mar 30 15:32:11 ....
Mar 30 15:32:12 Count: 3 of 4
Mar 30 15:32:12 f0165400 (1 / 1 tries):
Mar 30 15:32:13 f0421499: 23.293832210218907393 FIL (8.2G free)
Mar 30 15:32:13 Escrow: 0.999645757255 FIL
Mar 30 15:32:13 Locked: 0.33249517244 FIL
Mar 30 15:32:13 Datacap: 3160693276672
Mar 30 15:32:13 ....
Mar 30 15:32:14 Count: 3 of 4
Mar 30 15:32:14 f019362 (1 / 1 tries):
Mar 30 15:32:15 f0421499: 23.293832210218907393 FIL (8.2G free)
Mar 30 15:32:15 Escrow: 0.999645757255 FIL
Mar 30 15:32:15 Locked: 0.33249517244 FIL
Mar 30 15:32:15 Datacap: 3160693276672
Mar 30 15:32:15 ....
Mar 30 15:32:16 Count: 3 of 4
Mar 30 15:32:16 f021716 (1 / 1 tries):
Mar 30 15:32:17 f0421499: 23.293832210218907393 FIL (8.2G free)
Mar 30 15:32:17 Escrow: 0.999645757255 FIL
Mar 30 15:32:17 Locked: 0.33249517244 FIL
Mar 30 15:32:18 Datacap: 3160693276672
Mar 30 15:32:18 ....
Mar 30 15:32:19 Count: 3 of 4
Mar 30 15:32:19 f0145874 (1 / 1 tries):
Mar 30 15:32:19 f0421499: 23.293832210218907393 FIL (8.2G free)
Mar 30 15:32:19 Escrow: 0.999645757255 FIL
Mar 30 15:32:19 Locked: 0.33249517244 FIL
Mar 30 15:32:19 Datacap: 3160693276672
Mar 30 15:32:19 ....
Mar 30 15:32:20 Count: 3 of 4
Mar 30 15:32:20 f019100 (1 / 1 tries):
Mar 30 15:32:21 Skipping f019100: error-ask
Mar 30 15:32:21 
Mar 30 15:32:22 Count: 3 of 4
Mar 30 15:32:22 f01247 (1 / 1 tries):
Mar 30 15:32:23 f0421499: 23.293832210218907393 FIL (8.2G free)
Mar 30 15:32:23 Escrow: 0.999645757255 FIL
Mar 30 15:32:23 Locked: 0.33249517244 FIL
Mar 30 15:32:23 Datacap: 3160693276672
Mar 30 15:32:23 ....
Mar 30 15:32:24 Count: 3 of 4
Mar 30 15:32:24 f099608 (1 / 1 tries):
Mar 30 15:32:25 f0421499: 23.293832210218907393 FIL (8.2G free)
Mar 30 15:32:25 Escrow: 0.999645757255 FIL
Mar 30 15:32:25 Locked: 0.33249517244 FIL
Mar 30 15:32:26 Datacap: 3160693276672
Mar 30 15:32:26 ....
Mar 30 15:32:27 Count: 3 of 4
Mar 30 15:32:27 f07998 (1 / 1 tries):
Mar 30 15:32:27 f0421499: 23.293832210218907393 FIL (8.2G free)
Mar 30 15:32:28 Escrow: 0.999645757255 FIL
Mar 30 15:32:28 Locked: 0.33249517244 FIL
Mar 30 15:32:28 Datacap: 3160693276672
Mar 30 15:32:28 ....
Mar 30 15:32:29 Count: 3 of 4
Mar 30 15:32:29 f010617 (1 / 1 tries):
Mar 30 15:32:30 f0421499: 23.293832210218907393 FIL (8.2G free)
Mar 30 15:32:30 Escrow: 0.999645757255 FIL
Mar 30 15:32:30 Locked: 0.33249517244 FIL
Mar 30 15:32:30 Datacap: 3160693276672
Mar 30 15:32:30 ....
Mar 30 15:32:32 Count: 3 of 4
Mar 30 15:32:32 f02576 (1 / 1 tries):
Mar 30 15:32:32 f0421499: 23.293832210218907393 FIL (8.2G free)
Mar 30 15:32:32 Escrow: 0.999645757255 FIL
Mar 30 15:32:32 Locked: 0.33249517244 FIL
Mar 30 15:32:32 Datacap: 3160693276672
Mar 30 15:32:32 ....
Mar 30 15:32:33 Count: 3 of 4
Mar 30 15:32:33 f023467 (1 / 1 tries):
Mar 30 15:32:34 f0421499: 23.293832210218907393 FIL (8.2G free)
Mar 30 15:32:34 Escrow: 0.999645757255 FIL
Mar 30 15:32:34 Locked: 0.33249517244 FIL
Mar 30 15:32:35 Datacap: 3160693276672
Mar 30 15:32:35 ....
Mar 30 15:32:36 Count: 3 of 4
Mar 30 15:32:36 f014409 (1 / 1 tries):
Mar 30 15:32:36 f0421499: 23.293832210218907393 FIL (8.2G free)
Mar 30 15:32:37 Escrow: 0.999645757255 FIL
Mar 30 15:32:37 Locked: 0.33249517244 FIL
Mar 30 15:32:37 Datacap: 3160693276672
Mar 30 15:32:37 ....
