Mar 30 04:03:10 Count: 3 of 4
Mar 30 04:03:10 f09848 (1 / 1 tries):
Mar 30 04:03:10 f0421499: 23.293832210218907393 FIL (11G free)
Mar 30 04:03:10 Escrow: 0.999645757255 FIL
Mar 30 04:03:10 Locked: 0.33249517244 FIL
Mar 30 04:03:11 Datacap: 3160693276672
Mar 30 04:03:11 ....
Mar 30 04:03:12 Count: 3 of 4
Mar 30 04:03:12 f022352 (1 / 1 tries):
Mar 30 04:03:12 f0421499: 23.293832210218907393 FIL (11G free)
Mar 30 04:03:12 Escrow: 0.999645757255 FIL
Mar 30 04:03:12 Locked: 0.33249517244 FIL
Mar 30 04:03:12 Datacap: 3160693276672
Mar 30 04:03:12 ....
Mar 30 04:03:13 Count: 3 of 4
Mar 30 04:03:13 f08403 (1 / 1 tries):
Mar 30 04:03:14 f0421499: 23.293832210218907393 FIL (11G free)
Mar 30 04:03:14 Escrow: 0.999645757255 FIL
Mar 30 04:03:14 Locked: 0.33249517244 FIL
Mar 30 04:03:14 Datacap: 3160693276672
Mar 30 04:03:14 ....
Mar 30 04:03:15 Count: 3 of 4
Mar 30 04:03:15 f099608 (1 / 1 tries):
Mar 30 04:03:16 f0421499: 23.293832210218907393 FIL (11G free)
Mar 30 04:03:16 Escrow: 0.999645757255 FIL
Mar 30 04:03:16 Locked: 0.33249517244 FIL
Mar 30 04:03:16 Datacap: 3160693276672
Mar 30 04:03:16 ....
Mar 30 04:03:17 Count: 3 of 4
Mar 30 04:03:17 f019551 (1 / 1 tries):
Mar 30 04:03:17 f0421499: 23.293832210218907393 FIL (11G free)
Mar 30 04:03:18 Escrow: 0.999645757255 FIL
Mar 30 04:03:18 Locked: 0.33249517244 FIL
Mar 30 04:03:18 Datacap: 3160693276672
Mar 30 04:03:18 ....
Mar 30 04:03:19 Count: 3 of 4
Mar 30 04:03:19 f01278 (1 / 1 tries):
Mar 30 04:03:19 f0421499: 23.293832210218907393 FIL (11G free)
Mar 30 04:03:19 Escrow: 0.999645757255 FIL
Mar 30 04:03:19 Locked: 0.33249517244 FIL
Mar 30 04:03:20 Datacap: 3160693276672
Mar 30 04:03:20 ....
Mar 30 04:03:21 Count: 3 of 4
Mar 30 04:03:21 f014409 (1 / 1 tries):
Mar 30 04:03:21 f0421499: 23.293832210218907393 FIL (11G free)
Mar 30 04:03:21 Escrow: 0.999645757255 FIL
Mar 30 04:03:21 Locked: 0.33249517244 FIL
Mar 30 04:03:21 Datacap: 3160693276672
Mar 30 04:03:21 ....
Mar 30 04:03:22 Count: 3 of 4
Mar 30 04:03:22 f015927 (1 / 1 tries):
Mar 30 04:03:23 Skipping f015927: min-ask
Mar 30 04:03:23 
Mar 30 04:03:24 Count: 3 of 4
Mar 30 04:03:24 f019041 (1 / 1 tries):
Mar 30 04:03:24 f0421499: 23.293832210218907393 FIL (11G free)
Mar 30 04:03:24 Escrow: 0.999645757255 FIL
Mar 30 04:03:24 Locked: 0.33249517244 FIL
Mar 30 04:03:24 Datacap: 3160693276672
Mar 30 04:03:24 ....
Mar 30 04:03:25 Count: 3 of 4
Mar 30 04:03:25 f022142 (1 / 1 tries):
Mar 30 04:03:26 f0421499: 23.293832210218907393 FIL (11G free)
Mar 30 04:03:26 Escrow: 0.999645757255 FIL
Mar 30 04:03:26 Locked: 0.33249517244 FIL
Mar 30 04:03:26 Datacap: 3160693276672
Mar 30 04:03:26 ....
Mar 30 04:03:27 Count: 3 of 4
Mar 30 04:03:27 f02576 (1 / 1 tries):
Mar 30 04:03:28 f0421499: 23.293832210218907393 FIL (11G free)
Mar 30 04:03:28 Escrow: 0.999645757255 FIL
Mar 30 04:03:28 Locked: 0.33249517244 FIL
Mar 30 04:03:28 Datacap: 3160693276672
Mar 30 04:03:28 ....
Mar 30 04:03:29 Count: 3 of 4
Mar 30 04:03:29 f01240 (1 / 1 tries):
Mar 30 04:03:29 f0421499: 23.293832210218907393 FIL (11G free)
Mar 30 04:03:29 Escrow: 0.999645757255 FIL
Mar 30 04:03:29 Locked: 0.33249517244 FIL
Mar 30 04:03:30 Datacap: 3160693276672
Mar 30 04:03:30 ....
Mar 30 04:03:31 Count: 3 of 4
Mar 30 04:03:31 f02606 (1 / 1 tries):
Mar 30 04:03:31 f0421499: 23.293832210218907393 FIL (11G free)
Mar 30 04:03:31 Escrow: 0.999645757255 FIL
Mar 30 04:03:31 Locked: 0.33249517244 FIL
Mar 30 04:03:31 Datacap: 3160693276672
Mar 30 04:03:31 ....
Mar 30 04:03:32 Count: 3 of 4
Mar 30 04:03:32 f01247 (1 / 1 tries):
Mar 30 04:03:33 f0421499: 23.293832210218907393 FIL (11G free)
Mar 30 04:03:33 Escrow: 0.999645757255 FIL
Mar 30 04:03:33 Locked: 0.33249517244 FIL
Mar 30 04:03:33 Datacap: 3160693276672
Mar 30 04:03:33 ....
Mar 30 04:03:34 Count: 3 of 4
Mar 30 04:03:34 f019362 (1 / 1 tries):
Mar 30 04:03:35 f0421499: 23.293832210218907393 FIL (11G free)
Mar 30 04:03:35 Escrow: 0.999645757255 FIL
Mar 30 04:03:35 Locked: 0.33249517244 FIL
Mar 30 04:03:35 Datacap: 3160693276672
Mar 30 04:03:35 ....
Mar 30 04:03:36 Count: 3 of 4
Mar 30 04:03:36 f07998 (1 / 1 tries):
Mar 30 04:03:37 f0421499: 23.293832210218907393 FIL (11G free)
Mar 30 04:03:37 Escrow: 0.999645757255 FIL
Mar 30 04:03:37 Locked: 0.33249517244 FIL
Mar 30 04:03:37 Datacap: 3160693276672
Mar 30 04:03:37 ....
Mar 30 04:03:38 Count: 3 of 4
Mar 30 04:03:38 f066596 (1 / 1 tries):
Mar 30 04:03:38 f0421499: 23.293832210218907393 FIL (11G free)
Mar 30 04:03:38 Escrow: 0.999645757255 FIL
Mar 30 04:03:38 Locked: 0.33249517244 FIL
Mar 30 04:03:39 Datacap: 3160693276672
Mar 30 04:03:39 ....
Mar 30 04:03:40 Count: 3 of 4
Mar 30 04:03:40 f019100 (1 / 1 tries):
Mar 30 04:03:40 Skipping f019100: error-ask
Mar 30 04:03:40 
Mar 30 04:03:41 Count: 3 of 4
Mar 30 04:03:41 f01277 (1 / 1 tries):
Mar 30 04:03:41 Skipping f01277: min-ask
Mar 30 04:03:41 
Mar 30 04:03:42 Count: 3 of 4
Mar 30 04:03:42 f023971 (1 / 1 tries):
Mar 30 04:03:43 f0421499: 23.293832210218907393 FIL (11G free)
Mar 30 04:03:43 Escrow: 0.999645757255 FIL
Mar 30 04:03:43 Locked: 0.33249517244 FIL
Mar 30 04:03:43 Datacap: 3160693276672
Mar 30 04:03:43 ....
Mar 30 04:03:44 Count: 3 of 4
Mar 30 04:03:44 f023467 (1 / 1 tries):
Mar 30 04:03:44 f0421499: 23.293832210218907393 FIL (11G free)
Mar 30 04:03:45 Escrow: 0.999645757255 FIL
Mar 30 04:03:45 Locked: 0.33249517244 FIL
Mar 30 04:03:45 Datacap: 3160693276672
Mar 30 04:03:45 ....
Mar 30 04:03:46 Count: 3 of 4
Mar 30 04:03:46 f01234 (1 / 1 tries):
Mar 30 04:03:46 f0421499: 23.293832210218907393 FIL (11G free)
Mar 30 04:03:46 Escrow: 0.999645757255 FIL
Mar 30 04:03:46 Locked: 0.33249517244 FIL
Mar 30 04:03:47 Datacap: 3160693276672
Mar 30 04:03:47 ....
Mar 30 04:03:48 Count: 3 of 4
Mar 30 04:03:48 f0157535 (1 / 1 tries):
Mar 30 04:03:48 f0421499: 23.293832210218907393 FIL (11G free)
Mar 30 04:03:48 Escrow: 0.999645757255 FIL
Mar 30 04:03:48 Locked: 0.33249517244 FIL
Mar 30 04:03:49 Datacap: 3160693276672
Mar 30 04:03:49 ....
Mar 30 04:03:50 Count: 3 of 4
Mar 30 04:03:50 f08399 (1 / 1 tries):
Mar 30 04:03:50 f0421499: 23.293832210218907393 FIL (11G free)
Mar 30 04:03:50 Escrow: 0.999645757255 FIL
Mar 30 04:03:50 Locked: 0.33249517244 FIL
Mar 30 04:03:50 Datacap: 3160693276672
Mar 30 04:03:50 ....
Mar 30 04:03:51 Count: 3 of 4
Mar 30 04:03:51 f0145874 (1 / 1 tries):
Mar 30 04:03:52 f0421499: 23.293832210218907393 FIL (11G free)
Mar 30 04:03:52 Escrow: 0.999645757255 FIL
Mar 30 04:03:52 Locked: 0.33249517244 FIL
Mar 30 04:03:52 Datacap: 3160693276672
Mar 30 04:03:52 ....
Mar 30 04:03:53 Count: 3 of 4
Mar 30 04:03:53 f062353 (1 / 1 tries):
Mar 30 04:03:54 f0421499: 23.293832210218907393 FIL (11G free)
Mar 30 04:03:54 Escrow: 0.999645757255 FIL
Mar 30 04:03:54 Locked: 0.33249517244 FIL
Mar 30 04:03:54 Datacap: 3160693276672
Mar 30 04:03:54 ....
Mar 30 04:03:55 Count: 3 of 4
Mar 30 04:03:55 f071624 (1 / 1 tries):
Mar 30 04:03:55 f0421499: 23.293832210218907393 FIL (11G free)
Mar 30 04:03:55 Escrow: 0.999645757255 FIL
Mar 30 04:03:55 Locked: 0.33249517244 FIL
Mar 30 04:03:56 Datacap: 3160693276672
Mar 30 04:03:56 ....
Mar 30 04:03:57 Count: 3 of 4
Mar 30 04:03:57 f014768 (1 / 1 tries):
Mar 30 04:03:57 f0421499: 23.293832210218907393 FIL (11G free)
Mar 30 04:03:57 Escrow: 0.999645757255 FIL
Mar 30 04:03:57 Locked: 0.33249517244 FIL
Mar 30 04:03:57 Datacap: 3160693276672
Mar 30 04:03:57 ....
Mar 30 04:03:58 Count: 3 of 4
Mar 30 04:03:58 f058369 (1 / 1 tries):
Mar 30 04:03:59 f0421499: 23.293832210218907393 FIL (11G free)
Mar 30 04:03:59 Escrow: 0.999645757255 FIL
Mar 30 04:03:59 Locked: 0.33249517244 FIL
Mar 30 04:04:00 Datacap: 3160693276672
Mar 30 04:04:00 ....
Mar 30 04:04:01 Count: 3 of 4
Mar 30 04:04:01 f0127896 (1 / 1 tries):
Mar 30 04:04:01 Skipping f0127896: min-ask
Mar 30 04:04:01 
Mar 30 04:04:02 Count: 3 of 4
Mar 30 04:04:02 f0165400 (1 / 1 tries):
Mar 30 04:04:02 f0421499: 23.293832210218907393 FIL (11G free)
Mar 30 04:04:02 Escrow: 0.999645757255 FIL
Mar 30 04:04:02 Locked: 0.33249517244 FIL
Mar 30 04:04:03 Datacap: 3160693276672
Mar 30 04:04:03 ....
Mar 30 04:04:04 Count: 3 of 4
Mar 30 04:04:04 f022163 (1 / 1 tries):
Mar 30 04:04:04 f0421499: 23.293832210218907393 FIL (11G free)
Mar 30 04:04:04 Escrow: 0.999645757255 FIL
Mar 30 04:04:04 Locked: 0.33249517244 FIL
Mar 30 04:04:04 Datacap: 3160693276672
Mar 30 04:04:04 ....
Mar 30 04:04:05 Count: 3 of 4
Mar 30 04:04:05 f010479 (1 / 1 tries):
Mar 30 04:04:06 f0421499: 23.293832210218907393 FIL (11G free)
Mar 30 04:04:06 Escrow: 0.999645757255 FIL
Mar 30 04:04:06 Locked: 0.33249517244 FIL
Mar 30 04:04:06 Datacap: 3160693276672
Mar 30 04:04:06 ....
Mar 30 04:04:07 Count: 3 of 4
Mar 30 04:04:07 f010617 (1 / 1 tries):
Mar 30 04:04:08 f0421499: 23.293832210218907393 FIL (11G free)
Mar 30 04:04:08 Escrow: 0.999645757255 FIL
Mar 30 04:04:08 Locked: 0.33249517244 FIL
Mar 30 04:04:08 Datacap: 3160693276672
Mar 30 04:04:08 ....
Mar 30 04:04:09 Count: 3 of 4
Mar 30 04:04:09 f019104 (1 / 1 tries):
Mar 30 04:04:09 Skipping f019104: error-ask
Mar 30 04:04:09 
Mar 30 04:04:10 Count: 3 of 4
Mar 30 04:04:10 f021716 (1 / 1 tries):
Mar 30 04:04:10 f0421499: 23.293832210218907393 FIL (11G free)
Mar 30 04:04:11 Escrow: 0.999645757255 FIL
Mar 30 04:04:11 Locked: 0.33249517244 FIL
Mar 30 04:04:11 Datacap: 3160693276672
Mar 30 04:04:11 ....
