Mar 30 03:58:20 Count: 3 of 4
Mar 30 03:58:20 f019104 (1 / 1 tries):
Mar 30 03:58:20 Skipping f019104: error-ask
Mar 30 03:58:20 
Mar 30 03:58:21 Count: 3 of 4
Mar 30 03:58:21 f015927 (1 / 1 tries):
Mar 30 03:58:21 Skipping f015927: min-ask
Mar 30 03:58:21 
Mar 30 03:58:22 Count: 3 of 4
Mar 30 03:58:22 f02606 (1 / 1 tries):
Mar 30 03:58:23 f0421499: 23.293832210218907393 FIL (11G free)
Mar 30 03:58:23 Escrow: 0.999645757255 FIL
Mar 30 03:58:23 Locked: 0.33249517244 FIL
Mar 30 03:58:23 Datacap: 3160693276672
Mar 30 03:58:23 ....
Mar 30 03:58:24 Count: 3 of 4
Mar 30 03:58:24 f0165400 (1 / 1 tries):
Mar 30 03:58:25 f0421499: 23.293832210218907393 FIL (11G free)
Mar 30 03:58:25 Escrow: 0.999645757255 FIL
Mar 30 03:58:25 Locked: 0.33249517244 FIL
Mar 30 03:58:25 Datacap: 3160693276672
Mar 30 03:58:25 ....
Mar 30 03:58:26 Count: 3 of 4
Mar 30 03:58:26 f09848 (1 / 1 tries):
Mar 30 03:58:26 f0421499: 23.293832210218907393 FIL (11G free)
Mar 30 03:58:27 Escrow: 0.999645757255 FIL
Mar 30 03:58:27 Locked: 0.33249517244 FIL
Mar 30 03:58:27 Datacap: 3160693276672
Mar 30 03:58:27 ....
Mar 30 03:58:28 Count: 3 of 4
Mar 30 03:58:28 f019041 (1 / 1 tries):
Mar 30 03:58:28 f0421499: 23.293832210218907393 FIL (11G free)
Mar 30 03:58:28 Escrow: 0.999645757255 FIL
Mar 30 03:58:28 Locked: 0.33249517244 FIL
Mar 30 03:58:29 Datacap: 3160693276672
Mar 30 03:58:29 ....
Mar 30 03:58:30 Count: 3 of 4
Mar 30 03:58:30 f01278 (1 / 1 tries):
Mar 30 03:58:30 f0421499: 23.293832210218907393 FIL (11G free)
Mar 30 03:58:30 Escrow: 0.999645757255 FIL
Mar 30 03:58:30 Locked: 0.33249517244 FIL
Mar 30 03:58:31 Datacap: 3160693276672
Mar 30 03:58:31 ....
Mar 30 03:58:32 Count: 3 of 4
Mar 30 03:58:32 f062353 (1 / 1 tries):
Mar 30 03:58:32 f0421499: 23.293832210218907393 FIL (11G free)
Mar 30 03:58:32 Escrow: 0.999645757255 FIL
Mar 30 03:58:32 Locked: 0.33249517244 FIL
Mar 30 03:58:32 Datacap: 3160693276672
Mar 30 03:58:32 ....
Mar 30 03:58:33 Count: 3 of 4
Mar 30 03:58:33 f01277 (1 / 1 tries):
Mar 30 03:58:34 Skipping f01277: min-ask
Mar 30 03:58:34 
Mar 30 03:58:35 Count: 3 of 4
Mar 30 03:58:35 f014409 (1 / 1 tries):
Mar 30 03:58:35 f0421499: 23.293832210218907393 FIL (11G free)
Mar 30 03:58:35 Escrow: 0.999645757255 FIL
Mar 30 03:58:35 Locked: 0.33249517244 FIL
Mar 30 03:58:36 Datacap: 3160693276672
Mar 30 03:58:36 ....
Mar 30 03:58:37 Count: 3 of 4
Mar 30 03:58:37 f010479 (1 / 1 tries):
Mar 30 03:58:37 f0421499: 23.293832210218907393 FIL (11G free)
Mar 30 03:58:37 Escrow: 0.999645757255 FIL
Mar 30 03:58:37 Locked: 0.33249517244 FIL
Mar 30 03:58:37 Datacap: 3160693276672
Mar 30 03:58:37 ....
Mar 30 03:58:38 Count: 3 of 4
Mar 30 03:58:38 f019100 (1 / 1 tries):
Mar 30 03:58:39 Skipping f019100: error-ask
Mar 30 03:58:39 
Mar 30 03:58:40 Count: 3 of 4
Mar 30 03:58:40 f014768 (1 / 1 tries):
Mar 30 03:58:40 f0421499: 23.293832210218907393 FIL (11G free)
Mar 30 03:58:40 Escrow: 0.999645757255 FIL
Mar 30 03:58:40 Locked: 0.33249517244 FIL
Mar 30 03:58:40 Datacap: 3160693276672
Mar 30 03:58:40 ....
Mar 30 03:58:41 Count: 3 of 4
Mar 30 03:58:41 f022352 (1 / 1 tries):
Mar 30 03:58:42 f0421499: 23.293832210218907393 FIL (11G free)
Mar 30 03:58:42 Escrow: 0.999645757255 FIL
Mar 30 03:58:42 Locked: 0.33249517244 FIL
Mar 30 03:58:42 Datacap: 3160693276672
Mar 30 03:58:42 ....
Mar 30 03:58:43 Count: 3 of 4
Mar 30 03:58:43 f022163 (1 / 1 tries):
Mar 30 03:58:43 f0421499: 23.293832210218907393 FIL (11G free)
Mar 30 03:58:44 Escrow: 0.999645757255 FIL
Mar 30 03:58:44 Locked: 0.33249517244 FIL
Mar 30 03:58:44 Datacap: 3160693276672
Mar 30 03:58:44 ....
Mar 30 03:58:45 Count: 3 of 4
Mar 30 03:58:45 f022142 (1 / 1 tries):
Mar 30 03:58:45 f0421499: 23.293832210218907393 FIL (11G free)
Mar 30 03:58:45 Escrow: 0.999645757255 FIL
Mar 30 03:58:45 Locked: 0.33249517244 FIL
Mar 30 03:58:46 Datacap: 3160693276672
Mar 30 03:58:46 ....
Mar 30 03:58:47 Count: 3 of 4
Mar 30 03:58:47 f08399 (1 / 1 tries):
Mar 30 03:58:47 f0421499: 23.293832210218907393 FIL (11G free)
Mar 30 03:58:47 Escrow: 0.999645757255 FIL
Mar 30 03:58:47 Locked: 0.33249517244 FIL
Mar 30 03:58:47 Datacap: 3160693276672
Mar 30 03:58:47 ....
Mar 30 03:58:48 Count: 3 of 4
Mar 30 03:58:48 f019362 (1 / 1 tries):
Mar 30 03:58:49 f0421499: 23.293832210218907393 FIL (11G free)
Mar 30 03:58:49 Escrow: 0.999645757255 FIL
Mar 30 03:58:49 Locked: 0.33249517244 FIL
Mar 30 03:58:49 Datacap: 3160693276672
Mar 30 03:58:49 ....
Mar 30 03:58:50 Count: 3 of 4
Mar 30 03:58:50 f01240 (1 / 1 tries):
Mar 30 03:58:51 f0421499: 23.293832210218907393 FIL (11G free)
Mar 30 03:58:51 Escrow: 0.999645757255 FIL
Mar 30 03:58:51 Locked: 0.33249517244 FIL
Mar 30 03:58:51 Datacap: 3160693276672
Mar 30 03:58:51 ....
Mar 30 03:58:52 Count: 3 of 4
Mar 30 03:58:52 f058369 (1 / 1 tries):
Mar 30 03:58:52 f0421499: 23.293832210218907393 FIL (11G free)
Mar 30 03:58:52 Escrow: 0.999645757255 FIL
Mar 30 03:58:52 Locked: 0.33249517244 FIL
Mar 30 03:58:53 Datacap: 3160693276672
Mar 30 03:58:53 ....
Mar 30 03:58:54 Count: 3 of 4
Mar 30 03:58:54 f0145874 (1 / 1 tries):
Mar 30 03:58:54 f0421499: 23.293832210218907393 FIL (11G free)
Mar 30 03:58:54 Escrow: 0.999645757255 FIL
Mar 30 03:58:54 Locked: 0.33249517244 FIL
Mar 30 03:58:54 Datacap: 3160693276672
Mar 30 03:58:54 ....
Mar 30 03:58:55 Count: 3 of 4
Mar 30 03:58:55 f0157535 (1 / 1 tries):
Mar 30 03:58:56 f0421499: 23.293832210218907393 FIL (11G free)
Mar 30 03:58:56 Escrow: 0.999645757255 FIL
Mar 30 03:58:56 Locked: 0.33249517244 FIL
Mar 30 03:58:56 Datacap: 3160693276672
Mar 30 03:58:57 ....
Mar 30 03:58:58 Count: 3 of 4
Mar 30 03:58:58 f010617 (1 / 1 tries):
Mar 30 03:58:58 f0421499: 23.293832210218907393 FIL (11G free)
Mar 30 03:58:58 Escrow: 0.999645757255 FIL
Mar 30 03:58:58 Locked: 0.33249517244 FIL
Mar 30 03:58:58 Datacap: 3160693276672
Mar 30 03:58:58 ....
Mar 30 03:58:59 Count: 3 of 4
Mar 30 03:58:59 f08403 (1 / 1 tries):
Mar 30 03:59:00 f0421499: 23.293832210218907393 FIL (11G free)
Mar 30 03:59:00 Escrow: 0.999645757255 FIL
Mar 30 03:59:00 Locked: 0.33249517244 FIL
Mar 30 03:59:00 Datacap: 3160693276672
Mar 30 03:59:00 ....
Mar 30 03:59:01 Count: 3 of 4
Mar 30 03:59:01 f071624 (1 / 1 tries):
Mar 30 03:59:01 f0421499: 23.293832210218907393 FIL (11G free)
Mar 30 03:59:01 Escrow: 0.999645757255 FIL
Mar 30 03:59:01 Locked: 0.33249517244 FIL
Mar 30 03:59:02 Datacap: 3160693276672
Mar 30 03:59:02 ....
Mar 30 03:59:03 Count: 3 of 4
Mar 30 03:59:03 f099608 (1 / 1 tries):
Mar 30 03:59:03 f0421499: 23.293832210218907393 FIL (11G free)
Mar 30 03:59:03 Escrow: 0.999645757255 FIL
Mar 30 03:59:03 Locked: 0.33249517244 FIL
Mar 30 03:59:04 Datacap: 3160693276672
Mar 30 03:59:04 ....
Mar 30 03:59:05 Count: 3 of 4
Mar 30 03:59:05 f023971 (1 / 1 tries):
Mar 30 03:59:05 f0421499: 23.293832210218907393 FIL (11G free)
Mar 30 03:59:05 Escrow: 0.999645757255 FIL
Mar 30 03:59:05 Locked: 0.33249517244 FIL
Mar 30 03:59:05 Datacap: 3160693276672
Mar 30 03:59:05 ....
Mar 30 03:59:06 Count: 3 of 4
Mar 30 03:59:06 f01234 (1 / 1 tries):
Mar 30 03:59:07 f0421499: 23.293832210218907393 FIL (11G free)
Mar 30 03:59:07 Escrow: 0.999645757255 FIL
Mar 30 03:59:07 Locked: 0.33249517244 FIL
Mar 30 03:59:07 Datacap: 3160693276672
Mar 30 03:59:07 ....
Mar 30 03:59:08 Count: 3 of 4
Mar 30 03:59:08 f02576 (1 / 1 tries):
Mar 30 03:59:08 f0421499: 23.293832210218907393 FIL (11G free)
Mar 30 03:59:09 Escrow: 0.999645757255 FIL
Mar 30 03:59:09 Locked: 0.33249517244 FIL
Mar 30 03:59:09 Datacap: 3160693276672
Mar 30 03:59:09 ....
Mar 30 03:59:10 Count: 3 of 4
Mar 30 03:59:10 f066596 (1 / 1 tries):
Mar 30 03:59:10 f0421499: 23.293832210218907393 FIL (11G free)
Mar 30 03:59:10 Escrow: 0.999645757255 FIL
Mar 30 03:59:10 Locked: 0.33249517244 FIL
Mar 30 03:59:11 Datacap: 3160693276672
Mar 30 03:59:11 ....
Mar 30 03:59:12 Count: 3 of 4
Mar 30 03:59:12 f021716 (1 / 1 tries):
Mar 30 03:59:12 f0421499: 23.293832210218907393 FIL (11G free)
Mar 30 03:59:12 Escrow: 0.999645757255 FIL
Mar 30 03:59:12 Locked: 0.33249517244 FIL
Mar 30 03:59:12 Datacap: 3160693276672
Mar 30 03:59:12 ....
Mar 30 03:59:13 Count: 3 of 4
Mar 30 03:59:13 f01247 (1 / 1 tries):
Mar 30 03:59:14 f0421499: 23.293832210218907393 FIL (11G free)
Mar 30 03:59:14 Escrow: 0.999645757255 FIL
Mar 30 03:59:14 Locked: 0.33249517244 FIL
Mar 30 03:59:14 Datacap: 3160693276672
Mar 30 03:59:14 ....
Mar 30 03:59:15 Count: 3 of 4
Mar 30 03:59:15 f023467 (1 / 1 tries):
Mar 30 03:59:15 f0421499: 23.293832210218907393 FIL (11G free)
Mar 30 03:59:16 Escrow: 0.999645757255 FIL
Mar 30 03:59:16 Locked: 0.33249517244 FIL
Mar 30 03:59:16 Datacap: 3160693276672
Mar 30 03:59:16 ....
Mar 30 03:59:17 Count: 3 of 4
Mar 30 03:59:17 f0127896 (1 / 1 tries):
Mar 30 03:59:17 Skipping f0127896: min-ask
Mar 30 03:59:17 
Mar 30 03:59:18 Count: 3 of 4
Mar 30 03:59:18 f019551 (1 / 1 tries):
Mar 30 03:59:18 f0421499: 23.293832210218907393 FIL (11G free)
Mar 30 03:59:19 Escrow: 0.999645757255 FIL
Mar 30 03:59:19 Locked: 0.33249517244 FIL
Mar 30 03:59:19 Datacap: 3160693276672
Mar 30 03:59:19 ....
Mar 30 03:59:20 Count: 3 of 4
Mar 30 03:59:20 f07998 (1 / 1 tries):
Mar 30 03:59:20 f0421499: 23.293832210218907393 FIL (11G free)
Mar 30 03:59:20 Escrow: 0.999645757255 FIL
Mar 30 03:59:20 Locked: 0.33249517244 FIL
Mar 30 03:59:21 Datacap: 3160693276672
Mar 30 03:59:21 ....
