Mar 30 10:26:34 Count: 3 of 4
Mar 30 10:26:34 f014409 (1 / 1 tries):
Mar 30 10:26:35 f0421499: 23.293832210218907393 FIL (9.2G free)
Mar 30 10:26:35 Escrow: 0.999645757255 FIL
Mar 30 10:26:35 Locked: 0.33249517244 FIL
Mar 30 10:26:35 Datacap: 3160693276672
Mar 30 10:26:36 ....
Mar 30 10:26:37 Count: 3 of 4
Mar 30 10:26:37 f010479 (1 / 1 tries):
Mar 30 10:26:37 f0421499: 23.293832210218907393 FIL (9.2G free)
Mar 30 10:26:37 Escrow: 0.999645757255 FIL
Mar 30 10:26:37 Locked: 0.33249517244 FIL
Mar 30 10:26:38 Datacap: 3160693276672
Mar 30 10:26:38 ....
Mar 30 10:26:39 Count: 3 of 4
Mar 30 10:26:39 f022352 (1 / 1 tries):
Mar 30 10:26:40 f0421499: 23.293832210218907393 FIL (9.2G free)
Mar 30 10:26:40 Escrow: 0.999645757255 FIL
Mar 30 10:26:40 Locked: 0.33249517244 FIL
Mar 30 10:26:40 Datacap: 3160693276672
Mar 30 10:26:40 ....
Mar 30 10:26:41 Count: 3 of 4
Mar 30 10:26:41 f071624 (1 / 1 tries):
Mar 30 10:26:42 f0421499: 23.293832210218907393 FIL (9.2G free)
Mar 30 10:26:42 Escrow: 0.999645757255 FIL
Mar 30 10:26:42 Locked: 0.33249517244 FIL
Mar 30 10:26:42 Datacap: 3160693276672
Mar 30 10:26:43 ....
Mar 30 10:26:44 Count: 3 of 4
Mar 30 10:26:44 f022142 (1 / 1 tries):
Mar 30 10:26:44 f0421499: 23.293832210218907393 FIL (9.2G free)
Mar 30 10:26:44 Escrow: 0.999645757255 FIL
Mar 30 10:26:44 Locked: 0.33249517244 FIL
Mar 30 10:26:45 Datacap: 3160693276672
Mar 30 10:26:45 ....
Mar 30 10:26:46 Count: 3 of 4
Mar 30 10:26:46 f019362 (1 / 1 tries):
Mar 30 10:26:47 f0421499: 23.293832210218907393 FIL (9.2G free)
Mar 30 10:26:47 Escrow: 0.999645757255 FIL
Mar 30 10:26:47 Locked: 0.33249517244 FIL
Mar 30 10:26:47 Datacap: 3160693276672
Mar 30 10:26:47 ....
Mar 30 10:26:49 Count: 3 of 4
Mar 30 10:26:49 f019041 (1 / 1 tries):
Mar 30 10:26:49 f0421499: 23.293832210218907393 FIL (9.2G free)
Mar 30 10:26:49 Escrow: 0.999645757255 FIL
Mar 30 10:26:49 Locked: 0.33249517244 FIL
Mar 30 10:26:50 Datacap: 3160693276672
Mar 30 10:26:50 ....
Mar 30 10:26:51 Count: 3 of 4
Mar 30 10:26:51 f0157535 (1 / 1 tries):
Mar 30 10:26:52 f0421499: 23.293832210218907393 FIL (9.2G free)
Mar 30 10:26:52 Escrow: 0.999645757255 FIL
Mar 30 10:26:52 Locked: 0.33249517244 FIL
Mar 30 10:26:52 Datacap: 3160693276672
Mar 30 10:26:52 ....
Mar 30 10:26:53 Count: 3 of 4
Mar 30 10:26:53 f08399 (1 / 1 tries):
Mar 30 10:26:54 f0421499: 23.293832210218907393 FIL (9.2G free)
Mar 30 10:26:54 Escrow: 0.999645757255 FIL
Mar 30 10:26:54 Locked: 0.33249517244 FIL
Mar 30 10:26:54 Datacap: 3160693276672
Mar 30 10:26:55 ....
Mar 30 10:26:56 Count: 3 of 4
Mar 30 10:26:56 f023971 (1 / 1 tries):
Mar 30 10:26:56 f0421499: 23.293832210218907393 FIL (9.2G free)
Mar 30 10:26:56 Escrow: 0.999645757255 FIL
Mar 30 10:26:56 Locked: 0.33249517244 FIL
Mar 30 10:26:56 Datacap: 3160693276672
Mar 30 10:26:57 ....
Mar 30 10:26:58 Count: 3 of 4
Mar 30 10:26:58 f02606 (1 / 1 tries):
Mar 30 10:26:58 f0421499: 23.293832210218907393 FIL (9.2G free)
Mar 30 10:26:59 Escrow: 0.999645757255 FIL
Mar 30 10:26:59 Locked: 0.33249517244 FIL
Mar 30 10:26:59 Datacap: 3160693276672
Mar 30 10:26:59 ....
Mar 30 10:27:00 Count: 3 of 4
Mar 30 10:27:00 f066596 (1 / 1 tries):
Mar 30 10:27:01 f0421499: 23.293832210218907393 FIL (9.2G free)
Mar 30 10:27:01 Escrow: 0.999645757255 FIL
Mar 30 10:27:01 Locked: 0.33249517244 FIL
Mar 30 10:27:01 Datacap: 3160693276672
Mar 30 10:27:02 ....
Mar 30 10:27:03 Count: 3 of 4
Mar 30 10:27:03 f0165400 (1 / 1 tries):
Mar 30 10:27:03 f0421499: 23.293832210218907393 FIL (9.2G free)
Mar 30 10:27:03 Escrow: 0.999645757255 FIL
Mar 30 10:27:03 Locked: 0.33249517244 FIL
Mar 30 10:27:04 Datacap: 3160693276672
Mar 30 10:27:04 ....
Mar 30 10:27:05 Count: 3 of 4
Mar 30 10:27:05 f08403 (1 / 1 tries):
Mar 30 10:27:06 f0421499: 23.293832210218907393 FIL (9.2G free)
Mar 30 10:27:06 Escrow: 0.999645757255 FIL
Mar 30 10:27:06 Locked: 0.33249517244 FIL
Mar 30 10:27:06 Datacap: 3160693276672
Mar 30 10:27:06 ....
Mar 30 10:27:07 Count: 3 of 4
Mar 30 10:27:07 f022163 (1 / 1 tries):
Mar 30 10:27:08 f0421499: 23.293832210218907393 FIL (9.2G free)
Mar 30 10:27:08 Escrow: 0.999645757255 FIL
Mar 30 10:27:08 Locked: 0.33249517244 FIL
Mar 30 10:27:08 Datacap: 3160693276672
Mar 30 10:27:08 ....
Mar 30 10:27:09 Count: 3 of 4
Mar 30 10:27:09 f058369 (1 / 1 tries):
Mar 30 10:27:10 f0421499: 23.293832210218907393 FIL (9.2G free)
Mar 30 10:27:10 Escrow: 0.999645757255 FIL
Mar 30 10:27:10 Locked: 0.33249517244 FIL
Mar 30 10:27:11 Datacap: 3160693276672
Mar 30 10:27:11 ....
Mar 30 10:27:12 Count: 3 of 4
Mar 30 10:27:12 f019551 (1 / 1 tries):
Mar 30 10:27:13 f0421499: 23.293832210218907393 FIL (9.2G free)
Mar 30 10:27:13 Escrow: 0.999645757255 FIL
Mar 30 10:27:13 Locked: 0.33249517244 FIL
Mar 30 10:27:13 Datacap: 3160693276672
Mar 30 10:27:13 ....
Mar 30 10:27:14 Count: 3 of 4
Mar 30 10:27:14 f019100 (1 / 1 tries):
Mar 30 10:27:15 Skipping f019100: error-ask
Mar 30 10:27:15 
Mar 30 10:27:16 Count: 3 of 4
Mar 30 10:27:16 f0127896 (1 / 1 tries):
Mar 30 10:27:16 Skipping f0127896: min-ask
Mar 30 10:27:16 
Mar 30 10:27:17 Count: 3 of 4
Mar 30 10:27:17 f01277 (1 / 1 tries):
Mar 30 10:27:18 Skipping f01277: min-ask
Mar 30 10:27:18 
Mar 30 10:27:19 Count: 3 of 4
Mar 30 10:27:19 f023467 (1 / 1 tries):
Mar 30 10:27:19 f0421499: 23.293832210218907393 FIL (9.2G free)
Mar 30 10:27:19 Escrow: 0.999645757255 FIL
Mar 30 10:27:19 Locked: 0.33249517244 FIL
Mar 30 10:27:20 Datacap: 3160693276672
Mar 30 10:27:20 ....
Mar 30 10:27:21 Count: 3 of 4
Mar 30 10:27:21 f062353 (1 / 1 tries):
Mar 30 10:27:21 f0421499: 23.293832210218907393 FIL (9.2G free)
Mar 30 10:27:21 Escrow: 0.999645757255 FIL
Mar 30 10:27:21 Locked: 0.33249517244 FIL
Mar 30 10:27:22 Datacap: 3160693276672
Mar 30 10:27:22 ....
Mar 30 10:27:23 Count: 3 of 4
Mar 30 10:27:23 f01278 (1 / 1 tries):
Mar 30 10:27:24 f0421499: 23.293832210218907393 FIL (9.2G free)
Mar 30 10:27:24 Escrow: 0.999645757255 FIL
Mar 30 10:27:24 Locked: 0.33249517244 FIL
Mar 30 10:27:24 Datacap: 3160693276672
Mar 30 10:27:24 ....
Mar 30 10:27:25 Count: 3 of 4
Mar 30 10:27:25 f010617 (1 / 1 tries):
Mar 30 10:27:26 f0421499: 23.293832210218907393 FIL (9.2G free)
Mar 30 10:27:26 Escrow: 0.999645757255 FIL
Mar 30 10:27:26 Locked: 0.33249517244 FIL
Mar 30 10:27:26 Datacap: 3160693276672
Mar 30 10:27:26 ....
Mar 30 10:27:27 Count: 3 of 4
Mar 30 10:27:27 f09848 (1 / 1 tries):
Mar 30 10:27:27 f0421499: 23.293832210218907393 FIL (9.2G free)
Mar 30 10:27:28 Escrow: 0.999645757255 FIL
Mar 30 10:27:28 Locked: 0.33249517244 FIL
Mar 30 10:27:28 Datacap: 3160693276672
Mar 30 10:27:28 ....
Mar 30 10:27:29 Count: 3 of 4
Mar 30 10:27:29 f099608 (1 / 1 tries):
Mar 30 10:27:30 f0421499: 23.293832210218907393 FIL (9.2G free)
Mar 30 10:27:30 Escrow: 0.999645757255 FIL
Mar 30 10:27:30 Locked: 0.33249517244 FIL
Mar 30 10:27:31 Datacap: 3160693276672
Mar 30 10:27:31 ....
Mar 30 10:27:32 Count: 3 of 4
Mar 30 10:27:32 f07998 (1 / 1 tries):
Mar 30 10:27:33 f0421499: 23.293832210218907393 FIL (9.2G free)
Mar 30 10:27:33 Escrow: 0.999645757255 FIL
Mar 30 10:27:33 Locked: 0.33249517244 FIL
Mar 30 10:27:33 Datacap: 3160693276672
Mar 30 10:27:33 ....
Mar 30 10:27:34 Count: 3 of 4
Mar 30 10:27:34 f01234 (1 / 1 tries):
Mar 30 10:27:35 f0421499: 23.293832210218907393 FIL (9.2G free)
Mar 30 10:27:35 Escrow: 0.999645757255 FIL
Mar 30 10:27:35 Locked: 0.33249517244 FIL
Mar 30 10:27:35 Datacap: 3160693276672
Mar 30 10:27:36 ....
Mar 30 10:27:37 Count: 3 of 4
Mar 30 10:27:37 f021716 (1 / 1 tries):
Mar 30 10:27:37 f0421499: 23.293832210218907393 FIL (9.2G free)
Mar 30 10:27:37 Escrow: 0.999645757255 FIL
Mar 30 10:27:37 Locked: 0.33249517244 FIL
Mar 30 10:27:38 Datacap: 3160693276672
Mar 30 10:27:38 ....
Mar 30 10:27:39 Count: 3 of 4
Mar 30 10:27:39 f019104 (1 / 1 tries):
Mar 30 10:27:40 Skipping f019104: error-ask
Mar 30 10:27:40 
Mar 30 10:27:41 Count: 3 of 4
Mar 30 10:27:41 f02576 (1 / 1 tries):
Mar 30 10:27:41 f0421499: 23.293832210218907393 FIL (9.2G free)
Mar 30 10:27:42 Escrow: 0.999645757255 FIL
Mar 30 10:27:42 Locked: 0.33249517244 FIL
Mar 30 10:27:42 Datacap: 3160693276672
Mar 30 10:27:43 ....
Mar 30 10:27:44 Count: 3 of 4
Mar 30 10:27:44 f014768 (1 / 1 tries):
Mar 30 10:27:44 f0421499: 23.293832210218907393 FIL (9.2G free)
Mar 30 10:27:45 Escrow: 0.999645757255 FIL
Mar 30 10:27:45 Locked: 0.33249517244 FIL
Mar 30 10:27:45 Datacap: 3160693276672
Mar 30 10:27:45 ....
Mar 30 10:27:46 Count: 3 of 4
Mar 30 10:27:46 f01247 (1 / 1 tries):
Mar 30 10:27:47 f0421499: 23.293832210218907393 FIL (9.2G free)
Mar 30 10:27:47 Escrow: 0.999645757255 FIL
Mar 30 10:27:47 Locked: 0.33249517244 FIL
Mar 30 10:27:48 Datacap: 3160693276672
Mar 30 10:27:48 ....
Mar 30 10:27:49 Count: 3 of 4
Mar 30 10:27:49 f0145874 (1 / 1 tries):
Mar 30 10:27:50 f0421499: 23.293832210218907393 FIL (9.2G free)
Mar 30 10:27:50 Escrow: 0.999645757255 FIL
Mar 30 10:27:50 Locked: 0.33249517244 FIL
Mar 30 10:27:50 Datacap: 3160693276672
Mar 30 10:27:50 ....
Mar 30 10:27:51 Count: 3 of 4
Mar 30 10:27:51 f01240 (1 / 1 tries):
Mar 30 10:27:52 f0421499: 23.293832210218907393 FIL (9.2G free)
Mar 30 10:27:52 Escrow: 0.999645757255 FIL
Mar 30 10:27:52 Locked: 0.33249517244 FIL
Mar 30 10:27:53 Datacap: 3160693276672
Mar 30 10:27:53 ....
Mar 30 10:27:54 Count: 3 of 4
Mar 30 10:27:54 f015927 (1 / 1 tries):
Mar 30 10:27:55 Skipping f015927: min-ask
Mar 30 10:27:55 
