Mar 30 07:25:56 Count: 3 of 4
Mar 30 07:25:56 f099608 (1 / 1 tries):
Mar 30 07:25:57 f0421499: 23.293832210218907393 FIL (9.7G free)
Mar 30 07:25:57 Escrow: 0.999645757255 FIL
Mar 30 07:25:57 Locked: 0.33249517244 FIL
Mar 30 07:25:58 Datacap: 3160693276672
Mar 30 07:25:58 ....
Mar 30 07:25:59 Count: 3 of 4
Mar 30 07:25:59 f01278 (1 / 1 tries):
Mar 30 07:25:59 f0421499: 23.293832210218907393 FIL (9.7G free)
Mar 30 07:25:59 Escrow: 0.999645757255 FIL
Mar 30 07:25:59 Locked: 0.33249517244 FIL
Mar 30 07:26:00 Datacap: 3160693276672
Mar 30 07:26:00 ....
Mar 30 07:26:01 Count: 3 of 4
Mar 30 07:26:01 f062353 (1 / 1 tries):
Mar 30 07:26:02 f0421499: 23.293832210218907393 FIL (9.7G free)
Mar 30 07:26:02 Escrow: 0.999645757255 FIL
Mar 30 07:26:02 Locked: 0.33249517244 FIL
Mar 30 07:26:02 Datacap: 3160693276672
Mar 30 07:26:02 ....
Mar 30 07:26:03 Count: 3 of 4
Mar 30 07:26:03 f014409 (1 / 1 tries):
Mar 30 07:26:04 f0421499: 23.293832210218907393 FIL (9.7G free)
Mar 30 07:26:04 Escrow: 0.999645757255 FIL
Mar 30 07:26:04 Locked: 0.33249517244 FIL
Mar 30 07:26:04 Datacap: 3160693276672
Mar 30 07:26:05 ....
Mar 30 07:26:06 Count: 3 of 4
Mar 30 07:26:06 f019551 (1 / 1 tries):
Mar 30 07:26:06 f0421499: 23.293832210218907393 FIL (9.7G free)
Mar 30 07:26:07 Escrow: 0.999645757255 FIL
Mar 30 07:26:07 Locked: 0.33249517244 FIL
Mar 30 07:26:07 Datacap: 3160693276672
Mar 30 07:26:07 ....
Mar 30 07:26:08 Count: 3 of 4
Mar 30 07:26:08 f08399 (1 / 1 tries):
Mar 30 07:26:09 f0421499: 23.293832210218907393 FIL (9.7G free)
Mar 30 07:26:09 Escrow: 0.999645757255 FIL
Mar 30 07:26:09 Locked: 0.33249517244 FIL
Mar 30 07:26:09 Datacap: 3160693276672
Mar 30 07:26:09 ....
Mar 30 07:26:10 Count: 3 of 4
Mar 30 07:26:10 f022142 (1 / 1 tries):
Mar 30 07:26:11 f0421499: 23.293832210218907393 FIL (9.7G free)
Mar 30 07:26:11 Escrow: 0.999645757255 FIL
Mar 30 07:26:11 Locked: 0.33249517244 FIL
Mar 30 07:26:12 Datacap: 3160693276672
Mar 30 07:26:12 ....
Mar 30 07:26:13 Count: 3 of 4
Mar 30 07:26:13 f01240 (1 / 1 tries):
Mar 30 07:26:14 f0421499: 23.293832210218907393 FIL (9.7G free)
Mar 30 07:26:14 Escrow: 0.999645757255 FIL
Mar 30 07:26:14 Locked: 0.33249517244 FIL
Mar 30 07:26:15 Datacap: 3160693276672
Mar 30 07:26:15 ....
Mar 30 07:26:16 Count: 3 of 4
Mar 30 07:26:16 f0145874 (1 / 1 tries):
Mar 30 07:26:16 f0421499: 23.293832210218907393 FIL (9.7G free)
Mar 30 07:26:16 Escrow: 0.999645757255 FIL
Mar 30 07:26:16 Locked: 0.33249517244 FIL
Mar 30 07:26:17 Datacap: 3160693276672
Mar 30 07:26:17 ....
Mar 30 07:26:18 Count: 3 of 4
Mar 30 07:26:18 f07998 (1 / 1 tries):
Mar 30 07:26:19 f0421499: 23.293832210218907393 FIL (9.7G free)
Mar 30 07:26:19 Escrow: 0.999645757255 FIL
Mar 30 07:26:19 Locked: 0.33249517244 FIL
Mar 30 07:26:20 Datacap: 3160693276672
Mar 30 07:26:20 ....
Mar 30 07:26:21 Count: 3 of 4
Mar 30 07:26:21 f022163 (1 / 1 tries):
Mar 30 07:26:21 f0421499: 23.293832210218907393 FIL (9.7G free)
Mar 30 07:26:21 Escrow: 0.999645757255 FIL
Mar 30 07:26:21 Locked: 0.33249517244 FIL
Mar 30 07:26:22 Datacap: 3160693276672
Mar 30 07:26:22 ....
Mar 30 07:26:23 Count: 3 of 4
Mar 30 07:26:23 f021716 (1 / 1 tries):
Mar 30 07:26:23 f0421499: 23.293832210218907393 FIL (9.7G free)
Mar 30 07:26:24 Escrow: 0.999645757255 FIL
Mar 30 07:26:24 Locked: 0.33249517244 FIL
Mar 30 07:26:24 Datacap: 3160693276672
Mar 30 07:26:24 ....
Mar 30 07:26:25 Count: 3 of 4
Mar 30 07:26:25 f015927 (1 / 1 tries):
Mar 30 07:26:26 Skipping f015927: min-ask
Mar 30 07:26:26 
Mar 30 07:26:27 Count: 3 of 4
Mar 30 07:26:27 f019104 (1 / 1 tries):
Mar 30 07:26:27 Skipping f019104: error-ask
Mar 30 07:26:27 
Mar 30 07:26:28 Count: 3 of 4
Mar 30 07:26:28 f066596 (1 / 1 tries):
Mar 30 07:26:29 f0421499: 23.293832210218907393 FIL (9.7G free)
Mar 30 07:26:29 Escrow: 0.999645757255 FIL
Mar 30 07:26:29 Locked: 0.33249517244 FIL
Mar 30 07:26:29 Datacap: 3160693276672
Mar 30 07:26:29 ....
Mar 30 07:26:30 Count: 3 of 4
Mar 30 07:26:30 f02576 (1 / 1 tries):
Mar 30 07:26:31 f0421499: 23.293832210218907393 FIL (9.7G free)
Mar 30 07:26:32 Escrow: 0.999645757255 FIL
Mar 30 07:26:32 Locked: 0.33249517244 FIL
Mar 30 07:26:32 Datacap: 3160693276672
Mar 30 07:26:32 ....
Mar 30 07:26:33 Count: 3 of 4
Mar 30 07:26:33 f014768 (1 / 1 tries):
Mar 30 07:26:34 f0421499: 23.293832210218907393 FIL (9.7G free)
Mar 30 07:26:34 Escrow: 0.999645757255 FIL
Mar 30 07:26:34 Locked: 0.33249517244 FIL
Mar 30 07:26:35 Datacap: 3160693276672
Mar 30 07:26:35 ....
Mar 30 07:26:36 Count: 3 of 4
Mar 30 07:26:36 f08403 (1 / 1 tries):
Mar 30 07:26:37 f0421499: 23.293832210218907393 FIL (9.7G free)
Mar 30 07:26:37 Escrow: 0.999645757255 FIL
Mar 30 07:26:37 Locked: 0.33249517244 FIL
Mar 30 07:26:37 Datacap: 3160693276672
Mar 30 07:26:38 ....
Mar 30 07:26:39 Count: 3 of 4
Mar 30 07:26:39 f0165400 (1 / 1 tries):
Mar 30 07:26:39 f0421499: 23.293832210218907393 FIL (9.7G free)
Mar 30 07:26:39 Escrow: 0.999645757255 FIL
Mar 30 07:26:39 Locked: 0.33249517244 FIL
Mar 30 07:26:40 Datacap: 3160693276672
Mar 30 07:26:40 ....
Mar 30 07:26:41 Count: 3 of 4
Mar 30 07:26:41 f01234 (1 / 1 tries):
Mar 30 07:26:41 f0421499: 23.293832210218907393 FIL (9.7G free)
Mar 30 07:26:41 Escrow: 0.999645757255 FIL
Mar 30 07:26:41 Locked: 0.33249517244 FIL
Mar 30 07:26:42 Datacap: 3160693276672
Mar 30 07:26:42 ....
Mar 30 07:26:43 Count: 3 of 4
Mar 30 07:26:43 f01277 (1 / 1 tries):
Mar 30 07:26:43 Skipping f01277: min-ask
Mar 30 07:26:43 
Mar 30 07:26:44 Count: 3 of 4
Mar 30 07:26:44 f019100 (1 / 1 tries):
Mar 30 07:26:45 Skipping f019100: error-ask
Mar 30 07:26:45 
Mar 30 07:26:46 Count: 3 of 4
Mar 30 07:26:46 f09848 (1 / 1 tries):
Mar 30 07:26:47 f0421499: 23.293832210218907393 FIL (9.7G free)
Mar 30 07:26:47 Escrow: 0.999645757255 FIL
Mar 30 07:26:47 Locked: 0.33249517244 FIL
Mar 30 07:26:47 Datacap: 3160693276672
Mar 30 07:26:48 ....
Mar 30 07:26:49 Count: 3 of 4
Mar 30 07:26:49 f0127896 (1 / 1 tries):
Mar 30 07:26:49 Skipping f0127896: min-ask
Mar 30 07:26:49 
Mar 30 07:26:50 Count: 3 of 4
Mar 30 07:26:50 f022352 (1 / 1 tries):
Mar 30 07:26:51 f0421499: 23.293832210218907393 FIL (9.7G free)
Mar 30 07:26:51 Escrow: 0.999645757255 FIL
Mar 30 07:26:51 Locked: 0.33249517244 FIL
Mar 30 07:26:51 Datacap: 3160693276672
Mar 30 07:26:52 ....
Mar 30 07:26:53 Count: 3 of 4
Mar 30 07:26:53 f019041 (1 / 1 tries):
Mar 30 07:26:53 f0421499: 23.293832210218907393 FIL (9.7G free)
Mar 30 07:26:53 Escrow: 0.999645757255 FIL
Mar 30 07:26:53 Locked: 0.33249517244 FIL
Mar 30 07:26:54 Datacap: 3160693276672
Mar 30 07:26:54 ....
Mar 30 07:26:55 Count: 3 of 4
Mar 30 07:26:55 f01247 (1 / 1 tries):
Mar 30 07:26:55 f0421499: 23.293832210218907393 FIL (9.7G free)
Mar 30 07:26:56 Escrow: 0.999645757255 FIL
Mar 30 07:26:56 Locked: 0.33249517244 FIL
Mar 30 07:26:56 Datacap: 3160693276672
Mar 30 07:26:56 ....
Mar 30 07:26:57 Count: 3 of 4
Mar 30 07:26:57 f019362 (1 / 1 tries):
Mar 30 07:26:58 f0421499: 23.293832210218907393 FIL (9.7G free)
Mar 30 07:26:58 Escrow: 0.999645757255 FIL
Mar 30 07:26:58 Locked: 0.33249517244 FIL
Mar 30 07:26:59 Datacap: 3160693276672
Mar 30 07:26:59 ....
Mar 30 07:27:00 Count: 3 of 4
Mar 30 07:27:00 f010617 (1 / 1 tries):
Mar 30 07:27:01 f0421499: 23.293832210218907393 FIL (9.7G free)
Mar 30 07:27:01 Escrow: 0.999645757255 FIL
Mar 30 07:27:01 Locked: 0.33249517244 FIL
Mar 30 07:27:01 Datacap: 3160693276672
Mar 30 07:27:01 ....
Mar 30 07:27:02 Count: 3 of 4
Mar 30 07:27:02 f071624 (1 / 1 tries):
Mar 30 07:27:03 f0421499: 23.293832210218907393 FIL (9.7G free)
Mar 30 07:27:03 Escrow: 0.999645757255 FIL
Mar 30 07:27:03 Locked: 0.33249517244 FIL
Mar 30 07:27:03 Datacap: 3160693276672
Mar 30 07:27:03 ....
Mar 30 07:27:04 Count: 3 of 4
Mar 30 07:27:04 f023971 (1 / 1 tries):
Mar 30 07:27:05 f0421499: 23.293832210218907393 FIL (9.7G free)
Mar 30 07:27:05 Escrow: 0.999645757255 FIL
Mar 30 07:27:05 Locked: 0.33249517244 FIL
Mar 30 07:27:06 Datacap: 3160693276672
Mar 30 07:27:06 ....
Mar 30 07:27:07 Count: 3 of 4
Mar 30 07:27:07 f0157535 (1 / 1 tries):
Mar 30 07:27:08 f0421499: 23.293832210218907393 FIL (9.7G free)
Mar 30 07:27:08 Escrow: 0.999645757255 FIL
Mar 30 07:27:08 Locked: 0.33249517244 FIL
Mar 30 07:27:08 Datacap: 3160693276672
Mar 30 07:27:08 ....
Mar 30 07:27:09 Count: 3 of 4
Mar 30 07:27:09 f023467 (1 / 1 tries):
Mar 30 07:27:10 f0421499: 23.293832210218907393 FIL (9.7G free)
Mar 30 07:27:10 Escrow: 0.999645757255 FIL
Mar 30 07:27:10 Locked: 0.33249517244 FIL
Mar 30 07:27:10 Datacap: 3160693276672
Mar 30 07:27:11 ....
Mar 30 07:27:12 Count: 3 of 4
Mar 30 07:27:12 f02606 (1 / 1 tries):
Mar 30 07:27:12 f0421499: 23.293832210218907393 FIL (9.7G free)
Mar 30 07:27:12 Escrow: 0.999645757255 FIL
Mar 30 07:27:12 Locked: 0.33249517244 FIL
Mar 30 07:27:13 Datacap: 3160693276672
Mar 30 07:27:13 ....
Mar 30 07:27:14 Count: 3 of 4
Mar 30 07:27:14 f058369 (1 / 1 tries):
Mar 30 07:27:15 f0421499: 23.293832210218907393 FIL (9.7G free)
Mar 30 07:27:15 Escrow: 0.999645757255 FIL
Mar 30 07:27:15 Locked: 0.33249517244 FIL
Mar 30 07:27:15 Datacap: 3160693276672
Mar 30 07:27:16 ....
Mar 30 07:27:17 Count: 3 of 4
Mar 30 07:27:17 f010479 (1 / 1 tries):
Mar 30 07:27:17 f0421499: 23.293832210218907393 FIL (9.7G free)
Mar 30 07:27:17 Escrow: 0.999645757255 FIL
Mar 30 07:27:17 Locked: 0.33249517244 FIL
Mar 30 07:27:17 Datacap: 3160693276672
Mar 30 07:27:18 ....
