Mar 30 05:32:27 Count: 3 of 4
Mar 30 05:32:27 f019551 (1 / 1 tries):
Mar 30 05:32:28 f0421499: 23.293832210218907393 FIL (10G free)
Mar 30 05:32:28 Escrow: 0.999645757255 FIL
Mar 30 05:32:28 Locked: 0.33249517244 FIL
Mar 30 05:32:28 Datacap: 3160693276672
Mar 30 05:32:29 ....
Mar 30 05:32:30 Count: 3 of 4
Mar 30 05:32:30 f023971 (1 / 1 tries):
Mar 30 05:32:30 f0421499: 23.293832210218907393 FIL (10G free)
Mar 30 05:32:31 Escrow: 0.999645757255 FIL
Mar 30 05:32:31 Locked: 0.33249517244 FIL
Mar 30 05:32:31 Datacap: 3160693276672
Mar 30 05:32:32 ....
Mar 30 05:32:33 Count: 3 of 4
Mar 30 05:32:33 f010479 (1 / 1 tries):
Mar 30 05:32:33 f0421499: 23.293832210218907393 FIL (10G free)
Mar 30 05:32:33 Escrow: 0.999645757255 FIL
Mar 30 05:32:33 Locked: 0.33249517244 FIL
Mar 30 05:32:33 Datacap: 3160693276672
Mar 30 05:32:33 ....
Mar 30 05:32:34 Count: 3 of 4
Mar 30 05:32:34 f014409 (1 / 1 tries):
Mar 30 05:32:35 f0421499: 23.293832210218907393 FIL (10G free)
Mar 30 05:32:35 Escrow: 0.999645757255 FIL
Mar 30 05:32:35 Locked: 0.33249517244 FIL
Mar 30 05:32:35 Datacap: 3160693276672
Mar 30 05:32:35 ....
Mar 30 05:32:37 Count: 3 of 4
Mar 30 05:32:37 f022352 (1 / 1 tries):
Mar 30 05:32:38 f0421499: 23.293832210218907393 FIL (10G free)
Mar 30 05:32:38 Escrow: 0.999645757255 FIL
Mar 30 05:32:38 Locked: 0.33249517244 FIL
Mar 30 05:32:38 Datacap: 3160693276672
Mar 30 05:32:38 ....
Mar 30 05:32:39 Count: 3 of 4
Mar 30 05:32:39 f0157535 (1 / 1 tries):
Mar 30 05:32:40 f0421499: 23.293832210218907393 FIL (10G free)
Mar 30 05:32:40 Escrow: 0.999645757255 FIL
Mar 30 05:32:40 Locked: 0.33249517244 FIL
Mar 30 05:32:40 Datacap: 3160693276672
Mar 30 05:32:40 ....
Mar 30 05:32:42 Count: 3 of 4
Mar 30 05:32:42 f019100 (1 / 1 tries):
Mar 30 05:32:42 Skipping f019100: error-ask
Mar 30 05:32:42 
Mar 30 05:32:43 Count: 3 of 4
Mar 30 05:32:43 f071624 (1 / 1 tries):
Mar 30 05:32:44 f0421499: 23.293832210218907393 FIL (10G free)
Mar 30 05:32:44 Escrow: 0.999645757255 FIL
Mar 30 05:32:44 Locked: 0.33249517244 FIL
Mar 30 05:32:45 Datacap: 3160693276672
Mar 30 05:32:45 ....
Mar 30 05:32:46 Count: 3 of 4
Mar 30 05:32:46 f02576 (1 / 1 tries):
Mar 30 05:32:46 f0421499: 23.293832210218907393 FIL (10G free)
Mar 30 05:32:47 Escrow: 0.999645757255 FIL
Mar 30 05:32:47 Locked: 0.33249517244 FIL
Mar 30 05:32:47 Datacap: 3160693276672
Mar 30 05:32:47 ....
Mar 30 05:32:48 Count: 3 of 4
Mar 30 05:32:48 f021716 (1 / 1 tries):
Mar 30 05:32:49 f0421499: 23.293832210218907393 FIL (10G free)
Mar 30 05:32:49 Escrow: 0.999645757255 FIL
Mar 30 05:32:49 Locked: 0.33249517244 FIL
Mar 30 05:32:50 Datacap: 3160693276672
Mar 30 05:32:50 ....
Mar 30 05:32:51 Count: 3 of 4
Mar 30 05:32:51 f014768 (1 / 1 tries):
Mar 30 05:32:52 f0421499: 23.293832210218907393 FIL (10G free)
Mar 30 05:32:52 Escrow: 0.999645757255 FIL
Mar 30 05:32:52 Locked: 0.33249517244 FIL
Mar 30 05:32:52 Datacap: 3160693276672
Mar 30 05:32:52 ....
Mar 30 05:32:53 Count: 3 of 4
Mar 30 05:32:53 f07998 (1 / 1 tries):
Mar 30 05:32:54 f0421499: 23.293832210218907393 FIL (10G free)
Mar 30 05:32:54 Escrow: 0.999645757255 FIL
Mar 30 05:32:54 Locked: 0.33249517244 FIL
Mar 30 05:32:55 Datacap: 3160693276672
Mar 30 05:32:55 ....
Mar 30 05:32:56 Count: 3 of 4
Mar 30 05:32:56 f099608 (1 / 1 tries):
Mar 30 05:32:57 f0421499: 23.293832210218907393 FIL (10G free)
Mar 30 05:32:57 Escrow: 0.999645757255 FIL
Mar 30 05:32:57 Locked: 0.33249517244 FIL
Mar 30 05:32:57 Datacap: 3160693276672
Mar 30 05:32:57 ....
Mar 30 05:32:58 Count: 3 of 4
Mar 30 05:32:58 f019362 (1 / 1 tries):
Mar 30 05:32:59 f0421499: 23.293832210218907393 FIL (10G free)
Mar 30 05:32:59 Escrow: 0.999645757255 FIL
Mar 30 05:32:59 Locked: 0.33249517244 FIL
Mar 30 05:33:00 Datacap: 3160693276672
Mar 30 05:33:00 ....
Mar 30 05:33:01 Count: 3 of 4
Mar 30 05:33:01 f01278 (1 / 1 tries):
Mar 30 05:33:02 f0421499: 23.293832210218907393 FIL (10G free)
Mar 30 05:33:02 Escrow: 0.999645757255 FIL
Mar 30 05:33:02 Locked: 0.33249517244 FIL
Mar 30 05:33:02 Datacap: 3160693276672
Mar 30 05:33:03 ....
Mar 30 05:33:04 Count: 3 of 4
Mar 30 05:33:04 f058369 (1 / 1 tries):
Mar 30 05:33:04 f0421499: 23.293832210218907393 FIL (10G free)
Mar 30 05:33:05 Escrow: 0.999645757255 FIL
Mar 30 05:33:05 Locked: 0.33249517244 FIL
Mar 30 05:33:05 Datacap: 3160693276672
Mar 30 05:33:05 ....
Mar 30 05:33:06 Count: 3 of 4
Mar 30 05:33:06 f019104 (1 / 1 tries):
Mar 30 05:33:07 Skipping f019104: error-ask
Mar 30 05:33:07 
Mar 30 05:33:08 Count: 3 of 4
Mar 30 05:33:08 f0127896 (1 / 1 tries):
Mar 30 05:33:08 Skipping f0127896: min-ask
Mar 30 05:33:08 
Mar 30 05:33:09 Count: 3 of 4
Mar 30 05:33:09 f09848 (1 / 1 tries):
Mar 30 05:33:10 f0421499: 23.293832210218907393 FIL (10G free)
Mar 30 05:33:10 Escrow: 0.999645757255 FIL
Mar 30 05:33:10 Locked: 0.33249517244 FIL
Mar 30 05:33:10 Datacap: 3160693276672
Mar 30 05:33:11 ....
Mar 30 05:33:12 Count: 3 of 4
Mar 30 05:33:12 f01240 (1 / 1 tries):
Mar 30 05:33:12 f0421499: 23.293832210218907393 FIL (10G free)
Mar 30 05:33:12 Escrow: 0.999645757255 FIL
Mar 30 05:33:12 Locked: 0.33249517244 FIL
Mar 30 05:33:13 Datacap: 3160693276672
Mar 30 05:33:13 ....
Mar 30 05:33:14 Count: 3 of 4
Mar 30 05:33:14 f01277 (1 / 1 tries):
Mar 30 05:33:15 Skipping f01277: min-ask
Mar 30 05:33:15 
Mar 30 05:33:16 Count: 3 of 4
Mar 30 05:33:16 f022163 (1 / 1 tries):
Mar 30 05:33:16 f0421499: 23.293832210218907393 FIL (10G free)
Mar 30 05:33:16 Escrow: 0.999645757255 FIL
Mar 30 05:33:16 Locked: 0.33249517244 FIL
Mar 30 05:33:16 Datacap: 3160693276672
Mar 30 05:33:16 ....
Mar 30 05:33:17 Count: 3 of 4
Mar 30 05:33:17 f066596 (1 / 1 tries):
Mar 30 05:33:18 f0421499: 23.293832210218907393 FIL (10G free)
Mar 30 05:33:18 Escrow: 0.999645757255 FIL
Mar 30 05:33:18 Locked: 0.33249517244 FIL
Mar 30 05:33:19 Datacap: 3160693276672
Mar 30 05:33:19 ....
Mar 30 05:33:20 Count: 3 of 4
Mar 30 05:33:20 f0165400 (1 / 1 tries):
Mar 30 05:33:20 f0421499: 23.293832210218907393 FIL (10G free)
Mar 30 05:33:21 Escrow: 0.999645757255 FIL
Mar 30 05:33:21 Locked: 0.33249517244 FIL
Mar 30 05:33:21 Datacap: 3160693276672
Mar 30 05:33:22 ....
Mar 30 05:33:23 Count: 3 of 4
Mar 30 05:33:23 f08399 (1 / 1 tries):
Mar 30 05:33:23 f0421499: 23.293832210218907393 FIL (10G free)
Mar 30 05:33:23 Escrow: 0.999645757255 FIL
Mar 30 05:33:23 Locked: 0.33249517244 FIL
Mar 30 05:33:24 Datacap: 3160693276672
Mar 30 05:33:24 ....
Mar 30 05:33:25 Count: 3 of 4
Mar 30 05:33:25 f062353 (1 / 1 tries):
Mar 30 05:33:26 f0421499: 23.293832210218907393 FIL (10G free)
Mar 30 05:33:26 Escrow: 0.999645757255 FIL
Mar 30 05:33:26 Locked: 0.33249517244 FIL
Mar 30 05:33:27 Datacap: 3160693276672
Mar 30 05:33:27 ....
Mar 30 05:33:28 Count: 3 of 4
Mar 30 05:33:28 f08403 (1 / 1 tries):
Mar 30 05:33:29 f0421499: 23.293832210218907393 FIL (10G free)
Mar 30 05:33:29 Escrow: 0.999645757255 FIL
Mar 30 05:33:29 Locked: 0.33249517244 FIL
Mar 30 05:33:29 Datacap: 3160693276672
Mar 30 05:33:30 ....
Mar 30 05:33:31 Count: 3 of 4
Mar 30 05:33:31 f015927 (1 / 1 tries):
Mar 30 05:33:31 Skipping f015927: min-ask
Mar 30 05:33:31 
Mar 30 05:33:32 Count: 3 of 4
Mar 30 05:33:32 f0145874 (1 / 1 tries):
Mar 30 05:33:33 f0421499: 23.293832210218907393 FIL (10G free)
Mar 30 05:33:33 Escrow: 0.999645757255 FIL
Mar 30 05:33:33 Locked: 0.33249517244 FIL
Mar 30 05:33:33 Datacap: 3160693276672
Mar 30 05:33:33 ....
Mar 30 05:33:34 Count: 3 of 4
Mar 30 05:33:34 f01234 (1 / 1 tries):
Mar 30 05:33:35 f0421499: 23.293832210218907393 FIL (10G free)
Mar 30 05:33:35 Escrow: 0.999645757255 FIL
Mar 30 05:33:35 Locked: 0.33249517244 FIL
Mar 30 05:33:36 Datacap: 3160693276672
Mar 30 05:33:36 ....
Mar 30 05:33:37 Count: 3 of 4
Mar 30 05:33:37 f023467 (1 / 1 tries):
Mar 30 05:33:37 f0421499: 23.293832210218907393 FIL (10G free)
Mar 30 05:33:38 Escrow: 0.999645757255 FIL
Mar 30 05:33:38 Locked: 0.33249517244 FIL
Mar 30 05:33:38 Datacap: 3160693276672
Mar 30 05:33:38 ....
Mar 30 05:33:39 Count: 3 of 4
Mar 30 05:33:39 f022142 (1 / 1 tries):
Mar 30 05:33:40 f0421499: 23.293832210218907393 FIL (10G free)
Mar 30 05:33:40 Escrow: 0.999645757255 FIL
Mar 30 05:33:40 Locked: 0.33249517244 FIL
Mar 30 05:33:40 Datacap: 3160693276672
Mar 30 05:33:40 ....
Mar 30 05:33:41 Count: 3 of 4
Mar 30 05:33:41 f010617 (1 / 1 tries):
Mar 30 05:33:42 f0421499: 23.293832210218907393 FIL (10G free)
Mar 30 05:33:42 Escrow: 0.999645757255 FIL
Mar 30 05:33:42 Locked: 0.33249517244 FIL
Mar 30 05:33:42 Datacap: 3160693276672
Mar 30 05:33:42 ....
Mar 30 05:33:44 Count: 3 of 4
Mar 30 05:33:44 f01247 (1 / 1 tries):
Mar 30 05:33:44 f0421499: 23.293832210218907393 FIL (10G free)
Mar 30 05:33:44 Escrow: 0.999645757255 FIL
Mar 30 05:33:44 Locked: 0.33249517244 FIL
Mar 30 05:33:44 Datacap: 3160693276672
Mar 30 05:33:44 ....
Mar 30 05:33:45 Count: 3 of 4
Mar 30 05:33:45 f02606 (1 / 1 tries):
Mar 30 05:33:46 f0421499: 23.293832210218907393 FIL (10G free)
Mar 30 05:33:47 Escrow: 0.999645757255 FIL
Mar 30 05:33:47 Locked: 0.33249517244 FIL
Mar 30 05:33:47 Datacap: 3160693276672
Mar 30 05:33:47 ....
Mar 30 05:33:48 Count: 3 of 4
Mar 30 05:33:48 f019041 (1 / 1 tries):
Mar 30 05:33:49 f0421499: 23.293832210218907393 FIL (10G free)
Mar 30 05:33:49 Escrow: 0.999645757255 FIL
Mar 30 05:33:49 Locked: 0.33249517244 FIL
Mar 30 05:33:49 Datacap: 3160693276672
Mar 30 05:33:49 ....
