Mar 30 11:08:04 Count: 3 of 4
Mar 30 11:08:04 f0157535 (1 / 1 tries):
Mar 30 11:08:04 f0421499: 23.293832210218907393 FIL (9.1G free)
Mar 30 11:08:05 Escrow: 0.999645757255 FIL
Mar 30 11:08:05 Locked: 0.33249517244 FIL
Mar 30 11:08:05 Datacap: 3160693276672
Mar 30 11:08:05 ....
Mar 30 11:08:06 Count: 3 of 4
Mar 30 11:08:06 f02576 (1 / 1 tries):
Mar 30 11:08:07 f0421499: 23.293832210218907393 FIL (9.1G free)
Mar 30 11:08:07 Escrow: 0.999645757255 FIL
Mar 30 11:08:07 Locked: 0.33249517244 FIL
Mar 30 11:08:07 Datacap: 3160693276672
Mar 30 11:08:08 ....
Mar 30 11:08:09 Count: 3 of 4
Mar 30 11:08:09 f066596 (1 / 1 tries):
Mar 30 11:08:10 f0421499: 23.293832210218907393 FIL (9.1G free)
Mar 30 11:08:10 Escrow: 0.999645757255 FIL
Mar 30 11:08:10 Locked: 0.33249517244 FIL
Mar 30 11:08:10 Datacap: 3160693276672
Mar 30 11:08:10 ....
Mar 30 11:08:11 Count: 3 of 4
Mar 30 11:08:11 f023971 (1 / 1 tries):
Mar 30 11:08:12 f0421499: 23.293832210218907393 FIL (9.1G free)
Mar 30 11:08:12 Escrow: 0.999645757255 FIL
Mar 30 11:08:12 Locked: 0.33249517244 FIL
Mar 30 11:08:12 Datacap: 3160693276672
Mar 30 11:08:12 ....
Mar 30 11:08:13 Count: 3 of 4
Mar 30 11:08:13 f019551 (1 / 1 tries):
Mar 30 11:08:14 f0421499: 23.293832210218907393 FIL (9.1G free)
Mar 30 11:08:14 Escrow: 0.999645757255 FIL
Mar 30 11:08:14 Locked: 0.33249517244 FIL
Mar 30 11:08:15 Datacap: 3160693276672
Mar 30 11:08:15 ....
Mar 30 11:08:16 Count: 3 of 4
Mar 30 11:08:16 f099608 (1 / 1 tries):
Mar 30 11:08:16 f0421499: 23.293832210218907393 FIL (9.1G free)
Mar 30 11:08:16 Escrow: 0.999645757255 FIL
Mar 30 11:08:16 Locked: 0.33249517244 FIL
Mar 30 11:08:17 Datacap: 3160693276672
Mar 30 11:08:17 ....
Mar 30 11:08:18 Count: 3 of 4
Mar 30 11:08:18 f014409 (1 / 1 tries):
Mar 30 11:08:18 f0421499: 23.293832210218907393 FIL (9.1G free)
Mar 30 11:08:18 Escrow: 0.999645757255 FIL
Mar 30 11:08:18 Locked: 0.33249517244 FIL
Mar 30 11:08:19 Datacap: 3160693276672
Mar 30 11:08:19 ....
Mar 30 11:08:20 Count: 3 of 4
Mar 30 11:08:20 f010617 (1 / 1 tries):
Mar 30 11:08:20 f0421499: 23.293832210218907393 FIL (9.1G free)
Mar 30 11:08:20 Escrow: 0.999645757255 FIL
Mar 30 11:08:20 Locked: 0.33249517244 FIL
Mar 30 11:08:21 Datacap: 3160693276672
Mar 30 11:08:21 ....
Mar 30 11:08:22 Count: 3 of 4
Mar 30 11:08:22 f071624 (1 / 1 tries):
Mar 30 11:08:23 f0421499: 23.293832210218907393 FIL (9.1G free)
Mar 30 11:08:23 Escrow: 0.999645757255 FIL
Mar 30 11:08:23 Locked: 0.33249517244 FIL
Mar 30 11:08:23 Datacap: 3160693276672
Mar 30 11:08:23 ....
Mar 30 11:08:24 Count: 3 of 4
Mar 30 11:08:24 f08403 (1 / 1 tries):
Mar 30 11:08:24 f0421499: 23.293832210218907393 FIL (9.1G free)
Mar 30 11:08:24 Escrow: 0.999645757255 FIL
Mar 30 11:08:24 Locked: 0.33249517244 FIL
Mar 30 11:08:25 Datacap: 3160693276672
Mar 30 11:08:25 ....
Mar 30 11:08:26 Count: 3 of 4
Mar 30 11:08:26 f01277 (1 / 1 tries):
Mar 30 11:08:26 Skipping f01277: min-ask
Mar 30 11:08:26 
Mar 30 11:08:28 Count: 3 of 4
Mar 30 11:08:28 f0127896 (1 / 1 tries):
Mar 30 11:08:28 Skipping f0127896: min-ask
Mar 30 11:08:28 
Mar 30 11:08:29 Count: 3 of 4
Mar 30 11:08:29 f023467 (1 / 1 tries):
Mar 30 11:08:29 f0421499: 23.293832210218907393 FIL (9.1G free)
Mar 30 11:08:29 Escrow: 0.999645757255 FIL
Mar 30 11:08:29 Locked: 0.33249517244 FIL
Mar 30 11:08:30 Datacap: 3160693276672
Mar 30 11:08:30 ....
Mar 30 11:08:31 Count: 3 of 4
Mar 30 11:08:31 f08399 (1 / 1 tries):
Mar 30 11:08:32 f0421499: 23.293832210218907393 FIL (9.1G free)
Mar 30 11:08:32 Escrow: 0.999645757255 FIL
Mar 30 11:08:32 Locked: 0.33249517244 FIL
Mar 30 11:08:33 Datacap: 3160693276672
Mar 30 11:08:33 ....
Mar 30 11:08:34 Count: 3 of 4
Mar 30 11:08:34 f0165400 (1 / 1 tries):
Mar 30 11:08:35 f0421499: 23.293832210218907393 FIL (9.1G free)
Mar 30 11:08:35 Escrow: 0.999645757255 FIL
Mar 30 11:08:35 Locked: 0.33249517244 FIL
Mar 30 11:08:35 Datacap: 3160693276672
Mar 30 11:08:35 ....
Mar 30 11:08:36 Count: 3 of 4
Mar 30 11:08:36 f062353 (1 / 1 tries):
Mar 30 11:08:37 f0421499: 23.293832210218907393 FIL (9.1G free)
Mar 30 11:08:37 Escrow: 0.999645757255 FIL
Mar 30 11:08:37 Locked: 0.33249517244 FIL
Mar 30 11:08:38 Datacap: 3160693276672
Mar 30 11:08:38 ....
Mar 30 11:08:39 Count: 3 of 4
Mar 30 11:08:39 f07998 (1 / 1 tries):
Mar 30 11:08:40 f0421499: 23.293832210218907393 FIL (9.1G free)
Mar 30 11:08:40 Escrow: 0.999645757255 FIL
Mar 30 11:08:40 Locked: 0.33249517244 FIL
Mar 30 11:08:41 Datacap: 3160693276672
Mar 30 11:08:41 ....
Mar 30 11:08:42 Count: 3 of 4
Mar 30 11:08:42 f01247 (1 / 1 tries):
Mar 30 11:08:42 f0421499: 23.293832210218907393 FIL (9.1G free)
Mar 30 11:08:42 Escrow: 0.999645757255 FIL
Mar 30 11:08:42 Locked: 0.33249517244 FIL
Mar 30 11:08:43 Datacap: 3160693276672
Mar 30 11:08:43 ....
Mar 30 11:08:44 Count: 3 of 4
Mar 30 11:08:44 f01234 (1 / 1 tries):
Mar 30 11:08:44 f0421499: 23.293832210218907393 FIL (9.1G free)
Mar 30 11:08:45 Escrow: 0.999645757255 FIL
Mar 30 11:08:45 Locked: 0.33249517244 FIL
Mar 30 11:08:45 Datacap: 3160693276672
Mar 30 11:08:45 ....
Mar 30 11:08:46 Count: 3 of 4
Mar 30 11:08:46 f022352 (1 / 1 tries):
Mar 30 11:08:47 f0421499: 23.293832210218907393 FIL (9.1G free)
Mar 30 11:08:47 Escrow: 0.999645757255 FIL
Mar 30 11:08:47 Locked: 0.33249517244 FIL
Mar 30 11:08:48 Datacap: 3160693276672
Mar 30 11:08:48 ....
Mar 30 11:08:49 Count: 3 of 4
Mar 30 11:08:49 f021716 (1 / 1 tries):
Mar 30 11:08:49 f0421499: 23.293832210218907393 FIL (9.1G free)
Mar 30 11:08:49 Escrow: 0.999645757255 FIL
Mar 30 11:08:49 Locked: 0.33249517244 FIL
Mar 30 11:08:50 Datacap: 3160693276672
Mar 30 11:08:50 ....
Mar 30 11:08:51 Count: 3 of 4
Mar 30 11:08:51 f0145874 (1 / 1 tries):
Mar 30 11:08:52 f0421499: 23.293832210218907393 FIL (9.1G free)
Mar 30 11:08:52 Escrow: 0.999645757255 FIL
Mar 30 11:08:52 Locked: 0.33249517244 FIL
Mar 30 11:08:53 Datacap: 3160693276672
Mar 30 11:08:53 ....
Mar 30 11:08:54 Count: 3 of 4
Mar 30 11:08:54 f01278 (1 / 1 tries):
Mar 30 11:08:54 f0421499: 23.293832210218907393 FIL (9.1G free)
Mar 30 11:08:55 Escrow: 0.999645757255 FIL
Mar 30 11:08:55 Locked: 0.33249517244 FIL
Mar 30 11:08:55 Datacap: 3160693276672
Mar 30 11:08:55 ....
Mar 30 11:08:56 Count: 3 of 4
Mar 30 11:08:56 f058369 (1 / 1 tries):
Mar 30 11:08:57 f0421499: 23.293832210218907393 FIL (9.1G free)
Mar 30 11:08:57 Escrow: 0.999645757255 FIL
Mar 30 11:08:57 Locked: 0.33249517244 FIL
Mar 30 11:08:57 Datacap: 3160693276672
Mar 30 11:08:57 ....
Mar 30 11:08:58 Count: 3 of 4
Mar 30 11:08:58 f014768 (1 / 1 tries):
Mar 30 11:08:59 f0421499: 23.293832210218907393 FIL (9.1G free)
Mar 30 11:08:59 Escrow: 0.999645757255 FIL
Mar 30 11:08:59 Locked: 0.33249517244 FIL
Mar 30 11:08:59 Datacap: 3160693276672
Mar 30 11:08:59 ....
Mar 30 11:09:00 Count: 3 of 4
Mar 30 11:09:00 f019104 (1 / 1 tries):
Mar 30 11:09:01 Skipping f019104: error-ask
Mar 30 11:09:01 
Mar 30 11:09:02 Count: 3 of 4
Mar 30 11:09:02 f022163 (1 / 1 tries):
Mar 30 11:09:03 f0421499: 23.293832210218907393 FIL (9.1G free)
Mar 30 11:09:03 Escrow: 0.999645757255 FIL
Mar 30 11:09:03 Locked: 0.33249517244 FIL
Mar 30 11:09:04 Datacap: 3160693276672
Mar 30 11:09:04 ....
Mar 30 11:09:05 Count: 3 of 4
Mar 30 11:09:05 f019362 (1 / 1 tries):
Mar 30 11:09:06 f0421499: 23.293832210218907393 FIL (9.1G free)
Mar 30 11:09:06 Escrow: 0.999645757255 FIL
Mar 30 11:09:06 Locked: 0.33249517244 FIL
Mar 30 11:09:06 Datacap: 3160693276672
Mar 30 11:09:06 ....
Mar 30 11:09:07 Count: 3 of 4
Mar 30 11:09:07 f02606 (1 / 1 tries):
Mar 30 11:09:08 f0421499: 23.293832210218907393 FIL (9.1G free)
Mar 30 11:09:08 Escrow: 0.999645757255 FIL
Mar 30 11:09:08 Locked: 0.33249517244 FIL
Mar 30 11:09:09 Datacap: 3160693276672
Mar 30 11:09:09 ....
Mar 30 11:09:10 Count: 3 of 4
Mar 30 11:09:10 f019041 (1 / 1 tries):
Mar 30 11:09:11 f0421499: 23.293832210218907393 FIL (9.1G free)
Mar 30 11:09:11 Escrow: 0.999645757255 FIL
Mar 30 11:09:11 Locked: 0.33249517244 FIL
Mar 30 11:09:11 Datacap: 3160693276672
Mar 30 11:09:11 ....
Mar 30 11:09:12 Count: 3 of 4
Mar 30 11:09:12 f010479 (1 / 1 tries):
Mar 30 11:09:13 f0421499: 23.293832210218907393 FIL (9.1G free)
Mar 30 11:09:13 Escrow: 0.999645757255 FIL
Mar 30 11:09:13 Locked: 0.33249517244 FIL
Mar 30 11:09:13 Datacap: 3160693276672
Mar 30 11:09:14 ....
Mar 30 11:09:15 Count: 3 of 4
Mar 30 11:09:15 f09848 (1 / 1 tries):
Mar 30 11:09:15 f0421499: 23.293832210218907393 FIL (9.1G free)
Mar 30 11:09:16 Escrow: 0.999645757255 FIL
Mar 30 11:09:16 Locked: 0.33249517244 FIL
Mar 30 11:09:16 Datacap: 3160693276672
Mar 30 11:09:16 ....
Mar 30 11:09:17 Count: 3 of 4
Mar 30 11:09:17 f01240 (1 / 1 tries):
Mar 30 11:09:17 f0421499: 23.293832210218907393 FIL (9.1G free)
Mar 30 11:09:18 Escrow: 0.999645757255 FIL
Mar 30 11:09:18 Locked: 0.33249517244 FIL
Mar 30 11:09:18 Datacap: 3160693276672
Mar 30 11:09:18 ....
Mar 30 11:09:19 Count: 3 of 4
Mar 30 11:09:19 f015927 (1 / 1 tries):
Mar 30 11:09:19 Skipping f015927: min-ask
Mar 30 11:09:19 
Mar 30 11:09:20 Count: 3 of 4
Mar 30 11:09:20 f019100 (1 / 1 tries):
Mar 30 11:09:21 Skipping f019100: error-ask
Mar 30 11:09:21 
Mar 30 11:09:22 Count: 3 of 4
Mar 30 11:09:22 f022142 (1 / 1 tries):
Mar 30 11:09:23 f0421499: 23.293832210218907393 FIL (9.1G free)
Mar 30 11:09:23 Escrow: 0.999645757255 FIL
Mar 30 11:09:23 Locked: 0.33249517244 FIL
Mar 30 11:09:23 Datacap: 3160693276672
Mar 30 11:09:23 ....
