Mar 30 09:47:15 Count: 3 of 4
Mar 30 09:47:15 f0145874 (1 / 1 tries):
Mar 30 09:47:16 f0421499: 23.293832210218907393 FIL (9.3G free)
Mar 30 09:47:16 Escrow: 0.999645757255 FIL
Mar 30 09:47:16 Locked: 0.33249517244 FIL
Mar 30 09:47:17 Datacap: 3160693276672
Mar 30 09:47:17 ....
Mar 30 09:47:18 Count: 3 of 4
Mar 30 09:47:18 f019362 (1 / 1 tries):
Mar 30 09:47:19 f0421499: 23.293832210218907393 FIL (9.3G free)
Mar 30 09:47:19 Escrow: 0.999645757255 FIL
Mar 30 09:47:19 Locked: 0.33249517244 FIL
Mar 30 09:47:19 Datacap: 3160693276672
Mar 30 09:47:19 ....
Mar 30 09:47:20 Count: 3 of 4
Mar 30 09:47:20 f058369 (1 / 1 tries):
Mar 30 09:47:21 f0421499: 23.293832210218907393 FIL (9.3G free)
Mar 30 09:47:21 Escrow: 0.999645757255 FIL
Mar 30 09:47:21 Locked: 0.33249517244 FIL
Mar 30 09:47:21 Datacap: 3160693276672
Mar 30 09:47:21 ....
Mar 30 09:47:22 Count: 3 of 4
Mar 30 09:47:22 f019100 (1 / 1 tries):
Mar 30 09:47:23 Skipping f019100: error-ask
Mar 30 09:47:23 
Mar 30 09:47:24 Count: 3 of 4
Mar 30 09:47:24 f022163 (1 / 1 tries):
Mar 30 09:47:25 f0421499: 23.293832210218907393 FIL (9.3G free)
Mar 30 09:47:25 Escrow: 0.999645757255 FIL
Mar 30 09:47:25 Locked: 0.33249517244 FIL
Mar 30 09:47:25 Datacap: 3160693276672
Mar 30 09:47:25 ....
Mar 30 09:47:26 Count: 3 of 4
Mar 30 09:47:26 f0127896 (1 / 1 tries):
Mar 30 09:47:27 Skipping f0127896: min-ask
Mar 30 09:47:27 
Mar 30 09:47:28 Count: 3 of 4
Mar 30 09:47:28 f010617 (1 / 1 tries):
Mar 30 09:47:29 f0421499: 23.293832210218907393 FIL (9.3G free)
Mar 30 09:47:29 Escrow: 0.999645757255 FIL
Mar 30 09:47:29 Locked: 0.33249517244 FIL
Mar 30 09:47:29 Datacap: 3160693276672
Mar 30 09:47:29 ....
Mar 30 09:47:30 Count: 3 of 4
Mar 30 09:47:30 f09848 (1 / 1 tries):
Mar 30 09:47:31 f0421499: 23.293832210218907393 FIL (9.3G free)
Mar 30 09:47:31 Escrow: 0.999645757255 FIL
Mar 30 09:47:31 Locked: 0.33249517244 FIL
Mar 30 09:47:31 Datacap: 3160693276672
Mar 30 09:47:31 ....
Mar 30 09:47:33 Count: 3 of 4
Mar 30 09:47:33 f0157535 (1 / 1 tries):
Mar 30 09:47:33 f0421499: 23.293832210218907393 FIL (9.3G free)
Mar 30 09:47:33 Escrow: 0.999645757255 FIL
Mar 30 09:47:33 Locked: 0.33249517244 FIL
Mar 30 09:47:34 Datacap: 3160693276672
Mar 30 09:47:34 ....
Mar 30 09:47:35 Count: 3 of 4
Mar 30 09:47:35 f022142 (1 / 1 tries):
Mar 30 09:47:35 f0421499: 23.293832210218907393 FIL (9.3G free)
Mar 30 09:47:35 Escrow: 0.999645757255 FIL
Mar 30 09:47:35 Locked: 0.33249517244 FIL
Mar 30 09:47:36 Datacap: 3160693276672
Mar 30 09:47:36 ....
Mar 30 09:47:37 Count: 3 of 4
Mar 30 09:47:37 f071624 (1 / 1 tries):
Mar 30 09:47:38 f0421499: 23.293832210218907393 FIL (9.3G free)
Mar 30 09:47:38 Escrow: 0.999645757255 FIL
Mar 30 09:47:38 Locked: 0.33249517244 FIL
Mar 30 09:47:38 Datacap: 3160693276672
Mar 30 09:47:38 ....
Mar 30 09:47:39 Count: 3 of 4
Mar 30 09:47:39 f022352 (1 / 1 tries):
Mar 30 09:47:40 f0421499: 23.293832210218907393 FIL (9.3G free)
Mar 30 09:47:40 Escrow: 0.999645757255 FIL
Mar 30 09:47:40 Locked: 0.33249517244 FIL
Mar 30 09:47:41 Datacap: 3160693276672
Mar 30 09:47:41 ....
Mar 30 09:47:42 Count: 3 of 4
Mar 30 09:47:42 f015927 (1 / 1 tries):
Mar 30 09:47:43 Skipping f015927: min-ask
Mar 30 09:47:43 
Mar 30 09:47:44 Count: 3 of 4
Mar 30 09:47:44 f01240 (1 / 1 tries):
Mar 30 09:47:44 f0421499: 23.293832210218907393 FIL (9.3G free)
Mar 30 09:47:44 Escrow: 0.999645757255 FIL
Mar 30 09:47:44 Locked: 0.33249517244 FIL
Mar 30 09:47:44 Datacap: 3160693276672
Mar 30 09:47:44 ....
Mar 30 09:47:46 Count: 3 of 4
Mar 30 09:47:46 f010479 (1 / 1 tries):
Mar 30 09:47:46 f0421499: 23.293832210218907393 FIL (9.3G free)
Mar 30 09:47:46 Escrow: 0.999645757255 FIL
Mar 30 09:47:46 Locked: 0.33249517244 FIL
Mar 30 09:47:47 Datacap: 3160693276672
Mar 30 09:47:47 ....
Mar 30 09:47:48 Count: 3 of 4
Mar 30 09:47:48 f019551 (1 / 1 tries):
Mar 30 09:47:49 f0421499: 23.293832210218907393 FIL (9.3G free)
Mar 30 09:47:49 Escrow: 0.999645757255 FIL
Mar 30 09:47:49 Locked: 0.33249517244 FIL
Mar 30 09:47:49 Datacap: 3160693276672
Mar 30 09:47:49 ....
Mar 30 09:47:50 Count: 3 of 4
Mar 30 09:47:50 f019041 (1 / 1 tries):
Mar 30 09:47:51 f0421499: 23.293832210218907393 FIL (9.3G free)
Mar 30 09:47:51 Escrow: 0.999645757255 FIL
Mar 30 09:47:51 Locked: 0.33249517244 FIL
Mar 30 09:47:51 Datacap: 3160693276672
Mar 30 09:47:51 ....
Mar 30 09:47:52 Count: 3 of 4
Mar 30 09:47:52 f099608 (1 / 1 tries):
Mar 30 09:47:53 f0421499: 23.293832210218907393 FIL (9.3G free)
Mar 30 09:47:53 Escrow: 0.999645757255 FIL
Mar 30 09:47:53 Locked: 0.33249517244 FIL
Mar 30 09:47:54 Datacap: 3160693276672
Mar 30 09:47:54 ....
Mar 30 09:47:55 Count: 3 of 4
Mar 30 09:47:55 f02606 (1 / 1 tries):
Mar 30 09:47:56 f0421499: 23.293832210218907393 FIL (9.3G free)
Mar 30 09:47:56 Escrow: 0.999645757255 FIL
Mar 30 09:47:56 Locked: 0.33249517244 FIL
Mar 30 09:47:56 Datacap: 3160693276672
Mar 30 09:47:57 ....
Mar 30 09:47:58 Count: 3 of 4
Mar 30 09:47:58 f023467 (1 / 1 tries):
Mar 30 09:47:58 f0421499: 23.293832210218907393 FIL (9.3G free)
Mar 30 09:47:58 Escrow: 0.999645757255 FIL
Mar 30 09:47:58 Locked: 0.33249517244 FIL
Mar 30 09:47:59 Datacap: 3160693276672
Mar 30 09:47:59 ....
Mar 30 09:48:00 Count: 3 of 4
Mar 30 09:48:00 f023971 (1 / 1 tries):
Mar 30 09:48:01 f0421499: 23.293832210218907393 FIL (9.3G free)
Mar 30 09:48:01 Escrow: 0.999645757255 FIL
Mar 30 09:48:01 Locked: 0.33249517244 FIL
Mar 30 09:48:02 Datacap: 3160693276672
Mar 30 09:48:02 ....
Mar 30 09:48:03 Count: 3 of 4
Mar 30 09:48:03 f014768 (1 / 1 tries):
Mar 30 09:48:03 f0421499: 23.293832210218907393 FIL (9.3G free)
Mar 30 09:48:03 Escrow: 0.999645757255 FIL
Mar 30 09:48:03 Locked: 0.33249517244 FIL
Mar 30 09:48:03 Datacap: 3160693276672
Mar 30 09:48:04 ....
Mar 30 09:48:05 Count: 3 of 4
Mar 30 09:48:05 f014409 (1 / 1 tries):
Mar 30 09:48:05 f0421499: 23.293832210218907393 FIL (9.3G free)
Mar 30 09:48:06 Escrow: 0.999645757255 FIL
Mar 30 09:48:06 Locked: 0.33249517244 FIL
Mar 30 09:48:06 Datacap: 3160693276672
Mar 30 09:48:06 ....
Mar 30 09:48:07 Count: 3 of 4
Mar 30 09:48:07 f0165400 (1 / 1 tries):
Mar 30 09:48:08 f0421499: 23.293832210218907393 FIL (9.3G free)
Mar 30 09:48:08 Escrow: 0.999645757255 FIL
Mar 30 09:48:08 Locked: 0.33249517244 FIL
Mar 30 09:48:08 Datacap: 3160693276672
Mar 30 09:48:08 ....
Mar 30 09:48:09 Count: 3 of 4
Mar 30 09:48:09 f02576 (1 / 1 tries):
Mar 30 09:48:10 f0421499: 23.293832210218907393 FIL (9.3G free)
Mar 30 09:48:10 Escrow: 0.999645757255 FIL
Mar 30 09:48:10 Locked: 0.33249517244 FIL
Mar 30 09:48:10 Datacap: 3160693276672
Mar 30 09:48:10 ....
Mar 30 09:48:11 Count: 3 of 4
Mar 30 09:48:11 f021716 (1 / 1 tries):
Mar 30 09:48:12 f0421499: 23.293832210218907393 FIL (9.3G free)
Mar 30 09:48:12 Escrow: 0.999645757255 FIL
Mar 30 09:48:12 Locked: 0.33249517244 FIL
Mar 30 09:48:13 Datacap: 3160693276672
Mar 30 09:48:13 ....
Mar 30 09:48:14 Count: 3 of 4
Mar 30 09:48:14 f019104 (1 / 1 tries):
Mar 30 09:48:15 Skipping f019104: error-ask
Mar 30 09:48:15 
Mar 30 09:48:16 Count: 3 of 4
Mar 30 09:48:16 f01247 (1 / 1 tries):
Mar 30 09:48:16 f0421499: 23.293832210218907393 FIL (9.3G free)
Mar 30 09:48:16 Escrow: 0.999645757255 FIL
Mar 30 09:48:16 Locked: 0.33249517244 FIL
Mar 30 09:48:16 Datacap: 3160693276672
Mar 30 09:48:17 ....
Mar 30 09:48:18 Count: 3 of 4
Mar 30 09:48:18 f01234 (1 / 1 tries):
Mar 30 09:48:18 f0421499: 23.293832210218907393 FIL (9.3G free)
Mar 30 09:48:19 Escrow: 0.999645757255 FIL
Mar 30 09:48:19 Locked: 0.33249517244 FIL
Mar 30 09:48:19 Datacap: 3160693276672
Mar 30 09:48:19 ....
Mar 30 09:48:20 Count: 3 of 4
Mar 30 09:48:20 f08403 (1 / 1 tries):
Mar 30 09:48:21 f0421499: 23.293832210218907393 FIL (9.3G free)
Mar 30 09:48:21 Escrow: 0.999645757255 FIL
Mar 30 09:48:21 Locked: 0.33249517244 FIL
Mar 30 09:48:21 Datacap: 3160693276672
Mar 30 09:48:21 ....
Mar 30 09:48:22 Count: 3 of 4
Mar 30 09:48:22 f08399 (1 / 1 tries):
Mar 30 09:48:23 f0421499: 23.293832210218907393 FIL (9.3G free)
Mar 30 09:48:23 Escrow: 0.999645757255 FIL
Mar 30 09:48:23 Locked: 0.33249517244 FIL
Mar 30 09:48:23 Datacap: 3160693276672
Mar 30 09:48:23 ....
Mar 30 09:48:24 Count: 3 of 4
Mar 30 09:48:24 f01277 (1 / 1 tries):
Mar 30 09:48:25 Skipping f01277: min-ask
Mar 30 09:48:25 
Mar 30 09:48:26 Count: 3 of 4
Mar 30 09:48:26 f01278 (1 / 1 tries):
Mar 30 09:48:27 f0421499: 23.293832210218907393 FIL (9.3G free)
Mar 30 09:48:27 Escrow: 0.999645757255 FIL
Mar 30 09:48:27 Locked: 0.33249517244 FIL
Mar 30 09:48:27 Datacap: 3160693276672
Mar 30 09:48:27 ....
Mar 30 09:48:28 Count: 3 of 4
Mar 30 09:48:28 f07998 (1 / 1 tries):
Mar 30 09:48:29 f0421499: 23.293832210218907393 FIL (9.3G free)
Mar 30 09:48:29 Escrow: 0.999645757255 FIL
Mar 30 09:48:29 Locked: 0.33249517244 FIL
Mar 30 09:48:30 Datacap: 3160693276672
Mar 30 09:48:30 ....
Mar 30 09:48:31 Count: 3 of 4
Mar 30 09:48:31 f062353 (1 / 1 tries):
Mar 30 09:48:32 f0421499: 23.293832210218907393 FIL (9.3G free)
Mar 30 09:48:32 Escrow: 0.999645757255 FIL
Mar 30 09:48:32 Locked: 0.33249517244 FIL
Mar 30 09:48:32 Datacap: 3160693276672
Mar 30 09:48:33 ....
Mar 30 09:48:34 Count: 3 of 4
Mar 30 09:48:34 f066596 (1 / 1 tries):
Mar 30 09:48:34 f0421499: 23.293832210218907393 FIL (9.3G free)
Mar 30 09:48:34 Escrow: 0.999645757255 FIL
Mar 30 09:48:34 Locked: 0.33249517244 FIL
Mar 30 09:48:34 Datacap: 3160693276672
Mar 30 09:48:34 ....
