Mar 30 07:22:50 Count: 3 of 4
Mar 30 07:22:50 f02606 (1 / 1 tries):
Mar 30 07:22:50 f0421499: 23.293832210218907393 FIL (9.7G free)
Mar 30 07:22:50 Escrow: 0.999645757255 FIL
Mar 30 07:22:50 Locked: 0.33249517244 FIL
Mar 30 07:22:51 Datacap: 3160693276672
Mar 30 07:22:51 ....
Mar 30 07:22:52 Count: 3 of 4
Mar 30 07:22:52 f02576 (1 / 1 tries):
Mar 30 07:22:52 f0421499: 23.293832210218907393 FIL (9.7G free)
Mar 30 07:22:53 Escrow: 0.999645757255 FIL
Mar 30 07:22:53 Locked: 0.33249517244 FIL
Mar 30 07:22:53 Datacap: 3160693276672
Mar 30 07:22:53 ....
Mar 30 07:22:54 Count: 3 of 4
Mar 30 07:22:54 f019041 (1 / 1 tries):
Mar 30 07:22:55 f0421499: 23.293832210218907393 FIL (9.7G free)
Mar 30 07:22:55 Escrow: 0.999645757255 FIL
Mar 30 07:22:55 Locked: 0.33249517244 FIL
Mar 30 07:22:55 Datacap: 3160693276672
Mar 30 07:22:55 ....
Mar 30 07:22:56 Count: 3 of 4
Mar 30 07:22:56 f01277 (1 / 1 tries):
Mar 30 07:22:56 Skipping f01277: min-ask
Mar 30 07:22:56 
Mar 30 07:22:57 Count: 3 of 4
Mar 30 07:22:57 f062353 (1 / 1 tries):
Mar 30 07:22:58 f0421499: 23.293832210218907393 FIL (9.7G free)
Mar 30 07:22:58 Escrow: 0.999645757255 FIL
Mar 30 07:22:58 Locked: 0.33249517244 FIL
Mar 30 07:22:59 Datacap: 3160693276672
Mar 30 07:22:59 ....
Mar 30 07:23:00 Count: 3 of 4
Mar 30 07:23:00 f01234 (1 / 1 tries):
Mar 30 07:23:00 f0421499: 23.293832210218907393 FIL (9.7G free)
Mar 30 07:23:00 Escrow: 0.999645757255 FIL
Mar 30 07:23:00 Locked: 0.33249517244 FIL
Mar 30 07:23:01 Datacap: 3160693276672
Mar 30 07:23:01 ....
Mar 30 07:23:02 Count: 3 of 4
Mar 30 07:23:02 f099608 (1 / 1 tries):
Mar 30 07:23:03 f0421499: 23.293832210218907393 FIL (9.7G free)
Mar 30 07:23:03 Escrow: 0.999645757255 FIL
Mar 30 07:23:03 Locked: 0.33249517244 FIL
Mar 30 07:23:03 Datacap: 3160693276672
Mar 30 07:23:03 ....
Mar 30 07:23:04 Count: 3 of 4
Mar 30 07:23:04 f023467 (1 / 1 tries):
Mar 30 07:23:05 f0421499: 23.293832210218907393 FIL (9.7G free)
Mar 30 07:23:05 Escrow: 0.999645757255 FIL
Mar 30 07:23:05 Locked: 0.33249517244 FIL
Mar 30 07:23:06 Datacap: 3160693276672
Mar 30 07:23:06 ....
Mar 30 07:23:07 Count: 3 of 4
Mar 30 07:23:07 f0145874 (1 / 1 tries):
Mar 30 07:23:08 f0421499: 23.293832210218907393 FIL (9.7G free)
Mar 30 07:23:08 Escrow: 0.999645757255 FIL
Mar 30 07:23:08 Locked: 0.33249517244 FIL
Mar 30 07:23:09 Datacap: 3160693276672
Mar 30 07:23:09 ....
Mar 30 07:23:10 Count: 3 of 4
Mar 30 07:23:10 f010617 (1 / 1 tries):
Mar 30 07:23:10 f0421499: 23.293832210218907393 FIL (9.7G free)
Mar 30 07:23:11 Escrow: 0.999645757255 FIL
Mar 30 07:23:11 Locked: 0.33249517244 FIL
Mar 30 07:23:11 Datacap: 3160693276672
Mar 30 07:23:11 ....
Mar 30 07:23:13 Count: 3 of 4
Mar 30 07:23:13 f019104 (1 / 1 tries):
Mar 30 07:23:13 Skipping f019104: error-ask
Mar 30 07:23:13 
Mar 30 07:23:14 Count: 3 of 4
Mar 30 07:23:14 f021716 (1 / 1 tries):
Mar 30 07:23:15 f0421499: 23.293832210218907393 FIL (9.7G free)
Mar 30 07:23:15 Escrow: 0.999645757255 FIL
Mar 30 07:23:15 Locked: 0.33249517244 FIL
Mar 30 07:23:15 Datacap: 3160693276672
Mar 30 07:23:15 ....
Mar 30 07:23:16 Count: 3 of 4
Mar 30 07:23:16 f0127896 (1 / 1 tries):
Mar 30 07:23:17 Skipping f0127896: min-ask
Mar 30 07:23:17 
Mar 30 07:23:18 Count: 3 of 4
Mar 30 07:23:18 f08399 (1 / 1 tries):
Mar 30 07:23:19 f0421499: 23.293832210218907393 FIL (9.7G free)
Mar 30 07:23:19 Escrow: 0.999645757255 FIL
Mar 30 07:23:19 Locked: 0.33249517244 FIL
Mar 30 07:23:20 Datacap: 3160693276672
Mar 30 07:23:20 ....
Mar 30 07:23:21 Count: 3 of 4
Mar 30 07:23:21 f014768 (1 / 1 tries):
Mar 30 07:23:22 f0421499: 23.293832210218907393 FIL (9.7G free)
Mar 30 07:23:22 Escrow: 0.999645757255 FIL
Mar 30 07:23:22 Locked: 0.33249517244 FIL
Mar 30 07:23:22 Datacap: 3160693276672
Mar 30 07:23:22 ....
Mar 30 07:23:23 Count: 3 of 4
Mar 30 07:23:23 f019100 (1 / 1 tries):
Mar 30 07:23:24 Skipping f019100: error-ask
Mar 30 07:23:24 
Mar 30 07:23:25 Count: 3 of 4
Mar 30 07:23:25 f09848 (1 / 1 tries):
Mar 30 07:23:25 f0421499: 23.293832210218907393 FIL (9.7G free)
Mar 30 07:23:25 Escrow: 0.999645757255 FIL
Mar 30 07:23:25 Locked: 0.33249517244 FIL
Mar 30 07:23:26 Datacap: 3160693276672
Mar 30 07:23:26 ....
Mar 30 07:23:27 Count: 3 of 4
Mar 30 07:23:27 f022352 (1 / 1 tries):
Mar 30 07:23:28 f0421499: 23.293832210218907393 FIL (9.7G free)
Mar 30 07:23:28 Escrow: 0.999645757255 FIL
Mar 30 07:23:28 Locked: 0.33249517244 FIL
Mar 30 07:23:29 Datacap: 3160693276672
Mar 30 07:23:29 ....
Mar 30 07:23:30 Count: 3 of 4
Mar 30 07:23:30 f019551 (1 / 1 tries):
Mar 30 07:23:30 f0421499: 23.293832210218907393 FIL (9.7G free)
Mar 30 07:23:30 Escrow: 0.999645757255 FIL
Mar 30 07:23:30 Locked: 0.33249517244 FIL
Mar 30 07:23:31 Datacap: 3160693276672
Mar 30 07:23:31 ....
Mar 30 07:23:32 Count: 3 of 4
Mar 30 07:23:32 f08403 (1 / 1 tries):
Mar 30 07:23:33 f0421499: 23.293832210218907393 FIL (9.7G free)
Mar 30 07:23:33 Escrow: 0.999645757255 FIL
Mar 30 07:23:33 Locked: 0.33249517244 FIL
Mar 30 07:23:33 Datacap: 3160693276672
Mar 30 07:23:34 ....
Mar 30 07:23:35 Count: 3 of 4
Mar 30 07:23:35 f066596 (1 / 1 tries):
Mar 30 07:23:35 f0421499: 23.293832210218907393 FIL (9.7G free)
Mar 30 07:23:35 Escrow: 0.999645757255 FIL
Mar 30 07:23:35 Locked: 0.33249517244 FIL
Mar 30 07:23:35 Datacap: 3160693276672
Mar 30 07:23:35 ....
Mar 30 07:23:36 Count: 3 of 4
Mar 30 07:23:36 f01247 (1 / 1 tries):
Mar 30 07:23:37 f0421499: 23.293832210218907393 FIL (9.7G free)
Mar 30 07:23:37 Escrow: 0.999645757255 FIL
Mar 30 07:23:37 Locked: 0.33249517244 FIL
Mar 30 07:23:37 Datacap: 3160693276672
Mar 30 07:23:38 ....
Mar 30 07:23:39 Count: 3 of 4
Mar 30 07:23:39 f071624 (1 / 1 tries):
Mar 30 07:23:40 f0421499: 23.293832210218907393 FIL (9.7G free)
Mar 30 07:23:40 Escrow: 0.999645757255 FIL
Mar 30 07:23:40 Locked: 0.33249517244 FIL
Mar 30 07:23:40 Datacap: 3160693276672
Mar 30 07:23:40 ....
Mar 30 07:23:41 Count: 3 of 4
Mar 30 07:23:41 f022142 (1 / 1 tries):
Mar 30 07:23:42 f0421499: 23.293832210218907393 FIL (9.7G free)
Mar 30 07:23:42 Escrow: 0.999645757255 FIL
Mar 30 07:23:42 Locked: 0.33249517244 FIL
Mar 30 07:23:42 Datacap: 3160693276672
Mar 30 07:23:42 ....
Mar 30 07:23:43 Count: 3 of 4
Mar 30 07:23:43 f0157535 (1 / 1 tries):
Mar 30 07:23:43 f0421499: 23.293832210218907393 FIL (9.7G free)
Mar 30 07:23:44 Escrow: 0.999645757255 FIL
Mar 30 07:23:44 Locked: 0.33249517244 FIL
Mar 30 07:23:44 Datacap: 3160693276672
Mar 30 07:23:44 ....
Mar 30 07:23:45 Count: 3 of 4
Mar 30 07:23:45 f01278 (1 / 1 tries):
Mar 30 07:23:46 f0421499: 23.293832210218907393 FIL (9.7G free)
Mar 30 07:23:46 Escrow: 0.999645757255 FIL
Mar 30 07:23:46 Locked: 0.33249517244 FIL
Mar 30 07:23:47 Datacap: 3160693276672
Mar 30 07:23:47 ....
Mar 30 07:23:48 Count: 3 of 4
Mar 30 07:23:48 f022163 (1 / 1 tries):
Mar 30 07:23:49 f0421499: 23.293832210218907393 FIL (9.7G free)
Mar 30 07:23:49 Escrow: 0.999645757255 FIL
Mar 30 07:23:49 Locked: 0.33249517244 FIL
Mar 30 07:23:49 Datacap: 3160693276672
Mar 30 07:23:49 ....
Mar 30 07:23:50 Count: 3 of 4
Mar 30 07:23:50 f07998 (1 / 1 tries):
Mar 30 07:23:51 f0421499: 23.293832210218907393 FIL (9.7G free)
Mar 30 07:23:51 Escrow: 0.999645757255 FIL
Mar 30 07:23:51 Locked: 0.33249517244 FIL
Mar 30 07:23:51 Datacap: 3160693276672
Mar 30 07:23:51 ....
Mar 30 07:23:52 Count: 3 of 4
Mar 30 07:23:52 f019362 (1 / 1 tries):
Mar 30 07:23:53 f0421499: 23.293832210218907393 FIL (9.7G free)
Mar 30 07:23:53 Escrow: 0.999645757255 FIL
Mar 30 07:23:53 Locked: 0.33249517244 FIL
Mar 30 07:23:54 Datacap: 3160693276672
Mar 30 07:23:54 ....
Mar 30 07:23:55 Count: 3 of 4
Mar 30 07:23:55 f014409 (1 / 1 tries):
Mar 30 07:23:56 f0421499: 23.293832210218907393 FIL (9.7G free)
Mar 30 07:23:56 Escrow: 0.999645757255 FIL
Mar 30 07:23:56 Locked: 0.33249517244 FIL
Mar 30 07:23:56 Datacap: 3160693276672
Mar 30 07:23:57 ....
Mar 30 07:23:58 Count: 3 of 4
Mar 30 07:23:58 f023971 (1 / 1 tries):
Mar 30 07:23:58 f0421499: 23.293832210218907393 FIL (9.7G free)
Mar 30 07:23:59 Escrow: 0.999645757255 FIL
Mar 30 07:23:59 Locked: 0.33249517244 FIL
Mar 30 07:23:59 Datacap: 3160693276672
Mar 30 07:23:59 ....
Mar 30 07:24:01 Count: 3 of 4
Mar 30 07:24:01 f010479 (1 / 1 tries):
Mar 30 07:24:01 f0421499: 23.293832210218907393 FIL (9.7G free)
Mar 30 07:24:01 Escrow: 0.999645757255 FIL
Mar 30 07:24:01 Locked: 0.33249517244 FIL
Mar 30 07:24:02 Datacap: 3160693276672
Mar 30 07:24:02 ....
Mar 30 07:24:03 Count: 3 of 4
Mar 30 07:24:03 f015927 (1 / 1 tries):
Mar 30 07:24:04 Skipping f015927: min-ask
Mar 30 07:24:04 
Mar 30 07:24:05 Count: 3 of 4
Mar 30 07:24:05 f01240 (1 / 1 tries):
Mar 30 07:24:05 f0421499: 23.293832210218907393 FIL (9.7G free)
Mar 30 07:24:05 Escrow: 0.999645757255 FIL
Mar 30 07:24:05 Locked: 0.33249517244 FIL
Mar 30 07:24:06 Datacap: 3160693276672
Mar 30 07:24:06 ....
Mar 30 07:24:07 Count: 3 of 4
Mar 30 07:24:07 f0165400 (1 / 1 tries):
Mar 30 07:24:08 f0421499: 23.293832210218907393 FIL (9.7G free)
Mar 30 07:24:08 Escrow: 0.999645757255 FIL
Mar 30 07:24:08 Locked: 0.33249517244 FIL
Mar 30 07:24:08 Datacap: 3160693276672
Mar 30 07:24:08 ....
Mar 30 07:24:09 Count: 3 of 4
Mar 30 07:24:09 f058369 (1 / 1 tries):
Mar 30 07:24:10 f0421499: 23.293832210218907393 FIL (9.7G free)
Mar 30 07:24:10 Escrow: 0.999645757255 FIL
Mar 30 07:24:10 Locked: 0.33249517244 FIL
Mar 30 07:24:10 Datacap: 3160693276672
Mar 30 07:24:10 ....
