Mar 30 12:43:12 Count: 3 of 4
Mar 30 12:43:12 f010617 (1 / 1 tries):
Mar 30 12:43:13 f0421499: 23.293832210218907393 FIL (8.8G free)
Mar 30 12:43:13 Escrow: 0.999645757255 FIL
Mar 30 12:43:13 Locked: 0.33249517244 FIL
Mar 30 12:43:13 Datacap: 3160693276672
Mar 30 12:43:14 ....
Mar 30 12:43:15 Count: 3 of 4
Mar 30 12:43:15 f021716 (1 / 1 tries):
Mar 30 12:43:15 f0421499: 23.293832210218907393 FIL (8.8G free)
Mar 30 12:43:16 Escrow: 0.999645757255 FIL
Mar 30 12:43:16 Locked: 0.33249517244 FIL
Mar 30 12:43:16 Datacap: 3160693276672
Mar 30 12:43:16 ....
Mar 30 12:43:17 Count: 3 of 4
Mar 30 12:43:17 f0157535 (1 / 1 tries):
Mar 30 12:43:18 f0421499: 23.293832210218907393 FIL (8.8G free)
Mar 30 12:43:18 Escrow: 0.999645757255 FIL
Mar 30 12:43:18 Locked: 0.33249517244 FIL
Mar 30 12:43:18 Datacap: 3160693276672
Mar 30 12:43:18 ....
Mar 30 12:43:19 Count: 3 of 4
Mar 30 12:43:19 f022142 (1 / 1 tries):
Mar 30 12:43:20 f0421499: 23.293832210218907393 FIL (8.8G free)
Mar 30 12:43:20 Escrow: 0.999645757255 FIL
Mar 30 12:43:20 Locked: 0.33249517244 FIL
Mar 30 12:43:21 Datacap: 3160693276672
Mar 30 12:43:21 ....
Mar 30 12:43:22 Count: 3 of 4
Mar 30 12:43:22 f01240 (1 / 1 tries):
Mar 30 12:43:23 f0421499: 23.293832210218907393 FIL (8.8G free)
Mar 30 12:43:23 Escrow: 0.999645757255 FIL
Mar 30 12:43:23 Locked: 0.33249517244 FIL
Mar 30 12:43:23 Datacap: 3160693276672
Mar 30 12:43:23 ....
Mar 30 12:43:24 Count: 3 of 4
Mar 30 12:43:24 f058369 (1 / 1 tries):
Mar 30 12:43:25 f0421499: 23.293832210218907393 FIL (8.8G free)
Mar 30 12:43:25 Escrow: 0.999645757255 FIL
Mar 30 12:43:25 Locked: 0.33249517244 FIL
Mar 30 12:43:25 Datacap: 3160693276672
Mar 30 12:43:26 ....
Mar 30 12:43:27 Count: 3 of 4
Mar 30 12:43:27 f014768 (1 / 1 tries):
Mar 30 12:43:28 f0421499: 23.293832210218907393 FIL (8.8G free)
Mar 30 12:43:28 Escrow: 0.999645757255 FIL
Mar 30 12:43:28 Locked: 0.33249517244 FIL
Mar 30 12:43:28 Datacap: 3160693276672
Mar 30 12:43:28 ....
Mar 30 12:43:29 Count: 3 of 4
Mar 30 12:43:29 f022163 (1 / 1 tries):
Mar 30 12:43:30 f0421499: 23.293832210218907393 FIL (8.8G free)
Mar 30 12:43:30 Escrow: 0.999645757255 FIL
Mar 30 12:43:30 Locked: 0.33249517244 FIL
Mar 30 12:43:31 Datacap: 3160693276672
Mar 30 12:43:31 ....
Mar 30 12:43:32 Count: 3 of 4
Mar 30 12:43:32 f010479 (1 / 1 tries):
Mar 30 12:43:33 f0421499: 23.293832210218907393 FIL (8.8G free)
Mar 30 12:43:33 Escrow: 0.999645757255 FIL
Mar 30 12:43:33 Locked: 0.33249517244 FIL
Mar 30 12:43:34 Datacap: 3160693276672
Mar 30 12:43:34 ....
Mar 30 12:43:35 Count: 3 of 4
Mar 30 12:43:35 f01278 (1 / 1 tries):
Mar 30 12:43:35 f0421499: 23.293832210218907393 FIL (8.8G free)
Mar 30 12:43:36 Escrow: 0.999645757255 FIL
Mar 30 12:43:36 Locked: 0.33249517244 FIL
Mar 30 12:43:36 Datacap: 3160693276672
Mar 30 12:43:36 ....
Mar 30 12:43:37 Count: 3 of 4
Mar 30 12:43:37 f08403 (1 / 1 tries):
Mar 30 12:43:38 f0421499: 23.293832210218907393 FIL (8.8G free)
Mar 30 12:43:38 Escrow: 0.999645757255 FIL
Mar 30 12:43:38 Locked: 0.33249517244 FIL
Mar 30 12:43:38 Datacap: 3160693276672
Mar 30 12:43:38 ....
Mar 30 12:43:39 Count: 3 of 4
Mar 30 12:43:39 f08399 (1 / 1 tries):
Mar 30 12:43:40 f0421499: 23.293832210218907393 FIL (8.8G free)
Mar 30 12:43:40 Escrow: 0.999645757255 FIL
Mar 30 12:43:40 Locked: 0.33249517244 FIL
Mar 30 12:43:41 Datacap: 3160693276672
Mar 30 12:43:41 ....
Mar 30 12:43:42 Count: 3 of 4
Mar 30 12:43:42 f019104 (1 / 1 tries):
Mar 30 12:43:42 Skipping f019104: error-ask
Mar 30 12:43:42 
Mar 30 12:43:43 Count: 3 of 4
Mar 30 12:43:43 f0145874 (1 / 1 tries):
Mar 30 12:43:44 f0421499: 23.293832210218907393 FIL (8.8G free)
Mar 30 12:43:44 Escrow: 0.999645757255 FIL
Mar 30 12:43:44 Locked: 0.33249517244 FIL
Mar 30 12:43:44 Datacap: 3160693276672
Mar 30 12:43:44 ....
Mar 30 12:43:45 Count: 3 of 4
Mar 30 12:43:45 f09848 (1 / 1 tries):
Mar 30 12:43:46 f0421499: 23.293832210218907393 FIL (8.8G free)
Mar 30 12:43:46 Escrow: 0.999645757255 FIL
Mar 30 12:43:46 Locked: 0.33249517244 FIL
Mar 30 12:43:47 Datacap: 3160693276672
Mar 30 12:43:47 ....
Mar 30 12:43:48 Count: 3 of 4
Mar 30 12:43:48 f01277 (1 / 1 tries):
Mar 30 12:43:49 Skipping f01277: min-ask
Mar 30 12:43:49 
Mar 30 12:43:50 Count: 3 of 4
Mar 30 12:43:50 f015927 (1 / 1 tries):
Mar 30 12:43:50 Skipping f015927: min-ask
Mar 30 12:43:50 
Mar 30 12:43:51 Count: 3 of 4
Mar 30 12:43:51 f099608 (1 / 1 tries):
Mar 30 12:43:52 f0421499: 23.293832210218907393 FIL (8.8G free)
Mar 30 12:43:52 Escrow: 0.999645757255 FIL
Mar 30 12:43:52 Locked: 0.33249517244 FIL
Mar 30 12:43:53 Datacap: 3160693276672
Mar 30 12:43:53 ....
Mar 30 12:43:54 Count: 3 of 4
Mar 30 12:43:54 f022352 (1 / 1 tries):
Mar 30 12:43:55 f0421499: 23.293832210218907393 FIL (8.8G free)
Mar 30 12:43:55 Escrow: 0.999645757255 FIL
Mar 30 12:43:55 Locked: 0.33249517244 FIL
Mar 30 12:43:55 Datacap: 3160693276672
Mar 30 12:43:55 ....
Mar 30 12:43:56 Count: 3 of 4
Mar 30 12:43:56 f014409 (1 / 1 tries):
Mar 30 12:43:57 f0421499: 23.293832210218907393 FIL (8.8G free)
Mar 30 12:43:57 Escrow: 0.999645757255 FIL
Mar 30 12:43:57 Locked: 0.33249517244 FIL
Mar 30 12:43:57 Datacap: 3160693276672
Mar 30 12:43:57 ....
Mar 30 12:43:58 Count: 3 of 4
Mar 30 12:43:58 f0165400 (1 / 1 tries):
Mar 30 12:43:59 f0421499: 23.293832210218907393 FIL (8.8G free)
Mar 30 12:44:00 Escrow: 0.999645757255 FIL
Mar 30 12:44:00 Locked: 0.33249517244 FIL
Mar 30 12:44:00 Datacap: 3160693276672
Mar 30 12:44:00 ....
Mar 30 12:44:01 Count: 3 of 4
Mar 30 12:44:01 f019362 (1 / 1 tries):
Mar 30 12:44:02 f0421499: 23.293832210218907393 FIL (8.8G free)
Mar 30 12:44:02 Escrow: 0.999645757255 FIL
Mar 30 12:44:02 Locked: 0.33249517244 FIL
Mar 30 12:44:02 Datacap: 3160693276672
Mar 30 12:44:02 ....
Mar 30 12:44:03 Count: 3 of 4
Mar 30 12:44:03 f023971 (1 / 1 tries):
Mar 30 12:44:04 f0421499: 23.293832210218907393 FIL (8.8G free)
Mar 30 12:44:04 Escrow: 0.999645757255 FIL
Mar 30 12:44:04 Locked: 0.33249517244 FIL
Mar 30 12:44:05 Datacap: 3160693276672
Mar 30 12:44:05 ....
Mar 30 12:44:06 Count: 3 of 4
Mar 30 12:44:06 f02606 (1 / 1 tries):
Mar 30 12:44:07 f0421499: 23.293832210218907393 FIL (8.8G free)
Mar 30 12:44:07 Escrow: 0.999645757255 FIL
Mar 30 12:44:07 Locked: 0.33249517244 FIL
Mar 30 12:44:07 Datacap: 3160693276672
Mar 30 12:44:07 ....
Mar 30 12:44:08 Count: 3 of 4
Mar 30 12:44:08 f07998 (1 / 1 tries):
Mar 30 12:44:09 f0421499: 23.293832210218907393 FIL (8.8G free)
Mar 30 12:44:09 Escrow: 0.999645757255 FIL
Mar 30 12:44:09 Locked: 0.33249517244 FIL
Mar 30 12:44:10 Datacap: 3160693276672
Mar 30 12:44:10 ....
Mar 30 12:44:11 Count: 3 of 4
Mar 30 12:44:11 f0127896 (1 / 1 tries):
Mar 30 12:44:11 Skipping f0127896: min-ask
Mar 30 12:44:11 
Mar 30 12:44:12 Count: 3 of 4
Mar 30 12:44:12 f01247 (1 / 1 tries):
Mar 30 12:44:13 f0421499: 23.293832210218907393 FIL (8.8G free)
Mar 30 12:44:13 Escrow: 0.999645757255 FIL
Mar 30 12:44:13 Locked: 0.33249517244 FIL
Mar 30 12:44:13 Datacap: 3160693276672
Mar 30 12:44:13 ....
Mar 30 12:44:14 Count: 3 of 4
Mar 30 12:44:14 f02576 (1 / 1 tries):
Mar 30 12:44:15 f0421499: 23.293832210218907393 FIL (8.8G free)
Mar 30 12:44:15 Escrow: 0.999645757255 FIL
Mar 30 12:44:15 Locked: 0.33249517244 FIL
Mar 30 12:44:16 Datacap: 3160693276672
Mar 30 12:44:16 ....
Mar 30 12:44:17 Count: 3 of 4
Mar 30 12:44:17 f019041 (1 / 1 tries):
Mar 30 12:44:18 f0421499: 23.293832210218907393 FIL (8.8G free)
Mar 30 12:44:18 Escrow: 0.999645757255 FIL
Mar 30 12:44:18 Locked: 0.33249517244 FIL
Mar 30 12:44:19 Datacap: 3160693276672
Mar 30 12:44:19 ....
Mar 30 12:44:20 Count: 3 of 4
Mar 30 12:44:20 f019551 (1 / 1 tries):
Mar 30 12:44:20 f0421499: 23.293832210218907393 FIL (8.8G free)
Mar 30 12:44:20 Escrow: 0.999645757255 FIL
Mar 30 12:44:20 Locked: 0.33249517244 FIL
Mar 30 12:44:21 Datacap: 3160693276672
Mar 30 12:44:21 ....
Mar 30 12:44:22 Count: 3 of 4
Mar 30 12:44:22 f066596 (1 / 1 tries):
Mar 30 12:44:23 f0421499: 23.293832210218907393 FIL (8.8G free)
Mar 30 12:44:23 Escrow: 0.999645757255 FIL
Mar 30 12:44:23 Locked: 0.33249517244 FIL
Mar 30 12:44:23 Datacap: 3160693276672
Mar 30 12:44:23 ....
Mar 30 12:44:24 Count: 3 of 4
Mar 30 12:44:24 f071624 (1 / 1 tries):
Mar 30 12:44:25 f0421499: 23.293832210218907393 FIL (8.8G free)
Mar 30 12:44:25 Escrow: 0.999645757255 FIL
Mar 30 12:44:25 Locked: 0.33249517244 FIL
Mar 30 12:44:26 Datacap: 3160693276672
Mar 30 12:44:26 ....
Mar 30 12:44:27 Count: 3 of 4
Mar 30 12:44:27 f019100 (1 / 1 tries):
Mar 30 12:44:28 Skipping f019100: error-ask
Mar 30 12:44:28 
Mar 30 12:44:29 Count: 3 of 4
Mar 30 12:44:29 f062353 (1 / 1 tries):
Mar 30 12:44:29 f0421499: 23.293832210218907393 FIL (8.8G free)
Mar 30 12:44:29 Escrow: 0.999645757255 FIL
Mar 30 12:44:29 Locked: 0.33249517244 FIL
Mar 30 12:44:30 Datacap: 3160693276672
Mar 30 12:44:30 ....
Mar 30 12:44:31 Count: 3 of 4
Mar 30 12:44:31 f023467 (1 / 1 tries):
Mar 30 12:44:32 f0421499: 23.293832210218907393 FIL (8.8G free)
Mar 30 12:44:32 Escrow: 0.999645757255 FIL
Mar 30 12:44:32 Locked: 0.33249517244 FIL
Mar 30 12:44:32 Datacap: 3160693276672
Mar 30 12:44:33 ....
Mar 30 12:44:34 Count: 3 of 4
Mar 30 12:44:34 f01234 (1 / 1 tries):
Mar 30 12:44:34 f0421499: 23.293832210218907393 FIL (8.8G free)
Mar 30 12:44:34 Escrow: 0.999645757255 FIL
Mar 30 12:44:34 Locked: 0.33249517244 FIL
Mar 30 12:44:34 Datacap: 3160693276672
Mar 30 12:44:34 ....
