Mar 30 05:24:33 Count: 3 of 4
Mar 30 05:24:33 f0127896 (1 / 1 tries):
Mar 30 05:24:34 Skipping f0127896: min-ask
Mar 30 05:24:34 
Mar 30 05:24:35 Count: 3 of 4
Mar 30 05:24:35 f0165400 (1 / 1 tries):
Mar 30 05:24:35 f0421499: 23.293832210218907393 FIL (11G free)
Mar 30 05:24:35 Escrow: 0.999645757255 FIL
Mar 30 05:24:35 Locked: 0.33249517244 FIL
Mar 30 05:24:36 Datacap: 3160693276672
Mar 30 05:24:36 ....
Mar 30 05:24:37 Count: 3 of 4
Mar 30 05:24:37 f010617 (1 / 1 tries):
Mar 30 05:24:38 f0421499: 23.293832210218907393 FIL (11G free)
Mar 30 05:24:38 Escrow: 0.999645757255 FIL
Mar 30 05:24:38 Locked: 0.33249517244 FIL
Mar 30 05:24:39 Datacap: 3160693276672
Mar 30 05:24:39 ....
Mar 30 05:24:40 Count: 3 of 4
Mar 30 05:24:40 f022142 (1 / 1 tries):
Mar 30 05:24:40 f0421499: 23.293832210218907393 FIL (11G free)
Mar 30 05:24:40 Escrow: 0.999645757255 FIL
Mar 30 05:24:40 Locked: 0.33249517244 FIL
Mar 30 05:24:41 Datacap: 3160693276672
Mar 30 05:24:41 ....
Mar 30 05:24:42 Count: 3 of 4
Mar 30 05:24:42 f01278 (1 / 1 tries):
Mar 30 05:24:43 f0421499: 23.293832210218907393 FIL (11G free)
Mar 30 05:24:43 Escrow: 0.999645757255 FIL
Mar 30 05:24:43 Locked: 0.33249517244 FIL
Mar 30 05:24:43 Datacap: 3160693276672
Mar 30 05:24:43 ....
Mar 30 05:24:44 Count: 3 of 4
Mar 30 05:24:44 f07998 (1 / 1 tries):
Mar 30 05:24:45 f0421499: 23.293832210218907393 FIL (11G free)
Mar 30 05:24:45 Escrow: 0.999645757255 FIL
Mar 30 05:24:45 Locked: 0.33249517244 FIL
Mar 30 05:24:45 Datacap: 3160693276672
Mar 30 05:24:45 ....
Mar 30 05:24:46 Count: 3 of 4
Mar 30 05:24:46 f021716 (1 / 1 tries):
Mar 30 05:24:47 f0421499: 23.293832210218907393 FIL (11G free)
Mar 30 05:24:47 Escrow: 0.999645757255 FIL
Mar 30 05:24:47 Locked: 0.33249517244 FIL
Mar 30 05:24:48 Datacap: 3160693276672
Mar 30 05:24:48 ....
Mar 30 05:24:49 Count: 3 of 4
Mar 30 05:24:49 f02576 (1 / 1 tries):
Mar 30 05:24:50 f0421499: 23.293832210218907393 FIL (11G free)
Mar 30 05:24:50 Escrow: 0.999645757255 FIL
Mar 30 05:24:50 Locked: 0.33249517244 FIL
Mar 30 05:24:50 Datacap: 3160693276672
Mar 30 05:24:51 ....
Mar 30 05:24:52 Count: 3 of 4
Mar 30 05:24:52 f066596 (1 / 1 tries):
Mar 30 05:24:52 f0421499: 23.293832210218907393 FIL (11G free)
Mar 30 05:24:52 Escrow: 0.999645757255 FIL
Mar 30 05:24:52 Locked: 0.33249517244 FIL
Mar 30 05:24:53 Datacap: 3160693276672
Mar 30 05:24:53 ....
Mar 30 05:24:54 Count: 3 of 4
Mar 30 05:24:54 f071624 (1 / 1 tries):
Mar 30 05:24:55 f0421499: 23.293832210218907393 FIL (11G free)
Mar 30 05:24:55 Escrow: 0.999645757255 FIL
Mar 30 05:24:55 Locked: 0.33249517244 FIL
Mar 30 05:24:56 Datacap: 3160693276672
Mar 30 05:24:56 ....
Mar 30 05:24:57 Count: 3 of 4
Mar 30 05:24:57 f015927 (1 / 1 tries):
Mar 30 05:24:57 Skipping f015927: min-ask
Mar 30 05:24:57 
Mar 30 05:24:58 Count: 3 of 4
Mar 30 05:24:58 f022163 (1 / 1 tries):
Mar 30 05:24:59 f0421499: 23.293832210218907393 FIL (11G free)
Mar 30 05:24:59 Escrow: 0.999645757255 FIL
Mar 30 05:24:59 Locked: 0.33249517244 FIL
Mar 30 05:24:59 Datacap: 3160693276672
Mar 30 05:24:59 ....
Mar 30 05:25:00 Count: 3 of 4
Mar 30 05:25:00 f022352 (1 / 1 tries):
Mar 30 05:25:01 f0421499: 23.293832210218907393 FIL (11G free)
Mar 30 05:25:01 Escrow: 0.999645757255 FIL
Mar 30 05:25:01 Locked: 0.33249517244 FIL
Mar 30 05:25:02 Datacap: 3160693276672
Mar 30 05:25:02 ....
Mar 30 05:25:03 Count: 3 of 4
Mar 30 05:25:03 f01277 (1 / 1 tries):
Mar 30 05:25:04 Skipping f01277: min-ask
Mar 30 05:25:04 
Mar 30 05:25:05 Count: 3 of 4
Mar 30 05:25:05 f0157535 (1 / 1 tries):
Mar 30 05:25:05 f0421499: 23.293832210218907393 FIL (11G free)
Mar 30 05:25:05 Escrow: 0.999645757255 FIL
Mar 30 05:25:05 Locked: 0.33249517244 FIL
Mar 30 05:25:06 Datacap: 3160693276672
Mar 30 05:25:06 ....
Mar 30 05:25:07 Count: 3 of 4
Mar 30 05:25:07 f019362 (1 / 1 tries):
Mar 30 05:25:08 f0421499: 23.293832210218907393 FIL (11G free)
Mar 30 05:25:08 Escrow: 0.999645757255 FIL
Mar 30 05:25:08 Locked: 0.33249517244 FIL
Mar 30 05:25:09 Datacap: 3160693276672
Mar 30 05:25:09 ....
Mar 30 05:25:10 Count: 3 of 4
Mar 30 05:25:10 f02606 (1 / 1 tries):
Mar 30 05:25:10 f0421499: 23.293832210218907393 FIL (11G free)
Mar 30 05:25:11 Escrow: 0.999645757255 FIL
Mar 30 05:25:11 Locked: 0.33249517244 FIL
Mar 30 05:25:11 Datacap: 3160693276672
Mar 30 05:25:11 ....
Mar 30 05:25:12 Count: 3 of 4
Mar 30 05:25:12 f01234 (1 / 1 tries):
Mar 30 05:25:13 f0421499: 23.293832210218907393 FIL (11G free)
Mar 30 05:25:13 Escrow: 0.999645757255 FIL
Mar 30 05:25:13 Locked: 0.33249517244 FIL
Mar 30 05:25:13 Datacap: 3160693276672
Mar 30 05:25:14 ....
Mar 30 05:25:15 Count: 3 of 4
Mar 30 05:25:15 f01247 (1 / 1 tries):
Mar 30 05:25:15 f0421499: 23.293832210218907393 FIL (11G free)
Mar 30 05:25:15 Escrow: 0.999645757255 FIL
Mar 30 05:25:15 Locked: 0.33249517244 FIL
Mar 30 05:25:16 Datacap: 3160693276672
Mar 30 05:25:16 ....
Mar 30 05:25:17 Count: 3 of 4
Mar 30 05:25:17 f08399 (1 / 1 tries):
Mar 30 05:25:17 f0421499: 23.293832210218907393 FIL (11G free)
Mar 30 05:25:17 Escrow: 0.999645757255 FIL
Mar 30 05:25:17 Locked: 0.33249517244 FIL
Mar 30 05:25:18 Datacap: 3160693276672
Mar 30 05:25:18 ....
Mar 30 05:25:19 Count: 3 of 4
Mar 30 05:25:19 f014409 (1 / 1 tries):
Mar 30 05:25:19 f0421499: 23.293832210218907393 FIL (11G free)
Mar 30 05:25:19 Escrow: 0.999645757255 FIL
Mar 30 05:25:19 Locked: 0.33249517244 FIL
Mar 30 05:25:20 Datacap: 3160693276672
Mar 30 05:25:20 ....
Mar 30 05:25:21 Count: 3 of 4
Mar 30 05:25:21 f099608 (1 / 1 tries):
Mar 30 05:25:22 f0421499: 23.293832210218907393 FIL (11G free)
Mar 30 05:25:22 Escrow: 0.999645757255 FIL
Mar 30 05:25:22 Locked: 0.33249517244 FIL
Mar 30 05:25:22 Datacap: 3160693276672
Mar 30 05:25:22 ....
Mar 30 05:25:23 Count: 3 of 4
Mar 30 05:25:23 f08403 (1 / 1 tries):
Mar 30 05:25:24 f0421499: 23.293832210218907393 FIL (11G free)
Mar 30 05:25:24 Escrow: 0.999645757255 FIL
Mar 30 05:25:24 Locked: 0.33249517244 FIL
Mar 30 05:25:24 Datacap: 3160693276672
Mar 30 05:25:25 ....
Mar 30 05:25:26 Count: 3 of 4
Mar 30 05:25:26 f019104 (1 / 1 tries):
Mar 30 05:25:26 Skipping f019104: error-ask
Mar 30 05:25:26 
Mar 30 05:25:27 Count: 3 of 4
Mar 30 05:25:27 f01240 (1 / 1 tries):
Mar 30 05:25:28 f0421499: 23.293832210218907393 FIL (11G free)
Mar 30 05:25:28 Escrow: 0.999645757255 FIL
Mar 30 05:25:28 Locked: 0.33249517244 FIL
Mar 30 05:25:28 Datacap: 3160693276672
Mar 30 05:25:29 ....
Mar 30 05:25:30 Count: 3 of 4
Mar 30 05:25:30 f019551 (1 / 1 tries):
Mar 30 05:25:30 f0421499: 23.293832210218907393 FIL (11G free)
Mar 30 05:25:31 Escrow: 0.999645757255 FIL
Mar 30 05:25:31 Locked: 0.33249517244 FIL
Mar 30 05:25:31 Datacap: 3160693276672
Mar 30 05:25:31 ....
Mar 30 05:25:32 Count: 3 of 4
Mar 30 05:25:32 f014768 (1 / 1 tries):
Mar 30 05:25:33 f0421499: 23.293832210218907393 FIL (11G free)
Mar 30 05:25:33 Escrow: 0.999645757255 FIL
Mar 30 05:25:33 Locked: 0.33249517244 FIL
Mar 30 05:25:33 Datacap: 3160693276672
Mar 30 05:25:33 ....
Mar 30 05:25:34 Count: 3 of 4
Mar 30 05:25:34 f019041 (1 / 1 tries):
Mar 30 05:25:35 f0421499: 23.293832210218907393 FIL (11G free)
Mar 30 05:25:35 Escrow: 0.999645757255 FIL
Mar 30 05:25:35 Locked: 0.33249517244 FIL
Mar 30 05:25:35 Datacap: 3160693276672
Mar 30 05:25:36 ....
Mar 30 05:25:37 Count: 3 of 4
Mar 30 05:25:37 f058369 (1 / 1 tries):
Mar 30 05:25:37 f0421499: 23.293832210218907393 FIL (11G free)
Mar 30 05:25:37 Escrow: 0.999645757255 FIL
Mar 30 05:25:37 Locked: 0.33249517244 FIL
Mar 30 05:25:38 Datacap: 3160693276672
Mar 30 05:25:38 ....
Mar 30 05:25:39 Count: 3 of 4
Mar 30 05:25:39 f019100 (1 / 1 tries):
Mar 30 05:25:40 Skipping f019100: error-ask
Mar 30 05:25:40 
Mar 30 05:25:41 Count: 3 of 4
Mar 30 05:25:41 f023971 (1 / 1 tries):
Mar 30 05:25:42 f0421499: 23.293832210218907393 FIL (11G free)
Mar 30 05:25:42 Escrow: 0.999645757255 FIL
Mar 30 05:25:42 Locked: 0.33249517244 FIL
Mar 30 05:25:42 Datacap: 3160693276672
Mar 30 05:25:43 ....
Mar 30 05:25:44 Count: 3 of 4
Mar 30 05:25:44 f0145874 (1 / 1 tries):
Mar 30 05:25:44 f0421499: 23.293832210218907393 FIL (11G free)
Mar 30 05:25:44 Escrow: 0.999645757255 FIL
Mar 30 05:25:44 Locked: 0.33249517244 FIL
Mar 30 05:25:45 Datacap: 3160693276672
Mar 30 05:25:45 ....
Mar 30 05:25:46 Count: 3 of 4
Mar 30 05:25:46 f010479 (1 / 1 tries):
Mar 30 05:25:47 f0421499: 23.293832210218907393 FIL (11G free)
Mar 30 05:25:47 Escrow: 0.999645757255 FIL
Mar 30 05:25:47 Locked: 0.33249517244 FIL
Mar 30 05:25:47 Datacap: 3160693276672
Mar 30 05:25:47 ....
Mar 30 05:25:48 Count: 3 of 4
Mar 30 05:25:48 f09848 (1 / 1 tries):
Mar 30 05:25:49 f0421499: 23.293832210218907393 FIL (11G free)
Mar 30 05:25:49 Escrow: 0.999645757255 FIL
Mar 30 05:25:49 Locked: 0.33249517244 FIL
Mar 30 05:25:49 Datacap: 3160693276672
Mar 30 05:25:50 ....
Mar 30 05:25:51 Count: 3 of 4
Mar 30 05:25:51 f062353 (1 / 1 tries):
Mar 30 05:25:51 f0421499: 23.293832210218907393 FIL (11G free)
Mar 30 05:25:51 Escrow: 0.999645757255 FIL
Mar 30 05:25:51 Locked: 0.33249517244 FIL
Mar 30 05:25:52 Datacap: 3160693276672
Mar 30 05:25:52 ....
Mar 30 05:25:53 Count: 3 of 4
Mar 30 05:25:53 f023467 (1 / 1 tries):
Mar 30 05:25:54 f0421499: 23.293832210218907393 FIL (11G free)
Mar 30 05:25:54 Escrow: 0.999645757255 FIL
Mar 30 05:25:54 Locked: 0.33249517244 FIL
Mar 30 05:25:54 Datacap: 3160693276672
Mar 30 05:25:54 ....
