Mar 30 16:01:58 Count: 3 of 4
Mar 30 16:01:58 f0165400 (1 / 1 tries):
Mar 30 16:01:59 f0421499: 23.293832210218907393 FIL (8.2G free)
Mar 30 16:01:59 Escrow: 0.999645757255 FIL
Mar 30 16:01:59 Locked: 0.33249517244 FIL
Mar 30 16:01:59 Datacap: 3160693276672
Mar 30 16:01:59 ....
Mar 30 16:02:00 Count: 3 of 4
Mar 30 16:02:00 f0145874 (1 / 1 tries):
Mar 30 16:02:01 f0421499: 23.293832210218907393 FIL (8.2G free)
Mar 30 16:02:02 Escrow: 0.999645757255 FIL
Mar 30 16:02:02 Locked: 0.33249517244 FIL
Mar 30 16:02:02 Datacap: 3160693276672
Mar 30 16:02:02 ....
Mar 30 16:02:03 Count: 3 of 4
Mar 30 16:02:03 f01277 (1 / 1 tries):
Mar 30 16:02:04 Skipping f01277: min-ask
Mar 30 16:02:04 
Mar 30 16:02:05 Count: 3 of 4
Mar 30 16:02:05 f02606 (1 / 1 tries):
Mar 30 16:02:06 f0421499: 23.293832210218907393 FIL (8.2G free)
Mar 30 16:02:06 Escrow: 0.999645757255 FIL
Mar 30 16:02:06 Locked: 0.33249517244 FIL
Mar 30 16:02:06 Datacap: 3160693276672
Mar 30 16:02:07 ....
Mar 30 16:02:08 Count: 3 of 4
Mar 30 16:02:08 f01278 (1 / 1 tries):
Mar 30 16:02:08 f0421499: 23.293832210218907393 FIL (8.2G free)
Mar 30 16:02:09 Escrow: 0.999645757255 FIL
Mar 30 16:02:09 Locked: 0.33249517244 FIL
Mar 30 16:02:09 Datacap: 3160693276672
Mar 30 16:02:09 ....
Mar 30 16:02:10 Count: 3 of 4
Mar 30 16:02:10 f01234 (1 / 1 tries):
Mar 30 16:02:11 f0421499: 23.293832210218907393 FIL (8.2G free)
Mar 30 16:02:11 Escrow: 0.999645757255 FIL
Mar 30 16:02:11 Locked: 0.33249517244 FIL
Mar 30 16:02:11 Datacap: 3160693276672
Mar 30 16:02:11 ....
Mar 30 16:02:12 Count: 3 of 4
Mar 30 16:02:12 f09848 (1 / 1 tries):
Mar 30 16:02:13 f0421499: 23.293832210218907393 FIL (8.2G free)
Mar 30 16:02:13 Escrow: 0.999645757255 FIL
Mar 30 16:02:13 Locked: 0.33249517244 FIL
Mar 30 16:02:13 Datacap: 3160693276672
Mar 30 16:02:13 ....
Mar 30 16:02:14 Count: 3 of 4
Mar 30 16:02:14 f014768 (1 / 1 tries):
Mar 30 16:02:15 f0421499: 23.293832210218907393 FIL (8.2G free)
Mar 30 16:02:15 Escrow: 0.999645757255 FIL
Mar 30 16:02:15 Locked: 0.33249517244 FIL
Mar 30 16:02:15 Datacap: 3160693276672
Mar 30 16:02:16 ....
Mar 30 16:02:17 Count: 3 of 4
Mar 30 16:02:17 f022163 (1 / 1 tries):
Mar 30 16:02:17 f0421499: 23.293832210218907393 FIL (8.2G free)
Mar 30 16:02:18 Escrow: 0.999645757255 FIL
Mar 30 16:02:18 Locked: 0.33249517244 FIL
Mar 30 16:02:18 Datacap: 3160693276672
Mar 30 16:02:18 ....
Mar 30 16:02:19 Count: 3 of 4
Mar 30 16:02:19 f0127896 (1 / 1 tries):
Mar 30 16:02:19 Skipping f0127896: min-ask
Mar 30 16:02:19 
Mar 30 16:02:20 Count: 3 of 4
Mar 30 16:02:20 f010617 (1 / 1 tries):
Mar 30 16:02:21 f0421499: 23.293832210218907393 FIL (8.2G free)
Mar 30 16:02:21 Escrow: 0.999645757255 FIL
Mar 30 16:02:21 Locked: 0.33249517244 FIL
Mar 30 16:02:21 Datacap: 3160693276672
Mar 30 16:02:22 ....
Mar 30 16:02:23 Count: 3 of 4
Mar 30 16:02:23 f014409 (1 / 1 tries):
Mar 30 16:02:23 f0421499: 23.293832210218907393 FIL (8.2G free)
Mar 30 16:02:24 Escrow: 0.999645757255 FIL
Mar 30 16:02:24 Locked: 0.33249517244 FIL
Mar 30 16:02:24 Datacap: 3160693276672
Mar 30 16:02:24 ....
Mar 30 16:02:25 Count: 3 of 4
Mar 30 16:02:25 f07998 (1 / 1 tries):
Mar 30 16:02:25 f0421499: 23.293832210218907393 FIL (8.2G free)
Mar 30 16:02:25 Escrow: 0.999645757255 FIL
Mar 30 16:02:25 Locked: 0.33249517244 FIL
Mar 30 16:02:26 Datacap: 3160693276672
Mar 30 16:02:26 ....
Mar 30 16:02:27 Count: 3 of 4
Mar 30 16:02:27 f0157535 (1 / 1 tries):
Mar 30 16:02:28 f0421499: 23.293832210218907393 FIL (8.2G free)
Mar 30 16:02:28 Escrow: 0.999645757255 FIL
Mar 30 16:02:28 Locked: 0.33249517244 FIL
Mar 30 16:02:28 Datacap: 3160693276672
Mar 30 16:02:29 ....
Mar 30 16:02:30 Count: 3 of 4
Mar 30 16:02:30 f01247 (1 / 1 tries):
Mar 30 16:02:30 f0421499: 23.293832210218907393 FIL (8.2G free)
Mar 30 16:02:30 Escrow: 0.999645757255 FIL
Mar 30 16:02:30 Locked: 0.33249517244 FIL
Mar 30 16:02:31 Datacap: 3160693276672
Mar 30 16:02:31 ....
Mar 30 16:02:32 Count: 3 of 4
Mar 30 16:02:32 f071624 (1 / 1 tries):
Mar 30 16:02:33 f0421499: 23.293832210218907393 FIL (8.2G free)
Mar 30 16:02:33 Escrow: 0.999645757255 FIL
Mar 30 16:02:33 Locked: 0.33249517244 FIL
Mar 30 16:02:33 Datacap: 3160693276672
Mar 30 16:02:34 ....
Mar 30 16:02:35 Count: 3 of 4
Mar 30 16:02:35 f019100 (1 / 1 tries):
Mar 30 16:02:35 Skipping f019100: error-ask
Mar 30 16:02:35 
Mar 30 16:02:36 Count: 3 of 4
Mar 30 16:02:36 f022142 (1 / 1 tries):
Mar 30 16:02:36 f0421499: 23.293832210218907393 FIL (8.2G free)
Mar 30 16:02:37 Escrow: 0.999645757255 FIL
Mar 30 16:02:37 Locked: 0.33249517244 FIL
Mar 30 16:02:37 Datacap: 3160693276672
Mar 30 16:02:37 ....
Mar 30 16:02:38 Count: 3 of 4
Mar 30 16:02:38 f019362 (1 / 1 tries):
Mar 30 16:02:39 f0421499: 23.293832210218907393 FIL (8.2G free)
Mar 30 16:02:40 Escrow: 0.999645757255 FIL
Mar 30 16:02:40 Locked: 0.33249517244 FIL
Mar 30 16:02:40 Datacap: 3160693276672
Mar 30 16:02:40 ....
Mar 30 16:02:41 Count: 3 of 4
Mar 30 16:02:41 f019041 (1 / 1 tries):
Mar 30 16:02:42 f0421499: 23.293832210218907393 FIL (8.2G free)
Mar 30 16:02:42 Escrow: 0.999645757255 FIL
Mar 30 16:02:42 Locked: 0.33249517244 FIL
Mar 30 16:02:42 Datacap: 3160693276672
Mar 30 16:02:42 ....
Mar 30 16:02:43 Count: 3 of 4
Mar 30 16:02:43 f010479 (1 / 1 tries):
Mar 30 16:02:44 f0421499: 23.293832210218907393 FIL (8.2G free)
Mar 30 16:02:44 Escrow: 0.999645757255 FIL
Mar 30 16:02:44 Locked: 0.33249517244 FIL
Mar 30 16:02:45 Datacap: 3160693276672
Mar 30 16:02:45 ....
Mar 30 16:02:46 Count: 3 of 4
Mar 30 16:02:46 f015927 (1 / 1 tries):
Mar 30 16:02:46 Skipping f015927: min-ask
Mar 30 16:02:46 
Mar 30 16:02:47 Count: 3 of 4
Mar 30 16:02:47 f019104 (1 / 1 tries):
Mar 30 16:02:48 Skipping f019104: error-ask
Mar 30 16:02:48 
Mar 30 16:02:49 Count: 3 of 4
Mar 30 16:02:49 f08399 (1 / 1 tries):
Mar 30 16:02:49 f0421499: 23.293832210218907393 FIL (8.2G free)
Mar 30 16:02:50 Escrow: 0.999645757255 FIL
Mar 30 16:02:50 Locked: 0.33249517244 FIL
Mar 30 16:02:50 Datacap: 3160693276672
Mar 30 16:02:50 ....
Mar 30 16:02:51 Count: 3 of 4
Mar 30 16:02:51 f058369 (1 / 1 tries):
Mar 30 16:02:52 f0421499: 23.293832210218907393 FIL (8.2G free)
Mar 30 16:02:52 Escrow: 0.999645757255 FIL
Mar 30 16:02:52 Locked: 0.33249517244 FIL
Mar 30 16:02:53 Datacap: 3160693276672
Mar 30 16:02:53 ....
Mar 30 16:02:54 Count: 3 of 4
Mar 30 16:02:54 f02576 (1 / 1 tries):
Mar 30 16:02:54 f0421499: 23.293832210218907393 FIL (8.2G free)
Mar 30 16:02:55 Escrow: 0.999645757255 FIL
Mar 30 16:02:55 Locked: 0.33249517244 FIL
Mar 30 16:02:55 Datacap: 3160693276672
Mar 30 16:02:55 ....
Mar 30 16:02:56 Count: 3 of 4
Mar 30 16:02:56 f019551 (1 / 1 tries):
Mar 30 16:02:57 f0421499: 23.293832210218907393 FIL (8.2G free)
Mar 30 16:02:57 Escrow: 0.999645757255 FIL
Mar 30 16:02:57 Locked: 0.33249517244 FIL
Mar 30 16:02:57 Datacap: 3160693276672
Mar 30 16:02:57 ....
Mar 30 16:02:58 Count: 3 of 4
Mar 30 16:02:58 f066596 (1 / 1 tries):
Mar 30 16:02:59 f0421499: 23.293832210218907393 FIL (8.2G free)
Mar 30 16:02:59 Escrow: 0.999645757255 FIL
Mar 30 16:02:59 Locked: 0.33249517244 FIL
Mar 30 16:02:59 Datacap: 3160693276672
Mar 30 16:02:59 ....
Mar 30 16:03:00 Count: 3 of 4
Mar 30 16:03:00 f021716 (1 / 1 tries):
Mar 30 16:03:01 f0421499: 23.293832210218907393 FIL (8.2G free)
Mar 30 16:03:02 Escrow: 0.999645757255 FIL
Mar 30 16:03:02 Locked: 0.33249517244 FIL
Mar 30 16:03:02 Datacap: 3160693276672
Mar 30 16:03:02 ....
Mar 30 16:03:03 Count: 3 of 4
Mar 30 16:03:03 f01240 (1 / 1 tries):
Mar 30 16:03:04 f0421499: 23.293832210218907393 FIL (8.2G free)
Mar 30 16:03:04 Escrow: 0.999645757255 FIL
Mar 30 16:03:04 Locked: 0.33249517244 FIL
Mar 30 16:03:04 Datacap: 3160693276672
Mar 30 16:03:04 ....
Mar 30 16:03:05 Count: 3 of 4
Mar 30 16:03:05 f062353 (1 / 1 tries):
Mar 30 16:03:06 f0421499: 23.293832210218907393 FIL (8.2G free)
Mar 30 16:03:06 Escrow: 0.999645757255 FIL
Mar 30 16:03:06 Locked: 0.33249517244 FIL
Mar 30 16:03:06 Datacap: 3160693276672
Mar 30 16:03:07 ....
Mar 30 16:03:08 Count: 3 of 4
Mar 30 16:03:08 f099608 (1 / 1 tries):
Mar 30 16:03:08 f0421499: 23.293832210218907393 FIL (8.2G free)
Mar 30 16:03:08 Escrow: 0.999645757255 FIL
Mar 30 16:03:08 Locked: 0.33249517244 FIL
Mar 30 16:03:09 Datacap: 3160693276672
Mar 30 16:03:09 ....
Mar 30 16:03:10 Count: 3 of 4
Mar 30 16:03:10 f08403 (1 / 1 tries):
Mar 30 16:03:10 f0421499: 23.293832210218907393 FIL (8.2G free)
Mar 30 16:03:10 Escrow: 0.999645757255 FIL
Mar 30 16:03:10 Locked: 0.33249517244 FIL
Mar 30 16:03:11 Datacap: 3160693276672
Mar 30 16:03:11 ....
Mar 30 16:03:12 Count: 3 of 4
Mar 30 16:03:12 f022352 (1 / 1 tries):
Mar 30 16:03:13 f0421499: 23.293832210218907393 FIL (8.2G free)
Mar 30 16:03:13 Escrow: 0.999645757255 FIL
Mar 30 16:03:13 Locked: 0.33249517244 FIL
Mar 30 16:03:13 Datacap: 3160693276672
Mar 30 16:03:13 ....
Mar 30 16:03:14 Count: 3 of 4
Mar 30 16:03:14 f023971 (1 / 1 tries):
Mar 30 16:03:15 f0421499: 23.293832210218907393 FIL (8.2G free)
Mar 30 16:03:15 Escrow: 0.999645757255 FIL
Mar 30 16:03:15 Locked: 0.33249517244 FIL
Mar 30 16:03:15 Datacap: 3160693276672
Mar 30 16:03:15 ....
Mar 30 16:03:16 Count: 3 of 4
Mar 30 16:03:16 f023467 (1 / 1 tries):
Mar 30 16:03:17 f0421499: 23.293832210218907393 FIL (8.2G free)
Mar 30 16:03:17 Escrow: 0.999645757255 FIL
Mar 30 16:03:17 Locked: 0.33249517244 FIL
Mar 30 16:03:17 Datacap: 3160693276672
Mar 30 16:03:17 ....
