Mar 30 13:03:44 Count: 3 of 4
Mar 30 13:03:44 f019362 (1 / 1 tries):
Mar 30 13:03:44 f0421499: 23.293832210218907393 FIL (8.7G free)
Mar 30 13:03:44 Escrow: 0.999645757255 FIL
Mar 30 13:03:44 Locked: 0.33249517244 FIL
Mar 30 13:03:45 Datacap: 3160693276672
Mar 30 13:03:45 ....
Mar 30 13:03:46 Count: 3 of 4
Mar 30 13:03:46 f09848 (1 / 1 tries):
Mar 30 13:03:47 f0421499: 23.293832210218907393 FIL (8.7G free)
Mar 30 13:03:47 Escrow: 0.999645757255 FIL
Mar 30 13:03:47 Locked: 0.33249517244 FIL
Mar 30 13:03:47 Datacap: 3160693276672
Mar 30 13:03:47 ....
Mar 30 13:03:48 Count: 3 of 4
Mar 30 13:03:48 f0127896 (1 / 1 tries):
Mar 30 13:03:48 Skipping f0127896: min-ask
Mar 30 13:03:48 
Mar 30 13:03:49 Count: 3 of 4
Mar 30 13:03:49 f08399 (1 / 1 tries):
Mar 30 13:03:50 f0421499: 23.293832210218907393 FIL (8.7G free)
Mar 30 13:03:50 Escrow: 0.999645757255 FIL
Mar 30 13:03:50 Locked: 0.33249517244 FIL
Mar 30 13:03:51 Datacap: 3160693276672
Mar 30 13:03:51 ....
Mar 30 13:03:52 Count: 3 of 4
Mar 30 13:03:52 f01247 (1 / 1 tries):
Mar 30 13:03:52 f0421499: 23.293832210218907393 FIL (8.7G free)
Mar 30 13:03:53 Escrow: 0.999645757255 FIL
Mar 30 13:03:53 Locked: 0.33249517244 FIL
Mar 30 13:03:53 Datacap: 3160693276672
Mar 30 13:03:53 ....
Mar 30 13:03:54 Count: 3 of 4
Mar 30 13:03:54 f0145874 (1 / 1 tries):
Mar 30 13:03:55 f0421499: 23.293832210218907393 FIL (8.7G free)
Mar 30 13:03:55 Escrow: 0.999645757255 FIL
Mar 30 13:03:55 Locked: 0.33249517244 FIL
Mar 30 13:03:55 Datacap: 3160693276672
Mar 30 13:03:56 ....
Mar 30 13:03:57 Count: 3 of 4
Mar 30 13:03:57 f015927 (1 / 1 tries):
Mar 30 13:03:57 Skipping f015927: min-ask
Mar 30 13:03:57 
Mar 30 13:03:58 Count: 3 of 4
Mar 30 13:03:58 f071624 (1 / 1 tries):
Mar 30 13:03:59 f0421499: 23.293832210218907393 FIL (8.7G free)
Mar 30 13:03:59 Escrow: 0.999645757255 FIL
Mar 30 13:03:59 Locked: 0.33249517244 FIL
Mar 30 13:03:59 Datacap: 3160693276672
Mar 30 13:03:59 ....
Mar 30 13:04:00 Count: 3 of 4
Mar 30 13:04:00 f01278 (1 / 1 tries):
Mar 30 13:04:01 f0421499: 23.293832210218907393 FIL (8.7G free)
Mar 30 13:04:01 Escrow: 0.999645757255 FIL
Mar 30 13:04:01 Locked: 0.33249517244 FIL
Mar 30 13:04:02 Datacap: 3160693276672
Mar 30 13:04:02 ....
Mar 30 13:04:03 Count: 3 of 4
Mar 30 13:04:03 f01240 (1 / 1 tries):
Mar 30 13:04:04 f0421499: 23.293832210218907393 FIL (8.7G free)
Mar 30 13:04:04 Escrow: 0.999645757255 FIL
Mar 30 13:04:04 Locked: 0.33249517244 FIL
Mar 30 13:04:04 Datacap: 3160693276672
Mar 30 13:04:05 ....
Mar 30 13:04:06 Count: 3 of 4
Mar 30 13:04:06 f062353 (1 / 1 tries):
Mar 30 13:04:06 f0421499: 23.293832210218907393 FIL (8.7G free)
Mar 30 13:04:06 Escrow: 0.999645757255 FIL
Mar 30 13:04:06 Locked: 0.33249517244 FIL
Mar 30 13:04:07 Datacap: 3160693276672
Mar 30 13:04:07 ....
Mar 30 13:04:08 Count: 3 of 4
Mar 30 13:04:08 f019100 (1 / 1 tries):
Mar 30 13:04:08 Skipping f019100: error-ask
Mar 30 13:04:08 
Mar 30 13:04:09 Count: 3 of 4
Mar 30 13:04:09 f07998 (1 / 1 tries):
Mar 30 13:04:10 f0421499: 23.293832210218907393 FIL (8.7G free)
Mar 30 13:04:10 Escrow: 0.999645757255 FIL
Mar 30 13:04:10 Locked: 0.33249517244 FIL
Mar 30 13:04:10 Datacap: 3160693276672
Mar 30 13:04:11 ....
Mar 30 13:04:12 Count: 3 of 4
Mar 30 13:04:12 f010617 (1 / 1 tries):
Mar 30 13:04:12 f0421499: 23.293832210218907393 FIL (8.7G free)
Mar 30 13:04:12 Escrow: 0.999645757255 FIL
Mar 30 13:04:12 Locked: 0.33249517244 FIL
Mar 30 13:04:13 Datacap: 3160693276672
Mar 30 13:04:13 ....
Mar 30 13:04:14 Count: 3 of 4
Mar 30 13:04:14 f019041 (1 / 1 tries):
Mar 30 13:04:14 f0421499: 23.293832210218907393 FIL (8.7G free)
Mar 30 13:04:14 Escrow: 0.999645757255 FIL
Mar 30 13:04:14 Locked: 0.33249517244 FIL
Mar 30 13:04:15 Datacap: 3160693276672
Mar 30 13:04:15 ....
Mar 30 13:04:16 Count: 3 of 4
Mar 30 13:04:16 f023467 (1 / 1 tries):
Mar 30 13:04:17 f0421499: 23.293832210218907393 FIL (8.7G free)
Mar 30 13:04:17 Escrow: 0.999645757255 FIL
Mar 30 13:04:17 Locked: 0.33249517244 FIL
Mar 30 13:04:18 Datacap: 3160693276672
Mar 30 13:04:18 ....
Mar 30 13:04:19 Count: 3 of 4
Mar 30 13:04:19 f099608 (1 / 1 tries):
Mar 30 13:04:19 f0421499: 23.293832210218907393 FIL (8.7G free)
Mar 30 13:04:19 Escrow: 0.999645757255 FIL
Mar 30 13:04:19 Locked: 0.33249517244 FIL
Mar 30 13:04:19 Datacap: 3160693276672
Mar 30 13:04:19 ....
Mar 30 13:04:20 Count: 3 of 4
Mar 30 13:04:20 f01234 (1 / 1 tries):
Mar 30 13:04:21 f0421499: 23.293832210218907393 FIL (8.7G free)
Mar 30 13:04:21 Escrow: 0.999645757255 FIL
Mar 30 13:04:21 Locked: 0.33249517244 FIL
Mar 30 13:04:22 Datacap: 3160693276672
Mar 30 13:04:22 ....
Mar 30 13:04:23 Count: 3 of 4
Mar 30 13:04:23 f0157535 (1 / 1 tries):
Mar 30 13:04:24 f0421499: 23.293832210218907393 FIL (8.7G free)
Mar 30 13:04:24 Escrow: 0.999645757255 FIL
Mar 30 13:04:24 Locked: 0.33249517244 FIL
Mar 30 13:04:25 Datacap: 3160693276672
Mar 30 13:04:25 ....
Mar 30 13:04:26 Count: 3 of 4
Mar 30 13:04:26 f019104 (1 / 1 tries):
Mar 30 13:04:26 Skipping f019104: error-ask
Mar 30 13:04:26 
Mar 30 13:04:27 Count: 3 of 4
Mar 30 13:04:27 f02576 (1 / 1 tries):
Mar 30 13:04:28 f0421499: 23.293832210218907393 FIL (8.7G free)
Mar 30 13:04:28 Escrow: 0.999645757255 FIL
Mar 30 13:04:28 Locked: 0.33249517244 FIL
Mar 30 13:04:28 Datacap: 3160693276672
Mar 30 13:04:28 ....
Mar 30 13:04:29 Count: 3 of 4
Mar 30 13:04:29 f02606 (1 / 1 tries):
Mar 30 13:04:30 f0421499: 23.293832210218907393 FIL (8.7G free)
Mar 30 13:04:31 Escrow: 0.999645757255 FIL
Mar 30 13:04:31 Locked: 0.33249517244 FIL
Mar 30 13:04:31 Datacap: 3160693276672
Mar 30 13:04:31 ....
Mar 30 13:04:32 Count: 3 of 4
Mar 30 13:04:32 f014409 (1 / 1 tries):
Mar 30 13:04:33 f0421499: 23.293832210218907393 FIL (8.7G free)
Mar 30 13:04:33 Escrow: 0.999645757255 FIL
Mar 30 13:04:33 Locked: 0.33249517244 FIL
Mar 30 13:04:33 Datacap: 3160693276672
Mar 30 13:04:33 ....
Mar 30 13:04:34 Count: 3 of 4
Mar 30 13:04:34 f019551 (1 / 1 tries):
Mar 30 13:04:35 f0421499: 23.293832210218907393 FIL (8.7G free)
Mar 30 13:04:35 Escrow: 0.999645757255 FIL
Mar 30 13:04:35 Locked: 0.33249517244 FIL
Mar 30 13:04:36 Datacap: 3160693276672
Mar 30 13:04:36 ....
Mar 30 13:04:37 Count: 3 of 4
Mar 30 13:04:37 f022163 (1 / 1 tries):
Mar 30 13:04:38 f0421499: 23.293832210218907393 FIL (8.7G free)
Mar 30 13:04:38 Escrow: 0.999645757255 FIL
Mar 30 13:04:38 Locked: 0.33249517244 FIL
Mar 30 13:04:38 Datacap: 3160693276672
Mar 30 13:04:39 ....
Mar 30 13:04:40 Count: 3 of 4
Mar 30 13:04:40 f058369 (1 / 1 tries):
Mar 30 13:04:40 f0421499: 23.293832210218907393 FIL (8.7G free)
Mar 30 13:04:40 Escrow: 0.999645757255 FIL
Mar 30 13:04:40 Locked: 0.33249517244 FIL
Mar 30 13:04:41 Datacap: 3160693276672
Mar 30 13:04:41 ....
Mar 30 13:04:42 Count: 3 of 4
Mar 30 13:04:42 f066596 (1 / 1 tries):
Mar 30 13:04:43 f0421499: 23.293832210218907393 FIL (8.7G free)
Mar 30 13:04:43 Escrow: 0.999645757255 FIL
Mar 30 13:04:43 Locked: 0.33249517244 FIL
Mar 30 13:04:44 Datacap: 3160693276672
Mar 30 13:04:44 ....
Mar 30 13:04:45 Count: 3 of 4
Mar 30 13:04:45 f022352 (1 / 1 tries):
Mar 30 13:04:46 f0421499: 23.293832210218907393 FIL (8.7G free)
Mar 30 13:04:46 Escrow: 0.999645757255 FIL
Mar 30 13:04:46 Locked: 0.33249517244 FIL
Mar 30 13:04:46 Datacap: 3160693276672
Mar 30 13:04:46 ....
Mar 30 13:04:48 Count: 3 of 4
Mar 30 13:04:48 f021716 (1 / 1 tries):
Mar 30 13:04:48 f0421499: 23.293832210218907393 FIL (8.7G free)
Mar 30 13:04:49 Escrow: 0.999645757255 FIL
Mar 30 13:04:49 Locked: 0.33249517244 FIL
Mar 30 13:04:49 Datacap: 3160693276672
Mar 30 13:04:49 ....
Mar 30 13:04:50 Count: 3 of 4
Mar 30 13:04:50 f01277 (1 / 1 tries):
Mar 30 13:04:51 Skipping f01277: min-ask
Mar 30 13:04:51 
Mar 30 13:04:52 Count: 3 of 4
Mar 30 13:04:52 f010479 (1 / 1 tries):
Mar 30 13:04:52 f0421499: 23.293832210218907393 FIL (8.7G free)
Mar 30 13:04:52 Escrow: 0.999645757255 FIL
Mar 30 13:04:52 Locked: 0.33249517244 FIL
Mar 30 13:04:53 Datacap: 3160693276672
Mar 30 13:04:53 ....
Mar 30 13:04:54 Count: 3 of 4
Mar 30 13:04:54 f023971 (1 / 1 tries):
Mar 30 13:04:55 f0421499: 23.293832210218907393 FIL (8.7G free)
Mar 30 13:04:55 Escrow: 0.999645757255 FIL
Mar 30 13:04:55 Locked: 0.33249517244 FIL
Mar 30 13:04:55 Datacap: 3160693276672
Mar 30 13:04:55 ....
Mar 30 13:04:56 Count: 3 of 4
Mar 30 13:04:56 f022142 (1 / 1 tries):
Mar 30 13:04:57 f0421499: 23.293832210218907393 FIL (8.7G free)
Mar 30 13:04:57 Escrow: 0.999645757255 FIL
Mar 30 13:04:57 Locked: 0.33249517244 FIL
Mar 30 13:04:58 Datacap: 3160693276672
Mar 30 13:04:58 ....
Mar 30 13:04:59 Count: 3 of 4
Mar 30 13:04:59 f08403 (1 / 1 tries):
Mar 30 13:05:00 f0421499: 23.293832210218907393 FIL (8.7G free)
Mar 30 13:05:00 Escrow: 0.999645757255 FIL
Mar 30 13:05:00 Locked: 0.33249517244 FIL
Mar 30 13:05:00 Datacap: 3160693276672
Mar 30 13:05:00 ....
Mar 30 13:05:01 Count: 3 of 4
Mar 30 13:05:01 f0165400 (1 / 1 tries):
Mar 30 13:05:02 f0421499: 23.293832210218907393 FIL (8.7G free)
Mar 30 13:05:03 Escrow: 0.999645757255 FIL
Mar 30 13:05:03 Locked: 0.33249517244 FIL
Mar 30 13:05:03 Datacap: 3160693276672
Mar 30 13:05:03 ....
Mar 30 13:05:04 Count: 3 of 4
Mar 30 13:05:04 f014768 (1 / 1 tries):
Mar 30 13:05:05 f0421499: 23.293832210218907393 FIL (8.7G free)
Mar 30 13:05:05 Escrow: 0.999645757255 FIL
Mar 30 13:05:05 Locked: 0.33249517244 FIL
Mar 30 13:05:06 Datacap: 3160693276672
Mar 30 13:05:06 ....
