Mar 30 11:51:09 Count: 3 of 4
Mar 30 11:51:09 f01234 (1 / 1 tries):
Mar 30 11:51:09 f0421499: 23.293832210218907393 FIL (8.9G free)
Mar 30 11:51:09 Escrow: 0.999645757255 FIL
Mar 30 11:51:09 Locked: 0.33249517244 FIL
Mar 30 11:51:10 Datacap: 3160693276672
Mar 30 11:51:10 ....
Mar 30 11:51:11 Count: 3 of 4
Mar 30 11:51:11 f062353 (1 / 1 tries):
Mar 30 11:51:12 f0421499: 23.293832210218907393 FIL (8.9G free)
Mar 30 11:51:12 Escrow: 0.999645757255 FIL
Mar 30 11:51:12 Locked: 0.33249517244 FIL
Mar 30 11:51:12 Datacap: 3160693276672
Mar 30 11:51:13 ....
Mar 30 11:51:14 Count: 3 of 4
Mar 30 11:51:14 f066596 (1 / 1 tries):
Mar 30 11:51:14 f0421499: 23.293832210218907393 FIL (8.9G free)
Mar 30 11:51:14 Escrow: 0.999645757255 FIL
Mar 30 11:51:14 Locked: 0.33249517244 FIL
Mar 30 11:51:15 Datacap: 3160693276672
Mar 30 11:51:15 ....
Mar 30 11:51:16 Count: 3 of 4
Mar 30 11:51:16 f08399 (1 / 1 tries):
Mar 30 11:51:17 f0421499: 23.293832210218907393 FIL (8.9G free)
Mar 30 11:51:17 Escrow: 0.999645757255 FIL
Mar 30 11:51:17 Locked: 0.33249517244 FIL
Mar 30 11:51:17 Datacap: 3160693276672
Mar 30 11:51:18 ....
Mar 30 11:51:19 Count: 3 of 4
Mar 30 11:51:19 f02606 (1 / 1 tries):
Mar 30 11:51:19 f0421499: 23.293832210218907393 FIL (8.9G free)
Mar 30 11:51:19 Escrow: 0.999645757255 FIL
Mar 30 11:51:19 Locked: 0.33249517244 FIL
Mar 30 11:51:20 Datacap: 3160693276672
Mar 30 11:51:20 ....
Mar 30 11:51:21 Count: 3 of 4
Mar 30 11:51:21 f09848 (1 / 1 tries):
Mar 30 11:51:21 f0421499: 23.293832210218907393 FIL (8.9G free)
Mar 30 11:51:22 Escrow: 0.999645757255 FIL
Mar 30 11:51:22 Locked: 0.33249517244 FIL
Mar 30 11:51:22 Datacap: 3160693276672
Mar 30 11:51:22 ....
Mar 30 11:51:23 Count: 3 of 4
Mar 30 11:51:23 f099608 (1 / 1 tries):
Mar 30 11:51:24 f0421499: 23.293832210218907393 FIL (8.9G free)
Mar 30 11:51:24 Escrow: 0.999645757255 FIL
Mar 30 11:51:24 Locked: 0.33249517244 FIL
Mar 30 11:51:25 Datacap: 3160693276672
Mar 30 11:51:25 ....
Mar 30 11:51:26 Count: 3 of 4
Mar 30 11:51:26 f019104 (1 / 1 tries):
Mar 30 11:51:26 Skipping f019104: error-ask
Mar 30 11:51:26 
Mar 30 11:51:27 Count: 3 of 4
Mar 30 11:51:27 f0165400 (1 / 1 tries):
Mar 30 11:51:28 f0421499: 23.293832210218907393 FIL (8.9G free)
Mar 30 11:51:28 Escrow: 0.999645757255 FIL
Mar 30 11:51:28 Locked: 0.33249517244 FIL
Mar 30 11:51:28 Datacap: 3160693276672
Mar 30 11:51:28 ....
Mar 30 11:51:29 Count: 3 of 4
Mar 30 11:51:29 f01278 (1 / 1 tries):
Mar 30 11:51:30 f0421499: 23.293832210218907393 FIL (8.9G free)
Mar 30 11:51:30 Escrow: 0.999645757255 FIL
Mar 30 11:51:30 Locked: 0.33249517244 FIL
Mar 30 11:51:30 Datacap: 3160693276672
Mar 30 11:51:30 ....
Mar 30 11:51:31 Count: 3 of 4
Mar 30 11:51:31 f010479 (1 / 1 tries):
Mar 30 11:51:32 f0421499: 23.293832210218907393 FIL (8.9G free)
Mar 30 11:51:32 Escrow: 0.999645757255 FIL
Mar 30 11:51:32 Locked: 0.33249517244 FIL
Mar 30 11:51:33 Datacap: 3160693276672
Mar 30 11:51:33 ....
Mar 30 11:51:34 Count: 3 of 4
Mar 30 11:51:34 f022352 (1 / 1 tries):
Mar 30 11:51:34 f0421499: 23.293832210218907393 FIL (8.9G free)
Mar 30 11:51:35 Escrow: 0.999645757255 FIL
Mar 30 11:51:35 Locked: 0.33249517244 FIL
Mar 30 11:51:35 Datacap: 3160693276672
Mar 30 11:51:35 ....
Mar 30 11:51:36 Count: 3 of 4
Mar 30 11:51:36 f01277 (1 / 1 tries):
Mar 30 11:51:37 Skipping f01277: min-ask
Mar 30 11:51:37 
Mar 30 11:51:38 Count: 3 of 4
Mar 30 11:51:38 f08403 (1 / 1 tries):
Mar 30 11:51:38 f0421499: 23.293832210218907393 FIL (8.9G free)
Mar 30 11:51:38 Escrow: 0.999645757255 FIL
Mar 30 11:51:38 Locked: 0.33249517244 FIL
Mar 30 11:51:39 Datacap: 3160693276672
Mar 30 11:51:39 ....
Mar 30 11:51:40 Count: 3 of 4
Mar 30 11:51:40 f071624 (1 / 1 tries):
Mar 30 11:51:41 f0421499: 23.293832210218907393 FIL (8.9G free)
Mar 30 11:51:41 Escrow: 0.999645757255 FIL
Mar 30 11:51:41 Locked: 0.33249517244 FIL
Mar 30 11:51:42 Datacap: 3160693276672
Mar 30 11:51:42 ....
Mar 30 11:51:43 Count: 3 of 4
Mar 30 11:51:43 f0157535 (1 / 1 tries):
Mar 30 11:51:43 f0421499: 23.293832210218907393 FIL (8.9G free)
Mar 30 11:51:44 Escrow: 0.999645757255 FIL
Mar 30 11:51:44 Locked: 0.33249517244 FIL
Mar 30 11:51:44 Datacap: 3160693276672
Mar 30 11:51:44 ....
Mar 30 11:51:45 Count: 3 of 4
Mar 30 11:51:45 f058369 (1 / 1 tries):
Mar 30 11:51:46 f0421499: 23.293832210218907393 FIL (8.9G free)
Mar 30 11:51:46 Escrow: 0.999645757255 FIL
Mar 30 11:51:46 Locked: 0.33249517244 FIL
Mar 30 11:51:47 Datacap: 3160693276672
Mar 30 11:51:47 ....
Mar 30 11:51:48 Count: 3 of 4
Mar 30 11:51:48 f022163 (1 / 1 tries):
Mar 30 11:51:49 f0421499: 23.293832210218907393 FIL (8.9G free)
Mar 30 11:51:49 Escrow: 0.999645757255 FIL
Mar 30 11:51:49 Locked: 0.33249517244 FIL
Mar 30 11:51:49 Datacap: 3160693276672
Mar 30 11:51:49 ....
Mar 30 11:51:50 Count: 3 of 4
Mar 30 11:51:50 f0145874 (1 / 1 tries):
Mar 30 11:51:51 f0421499: 23.293832210218907393 FIL (8.9G free)
Mar 30 11:51:51 Escrow: 0.999645757255 FIL
Mar 30 11:51:51 Locked: 0.33249517244 FIL
Mar 30 11:51:52 Datacap: 3160693276672
Mar 30 11:51:52 ....
Mar 30 11:51:53 Count: 3 of 4
Mar 30 11:51:53 f014409 (1 / 1 tries):
Mar 30 11:51:54 f0421499: 23.293832210218907393 FIL (8.9G free)
Mar 30 11:51:54 Escrow: 0.999645757255 FIL
Mar 30 11:51:54 Locked: 0.33249517244 FIL
Mar 30 11:51:55 Datacap: 3160693276672
Mar 30 11:51:55 ....
Mar 30 11:51:56 Count: 3 of 4
Mar 30 11:51:56 f019551 (1 / 1 tries):
Mar 30 11:51:56 f0421499: 23.293832210218907393 FIL (8.9G free)
Mar 30 11:51:56 Escrow: 0.999645757255 FIL
Mar 30 11:51:56 Locked: 0.33249517244 FIL
Mar 30 11:51:57 Datacap: 3160693276672
Mar 30 11:51:57 ....
Mar 30 11:51:58 Count: 3 of 4
Mar 30 11:51:58 f019362 (1 / 1 tries):
Mar 30 11:51:59 f0421499: 23.293832210218907393 FIL (8.9G free)
Mar 30 11:51:59 Escrow: 0.999645757255 FIL
Mar 30 11:51:59 Locked: 0.33249517244 FIL
Mar 30 11:51:59 Datacap: 3160693276672
Mar 30 11:51:59 ....
Mar 30 11:52:00 Count: 3 of 4
Mar 30 11:52:00 f022142 (1 / 1 tries):
Mar 30 11:52:01 f0421499: 23.293832210218907393 FIL (8.9G free)
Mar 30 11:52:01 Escrow: 0.999645757255 FIL
Mar 30 11:52:01 Locked: 0.33249517244 FIL
Mar 30 11:52:01 Datacap: 3160693276672
Mar 30 11:52:01 ....
Mar 30 11:52:02 Count: 3 of 4
Mar 30 11:52:02 f0127896 (1 / 1 tries):
Mar 30 11:52:03 Skipping f0127896: min-ask
Mar 30 11:52:03 
Mar 30 11:52:04 Count: 3 of 4
Mar 30 11:52:04 f019041 (1 / 1 tries):
Mar 30 11:52:05 f0421499: 23.293832210218907393 FIL (8.9G free)
Mar 30 11:52:05 Escrow: 0.999645757255 FIL
Mar 30 11:52:05 Locked: 0.33249517244 FIL
Mar 30 11:52:05 Datacap: 3160693276672
Mar 30 11:52:05 ....
Mar 30 11:52:06 Count: 3 of 4
Mar 30 11:52:06 f010617 (1 / 1 tries):
Mar 30 11:52:07 f0421499: 23.293832210218907393 FIL (8.9G free)
Mar 30 11:52:07 Escrow: 0.999645757255 FIL
Mar 30 11:52:07 Locked: 0.33249517244 FIL
Mar 30 11:52:08 Datacap: 3160693276672
Mar 30 11:52:08 ....
Mar 30 11:52:09 Count: 3 of 4
Mar 30 11:52:09 f023971 (1 / 1 tries):
Mar 30 11:52:10 f0421499: 23.293832210218907393 FIL (8.9G free)
Mar 30 11:52:10 Escrow: 0.999645757255 FIL
Mar 30 11:52:10 Locked: 0.33249517244 FIL
Mar 30 11:52:10 Datacap: 3160693276672
Mar 30 11:52:11 ....
Mar 30 11:52:12 Count: 3 of 4
Mar 30 11:52:12 f02576 (1 / 1 tries):
Mar 30 11:52:12 f0421499: 23.293832210218907393 FIL (8.9G free)
Mar 30 11:52:13 Escrow: 0.999645757255 FIL
Mar 30 11:52:13 Locked: 0.33249517244 FIL
Mar 30 11:52:13 Datacap: 3160693276672
Mar 30 11:52:13 ....
Mar 30 11:52:14 Count: 3 of 4
Mar 30 11:52:14 f014768 (1 / 1 tries):
Mar 30 11:52:15 f0421499: 23.293832210218907393 FIL (8.9G free)
Mar 30 11:52:15 Escrow: 0.999645757255 FIL
Mar 30 11:52:15 Locked: 0.33249517244 FIL
Mar 30 11:52:16 Datacap: 3160693276672
Mar 30 11:52:16 ....
Mar 30 11:52:17 Count: 3 of 4
Mar 30 11:52:17 f023467 (1 / 1 tries):
Mar 30 11:52:18 f0421499: 23.293832210218907393 FIL (8.9G free)
Mar 30 11:52:18 Escrow: 0.999645757255 FIL
Mar 30 11:52:18 Locked: 0.33249517244 FIL
Mar 30 11:52:18 Datacap: 3160693276672
Mar 30 11:52:18 ....
Mar 30 11:52:19 Count: 3 of 4
Mar 30 11:52:19 f07998 (1 / 1 tries):
Mar 30 11:52:20 f0421499: 23.293832210218907393 FIL (8.9G free)
Mar 30 11:52:20 Escrow: 0.999645757255 FIL
Mar 30 11:52:20 Locked: 0.33249517244 FIL
Mar 30 11:52:21 Datacap: 3160693276672
Mar 30 11:52:21 ....
Mar 30 11:52:22 Count: 3 of 4
Mar 30 11:52:22 f021716 (1 / 1 tries):
Mar 30 11:52:23 f0421499: 23.293832210218907393 FIL (8.9G free)
Mar 30 11:52:23 Escrow: 0.999645757255 FIL
Mar 30 11:52:23 Locked: 0.33249517244 FIL
Mar 30 11:52:24 Datacap: 3160693276672
Mar 30 11:52:24 ....
Mar 30 11:52:25 Count: 3 of 4
Mar 30 11:52:25 f01240 (1 / 1 tries):
Mar 30 11:52:25 f0421499: 23.293832210218907393 FIL (8.9G free)
Mar 30 11:52:25 Escrow: 0.999645757255 FIL
Mar 30 11:52:25 Locked: 0.33249517244 FIL
Mar 30 11:52:26 Datacap: 3160693276672
Mar 30 11:52:26 ....
Mar 30 11:52:27 Count: 3 of 4
Mar 30 11:52:27 f015927 (1 / 1 tries):
Mar 30 11:52:28 Skipping f015927: min-ask
Mar 30 11:52:28 
Mar 30 11:52:29 Count: 3 of 4
Mar 30 11:52:29 f01247 (1 / 1 tries):
Mar 30 11:52:29 f0421499: 23.293832210218907393 FIL (8.9G free)
Mar 30 11:52:29 Escrow: 0.999645757255 FIL
Mar 30 11:52:29 Locked: 0.33249517244 FIL
Mar 30 11:52:30 Datacap: 3160693276672
Mar 30 11:52:30 ....
Mar 30 11:52:31 Count: 3 of 4
Mar 30 11:52:31 f019100 (1 / 1 tries):
Mar 30 11:52:31 Skipping f019100: error-ask
Mar 30 11:52:31 
