Mar 30 10:37:24 Count: 3 of 4
Mar 30 10:37:24 f0145874 (1 / 1 tries):
Mar 30 10:37:25 f0421499: 23.293832210218907393 FIL (9.2G free)
Mar 30 10:37:25 Escrow: 0.999645757255 FIL
Mar 30 10:37:25 Locked: 0.33249517244 FIL
Mar 30 10:37:25 Datacap: 3160693276672
Mar 30 10:37:25 ....
Mar 30 10:37:26 Count: 3 of 4
Mar 30 10:37:26 f01277 (1 / 1 tries):
Mar 30 10:37:27 Skipping f01277: min-ask
Mar 30 10:37:27 
Mar 30 10:37:28 Count: 3 of 4
Mar 30 10:37:28 f08403 (1 / 1 tries):
Mar 30 10:37:28 f0421499: 23.293832210218907393 FIL (9.2G free)
Mar 30 10:37:29 Escrow: 0.999645757255 FIL
Mar 30 10:37:29 Locked: 0.33249517244 FIL
Mar 30 10:37:29 Datacap: 3160693276672
Mar 30 10:37:29 ....
Mar 30 10:37:30 Count: 3 of 4
Mar 30 10:37:30 f019100 (1 / 1 tries):
Mar 30 10:37:30 Skipping f019100: error-ask
Mar 30 10:37:30 
Mar 30 10:37:31 Count: 3 of 4
Mar 30 10:37:31 f010479 (1 / 1 tries):
Mar 30 10:37:32 f0421499: 23.293832210218907393 FIL (9.2G free)
Mar 30 10:37:32 Escrow: 0.999645757255 FIL
Mar 30 10:37:32 Locked: 0.33249517244 FIL
Mar 30 10:37:33 Datacap: 3160693276672
Mar 30 10:37:33 ....
Mar 30 10:37:34 Count: 3 of 4
Mar 30 10:37:34 f0157535 (1 / 1 tries):
Mar 30 10:37:34 f0421499: 23.293832210218907393 FIL (9.2G free)
Mar 30 10:37:35 Escrow: 0.999645757255 FIL
Mar 30 10:37:35 Locked: 0.33249517244 FIL
Mar 30 10:37:35 Datacap: 3160693276672
Mar 30 10:37:35 ....
Mar 30 10:37:36 Count: 3 of 4
Mar 30 10:37:36 f066596 (1 / 1 tries):
Mar 30 10:37:37 f0421499: 23.293832210218907393 FIL (9.2G free)
Mar 30 10:37:37 Escrow: 0.999645757255 FIL
Mar 30 10:37:37 Locked: 0.33249517244 FIL
Mar 30 10:37:37 Datacap: 3160693276672
Mar 30 10:37:37 ....
Mar 30 10:37:38 Count: 3 of 4
Mar 30 10:37:38 f022352 (1 / 1 tries):
Mar 30 10:37:39 f0421499: 23.293832210218907393 FIL (9.2G free)
Mar 30 10:37:39 Escrow: 0.999645757255 FIL
Mar 30 10:37:39 Locked: 0.33249517244 FIL
Mar 30 10:37:39 Datacap: 3160693276672
Mar 30 10:37:39 ....
Mar 30 10:37:40 Count: 3 of 4
Mar 30 10:37:40 f058369 (1 / 1 tries):
Mar 30 10:37:41 f0421499: 23.293832210218907393 FIL (9.2G free)
Mar 30 10:37:41 Escrow: 0.999645757255 FIL
Mar 30 10:37:41 Locked: 0.33249517244 FIL
Mar 30 10:37:42 Datacap: 3160693276672
Mar 30 10:37:42 ....
Mar 30 10:37:43 Count: 3 of 4
Mar 30 10:37:43 f019362 (1 / 1 tries):
Mar 30 10:37:43 f0421499: 23.293832210218907393 FIL (9.2G free)
Mar 30 10:37:44 Escrow: 0.999645757255 FIL
Mar 30 10:37:44 Locked: 0.33249517244 FIL
Mar 30 10:37:44 Datacap: 3160693276672
Mar 30 10:37:44 ....
Mar 30 10:37:45 Count: 3 of 4
Mar 30 10:37:45 f010617 (1 / 1 tries):
Mar 30 10:37:46 f0421499: 23.293832210218907393 FIL (9.2G free)
Mar 30 10:37:46 Escrow: 0.999645757255 FIL
Mar 30 10:37:46 Locked: 0.33249517244 FIL
Mar 30 10:37:46 Datacap: 3160693276672
Mar 30 10:37:46 ....
Mar 30 10:37:47 Count: 3 of 4
Mar 30 10:37:47 f062353 (1 / 1 tries):
Mar 30 10:37:48 f0421499: 23.293832210218907393 FIL (9.2G free)
Mar 30 10:37:48 Escrow: 0.999645757255 FIL
Mar 30 10:37:48 Locked: 0.33249517244 FIL
Mar 30 10:37:48 Datacap: 3160693276672
Mar 30 10:37:48 ....
Mar 30 10:37:49 Count: 3 of 4
Mar 30 10:37:49 f022142 (1 / 1 tries):
Mar 30 10:37:50 f0421499: 23.293832210218907393 FIL (9.2G free)
Mar 30 10:37:50 Escrow: 0.999645757255 FIL
Mar 30 10:37:50 Locked: 0.33249517244 FIL
Mar 30 10:37:51 Datacap: 3160693276672
Mar 30 10:37:51 ....
Mar 30 10:37:52 Count: 3 of 4
Mar 30 10:37:52 f02606 (1 / 1 tries):
Mar 30 10:37:53 f0421499: 23.293832210218907393 FIL (9.2G free)
Mar 30 10:37:53 Escrow: 0.999645757255 FIL
Mar 30 10:37:53 Locked: 0.33249517244 FIL
Mar 30 10:37:53 Datacap: 3160693276672
Mar 30 10:37:53 ....
Mar 30 10:37:54 Count: 3 of 4
Mar 30 10:37:54 f0165400 (1 / 1 tries):
Mar 30 10:37:55 f0421499: 23.293832210218907393 FIL (9.2G free)
Mar 30 10:37:56 Escrow: 0.999645757255 FIL
Mar 30 10:37:56 Locked: 0.33249517244 FIL
Mar 30 10:37:56 Datacap: 3160693276672
Mar 30 10:37:56 ....
Mar 30 10:37:57 Count: 3 of 4
Mar 30 10:37:57 f019041 (1 / 1 tries):
Mar 30 10:37:58 f0421499: 23.293832210218907393 FIL (9.2G free)
Mar 30 10:37:58 Escrow: 0.999645757255 FIL
Mar 30 10:37:58 Locked: 0.33249517244 FIL
Mar 30 10:37:58 Datacap: 3160693276672
Mar 30 10:37:59 ....
Mar 30 10:38:00 Count: 3 of 4
Mar 30 10:38:00 f023971 (1 / 1 tries):
Mar 30 10:38:00 f0421499: 23.293832210218907393 FIL (9.2G free)
Mar 30 10:38:00 Escrow: 0.999645757255 FIL
Mar 30 10:38:00 Locked: 0.33249517244 FIL
Mar 30 10:38:01 Datacap: 3160693276672
Mar 30 10:38:01 ....
Mar 30 10:38:02 Count: 3 of 4
Mar 30 10:38:02 f023467 (1 / 1 tries):
Mar 30 10:38:03 f0421499: 23.293832210218907393 FIL (9.2G free)
Mar 30 10:38:03 Escrow: 0.999645757255 FIL
Mar 30 10:38:03 Locked: 0.33249517244 FIL
Mar 30 10:38:03 Datacap: 3160693276672
Mar 30 10:38:03 ....
Mar 30 10:38:04 Count: 3 of 4
Mar 30 10:38:04 f022163 (1 / 1 tries):
Mar 30 10:38:05 f0421499: 23.293832210218907393 FIL (9.2G free)
Mar 30 10:38:05 Escrow: 0.999645757255 FIL
Mar 30 10:38:05 Locked: 0.33249517244 FIL
Mar 30 10:38:05 Datacap: 3160693276672
Mar 30 10:38:05 ....
Mar 30 10:38:06 Count: 3 of 4
Mar 30 10:38:06 f019104 (1 / 1 tries):
Mar 30 10:38:07 Skipping f019104: error-ask
Mar 30 10:38:07 
Mar 30 10:38:08 Count: 3 of 4
Mar 30 10:38:08 f015927 (1 / 1 tries):
Mar 30 10:38:08 Skipping f015927: min-ask
Mar 30 10:38:08 
Mar 30 10:38:09 Count: 3 of 4
Mar 30 10:38:09 f019551 (1 / 1 tries):
Mar 30 10:38:10 f0421499: 23.293832210218907393 FIL (9.2G free)
Mar 30 10:38:10 Escrow: 0.999645757255 FIL
Mar 30 10:38:10 Locked: 0.33249517244 FIL
Mar 30 10:38:10 Datacap: 3160693276672
Mar 30 10:38:11 ....
Mar 30 10:38:12 Count: 3 of 4
Mar 30 10:38:12 f07998 (1 / 1 tries):
Mar 30 10:38:12 f0421499: 23.293832210218907393 FIL (9.2G free)
Mar 30 10:38:12 Escrow: 0.999645757255 FIL
Mar 30 10:38:12 Locked: 0.33249517244 FIL
Mar 30 10:38:13 Datacap: 3160693276672
Mar 30 10:38:13 ....
Mar 30 10:38:14 Count: 3 of 4
Mar 30 10:38:14 f021716 (1 / 1 tries):
Mar 30 10:38:15 f0421499: 23.293832210218907393 FIL (9.2G free)
Mar 30 10:38:15 Escrow: 0.999645757255 FIL
Mar 30 10:38:15 Locked: 0.33249517244 FIL
Mar 30 10:38:15 Datacap: 3160693276672
Mar 30 10:38:16 ....
Mar 30 10:38:17 Count: 3 of 4
Mar 30 10:38:17 f01240 (1 / 1 tries):
Mar 30 10:38:17 f0421499: 23.293832210218907393 FIL (9.2G free)
Mar 30 10:38:17 Escrow: 0.999645757255 FIL
Mar 30 10:38:17 Locked: 0.33249517244 FIL
Mar 30 10:38:18 Datacap: 3160693276672
Mar 30 10:38:18 ....
Mar 30 10:38:19 Count: 3 of 4
Mar 30 10:38:19 f02576 (1 / 1 tries):
Mar 30 10:38:20 f0421499: 23.293832210218907393 FIL (9.2G free)
Mar 30 10:38:20 Escrow: 0.999645757255 FIL
Mar 30 10:38:20 Locked: 0.33249517244 FIL
Mar 30 10:38:21 Datacap: 3160693276672
Mar 30 10:38:21 ....
Mar 30 10:38:22 Count: 3 of 4
Mar 30 10:38:22 f0127896 (1 / 1 tries):
Mar 30 10:38:23 Skipping f0127896: min-ask
Mar 30 10:38:23 
Mar 30 10:38:24 Count: 3 of 4
Mar 30 10:38:24 f08399 (1 / 1 tries):
Mar 30 10:38:24 f0421499: 23.293832210218907393 FIL (9.2G free)
Mar 30 10:38:25 Escrow: 0.999645757255 FIL
Mar 30 10:38:25 Locked: 0.33249517244 FIL
Mar 30 10:38:25 Datacap: 3160693276672
Mar 30 10:38:25 ....
Mar 30 10:38:26 Count: 3 of 4
Mar 30 10:38:26 f01247 (1 / 1 tries):
Mar 30 10:38:27 f0421499: 23.293832210218907393 FIL (9.2G free)
Mar 30 10:38:27 Escrow: 0.999645757255 FIL
Mar 30 10:38:27 Locked: 0.33249517244 FIL
Mar 30 10:38:28 Datacap: 3160693276672
Mar 30 10:38:28 ....
Mar 30 10:38:29 Count: 3 of 4
Mar 30 10:38:29 f071624 (1 / 1 tries):
Mar 30 10:38:29 f0421499: 23.293832210218907393 FIL (9.2G free)
Mar 30 10:38:30 Escrow: 0.999645757255 FIL
Mar 30 10:38:30 Locked: 0.33249517244 FIL
Mar 30 10:38:30 Datacap: 3160693276672
Mar 30 10:38:30 ....
Mar 30 10:38:31 Count: 3 of 4
Mar 30 10:38:31 f014768 (1 / 1 tries):
Mar 30 10:38:32 f0421499: 23.293832210218907393 FIL (9.2G free)
Mar 30 10:38:32 Escrow: 0.999645757255 FIL
Mar 30 10:38:32 Locked: 0.33249517244 FIL
Mar 30 10:38:32 Datacap: 3160693276672
Mar 30 10:38:32 ....
Mar 30 10:38:33 Count: 3 of 4
Mar 30 10:38:33 f01278 (1 / 1 tries):
Mar 30 10:38:34 f0421499: 23.293832210218907393 FIL (9.2G free)
Mar 30 10:38:34 Escrow: 0.999645757255 FIL
Mar 30 10:38:34 Locked: 0.33249517244 FIL
Mar 30 10:38:35 Datacap: 3160693276672
Mar 30 10:38:35 ....
Mar 30 10:38:36 Count: 3 of 4
Mar 30 10:38:36 f014409 (1 / 1 tries):
Mar 30 10:38:37 f0421499: 23.293832210218907393 FIL (9.2G free)
Mar 30 10:38:37 Escrow: 0.999645757255 FIL
Mar 30 10:38:37 Locked: 0.33249517244 FIL
Mar 30 10:38:37 Datacap: 3160693276672
Mar 30 10:38:37 ....
Mar 30 10:38:38 Count: 3 of 4
Mar 30 10:38:38 f01234 (1 / 1 tries):
Mar 30 10:38:39 f0421499: 23.293832210218907393 FIL (9.2G free)
Mar 30 10:38:39 Escrow: 0.999645757255 FIL
Mar 30 10:38:39 Locked: 0.33249517244 FIL
Mar 30 10:38:40 Datacap: 3160693276672
Mar 30 10:38:40 ....
Mar 30 10:38:41 Count: 3 of 4
Mar 30 10:38:41 f099608 (1 / 1 tries):
Mar 30 10:38:41 f0421499: 23.293832210218907393 FIL (9.2G free)
Mar 30 10:38:42 Escrow: 0.999645757255 FIL
Mar 30 10:38:42 Locked: 0.33249517244 FIL
Mar 30 10:38:42 Datacap: 3160693276672
Mar 30 10:38:42 ....
Mar 30 10:38:43 Count: 3 of 4
Mar 30 10:38:43 f09848 (1 / 1 tries):
Mar 30 10:38:43 f0421499: 23.293832210218907393 FIL (9.2G free)
Mar 30 10:38:43 Escrow: 0.999645757255 FIL
Mar 30 10:38:43 Locked: 0.33249517244 FIL
Mar 30 10:38:44 Datacap: 3160693276672
Mar 30 10:38:44 ....
