Mar 30 07:16:37 Count: 3 of 4
Mar 30 07:16:37 f02576 (1 / 1 tries):
Mar 30 07:16:37 f0421499: 23.293832210218907393 FIL (9.7G free)
Mar 30 07:16:37 Escrow: 0.999645757255 FIL
Mar 30 07:16:37 Locked: 0.33249517244 FIL
Mar 30 07:16:38 Datacap: 3160693276672
Mar 30 07:16:38 ....
Mar 30 07:16:39 Count: 3 of 4
Mar 30 07:16:39 f07998 (1 / 1 tries):
Mar 30 07:16:40 f0421499: 23.293832210218907393 FIL (9.7G free)
Mar 30 07:16:40 Escrow: 0.999645757255 FIL
Mar 30 07:16:40 Locked: 0.33249517244 FIL
Mar 30 07:16:41 Datacap: 3160693276672
Mar 30 07:16:41 ....
Mar 30 07:16:42 Count: 3 of 4
Mar 30 07:16:42 f08403 (1 / 1 tries):
Mar 30 07:16:42 f0421499: 23.293832210218907393 FIL (9.7G free)
Mar 30 07:16:42 Escrow: 0.999645757255 FIL
Mar 30 07:16:42 Locked: 0.33249517244 FIL
Mar 30 07:16:43 Datacap: 3160693276672
Mar 30 07:16:43 ....
Mar 30 07:16:44 Count: 3 of 4
Mar 30 07:16:44 f066596 (1 / 1 tries):
Mar 30 07:16:45 f0421499: 23.293832210218907393 FIL (9.7G free)
Mar 30 07:16:45 Escrow: 0.999645757255 FIL
Mar 30 07:16:45 Locked: 0.33249517244 FIL
Mar 30 07:16:45 Datacap: 3160693276672
Mar 30 07:16:45 ....
Mar 30 07:16:47 Count: 3 of 4
Mar 30 07:16:47 f022163 (1 / 1 tries):
Mar 30 07:16:47 f0421499: 23.293832210218907393 FIL (9.7G free)
Mar 30 07:16:48 Escrow: 0.999645757255 FIL
Mar 30 07:16:48 Locked: 0.33249517244 FIL
Mar 30 07:16:48 Datacap: 3160693276672
Mar 30 07:16:48 ....
Mar 30 07:16:49 Count: 3 of 4
Mar 30 07:16:49 f01278 (1 / 1 tries):
Mar 30 07:16:50 f0421499: 23.293832210218907393 FIL (9.7G free)
Mar 30 07:16:50 Escrow: 0.999645757255 FIL
Mar 30 07:16:50 Locked: 0.33249517244 FIL
Mar 30 07:16:50 Datacap: 3160693276672
Mar 30 07:16:50 ....
Mar 30 07:16:51 Count: 3 of 4
Mar 30 07:16:51 f08399 (1 / 1 tries):
Mar 30 07:16:52 f0421499: 23.293832210218907393 FIL (9.7G free)
Mar 30 07:16:52 Escrow: 0.999645757255 FIL
Mar 30 07:16:52 Locked: 0.33249517244 FIL
Mar 30 07:16:53 Datacap: 3160693276672
Mar 30 07:16:53 ....
Mar 30 07:16:54 Count: 3 of 4
Mar 30 07:16:54 f0157535 (1 / 1 tries):
Mar 30 07:16:55 f0421499: 23.293832210218907393 FIL (9.7G free)
Mar 30 07:16:55 Escrow: 0.999645757255 FIL
Mar 30 07:16:55 Locked: 0.33249517244 FIL
Mar 30 07:16:55 Datacap: 3160693276672
Mar 30 07:16:55 ....
Mar 30 07:16:56 Count: 3 of 4
Mar 30 07:16:56 f014409 (1 / 1 tries):
Mar 30 07:16:57 f0421499: 23.293832210218907393 FIL (9.7G free)
Mar 30 07:16:57 Escrow: 0.999645757255 FIL
Mar 30 07:16:57 Locked: 0.33249517244 FIL
Mar 30 07:16:58 Datacap: 3160693276672
Mar 30 07:16:58 ....
Mar 30 07:16:59 Count: 3 of 4
Mar 30 07:16:59 f023467 (1 / 1 tries):
Mar 30 07:17:00 f0421499: 23.293832210218907393 FIL (9.7G free)
Mar 30 07:17:00 Escrow: 0.999645757255 FIL
Mar 30 07:17:00 Locked: 0.33249517244 FIL
Mar 30 07:17:00 Datacap: 3160693276672
Mar 30 07:17:00 ....
Mar 30 07:17:01 Count: 3 of 4
Mar 30 07:17:01 f058369 (1 / 1 tries):
Mar 30 07:17:02 f0421499: 23.293832210218907393 FIL (9.7G free)
Mar 30 07:17:02 Escrow: 0.999645757255 FIL
Mar 30 07:17:02 Locked: 0.33249517244 FIL
Mar 30 07:17:03 Datacap: 3160693276672
Mar 30 07:17:03 ....
Mar 30 07:17:04 Count: 3 of 4
Mar 30 07:17:04 f022352 (1 / 1 tries):
Mar 30 07:17:05 f0421499: 23.293832210218907393 FIL (9.7G free)
Mar 30 07:17:05 Escrow: 0.999645757255 FIL
Mar 30 07:17:05 Locked: 0.33249517244 FIL
Mar 30 07:17:05 Datacap: 3160693276672
Mar 30 07:17:05 ....
Mar 30 07:17:07 Count: 3 of 4
Mar 30 07:17:07 f01247 (1 / 1 tries):
Mar 30 07:17:07 f0421499: 23.293832210218907393 FIL (9.7G free)
Mar 30 07:17:07 Escrow: 0.999645757255 FIL
Mar 30 07:17:07 Locked: 0.33249517244 FIL
Mar 30 07:17:08 Datacap: 3160693276672
Mar 30 07:17:08 ....
Mar 30 07:17:09 Count: 3 of 4
Mar 30 07:17:09 f019041 (1 / 1 tries):
Mar 30 07:17:10 f0421499: 23.293832210218907393 FIL (9.7G free)
Mar 30 07:17:10 Escrow: 0.999645757255 FIL
Mar 30 07:17:10 Locked: 0.33249517244 FIL
Mar 30 07:17:10 Datacap: 3160693276672
Mar 30 07:17:11 ....
Mar 30 07:17:12 Count: 3 of 4
Mar 30 07:17:12 f019104 (1 / 1 tries):
Mar 30 07:17:12 Skipping f019104: error-ask
Mar 30 07:17:12 
Mar 30 07:17:13 Count: 3 of 4
Mar 30 07:17:13 f015927 (1 / 1 tries):
Mar 30 07:17:13 Skipping f015927: min-ask
Mar 30 07:17:13 
Mar 30 07:17:14 Count: 3 of 4
Mar 30 07:17:14 f01240 (1 / 1 tries):
Mar 30 07:17:15 f0421499: 23.293832210218907393 FIL (9.7G free)
Mar 30 07:17:15 Escrow: 0.999645757255 FIL
Mar 30 07:17:15 Locked: 0.33249517244 FIL
Mar 30 07:17:15 Datacap: 3160693276672
Mar 30 07:17:15 ....
Mar 30 07:17:16 Count: 3 of 4
Mar 30 07:17:16 f019551 (1 / 1 tries):
Mar 30 07:17:17 f0421499: 23.293832210218907393 FIL (9.7G free)
Mar 30 07:17:17 Escrow: 0.999645757255 FIL
Mar 30 07:17:17 Locked: 0.33249517244 FIL
Mar 30 07:17:17 Datacap: 3160693276672
Mar 30 07:17:18 ....
Mar 30 07:17:19 Count: 3 of 4
Mar 30 07:17:19 f062353 (1 / 1 tries):
Mar 30 07:17:19 f0421499: 23.293832210218907393 FIL (9.7G free)
Mar 30 07:17:19 Escrow: 0.999645757255 FIL
Mar 30 07:17:19 Locked: 0.33249517244 FIL
Mar 30 07:17:19 Datacap: 3160693276672
Mar 30 07:17:19 ....
Mar 30 07:17:20 Count: 3 of 4
Mar 30 07:17:20 f022142 (1 / 1 tries):
Mar 30 07:17:21 f0421499: 23.293832210218907393 FIL (9.7G free)
Mar 30 07:17:21 Escrow: 0.999645757255 FIL
Mar 30 07:17:21 Locked: 0.33249517244 FIL
Mar 30 07:17:22 Datacap: 3160693276672
Mar 30 07:17:22 ....
Mar 30 07:17:23 Count: 3 of 4
Mar 30 07:17:23 f019362 (1 / 1 tries):
Mar 30 07:17:24 f0421499: 23.293832210218907393 FIL (9.7G free)
Mar 30 07:17:24 Escrow: 0.999645757255 FIL
Mar 30 07:17:24 Locked: 0.33249517244 FIL
Mar 30 07:17:24 Datacap: 3160693276672
Mar 30 07:17:24 ....
Mar 30 07:17:25 Count: 3 of 4
Mar 30 07:17:25 f0165400 (1 / 1 tries):
Mar 30 07:17:26 f0421499: 23.293832210218907393 FIL (9.7G free)
Mar 30 07:17:26 Escrow: 0.999645757255 FIL
Mar 30 07:17:26 Locked: 0.33249517244 FIL
Mar 30 07:17:26 Datacap: 3160693276672
Mar 30 07:17:26 ....
Mar 30 07:17:27 Count: 3 of 4
Mar 30 07:17:27 f021716 (1 / 1 tries):
Mar 30 07:17:28 f0421499: 23.293832210218907393 FIL (9.7G free)
Mar 30 07:17:28 Escrow: 0.999645757255 FIL
Mar 30 07:17:28 Locked: 0.33249517244 FIL
Mar 30 07:17:29 Datacap: 3160693276672
Mar 30 07:17:29 ....
Mar 30 07:17:30 Count: 3 of 4
Mar 30 07:17:30 f01234 (1 / 1 tries):
Mar 30 07:17:31 f0421499: 23.293832210218907393 FIL (9.7G free)
Mar 30 07:17:31 Escrow: 0.999645757255 FIL
Mar 30 07:17:31 Locked: 0.33249517244 FIL
Mar 30 07:17:31 Datacap: 3160693276672
Mar 30 07:17:31 ....
Mar 30 07:17:32 Count: 3 of 4
Mar 30 07:17:32 f023971 (1 / 1 tries):
Mar 30 07:17:33 f0421499: 23.293832210218907393 FIL (9.7G free)
Mar 30 07:17:33 Escrow: 0.999645757255 FIL
Mar 30 07:17:33 Locked: 0.33249517244 FIL
Mar 30 07:17:33 Datacap: 3160693276672
Mar 30 07:17:33 ....
Mar 30 07:17:34 Count: 3 of 4
Mar 30 07:17:34 f010479 (1 / 1 tries):
Mar 30 07:17:35 f0421499: 23.293832210218907393 FIL (9.7G free)
Mar 30 07:17:36 Escrow: 0.999645757255 FIL
Mar 30 07:17:36 Locked: 0.33249517244 FIL
Mar 30 07:17:36 Datacap: 3160693276672
Mar 30 07:17:36 ....
Mar 30 07:17:37 Count: 3 of 4
Mar 30 07:17:37 f0145874 (1 / 1 tries):
Mar 30 07:17:38 f0421499: 23.293832210218907393 FIL (9.7G free)
Mar 30 07:17:38 Escrow: 0.999645757255 FIL
Mar 30 07:17:38 Locked: 0.33249517244 FIL
Mar 30 07:17:38 Datacap: 3160693276672
Mar 30 07:17:38 ....
Mar 30 07:17:39 Count: 3 of 4
Mar 30 07:17:39 f010617 (1 / 1 tries):
Mar 30 07:17:40 f0421499: 23.293832210218907393 FIL (9.7G free)
Mar 30 07:17:40 Escrow: 0.999645757255 FIL
Mar 30 07:17:40 Locked: 0.33249517244 FIL
Mar 30 07:17:41 Datacap: 3160693276672
Mar 30 07:17:41 ....
Mar 30 07:17:42 Count: 3 of 4
Mar 30 07:17:42 f014768 (1 / 1 tries):
Mar 30 07:17:43 f0421499: 23.293832210218907393 FIL (9.7G free)
Mar 30 07:17:43 Escrow: 0.999645757255 FIL
Mar 30 07:17:43 Locked: 0.33249517244 FIL
Mar 30 07:17:43 Datacap: 3160693276672
Mar 30 07:17:43 ....
Mar 30 07:17:44 Count: 3 of 4
Mar 30 07:17:44 f01277 (1 / 1 tries):
Mar 30 07:17:45 Skipping f01277: min-ask
Mar 30 07:17:45 
Mar 30 07:17:46 Count: 3 of 4
Mar 30 07:17:46 f099608 (1 / 1 tries):
Mar 30 07:17:46 f0421499: 23.293832210218907393 FIL (9.7G free)
Mar 30 07:17:46 Escrow: 0.999645757255 FIL
Mar 30 07:17:46 Locked: 0.33249517244 FIL
Mar 30 07:17:46 Datacap: 3160693276672
Mar 30 07:17:46 ....
Mar 30 07:17:48 Count: 3 of 4
Mar 30 07:17:48 f0127896 (1 / 1 tries):
Mar 30 07:17:48 Skipping f0127896: min-ask
Mar 30 07:17:48 
Mar 30 07:17:49 Count: 3 of 4
Mar 30 07:17:49 f019100 (1 / 1 tries):
Mar 30 07:17:50 Skipping f019100: error-ask
Mar 30 07:17:50 
Mar 30 07:17:51 Count: 3 of 4
Mar 30 07:17:51 f09848 (1 / 1 tries):
Mar 30 07:17:51 f0421499: 23.293832210218907393 FIL (9.7G free)
Mar 30 07:17:51 Escrow: 0.999645757255 FIL
Mar 30 07:17:51 Locked: 0.33249517244 FIL
Mar 30 07:17:52 Datacap: 3160693276672
Mar 30 07:17:52 ....
Mar 30 07:17:53 Count: 3 of 4
Mar 30 07:17:53 f02606 (1 / 1 tries):
Mar 30 07:17:54 f0421499: 23.293832210218907393 FIL (9.7G free)
Mar 30 07:17:54 Escrow: 0.999645757255 FIL
Mar 30 07:17:54 Locked: 0.33249517244 FIL
Mar 30 07:17:55 Datacap: 3160693276672
Mar 30 07:17:55 ....
Mar 30 07:17:56 Count: 3 of 4
Mar 30 07:17:56 f071624 (1 / 1 tries):
Mar 30 07:17:56 f0421499: 23.293832210218907393 FIL (9.7G free)
Mar 30 07:17:57 Escrow: 0.999645757255 FIL
Mar 30 07:17:57 Locked: 0.33249517244 FIL
Mar 30 07:17:57 Datacap: 3160693276672
Mar 30 07:17:57 ....
