Mar 30 13:05:17 Count: 3 of 4
Mar 30 13:05:17 f062353 (1 / 1 tries):
Mar 30 13:05:18 f0421499: 23.293832210218907393 FIL (8.7G free)
Mar 30 13:05:18 Escrow: 0.999645757255 FIL
Mar 30 13:05:18 Locked: 0.33249517244 FIL
Mar 30 13:05:19 Datacap: 3160693276672
Mar 30 13:05:19 ....
Mar 30 13:05:20 Count: 3 of 4
Mar 30 13:05:20 f02606 (1 / 1 tries):
Mar 30 13:05:20 f0421499: 23.293832210218907393 FIL (8.7G free)
Mar 30 13:05:21 Escrow: 0.999645757255 FIL
Mar 30 13:05:21 Locked: 0.33249517244 FIL
Mar 30 13:05:21 Datacap: 3160693276672
Mar 30 13:05:22 ....
Mar 30 13:05:23 Count: 3 of 4
Mar 30 13:05:23 f019041 (1 / 1 tries):
Mar 30 13:05:23 f0421499: 23.293832210218907393 FIL (8.7G free)
Mar 30 13:05:24 Escrow: 0.999645757255 FIL
Mar 30 13:05:24 Locked: 0.33249517244 FIL
Mar 30 13:05:24 Datacap: 3160693276672
Mar 30 13:05:24 ....
Mar 30 13:05:25 Count: 3 of 4
Mar 30 13:05:25 f071624 (1 / 1 tries):
Mar 30 13:05:25 f0421499: 23.293832210218907393 FIL (8.7G free)
Mar 30 13:05:26 Escrow: 0.999645757255 FIL
Mar 30 13:05:26 Locked: 0.33249517244 FIL
Mar 30 13:05:26 Datacap: 3160693276672
Mar 30 13:05:26 ....
Mar 30 13:05:27 Count: 3 of 4
Mar 30 13:05:27 f014409 (1 / 1 tries):
Mar 30 13:05:28 f0421499: 23.293832210218907393 FIL (8.7G free)
Mar 30 13:05:29 Escrow: 0.999645757255 FIL
Mar 30 13:05:29 Locked: 0.33249517244 FIL
Mar 30 13:05:29 Datacap: 3160693276672
Mar 30 13:05:29 ....
Mar 30 13:05:30 Count: 3 of 4
Mar 30 13:05:30 f0157535 (1 / 1 tries):
Mar 30 13:05:31 f0421499: 23.293832210218907393 FIL (8.7G free)
Mar 30 13:05:31 Escrow: 0.999645757255 FIL
Mar 30 13:05:31 Locked: 0.33249517244 FIL
Mar 30 13:05:31 Datacap: 3160693276672
Mar 30 13:05:31 ....
Mar 30 13:05:32 Count: 3 of 4
Mar 30 13:05:32 f01277 (1 / 1 tries):
Mar 30 13:05:32 Skipping f01277: min-ask
Mar 30 13:05:32 
Mar 30 13:05:33 Count: 3 of 4
Mar 30 13:05:33 f01234 (1 / 1 tries):
Mar 30 13:05:34 f0421499: 23.293832210218907393 FIL (8.7G free)
Mar 30 13:05:34 Escrow: 0.999645757255 FIL
Mar 30 13:05:34 Locked: 0.33249517244 FIL
Mar 30 13:05:35 Datacap: 3160693276672
Mar 30 13:05:35 ....
Mar 30 13:05:36 Count: 3 of 4
Mar 30 13:05:36 f0127896 (1 / 1 tries):
Mar 30 13:05:36 Skipping f0127896: min-ask
Mar 30 13:05:36 
Mar 30 13:05:37 Count: 3 of 4
Mar 30 13:05:37 f022142 (1 / 1 tries):
Mar 30 13:05:38 f0421499: 23.293832210218907393 FIL (8.7G free)
Mar 30 13:05:38 Escrow: 0.999645757255 FIL
Mar 30 13:05:38 Locked: 0.33249517244 FIL
Mar 30 13:05:38 Datacap: 3160693276672
Mar 30 13:05:39 ....
Mar 30 13:05:40 Count: 3 of 4
Mar 30 13:05:40 f01278 (1 / 1 tries):
Mar 30 13:05:40 f0421499: 23.293832210218907393 FIL (8.7G free)
Mar 30 13:05:41 Escrow: 0.999645757255 FIL
Mar 30 13:05:41 Locked: 0.33249517244 FIL
Mar 30 13:05:41 Datacap: 3160693276672
Mar 30 13:05:41 ....
Mar 30 13:05:42 Count: 3 of 4
Mar 30 13:05:42 f01240 (1 / 1 tries):
Mar 30 13:05:43 f0421499: 23.293832210218907393 FIL (8.7G free)
Mar 30 13:05:43 Escrow: 0.999645757255 FIL
Mar 30 13:05:43 Locked: 0.33249517244 FIL
Mar 30 13:05:44 Datacap: 3160693276672
Mar 30 13:05:44 ....
Mar 30 13:05:45 Count: 3 of 4
Mar 30 13:05:45 f0165400 (1 / 1 tries):
Mar 30 13:05:46 f0421499: 23.293832210218907393 FIL (8.7G free)
Mar 30 13:05:46 Escrow: 0.999645757255 FIL
Mar 30 13:05:46 Locked: 0.33249517244 FIL
Mar 30 13:05:47 Datacap: 3160693276672
Mar 30 13:05:47 ....
Mar 30 13:05:48 Count: 3 of 4
Mar 30 13:05:48 f099608 (1 / 1 tries):
Mar 30 13:05:49 f0421499: 23.293832210218907393 FIL (8.7G free)
Mar 30 13:05:49 Escrow: 0.999645757255 FIL
Mar 30 13:05:49 Locked: 0.33249517244 FIL
Mar 30 13:05:50 Datacap: 3160693276672
Mar 30 13:05:50 ....
Mar 30 13:05:51 Count: 3 of 4
Mar 30 13:05:51 f01247 (1 / 1 tries):
Mar 30 13:05:51 f0421499: 23.293832210218907393 FIL (8.7G free)
Mar 30 13:05:51 Escrow: 0.999645757255 FIL
Mar 30 13:05:51 Locked: 0.33249517244 FIL
Mar 30 13:05:52 Datacap: 3160693276672
Mar 30 13:05:52 ....
Mar 30 13:05:53 Count: 3 of 4
Mar 30 13:05:53 f08403 (1 / 1 tries):
Mar 30 13:05:53 f0421499: 23.293832210218907393 FIL (8.7G free)
Mar 30 13:05:54 Escrow: 0.999645757255 FIL
Mar 30 13:05:54 Locked: 0.33249517244 FIL
Mar 30 13:05:54 Datacap: 3160693276672
Mar 30 13:05:55 ....
Mar 30 13:05:56 Count: 3 of 4
Mar 30 13:05:56 f019551 (1 / 1 tries):
Mar 30 13:05:56 f0421499: 23.293832210218907393 FIL (8.7G free)
Mar 30 13:05:56 Escrow: 0.999645757255 FIL
Mar 30 13:05:56 Locked: 0.33249517244 FIL
Mar 30 13:05:56 Datacap: 3160693276672
Mar 30 13:05:56 ....
Mar 30 13:05:57 Count: 3 of 4
Mar 30 13:05:57 f022352 (1 / 1 tries):
Mar 30 13:05:58 f0421499: 23.293832210218907393 FIL (8.7G free)
Mar 30 13:05:58 Escrow: 0.999645757255 FIL
Mar 30 13:05:58 Locked: 0.33249517244 FIL
Mar 30 13:05:59 Datacap: 3160693276672
Mar 30 13:05:59 ....
Mar 30 13:06:00 Count: 3 of 4
Mar 30 13:06:00 f010479 (1 / 1 tries):
Mar 30 13:06:01 f0421499: 23.293832210218907393 FIL (8.7G free)
Mar 30 13:06:01 Escrow: 0.999645757255 FIL
Mar 30 13:06:01 Locked: 0.33249517244 FIL
Mar 30 13:06:02 Datacap: 3160693276672
Mar 30 13:06:02 ....
Mar 30 13:06:03 Count: 3 of 4
Mar 30 13:06:03 f023467 (1 / 1 tries):
Mar 30 13:06:04 f0421499: 23.293832210218907393 FIL (8.7G free)
Mar 30 13:06:04 Escrow: 0.999645757255 FIL
Mar 30 13:06:04 Locked: 0.33249517244 FIL
Mar 30 13:06:04 Datacap: 3160693276672
Mar 30 13:06:04 ....
Mar 30 13:06:05 Count: 3 of 4
Mar 30 13:06:05 f021716 (1 / 1 tries):
Mar 30 13:06:06 f0421499: 23.293832210218907393 FIL (8.7G free)
Mar 30 13:06:06 Escrow: 0.999645757255 FIL
Mar 30 13:06:06 Locked: 0.33249517244 FIL
Mar 30 13:06:07 Datacap: 3160693276672
Mar 30 13:06:07 ....
Mar 30 13:06:08 Count: 3 of 4
Mar 30 13:06:08 f015927 (1 / 1 tries):
Mar 30 13:06:08 Skipping f015927: min-ask
Mar 30 13:06:08 
Mar 30 13:06:09 Count: 3 of 4
Mar 30 13:06:09 f019100 (1 / 1 tries):
Mar 30 13:06:10 Skipping f019100: error-ask
Mar 30 13:06:10 
Mar 30 13:06:11 Count: 3 of 4
Mar 30 13:06:11 f023971 (1 / 1 tries):
Mar 30 13:06:12 f0421499: 23.293832210218907393 FIL (8.7G free)
Mar 30 13:06:12 Escrow: 0.999645757255 FIL
Mar 30 13:06:12 Locked: 0.33249517244 FIL
Mar 30 13:06:12 Datacap: 3160693276672
Mar 30 13:06:12 ....
Mar 30 13:06:13 Count: 3 of 4
Mar 30 13:06:13 f08399 (1 / 1 tries):
Mar 30 13:06:14 f0421499: 23.293832210218907393 FIL (8.7G free)
Mar 30 13:06:14 Escrow: 0.999645757255 FIL
Mar 30 13:06:14 Locked: 0.33249517244 FIL
Mar 30 13:06:15 Datacap: 3160693276672
Mar 30 13:06:15 ....
Mar 30 13:06:16 Count: 3 of 4
Mar 30 13:06:16 f019104 (1 / 1 tries):
Mar 30 13:06:16 Skipping f019104: error-ask
Mar 30 13:06:16 
Mar 30 13:06:17 Count: 3 of 4
Mar 30 13:06:17 f02576 (1 / 1 tries):
Mar 30 13:06:18 f0421499: 23.293832210218907393 FIL (8.7G free)
Mar 30 13:06:18 Escrow: 0.999645757255 FIL
Mar 30 13:06:18 Locked: 0.33249517244 FIL
Mar 30 13:06:19 Datacap: 3160693276672
Mar 30 13:06:19 ....
Mar 30 13:06:20 Count: 3 of 4
Mar 30 13:06:20 f0145874 (1 / 1 tries):
Mar 30 13:06:20 f0421499: 23.293832210218907393 FIL (8.7G free)
Mar 30 13:06:20 Escrow: 0.999645757255 FIL
Mar 30 13:06:20 Locked: 0.33249517244 FIL
Mar 30 13:06:21 Datacap: 3160693276672
Mar 30 13:06:21 ....
Mar 30 13:06:22 Count: 3 of 4
Mar 30 13:06:22 f019362 (1 / 1 tries):
Mar 30 13:06:23 f0421499: 23.293832210218907393 FIL (8.7G free)
Mar 30 13:06:23 Escrow: 0.999645757255 FIL
Mar 30 13:06:23 Locked: 0.33249517244 FIL
Mar 30 13:06:23 Datacap: 3160693276672
Mar 30 13:06:24 ....
Mar 30 13:06:25 Count: 3 of 4
Mar 30 13:06:25 f010617 (1 / 1 tries):
Mar 30 13:06:25 f0421499: 23.293832210218907393 FIL (8.7G free)
Mar 30 13:06:26 Escrow: 0.999645757255 FIL
Mar 30 13:06:26 Locked: 0.33249517244 FIL
Mar 30 13:06:26 Datacap: 3160693276672
Mar 30 13:06:26 ....
Mar 30 13:06:27 Count: 3 of 4
Mar 30 13:06:27 f058369 (1 / 1 tries):
Mar 30 13:06:28 f0421499: 23.293832210218907393 FIL (8.7G free)
Mar 30 13:06:28 Escrow: 0.999645757255 FIL
Mar 30 13:06:28 Locked: 0.33249517244 FIL
Mar 30 13:06:28 Datacap: 3160693276672
Mar 30 13:06:28 ....
Mar 30 13:06:29 Count: 3 of 4
Mar 30 13:06:29 f066596 (1 / 1 tries):
Mar 30 13:06:30 f0421499: 23.293832210218907393 FIL (8.7G free)
Mar 30 13:06:30 Escrow: 0.999645757255 FIL
Mar 30 13:06:30 Locked: 0.33249517244 FIL
Mar 30 13:06:31 Datacap: 3160693276672
Mar 30 13:06:31 ....
Mar 30 13:06:32 Count: 3 of 4
Mar 30 13:06:32 f014768 (1 / 1 tries):
Mar 30 13:06:33 f0421499: 23.293832210218907393 FIL (8.7G free)
Mar 30 13:06:33 Escrow: 0.999645757255 FIL
Mar 30 13:06:33 Locked: 0.33249517244 FIL
Mar 30 13:06:34 Datacap: 3160693276672
Mar 30 13:06:34 ....
Mar 30 13:06:35 Count: 3 of 4
Mar 30 13:06:35 f09848 (1 / 1 tries):
Mar 30 13:06:35 f0421499: 23.293832210218907393 FIL (8.7G free)
Mar 30 13:06:35 Escrow: 0.999645757255 FIL
Mar 30 13:06:35 Locked: 0.33249517244 FIL
Mar 30 13:06:36 Datacap: 3160693276672
Mar 30 13:06:36 ....
Mar 30 13:06:37 Count: 3 of 4
Mar 30 13:06:37 f07998 (1 / 1 tries):
Mar 30 13:06:38 f0421499: 23.293832210218907393 FIL (8.7G free)
Mar 30 13:06:38 Escrow: 0.999645757255 FIL
Mar 30 13:06:38 Locked: 0.33249517244 FIL
Mar 30 13:06:39 Datacap: 3160693276672
Mar 30 13:06:39 ....
Mar 30 13:06:40 Count: 3 of 4
Mar 30 13:06:40 f022163 (1 / 1 tries):
Mar 30 13:06:40 f0421499: 23.293832210218907393 FIL (8.7G free)
Mar 30 13:06:41 Escrow: 0.999645757255 FIL
Mar 30 13:06:41 Locked: 0.33249517244 FIL
Mar 30 13:06:41 Datacap: 3160693276672
Mar 30 13:06:41 ....
