Mar 30 05:48:18 Count: 3 of 4
Mar 30 05:48:18 f021716 (1 / 1 tries):
Mar 30 05:48:19 f0421499: 23.293832210218907393 FIL (10G free)
Mar 30 05:48:19 Escrow: 0.999645757255 FIL
Mar 30 05:48:19 Locked: 0.33249517244 FIL
Mar 30 05:48:19 Datacap: 3160693276672
Mar 30 05:48:20 ....
Mar 30 05:48:21 Count: 3 of 4
Mar 30 05:48:21 f015927 (1 / 1 tries):
Mar 30 05:48:21 Skipping f015927: min-ask
Mar 30 05:48:21 
Mar 30 05:48:22 Count: 3 of 4
Mar 30 05:48:22 f01277 (1 / 1 tries):
Mar 30 05:48:22 Skipping f01277: min-ask
Mar 30 05:48:22 
Mar 30 05:48:23 Count: 3 of 4
Mar 30 05:48:23 f019362 (1 / 1 tries):
Mar 30 05:48:24 f0421499: 23.293832210218907393 FIL (10G free)
Mar 30 05:48:24 Escrow: 0.999645757255 FIL
Mar 30 05:48:24 Locked: 0.33249517244 FIL
Mar 30 05:48:25 Datacap: 3160693276672
Mar 30 05:48:25 ....
Mar 30 05:48:26 Count: 3 of 4
Mar 30 05:48:26 f019100 (1 / 1 tries):
Mar 30 05:48:27 Skipping f019100: error-ask
Mar 30 05:48:27 
Mar 30 05:48:28 Count: 3 of 4
Mar 30 05:48:28 f01234 (1 / 1 tries):
Mar 30 05:48:28 f0421499: 23.293832210218907393 FIL (10G free)
Mar 30 05:48:29 Escrow: 0.999645757255 FIL
Mar 30 05:48:29 Locked: 0.33249517244 FIL
Mar 30 05:48:29 Datacap: 3160693276672
Mar 30 05:48:29 ....
Mar 30 05:48:30 Count: 3 of 4
Mar 30 05:48:30 f01247 (1 / 1 tries):
Mar 30 05:48:31 f0421499: 23.293832210218907393 FIL (10G free)
Mar 30 05:48:31 Escrow: 0.999645757255 FIL
Mar 30 05:48:31 Locked: 0.33249517244 FIL
Mar 30 05:48:31 Datacap: 3160693276672
Mar 30 05:48:31 ....
Mar 30 05:48:32 Count: 3 of 4
Mar 30 05:48:32 f062353 (1 / 1 tries):
Mar 30 05:48:33 f0421499: 23.293832210218907393 FIL (10G free)
Mar 30 05:48:33 Escrow: 0.999645757255 FIL
Mar 30 05:48:33 Locked: 0.33249517244 FIL
Mar 30 05:48:33 Datacap: 3160693276672
Mar 30 05:48:33 ....
Mar 30 05:48:34 Count: 3 of 4
Mar 30 05:48:34 f08403 (1 / 1 tries):
Mar 30 05:48:35 f0421499: 23.293832210218907393 FIL (10G free)
Mar 30 05:48:36 Escrow: 0.999645757255 FIL
Mar 30 05:48:36 Locked: 0.33249517244 FIL
Mar 30 05:48:36 Datacap: 3160693276672
Mar 30 05:48:36 ....
Mar 30 05:48:37 Count: 3 of 4
Mar 30 05:48:37 f071624 (1 / 1 tries):
Mar 30 05:48:38 f0421499: 23.293832210218907393 FIL (10G free)
Mar 30 05:48:38 Escrow: 0.999645757255 FIL
Mar 30 05:48:38 Locked: 0.33249517244 FIL
Mar 30 05:48:38 Datacap: 3160693276672
Mar 30 05:48:38 ....
Mar 30 05:48:39 Count: 3 of 4
Mar 30 05:48:39 f066596 (1 / 1 tries):
Mar 30 05:48:40 f0421499: 23.293832210218907393 FIL (10G free)
Mar 30 05:48:40 Escrow: 0.999645757255 FIL
Mar 30 05:48:40 Locked: 0.33249517244 FIL
Mar 30 05:48:40 Datacap: 3160693276672
Mar 30 05:48:40 ....
Mar 30 05:48:41 Count: 3 of 4
Mar 30 05:48:41 f0145874 (1 / 1 tries):
Mar 30 05:48:42 f0421499: 23.293832210218907393 FIL (10G free)
Mar 30 05:48:42 Escrow: 0.999645757255 FIL
Mar 30 05:48:42 Locked: 0.33249517244 FIL
Mar 30 05:48:43 Datacap: 3160693276672
Mar 30 05:48:43 ....
Mar 30 05:48:44 Count: 3 of 4
Mar 30 05:48:44 f010617 (1 / 1 tries):
Mar 30 05:48:45 f0421499: 23.293832210218907393 FIL (10G free)
Mar 30 05:48:45 Escrow: 0.999645757255 FIL
Mar 30 05:48:45 Locked: 0.33249517244 FIL
Mar 30 05:48:45 Datacap: 3160693276672
Mar 30 05:48:45 ....
Mar 30 05:48:46 Count: 3 of 4
Mar 30 05:48:46 f019104 (1 / 1 tries):
Mar 30 05:48:47 Skipping f019104: error-ask
Mar 30 05:48:47 
Mar 30 05:48:48 Count: 3 of 4
Mar 30 05:48:48 f058369 (1 / 1 tries):
Mar 30 05:48:48 f0421499: 23.293832210218907393 FIL (10G free)
Mar 30 05:48:49 Escrow: 0.999645757255 FIL
Mar 30 05:48:49 Locked: 0.33249517244 FIL
Mar 30 05:48:49 Datacap: 3160693276672
Mar 30 05:48:49 ....
Mar 30 05:48:50 Count: 3 of 4
Mar 30 05:48:50 f019551 (1 / 1 tries):
Mar 30 05:48:51 f0421499: 23.293832210218907393 FIL (10G free)
Mar 30 05:48:51 Escrow: 0.999645757255 FIL
Mar 30 05:48:51 Locked: 0.33249517244 FIL
Mar 30 05:48:51 Datacap: 3160693276672
Mar 30 05:48:52 ....
Mar 30 05:48:53 Count: 3 of 4
Mar 30 05:48:53 f023467 (1 / 1 tries):
Mar 30 05:48:53 f0421499: 23.293832210218907393 FIL (10G free)
Mar 30 05:48:53 Escrow: 0.999645757255 FIL
Mar 30 05:48:53 Locked: 0.33249517244 FIL
Mar 30 05:48:54 Datacap: 3160693276672
Mar 30 05:48:54 ....
Mar 30 05:48:55 Count: 3 of 4
Mar 30 05:48:55 f022352 (1 / 1 tries):
Mar 30 05:48:56 f0421499: 23.293832210218907393 FIL (10G free)
Mar 30 05:48:56 Escrow: 0.999645757255 FIL
Mar 30 05:48:56 Locked: 0.33249517244 FIL
Mar 30 05:48:57 Datacap: 3160693276672
Mar 30 05:48:57 ....
Mar 30 05:48:58 Count: 3 of 4
Mar 30 05:48:58 f099608 (1 / 1 tries):
Mar 30 05:48:58 f0421499: 23.293832210218907393 FIL (10G free)
Mar 30 05:48:58 Escrow: 0.999645757255 FIL
Mar 30 05:48:58 Locked: 0.33249517244 FIL
Mar 30 05:48:58 Datacap: 3160693276672
Mar 30 05:48:58 ....
Mar 30 05:48:59 Count: 3 of 4
Mar 30 05:48:59 f014768 (1 / 1 tries):
Mar 30 05:49:00 f0421499: 23.293832210218907393 FIL (10G free)
Mar 30 05:49:01 Escrow: 0.999645757255 FIL
Mar 30 05:49:01 Locked: 0.33249517244 FIL
Mar 30 05:49:01 Datacap: 3160693276672
Mar 30 05:49:01 ....
Mar 30 05:49:02 Count: 3 of 4
Mar 30 05:49:02 f023971 (1 / 1 tries):
Mar 30 05:49:03 f0421499: 23.293832210218907393 FIL (10G free)
Mar 30 05:49:03 Escrow: 0.999645757255 FIL
Mar 30 05:49:03 Locked: 0.33249517244 FIL
Mar 30 05:49:04 Datacap: 3160693276672
Mar 30 05:49:04 ....
Mar 30 05:49:05 Count: 3 of 4
Mar 30 05:49:05 f07998 (1 / 1 tries):
Mar 30 05:49:05 f0421499: 23.293832210218907393 FIL (10G free)
Mar 30 05:49:05 Escrow: 0.999645757255 FIL
Mar 30 05:49:05 Locked: 0.33249517244 FIL
Mar 30 05:49:06 Datacap: 3160693276672
Mar 30 05:49:06 ....
Mar 30 05:49:07 Count: 3 of 4
Mar 30 05:49:07 f022142 (1 / 1 tries):
Mar 30 05:49:07 f0421499: 23.293832210218907393 FIL (10G free)
Mar 30 05:49:07 Escrow: 0.999645757255 FIL
Mar 30 05:49:07 Locked: 0.33249517244 FIL
Mar 30 05:49:08 Datacap: 3160693276672
Mar 30 05:49:08 ....
Mar 30 05:49:09 Count: 3 of 4
Mar 30 05:49:09 f02576 (1 / 1 tries):
Mar 30 05:49:10 f0421499: 23.293832210218907393 FIL (10G free)
Mar 30 05:49:10 Escrow: 0.999645757255 FIL
Mar 30 05:49:10 Locked: 0.33249517244 FIL
Mar 30 05:49:11 Datacap: 3160693276672
Mar 30 05:49:11 ....
Mar 30 05:49:12 Count: 3 of 4
Mar 30 05:49:12 f0127896 (1 / 1 tries):
Mar 30 05:49:12 Skipping f0127896: min-ask
Mar 30 05:49:12 
Mar 30 05:49:13 Count: 3 of 4
Mar 30 05:49:13 f02606 (1 / 1 tries):
Mar 30 05:49:14 f0421499: 23.293832210218907393 FIL (10G free)
Mar 30 05:49:14 Escrow: 0.999645757255 FIL
Mar 30 05:49:14 Locked: 0.33249517244 FIL
Mar 30 05:49:15 Datacap: 3160693276672
Mar 30 05:49:15 ....
Mar 30 05:49:16 Count: 3 of 4
Mar 30 05:49:16 f09848 (1 / 1 tries):
Mar 30 05:49:17 f0421499: 23.293832210218907393 FIL (10G free)
Mar 30 05:49:17 Escrow: 0.999645757255 FIL
Mar 30 05:49:17 Locked: 0.33249517244 FIL
Mar 30 05:49:17 Datacap: 3160693276672
Mar 30 05:49:18 ....
Mar 30 05:49:19 Count: 3 of 4
Mar 30 05:49:19 f01278 (1 / 1 tries):
Mar 30 05:49:19 f0421499: 23.293832210218907393 FIL (10G free)
Mar 30 05:49:19 Escrow: 0.999645757255 FIL
Mar 30 05:49:19 Locked: 0.33249517244 FIL
Mar 30 05:49:19 Datacap: 3160693276672
Mar 30 05:49:19 ....
Mar 30 05:49:20 Count: 3 of 4
Mar 30 05:49:20 f019041 (1 / 1 tries):
Mar 30 05:49:21 f0421499: 23.293832210218907393 FIL (10G free)
Mar 30 05:49:21 Escrow: 0.999645757255 FIL
Mar 30 05:49:21 Locked: 0.33249517244 FIL
Mar 30 05:49:22 Datacap: 3160693276672
Mar 30 05:49:22 ....
Mar 30 05:49:23 Count: 3 of 4
Mar 30 05:49:23 f014409 (1 / 1 tries):
Mar 30 05:49:24 f0421499: 23.293832210218907393 FIL (10G free)
Mar 30 05:49:24 Escrow: 0.999645757255 FIL
Mar 30 05:49:24 Locked: 0.33249517244 FIL
Mar 30 05:49:25 Datacap: 3160693276672
Mar 30 05:49:25 ....
Mar 30 05:49:26 Count: 3 of 4
Mar 30 05:49:26 f022163 (1 / 1 tries):
Mar 30 05:49:26 f0421499: 23.293832210218907393 FIL (10G free)
Mar 30 05:49:26 Escrow: 0.999645757255 FIL
Mar 30 05:49:26 Locked: 0.33249517244 FIL
Mar 30 05:49:27 Datacap: 3160693276672
Mar 30 05:49:27 ....
Mar 30 05:49:28 Count: 3 of 4
Mar 30 05:49:28 f0165400 (1 / 1 tries):
Mar 30 05:49:29 f0421499: 23.293832210218907393 FIL (10G free)
Mar 30 05:49:29 Escrow: 0.999645757255 FIL
Mar 30 05:49:29 Locked: 0.33249517244 FIL
Mar 30 05:49:29 Datacap: 3160693276672
Mar 30 05:49:30 ....
Mar 30 05:49:31 Count: 3 of 4
Mar 30 05:49:31 f08399 (1 / 1 tries):
Mar 30 05:49:31 f0421499: 23.293832210218907393 FIL (10G free)
Mar 30 05:49:31 Escrow: 0.999645757255 FIL
Mar 30 05:49:31 Locked: 0.33249517244 FIL
Mar 30 05:49:32 Datacap: 3160693276672
Mar 30 05:49:32 ....
Mar 30 05:49:33 Count: 3 of 4
Mar 30 05:49:33 f0157535 (1 / 1 tries):
Mar 30 05:49:34 f0421499: 23.293832210218907393 FIL (10G free)
Mar 30 05:49:34 Escrow: 0.999645757255 FIL
Mar 30 05:49:34 Locked: 0.33249517244 FIL
Mar 30 05:49:34 Datacap: 3160693276672
Mar 30 05:49:34 ....
Mar 30 05:49:35 Count: 3 of 4
Mar 30 05:49:35 f01240 (1 / 1 tries):
Mar 30 05:49:36 f0421499: 23.293832210218907393 FIL (10G free)
Mar 30 05:49:36 Escrow: 0.999645757255 FIL
Mar 30 05:49:36 Locked: 0.33249517244 FIL
Mar 30 05:49:37 Datacap: 3160693276672
Mar 30 05:49:37 ....
Mar 30 05:49:38 Count: 3 of 4
Mar 30 05:49:38 f010479 (1 / 1 tries):
Mar 30 05:49:39 f0421499: 23.293832210218907393 FIL (10G free)
Mar 30 05:49:39 Escrow: 0.999645757255 FIL
Mar 30 05:49:39 Locked: 0.33249517244 FIL
Mar 30 05:49:39 Datacap: 3160693276672
Mar 30 05:49:40 ....
