Mar 30 10:29:43 Count: 3 of 4
Mar 30 10:29:43 f01240 (1 / 1 tries):
Mar 30 10:29:44 f0421499: 23.293832210218907393 FIL (9.2G free)
Mar 30 10:29:44 Escrow: 0.999645757255 FIL
Mar 30 10:29:44 Locked: 0.33249517244 FIL
Mar 30 10:29:45 Datacap: 3160693276672
Mar 30 10:29:45 ....
Mar 30 10:29:46 Count: 3 of 4
Mar 30 10:29:46 f0165400 (1 / 1 tries):
Mar 30 10:29:46 f0421499: 23.293832210218907393 FIL (9.2G free)
Mar 30 10:29:47 Escrow: 0.999645757255 FIL
Mar 30 10:29:47 Locked: 0.33249517244 FIL
Mar 30 10:29:47 Datacap: 3160693276672
Mar 30 10:29:47 ....
Mar 30 10:29:48 Count: 3 of 4
Mar 30 10:29:48 f09848 (1 / 1 tries):
Mar 30 10:29:49 f0421499: 23.293832210218907393 FIL (9.2G free)
Mar 30 10:29:49 Escrow: 0.999645757255 FIL
Mar 30 10:29:49 Locked: 0.33249517244 FIL
Mar 30 10:29:50 Datacap: 3160693276672
Mar 30 10:29:50 ....
Mar 30 10:29:51 Count: 3 of 4
Mar 30 10:29:51 f062353 (1 / 1 tries):
Mar 30 10:29:51 f0421499: 23.293832210218907393 FIL (9.2G free)
Mar 30 10:29:51 Escrow: 0.999645757255 FIL
Mar 30 10:29:51 Locked: 0.33249517244 FIL
Mar 30 10:29:52 Datacap: 3160693276672
Mar 30 10:29:52 ....
Mar 30 10:29:53 Count: 3 of 4
Mar 30 10:29:53 f07998 (1 / 1 tries):
Mar 30 10:29:54 f0421499: 23.293832210218907393 FIL (9.2G free)
Mar 30 10:29:54 Escrow: 0.999645757255 FIL
Mar 30 10:29:54 Locked: 0.33249517244 FIL
Mar 30 10:29:54 Datacap: 3160693276672
Mar 30 10:29:54 ....
Mar 30 10:29:55 Count: 3 of 4
Mar 30 10:29:55 f01277 (1 / 1 tries):
Mar 30 10:29:56 Skipping f01277: min-ask
Mar 30 10:29:56 
Mar 30 10:29:57 Count: 3 of 4
Mar 30 10:29:57 f021716 (1 / 1 tries):
Mar 30 10:29:57 f0421499: 23.293832210218907393 FIL (9.2G free)
Mar 30 10:29:57 Escrow: 0.999645757255 FIL
Mar 30 10:29:57 Locked: 0.33249517244 FIL
Mar 30 10:29:58 Datacap: 3160693276672
Mar 30 10:29:58 ....
Mar 30 10:29:59 Count: 3 of 4
Mar 30 10:29:59 f019362 (1 / 1 tries):
Mar 30 10:29:59 f0421499: 23.293832210218907393 FIL (9.2G free)
Mar 30 10:29:59 Escrow: 0.999645757255 FIL
Mar 30 10:29:59 Locked: 0.33249517244 FIL
Mar 30 10:30:00 Datacap: 3160693276672
Mar 30 10:30:00 ....
Mar 30 10:30:01 Count: 3 of 4
Mar 30 10:30:01 f023971 (1 / 1 tries):
Mar 30 10:30:01 f0421499: 23.293832210218907393 FIL (9.2G free)
Mar 30 10:30:01 Escrow: 0.999645757255 FIL
Mar 30 10:30:01 Locked: 0.33249517244 FIL
Mar 30 10:30:02 Datacap: 3160693276672
Mar 30 10:30:02 ....
Mar 30 10:30:03 Count: 3 of 4
Mar 30 10:30:03 f02576 (1 / 1 tries):
Mar 30 10:30:04 f0421499: 23.293832210218907393 FIL (9.2G free)
Mar 30 10:30:04 Escrow: 0.999645757255 FIL
Mar 30 10:30:04 Locked: 0.33249517244 FIL
Mar 30 10:30:04 Datacap: 3160693276672
Mar 30 10:30:04 ....
Mar 30 10:30:05 Count: 3 of 4
Mar 30 10:30:05 f019551 (1 / 1 tries):
Mar 30 10:30:06 f0421499: 23.293832210218907393 FIL (9.2G free)
Mar 30 10:30:06 Escrow: 0.999645757255 FIL
Mar 30 10:30:06 Locked: 0.33249517244 FIL
Mar 30 10:30:06 Datacap: 3160693276672
Mar 30 10:30:06 ....
Mar 30 10:30:07 Count: 3 of 4
Mar 30 10:30:07 f01278 (1 / 1 tries):
Mar 30 10:30:08 f0421499: 23.293832210218907393 FIL (9.2G free)
Mar 30 10:30:08 Escrow: 0.999645757255 FIL
Mar 30 10:30:08 Locked: 0.33249517244 FIL
Mar 30 10:30:08 Datacap: 3160693276672
Mar 30 10:30:09 ....
Mar 30 10:30:10 Count: 3 of 4
Mar 30 10:30:10 f014409 (1 / 1 tries):
Mar 30 10:30:10 f0421499: 23.293832210218907393 FIL (9.2G free)
Mar 30 10:30:11 Escrow: 0.999645757255 FIL
Mar 30 10:30:11 Locked: 0.33249517244 FIL
Mar 30 10:30:11 Datacap: 3160693276672
Mar 30 10:30:11 ....
Mar 30 10:30:12 Count: 3 of 4
Mar 30 10:30:12 f019100 (1 / 1 tries):
Mar 30 10:30:13 Skipping f019100: error-ask
Mar 30 10:30:13 
Mar 30 10:30:14 Count: 3 of 4
Mar 30 10:30:14 f01234 (1 / 1 tries):
Mar 30 10:30:14 f0421499: 23.293832210218907393 FIL (9.2G free)
Mar 30 10:30:15 Escrow: 0.999645757255 FIL
Mar 30 10:30:15 Locked: 0.33249517244 FIL
Mar 30 10:30:15 Datacap: 3160693276672
Mar 30 10:30:15 ....
Mar 30 10:30:16 Count: 3 of 4
Mar 30 10:30:16 f071624 (1 / 1 tries):
Mar 30 10:30:17 f0421499: 23.293832210218907393 FIL (9.2G free)
Mar 30 10:30:17 Escrow: 0.999645757255 FIL
Mar 30 10:30:17 Locked: 0.33249517244 FIL
Mar 30 10:30:18 Datacap: 3160693276672
Mar 30 10:30:18 ....
Mar 30 10:30:19 Count: 3 of 4
Mar 30 10:30:19 f022163 (1 / 1 tries):
Mar 30 10:30:20 f0421499: 23.293832210218907393 FIL (9.2G free)
Mar 30 10:30:20 Escrow: 0.999645757255 FIL
Mar 30 10:30:20 Locked: 0.33249517244 FIL
Mar 30 10:30:20 Datacap: 3160693276672
Mar 30 10:30:21 ....
Mar 30 10:30:22 Count: 3 of 4
Mar 30 10:30:22 f08403 (1 / 1 tries):
Mar 30 10:30:22 f0421499: 23.293832210218907393 FIL (9.2G free)
Mar 30 10:30:23 Escrow: 0.999645757255 FIL
Mar 30 10:30:23 Locked: 0.33249517244 FIL
Mar 30 10:30:23 Datacap: 3160693276672
Mar 30 10:30:23 ....
Mar 30 10:30:24 Count: 3 of 4
Mar 30 10:30:24 f0127896 (1 / 1 tries):
Mar 30 10:30:25 Skipping f0127896: min-ask
Mar 30 10:30:25 
Mar 30 10:30:26 Count: 3 of 4
Mar 30 10:30:26 f023467 (1 / 1 tries):
Mar 30 10:30:26 f0421499: 23.293832210218907393 FIL (9.2G free)
Mar 30 10:30:26 Escrow: 0.999645757255 FIL
Mar 30 10:30:26 Locked: 0.33249517244 FIL
Mar 30 10:30:27 Datacap: 3160693276672
Mar 30 10:30:27 ....
Mar 30 10:30:28 Count: 3 of 4
Mar 30 10:30:28 f014768 (1 / 1 tries):
Mar 30 10:30:29 f0421499: 23.293832210218907393 FIL (9.2G free)
Mar 30 10:30:29 Escrow: 0.999645757255 FIL
Mar 30 10:30:29 Locked: 0.33249517244 FIL
Mar 30 10:30:29 Datacap: 3160693276672
Mar 30 10:30:29 ....
Mar 30 10:30:30 Count: 3 of 4
Mar 30 10:30:30 f022352 (1 / 1 tries):
Mar 30 10:30:31 f0421499: 23.293832210218907393 FIL (9.2G free)
Mar 30 10:30:31 Escrow: 0.999645757255 FIL
Mar 30 10:30:31 Locked: 0.33249517244 FIL
Mar 30 10:30:32 Datacap: 3160693276672
Mar 30 10:30:32 ....
Mar 30 10:30:33 Count: 3 of 4
Mar 30 10:30:33 f015927 (1 / 1 tries):
Mar 30 10:30:34 Skipping f015927: min-ask
Mar 30 10:30:34 
Mar 30 10:30:35 Count: 3 of 4
Mar 30 10:30:35 f0145874 (1 / 1 tries):
Mar 30 10:30:35 f0421499: 23.293832210218907393 FIL (9.2G free)
Mar 30 10:30:36 Escrow: 0.999645757255 FIL
Mar 30 10:30:36 Locked: 0.33249517244 FIL
Mar 30 10:30:36 Datacap: 3160693276672
Mar 30 10:30:36 ....
Mar 30 10:30:37 Count: 3 of 4
Mar 30 10:30:37 f058369 (1 / 1 tries):
Mar 30 10:30:38 f0421499: 23.293832210218907393 FIL (9.2G free)
Mar 30 10:30:38 Escrow: 0.999645757255 FIL
Mar 30 10:30:38 Locked: 0.33249517244 FIL
Mar 30 10:30:38 Datacap: 3160693276672
Mar 30 10:30:39 ....
Mar 30 10:30:40 Count: 3 of 4
Mar 30 10:30:40 f019104 (1 / 1 tries):
Mar 30 10:30:40 Skipping f019104: error-ask
Mar 30 10:30:40 
Mar 30 10:30:41 Count: 3 of 4
Mar 30 10:30:41 f066596 (1 / 1 tries):
Mar 30 10:30:42 f0421499: 23.293832210218907393 FIL (9.2G free)
Mar 30 10:30:42 Escrow: 0.999645757255 FIL
Mar 30 10:30:42 Locked: 0.33249517244 FIL
Mar 30 10:30:42 Datacap: 3160693276672
Mar 30 10:30:42 ....
Mar 30 10:30:43 Count: 3 of 4
Mar 30 10:30:43 f02606 (1 / 1 tries):
Mar 30 10:30:43 f0421499: 23.293832210218907393 FIL (9.2G free)
Mar 30 10:30:44 Escrow: 0.999645757255 FIL
Mar 30 10:30:44 Locked: 0.33249517244 FIL
Mar 30 10:30:44 Datacap: 3160693276672
Mar 30 10:30:44 ....
Mar 30 10:30:45 Count: 3 of 4
Mar 30 10:30:45 f01247 (1 / 1 tries):
Mar 30 10:30:46 f0421499: 23.293832210218907393 FIL (9.2G free)
Mar 30 10:30:46 Escrow: 0.999645757255 FIL
Mar 30 10:30:46 Locked: 0.33249517244 FIL
Mar 30 10:30:47 Datacap: 3160693276672
Mar 30 10:30:47 ....
Mar 30 10:30:48 Count: 3 of 4
Mar 30 10:30:48 f010479 (1 / 1 tries):
Mar 30 10:30:48 f0421499: 23.293832210218907393 FIL (9.2G free)
Mar 30 10:30:48 Escrow: 0.999645757255 FIL
Mar 30 10:30:48 Locked: 0.33249517244 FIL
Mar 30 10:30:49 Datacap: 3160693276672
Mar 30 10:30:49 ....
Mar 30 10:30:50 Count: 3 of 4
Mar 30 10:30:50 f010617 (1 / 1 tries):
Mar 30 10:30:50 f0421499: 23.293832210218907393 FIL (9.2G free)
Mar 30 10:30:51 Escrow: 0.999645757255 FIL
Mar 30 10:30:51 Locked: 0.33249517244 FIL
Mar 30 10:30:51 Datacap: 3160693276672
Mar 30 10:30:51 ....
Mar 30 10:30:52 Count: 3 of 4
Mar 30 10:30:52 f099608 (1 / 1 tries):
Mar 30 10:30:53 f0421499: 23.293832210218907393 FIL (9.2G free)
Mar 30 10:30:53 Escrow: 0.999645757255 FIL
Mar 30 10:30:53 Locked: 0.33249517244 FIL
Mar 30 10:30:53 Datacap: 3160693276672
Mar 30 10:30:53 ....
Mar 30 10:30:54 Count: 3 of 4
Mar 30 10:30:54 f019041 (1 / 1 tries):
Mar 30 10:30:55 f0421499: 23.293832210218907393 FIL (9.2G free)
Mar 30 10:30:55 Escrow: 0.999645757255 FIL
Mar 30 10:30:55 Locked: 0.33249517244 FIL
Mar 30 10:30:55 Datacap: 3160693276672
Mar 30 10:30:56 ....
Mar 30 10:30:57 Count: 3 of 4
Mar 30 10:30:57 f022142 (1 / 1 tries):
Mar 30 10:30:57 f0421499: 23.293832210218907393 FIL (9.2G free)
Mar 30 10:30:58 Escrow: 0.999645757255 FIL
Mar 30 10:30:58 Locked: 0.33249517244 FIL
Mar 30 10:30:58 Datacap: 3160693276672
Mar 30 10:30:58 ....
Mar 30 10:31:00 Count: 3 of 4
Mar 30 10:31:00 f08399 (1 / 1 tries):
Mar 30 10:31:00 f0421499: 23.293832210218907393 FIL (9.2G free)
Mar 30 10:31:00 Escrow: 0.999645757255 FIL
Mar 30 10:31:00 Locked: 0.33249517244 FIL
Mar 30 10:31:00 Datacap: 3160693276672
Mar 30 10:31:01 ....
Mar 30 10:31:02 Count: 3 of 4
Mar 30 10:31:02 f0157535 (1 / 1 tries):
Mar 30 10:31:02 f0421499: 23.293832210218907393 FIL (9.2G free)
Mar 30 10:31:02 Escrow: 0.999645757255 FIL
Mar 30 10:31:02 Locked: 0.33249517244 FIL
Mar 30 10:31:03 Datacap: 3160693276672
Mar 30 10:31:03 ....
