Mar 30 10:17:30 Count: 3 of 4
Mar 30 10:17:30 f019041 (1 / 1 tries):
Mar 30 10:17:30 f0421499: 23.293832210218907393 FIL (9.2G free)
Mar 30 10:17:31 Escrow: 0.999645757255 FIL
Mar 30 10:17:31 Locked: 0.33249517244 FIL
Mar 30 10:17:31 Datacap: 3160693276672
Mar 30 10:17:31 ....
Mar 30 10:17:32 Count: 3 of 4
Mar 30 10:17:32 f015927 (1 / 1 tries):
Mar 30 10:17:32 Skipping f015927: min-ask
Mar 30 10:17:32 
Mar 30 10:17:33 Count: 3 of 4
Mar 30 10:17:33 f071624 (1 / 1 tries):
Mar 30 10:17:34 f0421499: 23.293832210218907393 FIL (9.2G free)
Mar 30 10:17:34 Escrow: 0.999645757255 FIL
Mar 30 10:17:34 Locked: 0.33249517244 FIL
Mar 30 10:17:35 Datacap: 3160693276672
Mar 30 10:17:35 ....
Mar 30 10:17:36 Count: 3 of 4
Mar 30 10:17:36 f01240 (1 / 1 tries):
Mar 30 10:17:36 f0421499: 23.293832210218907393 FIL (9.2G free)
Mar 30 10:17:37 Escrow: 0.999645757255 FIL
Mar 30 10:17:37 Locked: 0.33249517244 FIL
Mar 30 10:17:37 Datacap: 3160693276672
Mar 30 10:17:37 ....
Mar 30 10:17:38 Count: 3 of 4
Mar 30 10:17:38 f019551 (1 / 1 tries):
Mar 30 10:17:39 f0421499: 23.293832210218907393 FIL (9.2G free)
Mar 30 10:17:39 Escrow: 0.999645757255 FIL
Mar 30 10:17:39 Locked: 0.33249517244 FIL
Mar 30 10:17:39 Datacap: 3160693276672
Mar 30 10:17:40 ....
Mar 30 10:17:41 Count: 3 of 4
Mar 30 10:17:41 f02576 (1 / 1 tries):
Mar 30 10:17:41 f0421499: 23.293832210218907393 FIL (9.2G free)
Mar 30 10:17:42 Escrow: 0.999645757255 FIL
Mar 30 10:17:42 Locked: 0.33249517244 FIL
Mar 30 10:17:42 Datacap: 3160693276672
Mar 30 10:17:42 ....
Mar 30 10:17:43 Count: 3 of 4
Mar 30 10:17:43 f01234 (1 / 1 tries):
Mar 30 10:17:43 f0421499: 23.293832210218907393 FIL (9.2G free)
Mar 30 10:17:44 Escrow: 0.999645757255 FIL
Mar 30 10:17:44 Locked: 0.33249517244 FIL
Mar 30 10:17:44 Datacap: 3160693276672
Mar 30 10:17:44 ....
Mar 30 10:17:45 Count: 3 of 4
Mar 30 10:17:45 f010479 (1 / 1 tries):
Mar 30 10:17:46 f0421499: 23.293832210218907393 FIL (9.2G free)
Mar 30 10:17:46 Escrow: 0.999645757255 FIL
Mar 30 10:17:46 Locked: 0.33249517244 FIL
Mar 30 10:17:47 Datacap: 3160693276672
Mar 30 10:17:47 ....
Mar 30 10:17:48 Count: 3 of 4
Mar 30 10:17:48 f019100 (1 / 1 tries):
Mar 30 10:17:48 Skipping f019100: error-ask
Mar 30 10:17:48 
Mar 30 10:17:49 Count: 3 of 4
Mar 30 10:17:49 f07998 (1 / 1 tries):
Mar 30 10:17:50 f0421499: 23.293832210218907393 FIL (9.2G free)
Mar 30 10:17:50 Escrow: 0.999645757255 FIL
Mar 30 10:17:50 Locked: 0.33249517244 FIL
Mar 30 10:17:50 Datacap: 3160693276672
Mar 30 10:17:50 ....
Mar 30 10:17:51 Count: 3 of 4
Mar 30 10:17:51 f0127896 (1 / 1 tries):
Mar 30 10:17:52 Skipping f0127896: min-ask
Mar 30 10:17:52 
Mar 30 10:17:53 Count: 3 of 4
Mar 30 10:17:53 f062353 (1 / 1 tries):
Mar 30 10:17:53 f0421499: 23.293832210218907393 FIL (9.2G free)
Mar 30 10:17:54 Escrow: 0.999645757255 FIL
Mar 30 10:17:54 Locked: 0.33249517244 FIL
Mar 30 10:17:54 Datacap: 3160693276672
Mar 30 10:17:54 ....
Mar 30 10:17:55 Count: 3 of 4
Mar 30 10:17:55 f01278 (1 / 1 tries):
Mar 30 10:17:56 f0421499: 23.293832210218907393 FIL (9.2G free)
Mar 30 10:17:56 Escrow: 0.999645757255 FIL
Mar 30 10:17:56 Locked: 0.33249517244 FIL
Mar 30 10:17:56 Datacap: 3160693276672
Mar 30 10:17:57 ....
Mar 30 10:17:58 Count: 3 of 4
Mar 30 10:17:58 f09848 (1 / 1 tries):
Mar 30 10:17:58 f0421499: 23.293832210218907393 FIL (9.2G free)
Mar 30 10:17:59 Escrow: 0.999645757255 FIL
Mar 30 10:17:59 Locked: 0.33249517244 FIL
Mar 30 10:17:59 Datacap: 3160693276672
Mar 30 10:17:59 ....
Mar 30 10:18:00 Count: 3 of 4
Mar 30 10:18:00 f021716 (1 / 1 tries):
Mar 30 10:18:01 f0421499: 23.293832210218907393 FIL (9.2G free)
Mar 30 10:18:01 Escrow: 0.999645757255 FIL
Mar 30 10:18:01 Locked: 0.33249517244 FIL
Mar 30 10:18:01 Datacap: 3160693276672
Mar 30 10:18:02 ....
Mar 30 10:18:03 Count: 3 of 4
Mar 30 10:18:03 f014768 (1 / 1 tries):
Mar 30 10:18:03 f0421499: 23.293832210218907393 FIL (9.2G free)
Mar 30 10:18:03 Escrow: 0.999645757255 FIL
Mar 30 10:18:03 Locked: 0.33249517244 FIL
Mar 30 10:18:04 Datacap: 3160693276672
Mar 30 10:18:04 ....
Mar 30 10:18:05 Count: 3 of 4
Mar 30 10:18:05 f01277 (1 / 1 tries):
Mar 30 10:18:05 Skipping f01277: min-ask
Mar 30 10:18:05 
Mar 30 10:18:07 Count: 3 of 4
Mar 30 10:18:07 f023467 (1 / 1 tries):
Mar 30 10:18:07 f0421499: 23.293832210218907393 FIL (9.2G free)
Mar 30 10:18:08 Escrow: 0.999645757255 FIL
Mar 30 10:18:08 Locked: 0.33249517244 FIL
Mar 30 10:18:08 Datacap: 3160693276672
Mar 30 10:18:08 ....
Mar 30 10:18:09 Count: 3 of 4
Mar 30 10:18:09 f019104 (1 / 1 tries):
Mar 30 10:18:10 Skipping f019104: error-ask
Mar 30 10:18:10 
Mar 30 10:18:11 Count: 3 of 4
Mar 30 10:18:11 f02606 (1 / 1 tries):
Mar 30 10:18:11 f0421499: 23.293832210218907393 FIL (9.2G free)
Mar 30 10:18:11 Escrow: 0.999645757255 FIL
Mar 30 10:18:11 Locked: 0.33249517244 FIL
Mar 30 10:18:12 Datacap: 3160693276672
Mar 30 10:18:12 ....
Mar 30 10:18:13 Count: 3 of 4
Mar 30 10:18:13 f099608 (1 / 1 tries):
Mar 30 10:18:13 f0421499: 23.293832210218907393 FIL (9.2G free)
Mar 30 10:18:13 Escrow: 0.999645757255 FIL
Mar 30 10:18:13 Locked: 0.33249517244 FIL
Mar 30 10:18:14 Datacap: 3160693276672
Mar 30 10:18:14 ....
Mar 30 10:18:15 Count: 3 of 4
Mar 30 10:18:15 f066596 (1 / 1 tries):
Mar 30 10:18:16 f0421499: 23.293832210218907393 FIL (9.2G free)
Mar 30 10:18:16 Escrow: 0.999645757255 FIL
Mar 30 10:18:16 Locked: 0.33249517244 FIL
Mar 30 10:18:17 Datacap: 3160693276672
Mar 30 10:18:17 ....
Mar 30 10:18:18 Count: 3 of 4
Mar 30 10:18:18 f014409 (1 / 1 tries):
Mar 30 10:18:19 f0421499: 23.293832210218907393 FIL (9.2G free)
Mar 30 10:18:19 Escrow: 0.999645757255 FIL
Mar 30 10:18:19 Locked: 0.33249517244 FIL
Mar 30 10:18:19 Datacap: 3160693276672
Mar 30 10:18:19 ....
Mar 30 10:18:20 Count: 3 of 4
Mar 30 10:18:20 f0157535 (1 / 1 tries):
Mar 30 10:18:21 f0421499: 23.293832210218907393 FIL (9.2G free)
Mar 30 10:18:21 Escrow: 0.999645757255 FIL
Mar 30 10:18:21 Locked: 0.33249517244 FIL
Mar 30 10:18:21 Datacap: 3160693276672
Mar 30 10:18:21 ....
Mar 30 10:18:22 Count: 3 of 4
Mar 30 10:18:22 f022163 (1 / 1 tries):
Mar 30 10:18:23 f0421499: 23.293832210218907393 FIL (9.2G free)
Mar 30 10:18:23 Escrow: 0.999645757255 FIL
Mar 30 10:18:23 Locked: 0.33249517244 FIL
Mar 30 10:18:23 Datacap: 3160693276672
Mar 30 10:18:23 ....
Mar 30 10:18:24 Count: 3 of 4
Mar 30 10:18:24 f022142 (1 / 1 tries):
Mar 30 10:18:25 f0421499: 23.293832210218907393 FIL (9.2G free)
Mar 30 10:18:25 Escrow: 0.999645757255 FIL
Mar 30 10:18:25 Locked: 0.33249517244 FIL
Mar 30 10:18:25 Datacap: 3160693276672
Mar 30 10:18:25 ....
Mar 30 10:18:26 Count: 3 of 4
Mar 30 10:18:26 f08403 (1 / 1 tries):
Mar 30 10:18:27 f0421499: 23.293832210218907393 FIL (9.2G free)
Mar 30 10:18:27 Escrow: 0.999645757255 FIL
Mar 30 10:18:27 Locked: 0.33249517244 FIL
Mar 30 10:18:27 Datacap: 3160693276672
Mar 30 10:18:28 ....
Mar 30 10:18:29 Count: 3 of 4
Mar 30 10:18:29 f0145874 (1 / 1 tries):
Mar 30 10:18:29 f0421499: 23.293832210218907393 FIL (9.2G free)
Mar 30 10:18:29 Escrow: 0.999645757255 FIL
Mar 30 10:18:29 Locked: 0.33249517244 FIL
Mar 30 10:18:30 Datacap: 3160693276672
Mar 30 10:18:30 ....
Mar 30 10:18:31 Count: 3 of 4
Mar 30 10:18:31 f058369 (1 / 1 tries):
Mar 30 10:18:31 f0421499: 23.293832210218907393 FIL (9.2G free)
Mar 30 10:18:32 Escrow: 0.999645757255 FIL
Mar 30 10:18:32 Locked: 0.33249517244 FIL
Mar 30 10:18:32 Datacap: 3160693276672
Mar 30 10:18:32 ....
Mar 30 10:18:33 Count: 3 of 4
Mar 30 10:18:33 f0165400 (1 / 1 tries):
Mar 30 10:18:34 f0421499: 23.293832210218907393 FIL (9.2G free)
Mar 30 10:18:34 Escrow: 0.999645757255 FIL
Mar 30 10:18:34 Locked: 0.33249517244 FIL
Mar 30 10:18:35 Datacap: 3160693276672
Mar 30 10:18:35 ....
Mar 30 10:18:36 Count: 3 of 4
Mar 30 10:18:36 f01247 (1 / 1 tries):
Mar 30 10:18:36 f0421499: 23.293832210218907393 FIL (9.2G free)
Mar 30 10:18:37 Escrow: 0.999645757255 FIL
Mar 30 10:18:37 Locked: 0.33249517244 FIL
Mar 30 10:18:37 Datacap: 3160693276672
Mar 30 10:18:37 ....
Mar 30 10:18:38 Count: 3 of 4
Mar 30 10:18:38 f022352 (1 / 1 tries):
Mar 30 10:18:39 f0421499: 23.293832210218907393 FIL (9.2G free)
Mar 30 10:18:39 Escrow: 0.999645757255 FIL
Mar 30 10:18:39 Locked: 0.33249517244 FIL
Mar 30 10:18:39 Datacap: 3160693276672
Mar 30 10:18:40 ....
Mar 30 10:18:41 Count: 3 of 4
Mar 30 10:18:41 f010617 (1 / 1 tries):
Mar 30 10:18:42 f0421499: 23.293832210218907393 FIL (9.2G free)
Mar 30 10:18:42 Escrow: 0.999645757255 FIL
Mar 30 10:18:42 Locked: 0.33249517244 FIL
Mar 30 10:18:42 Datacap: 3160693276672
Mar 30 10:18:42 ....
Mar 30 10:18:43 Count: 3 of 4
Mar 30 10:18:43 f08399 (1 / 1 tries):
Mar 30 10:18:44 f0421499: 23.293832210218907393 FIL (9.2G free)
Mar 30 10:18:44 Escrow: 0.999645757255 FIL
Mar 30 10:18:44 Locked: 0.33249517244 FIL
Mar 30 10:18:44 Datacap: 3160693276672
Mar 30 10:18:45 ....
Mar 30 10:18:46 Count: 3 of 4
Mar 30 10:18:46 f023971 (1 / 1 tries):
Mar 30 10:18:46 f0421499: 23.293832210218907393 FIL (9.2G free)
Mar 30 10:18:47 Escrow: 0.999645757255 FIL
Mar 30 10:18:47 Locked: 0.33249517244 FIL
Mar 30 10:18:47 Datacap: 3160693276672
Mar 30 10:18:47 ....
Mar 30 10:18:48 Count: 3 of 4
Mar 30 10:18:48 f019362 (1 / 1 tries):
Mar 30 10:18:49 f0421499: 23.293832210218907393 FIL (9.2G free)
Mar 30 10:18:49 Escrow: 0.999645757255 FIL
Mar 30 10:18:49 Locked: 0.33249517244 FIL
Mar 30 10:18:49 Datacap: 3160693276672
Mar 30 10:18:49 ....
