Mar 30 16:14:09 Count: 3 of 4
Mar 30 16:14:09 f01277 (1 / 1 tries):
Mar 30 16:14:09 Skipping f01277: min-ask
Mar 30 16:14:09 
Mar 30 16:14:10 Count: 3 of 4
Mar 30 16:14:10 f01240 (1 / 1 tries):
Mar 30 16:14:11 f0421499: 23.293832210218907393 FIL (8.1G free)
Mar 30 16:14:11 Escrow: 0.999645757255 FIL
Mar 30 16:14:11 Locked: 0.33249517244 FIL
Mar 30 16:14:12 Datacap: 3160693276672
Mar 30 16:14:12 ....
Mar 30 16:14:13 Count: 3 of 4
Mar 30 16:14:13 f01234 (1 / 1 tries):
Mar 30 16:14:14 f0421499: 23.293832210218907393 FIL (8.1G free)
Mar 30 16:14:14 Escrow: 0.999645757255 FIL
Mar 30 16:14:14 Locked: 0.33249517244 FIL
Mar 30 16:14:14 Datacap: 3160693276672
Mar 30 16:14:14 ....
Mar 30 16:14:15 Count: 3 of 4
Mar 30 16:14:15 f02606 (1 / 1 tries):
Mar 30 16:14:16 f0421499: 23.293832210218907393 FIL (8.1G free)
Mar 30 16:14:16 Escrow: 0.999645757255 FIL
Mar 30 16:14:16 Locked: 0.33249517244 FIL
Mar 30 16:14:17 Datacap: 3160693276672
Mar 30 16:14:17 ....
Mar 30 16:14:18 Count: 3 of 4
Mar 30 16:14:18 f014409 (1 / 1 tries):
Mar 30 16:14:18 f0421499: 23.293832210218907393 FIL (8.1G free)
Mar 30 16:14:18 Escrow: 0.999645757255 FIL
Mar 30 16:14:18 Locked: 0.33249517244 FIL
Mar 30 16:14:19 Datacap: 3160693276672
Mar 30 16:14:19 ....
Mar 30 16:14:20 Count: 3 of 4
Mar 30 16:14:20 f099608 (1 / 1 tries):
Mar 30 16:14:21 f0421499: 23.293832210218907393 FIL (8.1G free)
Mar 30 16:14:21 Escrow: 0.999645757255 FIL
Mar 30 16:14:21 Locked: 0.33249517244 FIL
Mar 30 16:14:22 Datacap: 3160693276672
Mar 30 16:14:22 ....
Mar 30 16:14:23 Count: 3 of 4
Mar 30 16:14:23 f058369 (1 / 1 tries):
Mar 30 16:14:23 f0421499: 23.293832210218907393 FIL (8.1G free)
Mar 30 16:14:23 Escrow: 0.999645757255 FIL
Mar 30 16:14:23 Locked: 0.33249517244 FIL
Mar 30 16:14:24 Datacap: 3160693276672
Mar 30 16:14:24 ....
Mar 30 16:14:25 Count: 3 of 4
Mar 30 16:14:25 f010617 (1 / 1 tries):
Mar 30 16:14:25 f0421499: 23.293832210218907393 FIL (8.1G free)
Mar 30 16:14:25 Escrow: 0.999645757255 FIL
Mar 30 16:14:25 Locked: 0.33249517244 FIL
Mar 30 16:14:26 Datacap: 3160693276672
Mar 30 16:14:26 ....
Mar 30 16:14:27 Count: 3 of 4
Mar 30 16:14:27 f014768 (1 / 1 tries):
Mar 30 16:14:28 f0421499: 23.293832210218907393 FIL (8.1G free)
Mar 30 16:14:28 Escrow: 0.999645757255 FIL
Mar 30 16:14:28 Locked: 0.33249517244 FIL
Mar 30 16:14:28 Datacap: 3160693276672
Mar 30 16:14:28 ....
Mar 30 16:14:29 Count: 3 of 4
Mar 30 16:14:29 f019100 (1 / 1 tries):
Mar 30 16:14:30 Skipping f019100: error-ask
Mar 30 16:14:30 
Mar 30 16:14:31 Count: 3 of 4
Mar 30 16:14:31 f08403 (1 / 1 tries):
Mar 30 16:14:32 f0421499: 23.293832210218907393 FIL (8.1G free)
Mar 30 16:14:32 Escrow: 0.999645757255 FIL
Mar 30 16:14:32 Locked: 0.33249517244 FIL
Mar 30 16:14:32 Datacap: 3160693276672
Mar 30 16:14:33 ....
Mar 30 16:14:34 Count: 3 of 4
Mar 30 16:14:34 f066596 (1 / 1 tries):
Mar 30 16:14:35 f0421499: 23.293832210218907393 FIL (8.1G free)
Mar 30 16:14:35 Escrow: 0.999645757255 FIL
Mar 30 16:14:35 Locked: 0.33249517244 FIL
Mar 30 16:14:35 Datacap: 3160693276672
Mar 30 16:14:35 ....
Mar 30 16:14:36 Count: 3 of 4
Mar 30 16:14:36 f023467 (1 / 1 tries):
Mar 30 16:14:37 f0421499: 23.293832210218907393 FIL (8.1G free)
Mar 30 16:14:37 Escrow: 0.999645757255 FIL
Mar 30 16:14:37 Locked: 0.33249517244 FIL
Mar 30 16:14:37 Datacap: 3160693276672
Mar 30 16:14:37 ....
Mar 30 16:14:39 Count: 3 of 4
Mar 30 16:14:39 f019041 (1 / 1 tries):
Mar 30 16:14:39 f0421499: 23.293832210218907393 FIL (8.1G free)
Mar 30 16:14:39 Escrow: 0.999645757255 FIL
Mar 30 16:14:39 Locked: 0.33249517244 FIL
Mar 30 16:14:40 Datacap: 3160693276672
Mar 30 16:14:40 ....
Mar 30 16:14:41 Count: 3 of 4
Mar 30 16:14:41 f0145874 (1 / 1 tries):
Mar 30 16:14:41 f0421499: 23.293832210218907393 FIL (8.1G free)
Mar 30 16:14:41 Escrow: 0.999645757255 FIL
Mar 30 16:14:41 Locked: 0.33249517244 FIL
Mar 30 16:14:42 Datacap: 3160693276672
Mar 30 16:14:42 ....
Mar 30 16:14:43 Count: 3 of 4
Mar 30 16:14:43 f01247 (1 / 1 tries):
Mar 30 16:14:44 f0421499: 23.293832210218907393 FIL (8.1G free)
Mar 30 16:14:44 Escrow: 0.999645757255 FIL
Mar 30 16:14:44 Locked: 0.33249517244 FIL
Mar 30 16:14:44 Datacap: 3160693276672
Mar 30 16:14:44 ....
Mar 30 16:14:45 Count: 3 of 4
Mar 30 16:14:45 f023971 (1 / 1 tries):
Mar 30 16:14:46 f0421499: 23.293832210218907393 FIL (8.1G free)
Mar 30 16:14:46 Escrow: 0.999645757255 FIL
Mar 30 16:14:46 Locked: 0.33249517244 FIL
Mar 30 16:14:46 Datacap: 3160693276672
Mar 30 16:14:46 ....
Mar 30 16:14:47 Count: 3 of 4
Mar 30 16:14:47 f09848 (1 / 1 tries):
Mar 30 16:14:48 f0421499: 23.293832210218907393 FIL (8.1G free)
Mar 30 16:14:48 Escrow: 0.999645757255 FIL
Mar 30 16:14:48 Locked: 0.33249517244 FIL
Mar 30 16:14:49 Datacap: 3160693276672
Mar 30 16:14:49 ....
Mar 30 16:14:50 Count: 3 of 4
Mar 30 16:14:50 f062353 (1 / 1 tries):
Mar 30 16:14:50 f0421499: 23.293832210218907393 FIL (8.1G free)
Mar 30 16:14:51 Escrow: 0.999645757255 FIL
Mar 30 16:14:51 Locked: 0.33249517244 FIL
Mar 30 16:14:51 Datacap: 3160693276672
Mar 30 16:14:51 ....
Mar 30 16:14:52 Count: 3 of 4
Mar 30 16:14:52 f019362 (1 / 1 tries):
Mar 30 16:14:53 f0421499: 23.293832210218907393 FIL (8.1G free)
Mar 30 16:14:53 Escrow: 0.999645757255 FIL
Mar 30 16:14:53 Locked: 0.33249517244 FIL
Mar 30 16:14:53 Datacap: 3160693276672
Mar 30 16:14:54 ....
Mar 30 16:14:55 Count: 3 of 4
Mar 30 16:14:55 f022352 (1 / 1 tries):
Mar 30 16:14:55 f0421499: 23.293832210218907393 FIL (8.1G free)
Mar 30 16:14:55 Escrow: 0.999645757255 FIL
Mar 30 16:14:55 Locked: 0.33249517244 FIL
Mar 30 16:14:56 Datacap: 3160693276672
Mar 30 16:14:56 ....
Mar 30 16:14:57 Count: 3 of 4
Mar 30 16:14:57 f010479 (1 / 1 tries):
Mar 30 16:14:57 f0421499: 23.293832210218907393 FIL (8.1G free)
Mar 30 16:14:57 Escrow: 0.999645757255 FIL
Mar 30 16:14:57 Locked: 0.33249517244 FIL
Mar 30 16:14:58 Datacap: 3160693276672
Mar 30 16:14:58 ....
Mar 30 16:14:59 Count: 3 of 4
Mar 30 16:14:59 f0127896 (1 / 1 tries):
Mar 30 16:15:00 Skipping f0127896: min-ask
Mar 30 16:15:00 
Mar 30 16:15:01 Count: 3 of 4
Mar 30 16:15:01 f07998 (1 / 1 tries):
Mar 30 16:15:01 f0421499: 23.293832210218907393 FIL (8.1G free)
Mar 30 16:15:02 Escrow: 0.999645757255 FIL
Mar 30 16:15:02 Locked: 0.33249517244 FIL
Mar 30 16:15:02 Datacap: 3160693276672
Mar 30 16:15:02 ....
Mar 30 16:15:03 Count: 3 of 4
Mar 30 16:15:03 f071624 (1 / 1 tries):
Mar 30 16:15:04 f0421499: 23.293832210218907393 FIL (8.1G free)
Mar 30 16:15:04 Escrow: 0.999645757255 FIL
Mar 30 16:15:04 Locked: 0.33249517244 FIL
Mar 30 16:15:05 Datacap: 3160693276672
Mar 30 16:15:05 ....
Mar 30 16:15:06 Count: 3 of 4
Mar 30 16:15:06 f021716 (1 / 1 tries):
Mar 30 16:15:06 f0421499: 23.293832210218907393 FIL (8.1G free)
Mar 30 16:15:06 Escrow: 0.999645757255 FIL
Mar 30 16:15:06 Locked: 0.33249517244 FIL
Mar 30 16:15:07 Datacap: 3160693276672
Mar 30 16:15:07 ....
Mar 30 16:15:08 Count: 3 of 4
Mar 30 16:15:08 f022163 (1 / 1 tries):
Mar 30 16:15:09 f0421499: 23.293832210218907393 FIL (8.1G free)
Mar 30 16:15:09 Escrow: 0.999645757255 FIL
Mar 30 16:15:09 Locked: 0.33249517244 FIL
Mar 30 16:15:09 Datacap: 3160693276672
Mar 30 16:15:09 ....
Mar 30 16:15:10 Count: 3 of 4
Mar 30 16:15:10 f015927 (1 / 1 tries):
Mar 30 16:15:11 Skipping f015927: min-ask
Mar 30 16:15:11 
Mar 30 16:15:12 Count: 3 of 4
Mar 30 16:15:12 f01278 (1 / 1 tries):
Mar 30 16:15:12 f0421499: 23.293832210218907393 FIL (8.1G free)
Mar 30 16:15:12 Escrow: 0.999645757255 FIL
Mar 30 16:15:12 Locked: 0.33249517244 FIL
Mar 30 16:15:13 Datacap: 3160693276672
Mar 30 16:15:13 ....
Mar 30 16:15:14 Count: 3 of 4
Mar 30 16:15:14 f0157535 (1 / 1 tries):
Mar 30 16:15:14 f0421499: 23.293832210218907393 FIL (8.1G free)
Mar 30 16:15:14 Escrow: 0.999645757255 FIL
Mar 30 16:15:14 Locked: 0.33249517244 FIL
Mar 30 16:15:15 Datacap: 3160693276672
Mar 30 16:15:15 ....
Mar 30 16:15:16 Count: 3 of 4
Mar 30 16:15:16 f019551 (1 / 1 tries):
Mar 30 16:15:17 f0421499: 23.293832210218907393 FIL (8.1G free)
Mar 30 16:15:17 Escrow: 0.999645757255 FIL
Mar 30 16:15:17 Locked: 0.33249517244 FIL
Mar 30 16:15:18 Datacap: 3160693276672
Mar 30 16:15:18 ....
Mar 30 16:15:19 Count: 3 of 4
Mar 30 16:15:19 f022142 (1 / 1 tries):
Mar 30 16:15:19 f0421499: 23.293832210218907393 FIL (8.1G free)
Mar 30 16:15:19 Escrow: 0.999645757255 FIL
Mar 30 16:15:19 Locked: 0.33249517244 FIL
Mar 30 16:15:20 Datacap: 3160693276672
Mar 30 16:15:20 ....
Mar 30 16:15:21 Count: 3 of 4
Mar 30 16:15:21 f0165400 (1 / 1 tries):
Mar 30 16:15:22 f0421499: 23.293832210218907393 FIL (8.1G free)
Mar 30 16:15:22 Escrow: 0.999645757255 FIL
Mar 30 16:15:22 Locked: 0.33249517244 FIL
Mar 30 16:15:22 Datacap: 3160693276672
Mar 30 16:15:22 ....
Mar 30 16:15:23 Count: 3 of 4
Mar 30 16:15:23 f019104 (1 / 1 tries):
Mar 30 16:15:24 Skipping f019104: error-ask
Mar 30 16:15:24 
Mar 30 16:15:25 Count: 3 of 4
Mar 30 16:15:25 f02576 (1 / 1 tries):
Mar 30 16:15:25 f0421499: 23.293832210218907393 FIL (8.1G free)
Mar 30 16:15:25 Escrow: 0.999645757255 FIL
Mar 30 16:15:25 Locked: 0.33249517244 FIL
Mar 30 16:15:26 Datacap: 3160693276672
Mar 30 16:15:26 ....
Mar 30 16:15:27 Count: 3 of 4
Mar 30 16:15:27 f08399 (1 / 1 tries):
Mar 30 16:15:28 f0421499: 23.293832210218907393 FIL (8.1G free)
Mar 30 16:15:28 Escrow: 0.999645757255 FIL
Mar 30 16:15:28 Locked: 0.33249517244 FIL
Mar 30 16:15:29 Datacap: 3160693276672
Mar 30 16:15:29 ....
