Mar 30 12:59:02 Count: 3 of 4
Mar 30 12:59:02 f014768 (1 / 1 tries):
Mar 30 12:59:03 f0421499: 23.293832210218907393 FIL (8.7G free)
Mar 30 12:59:03 Escrow: 0.999645757255 FIL
Mar 30 12:59:03 Locked: 0.33249517244 FIL
Mar 30 12:59:03 Datacap: 3160693276672
Mar 30 12:59:03 ....
Mar 30 12:59:04 Count: 3 of 4
Mar 30 12:59:04 f02576 (1 / 1 tries):
Mar 30 12:59:05 f0421499: 23.293832210218907393 FIL (8.7G free)
Mar 30 12:59:05 Escrow: 0.999645757255 FIL
Mar 30 12:59:05 Locked: 0.33249517244 FIL
Mar 30 12:59:05 Datacap: 3160693276672
Mar 30 12:59:06 ....
Mar 30 12:59:07 Count: 3 of 4
Mar 30 12:59:07 f01240 (1 / 1 tries):
Mar 30 12:59:07 f0421499: 23.293832210218907393 FIL (8.7G free)
Mar 30 12:59:08 Escrow: 0.999645757255 FIL
Mar 30 12:59:08 Locked: 0.33249517244 FIL
Mar 30 12:59:08 Datacap: 3160693276672
Mar 30 12:59:08 ....
Mar 30 12:59:10 Count: 3 of 4
Mar 30 12:59:10 f019041 (1 / 1 tries):
Mar 30 12:59:10 f0421499: 23.293832210218907393 FIL (8.7G free)
Mar 30 12:59:10 Escrow: 0.999645757255 FIL
Mar 30 12:59:10 Locked: 0.33249517244 FIL
Mar 30 12:59:11 Datacap: 3160693276672
Mar 30 12:59:11 ....
Mar 30 12:59:12 Count: 3 of 4
Mar 30 12:59:12 f01277 (1 / 1 tries):
Mar 30 12:59:12 Skipping f01277: min-ask
Mar 30 12:59:12 
Mar 30 12:59:13 Count: 3 of 4
Mar 30 12:59:13 f09848 (1 / 1 tries):
Mar 30 12:59:14 f0421499: 23.293832210218907393 FIL (8.7G free)
Mar 30 12:59:14 Escrow: 0.999645757255 FIL
Mar 30 12:59:14 Locked: 0.33249517244 FIL
Mar 30 12:59:15 Datacap: 3160693276672
Mar 30 12:59:15 ....
Mar 30 12:59:16 Count: 3 of 4
Mar 30 12:59:16 f0145874 (1 / 1 tries):
Mar 30 12:59:17 f0421499: 23.293832210218907393 FIL (8.7G free)
Mar 30 12:59:17 Escrow: 0.999645757255 FIL
Mar 30 12:59:17 Locked: 0.33249517244 FIL
Mar 30 12:59:17 Datacap: 3160693276672
Mar 30 12:59:17 ....
Mar 30 12:59:18 Count: 3 of 4
Mar 30 12:59:18 f023971 (1 / 1 tries):
Mar 30 12:59:19 f0421499: 23.293832210218907393 FIL (8.7G free)
Mar 30 12:59:19 Escrow: 0.999645757255 FIL
Mar 30 12:59:19 Locked: 0.33249517244 FIL
Mar 30 12:59:20 Datacap: 3160693276672
Mar 30 12:59:20 ....
Mar 30 12:59:21 Count: 3 of 4
Mar 30 12:59:21 f019100 (1 / 1 tries):
Mar 30 12:59:22 Skipping f019100: error-ask
Mar 30 12:59:22 
Mar 30 12:59:23 Count: 3 of 4
Mar 30 12:59:23 f021716 (1 / 1 tries):
Mar 30 12:59:23 f0421499: 23.293832210218907393 FIL (8.7G free)
Mar 30 12:59:24 Escrow: 0.999645757255 FIL
Mar 30 12:59:24 Locked: 0.33249517244 FIL
Mar 30 12:59:24 Datacap: 3160693276672
Mar 30 12:59:24 ....
Mar 30 12:59:25 Count: 3 of 4
Mar 30 12:59:25 f071624 (1 / 1 tries):
Mar 30 12:59:26 f0421499: 23.293832210218907393 FIL (8.7G free)
Mar 30 12:59:26 Escrow: 0.999645757255 FIL
Mar 30 12:59:26 Locked: 0.33249517244 FIL
Mar 30 12:59:26 Datacap: 3160693276672
Mar 30 12:59:27 ....
Mar 30 12:59:28 Count: 3 of 4
Mar 30 12:59:28 f01278 (1 / 1 tries):
Mar 30 12:59:28 f0421499: 23.293832210218907393 FIL (8.7G free)
Mar 30 12:59:28 Escrow: 0.999645757255 FIL
Mar 30 12:59:28 Locked: 0.33249517244 FIL
Mar 30 12:59:29 Datacap: 3160693276672
Mar 30 12:59:29 ....
Mar 30 12:59:30 Count: 3 of 4
Mar 30 12:59:30 f014409 (1 / 1 tries):
Mar 30 12:59:31 f0421499: 23.293832210218907393 FIL (8.7G free)
Mar 30 12:59:31 Escrow: 0.999645757255 FIL
Mar 30 12:59:31 Locked: 0.33249517244 FIL
Mar 30 12:59:32 Datacap: 3160693276672
Mar 30 12:59:32 ....
Mar 30 12:59:33 Count: 3 of 4
Mar 30 12:59:33 f022163 (1 / 1 tries):
Mar 30 12:59:33 f0421499: 23.293832210218907393 FIL (8.7G free)
Mar 30 12:59:33 Escrow: 0.999645757255 FIL
Mar 30 12:59:33 Locked: 0.33249517244 FIL
Mar 30 12:59:34 Datacap: 3160693276672
Mar 30 12:59:34 ....
Mar 30 12:59:35 Count: 3 of 4
Mar 30 12:59:35 f023467 (1 / 1 tries):
Mar 30 12:59:36 f0421499: 23.293832210218907393 FIL (8.7G free)
Mar 30 12:59:36 Escrow: 0.999645757255 FIL
Mar 30 12:59:36 Locked: 0.33249517244 FIL
Mar 30 12:59:36 Datacap: 3160693276672
Mar 30 12:59:36 ....
Mar 30 12:59:37 Count: 3 of 4
Mar 30 12:59:37 f08399 (1 / 1 tries):
Mar 30 12:59:38 f0421499: 23.293832210218907393 FIL (8.7G free)
Mar 30 12:59:38 Escrow: 0.999645757255 FIL
Mar 30 12:59:38 Locked: 0.33249517244 FIL
Mar 30 12:59:39 Datacap: 3160693276672
Mar 30 12:59:39 ....
Mar 30 12:59:40 Count: 3 of 4
Mar 30 12:59:40 f010617 (1 / 1 tries):
Mar 30 12:59:40 f0421499: 23.293832210218907393 FIL (8.7G free)
Mar 30 12:59:41 Escrow: 0.999645757255 FIL
Mar 30 12:59:41 Locked: 0.33249517244 FIL
Mar 30 12:59:41 Datacap: 3160693276672
Mar 30 12:59:41 ....
Mar 30 12:59:42 Count: 3 of 4
Mar 30 12:59:42 f019551 (1 / 1 tries):
Mar 30 12:59:43 f0421499: 23.293832210218907393 FIL (8.7G free)
Mar 30 12:59:43 Escrow: 0.999645757255 FIL
Mar 30 12:59:43 Locked: 0.33249517244 FIL
Mar 30 12:59:44 Datacap: 3160693276672
Mar 30 12:59:44 ....
Mar 30 12:59:45 Count: 3 of 4
Mar 30 12:59:45 f019104 (1 / 1 tries):
Mar 30 12:59:45 Skipping f019104: error-ask
Mar 30 12:59:45 
Mar 30 12:59:46 Count: 3 of 4
Mar 30 12:59:46 f022352 (1 / 1 tries):
Mar 30 12:59:47 f0421499: 23.293832210218907393 FIL (8.7G free)
Mar 30 12:59:47 Escrow: 0.999645757255 FIL
Mar 30 12:59:47 Locked: 0.33249517244 FIL
Mar 30 12:59:47 Datacap: 3160693276672
Mar 30 12:59:47 ....
Mar 30 12:59:48 Count: 3 of 4
Mar 30 12:59:48 f0165400 (1 / 1 tries):
Mar 30 12:59:50 f0421499: 23.293832210218907393 FIL (8.7G free)
Mar 30 12:59:50 Escrow: 0.999645757255 FIL
Mar 30 12:59:50 Locked: 0.33249517244 FIL
Mar 30 12:59:50 Datacap: 3160693276672
Mar 30 12:59:50 ....
Mar 30 12:59:51 Count: 3 of 4
Mar 30 12:59:51 f08403 (1 / 1 tries):
Mar 30 12:59:52 f0421499: 23.293832210218907393 FIL (8.7G free)
Mar 30 12:59:52 Escrow: 0.999645757255 FIL
Mar 30 12:59:52 Locked: 0.33249517244 FIL
Mar 30 12:59:52 Datacap: 3160693276672
Mar 30 12:59:53 ....
Mar 30 12:59:54 Count: 3 of 4
Mar 30 12:59:54 f0127896 (1 / 1 tries):
Mar 30 12:59:54 Skipping f0127896: min-ask
Mar 30 12:59:54 
Mar 30 12:59:55 Count: 3 of 4
Mar 30 12:59:55 f01234 (1 / 1 tries):
Mar 30 12:59:56 f0421499: 23.293832210218907393 FIL (8.7G free)
Mar 30 12:59:56 Escrow: 0.999645757255 FIL
Mar 30 12:59:56 Locked: 0.33249517244 FIL
Mar 30 12:59:56 Datacap: 3160693276672
Mar 30 12:59:57 ....
Mar 30 12:59:58 Count: 3 of 4
Mar 30 12:59:58 f01247 (1 / 1 tries):
Mar 30 12:59:58 f0421499: 23.293832210218907393 FIL (8.7G free)
Mar 30 12:59:58 Escrow: 0.999645757255 FIL
Mar 30 12:59:58 Locked: 0.33249517244 FIL
Mar 30 12:59:59 Datacap: 3160693276672
Mar 30 12:59:59 ....
Mar 30 13:00:00 Count: 3 of 4
Mar 30 13:00:00 f07998 (1 / 1 tries):
Mar 30 13:00:00 f0421499: 23.293832210218907393 FIL (8.7G free)
Mar 30 13:00:01 Escrow: 0.999645757255 FIL
Mar 30 13:00:01 Locked: 0.33249517244 FIL
Mar 30 13:00:01 Datacap: 3160693276672
Mar 30 13:00:02 ....
Mar 30 13:00:03 Count: 3 of 4
Mar 30 13:00:03 f066596 (1 / 1 tries):
Mar 30 13:00:03 f0421499: 23.293832210218907393 FIL (8.7G free)
Mar 30 13:00:03 Escrow: 0.999645757255 FIL
Mar 30 13:00:03 Locked: 0.33249517244 FIL
Mar 30 13:00:04 Datacap: 3160693276672
Mar 30 13:00:04 ....
Mar 30 13:00:05 Count: 3 of 4
Mar 30 13:00:05 f015927 (1 / 1 tries):
Mar 30 13:00:05 Skipping f015927: min-ask
Mar 30 13:00:05 
Mar 30 13:00:06 Count: 3 of 4
Mar 30 13:00:06 f0157535 (1 / 1 tries):
Mar 30 13:00:07 f0421499: 23.293832210218907393 FIL (8.7G free)
Mar 30 13:00:07 Escrow: 0.999645757255 FIL
Mar 30 13:00:07 Locked: 0.33249517244 FIL
Mar 30 13:00:08 Datacap: 3160693276672
Mar 30 13:00:08 ....
Mar 30 13:00:09 Count: 3 of 4
Mar 30 13:00:09 f010479 (1 / 1 tries):
Mar 30 13:00:10 f0421499: 23.293832210218907393 FIL (8.7G free)
Mar 30 13:00:10 Escrow: 0.999645757255 FIL
Mar 30 13:00:10 Locked: 0.33249517244 FIL
Mar 30 13:00:11 Datacap: 3160693276672
Mar 30 13:00:11 ....
Mar 30 13:00:12 Count: 3 of 4
Mar 30 13:00:12 f099608 (1 / 1 tries):
Mar 30 13:00:12 f0421499: 23.293832210218907393 FIL (8.7G free)
Mar 30 13:00:12 Escrow: 0.999645757255 FIL
Mar 30 13:00:12 Locked: 0.33249517244 FIL
Mar 30 13:00:13 Datacap: 3160693276672
Mar 30 13:00:13 ....
Mar 30 13:00:14 Count: 3 of 4
Mar 30 13:00:14 f058369 (1 / 1 tries):
Mar 30 13:00:15 f0421499: 23.293832210218907393 FIL (8.7G free)
Mar 30 13:00:15 Escrow: 0.999645757255 FIL
Mar 30 13:00:15 Locked: 0.33249517244 FIL
Mar 30 13:00:16 Datacap: 3160693276672
Mar 30 13:00:16 ....
Mar 30 13:00:17 Count: 3 of 4
Mar 30 13:00:17 f022142 (1 / 1 tries):
Mar 30 13:00:17 f0421499: 23.293832210218907393 FIL (8.7G free)
Mar 30 13:00:17 Escrow: 0.999645757255 FIL
Mar 30 13:00:17 Locked: 0.33249517244 FIL
Mar 30 13:00:18 Datacap: 3160693276672
Mar 30 13:00:18 ....
Mar 30 13:00:19 Count: 3 of 4
Mar 30 13:00:19 f019362 (1 / 1 tries):
Mar 30 13:00:20 f0421499: 23.293832210218907393 FIL (8.7G free)
Mar 30 13:00:20 Escrow: 0.999645757255 FIL
Mar 30 13:00:20 Locked: 0.33249517244 FIL
Mar 30 13:00:20 Datacap: 3160693276672
Mar 30 13:00:20 ....
Mar 30 13:00:21 Count: 3 of 4
Mar 30 13:00:21 f02606 (1 / 1 tries):
Mar 30 13:00:22 f0421499: 23.293832210218907393 FIL (8.7G free)
Mar 30 13:00:22 Escrow: 0.999645757255 FIL
Mar 30 13:00:22 Locked: 0.33249517244 FIL
Mar 30 13:00:23 Datacap: 3160693276672
Mar 30 13:00:23 ....
Mar 30 13:00:24 Count: 3 of 4
Mar 30 13:00:24 f062353 (1 / 1 tries):
Mar 30 13:00:24 f0421499: 23.293832210218907393 FIL (8.7G free)
Mar 30 13:00:24 Escrow: 0.999645757255 FIL
Mar 30 13:00:24 Locked: 0.33249517244 FIL
Mar 30 13:00:25 Datacap: 3160693276672
Mar 30 13:00:25 ....
