Mar 30 10:49:36 Count: 3 of 4
Mar 30 10:49:36 f019100 (1 / 1 tries):
Mar 30 10:49:36 Skipping f019100: error-ask
Mar 30 10:49:36 
Mar 30 10:49:37 Count: 3 of 4
Mar 30 10:49:37 f09848 (1 / 1 tries):
Mar 30 10:49:38 f0421499: 23.293832210218907393 FIL (9.1G free)
Mar 30 10:49:38 Escrow: 0.999645757255 FIL
Mar 30 10:49:38 Locked: 0.33249517244 FIL
Mar 30 10:49:39 Datacap: 3160693276672
Mar 30 10:49:39 ....
Mar 30 10:49:40 Count: 3 of 4
Mar 30 10:49:40 f019551 (1 / 1 tries):
Mar 30 10:49:41 f0421499: 23.293832210218907393 FIL (9.1G free)
Mar 30 10:49:41 Escrow: 0.999645757255 FIL
Mar 30 10:49:41 Locked: 0.33249517244 FIL
Mar 30 10:49:41 Datacap: 3160693276672
Mar 30 10:49:41 ....
Mar 30 10:49:42 Count: 3 of 4
Mar 30 10:49:42 f015927 (1 / 1 tries):
Mar 30 10:49:43 Skipping f015927: min-ask
Mar 30 10:49:43 
Mar 30 10:49:44 Count: 3 of 4
Mar 30 10:49:44 f0165400 (1 / 1 tries):
Mar 30 10:49:44 f0421499: 23.293832210218907393 FIL (9.1G free)
Mar 30 10:49:45 Escrow: 0.999645757255 FIL
Mar 30 10:49:45 Locked: 0.33249517244 FIL
Mar 30 10:49:45 Datacap: 3160693276672
Mar 30 10:49:45 ....
Mar 30 10:49:46 Count: 3 of 4
Mar 30 10:49:46 f014768 (1 / 1 tries):
Mar 30 10:49:47 f0421499: 23.293832210218907393 FIL (9.1G free)
Mar 30 10:49:47 Escrow: 0.999645757255 FIL
Mar 30 10:49:47 Locked: 0.33249517244 FIL
Mar 30 10:49:47 Datacap: 3160693276672
Mar 30 10:49:47 ....
Mar 30 10:49:48 Count: 3 of 4
Mar 30 10:49:48 f021716 (1 / 1 tries):
Mar 30 10:49:49 f0421499: 23.293832210218907393 FIL (9.1G free)
Mar 30 10:49:49 Escrow: 0.999645757255 FIL
Mar 30 10:49:49 Locked: 0.33249517244 FIL
Mar 30 10:49:50 Datacap: 3160693276672
Mar 30 10:49:50 ....
Mar 30 10:49:51 Count: 3 of 4
Mar 30 10:49:51 f019104 (1 / 1 tries):
Mar 30 10:49:51 Skipping f019104: error-ask
Mar 30 10:49:51 
Mar 30 10:49:52 Count: 3 of 4
Mar 30 10:49:52 f01247 (1 / 1 tries):
Mar 30 10:49:53 f0421499: 23.293832210218907393 FIL (9.1G free)
Mar 30 10:49:53 Escrow: 0.999645757255 FIL
Mar 30 10:49:53 Locked: 0.33249517244 FIL
Mar 30 10:49:54 Datacap: 3160693276672
Mar 30 10:49:54 ....
Mar 30 10:49:55 Count: 3 of 4
Mar 30 10:49:55 f08403 (1 / 1 tries):
Mar 30 10:49:56 f0421499: 23.293832210218907393 FIL (9.1G free)
Mar 30 10:49:56 Escrow: 0.999645757255 FIL
Mar 30 10:49:56 Locked: 0.33249517244 FIL
Mar 30 10:49:57 Datacap: 3160693276672
Mar 30 10:49:57 ....
Mar 30 10:49:58 Count: 3 of 4
Mar 30 10:49:58 f01277 (1 / 1 tries):
Mar 30 10:49:58 Skipping f01277: min-ask
Mar 30 10:49:58 
Mar 30 10:49:59 Count: 3 of 4
Mar 30 10:49:59 f010479 (1 / 1 tries):
Mar 30 10:50:00 f0421499: 23.293832210218907393 FIL (9.1G free)
Mar 30 10:50:00 Escrow: 0.999645757255 FIL
Mar 30 10:50:00 Locked: 0.33249517244 FIL
Mar 30 10:50:00 Datacap: 3160693276672
Mar 30 10:50:01 ....
Mar 30 10:50:02 Count: 3 of 4
Mar 30 10:50:02 f019041 (1 / 1 tries):
Mar 30 10:50:02 f0421499: 23.293832210218907393 FIL (9.1G free)
Mar 30 10:50:03 Escrow: 0.999645757255 FIL
Mar 30 10:50:03 Locked: 0.33249517244 FIL
Mar 30 10:50:03 Datacap: 3160693276672
Mar 30 10:50:03 ....
Mar 30 10:50:04 Count: 3 of 4
Mar 30 10:50:04 f0157535 (1 / 1 tries):
Mar 30 10:50:05 f0421499: 23.293832210218907393 FIL (9.1G free)
Mar 30 10:50:05 Escrow: 0.999645757255 FIL
Mar 30 10:50:05 Locked: 0.33249517244 FIL
Mar 30 10:50:06 Datacap: 3160693276672
Mar 30 10:50:06 ....
Mar 30 10:50:07 Count: 3 of 4
Mar 30 10:50:07 f08399 (1 / 1 tries):
Mar 30 10:50:07 f0421499: 23.293832210218907393 FIL (9.1G free)
Mar 30 10:50:07 Escrow: 0.999645757255 FIL
Mar 30 10:50:07 Locked: 0.33249517244 FIL
Mar 30 10:50:08 Datacap: 3160693276672
Mar 30 10:50:08 ....
Mar 30 10:50:09 Count: 3 of 4
Mar 30 10:50:09 f010617 (1 / 1 tries):
Mar 30 10:50:10 f0421499: 23.293832210218907393 FIL (9.1G free)
Mar 30 10:50:10 Escrow: 0.999645757255 FIL
Mar 30 10:50:10 Locked: 0.33249517244 FIL
Mar 30 10:50:11 Datacap: 3160693276672
Mar 30 10:50:11 ....
Mar 30 10:50:12 Count: 3 of 4
Mar 30 10:50:12 f023467 (1 / 1 tries):
Mar 30 10:50:12 f0421499: 23.293832210218907393 FIL (9.1G free)
Mar 30 10:50:12 Escrow: 0.999645757255 FIL
Mar 30 10:50:12 Locked: 0.33249517244 FIL
Mar 30 10:50:13 Datacap: 3160693276672
Mar 30 10:50:13 ....
Mar 30 10:50:14 Count: 3 of 4
Mar 30 10:50:14 f023971 (1 / 1 tries):
Mar 30 10:50:15 f0421499: 23.293832210218907393 FIL (9.1G free)
Mar 30 10:50:15 Escrow: 0.999645757255 FIL
Mar 30 10:50:15 Locked: 0.33249517244 FIL
Mar 30 10:50:15 Datacap: 3160693276672
Mar 30 10:50:15 ....
Mar 30 10:50:16 Count: 3 of 4
Mar 30 10:50:16 f01234 (1 / 1 tries):
Mar 30 10:50:17 f0421499: 23.293832210218907393 FIL (9.1G free)
Mar 30 10:50:17 Escrow: 0.999645757255 FIL
Mar 30 10:50:17 Locked: 0.33249517244 FIL
Mar 30 10:50:17 Datacap: 3160693276672
Mar 30 10:50:17 ....
Mar 30 10:50:18 Count: 3 of 4
Mar 30 10:50:18 f071624 (1 / 1 tries):
Mar 30 10:50:19 f0421499: 23.293832210218907393 FIL (9.1G free)
Mar 30 10:50:19 Escrow: 0.999645757255 FIL
Mar 30 10:50:19 Locked: 0.33249517244 FIL
Mar 30 10:50:20 Datacap: 3160693276672
Mar 30 10:50:20 ....
Mar 30 10:50:21 Count: 3 of 4
Mar 30 10:50:21 f022163 (1 / 1 tries):
Mar 30 10:50:22 f0421499: 23.293832210218907393 FIL (9.1G free)
Mar 30 10:50:22 Escrow: 0.999645757255 FIL
Mar 30 10:50:22 Locked: 0.33249517244 FIL
Mar 30 10:50:22 Datacap: 3160693276672
Mar 30 10:50:22 ....
Mar 30 10:50:23 Count: 3 of 4
Mar 30 10:50:23 f019362 (1 / 1 tries):
Mar 30 10:50:24 f0421499: 23.293832210218907393 FIL (9.1G free)
Mar 30 10:50:24 Escrow: 0.999645757255 FIL
Mar 30 10:50:24 Locked: 0.33249517244 FIL
Mar 30 10:50:24 Datacap: 3160693276672
Mar 30 10:50:25 ....
Mar 30 10:50:26 Count: 3 of 4
Mar 30 10:50:26 f02606 (1 / 1 tries):
Mar 30 10:50:26 f0421499: 23.293832210218907393 FIL (9.1G free)
Mar 30 10:50:27 Escrow: 0.999645757255 FIL
Mar 30 10:50:27 Locked: 0.33249517244 FIL
Mar 30 10:50:27 Datacap: 3160693276672
Mar 30 10:50:27 ....
Mar 30 10:50:28 Count: 3 of 4
Mar 30 10:50:28 f062353 (1 / 1 tries):
Mar 30 10:50:29 f0421499: 23.293832210218907393 FIL (9.1G free)
Mar 30 10:50:29 Escrow: 0.999645757255 FIL
Mar 30 10:50:29 Locked: 0.33249517244 FIL
Mar 30 10:50:29 Datacap: 3160693276672
Mar 30 10:50:29 ....
Mar 30 10:50:30 Count: 3 of 4
Mar 30 10:50:30 f066596 (1 / 1 tries):
Mar 30 10:50:31 f0421499: 23.293832210218907393 FIL (9.1G free)
Mar 30 10:50:31 Escrow: 0.999645757255 FIL
Mar 30 10:50:31 Locked: 0.33249517244 FIL
Mar 30 10:50:32 Datacap: 3160693276672
Mar 30 10:50:32 ....
Mar 30 10:50:33 Count: 3 of 4
Mar 30 10:50:33 f0127896 (1 / 1 tries):
Mar 30 10:50:33 Skipping f0127896: min-ask
Mar 30 10:50:33 
Mar 30 10:50:34 Count: 3 of 4
Mar 30 10:50:34 f058369 (1 / 1 tries):
Mar 30 10:50:35 f0421499: 23.293832210218907393 FIL (9.1G free)
Mar 30 10:50:35 Escrow: 0.999645757255 FIL
Mar 30 10:50:35 Locked: 0.33249517244 FIL
Mar 30 10:50:35 Datacap: 3160693276672
Mar 30 10:50:36 ....
Mar 30 10:50:37 Count: 3 of 4
Mar 30 10:50:37 f02576 (1 / 1 tries):
Mar 30 10:50:37 f0421499: 23.293832210218907393 FIL (9.1G free)
Mar 30 10:50:37 Escrow: 0.999645757255 FIL
Mar 30 10:50:37 Locked: 0.33249517244 FIL
Mar 30 10:50:38 Datacap: 3160693276672
Mar 30 10:50:38 ....
Mar 30 10:50:39 Count: 3 of 4
Mar 30 10:50:39 f099608 (1 / 1 tries):
Mar 30 10:50:40 f0421499: 23.293832210218907393 FIL (9.1G free)
Mar 30 10:50:40 Escrow: 0.999645757255 FIL
Mar 30 10:50:40 Locked: 0.33249517244 FIL
Mar 30 10:50:41 Datacap: 3160693276672
Mar 30 10:50:41 ....
Mar 30 10:50:42 Count: 3 of 4
Mar 30 10:50:42 f0145874 (1 / 1 tries):
Mar 30 10:50:42 f0421499: 23.293832210218907393 FIL (9.1G free)
Mar 30 10:50:42 Escrow: 0.999645757255 FIL
Mar 30 10:50:42 Locked: 0.33249517244 FIL
Mar 30 10:50:43 Datacap: 3160693276672
Mar 30 10:50:43 ....
Mar 30 10:50:44 Count: 3 of 4
Mar 30 10:50:44 f022142 (1 / 1 tries):
Mar 30 10:50:45 f0421499: 23.293832210218907393 FIL (9.1G free)
Mar 30 10:50:45 Escrow: 0.999645757255 FIL
Mar 30 10:50:45 Locked: 0.33249517244 FIL
Mar 30 10:50:45 Datacap: 3160693276672
Mar 30 10:50:46 ....
Mar 30 10:50:47 Count: 3 of 4
Mar 30 10:50:47 f014409 (1 / 1 tries):
Mar 30 10:50:47 f0421499: 23.293832210218907393 FIL (9.1G free)
Mar 30 10:50:47 Escrow: 0.999645757255 FIL
Mar 30 10:50:47 Locked: 0.33249517244 FIL
Mar 30 10:50:48 Datacap: 3160693276672
Mar 30 10:50:48 ....
Mar 30 10:50:49 Count: 3 of 4
Mar 30 10:50:49 f01278 (1 / 1 tries):
Mar 30 10:50:49 f0421499: 23.293832210218907393 FIL (9.1G free)
Mar 30 10:50:49 Escrow: 0.999645757255 FIL
Mar 30 10:50:49 Locked: 0.33249517244 FIL
Mar 30 10:50:50 Datacap: 3160693276672
Mar 30 10:50:50 ....
Mar 30 10:50:51 Count: 3 of 4
Mar 30 10:50:51 f07998 (1 / 1 tries):
Mar 30 10:50:52 f0421499: 23.293832210218907393 FIL (9.1G free)
Mar 30 10:50:52 Escrow: 0.999645757255 FIL
Mar 30 10:50:52 Locked: 0.33249517244 FIL
Mar 30 10:50:52 Datacap: 3160693276672
Mar 30 10:50:52 ....
Mar 30 10:50:53 Count: 3 of 4
Mar 30 10:50:53 f01240 (1 / 1 tries):
Mar 30 10:50:54 f0421499: 23.293832210218907393 FIL (9.1G free)
Mar 30 10:50:54 Escrow: 0.999645757255 FIL
Mar 30 10:50:54 Locked: 0.33249517244 FIL
Mar 30 10:50:54 Datacap: 3160693276672
Mar 30 10:50:54 ....
Mar 30 10:50:55 Count: 3 of 4
Mar 30 10:50:55 f022352 (1 / 1 tries):
Mar 30 10:50:56 f0421499: 23.293832210218907393 FIL (9.1G free)
Mar 30 10:50:56 Escrow: 0.999645757255 FIL
Mar 30 10:50:56 Locked: 0.33249517244 FIL
Mar 30 10:50:57 Datacap: 3160693276672
Mar 30 10:50:57 ....
