Mar 30 12:55:48 Count: 3 of 4
Mar 30 12:55:48 f0157535 (1 / 1 tries):
Mar 30 12:55:49 f0421499: 23.293832210218907393 FIL (8.7G free)
Mar 30 12:55:49 Escrow: 0.999645757255 FIL
Mar 30 12:55:49 Locked: 0.33249517244 FIL
Mar 30 12:55:49 Datacap: 3160693276672
Mar 30 12:55:49 ....
Mar 30 12:55:51 Count: 3 of 4
Mar 30 12:55:51 f071624 (1 / 1 tries):
Mar 30 12:55:51 f0421499: 23.293832210218907393 FIL (8.7G free)
Mar 30 12:55:52 Escrow: 0.999645757255 FIL
Mar 30 12:55:52 Locked: 0.33249517244 FIL
Mar 30 12:55:52 Datacap: 3160693276672
Mar 30 12:55:53 ....
Mar 30 12:55:54 Count: 3 of 4
Mar 30 12:55:54 f066596 (1 / 1 tries):
Mar 30 12:55:54 f0421499: 23.293832210218907393 FIL (8.7G free)
Mar 30 12:55:54 Escrow: 0.999645757255 FIL
Mar 30 12:55:54 Locked: 0.33249517244 FIL
Mar 30 12:55:55 Datacap: 3160693276672
Mar 30 12:55:55 ....
Mar 30 12:55:56 Count: 3 of 4
Mar 30 12:55:56 f010479 (1 / 1 tries):
Mar 30 12:55:57 f0421499: 23.293832210218907393 FIL (8.7G free)
Mar 30 12:55:57 Escrow: 0.999645757255 FIL
Mar 30 12:55:57 Locked: 0.33249517244 FIL
Mar 30 12:55:58 Datacap: 3160693276672
Mar 30 12:55:58 ....
Mar 30 12:55:59 Count: 3 of 4
Mar 30 12:55:59 f08399 (1 / 1 tries):
Mar 30 12:56:00 f0421499: 23.293832210218907393 FIL (8.7G free)
Mar 30 12:56:00 Escrow: 0.999645757255 FIL
Mar 30 12:56:00 Locked: 0.33249517244 FIL
Mar 30 12:56:00 Datacap: 3160693276672
Mar 30 12:56:01 ....
Mar 30 12:56:02 Count: 3 of 4
Mar 30 12:56:02 f02606 (1 / 1 tries):
Mar 30 12:56:02 f0421499: 23.293832210218907393 FIL (8.7G free)
Mar 30 12:56:03 Escrow: 0.999645757255 FIL
Mar 30 12:56:03 Locked: 0.33249517244 FIL
Mar 30 12:56:03 Datacap: 3160693276672
Mar 30 12:56:03 ....
Mar 30 12:56:04 Count: 3 of 4
Mar 30 12:56:04 f01234 (1 / 1 tries):
Mar 30 12:56:05 f0421499: 23.293832210218907393 FIL (8.7G free)
Mar 30 12:56:05 Escrow: 0.999645757255 FIL
Mar 30 12:56:05 Locked: 0.33249517244 FIL
Mar 30 12:56:05 Datacap: 3160693276672
Mar 30 12:56:06 ....
Mar 30 12:56:07 Count: 3 of 4
Mar 30 12:56:07 f09848 (1 / 1 tries):
Mar 30 12:56:07 f0421499: 23.293832210218907393 FIL (8.7G free)
Mar 30 12:56:07 Escrow: 0.999645757255 FIL
Mar 30 12:56:07 Locked: 0.33249517244 FIL
Mar 30 12:56:08 Datacap: 3160693276672
Mar 30 12:56:08 ....
Mar 30 12:56:09 Count: 3 of 4
Mar 30 12:56:09 f0145874 (1 / 1 tries):
Mar 30 12:56:10 f0421499: 23.293832210218907393 FIL (8.7G free)
Mar 30 12:56:10 Escrow: 0.999645757255 FIL
Mar 30 12:56:10 Locked: 0.33249517244 FIL
Mar 30 12:56:10 Datacap: 3160693276672
Mar 30 12:56:10 ....
Mar 30 12:56:11 Count: 3 of 4
Mar 30 12:56:11 f01240 (1 / 1 tries):
Mar 30 12:56:12 f0421499: 23.293832210218907393 FIL (8.7G free)
Mar 30 12:56:12 Escrow: 0.999645757255 FIL
Mar 30 12:56:12 Locked: 0.33249517244 FIL
Mar 30 12:56:12 Datacap: 3160693276672
Mar 30 12:56:12 ....
Mar 30 12:56:13 Count: 3 of 4
Mar 30 12:56:13 f0127896 (1 / 1 tries):
Mar 30 12:56:14 Skipping f0127896: min-ask
Mar 30 12:56:14 
Mar 30 12:56:15 Count: 3 of 4
Mar 30 12:56:15 f023971 (1 / 1 tries):
Mar 30 12:56:15 f0421499: 23.293832210218907393 FIL (8.7G free)
Mar 30 12:56:15 Escrow: 0.999645757255 FIL
Mar 30 12:56:15 Locked: 0.33249517244 FIL
Mar 30 12:56:16 Datacap: 3160693276672
Mar 30 12:56:16 ....
Mar 30 12:56:17 Count: 3 of 4
Mar 30 12:56:17 f07998 (1 / 1 tries):
Mar 30 12:56:17 f0421499: 23.293832210218907393 FIL (8.7G free)
Mar 30 12:56:17 Escrow: 0.999645757255 FIL
Mar 30 12:56:17 Locked: 0.33249517244 FIL
Mar 30 12:56:18 Datacap: 3160693276672
Mar 30 12:56:18 ....
Mar 30 12:56:19 Count: 3 of 4
Mar 30 12:56:19 f021716 (1 / 1 tries):
Mar 30 12:56:19 f0421499: 23.293832210218907393 FIL (8.7G free)
Mar 30 12:56:19 Escrow: 0.999645757255 FIL
Mar 30 12:56:19 Locked: 0.33249517244 FIL
Mar 30 12:56:20 Datacap: 3160693276672
Mar 30 12:56:20 ....
Mar 30 12:56:21 Count: 3 of 4
Mar 30 12:56:21 f023467 (1 / 1 tries):
Mar 30 12:56:21 f0421499: 23.293832210218907393 FIL (8.7G free)
Mar 30 12:56:22 Escrow: 0.999645757255 FIL
Mar 30 12:56:22 Locked: 0.33249517244 FIL
Mar 30 12:56:22 Datacap: 3160693276672
Mar 30 12:56:22 ....
Mar 30 12:56:23 Count: 3 of 4
Mar 30 12:56:23 f019100 (1 / 1 tries):
Mar 30 12:56:24 Skipping f019100: error-ask
Mar 30 12:56:24 
Mar 30 12:56:25 Count: 3 of 4
Mar 30 12:56:25 f099608 (1 / 1 tries):
Mar 30 12:56:25 f0421499: 23.293832210218907393 FIL (8.7G free)
Mar 30 12:56:25 Escrow: 0.999645757255 FIL
Mar 30 12:56:25 Locked: 0.33249517244 FIL
Mar 30 12:56:26 Datacap: 3160693276672
Mar 30 12:56:26 ....
Mar 30 12:56:27 Count: 3 of 4
Mar 30 12:56:27 f01247 (1 / 1 tries):
Mar 30 12:56:27 f0421499: 23.293832210218907393 FIL (8.7G free)
Mar 30 12:56:28 Escrow: 0.999645757255 FIL
Mar 30 12:56:28 Locked: 0.33249517244 FIL
Mar 30 12:56:28 Datacap: 3160693276672
Mar 30 12:56:28 ....
Mar 30 12:56:29 Count: 3 of 4
Mar 30 12:56:29 f014409 (1 / 1 tries):
Mar 30 12:56:30 f0421499: 23.293832210218907393 FIL (8.7G free)
Mar 30 12:56:30 Escrow: 0.999645757255 FIL
Mar 30 12:56:30 Locked: 0.33249517244 FIL
Mar 30 12:56:31 Datacap: 3160693276672
Mar 30 12:56:31 ....
Mar 30 12:56:32 Count: 3 of 4
Mar 30 12:56:32 f019104 (1 / 1 tries):
Mar 30 12:56:32 Skipping f019104: error-ask
Mar 30 12:56:32 
Mar 30 12:56:33 Count: 3 of 4
Mar 30 12:56:33 f019362 (1 / 1 tries):
Mar 30 12:56:34 f0421499: 23.293832210218907393 FIL (8.7G free)
Mar 30 12:56:34 Escrow: 0.999645757255 FIL
Mar 30 12:56:34 Locked: 0.33249517244 FIL
Mar 30 12:56:34 Datacap: 3160693276672
Mar 30 12:56:35 ....
Mar 30 12:56:36 Count: 3 of 4
Mar 30 12:56:36 f014768 (1 / 1 tries):
Mar 30 12:56:37 f0421499: 23.293832210218907393 FIL (8.7G free)
Mar 30 12:56:37 Escrow: 0.999645757255 FIL
Mar 30 12:56:37 Locked: 0.33249517244 FIL
Mar 30 12:56:38 Datacap: 3160693276672
Mar 30 12:56:38 ....
Mar 30 12:56:39 Count: 3 of 4
Mar 30 12:56:39 f058369 (1 / 1 tries):
Mar 30 12:56:39 f0421499: 23.293832210218907393 FIL (8.7G free)
Mar 30 12:56:40 Escrow: 0.999645757255 FIL
Mar 30 12:56:40 Locked: 0.33249517244 FIL
Mar 30 12:56:40 Datacap: 3160693276672
Mar 30 12:56:40 ....
Mar 30 12:56:41 Count: 3 of 4
Mar 30 12:56:41 f01278 (1 / 1 tries):
Mar 30 12:56:42 f0421499: 23.293832210218907393 FIL (8.7G free)
Mar 30 12:56:42 Escrow: 0.999645757255 FIL
Mar 30 12:56:42 Locked: 0.33249517244 FIL
Mar 30 12:56:42 Datacap: 3160693276672
Mar 30 12:56:43 ....
Mar 30 12:56:44 Count: 3 of 4
Mar 30 12:56:44 f010617 (1 / 1 tries):
Mar 30 12:56:44 f0421499: 23.293832210218907393 FIL (8.7G free)
Mar 30 12:56:45 Escrow: 0.999645757255 FIL
Mar 30 12:56:45 Locked: 0.33249517244 FIL
Mar 30 12:56:45 Datacap: 3160693276672
Mar 30 12:56:45 ....
Mar 30 12:56:46 Count: 3 of 4
Mar 30 12:56:46 f019041 (1 / 1 tries):
Mar 30 12:56:47 f0421499: 23.293832210218907393 FIL (8.7G free)
Mar 30 12:56:47 Escrow: 0.999645757255 FIL
Mar 30 12:56:47 Locked: 0.33249517244 FIL
Mar 30 12:56:47 Datacap: 3160693276672
Mar 30 12:56:47 ....
Mar 30 12:56:48 Count: 3 of 4
Mar 30 12:56:48 f022142 (1 / 1 tries):
Mar 30 12:56:49 f0421499: 23.293832210218907393 FIL (8.7G free)
Mar 30 12:56:49 Escrow: 0.999645757255 FIL
Mar 30 12:56:49 Locked: 0.33249517244 FIL
Mar 30 12:56:50 Datacap: 3160693276672
Mar 30 12:56:50 ....
Mar 30 12:56:51 Count: 3 of 4
Mar 30 12:56:51 f019551 (1 / 1 tries):
Mar 30 12:56:52 f0421499: 23.293832210218907393 FIL (8.7G free)
Mar 30 12:56:52 Escrow: 0.999645757255 FIL
Mar 30 12:56:52 Locked: 0.33249517244 FIL
Mar 30 12:56:52 Datacap: 3160693276672
Mar 30 12:56:52 ....
Mar 30 12:56:53 Count: 3 of 4
Mar 30 12:56:53 f0165400 (1 / 1 tries):
Mar 30 12:56:54 f0421499: 23.293832210218907393 FIL (8.7G free)
Mar 30 12:56:54 Escrow: 0.999645757255 FIL
Mar 30 12:56:54 Locked: 0.33249517244 FIL
Mar 30 12:56:55 Datacap: 3160693276672
Mar 30 12:56:55 ....
Mar 30 12:56:56 Count: 3 of 4
Mar 30 12:56:56 f062353 (1 / 1 tries):
Mar 30 12:56:57 f0421499: 23.293832210218907393 FIL (8.7G free)
Mar 30 12:56:57 Escrow: 0.999645757255 FIL
Mar 30 12:56:57 Locked: 0.33249517244 FIL
Mar 30 12:56:58 Datacap: 3160693276672
Mar 30 12:56:58 ....
Mar 30 12:56:59 Count: 3 of 4
Mar 30 12:56:59 f02576 (1 / 1 tries):
Mar 30 12:56:59 f0421499: 23.293832210218907393 FIL (8.7G free)
Mar 30 12:56:59 Escrow: 0.999645757255 FIL
Mar 30 12:56:59 Locked: 0.33249517244 FIL
Mar 30 12:57:00 Datacap: 3160693276672
Mar 30 12:57:00 ....
Mar 30 12:57:01 Count: 3 of 4
Mar 30 12:57:01 f022163 (1 / 1 tries):
Mar 30 12:57:02 f0421499: 23.293832210218907393 FIL (8.7G free)
Mar 30 12:57:02 Escrow: 0.999645757255 FIL
Mar 30 12:57:02 Locked: 0.33249517244 FIL
Mar 30 12:57:03 Datacap: 3160693276672
Mar 30 12:57:03 ....
Mar 30 12:57:04 Count: 3 of 4
Mar 30 12:57:04 f015927 (1 / 1 tries):
Mar 30 12:57:04 Skipping f015927: min-ask
Mar 30 12:57:04 
Mar 30 12:57:05 Count: 3 of 4
Mar 30 12:57:05 f08403 (1 / 1 tries):
Mar 30 12:57:06 f0421499: 23.293832210218907393 FIL (8.7G free)
Mar 30 12:57:06 Escrow: 0.999645757255 FIL
Mar 30 12:57:06 Locked: 0.33249517244 FIL
Mar 30 12:57:06 Datacap: 3160693276672
Mar 30 12:57:06 ....
Mar 30 12:57:07 Count: 3 of 4
Mar 30 12:57:07 f01277 (1 / 1 tries):
Mar 30 12:57:08 Skipping f01277: min-ask
Mar 30 12:57:08 
Mar 30 12:57:09 Count: 3 of 4
Mar 30 12:57:09 f022352 (1 / 1 tries):
Mar 30 12:57:10 f0421499: 23.293832210218907393 FIL (8.7G free)
Mar 30 12:57:10 Escrow: 0.999645757255 FIL
Mar 30 12:57:10 Locked: 0.33249517244 FIL
Mar 30 12:57:10 Datacap: 3160693276672
Mar 30 12:57:10 ....
