Mar 29 22:07:35 Count: 3 of 4
Mar 29 22:07:35 f01278 (1 / 1 tries):
Mar 29 22:07:36 f0421499: 23.314620634215091005 FIL (110G free)
Mar 29 22:07:36 Escrow: 0.999999997255 FIL
Mar 29 22:07:36 Locked: 0.33251649052 FIL
Mar 29 22:07:36 Datacap: 4191485427712
Mar 29 22:07:36 ....
Mar 29 22:07:37 Count: 3 of 4
Mar 29 22:07:37 f022142 (1 / 1 tries):
Mar 29 22:07:37 f0421499: 23.314620634215091005 FIL (110G free)
Mar 29 22:07:38 Escrow: 0.999999997255 FIL
Mar 29 22:07:38 Locked: 0.33251649052 FIL
Mar 29 22:07:38 Datacap: 4191485427712
Mar 29 22:07:38 ....
Mar 29 22:07:39 Count: 3 of 4
Mar 29 22:07:39 f02576 (1 / 1 tries):
Mar 29 22:07:39 f0421499: 23.314620634215091005 FIL (110G free)
Mar 29 22:07:39 Escrow: 0.999999997255 FIL
Mar 29 22:07:39 Locked: 0.33251649052 FIL
Mar 29 22:07:40 Datacap: 4191485427712
Mar 29 22:07:40 ....
Mar 29 22:07:41 Count: 3 of 4
Mar 29 22:07:41 f023467 (1 / 1 tries):
Mar 29 22:07:41 f0421499: 23.314620634215091005 FIL (110G free)
Mar 29 22:07:41 Escrow: 0.999999997255 FIL
Mar 29 22:07:41 Locked: 0.33251649052 FIL
Mar 29 22:07:42 Datacap: 4191485427712
Mar 29 22:07:42 ....
Mar 29 22:07:43 Count: 3 of 4
Mar 29 22:07:43 f010479 (1 / 1 tries):
Mar 29 22:07:43 f0421499: 23.314620634215091005 FIL (110G free)
Mar 29 22:07:43 Escrow: 0.999999997255 FIL
Mar 29 22:07:43 Locked: 0.33251649052 FIL
Mar 29 22:07:43 Datacap: 4191485427712
Mar 29 22:07:43 ....
Mar 29 22:07:44 Count: 3 of 4
Mar 29 22:07:44 f01277 (1 / 1 tries):
Mar 29 22:07:45 Skipping f01277: min-ask
Mar 29 22:07:45 
Mar 29 22:07:46 Count: 3 of 4
Mar 29 22:07:46 f014768 (1 / 1 tries):
Mar 29 22:07:46 f0421499: 23.314620634215091005 FIL (110G free)
Mar 29 22:07:46 Escrow: 0.999999997255 FIL
Mar 29 22:07:46 Locked: 0.33251649052 FIL
Mar 29 22:07:46 Datacap: 4191485427712
Mar 29 22:07:46 ....
Mar 29 22:07:47 Count: 3 of 4
Mar 29 22:07:47 f07998 (1 / 1 tries):
Mar 29 22:07:48 f0421499: 23.314620634215091005 FIL (110G free)
Mar 29 22:07:48 Escrow: 0.999999997255 FIL
Mar 29 22:07:48 Locked: 0.33251649052 FIL
Mar 29 22:07:48 Datacap: 4191485427712
Mar 29 22:07:48 ....
Mar 29 22:07:49 Count: 3 of 4
Mar 29 22:07:49 f019100 (1 / 1 tries):
Mar 29 22:07:50 Skipping f019100: error-ask
Mar 29 22:07:50 
Mar 29 22:07:51 Count: 3 of 4
Mar 29 22:07:51 f019551 (1 / 1 tries):
Mar 29 22:07:51 f0421499: 23.314620634215091005 FIL (110G free)
Mar 29 22:07:52 Escrow: 0.999999997255 FIL
Mar 29 22:07:52 Locked: 0.33251649052 FIL
Mar 29 22:07:52 Datacap: 4191485427712
Mar 29 22:07:52 ....
Mar 29 22:07:53 Count: 3 of 4
Mar 29 22:07:53 f023971 (1 / 1 tries):
Mar 29 22:07:53 f0421499: 23.314620634215091005 FIL (110G free)
Mar 29 22:07:53 Escrow: 0.999999997255 FIL
Mar 29 22:07:53 Locked: 0.33251649052 FIL
Mar 29 22:07:54 Datacap: 4191485427712
Mar 29 22:07:54 ....
Mar 29 22:07:55 Count: 3 of 4
Mar 29 22:07:55 f01240 (1 / 1 tries):
Mar 29 22:07:55 f0421499: 23.314620634215091005 FIL (110G free)
Mar 29 22:07:55 Escrow: 0.999999997255 FIL
Mar 29 22:07:55 Locked: 0.33251649052 FIL
Mar 29 22:07:56 Datacap: 4191485427712
Mar 29 22:07:56 ....
Mar 29 22:07:57 Count: 3 of 4
Mar 29 22:07:57 f066596 (1 / 1 tries):
Mar 29 22:07:57 f0421499: 23.314620634215091005 FIL (110G free)
Mar 29 22:07:57 Escrow: 0.999999997255 FIL
Mar 29 22:07:57 Locked: 0.33251649052 FIL
Mar 29 22:07:57 Datacap: 4191485427712
Mar 29 22:07:57 ....
Mar 29 22:07:58 Count: 3 of 4
Mar 29 22:07:58 f01234 (1 / 1 tries):
Mar 29 22:07:59 f0421499: 23.314620634215091005 FIL (110G free)
Mar 29 22:07:59 Escrow: 0.999999997255 FIL
Mar 29 22:07:59 Locked: 0.33251649052 FIL
Mar 29 22:07:59 Datacap: 4191485427712
Mar 29 22:07:59 ....
Mar 29 22:08:00 Count: 3 of 4
Mar 29 22:08:00 f021716 (1 / 1 tries):
Mar 29 22:08:01 f0421499: 23.314620634215091005 FIL (110G free)
Mar 29 22:08:01 Escrow: 0.999999997255 FIL
Mar 29 22:08:01 Locked: 0.33251649052 FIL
Mar 29 22:08:01 Datacap: 4191485427712
Mar 29 22:08:01 ....
Mar 29 22:08:02 Count: 3 of 4
Mar 29 22:08:02 f022163 (1 / 1 tries):
Mar 29 22:08:03 f0421499: 23.314620634215091005 FIL (109G free)
Mar 29 22:08:03 Escrow: 0.999999997255 FIL
Mar 29 22:08:03 Locked: 0.33251649052 FIL
Mar 29 22:08:03 Datacap: 4191485427712
Mar 29 22:08:03 ....
Mar 29 22:08:04 Count: 3 of 4
Mar 29 22:08:04 f019362 (1 / 1 tries):
Mar 29 22:08:05 f0421499: 23.314620634215091005 FIL (109G free)
Mar 29 22:08:05 Escrow: 0.999999997255 FIL
Mar 29 22:08:05 Locked: 0.33251649052 FIL
Mar 29 22:08:05 Datacap: 4191485427712
Mar 29 22:08:05 ....
Mar 29 22:08:06 Count: 3 of 4
Mar 29 22:08:06 f0127896 (1 / 1 tries):
Mar 29 22:08:06 Skipping f0127896: min-ask
Mar 29 22:08:06 
Mar 29 22:08:07 Count: 3 of 4
Mar 29 22:08:07 f08399 (1 / 1 tries):
Mar 29 22:08:08 f0421499: 23.314620634215091005 FIL (109G free)
Mar 29 22:08:08 Escrow: 0.999999997255 FIL
Mar 29 22:08:08 Locked: 0.33251649052 FIL
Mar 29 22:08:08 Datacap: 4191485427712
Mar 29 22:08:08 ....
Mar 29 22:08:09 Count: 3 of 4
Mar 29 22:08:09 f019041 (1 / 1 tries):
Mar 29 22:08:10 f0421499: 23.314620634215091005 FIL (109G free)
Mar 29 22:08:10 Escrow: 0.999999997255 FIL
Mar 29 22:08:10 Locked: 0.33251649052 FIL
Mar 29 22:08:10 Datacap: 4191485427712
Mar 29 22:08:11 ....
Mar 29 22:08:12 Count: 3 of 4
Mar 29 22:08:12 f010617 (1 / 1 tries):
Mar 29 22:08:12 f0421499: 23.314620634215091005 FIL (109G free)
Mar 29 22:08:13 Escrow: 0.999999997255 FIL
Mar 29 22:08:13 Locked: 0.33251649052 FIL
Mar 29 22:08:13 Datacap: 4191485427712
Mar 29 22:08:13 ....
Mar 29 22:08:14 Count: 3 of 4
Mar 29 22:08:14 f058369 (1 / 1 tries):
Mar 29 22:08:15 f0421499: 23.314620634215091005 FIL (109G free)
Mar 29 22:08:15 Escrow: 0.999999997255 FIL
Mar 29 22:08:15 Locked: 0.33251649052 FIL
Mar 29 22:08:16 Datacap: 4191485427712
Mar 29 22:08:16 ....
Mar 29 22:08:17 Count: 3 of 4
Mar 29 22:08:17 f062353 (1 / 1 tries):
Mar 29 22:08:17 f0421499: 23.314620634215091005 FIL (109G free)
Mar 29 22:08:17 Escrow: 0.999999997255 FIL
Mar 29 22:08:17 Locked: 0.33251649052 FIL
Mar 29 22:08:18 Datacap: 4191485427712
Mar 29 22:08:18 ....
Mar 29 22:08:19 Count: 3 of 4
Mar 29 22:08:19 f015927 (1 / 1 tries):
Mar 29 22:08:19 f0421499: 23.314620634215091005 FIL (109G free)
Mar 29 22:08:19 Escrow: 0.999999997255 FIL
Mar 29 22:08:19 Locked: 0.33251649052 FIL
Mar 29 22:08:19 Datacap: 4191485427712
Mar 29 22:08:19 ....
Mar 29 22:08:20 Count: 3 of 4
Mar 29 22:08:20 f0145874 (1 / 1 tries):
Mar 29 22:08:21 f0421499: 23.314620634215091005 FIL (109G free)
Mar 29 22:08:21 Escrow: 0.999999997255 FIL
Mar 29 22:08:21 Locked: 0.33251649052 FIL
Mar 29 22:08:21 Datacap: 4191485427712
Mar 29 22:08:21 ....
Mar 29 22:08:22 Count: 3 of 4
Mar 29 22:08:22 f099608 (1 / 1 tries):
Mar 29 22:08:23 f0421499: 23.314620634215091005 FIL (109G free)
Mar 29 22:08:23 Escrow: 0.999999997255 FIL
Mar 29 22:08:23 Locked: 0.33251649052 FIL
Mar 29 22:08:23 Datacap: 4191485427712
Mar 29 22:08:23 ....
Mar 29 22:08:24 Count: 3 of 4
Mar 29 22:08:24 f022352 (1 / 1 tries):
Mar 29 22:08:25 f0421499: 23.314620634215091005 FIL (109G free)
Mar 29 22:08:25 Escrow: 0.999999997255 FIL
Mar 29 22:08:25 Locked: 0.33251649052 FIL
Mar 29 22:08:25 Datacap: 4191485427712
Mar 29 22:08:25 ....
Mar 29 22:08:26 Count: 3 of 4
Mar 29 22:08:26 f071624 (1 / 1 tries):
Mar 29 22:08:26 f0421499: 23.314620634215091005 FIL (109G free)
Mar 29 22:08:27 Escrow: 0.999999997255 FIL
Mar 29 22:08:27 Locked: 0.33251649052 FIL
Mar 29 22:08:27 Datacap: 4191485427712
Mar 29 22:08:27 ....
Mar 29 22:08:28 Count: 3 of 4
Mar 29 22:08:28 f0165400 (1 / 1 tries):
Mar 29 22:08:28 f0421499: 23.314620634215091005 FIL (109G free)
Mar 29 22:08:28 Escrow: 0.999999997255 FIL
Mar 29 22:08:28 Locked: 0.33251649052 FIL
Mar 29 22:08:29 Datacap: 4191485427712
Mar 29 22:08:29 ....
Mar 29 22:08:30 Count: 3 of 4
Mar 29 22:08:30 f019104 (1 / 1 tries):
Mar 29 22:08:30 f0421499: 23.314620634215091005 FIL (109G free)
Mar 29 22:08:30 Escrow: 0.999999997255 FIL
Mar 29 22:08:30 Locked: 0.33251649052 FIL
Mar 29 22:08:31 Datacap: 4191485427712
Mar 29 22:08:31 ....
Mar 29 22:08:32 Count: 3 of 4
Mar 29 22:08:32 f0157535 (1 / 1 tries):
Mar 29 22:08:32 f0421499: 23.314620634215091005 FIL (109G free)
Mar 29 22:08:32 Escrow: 0.999999997255 FIL
Mar 29 22:08:32 Locked: 0.33251649052 FIL
Mar 29 22:08:32 Datacap: 4191485427712
Mar 29 22:08:32 ....
Mar 29 22:08:33 Count: 3 of 4
Mar 29 22:08:33 f02606 (1 / 1 tries):
Mar 29 22:08:34 f0421499: 23.314620634215091005 FIL (109G free)
Mar 29 22:08:34 Escrow: 0.999999997255 FIL
Mar 29 22:08:34 Locked: 0.33251649052 FIL
Mar 29 22:08:34 Datacap: 4191485427712
Mar 29 22:08:34 ....
Mar 29 22:08:35 Count: 3 of 4
Mar 29 22:08:35 f09848 (1 / 1 tries):
Mar 29 22:08:36 f0421499: 23.314620634215091005 FIL (109G free)
Mar 29 22:08:36 Escrow: 0.999999997255 FIL
Mar 29 22:08:36 Locked: 0.33251649052 FIL
Mar 29 22:08:37 Datacap: 4191485427712
Mar 29 22:08:37 ....
Mar 29 22:08:38 Count: 3 of 4
Mar 29 22:08:38 f014409 (1 / 1 tries):
Mar 29 22:08:39 f0421499: 23.314620634215091005 FIL (109G free)
Mar 29 22:08:39 Escrow: 0.999999997255 FIL
Mar 29 22:08:39 Locked: 0.33251649052 FIL
Mar 29 22:08:39 Datacap: 4191485427712
Mar 29 22:08:39 ....
Mar 29 22:08:40 Count: 3 of 4
Mar 29 22:08:40 f08403 (1 / 1 tries):
Mar 29 22:08:40 f0421499: 23.314620634215091005 FIL (109G free)
Mar 29 22:08:40 Escrow: 0.999999997255 FIL
Mar 29 22:08:40 Locked: 0.33251649052 FIL
Mar 29 22:08:41 Datacap: 4191485427712
Mar 29 22:08:41 ....
Mar 29 22:08:42 Count: 3 of 4
Mar 29 22:08:42 f01247 (1 / 1 tries):
Mar 29 22:08:42 f0421499: 23.314620634215091005 FIL (109G free)
Mar 29 22:08:42 Escrow: 0.999999997255 FIL
Mar 29 22:08:42 Locked: 0.33251649052 FIL
Mar 29 22:08:42 Datacap: 4191485427712
Mar 29 22:08:42 ....
