Mar 30 16:53:52 Count: 3 of 4
Mar 30 16:53:52 f0127896 (1 / 1 tries):
Mar 30 16:53:52 Skipping f0127896: min-ask
Mar 30 16:53:52 
Mar 30 16:53:53 Count: 3 of 4
Mar 30 16:53:53 f022142 (1 / 1 tries):
Mar 30 16:53:54 f0421499: 23.293832210218907393 FIL (8.0G free)
Mar 30 16:53:54 Escrow: 0.999645757255 FIL
Mar 30 16:53:54 Locked: 0.33249517244 FIL
Mar 30 16:53:54 Datacap: 3160693276672
Mar 30 16:53:55 ....
Mar 30 16:53:56 Count: 3 of 4
Mar 30 16:53:56 f014768 (1 / 1 tries):
Mar 30 16:53:56 f0421499: 23.293832210218907393 FIL (8.0G free)
Mar 30 16:53:56 Escrow: 0.999645757255 FIL
Mar 30 16:53:56 Locked: 0.33249517244 FIL
Mar 30 16:53:57 Datacap: 3160693276672
Mar 30 16:53:57 ....
Mar 30 16:53:58 Count: 3 of 4
Mar 30 16:53:58 f02606 (1 / 1 tries):
Mar 30 16:53:58 f0421499: 23.293832210218907393 FIL (8.0G free)
Mar 30 16:53:58 Escrow: 0.999645757255 FIL
Mar 30 16:53:58 Locked: 0.33249517244 FIL
Mar 30 16:53:59 Datacap: 3160693276672
Mar 30 16:53:59 ....
Mar 30 16:54:00 Count: 3 of 4
Mar 30 16:54:00 f0145874 (1 / 1 tries):
Mar 30 16:54:01 f0421499: 23.293832210218907393 FIL (8.0G free)
Mar 30 16:54:01 Escrow: 0.999645757255 FIL
Mar 30 16:54:01 Locked: 0.33249517244 FIL
Mar 30 16:54:02 Datacap: 3160693276672
Mar 30 16:54:02 ....
Mar 30 16:54:03 Count: 3 of 4
Mar 30 16:54:03 f023971 (1 / 1 tries):
Mar 30 16:54:03 f0421499: 23.293832210218907393 FIL (8.0G free)
Mar 30 16:54:03 Escrow: 0.999645757255 FIL
Mar 30 16:54:03 Locked: 0.33249517244 FIL
Mar 30 16:54:03 2021-03-30T16:54:03.880Z	[31mERROR[0m	rpc	go-jsonrpc@v0.1.4-0.20210217175800-45ea43ac2bec/websocket.go:97	setting read deadlineset tcp 127.0.0.1:41140: use of closed network connection
Mar 30 16:54:04 Datacap: 3160693276672
Mar 30 16:54:04 ....
Mar 30 16:54:05 Count: 3 of 4
Mar 30 16:54:05 f09848 (1 / 1 tries):
Mar 30 16:54:06 f0421499: 23.293832210218907393 FIL (8.0G free)
Mar 30 16:54:06 Escrow: 0.999645757255 FIL
Mar 30 16:54:06 Locked: 0.33249517244 FIL
Mar 30 16:54:07 Datacap: 3160693276672
Mar 30 16:54:07 ....
Mar 30 16:54:08 Count: 3 of 4
Mar 30 16:54:08 f066596 (1 / 1 tries):
Mar 30 16:54:08 f0421499: 23.293832210218907393 FIL (8.0G free)
Mar 30 16:54:08 Escrow: 0.999645757255 FIL
Mar 30 16:54:08 Locked: 0.33249517244 FIL
Mar 30 16:54:09 Datacap: 3160693276672
Mar 30 16:54:09 ....
Mar 30 16:54:10 Count: 3 of 4
Mar 30 16:54:10 f014409 (1 / 1 tries):
Mar 30 16:54:10 f0421499: 23.293832210218907393 FIL (8.0G free)
Mar 30 16:54:11 Escrow: 0.999645757255 FIL
Mar 30 16:54:11 Locked: 0.33249517244 FIL
Mar 30 16:54:11 Datacap: 3160693276672
Mar 30 16:54:11 ....
Mar 30 16:54:12 Count: 3 of 4
Mar 30 16:54:12 f071624 (1 / 1 tries):
Mar 30 16:54:13 f0421499: 23.293832210218907393 FIL (8.0G free)
Mar 30 16:54:13 Escrow: 0.999645757255 FIL
Mar 30 16:54:13 Locked: 0.33249517244 FIL
Mar 30 16:54:13 Datacap: 3160693276672
Mar 30 16:54:13 ....
Mar 30 16:54:14 Count: 3 of 4
Mar 30 16:54:14 f022163 (1 / 1 tries):
Mar 30 16:54:15 f0421499: 23.293832210218907393 FIL (8.0G free)
Mar 30 16:54:16 Escrow: 0.999645757255 FIL
Mar 30 16:54:16 Locked: 0.33249517244 FIL
Mar 30 16:54:16 Datacap: 3160693276672
Mar 30 16:54:16 ....
Mar 30 16:54:17 Count: 3 of 4
Mar 30 16:54:17 f019041 (1 / 1 tries):
Mar 30 16:54:18 f0421499: 23.293832210218907393 FIL (8.0G free)
Mar 30 16:54:18 Escrow: 0.999645757255 FIL
Mar 30 16:54:18 Locked: 0.33249517244 FIL
Mar 30 16:54:18 Datacap: 3160693276672
Mar 30 16:54:18 ....
Mar 30 16:54:19 Count: 3 of 4
Mar 30 16:54:19 f015927 (1 / 1 tries):
Mar 30 16:54:19 Skipping f015927: min-ask
Mar 30 16:54:19 
Mar 30 16:54:20 Count: 3 of 4
Mar 30 16:54:20 f01234 (1 / 1 tries):
Mar 30 16:54:21 f0421499: 23.293832210218907393 FIL (8.0G free)
Mar 30 16:54:21 Escrow: 0.999645757255 FIL
Mar 30 16:54:21 Locked: 0.33249517244 FIL
Mar 30 16:54:22 Datacap: 3160693276672
Mar 30 16:54:22 ....
Mar 30 16:54:23 Count: 3 of 4
Mar 30 16:54:23 f062353 (1 / 1 tries):
Mar 30 16:54:24 f0421499: 23.293832210218907393 FIL (8.0G free)
Mar 30 16:54:24 Escrow: 0.999645757255 FIL
Mar 30 16:54:24 Locked: 0.33249517244 FIL
Mar 30 16:54:24 Datacap: 3160693276672
Mar 30 16:54:24 ....
Mar 30 16:54:25 Count: 3 of 4
Mar 30 16:54:25 f019100 (1 / 1 tries):
Mar 30 16:54:26 Skipping f019100: error-ask
Mar 30 16:54:26 
Mar 30 16:54:27 Count: 3 of 4
Mar 30 16:54:27 f08403 (1 / 1 tries):
Mar 30 16:54:27 f0421499: 23.293832210218907393 FIL (8.0G free)
Mar 30 16:54:27 Escrow: 0.999645757255 FIL
Mar 30 16:54:27 Locked: 0.33249517244 FIL
Mar 30 16:54:28 Datacap: 3160693276672
Mar 30 16:54:28 ....
Mar 30 16:54:29 Count: 3 of 4
Mar 30 16:54:29 f02576 (1 / 1 tries):
Mar 30 16:54:30 f0421499: 23.293832210218907393 FIL (8.0G free)
Mar 30 16:54:30 Escrow: 0.999645757255 FIL
Mar 30 16:54:30 Locked: 0.33249517244 FIL
Mar 30 16:54:30 Datacap: 3160693276672
Mar 30 16:54:31 ....
Mar 30 16:54:32 Count: 3 of 4
Mar 30 16:54:32 f01277 (1 / 1 tries):
Mar 30 16:54:32 Skipping f01277: min-ask
Mar 30 16:54:32 
Mar 30 16:54:33 Count: 3 of 4
Mar 30 16:54:33 f058369 (1 / 1 tries):
Mar 30 16:54:34 f0421499: 23.293832210218907393 FIL (8.0G free)
Mar 30 16:54:34 Escrow: 0.999645757255 FIL
Mar 30 16:54:34 Locked: 0.33249517244 FIL
Mar 30 16:54:34 Datacap: 3160693276672
Mar 30 16:54:34 ....
Mar 30 16:54:35 Count: 3 of 4
Mar 30 16:54:35 f01278 (1 / 1 tries):
Mar 30 16:54:36 f0421499: 23.293832210218907393 FIL (8.0G free)
Mar 30 16:54:36 Escrow: 0.999645757255 FIL
Mar 30 16:54:36 Locked: 0.33249517244 FIL
Mar 30 16:54:37 Datacap: 3160693276672
Mar 30 16:54:37 ....
Mar 30 16:54:38 Count: 3 of 4
Mar 30 16:54:38 f01247 (1 / 1 tries):
Mar 30 16:54:39 f0421499: 23.293832210218907393 FIL (8.0G free)
Mar 30 16:54:39 Escrow: 0.999645757255 FIL
Mar 30 16:54:39 Locked: 0.33249517244 FIL
Mar 30 16:54:39 Datacap: 3160693276672
Mar 30 16:54:39 ....
Mar 30 16:54:40 Count: 3 of 4
Mar 30 16:54:40 f01240 (1 / 1 tries):
Mar 30 16:54:41 f0421499: 23.293832210218907393 FIL (8.0G free)
Mar 30 16:54:41 Escrow: 0.999645757255 FIL
Mar 30 16:54:41 Locked: 0.33249517244 FIL
Mar 30 16:54:42 Datacap: 3160693276672
Mar 30 16:54:42 ....
Mar 30 16:54:43 Count: 3 of 4
Mar 30 16:54:43 f0165400 (1 / 1 tries):
Mar 30 16:54:43 f0421499: 23.293832210218907393 FIL (8.0G free)
Mar 30 16:54:44 Escrow: 0.999645757255 FIL
Mar 30 16:54:44 Locked: 0.33249517244 FIL
Mar 30 16:54:44 Datacap: 3160693276672
Mar 30 16:54:44 ....
Mar 30 16:54:45 Count: 3 of 4
Mar 30 16:54:45 f022352 (1 / 1 tries):
Mar 30 16:54:46 f0421499: 23.293832210218907393 FIL (8.0G free)
Mar 30 16:54:46 Escrow: 0.999645757255 FIL
Mar 30 16:54:46 Locked: 0.33249517244 FIL
Mar 30 16:54:46 Datacap: 3160693276672
Mar 30 16:54:46 ....
Mar 30 16:54:48 Count: 3 of 4
Mar 30 16:54:48 f021716 (1 / 1 tries):
Mar 30 16:54:48 f0421499: 23.293832210218907393 FIL (8.0G free)
Mar 30 16:54:49 Escrow: 0.999645757255 FIL
Mar 30 16:54:49 Locked: 0.33249517244 FIL
Mar 30 16:54:49 Datacap: 3160693276672
Mar 30 16:54:49 ....
Mar 30 16:54:50 Count: 3 of 4
Mar 30 16:54:50 f023467 (1 / 1 tries):
Mar 30 16:54:51 f0421499: 23.293832210218907393 FIL (8.0G free)
Mar 30 16:54:51 Escrow: 0.999645757255 FIL
Mar 30 16:54:51 Locked: 0.33249517244 FIL
Mar 30 16:54:51 Datacap: 3160693276672
Mar 30 16:54:51 ....
Mar 30 16:54:52 Count: 3 of 4
Mar 30 16:54:52 f010617 (1 / 1 tries):
Mar 30 16:54:53 f0421499: 23.293832210218907393 FIL (8.0G free)
Mar 30 16:54:53 Escrow: 0.999645757255 FIL
Mar 30 16:54:53 Locked: 0.33249517244 FIL
Mar 30 16:54:53 Datacap: 3160693276672
Mar 30 16:54:54 ....
Mar 30 16:54:55 Count: 3 of 4
Mar 30 16:54:55 f099608 (1 / 1 tries):
Mar 30 16:54:55 f0421499: 23.293832210218907393 FIL (8.0G free)
Mar 30 16:54:56 Escrow: 0.999645757255 FIL
Mar 30 16:54:56 Locked: 0.33249517244 FIL
Mar 30 16:54:56 Datacap: 3160693276672
Mar 30 16:54:56 ....
Mar 30 16:54:57 Count: 3 of 4
Mar 30 16:54:57 f019104 (1 / 1 tries):
Mar 30 16:54:57 Skipping f019104: error-ask
Mar 30 16:54:57 
Mar 30 16:54:58 Count: 3 of 4
Mar 30 16:54:58 f08399 (1 / 1 tries):
Mar 30 16:54:59 f0421499: 23.293832210218907393 FIL (8.0G free)
Mar 30 16:54:59 Escrow: 0.999645757255 FIL
Mar 30 16:54:59 Locked: 0.33249517244 FIL
Mar 30 16:54:59 Datacap: 3160693276672
Mar 30 16:55:00 ....
Mar 30 16:55:01 Count: 3 of 4
Mar 30 16:55:01 f019551 (1 / 1 tries):
Mar 30 16:55:01 f0421499: 23.293832210218907393 FIL (8.0G free)
Mar 30 16:55:02 Escrow: 0.999645757255 FIL
Mar 30 16:55:02 Locked: 0.33249517244 FIL
Mar 30 16:55:02 Datacap: 3160693276672
Mar 30 16:55:02 ....
Mar 30 16:55:03 Count: 3 of 4
Mar 30 16:55:03 f0157535 (1 / 1 tries):
Mar 30 16:55:04 f0421499: 23.293832210218907393 FIL (8.0G free)
Mar 30 16:55:04 Escrow: 0.999645757255 FIL
Mar 30 16:55:04 Locked: 0.33249517244 FIL
Mar 30 16:55:04 Datacap: 3160693276672
Mar 30 16:55:04 ....
Mar 30 16:55:05 Count: 3 of 4
Mar 30 16:55:05 f019362 (1 / 1 tries):
Mar 30 16:55:06 f0421499: 23.293832210218907393 FIL (8.0G free)
Mar 30 16:55:06 Escrow: 0.999645757255 FIL
Mar 30 16:55:06 Locked: 0.33249517244 FIL
Mar 30 16:55:06 Datacap: 3160693276672
Mar 30 16:55:07 ....
Mar 30 16:55:08 Count: 3 of 4
Mar 30 16:55:08 f07998 (1 / 1 tries):
Mar 30 16:55:08 f0421499: 23.293832210218907393 FIL (8.0G free)
Mar 30 16:55:08 Escrow: 0.999645757255 FIL
Mar 30 16:55:08 Locked: 0.33249517244 FIL
Mar 30 16:55:08 Datacap: 3160693276672
Mar 30 16:55:08 ....
Mar 30 16:55:09 Count: 3 of 4
Mar 30 16:55:09 f010479 (1 / 1 tries):
Mar 30 16:55:10 f0421499: 23.293832210218907393 FIL (8.0G free)
Mar 30 16:55:10 Escrow: 0.999645757255 FIL
Mar 30 16:55:10 Locked: 0.33249517244 FIL
Mar 30 16:55:11 Datacap: 3160693276672
Mar 30 16:55:11 ....
