Mar 30 06:56:25 Count: 3 of 4
Mar 30 06:56:25 f0127896 (1 / 1 tries):
Mar 30 06:56:25 Skipping f0127896: min-ask
Mar 30 06:56:25 
Mar 30 06:56:26 Count: 3 of 4
Mar 30 06:56:26 f010617 (1 / 1 tries):
Mar 30 06:56:27 f0421499: 23.293832210218907393 FIL (9.8G free)
Mar 30 06:56:27 Escrow: 0.999645757255 FIL
Mar 30 06:56:27 Locked: 0.33249517244 FIL
Mar 30 06:56:27 Datacap: 3160693276672
Mar 30 06:56:27 ....
Mar 30 06:56:28 Count: 3 of 4
Mar 30 06:56:28 f01247 (1 / 1 tries):
Mar 30 06:56:29 f0421499: 23.293832210218907393 FIL (9.8G free)
Mar 30 06:56:29 Escrow: 0.999645757255 FIL
Mar 30 06:56:29 Locked: 0.33249517244 FIL
Mar 30 06:56:30 Datacap: 3160693276672
Mar 30 06:56:30 ....
Mar 30 06:56:31 Count: 3 of 4
Mar 30 06:56:31 f022142 (1 / 1 tries):
Mar 30 06:56:32 f0421499: 23.293832210218907393 FIL (9.8G free)
Mar 30 06:56:32 Escrow: 0.999645757255 FIL
Mar 30 06:56:32 Locked: 0.33249517244 FIL
Mar 30 06:56:32 Datacap: 3160693276672
Mar 30 06:56:32 ....
Mar 30 06:56:33 Count: 3 of 4
Mar 30 06:56:33 f01240 (1 / 1 tries):
Mar 30 06:56:34 f0421499: 23.293832210218907393 FIL (9.8G free)
Mar 30 06:56:34 Escrow: 0.999645757255 FIL
Mar 30 06:56:34 Locked: 0.33249517244 FIL
Mar 30 06:56:34 Datacap: 3160693276672
Mar 30 06:56:34 ....
Mar 30 06:56:35 Count: 3 of 4
Mar 30 06:56:35 f099608 (1 / 1 tries):
Mar 30 06:56:36 f0421499: 23.293832210218907393 FIL (9.8G free)
Mar 30 06:56:36 Escrow: 0.999645757255 FIL
Mar 30 06:56:36 Locked: 0.33249517244 FIL
Mar 30 06:56:36 Datacap: 3160693276672
Mar 30 06:56:36 ....
Mar 30 06:56:38 Count: 3 of 4
Mar 30 06:56:38 f023971 (1 / 1 tries):
Mar 30 06:56:38 f0421499: 23.293832210218907393 FIL (9.8G free)
Mar 30 06:56:38 Escrow: 0.999645757255 FIL
Mar 30 06:56:38 Locked: 0.33249517244 FIL
Mar 30 06:56:39 Datacap: 3160693276672
Mar 30 06:56:39 ....
Mar 30 06:56:40 Count: 3 of 4
Mar 30 06:56:40 f019100 (1 / 1 tries):
Mar 30 06:56:40 Skipping f019100: error-ask
Mar 30 06:56:40 
Mar 30 06:56:41 Count: 3 of 4
Mar 30 06:56:41 f0165400 (1 / 1 tries):
Mar 30 06:56:42 f0421499: 23.293832210218907393 FIL (9.8G free)
Mar 30 06:56:42 Escrow: 0.999645757255 FIL
Mar 30 06:56:42 Locked: 0.33249517244 FIL
Mar 30 06:56:43 Datacap: 3160693276672
Mar 30 06:56:43 ....
Mar 30 06:56:44 Count: 3 of 4
Mar 30 06:56:44 f019104 (1 / 1 tries):
Mar 30 06:56:45 Skipping f019104: error-ask
Mar 30 06:56:45 
Mar 30 06:56:46 Count: 3 of 4
Mar 30 06:56:46 f01234 (1 / 1 tries):
Mar 30 06:56:46 f0421499: 23.293832210218907393 FIL (9.8G free)
Mar 30 06:56:46 Escrow: 0.999645757255 FIL
Mar 30 06:56:46 Locked: 0.33249517244 FIL
Mar 30 06:56:47 Datacap: 3160693276672
Mar 30 06:56:47 ....
Mar 30 06:56:48 Count: 3 of 4
Mar 30 06:56:48 f08403 (1 / 1 tries):
Mar 30 06:56:49 f0421499: 23.293832210218907393 FIL (9.8G free)
Mar 30 06:56:49 Escrow: 0.999645757255 FIL
Mar 30 06:56:49 Locked: 0.33249517244 FIL
Mar 30 06:56:50 Datacap: 3160693276672
Mar 30 06:56:50 ....
Mar 30 06:56:51 Count: 3 of 4
Mar 30 06:56:51 f015927 (1 / 1 tries):
Mar 30 06:56:51 Skipping f015927: min-ask
Mar 30 06:56:51 
Mar 30 06:56:52 Count: 3 of 4
Mar 30 06:56:52 f066596 (1 / 1 tries):
Mar 30 06:56:53 f0421499: 23.293832210218907393 FIL (9.8G free)
Mar 30 06:56:53 Escrow: 0.999645757255 FIL
Mar 30 06:56:53 Locked: 0.33249517244 FIL
Mar 30 06:56:53 Datacap: 3160693276672
Mar 30 06:56:53 ....
Mar 30 06:56:54 Count: 3 of 4
Mar 30 06:56:54 f019041 (1 / 1 tries):
Mar 30 06:56:55 f0421499: 23.293832210218907393 FIL (9.8G free)
Mar 30 06:56:55 Escrow: 0.999645757255 FIL
Mar 30 06:56:55 Locked: 0.33249517244 FIL
Mar 30 06:56:56 Datacap: 3160693276672
Mar 30 06:56:56 ....
Mar 30 06:56:57 Count: 3 of 4
Mar 30 06:56:57 f08399 (1 / 1 tries):
Mar 30 06:56:58 f0421499: 23.293832210218907393 FIL (9.8G free)
Mar 30 06:56:58 Escrow: 0.999645757255 FIL
Mar 30 06:56:58 Locked: 0.33249517244 FIL
Mar 30 06:56:58 Datacap: 3160693276672
Mar 30 06:56:58 ....
Mar 30 06:56:59 Count: 3 of 4
Mar 30 06:56:59 f02606 (1 / 1 tries):
Mar 30 06:57:00 f0421499: 23.293832210218907393 FIL (9.8G free)
Mar 30 06:57:00 Escrow: 0.999645757255 FIL
Mar 30 06:57:00 Locked: 0.33249517244 FIL
Mar 30 06:57:01 Datacap: 3160693276672
Mar 30 06:57:01 ....
Mar 30 06:57:02 Count: 3 of 4
Mar 30 06:57:02 f09848 (1 / 1 tries):
Mar 30 06:57:03 f0421499: 23.293832210218907393 FIL (9.8G free)
Mar 30 06:57:03 Escrow: 0.999645757255 FIL
Mar 30 06:57:03 Locked: 0.33249517244 FIL
Mar 30 06:57:03 Datacap: 3160693276672
Mar 30 06:57:03 ....
Mar 30 06:57:04 Count: 3 of 4
Mar 30 06:57:04 f021716 (1 / 1 tries):
Mar 30 06:57:05 f0421499: 23.293832210218907393 FIL (9.8G free)
Mar 30 06:57:05 Escrow: 0.999645757255 FIL
Mar 30 06:57:05 Locked: 0.33249517244 FIL
Mar 30 06:57:05 Datacap: 3160693276672
Mar 30 06:57:06 ....
Mar 30 06:57:07 Count: 3 of 4
Mar 30 06:57:07 f0145874 (1 / 1 tries):
Mar 30 06:57:07 f0421499: 23.293832210218907393 FIL (9.8G free)
Mar 30 06:57:07 Escrow: 0.999645757255 FIL
Mar 30 06:57:07 Locked: 0.33249517244 FIL
Mar 30 06:57:08 Datacap: 3160693276672
Mar 30 06:57:08 ....
Mar 30 06:57:09 Count: 3 of 4
Mar 30 06:57:09 f071624 (1 / 1 tries):
Mar 30 06:57:10 f0421499: 23.293832210218907393 FIL (9.8G free)
Mar 30 06:57:10 Escrow: 0.999645757255 FIL
Mar 30 06:57:10 Locked: 0.33249517244 FIL
Mar 30 06:57:10 Datacap: 3160693276672
Mar 30 06:57:11 ....
Mar 30 06:57:12 Count: 3 of 4
Mar 30 06:57:12 f019551 (1 / 1 tries):
Mar 30 06:57:12 f0421499: 23.293832210218907393 FIL (9.8G free)
Mar 30 06:57:12 Escrow: 0.999645757255 FIL
Mar 30 06:57:12 Locked: 0.33249517244 FIL
Mar 30 06:57:12 Datacap: 3160693276672
Mar 30 06:57:12 ....
Mar 30 06:57:13 Count: 3 of 4
Mar 30 06:57:13 f062353 (1 / 1 tries):
Mar 30 06:57:14 f0421499: 23.293832210218907393 FIL (9.8G free)
Mar 30 06:57:14 Escrow: 0.999645757255 FIL
Mar 30 06:57:14 Locked: 0.33249517244 FIL
Mar 30 06:57:14 Datacap: 3160693276672
Mar 30 06:57:15 ....
Mar 30 06:57:16 Count: 3 of 4
Mar 30 06:57:16 f058369 (1 / 1 tries):
Mar 30 06:57:16 f0421499: 23.293832210218907393 FIL (9.8G free)
Mar 30 06:57:16 Escrow: 0.999645757255 FIL
Mar 30 06:57:16 Locked: 0.33249517244 FIL
Mar 30 06:57:16 Datacap: 3160693276672
Mar 30 06:57:17 ....
Mar 30 06:57:18 Count: 3 of 4
Mar 30 06:57:18 f022352 (1 / 1 tries):
Mar 30 06:57:18 f0421499: 23.293832210218907393 FIL (9.8G free)
Mar 30 06:57:18 Escrow: 0.999645757255 FIL
Mar 30 06:57:18 Locked: 0.33249517244 FIL
Mar 30 06:57:19 Datacap: 3160693276672
Mar 30 06:57:19 ....
Mar 30 06:57:20 Count: 3 of 4
Mar 30 06:57:20 f019362 (1 / 1 tries):
Mar 30 06:57:20 f0421499: 23.293832210218907393 FIL (9.8G free)
Mar 30 06:57:20 Escrow: 0.999645757255 FIL
Mar 30 06:57:20 Locked: 0.33249517244 FIL
Mar 30 06:57:21 Datacap: 3160693276672
Mar 30 06:57:21 ....
Mar 30 06:57:22 Count: 3 of 4
Mar 30 06:57:22 f0157535 (1 / 1 tries):
Mar 30 06:57:23 f0421499: 23.293832210218907393 FIL (9.8G free)
Mar 30 06:57:23 Escrow: 0.999645757255 FIL
Mar 30 06:57:23 Locked: 0.33249517244 FIL
Mar 30 06:57:23 Datacap: 3160693276672
Mar 30 06:57:23 ....
Mar 30 06:57:24 Count: 3 of 4
Mar 30 06:57:24 f01278 (1 / 1 tries):
Mar 30 06:57:25 f0421499: 23.293832210218907393 FIL (9.8G free)
Mar 30 06:57:25 Escrow: 0.999645757255 FIL
Mar 30 06:57:25 Locked: 0.33249517244 FIL
Mar 30 06:57:25 Datacap: 3160693276672
Mar 30 06:57:26 ....
Mar 30 06:57:27 Count: 3 of 4
Mar 30 06:57:27 f014409 (1 / 1 tries):
Mar 30 06:57:28 f0421499: 23.293832210218907393 FIL (9.8G free)
Mar 30 06:57:28 Escrow: 0.999645757255 FIL
Mar 30 06:57:28 Locked: 0.33249517244 FIL
Mar 30 06:57:28 Datacap: 3160693276672
Mar 30 06:57:28 ....
Mar 30 06:57:29 Count: 3 of 4
Mar 30 06:57:29 f01277 (1 / 1 tries):
Mar 30 06:57:30 Skipping f01277: min-ask
Mar 30 06:57:30 
Mar 30 06:57:31 Count: 3 of 4
Mar 30 06:57:31 f014768 (1 / 1 tries):
Mar 30 06:57:31 f0421499: 23.293832210218907393 FIL (9.8G free)
Mar 30 06:57:32 Escrow: 0.999645757255 FIL
Mar 30 06:57:32 Locked: 0.33249517244 FIL
Mar 30 06:57:32 Datacap: 3160693276672
Mar 30 06:57:32 ....
Mar 30 06:57:33 Count: 3 of 4
Mar 30 06:57:33 f010479 (1 / 1 tries):
Mar 30 06:57:34 f0421499: 23.293832210218907393 FIL (9.8G free)
Mar 30 06:57:34 Escrow: 0.999645757255 FIL
Mar 30 06:57:34 Locked: 0.33249517244 FIL
Mar 30 06:57:34 Datacap: 3160693276672
Mar 30 06:57:35 ....
Mar 30 06:57:36 Count: 3 of 4
Mar 30 06:57:36 f07998 (1 / 1 tries):
Mar 30 06:57:36 f0421499: 23.293832210218907393 FIL (9.8G free)
Mar 30 06:57:37 Escrow: 0.999645757255 FIL
Mar 30 06:57:37 Locked: 0.33249517244 FIL
Mar 30 06:57:37 Datacap: 3160693276672
Mar 30 06:57:37 ....
Mar 30 06:57:38 Count: 3 of 4
Mar 30 06:57:38 f022163 (1 / 1 tries):
Mar 30 06:57:39 f0421499: 23.293832210218907393 FIL (9.8G free)
Mar 30 06:57:39 Escrow: 0.999645757255 FIL
Mar 30 06:57:39 Locked: 0.33249517244 FIL
Mar 30 06:57:40 Datacap: 3160693276672
Mar 30 06:57:40 ....
Mar 30 06:57:41 Count: 3 of 4
Mar 30 06:57:41 f023467 (1 / 1 tries):
Mar 30 06:57:42 f0421499: 23.293832210218907393 FIL (9.8G free)
Mar 30 06:57:42 Escrow: 0.999645757255 FIL
Mar 30 06:57:42 Locked: 0.33249517244 FIL
Mar 30 06:57:42 Datacap: 3160693276672
Mar 30 06:57:42 ....
Mar 30 06:57:43 Count: 3 of 4
Mar 30 06:57:43 f02576 (1 / 1 tries):
Mar 30 06:57:44 f0421499: 23.293832210218907393 FIL (9.8G free)
Mar 30 06:57:44 Escrow: 0.999645757255 FIL
Mar 30 06:57:44 Locked: 0.33249517244 FIL
Mar 30 06:57:44 Datacap: 3160693276672
Mar 30 06:57:44 ....
