Mar 30 17:15:14 Count: 3 of 4
Mar 30 17:15:14 f014409 (1 / 1 tries):
Mar 30 17:15:15 f0421499: 23.293832210218907393 FIL (8.0G free)
Mar 30 17:15:15 Escrow: 0.999645757255 FIL
Mar 30 17:15:15 Locked: 0.33249517244 FIL
Mar 30 17:15:15 Datacap: 3160693276672
Mar 30 17:15:15 ....
Mar 30 17:15:16 Count: 3 of 4
Mar 30 17:15:16 f019551 (1 / 1 tries):
Mar 30 17:15:17 f0421499: 23.293832210218907393 FIL (8.0G free)
Mar 30 17:15:17 Escrow: 0.999645757255 FIL
Mar 30 17:15:17 Locked: 0.33249517244 FIL
Mar 30 17:15:17 Datacap: 3160693276672
Mar 30 17:15:17 ....
Mar 30 17:15:18 Count: 3 of 4
Mar 30 17:15:18 f023971 (1 / 1 tries):
Mar 30 17:15:19 f0421499: 23.293832210218907393 FIL (8.0G free)
Mar 30 17:15:19 Escrow: 0.999645757255 FIL
Mar 30 17:15:19 Locked: 0.33249517244 FIL
Mar 30 17:15:19 Datacap: 3160693276672
Mar 30 17:15:20 ....
Mar 30 17:15:21 Count: 3 of 4
Mar 30 17:15:21 f058369 (1 / 1 tries):
Mar 30 17:15:21 f0421499: 23.293832210218907393 FIL (8.0G free)
Mar 30 17:15:21 Escrow: 0.999645757255 FIL
Mar 30 17:15:21 Locked: 0.33249517244 FIL
Mar 30 17:15:21 Datacap: 3160693276672
Mar 30 17:15:22 ....
Mar 30 17:15:23 Count: 3 of 4
Mar 30 17:15:23 f019100 (1 / 1 tries):
Mar 30 17:15:23 Skipping f019100: error-ask
Mar 30 17:15:23 
Mar 30 17:15:24 Count: 3 of 4
Mar 30 17:15:24 f0127896 (1 / 1 tries):
Mar 30 17:15:24 Skipping f0127896: min-ask
Mar 30 17:15:24 
Mar 30 17:15:25 Count: 3 of 4
Mar 30 17:15:25 f01234 (1 / 1 tries):
Mar 30 17:15:26 f0421499: 23.293832210218907393 FIL (8.0G free)
Mar 30 17:15:26 Escrow: 0.999645757255 FIL
Mar 30 17:15:26 Locked: 0.33249517244 FIL
Mar 30 17:15:27 Datacap: 3160693276672
Mar 30 17:15:27 ....
Mar 30 17:15:28 Count: 3 of 4
Mar 30 17:15:28 f01247 (1 / 1 tries):
Mar 30 17:15:29 f0421499: 23.293832210218907393 FIL (8.0G free)
Mar 30 17:15:29 Escrow: 0.999645757255 FIL
Mar 30 17:15:29 Locked: 0.33249517244 FIL
Mar 30 17:15:29 Datacap: 3160693276672
Mar 30 17:15:29 ....
Mar 30 17:15:30 Count: 3 of 4
Mar 30 17:15:30 f022352 (1 / 1 tries):
Mar 30 17:15:31 f0421499: 23.293832210218907393 FIL (8.0G free)
Mar 30 17:15:31 Escrow: 0.999645757255 FIL
Mar 30 17:15:31 Locked: 0.33249517244 FIL
Mar 30 17:15:32 Datacap: 3160693276672
Mar 30 17:15:32 ....
Mar 30 17:15:33 Count: 3 of 4
Mar 30 17:15:33 f0157535 (1 / 1 tries):
Mar 30 17:15:34 f0421499: 23.293832210218907393 FIL (8.0G free)
Mar 30 17:15:34 Escrow: 0.999645757255 FIL
Mar 30 17:15:34 Locked: 0.33249517244 FIL
Mar 30 17:15:34 Datacap: 3160693276672
Mar 30 17:15:34 ....
Mar 30 17:15:35 Count: 3 of 4
Mar 30 17:15:35 f023467 (1 / 1 tries):
Mar 30 17:15:35 f0421499: 23.293832210218907393 FIL (8.0G free)
Mar 30 17:15:36 Escrow: 0.999645757255 FIL
Mar 30 17:15:36 Locked: 0.33249517244 FIL
Mar 30 17:15:36 Datacap: 3160693276672
Mar 30 17:15:36 ....
Mar 30 17:15:37 Count: 3 of 4
Mar 30 17:15:37 f014768 (1 / 1 tries):
Mar 30 17:15:37 f0421499: 23.293832210218907393 FIL (8.0G free)
Mar 30 17:15:37 Escrow: 0.999645757255 FIL
Mar 30 17:15:37 Locked: 0.33249517244 FIL
Mar 30 17:15:38 Datacap: 3160693276672
Mar 30 17:15:38 ....
Mar 30 17:15:39 Count: 3 of 4
Mar 30 17:15:39 f02606 (1 / 1 tries):
Mar 30 17:15:40 f0421499: 23.293832210218907393 FIL (8.0G free)
Mar 30 17:15:40 Escrow: 0.999645757255 FIL
Mar 30 17:15:40 Locked: 0.33249517244 FIL
Mar 30 17:15:40 Datacap: 3160693276672
Mar 30 17:15:40 ....
Mar 30 17:15:41 Count: 3 of 4
Mar 30 17:15:41 f099608 (1 / 1 tries):
Mar 30 17:15:42 f0421499: 23.293832210218907393 FIL (8.0G free)
Mar 30 17:15:42 Escrow: 0.999645757255 FIL
Mar 30 17:15:42 Locked: 0.33249517244 FIL
Mar 30 17:15:42 Datacap: 3160693276672
Mar 30 17:15:42 ....
Mar 30 17:15:43 Count: 3 of 4
Mar 30 17:15:43 f062353 (1 / 1 tries):
Mar 30 17:15:44 f0421499: 23.293832210218907393 FIL (8.0G free)
Mar 30 17:15:44 Escrow: 0.999645757255 FIL
Mar 30 17:15:44 Locked: 0.33249517244 FIL
Mar 30 17:15:45 Datacap: 3160693276672
Mar 30 17:15:45 ....
Mar 30 17:15:46 Count: 3 of 4
Mar 30 17:15:46 f0165400 (1 / 1 tries):
Mar 30 17:15:47 f0421499: 23.293832210218907393 FIL (8.0G free)
Mar 30 17:15:47 Escrow: 0.999645757255 FIL
Mar 30 17:15:47 Locked: 0.33249517244 FIL
Mar 30 17:15:47 Datacap: 3160693276672
Mar 30 17:15:47 ....
Mar 30 17:15:48 Count: 3 of 4
Mar 30 17:15:48 f07998 (1 / 1 tries):
Mar 30 17:15:49 f0421499: 23.293832210218907393 FIL (8.0G free)
Mar 30 17:15:49 Escrow: 0.999645757255 FIL
Mar 30 17:15:49 Locked: 0.33249517244 FIL
Mar 30 17:15:50 Datacap: 3160693276672
Mar 30 17:15:50 ....
Mar 30 17:15:51 Count: 3 of 4
Mar 30 17:15:51 f02576 (1 / 1 tries):
Mar 30 17:15:52 f0421499: 23.293832210218907393 FIL (8.0G free)
Mar 30 17:15:52 Escrow: 0.999645757255 FIL
Mar 30 17:15:52 Locked: 0.33249517244 FIL
Mar 30 17:15:52 Datacap: 3160693276672
Mar 30 17:15:52 ....
Mar 30 17:15:53 Count: 3 of 4
Mar 30 17:15:53 f010479 (1 / 1 tries):
Mar 30 17:15:54 f0421499: 23.293832210218907393 FIL (8.0G free)
Mar 30 17:15:54 Escrow: 0.999645757255 FIL
Mar 30 17:15:54 Locked: 0.33249517244 FIL
Mar 30 17:15:55 Datacap: 3160693276672
Mar 30 17:15:55 ....
Mar 30 17:15:56 Count: 3 of 4
Mar 30 17:15:56 f015927 (1 / 1 tries):
Mar 30 17:15:56 Skipping f015927: min-ask
Mar 30 17:15:56 
Mar 30 17:15:57 Count: 3 of 4
Mar 30 17:15:57 f01277 (1 / 1 tries):
Mar 30 17:15:58 Skipping f01277: min-ask
Mar 30 17:15:58 
Mar 30 17:15:59 Count: 3 of 4
Mar 30 17:15:59 f022163 (1 / 1 tries):
Mar 30 17:16:00 f0421499: 23.293832210218907393 FIL (8.0G free)
Mar 30 17:16:00 Escrow: 0.999645757255 FIL
Mar 30 17:16:00 Locked: 0.33249517244 FIL
Mar 30 17:16:00 Datacap: 3160693276672
Mar 30 17:16:00 ....
Mar 30 17:16:01 Count: 3 of 4
Mar 30 17:16:01 f019041 (1 / 1 tries):
Mar 30 17:16:02 f0421499: 23.293832210218907393 FIL (8.0G free)
Mar 30 17:16:02 Escrow: 0.999645757255 FIL
Mar 30 17:16:02 Locked: 0.33249517244 FIL
Mar 30 17:16:02 Datacap: 3160693276672
Mar 30 17:16:03 ....
Mar 30 17:16:04 Count: 3 of 4
Mar 30 17:16:04 f022142 (1 / 1 tries):
Mar 30 17:16:04 f0421499: 23.293832210218907393 FIL (8.0G free)
Mar 30 17:16:05 Escrow: 0.999645757255 FIL
Mar 30 17:16:05 Locked: 0.33249517244 FIL
Mar 30 17:16:05 Datacap: 3160693276672
Mar 30 17:16:05 ....
Mar 30 17:16:06 Count: 3 of 4
Mar 30 17:16:06 f071624 (1 / 1 tries):
Mar 30 17:16:06 f0421499: 23.293832210218907393 FIL (8.0G free)
Mar 30 17:16:07 Escrow: 0.999645757255 FIL
Mar 30 17:16:07 Locked: 0.33249517244 FIL
Mar 30 17:16:07 Datacap: 3160693276672
Mar 30 17:16:07 ....
Mar 30 17:16:08 Count: 3 of 4
Mar 30 17:16:08 f09848 (1 / 1 tries):
Mar 30 17:16:08 f0421499: 23.293832210218907393 FIL (8.0G free)
Mar 30 17:16:09 Escrow: 0.999645757255 FIL
Mar 30 17:16:09 Locked: 0.33249517244 FIL
Mar 30 17:16:09 Datacap: 3160693276672
Mar 30 17:16:10 ....
Mar 30 17:16:11 Count: 3 of 4
Mar 30 17:16:11 f08399 (1 / 1 tries):
Mar 30 17:16:11 f0421499: 23.293832210218907393 FIL (8.0G free)
Mar 30 17:16:11 Escrow: 0.999645757255 FIL
Mar 30 17:16:11 Locked: 0.33249517244 FIL
Mar 30 17:16:11 Datacap: 3160693276672
Mar 30 17:16:12 ....
Mar 30 17:16:13 Count: 3 of 4
Mar 30 17:16:13 f01240 (1 / 1 tries):
Mar 30 17:16:13 f0421499: 23.293832210218907393 FIL (8.0G free)
Mar 30 17:16:13 Escrow: 0.999645757255 FIL
Mar 30 17:16:13 Locked: 0.33249517244 FIL
Mar 30 17:16:14 Datacap: 3160693276672
Mar 30 17:16:14 ....
Mar 30 17:16:15 Count: 3 of 4
Mar 30 17:16:15 f066596 (1 / 1 tries):
Mar 30 17:16:16 f0421499: 23.293832210218907393 FIL (8.0G free)
Mar 30 17:16:17 Escrow: 0.999645757255 FIL
Mar 30 17:16:17 Locked: 0.33249517244 FIL
Mar 30 17:16:17 Datacap: 3160693276672
Mar 30 17:16:17 ....
Mar 30 17:16:18 Count: 3 of 4
Mar 30 17:16:18 f010617 (1 / 1 tries):
Mar 30 17:16:19 f0421499: 23.293832210218907393 FIL (8.0G free)
Mar 30 17:16:19 Escrow: 0.999645757255 FIL
Mar 30 17:16:19 Locked: 0.33249517244 FIL
Mar 30 17:16:19 Datacap: 3160693276672
Mar 30 17:16:20 ....
Mar 30 17:16:21 Count: 3 of 4
Mar 30 17:16:21 f08403 (1 / 1 tries):
Mar 30 17:16:21 f0421499: 23.293832210218907393 FIL (8.0G free)
Mar 30 17:16:21 Escrow: 0.999645757255 FIL
Mar 30 17:16:21 Locked: 0.33249517244 FIL
Mar 30 17:16:22 Datacap: 3160693276672
Mar 30 17:16:22 ....
Mar 30 17:16:23 Count: 3 of 4
Mar 30 17:16:23 f021716 (1 / 1 tries):
Mar 30 17:16:24 f0421499: 23.293832210218907393 FIL (8.0G free)
Mar 30 17:16:24 Escrow: 0.999645757255 FIL
Mar 30 17:16:24 Locked: 0.33249517244 FIL
Mar 30 17:16:24 Datacap: 3160693276672
Mar 30 17:16:24 ....
Mar 30 17:16:25 Count: 3 of 4
Mar 30 17:16:25 f019104 (1 / 1 tries):
Mar 30 17:16:26 Skipping f019104: error-ask
Mar 30 17:16:26 
Mar 30 17:16:27 Count: 3 of 4
Mar 30 17:16:27 f01278 (1 / 1 tries):
Mar 30 17:16:28 f0421499: 23.293832210218907393 FIL (8.0G free)
Mar 30 17:16:28 Escrow: 0.999645757255 FIL
Mar 30 17:16:28 Locked: 0.33249517244 FIL
Mar 30 17:16:28 Datacap: 3160693276672
Mar 30 17:16:29 ....
Mar 30 17:16:30 Count: 3 of 4
Mar 30 17:16:30 f0145874 (1 / 1 tries):
Mar 30 17:16:30 f0421499: 23.293832210218907393 FIL (8.0G free)
Mar 30 17:16:30 Escrow: 0.999645757255 FIL
Mar 30 17:16:30 Locked: 0.33249517244 FIL
Mar 30 17:16:31 Datacap: 3160693276672
Mar 30 17:16:31 ....
Mar 30 17:16:32 Count: 3 of 4
Mar 30 17:16:32 f019362 (1 / 1 tries):
Mar 30 17:16:32 f0421499: 23.293832210218907393 FIL (8.0G free)
Mar 30 17:16:32 Escrow: 0.999645757255 FIL
Mar 30 17:16:32 Locked: 0.33249517244 FIL
Mar 30 17:16:33 Datacap: 3160693276672
Mar 30 17:16:33 ....
