Mar 30 04:56:02 Count: 3 of 4
Mar 30 04:56:02 f058369 (1 / 1 tries):
Mar 30 04:56:03 f0421499: 23.293832210218907393 FIL (11G free)
Mar 30 04:56:03 Escrow: 0.999645757255 FIL
Mar 30 04:56:03 Locked: 0.33249517244 FIL
Mar 30 04:56:04 Datacap: 3160693276672
Mar 30 04:56:04 ....
Mar 30 04:56:05 Count: 3 of 4
Mar 30 04:56:05 f071624 (1 / 1 tries):
Mar 30 04:56:06 f0421499: 23.293832210218907393 FIL (11G free)
Mar 30 04:56:06 Escrow: 0.999645757255 FIL
Mar 30 04:56:06 Locked: 0.33249517244 FIL
Mar 30 04:56:06 Datacap: 3160693276672
Mar 30 04:56:06 ....
Mar 30 04:56:07 Count: 3 of 4
Mar 30 04:56:07 f023467 (1 / 1 tries):
Mar 30 04:56:08 f0421499: 23.293832210218907393 FIL (11G free)
Mar 30 04:56:08 Escrow: 0.999645757255 FIL
Mar 30 04:56:08 Locked: 0.33249517244 FIL
Mar 30 04:56:09 Datacap: 3160693276672
Mar 30 04:56:09 ....
Mar 30 04:56:10 Count: 3 of 4
Mar 30 04:56:10 f0157535 (1 / 1 tries):
Mar 30 04:56:10 f0421499: 23.293832210218907393 FIL (11G free)
Mar 30 04:56:11 Escrow: 0.999645757255 FIL
Mar 30 04:56:11 Locked: 0.33249517244 FIL
Mar 30 04:56:11 Datacap: 3160693276672
Mar 30 04:56:11 ....
Mar 30 04:56:12 Count: 3 of 4
Mar 30 04:56:12 f01240 (1 / 1 tries):
Mar 30 04:56:13 f0421499: 23.293832210218907393 FIL (11G free)
Mar 30 04:56:13 Escrow: 0.999645757255 FIL
Mar 30 04:56:13 Locked: 0.33249517244 FIL
Mar 30 04:56:14 Datacap: 3160693276672
Mar 30 04:56:14 ....
Mar 30 04:56:15 Count: 3 of 4
Mar 30 04:56:15 f023971 (1 / 1 tries):
Mar 30 04:56:15 f0421499: 23.293832210218907393 FIL (11G free)
Mar 30 04:56:16 Escrow: 0.999645757255 FIL
Mar 30 04:56:16 Locked: 0.33249517244 FIL
Mar 30 04:56:16 Datacap: 3160693276672
Mar 30 04:56:16 ....
Mar 30 04:56:17 Count: 3 of 4
Mar 30 04:56:17 f019104 (1 / 1 tries):
Mar 30 04:56:17 Skipping f019104: error-ask
Mar 30 04:56:17 
Mar 30 04:56:18 Count: 3 of 4
Mar 30 04:56:18 f014768 (1 / 1 tries):
Mar 30 04:56:19 f0421499: 23.293832210218907393 FIL (11G free)
Mar 30 04:56:19 Escrow: 0.999645757255 FIL
Mar 30 04:56:19 Locked: 0.33249517244 FIL
Mar 30 04:56:20 Datacap: 3160693276672
Mar 30 04:56:20 ....
Mar 30 04:56:21 Count: 3 of 4
Mar 30 04:56:21 f019362 (1 / 1 tries):
Mar 30 04:56:22 f0421499: 23.293832210218907393 FIL (11G free)
Mar 30 04:56:22 Escrow: 0.999645757255 FIL
Mar 30 04:56:22 Locked: 0.33249517244 FIL
Mar 30 04:56:22 Datacap: 3160693276672
Mar 30 04:56:22 ....
Mar 30 04:56:23 Count: 3 of 4
Mar 30 04:56:23 f066596 (1 / 1 tries):
Mar 30 04:56:24 f0421499: 23.293832210218907393 FIL (11G free)
Mar 30 04:56:24 Escrow: 0.999645757255 FIL
Mar 30 04:56:24 Locked: 0.33249517244 FIL
Mar 30 04:56:24 Datacap: 3160693276672
Mar 30 04:56:25 ....
Mar 30 04:56:26 Count: 3 of 4
Mar 30 04:56:26 f01247 (1 / 1 tries):
Mar 30 04:56:27 f0421499: 23.293832210218907393 FIL (11G free)
Mar 30 04:56:27 Escrow: 0.999645757255 FIL
Mar 30 04:56:27 Locked: 0.33249517244 FIL
Mar 30 04:56:27 Datacap: 3160693276672
Mar 30 04:56:27 ....
Mar 30 04:56:28 Count: 3 of 4
Mar 30 04:56:28 f015927 (1 / 1 tries):
Mar 30 04:56:29 Skipping f015927: min-ask
Mar 30 04:56:29 
Mar 30 04:56:30 Count: 3 of 4
Mar 30 04:56:30 f09848 (1 / 1 tries):
Mar 30 04:56:30 f0421499: 23.293832210218907393 FIL (11G free)
Mar 30 04:56:31 Escrow: 0.999645757255 FIL
Mar 30 04:56:31 Locked: 0.33249517244 FIL
Mar 30 04:56:31 Datacap: 3160693276672
Mar 30 04:56:31 ....
Mar 30 04:56:32 Count: 3 of 4
Mar 30 04:56:32 f014409 (1 / 1 tries):
Mar 30 04:56:33 f0421499: 23.293832210218907393 FIL (11G free)
Mar 30 04:56:33 Escrow: 0.999645757255 FIL
Mar 30 04:56:33 Locked: 0.33249517244 FIL
Mar 30 04:56:34 Datacap: 3160693276672
Mar 30 04:56:34 ....
Mar 30 04:56:35 Count: 3 of 4
Mar 30 04:56:35 f0145874 (1 / 1 tries):
Mar 30 04:56:36 f0421499: 23.293832210218907393 FIL (11G free)
Mar 30 04:56:36 Escrow: 0.999645757255 FIL
Mar 30 04:56:36 Locked: 0.33249517244 FIL
Mar 30 04:56:36 Datacap: 3160693276672
Mar 30 04:56:37 ....
Mar 30 04:56:38 Count: 3 of 4
Mar 30 04:56:38 f08403 (1 / 1 tries):
Mar 30 04:56:38 f0421499: 23.293832210218907393 FIL (11G free)
Mar 30 04:56:38 Escrow: 0.999645757255 FIL
Mar 30 04:56:38 Locked: 0.33249517244 FIL
Mar 30 04:56:39 Datacap: 3160693276672
Mar 30 04:56:39 ....
Mar 30 04:56:40 Count: 3 of 4
Mar 30 04:56:40 f022352 (1 / 1 tries):
Mar 30 04:56:41 f0421499: 23.293832210218907393 FIL (11G free)
Mar 30 04:56:41 Escrow: 0.999645757255 FIL
Mar 30 04:56:41 Locked: 0.33249517244 FIL
Mar 30 04:56:42 Datacap: 3160693276672
Mar 30 04:56:42 ....
Mar 30 04:56:43 Count: 3 of 4
Mar 30 04:56:43 f022163 (1 / 1 tries):
Mar 30 04:56:43 f0421499: 23.293832210218907393 FIL (11G free)
Mar 30 04:56:44 Escrow: 0.999645757255 FIL
Mar 30 04:56:44 Locked: 0.33249517244 FIL
Mar 30 04:56:44 Datacap: 3160693276672
Mar 30 04:56:44 ....
Mar 30 04:56:45 Count: 3 of 4
Mar 30 04:56:45 f022142 (1 / 1 tries):
Mar 30 04:56:46 f0421499: 23.293832210218907393 FIL (11G free)
Mar 30 04:56:46 Escrow: 0.999645757255 FIL
Mar 30 04:56:46 Locked: 0.33249517244 FIL
Mar 30 04:56:47 Datacap: 3160693276672
Mar 30 04:56:47 ....
Mar 30 04:56:48 Count: 3 of 4
Mar 30 04:56:48 f0165400 (1 / 1 tries):
Mar 30 04:56:48 f0421499: 23.293832210218907393 FIL (11G free)
Mar 30 04:56:49 Escrow: 0.999645757255 FIL
Mar 30 04:56:49 Locked: 0.33249517244 FIL
Mar 30 04:56:49 Datacap: 3160693276672
Mar 30 04:56:49 ....
Mar 30 04:56:50 Count: 3 of 4
Mar 30 04:56:50 f010479 (1 / 1 tries):
Mar 30 04:56:51 f0421499: 23.293832210218907393 FIL (11G free)
Mar 30 04:56:52 Escrow: 0.999645757255 FIL
Mar 30 04:56:52 Locked: 0.33249517244 FIL
Mar 30 04:56:52 Datacap: 3160693276672
Mar 30 04:56:52 ....
Mar 30 04:56:53 Count: 3 of 4
Mar 30 04:56:53 f062353 (1 / 1 tries):
Mar 30 04:56:54 f0421499: 23.293832210218907393 FIL (11G free)
Mar 30 04:56:54 Escrow: 0.999645757255 FIL
Mar 30 04:56:54 Locked: 0.33249517244 FIL
Mar 30 04:56:54 Datacap: 3160693276672
Mar 30 04:56:54 ....
Mar 30 04:56:55 Count: 3 of 4
Mar 30 04:56:55 f019551 (1 / 1 tries):
Mar 30 04:56:56 f0421499: 23.293832210218907393 FIL (11G free)
Mar 30 04:56:56 Escrow: 0.999645757255 FIL
Mar 30 04:56:56 Locked: 0.33249517244 FIL
Mar 30 04:56:56 Datacap: 3160693276672
Mar 30 04:56:57 ....
Mar 30 04:56:58 Count: 3 of 4
Mar 30 04:56:58 f02576 (1 / 1 tries):
Mar 30 04:56:58 f0421499: 23.293832210218907393 FIL (11G free)
Mar 30 04:56:59 Escrow: 0.999645757255 FIL
Mar 30 04:56:59 Locked: 0.33249517244 FIL
Mar 30 04:56:59 Datacap: 3160693276672
Mar 30 04:56:59 ....
Mar 30 04:57:00 Count: 3 of 4
Mar 30 04:57:00 f08399 (1 / 1 tries):
Mar 30 04:57:01 f0421499: 23.293832210218907393 FIL (11G free)
Mar 30 04:57:01 Escrow: 0.999645757255 FIL
Mar 30 04:57:01 Locked: 0.33249517244 FIL
Mar 30 04:57:02 Datacap: 3160693276672
Mar 30 04:57:02 ....
Mar 30 04:57:03 Count: 3 of 4
Mar 30 04:57:03 f019041 (1 / 1 tries):
Mar 30 04:57:04 f0421499: 23.293832210218907393 FIL (11G free)
Mar 30 04:57:04 Escrow: 0.999645757255 FIL
Mar 30 04:57:04 Locked: 0.33249517244 FIL
Mar 30 04:57:04 Datacap: 3160693276672
Mar 30 04:57:04 ....
Mar 30 04:57:05 Count: 3 of 4
Mar 30 04:57:05 f010617 (1 / 1 tries):
Mar 30 04:57:06 f0421499: 23.293832210218907393 FIL (11G free)
Mar 30 04:57:06 Escrow: 0.999645757255 FIL
Mar 30 04:57:06 Locked: 0.33249517244 FIL
Mar 30 04:57:07 Datacap: 3160693276672
Mar 30 04:57:07 ....
Mar 30 04:57:08 Count: 3 of 4
Mar 30 04:57:08 f019100 (1 / 1 tries):
Mar 30 04:57:09 Skipping f019100: error-ask
Mar 30 04:57:09 
Mar 30 04:57:10 Count: 3 of 4
Mar 30 04:57:10 f01234 (1 / 1 tries):
Mar 30 04:57:10 f0421499: 23.293832210218907393 FIL (11G free)
Mar 30 04:57:10 Escrow: 0.999645757255 FIL
Mar 30 04:57:10 Locked: 0.33249517244 FIL
Mar 30 04:57:11 Datacap: 3160693276672
Mar 30 04:57:11 ....
Mar 30 04:57:12 Count: 3 of 4
Mar 30 04:57:12 f099608 (1 / 1 tries):
Mar 30 04:57:12 f0421499: 23.293832210218907393 FIL (11G free)
Mar 30 04:57:13 Escrow: 0.999645757255 FIL
Mar 30 04:57:13 Locked: 0.33249517244 FIL
Mar 30 04:57:13 Datacap: 3160693276672
Mar 30 04:57:13 ....
Mar 30 04:57:14 Count: 3 of 4
Mar 30 04:57:14 f01278 (1 / 1 tries):
Mar 30 04:57:15 f0421499: 23.293832210218907393 FIL (11G free)
Mar 30 04:57:15 Escrow: 0.999645757255 FIL
Mar 30 04:57:15 Locked: 0.33249517244 FIL
Mar 30 04:57:16 Datacap: 3160693276672
Mar 30 04:57:16 ....
Mar 30 04:57:17 Count: 3 of 4
Mar 30 04:57:17 f02606 (1 / 1 tries):
Mar 30 04:57:17 f0421499: 23.293832210218907393 FIL (11G free)
Mar 30 04:57:17 Escrow: 0.999645757255 FIL
Mar 30 04:57:17 Locked: 0.33249517244 FIL
Mar 30 04:57:18 Datacap: 3160693276672
Mar 30 04:57:18 ....
Mar 30 04:57:19 Count: 3 of 4
Mar 30 04:57:19 f021716 (1 / 1 tries):
Mar 30 04:57:19 f0421499: 23.293832210218907393 FIL (11G free)
Mar 30 04:57:20 Escrow: 0.999645757255 FIL
Mar 30 04:57:20 Locked: 0.33249517244 FIL
Mar 30 04:57:20 Datacap: 3160693276672
Mar 30 04:57:20 ....
Mar 30 04:57:21 Count: 3 of 4
Mar 30 04:57:21 f01277 (1 / 1 tries):
Mar 30 04:57:21 Skipping f01277: min-ask
Mar 30 04:57:21 
Mar 30 04:57:22 Count: 3 of 4
Mar 30 04:57:22 f07998 (1 / 1 tries):
Mar 30 04:57:23 f0421499: 23.293832210218907393 FIL (11G free)
Mar 30 04:57:23 Escrow: 0.999645757255 FIL
Mar 30 04:57:23 Locked: 0.33249517244 FIL
Mar 30 04:57:24 Datacap: 3160693276672
Mar 30 04:57:24 ....
Mar 30 04:57:25 Count: 3 of 4
Mar 30 04:57:25 f0127896 (1 / 1 tries):
Mar 30 04:57:25 Skipping f0127896: min-ask
Mar 30 04:57:25 
