Mar 30 02:14:43 Count: 3 of 4
Mar 30 02:14:43 f023467 (1 / 1 tries):
Mar 30 02:14:44 f0421499: 23.308289234176929066 FIL (32G free)
Mar 30 02:14:44 Escrow: 0.999999997255 FIL
Mar 30 02:14:44 Locked: 0.33284941244 FIL
Mar 30 02:14:44 Datacap: 3435571183616
Mar 30 02:14:44 ....
Mar 30 02:14:45 Count: 3 of 4
Mar 30 02:14:45 f019362 (1 / 1 tries):
Mar 30 02:14:47 f0421499: 23.308289234176929066 FIL (32G free)
Mar 30 02:14:47 Escrow: 0.999999997255 FIL
Mar 30 02:14:47 Locked: 0.33284941244 FIL
Mar 30 02:14:47 Datacap: 3435571183616
Mar 30 02:14:48 ....
Mar 30 02:14:49 Count: 3 of 4
Mar 30 02:14:49 f014409 (1 / 1 tries):
Mar 30 02:14:49 f0421499: 23.308289234176929066 FIL (32G free)
Mar 30 02:14:49 Escrow: 0.999999997255 FIL
Mar 30 02:14:49 Locked: 0.33284941244 FIL
Mar 30 02:14:50 Datacap: 3435571183616
Mar 30 02:14:50 ....
Mar 30 02:14:51 Count: 3 of 4
Mar 30 02:14:51 f015927 (1 / 1 tries):
Mar 30 02:14:51 Skipping f015927: min-ask
Mar 30 02:14:51 
Mar 30 02:14:52 Count: 3 of 4
Mar 30 02:14:52 f09848 (1 / 1 tries):
Mar 30 02:14:52 f0421499: 23.308289234176929066 FIL (32G free)
Mar 30 02:14:52 Escrow: 0.999999997255 FIL
Mar 30 02:14:52 Locked: 0.33284941244 FIL
Mar 30 02:14:53 Datacap: 3435571183616
Mar 30 02:14:53 ....
Mar 30 02:14:54 Count: 3 of 4
Mar 30 02:14:54 f0145874 (1 / 1 tries):
Mar 30 02:14:54 f0421499: 23.308289234176929066 FIL (32G free)
Mar 30 02:14:54 Escrow: 0.999999997255 FIL
Mar 30 02:14:54 Locked: 0.33284941244 FIL
Mar 30 02:14:54 Datacap: 3435571183616
Mar 30 02:14:55 ....
Mar 30 02:14:56 Count: 3 of 4
Mar 30 02:14:56 f01278 (1 / 1 tries):
Mar 30 02:14:56 f0421499: 23.308289234176929066 FIL (32G free)
Mar 30 02:14:56 Escrow: 0.999999997255 FIL
Mar 30 02:14:56 Locked: 0.33284941244 FIL
Mar 30 02:14:56 Datacap: 3435571183616
Mar 30 02:14:56 ....
Mar 30 02:14:57 Count: 3 of 4
Mar 30 02:14:57 f021716 (1 / 1 tries):
Mar 30 02:14:58 f0421499: 23.308289234176929066 FIL (31G free)
Mar 30 02:14:58 Escrow: 0.999999997255 FIL
Mar 30 02:14:58 Locked: 0.33284941244 FIL
Mar 30 02:14:59 Datacap: 3435571183616
Mar 30 02:14:59 ....
Mar 30 02:15:00 Count: 3 of 4
Mar 30 02:15:00 f019104 (1 / 1 tries):
Mar 30 02:15:00 Skipping f019104: error-ask
Mar 30 02:15:00 
Mar 30 02:15:01 Count: 3 of 4
Mar 30 02:15:01 f022352 (1 / 1 tries):
Mar 30 02:15:02 f0421499: 23.308289234176929066 FIL (31G free)
Mar 30 02:15:02 Escrow: 0.999999997255 FIL
Mar 30 02:15:02 Locked: 0.33284941244 FIL
Mar 30 02:15:03 Datacap: 3435571183616
Mar 30 02:15:03 ....
Mar 30 02:15:04 Count: 3 of 4
Mar 30 02:15:04 f022163 (1 / 1 tries):
Mar 30 02:15:04 f0421499: 23.308289234176929066 FIL (31G free)
Mar 30 02:15:04 Escrow: 0.999999997255 FIL
Mar 30 02:15:04 Locked: 0.33284941244 FIL
Mar 30 02:15:05 Datacap: 3435571183616
Mar 30 02:15:05 ....
Mar 30 02:15:06 Count: 3 of 4
Mar 30 02:15:06 f01247 (1 / 1 tries):
Mar 30 02:15:06 f0421499: 23.308289234176929066 FIL (31G free)
Mar 30 02:15:06 Escrow: 0.999999997255 FIL
Mar 30 02:15:06 Locked: 0.33284941244 FIL
Mar 30 02:15:06 Datacap: 3435571183616
Mar 30 02:15:06 ....
Mar 30 02:15:07 Count: 3 of 4
Mar 30 02:15:07 f010617 (1 / 1 tries):
Mar 30 02:15:08 f0421499: 23.308289234176929066 FIL (31G free)
Mar 30 02:15:08 Escrow: 0.999999997255 FIL
Mar 30 02:15:08 Locked: 0.33284941244 FIL
Mar 30 02:15:08 Datacap: 3435571183616
Mar 30 02:15:08 ....
Mar 30 02:15:09 Count: 3 of 4
Mar 30 02:15:09 f071624 (1 / 1 tries):
Mar 30 02:15:10 f0421499: 23.308289234176929066 FIL (31G free)
Mar 30 02:15:10 Escrow: 0.999999997255 FIL
Mar 30 02:15:10 Locked: 0.33284941244 FIL
Mar 30 02:15:10 Datacap: 3435571183616
Mar 30 02:15:10 ....
Mar 30 02:15:11 Count: 3 of 4
Mar 30 02:15:11 f02576 (1 / 1 tries):
Mar 30 02:15:12 f0421499: 23.308289234176929066 FIL (31G free)
Mar 30 02:15:12 Escrow: 0.999999997255 FIL
Mar 30 02:15:12 Locked: 0.33284941244 FIL
Mar 30 02:15:12 Datacap: 3435571183616
Mar 30 02:15:12 ....
Mar 30 02:15:13 Count: 3 of 4
Mar 30 02:15:13 f019100 (1 / 1 tries):
Mar 30 02:15:13 Skipping f019100: error-ask
Mar 30 02:15:13 
Mar 30 02:15:14 Count: 3 of 4
Mar 30 02:15:14 f058369 (1 / 1 tries):
Mar 30 02:15:16 f0421499: 23.308289234176929066 FIL (31G free)
Mar 30 02:15:16 Escrow: 0.999999997255 FIL
Mar 30 02:15:16 Locked: 0.33284941244 FIL
Mar 30 02:15:16 Datacap: 3435571183616
Mar 30 02:15:17 ....
Mar 30 02:15:18 Count: 3 of 4
Mar 30 02:15:18 f01234 (1 / 1 tries):
Mar 30 02:15:18 f0421499: 23.308289234176929066 FIL (31G free)
Mar 30 02:15:18 Escrow: 0.999999997255 FIL
Mar 30 02:15:18 Locked: 0.33284941244 FIL
Mar 30 02:15:19 Datacap: 3435571183616
Mar 30 02:15:19 ....
Mar 30 02:15:20 Count: 3 of 4
Mar 30 02:15:20 f066596 (1 / 1 tries):
Mar 30 02:15:20 f0421499: 23.308289234176929066 FIL (31G free)
Mar 30 02:15:20 Escrow: 0.999999997255 FIL
Mar 30 02:15:20 Locked: 0.33284941244 FIL
Mar 30 02:15:20 Datacap: 3435571183616
Mar 30 02:15:20 ....
Mar 30 02:15:22 Count: 3 of 4
Mar 30 02:15:22 f08399 (1 / 1 tries):
Mar 30 02:15:22 f0421499: 23.308289234176929066 FIL (31G free)
Mar 30 02:15:22 Escrow: 0.999999997255 FIL
Mar 30 02:15:22 Locked: 0.33284941244 FIL
Mar 30 02:15:22 Datacap: 3435571183616
Mar 30 02:15:22 ....
Mar 30 02:15:23 Count: 3 of 4
Mar 30 02:15:23 f019041 (1 / 1 tries):
Mar 30 02:15:24 f0421499: 23.308289234176929066 FIL (31G free)
Mar 30 02:15:24 Escrow: 0.999999997255 FIL
Mar 30 02:15:24 Locked: 0.33284941244 FIL
Mar 30 02:15:24 Datacap: 3435571183616
Mar 30 02:15:24 ....
Mar 30 02:15:25 Count: 3 of 4
Mar 30 02:15:25 f02606 (1 / 1 tries):
Mar 30 02:15:26 f0421499: 23.308289234176929066 FIL (31G free)
Mar 30 02:15:26 Escrow: 0.999999997255 FIL
Mar 30 02:15:26 Locked: 0.33284941244 FIL
Mar 30 02:15:26 Datacap: 3435571183616
Mar 30 02:15:26 ....
Mar 30 02:15:27 Count: 3 of 4
Mar 30 02:15:27 f0165400 (1 / 1 tries):
Mar 30 02:15:28 f0421499: 23.308289234176929066 FIL (31G free)
Mar 30 02:15:28 Escrow: 0.999999997255 FIL
Mar 30 02:15:28 Locked: 0.33284941244 FIL
Mar 30 02:15:28 Datacap: 3435571183616
Mar 30 02:15:28 ....
Mar 30 02:15:29 Count: 3 of 4
Mar 30 02:15:29 f014768 (1 / 1 tries):
Mar 30 02:15:30 f0421499: 23.308289234176929066 FIL (31G free)
Mar 30 02:15:30 Escrow: 0.999999997255 FIL
Mar 30 02:15:30 Locked: 0.33284941244 FIL
Mar 30 02:15:30 Datacap: 3435571183616
Mar 30 02:15:31 ....
Mar 30 02:15:32 Count: 3 of 4
Mar 30 02:15:32 f019551 (1 / 1 tries):
Mar 30 02:15:32 f0421499: 23.308289234176929066 FIL (31G free)
Mar 30 02:15:32 Escrow: 0.999999997255 FIL
Mar 30 02:15:32 Locked: 0.33284941244 FIL
Mar 30 02:15:33 Datacap: 3435571183616
Mar 30 02:15:33 ....
Mar 30 02:15:34 Count: 3 of 4
Mar 30 02:15:34 f08403 (1 / 1 tries):
Mar 30 02:15:34 f0421499: 23.308289234176929066 FIL (31G free)
Mar 30 02:15:34 Escrow: 0.999999997255 FIL
Mar 30 02:15:34 Locked: 0.33284941244 FIL
Mar 30 02:15:34 Datacap: 3435571183616
Mar 30 02:15:34 ....
Mar 30 02:15:35 Count: 3 of 4
Mar 30 02:15:35 f062353 (1 / 1 tries):
Mar 30 02:15:36 f0421499: 23.308289234176929066 FIL (31G free)
Mar 30 02:15:36 Escrow: 0.999999997255 FIL
Mar 30 02:15:36 Locked: 0.33284941244 FIL
Mar 30 02:15:36 Datacap: 3435571183616
Mar 30 02:15:36 ....
Mar 30 02:15:37 Count: 3 of 4
Mar 30 02:15:37 f0157535 (1 / 1 tries):
Mar 30 02:15:38 f0421499: 23.308289234176929066 FIL (31G free)
Mar 30 02:15:38 Escrow: 0.999999997255 FIL
Mar 30 02:15:38 Locked: 0.33284941244 FIL
Mar 30 02:15:38 Datacap: 3435571183616
Mar 30 02:15:38 ....
Mar 30 02:15:39 Count: 3 of 4
Mar 30 02:15:39 f01240 (1 / 1 tries):
Mar 30 02:15:40 f0421499: 23.308289234176929066 FIL (31G free)
Mar 30 02:15:40 Escrow: 0.999999997255 FIL
Mar 30 02:15:40 Locked: 0.33284941244 FIL
Mar 30 02:15:40 Datacap: 3435571183616
Mar 30 02:15:40 ....
Mar 30 02:15:41 Count: 3 of 4
Mar 30 02:15:41 f099608 (1 / 1 tries):
Mar 30 02:15:42 f0421499: 23.308289234176929066 FIL (31G free)
Mar 30 02:15:42 Escrow: 0.999999997255 FIL
Mar 30 02:15:42 Locked: 0.33284941244 FIL
Mar 30 02:15:42 Datacap: 3435571183616
Mar 30 02:15:42 ....
Mar 30 02:15:43 Count: 3 of 4
Mar 30 02:15:43 f023971 (1 / 1 tries):
Mar 30 02:15:44 f0421499: 23.308289234176929066 FIL (31G free)
Mar 30 02:15:44 Escrow: 0.999999997255 FIL
Mar 30 02:15:44 Locked: 0.33284941244 FIL
Mar 30 02:15:45 Datacap: 3435571183616
Mar 30 02:15:45 ....
Mar 30 02:15:46 Count: 3 of 4
Mar 30 02:15:46 f01277 (1 / 1 tries):
Mar 30 02:15:47 Skipping f01277: min-ask
Mar 30 02:15:47 
Mar 30 02:15:48 Count: 3 of 4
Mar 30 02:15:48 f0127896 (1 / 1 tries):
Mar 30 02:15:48 Skipping f0127896: min-ask
Mar 30 02:15:48 
Mar 30 02:15:49 Count: 3 of 4
Mar 30 02:15:49 f07998 (1 / 1 tries):
Mar 30 02:15:50 f0421499: 23.308289234176929066 FIL (31G free)
Mar 30 02:15:50 Escrow: 0.999999997255 FIL
Mar 30 02:15:50 Locked: 0.33284941244 FIL
Mar 30 02:15:50 Datacap: 3435571183616
Mar 30 02:15:50 ....
Mar 30 02:15:51 Count: 3 of 4
Mar 30 02:15:51 f022142 (1 / 1 tries):
Mar 30 02:15:52 f0421499: 23.308289234176929066 FIL (31G free)
Mar 30 02:15:52 Escrow: 0.999999997255 FIL
Mar 30 02:15:52 Locked: 0.33284941244 FIL
Mar 30 02:15:52 Datacap: 3435571183616
Mar 30 02:15:52 ....
Mar 30 02:15:53 Count: 3 of 4
Mar 30 02:15:53 f010479 (1 / 1 tries):
Mar 30 02:15:53 f0421499: 23.308289234176929066 FIL (31G free)
Mar 30 02:15:53 Escrow: 0.999999997255 FIL
Mar 30 02:15:53 Locked: 0.33284941244 FIL
Mar 30 02:15:54 Datacap: 3435571183616
Mar 30 02:15:54 ....
