Mar 30 13:06:54 Count: 3 of 4
Mar 30 13:06:54 f09848 (1 / 1 tries):
Mar 30 13:06:54 f0421499: 23.293832210218907393 FIL (8.7G free)
Mar 30 13:06:55 Escrow: 0.999645757255 FIL
Mar 30 13:06:55 Locked: 0.33249517244 FIL
Mar 30 13:06:55 Datacap: 3160693276672
Mar 30 13:06:55 ....
Mar 30 13:06:56 Count: 3 of 4
Mar 30 13:06:56 f02606 (1 / 1 tries):
Mar 30 13:06:57 f0421499: 23.293832210218907393 FIL (8.7G free)
Mar 30 13:06:57 Escrow: 0.999645757255 FIL
Mar 30 13:06:57 Locked: 0.33249517244 FIL
Mar 30 13:06:57 Datacap: 3160693276672
Mar 30 13:06:57 ....
Mar 30 13:06:58 Count: 3 of 4
Mar 30 13:06:58 f022142 (1 / 1 tries):
Mar 30 13:06:59 f0421499: 23.293832210218907393 FIL (8.7G free)
Mar 30 13:06:59 Escrow: 0.999645757255 FIL
Mar 30 13:06:59 Locked: 0.33249517244 FIL
Mar 30 13:07:00 Datacap: 3160693276672
Mar 30 13:07:00 ....
Mar 30 13:07:01 Count: 3 of 4
Mar 30 13:07:01 f08403 (1 / 1 tries):
Mar 30 13:07:02 f0421499: 23.293832210218907393 FIL (8.7G free)
Mar 30 13:07:02 Escrow: 0.999645757255 FIL
Mar 30 13:07:02 Locked: 0.33249517244 FIL
Mar 30 13:07:02 Datacap: 3160693276672
Mar 30 13:07:02 ....
Mar 30 13:07:04 Count: 3 of 4
Mar 30 13:07:04 f08399 (1 / 1 tries):
Mar 30 13:07:04 f0421499: 23.293832210218907393 FIL (8.7G free)
Mar 30 13:07:05 Escrow: 0.999645757255 FIL
Mar 30 13:07:05 Locked: 0.33249517244 FIL
Mar 30 13:07:05 Datacap: 3160693276672
Mar 30 13:07:05 ....
Mar 30 13:07:06 Count: 3 of 4
Mar 30 13:07:06 f014409 (1 / 1 tries):
Mar 30 13:07:07 f0421499: 23.293832210218907393 FIL (8.7G free)
Mar 30 13:07:07 Escrow: 0.999645757255 FIL
Mar 30 13:07:07 Locked: 0.33249517244 FIL
Mar 30 13:07:08 Datacap: 3160693276672
Mar 30 13:07:08 ....
Mar 30 13:07:09 Count: 3 of 4
Mar 30 13:07:09 f02576 (1 / 1 tries):
Mar 30 13:07:09 f0421499: 23.293832210218907393 FIL (8.7G free)
Mar 30 13:07:10 Escrow: 0.999645757255 FIL
Mar 30 13:07:10 Locked: 0.33249517244 FIL
Mar 30 13:07:10 Datacap: 3160693276672
Mar 30 13:07:11 ....
Mar 30 13:07:12 Count: 3 of 4
Mar 30 13:07:12 f023467 (1 / 1 tries):
Mar 30 13:07:12 f0421499: 23.293832210218907393 FIL (8.7G free)
Mar 30 13:07:12 Escrow: 0.999645757255 FIL
Mar 30 13:07:12 Locked: 0.33249517244 FIL
Mar 30 13:07:13 Datacap: 3160693276672
Mar 30 13:07:13 ....
Mar 30 13:07:14 Count: 3 of 4
Mar 30 13:07:14 f0145874 (1 / 1 tries):
Mar 30 13:07:14 f0421499: 23.293832210218907393 FIL (8.7G free)
Mar 30 13:07:14 Escrow: 0.999645757255 FIL
Mar 30 13:07:14 Locked: 0.33249517244 FIL
Mar 30 13:07:15 Datacap: 3160693276672
Mar 30 13:07:15 ....
Mar 30 13:07:16 Count: 3 of 4
Mar 30 13:07:16 f062353 (1 / 1 tries):
Mar 30 13:07:17 f0421499: 23.293832210218907393 FIL (8.7G free)
Mar 30 13:07:17 Escrow: 0.999645757255 FIL
Mar 30 13:07:17 Locked: 0.33249517244 FIL
Mar 30 13:07:17 Datacap: 3160693276672
Mar 30 13:07:18 ....
Mar 30 13:07:19 Count: 3 of 4
Mar 30 13:07:19 f010479 (1 / 1 tries):
Mar 30 13:07:19 f0421499: 23.293832210218907393 FIL (8.7G free)
Mar 30 13:07:20 Escrow: 0.999645757255 FIL
Mar 30 13:07:20 Locked: 0.33249517244 FIL
Mar 30 13:07:20 Datacap: 3160693276672
Mar 30 13:07:20 ....
Mar 30 13:07:21 Count: 3 of 4
Mar 30 13:07:21 f022352 (1 / 1 tries):
Mar 30 13:07:22 f0421499: 23.293832210218907393 FIL (8.7G free)
Mar 30 13:07:22 Escrow: 0.999645757255 FIL
Mar 30 13:07:22 Locked: 0.33249517244 FIL
Mar 30 13:07:22 Datacap: 3160693276672
Mar 30 13:07:22 ....
Mar 30 13:07:23 Count: 3 of 4
Mar 30 13:07:23 f022163 (1 / 1 tries):
Mar 30 13:07:24 f0421499: 23.293832210218907393 FIL (8.7G free)
Mar 30 13:07:25 Escrow: 0.999645757255 FIL
Mar 30 13:07:25 Locked: 0.33249517244 FIL
Mar 30 13:07:25 Datacap: 3160693276672
Mar 30 13:07:25 ....
Mar 30 13:07:26 Count: 3 of 4
Mar 30 13:07:26 f099608 (1 / 1 tries):
Mar 30 13:07:27 f0421499: 23.293832210218907393 FIL (8.7G free)
Mar 30 13:07:27 Escrow: 0.999645757255 FIL
Mar 30 13:07:27 Locked: 0.33249517244 FIL
Mar 30 13:07:28 Datacap: 3160693276672
Mar 30 13:07:28 ....
Mar 30 13:07:29 Count: 3 of 4
Mar 30 13:07:29 f019104 (1 / 1 tries):
Mar 30 13:07:29 Skipping f019104: error-ask
Mar 30 13:07:29 
Mar 30 13:07:30 Count: 3 of 4
Mar 30 13:07:30 f015927 (1 / 1 tries):
Mar 30 13:07:31 Skipping f015927: min-ask
Mar 30 13:07:31 
Mar 30 13:07:32 Count: 3 of 4
Mar 30 13:07:32 f071624 (1 / 1 tries):
Mar 30 13:07:33 f0421499: 23.293832210218907393 FIL (8.7G free)
Mar 30 13:07:33 Escrow: 0.999645757255 FIL
Mar 30 13:07:33 Locked: 0.33249517244 FIL
Mar 30 13:07:33 Datacap: 3160693276672
Mar 30 13:07:33 ....
Mar 30 13:07:34 Count: 3 of 4
Mar 30 13:07:34 f01234 (1 / 1 tries):
Mar 30 13:07:35 f0421499: 23.293832210218907393 FIL (8.7G free)
Mar 30 13:07:35 Escrow: 0.999645757255 FIL
Mar 30 13:07:35 Locked: 0.33249517244 FIL
Mar 30 13:07:35 Datacap: 3160693276672
Mar 30 13:07:36 ....
Mar 30 13:07:37 Count: 3 of 4
Mar 30 13:07:37 f021716 (1 / 1 tries):
Mar 30 13:07:38 f0421499: 23.293832210218907393 FIL (8.7G free)
Mar 30 13:07:38 Escrow: 0.999645757255 FIL
Mar 30 13:07:38 Locked: 0.33249517244 FIL
Mar 30 13:07:38 Datacap: 3160693276672
Mar 30 13:07:39 ....
Mar 30 13:07:40 Count: 3 of 4
Mar 30 13:07:40 f019041 (1 / 1 tries):
Mar 30 13:07:40 f0421499: 23.293832210218907393 FIL (8.7G free)
Mar 30 13:07:41 Escrow: 0.999645757255 FIL
Mar 30 13:07:41 Locked: 0.33249517244 FIL
Mar 30 13:07:41 Datacap: 3160693276672
Mar 30 13:07:41 ....
Mar 30 13:07:42 Count: 3 of 4
Mar 30 13:07:42 f066596 (1 / 1 tries):
Mar 30 13:07:43 f0421499: 23.293832210218907393 FIL (8.7G free)
Mar 30 13:07:43 Escrow: 0.999645757255 FIL
Mar 30 13:07:43 Locked: 0.33249517244 FIL
Mar 30 13:07:44 Datacap: 3160693276672
Mar 30 13:07:44 ....
Mar 30 13:07:45 Count: 3 of 4
Mar 30 13:07:45 f07998 (1 / 1 tries):
Mar 30 13:07:46 f0421499: 23.293832210218907393 FIL (8.7G free)
Mar 30 13:07:46 Escrow: 0.999645757255 FIL
Mar 30 13:07:46 Locked: 0.33249517244 FIL
Mar 30 13:07:46 Datacap: 3160693276672
Mar 30 13:07:47 ....
Mar 30 13:07:48 Count: 3 of 4
Mar 30 13:07:48 f01240 (1 / 1 tries):
Mar 30 13:07:48 f0421499: 23.293832210218907393 FIL (8.7G free)
Mar 30 13:07:49 Escrow: 0.999645757255 FIL
Mar 30 13:07:49 Locked: 0.33249517244 FIL
Mar 30 13:07:49 Datacap: 3160693276672
Mar 30 13:07:49 ....
Mar 30 13:07:50 Count: 3 of 4
Mar 30 13:07:50 f010617 (1 / 1 tries):
Mar 30 13:07:51 f0421499: 23.293832210218907393 FIL (8.7G free)
Mar 30 13:07:51 Escrow: 0.999645757255 FIL
Mar 30 13:07:51 Locked: 0.33249517244 FIL
Mar 30 13:07:51 Datacap: 3160693276672
Mar 30 13:07:52 ....
Mar 30 13:07:53 Count: 3 of 4
Mar 30 13:07:53 f0157535 (1 / 1 tries):
Mar 30 13:07:53 f0421499: 23.293832210218907393 FIL (8.7G free)
Mar 30 13:07:53 Escrow: 0.999645757255 FIL
Mar 30 13:07:53 Locked: 0.33249517244 FIL
Mar 30 13:07:54 Datacap: 3160693276672
Mar 30 13:07:54 ....
Mar 30 13:07:55 Count: 3 of 4
Mar 30 13:07:55 f058369 (1 / 1 tries):
Mar 30 13:07:55 f0421499: 23.293832210218907393 FIL (8.7G free)
Mar 30 13:07:56 Escrow: 0.999645757255 FIL
Mar 30 13:07:56 Locked: 0.33249517244 FIL
Mar 30 13:07:56 Datacap: 3160693276672
Mar 30 13:07:56 ....
Mar 30 13:07:57 Count: 3 of 4
Mar 30 13:07:57 f01247 (1 / 1 tries):
Mar 30 13:07:58 f0421499: 23.293832210218907393 FIL (8.7G free)
Mar 30 13:07:58 Escrow: 0.999645757255 FIL
Mar 30 13:07:58 Locked: 0.33249517244 FIL
Mar 30 13:07:59 Datacap: 3160693276672
Mar 30 13:07:59 ....
Mar 30 13:08:00 Count: 3 of 4
Mar 30 13:08:00 f014768 (1 / 1 tries):
Mar 30 13:08:00 f0421499: 23.293832210218907393 FIL (8.7G free)
Mar 30 13:08:01 Escrow: 0.999645757255 FIL
Mar 30 13:08:01 Locked: 0.33249517244 FIL
Mar 30 13:08:01 Datacap: 3160693276672
Mar 30 13:08:01 ....
Mar 30 13:08:02 Count: 3 of 4
Mar 30 13:08:02 f019362 (1 / 1 tries):
Mar 30 13:08:03 f0421499: 23.293832210218907393 FIL (8.7G free)
Mar 30 13:08:03 Escrow: 0.999645757255 FIL
Mar 30 13:08:03 Locked: 0.33249517244 FIL
Mar 30 13:08:04 Datacap: 3160693276672
Mar 30 13:08:04 ....
Mar 30 13:08:05 Count: 3 of 4
Mar 30 13:08:05 f01277 (1 / 1 tries):
Mar 30 13:08:06 Skipping f01277: min-ask
Mar 30 13:08:06 
Mar 30 13:08:07 Count: 3 of 4
Mar 30 13:08:07 f019551 (1 / 1 tries):
Mar 30 13:08:07 f0421499: 23.293832210218907393 FIL (8.7G free)
Mar 30 13:08:07 Escrow: 0.999645757255 FIL
Mar 30 13:08:07 Locked: 0.33249517244 FIL
Mar 30 13:08:08 Datacap: 3160693276672
Mar 30 13:08:08 ....
Mar 30 13:08:09 Count: 3 of 4
Mar 30 13:08:09 f0127896 (1 / 1 tries):
Mar 30 13:08:10 Skipping f0127896: min-ask
Mar 30 13:08:10 
Mar 30 13:08:11 Count: 3 of 4
Mar 30 13:08:11 f019100 (1 / 1 tries):
Mar 30 13:08:11 Skipping f019100: error-ask
Mar 30 13:08:11 
Mar 30 13:08:12 Count: 3 of 4
Mar 30 13:08:12 f023971 (1 / 1 tries):
Mar 30 13:08:13 f0421499: 23.293832210218907393 FIL (8.7G free)
Mar 30 13:08:13 Escrow: 0.999645757255 FIL
Mar 30 13:08:13 Locked: 0.33249517244 FIL
Mar 30 13:08:13 Datacap: 3160693276672
Mar 30 13:08:13 ....
Mar 30 13:08:14 Count: 3 of 4
Mar 30 13:08:14 f01278 (1 / 1 tries):
Mar 30 13:08:15 f0421499: 23.293832210218907393 FIL (8.7G free)
Mar 30 13:08:15 Escrow: 0.999645757255 FIL
Mar 30 13:08:15 Locked: 0.33249517244 FIL
Mar 30 13:08:16 Datacap: 3160693276672
Mar 30 13:08:16 ....
Mar 30 13:08:17 Count: 3 of 4
Mar 30 13:08:17 f0165400 (1 / 1 tries):
Mar 30 13:08:18 f0421499: 23.293832210218907393 FIL (8.7G free)
Mar 30 13:08:18 Escrow: 0.999645757255 FIL
Mar 30 13:08:18 Locked: 0.33249517244 FIL
Mar 30 13:08:18 Datacap: 3160693276672
Mar 30 13:08:18 ....
