1234
eyJhbGciOiJIUzI1NiIsInR5cCI6IkpXVCJ9.eyJBbGxvdyI6WyJyZWFkIiwid3JpdGUiLCJzaWduIiwiYWRtaW4iXX0.Z7UTp2uTZPGK6TkIZwnxG5R-Ql3wjtEZdZaHgLHkRYo
Loading deals f020718
f020718 1 wiki.01
f020718 2 wiki.02
f020718 3 wiki.03
f020718 4 wiki.04
f020718 5 wiki.05
f020718 6 wiki.06
f020718 7 wiki.07
f020718 8 wiki.08
f020718 9 wiki.09
f020718 10 wiki.10
f020718 11 wiki.11
f020718 12 wiki.12
f020718 13 wiki.13
f020718 14 wiki.14
f020718 15 wiki.15
f020718 16 wiki.16
f020718 17 wiki.17
f020718 18 wiki.18
f020718 19 wiki.19
f020718 20 wiki.20
f020718 21 wiki.21
f020718 22 wiki.22
f020718 23 wiki.23
f020718 24 wiki.24
f020718 25 wiki.25
f020718 26 wiki.26
f020718 27 wiki.27
Loading deals f021682
f021682 1 wiki.01
f021682 2 wiki.02
f021682 3 wiki.03
f021682 4 wiki.04
f021682 5 wiki.05
f021682 6 wiki.06
f021682 7 wiki.07
f021682 8 wiki.08
f021682 9 wiki.09
f021682 10 wiki.10
f021682 11 wiki.11
f021682 12 wiki.12
f021682 13 wiki.13
f021682 14 wiki.14
f021682 15 wiki.15
f021682 16 wiki.16
f021682 17 wiki.17
f021682 18 wiki.18
f021682 19 wiki.19
f021682 20 wiki.20
f021682 21 wiki.21
f021682 22 wiki.22
f021682 23 wiki.23
f021682 24 wiki.24
f021682 25 wiki.25
f021682 26 wiki.26
f021682 27 wiki.27
1 wiki.15
f02623-838293 f029404-839032 f03275-897519 f023859-937946 f014394-938057 f09696-637892 f018785-707946 f010479-712357 f023649-714470 f023868-799985 f035436-800397 f030335-800750
Already have log for f02623 838293 QmXSuhty9GJ8kWA3UmXqveBNYKLgTUACAXtBusZoEaaeBh
Already have log for f029404 839032 QmXSuhty9GJ8kWA3UmXqveBNYKLgTUACAXtBusZoEaaeBh
Already have log for f03275 897519 QmXSuhty9GJ8kWA3UmXqveBNYKLgTUACAXtBusZoEaaeBh
Retrieving f023859 937946 QmXSuhty9GJ8kWA3UmXqveBNYKLgTUACAXtBusZoEaaeBh
  % Total    % Received % Xferd  Average Speed   Time    Time     Time  Current
                                 Dload  Upload   Total   Spent    Left  Speed
  0     0    0     0    0     0      0      0 --:--:-- --:--:-- --:--:--     0100   161    0     0  100   161      0    134  0:00:01  0:00:01 --:--:--   134100   527  100   366  100   161    195     86  0:00:01  0:00:01 --:--:--   281100   527  100   366  100   161    195     86  0:00:01  0:00:01 --:--:--   281
{"jsonrpc":"2.0","result":{"Err":"","Root":{"/":"QmXSuhty9GJ8kWA3UmXqveBNYKLgTUACAXtBusZoEaaeBh"},"Piece":null,"Size":134217728,"MinPrice":"268435456","UnsealPrice":"0","PaymentInterval":1048576,"PaymentIntervalIncrease":1048576,"Miner":"f023850","MinerPeer":{"Address":"f023859","ID":"12D3KooWAgTdstEm4KiyszCdWzbVzSjbsopRap2gb1hVHnJEStXK","PieceCID":null}},"id":1}
> Recv: 0 B, Paid 0 FIL, ClientEventOpen (DealStatusNew)
> Recv: 0 B, Paid 0 FIL, ClientEventDealProposed (DealStatusWaitForAcceptance)
> Recv: 0 B, Paid 0 FIL, ClientEventDealAccepted (DealStatusAccepted)
> Recv: 0 B, Paid 0 FIL, ClientEventPaymentChannelCreateInitiated (DealStatusPaymentChannelCreating)
