> Recv: 0 B, Paid 0 FIL, ClientEventOpen (DealStatusNew)
> Recv: 0 B, Paid 0 FIL, ClientEventDealProposed (DealStatusWaitForAcceptance)
> Recv: 0 B, Paid 0 FIL, ClientEventDealAccepted (DealStatusAccepted)
> Recv: 1.444 KiB, Paid 0 FIL, ClientEventBlocksReceived (DealStatusAccepted)
2020-10-23T21:47:20.156Z	[34mINFO[0m	rpc	go-jsonrpc@v0.1.2-0.20201008195726-68c6a2704e49/client.go:346	rpc output message buffer	{"n": 2}
2020-10-23T21:47:20.160Z	[34mINFO[0m	rpc	go-jsonrpc@v0.1.2-0.20201008195726-68c6a2704e49/client.go:346	rpc output message buffer	{"n": 3}
2020-10-23T21:47:20.160Z	[34mINFO[0m	rpc	go-jsonrpc@v0.1.2-0.20201008195726-68c6a2704e49/client.go:346	rpc output message buffer	{"n": 3}
2020-10-23T21:47:20.160Z	[34mINFO[0m	rpc	go-jsonrpc@v0.1.2-0.20201008195726-68c6a2704e49/client.go:346	rpc output message buffer	{"n": 4}
2020-10-23T21:47:20.160Z	[34mINFO[0m	rpc	go-jsonrpc@v0.1.2-0.20201008195726-68c6a2704e49/client.go:346	rpc output message buffer	{"n": 5}
> Recv: 2.391 KiB, Paid 0 FIL, ClientEventBlocksReceived (DealStatusAccepted)
2020-10-23T21:47:20.160Z	[34mINFO[0m	rpc	go-jsonrpc@v0.1.2-0.20201008195726-68c6a2704e49/client.go:346	rpc output message buffer	{"n": 6}
> Recv: 258.4 KiB, Paid 0 FIL, ClientEventBlocksReceived (DealStatusAccepted)
> Recv: 514.4 KiB, Paid 0 FIL, ClientEventBlocksReceived (DealStatusAccepted)
> Recv: 770.4 KiB, Paid 0 FIL, ClientEventBlocksReceived (DealStatusAccepted)
> Recv: 770.4 KiB, Paid 0 FIL, ClientEventPaymentRequested (DealStatusAccepted)
> Recv: 1.002 MiB, Paid 0 FIL, ClientEventBlocksReceived (DealStatusAccepted)
> Recv: 1.002 MiB, Paid 0 FIL, ClientEventPaymentChannelCreateInitiated (DealStatusPaymentChannelCreating)
2020-10-23T21:50:47.477Z	[34mINFO[0m	rpc	go-jsonrpc@v0.1.2-0.20201008195726-68c6a2704e49/client.go:346	rpc output message buffer	{"n": 2}
2020-10-23T21:50:47.486Z	[34mINFO[0m	rpc	go-jsonrpc@v0.1.2-0.20201008195726-68c6a2704e49/client.go:346	rpc output message buffer	{"n": 3}
2020-10-23T21:50:47.486Z	[34mINFO[0m	rpc	go-jsonrpc@v0.1.2-0.20201008195726-68c6a2704e49/client.go:346	rpc output message buffer	{"n": 3}
> Recv: 1.002 MiB, Paid 0 FIL, ClientEventPaymentChannelReady (DealStatusPaymentChannelAllocatingLane)
> Recv: 1.002 MiB, Paid 0 FIL, ClientEventLaneAllocated (DealStatusOngoing)
> Recv: 1.002 MiB, Paid 0 FIL, ClientEventPaymentRequested (DealStatusFundsNeeded)
> Recv: 1.002 MiB, Paid 0 FIL, ClientEventSendFunds (DealStatusSendFunds)
> Recv: 1.002 MiB, Paid 0.00000000000210216 FIL, ClientEventPaymentSent (DealStatusOngoing)
