> Recv: 0 B, Paid 0 FIL, ClientEventOpen (DealStatusNew)
> Recv: 0 B, Paid 0 FIL, ClientEventDealProposed (DealStatusWaitForAcceptance)
> Recv: 1.444 KiB, Paid 0 FIL, ClientEventBlocksReceived (DealStatusWaitForAcceptance)
> Recv: 2.391 KiB, Paid 0 FIL, ClientEventBlocksReceived (DealStatusWaitForAcceptance)
> Recv: 258.4 KiB, Paid 0 FIL, ClientEventBlocksReceived (DealStatusWaitForAcceptance)
> Recv: 514.4 KiB, Paid 0 FIL, ClientEventBlocksReceived (DealStatusWaitForAcceptance)
> Recv: 770.4 KiB, Paid 0 FIL, ClientEventBlocksReceived (DealStatusWaitForAcceptance)
> Recv: 1.002 MiB, Paid 0 FIL, ClientEventBlocksReceived (DealStatusWaitForAcceptance)
> Recv: 1.002 MiB, Paid 0 FIL, ClientEventDealAccepted (DealStatusAccepted)
> Recv: 1.252 MiB, Paid 0 FIL, ClientEventBlocksReceived (DealStatusAccepted)
> Recv: 1.502 MiB, Paid 0 FIL, ClientEventBlocksReceived (DealStatusAccepted)
> Recv: 1.752 MiB, Paid 0 FIL, ClientEventBlocksReceived (DealStatusAccepted)
> Recv: 2.002 MiB, Paid 0 FIL, ClientEventBlocksReceived (DealStatusAccepted)
> Recv: 2.252 MiB, Paid 0 FIL, ClientEventBlocksReceived (DealStatusAccepted)
> Recv: 2.502 MiB, Paid 0 FIL, ClientEventBlocksReceived (DealStatusAccepted)
> Recv: 2.752 MiB, Paid 0 FIL, ClientEventBlocksReceived (DealStatusAccepted)
> Recv: 3.002 MiB, Paid 0 FIL, ClientEventBlocksReceived (DealStatusAccepted)
> Recv: 3.253 MiB, Paid 0 FIL, ClientEventBlocksReceived (DealStatusAccepted)
> Recv: 3.503 MiB, Paid 0 FIL, ClientEventBlocksReceived (DealStatusAccepted)
> Recv: 3.753 MiB, Paid 0 FIL, ClientEventBlocksReceived (DealStatusAccepted)
> Recv: 4.003 MiB, Paid 0 FIL, ClientEventBlocksReceived (DealStatusAccepted)
> Recv: 4.253 MiB, Paid 0 FIL, ClientEventBlocksReceived (DealStatusAccepted)
> Recv: 4.503 MiB, Paid 0 FIL, ClientEventBlocksReceived (DealStatusAccepted)
> Recv: 4.753 MiB, Paid 0 FIL, ClientEventBlocksReceived (DealStatusAccepted)
> Recv: 4.771 MiB, Paid 0 FIL, ClientEventBlocksReceived (DealStatusAccepted)
> Recv: 4.772 MiB, Paid 0 FIL, ClientEventBlocksReceived (DealStatusAccepted)
> Recv: 5.022 MiB, Paid 0 FIL, ClientEventBlocksReceived (DealStatusAccepted)
> Recv: 5.272 MiB, Paid 0 FIL, ClientEventBlocksReceived (DealStatusAccepted)
> Recv: 5.522 MiB, Paid 0 FIL, ClientEventBlocksReceived (DealStatusAccepted)
> Recv: 5.772 MiB, Paid 0 FIL, ClientEventBlocksReceived (DealStatusAccepted)
> Recv: 6.022 MiB, Paid 0 FIL, ClientEventBlocksReceived (DealStatusAccepted)
> Recv: 6.272 MiB, Paid 0 FIL, ClientEventBlocksReceived (DealStatusAccepted)
> Recv: 6.522 MiB, Paid 0 FIL, ClientEventBlocksReceived (DealStatusAccepted)
> Recv: 6.772 MiB, Paid 0 FIL, ClientEventBlocksReceived (DealStatusAccepted)
> Recv: 7.022 MiB, Paid 0 FIL, ClientEventBlocksReceived (DealStatusAccepted)
> Recv: 7.272 MiB, Paid 0 FIL, ClientEventBlocksReceived (DealStatusAccepted)
> Recv: 7.522 MiB, Paid 0 FIL, ClientEventBlocksReceived (DealStatusAccepted)
> Recv: 7.772 MiB, Paid 0 FIL, ClientEventBlocksReceived (DealStatusAccepted)
> Recv: 8.022 MiB, Paid 0 FIL, ClientEventBlocksReceived (DealStatusAccepted)
> Recv: 8.272 MiB, Paid 0 FIL, ClientEventBlocksReceived (DealStatusAccepted)
> Recv: 8.522 MiB, Paid 0 FIL, ClientEventBlocksReceived (DealStatusAccepted)
> Recv: 8.772 MiB, Paid 0 FIL, ClientEventBlocksReceived (DealStatusAccepted)
> Recv: 9.022 MiB, Paid 0 FIL, ClientEventBlocksReceived (DealStatusAccepted)
> Recv: 9.272 MiB, Paid 0 FIL, ClientEventBlocksReceived (DealStatusAccepted)
> Recv: 9.522 MiB, Paid 0 FIL, ClientEventBlocksReceived (DealStatusAccepted)
> Recv: 9.541 MiB, Paid 0 FIL, ClientEventBlocksReceived (DealStatusAccepted)
> Recv: 9.541 MiB, Paid 0 FIL, ClientEventBlocksReceived (DealStatusAccepted)
> Recv: 9.791 MiB, Paid 0 FIL, ClientEventBlocksReceived (DealStatusAccepted)
> Recv: 10.04 MiB, Paid 0 FIL, ClientEventBlocksReceived (DealStatusAccepted)
> Recv: 10.29 MiB, Paid 0 FIL, ClientEventBlocksReceived (DealStatusAccepted)
> Recv: 10.54 MiB, Paid 0 FIL, ClientEventBlocksReceived (DealStatusAccepted)
> Recv: 10.79 MiB, Paid 0 FIL, ClientEventBlocksReceived (DealStatusAccepted)
> Recv: 11.04 MiB, Paid 0 FIL, ClientEventBlocksReceived (DealStatusAccepted)
> Recv: 11.29 MiB, Paid 0 FIL, ClientEventBlocksReceived (DealStatusAccepted)
> Recv: 11.54 MiB, Paid 0 FIL, ClientEventBlocksReceived (DealStatusAccepted)
> Recv: 11.79 MiB, Paid 0 FIL, ClientEventBlocksReceived (DealStatusAccepted)
> Recv: 12.04 MiB, Paid 0 FIL, ClientEventBlocksReceived (DealStatusAccepted)
> Recv: 12.29 MiB, Paid 0 FIL, ClientEventBlocksReceived (DealStatusAccepted)
> Recv: 12.54 MiB, Paid 0 FIL, ClientEventBlocksReceived (DealStatusAccepted)
> Recv: 12.79 MiB, Paid 0 FIL, ClientEventBlocksReceived (DealStatusAccepted)
> Recv: 13.04 MiB, Paid 0 FIL, ClientEventBlocksReceived (DealStatusAccepted)
> Recv: 13.29 MiB, Paid 0 FIL, ClientEventBlocksReceived (DealStatusAccepted)
> Recv: 13.54 MiB, Paid 0 FIL, ClientEventBlocksReceived (DealStatusAccepted)
> Recv: 13.79 MiB, Paid 0 FIL, ClientEventBlocksReceived (DealStatusAccepted)
> Recv: 14.04 MiB, Paid 0 FIL, ClientEventBlocksReceived (DealStatusAccepted)
> Recv: 14.29 MiB, Paid 0 FIL, ClientEventBlocksReceived (DealStatusAccepted)
> Recv: 14.31 MiB, Paid 0 FIL, ClientEventBlocksReceived (DealStatusAccepted)
> Recv: 14.31 MiB, Paid 0 FIL, ClientEventBlocksReceived (DealStatusAccepted)
> Recv: 14.56 MiB, Paid 0 FIL, ClientEventBlocksReceived (DealStatusAccepted)
> Recv: 14.81 MiB, Paid 0 FIL, ClientEventBlocksReceived (DealStatusAccepted)
> Recv: 15.06 MiB, Paid 0 FIL, ClientEventBlocksReceived (DealStatusAccepted)
> Recv: 15.31 MiB, Paid 0 FIL, ClientEventBlocksReceived (DealStatusAccepted)
> Recv: 15.56 MiB, Paid 0 FIL, ClientEventBlocksReceived (DealStatusAccepted)
> Recv: 15.81 MiB, Paid 0 FIL, ClientEventBlocksReceived (DealStatusAccepted)
> Recv: 16.06 MiB, Paid 0 FIL, ClientEventBlocksReceived (DealStatusAccepted)
> Recv: 16.31 MiB, Paid 0 FIL, ClientEventBlocksReceived (DealStatusAccepted)
> Recv: 16.56 MiB, Paid 0 FIL, ClientEventBlocksReceived (DealStatusAccepted)
> Recv: 16.81 MiB, Paid 0 FIL, ClientEventBlocksReceived (DealStatusAccepted)
> Recv: 17.06 MiB, Paid 0 FIL, ClientEventBlocksReceived (DealStatusAccepted)
> Recv: 17.31 MiB, Paid 0 FIL, ClientEventBlocksReceived (DealStatusAccepted)
> Recv: 17.56 MiB, Paid 0 FIL, ClientEventBlocksReceived (DealStatusAccepted)
> Recv: 17.81 MiB, Paid 0 FIL, ClientEventBlocksReceived (DealStatusAccepted)
> Recv: 18.06 MiB, Paid 0 FIL, ClientEventBlocksReceived (DealStatusAccepted)
> Recv: 18.31 MiB, Paid 0 FIL, ClientEventBlocksReceived (DealStatusAccepted)
> Recv: 18.56 MiB, Paid 0 FIL, ClientEventBlocksReceived (DealStatusAccepted)
> Recv: 18.81 MiB, Paid 0 FIL, ClientEventBlocksReceived (DealStatusAccepted)
> Recv: 19.06 MiB, Paid 0 FIL, ClientEventBlocksReceived (DealStatusAccepted)
> Recv: 19.08 MiB, Paid 0 FIL, ClientEventBlocksReceived (DealStatusAccepted)
> Recv: 19.08 MiB, Paid 0 FIL, ClientEventBlocksReceived (DealStatusAccepted)
> Recv: 19.33 MiB, Paid 0 FIL, ClientEventBlocksReceived (DealStatusAccepted)
> Recv: 19.58 MiB, Paid 0 FIL, ClientEventBlocksReceived (DealStatusAccepted)
> Recv: 19.83 MiB, Paid 0 FIL, ClientEventBlocksReceived (DealStatusAccepted)
> Recv: 20.08 MiB, Paid 0 FIL, ClientEventBlocksReceived (DealStatusAccepted)
> Recv: 20.33 MiB, Paid 0 FIL, ClientEventBlocksReceived (DealStatusAccepted)
> Recv: 20.58 MiB, Paid 0 FIL, ClientEventBlocksReceived (DealStatusAccepted)
> Recv: 20.83 MiB, Paid 0 FIL, ClientEventBlocksReceived (DealStatusAccepted)
> Recv: 21.08 MiB, Paid 0 FIL, ClientEventBlocksReceived (DealStatusAccepted)
> Recv: 21.33 MiB, Paid 0 FIL, ClientEventBlocksReceived (DealStatusAccepted)
> Recv: 21.58 MiB, Paid 0 FIL, ClientEventBlocksReceived (DealStatusAccepted)
> Recv: 21.83 MiB, Paid 0 FIL, ClientEventBlocksReceived (DealStatusAccepted)
> Recv: 22.08 MiB, Paid 0 FIL, ClientEventBlocksReceived (DealStatusAccepted)
> Recv: 22.33 MiB, Paid 0 FIL, ClientEventBlocksReceived (DealStatusAccepted)
> Recv: 22.58 MiB, Paid 0 FIL, ClientEventBlocksReceived (DealStatusAccepted)
> Recv: 22.83 MiB, Paid 0 FIL, ClientEventBlocksReceived (DealStatusAccepted)
> Recv: 23.08 MiB, Paid 0 FIL, ClientEventBlocksReceived (DealStatusAccepted)
> Recv: 23.33 MiB, Paid 0 FIL, ClientEventBlocksReceived (DealStatusAccepted)
> Recv: 23.33 MiB, Paid 0 FIL, ClientEventPaymentRequested (DealStatusAccepted)
> Recv: 23.58 MiB, Paid 0 FIL, ClientEventBlocksReceived (DealStatusAccepted)
> Recv: 23.83 MiB, Paid 0 FIL, ClientEventBlocksReceived (DealStatusAccepted)
> Recv: 23.85 MiB, Paid 0 FIL, ClientEventBlocksReceived (DealStatusAccepted)
> Recv: 23.85 MiB, Paid 0 FIL, ClientEventBlocksReceived (DealStatusAccepted)
> Recv: 24.1 MiB, Paid 0 FIL, ClientEventBlocksReceived (DealStatusAccepted)
> Recv: 24.35 MiB, Paid 0 FIL, ClientEventBlocksReceived (DealStatusAccepted)
> Recv: 24.35 MiB, Paid 0 FIL, ClientEventPaymentChannelCreateInitiated (DealStatusPaymentChannelCreating)
ERROR: retrieval timed out

Command exited with non-zero status 124
0.37user 0.23system 22:00.02elapsed 0%CPU (0avgtext+0avgdata 40360maxresident)k
107112inputs+0outputs (5731major+5524minor)pagefaults 0swaps
