> Recv: 0 B, Paid 0 FIL, ClientEventOpen (DealStatusNew)
> Recv: 0 B, Paid 0 FIL, ClientEventDealProposed (DealStatusWaitForAcceptance)
> Recv: 0 B, Paid 0 FIL, ClientEventDealAccepted (DealStatusAccepted)
> Recv: 0 B, Paid 0 FIL, ClientEventPaymentChannelCreateInitiated (DealStatusPaymentChannelCreating)
> Recv: 1.502 KiB, Paid 0 FIL, ClientEventBlocksReceived (DealStatusPaymentChannelCreating)
> Recv: 2.308 KiB, Paid 0 FIL, ClientEventBlocksReceived (DealStatusPaymentChannelCreating)
> Recv: 258.3 KiB, Paid 0 FIL, ClientEventBlocksReceived (DealStatusPaymentChannelCreating)
> Recv: 514.3 KiB, Paid 0 FIL, ClientEventBlocksReceived (DealStatusPaymentChannelCreating)
> Recv: 770.3 KiB, Paid 0 FIL, ClientEventBlocksReceived (DealStatusPaymentChannelCreating)
> Recv: 770.3 KiB, Paid 0 FIL, ClientEventPaymentRequested (DealStatusPaymentChannelCreating)
> Recv: 1.002 MiB, Paid 0 FIL, ClientEventBlocksReceived (DealStatusPaymentChannelCreating)
> Recv: 1.002 MiB, Paid 0 FIL, ClientEventPaymentChannelReady (DealStatusPaymentChannelAllocatingLane)
> Recv: 1.002 MiB, Paid 0 FIL, ClientEventLaneAllocated (DealStatusOngoing)
> Recv: 1.002 MiB, Paid 0 FIL, ClientEventPaymentRequested (DealStatusFundsNeeded)
> Recv: 1.002 MiB, Paid 0 FIL, ClientEventSendFunds (DealStatusSendFunds)
> Recv: 1.002 MiB, Paid 0.00000000000210199 FIL, ClientEventPaymentSent (DealStatusOngoing)
> Recv: 1.252 MiB, Paid 0.00000000000210199 FIL, ClientEventBlocksReceived (DealStatusOngoing)
> Recv: 1.502 MiB, Paid 0.00000000000210199 FIL, ClientEventBlocksReceived (DealStatusOngoing)
> Recv: 1.752 MiB, Paid 0.00000000000210199 FIL, ClientEventBlocksReceived (DealStatusOngoing)
> Recv: 2.002 MiB, Paid 0.00000000000210199 FIL, ClientEventBlocksReceived (DealStatusOngoing)
> Recv: 2.252 MiB, Paid 0.00000000000210199 FIL, ClientEventBlocksReceived (DealStatusOngoing)
> Recv: 2.502 MiB, Paid 0.00000000000210199 FIL, ClientEventBlocksReceived (DealStatusOngoing)
> Recv: 2.752 MiB, Paid 0.00000000000210199 FIL, ClientEventBlocksReceived (DealStatusOngoing)
> Recv: 2.752 MiB, Paid 0.00000000000210199 FIL, ClientEventPaymentRequested (DealStatusFundsNeeded)
> Recv: 3.002 MiB, Paid 0.00000000000210199 FIL, ClientEventBlocksReceived (DealStatusFundsNeeded)
> Recv: 3.002 MiB, Paid 0.00000000000210199 FIL, ClientEventSendFunds (DealStatusSendFunds)
> Recv: 3.002 MiB, Paid 0.000000000006296518 FIL, ClientEventPaymentSent (DealStatusOngoing)
> Recv: 3.252 MiB, Paid 0.000000000006296518 FIL, ClientEventBlocksReceived (DealStatusOngoing)
> Recv: 3.502 MiB, Paid 0.000000000006296518 FIL, ClientEventBlocksReceived (DealStatusOngoing)
> Recv: 3.752 MiB, Paid 0.000000000006296518 FIL, ClientEventBlocksReceived (DealStatusOngoing)
> Recv: 4.002 MiB, Paid 0.000000000006296518 FIL, ClientEventBlocksReceived (DealStatusOngoing)
> Recv: 4.047 MiB, Paid 0.000000000006296518 FIL, ClientEventBlocksReceived (DealStatusOngoing)
> Recv: 4.048 MiB, Paid 0.000000000006296518 FIL, ClientEventBlocksReceived (DealStatusOngoing)
> Recv: 4.298 MiB, Paid 0.000000000006296518 FIL, ClientEventBlocksReceived (DealStatusOngoing)
> Recv: 4.548 MiB, Paid 0.000000000006296518 FIL, ClientEventBlocksReceived (DealStatusOngoing)
> Recv: 4.798 MiB, Paid 0.000000000006296518 FIL, ClientEventBlocksReceived (DealStatusOngoing)
> Recv: 5.048 MiB, Paid 0.000000000006296518 FIL, ClientEventBlocksReceived (DealStatusOngoing)
> Recv: 5.298 MiB, Paid 0.000000000006296518 FIL, ClientEventBlocksReceived (DealStatusOngoing)
> Recv: 5.548 MiB, Paid 0.000000000006296518 FIL, ClientEventBlocksReceived (DealStatusOngoing)
> Recv: 5.798 MiB, Paid 0.000000000006296518 FIL, ClientEventBlocksReceived (DealStatusOngoing)
> Recv: 5.798 MiB, Paid 0.000000000006296518 FIL, ClientEventPaymentRequested (DealStatusFundsNeeded)
> Recv: 6.048 MiB, Paid 0.000000000006296518 FIL, ClientEventBlocksReceived (DealStatusFundsNeeded)
> Recv: 6.048 MiB, Paid 0.000000000006296518 FIL, ClientEventSendFunds (DealStatusSendFunds)
> Recv: 6.048 MiB, Paid 0.000000000012683972 FIL, ClientEventPaymentSent (DealStatusOngoing)
> Recv: 6.298 MiB, Paid 0.000000000012683972 FIL, ClientEventBlocksReceived (DealStatusOngoing)
> Recv: 6.548 MiB, Paid 0.000000000012683972 FIL, ClientEventBlocksReceived (DealStatusOngoing)
> Recv: 6.798 MiB, Paid 0.000000000012683972 FIL, ClientEventBlocksReceived (DealStatusOngoing)
> Recv: 7.048 MiB, Paid 0.000000000012683972 FIL, ClientEventBlocksReceived (DealStatusOngoing)
> Recv: 7.298 MiB, Paid 0.000000000012683972 FIL, ClientEventBlocksReceived (DealStatusOngoing)
> Recv: 7.548 MiB, Paid 0.000000000012683972 FIL, ClientEventBlocksReceived (DealStatusOngoing)
> Recv: 7.798 MiB, Paid 0.000000000012683972 FIL, ClientEventBlocksReceived (DealStatusOngoing)
> Recv: 8.048 MiB, Paid 0.000000000012683972 FIL, ClientEventBlocksReceived (DealStatusOngoing)
> Recv: 8.298 MiB, Paid 0.000000000012683972 FIL, ClientEventBlocksReceived (DealStatusOngoing)
> Recv: 8.548 MiB, Paid 0.000000000012683972 FIL, ClientEventBlocksReceived (DealStatusOngoing)
> Recv: 8.798 MiB, Paid 0.000000000012683972 FIL, ClientEventBlocksReceived (DealStatusOngoing)
> Recv: 8.817 MiB, Paid 0.000000000012683972 FIL, ClientEventBlocksReceived (DealStatusOngoing)
> Recv: 8.818 MiB, Paid 0.000000000012683972 FIL, ClientEventBlocksReceived (DealStatusOngoing)
> Recv: 9.068 MiB, Paid 0.000000000012683972 FIL, ClientEventBlocksReceived (DealStatusOngoing)
> Recv: 9.318 MiB, Paid 0.000000000012683972 FIL, ClientEventBlocksReceived (DealStatusOngoing)
> Recv: 9.568 MiB, Paid 0.000000000012683972 FIL, ClientEventBlocksReceived (DealStatusOngoing)
> Recv: 9.818 MiB, Paid 0.000000000012683972 FIL, ClientEventBlocksReceived (DealStatusOngoing)
> Recv: 9.818 MiB, Paid 0.000000000012683972 FIL, ClientEventPaymentRequested (DealStatusFundsNeeded)
> Recv: 10.07 MiB, Paid 0.000000000012683972 FIL, ClientEventBlocksReceived (DealStatusFundsNeeded)
> Recv: 10.07 MiB, Paid 0.000000000012683972 FIL, ClientEventSendFunds (DealStatusSendFunds)
> Recv: 10.07 MiB, Paid 0.000000000021113522 FIL, ClientEventPaymentSent (DealStatusOngoing)
> Recv: 10.32 MiB, Paid 0.000000000021113522 FIL, ClientEventBlocksReceived (DealStatusOngoing)
> Recv: 10.57 MiB, Paid 0.000000000021113522 FIL, ClientEventBlocksReceived (DealStatusOngoing)
> Recv: 10.82 MiB, Paid 0.000000000021113522 FIL, ClientEventBlocksReceived (DealStatusOngoing)
> Recv: 11.07 MiB, Paid 0.000000000021113522 FIL, ClientEventBlocksReceived (DealStatusOngoing)
> Recv: 11.32 MiB, Paid 0.000000000021113522 FIL, ClientEventBlocksReceived (DealStatusOngoing)
> Recv: 11.57 MiB, Paid 0.000000000021113522 FIL, ClientEventBlocksReceived (DealStatusOngoing)
> Recv: 11.82 MiB, Paid 0.000000000021113522 FIL, ClientEventBlocksReceived (DealStatusOngoing)
> Recv: 12.07 MiB, Paid 0.000000000021113522 FIL, ClientEventBlocksReceived (DealStatusOngoing)
> Recv: 12.32 MiB, Paid 0.000000000021113522 FIL, ClientEventBlocksReceived (DealStatusOngoing)
> Recv: 12.57 MiB, Paid 0.000000000021113522 FIL, ClientEventBlocksReceived (DealStatusOngoing)
> Recv: 12.82 MiB, Paid 0.000000000021113522 FIL, ClientEventBlocksReceived (DealStatusOngoing)
> Recv: 13.07 MiB, Paid 0.000000000021113522 FIL, ClientEventBlocksReceived (DealStatusOngoing)
> Recv: 13.32 MiB, Paid 0.000000000021113522 FIL, ClientEventBlocksReceived (DealStatusOngoing)
> Recv: 13.57 MiB, Paid 0.000000000021113522 FIL, ClientEventBlocksReceived (DealStatusOngoing)
> Recv: 13.59 MiB, Paid 0.000000000021113522 FIL, ClientEventBlocksReceived (DealStatusOngoing)
> Recv: 13.59 MiB, Paid 0.000000000021113522 FIL, ClientEventBlocksReceived (DealStatusOngoing)
> Recv: 13.84 MiB, Paid 0.000000000021113522 FIL, ClientEventBlocksReceived (DealStatusOngoing)
ERROR: retrieval timed out

Command exited with non-zero status 124
0.24user 0.13system 22:00.00elapsed 0%CPU (0avgtext+0avgdata 41560maxresident)k
168inputs+0outputs (2major+4075minor)pagefaults 0swaps
