> Recv: 0 B, Paid 0 FIL, ClientEventOpen (DealStatusNew)
> Recv: 0 B, Paid 0 FIL, ClientEventDealProposed (DealStatusWaitForAcceptance)
> Recv: 0 B, Paid 0 FIL, ClientEventDealAccepted (DealStatusAccepted)
> Recv: 1.502 KiB, Paid 0 FIL, ClientEventBlocksReceived (DealStatusAccepted)
> Recv: 2.448 KiB, Paid 0 FIL, ClientEventBlocksReceived (DealStatusAccepted)
> Recv: 258.5 KiB, Paid 0 FIL, ClientEventBlocksReceived (DealStatusAccepted)
> Recv: 514.5 KiB, Paid 0 FIL, ClientEventBlocksReceived (DealStatusAccepted)
> Recv: 770.5 KiB, Paid 0 FIL, ClientEventBlocksReceived (DealStatusAccepted)
> Recv: 770.5 KiB, Paid 0 FIL, ClientEventPaymentRequested (DealStatusAccepted)
> Recv: 1.002 MiB, Paid 0 FIL, ClientEventBlocksReceived (DealStatusAccepted)
> Recv: 1.002 MiB, Paid 0 FIL, ClientEventPaymentChannelCreateInitiated (DealStatusPaymentChannelCreating)
> Recv: 1.002 MiB, Paid 0 FIL, ClientEventPaymentChannelReady (DealStatusPaymentChannelAllocatingLane)
> Recv: 1.002 MiB, Paid 0 FIL, ClientEventLaneAllocated (DealStatusOngoing)
> Recv: 1.002 MiB, Paid 0 FIL, ClientEventPaymentRequested (DealStatusFundsNeeded)
> Recv: 1.002 MiB, Paid 0 FIL, ClientEventSendFunds (DealStatusSendFunds)
> Recv: 1.002 MiB, Paid 0.000000000002102278 FIL, ClientEventPaymentSent (DealStatusOngoing)
> Recv: 1.252 MiB, Paid 0.000000000002102278 FIL, ClientEventBlocksReceived (DealStatusOngoing)
> Recv: 1.502 MiB, Paid 0.000000000002102278 FIL, ClientEventBlocksReceived (DealStatusOngoing)
> Recv: 1.752 MiB, Paid 0.000000000002102278 FIL, ClientEventBlocksReceived (DealStatusOngoing)
> Recv: 2.002 MiB, Paid 0.000000000002102278 FIL, ClientEventBlocksReceived (DealStatusOngoing)
> Recv: 2.253 MiB, Paid 0.000000000002102278 FIL, ClientEventBlocksReceived (DealStatusOngoing)
> Recv: 2.503 MiB, Paid 0.000000000002102278 FIL, ClientEventBlocksReceived (DealStatusOngoing)
> Recv: 2.753 MiB, Paid 0.000000000002102278 FIL, ClientEventBlocksReceived (DealStatusOngoing)
> Recv: 2.753 MiB, Paid 0.000000000002102278 FIL, ClientEventPaymentRequested (DealStatusFundsNeeded)
> Recv: 3.003 MiB, Paid 0.000000000002102278 FIL, ClientEventBlocksReceived (DealStatusFundsNeeded)
> Recv: 3.003 MiB, Paid 0.000000000002102278 FIL, ClientEventSendFunds (DealStatusSendFunds)
> Recv: 3.003 MiB, Paid 0.000000000006296806 FIL, ClientEventPaymentSent (DealStatusOngoing)
> Recv: 3.253 MiB, Paid 0.000000000006296806 FIL, ClientEventBlocksReceived (DealStatusOngoing)
> Recv: 3.503 MiB, Paid 0.000000000006296806 FIL, ClientEventBlocksReceived (DealStatusOngoing)
> Recv: 3.753 MiB, Paid 0.000000000006296806 FIL, ClientEventBlocksReceived (DealStatusOngoing)
> Recv: 4.003 MiB, Paid 0.000000000006296806 FIL, ClientEventBlocksReceived (DealStatusOngoing)
> Recv: 4.253 MiB, Paid 0.000000000006296806 FIL, ClientEventBlocksReceived (DealStatusOngoing)
> Recv: 4.503 MiB, Paid 0.000000000006296806 FIL, ClientEventBlocksReceived (DealStatusOngoing)
> Recv: 4.753 MiB, Paid 0.000000000006296806 FIL, ClientEventBlocksReceived (DealStatusOngoing)
> Recv: 4.771 MiB, Paid 0.000000000006296806 FIL, ClientEventBlocksReceived (DealStatusOngoing)
> Recv: 4.772 MiB, Paid 0.000000000006296806 FIL, ClientEventBlocksReceived (DealStatusOngoing)
> Recv: 5.022 MiB, Paid 0.000000000006296806 FIL, ClientEventBlocksReceived (DealStatusOngoing)
> Recv: 5.272 MiB, Paid 0.000000000006296806 FIL, ClientEventBlocksReceived (DealStatusOngoing)
> Recv: 5.522 MiB, Paid 0.000000000006296806 FIL, ClientEventBlocksReceived (DealStatusOngoing)
> Recv: 5.772 MiB, Paid 0.000000000006296806 FIL, ClientEventBlocksReceived (DealStatusOngoing)
> Recv: 5.772 MiB, Paid 0.000000000006296806 FIL, ClientEventPaymentRequested (DealStatusFundsNeeded)
> Recv: 6.022 MiB, Paid 0.000000000006296806 FIL, ClientEventBlocksReceived (DealStatusFundsNeeded)
> Recv: 6.022 MiB, Paid 0.000000000006296806 FIL, ClientEventSendFunds (DealStatusSendFunds)
> Recv: 6.022 MiB, Paid 0.000000000012629092 FIL, ClientEventPaymentSent (DealStatusOngoing)
> Recv: 6.272 MiB, Paid 0.000000000012629092 FIL, ClientEventBlocksReceived (DealStatusOngoing)
> Recv: 6.522 MiB, Paid 0.000000000012629092 FIL, ClientEventBlocksReceived (DealStatusOngoing)
> Recv: 6.772 MiB, Paid 0.000000000012629092 FIL, ClientEventBlocksReceived (DealStatusOngoing)
> Recv: 7.022 MiB, Paid 0.000000000012629092 FIL, ClientEventBlocksReceived (DealStatusOngoing)
> Recv: 7.272 MiB, Paid 0.000000000012629092 FIL, ClientEventBlocksReceived (DealStatusOngoing)
> Recv: 7.522 MiB, Paid 0.000000000012629092 FIL, ClientEventBlocksReceived (DealStatusOngoing)
> Recv: 7.772 MiB, Paid 0.000000000012629092 FIL, ClientEventBlocksReceived (DealStatusOngoing)
> Recv: 8.022 MiB, Paid 0.000000000012629092 FIL, ClientEventBlocksReceived (DealStatusOngoing)
> Recv: 8.272 MiB, Paid 0.000000000012629092 FIL, ClientEventBlocksReceived (DealStatusOngoing)
> Recv: 8.522 MiB, Paid 0.000000000012629092 FIL, ClientEventBlocksReceived (DealStatusOngoing)
> Recv: 8.772 MiB, Paid 0.000000000012629092 FIL, ClientEventBlocksReceived (DealStatusOngoing)
> Recv: 9.022 MiB, Paid 0.000000000012629092 FIL, ClientEventBlocksReceived (DealStatusOngoing)
> Recv: 9.272 MiB, Paid 0.000000000012629092 FIL, ClientEventBlocksReceived (DealStatusOngoing)
> Recv: 9.522 MiB, Paid 0.000000000012629092 FIL, ClientEventBlocksReceived (DealStatusOngoing)
> Recv: 9.541 MiB, Paid 0.000000000012629092 FIL, ClientEventBlocksReceived (DealStatusOngoing)
> Recv: 9.541 MiB, Paid 0.000000000012629092 FIL, ClientEventBlocksReceived (DealStatusOngoing)
> Recv: 9.791 MiB, Paid 0.000000000012629092 FIL, ClientEventBlocksReceived (DealStatusOngoing)
> Recv: 9.791 MiB, Paid 0.000000000012629092 FIL, ClientEventPaymentRequested (DealStatusFundsNeeded)
> Recv: 10.04 MiB, Paid 0.000000000012629092 FIL, ClientEventBlocksReceived (DealStatusFundsNeeded)
> Recv: 10.04 MiB, Paid 0.000000000012629092 FIL, ClientEventSendFunds (DealStatusSendFunds)
> Recv: 10.04 MiB, Paid 0.000000000021058354 FIL, ClientEventPaymentSent (DealStatusOngoing)
> Recv: 10.29 MiB, Paid 0.000000000021058354 FIL, ClientEventBlocksReceived (DealStatusOngoing)
> Recv: 10.54 MiB, Paid 0.000000000021058354 FIL, ClientEventBlocksReceived (DealStatusOngoing)
> Recv: 10.79 MiB, Paid 0.000000000021058354 FIL, ClientEventBlocksReceived (DealStatusOngoing)
> Recv: 11.04 MiB, Paid 0.000000000021058354 FIL, ClientEventBlocksReceived (DealStatusOngoing)
> Recv: 11.29 MiB, Paid 0.000000000021058354 FIL, ClientEventBlocksReceived (DealStatusOngoing)
> Recv: 11.54 MiB, Paid 0.000000000021058354 FIL, ClientEventBlocksReceived (DealStatusOngoing)
> Recv: 11.79 MiB, Paid 0.000000000021058354 FIL, ClientEventBlocksReceived (DealStatusOngoing)
> Recv: 12.04 MiB, Paid 0.000000000021058354 FIL, ClientEventBlocksReceived (DealStatusOngoing)
> Recv: 12.29 MiB, Paid 0.000000000021058354 FIL, ClientEventBlocksReceived (DealStatusOngoing)
> Recv: 12.54 MiB, Paid 0.000000000021058354 FIL, ClientEventBlocksReceived (DealStatusOngoing)
> Recv: 12.79 MiB, Paid 0.000000000021058354 FIL, ClientEventBlocksReceived (DealStatusOngoing)
> Recv: 13.04 MiB, Paid 0.000000000021058354 FIL, ClientEventBlocksReceived (DealStatusOngoing)
> Recv: 13.29 MiB, Paid 0.000000000021058354 FIL, ClientEventBlocksReceived (DealStatusOngoing)
> Recv: 13.54 MiB, Paid 0.000000000021058354 FIL, ClientEventBlocksReceived (DealStatusOngoing)
> Recv: 13.59 MiB, Paid 0.000000000021058354 FIL, ClientEventBlocksReceived (DealStatusOngoing)
> Recv: 13.59 MiB, Paid 0.000000000021058354 FIL, ClientEventBlocksReceived (DealStatusOngoing)
> Recv: 13.84 MiB, Paid 0.000000000021058354 FIL, ClientEventBlocksReceived (DealStatusOngoing)
> Recv: 14.09 MiB, Paid 0.000000000021058354 FIL, ClientEventBlocksReceived (DealStatusOngoing)
> Recv: 14.34 MiB, Paid 0.000000000021058354 FIL, ClientEventBlocksReceived (DealStatusOngoing)
> Recv: 14.59 MiB, Paid 0.000000000021058354 FIL, ClientEventBlocksReceived (DealStatusOngoing)
> Recv: 14.84 MiB, Paid 0.000000000021058354 FIL, ClientEventBlocksReceived (DealStatusOngoing)
> Recv: 14.84 MiB, Paid 0.000000000021058354 FIL, ClientEventPaymentRequested (DealStatusFundsNeeded)
> Recv: 15.09 MiB, Paid 0.000000000021058354 FIL, ClientEventBlocksReceived (DealStatusFundsNeeded)
> Recv: 15.09 MiB, Paid 0.000000000021058354 FIL, ClientEventSendFunds (DealStatusSendFunds)
> Recv: 15.09 MiB, Paid 0.000000000031640336 FIL, ClientEventPaymentSent (DealStatusOngoing)
> Recv: 15.34 MiB, Paid 0.000000000031640336 FIL, ClientEventBlocksReceived (DealStatusOngoing)
> Recv: 15.59 MiB, Paid 0.000000000031640336 FIL, ClientEventBlocksReceived (DealStatusOngoing)
> Recv: 15.84 MiB, Paid 0.000000000031640336 FIL, ClientEventBlocksReceived (DealStatusOngoing)
> Recv: 16.09 MiB, Paid 0.000000000031640336 FIL, ClientEventBlocksReceived (DealStatusOngoing)
> Recv: 16.34 MiB, Paid 0.000000000031640336 FIL, ClientEventBlocksReceived (DealStatusOngoing)
> Recv: 16.59 MiB, Paid 0.000000000031640336 FIL, ClientEventBlocksReceived (DealStatusOngoing)
> Recv: 16.84 MiB, Paid 0.000000000031640336 FIL, ClientEventBlocksReceived (DealStatusOngoing)
> Recv: 17.09 MiB, Paid 0.000000000031640336 FIL, ClientEventBlocksReceived (DealStatusOngoing)
> Recv: 17.34 MiB, Paid 0.000000000031640336 FIL, ClientEventBlocksReceived (DealStatusOngoing)
> Recv: 17.59 MiB, Paid 0.000000000031640336 FIL, ClientEventBlocksReceived (DealStatusOngoing)
> Recv: 17.84 MiB, Paid 0.000000000031640336 FIL, ClientEventBlocksReceived (DealStatusOngoing)
> Recv: 18.09 MiB, Paid 0.000000000031640336 FIL, ClientEventBlocksReceived (DealStatusOngoing)
> Recv: 18.34 MiB, Paid 0.000000000031640336 FIL, ClientEventBlocksReceived (DealStatusOngoing)
> Recv: 18.36 MiB, Paid 0.000000000031640336 FIL, ClientEventBlocksReceived (DealStatusOngoing)
> Recv: 18.36 MiB, Paid 0.000000000031640336 FIL, ClientEventBlocksReceived (DealStatusOngoing)
> Recv: 18.61 MiB, Paid 0.000000000031640336 FIL, ClientEventBlocksReceived (DealStatusOngoing)
> Recv: 18.86 MiB, Paid 0.000000000031640336 FIL, ClientEventBlocksReceived (DealStatusOngoing)
> Recv: 19.11 MiB, Paid 0.000000000031640336 FIL, ClientEventBlocksReceived (DealStatusOngoing)
> Recv: 19.36 MiB, Paid 0.000000000031640336 FIL, ClientEventBlocksReceived (DealStatusOngoing)
> Recv: 19.61 MiB, Paid 0.000000000031640336 FIL, ClientEventBlocksReceived (DealStatusOngoing)
> Recv: 19.86 MiB, Paid 0.000000000031640336 FIL, ClientEventBlocksReceived (DealStatusOngoing)
> Recv: 20.11 MiB, Paid 0.000000000031640336 FIL, ClientEventBlocksReceived (DealStatusOngoing)
> Recv: 20.36 MiB, Paid 0.000000000031640336 FIL, ClientEventBlocksReceived (DealStatusOngoing)
> Recv: 20.61 MiB, Paid 0.000000000031640336 FIL, ClientEventBlocksReceived (DealStatusOngoing)
> Recv: 20.86 MiB, Paid 0.000000000031640336 FIL, ClientEventBlocksReceived (DealStatusOngoing)
> Recv: 20.86 MiB, Paid 0.000000000031640336 FIL, ClientEventPaymentRequested (DealStatusFundsNeeded)
> Recv: 21.11 MiB, Paid 0.000000000031640336 FIL, ClientEventBlocksReceived (DealStatusFundsNeeded)
> Recv: 21.11 MiB, Paid 0.000000000031640336 FIL, ClientEventSendFunds (DealStatusSendFunds)
> Recv: 21.11 MiB, Paid 0.000000000044264414 FIL, ClientEventPaymentSent (DealStatusOngoing)
> Recv: 21.36 MiB, Paid 0.000000000044264414 FIL, ClientEventBlocksReceived (DealStatusOngoing)
> Recv: 21.61 MiB, Paid 0.000000000044264414 FIL, ClientEventBlocksReceived (DealStatusOngoing)
> Recv: 21.86 MiB, Paid 0.000000000044264414 FIL, ClientEventBlocksReceived (DealStatusOngoing)
> Recv: 22.11 MiB, Paid 0.000000000044264414 FIL, ClientEventBlocksReceived (DealStatusOngoing)
> Recv: 22.36 MiB, Paid 0.000000000044264414 FIL, ClientEventBlocksReceived (DealStatusOngoing)
> Recv: 22.61 MiB, Paid 0.000000000044264414 FIL, ClientEventBlocksReceived (DealStatusOngoing)
> Recv: 22.86 MiB, Paid 0.000000000044264414 FIL, ClientEventBlocksReceived (DealStatusOngoing)
> Recv: 23.11 MiB, Paid 0.000000000044264414 FIL, ClientEventBlocksReceived (DealStatusOngoing)
> Recv: 23.13 MiB, Paid 0.000000000044264414 FIL, ClientEventBlocksReceived (DealStatusOngoing)
> Recv: 23.13 MiB, Paid 0.000000000044264414 FIL, ClientEventBlocksReceived (DealStatusOngoing)
> Recv: 23.38 MiB, Paid 0.000000000044264414 FIL, ClientEventBlocksReceived (DealStatusOngoing)
> Recv: 23.63 MiB, Paid 0.000000000044264414 FIL, ClientEventBlocksReceived (DealStatusOngoing)
> Recv: 23.88 MiB, Paid 0.000000000044264414 FIL, ClientEventBlocksReceived (DealStatusOngoing)
> Recv: 24.13 MiB, Paid 0.000000000044264414 FIL, ClientEventBlocksReceived (DealStatusOngoing)
> Recv: 24.38 MiB, Paid 0.000000000044264414 FIL, ClientEventBlocksReceived (DealStatusOngoing)
> Recv: 24.63 MiB, Paid 0.000000000044264414 FIL, ClientEventBlocksReceived (DealStatusOngoing)
> Recv: 24.88 MiB, Paid 0.000000000044264414 FIL, ClientEventBlocksReceived (DealStatusOngoing)
> Recv: 25.13 MiB, Paid 0.000000000044264414 FIL, ClientEventBlocksReceived (DealStatusOngoing)
> Recv: 25.38 MiB, Paid 0.000000000044264414 FIL, ClientEventBlocksReceived (DealStatusOngoing)
> Recv: 25.63 MiB, Paid 0.000000000044264414 FIL, ClientEventBlocksReceived (DealStatusOngoing)
> Recv: 25.88 MiB, Paid 0.000000000044264414 FIL, ClientEventBlocksReceived (DealStatusOngoing)
> Recv: 26.13 MiB, Paid 0.000000000044264414 FIL, ClientEventBlocksReceived (DealStatusOngoing)
> Recv: 26.38 MiB, Paid 0.000000000044264414 FIL, ClientEventBlocksReceived (DealStatusOngoing)
> Recv: 26.63 MiB, Paid 0.000000000044264414 FIL, ClientEventBlocksReceived (DealStatusOngoing)
> Recv: 26.88 MiB, Paid 0.000000000044264414 FIL, ClientEventBlocksReceived (DealStatusOngoing)
> Recv: 27.13 MiB, Paid 0.000000000044264414 FIL, ClientEventBlocksReceived (DealStatusOngoing)
> Recv: 27.38 MiB, Paid 0.000000000044264414 FIL, ClientEventBlocksReceived (DealStatusOngoing)
> Recv: 27.63 MiB, Paid 0.000000000044264414 FIL, ClientEventBlocksReceived (DealStatusOngoing)
> Recv: 27.88 MiB, Paid 0.000000000044264414 FIL, ClientEventBlocksReceived (DealStatusOngoing)
> Recv: 27.89 MiB, Paid 0.000000000044264414 FIL, ClientEventBlocksReceived (DealStatusOngoing)
> Recv: 27.9 MiB, Paid 0.000000000044264414 FIL, ClientEventBlocksReceived (DealStatusOngoing)
> Recv: 27.9 MiB, Paid 0.000000000044264414 FIL, ClientEventPaymentRequested (DealStatusFundsNeeded)
> Recv: 28.15 MiB, Paid 0.000000000044264414 FIL, ClientEventBlocksReceived (DealStatusFundsNeeded)
> Recv: 28.15 MiB, Paid 0.000000000044264414 FIL, ClientEventSendFunds (DealStatusSendFunds)
> Recv: 28.15 MiB, Paid 0.00000000005902625 FIL, ClientEventPaymentSent (DealStatusOngoing)
> Recv: 28.4 MiB, Paid 0.00000000005902625 FIL, ClientEventBlocksReceived (DealStatusOngoing)
> Recv: 28.65 MiB, Paid 0.00000000005902625 FIL, ClientEventBlocksReceived (DealStatusOngoing)
> Recv: 28.9 MiB, Paid 0.00000000005902625 FIL, ClientEventBlocksReceived (DealStatusOngoing)
> Recv: 29.15 MiB, Paid 0.00000000005902625 FIL, ClientEventBlocksReceived (DealStatusOngoing)
> Recv: 29.4 MiB, Paid 0.00000000005902625 FIL, ClientEventBlocksReceived (DealStatusOngoing)
> Recv: 29.65 MiB, Paid 0.00000000005902625 FIL, ClientEventBlocksReceived (DealStatusOngoing)
> Recv: 29.9 MiB, Paid 0.00000000005902625 FIL, ClientEventBlocksReceived (DealStatusOngoing)
> Recv: 30.15 MiB, Paid 0.00000000005902625 FIL, ClientEventBlocksReceived (DealStatusOngoing)
> Recv: 30.4 MiB, Paid 0.00000000005902625 FIL, ClientEventBlocksReceived (DealStatusOngoing)
> Recv: 30.65 MiB, Paid 0.00000000005902625 FIL, ClientEventBlocksReceived (DealStatusOngoing)
> Recv: 30.9 MiB, Paid 0.00000000005902625 FIL, ClientEventBlocksReceived (DealStatusOngoing)
> Recv: 31.15 MiB, Paid 0.00000000005902625 FIL, ClientEventBlocksReceived (DealStatusOngoing)
> Recv: 31.4 MiB, Paid 0.00000000005902625 FIL, ClientEventBlocksReceived (DealStatusOngoing)
> Recv: 31.65 MiB, Paid 0.00000000005902625 FIL, ClientEventBlocksReceived (DealStatusOngoing)
> Recv: 31.9 MiB, Paid 0.00000000005902625 FIL, ClientEventBlocksReceived (DealStatusOngoing)
> Recv: 32.15 MiB, Paid 0.00000000005902625 FIL, ClientEventBlocksReceived (DealStatusOngoing)
> Recv: 32.4 MiB, Paid 0.00000000005902625 FIL, ClientEventBlocksReceived (DealStatusOngoing)
> Recv: 32.65 MiB, Paid 0.00000000005902625 FIL, ClientEventBlocksReceived (DealStatusOngoing)
> Recv: 32.66 MiB, Paid 0.00000000005902625 FIL, ClientEventBlocksReceived (DealStatusOngoing)
> Recv: 32.67 MiB, Paid 0.00000000005902625 FIL, ClientEventBlocksReceived (DealStatusOngoing)
> Recv: 32.92 MiB, Paid 0.00000000005902625 FIL, ClientEventBlocksReceived (DealStatusOngoing)
> Recv: 33.17 MiB, Paid 0.00000000005902625 FIL, ClientEventBlocksReceived (DealStatusOngoing)
> Recv: 33.42 MiB, Paid 0.00000000005902625 FIL, ClientEventBlocksReceived (DealStatusOngoing)
> Recv: 33.67 MiB, Paid 0.00000000005902625 FIL, ClientEventBlocksReceived (DealStatusOngoing)
> Recv: 33.92 MiB, Paid 0.00000000005902625 FIL, ClientEventBlocksReceived (DealStatusOngoing)
> Recv: 34.17 MiB, Paid 0.00000000005902625 FIL, ClientEventBlocksReceived (DealStatusOngoing)
> Recv: 34.42 MiB, Paid 0.00000000005902625 FIL, ClientEventBlocksReceived (DealStatusOngoing)
> Recv: 34.67 MiB, Paid 0.00000000005902625 FIL, ClientEventBlocksReceived (DealStatusOngoing)
> Recv: 34.92 MiB, Paid 0.00000000005902625 FIL, ClientEventBlocksReceived (DealStatusOngoing)
> Recv: 35.17 MiB, Paid 0.00000000005902625 FIL, ClientEventBlocksReceived (DealStatusOngoing)
> Recv: 35.42 MiB, Paid 0.00000000005902625 FIL, ClientEventBlocksReceived (DealStatusOngoing)
> Recv: 35.67 MiB, Paid 0.00000000005902625 FIL, ClientEventBlocksReceived (DealStatusOngoing)
> Recv: 35.92 MiB, Paid 0.00000000005902625 FIL, ClientEventBlocksReceived (DealStatusOngoing)
> Recv: 35.92 MiB, Paid 0.00000000005902625 FIL, ClientEventPaymentRequested (DealStatusFundsNeeded)
> Recv: 36.17 MiB, Paid 0.00000000005902625 FIL, ClientEventBlocksReceived (DealStatusFundsNeeded)
> Recv: 36.17 MiB, Paid 0.00000000005902625 FIL, ClientEventSendFunds (DealStatusSendFunds)
