> Recv: 0 B, Paid 0 FIL, ClientEventOpen (DealStatusNew)
> Recv: 0 B, Paid 0 FIL, ClientEventDealProposed (DealStatusWaitForAcceptance)
> Recv: 0 B, Paid 0 FIL, ClientEventDealAccepted (DealStatusAccepted)
> Recv: 0 B, Paid 0 FIL, ClientEventPaymentChannelAddingFunds (DealStatusPaymentChannelAllocatingLane)
> Recv: 0 B, Paid 0 FIL, ClientEventLaneAllocated (DealStatusOngoing)
> Recv: 1.502 KiB, Paid 0 FIL, ClientEventBlocksReceived (DealStatusOngoing)
> Recv: 2.448 KiB, Paid 0 FIL, ClientEventBlocksReceived (DealStatusOngoing)
> Recv: 258.5 KiB, Paid 0 FIL, ClientEventBlocksReceived (DealStatusOngoing)
> Recv: 514.5 KiB, Paid 0 FIL, ClientEventBlocksReceived (DealStatusOngoing)
> Recv: 770.5 KiB, Paid 0 FIL, ClientEventBlocksReceived (DealStatusOngoing)
> Recv: 770.5 KiB, Paid 0 FIL, ClientEventPaymentRequested (DealStatusFundsNeeded)
> Recv: 1.002 MiB, Paid 0 FIL, ClientEventBlocksReceived (DealStatusFundsNeeded)
> Recv: 1.002 MiB, Paid 0 FIL, ClientEventSendFunds (DealStatusSendFunds)
> Recv: 1.002 MiB, Paid 0.000000000002102278 FIL, ClientEventPaymentSent (DealStatusOngoing)
> Recv: 1.252 MiB, Paid 0.000000000002102278 FIL, ClientEventBlocksReceived (DealStatusOngoing)
> Recv: 1.502 MiB, Paid 0.000000000002102278 FIL, ClientEventBlocksReceived (DealStatusOngoing)
> Recv: 1.752 MiB, Paid 0.000000000002102278 FIL, ClientEventBlocksReceived (DealStatusOngoing)
> Recv: 2.002 MiB, Paid 0.000000000002102278 FIL, ClientEventBlocksReceived (DealStatusOngoing)
> Recv: 2.253 MiB, Paid 0.000000000002102278 FIL, ClientEventBlocksReceived (DealStatusOngoing)
> Recv: 2.503 MiB, Paid 0.000000000002102278 FIL, ClientEventBlocksReceived (DealStatusOngoing)
> Recv: 2.753 MiB, Paid 0.000000000002102278 FIL, ClientEventBlocksReceived (DealStatusOngoing)
> Recv: 2.753 MiB, Paid 0.000000000002102278 FIL, ClientEventPaymentRequested (DealStatusFundsNeeded)
> Recv: 3.003 MiB, Paid 0.000000000002102278 FIL, ClientEventBlocksReceived (DealStatusFundsNeeded)
> Recv: 3.003 MiB, Paid 0.000000000002102278 FIL, ClientEventSendFunds (DealStatusSendFunds)
> Recv: 3.003 MiB, Paid 0.000000000006296806 FIL, ClientEventPaymentSent (DealStatusOngoing)
> Recv: 3.253 MiB, Paid 0.000000000006296806 FIL, ClientEventBlocksReceived (DealStatusOngoing)
> Recv: 3.503 MiB, Paid 0.000000000006296806 FIL, ClientEventBlocksReceived (DealStatusOngoing)
> Recv: 3.753 MiB, Paid 0.000000000006296806 FIL, ClientEventBlocksReceived (DealStatusOngoing)
> Recv: 4.003 MiB, Paid 0.000000000006296806 FIL, ClientEventBlocksReceived (DealStatusOngoing)
> Recv: 4.253 MiB, Paid 0.000000000006296806 FIL, ClientEventBlocksReceived (DealStatusOngoing)
> Recv: 4.503 MiB, Paid 0.000000000006296806 FIL, ClientEventBlocksReceived (DealStatusOngoing)
> Recv: 4.753 MiB, Paid 0.000000000006296806 FIL, ClientEventBlocksReceived (DealStatusOngoing)
> Recv: 4.771 MiB, Paid 0.000000000006296806 FIL, ClientEventBlocksReceived (DealStatusOngoing)
> Recv: 4.772 MiB, Paid 0.000000000006296806 FIL, ClientEventBlocksReceived (DealStatusOngoing)
> Recv: 5.022 MiB, Paid 0.000000000006296806 FIL, ClientEventBlocksReceived (DealStatusOngoing)
> Recv: 5.272 MiB, Paid 0.000000000006296806 FIL, ClientEventBlocksReceived (DealStatusOngoing)
> Recv: 5.522 MiB, Paid 0.000000000006296806 FIL, ClientEventBlocksReceived (DealStatusOngoing)
> Recv: 5.772 MiB, Paid 0.000000000006296806 FIL, ClientEventBlocksReceived (DealStatusOngoing)
> Recv: 5.772 MiB, Paid 0.000000000006296806 FIL, ClientEventPaymentRequested (DealStatusFundsNeeded)
> Recv: 6.022 MiB, Paid 0.000000000006296806 FIL, ClientEventBlocksReceived (DealStatusFundsNeeded)
> Recv: 6.022 MiB, Paid 0.000000000006296806 FIL, ClientEventSendFunds (DealStatusSendFunds)
> Recv: 6.022 MiB, Paid 0.000000000012629092 FIL, ClientEventPaymentSent (DealStatusOngoing)
> Recv: 6.272 MiB, Paid 0.000000000012629092 FIL, ClientEventBlocksReceived (DealStatusOngoing)
> Recv: 6.522 MiB, Paid 0.000000000012629092 FIL, ClientEventBlocksReceived (DealStatusOngoing)
> Recv: 6.772 MiB, Paid 0.000000000012629092 FIL, ClientEventBlocksReceived (DealStatusOngoing)
> Recv: 7.022 MiB, Paid 0.000000000012629092 FIL, ClientEventBlocksReceived (DealStatusOngoing)
> Recv: 7.272 MiB, Paid 0.000000000012629092 FIL, ClientEventBlocksReceived (DealStatusOngoing)
> Recv: 7.522 MiB, Paid 0.000000000012629092 FIL, ClientEventBlocksReceived (DealStatusOngoing)
> Recv: 7.772 MiB, Paid 0.000000000012629092 FIL, ClientEventBlocksReceived (DealStatusOngoing)
> Recv: 8.022 MiB, Paid 0.000000000012629092 FIL, ClientEventBlocksReceived (DealStatusOngoing)
> Recv: 8.272 MiB, Paid 0.000000000012629092 FIL, ClientEventBlocksReceived (DealStatusOngoing)
> Recv: 8.522 MiB, Paid 0.000000000012629092 FIL, ClientEventBlocksReceived (DealStatusOngoing)
> Recv: 8.772 MiB, Paid 0.000000000012629092 FIL, ClientEventBlocksReceived (DealStatusOngoing)
> Recv: 9.022 MiB, Paid 0.000000000012629092 FIL, ClientEventBlocksReceived (DealStatusOngoing)
> Recv: 9.272 MiB, Paid 0.000000000012629092 FIL, ClientEventBlocksReceived (DealStatusOngoing)
> Recv: 9.522 MiB, Paid 0.000000000012629092 FIL, ClientEventBlocksReceived (DealStatusOngoing)
> Recv: 9.541 MiB, Paid 0.000000000012629092 FIL, ClientEventBlocksReceived (DealStatusOngoing)
> Recv: 9.542 MiB, Paid 0.000000000012629092 FIL, ClientEventBlocksReceived (DealStatusOngoing)
> Recv: 9.792 MiB, Paid 0.000000000012629092 FIL, ClientEventBlocksReceived (DealStatusOngoing)
> Recv: 9.792 MiB, Paid 0.000000000012629092 FIL, ClientEventPaymentRequested (DealStatusFundsNeeded)
> Recv: 10.04 MiB, Paid 0.000000000012629092 FIL, ClientEventBlocksReceived (DealStatusFundsNeeded)
> Recv: 10.04 MiB, Paid 0.000000000012629092 FIL, ClientEventSendFunds (DealStatusSendFunds)
> Recv: 10.04 MiB, Paid 0.000000000021058642 FIL, ClientEventPaymentSent (DealStatusOngoing)
> Recv: 10.29 MiB, Paid 0.000000000021058642 FIL, ClientEventBlocksReceived (DealStatusOngoing)
> Recv: 10.54 MiB, Paid 0.000000000021058642 FIL, ClientEventBlocksReceived (DealStatusOngoing)
> Recv: 10.79 MiB, Paid 0.000000000021058642 FIL, ClientEventBlocksReceived (DealStatusOngoing)
> Recv: 11.04 MiB, Paid 0.000000000021058642 FIL, ClientEventBlocksReceived (DealStatusOngoing)
> Recv: 11.29 MiB, Paid 0.000000000021058642 FIL, ClientEventBlocksReceived (DealStatusOngoing)
> Recv: 11.54 MiB, Paid 0.000000000021058642 FIL, ClientEventBlocksReceived (DealStatusOngoing)
> Recv: 11.79 MiB, Paid 0.000000000021058642 FIL, ClientEventBlocksReceived (DealStatusOngoing)
> Recv: 12.04 MiB, Paid 0.000000000021058642 FIL, ClientEventBlocksReceived (DealStatusOngoing)
> Recv: 12.29 MiB, Paid 0.000000000021058642 FIL, ClientEventBlocksReceived (DealStatusOngoing)
> Recv: 12.54 MiB, Paid 0.000000000021058642 FIL, ClientEventBlocksReceived (DealStatusOngoing)
> Recv: 12.79 MiB, Paid 0.000000000021058642 FIL, ClientEventBlocksReceived (DealStatusOngoing)
> Recv: 13.04 MiB, Paid 0.000000000021058642 FIL, ClientEventBlocksReceived (DealStatusOngoing)
> Recv: 13.29 MiB, Paid 0.000000000021058642 FIL, ClientEventBlocksReceived (DealStatusOngoing)
> Recv: 13.54 MiB, Paid 0.000000000021058642 FIL, ClientEventBlocksReceived (DealStatusOngoing)
> Recv: 13.79 MiB, Paid 0.000000000021058642 FIL, ClientEventBlocksReceived (DealStatusOngoing)
> Recv: 14.04 MiB, Paid 0.000000000021058642 FIL, ClientEventBlocksReceived (DealStatusOngoing)
> Recv: 14.29 MiB, Paid 0.000000000021058642 FIL, ClientEventBlocksReceived (DealStatusOngoing)
> Recv: 14.31 MiB, Paid 0.000000000021058642 FIL, ClientEventBlocksReceived (DealStatusOngoing)
> Recv: 14.31 MiB, Paid 0.000000000021058642 FIL, ClientEventBlocksReceived (DealStatusOngoing)
> Recv: 14.56 MiB, Paid 0.000000000021058642 FIL, ClientEventBlocksReceived (DealStatusOngoing)
> Recv: 14.81 MiB, Paid 0.000000000021058642 FIL, ClientEventBlocksReceived (DealStatusOngoing)
> Recv: 14.81 MiB, Paid 0.000000000021058642 FIL, ClientEventPaymentRequested (DealStatusFundsNeeded)
> Recv: 15.06 MiB, Paid 0.000000000021058642 FIL, ClientEventBlocksReceived (DealStatusFundsNeeded)
> Recv: 15.06 MiB, Paid 0.000000000021058642 FIL, ClientEventSendFunds (DealStatusSendFunds)
> Recv: 15.06 MiB, Paid 0.000000000031585456 FIL, ClientEventPaymentSent (DealStatusOngoing)
> Recv: 15.31 MiB, Paid 0.000000000031585456 FIL, ClientEventBlocksReceived (DealStatusOngoing)
> Recv: 15.56 MiB, Paid 0.000000000031585456 FIL, ClientEventBlocksReceived (DealStatusOngoing)
> Recv: 15.81 MiB, Paid 0.000000000031585456 FIL, ClientEventBlocksReceived (DealStatusOngoing)
> Recv: 16.06 MiB, Paid 0.000000000031585456 FIL, ClientEventBlocksReceived (DealStatusOngoing)
> Recv: 16.31 MiB, Paid 0.000000000031585456 FIL, ClientEventBlocksReceived (DealStatusOngoing)
> Recv: 16.56 MiB, Paid 0.000000000031585456 FIL, ClientEventBlocksReceived (DealStatusOngoing)
> Recv: 16.81 MiB, Paid 0.000000000031585456 FIL, ClientEventBlocksReceived (DealStatusOngoing)
> Recv: 17.06 MiB, Paid 0.000000000031585456 FIL, ClientEventBlocksReceived (DealStatusOngoing)
> Recv: 17.31 MiB, Paid 0.000000000031585456 FIL, ClientEventBlocksReceived (DealStatusOngoing)
> Recv: 17.56 MiB, Paid 0.000000000031585456 FIL, ClientEventBlocksReceived (DealStatusOngoing)
> Recv: 17.81 MiB, Paid 0.000000000031585456 FIL, ClientEventBlocksReceived (DealStatusOngoing)
> Recv: 18.06 MiB, Paid 0.000000000031585456 FIL, ClientEventBlocksReceived (DealStatusOngoing)
> Recv: 18.31 MiB, Paid 0.000000000031585456 FIL, ClientEventBlocksReceived (DealStatusOngoing)
> Recv: 18.56 MiB, Paid 0.000000000031585456 FIL, ClientEventBlocksReceived (DealStatusOngoing)
> Recv: 18.81 MiB, Paid 0.000000000031585456 FIL, ClientEventBlocksReceived (DealStatusOngoing)
> Recv: 19.06 MiB, Paid 0.000000000031585456 FIL, ClientEventBlocksReceived (DealStatusOngoing)
> Recv: 19.08 MiB, Paid 0.000000000031585456 FIL, ClientEventBlocksReceived (DealStatusOngoing)
> Recv: 19.08 MiB, Paid 0.000000000031585456 FIL, ClientEventBlocksReceived (DealStatusOngoing)
> Recv: 19.33 MiB, Paid 0.000000000031585456 FIL, ClientEventBlocksReceived (DealStatusOngoing)
> Recv: 19.58 MiB, Paid 0.000000000031585456 FIL, ClientEventBlocksReceived (DealStatusOngoing)
> Recv: 19.83 MiB, Paid 0.000000000031585456 FIL, ClientEventBlocksReceived (DealStatusOngoing)
> Recv: 20.08 MiB, Paid 0.000000000031585456 FIL, ClientEventBlocksReceived (DealStatusOngoing)
> Recv: 20.33 MiB, Paid 0.000000000031585456 FIL, ClientEventBlocksReceived (DealStatusOngoing)
> Recv: 20.58 MiB, Paid 0.000000000031585456 FIL, ClientEventBlocksReceived (DealStatusOngoing)
> Recv: 20.83 MiB, Paid 0.000000000031585456 FIL, ClientEventBlocksReceived (DealStatusOngoing)
> Recv: 20.83 MiB, Paid 0.000000000031585456 FIL, ClientEventPaymentRequested (DealStatusFundsNeeded)
> Recv: 21.08 MiB, Paid 0.000000000031585456 FIL, ClientEventBlocksReceived (DealStatusFundsNeeded)
> Recv: 21.08 MiB, Paid 0.000000000031585456 FIL, ClientEventSendFunds (DealStatusSendFunds)
> Recv: 21.08 MiB, Paid 0.000000000044209534 FIL, ClientEventPaymentSent (DealStatusOngoing)
> Recv: 21.33 MiB, Paid 0.000000000044209534 FIL, ClientEventBlocksReceived (DealStatusOngoing)
> Recv: 21.58 MiB, Paid 0.000000000044209534 FIL, ClientEventBlocksReceived (DealStatusOngoing)
> Recv: 21.83 MiB, Paid 0.000000000044209534 FIL, ClientEventBlocksReceived (DealStatusOngoing)
> Recv: 22.08 MiB, Paid 0.000000000044209534 FIL, ClientEventBlocksReceived (DealStatusOngoing)
> Recv: 22.33 MiB, Paid 0.000000000044209534 FIL, ClientEventBlocksReceived (DealStatusOngoing)
> Recv: 22.58 MiB, Paid 0.000000000044209534 FIL, ClientEventBlocksReceived (DealStatusOngoing)
> Recv: 22.83 MiB, Paid 0.000000000044209534 FIL, ClientEventBlocksReceived (DealStatusOngoing)
> Recv: 23.08 MiB, Paid 0.000000000044209534 FIL, ClientEventBlocksReceived (DealStatusOngoing)
> Recv: 23.33 MiB, Paid 0.000000000044209534 FIL, ClientEventBlocksReceived (DealStatusOngoing)
> Recv: 23.58 MiB, Paid 0.000000000044209534 FIL, ClientEventBlocksReceived (DealStatusOngoing)
> Recv: 23.83 MiB, Paid 0.000000000044209534 FIL, ClientEventBlocksReceived (DealStatusOngoing)
> Recv: 23.85 MiB, Paid 0.000000000044209534 FIL, ClientEventBlocksReceived (DealStatusOngoing)
> Recv: 23.85 MiB, Paid 0.000000000044209534 FIL, ClientEventBlocksReceived (DealStatusOngoing)
> Recv: 24.1 MiB, Paid 0.000000000044209534 FIL, ClientEventBlocksReceived (DealStatusOngoing)
> Recv: 24.35 MiB, Paid 0.000000000044209534 FIL, ClientEventBlocksReceived (DealStatusOngoing)
> Recv: 24.6 MiB, Paid 0.000000000044209534 FIL, ClientEventBlocksReceived (DealStatusOngoing)
> Recv: 24.85 MiB, Paid 0.000000000044209534 FIL, ClientEventBlocksReceived (DealStatusOngoing)
> Recv: 25.1 MiB, Paid 0.000000000044209534 FIL, ClientEventBlocksReceived (DealStatusOngoing)
> Recv: 25.35 MiB, Paid 0.000000000044209534 FIL, ClientEventBlocksReceived (DealStatusOngoing)
> Recv: 25.6 MiB, Paid 0.000000000044209534 FIL, ClientEventBlocksReceived (DealStatusOngoing)
> Recv: 25.85 MiB, Paid 0.000000000044209534 FIL, ClientEventBlocksReceived (DealStatusOngoing)
> Recv: 26.1 MiB, Paid 0.000000000044209534 FIL, ClientEventBlocksReceived (DealStatusOngoing)
> Recv: 26.35 MiB, Paid 0.000000000044209534 FIL, ClientEventBlocksReceived (DealStatusOngoing)
> Recv: 26.6 MiB, Paid 0.000000000044209534 FIL, ClientEventBlocksReceived (DealStatusOngoing)
> Recv: 26.85 MiB, Paid 0.000000000044209534 FIL, ClientEventBlocksReceived (DealStatusOngoing)
> Recv: 27.1 MiB, Paid 0.000000000044209534 FIL, ClientEventBlocksReceived (DealStatusOngoing)
> Recv: 27.35 MiB, Paid 0.000000000044209534 FIL, ClientEventBlocksReceived (DealStatusOngoing)
> Recv: 27.6 MiB, Paid 0.000000000044209534 FIL, ClientEventBlocksReceived (DealStatusOngoing)
> Recv: 27.85 MiB, Paid 0.000000000044209534 FIL, ClientEventBlocksReceived (DealStatusOngoing)
> Recv: 27.85 MiB, Paid 0.000000000044209534 FIL, ClientEventPaymentRequested (DealStatusFundsNeeded)
> Recv: 28.1 MiB, Paid 0.000000000044209534 FIL, ClientEventBlocksReceived (DealStatusFundsNeeded)
> Recv: 28.1 MiB, Paid 0.000000000044209534 FIL, ClientEventSendFunds (DealStatusSendFunds)
> Recv: 28.1 MiB, Paid 0.000000000058930876 FIL, ClientEventPaymentSent (DealStatusOngoing)
> Recv: 28.35 MiB, Paid 0.000000000058930876 FIL, ClientEventBlocksReceived (DealStatusOngoing)
> Recv: 28.6 MiB, Paid 0.000000000058930876 FIL, ClientEventBlocksReceived (DealStatusOngoing)
> Recv: 28.62 MiB, Paid 0.000000000058930876 FIL, ClientEventBlocksReceived (DealStatusOngoing)
> Recv: 28.62 MiB, Paid 0.000000000058930876 FIL, ClientEventBlocksReceived (DealStatusOngoing)
> Recv: 28.87 MiB, Paid 0.000000000058930876 FIL, ClientEventBlocksReceived (DealStatusOngoing)
> Recv: 29.12 MiB, Paid 0.000000000058930876 FIL, ClientEventBlocksReceived (DealStatusOngoing)
> Recv: 29.37 MiB, Paid 0.000000000058930876 FIL, ClientEventBlocksReceived (DealStatusOngoing)
> Recv: 29.62 MiB, Paid 0.000000000058930876 FIL, ClientEventBlocksReceived (DealStatusOngoing)
> Recv: 29.87 MiB, Paid 0.000000000058930876 FIL, ClientEventBlocksReceived (DealStatusOngoing)
> Recv: 30.12 MiB, Paid 0.000000000058930876 FIL, ClientEventBlocksReceived (DealStatusOngoing)
> Recv: 30.37 MiB, Paid 0.000000000058930876 FIL, ClientEventBlocksReceived (DealStatusOngoing)
> Recv: 30.62 MiB, Paid 0.000000000058930876 FIL, ClientEventBlocksReceived (DealStatusOngoing)
> Recv: 30.87 MiB, Paid 0.000000000058930876 FIL, ClientEventBlocksReceived (DealStatusOngoing)
> Recv: 31.12 MiB, Paid 0.000000000058930876 FIL, ClientEventBlocksReceived (DealStatusOngoing)
> Recv: 31.37 MiB, Paid 0.000000000058930876 FIL, ClientEventBlocksReceived (DealStatusOngoing)
> Recv: 31.62 MiB, Paid 0.000000000058930876 FIL, ClientEventBlocksReceived (DealStatusOngoing)
> Recv: 31.87 MiB, Paid 0.000000000058930876 FIL, ClientEventBlocksReceived (DealStatusOngoing)
> Recv: 32.12 MiB, Paid 0.000000000058930876 FIL, ClientEventBlocksReceived (DealStatusOngoing)
> Recv: 32.37 MiB, Paid 0.000000000058930876 FIL, ClientEventBlocksReceived (DealStatusOngoing)
> Recv: 32.62 MiB, Paid 0.000000000058930876 FIL, ClientEventBlocksReceived (DealStatusOngoing)
> Recv: 32.87 MiB, Paid 0.000000000058930876 FIL, ClientEventBlocksReceived (DealStatusOngoing)
> Recv: 33.12 MiB, Paid 0.000000000058930876 FIL, ClientEventBlocksReceived (DealStatusOngoing)
> Recv: 33.37 MiB, Paid 0.000000000058930876 FIL, ClientEventBlocksReceived (DealStatusOngoing)
> Recv: 33.39 MiB, Paid 0.000000000058930876 FIL, ClientEventBlocksReceived (DealStatusOngoing)
> Recv: 33.39 MiB, Paid 0.000000000058930876 FIL, ClientEventBlocksReceived (DealStatusOngoing)
> Recv: 33.64 MiB, Paid 0.000000000058930876 FIL, ClientEventBlocksReceived (DealStatusOngoing)
> Recv: 33.89 MiB, Paid 0.000000000058930876 FIL, ClientEventBlocksReceived (DealStatusOngoing)
> Recv: 34.14 MiB, Paid 0.000000000058930876 FIL, ClientEventBlocksReceived (DealStatusOngoing)
> Recv: 34.39 MiB, Paid 0.000000000058930876 FIL, ClientEventBlocksReceived (DealStatusOngoing)
> Recv: 34.64 MiB, Paid 0.000000000058930876 FIL, ClientEventBlocksReceived (DealStatusOngoing)
> Recv: 34.89 MiB, Paid 0.000000000058930876 FIL, ClientEventBlocksReceived (DealStatusOngoing)
> Recv: 35.14 MiB, Paid 0.000000000058930876 FIL, ClientEventBlocksReceived (DealStatusOngoing)
> Recv: 35.39 MiB, Paid 0.000000000058930876 FIL, ClientEventBlocksReceived (DealStatusOngoing)
> Recv: 35.64 MiB, Paid 0.000000000058930876 FIL, ClientEventBlocksReceived (DealStatusOngoing)
> Recv: 35.89 MiB, Paid 0.000000000058930876 FIL, ClientEventBlocksReceived (DealStatusOngoing)
> Recv: 35.89 MiB, Paid 0.000000000058930876 FIL, ClientEventPaymentRequested (DealStatusFundsNeeded)
> Recv: 36.14 MiB, Paid 0.000000000058930876 FIL, ClientEventBlocksReceived (DealStatusFundsNeeded)
> Recv: 36.14 MiB, Paid 0.000000000058930876 FIL, ClientEventSendFunds (DealStatusSendFunds)
> Recv: 36.14 MiB, Paid 0.000000000075789688 FIL, ClientEventPaymentSent (DealStatusOngoing)
> Recv: 36.39 MiB, Paid 0.000000000075789688 FIL, ClientEventBlocksReceived (DealStatusOngoing)
> Recv: 36.64 MiB, Paid 0.000000000075789688 FIL, ClientEventBlocksReceived (DealStatusOngoing)
> Recv: 36.89 MiB, Paid 0.000000000075789688 FIL, ClientEventBlocksReceived (DealStatusOngoing)
> Recv: 37.14 MiB, Paid 0.000000000075789688 FIL, ClientEventBlocksReceived (DealStatusOngoing)
> Recv: 37.39 MiB, Paid 0.000000000075789688 FIL, ClientEventBlocksReceived (DealStatusOngoing)
> Recv: 37.43 MiB, Paid 0.000000000075789688 FIL, ClientEventBlocksReceived (DealStatusOngoing)
> Recv: 37.44 MiB, Paid 0.000000000075789688 FIL, ClientEventBlocksReceived (DealStatusOngoing)
> Recv: 37.69 MiB, Paid 0.000000000075789688 FIL, ClientEventBlocksReceived (DealStatusOngoing)
> Recv: 37.94 MiB, Paid 0.000000000075789688 FIL, ClientEventBlocksReceived (DealStatusOngoing)
> Recv: 38.19 MiB, Paid 0.000000000075789688 FIL, ClientEventBlocksReceived (DealStatusOngoing)
> Recv: 38.44 MiB, Paid 0.000000000075789688 FIL, ClientEventBlocksReceived (DealStatusOngoing)
> Recv: 38.69 MiB, Paid 0.000000000075789688 FIL, ClientEventBlocksReceived (DealStatusOngoing)
> Recv: 38.94 MiB, Paid 0.000000000075789688 FIL, ClientEventBlocksReceived (DealStatusOngoing)
> Recv: 39.19 MiB, Paid 0.000000000075789688 FIL, ClientEventBlocksReceived (DealStatusOngoing)
> Recv: 39.44 MiB, Paid 0.000000000075789688 FIL, ClientEventBlocksReceived (DealStatusOngoing)
> Recv: 39.69 MiB, Paid 0.000000000075789688 FIL, ClientEventBlocksReceived (DealStatusOngoing)
> Recv: 39.94 MiB, Paid 0.000000000075789688 FIL, ClientEventBlocksReceived (DealStatusOngoing)
> Recv: 40.19 MiB, Paid 0.000000000075789688 FIL, ClientEventBlocksReceived (DealStatusOngoing)
> Recv: 40.44 MiB, Paid 0.000000000075789688 FIL, ClientEventBlocksReceived (DealStatusOngoing)
> Recv: 40.69 MiB, Paid 0.000000000075789688 FIL, ClientEventBlocksReceived (DealStatusOngoing)
> Recv: 40.94 MiB, Paid 0.000000000075789688 FIL, ClientEventBlocksReceived (DealStatusOngoing)
> Recv: 41.19 MiB, Paid 0.000000000075789688 FIL, ClientEventBlocksReceived (DealStatusOngoing)
> Recv: 41.44 MiB, Paid 0.000000000075789688 FIL, ClientEventBlocksReceived (DealStatusOngoing)
> Recv: 41.69 MiB, Paid 0.000000000075789688 FIL, ClientEventBlocksReceived (DealStatusOngoing)
> Recv: 41.94 MiB, Paid 0.000000000075789688 FIL, ClientEventBlocksReceived (DealStatusOngoing)
> Recv: 42.19 MiB, Paid 0.000000000075789688 FIL, ClientEventBlocksReceived (DealStatusOngoing)
> Recv: 42.2 MiB, Paid 0.000000000075789688 FIL, ClientEventBlocksReceived (DealStatusOngoing)
> Recv: 42.2 MiB, Paid 0.000000000075789688 FIL, ClientEventBlocksReceived (DealStatusOngoing)
> Recv: 42.45 MiB, Paid 0.000000000075789688 FIL, ClientEventBlocksReceived (DealStatusOngoing)
> Recv: 42.7 MiB, Paid 0.000000000075789688 FIL, ClientEventBlocksReceived (DealStatusOngoing)
> Recv: 42.95 MiB, Paid 0.000000000075789688 FIL, ClientEventBlocksReceived (DealStatusOngoing)
> Recv: 43.2 MiB, Paid 0.000000000075789688 FIL, ClientEventBlocksReceived (DealStatusOngoing)
> Recv: 43.45 MiB, Paid 0.000000000075789688 FIL, ClientEventBlocksReceived (DealStatusOngoing)
> Recv: 43.7 MiB, Paid 0.000000000075789688 FIL, ClientEventBlocksReceived (DealStatusOngoing)
> Recv: 43.95 MiB, Paid 0.000000000075789688 FIL, ClientEventBlocksReceived (DealStatusOngoing)
> Recv: 44.2 MiB, Paid 0.000000000075789688 FIL, ClientEventBlocksReceived (DealStatusOngoing)
> Recv: 44.45 MiB, Paid 0.000000000075789688 FIL, ClientEventBlocksReceived (DealStatusOngoing)
> Recv: 44.7 MiB, Paid 0.000000000075789688 FIL, ClientEventBlocksReceived (DealStatusOngoing)
> Recv: 44.95 MiB, Paid 0.000000000075789688 FIL, ClientEventBlocksReceived (DealStatusOngoing)
> Recv: 44.95 MiB, Paid 0.000000000075789688 FIL, ClientEventPaymentRequested (DealStatusFundsNeeded)
> Recv: 45.2 MiB, Paid 0.000000000075789688 FIL, ClientEventBlocksReceived (DealStatusFundsNeeded)
> Recv: 45.2 MiB, Paid 0.000000000075789688 FIL, ClientEventSendFunds (DealStatusSendFunds)
> Recv: 45.2 MiB, Paid 0.00000000009480122 FIL, ClientEventPaymentSent (DealStatusOngoing)
ERROR: retrieval timed out

Command exited with non-zero status 124
0.27user 0.13system 22:00.00elapsed 0%CPU (0avgtext+0avgdata 43104maxresident)k
0inputs+0outputs (0major+3982minor)pagefaults 0swaps
