> Recv: 0 B, Paid 0 FIL, ClientEventOpen (DealStatusNew)
> Recv: 0 B, Paid 0 FIL, ClientEventDealProposed (DealStatusWaitForAcceptance)
> Recv: 0 B, Paid 0 FIL, ClientEventDealAccepted (DealStatusAccepted)
> Recv: 0 B, Paid 0 FIL, ClientEventPaymentChannelAddingFunds (DealStatusPaymentChannelAllocatingLane)
> Recv: 0 B, Paid 0 FIL, ClientEventLaneAllocated (DealStatusOngoing)
> Recv: 1.502 KiB, Paid 0 FIL, ClientEventBlocksReceived (DealStatusOngoing)
> Recv: 2.448 KiB, Paid 0 FIL, ClientEventBlocksReceived (DealStatusOngoing)
> Recv: 258.5 KiB, Paid 0 FIL, ClientEventBlocksReceived (DealStatusOngoing)
> Recv: 514.5 KiB, Paid 0 FIL, ClientEventBlocksReceived (DealStatusOngoing)
> Recv: 770.5 KiB, Paid 0 FIL, ClientEventBlocksReceived (DealStatusOngoing)
> Recv: 770.5 KiB, Paid 0 FIL, ClientEventPaymentRequested (DealStatusFundsNeeded)
> Recv: 1.002 MiB, Paid 0 FIL, ClientEventBlocksReceived (DealStatusFundsNeeded)
> Recv: 1.002 MiB, Paid 0 FIL, ClientEventSendFunds (DealStatusSendFunds)
> Recv: 1.002 MiB, Paid 0.000000000002102278 FIL, ClientEventPaymentSent (DealStatusOngoing)
> Recv: 1.252 MiB, Paid 0.000000000002102278 FIL, ClientEventBlocksReceived (DealStatusOngoing)
> Recv: 1.502 MiB, Paid 0.000000000002102278 FIL, ClientEventBlocksReceived (DealStatusOngoing)
> Recv: 1.752 MiB, Paid 0.000000000002102278 FIL, ClientEventBlocksReceived (DealStatusOngoing)
> Recv: 2.002 MiB, Paid 0.000000000002102278 FIL, ClientEventBlocksReceived (DealStatusOngoing)
> Recv: 2.253 MiB, Paid 0.000000000002102278 FIL, ClientEventBlocksReceived (DealStatusOngoing)
ERROR: retrieval timed out

Command exited with non-zero status 124
1.06user 0.13system 22:00.01elapsed 0%CPU (0avgtext+0avgdata 65588maxresident)k
0inputs+0outputs (0major+9644minor)pagefaults 0swaps
