1234
eyJhbGciOiJIUzI1NiIsInR5cCI6IkpXVCJ9.eyJBbGxvdyI6WyJyZWFkIiwid3JpdGUiLCJzaWduIiwiYWRtaW4iXX0.Z7UTp2uTZPGK6TkIZwnxG5R-Ql3wjtEZdZaHgLHkRYo
Loading deals f020718
f020718 1 wiki.01
f020718 2 wiki.02
f020718 3 wiki.03
f020718 4 wiki.04
f020718 5 wiki.05
f020718 6 wiki.06
f020718 7 wiki.07
f020718 8 wiki.08
f020718 9 wiki.09
f020718 10 wiki.10
f020718 11 wiki.11
f020718 12 wiki.12
f020718 13 wiki.13
f020718 14 wiki.14
f020718 15 wiki.15
f020718 16 wiki.16
f020718 17 wiki.17
f020718 18 wiki.18
f020718 19 wiki.19
f020718 20 wiki.20
f020718 21 wiki.21
f020718 22 wiki.22
f020718 23 wiki.23
f020718 24 wiki.24
f020718 25 wiki.25
f020718 26 wiki.26
f020718 27 wiki.27
Loading deals f021682
f021682 1 wiki.01
f021682 2 wiki.02
f021682 3 wiki.03
f021682 4 wiki.04
f021682 5 wiki.05
f021682 6 wiki.06
f021682 7 wiki.07
f021682 8 wiki.08
f021682 9 wiki.09
f021682 10 wiki.10
f021682 11 wiki.11
f021682 12 wiki.12
f021682 13 wiki.13
f021682 14 wiki.14
f021682 15 wiki.15
f021682 16 wiki.16
f021682 17 wiki.17
f021682 18 wiki.18
f021682 19 wiki.19
f021682 20 wiki.20
f021682 21 wiki.21
f021682 22 wiki.22
f021682 23 wiki.23
f021682 24 wiki.24
f021682 25 wiki.25
f021682 26 wiki.26
f021682 27 wiki.27
Loading deals f053436
f053436 1 wiki.01
f053436 2 wiki.02
f053436 3 wiki.03
f053436 4 wiki.04
f053436 5 wiki.05
f053436 6 wiki.06
f053436 7 wiki.07
f053436 8 wiki.08
f053436 9 wiki.09
f053436 10 wiki.10
f053436 11 wiki.11
f053436 12 wiki.12
f053436 13 wiki.13
f053436 14 wiki.14
f053436 15 wiki.15
f053436 16 wiki.16
f053436 17 wiki.17
f053436 18 wiki.18
f053436 19 wiki.19
f053436 20 wiki.20
f053436 21 wiki.21
f053436 22 wiki.22
f053436 23 wiki.23
f053436 24 wiki.24
f053436 25 wiki.25
f053436 26 wiki.26
f053436 27 wiki.27
1 wiki.14
f021870-890193 f023858-890906 f05664-939461 f053916-955829 f01291-955973 f03488-956976 f08240-1044854 f024015-1044965 f09693-1213194 f010247-1213322 f015877-1213372 f014409-1213435 f054370-1213516 f020928-1273525 f058369-1273556 f025017-1279549 f08103-1279641 f024969-539761 f024081-604430 f03302-639977 f029401-708048 f022142-712346 f08403-713599 f018784-739720
Already have log for f021870 890193 QmXsNcWv4YhjpoGRBnPhR2Bd1gjDAHNyhtGddmJFWSkgdD
Already have log for f023858 890906 QmXsNcWv4YhjpoGRBnPhR2Bd1gjDAHNyhtGddmJFWSkgdD
Already have log for f05664 939461 QmXsNcWv4YhjpoGRBnPhR2Bd1gjDAHNyhtGddmJFWSkgdD
Already have log for f053916 955829 QmXsNcWv4YhjpoGRBnPhR2Bd1gjDAHNyhtGddmJFWSkgdD
Already have log for f01291 955973 QmXsNcWv4YhjpoGRBnPhR2Bd1gjDAHNyhtGddmJFWSkgdD
Already have log for f03488 956976 QmXsNcWv4YhjpoGRBnPhR2Bd1gjDAHNyhtGddmJFWSkgdD
Already have log for f08240 1044854 QmXsNcWv4YhjpoGRBnPhR2Bd1gjDAHNyhtGddmJFWSkgdD
Retrieving f024015 1044965 QmXsNcWv4YhjpoGRBnPhR2Bd1gjDAHNyhtGddmJFWSkgdD
  % Total    % Received % Xferd  Average Speed   Time    Time     Time  Current
                                 Dload  Upload   Total   Spent    Left  Speed
  0     0    0     0    0     0      0      0 --:--:-- --:--:-- --:--:--     0100   527  100   366  100   161   1099    483 --:--:-- --:--:-- --:--:--  1582
{"jsonrpc":"2.0","result":{"Err":"","Root":{"/":"QmXsNcWv4YhjpoGRBnPhR2Bd1gjDAHNyhtGddmJFWSkgdD"},"Piece":null,"Size":134217728,"MinPrice":"268435456","UnsealPrice":"0","PaymentInterval":1048576,"PaymentIntervalIncrease":1048576,"Miner":"f023829","MinerPeer":{"Address":"f024015","ID":"12D3KooWFhCpWBkkd495L5u7mHc3cDjThHeixTQ3kgAGK7YyajZb","PieceCID":null}},"id":1}
> Recv: 0 B, Paid 0 FIL, ClientEventOpen (DealStatusNew)
> Recv: 0 B, Paid 0 FIL, ClientEventDealProposed (DealStatusWaitForAcceptance)
