1234
eyJhbGciOiJIUzI1NiIsInR5cCI6IkpXVCJ9.eyJBbGxvdyI6WyJyZWFkIiwid3JpdGUiLCJzaWduIiwiYWRtaW4iXX0.Z7UTp2uTZPGK6TkIZwnxG5R-Ql3wjtEZdZaHgLHkRYo
Loading deals f020718
f020718 1 wiki.01
f020718 2 wiki.02
f020718 3 wiki.03
f020718 4 wiki.04
f020718 5 wiki.05
f020718 6 wiki.06
f020718 7 wiki.07
f020718 8 wiki.08
f020718 9 wiki.09
f020718 10 wiki.10
f020718 11 wiki.11
f020718 12 wiki.12
f020718 13 wiki.13
f020718 14 wiki.14
f020718 15 wiki.15
f020718 16 wiki.16
f020718 17 wiki.17
f020718 18 wiki.18
f020718 19 wiki.19
f020718 20 wiki.20
f020718 21 wiki.21
f020718 22 wiki.22
f020718 23 wiki.23
f020718 24 wiki.24
f020718 25 wiki.25
f020718 26 wiki.26
f020718 27 wiki.27
Loading deals f021682
f021682 1 wiki.01
f021682 2 wiki.02
f021682 3 wiki.03
f021682 4 wiki.04
f021682 5 wiki.05
f021682 6 wiki.06
f021682 7 wiki.07
f021682 8 wiki.08
f021682 9 wiki.09
f021682 10 wiki.10
f021682 11 wiki.11
f021682 12 wiki.12
f021682 13 wiki.13
f021682 14 wiki.14
f021682 15 wiki.15
f021682 16 wiki.16
f021682 17 wiki.17
f021682 18 wiki.18
f021682 19 wiki.19
f021682 20 wiki.20
f021682 21 wiki.21
f021682 22 wiki.22
f021682 23 wiki.23
f021682 24 wiki.24
f021682 25 wiki.25
f021682 26 wiki.26
f021682 27 wiki.27
Loading deals f053436
f053436 1 wiki.01
f053436 2 wiki.02
f053436 3 wiki.03
f053436 4 wiki.04
f053436 5 wiki.05
f053436 6 wiki.06
f053436 7 wiki.07
f053436 8 wiki.08
f053436 9 wiki.09
f053436 10 wiki.10
f053436 11 wiki.11
f053436 12 wiki.12
f053436 13 wiki.13
f053436 14 wiki.14
f053436 15 wiki.15
f053436 16 wiki.16
f053436 17 wiki.17
f053436 18 wiki.18
f053436 19 wiki.19
f053436 20 wiki.20
f053436 21 wiki.21
f053436 22 wiki.22
f053436 23 wiki.23
f053436 24 wiki.24
f053436 25 wiki.25
f053436 26 wiki.26
f053436 27 wiki.27
1 wiki.26
f010528-890435 f09693-895646 f024007-937863 f022261-937978 f030335-938061 f019100-955540 f038299-1044662 f03275-1044788 f058374-1044946 f08285-1045171 f053916-1213240 f01291-1213400 f048135-1213520 f055132-1227382 f023843-1273456 f022308-1279502 f010498-1279594 f022522-1279667 f071624-1287307 f022853-1327919 f01289-1327952 f024084-604369 f02401-637974 f022922-639958 f019118-799250 f039873-799902 f02622-801056
Already have log for f010528 890435 QmdkKZb4XD6hNN1EwQXUVBzZQdxPvcprQ1GUJjQSjPBN7M
Already have log for f09693 895646 QmdkKZb4XD6hNN1EwQXUVBzZQdxPvcprQ1GUJjQSjPBN7M
Already have log for f024007 937863 QmdkKZb4XD6hNN1EwQXUVBzZQdxPvcprQ1GUJjQSjPBN7M
Already have log for f022261 937978 QmdkKZb4XD6hNN1EwQXUVBzZQdxPvcprQ1GUJjQSjPBN7M
Already have log for f030335 938061 QmdkKZb4XD6hNN1EwQXUVBzZQdxPvcprQ1GUJjQSjPBN7M
Already have log for f019100 955540 QmdkKZb4XD6hNN1EwQXUVBzZQdxPvcprQ1GUJjQSjPBN7M
Already have log for f038299 1044662 QmdkKZb4XD6hNN1EwQXUVBzZQdxPvcprQ1GUJjQSjPBN7M
Already have log for f03275 1044788 QmdkKZb4XD6hNN1EwQXUVBzZQdxPvcprQ1GUJjQSjPBN7M
Already have log for f058374 1044946 QmdkKZb4XD6hNN1EwQXUVBzZQdxPvcprQ1GUJjQSjPBN7M
Already have log for f08285 1045171 QmdkKZb4XD6hNN1EwQXUVBzZQdxPvcprQ1GUJjQSjPBN7M
Already have log for f053916 1213240 QmdkKZb4XD6hNN1EwQXUVBzZQdxPvcprQ1GUJjQSjPBN7M
Already have log for f01291 1213400 QmdkKZb4XD6hNN1EwQXUVBzZQdxPvcprQ1GUJjQSjPBN7M
Retrieving f048135 1213520 QmdkKZb4XD6hNN1EwQXUVBzZQdxPvcprQ1GUJjQSjPBN7M
  % Total    % Received % Xferd  Average Speed   Time    Time     Time  Current
                                 Dload  Upload   Total   Spent    Left  Speed
  0     0    0     0    0     0      0      0 --:--:-- --:--:-- --:--:--     0100   527  100   366  100   161    605    266 --:--:-- --:--:-- --:--:--   872
{"jsonrpc":"2.0","result":{"Err":"","Root":{"/":"QmdkKZb4XD6hNN1EwQXUVBzZQdxPvcprQ1GUJjQSjPBN7M"},"Piece":null,"Size":134217728,"MinPrice":"268435456","UnsealPrice":"0","PaymentInterval":1048576,"PaymentIntervalIncrease":1048576,"Miner":"f048133","MinerPeer":{"Address":"f048135","ID":"12D3KooWL4btPzxAcPjaJ3KRkieLfTtyCC72cq4UTNFGkrm9LnFa","PieceCID":null}},"id":1}
> Recv: 0 B, Paid 0 FIL, ClientEventOpen (DealStatusNew)
> Recv: 0 B, Paid 0 FIL, ClientEventDealProposed (DealStatusWaitForAcceptance)
> Recv: 0 B, Paid 0 FIL, ClientEventDealAccepted (DealStatusAccepted)
> Recv: 0 B, Paid 0 FIL, ClientEventPaymentChannelCreateInitiated (DealStatusPaymentChannelCreating)
> Recv: 1.502 KiB, Paid 0 FIL, ClientEventBlocksReceived (DealStatusPaymentChannelCreating)
> Recv: 2.308 KiB, Paid 0 FIL, ClientEventBlocksReceived (DealStatusPaymentChannelCreating)
> Recv: 258.3 KiB, Paid 0 FIL, ClientEventBlocksReceived (DealStatusPaymentChannelCreating)
> Recv: 514.3 KiB, Paid 0 FIL, ClientEventBlocksReceived (DealStatusPaymentChannelCreating)
2020-11-18T00:11:00.542Z	[34mINFO[0m	rpc	go-jsonrpc@v0.1.2-0.20201008195726-68c6a2704e49/client.go:346	rpc output message buffer	{"n": 2}
2020-11-18T00:11:00.542Z	[34mINFO[0m	rpc	go-jsonrpc@v0.1.2-0.20201008195726-68c6a2704e49/client.go:346	rpc output message buffer	{"n": 3}
> Recv: 770.3 KiB, Paid 0 FIL, ClientEventBlocksReceived (DealStatusPaymentChannelCreating)
> Recv: 770.3 KiB, Paid 0 FIL, ClientEventPaymentRequested (DealStatusPaymentChannelCreating)
> Recv: 1.002 MiB, Paid 0 FIL, ClientEventBlocksReceived (DealStatusPaymentChannelCreating)
> Recv: 1.002 MiB, Paid 0 FIL, ClientEventPaymentChannelReady (DealStatusPaymentChannelAllocatingLane)
> Recv: 1.002 MiB, Paid 0 FIL, ClientEventLaneAllocated (DealStatusOngoing)
> Recv: 1.002 MiB, Paid 0 FIL, ClientEventPaymentRequested (DealStatusFundsNeeded)
> Recv: 1.002 MiB, Paid 0 FIL, ClientEventSendFunds (DealStatusSendFunds)
> Recv: 1.002 MiB, Paid 0.00000000000210199 FIL, ClientEventPaymentSent (DealStatusOngoing)
> Recv: 1.252 MiB, Paid 0.00000000000210199 FIL, ClientEventBlocksReceived (DealStatusOngoing)
> Recv: 1.502 MiB, Paid 0.00000000000210199 FIL, ClientEventBlocksReceived (DealStatusOngoing)
> Recv: 1.752 MiB, Paid 0.00000000000210199 FIL, ClientEventBlocksReceived (DealStatusOngoing)
> Recv: 2.002 MiB, Paid 0.00000000000210199 FIL, ClientEventBlocksReceived (DealStatusOngoing)
> Recv: 2.252 MiB, Paid 0.00000000000210199 FIL, ClientEventBlocksReceived (DealStatusOngoing)
> Recv: 2.502 MiB, Paid 0.00000000000210199 FIL, ClientEventBlocksReceived (DealStatusOngoing)
> Recv: 2.752 MiB, Paid 0.00000000000210199 FIL, ClientEventBlocksReceived (DealStatusOngoing)
> Recv: 2.752 MiB, Paid 0.00000000000210199 FIL, ClientEventPaymentRequested (DealStatusFundsNeeded)
> Recv: 3.002 MiB, Paid 0.00000000000210199 FIL, ClientEventBlocksReceived (DealStatusFundsNeeded)
> Recv: 3.002 MiB, Paid 0.00000000000210199 FIL, ClientEventSendFunds (DealStatusSendFunds)
> Recv: 3.002 MiB, Paid 0.000000000006296518 FIL, ClientEventPaymentSent (DealStatusOngoing)
> Recv: 3.252 MiB, Paid 0.000000000006296518 FIL, ClientEventBlocksReceived (DealStatusOngoing)
> Recv: 3.502 MiB, Paid 0.000000000006296518 FIL, ClientEventBlocksReceived (DealStatusOngoing)
> Recv: 3.752 MiB, Paid 0.000000000006296518 FIL, ClientEventBlocksReceived (DealStatusOngoing)
> Recv: 4.002 MiB, Paid 0.000000000006296518 FIL, ClientEventBlocksReceived (DealStatusOngoing)
> Recv: 4.047 MiB, Paid 0.000000000006296518 FIL, ClientEventBlocksReceived (DealStatusOngoing)
> Recv: 4.048 MiB, Paid 0.000000000006296518 FIL, ClientEventBlocksReceived (DealStatusOngoing)
> Recv: 4.298 MiB, Paid 0.000000000006296518 FIL, ClientEventBlocksReceived (DealStatusOngoing)
> Recv: 4.548 MiB, Paid 0.000000000006296518 FIL, ClientEventBlocksReceived (DealStatusOngoing)
> Recv: 4.798 MiB, Paid 0.000000000006296518 FIL, ClientEventBlocksReceived (DealStatusOngoing)
> Recv: 5.048 MiB, Paid 0.000000000006296518 FIL, ClientEventBlocksReceived (DealStatusOngoing)
> Recv: 5.298 MiB, Paid 0.000000000006296518 FIL, ClientEventBlocksReceived (DealStatusOngoing)
> Recv: 5.548 MiB, Paid 0.000000000006296518 FIL, ClientEventBlocksReceived (DealStatusOngoing)
> Recv: 5.798 MiB, Paid 0.000000000006296518 FIL, ClientEventBlocksReceived (DealStatusOngoing)
> Recv: 5.798 MiB, Paid 0.000000000006296518 FIL, ClientEventPaymentRequested (DealStatusFundsNeeded)
> Recv: 6.048 MiB, Paid 0.000000000006296518 FIL, ClientEventBlocksReceived (DealStatusFundsNeeded)
> Recv: 6.048 MiB, Paid 0.000000000006296518 FIL, ClientEventSendFunds (DealStatusSendFunds)
> Recv: 6.048 MiB, Paid 0.000000000012683972 FIL, ClientEventPaymentSent (DealStatusOngoing)
> Recv: 6.298 MiB, Paid 0.000000000012683972 FIL, ClientEventBlocksReceived (DealStatusOngoing)
> Recv: 6.548 MiB, Paid 0.000000000012683972 FIL, ClientEventBlocksReceived (DealStatusOngoing)
> Recv: 6.798 MiB, Paid 0.000000000012683972 FIL, ClientEventBlocksReceived (DealStatusOngoing)
> Recv: 7.048 MiB, Paid 0.000000000012683972 FIL, ClientEventBlocksReceived (DealStatusOngoing)
> Recv: 7.298 MiB, Paid 0.000000000012683972 FIL, ClientEventBlocksReceived (DealStatusOngoing)
> Recv: 7.548 MiB, Paid 0.000000000012683972 FIL, ClientEventBlocksReceived (DealStatusOngoing)
> Recv: 7.798 MiB, Paid 0.000000000012683972 FIL, ClientEventBlocksReceived (DealStatusOngoing)
> Recv: 8.048 MiB, Paid 0.000000000012683972 FIL, ClientEventBlocksReceived (DealStatusOngoing)
> Recv: 8.298 MiB, Paid 0.000000000012683972 FIL, ClientEventBlocksReceived (DealStatusOngoing)
> Recv: 8.548 MiB, Paid 0.000000000012683972 FIL, ClientEventBlocksReceived (DealStatusOngoing)
> Recv: 8.798 MiB, Paid 0.000000000012683972 FIL, ClientEventBlocksReceived (DealStatusOngoing)
> Recv: 8.817 MiB, Paid 0.000000000012683972 FIL, ClientEventBlocksReceived (DealStatusOngoing)
> Recv: 8.818 MiB, Paid 0.000000000012683972 FIL, ClientEventBlocksReceived (DealStatusOngoing)
> Recv: 9.068 MiB, Paid 0.000000000012683972 FIL, ClientEventBlocksReceived (DealStatusOngoing)
> Recv: 9.318 MiB, Paid 0.000000000012683972 FIL, ClientEventBlocksReceived (DealStatusOngoing)
> Recv: 9.568 MiB, Paid 0.000000000012683972 FIL, ClientEventBlocksReceived (DealStatusOngoing)
> Recv: 9.568 MiB, Paid 0.000000000012683972 FIL, ClientEventPaymentRequested (DealStatusFundsNeeded)
> Recv: 9.818 MiB, Paid 0.000000000012683972 FIL, ClientEventBlocksReceived (DealStatusFundsNeeded)
> Recv: 10.07 MiB, Paid 0.000000000012683972 FIL, ClientEventBlocksReceived (DealStatusFundsNeeded)
> Recv: 10.07 MiB, Paid 0.000000000012683972 FIL, ClientEventSendFunds (DealStatusSendFunds)
> Recv: 10.07 MiB, Paid 0.000000000021113522 FIL, ClientEventPaymentSent (DealStatusOngoing)
> Recv: 10.32 MiB, Paid 0.000000000021113522 FIL, ClientEventBlocksReceived (DealStatusOngoing)
> Recv: 10.57 MiB, Paid 0.000000000021113522 FIL, ClientEventBlocksReceived (DealStatusOngoing)
> Recv: 10.82 MiB, Paid 0.000000000021113522 FIL, ClientEventBlocksReceived (DealStatusOngoing)
> Recv: 11.07 MiB, Paid 0.000000000021113522 FIL, ClientEventBlocksReceived (DealStatusOngoing)
> Recv: 11.32 MiB, Paid 0.000000000021113522 FIL, ClientEventBlocksReceived (DealStatusOngoing)
> Recv: 11.57 MiB, Paid 0.000000000021113522 FIL, ClientEventBlocksReceived (DealStatusOngoing)
> Recv: 11.82 MiB, Paid 0.000000000021113522 FIL, ClientEventBlocksReceived (DealStatusOngoing)
> Recv: 12.07 MiB, Paid 0.000000000021113522 FIL, ClientEventBlocksReceived (DealStatusOngoing)
> Recv: 12.32 MiB, Paid 0.000000000021113522 FIL, ClientEventBlocksReceived (DealStatusOngoing)
> Recv: 12.57 MiB, Paid 0.000000000021113522 FIL, ClientEventBlocksReceived (DealStatusOngoing)
> Recv: 12.82 MiB, Paid 0.000000000021113522 FIL, ClientEventBlocksReceived (DealStatusOngoing)
> Recv: 13.07 MiB, Paid 0.000000000021113522 FIL, ClientEventBlocksReceived (DealStatusOngoing)
> Recv: 13.32 MiB, Paid 0.000000000021113522 FIL, ClientEventBlocksReceived (DealStatusOngoing)
> Recv: 13.57 MiB, Paid 0.000000000021113522 FIL, ClientEventBlocksReceived (DealStatusOngoing)
> Recv: 13.59 MiB, Paid 0.000000000021113522 FIL, ClientEventBlocksReceived (DealStatusOngoing)
> Recv: 13.59 MiB, Paid 0.000000000021113522 FIL, ClientEventBlocksReceived (DealStatusOngoing)
> Recv: 13.84 MiB, Paid 0.000000000021113522 FIL, ClientEventBlocksReceived (DealStatusOngoing)
> Recv: 14.09 MiB, Paid 0.000000000021113522 FIL, ClientEventBlocksReceived (DealStatusOngoing)
> Recv: 14.34 MiB, Paid 0.000000000021113522 FIL, ClientEventBlocksReceived (DealStatusOngoing)
> Recv: 14.59 MiB, Paid 0.000000000021113522 FIL, ClientEventBlocksReceived (DealStatusOngoing)
> Recv: 14.84 MiB, Paid 0.000000000021113522 FIL, ClientEventBlocksReceived (DealStatusOngoing)
> Recv: 14.84 MiB, Paid 0.000000000021113522 FIL, ClientEventPaymentRequested (DealStatusFundsNeeded)
> Recv: 15.09 MiB, Paid 0.000000000021113522 FIL, ClientEventBlocksReceived (DealStatusFundsNeeded)
> Recv: 15.09 MiB, Paid 0.000000000021113522 FIL, ClientEventSendFunds (DealStatusSendFunds)
> Recv: 15.09 MiB, Paid 0.000000000031640336 FIL, ClientEventPaymentSent (DealStatusOngoing)
> Recv: 15.34 MiB, Paid 0.000000000031640336 FIL, ClientEventBlocksReceived (DealStatusOngoing)
> Recv: 15.59 MiB, Paid 0.000000000031640336 FIL, ClientEventBlocksReceived (DealStatusOngoing)
> Recv: 15.84 MiB, Paid 0.000000000031640336 FIL, ClientEventBlocksReceived (DealStatusOngoing)
> Recv: 16.09 MiB, Paid 0.000000000031640336 FIL, ClientEventBlocksReceived (DealStatusOngoing)
> Recv: 16.34 MiB, Paid 0.000000000031640336 FIL, ClientEventBlocksReceived (DealStatusOngoing)
> Recv: 16.59 MiB, Paid 0.000000000031640336 FIL, ClientEventBlocksReceived (DealStatusOngoing)
> Recv: 16.84 MiB, Paid 0.000000000031640336 FIL, ClientEventBlocksReceived (DealStatusOngoing)
> Recv: 17.09 MiB, Paid 0.000000000031640336 FIL, ClientEventBlocksReceived (DealStatusOngoing)
> Recv: 17.34 MiB, Paid 0.000000000031640336 FIL, ClientEventBlocksReceived (DealStatusOngoing)
> Recv: 17.59 MiB, Paid 0.000000000031640336 FIL, ClientEventBlocksReceived (DealStatusOngoing)
> Recv: 17.84 MiB, Paid 0.000000000031640336 FIL, ClientEventBlocksReceived (DealStatusOngoing)
> Recv: 18.09 MiB, Paid 0.000000000031640336 FIL, ClientEventBlocksReceived (DealStatusOngoing)
> Recv: 18.34 MiB, Paid 0.000000000031640336 FIL, ClientEventBlocksReceived (DealStatusOngoing)
> Recv: 18.36 MiB, Paid 0.000000000031640336 FIL, ClientEventBlocksReceived (DealStatusOngoing)
> Recv: 18.36 MiB, Paid 0.000000000031640336 FIL, ClientEventBlocksReceived (DealStatusOngoing)
> Recv: 18.61 MiB, Paid 0.000000000031640336 FIL, ClientEventBlocksReceived (DealStatusOngoing)
> Recv: 18.86 MiB, Paid 0.000000000031640336 FIL, ClientEventBlocksReceived (DealStatusOngoing)
> Recv: 19.11 MiB, Paid 0.000000000031640336 FIL, ClientEventBlocksReceived (DealStatusOngoing)
> Recv: 19.36 MiB, Paid 0.000000000031640336 FIL, ClientEventBlocksReceived (DealStatusOngoing)
> Recv: 19.61 MiB, Paid 0.000000000031640336 FIL, ClientEventBlocksReceived (DealStatusOngoing)
> Recv: 19.86 MiB, Paid 0.000000000031640336 FIL, ClientEventBlocksReceived (DealStatusOngoing)
> Recv: 20.11 MiB, Paid 0.000000000031640336 FIL, ClientEventBlocksReceived (DealStatusOngoing)
> Recv: 20.36 MiB, Paid 0.000000000031640336 FIL, ClientEventBlocksReceived (DealStatusOngoing)
> Recv: 20.61 MiB, Paid 0.000000000031640336 FIL, ClientEventBlocksReceived (DealStatusOngoing)
> Recv: 20.86 MiB, Paid 0.000000000031640336 FIL, ClientEventBlocksReceived (DealStatusOngoing)
> Recv: 20.86 MiB, Paid 0.000000000031640336 FIL, ClientEventPaymentRequested (DealStatusFundsNeeded)
> Recv: 21.11 MiB, Paid 0.000000000031640336 FIL, ClientEventBlocksReceived (DealStatusFundsNeeded)
> Recv: 21.11 MiB, Paid 0.000000000031640336 FIL, ClientEventSendFunds (DealStatusSendFunds)
> Recv: 21.11 MiB, Paid 0.000000000044264414 FIL, ClientEventPaymentSent (DealStatusOngoing)
> Recv: 21.36 MiB, Paid 0.000000000044264414 FIL, ClientEventBlocksReceived (DealStatusOngoing)
> Recv: 21.61 MiB, Paid 0.000000000044264414 FIL, ClientEventBlocksReceived (DealStatusOngoing)
> Recv: 21.86 MiB, Paid 0.000000000044264414 FIL, ClientEventBlocksReceived (DealStatusOngoing)
> Recv: 22.11 MiB, Paid 0.000000000044264414 FIL, ClientEventBlocksReceived (DealStatusOngoing)
> Recv: 22.36 MiB, Paid 0.000000000044264414 FIL, ClientEventBlocksReceived (DealStatusOngoing)
> Recv: 22.61 MiB, Paid 0.000000000044264414 FIL, ClientEventBlocksReceived (DealStatusOngoing)
> Recv: 22.86 MiB, Paid 0.000000000044264414 FIL, ClientEventBlocksReceived (DealStatusOngoing)
> Recv: 23.11 MiB, Paid 0.000000000044264414 FIL, ClientEventBlocksReceived (DealStatusOngoing)
> Recv: 23.13 MiB, Paid 0.000000000044264414 FIL, ClientEventBlocksReceived (DealStatusOngoing)
> Recv: 23.13 MiB, Paid 0.000000000044264414 FIL, ClientEventBlocksReceived (DealStatusOngoing)
> Recv: 23.38 MiB, Paid 0.000000000044264414 FIL, ClientEventBlocksReceived (DealStatusOngoing)
> Recv: 23.63 MiB, Paid 0.000000000044264414 FIL, ClientEventBlocksReceived (DealStatusOngoing)
> Recv: 23.88 MiB, Paid 0.000000000044264414 FIL, ClientEventBlocksReceived (DealStatusOngoing)
> Recv: 24.13 MiB, Paid 0.000000000044264414 FIL, ClientEventBlocksReceived (DealStatusOngoing)
> Recv: 24.38 MiB, Paid 0.000000000044264414 FIL, ClientEventBlocksReceived (DealStatusOngoing)
> Recv: 24.63 MiB, Paid 0.000000000044264414 FIL, ClientEventBlocksReceived (DealStatusOngoing)
> Recv: 24.88 MiB, Paid 0.000000000044264414 FIL, ClientEventBlocksReceived (DealStatusOngoing)
> Recv: 25.13 MiB, Paid 0.000000000044264414 FIL, ClientEventBlocksReceived (DealStatusOngoing)
> Recv: 25.38 MiB, Paid 0.000000000044264414 FIL, ClientEventBlocksReceived (DealStatusOngoing)
> Recv: 25.63 MiB, Paid 0.000000000044264414 FIL, ClientEventBlocksReceived (DealStatusOngoing)
> Recv: 25.88 MiB, Paid 0.000000000044264414 FIL, ClientEventBlocksReceived (DealStatusOngoing)
> Recv: 26.13 MiB, Paid 0.000000000044264414 FIL, ClientEventBlocksReceived (DealStatusOngoing)
> Recv: 26.38 MiB, Paid 0.000000000044264414 FIL, ClientEventBlocksReceived (DealStatusOngoing)
> Recv: 26.63 MiB, Paid 0.000000000044264414 FIL, ClientEventBlocksReceived (DealStatusOngoing)
> Recv: 26.88 MiB, Paid 0.000000000044264414 FIL, ClientEventBlocksReceived (DealStatusOngoing)
> Recv: 27.13 MiB, Paid 0.000000000044264414 FIL, ClientEventBlocksReceived (DealStatusOngoing)
> Recv: 27.38 MiB, Paid 0.000000000044264414 FIL, ClientEventBlocksReceived (DealStatusOngoing)
> Recv: 27.63 MiB, Paid 0.000000000044264414 FIL, ClientEventBlocksReceived (DealStatusOngoing)
> Recv: 27.88 MiB, Paid 0.000000000044264414 FIL, ClientEventBlocksReceived (DealStatusOngoing)
> Recv: 27.89 MiB, Paid 0.000000000044264414 FIL, ClientEventBlocksReceived (DealStatusOngoing)
> Recv: 27.9 MiB, Paid 0.000000000044264414 FIL, ClientEventBlocksReceived (DealStatusOngoing)
> Recv: 27.9 MiB, Paid 0.000000000044264414 FIL, ClientEventPaymentRequested (DealStatusFundsNeeded)
> Recv: 28.15 MiB, Paid 0.000000000044264414 FIL, ClientEventBlocksReceived (DealStatusFundsNeeded)
> Recv: 28.15 MiB, Paid 0.000000000044264414 FIL, ClientEventSendFunds (DealStatusSendFunds)
> Recv: 28.15 MiB, Paid 0.00000000005902625 FIL, ClientEventPaymentSent (DealStatusOngoing)
> Recv: 28.4 MiB, Paid 0.00000000005902625 FIL, ClientEventBlocksReceived (DealStatusOngoing)
> Recv: 28.65 MiB, Paid 0.00000000005902625 FIL, ClientEventBlocksReceived (DealStatusOngoing)
> Recv: 28.9 MiB, Paid 0.00000000005902625 FIL, ClientEventBlocksReceived (DealStatusOngoing)
> Recv: 29.15 MiB, Paid 0.00000000005902625 FIL, ClientEventBlocksReceived (DealStatusOngoing)
> Recv: 29.4 MiB, Paid 0.00000000005902625 FIL, ClientEventBlocksReceived (DealStatusOngoing)
> Recv: 29.65 MiB, Paid 0.00000000005902625 FIL, ClientEventBlocksReceived (DealStatusOngoing)
> Recv: 29.9 MiB, Paid 0.00000000005902625 FIL, ClientEventBlocksReceived (DealStatusOngoing)
> Recv: 30.15 MiB, Paid 0.00000000005902625 FIL, ClientEventBlocksReceived (DealStatusOngoing)
> Recv: 30.4 MiB, Paid 0.00000000005902625 FIL, ClientEventBlocksReceived (DealStatusOngoing)
> Recv: 30.65 MiB, Paid 0.00000000005902625 FIL, ClientEventBlocksReceived (DealStatusOngoing)
> Recv: 30.9 MiB, Paid 0.00000000005902625 FIL, ClientEventBlocksReceived (DealStatusOngoing)
> Recv: 31.15 MiB, Paid 0.00000000005902625 FIL, ClientEventBlocksReceived (DealStatusOngoing)
> Recv: 31.4 MiB, Paid 0.00000000005902625 FIL, ClientEventBlocksReceived (DealStatusOngoing)
> Recv: 31.65 MiB, Paid 0.00000000005902625 FIL, ClientEventBlocksReceived (DealStatusOngoing)
> Recv: 31.9 MiB, Paid 0.00000000005902625 FIL, ClientEventBlocksReceived (DealStatusOngoing)
> Recv: 32.15 MiB, Paid 0.00000000005902625 FIL, ClientEventBlocksReceived (DealStatusOngoing)
> Recv: 32.4 MiB, Paid 0.00000000005902625 FIL, ClientEventBlocksReceived (DealStatusOngoing)
> Recv: 32.65 MiB, Paid 0.00000000005902625 FIL, ClientEventBlocksReceived (DealStatusOngoing)
> Recv: 32.66 MiB, Paid 0.00000000005902625 FIL, ClientEventBlocksReceived (DealStatusOngoing)
> Recv: 32.67 MiB, Paid 0.00000000005902625 FIL, ClientEventBlocksReceived (DealStatusOngoing)
> Recv: 32.92 MiB, Paid 0.00000000005902625 FIL, ClientEventBlocksReceived (DealStatusOngoing)
> Recv: 33.17 MiB, Paid 0.00000000005902625 FIL, ClientEventBlocksReceived (DealStatusOngoing)
> Recv: 33.42 MiB, Paid 0.00000000005902625 FIL, ClientEventBlocksReceived (DealStatusOngoing)
> Recv: 33.67 MiB, Paid 0.00000000005902625 FIL, ClientEventBlocksReceived (DealStatusOngoing)
> Recv: 33.92 MiB, Paid 0.00000000005902625 FIL, ClientEventBlocksReceived (DealStatusOngoing)
> Recv: 34.17 MiB, Paid 0.00000000005902625 FIL, ClientEventBlocksReceived (DealStatusOngoing)
> Recv: 34.42 MiB, Paid 0.00000000005902625 FIL, ClientEventBlocksReceived (DealStatusOngoing)
> Recv: 34.67 MiB, Paid 0.00000000005902625 FIL, ClientEventBlocksReceived (DealStatusOngoing)
> Recv: 34.92 MiB, Paid 0.00000000005902625 FIL, ClientEventBlocksReceived (DealStatusOngoing)
> Recv: 35.17 MiB, Paid 0.00000000005902625 FIL, ClientEventBlocksReceived (DealStatusOngoing)
> Recv: 35.42 MiB, Paid 0.00000000005902625 FIL, ClientEventBlocksReceived (DealStatusOngoing)
> Recv: 35.67 MiB, Paid 0.00000000005902625 FIL, ClientEventBlocksReceived (DealStatusOngoing)
> Recv: 35.92 MiB, Paid 0.00000000005902625 FIL, ClientEventBlocksReceived (DealStatusOngoing)
> Recv: 35.92 MiB, Paid 0.00000000005902625 FIL, ClientEventPaymentRequested (DealStatusFundsNeeded)
> Recv: 36.17 MiB, Paid 0.00000000005902625 FIL, ClientEventBlocksReceived (DealStatusFundsNeeded)
> Recv: 36.17 MiB, Paid 0.00000000005902625 FIL, ClientEventSendFunds (DealStatusSendFunds)
> Recv: 36.17 MiB, Paid 0.000000000075844856 FIL, ClientEventPaymentSent (DealStatusOngoing)
> Recv: 36.42 MiB, Paid 0.000000000075844856 FIL, ClientEventBlocksReceived (DealStatusOngoing)
> Recv: 36.67 MiB, Paid 0.000000000075844856 FIL, ClientEventBlocksReceived (DealStatusOngoing)
> Recv: 36.92 MiB, Paid 0.000000000075844856 FIL, ClientEventBlocksReceived (DealStatusOngoing)
> Recv: 37.17 MiB, Paid 0.000000000075844856 FIL, ClientEventBlocksReceived (DealStatusOngoing)
> Recv: 37.42 MiB, Paid 0.000000000075844856 FIL, ClientEventBlocksReceived (DealStatusOngoing)
> Recv: 37.43 MiB, Paid 0.000000000075844856 FIL, ClientEventBlocksReceived (DealStatusOngoing)
> Recv: 37.44 MiB, Paid 0.000000000075844856 FIL, ClientEventBlocksReceived (DealStatusOngoing)
> Recv: 37.69 MiB, Paid 0.000000000075844856 FIL, ClientEventBlocksReceived (DealStatusOngoing)
> Recv: 37.94 MiB, Paid 0.000000000075844856 FIL, ClientEventBlocksReceived (DealStatusOngoing)
> Recv: 38.19 MiB, Paid 0.000000000075844856 FIL, ClientEventBlocksReceived (DealStatusOngoing)
> Recv: 38.44 MiB, Paid 0.000000000075844856 FIL, ClientEventBlocksReceived (DealStatusOngoing)
> Recv: 38.69 MiB, Paid 0.000000000075844856 FIL, ClientEventBlocksReceived (DealStatusOngoing)
> Recv: 38.94 MiB, Paid 0.000000000075844856 FIL, ClientEventBlocksReceived (DealStatusOngoing)
> Recv: 39.19 MiB, Paid 0.000000000075844856 FIL, ClientEventBlocksReceived (DealStatusOngoing)
> Recv: 39.44 MiB, Paid 0.000000000075844856 FIL, ClientEventBlocksReceived (DealStatusOngoing)
> Recv: 39.69 MiB, Paid 0.000000000075844856 FIL, ClientEventBlocksReceived (DealStatusOngoing)
> Recv: 39.94 MiB, Paid 0.000000000075844856 FIL, ClientEventBlocksReceived (DealStatusOngoing)
> Recv: 40.19 MiB, Paid 0.000000000075844856 FIL, ClientEventBlocksReceived (DealStatusOngoing)
> Recv: 40.44 MiB, Paid 0.000000000075844856 FIL, ClientEventBlocksReceived (DealStatusOngoing)
> Recv: 40.69 MiB, Paid 0.000000000075844856 FIL, ClientEventBlocksReceived (DealStatusOngoing)
> Recv: 40.94 MiB, Paid 0.000000000075844856 FIL, ClientEventBlocksReceived (DealStatusOngoing)
> Recv: 41.19 MiB, Paid 0.000000000075844856 FIL, ClientEventBlocksReceived (DealStatusOngoing)
> Recv: 41.44 MiB, Paid 0.000000000075844856 FIL, ClientEventBlocksReceived (DealStatusOngoing)
> Recv: 41.69 MiB, Paid 0.000000000075844856 FIL, ClientEventBlocksReceived (DealStatusOngoing)
> Recv: 41.94 MiB, Paid 0.000000000075844856 FIL, ClientEventBlocksReceived (DealStatusOngoing)
> Recv: 42.19 MiB, Paid 0.000000000075844856 FIL, ClientEventBlocksReceived (DealStatusOngoing)
> Recv: 42.2 MiB, Paid 0.000000000075844856 FIL, ClientEventBlocksReceived (DealStatusOngoing)
> Recv: 42.2 MiB, Paid 0.000000000075844856 FIL, ClientEventBlocksReceived (DealStatusOngoing)
> Recv: 42.45 MiB, Paid 0.000000000075844856 FIL, ClientEventBlocksReceived (DealStatusOngoing)
> Recv: 42.7 MiB, Paid 0.000000000075844856 FIL, ClientEventBlocksReceived (DealStatusOngoing)
> Recv: 42.95 MiB, Paid 0.000000000075844856 FIL, ClientEventBlocksReceived (DealStatusOngoing)
> Recv: 43.2 MiB, Paid 0.000000000075844856 FIL, ClientEventBlocksReceived (DealStatusOngoing)
> Recv: 43.45 MiB, Paid 0.000000000075844856 FIL, ClientEventBlocksReceived (DealStatusOngoing)
> Recv: 43.7 MiB, Paid 0.000000000075844856 FIL, ClientEventBlocksReceived (DealStatusOngoing)
> Recv: 43.95 MiB, Paid 0.000000000075844856 FIL, ClientEventBlocksReceived (DealStatusOngoing)
> Recv: 44.2 MiB, Paid 0.000000000075844856 FIL, ClientEventBlocksReceived (DealStatusOngoing)
> Recv: 44.45 MiB, Paid 0.000000000075844856 FIL, ClientEventBlocksReceived (DealStatusOngoing)
> Recv: 44.7 MiB, Paid 0.000000000075844856 FIL, ClientEventBlocksReceived (DealStatusOngoing)
> Recv: 44.95 MiB, Paid 0.000000000075844856 FIL, ClientEventBlocksReceived (DealStatusOngoing)
> Recv: 44.95 MiB, Paid 0.000000000075844856 FIL, ClientEventPaymentRequested (DealStatusFundsNeeded)
> Recv: 45.2 MiB, Paid 0.000000000075844856 FIL, ClientEventBlocksReceived (DealStatusFundsNeeded)
> Recv: 45.2 MiB, Paid 0.000000000075844856 FIL, ClientEventSendFunds (DealStatusSendFunds)
> Recv: 45.2 MiB, Paid 0.00000000009480122 FIL, ClientEventPaymentSent (DealStatusOngoing)
> Recv: 45.45 MiB, Paid 0.00000000009480122 FIL, ClientEventBlocksReceived (DealStatusOngoing)
> Recv: 45.7 MiB, Paid 0.00000000009480122 FIL, ClientEventBlocksReceived (DealStatusOngoing)
> Recv: 45.95 MiB, Paid 0.00000000009480122 FIL, ClientEventBlocksReceived (DealStatusOngoing)
> Recv: 46.2 MiB, Paid 0.00000000009480122 FIL, ClientEventBlocksReceived (DealStatusOngoing)
> Recv: 46.45 MiB, Paid 0.00000000009480122 FIL, ClientEventBlocksReceived (DealStatusOngoing)
> Recv: 46.7 MiB, Paid 0.00000000009480122 FIL, ClientEventBlocksReceived (DealStatusOngoing)
> Recv: 46.95 MiB, Paid 0.00000000009480122 FIL, ClientEventBlocksReceived (DealStatusOngoing)
> Recv: 46.97 MiB, Paid 0.00000000009480122 FIL, ClientEventBlocksReceived (DealStatusOngoing)
> Recv: 46.97 MiB, Paid 0.00000000009480122 FIL, ClientEventBlocksReceived (DealStatusOngoing)
> Recv: 47.22 MiB, Paid 0.00000000009480122 FIL, ClientEventBlocksReceived (DealStatusOngoing)
> Recv: 47.47 MiB, Paid 0.00000000009480122 FIL, ClientEventBlocksReceived (DealStatusOngoing)
> Recv: 47.72 MiB, Paid 0.00000000009480122 FIL, ClientEventBlocksReceived (DealStatusOngoing)
> Recv: 47.97 MiB, Paid 0.00000000009480122 FIL, ClientEventBlocksReceived (DealStatusOngoing)
> Recv: 48.22 MiB, Paid 0.00000000009480122 FIL, ClientEventBlocksReceived (DealStatusOngoing)
> Recv: 48.47 MiB, Paid 0.00000000009480122 FIL, ClientEventBlocksReceived (DealStatusOngoing)
> Recv: 48.72 MiB, Paid 0.00000000009480122 FIL, ClientEventBlocksReceived (DealStatusOngoing)
> Recv: 48.97 MiB, Paid 0.00000000009480122 FIL, ClientEventBlocksReceived (DealStatusOngoing)
> Recv: 49.22 MiB, Paid 0.00000000009480122 FIL, ClientEventBlocksReceived (DealStatusOngoing)
> Recv: 49.47 MiB, Paid 0.00000000009480122 FIL, ClientEventBlocksReceived (DealStatusOngoing)
> Recv: 49.72 MiB, Paid 0.00000000009480122 FIL, ClientEventBlocksReceived (DealStatusOngoing)
> Recv: 49.97 MiB, Paid 0.00000000009480122 FIL, ClientEventBlocksReceived (DealStatusOngoing)
> Recv: 50.22 MiB, Paid 0.00000000009480122 FIL, ClientEventBlocksReceived (DealStatusOngoing)
> Recv: 50.47 MiB, Paid 0.00000000009480122 FIL, ClientEventBlocksReceived (DealStatusOngoing)
> Recv: 50.72 MiB, Paid 0.00000000009480122 FIL, ClientEventBlocksReceived (DealStatusOngoing)
> Recv: 50.97 MiB, Paid 0.00000000009480122 FIL, ClientEventBlocksReceived (DealStatusOngoing)
> Recv: 51.22 MiB, Paid 0.00000000009480122 FIL, ClientEventBlocksReceived (DealStatusOngoing)
> Recv: 51.47 MiB, Paid 0.00000000009480122 FIL, ClientEventBlocksReceived (DealStatusOngoing)
> Recv: 51.72 MiB, Paid 0.00000000009480122 FIL, ClientEventBlocksReceived (DealStatusOngoing)
> Recv: 51.74 MiB, Paid 0.00000000009480122 FIL, ClientEventBlocksReceived (DealStatusOngoing)
> Recv: 51.74 MiB, Paid 0.00000000009480122 FIL, ClientEventBlocksReceived (DealStatusOngoing)
> Recv: 51.99 MiB, Paid 0.00000000009480122 FIL, ClientEventBlocksReceived (DealStatusOngoing)
> Recv: 52.24 MiB, Paid 0.00000000009480122 FIL, ClientEventBlocksReceived (DealStatusOngoing)
> Recv: 52.49 MiB, Paid 0.00000000009480122 FIL, ClientEventBlocksReceived (DealStatusOngoing)
> Recv: 52.74 MiB, Paid 0.00000000009480122 FIL, ClientEventBlocksReceived (DealStatusOngoing)
> Recv: 52.99 MiB, Paid 0.00000000009480122 FIL, ClientEventBlocksReceived (DealStatusOngoing)
> Recv: 53.24 MiB, Paid 0.00000000009480122 FIL, ClientEventBlocksReceived (DealStatusOngoing)
> Recv: 53.49 MiB, Paid 0.00000000009480122 FIL, ClientEventBlocksReceived (DealStatusOngoing)
> Recv: 53.74 MiB, Paid 0.00000000009480122 FIL, ClientEventBlocksReceived (DealStatusOngoing)
> Recv: 53.99 MiB, Paid 0.00000000009480122 FIL, ClientEventBlocksReceived (DealStatusOngoing)
> Recv: 54.24 MiB, Paid 0.00000000009480122 FIL, ClientEventBlocksReceived (DealStatusOngoing)
> Recv: 54.49 MiB, Paid 0.00000000009480122 FIL, ClientEventBlocksReceived (DealStatusOngoing)
> Recv: 54.74 MiB, Paid 0.00000000009480122 FIL, ClientEventBlocksReceived (DealStatusOngoing)
> Recv: 54.99 MiB, Paid 0.00000000009480122 FIL, ClientEventBlocksReceived (DealStatusOngoing)
> Recv: 54.99 MiB, Paid 0.00000000009480122 FIL, ClientEventPaymentRequested (DealStatusFundsNeeded)
> Recv: 55.24 MiB, Paid 0.00000000009480122 FIL, ClientEventBlocksReceived (DealStatusFundsNeeded)
> Recv: 55.24 MiB, Paid 0.00000000009480122 FIL, ClientEventSendFunds (DealStatusSendFunds)
> Recv: 55.24 MiB, Paid 0.000000000115854848 FIL, ClientEventPaymentSent (DealStatusOngoing)
> Recv: 55.49 MiB, Paid 0.000000000115854848 FIL, ClientEventBlocksReceived (DealStatusOngoing)
> Recv: 55.74 MiB, Paid 0.000000000115854848 FIL, ClientEventBlocksReceived (DealStatusOngoing)
> Recv: 55.99 MiB, Paid 0.000000000115854848 FIL, ClientEventBlocksReceived (DealStatusOngoing)
> Recv: 56.24 MiB, Paid 0.000000000115854848 FIL, ClientEventBlocksReceived (DealStatusOngoing)
> Recv: 56.49 MiB, Paid 0.000000000115854848 FIL, ClientEventBlocksReceived (DealStatusOngoing)
> Recv: 56.51 MiB, Paid 0.000000000115854848 FIL, ClientEventBlocksReceived (DealStatusOngoing)
> Recv: 56.51 MiB, Paid 0.000000000115854848 FIL, ClientEventBlocksReceived (DealStatusOngoing)
> Recv: 56.76 MiB, Paid 0.000000000115854848 FIL, ClientEventBlocksReceived (DealStatusOngoing)
> Recv: 57.01 MiB, Paid 0.000000000115854848 FIL, ClientEventBlocksReceived (DealStatusOngoing)
> Recv: 57.26 MiB, Paid 0.000000000115854848 FIL, ClientEventBlocksReceived (DealStatusOngoing)
> Recv: 57.51 MiB, Paid 0.000000000115854848 FIL, ClientEventBlocksReceived (DealStatusOngoing)
> Recv: 57.76 MiB, Paid 0.000000000115854848 FIL, ClientEventBlocksReceived (DealStatusOngoing)
> Recv: 58.01 MiB, Paid 0.000000000115854848 FIL, ClientEventBlocksReceived (DealStatusOngoing)
> Recv: 58.26 MiB, Paid 0.000000000115854848 FIL, ClientEventBlocksReceived (DealStatusOngoing)
> Recv: 58.51 MiB, Paid 0.000000000115854848 FIL, ClientEventBlocksReceived (DealStatusOngoing)
> Recv: 58.76 MiB, Paid 0.000000000115854848 FIL, ClientEventBlocksReceived (DealStatusOngoing)
> Recv: 59.01 MiB, Paid 0.000000000115854848 FIL, ClientEventBlocksReceived (DealStatusOngoing)
> Recv: 59.26 MiB, Paid 0.000000000115854848 FIL, ClientEventBlocksReceived (DealStatusOngoing)
> Recv: 59.51 MiB, Paid 0.000000000115854848 FIL, ClientEventBlocksReceived (DealStatusOngoing)
> Recv: 59.76 MiB, Paid 0.000000000115854848 FIL, ClientEventBlocksReceived (DealStatusOngoing)
> Recv: 60.01 MiB, Paid 0.000000000115854848 FIL, ClientEventBlocksReceived (DealStatusOngoing)
> Recv: 60.26 MiB, Paid 0.000000000115854848 FIL, ClientEventBlocksReceived (DealStatusOngoing)
> Recv: 60.51 MiB, Paid 0.000000000115854848 FIL, ClientEventBlocksReceived (DealStatusOngoing)
> Recv: 60.76 MiB, Paid 0.000000000115854848 FIL, ClientEventBlocksReceived (DealStatusOngoing)
> Recv: 61.01 MiB, Paid 0.000000000115854848 FIL, ClientEventBlocksReceived (DealStatusOngoing)
> Recv: 61.26 MiB, Paid 0.000000000115854848 FIL, ClientEventBlocksReceived (DealStatusOngoing)
> Recv: 61.28 MiB, Paid 0.000000000115854848 FIL, ClientEventBlocksReceived (DealStatusOngoing)
> Recv: 61.28 MiB, Paid 0.000000000115854848 FIL, ClientEventBlocksReceived (DealStatusOngoing)
> Recv: 61.53 MiB, Paid 0.000000000115854848 FIL, ClientEventBlocksReceived (DealStatusOngoing)
> Recv: 61.78 MiB, Paid 0.000000000115854848 FIL, ClientEventBlocksReceived (DealStatusOngoing)
> Recv: 62.03 MiB, Paid 0.000000000115854848 FIL, ClientEventBlocksReceived (DealStatusOngoing)
> Recv: 62.28 MiB, Paid 0.000000000115854848 FIL, ClientEventBlocksReceived (DealStatusOngoing)
> Recv: 62.53 MiB, Paid 0.000000000115854848 FIL, ClientEventBlocksReceived (DealStatusOngoing)
> Recv: 62.78 MiB, Paid 0.000000000115854848 FIL, ClientEventBlocksReceived (DealStatusOngoing)
> Recv: 63.03 MiB, Paid 0.000000000115854848 FIL, ClientEventBlocksReceived (DealStatusOngoing)
> Recv: 63.28 MiB, Paid 0.000000000115854848 FIL, ClientEventBlocksReceived (DealStatusOngoing)
> Recv: 63.53 MiB, Paid 0.000000000115854848 FIL, ClientEventBlocksReceived (DealStatusOngoing)
> Recv: 63.78 MiB, Paid 0.000000000115854848 FIL, ClientEventBlocksReceived (DealStatusOngoing)
> Recv: 64.03 MiB, Paid 0.000000000115854848 FIL, ClientEventBlocksReceived (DealStatusOngoing)
> Recv: 64.28 MiB, Paid 0.000000000115854848 FIL, ClientEventBlocksReceived (DealStatusOngoing)
> Recv: 64.53 MiB, Paid 0.000000000115854848 FIL, ClientEventBlocksReceived (DealStatusOngoing)
> Recv: 64.78 MiB, Paid 0.000000000115854848 FIL, ClientEventBlocksReceived (DealStatusOngoing)
> Recv: 65.03 MiB, Paid 0.000000000115854848 FIL, ClientEventBlocksReceived (DealStatusOngoing)
> Recv: 65.28 MiB, Paid 0.000000000115854848 FIL, ClientEventBlocksReceived (DealStatusOngoing)
> Recv: 65.53 MiB, Paid 0.000000000115854848 FIL, ClientEventBlocksReceived (DealStatusOngoing)
> Recv: 65.78 MiB, Paid 0.000000000115854848 FIL, ClientEventBlocksReceived (DealStatusOngoing)
> Recv: 66.03 MiB, Paid 0.000000000115854848 FIL, ClientEventBlocksReceived (DealStatusOngoing)
> Recv: 66.05 MiB, Paid 0.000000000115854848 FIL, ClientEventBlocksReceived (DealStatusOngoing)
> Recv: 66.05 MiB, Paid 0.000000000115854848 FIL, ClientEventBlocksReceived (DealStatusOngoing)
> Recv: 66.05 MiB, Paid 0.000000000115854848 FIL, ClientEventPaymentRequested (DealStatusFundsNeeded)
> Recv: 66.3 MiB, Paid 0.000000000115854848 FIL, ClientEventBlocksReceived (DealStatusFundsNeeded)
> Recv: 66.3 MiB, Paid 0.000000000115854848 FIL, ClientEventSendFunds (DealStatusSendFunds)
> Recv: 66.3 MiB, Paid 0.000000000139046234 FIL, ClientEventPaymentSent (DealStatusOngoing)
> Recv: 66.55 MiB, Paid 0.000000000139046234 FIL, ClientEventBlocksReceived (DealStatusOngoing)
> Recv: 66.8 MiB, Paid 0.000000000139046234 FIL, ClientEventBlocksReceived (DealStatusOngoing)
> Recv: 67.05 MiB, Paid 0.000000000139046234 FIL, ClientEventBlocksReceived (DealStatusOngoing)
> Recv: 67.3 MiB, Paid 0.000000000139046234 FIL, ClientEventBlocksReceived (DealStatusOngoing)
> Recv: 67.55 MiB, Paid 0.000000000139046234 FIL, ClientEventBlocksReceived (DealStatusOngoing)
> Recv: 67.8 MiB, Paid 0.000000000139046234 FIL, ClientEventBlocksReceived (DealStatusOngoing)
> Recv: 68.05 MiB, Paid 0.000000000139046234 FIL, ClientEventBlocksReceived (DealStatusOngoing)
> Recv: 68.3 MiB, Paid 0.000000000139046234 FIL, ClientEventBlocksReceived (DealStatusOngoing)
> Recv: 68.55 MiB, Paid 0.000000000139046234 FIL, ClientEventBlocksReceived (DealStatusOngoing)
> Recv: 68.8 MiB, Paid 0.000000000139046234 FIL, ClientEventBlocksReceived (DealStatusOngoing)
> Recv: 69.05 MiB, Paid 0.000000000139046234 FIL, ClientEventBlocksReceived (DealStatusOngoing)
> Recv: 69.3 MiB, Paid 0.000000000139046234 FIL, ClientEventBlocksReceived (DealStatusOngoing)
> Recv: 69.55 MiB, Paid 0.000000000139046234 FIL, ClientEventBlocksReceived (DealStatusOngoing)
> Recv: 69.8 MiB, Paid 0.000000000139046234 FIL, ClientEventBlocksReceived (DealStatusOngoing)
> Recv: 70.05 MiB, Paid 0.000000000139046234 FIL, ClientEventBlocksReceived (DealStatusOngoing)
> Recv: 70.3 MiB, Paid 0.000000000139046234 FIL, ClientEventBlocksReceived (DealStatusOngoing)
> Recv: 70.55 MiB, Paid 0.000000000139046234 FIL, ClientEventBlocksReceived (DealStatusOngoing)
> Recv: 70.8 MiB, Paid 0.000000000139046234 FIL, ClientEventBlocksReceived (DealStatusOngoing)
> Recv: 70.82 MiB, Paid 0.000000000139046234 FIL, ClientEventBlocksReceived (DealStatusOngoing)
> Recv: 70.82 MiB, Paid 0.000000000139046234 FIL, ClientEventBlocksReceived (DealStatusOngoing)
> Recv: 71.07 MiB, Paid 0.000000000139046234 FIL, ClientEventBlocksReceived (DealStatusOngoing)
> Recv: 71.32 MiB, Paid 0.000000000139046234 FIL, ClientEventBlocksReceived (DealStatusOngoing)
> Recv: 71.57 MiB, Paid 0.000000000139046234 FIL, ClientEventBlocksReceived (DealStatusOngoing)
> Recv: 71.82 MiB, Paid 0.000000000139046234 FIL, ClientEventBlocksReceived (DealStatusOngoing)
> Recv: 72.07 MiB, Paid 0.000000000139046234 FIL, ClientEventBlocksReceived (DealStatusOngoing)
> Recv: 72.32 MiB, Paid 0.000000000139046234 FIL, ClientEventBlocksReceived (DealStatusOngoing)
> Recv: 72.57 MiB, Paid 0.000000000139046234 FIL, ClientEventBlocksReceived (DealStatusOngoing)
> Recv: 72.82 MiB, Paid 0.000000000139046234 FIL, ClientEventBlocksReceived (DealStatusOngoing)
> Recv: 73.07 MiB, Paid 0.000000000139046234 FIL, ClientEventBlocksReceived (DealStatusOngoing)
> Recv: 73.32 MiB, Paid 0.000000000139046234 FIL, ClientEventBlocksReceived (DealStatusOngoing)
> Recv: 73.57 MiB, Paid 0.000000000139046234 FIL, ClientEventBlocksReceived (DealStatusOngoing)
> Recv: 73.82 MiB, Paid 0.000000000139046234 FIL, ClientEventBlocksReceived (DealStatusOngoing)
> Recv: 74.07 MiB, Paid 0.000000000139046234 FIL, ClientEventBlocksReceived (DealStatusOngoing)
> Recv: 74.32 MiB, Paid 0.000000000139046234 FIL, ClientEventBlocksReceived (DealStatusOngoing)
> Recv: 74.57 MiB, Paid 0.000000000139046234 FIL, ClientEventBlocksReceived (DealStatusOngoing)
> Recv: 74.82 MiB, Paid 0.000000000139046234 FIL, ClientEventBlocksReceived (DealStatusOngoing)
> Recv: 75.07 MiB, Paid 0.000000000139046234 FIL, ClientEventBlocksReceived (DealStatusOngoing)
> Recv: 75.32 MiB, Paid 0.000000000139046234 FIL, ClientEventBlocksReceived (DealStatusOngoing)
> Recv: 75.57 MiB, Paid 0.000000000139046234 FIL, ClientEventBlocksReceived (DealStatusOngoing)
> Recv: 75.59 MiB, Paid 0.000000000139046234 FIL, ClientEventBlocksReceived (DealStatusOngoing)
> Recv: 75.59 MiB, Paid 0.000000000139046234 FIL, ClientEventBlocksReceived (DealStatusOngoing)
> Recv: 75.84 MiB, Paid 0.000000000139046234 FIL, ClientEventBlocksReceived (DealStatusOngoing)
> Recv: 76.09 MiB, Paid 0.000000000139046234 FIL, ClientEventBlocksReceived (DealStatusOngoing)
> Recv: 76.34 MiB, Paid 0.000000000139046234 FIL, ClientEventBlocksReceived (DealStatusOngoing)
> Recv: 76.59 MiB, Paid 0.000000000139046234 FIL, ClientEventBlocksReceived (DealStatusOngoing)
> Recv: 76.84 MiB, Paid 0.000000000139046234 FIL, ClientEventBlocksReceived (DealStatusOngoing)
> Recv: 77.09 MiB, Paid 0.000000000139046234 FIL, ClientEventBlocksReceived (DealStatusOngoing)
> Recv: 77.34 MiB, Paid 0.000000000139046234 FIL, ClientEventBlocksReceived (DealStatusOngoing)
> Recv: 77.59 MiB, Paid 0.000000000139046234 FIL, ClientEventBlocksReceived (DealStatusOngoing)
> Recv: 77.84 MiB, Paid 0.000000000139046234 FIL, ClientEventBlocksReceived (DealStatusOngoing)
> Recv: 78.09 MiB, Paid 0.000000000139046234 FIL, ClientEventBlocksReceived (DealStatusOngoing)
> Recv: 78.09 MiB, Paid 0.000000000139046234 FIL, ClientEventPaymentRequested (DealStatusFundsNeeded)
> Recv: 78.34 MiB, Paid 0.000000000139046234 FIL, ClientEventBlocksReceived (DealStatusFundsNeeded)
> Recv: 78.34 MiB, Paid 0.000000000139046234 FIL, ClientEventSendFunds (DealStatusSendFunds)
> Recv: 78.34 MiB, Paid 0.00000000016429439 FIL, ClientEventPaymentSent (DealStatusOngoing)
> Recv: 78.59 MiB, Paid 0.00000000016429439 FIL, ClientEventBlocksReceived (DealStatusOngoing)
> Recv: 78.84 MiB, Paid 0.00000000016429439 FIL, ClientEventBlocksReceived (DealStatusOngoing)
> Recv: 79.09 MiB, Paid 0.00000000016429439 FIL, ClientEventBlocksReceived (DealStatusOngoing)
> Recv: 79.34 MiB, Paid 0.00000000016429439 FIL, ClientEventBlocksReceived (DealStatusOngoing)
> Recv: 79.59 MiB, Paid 0.00000000016429439 FIL, ClientEventBlocksReceived (DealStatusOngoing)
> Recv: 79.84 MiB, Paid 0.00000000016429439 FIL, ClientEventBlocksReceived (DealStatusOngoing)
> Recv: 80.09 MiB, Paid 0.00000000016429439 FIL, ClientEventBlocksReceived (DealStatusOngoing)
> Recv: 80.34 MiB, Paid 0.00000000016429439 FIL, ClientEventBlocksReceived (DealStatusOngoing)
> Recv: 80.36 MiB, Paid 0.00000000016429439 FIL, ClientEventBlocksReceived (DealStatusOngoing)
> Recv: 80.36 MiB, Paid 0.00000000016429439 FIL, ClientEventBlocksReceived (DealStatusOngoing)
> Recv: 80.61 MiB, Paid 0.00000000016429439 FIL, ClientEventBlocksReceived (DealStatusOngoing)
> Recv: 80.86 MiB, Paid 0.00000000016429439 FIL, ClientEventBlocksReceived (DealStatusOngoing)
> Recv: 81.11 MiB, Paid 0.00000000016429439 FIL, ClientEventBlocksReceived (DealStatusOngoing)
> Recv: 81.36 MiB, Paid 0.00000000016429439 FIL, ClientEventBlocksReceived (DealStatusOngoing)
> Recv: 81.61 MiB, Paid 0.00000000016429439 FIL, ClientEventBlocksReceived (DealStatusOngoing)
> Recv: 81.86 MiB, Paid 0.00000000016429439 FIL, ClientEventBlocksReceived (DealStatusOngoing)
> Recv: 82.11 MiB, Paid 0.00000000016429439 FIL, ClientEventBlocksReceived (DealStatusOngoing)
> Recv: 82.36 MiB, Paid 0.00000000016429439 FIL, ClientEventBlocksReceived (DealStatusOngoing)
> Recv: 82.61 MiB, Paid 0.00000000016429439 FIL, ClientEventBlocksReceived (DealStatusOngoing)
> Recv: 82.86 MiB, Paid 0.00000000016429439 FIL, ClientEventBlocksReceived (DealStatusOngoing)
> Recv: 83.11 MiB, Paid 0.00000000016429439 FIL, ClientEventBlocksReceived (DealStatusOngoing)
> Recv: 83.36 MiB, Paid 0.00000000016429439 FIL, ClientEventBlocksReceived (DealStatusOngoing)
> Recv: 83.61 MiB, Paid 0.00000000016429439 FIL, ClientEventBlocksReceived (DealStatusOngoing)
> Recv: 83.86 MiB, Paid 0.00000000016429439 FIL, ClientEventBlocksReceived (DealStatusOngoing)
> Recv: 84.11 MiB, Paid 0.00000000016429439 FIL, ClientEventBlocksReceived (DealStatusOngoing)
> Recv: 84.36 MiB, Paid 0.00000000016429439 FIL, ClientEventBlocksReceived (DealStatusOngoing)
> Recv: 84.61 MiB, Paid 0.00000000016429439 FIL, ClientEventBlocksReceived (DealStatusOngoing)
> Recv: 84.86 MiB, Paid 0.00000000016429439 FIL, ClientEventBlocksReceived (DealStatusOngoing)
> Recv: 85.11 MiB, Paid 0.00000000016429439 FIL, ClientEventBlocksReceived (DealStatusOngoing)
> Recv: 85.13 MiB, Paid 0.00000000016429439 FIL, ClientEventBlocksReceived (DealStatusOngoing)
> Recv: 85.13 MiB, Paid 0.00000000016429439 FIL, ClientEventBlocksReceived (DealStatusOngoing)
> Recv: 85.38 MiB, Paid 0.00000000016429439 FIL, ClientEventBlocksReceived (DealStatusOngoing)
> Recv: 85.63 MiB, Paid 0.00000000016429439 FIL, ClientEventBlocksReceived (DealStatusOngoing)
> Recv: 85.88 MiB, Paid 0.00000000016429439 FIL, ClientEventBlocksReceived (DealStatusOngoing)
> Recv: 86.13 MiB, Paid 0.00000000016429439 FIL, ClientEventBlocksReceived (DealStatusOngoing)
> Recv: 86.38 MiB, Paid 0.00000000016429439 FIL, ClientEventBlocksReceived (DealStatusOngoing)
> Recv: 86.63 MiB, Paid 0.00000000016429439 FIL, ClientEventBlocksReceived (DealStatusOngoing)
> Recv: 86.88 MiB, Paid 0.00000000016429439 FIL, ClientEventBlocksReceived (DealStatusOngoing)
> Recv: 87.13 MiB, Paid 0.00000000016429439 FIL, ClientEventBlocksReceived (DealStatusOngoing)
> Recv: 87.38 MiB, Paid 0.00000000016429439 FIL, ClientEventBlocksReceived (DealStatusOngoing)
> Recv: 87.63 MiB, Paid 0.00000000016429439 FIL, ClientEventBlocksReceived (DealStatusOngoing)
> Recv: 87.88 MiB, Paid 0.00000000016429439 FIL, ClientEventBlocksReceived (DealStatusOngoing)
> Recv: 88.13 MiB, Paid 0.00000000016429439 FIL, ClientEventBlocksReceived (DealStatusOngoing)
> Recv: 88.38 MiB, Paid 0.00000000016429439 FIL, ClientEventBlocksReceived (DealStatusOngoing)
> Recv: 88.63 MiB, Paid 0.00000000016429439 FIL, ClientEventBlocksReceived (DealStatusOngoing)
> Recv: 88.88 MiB, Paid 0.00000000016429439 FIL, ClientEventBlocksReceived (DealStatusOngoing)
> Recv: 89.13 MiB, Paid 0.00000000016429439 FIL, ClientEventBlocksReceived (DealStatusOngoing)
> Recv: 89.38 MiB, Paid 0.00000000016429439 FIL, ClientEventBlocksReceived (DealStatusOngoing)
> Recv: 89.63 MiB, Paid 0.00000000016429439 FIL, ClientEventBlocksReceived (DealStatusOngoing)
> Recv: 89.88 MiB, Paid 0.00000000016429439 FIL, ClientEventBlocksReceived (DealStatusOngoing)
> Recv: 89.9 MiB, Paid 0.00000000016429439 FIL, ClientEventBlocksReceived (DealStatusOngoing)
> Recv: 89.9 MiB, Paid 0.00000000016429439 FIL, ClientEventBlocksReceived (DealStatusOngoing)
> Recv: 90.15 MiB, Paid 0.00000000016429439 FIL, ClientEventBlocksReceived (DealStatusOngoing)
> Recv: 90.4 MiB, Paid 0.00000000016429439 FIL, ClientEventBlocksReceived (DealStatusOngoing)
> Recv: 90.65 MiB, Paid 0.00000000016429439 FIL, ClientEventBlocksReceived (DealStatusOngoing)
> Recv: 90.9 MiB, Paid 0.00000000016429439 FIL, ClientEventBlocksReceived (DealStatusOngoing)
> Recv: 91.15 MiB, Paid 0.00000000016429439 FIL, ClientEventBlocksReceived (DealStatusOngoing)
> Recv: 91.15 MiB, Paid 0.00000000016429439 FIL, ClientEventPaymentRequested (DealStatusFundsNeeded)
> Recv: 91.4 MiB, Paid 0.00000000016429439 FIL, ClientEventBlocksReceived (DealStatusFundsNeeded)
> Recv: 91.4 MiB, Paid 0.00000000016429439 FIL, ClientEventSendFunds (DealStatusSendFunds)
> Recv: 91.4 MiB, Paid 0.000000000191680304 FIL, ClientEventPaymentSent (DealStatusOngoing)
> Recv: 91.65 MiB, Paid 0.000000000191680304 FIL, ClientEventBlocksReceived (DealStatusOngoing)
> Recv: 91.9 MiB, Paid 0.000000000191680304 FIL, ClientEventBlocksReceived (DealStatusOngoing)
> Recv: 92.15 MiB, Paid 0.000000000191680304 FIL, ClientEventBlocksReceived (DealStatusOngoing)
> Recv: 92.4 MiB, Paid 0.000000000191680304 FIL, ClientEventBlocksReceived (DealStatusOngoing)
> Recv: 92.65 MiB, Paid 0.000000000191680304 FIL, ClientEventBlocksReceived (DealStatusOngoing)
> Recv: 92.9 MiB, Paid 0.000000000191680304 FIL, ClientEventBlocksReceived (DealStatusOngoing)
> Recv: 93.15 MiB, Paid 0.000000000191680304 FIL, ClientEventBlocksReceived (DealStatusOngoing)
> Recv: 93.4 MiB, Paid 0.000000000191680304 FIL, ClientEventBlocksReceived (DealStatusOngoing)
> Recv: 93.65 MiB, Paid 0.000000000191680304 FIL, ClientEventBlocksReceived (DealStatusOngoing)
> Recv: 93.9 MiB, Paid 0.000000000191680304 FIL, ClientEventBlocksReceived (DealStatusOngoing)
> Recv: 94.15 MiB, Paid 0.000000000191680304 FIL, ClientEventBlocksReceived (DealStatusOngoing)
> Recv: 94.4 MiB, Paid 0.000000000191680304 FIL, ClientEventBlocksReceived (DealStatusOngoing)
> Recv: 94.65 MiB, Paid 0.000000000191680304 FIL, ClientEventBlocksReceived (DealStatusOngoing)
> Recv: 94.67 MiB, Paid 0.000000000191680304 FIL, ClientEventBlocksReceived (DealStatusOngoing)
> Recv: 94.67 MiB, Paid 0.000000000191680304 FIL, ClientEventBlocksReceived (DealStatusOngoing)
> Recv: 94.92 MiB, Paid 0.000000000191680304 FIL, ClientEventBlocksReceived (DealStatusOngoing)
> Recv: 95.17 MiB, Paid 0.000000000191680304 FIL, ClientEventBlocksReceived (DealStatusOngoing)
> Recv: 95.42 MiB, Paid 0.000000000191680304 FIL, ClientEventBlocksReceived (DealStatusOngoing)
> Recv: 95.67 MiB, Paid 0.000000000191680304 FIL, ClientEventBlocksReceived (DealStatusOngoing)
> Recv: 95.92 MiB, Paid 0.000000000191680304 FIL, ClientEventBlocksReceived (DealStatusOngoing)
> Recv: 96.17 MiB, Paid 0.000000000191680304 FIL, ClientEventBlocksReceived (DealStatusOngoing)
> Recv: 96.42 MiB, Paid 0.000000000191680304 FIL, ClientEventBlocksReceived (DealStatusOngoing)
> Recv: 96.67 MiB, Paid 0.000000000191680304 FIL, ClientEventBlocksReceived (DealStatusOngoing)
> Recv: 96.92 MiB, Paid 0.000000000191680304 FIL, ClientEventBlocksReceived (DealStatusOngoing)
> Recv: 97.17 MiB, Paid 0.000000000191680304 FIL, ClientEventBlocksReceived (DealStatusOngoing)
> Recv: 97.42 MiB, Paid 0.000000000191680304 FIL, ClientEventBlocksReceived (DealStatusOngoing)
> Recv: 97.67 MiB, Paid 0.000000000191680304 FIL, ClientEventBlocksReceived (DealStatusOngoing)
> Recv: 97.92 MiB, Paid 0.000000000191680304 FIL, ClientEventBlocksReceived (DealStatusOngoing)
> Recv: 98.17 MiB, Paid 0.000000000191680304 FIL, ClientEventBlocksReceived (DealStatusOngoing)
> Recv: 98.42 MiB, Paid 0.000000000191680304 FIL, ClientEventBlocksReceived (DealStatusOngoing)
> Recv: 98.67 MiB, Paid 0.000000000191680304 FIL, ClientEventBlocksReceived (DealStatusOngoing)
> Recv: 98.92 MiB, Paid 0.000000000191680304 FIL, ClientEventBlocksReceived (DealStatusOngoing)
> Recv: 99.17 MiB, Paid 0.000000000191680304 FIL, ClientEventBlocksReceived (DealStatusOngoing)
> Recv: 99.42 MiB, Paid 0.000000000191680304 FIL, ClientEventBlocksReceived (DealStatusOngoing)
> Recv: 99.44 MiB, Paid 0.000000000191680304 FIL, ClientEventBlocksReceived (DealStatusOngoing)
> Recv: 99.44 MiB, Paid 0.000000000191680304 FIL, ClientEventBlocksReceived (DealStatusOngoing)
> Recv: 99.69 MiB, Paid 0.000000000191680304 FIL, ClientEventBlocksReceived (DealStatusOngoing)
> Recv: 99.94 MiB, Paid 0.000000000191680304 FIL, ClientEventBlocksReceived (DealStatusOngoing)
> Recv: 100.2 MiB, Paid 0.000000000191680304 FIL, ClientEventBlocksReceived (DealStatusOngoing)
> Recv: 100.4 MiB, Paid 0.000000000191680304 FIL, ClientEventBlocksReceived (DealStatusOngoing)
> Recv: 100.7 MiB, Paid 0.000000000191680304 FIL, ClientEventBlocksReceived (DealStatusOngoing)
> Recv: 100.9 MiB, Paid 0.000000000191680304 FIL, ClientEventBlocksReceived (DealStatusOngoing)
> Recv: 101.2 MiB, Paid 0.000000000191680304 FIL, ClientEventBlocksReceived (DealStatusOngoing)
> Recv: 101.4 MiB, Paid 0.000000000191680304 FIL, ClientEventBlocksReceived (DealStatusOngoing)
> Recv: 101.7 MiB, Paid 0.000000000191680304 FIL, ClientEventBlocksReceived (DealStatusOngoing)
> Recv: 101.9 MiB, Paid 0.000000000191680304 FIL, ClientEventBlocksReceived (DealStatusOngoing)
> Recv: 102.2 MiB, Paid 0.000000000191680304 FIL, ClientEventBlocksReceived (DealStatusOngoing)
> Recv: 102.4 MiB, Paid 0.000000000191680304 FIL, ClientEventBlocksReceived (DealStatusOngoing)
> Recv: 102.7 MiB, Paid 0.000000000191680304 FIL, ClientEventBlocksReceived (DealStatusOngoing)
> Recv: 102.9 MiB, Paid 0.000000000191680304 FIL, ClientEventBlocksReceived (DealStatusOngoing)
> Recv: 103.2 MiB, Paid 0.000000000191680304 FIL, ClientEventBlocksReceived (DealStatusOngoing)
> Recv: 103.4 MiB, Paid 0.000000000191680304 FIL, ClientEventBlocksReceived (DealStatusOngoing)
> Recv: 103.7 MiB, Paid 0.000000000191680304 FIL, ClientEventBlocksReceived (DealStatusOngoing)
> Recv: 103.9 MiB, Paid 0.000000000191680304 FIL, ClientEventBlocksReceived (DealStatusOngoing)
> Recv: 104.2 MiB, Paid 0.000000000191680304 FIL, ClientEventBlocksReceived (DealStatusOngoing)
> Recv: 104.2 MiB, Paid 0.000000000191680304 FIL, ClientEventBlocksReceived (DealStatusOngoing)
> Recv: 104.2 MiB, Paid 0.000000000191680304 FIL, ClientEventBlocksReceived (DealStatusOngoing)
> Recv: 104.5 MiB, Paid 0.000000000191680304 FIL, ClientEventBlocksReceived (DealStatusOngoing)
> Recv: 104.7 MiB, Paid 0.000000000191680304 FIL, ClientEventBlocksReceived (DealStatusOngoing)
> Recv: 105 MiB, Paid 0.000000000191680304 FIL, ClientEventBlocksReceived (DealStatusOngoing)
> Recv: 105.2 MiB, Paid 0.000000000191680304 FIL, ClientEventBlocksReceived (DealStatusOngoing)
> Recv: 105.2 MiB, Paid 0.000000000191680304 FIL, ClientEventPaymentRequested (DealStatusFundsNeeded)
> Recv: 105.5 MiB, Paid 0.000000000191680304 FIL, ClientEventBlocksReceived (DealStatusFundsNeeded)
> Recv: 105.5 MiB, Paid 0.000000000191680304 FIL, ClientEventSendFunds (DealStatusSendFunds)
> Recv: 105.5 MiB, Paid 0.000000000221163482 FIL, ClientEventPaymentSent (DealStatusOngoing)
> Recv: 105.7 MiB, Paid 0.000000000221163482 FIL, ClientEventBlocksReceived (DealStatusOngoing)
> Recv: 106 MiB, Paid 0.000000000221163482 FIL, ClientEventBlocksReceived (DealStatusOngoing)
> Recv: 106.2 MiB, Paid 0.000000000221163482 FIL, ClientEventBlocksReceived (DealStatusOngoing)
> Recv: 106.5 MiB, Paid 0.000000000221163482 FIL, ClientEventBlocksReceived (DealStatusOngoing)
> Recv: 106.7 MiB, Paid 0.000000000221163482 FIL, ClientEventBlocksReceived (DealStatusOngoing)
> Recv: 107 MiB, Paid 0.000000000221163482 FIL, ClientEventBlocksReceived (DealStatusOngoing)
> Recv: 107.2 MiB, Paid 0.000000000221163482 FIL, ClientEventBlocksReceived (DealStatusOngoing)
> Recv: 107.5 MiB, Paid 0.000000000221163482 FIL, ClientEventBlocksReceived (DealStatusOngoing)
> Recv: 107.7 MiB, Paid 0.000000000221163482 FIL, ClientEventBlocksReceived (DealStatusOngoing)
> Recv: 108 MiB, Paid 0.000000000221163482 FIL, ClientEventBlocksReceived (DealStatusOngoing)
> Recv: 108.2 MiB, Paid 0.000000000221163482 FIL, ClientEventBlocksReceived (DealStatusOngoing)
> Recv: 108.5 MiB, Paid 0.000000000221163482 FIL, ClientEventBlocksReceived (DealStatusOngoing)
> Recv: 108.7 MiB, Paid 0.000000000221163482 FIL, ClientEventBlocksReceived (DealStatusOngoing)
> Recv: 109 MiB, Paid 0.000000000221163482 FIL, ClientEventBlocksReceived (DealStatusOngoing)
> Recv: 109 MiB, Paid 0.000000000221163482 FIL, ClientEventBlocksReceived (DealStatusOngoing)
> Recv: 109 MiB, Paid 0.000000000221163482 FIL, ClientEventBlocksReceived (DealStatusOngoing)
> Recv: 109.2 MiB, Paid 0.000000000221163482 FIL, ClientEventBlocksReceived (DealStatusOngoing)
> Recv: 109.5 MiB, Paid 0.000000000221163482 FIL, ClientEventBlocksReceived (DealStatusOngoing)
> Recv: 109.7 MiB, Paid 0.000000000221163482 FIL, ClientEventBlocksReceived (DealStatusOngoing)
> Recv: 110 MiB, Paid 0.000000000221163482 FIL, ClientEventBlocksReceived (DealStatusOngoing)
> Recv: 110.2 MiB, Paid 0.000000000221163482 FIL, ClientEventBlocksReceived (DealStatusOngoing)
> Recv: 110.5 MiB, Paid 0.000000000221163482 FIL, ClientEventBlocksReceived (DealStatusOngoing)
> Recv: 110.7 MiB, Paid 0.000000000221163482 FIL, ClientEventBlocksReceived (DealStatusOngoing)
> Recv: 111 MiB, Paid 0.000000000221163482 FIL, ClientEventBlocksReceived (DealStatusOngoing)
> Recv: 111.2 MiB, Paid 0.000000000221163482 FIL, ClientEventBlocksReceived (DealStatusOngoing)
> Recv: 111.5 MiB, Paid 0.000000000221163482 FIL, ClientEventBlocksReceived (DealStatusOngoing)
> Recv: 111.7 MiB, Paid 0.000000000221163482 FIL, ClientEventBlocksReceived (DealStatusOngoing)
> Recv: 112 MiB, Paid 0.000000000221163482 FIL, ClientEventBlocksReceived (DealStatusOngoing)
> Recv: 112.2 MiB, Paid 0.000000000221163482 FIL, ClientEventBlocksReceived (DealStatusOngoing)
> Recv: 112.2 MiB, Paid 0.000000000221163482 FIL, ClientEventPaymentRequested (DealStatusFundsNeeded)
