1 wiki.zip.aa.aa
2 wiki.zip.aa.ab
3 wiki.zip.aa.ac
4 wiki.zip.aa.ad
5 wiki.zip.aa.ae
6 wiki.zip.aa.af
7 wiki.zip.aa.ag
8 wiki.zip.aa.ah
9 wiki.zip.aa.ai
10 wiki.zip.aa.aj
11 wiki.zip.aa.ak
12 wiki.zip.aa.al
13 wiki.zip.aa.am
14 wiki.zip.aa.an
15 wiki.zip.aa.ao
16 wiki.zip.aa.ap
17 wiki.zip.aa.aq
18 wiki.zip.aa.ar
19 wiki.zip.aa.as
20 wiki.zip.aa.at
21 wiki.zip.aa.au
22 wiki.zip.aa.av
23 wiki.zip.aa.aw
24 wiki.zip.aa.ax
25 wiki.zip.aa.ay
26 wiki.zip.aa.az
27 wiki.zip.aa.ba
28 wiki.zip.aa.bb
29 wiki.zip.aa.bc
30 wiki.zip.aa.bd
31 wiki.zip.aa.be
32 wiki.zip.aa.bf
33 wiki.zip.aa.bg
34 wiki.zip.aa.bh
35 wiki.zip.aa.bi
36 wiki.zip.aa.bj
37 wiki.zip.aa.bk
38 wiki.zip.aa.bl
39 wiki.zip.aa.bm
40 wiki.zip.aa.bn
41 wiki.zip.aa.bo
42 wiki.zip.aa.bp
43 wiki.zip.aa.bq
44 wiki.zip.aa.br
45 wiki.zip.aa.bs
46 wiki.zip.aa.bt
47 wiki.zip.aa.bu
48 wiki.zip.aa.bv
49 wiki.zip.aa.bw
50 wiki.zip.aa.bx
51 wiki.zip.aa.by
52 wiki.zip.aa.bz
53 wiki.zip.aa.ca
54 wiki.zip.ab.aa
55 wiki.zip.ab.ab
56 wiki.zip.ab.ac
57 wiki.zip.ab.ad
58 wiki.zip.ab.ae
59 wiki.zip.ab.af
60 wiki.zip.ab.ag
61 wiki.zip.ab.ah
62 wiki.zip.ab.ai
63 wiki.zip.ab.aj
64 wiki.zip.ab.ak
65 wiki.zip.ab.al
66 wiki.zip.ab.am
67 wiki.zip.ab.an
68 wiki.zip.ab.ao
69 wiki.zip.ab.ap
70 wiki.zip.ab.aq
71 wiki.zip.ab.ar
72 wiki.zip.ab.as
73 wiki.zip.ab.at
74 wiki.zip.ab.au
75 wiki.zip.ab.av
76 wiki.zip.ab.aw
77 wiki.zip.ab.ax
78 wiki.zip.ab.ay
79 wiki.zip.ab.az
80 wiki.zip.ab.ba
81 wiki.zip.ab.bb
82 wiki.zip.ab.bc
83 wiki.zip.ab.bd
84 wiki.zip.ab.be
85 wiki.zip.ab.bf
86 wiki.zip.ab.bg
87 wiki.zip.ab.bh
88 wiki.zip.ab.bi
89 wiki.zip.ab.bj
90 wiki.zip.ab.bk
91 wiki.zip.ab.bl
92 wiki.zip.ab.bm
93 wiki.zip.ab.bn
94 wiki.zip.ab.bo
95 wiki.zip.ab.bp
96 wiki.zip.ab.bq
97 wiki.zip.ab.br
98 wiki.zip.ab.bs
99 wiki.zip.ab.bt
100 wiki.zip.ab.bu
101 wiki.zip.ab.bv
102 wiki.zip.ab.bw
103 wiki.zip.ab.bx
104 wiki.zip.ab.by
105 wiki.zip.ab.bz
106 wiki.zip.ab.ca
107 wiki.zip.ac.aa
108 wiki.zip.ac.ab
109 wiki.zip.ac.ac
110 wiki.zip.ac.ad
111 wiki.zip.ac.ae
112 wiki.zip.ac.af
113 wiki.zip.ac.ag
114 wiki.zip.ac.ah
115 wiki.zip.ac.ai
116 wiki.zip.ac.aj
117 wiki.zip.ac.ak
118 wiki.zip.ac.al
119 wiki.zip.ac.am
120 wiki.zip.ac.an
121 wiki.zip.ac.ao
122 wiki.zip.ac.ap
123 wiki.zip.ac.aq
124 wiki.zip.ac.ar
125 wiki.zip.ac.as
126 wiki.zip.ac.at
127 wiki.zip.ac.au
128 wiki.zip.ac.av
129 wiki.zip.ac.aw
130 wiki.zip.ac.ax
131 wiki.zip.ac.ay
132 wiki.zip.ac.az
133 wiki.zip.ac.ba
134 wiki.zip.ac.bb
135 wiki.zip.ac.bc
136 wiki.zip.ac.bd
137 wiki.zip.ac.be
138 wiki.zip.ac.bf
139 wiki.zip.ac.bg
140 wiki.zip.ac.bh
141 wiki.zip.ac.bi
142 wiki.zip.ac.bj
143 wiki.zip.ac.bk
144 wiki.zip.ac.bl
145 wiki.zip.ac.bm
146 wiki.zip.ac.bn
147 wiki.zip.ac.bo
148 wiki.zip.ac.bp
149 wiki.zip.ac.bq
150 wiki.zip.ac.br
151 wiki.zip.ac.bs
152 wiki.zip.ac.bt
153 wiki.zip.ac.bu
154 wiki.zip.ac.bv
155 wiki.zip.ac.bw
156 wiki.zip.ac.bx
157 wiki.zip.ac.by
158 wiki.zip.ac.bz
159 wiki.zip.ac.ca
160 wiki.zip.ad.aa
161 wiki.zip.ad.ab
162 wiki.zip.ad.ac
163 wiki.zip.ad.ad
164 wiki.zip.ad.ae
165 wiki.zip.ad.af
166 wiki.zip.ad.ag
167 wiki.zip.ad.ah
168 wiki.zip.ad.ai
169 wiki.zip.ad.aj
170 wiki.zip.ad.ak
171 wiki.zip.ad.al
172 wiki.zip.ad.am
173 wiki.zip.ad.an
174 wiki.zip.ad.ao
175 wiki.zip.ad.ap
176 wiki.zip.ad.aq
177 wiki.zip.ad.ar
178 wiki.zip.ad.as
179 wiki.zip.ad.at
180 wiki.zip.ad.au
181 wiki.zip.ad.av
182 wiki.zip.ad.aw
183 wiki.zip.ad.ax
184 wiki.zip.ad.ay
185 wiki.zip.ad.az
186 wiki.zip.ad.ba
187 wiki.zip.ad.bb
188 wiki.zip.ad.bc
189 wiki.zip.ad.bd
190 wiki.zip.ad.be
191 wiki.zip.ad.bf
192 wiki.zip.ad.bg
193 wiki.zip.ad.bh
194 wiki.zip.ad.bi
195 wiki.zip.ad.bj
196 wiki.zip.ad.bk
197 wiki.zip.ad.bl
198 wiki.zip.ad.bm
199 wiki.zip.ad.bn
200 wiki.zip.ad.bo
201 wiki.zip.ad.bp
202 wiki.zip.ad.bq
203 wiki.zip.ad.br
204 wiki.zip.ad.bs
205 wiki.zip.ad.bt
206 wiki.zip.ad.bu
207 wiki.zip.ad.bv
208 wiki.zip.ad.bw
209 wiki.zip.ad.bx
210 wiki.zip.ad.by
211 wiki.zip.ad.bz
212 wiki.zip.ad.ca
213 wiki.zip.ae.aa
214 wiki.zip.ae.ab
215 wiki.zip.ae.ac
216 wiki.zip.ae.ad
217 wiki.zip.ae.ae
218 wiki.zip.ae.af
219 wiki.zip.ae.ag
220 wiki.zip.ae.ah
221 wiki.zip.ae.ai
222 wiki.zip.ae.aj
223 wiki.zip.ae.ak
224 wiki.zip.ae.al
225 wiki.zip.ae.am
226 wiki.zip.ae.an
227 wiki.zip.ae.ao
228 wiki.zip.ae.ap
229 wiki.zip.ae.aq
230 wiki.zip.ae.ar
231 wiki.zip.ae.as
232 wiki.zip.ae.at
233 wiki.zip.ae.au
234 wiki.zip.ae.av
235 wiki.zip.ae.aw
236 wiki.zip.ae.ax
237 wiki.zip.ae.ay
238 wiki.zip.ae.az
239 wiki.zip.ae.ba
240 wiki.zip.ae.bb
241 wiki.zip.ae.bc
242 wiki.zip.ae.bd
243 wiki.zip.ae.be
244 wiki.zip.ae.bf
245 wiki.zip.ae.bg
246 wiki.zip.ae.bh
247 wiki.zip.ae.bi
248 wiki.zip.ae.bj
249 wiki.zip.ae.bk
250 wiki.zip.ae.bl
251 wiki.zip.ae.bm
252 wiki.zip.ae.bn
253 wiki.zip.ae.bo
254 wiki.zip.ae.bp
255 wiki.zip.ae.bq
256 wiki.zip.ae.br
257 wiki.zip.ae.bs
258 wiki.zip.ae.bt
259 wiki.zip.ae.bu
260 wiki.zip.ae.bv
261 wiki.zip.ae.bw
262 wiki.zip.ae.bx
263 wiki.zip.ae.by
264 wiki.zip.ae.bz
265 wiki.zip.ae.ca
266 wiki.zip.af.aa
267 wiki.zip.af.ab
268 wiki.zip.af.ac
269 wiki.zip.af.ad
270 wiki.zip.af.ae
271 wiki.zip.af.af
272 wiki.zip.af.ag
273 wiki.zip.af.ah
274 wiki.zip.af.ai
275 wiki.zip.af.aj
276 wiki.zip.af.ak
277 wiki.zip.af.al
278 wiki.zip.af.am
279 wiki.zip.af.an
280 wiki.zip.af.ao
281 wiki.zip.af.ap
282 wiki.zip.af.aq
283 wiki.zip.af.ar
284 wiki.zip.af.as
285 wiki.zip.af.at
286 wiki.zip.af.au
287 wiki.zip.af.av
288 wiki.zip.af.aw
289 wiki.zip.af.ax
290 wiki.zip.af.ay
291 wiki.zip.af.az
292 wiki.zip.af.ba
293 wiki.zip.af.bb
294 wiki.zip.af.bc
295 wiki.zip.af.bd
296 wiki.zip.af.be
297 wiki.zip.af.bf
298 wiki.zip.af.bg
299 wiki.zip.af.bh
300 wiki.zip.af.bi
301 wiki.zip.af.bj
302 wiki.zip.af.bk
303 wiki.zip.af.bl
304 wiki.zip.af.bm
305 wiki.zip.af.bn
306 wiki.zip.af.bo
307 wiki.zip.af.bp
308 wiki.zip.af.bq
309 wiki.zip.af.br
310 wiki.zip.af.bs
311 wiki.zip.af.bt
312 wiki.zip.af.bu
313 wiki.zip.af.bv
314 wiki.zip.af.bw
315 wiki.zip.af.bx
316 wiki.zip.af.by
317 wiki.zip.af.bz
318 wiki.zip.af.ca
319 wiki.zip.ag.aa
320 wiki.zip.ag.ab
321 wiki.zip.ag.ac
322 wiki.zip.ag.ad
323 wiki.zip.ag.ae
324 wiki.zip.ag.af
325 wiki.zip.ag.ag
326 wiki.zip.ag.ah
327 wiki.zip.ag.ai
328 wiki.zip.ag.aj
329 wiki.zip.ag.ak
330 wiki.zip.ag.al
331 wiki.zip.ag.am
332 wiki.zip.ag.an
333 wiki.zip.ag.ao
334 wiki.zip.ag.ap
335 wiki.zip.ag.aq
336 wiki.zip.ag.ar
337 wiki.zip.ag.as
338 wiki.zip.ag.at
339 wiki.zip.ag.au
340 wiki.zip.ag.av
341 wiki.zip.ag.aw
342 wiki.zip.ag.ax
343 wiki.zip.ag.ay
344 wiki.zip.ag.az
345 wiki.zip.ag.ba
346 wiki.zip.ag.bb
347 wiki.zip.ag.bc
348 wiki.zip.ag.bd
349 wiki.zip.ag.be
350 wiki.zip.ag.bf
351 wiki.zip.ag.bg
352 wiki.zip.ag.bh
353 wiki.zip.ag.bi
354 wiki.zip.ag.bj
355 wiki.zip.ag.bk
356 wiki.zip.ag.bl
357 wiki.zip.ag.bm
358 wiki.zip.ag.bn
359 wiki.zip.ag.bo
360 wiki.zip.ag.bp
361 wiki.zip.ag.bq
362 wiki.zip.ag.br
363 wiki.zip.ag.bs
364 wiki.zip.ag.bt
365 wiki.zip.ag.bu
366 wiki.zip.ag.bv
367 wiki.zip.ag.bw
368 wiki.zip.ag.bx
369 wiki.zip.ag.by
370 wiki.zip.ag.bz
371 wiki.zip.ag.ca
372 wiki.zip.ah.aa
373 wiki.zip.ah.ab
374 wiki.zip.ah.ac
375 wiki.zip.ah.ad
376 wiki.zip.ah.ae
377 wiki.zip.ah.af
378 wiki.zip.ah.ag
379 wiki.zip.ah.ah
380 wiki.zip.ah.ai
381 wiki.zip.ah.aj
382 wiki.zip.ah.ak
383 wiki.zip.ah.al
384 wiki.zip.ah.am
385 wiki.zip.ah.an
386 wiki.zip.ah.ao
387 wiki.zip.ah.ap
388 wiki.zip.ah.aq
389 wiki.zip.ah.ar
390 wiki.zip.ah.as
391 wiki.zip.ah.at
392 wiki.zip.ah.au
393 wiki.zip.ah.av
394 wiki.zip.ah.aw
395 wiki.zip.ah.ax
396 wiki.zip.ah.ay
397 wiki.zip.ah.az
398 wiki.zip.ah.ba
399 wiki.zip.ah.bb
400 wiki.zip.ah.bc
401 wiki.zip.ah.bd
402 wiki.zip.ah.be
403 wiki.zip.ah.bf
404 wiki.zip.ah.bg
405 wiki.zip.ah.bh
406 wiki.zip.ah.bi
407 wiki.zip.ah.bj
408 wiki.zip.ah.bk
409 wiki.zip.ah.bl
410 wiki.zip.ah.bm
411 wiki.zip.ah.bn
412 wiki.zip.ah.bo
413 wiki.zip.ah.bp
414 wiki.zip.ah.bq
415 wiki.zip.ah.br
416 wiki.zip.ah.bs
417 wiki.zip.ah.bt
418 wiki.zip.ah.bu
419 wiki.zip.ah.bv
420 wiki.zip.ah.bw
421 wiki.zip.ah.bx
422 wiki.zip.ah.by
423 wiki.zip.ah.bz
424 wiki.zip.ah.ca
425 wiki.zip.ai.aa
426 wiki.zip.ai.ab
427 wiki.zip.ai.ac
428 wiki.zip.ai.ad
429 wiki.zip.ai.ae
430 wiki.zip.ai.af
431 wiki.zip.ai.ag
432 wiki.zip.ai.ah
433 wiki.zip.ai.ai
434 wiki.zip.ai.aj
435 wiki.zip.ai.ak
436 wiki.zip.ai.al
437 wiki.zip.ai.am
438 wiki.zip.ai.an
439 wiki.zip.ai.ao
440 wiki.zip.ai.ap
441 wiki.zip.ai.aq
442 wiki.zip.ai.ar
443 wiki.zip.ai.as
444 wiki.zip.ai.at
445 wiki.zip.ai.au
446 wiki.zip.ai.av
447 wiki.zip.ai.aw
448 wiki.zip.ai.ax
449 wiki.zip.ai.ay
450 wiki.zip.ai.az
451 wiki.zip.ai.ba
452 wiki.zip.ai.bb
453 wiki.zip.ai.bc
454 wiki.zip.ai.bd
455 wiki.zip.ai.be
456 wiki.zip.ai.bf
457 wiki.zip.ai.bg
458 wiki.zip.ai.bh
459 wiki.zip.ai.bi
460 wiki.zip.ai.bj
461 wiki.zip.ai.bk
462 wiki.zip.ai.bl
463 wiki.zip.ai.bm
464 wiki.zip.ai.bn
465 wiki.zip.ai.bo
466 wiki.zip.ai.bp
467 wiki.zip.ai.bq
468 wiki.zip.ai.br
469 wiki.zip.ai.bs
470 wiki.zip.ai.bt
471 wiki.zip.ai.bu
472 wiki.zip.ai.bv
473 wiki.zip.ai.bw
474 wiki.zip.ai.bx
475 wiki.zip.ai.by
476 wiki.zip.ai.bz
477 wiki.zip.ai.ca
478 wiki.zip.aj.aa
479 wiki.zip.aj.ab
480 wiki.zip.aj.ac
481 wiki.zip.aj.ad
482 wiki.zip.aj.ae
483 wiki.zip.aj.af
484 wiki.zip.aj.ag
485 wiki.zip.aj.ah
486 wiki.zip.aj.ai
487 wiki.zip.aj.aj
488 wiki.zip.aj.ak
489 wiki.zip.aj.al
490 wiki.zip.aj.am
491 wiki.zip.aj.an
492 wiki.zip.aj.ao
493 wiki.zip.aj.ap
494 wiki.zip.aj.aq
495 wiki.zip.aj.ar
496 wiki.zip.aj.as
497 wiki.zip.aj.at
498 wiki.zip.aj.au
499 wiki.zip.aj.av
500 wiki.zip.aj.aw
501 wiki.zip.aj.ax
502 wiki.zip.aj.ay
503 wiki.zip.aj.az
504 wiki.zip.aj.ba
505 wiki.zip.aj.bb
506 wiki.zip.aj.bc
507 wiki.zip.aj.bd
508 wiki.zip.aj.be
509 wiki.zip.aj.bf
510 wiki.zip.aj.bg
511 wiki.zip.aj.bh
512 wiki.zip.aj.bi
513 wiki.zip.aj.bj
514 wiki.zip.aj.bk
515 wiki.zip.aj.bl
516 wiki.zip.aj.bm
517 wiki.zip.aj.bn
518 wiki.zip.aj.bo
519 wiki.zip.aj.bp
520 wiki.zip.aj.bq
521 wiki.zip.aj.br
522 wiki.zip.aj.bs
523 wiki.zip.aj.bt
524 wiki.zip.aj.bu
525 wiki.zip.aj.bv
526 wiki.zip.aj.bw
527 wiki.zip.aj.bx
528 wiki.zip.aj.by
529 wiki.zip.aj.bz
530 wiki.zip.aj.ca
531 wiki.zip.ak.aa
532 wiki.zip.ak.ab
533 wiki.zip.ak.ac
534 wiki.zip.ak.ad
535 wiki.zip.ak.ae
536 wiki.zip.ak.af
537 wiki.zip.ak.ag
538 wiki.zip.ak.ah
539 wiki.zip.ak.ai
540 wiki.zip.ak.aj
541 wiki.zip.ak.ak
542 wiki.zip.ak.al
543 wiki.zip.ak.am
544 wiki.zip.ak.an
545 wiki.zip.ak.ao
546 wiki.zip.ak.ap
547 wiki.zip.ak.aq
548 wiki.zip.ak.ar
549 wiki.zip.ak.as
550 wiki.zip.ak.at
551 wiki.zip.ak.au
552 wiki.zip.ak.av
553 wiki.zip.ak.aw
554 wiki.zip.ak.ax
555 wiki.zip.ak.ay
556 wiki.zip.ak.az
557 wiki.zip.ak.ba
558 wiki.zip.ak.bb
559 wiki.zip.ak.bc
560 wiki.zip.ak.bd
561 wiki.zip.ak.be
562 wiki.zip.ak.bf
563 wiki.zip.ak.bg
564 wiki.zip.ak.bh
565 wiki.zip.ak.bi
566 wiki.zip.ak.bj
567 wiki.zip.ak.bk
568 wiki.zip.ak.bl
569 wiki.zip.ak.bm
570 wiki.zip.ak.bn
571 wiki.zip.ak.bo
572 wiki.zip.ak.bp
573 wiki.zip.ak.bq
574 wiki.zip.ak.br
575 wiki.zip.ak.bs
576 wiki.zip.ak.bt
577 wiki.zip.ak.bu
578 wiki.zip.ak.bv
579 wiki.zip.ak.bw
580 wiki.zip.ak.bx
581 wiki.zip.ak.by
582 wiki.zip.ak.bz
583 wiki.zip.ak.ca
584 wiki.zip.al.aa
585 wiki.zip.al.ab
586 wiki.zip.al.ac
587 wiki.zip.al.ad
588 wiki.zip.al.ae
589 wiki.zip.al.af
590 wiki.zip.al.ag
591 wiki.zip.al.ah
592 wiki.zip.al.ai
593 wiki.zip.al.aj
594 wiki.zip.al.ak
595 wiki.zip.al.al
596 wiki.zip.al.am
597 wiki.zip.al.an
598 wiki.zip.al.ao
599 wiki.zip.al.ap
600 wiki.zip.al.aq
601 wiki.zip.al.ar
602 wiki.zip.al.as
603 wiki.zip.al.at
604 wiki.zip.al.au
605 wiki.zip.al.av
606 wiki.zip.al.aw
607 wiki.zip.al.ax
608 wiki.zip.al.ay
609 wiki.zip.al.az
610 wiki.zip.al.ba
611 wiki.zip.al.bb
612 wiki.zip.al.bc
613 wiki.zip.al.bd
614 wiki.zip.al.be
615 wiki.zip.al.bf
616 wiki.zip.al.bg
617 wiki.zip.al.bh
618 wiki.zip.al.bi
619 wiki.zip.al.bj
620 wiki.zip.al.bk
621 wiki.zip.al.bl
622 wiki.zip.al.bm
623 wiki.zip.al.bn
624 wiki.zip.al.bo
625 wiki.zip.al.bp
626 wiki.zip.al.bq
627 wiki.zip.al.br
628 wiki.zip.al.bs
629 wiki.zip.al.bt
630 wiki.zip.al.bu
631 wiki.zip.al.bv
632 wiki.zip.al.bw
633 wiki.zip.al.bx
634 wiki.zip.al.by
635 wiki.zip.al.bz
636 wiki.zip.al.ca
637 wiki.zip.am.aa
638 wiki.zip.am.ab
639 wiki.zip.am.ac
640 wiki.zip.am.ad
641 wiki.zip.am.ae
642 wiki.zip.am.af
643 wiki.zip.am.ag
644 wiki.zip.am.ah
645 wiki.zip.am.ai
646 wiki.zip.am.aj
647 wiki.zip.am.ak
648 wiki.zip.am.al
649 wiki.zip.am.am
650 wiki.zip.am.an
651 wiki.zip.am.ao
652 wiki.zip.am.ap
653 wiki.zip.am.aq
654 wiki.zip.am.ar
655 wiki.zip.am.as
656 wiki.zip.am.at
657 wiki.zip.am.au
658 wiki.zip.am.av
659 wiki.zip.am.aw
660 wiki.zip.am.ax
661 wiki.zip.am.ay
662 wiki.zip.am.az
663 wiki.zip.am.ba
664 wiki.zip.am.bb
665 wiki.zip.am.bc
666 wiki.zip.am.bd
667 wiki.zip.am.be
668 wiki.zip.am.bf
669 wiki.zip.am.bg
670 wiki.zip.am.bh
671 wiki.zip.am.bi
672 wiki.zip.am.bj
673 wiki.zip.am.bk
674 wiki.zip.am.bl
675 wiki.zip.am.bm
676 wiki.zip.am.bn
677 wiki.zip.am.bo
678 wiki.zip.am.bp
679 wiki.zip.am.bq
680 wiki.zip.am.br
681 wiki.zip.am.bs
682 wiki.zip.am.bt
683 wiki.zip.am.bu
684 wiki.zip.am.bv
685 wiki.zip.am.bw
686 wiki.zip.am.bx
687 wiki.zip.am.by
688 wiki.zip.am.bz
689 wiki.zip.am.ca
690 wiki.zip.an.aa
691 wiki.zip.an.ab
692 wiki.zip.an.ac
693 wiki.zip.an.ad
694 wiki.zip.an.ae
695 wiki.zip.an.af
696 wiki.zip.an.ag
697 wiki.zip.an.ah
1 wiki.zip.ae.bt
Already imported, skipping
2 wiki.zip.ai.bp
Already imported, skipping
3 wiki.zip.ad.bg
Already imported, skipping
4 wiki.zip.ae.bh
Already imported, skipping
5 wiki.zip.af.bx
Already imported, skipping
6 wiki.zip.am.ae
Already imported, skipping
7 wiki.zip.ae.az
Already imported, skipping
8 wiki.zip.aj.ap
Already imported, skipping
9 wiki.zip.ag.ar
Already imported, skipping
10 wiki.zip.ab.as
Already imported, skipping
11 wiki.zip.ai.aj
Already imported, skipping
12 wiki.zip.ai.bb
Already imported, skipping
13 wiki.zip.aj.ar
Already imported, skipping
14 wiki.zip.aj.bh
Already imported, skipping
15 wiki.zip.ak.bq
Already imported, skipping
16 wiki.zip.ag.bz
Already imported, skipping
17 wiki.zip.ag.al
Already imported, skipping
18 wiki.zip.aj.bi
Already imported, skipping
19 wiki.zip.ab.bf
Already imported, skipping
20 wiki.zip.al.ae
Already imported, skipping
21 wiki.zip.ai.ae
Already imported, skipping
22 wiki.zip.al.af
Already imported, skipping
23 wiki.zip.aa.ca
Already imported, skipping
24 wiki.zip.ah.al
Already imported, skipping
25 wiki.zip.ae.an
Already imported, skipping
26 wiki.zip.aa.as
Already imported, skipping
27 wiki.zip.af.bs
Already imported, skipping
28 wiki.zip.aj.ao
Already imported, skipping
29 wiki.zip.ag.ca
Already imported, skipping
30 wiki.zip.am.be
Already imported, skipping
31 wiki.zip.al.aq
Already imported, skipping
32 wiki.zip.ai.bc
Already imported, skipping
33 wiki.zip.ah.ag
Already imported, skipping
34 wiki.zip.ah.bc
Already imported, skipping
35 wiki.zip.ac.bv
Retrieving t07956 3061 bafykbzacec2bk3ghyodtlbzkhmdk5ju64qo26xsta4ra5eltqjdgcuh75qhyc
> Recv: 0 B, Paid 0 FIL, ClientEventOpen (DealStatusNew)
> Recv: 0 B, Paid 0 FIL, ClientEventDealProposed (DealStatusWaitForAcceptance)
> Recv: 0 B, Paid 0 FIL, ClientEventDealAccepted (DealStatusAccepted)
> Recv: 0 B, Paid 0 FIL,  (DealStatusErrored)
> Recv: 0 B, Paid 0 FIL, ClientEventOpen (DealStatusNew)
ERROR: retrieval failed: Retrieve: Retrieval Error: Provider cancelled retrieval due to error

Command exited with non-zero status 1
0.05user 0.02system 0:07.41elapsed 1%CPU (0avgtext+0avgdata 37564maxresident)k
0inputs+0outputs (0major+3742minor)pagefaults 0swaps
Skipping ahead

1 wiki.zip.ag.ad
Already imported, skipping
2 wiki.zip.ae.ar
Already imported, skipping
3 wiki.zip.al.av
Already imported, skipping
4 wiki.zip.ak.bt
Already imported, skipping
5 wiki.zip.ah.ah
Already imported, skipping
6 wiki.zip.ae.ak
Already imported, skipping
7 wiki.zip.al.by
Already have log for t03345 6940 bafykbzaceb4dskcys3z2wbnavyz4ykuv4scbh2qswvrloki47n2hxw5sg2bxc
Retrieving t09736 36561 bafykbzaceb4dskcys3z2wbnavyz4ykuv4scbh2qswvrloki47n2hxw5sg2bxc
> Recv: 0 B, Paid 0 FIL, ClientEventOpen (DealStatusNew)
> Recv: 0 B, Paid 0 FIL, ClientEventDealProposed (DealStatusWaitForAcceptance)
> Recv: 0 B, Paid 0 FIL, ClientEventDealAccepted (DealStatusAccepted)
> Recv: 0 B, Paid 0 FIL, ClientEventPaymentChannelAddingFunds (DealStatusPaymentChannelAddingFunds)
> Recv: 0 B, Paid 0 FIL, ClientEventPaymentChannelReady (DealStatusOngoing)
ERROR: retrieval timed out

Command exited with non-zero status 124
0.12user 0.06system 17:00.01elapsed 0%CPU (0avgtext+0avgdata 36744maxresident)k
496inputs+0outputs (61major+3934minor)pagefaults 0swaps
Skipping ahead

1 wiki.zip.ah.ab
Already imported, skipping
2 wiki.zip.ac.bp
Already imported, skipping
3 wiki.zip.aa.ak
Already imported, skipping
4 wiki.zip.ag.bs
Already imported, skipping
5 wiki.zip.ac.bk
Already imported, skipping
6 wiki.zip.aa.au
Already have log for t03194 13417 bafykbzaced6dfij2y6uozyniixlrvh5oaoy7swasakbolo6w33cmdknyizroe

0 wiki.zip.ag.aa
Already imported, skipping
1 wiki.zip.ag.bh
Already imported, skipping
2 wiki.zip.al.bp
Already imported, skipping
3 wiki.zip.ak.ae
Already imported, skipping
4 wiki.zip.ai.ax
Already imported, skipping
5 wiki.zip.ag.bq
Already imported, skipping
6 wiki.zip.al.bb
Already imported, skipping
7 wiki.zip.aa.aq
Already imported, skipping
8 wiki.zip.ai.br
Already imported, skipping
9 wiki.zip.ae.be
Already imported, skipping
10 wiki.zip.am.ca
Already have log for t07710 3920 bafykbzaceagtcvsf5qu2ckmrcj4togv5m5q4oe4cr3ghmmmujjkx4rtsub5ug
Retrieving t09792 37447 bafykbzaceagtcvsf5qu2ckmrcj4togv5m5q4oe4cr3ghmmmujjkx4rtsub5ug
> Recv: 0 B, Paid 0 FIL, ClientEventDealProposed (DealStatusWaitForAcceptance)
> Recv: 0 B, Paid 0 FIL, ClientEventDealAccepted (DealStatusAccepted)
> Recv: 0 B, Paid 0 FIL, ClientEventPaymentChannelAddingFunds (DealStatusPaymentChannelAddingFunds)
> Recv: 0 B, Paid 0 FIL, ClientEventPaymentChannelReady (DealStatusOngoing)
ERROR: retrieval timed out

Command exited with non-zero status 124
0.10user 0.08system 17:00.01elapsed 0%CPU (0avgtext+0avgdata 36108maxresident)k
952inputs+0outputs (106major+3988minor)pagefaults 0swaps
Skipping ahead

1 wiki.zip.af.aa
Already imported, skipping
2 wiki.zip.af.bm
Already imported, skipping
3 wiki.zip.ac.bu
Already imported, skipping
4 wiki.zip.af.bj
Already imported, skipping
5 wiki.zip.ak.be
Already imported, skipping
6 wiki.zip.ad.ad
Already imported, skipping
7 wiki.zip.al.bx
Already imported, skipping
8 wiki.zip.ad.ay
Already imported, skipping
9 wiki.zip.ad.bo
Already imported, skipping
10 wiki.zip.aa.af
Already imported, skipping
11 wiki.zip.ak.at
Already imported, skipping
12 wiki.zip.aj.ai
Already imported, skipping
13 wiki.zip.ab.aa
Already imported, skipping
14 wiki.zip.al.aj
Already imported, skipping
15 wiki.zip.ak.ca
Already imported, skipping
16 wiki.zip.aa.bu
Already imported, skipping
17 wiki.zip.ak.bv
Already have log for t03194 26490 bafykbzacec5g4z7cxep2le3mhtfqblq2lvmno6nscfxjlvv2svzraknkqerdk
Already have log for t03512 28064 bafykbzacec5g4z7cxep2le3mhtfqblq2lvmno6nscfxjlvv2svzraknkqerdk

0 wiki.zip.ac.bj
Already imported, skipping
1 wiki.zip.al.bn
Retrieving t02658 4624 bafykbzaceb3v7zonrzpbs2l5ipmxlxptjurbrhzavn7zw74gvtghj745ycxwm
> Recv: 0 B, Paid 0 FIL, ClientEventOpen (DealStatusNew)
> Recv: 0 B, Paid 0 FIL, ClientEventDealProposed (DealStatusWaitForAcceptance)
> Recv: 0 B, Paid 0 FIL, ClientEventDealAccepted (DealStatusAccepted)
> Recv: 0 B, Paid 0 FIL, ClientEventPaymentChannelAddingFunds (DealStatusPaymentChannelAddingFunds)
> Recv: 0 B, Paid 0 FIL, ClientEventPaymentChannelReady (DealStatusOngoing)
ERROR: retrieval timed out

Command exited with non-zero status 124
0.09user 0.09system 17:00.01elapsed 0%CPU (0avgtext+0avgdata 35508maxresident)k
832inputs+0outputs (82major+3931minor)pagefaults 0swaps
Skipping ahead

1 wiki.zip.ae.bo
Already imported, skipping
2 wiki.zip.ad.bj
Already have log for t09792 30002 bafykbzaceck6we34nyo42fvb4rphpluizotxpspn5id2nfsbdml45gounaxxi
Retrieving t010275 35767 bafykbzaceck6we34nyo42fvb4rphpluizotxpspn5id2nfsbdml45gounaxxi
2020-08-31T05:01:58.017Z	[33mWARN[0m	rpc	go-jsonrpc@v0.1.2-0.20200822201400-474f4fdccc52/client.go:430	unmarshaling failed	{"message": "{\"Err\":\"routing: not found\",\"Root\":null,\"Piece\":null,\"Size\":0,\"MinPrice\":\"\\u003cnil\\u003e\",\"UnsealPrice\":\"\\u003cnil\\u003e\",\"PaymentInterval\":0,\"PaymentIntervalIncrease\":0,\"Miner\":\"t010275\",\"MinerPeer\":{\"Address\":\"t010275\",\"ID\":\"12D3KooWHPyGa2fdTnzXwT2aQ1ngV3jc9eiH6gfFgAAdPLL4U85K\",\"PieceCID\":null}}"}
ERROR: RPC client error: unmarshaling result: failed to parse big string: '"\u003cnil\u003e"'

Command exited with non-zero status 1
0.05user 0.01system 0:19.45elapsed 0%CPU (0avgtext+0avgdata 37208maxresident)k
240inputs+0outputs (0major+3851minor)pagefaults 0swaps
Skipping ahead

1 wiki.zip.am.bm
Already imported, skipping
2 wiki.zip.ae.bu
Already have log for t03194 8465 bafykbzaced65pb3vmu7wjp7ws3bnwmlmwivyc3krxwdx2jrlult2yoa3q4afk
Already have log for t02658 27496 bafykbzaced65pb3vmu7wjp7ws3bnwmlmwivyc3krxwdx2jrlult2yoa3q4afk
Retrieving t09731 27744 bafykbzaced65pb3vmu7wjp7ws3bnwmlmwivyc3krxwdx2jrlult2yoa3q4afk
> Recv: 0 B, Paid 0 FIL, ClientEventOpen (DealStatusNew)
> Recv: 0 B, Paid 0 FIL, ClientEventDealProposed (DealStatusWaitForAcceptance)
> Recv: 0 B, Paid 0 FIL, ClientEventDealAccepted (DealStatusAccepted)
> Recv: 0 B, Paid 0 FIL, ClientEventPaymentChannelAddingFunds (DealStatusPaymentChannelAddingFunds)
> Recv: 0 B, Paid 0 FIL, ClientEventPaymentChannelReady (DealStatusOngoing)
ERROR: retrieval timed out

Command exited with non-zero status 124
0.14user 0.07system 17:00.01elapsed 0%CPU (0avgtext+0avgdata 35540maxresident)k
2608inputs+0outputs (287major+4006minor)pagefaults 0swaps
Skipping ahead

1 wiki.zip.ac.ad
Already imported, skipping
2 wiki.zip.af.bc
Already imported, skipping
3 wiki.zip.ag.an
Already imported, skipping
4 wiki.zip.ac.ah
Already imported, skipping
5 wiki.zip.aa.ag
Already imported, skipping
6 wiki.zip.ag.by
Already imported, skipping
7 wiki.zip.am.bw
Already imported, skipping
8 wiki.zip.aj.br
Already imported, skipping
9 wiki.zip.ae.ag
Already imported, skipping
10 wiki.zip.ac.ag
Already imported, skipping
11 wiki.zip.am.bx
Already imported, skipping
12 wiki.zip.ak.ay
Already imported, skipping
13 wiki.zip.ai.bf
Already imported, skipping
14 wiki.zip.ae.ax
Already imported, skipping
15 wiki.zip.aa.av
Already imported, skipping
16 wiki.zip.ah.bx
Already imported, skipping
17 wiki.zip.an.aa
Already imported, skipping
18 wiki.zip.ae.ca
Already imported, skipping
19 wiki.zip.ab.av
Already imported, skipping
20 wiki.zip.am.bj
Already imported, skipping
21 wiki.zip.ad.bk
Already imported, skipping
22 wiki.zip.ad.bd
Already imported, skipping
23 wiki.zip.an.ad
Already imported, skipping
24 wiki.zip.ad.ag
Already imported, skipping
25 wiki.zip.al.bv
Already imported, skipping
26 wiki.zip.ak.bx
Already imported, skipping
27 wiki.zip.ah.bs
Already imported, skipping
28 wiki.zip.ai.bk
Already imported, skipping
29 wiki.zip.ae.bi
Already imported, skipping
30 wiki.zip.ab.ac
Already imported, skipping
31 wiki.zip.al.au
Already imported, skipping
32 wiki.zip.aa.bc
Already imported, skipping
33 wiki.zip.am.bq
Already imported, skipping
34 wiki.zip.ae.bm
Already imported, skipping
35 wiki.zip.ah.bg
Already imported, skipping
36 wiki.zip.ab.bc
Already have log for t08911 13517 bafykbzacebi3s2dz4nqdul6f3s7pc42a6qfdtrsuzmb7nl3f4poq7xbsawm5o
Already have log for t08178 35417 bafykbzacebi3s2dz4nqdul6f3s7pc42a6qfdtrsuzmb7nl3f4poq7xbsawm5o

0 wiki.zip.ab.br
Already have log for t08301 24856 bafykbzacedhhp5chhyuewhnq24oacsebcetl7joewn2npiujyuvntwgqbao7u
Already have log for t09792 27705 bafykbzacedhhp5chhyuewhnq24oacsebcetl7joewn2npiujyuvntwgqbao7u
Already have log for t08246 28169 bafykbzacedhhp5chhyuewhnq24oacsebcetl7joewn2npiujyuvntwgqbao7u
Already have log for t02665 29972 bafykbzacedhhp5chhyuewhnq24oacsebcetl7joewn2npiujyuvntwgqbao7u
Already have log for t08220 35758 bafykbzacedhhp5chhyuewhnq24oacsebcetl7joewn2npiujyuvntwgqbao7u
Retrieving t02421 37139 bafykbzacedhhp5chhyuewhnq24oacsebcetl7joewn2npiujyuvntwgqbao7u
> Recv: 0 B, Paid 0 FIL, ClientEventOpen (DealStatusNew)
> Recv: 0 B, Paid 0 FIL, ClientEventDealProposed (DealStatusWaitForAcceptance)
> Recv: 0 B, Paid 0 FIL, ClientEventDealAccepted (DealStatusAccepted)
> Recv: 0 B, Paid 0 FIL, ClientEventPaymentChannelAddingFunds (DealStatusPaymentChannelAddingFunds)
> Recv: 0 B, Paid 0 FIL, ClientEventPaymentChannelReady (DealStatusOngoing)
ERROR: retrieval timed out

Command exited with non-zero status 124
0.13user 0.08system 17:00.04elapsed 0%CPU (0avgtext+0avgdata 34648maxresident)k
10928inputs+0outputs (911major+4215minor)pagefaults 0swaps
Skipping ahead

1 wiki.zip.ab.bh
Already imported, skipping
2 wiki.zip.af.ak
Already imported, skipping
3 wiki.zip.al.bc
Already imported, skipping
4 wiki.zip.ab.bs
Already imported, skipping
5 wiki.zip.af.au
Already imported, skipping
6 wiki.zip.ag.br
Already imported, skipping
7 wiki.zip.ae.bc
Already imported, skipping
8 wiki.zip.ag.bv
Already imported, skipping
9 wiki.zip.ad.bz
Already imported, skipping
10 wiki.zip.ae.af
Already imported, skipping
11 wiki.zip.ag.be
Already imported, skipping
12 wiki.zip.ai.bs
Already imported, skipping
13 wiki.zip.af.al
Already imported, skipping
14 wiki.zip.al.bs
Already imported, skipping
15 wiki.zip.aa.ay
Already imported, skipping
16 wiki.zip.af.af
Already imported, skipping
17 wiki.zip.ac.bo
Already imported, skipping
18 wiki.zip.ac.bm
Already imported, skipping
19 wiki.zip.an.ac
Already have log for t02658 28222 bafykbzaceankbh6mg7ykjvgvmdv6honjllswe7f7efdebymgafxx5dn3nrprw
Already have log for t08220 36570 bafykbzaceankbh6mg7ykjvgvmdv6honjllswe7f7efdebymgafxx5dn3nrprw

0 wiki.zip.ae.ad
Already imported, skipping
1 wiki.zip.al.bh
Already imported, skipping
2 wiki.zip.ad.by
Already imported, skipping
3 wiki.zip.am.av
Already imported, skipping
4 wiki.zip.ac.bz
Already imported, skipping
5 wiki.zip.ab.bx
Already imported, skipping
6 wiki.zip.ac.ak
Already imported, skipping
7 wiki.zip.ah.aw
Already imported, skipping
8 wiki.zip.ab.ae
Already imported, skipping
9 wiki.zip.al.ao
Already imported, skipping
10 wiki.zip.af.at
Already imported, skipping
11 wiki.zip.ae.at
Already imported, skipping
12 wiki.zip.ah.am
Already imported, skipping
13 wiki.zip.ai.bw
Already imported, skipping
14 wiki.zip.ad.bf
Already have log for t07924 4293 bafykbzaceb3yymytvklhzobld3j5inju7bpixf7mg5efx3mzfln7aebwbv27y
Already have log for t09736 25284 bafykbzaceb3yymytvklhzobld3j5inju7bpixf7mg5efx3mzfln7aebwbv27y

0 wiki.zip.al.bj
Already imported, skipping
1 wiki.zip.ag.ax
Already have log for t08854 25470 bafykbzacechff4rbwtdzb3wann4sp4p6wivoqbmu6usi34yc5ggdv2yhzo3ds
Already have log for t07772 27669 bafykbzacechff4rbwtdzb3wann4sp4p6wivoqbmu6usi34yc5ggdv2yhzo3ds
Already have log for t08006 27715 bafykbzacechff4rbwtdzb3wann4sp4p6wivoqbmu6usi34yc5ggdv2yhzo3ds
Already have log for t09707 28243 bafykbzacechff4rbwtdzb3wann4sp4p6wivoqbmu6usi34yc5ggdv2yhzo3ds
Already have log for t02625 35505 bafykbzacechff4rbwtdzb3wann4sp4p6wivoqbmu6usi34yc5ggdv2yhzo3ds
Already have log for t08220 35812 bafykbzacechff4rbwtdzb3wann4sp4p6wivoqbmu6usi34yc5ggdv2yhzo3ds

0 wiki.zip.ad.br
Already imported, skipping
1 wiki.zip.al.ab
Already imported, skipping
2 wiki.zip.al.ap
Already imported, skipping
3 wiki.zip.ai.al
Already have log for t07829 7711 bafykbzaceb5d2gg5ihjxhzovvdri6lueasvwtolgkkziyyalpqekzlrh3qngs
Already have log for t03314 10709 bafykbzaceb5d2gg5ihjxhzovvdri6lueasvwtolgkkziyyalpqekzlrh3qngs

0 wiki.zip.af.bd
Already imported, skipping
1 wiki.zip.al.bu
Already imported, skipping
2 wiki.zip.ad.au
Already imported, skipping
3 wiki.zip.ag.bm
Already imported, skipping
4 wiki.zip.ah.ai
Already imported, skipping
5 wiki.zip.ai.by
Already have log for t03194 16135 bafykbzaceb2ehrg3opandajwmx3clrn5nndhorm5qeyxwnhqt2bza22qx2n34
Already have log for t07987 30134 bafykbzaceb2ehrg3opandajwmx3clrn5nndhorm5qeyxwnhqt2bza22qx2n34

0 wiki.zip.ad.bx
Already imported, skipping
1 wiki.zip.aj.bs
Already imported, skipping
2 wiki.zip.aj.bj
Already imported, skipping
3 wiki.zip.af.bg
Already imported, skipping
4 wiki.zip.ae.ab
Already imported, skipping
5 wiki.zip.ac.bw
Already imported, skipping
6 wiki.zip.aa.ar
Already imported, skipping
7 wiki.zip.ac.al
Already imported, skipping
8 wiki.zip.ah.at
Already imported, skipping
9 wiki.zip.ai.aq
Already imported, skipping
10 wiki.zip.aa.be
Already imported, skipping
11 wiki.zip.ag.ae
Already imported, skipping
12 wiki.zip.al.ac
Already imported, skipping
13 wiki.zip.aa.ap
Already imported, skipping
14 wiki.zip.ag.az
Already imported, skipping
15 wiki.zip.ak.aa
Already imported, skipping
16 wiki.zip.ai.ab
Already imported, skipping
17 wiki.zip.am.ah
Already imported, skipping
18 wiki.zip.ag.bl
Already imported, skipping
19 wiki.zip.ai.ag
Already imported, skipping
20 wiki.zip.ah.bn
Already imported, skipping
21 wiki.zip.ak.bb
Already imported, skipping
22 wiki.zip.ab.ad
Already have log for t01272 2474 bafykbzacechfhxptzekpsllxynq7sr3vt3g2zk66b3mc7eehqase5sksjpnps
Already have log for t08448 37128 bafykbzacechfhxptzekpsllxynq7sr3vt3g2zk66b3mc7eehqase5sksjpnps

0 wiki.zip.ak.bn
Already imported, skipping
1 wiki.zip.ae.ao
Already imported, skipping
2 wiki.zip.aj.bq
Already imported, skipping
3 wiki.zip.ae.aj
Already imported, skipping
4 wiki.zip.ah.bo
Already imported, skipping
5 wiki.zip.am.bc
Already imported, skipping
6 wiki.zip.am.ak
Already imported, skipping
7 wiki.zip.af.ax
Already imported, skipping
8 wiki.zip.ad.bb
Already imported, skipping
9 wiki.zip.ab.bw
Already imported, skipping
10 wiki.zip.ab.ay
Already imported, skipping
11 wiki.zip.aa.ai
Already imported, skipping
12 wiki.zip.al.ca
Already imported, skipping
13 wiki.zip.aj.at
Already imported, skipping
14 wiki.zip.ag.bi
Already imported, skipping
15 wiki.zip.ae.ap
Already have log for t03345 13991 bafykbzacedhmz6i4zgu3bftal3aebwt2tgkxkbgtndyr5stn5z6ijoaddwfks
Already have log for t03512 28835 bafykbzacedhmz6i4zgu3bftal3aebwt2tgkxkbgtndyr5stn5z6ijoaddwfks
Already have log for t09707 30019 bafykbzacedhmz6i4zgu3bftal3aebwt2tgkxkbgtndyr5stn5z6ijoaddwfks
Already have log for t03523 36233 bafykbzacedhmz6i4zgu3bftal3aebwt2tgkxkbgtndyr5stn5z6ijoaddwfks
Already have log for t08246 37158 bafykbzacedhmz6i4zgu3bftal3aebwt2tgkxkbgtndyr5stn5z6ijoaddwfks

0 wiki.zip.aj.bt
Already imported, skipping
1 wiki.zip.aa.bq
Already imported, skipping
2 wiki.zip.ab.bu
Already imported, skipping
3 wiki.zip.ai.bi
Already imported, skipping
4 wiki.zip.am.au
Already imported, skipping
5 wiki.zip.al.aw
Already imported, skipping
6 wiki.zip.aa.bt
Already imported, skipping
7 wiki.zip.aj.au
Already imported, skipping
8 wiki.zip.al.bf
Already imported, skipping
9 wiki.zip.aj.bz
Already imported, skipping
10 wiki.zip.ac.ai
Already imported, skipping
11 wiki.zip.al.at
Already imported, skipping
12 wiki.zip.ae.al
Already imported, skipping
13 wiki.zip.ak.bl
Already imported, skipping
14 wiki.zip.al.az
Already imported, skipping
15 wiki.zip.ab.ak
Already imported, skipping
16 wiki.zip.ah.bj
Already imported, skipping
17 wiki.zip.ad.as
Already imported, skipping
18 wiki.zip.ah.ae
Already imported, skipping
19 wiki.zip.ac.bt
Already imported, skipping
20 wiki.zip.ad.bw
Already imported, skipping
21 wiki.zip.ai.ar
Already imported, skipping
22 wiki.zip.aj.aq
Already imported, skipping
23 wiki.zip.ab.al
Already imported, skipping
24 wiki.zip.al.br
Already imported, skipping
25 wiki.zip.af.ao
Already have log for t03314 8491 bafykbzaceay2inqiryvagkar325wcy6ds5rygip5z54p7fap5ymba4ho6cybw
Already have log for t01152 25411 bafykbzaceay2inqiryvagkar325wcy6ds5rygip5z54p7fap5ymba4ho6cybw
Already have log for t010244 36296 bafykbzaceay2inqiryvagkar325wcy6ds5rygip5z54p7fap5ymba4ho6cybw

0 wiki.zip.ah.bp
Already imported, skipping
1 wiki.zip.aa.ac
Already imported, skipping
2 wiki.zip.ad.az
Already imported, skipping
3 wiki.zip.al.bm
Already imported, skipping
4 wiki.zip.af.ai
Already imported, skipping
5 wiki.zip.ak.ag
Already imported, skipping
6 wiki.zip.ad.ai
Already imported, skipping
7 wiki.zip.aa.bo
Already imported, skipping
8 wiki.zip.am.bn
Already imported, skipping
9 wiki.zip.am.bf
Already imported, skipping
10 wiki.zip.ae.bq
Already imported, skipping
11 wiki.zip.al.ar
Already imported, skipping
12 wiki.zip.ad.bs
Already imported, skipping
13 wiki.zip.ai.bj
Already imported, skipping
14 wiki.zip.aa.aw
Already imported, skipping
15 wiki.zip.ab.at
Already imported, skipping
16 wiki.zip.ai.ay
Already imported, skipping
17 wiki.zip.aa.ae
Already imported, skipping
18 wiki.zip.ai.bt
Already imported, skipping
19 wiki.zip.af.ab
Already imported, skipping
20 wiki.zip.aj.bd
Already imported, skipping
21 wiki.zip.aj.af
Already imported, skipping
22 wiki.zip.ab.be
Already imported, skipping
23 wiki.zip.ai.bx
Already imported, skipping
24 wiki.zip.ai.as
Already imported, skipping
25 wiki.zip.ah.ao
Already imported, skipping
26 wiki.zip.aj.ak
Already imported, skipping
27 wiki.zip.am.bt
Already imported, skipping
28 wiki.zip.ae.ba
Already have log for t03194 4342 bafykbzaceb5isdqydvp4xwxobm3p6duorcxmq6msqfl6uuotys2r4rbmqo6t4
Already have log for t01101 7430 bafykbzaceb5isdqydvp4xwxobm3p6duorcxmq6msqfl6uuotys2r4rbmqo6t4

0 wiki.zip.al.ag
Already imported, skipping
1 wiki.zip.ab.am
Already imported, skipping
2 wiki.zip.ag.aw
Already imported, skipping
3 wiki.zip.ak.bg
Already imported, skipping
4 wiki.zip.ac.ax
Already imported, skipping
5 wiki.zip.an.ah
Already imported, skipping
6 wiki.zip.ad.ar
Already imported, skipping
7 wiki.zip.aj.bb
Already imported, skipping
8 wiki.zip.am.ai
Already imported, skipping
9 wiki.zip.ah.bh
Already imported, skipping
10 wiki.zip.ab.ab
Already imported, skipping
11 wiki.zip.ah.aj
Already imported, skipping
12 wiki.zip.af.bq
Already imported, skipping
13 wiki.zip.aj.ab
Already imported, skipping
14 wiki.zip.ae.bf
Already imported, skipping
15 wiki.zip.ad.bq
Already imported, skipping
16 wiki.zip.ai.ah
Already imported, skipping
17 wiki.zip.ad.aa
Already imported, skipping
18 wiki.zip.aa.bv
Already imported, skipping
19 wiki.zip.ae.bk
Already imported, skipping
20 wiki.zip.aj.ac
Already imported, skipping
21 wiki.zip.ag.bu
Already imported, skipping
22 wiki.zip.ag.bn
Already imported, skipping
23 wiki.zip.ak.br
Already imported, skipping
24 wiki.zip.ah.bb
Already imported, skipping
25 wiki.zip.af.bt
Already imported, skipping
26 wiki.zip.ai.bv
Already imported, skipping
27 wiki.zip.ac.bh
Already imported, skipping
28 wiki.zip.af.bi
Already imported, skipping
29 wiki.zip.ai.at
Already imported, skipping
30 wiki.zip.ah.ay
Already imported, skipping
31 wiki.zip.ak.ba
Already imported, skipping
32 wiki.zip.ak.an
Already imported, skipping
33 wiki.zip.am.at
Already imported, skipping
34 wiki.zip.am.aa
Already imported, skipping
35 wiki.zip.aa.al
Already imported, skipping
36 wiki.zip.ad.am
Already imported, skipping
37 wiki.zip.ad.ah
Already imported, skipping
38 wiki.zip.ad.bv
Already imported, skipping
39 wiki.zip.ag.ah
Already imported, skipping
40 wiki.zip.ac.be
Already imported, skipping
41 wiki.zip.ae.bg
Already imported, skipping
42 wiki.zip.ac.bf
Already have log for t07956 4850 bafykbzacedplymg67hduvitxcgax2gxko5g4kr2mt375yhmo2r7lxui7mvwm6
Already have log for t08246 21622 bafykbzacedplymg67hduvitxcgax2gxko5g4kr2mt375yhmo2r7lxui7mvwm6
Already have log for t03194 25014 bafykbzacedplymg67hduvitxcgax2gxko5g4kr2mt375yhmo2r7lxui7mvwm6
Already have log for t03512 29983 bafykbzacedplymg67hduvitxcgax2gxko5g4kr2mt375yhmo2r7lxui7mvwm6
Already have log for t03328 37146 bafykbzacedplymg67hduvitxcgax2gxko5g4kr2mt375yhmo2r7lxui7mvwm6

0 wiki.zip.al.ax
Already imported, skipping
1 wiki.zip.ab.bk
Already imported, skipping
2 wiki.zip.aj.by
Already imported, skipping
3 wiki.zip.ae.bp
Already imported, skipping
4 wiki.zip.aj.bf
Already have log for t07956 3256 bafykbzacead7kyucze6llqxqgodz7b7vstbocpaclnfubuvhokr5oofkpceei
Already have log for t02658 22504 bafykbzacead7kyucze6llqxqgodz7b7vstbocpaclnfubuvhokr5oofkpceei
Already have log for t02665 30140 bafykbzacead7kyucze6llqxqgodz7b7vstbocpaclnfubuvhokr5oofkpceei

0 wiki.zip.ab.ba
Already imported, skipping
1 wiki.zip.af.az
Already have log for t03194 4970 bafykbzaced7jyoqsd4pymgdowzn4vo3tvjcbjm4d53mtwrtczukqlzpq5xggi
Already have log for t08399 25423 bafykbzaced7jyoqsd4pymgdowzn4vo3tvjcbjm4d53mtwrtczukqlzpq5xggi
Already have log for t08246 30054 bafykbzaced7jyoqsd4pymgdowzn4vo3tvjcbjm4d53mtwrtczukqlzpq5xggi
Already have log for t08311 36285 bafykbzaced7jyoqsd4pymgdowzn4vo3tvjcbjm4d53mtwrtczukqlzpq5xggi

0 wiki.zip.aj.bw
Already imported, skipping
1 wiki.zip.ah.bw
Already imported, skipping
2 wiki.zip.ac.ar
Already imported, skipping
3 wiki.zip.ah.aq
Already imported, skipping
4 wiki.zip.aa.bn
Already imported, skipping
5 wiki.zip.aj.bm
Already imported, skipping
6 wiki.zip.ac.af
Already have log for t07710 7327 bafykbzaceanddqveqcxloe4j4nx3uedl6zvjyxtavgil642bqh6hd4lyot6eo
Already have log for t03194 15586 bafykbzaceanddqveqcxloe4j4nx3uedl6zvjyxtavgil642bqh6hd4lyot6eo
Already have log for t02421 17480 bafykbzaceanddqveqcxloe4j4nx3uedl6zvjyxtavgil642bqh6hd4lyot6eo

0 wiki.zip.ab.az
Already imported, skipping
1 wiki.zip.af.bb
Already imported, skipping
2 wiki.zip.aj.be
Already imported, skipping
3 wiki.zip.ah.ar
Already imported, skipping
4 wiki.zip.ah.bf
Already imported, skipping
5 wiki.zip.ad.bt
Already imported, skipping
6 wiki.zip.ag.ak
Already imported, skipping
7 wiki.zip.aa.bf
Already have log for t07848 2989 bafykbzacecaxbtypq6lfpkduiwg4lw434y772gb3em7tzaexmrj4m5itpn6rq
Already have log for t03314 8230 bafykbzacecaxbtypq6lfpkduiwg4lw434y772gb3em7tzaexmrj4m5itpn6rq

0 wiki.zip.ad.an
Already imported, skipping
1 wiki.zip.aj.aj
Already have log for t07829 7751 bafykbzacebaxqw66et326qwsj6x4uy4jfgm3gqek55vit2vld3gkoslnabdrw
Already have log for t09707 26041 bafykbzacebaxqw66et326qwsj6x4uy4jfgm3gqek55vit2vld3gkoslnabdrw
Already have log for t08246 36476 bafykbzacebaxqw66et326qwsj6x4uy4jfgm3gqek55vit2vld3gkoslnabdrw

0 wiki.zip.ag.bb
Already imported, skipping
1 wiki.zip.ai.ai
Already imported, skipping
2 wiki.zip.am.bz
Already imported, skipping
3 wiki.zip.am.bd
Already imported, skipping
4 wiki.zip.al.ba
Already imported, skipping
5 wiki.zip.ai.ad
Already imported, skipping
6 wiki.zip.ah.au
Already imported, skipping
7 wiki.zip.aj.bl
Already imported, skipping
8 wiki.zip.ab.ca
Already imported, skipping
9 wiki.zip.ag.ag
Already imported, skipping
10 wiki.zip.ak.bs
Already imported, skipping
11 wiki.zip.ae.bd
Already imported, skipping
12 wiki.zip.ac.as
Already imported, skipping
13 wiki.zip.af.aq
Already imported, skipping
14 wiki.zip.ak.af
Already imported, skipping
15 wiki.zip.aj.az
Already imported, skipping
16 wiki.zip.ah.bi
Already imported, skipping
17 wiki.zip.af.ca
Already imported, skipping
18 wiki.zip.ae.aq
Already imported, skipping
19 wiki.zip.aj.bc
Already imported, skipping
20 wiki.zip.am.az
Already imported, skipping
21 wiki.zip.ai.bz
Already imported, skipping
22 wiki.zip.aa.br
Already imported, skipping
23 wiki.zip.ab.bz
Already imported, skipping
24 wiki.zip.ac.bi
Already imported, skipping
25 wiki.zip.ak.bz
Already imported, skipping
26 wiki.zip.am.ao
Already imported, skipping
27 wiki.zip.ak.ai
Already imported, skipping
28 wiki.zip.ah.aa
Already imported, skipping
29 wiki.zip.aa.ad
Already imported, skipping
30 wiki.zip.af.am
Already imported, skipping
31 wiki.zip.ac.bl
Already imported, skipping
32 wiki.zip.ae.aa
Already imported, skipping
33 wiki.zip.ag.ab
Already imported, skipping
34 wiki.zip.ak.as
Already have log for t07956 3280 bafykbzaceaqcklnpekpmkkz3ujyy5xfula335vnxa24dabzt6l55j7zhmctgg
Already have log for t02540 8819 bafykbzaceaqcklnpekpmkkz3ujyy5xfula335vnxa24dabzt6l55j7zhmctgg
Already have log for t02421 26261 bafykbzaceaqcklnpekpmkkz3ujyy5xfula335vnxa24dabzt6l55j7zhmctgg
Already have log for t08246 28932 bafykbzaceaqcklnpekpmkkz3ujyy5xfula335vnxa24dabzt6l55j7zhmctgg

0 wiki.zip.ag.av
Already imported, skipping
1 wiki.zip.ab.ag
Already imported, skipping
2 wiki.zip.ak.aj
Already imported, skipping
3 wiki.zip.ae.by
Already imported, skipping
4 wiki.zip.ak.al
Already imported, skipping
5 wiki.zip.aj.bv
Already imported, skipping
6 wiki.zip.ac.bx
Already imported, skipping
7 wiki.zip.ad.av
Already imported, skipping
8 wiki.zip.ab.bq
Already imported, skipping
9 wiki.zip.ak.ab
Already imported, skipping
10 wiki.zip.ah.bl
Already imported, skipping
11 wiki.zip.al.bt
Already imported, skipping
12 wiki.zip.ai.ca
Already imported, skipping
13 wiki.zip.ak.bh
Already imported, skipping
14 wiki.zip.af.an
Already imported, skipping
15 wiki.zip.ag.bw
Already imported, skipping
16 wiki.zip.ac.bn
Already imported, skipping
17 wiki.zip.aj.al
Already imported, skipping
18 wiki.zip.ai.bo
Already imported, skipping
19 wiki.zip.ag.au
Already imported, skipping
20 wiki.zip.ak.bj
Already imported, skipping
21 wiki.zip.ae.bs
Already imported, skipping
22 wiki.zip.al.bd
Already imported, skipping
23 wiki.zip.ag.ac
Already have log for t03345 14267 bafykbzaceau5bms3emrqm75oiw5l3s4rap4wivlagrrj3vkvoc2lvo2rocwk4
Already have log for t08006 30081 bafykbzaceau5bms3emrqm75oiw5l3s4rap4wivlagrrj3vkvoc2lvo2rocwk4
Already have log for t08937 36305 bafykbzaceau5bms3emrqm75oiw5l3s4rap4wivlagrrj3vkvoc2lvo2rocwk4

0 wiki.zip.ac.ab
Already imported, skipping
1 wiki.zip.aa.bd
Already imported, skipping
2 wiki.zip.ab.bn
Already imported, skipping
3 wiki.zip.ab.bi
Already imported, skipping
4 wiki.zip.aj.ad
Already imported, skipping
5 wiki.zip.ae.bb
Already imported, skipping
6 wiki.zip.aa.ah
Already imported, skipping
7 wiki.zip.ac.aw
Already imported, skipping
8 wiki.zip.ag.bj
Already imported, skipping
9 wiki.zip.aa.aa
Already imported, skipping
10 wiki.zip.am.ay
Already imported, skipping
11 wiki.zip.ah.ad
Already imported, skipping
12 wiki.zip.ag.aj
Already imported, skipping
13 wiki.zip.ah.bm
Already imported, skipping
14 wiki.zip.ac.bq
Already imported, skipping
15 wiki.zip.ai.bu
Already imported, skipping
16 wiki.zip.al.ay
Already imported, skipping
17 wiki.zip.ac.aj
Already imported, skipping
18 wiki.zip.am.ab
Already imported, skipping
19 wiki.zip.aa.bj
Already imported, skipping
20 wiki.zip.ab.bl
Already imported, skipping
21 wiki.zip.am.bg
Already imported, skipping
22 wiki.zip.af.ah
Already have log for t02658 6515 bafykbzacebirjxersp4hwyosoau4mnjmeu7ueu53qqzbkrh2jkh5bkvf6g652
Already have log for t010275 37169 bafykbzacebirjxersp4hwyosoau4mnjmeu7ueu53qqzbkrh2jkh5bkvf6g652

0 wiki.zip.ac.bc
Already imported, skipping
1 wiki.zip.ak.am
Already imported, skipping
2 wiki.zip.ab.bt
Already imported, skipping
3 wiki.zip.ad.ac
Already imported, skipping
4 wiki.zip.ag.af
Already imported, skipping
5 wiki.zip.ai.az
Already imported, skipping
6 wiki.zip.al.aa
Already imported, skipping
7 wiki.zip.ac.by
Already imported, skipping
8 wiki.zip.aj.ay
Already have log for t03339 22476 bafykbzacea7ky644bf5oqulzgu6xzktstc744zhx6y5wqby6wsxphjb5y4d46
Already have log for t07987 27758 bafykbzacea7ky644bf5oqulzgu6xzktstc744zhx6y5wqby6wsxphjb5y4d46

0 wiki.zip.am.am
Already imported, skipping
1 wiki.zip.ag.ay
Already imported, skipping
2 wiki.zip.ai.bn
Already imported, skipping
3 wiki.zip.ah.bq
Already imported, skipping
4 wiki.zip.ah.ap
Already imported, skipping
5 wiki.zip.ad.ax
Already imported, skipping
6 wiki.zip.al.al
Already imported, skipping
7 wiki.zip.ab.bm
Already imported, skipping
8 wiki.zip.am.bk
Already imported, skipping
9 wiki.zip.ad.ba
Already have log for t07848 3085 bafykbzaced7m2lnqkbsu276yikl4iidzxjcdvj4e4vlzhugogkwpznmiinzyo
Already have log for t07829 7397 bafykbzaced7m2lnqkbsu276yikl4iidzxjcdvj4e4vlzhugogkwpznmiinzyo
Already have log for t03544 25267 bafykbzaced7m2lnqkbsu276yikl4iidzxjcdvj4e4vlzhugogkwpznmiinzyo

0 wiki.zip.ag.as
Already imported, skipping
1 wiki.zip.am.aw
Already imported, skipping
2 wiki.zip.ak.bm
Already imported, skipping
3 wiki.zip.ag.ao
Already imported, skipping
4 wiki.zip.aj.ca
Already imported, skipping
5 wiki.zip.ag.bx
Already imported, skipping
6 wiki.zip.ai.aw
Already imported, skipping
7 wiki.zip.ai.bd
Already imported, skipping
8 wiki.zip.ab.bd
Already imported, skipping
9 wiki.zip.ag.am
Already imported, skipping
10 wiki.zip.ad.ao
Already imported, skipping
11 wiki.zip.ac.ap
Already imported, skipping
12 wiki.zip.ae.br
Already imported, skipping
13 wiki.zip.am.al
Already have log for t01272 2884 bafykbzacecytmyto77lbxxxj6if6l445xakquhsmnwbn4khpj4xpawdzxd35w
Already have log for t03194 5267 bafykbzacecytmyto77lbxxxj6if6l445xakquhsmnwbn4khpj4xpawdzxd35w
Already have log for t03523 22913 bafykbzacecytmyto77lbxxxj6if6l445xakquhsmnwbn4khpj4xpawdzxd35w

0 wiki.zip.ag.aq
Already imported, skipping
1 wiki.zip.am.bl
Already imported, skipping
2 wiki.zip.ag.bc
Already have log for t08006 27832 bafykbzacecrb4prbasb5vteu5jfdxl4epve6yf4yah2xlunnfqwdegan4zod4
Already have log for t03544 28008 bafykbzacecrb4prbasb5vteu5jfdxl4epve6yf4yah2xlunnfqwdegan4zod4
Already have log for t09792 28219 bafykbzacecrb4prbasb5vteu5jfdxl4epve6yf4yah2xlunnfqwdegan4zod4
Already have log for t07964 30085 bafykbzacecrb4prbasb5vteu5jfdxl4epve6yf4yah2xlunnfqwdegan4zod4

0 wiki.zip.ak.bd
Already imported, skipping
1 wiki.zip.an.af
Already imported, skipping
2 wiki.zip.ai.ap
Already imported, skipping
3 wiki.zip.ah.ak
Already imported, skipping
4 wiki.zip.am.bs
Already imported, skipping
5 wiki.zip.ah.ax
Already imported, skipping
6 wiki.zip.ai.bg
Already imported, skipping
7 wiki.zip.ah.ac
Already imported, skipping
8 wiki.zip.am.aq
Already imported, skipping
9 wiki.zip.ae.bj
Already imported, skipping
10 wiki.zip.ai.ak
Already have log for t03345 6666 bafykbzacedubls45tabibqcm26cj7h5btx3nvs6c4pydvs5rvop7jwiku57li
Already have log for t03314 8665 bafykbzacedubls45tabibqcm26cj7h5btx3nvs6c4pydvs5rvop7jwiku57li

0 wiki.zip.aa.bb
Already have log for t09053 24713 bafykbzacedozjyq3o7qzduvitsbhznkpnkduu5rhukhezpkfxu2sgowmoppd4
Already have log for t02665 27700 bafykbzacedozjyq3o7qzduvitsbhznkpnkduu5rhukhezpkfxu2sgowmoppd4
Already have log for t08911 29944 bafykbzacedozjyq3o7qzduvitsbhznkpnkduu5rhukhezpkfxu2sgowmoppd4

0 wiki.zip.am.bu
Already imported, skipping
1 wiki.zip.aj.ba
Already imported, skipping
2 wiki.zip.ab.bg
Already imported, skipping
3 wiki.zip.ad.al
Already imported, skipping
4 wiki.zip.ai.bh
Already imported, skipping
5 wiki.zip.aj.bg
Already imported, skipping
6 wiki.zip.af.av
Already imported, skipping
7 wiki.zip.ak.au
Already imported, skipping
8 wiki.zip.ak.bu
Already imported, skipping
9 wiki.zip.ac.bb
Already imported, skipping
10 wiki.zip.aa.bl
Already imported, skipping
11 wiki.zip.ac.an
Already imported, skipping
12 wiki.zip.ab.bv
Already imported, skipping
13 wiki.zip.aj.as
Already imported, skipping
14 wiki.zip.ab.ah
Already have log for t07710 7232 bafykbzaceaoq5zqqg4wfhjnz5pnuoobxvthygnpw5uf72qgbeov7nsxdkp4js
Already have log for t03194 8272 bafykbzaceaoq5zqqg4wfhjnz5pnuoobxvthygnpw5uf72qgbeov7nsxdkp4js
Already have log for t02575 21577 bafykbzaceaoq5zqqg4wfhjnz5pnuoobxvthygnpw5uf72qgbeov7nsxdkp4js
Already have log for t08399 29965 bafykbzaceaoq5zqqg4wfhjnz5pnuoobxvthygnpw5uf72qgbeov7nsxdkp4js

0 wiki.zip.ab.au
Already imported, skipping
1 wiki.zip.an.ag
Already imported, skipping
2 wiki.zip.ae.ae
Already imported, skipping
3 wiki.zip.ad.bu
Already imported, skipping
4 wiki.zip.aa.ab
Already imported, skipping
5 wiki.zip.al.ai
Already imported, skipping
6 wiki.zip.ad.be
Already imported, skipping
7 wiki.zip.ae.bx
Already imported, skipping
8 wiki.zip.al.bl
Already imported, skipping
9 wiki.zip.ak.bp
Already imported, skipping
10 wiki.zip.ag.ai
Already imported, skipping
11 wiki.zip.an.ab
Already imported, skipping
12 wiki.zip.ak.ao
Already imported, skipping
13 wiki.zip.ac.bd
Already imported, skipping
14 wiki.zip.ak.ar
Already imported, skipping
15 wiki.zip.ae.ai
Already imported, skipping
16 wiki.zip.ak.ad
Already have log for t03314 7845 bafykbzaceczlo6l6zzz2ayaizw7jxsvjrfumbimkepfmcsfzl6julmbghaxjm
Already have log for t03544 36531 bafykbzaceczlo6l6zzz2ayaizw7jxsvjrfumbimkepfmcsfzl6julmbghaxjm

0 wiki.zip.al.bi
Already imported, skipping
1 wiki.zip.ae.au
Already imported, skipping
2 wiki.zip.af.bo
Already imported, skipping
3 wiki.zip.ag.bt
Already imported, skipping
4 wiki.zip.ah.ca
Already imported, skipping
5 wiki.zip.ai.an
Already imported, skipping
6 wiki.zip.af.ba
Already imported, skipping
7 wiki.zip.am.ap
Already imported, skipping
8 wiki.zip.ad.aq
Already imported, skipping
9 wiki.zip.am.ax
Already imported, skipping
10 wiki.zip.ae.bv
Already imported, skipping
11 wiki.zip.ac.au
Already imported, skipping
12 wiki.zip.al.bo
Already have log for t07709 6958 bafykbzacebsdxplkdgak27a5of4jiifkxgdxzttxxjdxgdw46wmzaak334cbw

0 wiki.zip.ak.bc
Already imported, skipping
1 wiki.zip.ah.bd
Already have log for t07924 4472 bafykbzacebqj7lvhwi6ypsodo5zd3jcm4x2oyxge6aqcnft4dpbhlcszhr7ik
Already have log for t09792 28897 bafykbzacebqj7lvhwi6ypsodo5zd3jcm4x2oyxge6aqcnft4dpbhlcszhr7ik
Already have log for t02625 36431 bafykbzacebqj7lvhwi6ypsodo5zd3jcm4x2oyxge6aqcnft4dpbhlcszhr7ik

0 wiki.zip.ad.af
Already imported, skipping
1 wiki.zip.af.as
Already imported, skipping
2 wiki.zip.aj.am
Already imported, skipping
3 wiki.zip.ab.ap
Already imported, skipping
4 wiki.zip.aj.ah
Already imported, skipping
5 wiki.zip.ae.av
Already imported, skipping
6 wiki.zip.ad.bc
Already imported, skipping
7 wiki.zip.ae.aw
Already imported, skipping
8 wiki.zip.aa.am
Already imported, skipping
9 wiki.zip.ak.ac
Already imported, skipping
10 wiki.zip.af.ay
Already imported, skipping
11 wiki.zip.aj.bp
Already imported, skipping
12 wiki.zip.aa.ax
Already imported, skipping
13 wiki.zip.ad.bp
Already imported, skipping
14 wiki.zip.af.ac
Already imported, skipping
15 wiki.zip.ae.bn
Already imported, skipping
16 wiki.zip.ak.ak
Already imported, skipping
17 wiki.zip.al.an
Already imported, skipping
18 wiki.zip.aa.bw
Already imported, skipping
19 wiki.zip.ad.bi
Already imported, skipping
20 wiki.zip.ad.ab
Already imported, skipping
21 wiki.zip.ah.as
Already imported, skipping
22 wiki.zip.ab.ao
Already imported, skipping
23 wiki.zip.aa.bs
Already imported, skipping
24 wiki.zip.am.ag
Already imported, skipping
25 wiki.zip.ak.bw
Already imported, skipping
26 wiki.zip.af.ae
Already imported, skipping
27 wiki.zip.aa.bg
Already imported, skipping
28 wiki.zip.af.bl
Already have log for t07848 3660 bafykbzacea2msvjoeoil36f6kxgwepuak2b6vokvhbcemag4yye7hevovl2we
Already have log for t07710 8503 bafykbzacea2msvjoeoil36f6kxgwepuak2b6vokvhbcemag4yye7hevovl2we
Already have log for t07826 25431 bafykbzacea2msvjoeoil36f6kxgwepuak2b6vokvhbcemag4yye7hevovl2we

0 wiki.zip.ac.br
Already imported, skipping
1 wiki.zip.am.by
Already imported, skipping
2 wiki.zip.al.bg
Already imported, skipping
3 wiki.zip.ab.aq
Already imported, skipping
4 wiki.zip.ai.bq
Already imported, skipping
5 wiki.zip.aj.bx
Already imported, skipping
6 wiki.zip.ag.bf
Already imported, skipping
7 wiki.zip.an.ae
Already have log for t07964 27769 bafykbzacedzelvkw7yaciywrkmuchqt6gjuuk4lbbdwhqnf3aisks6ue4hmuw
Already have log for t09559 27901 bafykbzacedzelvkw7yaciywrkmuchqt6gjuuk4lbbdwhqnf3aisks6ue4hmuw
Already have log for t08911 28253 bafykbzacedzelvkw7yaciywrkmuchqt6gjuuk4lbbdwhqnf3aisks6ue4hmuw
Already have log for t02421 28978 bafykbzacedzelvkw7yaciywrkmuchqt6gjuuk4lbbdwhqnf3aisks6ue4hmuw
Already have log for t07826 30206 bafykbzacedzelvkw7yaciywrkmuchqt6gjuuk4lbbdwhqnf3aisks6ue4hmuw
Already have log for t02658 36573 bafykbzacedzelvkw7yaciywrkmuchqt6gjuuk4lbbdwhqnf3aisks6ue4hmuw

0 wiki.zip.ag.at
Already imported, skipping
1 wiki.zip.af.be
Already imported, skipping
2 wiki.zip.ad.ap
Already imported, skipping
3 wiki.zip.am.bp
Already imported, skipping
4 wiki.zip.ai.af
Already imported, skipping
5 wiki.zip.af.ap
Already imported, skipping
6 wiki.zip.af.aw
Already imported, skipping
7 wiki.zip.ah.bu
Already imported, skipping
8 wiki.zip.ak.ax
Already imported, skipping
9 wiki.zip.ae.ay
Already imported, skipping
10 wiki.zip.aa.bp
Already imported, skipping
11 wiki.zip.af.ag
Already imported, skipping
12 wiki.zip.aa.az
Already imported, skipping
13 wiki.zip.ab.aw
Already imported, skipping
14 wiki.zip.ad.ae
Already imported, skipping
15 wiki.zip.ad.bn
Already have log for t01272 2569 bafykbzacebnvvipwm5qu6rd36sqeo7iehbrctajiak53iq7kioduehngfk4sy
Already have log for t03194 4298 bafykbzacebnvvipwm5qu6rd36sqeo7iehbrctajiak53iq7kioduehngfk4sy
Already have log for t02421 25299 bafykbzacebnvvipwm5qu6rd36sqeo7iehbrctajiak53iq7kioduehngfk4sy

0 wiki.zip.ag.ap
Already imported, skipping
1 wiki.zip.ab.bb
Already imported, skipping
2 wiki.zip.al.bq
Already imported, skipping
3 wiki.zip.am.ac
Already imported, skipping
4 wiki.zip.aj.ae
Already imported, skipping
5 wiki.zip.ac.ay
Already imported, skipping
6 wiki.zip.am.an
Already imported, skipping
7 wiki.zip.ak.bk
Already imported, skipping
8 wiki.zip.af.bu
Already imported, skipping
9 wiki.zip.ak.bo
Already imported, skipping
10 wiki.zip.aa.bz
Already imported, skipping
11 wiki.zip.ab.ar
Already imported, skipping
12 wiki.zip.ac.aa
Already imported, skipping
13 wiki.zip.af.by
Already imported, skipping
14 wiki.zip.ad.ca
Already imported, skipping
15 wiki.zip.ab.ai
Already imported, skipping
16 wiki.zip.ac.bg
Already imported, skipping
17 wiki.zip.ak.ap
Already imported, skipping
18 wiki.zip.ai.bl
Already imported, skipping
19 wiki.zip.aj.aw
Already imported, skipping
20 wiki.zip.ad.bl
Already imported, skipping
21 wiki.zip.af.bf
Already imported, skipping
22 wiki.zip.ai.be
Already imported, skipping
23 wiki.zip.ah.br
Already imported, skipping
24 wiki.zip.aj.ag
Already imported, skipping
25 wiki.zip.ab.bp
Already imported, skipping
26 wiki.zip.am.bo
Already imported, skipping
27 wiki.zip.ad.ak
Already imported, skipping
28 wiki.zip.af.bp
Already imported, skipping
29 wiki.zip.ai.am
Already imported, skipping
30 wiki.zip.aa.bh
Already have log for t03194 4183 bafykbzacedr5ut2b2sugd5ilf3v6qup7ilirkfl3cd7gszou2sp6nbppd74ju
Already have log for t03345 13433 bafykbzacedr5ut2b2sugd5ilf3v6qup7ilirkfl3cd7gszou2sp6nbppd74ju
Already have log for t08311 24720 bafykbzacedr5ut2b2sugd5ilf3v6qup7ilirkfl3cd7gszou2sp6nbppd74ju

0 wiki.zip.ad.aj
Already imported, skipping
1 wiki.zip.ab.aj
Already imported, skipping
2 wiki.zip.af.ar
Already imported, skipping
3 wiki.zip.af.bk
Already imported, skipping
4 wiki.zip.ac.ac
Already imported, skipping
5 wiki.zip.am.bh
Already have log for t08980 15342 bafykbzacebaywbpjpler5c5zwwxm3bagkjmbuidp7eo4bldaumbmdneqi24va
Already have log for t02404 37415 bafykbzacebaywbpjpler5c5zwwxm3bagkjmbuidp7eo4bldaumbmdneqi24va

0 wiki.zip.ah.bt
Already imported, skipping
1 wiki.zip.ae.am
Already imported, skipping
2 wiki.zip.ac.av
Already imported, skipping
3 wiki.zip.ag.bd
Already imported, skipping
4 wiki.zip.ak.az
Already imported, skipping
5 wiki.zip.ae.ah
Already imported, skipping
6 wiki.zip.af.bw
Already imported, skipping
7 wiki.zip.ab.ax
Already imported, skipping
8 wiki.zip.ai.bm
Already imported, skipping
9 wiki.zip.al.ad
Already imported, skipping
10 wiki.zip.ah.bk
Already imported, skipping
11 wiki.zip.aa.bm
Already imported, skipping
12 wiki.zip.ak.by
Already imported, skipping
13 wiki.zip.am.ar
Already imported, skipping
14 wiki.zip.ag.bg
Already imported, skipping
15 wiki.zip.ah.bv
Already imported, skipping
16 wiki.zip.al.be
Already imported, skipping
17 wiki.zip.af.br
Already imported, skipping
18 wiki.zip.am.br
Already imported, skipping
19 wiki.zip.aa.ba
Already imported, skipping
20 wiki.zip.af.ad
Already imported, skipping
21 wiki.zip.ag.bp
Already imported, skipping
22 wiki.zip.ad.bm
Already imported, skipping
23 wiki.zip.ah.ba
Already imported, skipping
24 wiki.zip.ab.bo
Already imported, skipping
25 wiki.zip.ad.at
Already imported, skipping
26 wiki.zip.ai.ao
Already imported, skipping
27 wiki.zip.aa.an
Already imported, skipping
28 wiki.zip.ai.ba
Already have log for t02620 2687 bafykbzaceaghcsjcpwc5br6nxubgurdkuygjmijahc2svwn22tgfbxi76e42w
Already have log for t07956 4505 bafykbzaceaghcsjcpwc5br6nxubgurdkuygjmijahc2svwn22tgfbxi76e42w
Already have log for t03544 26010 bafykbzaceaghcsjcpwc5br6nxubgurdkuygjmijahc2svwn22tgfbxi76e42w

0 wiki.zip.ai.ac
Already imported, skipping
1 wiki.zip.aa.bi
Already imported, skipping
2 wiki.zip.am.ba
Already imported, skipping
3 wiki.zip.am.as
Already imported, skipping
4 wiki.zip.ac.at
Already imported, skipping
5 wiki.zip.ad.aw
Already imported, skipping
6 wiki.zip.aa.at
Already imported, skipping
7 wiki.zip.ab.by
Already imported, skipping
8 wiki.zip.ak.bi
Already have log for t07924 3795 bafykbzacecyypdee5piedp2tggezvwmt7jpagsggsqllfushx5vnd5etfddug
Already have log for t02658 28937 bafykbzacecyypdee5piedp2tggezvwmt7jpagsggsqllfushx5vnd5etfddug
Already have log for t02419 37346 bafykbzacecyypdee5piedp2tggezvwmt7jpagsggsqllfushx5vnd5etfddug

0 wiki.zip.ah.be
Already imported, skipping
1 wiki.zip.am.aj
Already imported, skipping
2 wiki.zip.al.bz
Already imported, skipping
3 wiki.zip.ah.av
Already have log for t03314 10602 bafykbzacebtowjtf542yghmxkdkayybv6z4yylxxgpqiybim363hizhcrl6bc
Already have log for t02665 25816 bafykbzacebtowjtf542yghmxkdkayybv6z4yylxxgpqiybim363hizhcrl6bc
Already have log for t09792 30116 bafykbzacebtowjtf542yghmxkdkayybv6z4yylxxgpqiybim363hizhcrl6bc

0 wiki.zip.am.bb
Already imported, skipping
1 wiki.zip.ac.az
Already imported, skipping
2 wiki.zip.aa.ao
Already imported, skipping
3 wiki.zip.ag.bk
Already imported, skipping
4 wiki.zip.ae.bz
Already imported, skipping
5 wiki.zip.af.bn
Already imported, skipping
6 wiki.zip.ac.ba
Already imported, skipping
7 wiki.zip.al.am
Already imported, skipping
8 wiki.zip.ak.aq
Already imported, skipping
9 wiki.zip.aj.aa
Already imported, skipping
10 wiki.zip.ab.an
Already imported, skipping
11 wiki.zip.aj.bn
Already imported, skipping
12 wiki.zip.af.bh
Already imported, skipping
13 wiki.zip.aa.bx
Already imported, skipping
14 wiki.zip.ab.bj
Already imported, skipping
15 wiki.zip.ac.ae
Already imported, skipping
16 wiki.zip.ae.bl
Already imported, skipping
17 wiki.zip.aj.an
Already imported, skipping
18 wiki.zip.af.aj
Already imported, skipping
19 wiki.zip.ae.as
Already imported, skipping
20 wiki.zip.aj.av
Already imported, skipping
21 wiki.zip.aj.ax
Already imported, skipping
22 wiki.zip.ak.ah
Already imported, skipping
23 wiki.zip.aa.by
Already have log for t07956 3002 bafykbzacecibcwkgmukjiapg5a7vglooh3zfmsdbjf3d672e6p6235zdniutc
Already have log for t010257 37129 bafykbzacecibcwkgmukjiapg5a7vglooh3zfmsdbjf3d672e6p6235zdniutc

0 wiki.zip.ai.aa
Already imported, skipping
1 wiki.zip.ak.bf
Already imported, skipping
2 wiki.zip.al.as
Already imported, skipping
3 wiki.zip.am.af
Already imported, skipping
4 wiki.zip.aj.bk
Already imported, skipping
5 wiki.zip.ak.av
Already imported, skipping
6 wiki.zip.ah.an
Already imported, skipping
7 wiki.zip.aj.bo
Already imported, skipping
8 wiki.zip.ae.bw
Already imported, skipping
9 wiki.zip.ai.av
Already imported, skipping
10 wiki.zip.am.ad
Already imported, skipping
11 wiki.zip.ac.bs
Already imported, skipping
12 wiki.zip.ae.ac
Already have log for t03194 13945 bafykbzacedxhhm4nllqq27aplefzr2rl5dj6ixwnv2ybozehukwtrjm7i7oam
Already have log for t07826 25342 bafykbzacedxhhm4nllqq27aplefzr2rl5dj6ixwnv2ybozehukwtrjm7i7oam
Already have log for t03345 35490 bafykbzacedxhhm4nllqq27aplefzr2rl5dj6ixwnv2ybozehukwtrjm7i7oam

0 wiki.zip.ai.au
Already imported, skipping
1 wiki.zip.ag.bo
Already imported, skipping
2 wiki.zip.al.bw
Already imported, skipping
3 wiki.zip.aa.aj
Already have log for t03194 8239 bafykbzaced2mv4uz36ykwyg7y2b7tpyghzbvtwadm3y54dppnq5tynkvqukle
Already have log for t09736 24698 bafykbzaced2mv4uz36ykwyg7y2b7tpyghzbvtwadm3y54dppnq5tynkvqukle
Already have log for t02540 27696 bafykbzaced2mv4uz36ykwyg7y2b7tpyghzbvtwadm3y54dppnq5tynkvqukle
Already have log for t08911 27792 bafykbzaced2mv4uz36ykwyg7y2b7tpyghzbvtwadm3y54dppnq5tynkvqukle
Already have log for t08220 37123 bafykbzaced2mv4uz36ykwyg7y2b7tpyghzbvtwadm3y54dppnq5tynkvqukle

0 wiki.zip.ac.ao
Already imported, skipping
1 wiki.zip.al.ak
Already imported, skipping
2 wiki.zip.aj.bu
Already imported, skipping
3 wiki.zip.ag.ba
Already imported, skipping
4 wiki.zip.ah.af
Already imported, skipping
5 wiki.zip.aa.bk
Already imported, skipping
6 wiki.zip.ah.bz
Already imported, skipping
7 wiki.zip.ak.aw
Already imported, skipping
8 wiki.zip.am.bv
Already imported, skipping
9 wiki.zip.ab.af
Already imported, skipping
10 wiki.zip.ac.ca
Already imported, skipping
11 wiki.zip.af.bv
Already imported, skipping
12 wiki.zip.ac.am
Already imported, skipping
13 wiki.zip.ad.bh
Already imported, skipping
14 wiki.zip.af.bz
Already imported, skipping
15 wiki.zip.al.bk
Already imported, skipping
16 wiki.zip.ac.aq
Already imported, skipping
17 wiki.zip.am.bi
Already imported, skipping
18 wiki.zip.ah.az
Already imported, skipping
19 wiki.zip.ah.by
Already imported, skipping
20 wiki.zip.al.ah
Already imported, skipping
