1 wiki.zip.aa.aa
2 wiki.zip.aa.ab
3 wiki.zip.aa.ac
4 wiki.zip.aa.ad
5 wiki.zip.aa.ae
6 wiki.zip.aa.af
7 wiki.zip.aa.ag
8 wiki.zip.aa.ah
9 wiki.zip.aa.ai
10 wiki.zip.aa.aj
11 wiki.zip.aa.ak
12 wiki.zip.aa.al
13 wiki.zip.aa.am
14 wiki.zip.aa.an
15 wiki.zip.aa.ao
16 wiki.zip.aa.ap
17 wiki.zip.aa.aq
18 wiki.zip.aa.ar
19 wiki.zip.aa.as
20 wiki.zip.aa.at
21 wiki.zip.aa.au
22 wiki.zip.aa.av
23 wiki.zip.aa.aw
24 wiki.zip.aa.ax
25 wiki.zip.aa.ay
26 wiki.zip.aa.az
27 wiki.zip.aa.ba
28 wiki.zip.aa.bb
29 wiki.zip.aa.bc
30 wiki.zip.aa.bd
31 wiki.zip.aa.be
32 wiki.zip.aa.bf
33 wiki.zip.aa.bg
34 wiki.zip.aa.bh
35 wiki.zip.aa.bi
36 wiki.zip.aa.bj
37 wiki.zip.aa.bk
38 wiki.zip.aa.bl
39 wiki.zip.aa.bm
40 wiki.zip.aa.bn
41 wiki.zip.aa.bo
42 wiki.zip.aa.bp
43 wiki.zip.aa.bq
44 wiki.zip.aa.br
45 wiki.zip.aa.bs
46 wiki.zip.aa.bt
47 wiki.zip.aa.bu
48 wiki.zip.aa.bv
49 wiki.zip.aa.bw
50 wiki.zip.aa.bx
51 wiki.zip.aa.by
52 wiki.zip.aa.bz
53 wiki.zip.aa.ca
54 wiki.zip.ab.aa
55 wiki.zip.ab.ab
56 wiki.zip.ab.ac
57 wiki.zip.ab.ad
58 wiki.zip.ab.ae
59 wiki.zip.ab.af
60 wiki.zip.ab.ag
61 wiki.zip.ab.ah
62 wiki.zip.ab.ai
63 wiki.zip.ab.aj
64 wiki.zip.ab.ak
65 wiki.zip.ab.al
66 wiki.zip.ab.am
67 wiki.zip.ab.an
68 wiki.zip.ab.ao
69 wiki.zip.ab.ap
70 wiki.zip.ab.aq
71 wiki.zip.ab.ar
72 wiki.zip.ab.as
73 wiki.zip.ab.at
74 wiki.zip.ab.au
75 wiki.zip.ab.av
76 wiki.zip.ab.aw
77 wiki.zip.ab.ax
78 wiki.zip.ab.ay
79 wiki.zip.ab.az
80 wiki.zip.ab.ba
81 wiki.zip.ab.bb
82 wiki.zip.ab.bc
83 wiki.zip.ab.bd
84 wiki.zip.ab.be
85 wiki.zip.ab.bf
86 wiki.zip.ab.bg
87 wiki.zip.ab.bh
88 wiki.zip.ab.bi
89 wiki.zip.ab.bj
90 wiki.zip.ab.bk
91 wiki.zip.ab.bl
92 wiki.zip.ab.bm
93 wiki.zip.ab.bn
94 wiki.zip.ab.bo
95 wiki.zip.ab.bp
96 wiki.zip.ab.bq
97 wiki.zip.ab.br
98 wiki.zip.ab.bs
99 wiki.zip.ab.bt
100 wiki.zip.ab.bu
101 wiki.zip.ab.bv
102 wiki.zip.ab.bw
103 wiki.zip.ab.bx
104 wiki.zip.ab.by
105 wiki.zip.ab.bz
106 wiki.zip.ab.ca
107 wiki.zip.ac.aa
108 wiki.zip.ac.ab
109 wiki.zip.ac.ac
110 wiki.zip.ac.ad
111 wiki.zip.ac.ae
112 wiki.zip.ac.af
113 wiki.zip.ac.ag
114 wiki.zip.ac.ah
115 wiki.zip.ac.ai
116 wiki.zip.ac.aj
117 wiki.zip.ac.ak
118 wiki.zip.ac.al
119 wiki.zip.ac.am
120 wiki.zip.ac.an
121 wiki.zip.ac.ao
122 wiki.zip.ac.ap
123 wiki.zip.ac.aq
124 wiki.zip.ac.ar
125 wiki.zip.ac.as
126 wiki.zip.ac.at
127 wiki.zip.ac.au
128 wiki.zip.ac.av
129 wiki.zip.ac.aw
130 wiki.zip.ac.ax
131 wiki.zip.ac.ay
132 wiki.zip.ac.az
133 wiki.zip.ac.ba
134 wiki.zip.ac.bb
135 wiki.zip.ac.bc
136 wiki.zip.ac.bd
137 wiki.zip.ac.be
138 wiki.zip.ac.bf
139 wiki.zip.ac.bg
140 wiki.zip.ac.bh
141 wiki.zip.ac.bi
142 wiki.zip.ac.bj
143 wiki.zip.ac.bk
144 wiki.zip.ac.bl
145 wiki.zip.ac.bm
146 wiki.zip.ac.bn
147 wiki.zip.ac.bo
148 wiki.zip.ac.bp
149 wiki.zip.ac.bq
150 wiki.zip.ac.br
151 wiki.zip.ac.bs
152 wiki.zip.ac.bt
153 wiki.zip.ac.bu
154 wiki.zip.ac.bv
155 wiki.zip.ac.bw
156 wiki.zip.ac.bx
157 wiki.zip.ac.by
158 wiki.zip.ac.bz
159 wiki.zip.ac.ca
160 wiki.zip.ad.aa
161 wiki.zip.ad.ab
162 wiki.zip.ad.ac
163 wiki.zip.ad.ad
164 wiki.zip.ad.ae
165 wiki.zip.ad.af
166 wiki.zip.ad.ag
167 wiki.zip.ad.ah
168 wiki.zip.ad.ai
169 wiki.zip.ad.aj
170 wiki.zip.ad.ak
171 wiki.zip.ad.al
172 wiki.zip.ad.am
173 wiki.zip.ad.an
174 wiki.zip.ad.ao
175 wiki.zip.ad.ap
176 wiki.zip.ad.aq
177 wiki.zip.ad.ar
178 wiki.zip.ad.as
179 wiki.zip.ad.at
180 wiki.zip.ad.au
181 wiki.zip.ad.av
182 wiki.zip.ad.aw
183 wiki.zip.ad.ax
184 wiki.zip.ad.ay
185 wiki.zip.ad.az
186 wiki.zip.ad.ba
187 wiki.zip.ad.bb
188 wiki.zip.ad.bc
189 wiki.zip.ad.bd
190 wiki.zip.ad.be
191 wiki.zip.ad.bf
192 wiki.zip.ad.bg
193 wiki.zip.ad.bh
194 wiki.zip.ad.bi
195 wiki.zip.ad.bj
196 wiki.zip.ad.bk
197 wiki.zip.ad.bl
198 wiki.zip.ad.bm
199 wiki.zip.ad.bn
200 wiki.zip.ad.bo
201 wiki.zip.ad.bp
202 wiki.zip.ad.bq
203 wiki.zip.ad.br
204 wiki.zip.ad.bs
205 wiki.zip.ad.bt
206 wiki.zip.ad.bu
207 wiki.zip.ad.bv
208 wiki.zip.ad.bw
209 wiki.zip.ad.bx
210 wiki.zip.ad.by
211 wiki.zip.ad.bz
212 wiki.zip.ad.ca
213 wiki.zip.ae.aa
214 wiki.zip.ae.ab
215 wiki.zip.ae.ac
216 wiki.zip.ae.ad
217 wiki.zip.ae.ae
218 wiki.zip.ae.af
219 wiki.zip.ae.ag
220 wiki.zip.ae.ah
221 wiki.zip.ae.ai
222 wiki.zip.ae.aj
223 wiki.zip.ae.ak
224 wiki.zip.ae.al
225 wiki.zip.ae.am
226 wiki.zip.ae.an
227 wiki.zip.ae.ao
228 wiki.zip.ae.ap
229 wiki.zip.ae.aq
230 wiki.zip.ae.ar
231 wiki.zip.ae.as
232 wiki.zip.ae.at
233 wiki.zip.ae.au
234 wiki.zip.ae.av
235 wiki.zip.ae.aw
236 wiki.zip.ae.ax
237 wiki.zip.ae.ay
238 wiki.zip.ae.az
239 wiki.zip.ae.ba
240 wiki.zip.ae.bb
241 wiki.zip.ae.bc
242 wiki.zip.ae.bd
243 wiki.zip.ae.be
244 wiki.zip.ae.bf
245 wiki.zip.ae.bg
246 wiki.zip.ae.bh
247 wiki.zip.ae.bi
248 wiki.zip.ae.bj
249 wiki.zip.ae.bk
250 wiki.zip.ae.bl
251 wiki.zip.ae.bm
252 wiki.zip.ae.bn
253 wiki.zip.ae.bo
254 wiki.zip.ae.bp
255 wiki.zip.ae.bq
256 wiki.zip.ae.br
257 wiki.zip.ae.bs
258 wiki.zip.ae.bt
259 wiki.zip.ae.bu
260 wiki.zip.ae.bv
261 wiki.zip.ae.bw
262 wiki.zip.ae.bx
263 wiki.zip.ae.by
264 wiki.zip.ae.bz
265 wiki.zip.ae.ca
266 wiki.zip.af.aa
267 wiki.zip.af.ab
268 wiki.zip.af.ac
269 wiki.zip.af.ad
270 wiki.zip.af.ae
271 wiki.zip.af.af
272 wiki.zip.af.ag
273 wiki.zip.af.ah
274 wiki.zip.af.ai
275 wiki.zip.af.aj
276 wiki.zip.af.ak
277 wiki.zip.af.al
278 wiki.zip.af.am
279 wiki.zip.af.an
280 wiki.zip.af.ao
281 wiki.zip.af.ap
282 wiki.zip.af.aq
283 wiki.zip.af.ar
284 wiki.zip.af.as
285 wiki.zip.af.at
286 wiki.zip.af.au
287 wiki.zip.af.av
288 wiki.zip.af.aw
289 wiki.zip.af.ax
290 wiki.zip.af.ay
291 wiki.zip.af.az
292 wiki.zip.af.ba
293 wiki.zip.af.bb
294 wiki.zip.af.bc
295 wiki.zip.af.bd
296 wiki.zip.af.be
297 wiki.zip.af.bf
298 wiki.zip.af.bg
299 wiki.zip.af.bh
300 wiki.zip.af.bi
301 wiki.zip.af.bj
302 wiki.zip.af.bk
303 wiki.zip.af.bl
304 wiki.zip.af.bm
305 wiki.zip.af.bn
306 wiki.zip.af.bo
307 wiki.zip.af.bp
308 wiki.zip.af.bq
309 wiki.zip.af.br
310 wiki.zip.af.bs
311 wiki.zip.af.bt
312 wiki.zip.af.bu
313 wiki.zip.af.bv
314 wiki.zip.af.bw
315 wiki.zip.af.bx
316 wiki.zip.af.by
317 wiki.zip.af.bz
318 wiki.zip.af.ca
319 wiki.zip.ag.aa
320 wiki.zip.ag.ab
321 wiki.zip.ag.ac
322 wiki.zip.ag.ad
323 wiki.zip.ag.ae
324 wiki.zip.ag.af
325 wiki.zip.ag.ag
326 wiki.zip.ag.ah
327 wiki.zip.ag.ai
328 wiki.zip.ag.aj
329 wiki.zip.ag.ak
330 wiki.zip.ag.al
331 wiki.zip.ag.am
332 wiki.zip.ag.an
333 wiki.zip.ag.ao
334 wiki.zip.ag.ap
335 wiki.zip.ag.aq
336 wiki.zip.ag.ar
337 wiki.zip.ag.as
338 wiki.zip.ag.at
339 wiki.zip.ag.au
340 wiki.zip.ag.av
341 wiki.zip.ag.aw
342 wiki.zip.ag.ax
343 wiki.zip.ag.ay
344 wiki.zip.ag.az
345 wiki.zip.ag.ba
346 wiki.zip.ag.bb
347 wiki.zip.ag.bc
348 wiki.zip.ag.bd
349 wiki.zip.ag.be
350 wiki.zip.ag.bf
351 wiki.zip.ag.bg
352 wiki.zip.ag.bh
353 wiki.zip.ag.bi
354 wiki.zip.ag.bj
355 wiki.zip.ag.bk
356 wiki.zip.ag.bl
357 wiki.zip.ag.bm
358 wiki.zip.ag.bn
359 wiki.zip.ag.bo
360 wiki.zip.ag.bp
361 wiki.zip.ag.bq
362 wiki.zip.ag.br
363 wiki.zip.ag.bs
364 wiki.zip.ag.bt
365 wiki.zip.ag.bu
366 wiki.zip.ag.bv
367 wiki.zip.ag.bw
368 wiki.zip.ag.bx
369 wiki.zip.ag.by
370 wiki.zip.ag.bz
371 wiki.zip.ag.ca
372 wiki.zip.ah.aa
373 wiki.zip.ah.ab
374 wiki.zip.ah.ac
375 wiki.zip.ah.ad
376 wiki.zip.ah.ae
377 wiki.zip.ah.af
378 wiki.zip.ah.ag
379 wiki.zip.ah.ah
380 wiki.zip.ah.ai
381 wiki.zip.ah.aj
382 wiki.zip.ah.ak
383 wiki.zip.ah.al
384 wiki.zip.ah.am
385 wiki.zip.ah.an
386 wiki.zip.ah.ao
387 wiki.zip.ah.ap
388 wiki.zip.ah.aq
389 wiki.zip.ah.ar
390 wiki.zip.ah.as
391 wiki.zip.ah.at
392 wiki.zip.ah.au
393 wiki.zip.ah.av
394 wiki.zip.ah.aw
395 wiki.zip.ah.ax
396 wiki.zip.ah.ay
397 wiki.zip.ah.az
398 wiki.zip.ah.ba
399 wiki.zip.ah.bb
400 wiki.zip.ah.bc
401 wiki.zip.ah.bd
402 wiki.zip.ah.be
403 wiki.zip.ah.bf
404 wiki.zip.ah.bg
405 wiki.zip.ah.bh
406 wiki.zip.ah.bi
407 wiki.zip.ah.bj
408 wiki.zip.ah.bk
409 wiki.zip.ah.bl
410 wiki.zip.ah.bm
411 wiki.zip.ah.bn
412 wiki.zip.ah.bo
413 wiki.zip.ah.bp
414 wiki.zip.ah.bq
415 wiki.zip.ah.br
416 wiki.zip.ah.bs
417 wiki.zip.ah.bt
418 wiki.zip.ah.bu
419 wiki.zip.ah.bv
420 wiki.zip.ah.bw
421 wiki.zip.ah.bx
422 wiki.zip.ah.by
423 wiki.zip.ah.bz
424 wiki.zip.ah.ca
425 wiki.zip.ai.aa
426 wiki.zip.ai.ab
427 wiki.zip.ai.ac
428 wiki.zip.ai.ad
429 wiki.zip.ai.ae
430 wiki.zip.ai.af
431 wiki.zip.ai.ag
432 wiki.zip.ai.ah
433 wiki.zip.ai.ai
434 wiki.zip.ai.aj
435 wiki.zip.ai.ak
436 wiki.zip.ai.al
437 wiki.zip.ai.am
438 wiki.zip.ai.an
439 wiki.zip.ai.ao
440 wiki.zip.ai.ap
441 wiki.zip.ai.aq
442 wiki.zip.ai.ar
443 wiki.zip.ai.as
444 wiki.zip.ai.at
445 wiki.zip.ai.au
446 wiki.zip.ai.av
447 wiki.zip.ai.aw
448 wiki.zip.ai.ax
449 wiki.zip.ai.ay
450 wiki.zip.ai.az
451 wiki.zip.ai.ba
452 wiki.zip.ai.bb
453 wiki.zip.ai.bc
454 wiki.zip.ai.bd
455 wiki.zip.ai.be
456 wiki.zip.ai.bf
457 wiki.zip.ai.bg
458 wiki.zip.ai.bh
459 wiki.zip.ai.bi
460 wiki.zip.ai.bj
461 wiki.zip.ai.bk
462 wiki.zip.ai.bl
463 wiki.zip.ai.bm
464 wiki.zip.ai.bn
465 wiki.zip.ai.bo
466 wiki.zip.ai.bp
467 wiki.zip.ai.bq
468 wiki.zip.ai.br
469 wiki.zip.ai.bs
470 wiki.zip.ai.bt
471 wiki.zip.ai.bu
472 wiki.zip.ai.bv
473 wiki.zip.ai.bw
474 wiki.zip.ai.bx
475 wiki.zip.ai.by
476 wiki.zip.ai.bz
477 wiki.zip.ai.ca
478 wiki.zip.aj.aa
479 wiki.zip.aj.ab
480 wiki.zip.aj.ac
481 wiki.zip.aj.ad
482 wiki.zip.aj.ae
483 wiki.zip.aj.af
484 wiki.zip.aj.ag
485 wiki.zip.aj.ah
486 wiki.zip.aj.ai
487 wiki.zip.aj.aj
488 wiki.zip.aj.ak
489 wiki.zip.aj.al
490 wiki.zip.aj.am
491 wiki.zip.aj.an
492 wiki.zip.aj.ao
493 wiki.zip.aj.ap
494 wiki.zip.aj.aq
495 wiki.zip.aj.ar
496 wiki.zip.aj.as
497 wiki.zip.aj.at
498 wiki.zip.aj.au
499 wiki.zip.aj.av
500 wiki.zip.aj.aw
501 wiki.zip.aj.ax
502 wiki.zip.aj.ay
503 wiki.zip.aj.az
504 wiki.zip.aj.ba
505 wiki.zip.aj.bb
506 wiki.zip.aj.bc
507 wiki.zip.aj.bd
508 wiki.zip.aj.be
509 wiki.zip.aj.bf
510 wiki.zip.aj.bg
511 wiki.zip.aj.bh
512 wiki.zip.aj.bi
513 wiki.zip.aj.bj
514 wiki.zip.aj.bk
515 wiki.zip.aj.bl
516 wiki.zip.aj.bm
517 wiki.zip.aj.bn
518 wiki.zip.aj.bo
519 wiki.zip.aj.bp
520 wiki.zip.aj.bq
521 wiki.zip.aj.br
522 wiki.zip.aj.bs
523 wiki.zip.aj.bt
524 wiki.zip.aj.bu
525 wiki.zip.aj.bv
526 wiki.zip.aj.bw
527 wiki.zip.aj.bx
528 wiki.zip.aj.by
529 wiki.zip.aj.bz
530 wiki.zip.aj.ca
531 wiki.zip.ak.aa
532 wiki.zip.ak.ab
533 wiki.zip.ak.ac
534 wiki.zip.ak.ad
535 wiki.zip.ak.ae
536 wiki.zip.ak.af
537 wiki.zip.ak.ag
538 wiki.zip.ak.ah
539 wiki.zip.ak.ai
540 wiki.zip.ak.aj
541 wiki.zip.ak.ak
542 wiki.zip.ak.al
543 wiki.zip.ak.am
544 wiki.zip.ak.an
545 wiki.zip.ak.ao
546 wiki.zip.ak.ap
547 wiki.zip.ak.aq
548 wiki.zip.ak.ar
549 wiki.zip.ak.as
550 wiki.zip.ak.at
551 wiki.zip.ak.au
552 wiki.zip.ak.av
553 wiki.zip.ak.aw
554 wiki.zip.ak.ax
555 wiki.zip.ak.ay
556 wiki.zip.ak.az
557 wiki.zip.ak.ba
558 wiki.zip.ak.bb
559 wiki.zip.ak.bc
560 wiki.zip.ak.bd
561 wiki.zip.ak.be
562 wiki.zip.ak.bf
563 wiki.zip.ak.bg
564 wiki.zip.ak.bh
565 wiki.zip.ak.bi
566 wiki.zip.ak.bj
567 wiki.zip.ak.bk
568 wiki.zip.ak.bl
569 wiki.zip.ak.bm
570 wiki.zip.ak.bn
571 wiki.zip.ak.bo
572 wiki.zip.ak.bp
573 wiki.zip.ak.bq
574 wiki.zip.ak.br
575 wiki.zip.ak.bs
576 wiki.zip.ak.bt
577 wiki.zip.ak.bu
578 wiki.zip.ak.bv
579 wiki.zip.ak.bw
580 wiki.zip.ak.bx
581 wiki.zip.ak.by
582 wiki.zip.ak.bz
583 wiki.zip.ak.ca
584 wiki.zip.al.aa
585 wiki.zip.al.ab
586 wiki.zip.al.ac
587 wiki.zip.al.ad
588 wiki.zip.al.ae
589 wiki.zip.al.af
590 wiki.zip.al.ag
591 wiki.zip.al.ah
592 wiki.zip.al.ai
593 wiki.zip.al.aj
594 wiki.zip.al.ak
595 wiki.zip.al.al
596 wiki.zip.al.am
597 wiki.zip.al.an
598 wiki.zip.al.ao
599 wiki.zip.al.ap
600 wiki.zip.al.aq
601 wiki.zip.al.ar
602 wiki.zip.al.as
603 wiki.zip.al.at
604 wiki.zip.al.au
605 wiki.zip.al.av
606 wiki.zip.al.aw
607 wiki.zip.al.ax
608 wiki.zip.al.ay
609 wiki.zip.al.az
610 wiki.zip.al.ba
611 wiki.zip.al.bb
612 wiki.zip.al.bc
613 wiki.zip.al.bd
614 wiki.zip.al.be
615 wiki.zip.al.bf
616 wiki.zip.al.bg
617 wiki.zip.al.bh
618 wiki.zip.al.bi
619 wiki.zip.al.bj
620 wiki.zip.al.bk
621 wiki.zip.al.bl
622 wiki.zip.al.bm
623 wiki.zip.al.bn
624 wiki.zip.al.bo
625 wiki.zip.al.bp
626 wiki.zip.al.bq
627 wiki.zip.al.br
628 wiki.zip.al.bs
629 wiki.zip.al.bt
630 wiki.zip.al.bu
631 wiki.zip.al.bv
632 wiki.zip.al.bw
633 wiki.zip.al.bx
634 wiki.zip.al.by
635 wiki.zip.al.bz
636 wiki.zip.al.ca
637 wiki.zip.am.aa
638 wiki.zip.am.ab
639 wiki.zip.am.ac
640 wiki.zip.am.ad
641 wiki.zip.am.ae
642 wiki.zip.am.af
643 wiki.zip.am.ag
644 wiki.zip.am.ah
645 wiki.zip.am.ai
646 wiki.zip.am.aj
647 wiki.zip.am.ak
648 wiki.zip.am.al
649 wiki.zip.am.am
650 wiki.zip.am.an
651 wiki.zip.am.ao
652 wiki.zip.am.ap
653 wiki.zip.am.aq
654 wiki.zip.am.ar
655 wiki.zip.am.as
656 wiki.zip.am.at
657 wiki.zip.am.au
658 wiki.zip.am.av
659 wiki.zip.am.aw
660 wiki.zip.am.ax
661 wiki.zip.am.ay
662 wiki.zip.am.az
663 wiki.zip.am.ba
664 wiki.zip.am.bb
665 wiki.zip.am.bc
666 wiki.zip.am.bd
667 wiki.zip.am.be
668 wiki.zip.am.bf
669 wiki.zip.am.bg
670 wiki.zip.am.bh
671 wiki.zip.am.bi
672 wiki.zip.am.bj
673 wiki.zip.am.bk
674 wiki.zip.am.bl
675 wiki.zip.am.bm
676 wiki.zip.am.bn
677 wiki.zip.am.bo
678 wiki.zip.am.bp
679 wiki.zip.am.bq
680 wiki.zip.am.br
681 wiki.zip.am.bs
682 wiki.zip.am.bt
683 wiki.zip.am.bu
684 wiki.zip.am.bv
685 wiki.zip.am.bw
686 wiki.zip.am.bx
687 wiki.zip.am.by
688 wiki.zip.am.bz
689 wiki.zip.am.ca
690 wiki.zip.an.aa
691 wiki.zip.an.ab
692 wiki.zip.an.ac
693 wiki.zip.an.ad
694 wiki.zip.an.ae
695 wiki.zip.an.af
696 wiki.zip.an.ag
697 wiki.zip.an.ah
1 wiki.zip.ah.bn
Already imported, skipping
2 wiki.zip.ae.ak
Retrieving t07772 27469 bafykbzaceczdhtvss7ewlw2frubyyduxfztvyxiksgtvesva7qqn6rwt5ik2m
2020-08-30T16:24:45.329Z	[33mWARN[0m	rpc	go-jsonrpc@v0.1.2-0.20200822201400-474f4fdccc52/client.go:430	unmarshaling failed	{"message": "{\"Err\":\"routing: not found\",\"Root\":null,\"Piece\":null,\"Size\":0,\"MinPrice\":\"\\u003cnil\\u003e\",\"UnsealPrice\":\"\\u003cnil\\u003e\",\"PaymentInterval\":0,\"PaymentIntervalIncrease\":0,\"Miner\":\"t07772\",\"MinerPeer\":{\"Address\":\"t07772\",\"ID\":\"12D3KooWDzSqLnGg1Pyv14EkB1dVhumGB7PUHubP8C3h377tNdz8\",\"PieceCID\":null}}"}
ERROR: RPC client error: unmarshaling result: failed to parse big string: '"\u003cnil\u003e"'

Command exited with non-zero status 1
0.06user 0.01system 0:20.30elapsed 0%CPU (0avgtext+0avgdata 36296maxresident)k
16inputs+0outputs (0major+3652minor)pagefaults 0swaps
Skipping ahead

1 wiki.zip.ad.be
Already imported, skipping
2 wiki.zip.ad.al
Already imported, skipping
3 wiki.zip.ak.br
Already imported, skipping
4 wiki.zip.ai.ba
Already have log for t02620 2687 bafykbzaceaghcsjcpwc5br6nxubgurdkuygjmijahc2svwn22tgfbxi76e42w
Already have log for t07956 4505 bafykbzaceaghcsjcpwc5br6nxubgurdkuygjmijahc2svwn22tgfbxi76e42w
Retrieving t03544 26010 bafykbzaceaghcsjcpwc5br6nxubgurdkuygjmijahc2svwn22tgfbxi76e42w
> Recv: 0 B, Paid 0 FIL, ClientEventOpen (DealStatusNew)
> Recv: 0 B, Paid 0 FIL, ClientEventDealProposed (DealStatusWaitForAcceptance)
> Recv: 0 B, Paid 0 FIL, ClientEventDealAccepted (DealStatusAccepted)
> Recv: 0 B, Paid 0 FIL,  (DealStatusErrored)
> Recv: 0 B, Paid 0 FIL, ClientEventOpen (DealStatusNew)
ERROR: retrieval failed: Retrieve: Retrieval Error: Provider cancelled retrieval due to error

Command exited with non-zero status 1
0.05user 0.03system 0:02.08elapsed 4%CPU (0avgtext+0avgdata 37444maxresident)k
0inputs+0outputs (0major+3796minor)pagefaults 0swaps
Skipping ahead

1 wiki.zip.am.ax
Already imported, skipping
2 wiki.zip.ae.ag
Already imported, skipping
3 wiki.zip.al.ao
Already imported, skipping
4 wiki.zip.ag.bt
Already imported, skipping
5 wiki.zip.ah.ap
Already imported, skipping
6 wiki.zip.aj.ax
Already imported, skipping
7 wiki.zip.ac.bt
Already imported, skipping
8 wiki.zip.ab.ah
Retrieving t07710 7232 bafykbzaceaoq5zqqg4wfhjnz5pnuoobxvthygnpw5uf72qgbeov7nsxdkp4js
2020-08-30T16:24:52.405Z	[33mWARN[0m	rpc	go-jsonrpc@v0.1.2-0.20200822201400-474f4fdccc52/client.go:430	unmarshaling failed	{"message": "{\"Err\":\"failed to dial 12D3KooWBPbrPaBFsrKYk7rXpcsA2S5FxDgfAzxxa2RLRmUYXtcL: all dials failed\\n  * [/ip4/65.181.71.9/tcp/5472] failed to negotiate security protocol: peer id mismatch: expected 12D3KooWBPbrPaBFsrKYk7rXpcsA2S5FxDgfAzxxa2RLRmUYXtcL, but remote key matches 12D3KooWKscwJYDX6G8XZ8Vi1k2Mrbz7NX86PgZN2XreBuSQYxUA\",\"Root\":null,\"Piece\":null,\"Size\":0,\"MinPrice\":\"\\u003cnil\\u003e\",\"UnsealPrice\":\"\\u003cnil\\u003e\",\"PaymentInterval\":0,\"PaymentIntervalIncrease\":0,\"Miner\":\"t07710\",\"MinerPeer\":{\"Address\":\"t07710\",\"ID\":\"12D3KooWBPbrPaBFsrKYk7rXpcsA2S5FxDgfAzxxa2RLRmUYXtcL\",\"PieceCID\":null}}"}
ERROR: RPC client error: unmarshaling result: failed to parse big string: '"\u003cnil\u003e"'

Command exited with non-zero status 1
0.04user 0.03system 0:00.73elapsed 10%CPU (0avgtext+0avgdata 36944maxresident)k
0inputs+0outputs (0major+3678minor)pagefaults 0swaps
Skipping ahead

1 wiki.zip.ag.av
Already imported, skipping
2 wiki.zip.am.bo
Already imported, skipping
3 wiki.zip.aj.bp
Already imported, skipping
4 wiki.zip.ab.at
Already imported, skipping
5 wiki.zip.ah.bf
Already imported, skipping
6 wiki.zip.ae.bw
Already imported, skipping
7 wiki.zip.al.bn
Retrieving t02658 4624 bafykbzaceb3v7zonrzpbs2l5ipmxlxptjurbrhzavn7zw74gvtghj745ycxwm
> Recv: 0 B, Paid 0 FIL, ClientEventOpen (DealStatusNew)
> Recv: 0 B, Paid 0 FIL, ClientEventDealProposed (DealStatusWaitForAcceptance)
> Recv: 0 B, Paid 0 FIL, ClientEventDealAccepted (DealStatusAccepted)
> Recv: 0 B, Paid 0 FIL, ClientEventPaymentChannelAddingFunds (DealStatusPaymentChannelAddingFunds)
> Recv: 0 B, Paid 0 FIL, ClientEventPaymentChannelReady (DealStatusOngoing)
ERROR: retrieval timed out

Command exited with non-zero status 124
0.15user 0.12system 17:00.01elapsed 0%CPU (0avgtext+0avgdata 35216maxresident)k
24840inputs+0outputs (2922major+4629minor)pagefaults 0swaps
Skipping ahead

1 wiki.zip.ab.ak
Already imported, skipping
2 wiki.zip.ah.bl
Already imported, skipping
3 wiki.zip.ak.at
Already imported, skipping
4 wiki.zip.am.ac
Already imported, skipping
5 wiki.zip.ah.ad
Already imported, skipping
6 wiki.zip.ak.bu
Already imported, skipping
7 wiki.zip.ac.be
Already imported, skipping
8 wiki.zip.al.as
Already imported, skipping
9 wiki.zip.aj.bf
Already have log for t07956 3256 bafykbzacead7kyucze6llqxqgodz7b7vstbocpaclnfubuvhokr5oofkpceei
Retrieving t02658 22504 bafykbzacead7kyucze6llqxqgodz7b7vstbocpaclnfubuvhokr5oofkpceei
> Recv: 0 B, Paid 0 FIL, ClientEventOpen (DealStatusNew)
> Recv: 0 B, Paid 0 FIL, ClientEventDealProposed (DealStatusWaitForAcceptance)
> Recv: 0 B, Paid 0 FIL, ClientEventDealAccepted (DealStatusAccepted)
> Recv: 0 B, Paid 0 FIL, ClientEventPaymentChannelAddingFunds (DealStatusPaymentChannelAddingFunds)
> Recv: 0 B, Paid 0 FIL, ClientEventPaymentChannelReady (DealStatusOngoing)
ERROR: retrieval timed out

Command exited with non-zero status 124
0.13user 0.17system 17:00.01elapsed 0%CPU (0avgtext+0avgdata 34064maxresident)k
47096inputs+0outputs (4529major+5000minor)pagefaults 0swaps
Skipping ahead

1 wiki.zip.ai.am
Already imported, skipping
2 wiki.zip.ac.ad
Already have log for t07924 4221 bafykbzacea5rgermyfndic6aocargixsclhl32nsbkrf4dfzji27xnqz22ygq
Already have log for t03264 24979 bafykbzacea5rgermyfndic6aocargixsclhl32nsbkrf4dfzji27xnqz22ygq
Retrieving t02613 29978 bafykbzacea5rgermyfndic6aocargixsclhl32nsbkrf4dfzji27xnqz22ygq
> Recv: 0 B, Paid 0 FIL, ClientEventOpen (DealStatusNew)
> Recv: 0 B, Paid 0 FIL, ClientEventDealProposed (DealStatusWaitForAcceptance)
> Recv: 0 B, Paid 0 FIL, ClientEventDealAccepted (DealStatusAccepted)
> Recv: 0 B, Paid 0 FIL, ClientEventPaymentChannelAddingFunds (DealStatusPaymentChannelAddingFunds)
> Recv: 269 B, Paid 0 FIL, ClientEventBlocksReceived (DealStatusPaymentChannelAddingFunds)
2020-08-30T17:02:32.562Z	[34mINFO[0m	rpc	go-jsonrpc@v0.1.2-0.20200822201400-474f4fdccc52/client.go:213	rpc output message buffer	{"n": 2}
2020-08-30T17:02:32.571Z	[34mINFO[0m	rpc	go-jsonrpc@v0.1.2-0.20200822201400-474f4fdccc52/client.go:213	rpc output message buffer	{"n": 2}
2020-08-30T17:02:32.571Z	[34mINFO[0m	rpc	go-jsonrpc@v0.1.2-0.20200822201400-474f4fdccc52/client.go:213	rpc output message buffer	{"n": 3}
> Recv: 269 B, Paid 0 FIL, ClientEventPaymentRequested (DealStatusPaymentChannelAddingFunds)
2020-08-30T17:02:32.571Z	[34mINFO[0m	rpc	go-jsonrpc@v0.1.2-0.20200822201400-474f4fdccc52/client.go:213	rpc output message buffer	{"n": 4}
> Recv: 1 MiB, Paid 0 FIL, ClientEventBlocksReceived (DealStatusPaymentChannelAddingFunds)
> Recv: 1 MiB, Paid 0 FIL, ClientEventPaymentChannelReady (DealStatusOngoing)
> Recv: 1 MiB, Paid 0 FIL, ClientEventPaymentRequested (DealStatusFundsNeeded)
> Recv: 1 MiB, Paid 0 FIL, ClientEventSendFunds (DealStatusSendFunds)
> Recv: 1 MiB, Paid 0.00000000000209769 FIL, ClientEventPaymentSent (DealStatusOngoing)
> Recv: 2 MiB, Paid 0.00000000000209769 FIL, ClientEventBlocksReceived (DealStatusOngoing)
> Recv: 2 MiB, Paid 0.00000000000209769 FIL, ClientEventPaymentRequested (DealStatusFundsNeeded)
> Recv: 3 MiB, Paid 0.00000000000209769 FIL, ClientEventBlocksReceived (DealStatusFundsNeeded)
> Recv: 3 MiB, Paid 0.00000000000209769 FIL, ClientEventSendFunds (DealStatusSendFunds)
> Recv: 3 MiB, Paid 0.000000000006291994 FIL, ClientEventPaymentSent (DealStatusOngoing)
> Recv: 4 MiB, Paid 0.000000000006291994 FIL, ClientEventBlocksReceived (DealStatusOngoing)
> Recv: 4 MiB, Paid 0.000000000006291994 FIL, ClientEventLastPaymentRequested (DealStatusFundsNeededLastPayment)
> Recv: 4.769 MiB, Paid 0.000000000006291994 FIL, ClientEventBlocksReceived (DealStatusFundsNeededLastPayment)
> Recv: 4.769 MiB, Paid 0.000000000006291994 FIL, ClientEventAllBlocksReceived (DealStatusSendFundsLastPayment)
> Recv: 4.769 MiB, Paid 0.000000000010000538 FIL, ClientEventPaymentSent (DealStatusFinalizing)
> Recv: 4.769 MiB, Paid 0.000000000010000538 FIL, ClientEventComplete (DealStatusCompleted)
Success
0.09user 0.04system 3:41.52elapsed 0%CPU (0avgtext+0avgdata 35756maxresident)k
7704inputs+0outputs (792major+3999minor)pagefaults 0swaps
Skipping ahead

1 wiki.zip.am.bt
Already imported, skipping
2 wiki.zip.ab.ao
Already imported, skipping
3 wiki.zip.ab.bq
Already imported, skipping
4 wiki.zip.ak.ak
Already imported, skipping
5 wiki.zip.ae.af
Already imported, skipping
6 wiki.zip.ae.bo
Already imported, skipping
7 wiki.zip.ae.ai
Already imported, skipping
8 wiki.zip.aj.bj
Already imported, skipping
9 wiki.zip.al.bh
Already imported, skipping
10 wiki.zip.aa.bf
Already have log for t07848 2989 bafykbzacecaxbtypq6lfpkduiwg4lw434y772gb3em7tzaexmrj4m5itpn6rq
Retrieving t03314 8230 bafykbzacecaxbtypq6lfpkduiwg4lw434y772gb3em7tzaexmrj4m5itpn6rq
ERROR: The received offer errored: retrieval query offer errored: get cid info: No state for /bafykbzacecaxbtypq6lfpkduiwg4lw434y772gb3em7tzaexmrj4m5itpn6rq: datastore: key not found

Command exited with non-zero status 1
0.05user 0.03system 0:01.35elapsed 7%CPU (0avgtext+0avgdata 37432maxresident)k
26240inputs+0outputs (173major+3733minor)pagefaults 0swaps
Skipping ahead

1 wiki.zip.al.an
Already imported, skipping
2 wiki.zip.ad.bo
Already imported, skipping
3 wiki.zip.af.bk
Already imported, skipping
4 wiki.zip.ah.bo
Already imported, skipping
5 wiki.zip.al.bs
Already imported, skipping
6 wiki.zip.ak.ad
Already have log for t03314 7845 bafykbzaceczlo6l6zzz2ayaizw7jxsvjrfumbimkepfmcsfzl6julmbghaxjm
Already have log for t03544 36531 bafykbzaceczlo6l6zzz2ayaizw7jxsvjrfumbimkepfmcsfzl6julmbghaxjm

0 wiki.zip.am.au
Already imported, skipping
1 wiki.zip.ak.ac
Already imported, skipping
2 wiki.zip.ae.bi
Already imported, skipping
3 wiki.zip.ae.bg
Already imported, skipping
4 wiki.zip.af.bi
Already imported, skipping
5 wiki.zip.ah.bb
Already imported, skipping
6 wiki.zip.ac.bk
Already imported, skipping
7 wiki.zip.am.bu
Already imported, skipping
8 wiki.zip.ai.av
Already imported, skipping
9 wiki.zip.af.ap
Already imported, skipping
10 wiki.zip.am.bj
Already imported, skipping
11 wiki.zip.ag.bl
Already imported, skipping
12 wiki.zip.ae.an
Already imported, skipping
13 wiki.zip.ac.aq
Already imported, skipping
14 wiki.zip.ac.bj
Already imported, skipping
15 wiki.zip.aa.ad
Already imported, skipping
16 wiki.zip.ab.aa
Already imported, skipping
17 wiki.zip.af.br
Already imported, skipping
18 wiki.zip.al.aw
Already imported, skipping
19 wiki.zip.ad.ak
Already imported, skipping
20 wiki.zip.af.bs
Already imported, skipping
21 wiki.zip.aa.ag
Already imported, skipping
22 wiki.zip.ah.bx
Already imported, skipping
23 wiki.zip.aj.ar
Already imported, skipping
24 wiki.zip.aa.af
Already imported, skipping
25 wiki.zip.al.ag
Already imported, skipping
26 wiki.zip.ak.bn
Already imported, skipping
27 wiki.zip.al.ca
Already imported, skipping
28 wiki.zip.ag.ao
Already imported, skipping
29 wiki.zip.ad.az
Already imported, skipping
30 wiki.zip.ab.aj
Already imported, skipping
31 wiki.zip.af.by
Already imported, skipping
32 wiki.zip.ac.as
Already imported, skipping
33 wiki.zip.ai.ay
Already imported, skipping
34 wiki.zip.an.aa
Already imported, skipping
35 wiki.zip.al.by
Retrieving t03345 6940 bafykbzaceb4dskcys3z2wbnavyz4ykuv4scbh2qswvrloki47n2hxw5sg2bxc
> Recv: 0 B, Paid 0 FIL, ClientEventOpen (DealStatusNew)
> Recv: 0 B, Paid 0 FIL, ClientEventDealProposed (DealStatusWaitForAcceptance)
> Recv: 0 B, Paid 0 FIL, ClientEventDealAccepted (DealStatusAccepted)
> Recv: 0 B, Paid 0 FIL, ClientEventPaymentChannelAddingFunds (DealStatusPaymentChannelAddingFunds)
> Recv: 0 B, Paid 0 FIL, ClientEventPaymentChannelReady (DealStatusOngoing)
ERROR: retrieval timed out

Command exited with non-zero status 124
0.19user 0.16system 17:00.03elapsed 0%CPU (0avgtext+0avgdata 34200maxresident)k
40952inputs+0outputs (4729major+5128minor)pagefaults 0swaps
Skipping ahead

1 wiki.zip.ad.ay
Already imported, skipping
2 wiki.zip.ai.ab
Already imported, skipping
3 wiki.zip.am.af
Already imported, skipping
4 wiki.zip.al.ar
Already imported, skipping
5 wiki.zip.ai.by
Already have log for t03194 16135 bafykbzaceb2ehrg3opandajwmx3clrn5nndhorm5qeyxwnhqt2bza22qx2n34
Retrieving t07987 30134 bafykbzaceb2ehrg3opandajwmx3clrn5nndhorm5qeyxwnhqt2bza22qx2n34
2020-08-30T17:19:52.553Z	[33mWARN[0m	rpc	go-jsonrpc@v0.1.2-0.20200822201400-474f4fdccc52/client.go:430	unmarshaling failed	{"message": "{\"Err\":\"EOF\",\"Root\":null,\"Piece\":null,\"Size\":0,\"MinPrice\":\"\\u003cnil\\u003e\",\"UnsealPrice\":\"\\u003cnil\\u003e\",\"PaymentInterval\":0,\"PaymentIntervalIncrease\":0,\"Miner\":\"t07987\",\"MinerPeer\":{\"Address\":\"t07987\",\"ID\":\"12D3KooWHHR2Ee71ENUmcUkEdxhZoEd7qtUebDcHYj1tA2Hy32wJ\",\"PieceCID\":null}}"}
ERROR: RPC client error: unmarshaling result: failed to parse big string: '"\u003cnil\u003e"'

Command exited with non-zero status 1
0.07user 0.01system 0:01.29elapsed 6%CPU (0avgtext+0avgdata 37324maxresident)k
840inputs+0outputs (4major+3723minor)pagefaults 0swaps
Skipping ahead

1 wiki.zip.aa.bt
Already imported, skipping
2 wiki.zip.ag.bn
Already imported, skipping
3 wiki.zip.am.ak
Already imported, skipping
4 wiki.zip.ad.au
Already imported, skipping
5 wiki.zip.ab.ad
Already have log for t01272 2474 bafykbzacechfhxptzekpsllxynq7sr3vt3g2zk66b3mc7eehqase5sksjpnps
Already have log for t08448 37128 bafykbzacechfhxptzekpsllxynq7sr3vt3g2zk66b3mc7eehqase5sksjpnps

0 wiki.zip.ab.ay
Already imported, skipping
1 wiki.zip.ah.bk
Already imported, skipping
2 wiki.zip.ad.bm
Already imported, skipping
3 wiki.zip.al.ak
Already imported, skipping
4 wiki.zip.am.bn
Already imported, skipping
5 wiki.zip.ac.az
Already imported, skipping
6 wiki.zip.ak.au
Already imported, skipping
7 wiki.zip.ad.av
Already imported, skipping
8 wiki.zip.ae.ac
Already have log for t03194 13945 bafykbzacedxhhm4nllqq27aplefzr2rl5dj6ixwnv2ybozehukwtrjm7i7oam
Retrieving t07826 25342 bafykbzacedxhhm4nllqq27aplefzr2rl5dj6ixwnv2ybozehukwtrjm7i7oam
2020-08-30T17:19:57.926Z	[33mWARN[0m	rpc	go-jsonrpc@v0.1.2-0.20200822201400-474f4fdccc52/client.go:430	unmarshaling failed	{"message": "{\"Err\":\"dial backoff\",\"Root\":null,\"Piece\":null,\"Size\":0,\"MinPrice\":\"\\u003cnil\\u003e\",\"UnsealPrice\":\"\\u003cnil\\u003e\",\"PaymentInterval\":0,\"PaymentIntervalIncrease\":0,\"Miner\":\"t07826\",\"MinerPeer\":{\"Address\":\"t07826\",\"ID\":\"12D3KooWMM8aJ2xoFUw39een9nwmiJSrxZ2g9weyVEj3VjUPDenJ\",\"PieceCID\":null}}"}
ERROR: RPC client error: unmarshaling result: failed to parse big string: '"\u003cnil\u003e"'

Command exited with non-zero status 1
0.06user 0.03system 0:00.14elapsed 63%CPU (0avgtext+0avgdata 36452maxresident)k
14496inputs+0outputs (106major+3665minor)pagefaults 0swaps
Skipping ahead

1 wiki.zip.ag.be
Already imported, skipping
2 wiki.zip.ac.aj
Already imported, skipping
3 wiki.zip.af.bw
Already imported, skipping
4 wiki.zip.ac.bv
Already have log for t07956 3061 bafykbzacec2bk3ghyodtlbzkhmdk5ju64qo26xsta4ra5eltqjdgcuh75qhyc
Retrieving t07710 8396 bafykbzacec2bk3ghyodtlbzkhmdk5ju64qo26xsta4ra5eltqjdgcuh75qhyc
2020-08-30T17:20:00.776Z	[33mWARN[0m	rpc	go-jsonrpc@v0.1.2-0.20200822201400-474f4fdccc52/client.go:430	unmarshaling failed	{"message": "{\"Err\":\"failed to dial 12D3KooWBPbrPaBFsrKYk7rXpcsA2S5FxDgfAzxxa2RLRmUYXtcL: all dials failed\\n  * [/ip4/65.181.71.9/tcp/5472] failed to negotiate security protocol: peer id mismatch: expected 12D3KooWBPbrPaBFsrKYk7rXpcsA2S5FxDgfAzxxa2RLRmUYXtcL, but remote key matches 12D3KooWKscwJYDX6G8XZ8Vi1k2Mrbz7NX86PgZN2XreBuSQYxUA\",\"Root\":null,\"Piece\":null,\"Size\":0,\"MinPrice\":\"\\u003cnil\\u003e\",\"UnsealPrice\":\"\\u003cnil\\u003e\",\"PaymentInterval\":0,\"PaymentIntervalIncrease\":0,\"Miner\":\"t07710\",\"MinerPeer\":{\"Address\":\"t07710\",\"ID\":\"12D3KooWBPbrPaBFsrKYk7rXpcsA2S5FxDgfAzxxa2RLRmUYXtcL\",\"PieceCID\":null}}"}
ERROR: RPC client error: unmarshaling result: failed to parse big string: '"\u003cnil\u003e"'

Command exited with non-zero status 1
0.06user 0.01system 0:00.76elapsed 10%CPU (0avgtext+0avgdata 36780maxresident)k
2808inputs+0outputs (35major+3737minor)pagefaults 0swaps
Skipping ahead

1 wiki.zip.am.bd
Retrieving t02658 4660 bafykbzaced2c644q6is7izfmpkt74xv2ursvfvorpimm2ugi5ukusai76zucs
> Recv: 0 B, Paid 0 FIL, ClientEventOpen (DealStatusNew)
> Recv: 0 B, Paid 0 FIL, ClientEventDealProposed (DealStatusWaitForAcceptance)
> Recv: 0 B, Paid 0 FIL, ClientEventDealAccepted (DealStatusAccepted)
> Recv: 0 B, Paid 0 FIL, ClientEventPaymentChannelAddingFunds (DealStatusPaymentChannelAddingFunds)
> Recv: 0 B, Paid 0 FIL, ClientEventPaymentChannelReady (DealStatusOngoing)
ERROR: retrieval timed out

Command exited with non-zero status 124
0.12user 0.19system 17:00.01elapsed 0%CPU (0avgtext+0avgdata 35080maxresident)k
34920inputs+0outputs (3939major+4741minor)pagefaults 0swaps
Skipping ahead

1 wiki.zip.ad.br
Already imported, skipping
2 wiki.zip.ai.au
Already imported, skipping
3 wiki.zip.al.bk
Already imported, skipping
4 wiki.zip.aa.bo
Already have log for t09707 24731 bafykbzacecdohcfzj2klg5f3w7oh5kadxroev3l3sryqz747lb7vx32w7dxm6
Already have log for t02658 27777 bafykbzacecdohcfzj2klg5f3w7oh5kadxroev3l3sryqz747lb7vx32w7dxm6
Already have log for t08399 27953 bafykbzacecdohcfzj2klg5f3w7oh5kadxroev3l3sryqz747lb7vx32w7dxm6
Retrieving t09731 28168 bafykbzacecdohcfzj2klg5f3w7oh5kadxroev3l3sryqz747lb7vx32w7dxm6
> Recv: 0 B, Paid 0 FIL, ClientEventOpen (DealStatusNew)
> Recv: 0 B, Paid 0 FIL, ClientEventDealProposed (DealStatusWaitForAcceptance)
> Recv: 0 B, Paid 0 FIL, ClientEventDealAccepted (DealStatusAccepted)
> Recv: 0 B, Paid 0 FIL,  (DealStatusErrored)
> Recv: 0 B, Paid 0 FIL, ClientEventOpen (DealStatusNew)
ERROR: retrieval failed: Retrieve: Retrieval Error: Provider cancelled retrieval due to error

Command exited with non-zero status 1
0.09user 0.08system 4:20.17elapsed 0%CPU (0avgtext+0avgdata 34856maxresident)k
15000inputs+0outputs (1234major+4224minor)pagefaults 0swaps
Skipping ahead

1 wiki.zip.am.bw
Already imported, skipping
2 wiki.zip.ai.bh
Already imported, skipping
3 wiki.zip.ae.bn
Already imported, skipping
4 wiki.zip.ak.bv
Already have log for t03194 26490 bafykbzacec5g4z7cxep2le3mhtfqblq2lvmno6nscfxjlvv2svzraknkqerdk
Retrieving t03512 28064 bafykbzacec5g4z7cxep2le3mhtfqblq2lvmno6nscfxjlvv2svzraknkqerdk
ERROR: The received offer errored: retrieval query offer errored: get cid info: No state for /bafykbzacec5g4z7cxep2le3mhtfqblq2lvmno6nscfxjlvv2svzraknkqerdk: datastore: key not found

Command exited with non-zero status 1
0.05user 0.05system 0:00.35elapsed 29%CPU (0avgtext+0avgdata 36640maxresident)k
30568inputs+0outputs (177major+3686minor)pagefaults 0swaps
Skipping ahead

1 wiki.zip.ai.bo
Already imported, skipping
2 wiki.zip.aa.ax
Already imported, skipping
3 wiki.zip.ae.bp
Already imported, skipping
4 wiki.zip.ad.at
Already imported, skipping
5 wiki.zip.ak.ca
Already imported, skipping
6 wiki.zip.am.aq
Already imported, skipping
7 wiki.zip.am.az
Already imported, skipping
8 wiki.zip.ag.bz
Already imported, skipping
9 wiki.zip.af.ac
Already imported, skipping
10 wiki.zip.ac.af
Already have log for t07710 7327 bafykbzaceanddqveqcxloe4j4nx3uedl6zvjyxtavgil642bqh6hd4lyot6eo
Already have log for t03194 15586 bafykbzaceanddqveqcxloe4j4nx3uedl6zvjyxtavgil642bqh6hd4lyot6eo
Already have log for t02421 17480 bafykbzaceanddqveqcxloe4j4nx3uedl6zvjyxtavgil642bqh6hd4lyot6eo

0 wiki.zip.ak.ao
Already imported, skipping
1 wiki.zip.am.be
Already imported, skipping
2 wiki.zip.ad.bt
Already imported, skipping
3 wiki.zip.al.bl
Already imported, skipping
4 wiki.zip.ah.ak
Already imported, skipping
5 wiki.zip.aj.bk
Already imported, skipping
6 wiki.zip.ac.bu
Already imported, skipping
7 wiki.zip.af.ao
Retrieving t03314 8491 bafykbzaceay2inqiryvagkar325wcy6ds5rygip5z54p7fap5ymba4ho6cybw
ERROR: The received offer errored: retrieval query offer errored: get cid info: No state for /bafykbzaceay2inqiryvagkar325wcy6ds5rygip5z54p7fap5ymba4ho6cybw: datastore: key not found

Command exited with non-zero status 1
0.06user 0.01system 0:00.31elapsed 25%CPU (0avgtext+0avgdata 36708maxresident)k
9856inputs+0outputs (66major+3824minor)pagefaults 0swaps
Skipping ahead

1 wiki.zip.af.bo
Already imported, skipping
2 wiki.zip.ae.bx
Already imported, skipping
3 wiki.zip.ab.by
Already imported, skipping
4 wiki.zip.af.bj
Already imported, skipping
5 wiki.zip.ag.ba
Already imported, skipping
6 wiki.zip.ac.ba
Already imported, skipping
7 wiki.zip.aj.bx
Already imported, skipping
8 wiki.zip.ah.at
Already imported, skipping
9 wiki.zip.ag.ar
Already imported, skipping
10 wiki.zip.ai.at
Already imported, skipping
11 wiki.zip.af.ba
Already imported, skipping
12 wiki.zip.am.ao
Already imported, skipping
13 wiki.zip.ab.bu
Already imported, skipping
14 wiki.zip.ak.ap
Already imported, skipping
15 wiki.zip.ac.aw
Already imported, skipping
16 wiki.zip.ag.ae
Already imported, skipping
17 wiki.zip.ah.bw
Already imported, skipping
18 wiki.zip.ae.bs
Already imported, skipping
19 wiki.zip.al.bw
Already imported, skipping
20 wiki.zip.ai.ad
Already imported, skipping
21 wiki.zip.ak.bw
Already imported, skipping
22 wiki.zip.af.bh
Already imported, skipping
23 wiki.zip.ae.bq
Already imported, skipping
24 wiki.zip.ab.bh
Already imported, skipping
25 wiki.zip.ab.bw
Already imported, skipping
26 wiki.zip.ah.bq
Already imported, skipping
27 wiki.zip.ab.bp
Already imported, skipping
28 wiki.zip.ae.bf
Already imported, skipping
29 wiki.zip.ae.bh
Already imported, skipping
30 wiki.zip.ag.bf
Already imported, skipping
31 wiki.zip.af.bm
Already imported, skipping
32 wiki.zip.aj.bi
Already imported, skipping
33 wiki.zip.ah.ae
Already imported, skipping
34 wiki.zip.ak.bb
Already imported, skipping
35 wiki.zip.ad.ao
Already imported, skipping
36 wiki.zip.ae.ah
Already imported, skipping
37 wiki.zip.ae.ad
Already imported, skipping
38 wiki.zip.an.ag
Already imported, skipping
39 wiki.zip.ac.av
Already imported, skipping
40 wiki.zip.aa.bu
Already imported, skipping
41 wiki.zip.ad.aj
Already imported, skipping
42 wiki.zip.af.bu
Already imported, skipping
43 wiki.zip.ad.ar
Already imported, skipping
44 wiki.zip.ae.ax
Already imported, skipping
45 wiki.zip.aj.br
Already imported, skipping
46 wiki.zip.af.ar
Already imported, skipping
47 wiki.zip.aj.bd
Already imported, skipping
48 wiki.zip.ab.az
Already imported, skipping
49 wiki.zip.aa.bl
Already imported, skipping
50 wiki.zip.am.aj
Already imported, skipping
51 wiki.zip.ab.ca
Already imported, skipping
52 wiki.zip.ac.bf
Retrieving t07956 4850 bafykbzacedplymg67hduvitxcgax2gxko5g4kr2mt375yhmo2r7lxui7mvwm6
> Recv: 0 B, Paid 0 FIL, ClientEventOpen (DealStatusNew)
> Recv: 0 B, Paid 0 FIL, ClientEventDealProposed (DealStatusWaitForAcceptance)
> Recv: 0 B, Paid 0 FIL, ClientEventDealAccepted (DealStatusAccepted)
> Recv: 0 B, Paid 0 FIL,  (DealStatusErrored)
> Recv: 0 B, Paid 0 FIL, ClientEventOpen (DealStatusNew)
ERROR: retrieval failed: Retrieve: Retrieval Error: Provider cancelled retrieval due to error

Command exited with non-zero status 1
0.05user 0.01system 0:00.58elapsed 12%CPU (0avgtext+0avgdata 36900maxresident)k
280inputs+0outputs (2major+3812minor)pagefaults 0swaps
Skipping ahead

1 wiki.zip.ag.an
Already imported, skipping
2 wiki.zip.ac.aa
Already imported, skipping
3 wiki.zip.ae.ba
Already have log for t03194 4342 bafykbzaceb5isdqydvp4xwxobm3p6duorcxmq6msqfl6uuotys2r4rbmqo6t4
Retrieving t01101 7430 bafykbzaceb5isdqydvp4xwxobm3p6duorcxmq6msqfl6uuotys2r4rbmqo6t4
2020-08-30T17:43:05.222Z	[33mWARN[0m	rpc	go-jsonrpc@v0.1.2-0.20200822201400-474f4fdccc52/client.go:430	unmarshaling failed	{"message": "{\"Err\":\"routing: not found\",\"Root\":null,\"Piece\":null,\"Size\":0,\"MinPrice\":\"\\u003cnil\\u003e\",\"UnsealPrice\":\"\\u003cnil\\u003e\",\"PaymentInterval\":0,\"PaymentIntervalIncrease\":0,\"Miner\":\"t01101\",\"MinerPeer\":{\"Address\":\"t01101\",\"ID\":\"12D3KooWHVMwGpckqaCf7UeSKo7d4hRQcp5SYkkgeQS97UQFxFyL\",\"PieceCID\":null}}"}
ERROR: RPC client error: unmarshaling result: failed to parse big string: '"\u003cnil\u003e"'

Command exited with non-zero status 1
0.07user 0.01system 1:26.50elapsed 0%CPU (0avgtext+0avgdata 34276maxresident)k
2632inputs+0outputs (166major+3870minor)pagefaults 0swaps
Skipping ahead

1 wiki.zip.ab.bg
Already imported, skipping
2 wiki.zip.aj.as
Already imported, skipping
3 wiki.zip.aj.af
Already have log for t02665 26038 bafykbzacebvso5he53oag4kci6r2xhbg6wl5dmjunxcrkvfdvwpq6bsyteqee
Retrieving t08988 27371 bafykbzacebvso5he53oag4kci6r2xhbg6wl5dmjunxcrkvfdvwpq6bsyteqee
> Recv: 0 B, Paid 0 FIL, ClientEventOpen (DealStatusNew)
> Recv: 0 B, Paid 0 FIL, ClientEventDealProposed (DealStatusWaitForAcceptance)
> Recv: 0 B, Paid 0 FIL, ClientEventDealAccepted (DealStatusAccepted)
> Recv: 0 B, Paid 0 FIL, ClientEventPaymentChannelAddingFunds (DealStatusPaymentChannelAddingFunds)
> Recv: 0 B, Paid 0 FIL, ClientEventPaymentChannelReady (DealStatusOngoing)
ERROR: retrieval timed out

Command exited with non-zero status 124
0.17user 0.17system 17:00.02elapsed 0%CPU (0avgtext+0avgdata 35408maxresident)k
63152inputs+0outputs (4686major+4978minor)pagefaults 0swaps
Skipping ahead

1 wiki.zip.ak.bh
Already imported, skipping
2 wiki.zip.ak.af
Already imported, skipping
3 wiki.zip.al.am
Already imported, skipping
4 wiki.zip.ad.aw
Already imported, skipping
5 wiki.zip.ah.bm
Already imported, skipping
6 wiki.zip.ak.bm
Already have log for t08246 26414 bafykbzaceat45k5evvlycvcvm32jmfokids5f4osdbsqjzgongxivktxbintu
Retrieving t08911 27684 bafykbzaceat45k5evvlycvcvm32jmfokids5f4osdbsqjzgongxivktxbintu
2020-08-30T18:00:26.095Z	[33mWARN[0m	rpc	go-jsonrpc@v0.1.2-0.20200822201400-474f4fdccc52/client.go:430	unmarshaling failed	{"message": "{\"Err\":\"routing: not found\",\"Root\":null,\"Piece\":null,\"Size\":0,\"MinPrice\":\"\\u003cnil\\u003e\",\"UnsealPrice\":\"\\u003cnil\\u003e\",\"PaymentInterval\":0,\"PaymentIntervalIncrease\":0,\"Miner\":\"t08911\",\"MinerPeer\":{\"Address\":\"t08911\",\"ID\":\"12D3KooWRApD2HnsywcBcVFvnFrFCrj8beZRocsL4xC62UP6vtFP\",\"PieceCID\":null}}"}
ERROR: RPC client error: unmarshaling result: failed to parse big string: '"\u003cnil\u003e"'

Command exited with non-zero status 1
0.07user 0.02system 0:16.47elapsed 0%CPU (0avgtext+0avgdata 34464maxresident)k
27160inputs+0outputs (167major+3577minor)pagefaults 0swaps
Skipping ahead

1 wiki.zip.aj.az
Already imported, skipping
2 wiki.zip.ad.ab
Already imported, skipping
3 wiki.zip.ag.at
Already imported, skipping
4 wiki.zip.aj.au
Already imported, skipping
5 wiki.zip.af.ak
Already imported, skipping
6 wiki.zip.aj.by
Already have log for t03194 3767 bafykbzaceaqkb7uxb43k4plufwi57yupoppzm7m3mc6wxquwna57ydcwpawmk
Already have log for t07987 28928 bafykbzaceaqkb7uxb43k4plufwi57yupoppzm7m3mc6wxquwna57ydcwpawmk
Retrieving t02613 30146 bafykbzaceaqkb7uxb43k4plufwi57yupoppzm7m3mc6wxquwna57ydcwpawmk
> Recv: 0 B, Paid 0 FIL, ClientEventOpen (DealStatusNew)
> Recv: 0 B, Paid 0 FIL, ClientEventDealProposed (DealStatusWaitForAcceptance)
> Recv: 0 B, Paid 0 FIL, ClientEventDealAccepted (DealStatusAccepted)
> Recv: 0 B, Paid 0 FIL, ClientEventPaymentChannelAddingFunds (DealStatusPaymentChannelAddingFunds)
> Recv: 269 B, Paid 0 FIL, ClientEventBlocksReceived (DealStatusPaymentChannelAddingFunds)
2020-08-30T18:04:31.862Z	[34mINFO[0m	rpc	go-jsonrpc@v0.1.2-0.20200822201400-474f4fdccc52/client.go:213	rpc output message buffer	{"n": 2}
2020-08-30T18:04:31.868Z	[34mINFO[0m	rpc	go-jsonrpc@v0.1.2-0.20200822201400-474f4fdccc52/client.go:213	rpc output message buffer	{"n": 2}
2020-08-30T18:04:31.868Z	[34mINFO[0m	rpc	go-jsonrpc@v0.1.2-0.20200822201400-474f4fdccc52/client.go:213	rpc output message buffer	{"n": 3}
2020-08-30T18:04:31.868Z	[34mINFO[0m	rpc	go-jsonrpc@v0.1.2-0.20200822201400-474f4fdccc52/client.go:213	rpc output message buffer	{"n": 4}
> Recv: 269 B, Paid 0 FIL, ClientEventPaymentRequested (DealStatusPaymentChannelAddingFunds)
> Recv: 1 MiB, Paid 0 FIL, ClientEventBlocksReceived (DealStatusPaymentChannelAddingFunds)
> Recv: 1 MiB, Paid 0 FIL, ClientEventPaymentChannelReady (DealStatusOngoing)
> Recv: 1 MiB, Paid 0 FIL, ClientEventPaymentRequested (DealStatusFundsNeeded)
> Recv: 1 MiB, Paid 0 FIL, ClientEventSendFunds (DealStatusSendFunds)
> Recv: 1 MiB, Paid 0.00000000000209769 FIL, ClientEventPaymentSent (DealStatusOngoing)
> Recv: 2 MiB, Paid 0.00000000000209769 FIL, ClientEventBlocksReceived (DealStatusOngoing)
> Recv: 2 MiB, Paid 0.00000000000209769 FIL, ClientEventPaymentRequested (DealStatusFundsNeeded)
> Recv: 3 MiB, Paid 0.00000000000209769 FIL, ClientEventBlocksReceived (DealStatusFundsNeeded)
> Recv: 3 MiB, Paid 0.00000000000209769 FIL, ClientEventSendFunds (DealStatusSendFunds)
> Recv: 3 MiB, Paid 0.000000000006291994 FIL, ClientEventPaymentSent (DealStatusOngoing)
> Recv: 4 MiB, Paid 0.000000000006291994 FIL, ClientEventBlocksReceived (DealStatusOngoing)
> Recv: 4 MiB, Paid 0.000000000006291994 FIL, ClientEventLastPaymentRequested (DealStatusFundsNeededLastPayment)
> Recv: 4.769 MiB, Paid 0.000000000006291994 FIL, ClientEventBlocksReceived (DealStatusFundsNeededLastPayment)
> Recv: 4.769 MiB, Paid 0.000000000006291994 FIL, ClientEventAllBlocksReceived (DealStatusSendFundsLastPayment)
> Recv: 4.769 MiB, Paid 0.000000000010000538 FIL, ClientEventPaymentSent (DealStatusFinalizing)
> Recv: 4.769 MiB, Paid 0.000000000010000538 FIL, ClientEventComplete (DealStatusCompleted)
Success
0.08user 0.10system 4:06.98elapsed 0%CPU (0avgtext+0avgdata 34644maxresident)k
43856inputs+0outputs (1447major+4324minor)pagefaults 0swaps
Skipping ahead

1 wiki.zip.al.ax
Already imported, skipping
2 wiki.zip.ab.bk
Already imported, skipping
3 wiki.zip.al.aj
Already imported, skipping
4 wiki.zip.aa.al
Already imported, skipping
5 wiki.zip.aa.bd
Already imported, skipping
6 wiki.zip.ac.ab
Already imported, skipping
7 wiki.zip.ak.be
Already imported, skipping
8 wiki.zip.al.bq
Already imported, skipping
9 wiki.zip.ab.au
Already imported, skipping
10 wiki.zip.ab.bm
Already imported, skipping
11 wiki.zip.ah.bv
Already imported, skipping
12 wiki.zip.ad.am
Already imported, skipping
13 wiki.zip.aa.aw
Already imported, skipping
14 wiki.zip.aj.bv
Already imported, skipping
15 wiki.zip.ac.bs
Already imported, skipping
16 wiki.zip.ac.ay
Already imported, skipping
17 wiki.zip.ac.bm
Already imported, skipping
18 wiki.zip.aa.bx
Already imported, skipping
19 wiki.zip.aj.ae
Already imported, skipping
20 wiki.zip.aa.bp
Already imported, skipping
21 wiki.zip.aj.be
Already imported, skipping
22 wiki.zip.ai.ag
Already imported, skipping
23 wiki.zip.am.at
Already imported, skipping
24 wiki.zip.af.bq
Already have log for t02620 3152 bafykbzaceb5oa3ykgizvba2557lekgv44nnk6k3dkavtyc5ox5l6nuew4kcw6
Already have log for t07710 6552 bafykbzaceb5oa3ykgizvba2557lekgv44nnk6k3dkavtyc5ox5l6nuew4kcw6
Already have log for t08482 17676 bafykbzaceb5oa3ykgizvba2557lekgv44nnk6k3dkavtyc5ox5l6nuew4kcw6
Retrieving t08448 25438 bafykbzaceb5oa3ykgizvba2557lekgv44nnk6k3dkavtyc5ox5l6nuew4kcw6
> Recv: 0 B, Paid 0 FIL, ClientEventDealProposed (DealStatusWaitForAcceptance)
> Recv: 0 B, Paid 0 FIL, ClientEventDealAccepted (DealStatusAccepted)
> Recv: 0 B, Paid 0 FIL, ClientEventPaymentChannelAddingFunds (DealStatusPaymentChannelAddingFunds)
