1 wiki.zip.aa.aa
2 wiki.zip.aa.ab
3 wiki.zip.aa.ac
4 wiki.zip.aa.ad
5 wiki.zip.aa.ae
6 wiki.zip.aa.af
7 wiki.zip.aa.ag
8 wiki.zip.aa.ah
9 wiki.zip.aa.ai
10 wiki.zip.aa.aj
11 wiki.zip.aa.ak
12 wiki.zip.aa.al
13 wiki.zip.aa.am
14 wiki.zip.aa.an
15 wiki.zip.aa.ao
16 wiki.zip.aa.ap
17 wiki.zip.aa.aq
18 wiki.zip.aa.ar
19 wiki.zip.aa.as
20 wiki.zip.aa.at
21 wiki.zip.aa.au
22 wiki.zip.aa.av
23 wiki.zip.aa.aw
24 wiki.zip.aa.ax
25 wiki.zip.aa.ay
26 wiki.zip.aa.az
27 wiki.zip.aa.ba
28 wiki.zip.aa.bb
29 wiki.zip.aa.bc
30 wiki.zip.aa.bd
31 wiki.zip.aa.be
32 wiki.zip.aa.bf
33 wiki.zip.aa.bg
34 wiki.zip.aa.bh
35 wiki.zip.aa.bi
36 wiki.zip.aa.bj
37 wiki.zip.aa.bk
38 wiki.zip.aa.bl
39 wiki.zip.aa.bm
40 wiki.zip.aa.bn
41 wiki.zip.aa.bo
42 wiki.zip.aa.bp
43 wiki.zip.aa.bq
44 wiki.zip.aa.br
45 wiki.zip.aa.bs
46 wiki.zip.aa.bt
47 wiki.zip.aa.bu
48 wiki.zip.aa.bv
49 wiki.zip.aa.bw
50 wiki.zip.aa.bx
51 wiki.zip.aa.by
52 wiki.zip.aa.bz
53 wiki.zip.aa.ca
54 wiki.zip.ab.aa
55 wiki.zip.ab.ab
56 wiki.zip.ab.ac
57 wiki.zip.ab.ad
58 wiki.zip.ab.ae
59 wiki.zip.ab.af
60 wiki.zip.ab.ag
61 wiki.zip.ab.ah
62 wiki.zip.ab.ai
63 wiki.zip.ab.aj
64 wiki.zip.ab.ak
65 wiki.zip.ab.al
66 wiki.zip.ab.am
67 wiki.zip.ab.an
68 wiki.zip.ab.ao
69 wiki.zip.ab.ap
70 wiki.zip.ab.aq
71 wiki.zip.ab.ar
72 wiki.zip.ab.as
73 wiki.zip.ab.at
74 wiki.zip.ab.au
75 wiki.zip.ab.av
76 wiki.zip.ab.aw
77 wiki.zip.ab.ax
78 wiki.zip.ab.ay
79 wiki.zip.ab.az
80 wiki.zip.ab.ba
81 wiki.zip.ab.bb
82 wiki.zip.ab.bc
83 wiki.zip.ab.bd
84 wiki.zip.ab.be
85 wiki.zip.ab.bf
86 wiki.zip.ab.bg
87 wiki.zip.ab.bh
88 wiki.zip.ab.bi
89 wiki.zip.ab.bj
90 wiki.zip.ab.bk
91 wiki.zip.ab.bl
92 wiki.zip.ab.bm
93 wiki.zip.ab.bn
94 wiki.zip.ab.bo
95 wiki.zip.ab.bp
96 wiki.zip.ab.bq
97 wiki.zip.ab.br
98 wiki.zip.ab.bs
99 wiki.zip.ab.bt
100 wiki.zip.ab.bu
101 wiki.zip.ab.bv
102 wiki.zip.ab.bw
103 wiki.zip.ab.bx
104 wiki.zip.ab.by
105 wiki.zip.ab.bz
106 wiki.zip.ab.ca
107 wiki.zip.ac.aa
108 wiki.zip.ac.ab
109 wiki.zip.ac.ac
110 wiki.zip.ac.ad
111 wiki.zip.ac.ae
112 wiki.zip.ac.af
113 wiki.zip.ac.ag
114 wiki.zip.ac.ah
115 wiki.zip.ac.ai
116 wiki.zip.ac.aj
117 wiki.zip.ac.ak
118 wiki.zip.ac.al
119 wiki.zip.ac.am
120 wiki.zip.ac.an
121 wiki.zip.ac.ao
122 wiki.zip.ac.ap
123 wiki.zip.ac.aq
124 wiki.zip.ac.ar
125 wiki.zip.ac.as
126 wiki.zip.ac.at
127 wiki.zip.ac.au
128 wiki.zip.ac.av
129 wiki.zip.ac.aw
130 wiki.zip.ac.ax
131 wiki.zip.ac.ay
132 wiki.zip.ac.az
133 wiki.zip.ac.ba
134 wiki.zip.ac.bb
135 wiki.zip.ac.bc
136 wiki.zip.ac.bd
137 wiki.zip.ac.be
138 wiki.zip.ac.bf
139 wiki.zip.ac.bg
140 wiki.zip.ac.bh
141 wiki.zip.ac.bi
142 wiki.zip.ac.bj
143 wiki.zip.ac.bk
144 wiki.zip.ac.bl
145 wiki.zip.ac.bm
146 wiki.zip.ac.bn
147 wiki.zip.ac.bo
148 wiki.zip.ac.bp
149 wiki.zip.ac.bq
150 wiki.zip.ac.br
151 wiki.zip.ac.bs
152 wiki.zip.ac.bt
153 wiki.zip.ac.bu
154 wiki.zip.ac.bv
155 wiki.zip.ac.bw
156 wiki.zip.ac.bx
157 wiki.zip.ac.by
158 wiki.zip.ac.bz
159 wiki.zip.ac.ca
160 wiki.zip.ad.aa
161 wiki.zip.ad.ab
162 wiki.zip.ad.ac
163 wiki.zip.ad.ad
164 wiki.zip.ad.ae
165 wiki.zip.ad.af
166 wiki.zip.ad.ag
167 wiki.zip.ad.ah
168 wiki.zip.ad.ai
169 wiki.zip.ad.aj
170 wiki.zip.ad.ak
171 wiki.zip.ad.al
172 wiki.zip.ad.am
173 wiki.zip.ad.an
174 wiki.zip.ad.ao
175 wiki.zip.ad.ap
176 wiki.zip.ad.aq
177 wiki.zip.ad.ar
178 wiki.zip.ad.as
179 wiki.zip.ad.at
180 wiki.zip.ad.au
181 wiki.zip.ad.av
182 wiki.zip.ad.aw
183 wiki.zip.ad.ax
184 wiki.zip.ad.ay
185 wiki.zip.ad.az
186 wiki.zip.ad.ba
187 wiki.zip.ad.bb
188 wiki.zip.ad.bc
189 wiki.zip.ad.bd
190 wiki.zip.ad.be
191 wiki.zip.ad.bf
192 wiki.zip.ad.bg
193 wiki.zip.ad.bh
194 wiki.zip.ad.bi
195 wiki.zip.ad.bj
196 wiki.zip.ad.bk
197 wiki.zip.ad.bl
198 wiki.zip.ad.bm
199 wiki.zip.ad.bn
200 wiki.zip.ad.bo
201 wiki.zip.ad.bp
202 wiki.zip.ad.bq
203 wiki.zip.ad.br
204 wiki.zip.ad.bs
205 wiki.zip.ad.bt
206 wiki.zip.ad.bu
207 wiki.zip.ad.bv
208 wiki.zip.ad.bw
209 wiki.zip.ad.bx
210 wiki.zip.ad.by
211 wiki.zip.ad.bz
212 wiki.zip.ad.ca
213 wiki.zip.ae.aa
214 wiki.zip.ae.ab
215 wiki.zip.ae.ac
216 wiki.zip.ae.ad
217 wiki.zip.ae.ae
218 wiki.zip.ae.af
219 wiki.zip.ae.ag
220 wiki.zip.ae.ah
221 wiki.zip.ae.ai
222 wiki.zip.ae.aj
223 wiki.zip.ae.ak
224 wiki.zip.ae.al
225 wiki.zip.ae.am
226 wiki.zip.ae.an
227 wiki.zip.ae.ao
228 wiki.zip.ae.ap
229 wiki.zip.ae.aq
230 wiki.zip.ae.ar
231 wiki.zip.ae.as
232 wiki.zip.ae.at
233 wiki.zip.ae.au
234 wiki.zip.ae.av
235 wiki.zip.ae.aw
236 wiki.zip.ae.ax
237 wiki.zip.ae.ay
238 wiki.zip.ae.az
239 wiki.zip.ae.ba
240 wiki.zip.ae.bb
241 wiki.zip.ae.bc
242 wiki.zip.ae.bd
243 wiki.zip.ae.be
244 wiki.zip.ae.bf
245 wiki.zip.ae.bg
246 wiki.zip.ae.bh
247 wiki.zip.ae.bi
248 wiki.zip.ae.bj
249 wiki.zip.ae.bk
250 wiki.zip.ae.bl
251 wiki.zip.ae.bm
252 wiki.zip.ae.bn
253 wiki.zip.ae.bo
254 wiki.zip.ae.bp
255 wiki.zip.ae.bq
256 wiki.zip.ae.br
257 wiki.zip.ae.bs
258 wiki.zip.ae.bt
259 wiki.zip.ae.bu
260 wiki.zip.ae.bv
261 wiki.zip.ae.bw
262 wiki.zip.ae.bx
263 wiki.zip.ae.by
264 wiki.zip.ae.bz
265 wiki.zip.ae.ca
266 wiki.zip.af.aa
267 wiki.zip.af.ab
268 wiki.zip.af.ac
269 wiki.zip.af.ad
270 wiki.zip.af.ae
271 wiki.zip.af.af
272 wiki.zip.af.ag
273 wiki.zip.af.ah
274 wiki.zip.af.ai
275 wiki.zip.af.aj
276 wiki.zip.af.ak
277 wiki.zip.af.al
278 wiki.zip.af.am
279 wiki.zip.af.an
280 wiki.zip.af.ao
281 wiki.zip.af.ap
282 wiki.zip.af.aq
283 wiki.zip.af.ar
284 wiki.zip.af.as
285 wiki.zip.af.at
286 wiki.zip.af.au
287 wiki.zip.af.av
288 wiki.zip.af.aw
289 wiki.zip.af.ax
290 wiki.zip.af.ay
291 wiki.zip.af.az
292 wiki.zip.af.ba
293 wiki.zip.af.bb
294 wiki.zip.af.bc
295 wiki.zip.af.bd
296 wiki.zip.af.be
297 wiki.zip.af.bf
298 wiki.zip.af.bg
299 wiki.zip.af.bh
300 wiki.zip.af.bi
301 wiki.zip.af.bj
302 wiki.zip.af.bk
303 wiki.zip.af.bl
304 wiki.zip.af.bm
305 wiki.zip.af.bn
306 wiki.zip.af.bo
307 wiki.zip.af.bp
308 wiki.zip.af.bq
309 wiki.zip.af.br
310 wiki.zip.af.bs
311 wiki.zip.af.bt
312 wiki.zip.af.bu
313 wiki.zip.af.bv
314 wiki.zip.af.bw
315 wiki.zip.af.bx
316 wiki.zip.af.by
317 wiki.zip.af.bz
318 wiki.zip.af.ca
319 wiki.zip.ag.aa
320 wiki.zip.ag.ab
321 wiki.zip.ag.ac
322 wiki.zip.ag.ad
323 wiki.zip.ag.ae
324 wiki.zip.ag.af
325 wiki.zip.ag.ag
326 wiki.zip.ag.ah
327 wiki.zip.ag.ai
328 wiki.zip.ag.aj
329 wiki.zip.ag.ak
330 wiki.zip.ag.al
331 wiki.zip.ag.am
332 wiki.zip.ag.an
333 wiki.zip.ag.ao
334 wiki.zip.ag.ap
335 wiki.zip.ag.aq
336 wiki.zip.ag.ar
337 wiki.zip.ag.as
338 wiki.zip.ag.at
339 wiki.zip.ag.au
340 wiki.zip.ag.av
341 wiki.zip.ag.aw
342 wiki.zip.ag.ax
343 wiki.zip.ag.ay
344 wiki.zip.ag.az
345 wiki.zip.ag.ba
346 wiki.zip.ag.bb
347 wiki.zip.ag.bc
348 wiki.zip.ag.bd
349 wiki.zip.ag.be
350 wiki.zip.ag.bf
351 wiki.zip.ag.bg
352 wiki.zip.ag.bh
353 wiki.zip.ag.bi
354 wiki.zip.ag.bj
355 wiki.zip.ag.bk
356 wiki.zip.ag.bl
357 wiki.zip.ag.bm
358 wiki.zip.ag.bn
359 wiki.zip.ag.bo
360 wiki.zip.ag.bp
361 wiki.zip.ag.bq
362 wiki.zip.ag.br
363 wiki.zip.ag.bs
364 wiki.zip.ag.bt
365 wiki.zip.ag.bu
366 wiki.zip.ag.bv
367 wiki.zip.ag.bw
368 wiki.zip.ag.bx
369 wiki.zip.ag.by
370 wiki.zip.ag.bz
371 wiki.zip.ag.ca
372 wiki.zip.ah.aa
373 wiki.zip.ah.ab
374 wiki.zip.ah.ac
375 wiki.zip.ah.ad
376 wiki.zip.ah.ae
377 wiki.zip.ah.af
378 wiki.zip.ah.ag
379 wiki.zip.ah.ah
380 wiki.zip.ah.ai
381 wiki.zip.ah.aj
382 wiki.zip.ah.ak
383 wiki.zip.ah.al
384 wiki.zip.ah.am
385 wiki.zip.ah.an
386 wiki.zip.ah.ao
387 wiki.zip.ah.ap
388 wiki.zip.ah.aq
389 wiki.zip.ah.ar
390 wiki.zip.ah.as
391 wiki.zip.ah.at
392 wiki.zip.ah.au
393 wiki.zip.ah.av
394 wiki.zip.ah.aw
395 wiki.zip.ah.ax
396 wiki.zip.ah.ay
397 wiki.zip.ah.az
398 wiki.zip.ah.ba
399 wiki.zip.ah.bb
400 wiki.zip.ah.bc
401 wiki.zip.ah.bd
402 wiki.zip.ah.be
403 wiki.zip.ah.bf
404 wiki.zip.ah.bg
405 wiki.zip.ah.bh
406 wiki.zip.ah.bi
407 wiki.zip.ah.bj
408 wiki.zip.ah.bk
409 wiki.zip.ah.bl
410 wiki.zip.ah.bm
411 wiki.zip.ah.bn
412 wiki.zip.ah.bo
413 wiki.zip.ah.bp
414 wiki.zip.ah.bq
415 wiki.zip.ah.br
416 wiki.zip.ah.bs
417 wiki.zip.ah.bt
418 wiki.zip.ah.bu
419 wiki.zip.ah.bv
420 wiki.zip.ah.bw
421 wiki.zip.ah.bx
422 wiki.zip.ah.by
423 wiki.zip.ah.bz
424 wiki.zip.ah.ca
425 wiki.zip.ai.aa
426 wiki.zip.ai.ab
427 wiki.zip.ai.ac
428 wiki.zip.ai.ad
429 wiki.zip.ai.ae
430 wiki.zip.ai.af
431 wiki.zip.ai.ag
432 wiki.zip.ai.ah
433 wiki.zip.ai.ai
434 wiki.zip.ai.aj
435 wiki.zip.ai.ak
436 wiki.zip.ai.al
437 wiki.zip.ai.am
438 wiki.zip.ai.an
439 wiki.zip.ai.ao
440 wiki.zip.ai.ap
441 wiki.zip.ai.aq
442 wiki.zip.ai.ar
443 wiki.zip.ai.as
444 wiki.zip.ai.at
445 wiki.zip.ai.au
446 wiki.zip.ai.av
447 wiki.zip.ai.aw
448 wiki.zip.ai.ax
449 wiki.zip.ai.ay
450 wiki.zip.ai.az
451 wiki.zip.ai.ba
452 wiki.zip.ai.bb
453 wiki.zip.ai.bc
454 wiki.zip.ai.bd
455 wiki.zip.ai.be
456 wiki.zip.ai.bf
457 wiki.zip.ai.bg
458 wiki.zip.ai.bh
459 wiki.zip.ai.bi
460 wiki.zip.ai.bj
461 wiki.zip.ai.bk
462 wiki.zip.ai.bl
463 wiki.zip.ai.bm
464 wiki.zip.ai.bn
465 wiki.zip.ai.bo
466 wiki.zip.ai.bp
467 wiki.zip.ai.bq
468 wiki.zip.ai.br
469 wiki.zip.ai.bs
470 wiki.zip.ai.bt
471 wiki.zip.ai.bu
472 wiki.zip.ai.bv
473 wiki.zip.ai.bw
474 wiki.zip.ai.bx
475 wiki.zip.ai.by
476 wiki.zip.ai.bz
477 wiki.zip.ai.ca
478 wiki.zip.aj.aa
479 wiki.zip.aj.ab
480 wiki.zip.aj.ac
481 wiki.zip.aj.ad
482 wiki.zip.aj.ae
483 wiki.zip.aj.af
484 wiki.zip.aj.ag
485 wiki.zip.aj.ah
486 wiki.zip.aj.ai
487 wiki.zip.aj.aj
488 wiki.zip.aj.ak
489 wiki.zip.aj.al
490 wiki.zip.aj.am
491 wiki.zip.aj.an
492 wiki.zip.aj.ao
493 wiki.zip.aj.ap
494 wiki.zip.aj.aq
495 wiki.zip.aj.ar
496 wiki.zip.aj.as
497 wiki.zip.aj.at
498 wiki.zip.aj.au
499 wiki.zip.aj.av
500 wiki.zip.aj.aw
501 wiki.zip.aj.ax
502 wiki.zip.aj.ay
503 wiki.zip.aj.az
504 wiki.zip.aj.ba
505 wiki.zip.aj.bb
506 wiki.zip.aj.bc
507 wiki.zip.aj.bd
508 wiki.zip.aj.be
509 wiki.zip.aj.bf
510 wiki.zip.aj.bg
511 wiki.zip.aj.bh
512 wiki.zip.aj.bi
513 wiki.zip.aj.bj
514 wiki.zip.aj.bk
515 wiki.zip.aj.bl
516 wiki.zip.aj.bm
517 wiki.zip.aj.bn
518 wiki.zip.aj.bo
519 wiki.zip.aj.bp
520 wiki.zip.aj.bq
521 wiki.zip.aj.br
522 wiki.zip.aj.bs
523 wiki.zip.aj.bt
524 wiki.zip.aj.bu
525 wiki.zip.aj.bv
526 wiki.zip.aj.bw
527 wiki.zip.aj.bx
528 wiki.zip.aj.by
529 wiki.zip.aj.bz
530 wiki.zip.aj.ca
531 wiki.zip.ak.aa
532 wiki.zip.ak.ab
533 wiki.zip.ak.ac
534 wiki.zip.ak.ad
535 wiki.zip.ak.ae
536 wiki.zip.ak.af
537 wiki.zip.ak.ag
538 wiki.zip.ak.ah
539 wiki.zip.ak.ai
540 wiki.zip.ak.aj
541 wiki.zip.ak.ak
542 wiki.zip.ak.al
543 wiki.zip.ak.am
544 wiki.zip.ak.an
545 wiki.zip.ak.ao
546 wiki.zip.ak.ap
547 wiki.zip.ak.aq
548 wiki.zip.ak.ar
549 wiki.zip.ak.as
550 wiki.zip.ak.at
551 wiki.zip.ak.au
552 wiki.zip.ak.av
553 wiki.zip.ak.aw
554 wiki.zip.ak.ax
555 wiki.zip.ak.ay
556 wiki.zip.ak.az
557 wiki.zip.ak.ba
558 wiki.zip.ak.bb
559 wiki.zip.ak.bc
560 wiki.zip.ak.bd
561 wiki.zip.ak.be
562 wiki.zip.ak.bf
563 wiki.zip.ak.bg
564 wiki.zip.ak.bh
565 wiki.zip.ak.bi
566 wiki.zip.ak.bj
567 wiki.zip.ak.bk
568 wiki.zip.ak.bl
569 wiki.zip.ak.bm
570 wiki.zip.ak.bn
571 wiki.zip.ak.bo
572 wiki.zip.ak.bp
573 wiki.zip.ak.bq
574 wiki.zip.ak.br
575 wiki.zip.ak.bs
576 wiki.zip.ak.bt
577 wiki.zip.ak.bu
578 wiki.zip.ak.bv
579 wiki.zip.ak.bw
580 wiki.zip.ak.bx
581 wiki.zip.ak.by
582 wiki.zip.ak.bz
583 wiki.zip.ak.ca
584 wiki.zip.al.aa
585 wiki.zip.al.ab
586 wiki.zip.al.ac
587 wiki.zip.al.ad
588 wiki.zip.al.ae
589 wiki.zip.al.af
590 wiki.zip.al.ag
591 wiki.zip.al.ah
592 wiki.zip.al.ai
593 wiki.zip.al.aj
594 wiki.zip.al.ak
595 wiki.zip.al.al
596 wiki.zip.al.am
597 wiki.zip.al.an
598 wiki.zip.al.ao
599 wiki.zip.al.ap
600 wiki.zip.al.aq
601 wiki.zip.al.ar
602 wiki.zip.al.as
603 wiki.zip.al.at
604 wiki.zip.al.au
605 wiki.zip.al.av
606 wiki.zip.al.aw
607 wiki.zip.al.ax
608 wiki.zip.al.ay
609 wiki.zip.al.az
610 wiki.zip.al.ba
611 wiki.zip.al.bb
612 wiki.zip.al.bc
613 wiki.zip.al.bd
614 wiki.zip.al.be
615 wiki.zip.al.bf
616 wiki.zip.al.bg
617 wiki.zip.al.bh
618 wiki.zip.al.bi
619 wiki.zip.al.bj
620 wiki.zip.al.bk
621 wiki.zip.al.bl
622 wiki.zip.al.bm
623 wiki.zip.al.bn
624 wiki.zip.al.bo
625 wiki.zip.al.bp
626 wiki.zip.al.bq
627 wiki.zip.al.br
628 wiki.zip.al.bs
629 wiki.zip.al.bt
630 wiki.zip.al.bu
631 wiki.zip.al.bv
632 wiki.zip.al.bw
633 wiki.zip.al.bx
634 wiki.zip.al.by
635 wiki.zip.al.bz
636 wiki.zip.al.ca
637 wiki.zip.am.aa
638 wiki.zip.am.ab
639 wiki.zip.am.ac
640 wiki.zip.am.ad
641 wiki.zip.am.ae
642 wiki.zip.am.af
643 wiki.zip.am.ag
644 wiki.zip.am.ah
645 wiki.zip.am.ai
646 wiki.zip.am.aj
647 wiki.zip.am.ak
648 wiki.zip.am.al
649 wiki.zip.am.am
650 wiki.zip.am.an
651 wiki.zip.am.ao
652 wiki.zip.am.ap
653 wiki.zip.am.aq
654 wiki.zip.am.ar
655 wiki.zip.am.as
656 wiki.zip.am.at
657 wiki.zip.am.au
658 wiki.zip.am.av
659 wiki.zip.am.aw
660 wiki.zip.am.ax
661 wiki.zip.am.ay
662 wiki.zip.am.az
663 wiki.zip.am.ba
664 wiki.zip.am.bb
665 wiki.zip.am.bc
666 wiki.zip.am.bd
667 wiki.zip.am.be
668 wiki.zip.am.bf
669 wiki.zip.am.bg
670 wiki.zip.am.bh
671 wiki.zip.am.bi
672 wiki.zip.am.bj
673 wiki.zip.am.bk
674 wiki.zip.am.bl
675 wiki.zip.am.bm
676 wiki.zip.am.bn
677 wiki.zip.am.bo
678 wiki.zip.am.bp
679 wiki.zip.am.bq
680 wiki.zip.am.br
681 wiki.zip.am.bs
682 wiki.zip.am.bt
683 wiki.zip.am.bu
684 wiki.zip.am.bv
685 wiki.zip.am.bw
686 wiki.zip.am.bx
687 wiki.zip.am.by
688 wiki.zip.am.bz
689 wiki.zip.am.ca
690 wiki.zip.an.aa
691 wiki.zip.an.ab
692 wiki.zip.an.ac
693 wiki.zip.an.ad
694 wiki.zip.an.ae
695 wiki.zip.an.af
696 wiki.zip.an.ag
697 wiki.zip.an.ah
1 wiki.zip.ai.br
Retrieving t07451 2737 bafykbzacebjirfengfly532j7idw4xaoemsvhvj5jxqmzbkqvqnshwhgaxuqc
2020-08-25T06:00:57.746Z	[33mWARN[0m	rpc	go-jsonrpc@v0.1.2-0.20200817153016-2ea5cbaf5ec0/client.go:430	unmarshaling failed	{"message": "{\"Err\":\"failed to dial 12D3KooWFxdiv7ZMLHQbNJpp1h61FCbwA7rT7adcGnwzCq2ZThcP: all dials failed\\n  * [/ip4/221.12.20.5/tcp/6000] dial tcp4 221.12.20.5:6000: connect: connection refused\",\"Root\":null,\"Piece\":null,\"Size\":0,\"MinPrice\":\"\\u003cnil\\u003e\",\"UnsealPrice\":\"\\u003cnil\\u003e\",\"PaymentInterval\":0,\"PaymentIntervalIncrease\":0,\"Miner\":\"t07451\",\"MinerPeer\":{\"Address\":\"t07451\",\"ID\":\"12D3KooWFxdiv7ZMLHQbNJpp1h61FCbwA7rT7adcGnwzCq2ZThcP\",\"PieceCID\":null}}"}
ERROR: RPC client error: unmarshaling result: failed to parse big string: '"\u003cnil\u003e"'

Command exited with non-zero status 1
0.05user 0.02system 0:00.68elapsed 11%CPU (0avgtext+0avgdata 37712maxresident)k
0inputs+0outputs (0major+3620minor)pagefaults 0swaps
Skipping ahead

1 wiki.zip.ae.bq
Retrieving t02385 2603 bafykbzaceamvppl4nadwlhgpnknjympqplhsq4vkhzyb7mfszhzhgehn6kt6w
> Recv: 0 B, Paid 0 FIL, ClientEventOpen (DealStatusNew)
> Recv: 0 B, Paid 0 FIL, ClientEventDealProposed (DealStatusWaitForAcceptance)
> Recv: 0 B, Paid 0 FIL, ClientEventDealAccepted (DealStatusAccepted)
> Recv: 0 B, Paid 0 FIL, ClientEventPaymentChannelAddingFunds (DealStatusPaymentChannelAddingFunds)
> Recv: 0 B, Paid 0 FIL, ClientEventPaymentChannelReady (DealStatusOngoing)
ERROR: retrieval timed out

Command exited with non-zero status 124
0.19user 0.09system 17:00.00elapsed 0%CPU (0avgtext+0avgdata 39268maxresident)k
0inputs+0outputs (0major+3910minor)pagefaults 0swaps
Skipping ahead

1 wiki.zip.ae.av

0 wiki.zip.am.bc
Retrieving t02385 2874 bafykbzaceb54aesyiugjxudd7rebwoztmvtaazklpdbtlkfe4q7clcy7r7nos
> Recv: 0 B, Paid 0 FIL, ClientEventOpen (DealStatusNew)
> Recv: 0 B, Paid 0 FIL, ClientEventDealProposed (DealStatusWaitForAcceptance)
> Recv: 0 B, Paid 0 FIL, ClientEventDealAccepted (DealStatusAccepted)
> Recv: 0 B, Paid 0 FIL, ClientEventPaymentChannelAddingFunds (DealStatusPaymentChannelAddingFunds)
> Recv: 0 B, Paid 0 FIL, ClientEventPaymentChannelReady (DealStatusOngoing)
ERROR: retrieval timed out

Command exited with non-zero status 124
0.11user 0.10system 17:00.00elapsed 0%CPU (0avgtext+0avgdata 39216maxresident)k
0inputs+0outputs (0major+3879minor)pagefaults 0swaps
Skipping ahead

1 wiki.zip.am.bl

0 wiki.zip.ae.as

0 wiki.zip.ae.aj
Already have log for t02404 2537 bafykbzacecfy6mflcsiqojac7t7n2ar7zd6d3sqke5f7a2tpmsle7cbaos6p4

0 wiki.zip.af.bf
Retrieving t02608 2601 bafykbzaceafpmki7lm5nzf5vlmre7ns6pjecjq2c2rqhzvgehgv4ykf2mzlwe
2020-08-25T06:35:18.459Z	[33mWARN[0m	rpc	go-jsonrpc@v0.1.2-0.20200817153016-2ea5cbaf5ec0/client.go:430	unmarshaling failed	{"message": "{\"Err\":\"routing: not found\",\"Root\":null,\"Piece\":null,\"Size\":0,\"MinPrice\":\"\\u003cnil\\u003e\",\"UnsealPrice\":\"\\u003cnil\\u003e\",\"PaymentInterval\":0,\"PaymentIntervalIncrease\":0,\"Miner\":\"t02608\",\"MinerPeer\":{\"Address\":\"t02608\",\"ID\":\"12D3KooWDoaP5T5y9PAR8U85cKGLoK1vfSa6npsiVGbPKpzJSxmt\",\"PieceCID\":null}}"}
ERROR: RPC client error: unmarshaling result: failed to parse big string: '"\u003cnil\u003e"'

Command exited with non-zero status 1
0.06user 0.01system 0:12.54elapsed 0%CPU (0avgtext+0avgdata 38308maxresident)k
0inputs+0outputs (0major+3752minor)pagefaults 0swaps
Skipping ahead

1 wiki.zip.ak.az
Already have log for t07709 2789 bafykbzacecba7ql3ztdnsvzk4dq6rzu32r4givjjh4eve2fwvc3nkrkidwvjg

0 wiki.zip.aa.aa
Retrieving t07956 2967 bafykbzaced3v6jdz436uh2shndde7nwmjlmp6riomr6ps3fbapvaqb6dqpi2o
> Recv: 0 B, Paid 0 FIL, ClientEventOpen (DealStatusNew)
> Recv: 0 B, Paid 0 FIL, ClientEventDealProposed (DealStatusWaitForAcceptance)
> Recv: 0 B, Paid 0 FIL, ClientEventDealAccepted (DealStatusAccepted)
> Recv: 0 B, Paid 0 FIL,  (DealStatusErrored)
> Recv: 0 B, Paid 0 FIL, ClientEventOpen (DealStatusNew)
ERROR: retrieval failed: Retrieve: Retrieval Error: Provider cancelled retrieval due to error

Command exited with non-zero status 1
0.07user 0.02system 0:01.13elapsed 9%CPU (0avgtext+0avgdata 39416maxresident)k
0inputs+0outputs (0major+3845minor)pagefaults 0swaps
Skipping ahead

1 wiki.zip.ak.bl
Retrieving t03512 3291 bafykbzaceax4ohkzxxziwn3dhlzkxqbj555ktbdvyl7xhvsl6jp7jev5qm5x2
ERROR: The received offer errored: retrieval query offer errored: get cid info: No state for /bafykbzaceax4ohkzxxziwn3dhlzkxqbj555ktbdvyl7xhvsl6jp7jev5qm5x2: datastore: key not found

Command exited with non-zero status 1
0.05user 0.02system 0:01.25elapsed 6%CPU (0avgtext+0avgdata 38304maxresident)k
0inputs+0outputs (0major+3784minor)pagefaults 0swaps
Skipping ahead

1 wiki.zip.aa.at
Retrieving t02385 2435 bafykbzacebzemc2dwvwfi3fdc6tcwspoqbef2zk4gdkqf43x2y5sdzrdpjkfg
> Recv: 0 B, Paid 0 FIL, ClientEventOpen (DealStatusNew)
> Recv: 0 B, Paid 0 FIL, ClientEventDealProposed (DealStatusWaitForAcceptance)
> Recv: 0 B, Paid 0 FIL, ClientEventDealAccepted (DealStatusAccepted)
> Recv: 0 B, Paid 0 FIL, ClientEventPaymentChannelAddingFunds (DealStatusPaymentChannelAddingFunds)
> Recv: 0 B, Paid 0 FIL, ClientEventPaymentChannelReady (DealStatusOngoing)
ERROR: retrieval timed out

Command exited with non-zero status 124
0.14user 0.11system 17:00.00elapsed 0%CPU (0avgtext+0avgdata 39540maxresident)k
0inputs+0outputs (0major+3874minor)pagefaults 0swaps
Skipping ahead

1 wiki.zip.aj.bl
Retrieving t07451 2790 bafykbzaceafvzrmmes2bispmignw5eawa4menphwdyllyshgypv6cs3nuxhve
2020-08-25T06:52:32.039Z	[33mWARN[0m	rpc	go-jsonrpc@v0.1.2-0.20200817153016-2ea5cbaf5ec0/client.go:430	unmarshaling failed	{"message": "{\"Err\":\"failed to dial 12D3KooWFxdiv7ZMLHQbNJpp1h61FCbwA7rT7adcGnwzCq2ZThcP: all dials failed\\n  * [/ip4/221.12.20.5/tcp/6000] dial tcp4 0.0.0.0:39617-\\u003e221.12.20.5:6000: i/o timeout\",\"Root\":null,\"Piece\":null,\"Size\":0,\"MinPrice\":\"\\u003cnil\\u003e\",\"UnsealPrice\":\"\\u003cnil\\u003e\",\"PaymentInterval\":0,\"PaymentIntervalIncrease\":0,\"Miner\":\"t07451\",\"MinerPeer\":{\"Address\":\"t07451\",\"ID\":\"12D3KooWFxdiv7ZMLHQbNJpp1h61FCbwA7rT7adcGnwzCq2ZThcP\",\"PieceCID\":null}}"}
ERROR: RPC client error: unmarshaling result: failed to parse big string: '"\u003cnil\u003e"'

Command exited with non-zero status 1
0.06user 0.01system 0:05.05elapsed 1%CPU (0avgtext+0avgdata 38148maxresident)k
0inputs+0outputs (0major+3662minor)pagefaults 0swaps
Skipping ahead

1 wiki.zip.af.be
Retrieving t02614 2602 bafykbzacealpjdgmn4dd4p2m3m4upxuqyk42lboe3zlsnux4x6xnhpi3az7ng
> Recv: 0 B, Paid 0 FIL, ClientEventOpen (DealStatusNew)
> Recv: 0 B, Paid 0 FIL, ClientEventDealProposed (DealStatusWaitForAcceptance)
> Recv: 0 B, Paid 0 FIL, ClientEventDealAccepted (DealStatusAccepted)
> Recv: 269 B, Paid 0 FIL, ClientEventBlocksReceived (DealStatusAccepted)
> Recv: 269 B, Paid 0 FIL, ClientEventPaymentRequested (DealStatusAccepted)
> Recv: 1 MiB, Paid 0 FIL, ClientEventBlocksReceived (DealStatusAccepted)
> Recv: 1 MiB, Paid 0 FIL, ClientEventPaymentChannelAddingFunds (DealStatusPaymentChannelAddingFunds)
> Recv: 1 MiB, Paid 0 FIL, ClientEventPaymentChannelReady (DealStatusOngoing)
> Recv: 1 MiB, Paid 0 FIL, ClientEventPaymentRequested (DealStatusFundsNeeded)
> Recv: 1 MiB, Paid 0 FIL, ClientEventSendFunds (DealStatusSendFunds)
> Recv: 1 MiB, Paid 0.00000000000209769 FIL, ClientEventPaymentSent (DealStatusOngoing)
> Recv: 2 MiB, Paid 0.00000000000209769 FIL, ClientEventBlocksReceived (DealStatusOngoing)
> Recv: 2 MiB, Paid 0.00000000000209769 FIL, ClientEventPaymentRequested (DealStatusFundsNeeded)
> Recv: 3 MiB, Paid 0.00000000000209769 FIL, ClientEventBlocksReceived (DealStatusFundsNeeded)
> Recv: 3 MiB, Paid 0.00000000000209769 FIL, ClientEventSendFunds (DealStatusSendFunds)
> Recv: 3 MiB, Paid 0.000000000006291994 FIL, ClientEventPaymentSent (DealStatusOngoing)
> Recv: 4 MiB, Paid 0.000000000006291994 FIL, ClientEventBlocksReceived (DealStatusOngoing)
> Recv: 4 MiB, Paid 0.000000000006291994 FIL, ClientEventLastPaymentRequested (DealStatusFundsNeededLastPayment)
> Recv: 4.769 MiB, Paid 0.000000000006291994 FIL, ClientEventBlocksReceived (DealStatusFundsNeededLastPayment)
> Recv: 4.769 MiB, Paid 0.000000000006291994 FIL, ClientEventAllBlocksReceived (DealStatusSendFundsLastPayment)
> Recv: 4.769 MiB, Paid 0.000000000010000538 FIL, ClientEventPaymentSent (DealStatusFinalizing)
> Recv: 4.769 MiB, Paid 0.000000000010000538 FIL, ClientEventComplete (DealStatusCompleted)
Success
0.07user 0.04system 3:30.01elapsed 0%CPU (0avgtext+0avgdata 38572maxresident)k
0inputs+0outputs (0major+3722minor)pagefaults 0swaps
Skipping ahead

1 wiki.zip.ae.br
Retrieving t03149 2607 bafykbzacecfsepmoi2yfpujwoywnrauqqiroxxzufb33a2enc6sbwgym77eee
2020-08-25T06:56:27.567Z	[33mWARN[0m	rpc	go-jsonrpc@v0.1.2-0.20200817153016-2ea5cbaf5ec0/client.go:430	unmarshaling failed	{"message": "{\"Err\":\"routing: not found\",\"Root\":null,\"Piece\":null,\"Size\":0,\"MinPrice\":\"\\u003cnil\\u003e\",\"UnsealPrice\":\"\\u003cnil\\u003e\",\"PaymentInterval\":0,\"PaymentIntervalIncrease\":0,\"Miner\":\"t03149\",\"MinerPeer\":{\"Address\":\"t03149\",\"ID\":\"12D3KooWSduJk3NnDtoPL2LmpdjDL3FuEB5q3LSdtbNjrTYUV1bR\",\"PieceCID\":null}}"}
ERROR: RPC client error: unmarshaling result: failed to parse big string: '"\u003cnil\u003e"'

Command exited with non-zero status 1
0.04user 0.03system 0:23.43elapsed 0%CPU (0avgtext+0avgdata 38136maxresident)k
0inputs+0outputs (0major+3678minor)pagefaults 0swaps
Skipping ahead

1 wiki.zip.al.ar
Retrieving t07709 2848 bafykbzaceawoimsau4nlly5ju7dp5qubpxgxxvwgc4mf57p4ysvdcghbhr4ic
> Recv: 0 B, Paid 0 FIL, ClientEventOpen (DealStatusNew)
> Recv: 0 B, Paid 0 FIL, ClientEventDealProposed (DealStatusWaitForAcceptance)
> Recv: 0 B, Paid 0 FIL, ClientEventDealAccepted (DealStatusAccepted)
> Recv: 0 B, Paid 0 FIL, ClientEventPaymentChannelAddingFunds (DealStatusPaymentChannelAddingFunds)
> Recv: 0 B, Paid 0 FIL, ClientEventPaymentChannelReady (DealStatusOngoing)
ERROR: retrieval timed out

Command exited with non-zero status 124
0.15user 0.08system 17:00.00elapsed 0%CPU (0avgtext+0avgdata 39252maxresident)k
0inputs+0outputs (0major+3843minor)pagefaults 0swaps
Skipping ahead

1 wiki.zip.ab.bs
Already have log for t03143 2495 bafykbzaceciwhd6def6jumt6caq75o36idg5oleugjlhlmicz32s5uqax72kq
Already have log for t03149 3026 bafykbzaceciwhd6def6jumt6caq75o36idg5oleugjlhlmicz32s5uqax72kq

0 wiki.zip.ab.bz
Already have log for t07709 2498 bafykbzaceckz6db3tveruge2vjvnuepqseyttd4wxlut6sb6l755zrmk4fi7s
Retrieving t02620 2993 bafykbzaceckz6db3tveruge2vjvnuepqseyttd4wxlut6sb6l755zrmk4fi7s
> Recv: 0 B, Paid 0 FIL, ClientEventOpen (DealStatusNew)
> Recv: 0 B, Paid 0 FIL, ClientEventDealProposed (DealStatusWaitForAcceptance)
> Recv: 0 B, Paid 0 FIL, ClientEventDealAccepted (DealStatusAccepted)
> Recv: 0 B, Paid 0 FIL, ClientEventPaymentChannelAddingFunds (DealStatusPaymentChannelAddingFunds)
> Recv: 0 B, Paid 0 FIL, ClientEventPaymentChannelReady (DealStatusOngoing)
ERROR: retrieval timed out

Command exited with non-zero status 124
0.20user 0.06system 17:00.00elapsed 0%CPU (0avgtext+0avgdata 39700maxresident)k
0inputs+0outputs (0major+3892minor)pagefaults 0swaps
Skipping ahead

1 wiki.zip.am.ak
Retrieving t07451 2879 bafykbzacebef4hl4ypgk2p3jfdvpkojn2dyjjozrkp4r5e6abskcxl2vmlje6
2020-08-25T07:30:39.783Z	[33mWARN[0m	rpc	go-jsonrpc@v0.1.2-0.20200817153016-2ea5cbaf5ec0/client.go:430	unmarshaling failed	{"message": "{\"Err\":\"failed to dial 12D3KooWFxdiv7ZMLHQbNJpp1h61FCbwA7rT7adcGnwzCq2ZThcP: all dials failed\\n  * [/ip4/221.12.20.5/tcp/6000] dial tcp4 0.0.0.0:39617-\\u003e221.12.20.5:6000: i/o timeout\",\"Root\":null,\"Piece\":null,\"Size\":0,\"MinPrice\":\"\\u003cnil\\u003e\",\"UnsealPrice\":\"\\u003cnil\\u003e\",\"PaymentInterval\":0,\"PaymentIntervalIncrease\":0,\"Miner\":\"t07451\",\"MinerPeer\":{\"Address\":\"t07451\",\"ID\":\"12D3KooWFxdiv7ZMLHQbNJpp1h61FCbwA7rT7adcGnwzCq2ZThcP\",\"PieceCID\":null}}"}
ERROR: RPC client error: unmarshaling result: failed to parse big string: '"\u003cnil\u003e"'

Command exited with non-zero status 1
0.05user 0.03system 0:05.06elapsed 1%CPU (0avgtext+0avgdata 38412maxresident)k
0inputs+0outputs (0major+3728minor)pagefaults 0swaps
Skipping ahead

1 wiki.zip.ag.ac
Already have log for t02575 2638 bafykbzaceau5bms3emrqm75oiw5l3s4rap4wivlagrrj3vkvoc2lvo2rocwk4

0 wiki.zip.ag.ai
Retrieving t07451 2641 bafykbzacecrnlnfm5ebcblxgkikzhxvdub46ctzoq5h2sqrxu5xfe5tiozt7q
2020-08-25T07:30:42.899Z	[33mWARN[0m	rpc	go-jsonrpc@v0.1.2-0.20200817153016-2ea5cbaf5ec0/client.go:430	unmarshaling failed	{"message": "{\"Err\":\"dial backoff\",\"Root\":null,\"Piece\":null,\"Size\":0,\"MinPrice\":\"\\u003cnil\\u003e\",\"UnsealPrice\":\"\\u003cnil\\u003e\",\"PaymentInterval\":0,\"PaymentIntervalIncrease\":0,\"Miner\":\"t07451\",\"MinerPeer\":{\"Address\":\"t07451\",\"ID\":\"12D3KooWFxdiv7ZMLHQbNJpp1h61FCbwA7rT7adcGnwzCq2ZThcP\",\"PieceCID\":null}}"}
ERROR: RPC client error: unmarshaling result: failed to parse big string: '"\u003cnil\u003e"'

Command exited with non-zero status 1
0.04user 0.03system 0:00.06elapsed 112%CPU (0avgtext+0avgdata 38660maxresident)k
0inputs+0outputs (0major+3724minor)pagefaults 0swaps
Skipping ahead

1 wiki.zip.ag.av
Retrieving t02608 2631 bafykbzaceco3mzmyt3dzmr53pqyzl55r5cqa6ya5g4mhnh6keu4mqzpxh3qre
2020-08-25T07:31:03.849Z	[33mWARN[0m	rpc	go-jsonrpc@v0.1.2-0.20200817153016-2ea5cbaf5ec0/client.go:430	unmarshaling failed	{"message": "{\"Err\":\"routing: not found\",\"Root\":null,\"Piece\":null,\"Size\":0,\"MinPrice\":\"\\u003cnil\\u003e\",\"UnsealPrice\":\"\\u003cnil\\u003e\",\"PaymentInterval\":0,\"PaymentIntervalIncrease\":0,\"Miner\":\"t02608\",\"MinerPeer\":{\"Address\":\"t02608\",\"ID\":\"12D3KooWDoaP5T5y9PAR8U85cKGLoK1vfSa6npsiVGbPKpzJSxmt\",\"PieceCID\":null}}"}
ERROR: RPC client error: unmarshaling result: failed to parse big string: '"\u003cnil\u003e"'

Command exited with non-zero status 1
0.05user 0.03system 0:19.92elapsed 0%CPU (0avgtext+0avgdata 37852maxresident)k
0inputs+0outputs (0major+3629minor)pagefaults 0swaps
Skipping ahead

1 wiki.zip.ak.aq

0 wiki.zip.ab.ab
Retrieving t03314 2475 bafykbzacea6qidzjmwynfme23uyne63umjvw5apie7fkor7let5v6zqyhaooq
> Recv: 0 B, Paid 0 FIL, ClientEventOpen (DealStatusNew)
> Recv: 0 B, Paid 0 FIL, ClientEventDealProposed (DealStatusWaitForAcceptance)
> Recv: 0 B, Paid 0 FIL, ClientEventDealAccepted (DealStatusAccepted)
> Recv: 0 B, Paid 0 FIL, ClientEventPaymentChannelAddingFunds (DealStatusPaymentChannelAddingFunds)
> Recv: 0 B, Paid 0 FIL, ClientEventPaymentChannelReady (DealStatusOngoing)
ERROR: retrieval timed out

Command exited with non-zero status 124
0.12user 0.11system 17:00.00elapsed 0%CPU (0avgtext+0avgdata 39264maxresident)k
0inputs+0outputs (0major+3848minor)pagefaults 0swaps
Skipping ahead

1 wiki.zip.aj.bt
Already have log for t03143 2792 bafykbzaceayjvzb5w76kxwn3eepbmjudxjgkvxohato4m2xfjelgiayht5tas

0 wiki.zip.ab.bl

0 wiki.zip.af.ae
Already have log for t02420 2589 bafykbzacec7u2uiexrv7bqeyb54exwubfdiz7tkd737xjuxlor7v7lk46knry
Already have log for t02608 3139 bafykbzacec7u2uiexrv7bqeyb54exwubfdiz7tkd737xjuxlor7v7lk46knry

0 wiki.zip.ac.bh
Already have log for t02608 2519 bafykbzaced6vbcpwt2by45pw2k35aq6qozfbn6yj6sme6ahgpujyprzfmwlqe
Retrieving t02424 3048 bafykbzaced6vbcpwt2by45pw2k35aq6qozfbn6yj6sme6ahgpujyprzfmwlqe
> Recv: 0 B, Paid 0 FIL, ClientEventOpen (DealStatusNew)
> Recv: 0 B, Paid 0 FIL, ClientEventDealProposed (DealStatusWaitForAcceptance)
> Recv: 0 B, Paid 0 FIL, ClientEventDealAccepted (DealStatusAccepted)
> Recv: 0 B, Paid 0 FIL, ClientEventPaymentChannelAddingFunds (DealStatusPaymentChannelAddingFunds)
> Recv: 0 B, Paid 0 FIL, ClientEventPaymentChannelReady (DealStatusOngoing)
Success
Command exited with non-zero status 124
0.17user 0.06system 17:00.00elapsed 0%CPU (0avgtext+0avgdata 39440maxresident)k
0inputs+0outputs (0major+3871minor)pagefaults 0swaps
Skipping ahead

1 wiki.zip.af.bv
Retrieving t02420 2621 bafykbzacecxihch6j5dca3d3pjstp4flrdju2ab76s7lpzkjukfehm7it3e6w
> Recv: 0 B, Paid 0 FIL, ClientEventOpen (DealStatusNew)
> Recv: 0 B, Paid 0 FIL, ClientEventDealProposed (DealStatusWaitForAcceptance)
> Recv: 0 B, Paid 0 FIL, ClientEventDealAccepted (DealStatusAccepted)
> Recv: 0 B, Paid 0 FIL, ClientEventPaymentChannelAddingFunds (DealStatusPaymentChannelAddingFunds)
> Recv: 0 B, Paid 0 FIL, ClientEventPaymentChannelReady (DealStatusOngoing)
ERROR: retrieval timed out

Command exited with non-zero status 124
0.13user 0.09system 17:00.00elapsed 0%CPU (0avgtext+0avgdata 39716maxresident)k
0inputs+0outputs (0major+3989minor)pagefaults 0swaps
Skipping ahead

1 wiki.zip.ak.bz

0 wiki.zip.aa.af
Retrieving t02658 2935 bafykbzacedw3he5ajnoo5qguaywl573rlk2xaxiqc2hcuiknbzddo2qexc6pk
> Recv: 0 B, Paid 0 FIL, ClientEventOpen (DealStatusNew)
> Recv: 0 B, Paid 0 FIL, ClientEventDealProposed (DealStatusWaitForAcceptance)
> Recv: 0 B, Paid 0 FIL, ClientEventDealAccepted (DealStatusAccepted)
> Recv: 0 B, Paid 0 FIL, ClientEventPaymentChannelAddingFunds (DealStatusPaymentChannelAddingFunds)
> Recv: 0 B, Paid 0 FIL,  (DealStatusErrored)
> Recv: 0 B, Paid 0 FIL, ClientEventOpen (DealStatusNew)
ERROR: retrieval failed: Retrieve: Retrieval Error: Provider cancelled retrieval due to error

Command exited with non-zero status 1
0.05user 0.07system 3:43.17elapsed 0%CPU (0avgtext+0avgdata 39168maxresident)k
0inputs+0outputs (0major+3816minor)pagefaults 0swaps
Skipping ahead

1 wiki.zip.am.bq
Retrieving t02540 2888 bafykbzaceagjnfz74m5mr57v5lbqahmij7vsyysjrttsgkoazfth6rpgtbkei
> Recv: 0 B, Paid 0 FIL, ClientEventOpen (DealStatusNew)
> Recv: 0 B, Paid 0 FIL, ClientEventDealProposed (DealStatusWaitForAcceptance)
> Recv: 0 B, Paid 0 FIL, ClientEventDealAccepted (DealStatusAccepted)
> Recv: 0 B, Paid 0 FIL, ClientEventPaymentChannelAddingFunds (DealStatusPaymentChannelAddingFunds)
> Recv: 0 B, Paid 0 FIL, ClientEventPaymentChannelReady (DealStatusOngoing)
ERROR: retrieval timed out

Command exited with non-zero status 124
0.12user 0.08system 17:00.00elapsed 0%CPU (0avgtext+0avgdata 38492maxresident)k
0inputs+0outputs (0major+3734minor)pagefaults 0swaps
Skipping ahead

1 wiki.zip.ab.bu
Already have log for t02620 2494 bafykbzacebptlphowcmxuoxpu3lv66qhnjp4oz7fw7sg3jtigk6b4v6pckmjk

0 wiki.zip.ac.by
Retrieving t02620 3064 bafykbzacebrakectjii5moaciauhtnkjpbsevehzu5o5yeadj7etx6h5b72ts
> Recv: 0 B, Paid 0 FIL, ClientEventOpen (DealStatusNew)
> Recv: 0 B, Paid 0 FIL, ClientEventDealProposed (DealStatusWaitForAcceptance)
> Recv: 0 B, Paid 0 FIL, ClientEventDealAccepted (DealStatusAccepted)
> Recv: 0 B, Paid 0 FIL, ClientEventPaymentChannelAddingFunds (DealStatusPaymentChannelAddingFunds)
> Recv: 0 B, Paid 0 FIL, ClientEventPaymentChannelReady (DealStatusOngoing)
ERROR: retrieval timed out

Command exited with non-zero status 124
0.15user 0.08system 17:00.00elapsed 0%CPU (0avgtext+0avgdata 39288maxresident)k
0inputs+0outputs (0major+3905minor)pagefaults 0swaps
Skipping ahead

1 wiki.zip.ak.ca

0 wiki.zip.ag.be
Already have log for t07964 3153 bafykbzaceatdvm745buvtqovbqtfr3zflijsvcmcblkn24rsytlbhxlrxgdy6

0 wiki.zip.al.bb
Already have log for t03143 2857 bafykbzacealm2cha6ok3z3vq47afdn44by3v2ikytgbup3hv3q5vuuaxippm6

0 wiki.zip.ad.al

0 wiki.zip.ag.bj

0 wiki.zip.aj.ai
Retrieving t02385 2715 bafykbzacec5bus2rsm2is7z2m6w63gxmmmeer6tqsv2neel7dlfcwjq2ajvb4
> Recv: 0 B, Paid 0 FIL, ClientEventOpen (DealStatusNew)
> Recv: 0 B, Paid 0 FIL, ClientEventDealProposed (DealStatusWaitForAcceptance)
> Recv: 0 B, Paid 0 FIL, ClientEventDealAccepted (DealStatusAccepted)
> Recv: 0 B, Paid 0 FIL, ClientEventPaymentChannelAddingFunds (DealStatusPaymentChannelAddingFunds)
> Recv: 0 B, Paid 0 FIL, ClientEventPaymentChannelReady (DealStatusOngoing)
ERROR: retrieval timed out

Command exited with non-zero status 124
0.15user 0.07system 17:00.00elapsed 0%CPU (0avgtext+0avgdata 39220maxresident)k
0inputs+0outputs (0major+3785minor)pagefaults 0swaps
Skipping ahead

1 wiki.zip.ak.af

0 wiki.zip.ae.ba
Retrieving t03512 2566 bafykbzaceb5isdqydvp4xwxobm3p6duorcxmq6msqfl6uuotys2r4rbmqo6t4
ERROR: The received offer errored: retrieval query offer errored: get cid info: No state for /bafykbzaceb5isdqydvp4xwxobm3p6duorcxmq6msqfl6uuotys2r4rbmqo6t4: datastore: key not found

Command exited with non-zero status 1
0.06user 0.02system 0:00.26elapsed 34%CPU (0avgtext+0avgdata 38456maxresident)k
0inputs+0outputs (0major+3766minor)pagefaults 0swaps
Skipping ahead

1 wiki.zip.af.bh
Retrieving t07947 3140 bafykbzacebgerj55kutp7if7fmjinlzaes3hsdiu5hzhxenir4m5665kba2o6
2020-08-25T09:17:16.465Z	[33mWARN[0m	rpc	go-jsonrpc@v0.1.2-0.20200817153016-2ea5cbaf5ec0/client.go:430	unmarshaling failed	{"message": "{\"Err\":\"failed to dial 12D3KooWHRLWcUmv2NFQER1vwJAa2qTSC5S7ssJcAuwUn27t667E: all dials failed\\n  * [/ip4/117.160.206.175/tcp/40133] dial tcp4 117.160.206.175:40133: connect: connection refused\",\"Root\":null,\"Piece\":null,\"Size\":0,\"MinPrice\":\"\\u003cnil\\u003e\",\"UnsealPrice\":\"\\u003cnil\\u003e\",\"PaymentInterval\":0,\"PaymentIntervalIncrease\":0,\"Miner\":\"t07947\",\"MinerPeer\":{\"Address\":\"t07947\",\"ID\":\"12D3KooWHRLWcUmv2NFQER1vwJAa2qTSC5S7ssJcAuwUn27t667E\",\"PieceCID\":null}}"}
ERROR: RPC client error: unmarshaling result: failed to parse big string: '"\u003cnil\u003e"'

Command exited with non-zero status 1
0.03user 0.05system 0:00.60elapsed 14%CPU (0avgtext+0avgdata 38092maxresident)k
0inputs+0outputs (0major+3648minor)pagefaults 0swaps
Skipping ahead

1 wiki.zip.ai.ap
Retrieving t03149 2685 bafykbzacedirzqhx4dwoxysgdt4gnwgkd46oo2um356argam5wrr5bvu5ddwg
> Recv: 0 B, Paid 0 FIL, ClientEventOpen (DealStatusNew)
> Recv: 0 B, Paid 0 FIL, ClientEventDealProposed (DealStatusWaitForAcceptance)
> Recv: 0 B, Paid 0 FIL, ClientEventDealAccepted (DealStatusAccepted)
> Recv: 0 B, Paid 0 FIL, ClientEventPaymentChannelAddingFunds (DealStatusPaymentChannelAddingFunds)
> Recv: 0 B, Paid 0 FIL, ClientEventPaymentChannelReady (DealStatusOngoing)
ERROR: retrieval timed out

Command exited with non-zero status 124
0.16user 0.07system 17:00.00elapsed 0%CPU (0avgtext+0avgdata 39552maxresident)k
0inputs+0outputs (0major+3885minor)pagefaults 0swaps
Skipping ahead

1 wiki.zip.aa.am

0 wiki.zip.am.bw
Retrieving t01102 2954 bafykbzacebv4co5cw5omd24axbcadypd4pwrkbu4flgck5rzalwv7yofgddta
> Recv: 0 B, Paid 0 FIL, ClientEventOpen (DealStatusNew)
> Recv: 0 B, Paid 0 FIL, ClientEventDealProposed (DealStatusWaitForAcceptance)
> Recv: 0 B, Paid 0 FIL, ClientEventDealAccepted (DealStatusAccepted)
> Recv: 269 B, Paid 0 FIL, ClientEventBlocksReceived (DealStatusAccepted)
> Recv: 269 B, Paid 0 FIL, ClientEventPaymentChannelCreateInitiated (DealStatusPaymentChannelCreating)
> Recv: 269 B, Paid 0 FIL, ClientEventPaymentRequested (DealStatusPaymentChannelCreating)
> Recv: 1 MiB, Paid 0 FIL, ClientEventBlocksReceived (DealStatusPaymentChannelCreating)
> Recv: 1 MiB, Paid 0 FIL, ClientEventPaymentChannelReady (DealStatusOngoing)
> Recv: 1 MiB, Paid 0 FIL, ClientEventPaymentRequested (DealStatusFundsNeeded)
> Recv: 1 MiB, Paid 0 FIL, ClientEventSendFunds (DealStatusSendFunds)
> Recv: 1 MiB, Paid 0.00000000000209769 FIL, ClientEventPaymentSent (DealStatusOngoing)
> Recv: 2 MiB, Paid 0.00000000000209769 FIL, ClientEventBlocksReceived (DealStatusOngoing)
> Recv: 2 MiB, Paid 0.00000000000209769 FIL, ClientEventPaymentRequested (DealStatusFundsNeeded)
> Recv: 3 MiB, Paid 0.00000000000209769 FIL, ClientEventBlocksReceived (DealStatusFundsNeeded)
> Recv: 3 MiB, Paid 0.00000000000209769 FIL, ClientEventSendFunds (DealStatusSendFunds)
> Recv: 3 MiB, Paid 0.000000000006291994 FIL, ClientEventPaymentSent (DealStatusOngoing)
> Recv: 4 MiB, Paid 0.000000000006291994 FIL, ClientEventBlocksReceived (DealStatusOngoing)
> Recv: 4 MiB, Paid 0.000000000006291994 FIL, ClientEventLastPaymentRequested (DealStatusFundsNeededLastPayment)
> Recv: 4.769 MiB, Paid 0.000000000006291994 FIL, ClientEventBlocksReceived (DealStatusFundsNeededLastPayment)
> Recv: 4.769 MiB, Paid 0.000000000006291994 FIL, ClientEventAllBlocksReceived (DealStatusSendFundsLastPayment)
> Recv: 4.769 MiB, Paid 0.000000000010000538 FIL, ClientEventPaymentSent (DealStatusFinalizing)
> Recv: 4.769 MiB, Paid 0.000000000010000538 FIL, ClientEventComplete (DealStatusCompleted)
Success
0.05user 0.04system 3:43.94elapsed 0%CPU (0avgtext+0avgdata 38364maxresident)k
0inputs+0outputs (0major+3689minor)pagefaults 0swaps
Skipping ahead

1 wiki.zip.ab.aj
Retrieving t01288 2979 bafykbzaceabmvq434j3pasnl7zduq6owktlfojdpdroen6iomcaq5gdgzmvpw
ERROR: The received offer errored: retrieval query offer errored: get cid info: No state for /bafykbzaceabmvq434j3pasnl7zduq6owktlfojdpdroen6iomcaq5gdgzmvpw: datastore: key not found

Command exited with non-zero status 1
0.05user 0.03system 0:00.38elapsed 21%CPU (0avgtext+0avgdata 38360maxresident)k
0inputs+0outputs (0major+3682minor)pagefaults 0swaps
Skipping ahead

1 wiki.zip.am.ac
Retrieving t02304 3327 bafykbzacebebzblfiagnj3ftm3f2v4g5w2okkxbiaopefso4farzorp4e2ln2
> Recv: 0 B, Paid 0 FIL, ClientEventOpen (DealStatusNew)
> Recv: 0 B, Paid 0 FIL, ClientEventDealProposed (DealStatusWaitForAcceptance)
> Recv: 0 B, Paid 0 FIL, ClientEventDealAccepted (DealStatusAccepted)
> Recv: 0 B, Paid 0 FIL, ClientEventPaymentChannelAddingFunds (DealStatusPaymentChannelAddingFunds)
> Recv: 269 B, Paid 0 FIL, ClientEventBlocksReceived (DealStatusPaymentChannelAddingFunds)
> Recv: 269 B, Paid 0 FIL, ClientEventPaymentRequested (DealStatusPaymentChannelAddingFunds)
> Recv: 1 MiB, Paid 0 FIL, ClientEventBlocksReceived (DealStatusPaymentChannelAddingFunds)
> Recv: 1 MiB, Paid 0 FIL, ClientEventPaymentChannelReady (DealStatusOngoing)
> Recv: 1 MiB, Paid 0 FIL, ClientEventPaymentRequested (DealStatusFundsNeeded)
> Recv: 1 MiB, Paid 0 FIL, ClientEventSendFunds (DealStatusSendFunds)
> Recv: 1 MiB, Paid 0.00000000000209769 FIL, ClientEventPaymentSent (DealStatusOngoing)
> Recv: 2 MiB, Paid 0.00000000000209769 FIL, ClientEventBlocksReceived (DealStatusOngoing)
> Recv: 2 MiB, Paid 0.00000000000209769 FIL, ClientEventPaymentRequested (DealStatusFundsNeeded)
> Recv: 3 MiB, Paid 0.00000000000209769 FIL, ClientEventBlocksReceived (DealStatusFundsNeeded)
> Recv: 3 MiB, Paid 0.00000000000209769 FIL, ClientEventSendFunds (DealStatusSendFunds)
> Recv: 3 MiB, Paid 0.000000000006291994 FIL, ClientEventPaymentSent (DealStatusOngoing)
> Recv: 4 MiB, Paid 0.000000000006291994 FIL, ClientEventBlocksReceived (DealStatusOngoing)
> Recv: 4 MiB, Paid 0.000000000006291994 FIL, ClientEventLastPaymentRequested (DealStatusFundsNeededLastPayment)
> Recv: 4.769 MiB, Paid 0.000000000006291994 FIL, ClientEventBlocksReceived (DealStatusFundsNeededLastPayment)
> Recv: 4.769 MiB, Paid 0.000000000006291994 FIL, ClientEventAllBlocksReceived (DealStatusSendFundsLastPayment)
> Recv: 4.769 MiB, Paid 0.000000000010000538 FIL, ClientEventPaymentSent (DealStatusFinalizing)
> Recv: 4.769 MiB, Paid 0.000000000010000538 FIL, ClientEventComplete (DealStatusCompleted)
Success
0.08user 0.03system 3:25.37elapsed 0%CPU (0avgtext+0avgdata 39048maxresident)k
0inputs+0outputs (0major+3778minor)pagefaults 0swaps
Skipping ahead

1 wiki.zip.ab.bc
Already have log for t02574 2480 bafykbzacebi3s2dz4nqdul6f3s7pc42a6qfdtrsuzmb7nl3f4poq7xbsawm5o
Already have log for t03427 3014 bafykbzacebi3s2dz4nqdul6f3s7pc42a6qfdtrsuzmb7nl3f4poq7xbsawm5o

0 wiki.zip.ak.ah

0 wiki.zip.am.aq
Already have log for t03194 2867 bafykbzacedufd6y32f5dsx5v4cyw6pd27uqjea6isktxziqrbmepihftecqta
Retrieving t07710 3338 bafykbzacedufd6y32f5dsx5v4cyw6pd27uqjea6isktxziqrbmepihftecqta
> Recv: 0 B, Paid 0 FIL, ClientEventOpen (DealStatusNew)
> Recv: 0 B, Paid 0 FIL, ClientEventDealProposed (DealStatusWaitForAcceptance)
> Recv: 0 B, Paid 0 FIL, ClientEventDealAccepted (DealStatusAccepted)
> Recv: 0 B, Paid 0 FIL, ClientEventPaymentChannelAddingFunds (DealStatusPaymentChannelAddingFunds)
> Recv: 0 B, Paid 0 FIL, ClientEventPaymentChannelReady (DealStatusOngoing)
ERROR: retrieval timed out

Command exited with non-zero status 124
0.15user 0.08system 17:00.00elapsed 0%CPU (0avgtext+0avgdata 39148maxresident)k
0inputs+0outputs (0major+3948minor)pagefaults 0swaps
Skipping ahead

1 wiki.zip.al.bu
Already have log for t02424 2850 bafykbzaceak7uldah6meqa2euglkfni4at4bzwnurgeirvoo4jjicibtds2za

0 wiki.zip.ac.af
Retrieving t03339 2512 bafykbzaceanddqveqcxloe4j4nx3uedl6zvjyxtavgil642bqh6hd4lyot6eo
> Recv: 0 B, Paid 0 FIL, ClientEventOpen (DealStatusNew)
> Recv: 0 B, Paid 0 FIL, ClientEventDealProposed (DealStatusWaitForAcceptance)
> Recv: 0 B, Paid 0 FIL, ClientEventDealAccepted (DealStatusAccepted)
> Recv: 0 B, Paid 0 FIL, ClientEventPaymentChannelCreateInitiated (DealStatusPaymentChannelCreating)
> Recv: 0 B, Paid 0 FIL, ClientEventPaymentChannelReady (DealStatusOngoing)
ERROR: retrieval timed out

Command exited with non-zero status 124
0.15user 0.04system 17:00.00elapsed 0%CPU (0avgtext+0avgdata 38904maxresident)k
0inputs+0outputs (0major+3787minor)pagefaults 0swaps
Skipping ahead

1 wiki.zip.ag.ad

0 wiki.zip.ab.ar
Already have log for t02658 2479 bafykbzacedd2mwwca7kgfcvoatzurmtrfcwfd6ejnp24hpfvx266b3ckykcac
Retrieving t02404 3009 bafykbzacedd2mwwca7kgfcvoatzurmtrfcwfd6ejnp24hpfvx266b3ckykcac
> Recv: 0 B, Paid 0 FIL, ClientEventOpen (DealStatusNew)
> Recv: 0 B, Paid 0 FIL, ClientEventDealProposed (DealStatusWaitForAcceptance)
> Recv: 0 B, Paid 0 FIL, ClientEventDealAccepted (DealStatusAccepted)
> Recv: 0 B, Paid 0 FIL, ClientEventPaymentChannelAddingFunds (DealStatusPaymentChannelAddingFunds)
> Recv: 0 B, Paid 0 FIL, ClientEventPaymentChannelReady (DealStatusOngoing)
ERROR: retrieval timed out

Command exited with non-zero status 124
0.13user 0.06system 17:00.00elapsed 0%CPU (0avgtext+0avgdata 38812maxresident)k
0inputs+0outputs (0major+3739minor)pagefaults 0swaps
Skipping ahead

1 wiki.zip.ak.aj

0 wiki.zip.ab.au
Retrieving t07709 3012 bafykbzacebd57xohwcoikhirrbagjih5h66axi674h6tjkigjukgnob4fx54m
> Recv: 0 B, Paid 0 FIL, ClientEventOpen (DealStatusNew)
> Recv: 0 B, Paid 0 FIL, ClientEventDealProposed (DealStatusWaitForAcceptance)
> Recv: 0 B, Paid 0 FIL, ClientEventDealAccepted (DealStatusAccepted)
> Recv: 0 B, Paid 0 FIL, ClientEventPaymentChannelAddingFunds (DealStatusPaymentChannelAddingFunds)
> Recv: 0 B, Paid 0 FIL, ClientEventPaymentChannelReady (DealStatusOngoing)
ERROR: retrieval timed out

Command exited with non-zero status 124
0.15user 0.07system 17:00.00elapsed 0%CPU (0avgtext+0avgdata 39752maxresident)k
0inputs+0outputs (0major+3856minor)pagefaults 0swaps
Skipping ahead

1 wiki.zip.aj.ao
Already have log for t02385 3249 bafykbzacedccohl24kh4belmky7nncicgi67fcm52fcxyzo54s3duudd33ejk

0 wiki.zip.an.ac
Retrieving t01288 2898 bafykbzaceankbh6mg7ykjvgvmdv6honjllswe7f7efdebymgafxx5dn3nrprw
ERROR: The received offer errored: retrieval query offer errored: get cid info: No state for /bafykbzaceankbh6mg7ykjvgvmdv6honjllswe7f7efdebymgafxx5dn3nrprw: datastore: key not found

Command exited with non-zero status 1
0.05user 0.02system 0:00.37elapsed 22%CPU (0avgtext+0avgdata 39356maxresident)k
0inputs+0outputs (0major+3800minor)pagefaults 0swaps
Skipping ahead

1 wiki.zip.ac.ab
Retrieving t03428 2500 bafykbzacec3vmmoqnfxlbym7xzaj5yvwzq3kckc2hv7xhpmgkoa6v6xpddyby
2020-08-25T10:49:58.795Z	[33mWARN[0m	rpc	go-jsonrpc@v0.1.2-0.20200817153016-2ea5cbaf5ec0/client.go:430	unmarshaling failed	{"message": "{\"Err\":\"routing: not found\",\"Root\":null,\"Piece\":null,\"Size\":0,\"MinPrice\":\"\\u003cnil\\u003e\",\"UnsealPrice\":\"\\u003cnil\\u003e\",\"PaymentInterval\":0,\"PaymentIntervalIncrease\":0,\"Miner\":\"t03428\",\"MinerPeer\":{\"Address\":\"t03428\",\"ID\":\"12D3KooWSbzULuJEBXdUFoe58w48NoXfest3eDYWav6p9AQSQM5y\",\"PieceCID\":null}}"}
ERROR: RPC client error: unmarshaling result: failed to parse big string: '"\u003cnil\u003e"'

Command exited with non-zero status 1
0.05user 0.02system 0:08.76elapsed 0%CPU (0avgtext+0avgdata 37772maxresident)k
0inputs+0outputs (0major+3668minor)pagefaults 0swaps
Skipping ahead

1 wiki.zip.ai.ai
Retrieving t02608 2684 bafykbzacea73qjqnzx6i5ni5qso3nwx3wmmwwwhw7y6kehzl7k6dwaovss4ww
2020-08-25T10:50:09.747Z	[33mWARN[0m	rpc	go-jsonrpc@v0.1.2-0.20200817153016-2ea5cbaf5ec0/client.go:430	unmarshaling failed	{"message": "{\"Err\":\"routing: not found\",\"Root\":null,\"Piece\":null,\"Size\":0,\"MinPrice\":\"\\u003cnil\\u003e\",\"UnsealPrice\":\"\\u003cnil\\u003e\",\"PaymentInterval\":0,\"PaymentIntervalIncrease\":0,\"Miner\":\"t02608\",\"MinerPeer\":{\"Address\":\"t02608\",\"ID\":\"12D3KooWDoaP5T5y9PAR8U85cKGLoK1vfSa6npsiVGbPKpzJSxmt\",\"PieceCID\":null}}"}
ERROR: RPC client error: unmarshaling result: failed to parse big string: '"\u003cnil\u003e"'

Command exited with non-zero status 1
0.05user 0.02system 0:09.92elapsed 0%CPU (0avgtext+0avgdata 37916maxresident)k
0inputs+0outputs (0major+3710minor)pagefaults 0swaps
Skipping ahead

1 wiki.zip.ad.bf

0 wiki.zip.aa.as
Already have log for t07451 2440 bafykbzaceawwbotf4jrqvborghoiol6gm7w2yr3qqndwnypixhxgnkis6hram

0 wiki.zip.ai.by

0 wiki.zip.ah.bx

0 wiki.zip.af.ak

0 wiki.zip.ae.bu

0 wiki.zip.ac.au
Retrieving t02404 2507 bafykbzacebqigwuzkhtfi3oqyzgujqgvxdspamuptfswqccijqq5dgkjxpgaa
> Recv: 0 B, Paid 0 FIL, ClientEventOpen (DealStatusNew)
> Recv: 0 B, Paid 0 FIL, ClientEventDealProposed (DealStatusWaitForAcceptance)
> Recv: 0 B, Paid 0 FIL, ClientEventDealAccepted (DealStatusAccepted)
> Recv: 0 B, Paid 0 FIL, ClientEventPaymentChannelAddingFunds (DealStatusPaymentChannelAddingFunds)
> Recv: 0 B, Paid 0 FIL, ClientEventPaymentChannelReady (DealStatusOngoing)
ERROR: retrieval timed out

Command exited with non-zero status 124
0.13user 0.10system 17:00.00elapsed 0%CPU (0avgtext+0avgdata 39288maxresident)k
0inputs+0outputs (0major+3861minor)pagefaults 0swaps
Skipping ahead

1 wiki.zip.ad.ad

0 wiki.zip.an.ad
Retrieving t03512 2896 bafykbzaceckpgto7356yvzwsxqshylr6i7lyc7a4q4g3agcu4tqu7bvcburqo
ERROR: The received offer errored: retrieval query offer errored: get cid info: No state for /bafykbzaceckpgto7356yvzwsxqshylr6i7lyc7a4q4g3agcu4tqu7bvcburqo: datastore: key not found

Command exited with non-zero status 1
0.04user 0.02system 0:00.44elapsed 16%CPU (0avgtext+0avgdata 37892maxresident)k
0inputs+0outputs (0major+3634minor)pagefaults 0swaps
Skipping ahead

1 wiki.zip.ae.bg
Retrieving t02574 2581 bafykbzaceasxwxdfhzh73oiiucipinqz5o3pmbpiuk7u5iotvicklidu4ni3m
> Recv: 0 B, Paid 0 FIL, ClientEventDealProposed (DealStatusWaitForAcceptance)
> Recv: 0 B, Paid 0 FIL, ClientEventDealAccepted (DealStatusAccepted)
> Recv: 0 B, Paid 0 FIL, ClientEventPaymentChannelAddingFunds (DealStatusPaymentChannelAddingFunds)
> Recv: 0 B, Paid 0 FIL, ClientEventPaymentChannelReady (DealStatusOngoing)
> Recv: 0 B, Paid 0 FIL,  (DealStatusErrored)
> Recv: 0 B, Paid 0 FIL, ClientEventOpen (DealStatusNew)
ERROR: retrieval failed: Retrieve: Retrieval Error: Provider cancelled retrieval due to error

Command exited with non-zero status 1
0.09user 0.07system 7:20.65elapsed 0%CPU (0avgtext+0avgdata 39352maxresident)k
0inputs+0outputs (0major+3875minor)pagefaults 0swaps
Skipping ahead

1 wiki.zip.ad.an
Already have log for t07451 3042 bafykbzacedaomq6iynxabtonu5lyeslvtwdzz3ybfzo23vj6cl57exebrtyce

0 wiki.zip.ag.aa
Already have log for t03314 3163 bafykbzaceb46oxmuhfbb2fl6x2vb3qtdyep46xocusip7jj3gnaroothoydy4

0 wiki.zip.an.aa
Retrieving t07451 2894 bafykbzacecxjjmqms6du2vwbehfxuoachth4f55mkgtfrdxallikyuxzo32e6
2020-08-25T11:14:47.717Z	[33mWARN[0m	rpc	go-jsonrpc@v0.1.2-0.20200817153016-2ea5cbaf5ec0/client.go:430	unmarshaling failed	{"message": "{\"Err\":\"failed to dial 12D3KooWFxdiv7ZMLHQbNJpp1h61FCbwA7rT7adcGnwzCq2ZThcP: all dials failed\\n  * [/ip4/221.12.20.5/tcp/6000] dial tcp4 221.12.20.5:6000: connect: connection refused\",\"Root\":null,\"Piece\":null,\"Size\":0,\"MinPrice\":\"\\u003cnil\\u003e\",\"UnsealPrice\":\"\\u003cnil\\u003e\",\"PaymentInterval\":0,\"PaymentIntervalIncrease\":0,\"Miner\":\"t07451\",\"MinerPeer\":{\"Address\":\"t07451\",\"ID\":\"12D3KooWFxdiv7ZMLHQbNJpp1h61FCbwA7rT7adcGnwzCq2ZThcP\",\"PieceCID\":null}}"}
ERROR: RPC client error: unmarshaling result: failed to parse big string: '"\u003cnil\u003e"'

Command exited with non-zero status 1
0.05user 0.02system 0:00.61elapsed 12%CPU (0avgtext+0avgdata 38648maxresident)k
0inputs+0outputs (0major+3848minor)pagefaults 0swaps
Skipping ahead

1 wiki.zip.ad.aa
Already have log for t07924 3074 bafykbzacedeqm53zmridnms53xfwu5tabjxziwzol7j2wn7uz6qhklzvhocni

0 wiki.zip.ac.aj
Already have log for t03314 3046 bafykbzacebnzrq6digudvudg4jfgo5v4fia6eynwpfngktsl42gtxqik4rjcg

0 wiki.zip.ak.bg
Already have log for t03264 3289 bafykbzacedvtwfaupz63l4s3hus3n253gqpwaukecs4a2kvi44zhnqho7sxwg

0 wiki.zip.aa.ab
Already have log for t02540 2431 bafykbzacebw5iokuz5pgiv5dhkt62qlsurxnv2eag7x3wkch4lybw7iwtrfg2
Retrieving t03264 2966 bafykbzacebw5iokuz5pgiv5dhkt62qlsurxnv2eag7x3wkch4lybw7iwtrfg2
> Recv: 0 B, Paid 0 FIL, ClientEventOpen (DealStatusNew)
> Recv: 0 B, Paid 0 FIL, ClientEventDealProposed (DealStatusWaitForAcceptance)
> Recv: 0 B, Paid 0 FIL, ClientEventDealAccepted (DealStatusAccepted)
> Recv: 0 B, Paid 0 FIL, ClientEventPaymentChannelAddingFunds (DealStatusPaymentChannelAddingFunds)
> Recv: 0 B, Paid 0 FIL, ClientEventPaymentChannelReady (DealStatusOngoing)
ERROR: retrieval timed out

Command exited with non-zero status 124
0.13user 0.07system 17:00.00elapsed 0%CPU (0avgtext+0avgdata 38956maxresident)k
0inputs+0outputs (0major+3783minor)pagefaults 0swaps
Skipping ahead

1 wiki.zip.ai.ak

0 wiki.zip.ab.ah
Already have log for t03344 2978 bafykbzaceaoq5zqqg4wfhjnz5pnuoobxvthygnpw5uf72qgbeov7nsxdkp4js

0 wiki.zip.af.bi
Already have log for t03344 2604 bafykbzacedx6vi6mpp4d6o2cxodbfciw4r2gbqfv626msa7oz2ipmhiiyyzja
Already have log for t02608 3283 bafykbzacedx6vi6mpp4d6o2cxodbfciw4r2gbqfv626msa7oz2ipmhiiyyzja

0 wiki.zip.al.bg

0 wiki.zip.al.bc
Already have log for t02574 2863 bafykbzacec5np3vzxfudpcdtwcac3gen5mbykyocoxatzlxsjctxfzzp3azmq

0 wiki.zip.ag.ba
Retrieving t02404 2651 bafykbzacedg47kvegxvaeqa4szbb4r3g7mi3pw6qbcbuwpacsfwxpgzwphfoa
> Recv: 0 B, Paid 0 FIL, ClientEventOpen (DealStatusNew)
> Recv: 0 B, Paid 0 FIL, ClientEventDealProposed (DealStatusWaitForAcceptance)
> Recv: 0 B, Paid 0 FIL, ClientEventDealAccepted (DealStatusAccepted)
> Recv: 0 B, Paid 0 FIL, ClientEventPaymentChannelAddingFunds (DealStatusPaymentChannelAddingFunds)
> Recv: 0 B, Paid 0 FIL, ClientEventPaymentChannelReady (DealStatusOngoing)
ERROR: retrieval timed out

Command exited with non-zero status 124
0.13user 0.09system 17:00.00elapsed 0%CPU (0avgtext+0avgdata 38592maxresident)k
0inputs+0outputs (0major+3753minor)pagefaults 0swaps
Skipping ahead

1 wiki.zip.aj.by

0 wiki.zip.af.bt
Already have log for t02620 2619 bafykbzaceak6a5evfitmfcu2oxgcuy3gskbmqst5ebtt2zbubvnqkyhrd2zdi
Retrieving t07924 3157 bafykbzaceak6a5evfitmfcu2oxgcuy3gskbmqst5ebtt2zbubvnqkyhrd2zdi
> Recv: 0 B, Paid 0 FIL, ClientEventOpen (DealStatusNew)
> Recv: 0 B, Paid 0 FIL, ClientEventDealProposed (DealStatusWaitForAcceptance)
> Recv: 0 B, Paid 0 FIL, ClientEventDealAccepted (DealStatusAccepted)
> Recv: 0 B, Paid 0 FIL, ClientEventPaymentChannelAddingFunds (DealStatusPaymentChannelAddingFunds)
> Recv: 0 B, Paid 0 FIL, ClientEventPaymentChannelReady (DealStatusOngoing)
ERROR: retrieval timed out

Command exited with non-zero status 124
0.12user 0.10system 17:00.00elapsed 0%CPU (0avgtext+0avgdata 39196maxresident)k
0inputs+0outputs (0major+3805minor)pagefaults 0swaps
Skipping ahead

1 wiki.zip.af.ca

0 wiki.zip.ab.bv
Already have log for t02420 2981 bafykbzacec66td2taeqgeflexc67vuvkznsztvn3pqnxm4kj5flnqowsd4jfo

0 wiki.zip.ac.ao
Already have log for t07964 3275 bafykbzaceb3nqjdih263ssbwmu5duxlzn4jpkt4sqxyypmgkdhhqmcox4feiu

0 wiki.zip.ab.bm
Retrieving t02540 2483 bafykbzacedgo2jpweu2gjbd6iudaqipc4xwt5rqq25f2vkkt2j5n2t2vx7dkm
> Recv: 0 B, Paid 0 FIL, ClientEventOpen (DealStatusNew)
> Recv: 0 B, Paid 0 FIL, ClientEventDealProposed (DealStatusWaitForAcceptance)
> Recv: 0 B, Paid 0 FIL, ClientEventDealAccepted (DealStatusAccepted)
> Recv: 0 B, Paid 0 FIL, ClientEventPaymentChannelAddingFunds (DealStatusPaymentChannelAddingFunds)
> Recv: 0 B, Paid 0 FIL, ClientEventPaymentChannelReady (DealStatusOngoing)
