> Recv: 0 B, Paid 0 FIL, ClientEventDealProposed (DealStatusWaitForAcceptance)
> Recv: 0 B, Paid 0 FIL, ClientEventDealAccepted (DealStatusAccepted)
> Recv: 269 B, Paid 0 FIL, ClientEventBlocksReceived (DealStatusAccepted)
> Recv: 269 B, Paid 0 FIL, ClientEventPaymentRequested (DealStatusAccepted)
2020-09-10T04:52:54.162-0700	[34mINFO[0m	rpc	go-jsonrpc@v0.1.2-0.20200822201400-474f4fdccc52/client.go:213	rpc output message buffer	{"n": 2}
2020-09-10T04:52:54.162-0700	[34mINFO[0m	rpc	go-jsonrpc@v0.1.2-0.20200822201400-474f4fdccc52/client.go:213	rpc output message buffer	{"n": 3}
> Recv: 1 MiB, Paid 0 FIL, ClientEventBlocksReceived (DealStatusAccepted)
> Recv: 1 MiB, Paid 0 FIL, ClientEventPaymentChannelAddingFunds (DealStatusPaymentChannelAllocatingLane)
> Recv: 1 MiB, Paid 0 FIL, ClientEventLaneAllocated (DealStatusOngoing)
> Recv: 1 MiB, Paid 0 FIL, ClientEventPaymentRequested (DealStatusFundsNeeded)
> Recv: 1 MiB, Paid 0 FIL, ClientEventSendFunds (DealStatusSendFunds)
> Recv: 1 MiB, Paid 0.00000000000209769 FIL, ClientEventPaymentSent (DealStatusOngoing)
> Recv: 2 MiB, Paid 0.00000000000209769 FIL, ClientEventBlocksReceived (DealStatusOngoing)
> Recv: 2 MiB, Paid 0.00000000000209769 FIL, ClientEventPaymentRequested (DealStatusFundsNeeded)
> Recv: 3 MiB, Paid 0.00000000000209769 FIL, ClientEventBlocksReceived (DealStatusFundsNeeded)
> Recv: 3 MiB, Paid 0.00000000000209769 FIL, ClientEventSendFunds (DealStatusSendFunds)
> Recv: 3 MiB, Paid 0.000000000006291994 FIL, ClientEventPaymentSent (DealStatusOngoing)
> Recv: 4 MiB, Paid 0.000000000006291994 FIL, ClientEventBlocksReceived (DealStatusOngoing)
> Recv: 4 MiB, Paid 0.000000000006291994 FIL, ClientEventLastPaymentRequested (DealStatusFundsNeededLastPayment)
> Recv: 4.769 MiB, Paid 0.000000000006291994 FIL, ClientEventBlocksReceived (DealStatusFundsNeededLastPayment)
> Recv: 4.769 MiB, Paid 0.000000000006291994 FIL, ClientEventAllBlocksReceived (DealStatusSendFundsLastPayment)
> Recv: 4.769 MiB, Paid 0.000000000010000538 FIL, ClientEventPaymentSent (DealStatusFinalizing)
> Recv: 4.769 MiB, Paid 0.000000000010000538 FIL, ClientEventComplete (DealStatusCompleted)
Success
0.05user 0.01system 0:17.44elapsed 0%CPU (0avgtext+0avgdata 38280maxresident)k
120inputs+0outputs (1major+3723minor)pagefaults 0swaps
