Apr 05 02:31:17 1234
Apr 05 02:31:17 eyJhbGciOiJIUzI1NiIsInR5cCI6IkpXVCJ9.eyJBbGxvdyI6WyJyZWFkIiwid3JpdGUiLCJzaWduIiwiYWRtaW4iXX0.RzY4hBx900NTgTTAA7E-5suH8551qNnu4IWj05cheAs
Apr 05 02:31:17 Loading deals f0421499
Apr 05 02:31:17 f0421499 1 minimal_finality_stateroots_616300_2021-03-26_22-00-00.car.aa
Apr 05 02:31:17 f0421499 2 minimal_finality_stateroots_616300_2021-03-26_22-00-00.car.ab
Apr 05 02:31:17 f0421499 3 minimal_finality_stateroots_620860_2021-03-28_12-00-00.car.aa
Apr 05 02:31:17 f0421499 4 minimal_finality_stateroots_620860_2021-03-28_12-00-00.car.ab
Apr 05 02:31:17 f0421499 5 minimal_finality_stateroots_624460_2021-03-29_18-00-00.car.aa
Apr 05 02:31:17 f0421499 6 minimal_finality_stateroots_624460_2021-03-29_18-00-00.car.ab
Apr 05 02:31:17 f0421499 7 minimal_finality_stateroots_627340_2021-03-30_18-00-00.car.aa
Apr 05 02:31:17 f0421499 8 minimal_finality_stateroots_627340_2021-03-30_18-00-00.car.ab
Apr 05 02:31:17 1 minimal_finality_stateroots_624460_2021-03-29_18-00-00.car.aa
Apr 05 02:31:17 f02576-1650987 f08399-1652420 f010479-1652545
Apr 05 02:31:17 Mpool pending 1, skipping + sleeping 30s
Apr 05 02:31:47 Mpool pending 1, skipping + sleeping 30s
Apr 05 02:32:17 Mpool pending 1, skipping + sleeping 30s
Apr 05 02:32:47 
Apr 05 02:32:48 0 minimal_finality_stateroots_616300_2021-03-26_22-00-00.car.ab
Apr 05 02:32:48 f08403-1639685 f022163-1639544 f014768-1639431 f01278-1639717 f01234-1639443 f071624-1639479 f022352-1639878 f099608-1640642 f01240-1640769 f0145874-1640738 f02576-1640964 f015927-1641099 f010479-1641179
Apr 05 02:32:48 Mpool pending 1, skipping + sleeping 30s
Apr 05 02:33:29 Already have log for f022163 1639544 bafykbzacea5dewvdatvbxc2tmi26bomowduqhoi7ery4yqi3n6li32n4oe546
Apr 05 02:33:32 Already have log for f014768 1639431 bafykbzacea5dewvdatvbxc2tmi26bomowduqhoi7ery4yqi3n6li32n4oe546
Apr 05 02:33:35 Already have log for f01278 1639717 bafykbzacea5dewvdatvbxc2tmi26bomowduqhoi7ery4yqi3n6li32n4oe546
Apr 05 02:33:37 Mpool pending 2, skipping + sleeping 30s
Apr 05 02:34:07 Already have log for f071624 1639479 bafykbzacea5dewvdatvbxc2tmi26bomowduqhoi7ery4yqi3n6li32n4oe546
Apr 05 02:34:08 Already have log for f022352 1639878 bafykbzacea5dewvdatvbxc2tmi26bomowduqhoi7ery4yqi3n6li32n4oe546
Apr 05 02:34:10 Retrieving f099608 1640642 bafykbzacea5dewvdatvbxc2tmi26bomowduqhoi7ery4yqi3n6li32n4oe546
Apr 05 02:34:10   % Total    % Received % Xferd  Average Speed   Time    Time     Time  Current
Apr 05 02:34:10                                  Dload  Upload   Total   Spent    Left  Speed
Apr 05 02:34:10   0     0    0     0    0     0      0      0 --:--:-- --:--:-- --:--:--     0100   563  100   386  100   177   2859   1311 --:--:-- --:--:-- --:--:--  4170
Apr 05 02:34:10 {"jsonrpc":"2.0","result":{"Err":"","Root":{"/":"bafykbzacea5dewvdatvbxc2tmi26bomowduqhoi7ery4yqi3n6li32n4oe546"},"Piece":null,"Size":34359738368,"MinPrice":"68719476736","UnsealPrice":"0","PaymentInterval":1048576,"PaymentIntervalIncrease":1048576,"Miner":"f099600","MinerPeer":{"Address":"f099608","ID":"12D3KooWMF32Az9K6knsUwttFYUJ4qrArvDgg1bnAdUw3mt6eEZr","PieceCID":null}},"id":1}
Apr 05 06:33:38 > Recv: 0 B, Paid 0 FIL, ClientEventOpen (DealStatusNew)
Apr 05 06:33:38 > Recv: 0 B, Paid 0 FIL, ClientEventDealProposed (DealStatusWaitForAcceptance)
Apr 05 06:34:10 ERROR: retrieval timed out
Apr 05 06:34:10 
Apr 05 06:34:10 Command exited with non-zero status 124
Apr 05 06:34:10 5.84user 0.20system 4:00:00elapsed 0%CPU (0avgtext+0avgdata 75776maxresident)k
Apr 05 06:34:10 0inputs+0outputs (0major+11280minor)pagefaults 0swaps
Apr 05 06:34:10 f0421499: 0.439660440863773363 FIL (584G free)
Apr 05 06:34:10 Skipping ahead
Apr 05 06:34:10 
Apr 05 06:34:11 1 minimal_finality_stateroots_627340_2021-03-30_18-00-00.car.aa
Apr 05 06:34:11 f09848-1652857 f019551-1651158 f066596-1652487 f022163-1652788
Apr 05 06:34:13 Already have log for f09848 1652857 bafykbzaceaoebu76qzfrijr63ghpslqqzgcqneq75lfbrdhp5v7l3dtv6n2j4
Apr 05 06:34:14 Already have log for f019551 1651158 bafykbzaceaoebu76qzfrijr63ghpslqqzgcqneq75lfbrdhp5v7l3dtv6n2j4
Apr 05 06:34:16 Already have log for f066596 1652487 bafykbzaceaoebu76qzfrijr63ghpslqqzgcqneq75lfbrdhp5v7l3dtv6n2j4
Apr 05 06:34:19 Already have log for f022163 1652788 bafykbzaceaoebu76qzfrijr63ghpslqqzgcqneq75lfbrdhp5v7l3dtv6n2j4
Apr 05 06:34:20 
Apr 05 06:34:21 0 minimal_finality_stateroots_620860_2021-03-28_12-00-00.car.ab
Apr 05 06:34:21 f071624-1643068 f09848-1642933 f019551-1645164 f01278-1645170 f08403-1645178 f022352-1652238 f058369-1652461 f0145874-1652527 f023467-1652489 f099608-1652792
Apr 05 06:34:23 Already have log for f071624 1643068 bafykbzacedqs6z3a56hasssv234ddhav7zgrlaukfnj6norlu4deptzsezn6g
Apr 05 06:34:26 Already have log for f09848 1642933 bafykbzacedqs6z3a56hasssv234ddhav7zgrlaukfnj6norlu4deptzsezn6g
Apr 05 06:34:30 Already have log for f019551 1645164 bafykbzacedqs6z3a56hasssv234ddhav7zgrlaukfnj6norlu4deptzsezn6g
Apr 05 06:34:35 Already have log for f01278 1645170 bafykbzacedqs6z3a56hasssv234ddhav7zgrlaukfnj6norlu4deptzsezn6g
Apr 05 06:34:44 Already have log for f08403 1645178 bafykbzacedqs6z3a56hasssv234ddhav7zgrlaukfnj6norlu4deptzsezn6g
Apr 05 06:34:50 Already have log for f022352 1652238 bafykbzacedqs6z3a56hasssv234ddhav7zgrlaukfnj6norlu4deptzsezn6g
Apr 05 06:34:57 Already have log for f058369 1652461 bafykbzacedqs6z3a56hasssv234ddhav7zgrlaukfnj6norlu4deptzsezn6g
Apr 05 06:35:03 Already have log for f0145874 1652527 bafykbzacedqs6z3a56hasssv234ddhav7zgrlaukfnj6norlu4deptzsezn6g
Apr 05 06:35:10 Already have log for f023467 1652489 bafykbzacedqs6z3a56hasssv234ddhav7zgrlaukfnj6norlu4deptzsezn6g
Apr 05 06:35:16 Already have log for f099608 1652792 bafykbzacedqs6z3a56hasssv234ddhav7zgrlaukfnj6norlu4deptzsezn6g
Apr 05 06:35:17 
Apr 05 06:35:18 0 minimal_finality_stateroots_627340_2021-03-30_18-00-00.car.ab
Apr 05 06:35:18 f08403-1652750 f019551-1652790
Apr 05 06:35:25 Already have log for f08403 1652750 bafykbzacebrkcuqlkatfr5t72rvi622se6vvwndcn6akviq547jp3whpufdjs
Apr 05 06:35:35 Already have log for f019551 1652790 bafykbzacebrkcuqlkatfr5t72rvi622se6vvwndcn6akviq547jp3whpufdjs
Apr 05 06:35:36 
Apr 05 06:35:37 0 minimal_finality_stateroots_620860_2021-03-28_12-00-00.car.aa
Apr 05 06:35:37 f0165400-1642717 f022163-1643006 f019551-1645067 f022352-1642861 f066596-1643069 f0145874-1642998 f071624-1645163 f08403-1645153 f022142-1652418 f014768-1652440 f023467-1652230 f058369-1652547
Apr 05 06:35:42 Already have log for f0165400 1642717 bafykbzacebwfpdjhfkv4dckre5pdb6dbtn3drso5mdqbmbofexmrri6vt3py2
Apr 05 06:35:50 Already have log for f022163 1643006 bafykbzacebwfpdjhfkv4dckre5pdb6dbtn3drso5mdqbmbofexmrri6vt3py2
Apr 05 06:35:56 Already have log for f019551 1645067 bafykbzacebwfpdjhfkv4dckre5pdb6dbtn3drso5mdqbmbofexmrri6vt3py2
Apr 05 06:36:01 Already have log for f022352 1642861 bafykbzacebwfpdjhfkv4dckre5pdb6dbtn3drso5mdqbmbofexmrri6vt3py2
Apr 05 06:36:06 Already have log for f066596 1643069 bafykbzacebwfpdjhfkv4dckre5pdb6dbtn3drso5mdqbmbofexmrri6vt3py2
Apr 05 06:36:12 Already have log for f0145874 1642998 bafykbzacebwfpdjhfkv4dckre5pdb6dbtn3drso5mdqbmbofexmrri6vt3py2
Apr 05 06:36:20 Already have log for f071624 1645163 bafykbzacebwfpdjhfkv4dckre5pdb6dbtn3drso5mdqbmbofexmrri6vt3py2
Apr 05 06:36:27 Already have log for f08403 1645153 bafykbzacebwfpdjhfkv4dckre5pdb6dbtn3drso5mdqbmbofexmrri6vt3py2
Apr 05 06:36:34 Already have log for f022142 1652418 bafykbzacebwfpdjhfkv4dckre5pdb6dbtn3drso5mdqbmbofexmrri6vt3py2
Apr 05 06:36:38 Already have log for f014768 1652440 bafykbzacebwfpdjhfkv4dckre5pdb6dbtn3drso5mdqbmbofexmrri6vt3py2
Apr 05 06:36:47 Already have log for f023467 1652230 bafykbzacebwfpdjhfkv4dckre5pdb6dbtn3drso5mdqbmbofexmrri6vt3py2
Apr 05 06:36:53 Already have log for f058369 1652547 bafykbzacebwfpdjhfkv4dckre5pdb6dbtn3drso5mdqbmbofexmrri6vt3py2
Apr 05 06:36:54 
Apr 05 06:36:55 0 minimal_finality_stateroots_624460_2021-03-29_18-00-00.car.ab
Apr 05 06:36:55 f099608-1652417 f01240-1652718 f022163-1652787
Apr 05 06:37:00 Already have log for f099608 1652417 bafykbzaceazee5wr2xtg4gpmjeo65uawsjx5i7kpxlv6h75hinjfqc7sg72sa
Apr 05 06:37:06 Already have log for f01240 1652718 bafykbzaceazee5wr2xtg4gpmjeo65uawsjx5i7kpxlv6h75hinjfqc7sg72sa
Apr 05 06:37:12 Already have log for f022163 1652787 bafykbzaceazee5wr2xtg4gpmjeo65uawsjx5i7kpxlv6h75hinjfqc7sg72sa
Apr 05 06:37:13 
Apr 05 06:37:14 0 minimal_finality_stateroots_616300_2021-03-26_22-00-00.car.aa
Apr 05 06:37:14 f023971-1638943 f0157535-1639420 f015927-1639425 f066596-1639456 f071624-1640606 f08403-1641409 f01234-1640777 f023467-1641041 f019551-1641211 f022352-1642427
Apr 05 06:37:24 Already have log for f023971 1638943 bafykbzacedoze6ckqa36rd7sxv7pcpjhugbbdnfssif2meiivcykvcvqup5h2
Apr 05 06:37:29 Mpool pending 1, skipping + sleeping 30s
Apr 05 06:38:02 Mpool pending 3, skipping + sleeping 30s
Apr 05 06:38:36 Already have log for f066596 1639456 bafykbzacedoze6ckqa36rd7sxv7pcpjhugbbdnfssif2meiivcykvcvqup5h2
Apr 05 06:38:45 Already have log for f071624 1640606 bafykbzacedoze6ckqa36rd7sxv7pcpjhugbbdnfssif2meiivcykvcvqup5h2
Apr 05 06:38:55 Already have log for f08403 1641409 bafykbzacedoze6ckqa36rd7sxv7pcpjhugbbdnfssif2meiivcykvcvqup5h2
Apr 05 06:39:01 Already have log for f01234 1640777 bafykbzacedoze6ckqa36rd7sxv7pcpjhugbbdnfssif2meiivcykvcvqup5h2
Apr 05 06:39:07 Already have log for f023467 1641041 bafykbzacedoze6ckqa36rd7sxv7pcpjhugbbdnfssif2meiivcykvcvqup5h2
Apr 05 06:39:17 Already have log for f019551 1641211 bafykbzacedoze6ckqa36rd7sxv7pcpjhugbbdnfssif2meiivcykvcvqup5h2
Apr 05 06:39:25 Already have log for f022352 1642427 bafykbzacedoze6ckqa36rd7sxv7pcpjhugbbdnfssif2meiivcykvcvqup5h2
Apr 05 06:39:26 
