Apr 04 02:39:27 1234
Apr 04 02:39:27 eyJhbGciOiJIUzI1NiIsInR5cCI6IkpXVCJ9.eyJBbGxvdyI6WyJyZWFkIiwid3JpdGUiLCJzaWduIiwiYWRtaW4iXX0.RzY4hBx900NTgTTAA7E-5suH8551qNnu4IWj05cheAs
Apr 04 02:39:27 Loading deals f0421499
Apr 04 02:39:28 f0421499 1 minimal_finality_stateroots_616300_2021-03-26_22-00-00.car.aa
Apr 04 02:39:28 f0421499 2 minimal_finality_stateroots_616300_2021-03-26_22-00-00.car.ab
Apr 04 02:39:28 f0421499 3 minimal_finality_stateroots_620860_2021-03-28_12-00-00.car.aa
Apr 04 02:39:28 f0421499 4 minimal_finality_stateroots_620860_2021-03-28_12-00-00.car.ab
Apr 04 02:39:28 f0421499 5 minimal_finality_stateroots_624460_2021-03-29_18-00-00.car.aa
Apr 04 02:39:28 f0421499 6 minimal_finality_stateroots_624460_2021-03-29_18-00-00.car.ab
Apr 04 02:39:28 f0421499 7 minimal_finality_stateroots_627340_2021-03-30_18-00-00.car.aa
Apr 04 02:39:28 f0421499 8 minimal_finality_stateroots_627340_2021-03-30_18-00-00.car.ab
Apr 04 02:39:28 1 minimal_finality_stateroots_616300_2021-03-26_22-00-00.car.ab
Apr 04 02:39:28 f08403-1639685 f022163-1639544 f014768-1639431 f01278-1639717 f01234-1639443 f071624-1639479 f022352-1639878 f099608-1640642 f01240-1640769 f0145874-1640738 f02576-1640964 f015927-1641099 f010479-1641179
Apr 04 02:39:29 Mpool pending 3, skipping + sleeping 30s
Apr 04 02:40:01 Already have log for f022163 1639544 bafykbzacea5dewvdatvbxc2tmi26bomowduqhoi7ery4yqi3n6li32n4oe546
Apr 04 02:40:05 Already have log for f014768 1639431 bafykbzacea5dewvdatvbxc2tmi26bomowduqhoi7ery4yqi3n6li32n4oe546
Apr 04 02:40:07 Already have log for f01278 1639717 bafykbzacea5dewvdatvbxc2tmi26bomowduqhoi7ery4yqi3n6li32n4oe546
Apr 04 02:40:15 Already have log for f01234 1639443 bafykbzacea5dewvdatvbxc2tmi26bomowduqhoi7ery4yqi3n6li32n4oe546
Apr 04 02:40:18 Retrieving f071624 1639479 bafykbzacea5dewvdatvbxc2tmi26bomowduqhoi7ery4yqi3n6li32n4oe546
Apr 04 02:40:18   % Total    % Received % Xferd  Average Speed   Time    Time     Time  Current
Apr 04 02:40:18                                  Dload  Upload   Total   Spent    Left  Speed
Apr 04 02:40:18   0     0    0     0    0     0      0      0 --:--:-- --:--:-- --:--:--     0100   563  100   386  100   177   5078   2328 --:--:-- --:--:-- --:--:--  7407
Apr 04 02:40:18 {"jsonrpc":"2.0","result":{"Err":"","Root":{"/":"bafykbzacea5dewvdatvbxc2tmi26bomowduqhoi7ery4yqi3n6li32n4oe546"},"Piece":null,"Size":34359738368,"MinPrice":"68719476736","UnsealPrice":"0","PaymentInterval":1048576,"PaymentIntervalIncrease":1048576,"Miner":"f070441","MinerPeer":{"Address":"f071624","ID":"12D3KooWByTFdr3VbnnST9woj7SQAq5ZBAWXbkADdGzYjnJZrTN1","PieceCID":null}},"id":1}
Apr 04 02:40:18 > Recv: 0 B, Paid 0 FIL, ClientEventOpen (DealStatusNew)
Apr 04 02:40:18 > Recv: 0 B, Paid 0 FIL, ClientEventDealProposed (DealStatusWaitForAcceptance)
Apr 04 06:19:02 > Recv: 0 B, Paid 0 FIL, ClientEventProviderCancelled (DealStatusCancelling)
Apr 04 06:19:02 > Recv: 0 B, Paid 0 FIL, ClientEventDataTransferError (DealStatusErrored)
Apr 04 06:19:02 > Recv: 0 B, Paid 0 FIL, ClientEventOpen (DealStatusNew)
Apr 04 06:19:02 ERROR: retrieval failed: Retrieve: Retrieval Error: error generated by data transfer: unable to send cancel to channel FSM: normal shutdown of state machine
Apr 04 06:19:02 
Apr 04 06:19:02 Command exited with non-zero status 1
Apr 04 06:19:02 3.70user 0.11system 3:38:44elapsed 0%CPU (0avgtext+0avgdata 73392maxresident)k
Apr 04 06:19:02 0inputs+0outputs (0major+11578minor)pagefaults 0swaps
Apr 04 06:19:02 f0421499: 23.126371822644557095 FIL (127G free)
Apr 04 06:19:02 Skipping ahead
Apr 04 06:19:02 
Apr 04 06:19:03 Draining, exiting...
