{"jsonrpc":"2.0","result":{"Err":"","Root":{"/":"bafykbzacea5dewvdatvbxc2tmi26bomowduqhoi7ery4yqi3n6li32n4oe546"},"Piece":null,"Size":34359738368,"MinPrice":"68719476736","UnsealPrice":"0","PaymentInterval":1048576,"PaymentIntervalIncrease":1048576,"Miner":"f02495","MinerPeer":{"Address":"f02576","ID":"12D3KooWDz6Up4tXg2SVwR54skSV6i4Mh8yBueSx7tRTatuKiihQ","PieceCID":null}},"id":1}
Apr 04 18:44:16 > Recv: 0 B, Paid 0 FIL, ClientEventOpen (DealStatusNew)
Apr 04 18:44:16 > Recv: 0 B, Paid 0 FIL, ClientEventDealProposed (DealStatusWaitForAcceptance)
Apr 04 18:44:19 > Recv: 0 B, Paid 0 FIL, ClientEventDealAccepted (DealStatusAccepted)
Apr 04 18:44:19 > Recv: 0 B, Paid 0 FIL, ClientEventPaymentChannelAddingFunds (DealStatusPaymentChannelAddingInitialFunds)
Apr 04 18:47:30 > Recv: 0 B, Paid 0 FIL, ClientEventPaymentChannelReady (DealStatusPaymentChannelAllocatingLane)
Apr 04 18:47:30 > Recv: 0 B, Paid 0 FIL, ClientEventLaneAllocated (DealStatusOngoing)
Apr 04 18:48:35 > Recv: 962 B, Paid 0 FIL, ClientEventBlocksReceived (DealStatusOngoing)
Apr 04 18:48:35 > Recv: 52.95 KiB, Paid 0 FIL, ClientEventBlocksReceived (DealStatusOngoing)
Apr 04 18:48:43 > Recv: 52.95 KiB, Paid 0 FIL, ClientEventPaymentRequested (DealStatusFundsNeeded)
Apr 04 18:48:43 > Recv: 1.052 MiB, Paid 0 FIL, ClientEventBlocksReceived (DealStatusFundsNeeded)
Apr 04 18:48:43 > Recv: 1.052 MiB, Paid 0 FIL, ClientEventSendFunds (DealStatusSendFunds)
Apr 04 18:48:43 > Recv: 1.052 MiB, Paid 0.000000000002205594 FIL, ClientEventPaymentSent (DealStatusOngoing)
Apr 04 18:48:55 > Recv: 2.052 MiB, Paid 0.000000000002205594 FIL, ClientEventBlocksReceived (DealStatusOngoing)
Apr 04 18:48:57 > Recv: 2.052 MiB, Paid 0.000000000002205594 FIL, ClientEventPaymentRequested (DealStatusFundsNeeded)
Apr 04 18:48:57 > Recv: 3.052 MiB, Paid 0.000000000002205594 FIL, ClientEventBlocksReceived (DealStatusFundsNeeded)
Apr 04 18:48:57 > Recv: 3.052 MiB, Paid 0.000000000002205594 FIL, ClientEventSendFunds (DealStatusSendFunds)
Apr 04 18:48:57 > Recv: 3.052 MiB, Paid 0.000000000006399898 FIL, ClientEventPaymentSent (DealStatusOngoing)
Apr 04 18:50:04 > Recv: 4.052 MiB, Paid 0.000000000006399898 FIL, ClientEventBlocksReceived (DealStatusOngoing)
Apr 04 18:50:13 > Recv: 5.052 MiB, Paid 0.000000000006399898 FIL, ClientEventBlocksReceived (DealStatusOngoing)
Apr 04 18:50:22 > Recv: 5.052 MiB, Paid 0.000000000006399898 FIL, ClientEventPaymentRequested (DealStatusFundsNeeded)
Apr 04 18:50:22 > Recv: 6.052 MiB, Paid 0.000000000006399898 FIL, ClientEventBlocksReceived (DealStatusFundsNeeded)
Apr 04 18:50:22 > Recv: 6.052 MiB, Paid 0.000000000006399898 FIL, ClientEventSendFunds (DealStatusSendFunds)
Apr 04 18:50:22 > Recv: 6.052 MiB, Paid 0.000000000012691354 FIL, ClientEventPaymentSent (DealStatusOngoing)
Apr 04 18:50:38 > Recv: 7.052 MiB, Paid 0.000000000012691354 FIL, ClientEventBlocksReceived (DealStatusOngoing)
Apr 04 18:50:41 > Recv: 8.052 MiB, Paid 0.000000000012691354 FIL, ClientEventBlocksReceived (DealStatusOngoing)
Apr 04 18:50:44 > Recv: 9.052 MiB, Paid 0.000000000012691354 FIL, ClientEventBlocksReceived (DealStatusOngoing)
Apr 04 18:50:45 > Recv: 9.052 MiB, Paid 0.000000000012691354 FIL, ClientEventPaymentRequested (DealStatusFundsNeeded)
Apr 04 18:50:45 > Recv: 9.052 MiB, Paid 0.000000000012691354 FIL, ClientEventSendFunds (DealStatusSendFunds)
Apr 04 18:50:45 > Recv: 9.052 MiB, Paid 0.000000000021079962 FIL, ClientEventPaymentSent (DealStatusOngoing)
Apr 04 18:51:56 > Recv: 11.05 MiB, Paid 0.000000000021079962 FIL, ClientEventBlocksReceived (DealStatusOngoing)
Apr 04 18:52:00 > Recv: 12.05 MiB, Paid 0.000000000021079962 FIL, ClientEventBlocksReceived (DealStatusOngoing)
Apr 04 18:52:02 > Recv: 13.05 MiB, Paid 0.000000000021079962 FIL, ClientEventBlocksReceived (DealStatusOngoing)
Apr 04 18:52:08 > Recv: 14.05 MiB, Paid 0.000000000021079962 FIL, ClientEventBlocksReceived (DealStatusOngoing)
Apr 04 18:52:14 > Recv: 14.05 MiB, Paid 0.000000000021079962 FIL, ClientEventPaymentRequested (DealStatusFundsNeeded)
Apr 04 18:52:14 > Recv: 14.05 MiB, Paid 0.000000000021079962 FIL, ClientEventSendFunds (DealStatusSendFunds)
Apr 04 18:52:15 > Recv: 14.05 MiB, Paid 0.000000000031565722 FIL, ClientEventPaymentSent (DealStatusOngoing)
Apr 04 18:52:27 > Recv: 16.05 MiB, Paid 0.000000000031565722 FIL, ClientEventBlocksReceived (DealStatusOngoing)
Apr 04 18:52:31 > Recv: 17.05 MiB, Paid 0.000000000031565722 FIL, ClientEventBlocksReceived (DealStatusOngoing)
Apr 04 18:52:32 > Recv: 18.05 MiB, Paid 0.000000000031565722 FIL, ClientEventBlocksReceived (DealStatusOngoing)
Apr 04 18:52:35 > Recv: 19.05 MiB, Paid 0.000000000031565722 FIL, ClientEventBlocksReceived (DealStatusOngoing)
Apr 04 18:52:40 > Recv: 20.05 MiB, Paid 0.000000000031565722 FIL, ClientEventBlocksReceived (DealStatusOngoing)
Apr 04 18:52:44 > Recv: 20.05 MiB, Paid 0.000000000031565722 FIL, ClientEventPaymentRequested (DealStatusFundsNeeded)
Apr 04 18:52:44 > Recv: 20.05 MiB, Paid 0.000000000031565722 FIL, ClientEventSendFunds (DealStatusSendFunds)
Apr 04 18:52:45 > Recv: 20.05 MiB, Paid 0.000000000044148634 FIL, ClientEventPaymentSent (DealStatusOngoing)
Apr 04 18:53:53 > Recv: 22.05 MiB, Paid 0.000000000044148634 FIL, ClientEventBlocksReceived (DealStatusOngoing)
Apr 04 18:53:57 > Recv: 23.05 MiB, Paid 0.000000000044148634 FIL, ClientEventBlocksReceived (DealStatusOngoing)
Apr 04 18:54:06 > Recv: 24.05 MiB, Paid 0.000000000044148634 FIL, ClientEventBlocksReceived (DealStatusOngoing)
Apr 04 18:54:12 > Recv: 25.05 MiB, Paid 0.000000000044148634 FIL, ClientEventBlocksReceived (DealStatusOngoing)
Apr 04 18:54:15 > Recv: 26.05 MiB, Paid 0.000000000044148634 FIL, ClientEventBlocksReceived (DealStatusOngoing)
Apr 04 18:54:16 > Recv: 27.05 MiB, Paid 0.000000000044148634 FIL, ClientEventBlocksReceived (DealStatusOngoing)
Apr 04 18:54:18 > Recv: 27.05 MiB, Paid 0.000000000044148634 FIL, ClientEventPaymentRequested (DealStatusFundsNeeded)
Apr 04 18:54:18 > Recv: 27.05 MiB, Paid 0.000000000044148634 FIL, ClientEventSendFunds (DealStatusSendFunds)
Apr 04 18:54:19 > Recv: 27.05 MiB, Paid 0.000000000058828698 FIL, ClientEventPaymentSent (DealStatusOngoing)
Apr 04 18:54:31 > Recv: 29.05 MiB, Paid 0.000000000058828698 FIL, ClientEventBlocksReceived (DealStatusOngoing)
Apr 04 18:54:33 > Recv: 30.05 MiB, Paid 0.000000000058828698 FIL, ClientEventBlocksReceived (DealStatusOngoing)
Apr 04 18:54:34 > Recv: 31.05 MiB, Paid 0.000000000058828698 FIL, ClientEventBlocksReceived (DealStatusOngoing)
Apr 04 18:54:36 > Recv: 32.05 MiB, Paid 0.000000000058828698 FIL, ClientEventBlocksReceived (DealStatusOngoing)
Apr 04 18:54:39 > Recv: 33.05 MiB, Paid 0.000000000058828698 FIL, ClientEventBlocksReceived (DealStatusOngoing)
Apr 04 18:54:45 > Recv: 34.05 MiB, Paid 0.000000000058828698 FIL, ClientEventBlocksReceived (DealStatusOngoing)
Apr 04 18:54:50 > Recv: 35.05 MiB, Paid 0.000000000058828698 FIL, ClientEventBlocksReceived (DealStatusOngoing)
Apr 04 18:54:52 > Recv: 35.05 MiB, Paid 0.000000000058828698 FIL, ClientEventPaymentRequested (DealStatusFundsNeeded)
Apr 04 18:54:52 > Recv: 35.05 MiB, Paid 0.000000000058828698 FIL, ClientEventSendFunds (DealStatusSendFunds)
Apr 04 18:54:52 > Recv: 35.05 MiB, Paid 0.000000000075605914 FIL, ClientEventPaymentSent (DealStatusOngoing)
Apr 04 18:55:45 > Recv: 37.05 MiB, Paid 0.000000000075605914 FIL, ClientEventBlocksReceived (DealStatusOngoing)
Apr 04 18:55:54 > Recv: 38.05 MiB, Paid 0.000000000075605914 FIL, ClientEventBlocksReceived (DealStatusOngoing)
Apr 04 18:56:05 > Recv: 39.05 MiB, Paid 0.000000000075605914 FIL, ClientEventBlocksReceived (DealStatusOngoing)
Apr 04 18:56:12 > Recv: 40.05 MiB, Paid 0.000000000075605914 FIL, ClientEventBlocksReceived (DealStatusOngoing)
Apr 04 18:56:19 > Recv: 41.05 MiB, Paid 0.000000000075605914 FIL, ClientEventBlocksReceived (DealStatusOngoing)
Apr 04 18:56:29 > Recv: 42.05 MiB, Paid 0.000000000075605914 FIL, ClientEventBlocksReceived (DealStatusOngoing)
Apr 04 18:56:32 > Recv: 43.05 MiB, Paid 0.000000000075605914 FIL, ClientEventBlocksReceived (DealStatusOngoing)
Apr 04 18:56:38 > Recv: 44.05 MiB, Paid 0.000000000075605914 FIL, ClientEventBlocksReceived (DealStatusOngoing)
Apr 04 18:56:44 > Recv: 44.05 MiB, Paid 0.000000000075605914 FIL, ClientEventPaymentRequested (DealStatusFundsNeeded)
Apr 04 18:56:44 > Recv: 44.05 MiB, Paid 0.000000000075605914 FIL, ClientEventSendFunds (DealStatusSendFunds)
Apr 04 18:56:44 > Recv: 44.05 MiB, Paid 0.000000000094480282 FIL, ClientEventPaymentSent (DealStatusOngoing)
Apr 04 18:57:16 > Recv: 46.05 MiB, Paid 0.000000000094480282 FIL, ClientEventBlocksReceived (DealStatusOngoing)
Apr 04 18:57:19 > Recv: 47.05 MiB, Paid 0.000000000094480282 FIL, ClientEventBlocksReceived (DealStatusOngoing)
Apr 04 18:57:20 > Recv: 48.05 MiB, Paid 0.000000000094480282 FIL, ClientEventBlocksReceived (DealStatusOngoing)
Apr 04 18:57:22 > Recv: 49.05 MiB, Paid 0.000000000094480282 FIL, ClientEventBlocksReceived (DealStatusOngoing)
Apr 04 18:57:23 > Recv: 50.05 MiB, Paid 0.000000000094480282 FIL, ClientEventBlocksReceived (DealStatusOngoing)
Apr 04 18:57:24 > Recv: 51.05 MiB, Paid 0.000000000094480282 FIL, ClientEventBlocksReceived (DealStatusOngoing)
Apr 04 18:57:26 > Recv: 52.05 MiB, Paid 0.000000000094480282 FIL, ClientEventBlocksReceived (DealStatusOngoing)
Apr 04 18:57:28 > Recv: 53.05 MiB, Paid 0.000000000094480282 FIL, ClientEventBlocksReceived (DealStatusOngoing)
Apr 04 18:57:31 > Recv: 54.05 MiB, Paid 0.000000000094480282 FIL, ClientEventBlocksReceived (DealStatusOngoing)
Apr 04 18:57:34 > Recv: 54.05 MiB, Paid 0.000000000094480282 FIL, ClientEventPaymentRequested (DealStatusFundsNeeded)
Apr 04 18:57:34 > Recv: 54.05 MiB, Paid 0.000000000094480282 FIL, ClientEventSendFunds (DealStatusSendFunds)
Apr 04 18:57:34 > Recv: 54.05 MiB, Paid 0.000000000115451802 FIL, ClientEventPaymentSent (DealStatusOngoing)
Apr 04 18:58:56 > Recv: 56.05 MiB, Paid 0.000000000115451802 FIL, ClientEventBlocksReceived (DealStatusOngoing)
Apr 04 18:58:57 > Recv: 57.05 MiB, Paid 0.000000000115451802 FIL, ClientEventBlocksReceived (DealStatusOngoing)
Apr 04 18:58:58 > Recv: 58.05 MiB, Paid 0.000000000115451802 FIL, ClientEventBlocksReceived (DealStatusOngoing)
Apr 04 18:59:00 > Recv: 59.05 MiB, Paid 0.000000000115451802 FIL, ClientEventBlocksReceived (DealStatusOngoing)
Apr 04 18:59:01 > Recv: 60.05 MiB, Paid 0.000000000115451802 FIL, ClientEventBlocksReceived (DealStatusOngoing)
Apr 04 18:59:03 > Recv: 61.05 MiB, Paid 0.000000000115451802 FIL, ClientEventBlocksReceived (DealStatusOngoing)
Apr 04 18:59:05 > Recv: 62.05 MiB, Paid 0.000000000115451802 FIL, ClientEventBlocksReceived (DealStatusOngoing)
Apr 04 18:59:10 > Recv: 63.05 MiB, Paid 0.000000000115451802 FIL, ClientEventBlocksReceived (DealStatusOngoing)
Apr 04 18:59:15 > Recv: 64.05 MiB, Paid 0.000000000115451802 FIL, ClientEventBlocksReceived (DealStatusOngoing)
Apr 04 18:59:19 > Recv: 65.05 MiB, Paid 0.000000000115451802 FIL, ClientEventBlocksReceived (DealStatusOngoing)
Apr 04 18:59:23 > Recv: 65.05 MiB, Paid 0.000000000115451802 FIL, ClientEventPaymentRequested (DealStatusFundsNeeded)
Apr 04 18:59:23 > Recv: 65.05 MiB, Paid 0.000000000115451802 FIL, ClientEventSendFunds (DealStatusSendFunds)
Apr 04 18:59:23 > Recv: 65.05 MiB, Paid 0.000000000138520474 FIL, ClientEventPaymentSent (DealStatusOngoing)
Apr 04 19:02:51 > Recv: 67.05 MiB, Paid 0.000000000138520474 FIL, ClientEventBlocksReceived (DealStatusOngoing)
Apr 04 19:02:53 > Recv: 68.05 MiB, Paid 0.000000000138520474 FIL, ClientEventBlocksReceived (DealStatusOngoing)
Apr 04 19:02:54 > Recv: 69.05 MiB, Paid 0.000000000138520474 FIL, ClientEventBlocksReceived (DealStatusOngoing)
Apr 04 19:02:55 > Recv: 70.05 MiB, Paid 0.000000000138520474 FIL, ClientEventBlocksReceived (DealStatusOngoing)
Apr 04 19:02:56 > Recv: 71.05 MiB, Paid 0.000000000138520474 FIL, ClientEventBlocksReceived (DealStatusOngoing)
Apr 04 19:02:57 > Recv: 72.05 MiB, Paid 0.000000000138520474 FIL, ClientEventBlocksReceived (DealStatusOngoing)
Apr 04 19:02:59 > Recv: 73.05 MiB, Paid 0.000000000138520474 FIL, ClientEventBlocksReceived (DealStatusOngoing)
Apr 04 19:03:00 > Recv: 74.05 MiB, Paid 0.000000000138520474 FIL, ClientEventBlocksReceived (DealStatusOngoing)
Apr 04 19:03:01 > Recv: 75.05 MiB, Paid 0.000000000138520474 FIL, ClientEventBlocksReceived (DealStatusOngoing)
Apr 04 19:03:01 > Recv: 76.05 MiB, Paid 0.000000000138520474 FIL, ClientEventBlocksReceived (DealStatusOngoing)
Apr 04 19:03:03 > Recv: 77.05 MiB, Paid 0.000000000138520474 FIL, ClientEventBlocksReceived (DealStatusOngoing)
Apr 04 19:03:04 > Recv: 77.05 MiB, Paid 0.000000000138520474 FIL, ClientEventPaymentRequested (DealStatusFundsNeeded)
Apr 04 19:03:04 > Recv: 77.05 MiB, Paid 0.000000000138520474 FIL, ClientEventSendFunds (DealStatusSendFunds)
Apr 04 19:03:04 > Recv: 77.05 MiB, Paid 0.000000000163686298 FIL, ClientEventPaymentSent (DealStatusOngoing)
Apr 04 19:07:46 > Recv: 79.05 MiB, Paid 0.000000000163686298 FIL, ClientEventBlocksReceived (DealStatusOngoing)
Apr 04 19:07:46 > Recv: 80.05 MiB, Paid 0.000000000163686298 FIL, ClientEventBlocksReceived (DealStatusOngoing)
Apr 04 19:07:46 > Recv: 81.05 MiB, Paid 0.000000000163686298 FIL, ClientEventBlocksReceived (DealStatusOngoing)
Apr 04 19:07:46 > Recv: 82.05 MiB, Paid 0.000000000163686298 FIL, ClientEventBlocksReceived (DealStatusOngoing)
Apr 04 19:07:46 > Recv: 83.05 MiB, Paid 0.000000000163686298 FIL, ClientEventBlocksReceived (DealStatusOngoing)
Apr 04 19:07:46 > Recv: 84.05 MiB, Paid 0.000000000163686298 FIL, ClientEventBlocksReceived (DealStatusOngoing)
Apr 04 19:07:46 > Recv: 85.05 MiB, Paid 0.000000000163686298 FIL, ClientEventBlocksReceived (DealStatusOngoing)
Apr 04 19:07:46 > Recv: 86.05 MiB, Paid 0.000000000163686298 FIL, ClientEventBlocksReceived (DealStatusOngoing)
Apr 04 19:07:46 > Recv: 87.05 MiB, Paid 0.000000000163686298 FIL, ClientEventBlocksReceived (DealStatusOngoing)
Apr 04 19:07:46 > Recv: 88.05 MiB, Paid 0.000000000163686298 FIL, ClientEventBlocksReceived (DealStatusOngoing)
Apr 04 19:07:46 > Recv: 89.05 MiB, Paid 0.000000000163686298 FIL, ClientEventBlocksReceived (DealStatusOngoing)
Apr 04 19:07:46 > Recv: 90.05 MiB, Paid 0.000000000163686298 FIL, ClientEventBlocksReceived (DealStatusOngoing)
Apr 04 19:07:46 > Recv: 90.05 MiB, Paid 0.000000000163686298 FIL, ClientEventPaymentRequested (DealStatusFundsNeeded)
Apr 04 19:07:46 > Recv: 90.05 MiB, Paid 0.000000000163686298 FIL, ClientEventSendFunds (DealStatusSendFunds)
Apr 04 19:07:46 > Recv: 90.05 MiB, Paid 0.000000000190949274 FIL, ClientEventPaymentSent (DealStatusOngoing)
Apr 04 19:08:51 > Recv: 92.05 MiB, Paid 0.000000000190949274 FIL, ClientEventBlocksReceived (DealStatusOngoing)
Apr 04 19:08:52 > Recv: 93.05 MiB, Paid 0.000000000190949274 FIL, ClientEventBlocksReceived (DealStatusOngoing)
Apr 04 19:09:00 > Recv: 94.05 MiB, Paid 0.000000000190949274 FIL, ClientEventBlocksReceived (DealStatusOngoing)
Apr 04 19:09:02 > Recv: 95.05 MiB, Paid 0.000000000190949274 FIL, ClientEventBlocksReceived (DealStatusOngoing)
Apr 04 19:09:10 > Recv: 96.05 MiB, Paid 0.000000000190949274 FIL, ClientEventBlocksReceived (DealStatusOngoing)
Apr 04 19:09:19 > Recv: 97.05 MiB, Paid 0.000000000190949274 FIL, ClientEventBlocksReceived (DealStatusOngoing)
Apr 04 19:09:20 > Recv: 98.05 MiB, Paid 0.000000000190949274 FIL, ClientEventBlocksReceived (DealStatusOngoing)
Apr 04 19:09:20 > Recv: 99.05 MiB, Paid 0.000000000190949274 FIL, ClientEventBlocksReceived (DealStatusOngoing)
Apr 04 19:09:21 > Recv: 100.1 MiB, Paid 0.000000000190949274 FIL, ClientEventBlocksReceived (DealStatusOngoing)
Apr 04 19:09:22 > Recv: 101.1 MiB, Paid 0.000000000190949274 FIL, ClientEventBlocksReceived (DealStatusOngoing)
Apr 04 19:09:25 > Recv: 102.1 MiB, Paid 0.000000000190949274 FIL, ClientEventBlocksReceived (DealStatusOngoing)
Apr 04 19:09:32 > Recv: 103.1 MiB, Paid 0.000000000190949274 FIL, ClientEventBlocksReceived (DealStatusOngoing)
Apr 04 19:09:41 > Recv: 104.1 MiB, Paid 0.000000000190949274 FIL, ClientEventBlocksReceived (DealStatusOngoing)
Apr 04 19:09:43 > Recv: 104.1 MiB, Paid 0.000000000190949274 FIL, ClientEventPaymentRequested (DealStatusFundsNeeded)
Apr 04 19:09:43 > Recv: 104.1 MiB, Paid 0.000000000190949274 FIL, ClientEventSendFunds (DealStatusSendFunds)
Apr 04 19:09:43 > Recv: 104.1 MiB, Paid 0.000000000220309402 FIL, ClientEventPaymentSent (DealStatusOngoing)
Apr 04 19:09:50 > Recv: 106.1 MiB, Paid 0.000000000220309402 FIL, ClientEventBlocksReceived (DealStatusOngoing)
Apr 04 19:09:53 > Recv: 107.1 MiB, Paid 0.000000000220309402 FIL, ClientEventBlocksReceived (DealStatusOngoing)
Apr 04 19:09:55 > Recv: 108.1 MiB, Paid 0.000000000220309402 FIL, ClientEventBlocksReceived (DealStatusOngoing)
Apr 04 19:09:56 > Recv: 109.1 MiB, Paid 0.000000000220309402 FIL, ClientEventBlocksReceived (DealStatusOngoing)
Apr 04 19:09:56 > Recv: 110.1 MiB, Paid 0.000000000220309402 FIL, ClientEventBlocksReceived (DealStatusOngoing)
Apr 04 19:09:57 > Recv: 111.1 MiB, Paid 0.000000000220309402 FIL, ClientEventBlocksReceived (DealStatusOngoing)
Apr 04 19:09:57 > Recv: 112.1 MiB, Paid 0.000000000220309402 FIL, ClientEventBlocksReceived (DealStatusOngoing)
Apr 04 19:09:58 > Recv: 113.1 MiB, Paid 0.000000000220309402 FIL, ClientEventBlocksReceived (DealStatusOngoing)
Apr 04 19:09:59 > Recv: 114.1 MiB, Paid 0.000000000220309402 FIL, ClientEventBlocksReceived (DealStatusOngoing)
Apr 04 19:10:01 > Recv: 115.1 MiB, Paid 0.000000000220309402 FIL, ClientEventBlocksReceived (DealStatusOngoing)
Apr 04 19:10:03 > Recv: 116.1 MiB, Paid 0.000000000220309402 FIL, ClientEventBlocksReceived (DealStatusOngoing)
Apr 04 19:10:04 > Recv: 117.1 MiB, Paid 0.000000000220309402 FIL, ClientEventBlocksReceived (DealStatusOngoing)
Apr 04 19:10:06 > Recv: 118.1 MiB, Paid 0.000000000220309402 FIL, ClientEventBlocksReceived (DealStatusOngoing)
Apr 04 19:10:09 > Recv: 119.1 MiB, Paid 0.000000000220309402 FIL, ClientEventBlocksReceived (DealStatusOngoing)
Apr 04 19:10:12 > Recv: 119.1 MiB, Paid 0.000000000220309402 FIL, ClientEventPaymentRequested (DealStatusFundsNeeded)
Apr 04 19:10:12 > Recv: 119.1 MiB, Paid 0.000000000220309402 FIL, ClientEventSendFunds (DealStatusSendFunds)
Apr 04 19:10:12 > Recv: 119.1 MiB, Paid 0.000000000251766682 FIL, ClientEventPaymentSent (DealStatusOngoing)
Apr 04 19:11:24 > Recv: 121.1 MiB, Paid 0.000000000251766682 FIL, ClientEventBlocksReceived (DealStatusOngoing)
Apr 04 19:11:27 > Recv: 122.1 MiB, Paid 0.000000000251766682 FIL, ClientEventBlocksReceived (DealStatusOngoing)
Apr 04 19:11:28 > Recv: 123.1 MiB, Paid 0.000000000251766682 FIL, ClientEventBlocksReceived (DealStatusOngoing)
Apr 04 19:11:35 > Recv: 124.1 MiB, Paid 0.000000000251766682 FIL, ClientEventBlocksReceived (DealStatusOngoing)
Apr 04 19:11:42 > Recv: 125.1 MiB, Paid 0.000000000251766682 FIL, ClientEventBlocksReceived (DealStatusOngoing)
Apr 04 19:11:49 > Recv: 126.1 MiB, Paid 0.000000000251766682 FIL, ClientEventBlocksReceived (DealStatusOngoing)
Apr 04 19:11:49 > Recv: 127.1 MiB, Paid 0.000000000251766682 FIL, ClientEventBlocksReceived (DealStatusOngoing)
Apr 04 19:12:00 > Recv: 128.1 MiB, Paid 0.000000000251766682 FIL, ClientEventBlocksReceived (DealStatusOngoing)
Apr 04 19:12:11 > Recv: 129.1 MiB, Paid 0.000000000251766682 FIL, ClientEventBlocksReceived (DealStatusOngoing)
Apr 04 19:12:12 > Recv: 130.1 MiB, Paid 0.000000000251766682 FIL, ClientEventBlocksReceived (DealStatusOngoing)
Apr 04 19:12:12 > Recv: 131.1 MiB, Paid 0.000000000251766682 FIL, ClientEventBlocksReceived (DealStatusOngoing)
Apr 04 19:12:13 > Recv: 132.1 MiB, Paid 0.000000000251766682 FIL, ClientEventBlocksReceived (DealStatusOngoing)
Apr 04 19:12:28 > Recv: 133.1 MiB, Paid 0.000000000251766682 FIL, ClientEventBlocksReceived (DealStatusOngoing)
Apr 04 19:12:34 > Recv: 134.1 MiB, Paid 0.000000000251766682 FIL, ClientEventBlocksReceived (DealStatusOngoing)
Apr 04 19:12:35 > Recv: 135.1 MiB, Paid 0.000000000251766682 FIL, ClientEventBlocksReceived (DealStatusOngoing)
Apr 04 19:12:35 > Recv: 135.1 MiB, Paid 0.000000000251766682 FIL, ClientEventPaymentRequested (DealStatusFundsNeeded)
Apr 04 19:12:35 > Recv: 135.1 MiB, Paid 0.000000000251766682 FIL, ClientEventSendFunds (DealStatusSendFunds)
Apr 04 19:12:35 > Recv: 135.1 MiB, Paid 0.000000000285321114 FIL, ClientEventPaymentSent (DealStatusOngoing)
Apr 04 19:12:47 > Recv: 137.1 MiB, Paid 0.000000000285321114 FIL, ClientEventBlocksReceived (DealStatusOngoing)
Apr 04 19:12:55 > Recv: 138.1 MiB, Paid 0.000000000285321114 FIL, ClientEventBlocksReceived (DealStatusOngoing)
Apr 04 19:12:57 > Recv: 139.1 MiB, Paid 0.000000000285321114 FIL, ClientEventBlocksReceived (DealStatusOngoing)
Apr 04 19:12:57 > Recv: 140.1 MiB, Paid 0.000000000285321114 FIL, ClientEventBlocksReceived (DealStatusOngoing)
Apr 04 19:12:58 > Recv: 141.1 MiB, Paid 0.000000000285321114 FIL, ClientEventBlocksReceived (DealStatusOngoing)
Apr 04 19:12:58 > Recv: 142.1 MiB, Paid 0.000000000285321114 FIL, ClientEventBlocksReceived (DealStatusOngoing)
Apr 04 19:12:59 > Recv: 143.1 MiB, Paid 0.000000000285321114 FIL, ClientEventBlocksReceived (DealStatusOngoing)
Apr 04 19:13:02 > Recv: 144.1 MiB, Paid 0.000000000285321114 FIL, ClientEventBlocksReceived (DealStatusOngoing)
Apr 04 19:13:09 > Recv: 145.1 MiB, Paid 0.000000000285321114 FIL, ClientEventBlocksReceived (DealStatusOngoing)
Apr 04 19:13:14 > Recv: 146.1 MiB, Paid 0.000000000285321114 FIL, ClientEventBlocksReceived (DealStatusOngoing)
Apr 04 19:13:22 > Recv: 147.1 MiB, Paid 0.000000000285321114 FIL, ClientEventBlocksReceived (DealStatusOngoing)
Apr 04 19:13:22 > Recv: 148.1 MiB, Paid 0.000000000285321114 FIL, ClientEventBlocksReceived (DealStatusOngoing)
Apr 04 19:13:22 > Recv: 149.1 MiB, Paid 0.000000000285321114 FIL, ClientEventBlocksReceived (DealStatusOngoing)
Apr 04 19:13:22 > Recv: 150.1 MiB, Paid 0.000000000285321114 FIL, ClientEventBlocksReceived (DealStatusOngoing)
Apr 04 19:13:22 > Recv: 151.1 MiB, Paid 0.000000000285321114 FIL, ClientEventBlocksReceived (DealStatusOngoing)
Apr 04 19:13:22 > Recv: 152.1 MiB, Paid 0.000000000285321114 FIL, ClientEventBlocksReceived (DealStatusOngoing)
Apr 04 19:13:22 > Recv: 152.1 MiB, Paid 0.000000000285321114 FIL, ClientEventPaymentRequested (DealStatusFundsNeeded)
Apr 04 19:13:22 > Recv: 152.1 MiB, Paid 0.000000000285321114 FIL, ClientEventSendFunds (DealStatusSendFunds)
Apr 04 19:13:22 > Recv: 152.1 MiB, Paid 0.000000000320972698 FIL, ClientEventPaymentSent (DealStatusOngoing)
Apr 04 19:14:33 > Recv: 154.1 MiB, Paid 0.000000000320972698 FIL, ClientEventBlocksReceived (DealStatusOngoing)
Apr 04 19:14:40 > Recv: 155.1 MiB, Paid 0.000000000320972698 FIL, ClientEventBlocksReceived (DealStatusOngoing)
Apr 04 19:14:40 > Recv: 156.1 MiB, Paid 0.000000000320972698 FIL, ClientEventBlocksReceived (DealStatusOngoing)
Apr 04 19:14:41 > Recv: 157.1 MiB, Paid 0.000000000320972698 FIL, ClientEventBlocksReceived (DealStatusOngoing)
Apr 04 19:14:42 > Recv: 158.1 MiB, Paid 0.000000000320972698 FIL, ClientEventBlocksReceived (DealStatusOngoing)
Apr 04 19:14:46 > Recv: 159.1 MiB, Paid 0.000000000320972698 FIL, ClientEventBlocksReceived (DealStatusOngoing)
Apr 04 19:14:59 > Recv: 160.1 MiB, Paid 0.000000000320972698 FIL, ClientEventBlocksReceived (DealStatusOngoing)
Apr 04 19:15:06 > Recv: 161.1 MiB, Paid 0.000000000320972698 FIL, ClientEventBlocksReceived (DealStatusOngoing)
Apr 04 19:15:06 > Recv: 162.1 MiB, Paid 0.000000000320972698 FIL, ClientEventBlocksReceived (DealStatusOngoing)
Apr 04 19:15:07 > Recv: 163.1 MiB, Paid 0.000000000320972698 FIL, ClientEventBlocksReceived (DealStatusOngoing)
Apr 04 19:15:07 > Recv: 164.1 MiB, Paid 0.000000000320972698 FIL, ClientEventBlocksReceived (DealStatusOngoing)
Apr 04 19:15:09 > Recv: 165.1 MiB, Paid 0.000000000320972698 FIL, ClientEventBlocksReceived (DealStatusOngoing)
Apr 04 19:15:10 > Recv: 166.1 MiB, Paid 0.000000000320972698 FIL, ClientEventBlocksReceived (DealStatusOngoing)
Apr 04 19:15:17 > Recv: 167.1 MiB, Paid 0.000000000320972698 FIL, ClientEventBlocksReceived (DealStatusOngoing)
Apr 04 19:15:24 > Recv: 168.1 MiB, Paid 0.000000000320972698 FIL, ClientEventBlocksReceived (DealStatusOngoing)
Apr 04 19:15:33 > Recv: 169.1 MiB, Paid 0.000000000320972698 FIL, ClientEventBlocksReceived (DealStatusOngoing)
Apr 04 19:15:33 > Recv: 170.1 MiB, Paid 0.000000000320972698 FIL, ClientEventBlocksReceived (DealStatusOngoing)
Apr 04 19:15:34 > Recv: 170.1 MiB, Paid 0.000000000320972698 FIL, ClientEventPaymentRequested (DealStatusFundsNeeded)
Apr 04 19:15:34 > Recv: 170.1 MiB, Paid 0.000000000320972698 FIL, ClientEventSendFunds (DealStatusSendFunds)
Apr 04 19:15:34 > Recv: 170.1 MiB, Paid 0.000000000358721434 FIL, ClientEventPaymentSent (DealStatusOngoing)
Apr 04 19:16:37 > Recv: 172.1 MiB, Paid 0.000000000358721434 FIL, ClientEventBlocksReceived (DealStatusOngoing)
Apr 04 19:16:37 > Recv: 173.1 MiB, Paid 0.000000000358721434 FIL, ClientEventBlocksReceived (DealStatusOngoing)
Apr 04 19:16:38 > Recv: 174.1 MiB, Paid 0.000000000358721434 FIL, ClientEventBlocksReceived (DealStatusOngoing)
Apr 04 19:16:41 > Recv: 175.1 MiB, Paid 0.000000000358721434 FIL, ClientEventBlocksReceived (DealStatusOngoing)
Apr 04 19:16:47 > Recv: 176.1 MiB, Paid 0.000000000358721434 FIL, ClientEventBlocksReceived (DealStatusOngoing)
Apr 04 19:16:56 > Recv: 177.1 MiB, Paid 0.000000000358721434 FIL, ClientEventBlocksReceived (DealStatusOngoing)
Apr 04 19:17:04 > Recv: 178.1 MiB, Paid 0.000000000358721434 FIL, ClientEventBlocksReceived (DealStatusOngoing)
Apr 04 19:17:05 > Recv: 179.1 MiB, Paid 0.000000000358721434 FIL, ClientEventBlocksReceived (DealStatusOngoing)
Apr 04 19:17:06 > Recv: 180.1 MiB, Paid 0.000000000358721434 FIL, ClientEventBlocksReceived (DealStatusOngoing)
Apr 04 19:17:06 > Recv: 181.1 MiB, Paid 0.000000000358721434 FIL, ClientEventBlocksReceived (DealStatusOngoing)
Apr 04 19:17:07 > Recv: 182.1 MiB, Paid 0.000000000358721434 FIL, ClientEventBlocksReceived (DealStatusOngoing)
Apr 04 19:17:13 > Recv: 183.1 MiB, Paid 0.000000000358721434 FIL, ClientEventBlocksReceived (DealStatusOngoing)
Apr 04 19:17:19 > Recv: 184.1 MiB, Paid 0.000000000358721434 FIL, ClientEventBlocksReceived (DealStatusOngoing)
Apr 04 19:17:30 > Recv: 185.1 MiB, Paid 0.000000000358721434 FIL, ClientEventBlocksReceived (DealStatusOngoing)
Apr 04 19:17:35 > Recv: 186.1 MiB, Paid 0.000000000358721434 FIL, ClientEventBlocksReceived (DealStatusOngoing)
Apr 04 19:17:35 > Recv: 187.1 MiB, Paid 0.000000000358721434 FIL, ClientEventBlocksReceived (DealStatusOngoing)
Apr 04 19:17:36 > Recv: 188.1 MiB, Paid 0.000000000358721434 FIL, ClientEventBlocksReceived (DealStatusOngoing)
Apr 04 19:17:37 > Recv: 189.1 MiB, Paid 0.000000000358721434 FIL, ClientEventBlocksReceived (DealStatusOngoing)
Apr 04 19:17:37 > Recv: 189.1 MiB, Paid 0.000000000358721434 FIL, ClientEventPaymentRequested (DealStatusFundsNeeded)
Apr 04 19:17:37 > Recv: 189.1 MiB, Paid 0.000000000358721434 FIL, ClientEventSendFunds (DealStatusSendFunds)
Apr 04 19:17:38 > Recv: 189.1 MiB, Paid 0.000000000398567322 FIL, ClientEventPaymentSent (DealStatusOngoing)
Apr 04 19:17:53 > Recv: 191.1 MiB, Paid 0.000000000398567322 FIL, ClientEventBlocksReceived (DealStatusOngoing)
Apr 04 19:17:55 > Recv: 192.1 MiB, Paid 0.000000000398567322 FIL, ClientEventBlocksReceived (DealStatusOngoing)
Apr 04 19:17:56 > Recv: 193.1 MiB, Paid 0.000000000398567322 FIL, ClientEventBlocksReceived (DealStatusOngoing)
Apr 04 19:17:58 > Recv: 194.1 MiB, Paid 0.000000000398567322 FIL, ClientEventBlocksReceived (DealStatusOngoing)
Apr 04 19:17:59 > Recv: 195.1 MiB, Paid 0.000000000398567322 FIL, ClientEventBlocksReceived (DealStatusOngoing)
Apr 04 19:17:59 > Recv: 196.1 MiB, Paid 0.000000000398567322 FIL, ClientEventBlocksReceived (DealStatusOngoing)
Apr 04 19:17:59 > Recv: 197.1 MiB, Paid 0.000000000398567322 FIL, ClientEventBlocksReceived (DealStatusOngoing)
Apr 04 19:18:00 > Recv: 198.1 MiB, Paid 0.000000000398567322 FIL, ClientEventBlocksReceived (DealStatusOngoing)
Apr 04 19:18:01 > Recv: 199.1 MiB, Paid 0.000000000398567322 FIL, ClientEventBlocksReceived (DealStatusOngoing)
Apr 04 19:18:01 > Recv: 200.1 MiB, Paid 0.000000000398567322 FIL, ClientEventBlocksReceived (DealStatusOngoing)
Apr 04 19:18:01 > Recv: 201.1 MiB, Paid 0.000000000398567322 FIL, ClientEventBlocksReceived (DealStatusOngoing)
Apr 04 19:18:02 > Recv: 202.1 MiB, Paid 0.000000000398567322 FIL, ClientEventBlocksReceived (DealStatusOngoing)
Apr 04 19:18:02 > Recv: 203.1 MiB, Paid 0.000000000398567322 FIL, ClientEventBlocksReceived (DealStatusOngoing)
Apr 04 19:18:02 > Recv: 204.1 MiB, Paid 0.000000000398567322 FIL, ClientEventBlocksReceived (DealStatusOngoing)
Apr 04 19:18:03 > Recv: 205.1 MiB, Paid 0.000000000398567322 FIL, ClientEventBlocksReceived (DealStatusOngoing)
Apr 04 19:18:03 > Recv: 206.1 MiB, Paid 0.000000000398567322 FIL, ClientEventBlocksReceived (DealStatusOngoing)
Apr 04 19:18:03 > Recv: 207.1 MiB, Paid 0.000000000398567322 FIL, ClientEventBlocksReceived (DealStatusOngoing)
Apr 04 19:18:03 > Recv: 208.1 MiB, Paid 0.000000000398567322 FIL, ClientEventBlocksReceived (DealStatusOngoing)
Apr 04 19:18:04 > Recv: 209.1 MiB, Paid 0.000000000398567322 FIL, ClientEventBlocksReceived (DealStatusOngoing)
Apr 04 19:18:04 > Recv: 209.1 MiB, Paid 0.000000000398567322 FIL, ClientEventPaymentRequested (DealStatusFundsNeeded)
Apr 04 19:18:04 > Recv: 209.1 MiB, Paid 0.000000000398567322 FIL, ClientEventSendFunds (DealStatusSendFunds)
Apr 04 19:18:04 > Recv: 209.1 MiB, Paid 0.000000000440510362 FIL, ClientEventPaymentSent (DealStatusOngoing)
Apr 04 19:18:56 > Recv: 211.1 MiB, Paid 0.000000000440510362 FIL, ClientEventBlocksReceived (DealStatusOngoing)
Apr 04 19:18:59 > Recv: 212.1 MiB, Paid 0.000000000440510362 FIL, ClientEventBlocksReceived (DealStatusOngoing)
Apr 04 19:19:03 > Recv: 213.1 MiB, Paid 0.000000000440510362 FIL, ClientEventBlocksReceived (DealStatusOngoing)
Apr 04 19:19:06 > Recv: 214.1 MiB, Paid 0.000000000440510362 FIL, ClientEventBlocksReceived (DealStatusOngoing)
Apr 04 19:19:09 > Recv: 215.1 MiB, Paid 0.000000000440510362 FIL, ClientEventBlocksReceived (DealStatusOngoing)
Apr 04 19:19:14 > Recv: 216.1 MiB, Paid 0.000000000440510362 FIL, ClientEventBlocksReceived (DealStatusOngoing)
Apr 04 19:19:18 > Recv: 217.1 MiB, Paid 0.000000000440510362 FIL, ClientEventBlocksReceived (DealStatusOngoing)
Apr 04 19:19:21 > Recv: 218.1 MiB, Paid 0.000000000440510362 FIL, ClientEventBlocksReceived (DealStatusOngoing)
Apr 04 19:19:23 > Recv: 219.1 MiB, Paid 0.000000000440510362 FIL, ClientEventBlocksReceived (DealStatusOngoing)
Apr 04 19:19:24 > Recv: 220.1 MiB, Paid 0.000000000440510362 FIL, ClientEventBlocksReceived (DealStatusOngoing)
Apr 04 19:19:27 > Recv: 221.1 MiB, Paid 0.000000000440510362 FIL, ClientEventBlocksReceived (DealStatusOngoing)
Apr 04 19:19:29 > Recv: 222.1 MiB, Paid 0.000000000440510362 FIL, ClientEventBlocksReceived (DealStatusOngoing)
Apr 04 19:19:34 > Recv: 223.1 MiB, Paid 0.000000000440510362 FIL, ClientEventBlocksReceived (DealStatusOngoing)
Apr 04 19:19:40 > Recv: 224.1 MiB, Paid 0.000000000440510362 FIL, ClientEventBlocksReceived (DealStatusOngoing)
Apr 04 19:19:44 > Recv: 225.1 MiB, Paid 0.000000000440510362 FIL, ClientEventBlocksReceived (DealStatusOngoing)
Apr 04 19:19:50 > Recv: 226.1 MiB, Paid 0.000000000440510362 FIL, ClientEventBlocksReceived (DealStatusOngoing)
Apr 04 19:19:56 > Recv: 227.1 MiB, Paid 0.000000000440510362 FIL, ClientEventBlocksReceived (DealStatusOngoing)
Apr 04 19:20:00 > Recv: 228.1 MiB, Paid 0.000000000440510362 FIL, ClientEventBlocksReceived (DealStatusOngoing)
Apr 04 19:20:04 > Recv: 229.1 MiB, Paid 0.000000000440510362 FIL, ClientEventBlocksReceived (DealStatusOngoing)
Apr 04 19:20:06 > Recv: 230.1 MiB, Paid 0.000000000440510362 FIL, ClientEventBlocksReceived (DealStatusOngoing)
Apr 04 19:20:08 > Recv: 230.1 MiB, Paid 0.000000000440510362 FIL, ClientEventPaymentRequested (DealStatusFundsNeeded)
Apr 04 19:20:08 > Recv: 230.1 MiB, Paid 0.000000000440510362 FIL, ClientEventSendFunds (DealStatusSendFunds)
Apr 04 19:20:08 > Recv: 230.1 MiB, Paid 0.000000000484550554 FIL, ClientEventPaymentSent (DealStatusOngoing)
Apr 04 19:21:06 > Recv: 232.1 MiB, Paid 0.000000000484550554 FIL, ClientEventBlocksReceived (DealStatusOngoing)
Apr 04 19:21:11 > Recv: 233.1 MiB, Paid 0.000000000484550554 FIL, ClientEventBlocksReceived (DealStatusOngoing)
Apr 04 19:21:15 > Recv: 234.1 MiB, Paid 0.000000000484550554 FIL, ClientEventBlocksReceived (DealStatusOngoing)
Apr 04 19:21:20 > Recv: 235.1 MiB, Paid 0.000000000484550554 FIL, ClientEventBlocksReceived (DealStatusOngoing)
Apr 04 19:21:26 > Recv: 236.1 MiB, Paid 0.000000000484550554 FIL, ClientEventBlocksReceived (DealStatusOngoing)
Apr 04 19:21:32 > Recv: 237.1 MiB, Paid 0.000000000484550554 FIL, ClientEventBlocksReceived (DealStatusOngoing)
Apr 04 19:21:39 > Recv: 238.1 MiB, Paid 0.000000000484550554 FIL, ClientEventBlocksReceived (DealStatusOngoing)
Apr 04 19:21:42 > Recv: 239.1 MiB, Paid 0.000000000484550554 FIL, ClientEventBlocksReceived (DealStatusOngoing)
Apr 04 19:21:45 > Recv: 240.1 MiB, Paid 0.000000000484550554 FIL, ClientEventBlocksReceived (DealStatusOngoing)
Apr 04 19:21:48 > Recv: 241.1 MiB, Paid 0.000000000484550554 FIL, ClientEventBlocksReceived (DealStatusOngoing)
Apr 04 19:21:51 > Recv: 242.1 MiB, Paid 0.000000000484550554 FIL, ClientEventBlocksReceived (DealStatusOngoing)
Apr 04 19:21:55 > Recv: 243.1 MiB, Paid 0.000000000484550554 FIL, ClientEventBlocksReceived (DealStatusOngoing)
Apr 04 19:22:00 > Recv: 244.1 MiB, Paid 0.000000000484550554 FIL, ClientEventBlocksReceived (DealStatusOngoing)
Apr 04 19:22:05 > Recv: 245.1 MiB, Paid 0.000000000484550554 FIL, ClientEventBlocksReceived (DealStatusOngoing)
Apr 04 19:22:10 > Recv: 246.1 MiB, Paid 0.000000000484550554 FIL, ClientEventBlocksReceived (DealStatusOngoing)
Apr 04 19:22:13 > Recv: 247.1 MiB, Paid 0.000000000484550554 FIL, ClientEventBlocksReceived (DealStatusOngoing)
Apr 04 19:22:18 > Recv: 248.1 MiB, Paid 0.000000000484550554 FIL, ClientEventBlocksReceived (DealStatusOngoing)
Apr 04 19:22:23 > Recv: 249.1 MiB, Paid 0.000000000484550554 FIL, ClientEventBlocksReceived (DealStatusOngoing)
Apr 04 19:22:27 > Recv: 250.1 MiB, Paid 0.000000000484550554 FIL, ClientEventBlocksReceived (DealStatusOngoing)
Apr 04 19:22:33 > Recv: 251.1 MiB, Paid 0.000000000484550554 FIL, ClientEventBlocksReceived (DealStatusOngoing)
Apr 04 19:22:39 > Recv: 252.1 MiB, Paid 0.000000000484550554 FIL, ClientEventBlocksReceived (DealStatusOngoing)
Apr 04 19:22:45 > Recv: 252.1 MiB, Paid 0.000000000484550554 FIL, ClientEventPaymentRequested (DealStatusFundsNeeded)
Apr 04 19:22:45 > Recv: 252.1 MiB, Paid 0.000000000484550554 FIL, ClientEventSendFunds (DealStatusSendFunds)
Apr 04 19:22:45 > Recv: 252.1 MiB, Paid 0.000000000530687898 FIL, ClientEventPaymentSent (DealStatusOngoing)
Apr 04 19:23:35 > Recv: 254.1 MiB, Paid 0.000000000530687898 FIL, ClientEventBlocksReceived (DealStatusOngoing)
Apr 04 19:23:41 > Recv: 255.1 MiB, Paid 0.000000000530687898 FIL, ClientEventBlocksReceived (DealStatusOngoing)
Apr 04 19:23:47 > Recv: 256.1 MiB, Paid 0.000000000530687898 FIL, ClientEventBlocksReceived (DealStatusOngoing)
Apr 04 19:23:54 > Recv: 257.1 MiB, Paid 0.000000000530687898 FIL, ClientEventBlocksReceived (DealStatusOngoing)
Apr 04 19:23:59 > Recv: 258.1 MiB, Paid 0.000000000530687898 FIL, ClientEventBlocksReceived (DealStatusOngoing)
Apr 04 19:24:05 > Recv: 259.1 MiB, Paid 0.000000000530687898 FIL, ClientEventBlocksReceived (DealStatusOngoing)
Apr 04 19:24:08 > Recv: 260.1 MiB, Paid 0.000000000530687898 FIL, ClientEventBlocksReceived (DealStatusOngoing)
Apr 04 19:24:10 > Recv: 261.1 MiB, Paid 0.000000000530687898 FIL, ClientEventBlocksReceived (DealStatusOngoing)
Apr 04 19:24:12 > Recv: 262.1 MiB, Paid 0.000000000530687898 FIL, ClientEventBlocksReceived (DealStatusOngoing)
Apr 04 19:24:14 > Recv: 263.1 MiB, Paid 0.000000000530687898 FIL, ClientEventBlocksReceived (DealStatusOngoing)
Apr 04 19:24:16 > Recv: 264.1 MiB, Paid 0.000000000530687898 FIL, ClientEventBlocksReceived (DealStatusOngoing)
Apr 04 19:24:19 > Recv: 265.1 MiB, Paid 0.000000000530687898 FIL, ClientEventBlocksReceived (DealStatusOngoing)
Apr 04 19:24:22 > Recv: 266.1 MiB, Paid 0.000000000530687898 FIL, ClientEventBlocksReceived (DealStatusOngoing)
Apr 04 19:24:25 > Recv: 267.1 MiB, Paid 0.000000000530687898 FIL, ClientEventBlocksReceived (DealStatusOngoing)
Apr 04 19:24:28 > Recv: 268.1 MiB, Paid 0.000000000530687898 FIL, ClientEventBlocksReceived (DealStatusOngoing)
Apr 04 19:24:30 > Recv: 269.1 MiB, Paid 0.000000000530687898 FIL, ClientEventBlocksReceived (DealStatusOngoing)
Apr 04 19:24:34 > Recv: 270.1 MiB, Paid 0.000000000530687898 FIL, ClientEventBlocksReceived (DealStatusOngoing)
Apr 04 19:24:39 > Recv: 271.1 MiB, Paid 0.000000000530687898 FIL, ClientEventBlocksReceived (DealStatusOngoing)
Apr 04 19:24:43 > Recv: 272.1 MiB, Paid 0.000000000530687898 FIL, ClientEventBlocksReceived (DealStatusOngoing)
Apr 04 19:24:49 > Recv: 273.1 MiB, Paid 0.000000000530687898 FIL, ClientEventBlocksReceived (DealStatusOngoing)
Apr 04 19:24:53 > Recv: 274.1 MiB, Paid 0.000000000530687898 FIL, ClientEventBlocksReceived (DealStatusOngoing)
Apr 04 19:24:57 > Recv: 275.1 MiB, Paid 0.000000000530687898 FIL, ClientEventBlocksReceived (DealStatusOngoing)
Apr 04 19:25:00 > Recv: 275.1 MiB, Paid 0.000000000530687898 FIL, ClientEventPaymentRequested (DealStatusFundsNeeded)
Apr 04 19:25:00 > Recv: 275.1 MiB, Paid 0.000000000530687898 FIL, ClientEventSendFunds (DealStatusSendFunds)
Apr 04 19:25:00 > Recv: 275.1 MiB, Paid 0.000000000578922394 FIL, ClientEventPaymentSent (DealStatusOngoing)
Apr 04 19:25:02 > Recv: 277.1 MiB, Paid 0.000000000578922394 FIL, ClientEventBlocksReceived (DealStatusOngoing)
Apr 04 19:25:03 > Recv: 278.1 MiB, Paid 0.000000000578922394 FIL, ClientEventBlocksReceived (DealStatusOngoing)
Apr 04 19:25:05 > Recv: 279.1 MiB, Paid 0.000000000578922394 FIL, ClientEventBlocksReceived (DealStatusOngoing)
Apr 04 19:25:05 > Recv: 280.1 MiB, Paid 0.000000000578922394 FIL, ClientEventBlocksReceived (DealStatusOngoing)
Apr 04 19:25:06 > Recv: 281.1 MiB, Paid 0.000000000578922394 FIL, ClientEventBlocksReceived (DealStatusOngoing)
Apr 04 19:25:07 > Recv: 282.1 MiB, Paid 0.000000000578922394 FIL, ClientEventBlocksReceived (DealStatusOngoing)
Apr 04 19:25:10 > Recv: 283.1 MiB, Paid 0.000000000578922394 FIL, ClientEventBlocksReceived (DealStatusOngoing)
Apr 04 19:25:12 > Recv: 284.1 MiB, Paid 0.000000000578922394 FIL, ClientEventBlocksReceived (DealStatusOngoing)
Apr 04 19:25:14 > Recv: 285.1 MiB, Paid 0.000000000578922394 FIL, ClientEventBlocksReceived (DealStatusOngoing)
Apr 04 19:25:16 > Recv: 286.1 MiB, Paid 0.000000000578922394 FIL, ClientEventBlocksReceived (DealStatusOngoing)
Apr 04 19:25:18 > Recv: 287.1 MiB, Paid 0.000000000578922394 FIL, ClientEventBlocksReceived (DealStatusOngoing)
Apr 04 19:25:21 > Recv: 288.1 MiB, Paid 0.000000000578922394 FIL, ClientEventBlocksReceived (DealStatusOngoing)
Apr 04 19:25:24 > Recv: 289.1 MiB, Paid 0.000000000578922394 FIL, ClientEventBlocksReceived (DealStatusOngoing)
Apr 04 19:25:26 > Recv: 290.1 MiB, Paid 0.000000000578922394 FIL, ClientEventBlocksReceived (DealStatusOngoing)
Apr 04 19:25:29 > Recv: 291.1 MiB, Paid 0.000000000578922394 FIL, ClientEventBlocksReceived (DealStatusOngoing)
Apr 04 19:25:31 > Recv: 292.1 MiB, Paid 0.000000000578922394 FIL, ClientEventBlocksReceived (DealStatusOngoing)
Apr 04 19:25:34 > Recv: 293.1 MiB, Paid 0.000000000578922394 FIL, ClientEventBlocksReceived (DealStatusOngoing)
Apr 04 19:25:39 > Recv: 294.1 MiB, Paid 0.000000000578922394 FIL, ClientEventBlocksReceived (DealStatusOngoing)
Apr 04 19:25:41 > Recv: 295.1 MiB, Paid 0.000000000578922394 FIL, ClientEventBlocksReceived (DealStatusOngoing)
Apr 04 19:25:43 > Recv: 296.1 MiB, Paid 0.000000000578922394 FIL, ClientEventBlocksReceived (DealStatusOngoing)
Apr 04 19:25:44 > Recv: 297.1 MiB, Paid 0.000000000578922394 FIL, ClientEventBlocksReceived (DealStatusOngoing)
Apr 04 19:25:47 > Recv: 298.1 MiB, Paid 0.000000000578922394 FIL, ClientEventBlocksReceived (DealStatusOngoing)
Apr 04 19:25:49 > Recv: 299.1 MiB, Paid 0.000000000578922394 FIL, ClientEventBlocksReceived (DealStatusOngoing)
Apr 04 19:25:51 > Recv: 299.1 MiB, Paid 0.000000000578922394 FIL, ClientEventPaymentRequested (DealStatusFundsNeeded)
Apr 04 19:25:51 > Recv: 299.1 MiB, Paid 0.000000000578922394 FIL, ClientEventSendFunds (DealStatusSendFunds)
Apr 04 19:25:51 > Recv: 299.1 MiB, Paid 0.000000000629254042 FIL, ClientEventPaymentSent (DealStatusOngoing)
Apr 04 19:26:34 > Recv: 301.1 MiB, Paid 0.000000000629254042 FIL, ClientEventBlocksReceived (DealStatusOngoing)
Apr 04 19:26:37 > Recv: 302.1 MiB, Paid 0.000000000629254042 FIL, ClientEventBlocksReceived (DealStatusOngoing)
Apr 04 19:26:39 > Recv: 303.1 MiB, Paid 0.000000000629254042 FIL, ClientEventBlocksReceived (DealStatusOngoing)
Apr 04 19:26:41 > Recv: 304.1 MiB, Paid 0.000000000629254042 FIL, ClientEventBlocksReceived (DealStatusOngoing)
Apr 04 19:26:44 > Recv: 305.1 MiB, Paid 0.000000000629254042 FIL, ClientEventBlocksReceived (DealStatusOngoing)
Apr 04 19:26:48 > Recv: 306.1 MiB, Paid 0.000000000629254042 FIL, ClientEventBlocksReceived (DealStatusOngoing)
Apr 04 19:26:51 > Recv: 307.1 MiB, Paid 0.000000000629254042 FIL, ClientEventBlocksReceived (DealStatusOngoing)
Apr 04 19:26:55 > Recv: 308.1 MiB, Paid 0.000000000629254042 FIL, ClientEventBlocksReceived (DealStatusOngoing)
Apr 04 19:26:57 > Recv: 309.1 MiB, Paid 0.000000000629254042 FIL, ClientEventBlocksReceived (DealStatusOngoing)
Apr 04 19:27:01 > Recv: 310.1 MiB, Paid 0.000000000629254042 FIL, ClientEventBlocksReceived (DealStatusOngoing)
Apr 04 19:27:04 > Recv: 311.1 MiB, Paid 0.000000000629254042 FIL, ClientEventBlocksReceived (DealStatusOngoing)
Apr 04 19:27:06 > Recv: 312.1 MiB, Paid 0.000000000629254042 FIL, ClientEventBlocksReceived (DealStatusOngoing)
Apr 04 19:27:08 > Recv: 313.1 MiB, Paid 0.000000000629254042 FIL, ClientEventBlocksReceived (DealStatusOngoing)
Apr 04 19:27:09 > Recv: 314.1 MiB, Paid 0.000000000629254042 FIL, ClientEventBlocksReceived (DealStatusOngoing)
Apr 04 19:27:11 > Recv: 315.1 MiB, Paid 0.000000000629254042 FIL, ClientEventBlocksReceived (DealStatusOngoing)
Apr 04 19:27:12 > Recv: 316.1 MiB, Paid 0.000000000629254042 FIL, ClientEventBlocksReceived (DealStatusOngoing)
Apr 04 19:27:14 > Recv: 317.1 MiB, Paid 0.000000000629254042 FIL, ClientEventBlocksReceived (DealStatusOngoing)
Apr 04 19:27:16 > Recv: 318.1 MiB, Paid 0.000000000629254042 FIL, ClientEventBlocksReceived (DealStatusOngoing)
Apr 04 19:27:18 > Recv: 319.1 MiB, Paid 0.000000000629254042 FIL, ClientEventBlocksReceived (DealStatusOngoing)
Apr 04 19:27:22 > Recv: 320.1 MiB, Paid 0.000000000629254042 FIL, ClientEventBlocksReceived (DealStatusOngoing)
Apr 04 19:27:26 > Recv: 321.1 MiB, Paid 0.000000000629254042 FIL, ClientEventBlocksReceived (DealStatusOngoing)
Apr 04 19:27:29 > Recv: 322.1 MiB, Paid 0.000000000629254042 FIL, ClientEventBlocksReceived (DealStatusOngoing)
Apr 04 19:27:31 > Recv: 323.1 MiB, Paid 0.000000000629254042 FIL, ClientEventBlocksReceived (DealStatusOngoing)
Apr 04 19:27:32 > Recv: 324.1 MiB, Paid 0.000000000629254042 FIL, ClientEventBlocksReceived (DealStatusOngoing)
Apr 04 19:27:33 > Recv: 324.1 MiB, Paid 0.000000000629254042 FIL, ClientEventPaymentRequested (DealStatusFundsNeeded)
Apr 04 19:27:33 > Recv: 324.1 MiB, Paid 0.000000000629254042 FIL, ClientEventSendFunds (DealStatusSendFunds)
Apr 04 19:27:34 > Recv: 324.1 MiB, Paid 0.000000000681682842 FIL, ClientEventPaymentSent (DealStatusOngoing)
Apr 04 19:28:06 > Recv: 326.1 MiB, Paid 0.000000000681682842 FIL, ClientEventBlocksReceived (DealStatusOngoing)
Apr 04 19:28:07 > Recv: 327.1 MiB, Paid 0.000000000681682842 FIL, ClientEventBlocksReceived (DealStatusOngoing)
Apr 04 19:28:09 > Recv: 328.1 MiB, Paid 0.000000000681682842 FIL, ClientEventBlocksReceived (DealStatusOngoing)
Apr 04 19:28:13 > Recv: 329.1 MiB, Paid 0.000000000681682842 FIL, ClientEventBlocksReceived (DealStatusOngoing)
Apr 04 19:28:20 > Recv: 330.1 MiB, Paid 0.000000000681682842 FIL, ClientEventBlocksReceived (DealStatusOngoing)
Apr 04 19:28:25 > Recv: 331.1 MiB, Paid 0.000000000681682842 FIL, ClientEventBlocksReceived (DealStatusOngoing)
Apr 04 19:28:29 > Recv: 332.1 MiB, Paid 0.000000000681682842 FIL, ClientEventBlocksReceived (DealStatusOngoing)
Apr 04 19:28:34 > Recv: 333.1 MiB, Paid 0.000000000681682842 FIL, ClientEventBlocksReceived (DealStatusOngoing)
Apr 04 19:28:41 > Recv: 334.1 MiB, Paid 0.000000000681682842 FIL, ClientEventBlocksReceived (DealStatusOngoing)
Apr 04 19:28:48 > Recv: 335.1 MiB, Paid 0.000000000681682842 FIL, ClientEventBlocksReceived (DealStatusOngoing)
Apr 04 19:28:58 > Recv: 336.1 MiB, Paid 0.000000000681682842 FIL, ClientEventBlocksReceived (DealStatusOngoing)
Apr 04 19:29:03 > Recv: 337.1 MiB, Paid 0.000000000681682842 FIL, ClientEventBlocksReceived (DealStatusOngoing)
Apr 04 19:29:06 > Recv: 338.1 MiB, Paid 0.000000000681682842 FIL, ClientEventBlocksReceived (DealStatusOngoing)
Apr 04 19:29:10 > Recv: 339.1 MiB, Paid 0.000000000681682842 FIL, ClientEventBlocksReceived (DealStatusOngoing)
Apr 04 19:29:18 > Recv: 340.1 MiB, Paid 0.000000000681682842 FIL, ClientEventBlocksReceived (DealStatusOngoing)
Apr 04 19:29:22 > Recv: 341.1 MiB, Paid 0.000000000681682842 FIL, ClientEventBlocksReceived (DealStatusOngoing)
Apr 04 19:29:25 > Recv: 342.1 MiB, Paid 0.000000000681682842 FIL, ClientEventBlocksReceived (DealStatusOngoing)
Apr 04 19:29:29 > Recv: 343.1 MiB, Paid 0.000000000681682842 FIL, ClientEventBlocksReceived (DealStatusOngoing)
Apr 04 19:29:34 > Recv: 344.1 MiB, Paid 0.000000000681682842 FIL, ClientEventBlocksReceived (DealStatusOngoing)
Apr 04 19:29:38 > Recv: 345.1 MiB, Paid 0.000000000681682842 FIL, ClientEventBlocksReceived (DealStatusOngoing)
Apr 04 19:29:43 > Recv: 346.1 MiB, Paid 0.000000000681682842 FIL, ClientEventBlocksReceived (DealStatusOngoing)
Apr 04 19:29:44 > Recv: 347.1 MiB, Paid 0.000000000681682842 FIL, ClientEventBlocksReceived (DealStatusOngoing)
Apr 04 19:29:48 > Recv: 348.1 MiB, Paid 0.000000000681682842 FIL, ClientEventBlocksReceived (DealStatusOngoing)
Apr 04 19:29:52 > Recv: 349.1 MiB, Paid 0.000000000681682842 FIL, ClientEventBlocksReceived (DealStatusOngoing)
Apr 04 19:29:58 > Recv: 350.1 MiB, Paid 0.000000000681682842 FIL, ClientEventBlocksReceived (DealStatusOngoing)
Apr 04 19:30:01 > Recv: 350.1 MiB, Paid 0.000000000681682842 FIL, ClientEventPaymentRequested (DealStatusFundsNeeded)
Apr 04 19:30:01 > Recv: 350.1 MiB, Paid 0.000000000681682842 FIL, ClientEventSendFunds (DealStatusSendFunds)
Apr 04 19:30:01 > Recv: 350.1 MiB, Paid 0.000000000736208794 FIL, ClientEventPaymentSent (DealStatusOngoing)
Apr 04 19:31:04 > Recv: 352.1 MiB, Paid 0.000000000736208794 FIL, ClientEventBlocksReceived (DealStatusOngoing)
Apr 04 19:31:09 > Recv: 353.1 MiB, Paid 0.000000000736208794 FIL, ClientEventBlocksReceived (DealStatusOngoing)
Apr 04 19:31:13 > Recv: 354.1 MiB, Paid 0.000000000736208794 FIL, ClientEventBlocksReceived (DealStatusOngoing)
Apr 04 19:31:13 > Recv: 355.1 MiB, Paid 0.000000000736208794 FIL, ClientEventBlocksReceived (DealStatusOngoing)
Apr 04 19:31:14 > Recv: 356.1 MiB, Paid 0.000000000736208794 FIL, ClientEventBlocksReceived (DealStatusOngoing)
Apr 04 19:31:17 > Recv: 357.1 MiB, Paid 0.000000000736208794 FIL, ClientEventBlocksReceived (DealStatusOngoing)
Apr 04 19:31:19 > Recv: 358.1 MiB, Paid 0.000000000736208794 FIL, ClientEventBlocksReceived (DealStatusOngoing)
Apr 04 19:31:22 > Recv: 359.1 MiB, Paid 0.000000000736208794 FIL, ClientEventBlocksReceived (DealStatusOngoing)
Apr 04 19:31:27 > Recv: 360.1 MiB, Paid 0.000000000736208794 FIL, ClientEventBlocksReceived (DealStatusOngoing)
Apr 04 19:31:34 > Recv: 361.1 MiB, Paid 0.000000000736208794 FIL, ClientEventBlocksReceived (DealStatusOngoing)
Apr 04 19:31:39 > Recv: 362.1 MiB, Paid 0.000000000736208794 FIL, ClientEventBlocksReceived (DealStatusOngoing)
Apr 04 19:31:43 > Recv: 363.1 MiB, Paid 0.000000000736208794 FIL, ClientEventBlocksReceived (DealStatusOngoing)
Apr 04 19:31:47 > Recv: 364.1 MiB, Paid 0.000000000736208794 FIL, ClientEventBlocksReceived (DealStatusOngoing)
Apr 04 19:31:50 > Recv: 365.1 MiB, Paid 0.000000000736208794 FIL, ClientEventBlocksReceived (DealStatusOngoing)
Apr 04 19:31:54 > Recv: 366.1 MiB, Paid 0.000000000736208794 FIL, ClientEventBlocksReceived (DealStatusOngoing)
Apr 04 19:31:55 > Recv: 367.1 MiB, Paid 0.000000000736208794 FIL, ClientEventBlocksReceived (DealStatusOngoing)
Apr 04 19:31:59 > Recv: 368.1 MiB, Paid 0.000000000736208794 FIL, ClientEventBlocksReceived (DealStatusOngoing)
Apr 04 19:32:02 > Recv: 369.1 MiB, Paid 0.000000000736208794 FIL, ClientEventBlocksReceived (DealStatusOngoing)
Apr 04 19:32:04 > Recv: 370.1 MiB, Paid 0.000000000736208794 FIL, ClientEventBlocksReceived (DealStatusOngoing)
Apr 04 19:32:09 > Recv: 371.1 MiB, Paid 0.000000000736208794 FIL, ClientEventBlocksReceived (DealStatusOngoing)
Apr 04 19:32:14 > Recv: 372.1 MiB, Paid 0.000000000736208794 FIL, ClientEventBlocksReceived (DealStatusOngoing)
Apr 04 19:32:19 > Recv: 373.1 MiB, Paid 0.000000000736208794 FIL, ClientEventBlocksReceived (DealStatusOngoing)
Apr 04 19:32:26 > Recv: 374.1 MiB, Paid 0.000000000736208794 FIL, ClientEventBlocksReceived (DealStatusOngoing)
Apr 04 19:32:31 > Recv: 375.1 MiB, Paid 0.000000000736208794 FIL, ClientEventBlocksReceived (DealStatusOngoing)
Apr 04 19:32:33 > Recv: 376.1 MiB, Paid 0.000000000736208794 FIL, ClientEventBlocksReceived (DealStatusOngoing)
Apr 04 19:32:35 > Recv: 377.1 MiB, Paid 0.000000000736208794 FIL, ClientEventBlocksReceived (DealStatusOngoing)
Apr 04 19:32:37 > Recv: 377.1 MiB, Paid 0.000000000736208794 FIL, ClientEventPaymentRequested (DealStatusFundsNeeded)
Apr 04 19:32:37 > Recv: 377.1 MiB, Paid 0.000000000736208794 FIL, ClientEventSendFunds (DealStatusSendFunds)
Apr 04 19:32:37 > Recv: 377.1 MiB, Paid 0.000000000792831898 FIL, ClientEventPaymentSent (DealStatusOngoing)
Apr 04 19:33:41 > Recv: 379.1 MiB, Paid 0.000000000792831898 FIL, ClientEventBlocksReceived (DealStatusOngoing)
Apr 04 19:33:45 > Recv: 380.1 MiB, Paid 0.000000000792831898 FIL, ClientEventBlocksReceived (DealStatusOngoing)
Apr 04 19:33:48 > Recv: 381.1 MiB, Paid 0.000000000792831898 FIL, ClientEventBlocksReceived (DealStatusOngoing)
Apr 04 19:33:52 > Recv: 382.1 MiB, Paid 0.000000000792831898 FIL, ClientEventBlocksReceived (DealStatusOngoing)
Apr 04 19:33:57 > Recv: 383.1 MiB, Paid 0.000000000792831898 FIL, ClientEventBlocksReceived (DealStatusOngoing)
Apr 04 19:34:02 > Recv: 384.1 MiB, Paid 0.000000000792831898 FIL, ClientEventBlocksReceived (DealStatusOngoing)
Apr 04 19:34:09 > Recv: 385.1 MiB, Paid 0.000000000792831898 FIL, ClientEventBlocksReceived (DealStatusOngoing)
Apr 04 19:34:12 > Recv: 386.1 MiB, Paid 0.000000000792831898 FIL, ClientEventBlocksReceived (DealStatusOngoing)
Apr 04 19:34:18 > Recv: 387.1 MiB, Paid 0.000000000792831898 FIL, ClientEventBlocksReceived (DealStatusOngoing)
Apr 04 19:34:23 > Recv: 388.1 MiB, Paid 0.000000000792831898 FIL, ClientEventBlocksReceived (DealStatusOngoing)
Apr 04 19:34:26 > Recv: 389.1 MiB, Paid 0.000000000792831898 FIL, ClientEventBlocksReceived (DealStatusOngoing)
Apr 04 19:34:31 > Recv: 390.1 MiB, Paid 0.000000000792831898 FIL, ClientEventBlocksReceived (DealStatusOngoing)
Apr 04 19:34:35 > Recv: 391.1 MiB, Paid 0.000000000792831898 FIL, ClientEventBlocksReceived (DealStatusOngoing)
Apr 04 19:34:40 > Recv: 392.1 MiB, Paid 0.000000000792831898 FIL, ClientEventBlocksReceived (DealStatusOngoing)
Apr 04 19:34:44 > Recv: 393.1 MiB, Paid 0.000000000792831898 FIL, ClientEventBlocksReceived (DealStatusOngoing)
Apr 04 19:34:47 > Recv: 394.1 MiB, Paid 0.000000000792831898 FIL, ClientEventBlocksReceived (DealStatusOngoing)
Apr 04 19:34:49 > Recv: 395.1 MiB, Paid 0.000000000792831898 FIL, ClientEventBlocksReceived (DealStatusOngoing)
Apr 04 19:34:51 > Recv: 396.1 MiB, Paid 0.000000000792831898 FIL, ClientEventBlocksReceived (DealStatusOngoing)
Apr 04 19:34:54 > Recv: 397.1 MiB, Paid 0.000000000792831898 FIL, ClientEventBlocksReceived (DealStatusOngoing)
Apr 04 19:35:00 > Recv: 398.1 MiB, Paid 0.000000000792831898 FIL, ClientEventBlocksReceived (DealStatusOngoing)
Apr 04 19:35:09 > Recv: 399.1 MiB, Paid 0.000000000792831898 FIL, ClientEventBlocksReceived (DealStatusOngoing)
Apr 04 19:35:15 > Recv: 400.1 MiB, Paid 0.000000000792831898 FIL, ClientEventBlocksReceived (DealStatusOngoing)
Apr 04 19:35:16 > Recv: 401.1 MiB, Paid 0.000000000792831898 FIL, ClientEventBlocksReceived (DealStatusOngoing)
Apr 04 19:35:20 > Recv: 402.1 MiB, Paid 0.000000000792831898 FIL, ClientEventBlocksReceived (DealStatusOngoing)
Apr 04 19:35:21 > Recv: 403.1 MiB, Paid 0.000000000792831898 FIL, ClientEventBlocksReceived (DealStatusOngoing)
Apr 04 19:35:23 > Recv: 404.1 MiB, Paid 0.000000000792831898 FIL, ClientEventBlocksReceived (DealStatusOngoing)
Apr 04 19:35:25 > Recv: 405.1 MiB, Paid 0.000000000792831898 FIL, ClientEventBlocksReceived (DealStatusOngoing)
Apr 04 19:35:26 > Recv: 405.1 MiB, Paid 0.000000000792831898 FIL, ClientEventPaymentRequested (DealStatusFundsNeeded)
Apr 04 19:35:26 > Recv: 405.1 MiB, Paid 0.000000000792831898 FIL, ClientEventSendFunds (DealStatusSendFunds)
Apr 04 19:35:26 > Recv: 405.1 MiB, Paid 0.000000000851552154 FIL, ClientEventPaymentSent (DealStatusOngoing)
Apr 04 19:36:31 > Recv: 407.1 MiB, Paid 0.000000000851552154 FIL, ClientEventBlocksReceived (DealStatusOngoing)
Apr 04 19:36:34 > Recv: 408.1 MiB, Paid 0.000000000851552154 FIL, ClientEventBlocksReceived (DealStatusOngoing)
Apr 04 19:36:38 > Recv: 409.1 MiB, Paid 0.000000000851552154 FIL, ClientEventBlocksReceived (DealStatusOngoing)
Apr 04 19:36:45 > Recv: 410.1 MiB, Paid 0.000000000851552154 FIL, ClientEventBlocksReceived (DealStatusOngoing)
Apr 04 19:36:46 > Recv: 411.1 MiB, Paid 0.000000000851552154 FIL, ClientEventBlocksReceived (DealStatusOngoing)
Apr 04 19:36:47 > Recv: 412.1 MiB, Paid 0.000000000851552154 FIL, ClientEventBlocksReceived (DealStatusOngoing)
Apr 04 19:36:51 > Recv: 413.1 MiB, Paid 0.000000000851552154 FIL, ClientEventBlocksReceived (DealStatusOngoing)
Apr 04 19:36:54 > Recv: 414.1 MiB, Paid 0.000000000851552154 FIL, ClientEventBlocksReceived (DealStatusOngoing)
Apr 04 19:36:59 > Recv: 415.1 MiB, Paid 0.000000000851552154 FIL, ClientEventBlocksReceived (DealStatusOngoing)
Apr 04 19:37:05 > Recv: 416.1 MiB, Paid 0.000000000851552154 FIL, ClientEventBlocksReceived (DealStatusOngoing)
Apr 04 19:37:10 > Recv: 417.1 MiB, Paid 0.000000000851552154 FIL, ClientEventBlocksReceived (DealStatusOngoing)
Apr 04 19:37:14 > Recv: 418.1 MiB, Paid 0.000000000851552154 FIL, ClientEventBlocksReceived (DealStatusOngoing)
Apr 04 19:37:15 > Recv: 419.1 MiB, Paid 0.000000000851552154 FIL, ClientEventBlocksReceived (DealStatusOngoing)
Apr 04 19:37:18 > Recv: 420.1 MiB, Paid 0.000000000851552154 FIL, ClientEventBlocksReceived (DealStatusOngoing)
Apr 04 19:37:19 > Recv: 421.1 MiB, Paid 0.000000000851552154 FIL, ClientEventBlocksReceived (DealStatusOngoing)
Apr 04 19:37:22 > Recv: 422.1 MiB, Paid 0.000000000851552154 FIL, ClientEventBlocksReceived (DealStatusOngoing)
Apr 04 19:37:26 > Recv: 423.1 MiB, Paid 0.000000000851552154 FIL, ClientEventBlocksReceived (DealStatusOngoing)
Apr 04 19:37:30 > Recv: 424.1 MiB, Paid 0.000000000851552154 FIL, ClientEventBlocksReceived (DealStatusOngoing)
Apr 04 19:37:37 > Recv: 425.1 MiB, Paid 0.000000000851552154 FIL, ClientEventBlocksReceived (DealStatusOngoing)
Apr 04 19:37:43 > Recv: 426.1 MiB, Paid 0.000000000851552154 FIL, ClientEventBlocksReceived (DealStatusOngoing)
Apr 04 19:37:50 > Recv: 427.1 MiB, Paid 0.000000000851552154 FIL, ClientEventBlocksReceived (DealStatusOngoing)
Apr 04 19:37:55 > Recv: 428.1 MiB, Paid 0.000000000851552154 FIL, ClientEventBlocksReceived (DealStatusOngoing)
Apr 04 19:37:57 > Recv: 429.1 MiB, Paid 0.000000000851552154 FIL, ClientEventBlocksReceived (DealStatusOngoing)
Apr 04 19:37:59 > Recv: 430.1 MiB, Paid 0.000000000851552154 FIL, ClientEventBlocksReceived (DealStatusOngoing)
Apr 04 19:38:05 > Recv: 431.1 MiB, Paid 0.000000000851552154 FIL, ClientEventBlocksReceived (DealStatusOngoing)
Apr 04 19:38:09 > Recv: 432.1 MiB, Paid 0.000000000851552154 FIL, ClientEventBlocksReceived (DealStatusOngoing)
Apr 04 19:38:11 > Recv: 433.1 MiB, Paid 0.000000000851552154 FIL, ClientEventBlocksReceived (DealStatusOngoing)
Apr 04 19:38:13 > Recv: 434.1 MiB, Paid 0.000000000851552154 FIL, ClientEventBlocksReceived (DealStatusOngoing)
Apr 04 19:38:16 > Recv: 434.1 MiB, Paid 0.000000000851552154 FIL, ClientEventPaymentRequested (DealStatusFundsNeeded)
Apr 04 19:38:16 > Recv: 434.1 MiB, Paid 0.000000000851552154 FIL, ClientEventSendFunds (DealStatusSendFunds)
Apr 04 19:38:16 > Recv: 434.1 MiB, Paid 0.000000000912369562 FIL, ClientEventPaymentSent (DealStatusOngoing)
Apr 04 19:38:58 > Recv: 436.1 MiB, Paid 0.000000000912369562 FIL, ClientEventBlocksReceived (DealStatusOngoing)
Apr 04 19:39:03 > Recv: 437.1 MiB, Paid 0.000000000912369562 FIL, ClientEventBlocksReceived (DealStatusOngoing)
Apr 04 19:39:07 > Recv: 438.1 MiB, Paid 0.000000000912369562 FIL, ClientEventBlocksReceived (DealStatusOngoing)
Apr 04 19:39:10 > Recv: 439.1 MiB, Paid 0.000000000912369562 FIL, ClientEventBlocksReceived (DealStatusOngoing)
Apr 04 19:39:12 > Recv: 440.1 MiB, Paid 0.000000000912369562 FIL, ClientEventBlocksReceived (DealStatusOngoing)
Apr 04 19:39:15 > Recv: 441.1 MiB, Paid 0.000000000912369562 FIL, ClientEventBlocksReceived (DealStatusOngoing)
Apr 04 19:39:18 > Recv: 442.1 MiB, Paid 0.000000000912369562 FIL, ClientEventBlocksReceived (DealStatusOngoing)
Apr 04 19:39:21 > Recv: 443.1 MiB, Paid 0.000000000912369562 FIL, ClientEventBlocksReceived (DealStatusOngoing)
Apr 04 19:39:26 > Recv: 444.1 MiB, Paid 0.000000000912369562 FIL, ClientEventBlocksReceived (DealStatusOngoing)
Apr 04 19:39:30 > Recv: 445.1 MiB, Paid 0.000000000912369562 FIL, ClientEventBlocksReceived (DealStatusOngoing)
Apr 04 19:39:35 > Recv: 446.1 MiB, Paid 0.000000000912369562 FIL, ClientEventBlocksReceived (DealStatusOngoing)
Apr 04 19:39:41 > Recv: 447.1 MiB, Paid 0.000000000912369562 FIL, ClientEventBlocksReceived (DealStatusOngoing)
Apr 04 19:39:43 > Recv: 448.1 MiB, Paid 0.000000000912369562 FIL, ClientEventBlocksReceived (DealStatusOngoing)
Apr 04 19:39:46 > Recv: 449.1 MiB, Paid 0.000000000912369562 FIL, ClientEventBlocksReceived (DealStatusOngoing)
Apr 04 19:39:53 > Recv: 450.1 MiB, Paid 0.000000000912369562 FIL, ClientEventBlocksReceived (DealStatusOngoing)
Apr 04 19:39:58 > Recv: 451.1 MiB, Paid 0.000000000912369562 FIL, ClientEventBlocksReceived (DealStatusOngoing)
Apr 04 19:40:06 > Recv: 452.1 MiB, Paid 0.000000000912369562 FIL, ClientEventBlocksReceived (DealStatusOngoing)
Apr 04 19:40:16 > Recv: 453.1 MiB, Paid 0.000000000912369562 FIL, ClientEventBlocksReceived (DealStatusOngoing)
Apr 04 19:40:21 > Recv: 454.1 MiB, Paid 0.000000000912369562 FIL, ClientEventBlocksReceived (DealStatusOngoing)
Apr 04 19:40:26 > Recv: 455.1 MiB, Paid 0.000000000912369562 FIL, ClientEventBlocksReceived (DealStatusOngoing)
Apr 04 19:40:31 > Recv: 456.1 MiB, Paid 0.000000000912369562 FIL, ClientEventBlocksReceived (DealStatusOngoing)
Apr 04 19:40:35 > Recv: 457.1 MiB, Paid 0.000000000912369562 FIL, ClientEventBlocksReceived (DealStatusOngoing)
Apr 04 19:40:37 > Recv: 458.1 MiB, Paid 0.000000000912369562 FIL, ClientEventBlocksReceived (DealStatusOngoing)
Apr 04 19:40:38 > Recv: 459.1 MiB, Paid 0.000000000912369562 FIL, ClientEventBlocksReceived (DealStatusOngoing)
Apr 04 19:40:41 > Recv: 460.1 MiB, Paid 0.000000000912369562 FIL, ClientEventBlocksReceived (DealStatusOngoing)
Apr 04 19:40:42 > Recv: 461.1 MiB, Paid 0.000000000912369562 FIL, ClientEventBlocksReceived (DealStatusOngoing)
Apr 04 19:40:44 > Recv: 462.1 MiB, Paid 0.000000000912369562 FIL, ClientEventBlocksReceived (DealStatusOngoing)
Apr 04 19:40:46 > Recv: 463.1 MiB, Paid 0.000000000912369562 FIL, ClientEventBlocksReceived (DealStatusOngoing)
Apr 04 19:40:47 > Recv: 464.1 MiB, Paid 0.000000000912369562 FIL, ClientEventBlocksReceived (DealStatusOngoing)
Apr 04 19:40:49 > Recv: 464.1 MiB, Paid 0.000000000912369562 FIL, ClientEventPaymentRequested (DealStatusFundsNeeded)
Apr 04 19:40:49 > Recv: 464.1 MiB, Paid 0.000000000912369562 FIL, ClientEventSendFunds (DealStatusSendFunds)
Apr 04 19:40:49 > Recv: 464.1 MiB, Paid 0.000000000975284122 FIL, ClientEventPaymentSent (DealStatusOngoing)
Apr 04 19:41:56 > Recv: 466.1 MiB, Paid 0.000000000975284122 FIL, ClientEventBlocksReceived (DealStatusOngoing)
Apr 04 19:41:57 > Recv: 467.1 MiB, Paid 0.000000000975284122 FIL, ClientEventBlocksReceived (DealStatusOngoing)
Apr 04 19:41:58 > Recv: 468.1 MiB, Paid 0.000000000975284122 FIL, ClientEventBlocksReceived (DealStatusOngoing)
Apr 04 19:41:59 > Recv: 469.1 MiB, Paid 0.000000000975284122 FIL, ClientEventBlocksReceived (DealStatusOngoing)
Apr 04 19:42:02 > Recv: 470.1 MiB, Paid 0.000000000975284122 FIL, ClientEventBlocksReceived (DealStatusOngoing)
Apr 04 19:42:07 > Recv: 471.1 MiB, Paid 0.000000000975284122 FIL, ClientEventBlocksReceived (DealStatusOngoing)
Apr 04 19:42:12 > Recv: 472.1 MiB, Paid 0.000000000975284122 FIL, ClientEventBlocksReceived (DealStatusOngoing)
Apr 04 19:42:22 > Recv: 473.1 MiB, Paid 0.000000000975284122 FIL, ClientEventBlocksReceived (DealStatusOngoing)
Apr 04 19:42:28 > Recv: 474.1 MiB, Paid 0.000000000975284122 FIL, ClientEventBlocksReceived (DealStatusOngoing)
Apr 04 19:42:31 > Recv: 475.1 MiB, Paid 0.000000000975284122 FIL, ClientEventBlocksReceived (DealStatusOngoing)
Apr 04 19:42:33 > Recv: 476.1 MiB, Paid 0.000000000975284122 FIL, ClientEventBlocksReceived (DealStatusOngoing)
Apr 04 22:43:56 ERROR: retrieval timed out
Apr 04 22:43:56 
Apr 04 22:43:56 Command exited with non-zero status 124
Apr 04 22:43:56 5.77user 0.20system 4:00:00elapsed 0%CPU (0avgtext+0avgdata 74480maxresident)k
Apr 04 22:43:56 0inputs+0outputs (0major+11963minor)pagefaults 0swaps
