wiki.zip.aa.aa
t01593-12584 t01824-9933
Retrieving t01593 12584 bafykbzaced3v6jdz436uh2shndde7nwmjlmp6riomr6ps3fbapvaqb6dqpi2o
> Recv: 0 B, Paid 0 FIL, ClientEventOpen (DealStatusNew)
> Recv: 0 B, Paid 0 FIL, ClientEventDealProposed (DealStatusWaitForAcceptance)
> Recv: 0 B, Paid 0 FIL, ClientEventDealAccepted (DealStatusAccepted)
> Recv: 0 B, Paid 0 FIL, ClientEventPaymentChannelAddingFunds (DealStatusPaymentChannelAddingFunds)
> Recv: 269 B, Paid 0 FIL, ClientEventBlocksReceived (DealStatusPaymentChannelAddingFunds)
2020-08-22T08:59:00.504-0700	[34mINFO[0m	rpc	go-jsonrpc@v0.1.2-0.20200817153016-2ea5cbaf5ec0/client.go:213	rpc output message buffer	{"n": 2}
2020-08-22T08:59:00.504-0700	[34mINFO[0m	rpc	go-jsonrpc@v0.1.2-0.20200817153016-2ea5cbaf5ec0/client.go:213	rpc output message buffer	{"n": 3}
> Recv: 269 B, Paid 0 FIL, ClientEventPaymentRequested (DealStatusPaymentChannelAddingFunds)
> Recv: 1 MiB, Paid 0 FIL, ClientEventBlocksReceived (DealStatusPaymentChannelAddingFunds)
> Recv: 1 MiB, Paid 0 FIL, ClientEventPaymentChannelReady (DealStatusOngoing)
> Recv: 1 MiB, Paid 0 FIL, ClientEventPaymentRequested (DealStatusFundsNeeded)
> Recv: 1 MiB, Paid 0 FIL, ClientEventSendFunds (DealStatusSendFunds)
> Recv: 1 MiB, Paid 0.00000000000209769 FIL, ClientEventPaymentSent (DealStatusOngoing)
> Recv: 2 MiB, Paid 0.00000000000209769 FIL, ClientEventBlocksReceived (DealStatusOngoing)
> Recv: 2 MiB, Paid 0.00000000000209769 FIL, ClientEventPaymentRequested (DealStatusFundsNeeded)
> Recv: 3 MiB, Paid 0.00000000000209769 FIL, ClientEventBlocksReceived (DealStatusFundsNeeded)
> Recv: 3 MiB, Paid 0.00000000000209769 FIL, ClientEventSendFunds (DealStatusSendFunds)
> Recv: 3 MiB, Paid 0.000000000006291994 FIL, ClientEventPaymentSent (DealStatusOngoing)
> Recv: 4 MiB, Paid 0.000000000006291994 FIL, ClientEventBlocksReceived (DealStatusOngoing)
> Recv: 4 MiB, Paid 0.000000000006291994 FIL, ClientEventLastPaymentRequested (DealStatusFundsNeededLastPayment)
> Recv: 4.769 MiB, Paid 0.000000000006291994 FIL, ClientEventBlocksReceived (DealStatusFundsNeededLastPayment)
> Recv: 4.769 MiB, Paid 0.000000000006291994 FIL, ClientEventAllBlocksReceived (DealStatusSendFundsLastPayment)
> Recv: 4.769 MiB, Paid 0.000000000010000538 FIL, ClientEventPaymentSent (DealStatusFinalizing)
> Recv: 4.769 MiB, Paid 0.000000000010000538 FIL, ClientEventComplete (DealStatusCompleted)
Success
0.03user 0.01system 3:29.56elapsed 0%CPU (0avgtext+0avgdata 38528maxresident)k
0inputs+0outputs (0major+3664minor)pagefaults 0swaps
Already have log for t01824 9933 bafykbzaced3v6jdz436uh2shndde7nwmjlmp6riomr6ps3fbapvaqb6dqpi2o

wiki.zip.aa.ab
./retrieve-vmware.sh: line 5: tmp/deals.txt: No such file or directory
cat: tmp/check.txt: No such file or directory


wiki.zip.aa.ac
./retrieve-vmware.sh: line 5: tmp/deals.txt: No such file or directory
cat: tmp/check.txt: No such file or directory


wiki.zip.aa.ad
./retrieve-vmware.sh: line 5: tmp/deals.txt: No such file or directory
cat: tmp/check.txt: No such file or directory


wiki.zip.aa.ae
./retrieve-vmware.sh: line 5: tmp/deals.txt: No such file or directory
cat: tmp/check.txt: No such file or directory


wiki.zip.aa.af
./retrieve-vmware.sh: line 5: tmp/deals.txt: No such file or directory
cat: tmp/check.txt: No such file or directory


wiki.zip.aa.ag
./retrieve-vmware.sh: line 5: tmp/deals.txt: No such file or directory
cat: tmp/check.txt: No such file or directory


wiki.zip.aa.ah
./retrieve-vmware.sh: line 5: tmp/deals.txt: No such file or directory
cat: tmp/check.txt: No such file or directory


wiki.zip.aa.ai
./retrieve-vmware.sh: line 5: tmp/deals.txt: No such file or directory
cat: tmp/check.txt: No such file or directory


wiki.zip.aa.aj
./retrieve-vmware.sh: line 5: tmp/deals.txt: No such file or directory
cat: tmp/check.txt: No such file or directory


wiki.zip.aa.ak
./retrieve-vmware.sh: line 5: tmp/deals.txt: No such file or directory
cat: tmp/check.txt: No such file or directory


wiki.zip.aa.al
./retrieve-vmware.sh: line 5: tmp/deals.txt: No such file or directory
cat: tmp/check.txt: No such file or directory


wiki.zip.aa.am
./retrieve-vmware.sh: line 5: tmp/deals.txt: No such file or directory
cat: tmp/check.txt: No such file or directory


wiki.zip.aa.an
./retrieve-vmware.sh: line 5: tmp/deals.txt: No such file or directory
cat: tmp/check.txt: No such file or directory


wiki.zip.aa.ao
./retrieve-vmware.sh: line 5: tmp/deals.txt: No such file or directory
cat: tmp/check.txt: No such file or directory


wiki.zip.aa.ap
./retrieve-vmware.sh: line 5: tmp/deals.txt: No such file or directory
cat: tmp/check.txt: No such file or directory


wiki.zip.aa.aq
./retrieve-vmware.sh: line 5: tmp/deals.txt: No such file or directory
cat: tmp/check.txt: No such file or directory


wiki.zip.aa.ar
./retrieve-vmware.sh: line 5: tmp/deals.txt: No such file or directory
cat: tmp/check.txt: No such file or directory


wiki.zip.aa.as
./retrieve-vmware.sh: line 5: tmp/deals.txt: No such file or directory
cat: tmp/check.txt: No such file or directory


wiki.zip.aa.at
./retrieve-vmware.sh: line 5: tmp/deals.txt: No such file or directory
cat: tmp/check.txt: No such file or directory


wiki.zip.aa.au
./retrieve-vmware.sh: line 5: tmp/deals.txt: No such file or directory
cat: tmp/check.txt: No such file or directory


wiki.zip.aa.av
./retrieve-vmware.sh: line 5: tmp/deals.txt: No such file or directory
cat: tmp/check.txt: No such file or directory


wiki.zip.aa.aw
./retrieve-vmware.sh: line 5: tmp/deals.txt: No such file or directory
cat: tmp/check.txt: No such file or directory


wiki.zip.aa.ax
./retrieve-vmware.sh: line 5: tmp/deals.txt: No such file or directory
cat: tmp/check.txt: No such file or directory


wiki.zip.aa.ay
./retrieve-vmware.sh: line 5: tmp/deals.txt: No such file or directory
cat: tmp/check.txt: No such file or directory


wiki.zip.aa.az
./retrieve-vmware.sh: line 5: tmp/deals.txt: No such file or directory
cat: tmp/check.txt: No such file or directory


wiki.zip.aa.ba
./retrieve-vmware.sh: line 5: tmp/deals.txt: No such file or directory
cat: tmp/check.txt: No such file or directory


wiki.zip.aa.bb
./retrieve-vmware.sh: line 5: tmp/deals.txt: No such file or directory
cat: tmp/check.txt: No such file or directory


wiki.zip.aa.bc
./retrieve-vmware.sh: line 5: tmp/deals.txt: No such file or directory
cat: tmp/check.txt: No such file or directory


wiki.zip.aa.bd
./retrieve-vmware.sh: line 5: tmp/deals.txt: No such file or directory
cat: tmp/check.txt: No such file or directory


wiki.zip.aa.be
./retrieve-vmware.sh: line 5: tmp/deals.txt: No such file or directory
cat: tmp/check.txt: No such file or directory


wiki.zip.aa.bf
./retrieve-vmware.sh: line 5: tmp/deals.txt: No such file or directory
cat: tmp/check.txt: No such file or directory


wiki.zip.aa.bg
./retrieve-vmware.sh: line 5: tmp/deals.txt: No such file or directory
cat: tmp/check.txt: No such file or directory


wiki.zip.aa.bh
./retrieve-vmware.sh: line 5: tmp/deals.txt: No such file or directory
cat: tmp/check.txt: No such file or directory


wiki.zip.aa.bi
./retrieve-vmware.sh: line 5: tmp/deals.txt: No such file or directory
cat: tmp/check.txt: No such file or directory


wiki.zip.aa.bj
./retrieve-vmware.sh: line 5: tmp/deals.txt: No such file or directory
cat: tmp/check.txt: No such file or directory


wiki.zip.aa.bk
./retrieve-vmware.sh: line 5: tmp/deals.txt: No such file or directory
cat: tmp/check.txt: No such file or directory


wiki.zip.aa.bl
./retrieve-vmware.sh: line 5: tmp/deals.txt: No such file or directory
cat: tmp/check.txt: No such file or directory


wiki.zip.aa.bm
./retrieve-vmware.sh: line 5: tmp/deals.txt: No such file or directory
cat: tmp/check.txt: No such file or directory


wiki.zip.aa.bn
./retrieve-vmware.sh: line 5: tmp/deals.txt: No such file or directory
cat: tmp/check.txt: No such file or directory


wiki.zip.aa.bo
./retrieve-vmware.sh: line 5: tmp/deals.txt: No such file or directory
cat: tmp/check.txt: No such file or directory


wiki.zip.aa.bp
./retrieve-vmware.sh: line 5: tmp/deals.txt: No such file or directory
cat: tmp/check.txt: No such file or directory


wiki.zip.aa.bq
./retrieve-vmware.sh: line 5: tmp/deals.txt: No such file or directory
cat: tmp/check.txt: No such file or directory


wiki.zip.aa.br
./retrieve-vmware.sh: line 5: tmp/deals.txt: No such file or directory
cat: tmp/check.txt: No such file or directory


wiki.zip.aa.bs
./retrieve-vmware.sh: line 5: tmp/deals.txt: No such file or directory
cat: tmp/check.txt: No such file or directory


wiki.zip.aa.bt
./retrieve-vmware.sh: line 5: tmp/deals.txt: No such file or directory
cat: tmp/check.txt: No such file or directory


wiki.zip.aa.bu
./retrieve-vmware.sh: line 5: tmp/deals.txt: No such file or directory
cat: tmp/check.txt: No such file or directory


wiki.zip.aa.bv
./retrieve-vmware.sh: line 5: tmp/deals.txt: No such file or directory
cat: tmp/check.txt: No such file or directory


wiki.zip.aa.bw
./retrieve-vmware.sh: line 5: tmp/deals.txt: No such file or directory
cat: tmp/check.txt: No such file or directory


wiki.zip.aa.bx
./retrieve-vmware.sh: line 5: tmp/deals.txt: No such file or directory
cat: tmp/check.txt: No such file or directory


wiki.zip.aa.by
./retrieve-vmware.sh: line 5: tmp/deals.txt: No such file or directory
cat: tmp/check.txt: No such file or directory


wiki.zip.aa.bz
./retrieve-vmware.sh: line 5: tmp/deals.txt: No such file or directory
cat: tmp/check.txt: No such file or directory


wiki.zip.aa.ca
./retrieve-vmware.sh: line 5: tmp/deals.txt: No such file or directory
cat: tmp/check.txt: No such file or directory


wiki.zip.ab.aa
./retrieve-vmware.sh: line 5: tmp/deals.txt: No such file or directory
cat: tmp/check.txt: No such file or directory


wiki.zip.ab.ab
./retrieve-vmware.sh: line 5: tmp/deals.txt: No such file or directory
cat: tmp/check.txt: No such file or directory


wiki.zip.ab.ac
./retrieve-vmware.sh: line 5: tmp/deals.txt: No such file or directory
cat: tmp/check.txt: No such file or directory


wiki.zip.ab.ad
./retrieve-vmware.sh: line 5: tmp/deals.txt: No such file or directory
cat: tmp/check.txt: No such file or directory


wiki.zip.ab.ae
./retrieve-vmware.sh: line 5: tmp/deals.txt: No such file or directory
cat: tmp/check.txt: No such file or directory


wiki.zip.ab.af
./retrieve-vmware.sh: line 5: tmp/deals.txt: No such file or directory
cat: tmp/check.txt: No such file or directory


wiki.zip.ab.ag
./retrieve-vmware.sh: line 5: tmp/deals.txt: No such file or directory
cat: tmp/check.txt: No such file or directory


wiki.zip.ab.ah
./retrieve-vmware.sh: line 5: tmp/deals.txt: No such file or directory
cat: tmp/check.txt: No such file or directory


wiki.zip.ab.ai
./retrieve-vmware.sh: line 5: tmp/deals.txt: No such file or directory
cat: tmp/check.txt: No such file or directory


wiki.zip.ab.aj
./retrieve-vmware.sh: line 5: tmp/deals.txt: No such file or directory
cat: tmp/check.txt: No such file or directory


wiki.zip.ab.ak
./retrieve-vmware.sh: line 5: tmp/deals.txt: No such file or directory
cat: tmp/check.txt: No such file or directory


wiki.zip.ab.al
./retrieve-vmware.sh: line 5: tmp/deals.txt: No such file or directory
cat: tmp/check.txt: No such file or directory


wiki.zip.ab.am
./retrieve-vmware.sh: line 5: tmp/deals.txt: No such file or directory
cat: tmp/check.txt: No such file or directory


wiki.zip.ab.an
./retrieve-vmware.sh: line 5: tmp/deals.txt: No such file or directory
cat: tmp/check.txt: No such file or directory


wiki.zip.ab.ao
./retrieve-vmware.sh: line 5: tmp/deals.txt: No such file or directory
cat: tmp/check.txt: No such file or directory


wiki.zip.ab.ap
./retrieve-vmware.sh: line 5: tmp/deals.txt: No such file or directory
cat: tmp/check.txt: No such file or directory


wiki.zip.ab.aq
./retrieve-vmware.sh: line 5: tmp/deals.txt: No such file or directory
cat: tmp/check.txt: No such file or directory


wiki.zip.ab.ar
./retrieve-vmware.sh: line 5: tmp/deals.txt: No such file or directory
cat: tmp/check.txt: No such file or directory


wiki.zip.ab.as
./retrieve-vmware.sh: line 5: tmp/deals.txt: No such file or directory
cat: tmp/check.txt: No such file or directory


wiki.zip.ab.at
./retrieve-vmware.sh: line 5: tmp/deals.txt: No such file or directory
cat: tmp/check.txt: No such file or directory


wiki.zip.ab.au
./retrieve-vmware.sh: line 5: tmp/deals.txt: No such file or directory
cat: tmp/check.txt: No such file or directory


wiki.zip.ab.av
./retrieve-vmware.sh: line 5: tmp/deals.txt: No such file or directory
cat: tmp/check.txt: No such file or directory


wiki.zip.ab.aw
./retrieve-vmware.sh: line 5: tmp/deals.txt: No such file or directory
cat: tmp/check.txt: No such file or directory


wiki.zip.ab.ax
./retrieve-vmware.sh: line 5: tmp/deals.txt: No such file or directory
cat: tmp/check.txt: No such file or directory


wiki.zip.ab.ay
./retrieve-vmware.sh: line 5: tmp/deals.txt: No such file or directory
cat: tmp/check.txt: No such file or directory


wiki.zip.ab.az
./retrieve-vmware.sh: line 5: tmp/deals.txt: No such file or directory
cat: tmp/check.txt: No such file or directory


wiki.zip.aa.aa
./retrieve-vmware.sh: line 5: tmp/deals.txt: No such file or directory
cat: tmp/check.txt: No such file or directory


wiki.zip.aa.ab
./retrieve-vmware.sh: line 5: tmp/deals.txt: No such file or directory
cat: tmp/check.txt: No such file or directory


wiki.zip.aa.ac
./retrieve-vmware.sh: line 5: tmp/deals.txt: No such file or directory
cat: tmp/check.txt: No such file or directory


wiki.zip.aa.aa
./retrieve-vmware.sh: line 5: tmp/deals.txt: No such file or directory
cat: tmp/check.txt: No such file or directory


wiki.zip.aa.ab
./retrieve-vmware.sh: line 5: tmp/deals.txt: No such file or directory
cat: tmp/check.txt: No such file or directory


wiki.zip.aa.aa
cat: tmp/check.txt: No such file or directory


wiki.zip.aa.ab
cat: tmp/check.txt: No such file or directory


wiki.zip.aa.ac
cat: tmp/check.txt: No such file or directory


wiki.zip.aa.aa
t01593-12584 t01824-9933
Already have log for t01593 12584 bafykbzaced3v6jdz436uh2shndde7nwmjlmp6riomr6ps3fbapvaqb6dqpi2o
Already have log for t01824 9933 bafykbzaced3v6jdz436uh2shndde7nwmjlmp6riomr6ps3fbapvaqb6dqpi2o

wiki.zip.aa.ab
t02315-10917 t02674-12585 t02533-6516 t01902-8300 t02675-9109
Already have log for t02315 10917 bafykbzacebw5iokuz5pgiv5dhkt62qlsurxnv2eag7x3wkch4lybw7iwtrfg2
Retrieving t02674 12585 bafykbzacebw5iokuz5pgiv5dhkt62qlsurxnv2eag7x3wkch4lybw7iwtrfg2
> Recv: 0 B, Paid 0 FIL, ClientEventOpen (DealStatusNew)
> Recv: 0 B, Paid 0 FIL, ClientEventDealProposed (DealStatusWaitForAcceptance)
> Recv: 0 B, Paid 0 FIL, ClientEventDealAccepted (DealStatusAccepted)
> Recv: 0 B, Paid 0 FIL, ClientEventPaymentChannelCreateInitiated (DealStatusPaymentChannelCreating)
