1 wiki.zip.aa.aa
2 wiki.zip.aa.ab
3 wiki.zip.aa.ac
4 wiki.zip.aa.ad
5 wiki.zip.aa.ae
6 wiki.zip.aa.af
7 wiki.zip.aa.ag
8 wiki.zip.aa.ah
9 wiki.zip.aa.ai
10 wiki.zip.aa.aj
11 wiki.zip.aa.ak
12 wiki.zip.aa.al
13 wiki.zip.aa.am
14 wiki.zip.aa.an
15 wiki.zip.aa.ao
16 wiki.zip.aa.ap
17 wiki.zip.aa.aq
18 wiki.zip.aa.ar
19 wiki.zip.aa.as
20 wiki.zip.aa.at
21 wiki.zip.aa.au
22 wiki.zip.aa.av
23 wiki.zip.aa.aw
24 wiki.zip.aa.ax
25 wiki.zip.aa.ay
26 wiki.zip.aa.az
27 wiki.zip.aa.ba
28 wiki.zip.aa.bb
29 wiki.zip.aa.bc
30 wiki.zip.aa.bd
31 wiki.zip.aa.be
32 wiki.zip.aa.bf
33 wiki.zip.aa.bg
34 wiki.zip.aa.bh
35 wiki.zip.aa.bi
36 wiki.zip.aa.bj
37 wiki.zip.aa.bk
38 wiki.zip.aa.bl
39 wiki.zip.aa.bm
40 wiki.zip.aa.bn
41 wiki.zip.aa.bo
42 wiki.zip.aa.bp
43 wiki.zip.aa.bq
44 wiki.zip.aa.br
45 wiki.zip.aa.bs
46 wiki.zip.aa.bt
47 wiki.zip.aa.bu
48 wiki.zip.aa.bv
49 wiki.zip.aa.bw
50 wiki.zip.aa.bx
51 wiki.zip.aa.by
52 wiki.zip.aa.bz
53 wiki.zip.aa.ca
54 wiki.zip.ab.aa
55 wiki.zip.ab.ab
56 wiki.zip.ab.ac
57 wiki.zip.ab.ad
58 wiki.zip.ab.ae
59 wiki.zip.ab.af
60 wiki.zip.ab.ag
61 wiki.zip.ab.ah
62 wiki.zip.ab.ai
63 wiki.zip.ab.aj
64 wiki.zip.ab.ak
65 wiki.zip.ab.al
66 wiki.zip.ab.am
67 wiki.zip.ab.an
68 wiki.zip.ab.ao
69 wiki.zip.ab.ap
70 wiki.zip.ab.aq
71 wiki.zip.ab.ar
72 wiki.zip.ab.as
73 wiki.zip.ab.at
74 wiki.zip.ab.au
75 wiki.zip.ab.av
76 wiki.zip.ab.aw
77 wiki.zip.ab.ax
78 wiki.zip.ab.ay
79 wiki.zip.ab.az
80 wiki.zip.ab.ba
81 wiki.zip.ab.bb
82 wiki.zip.ab.bc
83 wiki.zip.ab.bd
84 wiki.zip.ab.be
85 wiki.zip.ab.bf
86 wiki.zip.ab.bg
87 wiki.zip.ab.bh
88 wiki.zip.ab.bi
89 wiki.zip.ab.bj
90 wiki.zip.ab.bk
91 wiki.zip.ab.bl
92 wiki.zip.ab.bm
93 wiki.zip.ab.bn
94 wiki.zip.ab.bo
95 wiki.zip.ab.bp
96 wiki.zip.ab.bq
97 wiki.zip.ab.br
98 wiki.zip.ab.bs
99 wiki.zip.ab.bt
100 wiki.zip.ab.bu
101 wiki.zip.ab.bv
102 wiki.zip.ab.bw
103 wiki.zip.ab.bx
104 wiki.zip.ab.by
105 wiki.zip.ab.bz
106 wiki.zip.ab.ca
107 wiki.zip.ac.aa
108 wiki.zip.ac.ab
109 wiki.zip.ac.ac
110 wiki.zip.ac.ad
111 wiki.zip.ac.ae
112 wiki.zip.ac.af
113 wiki.zip.ac.ag
114 wiki.zip.ac.ah
115 wiki.zip.ac.ai
116 wiki.zip.ac.aj
117 wiki.zip.ac.ak
118 wiki.zip.ac.al
119 wiki.zip.ac.am
120 wiki.zip.ac.an
121 wiki.zip.ac.ao
122 wiki.zip.ac.ap
123 wiki.zip.ac.aq
124 wiki.zip.ac.ar
125 wiki.zip.ac.as
126 wiki.zip.ac.at
127 wiki.zip.ac.au
128 wiki.zip.ac.av
129 wiki.zip.ac.aw
130 wiki.zip.ac.ax
131 wiki.zip.ac.ay
132 wiki.zip.ac.az
133 wiki.zip.ac.ba
134 wiki.zip.ac.bb
135 wiki.zip.ac.bc
136 wiki.zip.ac.bd
137 wiki.zip.ac.be
138 wiki.zip.ac.bf
139 wiki.zip.ac.bg
140 wiki.zip.ac.bh
141 wiki.zip.ac.bi
142 wiki.zip.ac.bj
143 wiki.zip.ac.bk
144 wiki.zip.ac.bl
145 wiki.zip.ac.bm
146 wiki.zip.ac.bn
147 wiki.zip.ac.bo
148 wiki.zip.ac.bp
149 wiki.zip.ac.bq
150 wiki.zip.ac.br
151 wiki.zip.ac.bs
152 wiki.zip.ac.bt
153 wiki.zip.ac.bu
154 wiki.zip.ac.bv
155 wiki.zip.ac.bw
156 wiki.zip.ac.bx
157 wiki.zip.ac.by
158 wiki.zip.ac.bz
159 wiki.zip.ac.ca
160 wiki.zip.ad.aa
161 wiki.zip.ad.ab
162 wiki.zip.ad.ac
163 wiki.zip.ad.ad
164 wiki.zip.ad.ae
165 wiki.zip.ad.af
166 wiki.zip.ad.ag
167 wiki.zip.ad.ah
168 wiki.zip.ad.ai
169 wiki.zip.ad.aj
170 wiki.zip.ad.ak
171 wiki.zip.ad.al
172 wiki.zip.ad.am
173 wiki.zip.ad.an
174 wiki.zip.ad.ao
175 wiki.zip.ad.ap
176 wiki.zip.ad.aq
177 wiki.zip.ad.ar
178 wiki.zip.ad.as
179 wiki.zip.ad.at
180 wiki.zip.ad.au
181 wiki.zip.ad.av
182 wiki.zip.ad.aw
183 wiki.zip.ad.ax
184 wiki.zip.ad.ay
185 wiki.zip.ad.az
186 wiki.zip.ad.ba
187 wiki.zip.ad.bb
188 wiki.zip.ad.bc
189 wiki.zip.ad.bd
190 wiki.zip.ad.be
191 wiki.zip.ad.bf
192 wiki.zip.ad.bg
193 wiki.zip.ad.bh
194 wiki.zip.ad.bi
195 wiki.zip.ad.bj
196 wiki.zip.ad.bk
197 wiki.zip.ad.bl
198 wiki.zip.ad.bm
199 wiki.zip.ad.bn
200 wiki.zip.ad.bo
201 wiki.zip.ad.bp
202 wiki.zip.ad.bq
203 wiki.zip.ad.br
204 wiki.zip.ad.bs
205 wiki.zip.ad.bt
206 wiki.zip.ad.bu
207 wiki.zip.ad.bv
208 wiki.zip.ad.bw
209 wiki.zip.ad.bx
210 wiki.zip.ad.by
211 wiki.zip.ad.bz
212 wiki.zip.ad.ca
213 wiki.zip.ae.aa
214 wiki.zip.ae.ab
215 wiki.zip.ae.ac
216 wiki.zip.ae.ad
217 wiki.zip.ae.ae
218 wiki.zip.ae.af
219 wiki.zip.ae.ag
220 wiki.zip.ae.ah
221 wiki.zip.ae.ai
222 wiki.zip.ae.aj
223 wiki.zip.ae.ak
224 wiki.zip.ae.al
225 wiki.zip.ae.am
226 wiki.zip.ae.an
227 wiki.zip.ae.ao
228 wiki.zip.ae.ap
229 wiki.zip.ae.aq
230 wiki.zip.ae.ar
231 wiki.zip.ae.as
232 wiki.zip.ae.at
233 wiki.zip.ae.au
234 wiki.zip.ae.av
235 wiki.zip.ae.aw
236 wiki.zip.ae.ax
237 wiki.zip.ae.ay
238 wiki.zip.ae.az
239 wiki.zip.ae.ba
240 wiki.zip.ae.bb
241 wiki.zip.ae.bc
242 wiki.zip.ae.bd
243 wiki.zip.ae.be
244 wiki.zip.ae.bf
245 wiki.zip.ae.bg
246 wiki.zip.ae.bh
247 wiki.zip.ae.bi
248 wiki.zip.ae.bj
249 wiki.zip.ae.bk
250 wiki.zip.ae.bl
251 wiki.zip.ae.bm
252 wiki.zip.ae.bn
253 wiki.zip.ae.bo
254 wiki.zip.ae.bp
255 wiki.zip.ae.bq
256 wiki.zip.ae.br
257 wiki.zip.ae.bs
258 wiki.zip.ae.bt
259 wiki.zip.ae.bu
260 wiki.zip.ae.bv
261 wiki.zip.ae.bw
262 wiki.zip.ae.bx
263 wiki.zip.ae.by
264 wiki.zip.ae.bz
265 wiki.zip.ae.ca
266 wiki.zip.af.aa
267 wiki.zip.af.ab
268 wiki.zip.af.ac
269 wiki.zip.af.ad
270 wiki.zip.af.ae
271 wiki.zip.af.af
272 wiki.zip.af.ag
273 wiki.zip.af.ah
274 wiki.zip.af.ai
275 wiki.zip.af.aj
276 wiki.zip.af.ak
277 wiki.zip.af.al
278 wiki.zip.af.am
279 wiki.zip.af.an
280 wiki.zip.af.ao
281 wiki.zip.af.ap
282 wiki.zip.af.aq
283 wiki.zip.af.ar
284 wiki.zip.af.as
285 wiki.zip.af.at
286 wiki.zip.af.au
287 wiki.zip.af.av
288 wiki.zip.af.aw
289 wiki.zip.af.ax
290 wiki.zip.af.ay
291 wiki.zip.af.az
292 wiki.zip.af.ba
293 wiki.zip.af.bb
294 wiki.zip.af.bc
295 wiki.zip.af.bd
296 wiki.zip.af.be
297 wiki.zip.af.bf
298 wiki.zip.af.bg
299 wiki.zip.af.bh
300 wiki.zip.af.bi
301 wiki.zip.af.bj
302 wiki.zip.af.bk
303 wiki.zip.af.bl
304 wiki.zip.af.bm
305 wiki.zip.af.bn
306 wiki.zip.af.bo
307 wiki.zip.af.bp
308 wiki.zip.af.bq
309 wiki.zip.af.br
310 wiki.zip.af.bs
311 wiki.zip.af.bt
312 wiki.zip.af.bu
313 wiki.zip.af.bv
314 wiki.zip.af.bw
315 wiki.zip.af.bx
316 wiki.zip.af.by
317 wiki.zip.af.bz
318 wiki.zip.af.ca
319 wiki.zip.ag.aa
320 wiki.zip.ag.ab
321 wiki.zip.ag.ac
322 wiki.zip.ag.ad
323 wiki.zip.ag.ae
324 wiki.zip.ag.af
325 wiki.zip.ag.ag
326 wiki.zip.ag.ah
327 wiki.zip.ag.ai
328 wiki.zip.ag.aj
329 wiki.zip.ag.ak
330 wiki.zip.ag.al
331 wiki.zip.ag.am
332 wiki.zip.ag.an
333 wiki.zip.ag.ao
334 wiki.zip.ag.ap
335 wiki.zip.ag.aq
336 wiki.zip.ag.ar
337 wiki.zip.ag.as
338 wiki.zip.ag.at
339 wiki.zip.ag.au
340 wiki.zip.ag.av
341 wiki.zip.ag.aw
342 wiki.zip.ag.ax
343 wiki.zip.ag.ay
344 wiki.zip.ag.az
345 wiki.zip.ag.ba
346 wiki.zip.ag.bb
347 wiki.zip.ag.bc
348 wiki.zip.ag.bd
349 wiki.zip.ag.be
350 wiki.zip.ag.bf
351 wiki.zip.ag.bg
352 wiki.zip.ag.bh
353 wiki.zip.ag.bi
354 wiki.zip.ag.bj
355 wiki.zip.ag.bk
356 wiki.zip.ag.bl
357 wiki.zip.ag.bm
358 wiki.zip.ag.bn
359 wiki.zip.ag.bo
360 wiki.zip.ag.bp
361 wiki.zip.ag.bq
362 wiki.zip.ag.br
363 wiki.zip.ag.bs
364 wiki.zip.ag.bt
365 wiki.zip.ag.bu
366 wiki.zip.ag.bv
367 wiki.zip.ag.bw
368 wiki.zip.ag.bx
369 wiki.zip.ag.by
370 wiki.zip.ag.bz
371 wiki.zip.ag.ca
372 wiki.zip.ah.aa
373 wiki.zip.ah.ab
374 wiki.zip.ah.ac
375 wiki.zip.ah.ad
376 wiki.zip.ah.ae
377 wiki.zip.ah.af
378 wiki.zip.ah.ag
379 wiki.zip.ah.ah
380 wiki.zip.ah.ai
381 wiki.zip.ah.aj
382 wiki.zip.ah.ak
383 wiki.zip.ah.al
384 wiki.zip.ah.am
385 wiki.zip.ah.an
386 wiki.zip.ah.ao
387 wiki.zip.ah.ap
388 wiki.zip.ah.aq
389 wiki.zip.ah.ar
390 wiki.zip.ah.as
391 wiki.zip.ah.at
392 wiki.zip.ah.au
393 wiki.zip.ah.av
394 wiki.zip.ah.aw
395 wiki.zip.ah.ax
396 wiki.zip.ah.ay
397 wiki.zip.ah.az
398 wiki.zip.ah.ba
399 wiki.zip.ah.bb
400 wiki.zip.ah.bc
401 wiki.zip.ah.bd
402 wiki.zip.ah.be
403 wiki.zip.ah.bf
404 wiki.zip.ah.bg
405 wiki.zip.ah.bh
406 wiki.zip.ah.bi
407 wiki.zip.ah.bj
408 wiki.zip.ah.bk
409 wiki.zip.ah.bl
410 wiki.zip.ah.bm
411 wiki.zip.ah.bn
412 wiki.zip.ah.bo
413 wiki.zip.ah.bp
414 wiki.zip.ah.bq
415 wiki.zip.ah.br
416 wiki.zip.ah.bs
417 wiki.zip.ah.bt
418 wiki.zip.ah.bu
419 wiki.zip.ah.bv
420 wiki.zip.ah.bw
421 wiki.zip.ah.bx
422 wiki.zip.ah.by
423 wiki.zip.ah.bz
424 wiki.zip.ah.ca
425 wiki.zip.ai.aa
426 wiki.zip.ai.ab
427 wiki.zip.ai.ac
428 wiki.zip.ai.ad
429 wiki.zip.ai.ae
430 wiki.zip.ai.af
431 wiki.zip.ai.ag
432 wiki.zip.ai.ah
433 wiki.zip.ai.ai
434 wiki.zip.ai.aj
435 wiki.zip.ai.ak
436 wiki.zip.ai.al
437 wiki.zip.ai.am
438 wiki.zip.ai.an
439 wiki.zip.ai.ao
440 wiki.zip.ai.ap
441 wiki.zip.ai.aq
442 wiki.zip.ai.ar
443 wiki.zip.ai.as
444 wiki.zip.ai.at
445 wiki.zip.ai.au
446 wiki.zip.ai.av
447 wiki.zip.ai.aw
448 wiki.zip.ai.ax
449 wiki.zip.ai.ay
450 wiki.zip.ai.az
451 wiki.zip.ai.ba
452 wiki.zip.ai.bb
453 wiki.zip.ai.bc
454 wiki.zip.ai.bd
455 wiki.zip.ai.be
456 wiki.zip.ai.bf
457 wiki.zip.ai.bg
458 wiki.zip.ai.bh
459 wiki.zip.ai.bi
460 wiki.zip.ai.bj
461 wiki.zip.ai.bk
462 wiki.zip.ai.bl
463 wiki.zip.ai.bm
464 wiki.zip.ai.bn
465 wiki.zip.ai.bo
466 wiki.zip.ai.bp
467 wiki.zip.ai.bq
468 wiki.zip.ai.br
469 wiki.zip.ai.bs
470 wiki.zip.ai.bt
471 wiki.zip.ai.bu
472 wiki.zip.ai.bv
473 wiki.zip.ai.bw
474 wiki.zip.ai.bx
475 wiki.zip.ai.by
476 wiki.zip.ai.bz
477 wiki.zip.ai.ca
478 wiki.zip.aj.aa
479 wiki.zip.aj.ab
480 wiki.zip.aj.ac
481 wiki.zip.aj.ad
482 wiki.zip.aj.ae
483 wiki.zip.aj.af
484 wiki.zip.aj.ag
485 wiki.zip.aj.ah
486 wiki.zip.aj.ai
487 wiki.zip.aj.aj
488 wiki.zip.aj.ak
489 wiki.zip.aj.al
490 wiki.zip.aj.am
491 wiki.zip.aj.an
492 wiki.zip.aj.ao
493 wiki.zip.aj.ap
494 wiki.zip.aj.aq
495 wiki.zip.aj.ar
496 wiki.zip.aj.as
497 wiki.zip.aj.at
498 wiki.zip.aj.au
499 wiki.zip.aj.av
500 wiki.zip.aj.aw
501 wiki.zip.aj.ax
502 wiki.zip.aj.ay
503 wiki.zip.aj.az
504 wiki.zip.aj.ba
505 wiki.zip.aj.bb
506 wiki.zip.aj.bc
507 wiki.zip.aj.bd
508 wiki.zip.aj.be
509 wiki.zip.aj.bf
510 wiki.zip.aj.bg
511 wiki.zip.aj.bh
512 wiki.zip.aj.bi
513 wiki.zip.aj.bj
514 wiki.zip.aj.bk
515 wiki.zip.aj.bl
516 wiki.zip.aj.bm
517 wiki.zip.aj.bn
518 wiki.zip.aj.bo
519 wiki.zip.aj.bp
520 wiki.zip.aj.bq
521 wiki.zip.aj.br
522 wiki.zip.aj.bs
523 wiki.zip.aj.bt
524 wiki.zip.aj.bu
525 wiki.zip.aj.bv
526 wiki.zip.aj.bw
527 wiki.zip.aj.bx
528 wiki.zip.aj.by
529 wiki.zip.aj.bz
530 wiki.zip.aj.ca
531 wiki.zip.ak.aa
532 wiki.zip.ak.ab
533 wiki.zip.ak.ac
534 wiki.zip.ak.ad
535 wiki.zip.ak.ae
536 wiki.zip.ak.af
537 wiki.zip.ak.ag
538 wiki.zip.ak.ah
539 wiki.zip.ak.ai
540 wiki.zip.ak.aj
541 wiki.zip.ak.ak
542 wiki.zip.ak.al
543 wiki.zip.ak.am
544 wiki.zip.ak.an
545 wiki.zip.ak.ao
546 wiki.zip.ak.ap
547 wiki.zip.ak.aq
548 wiki.zip.ak.ar
549 wiki.zip.ak.as
550 wiki.zip.ak.at
551 wiki.zip.ak.au
552 wiki.zip.ak.av
553 wiki.zip.ak.aw
554 wiki.zip.ak.ax
555 wiki.zip.ak.ay
556 wiki.zip.ak.az
557 wiki.zip.ak.ba
558 wiki.zip.ak.bb
559 wiki.zip.ak.bc
560 wiki.zip.ak.bd
561 wiki.zip.ak.be
562 wiki.zip.ak.bf
563 wiki.zip.ak.bg
564 wiki.zip.ak.bh
565 wiki.zip.ak.bi
566 wiki.zip.ak.bj
567 wiki.zip.ak.bk
568 wiki.zip.ak.bl
569 wiki.zip.ak.bm
570 wiki.zip.ak.bn
571 wiki.zip.ak.bo
572 wiki.zip.ak.bp
573 wiki.zip.ak.bq
574 wiki.zip.ak.br
575 wiki.zip.ak.bs
576 wiki.zip.ak.bt
577 wiki.zip.ak.bu
578 wiki.zip.ak.bv
579 wiki.zip.ak.bw
580 wiki.zip.ak.bx
581 wiki.zip.ak.by
582 wiki.zip.ak.bz
583 wiki.zip.ak.ca
584 wiki.zip.al.aa
585 wiki.zip.al.ab
586 wiki.zip.al.ac
587 wiki.zip.al.ad
588 wiki.zip.al.ae
589 wiki.zip.al.af
590 wiki.zip.al.ag
591 wiki.zip.al.ah
592 wiki.zip.al.ai
593 wiki.zip.al.aj
594 wiki.zip.al.ak
595 wiki.zip.al.al
596 wiki.zip.al.am
597 wiki.zip.al.an
598 wiki.zip.al.ao
599 wiki.zip.al.ap
600 wiki.zip.al.aq
601 wiki.zip.al.ar
602 wiki.zip.al.as
603 wiki.zip.al.at
604 wiki.zip.al.au
605 wiki.zip.al.av
606 wiki.zip.al.aw
607 wiki.zip.al.ax
608 wiki.zip.al.ay
609 wiki.zip.al.az
610 wiki.zip.al.ba
611 wiki.zip.al.bb
612 wiki.zip.al.bc
613 wiki.zip.al.bd
614 wiki.zip.al.be
615 wiki.zip.al.bf
616 wiki.zip.al.bg
617 wiki.zip.al.bh
618 wiki.zip.al.bi
619 wiki.zip.al.bj
620 wiki.zip.al.bk
621 wiki.zip.al.bl
622 wiki.zip.al.bm
623 wiki.zip.al.bn
624 wiki.zip.al.bo
625 wiki.zip.al.bp
626 wiki.zip.al.bq
627 wiki.zip.al.br
628 wiki.zip.al.bs
629 wiki.zip.al.bt
630 wiki.zip.al.bu
631 wiki.zip.al.bv
632 wiki.zip.al.bw
633 wiki.zip.al.bx
634 wiki.zip.al.by
635 wiki.zip.al.bz
636 wiki.zip.al.ca
637 wiki.zip.am.aa
638 wiki.zip.am.ab
639 wiki.zip.am.ac
640 wiki.zip.am.ad
641 wiki.zip.am.ae
642 wiki.zip.am.af
643 wiki.zip.am.ag
644 wiki.zip.am.ah
645 wiki.zip.am.ai
646 wiki.zip.am.aj
647 wiki.zip.am.ak
648 wiki.zip.am.al
649 wiki.zip.am.am
650 wiki.zip.am.an
651 wiki.zip.am.ao
652 wiki.zip.am.ap
653 wiki.zip.am.aq
654 wiki.zip.am.ar
655 wiki.zip.am.as
656 wiki.zip.am.at
657 wiki.zip.am.au
658 wiki.zip.am.av
659 wiki.zip.am.aw
660 wiki.zip.am.ax
661 wiki.zip.am.ay
662 wiki.zip.am.az
663 wiki.zip.am.ba
664 wiki.zip.am.bb
665 wiki.zip.am.bc
666 wiki.zip.am.bd
667 wiki.zip.am.be
668 wiki.zip.am.bf
669 wiki.zip.am.bg
670 wiki.zip.am.bh
671 wiki.zip.am.bi
672 wiki.zip.am.bj
673 wiki.zip.am.bk
674 wiki.zip.am.bl
675 wiki.zip.am.bm
676 wiki.zip.am.bn
677 wiki.zip.am.bo
678 wiki.zip.am.bp
679 wiki.zip.am.bq
680 wiki.zip.am.br
681 wiki.zip.am.bs
682 wiki.zip.am.bt
683 wiki.zip.am.bu
684 wiki.zip.am.bv
685 wiki.zip.am.bw
686 wiki.zip.am.bx
687 wiki.zip.am.by
688 wiki.zip.am.bz
689 wiki.zip.am.ca
690 wiki.zip.an.aa
691 wiki.zip.an.ab
692 wiki.zip.an.ac
693 wiki.zip.an.ad
694 wiki.zip.an.ae
695 wiki.zip.an.af
696 wiki.zip.an.ag
697 wiki.zip.an.ah
rm: missing operand
Try 'rm --help' for more information.
1 wiki.zip.ak.ay
t01593-10596 t02004-16663 t02014-18182 t01819-20797 t01699-21775 t01945-24117 t02264-6826 t02197-8888
Already have log for t01593 10596 bafykbzacecxbagkhwdn335jsm4457jayapvadau3u7ue3ehsxnphinjb2qfsa
Retrieving t02004 16663 bafykbzacecxbagkhwdn335jsm4457jayapvadau3u7ue3ehsxnphinjb2qfsa
2020-08-24T19:00:04.382Z	[33mWARN[0m	rpc	go-jsonrpc@v0.1.2-0.20200817153016-2ea5cbaf5ec0/client.go:430	unmarshaling failed	{"message": "{\"Err\":\"failed to dial 12D3KooWRL2sjoGinBB4QSyRjJ7UkYMUPXgCPZykLgBaoLwmqSX4: all dials failed\\n  * [/ip4/113.215.188.183/tcp/35252] dial tcp4 113.215.188.183:35252: connect: connection refused\",\"Root\":null,\"Piece\":null,\"Size\":0,\"MinPrice\":\"\\u003cnil\\u003e\",\"UnsealPrice\":\"\\u003cnil\\u003e\",\"PaymentInterval\":0,\"PaymentIntervalIncrease\":0,\"Miner\":\"t02004\",\"MinerPeer\":{\"Address\":\"t02004\",\"ID\":\"12D3KooWRL2sjoGinBB4QSyRjJ7UkYMUPXgCPZykLgBaoLwmqSX4\",\"PieceCID\":null}}"}
ERROR: RPC client error: unmarshaling result: failed to parse big string: '"\u003cnil\u003e"'

Command exited with non-zero status 1
0.04user 0.03system 0:00.58elapsed 14%CPU (0avgtext+0avgdata 38456maxresident)k
0inputs+0outputs (0major+3793minor)pagefaults 0swaps
Skipping ahead

1 wiki.zip.ak.ag
t02675-10621 t02554-11415 t01593-12116 t01824-16643 t01819-18164 t01902-20778 t02965-21762
Retrieving t02675 10621 bafykbzacec7vhxgnfrre4npo5upmvbxb55vz5e7rbpx36ak4nhn6gswhmyy6k
2020-08-24T19:00:10.499Z	[33mWARN[0m	rpc	go-jsonrpc@v0.1.2-0.20200817153016-2ea5cbaf5ec0/client.go:430	unmarshaling failed	{"message": "{\"Err\":\"failed to dial 12D3KooWAfmJvpRxfNLBdvToYhS9osKRozg81DTNQDDYkzPUetPG: all dials failed\\n  * [/ip4/34.222.193.200/tcp/28003] dial tcp4 0.0.0.0:43231-\\u003e34.222.193.200:28003: i/o timeout\",\"Root\":null,\"Piece\":null,\"Size\":0,\"MinPrice\":\"\\u003cnil\\u003e\",\"UnsealPrice\":\"\\u003cnil\\u003e\",\"PaymentInterval\":0,\"PaymentIntervalIncrease\":0,\"Miner\":\"t02675\",\"MinerPeer\":{\"Address\":\"t02675\",\"ID\":\"12D3KooWAfmJvpRxfNLBdvToYhS9osKRozg81DTNQDDYkzPUetPG\",\"PieceCID\":null}}"}
ERROR: RPC client error: unmarshaling result: failed to parse big string: '"\u003cnil\u003e"'

Command exited with non-zero status 1
0.05user 0.01system 0:05.07elapsed 1%CPU (0avgtext+0avgdata 37360maxresident)k
0inputs+0outputs (0major+3661minor)pagefaults 0swaps
Skipping ahead

1 wiki.zip.aa.br
t02014-10947 t01902-11750 t02554-12605 t02315-13921 t069967-17446 t01909-21222 t01988-21947 t02197-22507 t01945-23844 t01593-8375 t02965-9175 t01632-9906
Already have log for t02014 10947 bafykbzacebesga27vlskn4giidpvbmixwius5eewhyzgsqyqlya3jdgz4nug2
Already have log for t01902 11750 bafykbzacebesga27vlskn4giidpvbmixwius5eewhyzgsqyqlya3jdgz4nug2
Retrieving t02554 12605 bafykbzacebesga27vlskn4giidpvbmixwius5eewhyzgsqyqlya3jdgz4nug2
> Recv: 0 B, Paid 0 FIL, ClientEventOpen (DealStatusNew)
> Recv: 0 B, Paid 0 FIL, ClientEventDealProposed (DealStatusWaitForAcceptance)
> Recv: 0 B, Paid 0 FIL, ClientEventDataTransferError (DealStatusErrored)
> Recv: 0 B, Paid 0 FIL, ClientEventOpen (DealStatusNew)
ERROR: retrieval failed: Retrieve: Retrieval Error: error generated by data transfer: deal data transfer failed: Response Rejected

Command exited with non-zero status 1
0.06user 0.00system 0:02.06elapsed 3%CPU (0avgtext+0avgdata 39124maxresident)k
0inputs+0outputs (0major+3711minor)pagefaults 0swaps
Skipping ahead

1 wiki.zip.ab.au
t02004-10037 t01743-10915 t02750-11766 t01945-12633 t02315-13939 t02014-17495 t069967-20469 t05025-21255 t01819-9214
Already have log for t02004 10037 bafykbzacebd57xohwcoikhirrbagjih5h66axi674h6tjkigjukgnob4fx54m
Already have log for t01743 10915 bafykbzacebd57xohwcoikhirrbagjih5h66axi674h6tjkigjukgnob4fx54m
Already have log for t02750 11766 bafykbzacebd57xohwcoikhirrbagjih5h66axi674h6tjkigjukgnob4fx54m
Retrieving t01945 12633 bafykbzacebd57xohwcoikhirrbagjih5h66axi674h6tjkigjukgnob4fx54m
> Recv: 0 B, Paid 0 FIL, ClientEventOpen (DealStatusNew)
> Recv: 0 B, Paid 0 FIL, ClientEventDealProposed (DealStatusWaitForAcceptance)
> Recv: 0 B, Paid 0 FIL, ClientEventDealAccepted (DealStatusAccepted)
Success
0.04user 0.03system 0:40.97elapsed 0%CPU (0avgtext+0avgdata 37612maxresident)k
0inputs+0outputs (0major+3690minor)pagefaults 0swaps
Skipping ahead

1 wiki.zip.al.ae
t01632-10642 t02965-16709 t02004-19937 t01902-20819 t01945-21803 t01699-24147 t02098-9776
Retrieving t01632 10642 bafykbzacebsxp6gnfeb62rdgmh64fzgw2jzlbhqzzbvj5ilap6awrvwotoa6i
ERROR: dial tcp 127.0.0.1:1234: connect: connection refused

Command exited with non-zero status 1
0.02user 0.02system 0:00.04elapsed 110%CPU (0avgtext+0avgdata 35876maxresident)k
0inputs+0outputs (0major+3532minor)pagefaults 0swaps
Skipping ahead

1 wiki.zip.ad.at
t03052-11007 t01945-12683 t01819-17621 t02965-21365 t01699-6027 t02014-9272
Retrieving t03052 11007 bafykbzacec4cdwjpy3nqg5cufel5ejzbg7j72wlxnooqf4s7o36j4tmt623tq
ERROR: dial tcp 127.0.0.1:1234: connect: connection refused

Command exited with non-zero status 1
0.05user 0.00system 0:00.05elapsed 111%CPU (0avgtext+0avgdata 36424maxresident)k
0inputs+0outputs (0major+3561minor)pagefaults 0swaps
Skipping ahead

1 wiki.zip.ad.ax
t01593-10111 t01699-15951 t02750-17630 t02014-19675 t02156-21367 t01819-6582 t01945-9309
Retrieving t01593 10111 bafykbzacebkrclitr466kzbvgxtk53v4v3weltru7evoqtcxaqjhiprnempq4
ERROR: dial tcp 127.0.0.1:1234: connect: connection refused

Command exited with non-zero status 1
0.03user 0.02system 0:00.05elapsed 114%CPU (0avgtext+0avgdata 36160maxresident)k
0inputs+0outputs (0major+3555minor)pagefaults 0swaps
Skipping ahead

1 wiki.zip.ak.ar
t01824-10591 t02315-11404 t069967-16667 t03052-20791 t01902-21769 t01819-7992 t02750-8883 t02182-9687
Retrieving t01824 10591 bafykbzaceby7ozawmava3vcheaj42a76erv2tvjjilydjy6ul22y6hjccu7zq
ERROR: dial tcp 127.0.0.1:1234: connect: connection refused

Command exited with non-zero status 1
0.03user 0.02system 0:00.05elapsed 114%CPU (0avgtext+0avgdata 36892maxresident)k
0inputs+0outputs (0major+3618minor)pagefaults 0swaps
Skipping ahead

1 wiki.zip.ag.bs
t04985-10439 t01632-11194 t02965-11982 t02554-12809 t01591-17841 t02306-19746 t01699-20642 t02156-21554 t02014-22271 t02332-23986 t02263-7950 t05025-9459
Retrieving t04985 10439 bafykbzacea5yyqgozhulbngi4vcoxizdxmppr7u3x7jcxhorhmpml33lexxri
ERROR: dial tcp 127.0.0.1:1234: connect: connection refused

Command exited with non-zero status 1
0.04user 0.02system 0:00.05elapsed 112%CPU (0avgtext+0avgdata 36216maxresident)k
0inputs+0outputs (0major+3561minor)pagefaults 0swaps
Skipping ahead

1 wiki.zip.ag.ab
t01909-10357 t02014-11166 t01593-14179 t01988-16155 t01827-17787 t02750-19198 t01945-19726 t03052-20619 t02965-22247 t069967-22832 t02554-9469
Already have log for t01909 10357 bafykbzacebds3v56zdrnxwpfzyllk7flfznecpjron2rr6zqudk6sywnz4d6m
Already have log for t02014 11166 bafykbzacebds3v56zdrnxwpfzyllk7flfznecpjron2rr6zqudk6sywnz4d6m
Already have log for t01593 14179 bafykbzacebds3v56zdrnxwpfzyllk7flfznecpjron2rr6zqudk6sywnz4d6m
Already have log for t01988 16155 bafykbzacebds3v56zdrnxwpfzyllk7flfznecpjron2rr6zqudk6sywnz4d6m
Already have log for t01827 17787 bafykbzacebds3v56zdrnxwpfzyllk7flfznecpjron2rr6zqudk6sywnz4d6m
Retrieving t02750 19198 bafykbzacebds3v56zdrnxwpfzyllk7flfznecpjron2rr6zqudk6sywnz4d6m
> Recv: 0 B, Paid 0 FIL, ClientEventOpen (DealStatusNew)
> Recv: 0 B, Paid 0 FIL, ClientEventDealProposed (DealStatusWaitForAcceptance)
> Recv: 0 B, Paid 0 FIL, ClientEventDealAccepted (DealStatusAccepted)
> Recv: 269 B, Paid 0 FIL, ClientEventBlocksReceived (DealStatusAccepted)
> Recv: 269 B, Paid 0 FIL, ClientEventPaymentRequested (DealStatusAccepted)
> Recv: 1 MiB, Paid 0 FIL, ClientEventBlocksReceived (DealStatusAccepted)
> Recv: 1 MiB, Paid 0 FIL, ClientEventPaymentChannelAddingFunds (DealStatusPaymentChannelAddingFunds)
> Recv: 1 MiB, Paid 0 FIL, ClientEventPaymentChannelReady (DealStatusOngoing)
> Recv: 1 MiB, Paid 0 FIL, ClientEventPaymentRequested (DealStatusFundsNeeded)
> Recv: 1 MiB, Paid 0 FIL, ClientEventSendFunds (DealStatusSendFunds)
> Recv: 1 MiB, Paid 0.00000000000209769 FIL, ClientEventPaymentSent (DealStatusOngoing)
> Recv: 2 MiB, Paid 0.00000000000209769 FIL, ClientEventBlocksReceived (DealStatusOngoing)
> Recv: 2 MiB, Paid 0.00000000000209769 FIL, ClientEventPaymentRequested (DealStatusFundsNeeded)
> Recv: 3 MiB, Paid 0.00000000000209769 FIL, ClientEventBlocksReceived (DealStatusFundsNeeded)
> Recv: 3 MiB, Paid 0.00000000000209769 FIL, ClientEventSendFunds (DealStatusSendFunds)
> Recv: 3 MiB, Paid 0.000000000006291994 FIL, ClientEventPaymentSent (DealStatusOngoing)
> Recv: 3 MiB, Paid 0.000000000006291994 FIL, ClientEventLastPaymentRequested (DealStatusFundsNeededLastPayment)
> Recv: 4 MiB, Paid 0.000000000006291994 FIL, ClientEventBlocksReceived (DealStatusFundsNeededLastPayment)
> Recv: 4.769 MiB, Paid 0.000000000006291994 FIL, ClientEventBlocksReceived (DealStatusFundsNeededLastPayment)
> Recv: 4.769 MiB, Paid 0.000000000006291994 FIL, ClientEventAllBlocksReceived (DealStatusSendFundsLastPayment)
> Recv: 4.769 MiB, Paid 0.000000000010000538 FIL, ClientEventPaymentSent (DealStatusFinalizing)
> Recv: 4.769 MiB, Paid 0.000000000010000538 FIL, ClientEventComplete (DealStatusCompleted)
Success
0.11user 0.06system 7:50.22elapsed 0%CPU (0avgtext+0avgdata 39356maxresident)k
0inputs+0outputs (0major+3907minor)pagefaults 0swaps
Skipping ahead

1 wiki.zip.ae.ar
t02965-10216 t05025-11080 t02014-11900 t069967-16014 t02306-6049 t01824-8496 t01591-9387
Already have log for t02965 10216 bafykbzacecexia6jkgcp3a5vjfdifjzweoe5orkk4ykv3p7624aqb4edpubpk
Already have log for t05025 11080 bafykbzacecexia6jkgcp3a5vjfdifjzweoe5orkk4ykv3p7624aqb4edpubpk
Already have log for t02014 11900 bafykbzacecexia6jkgcp3a5vjfdifjzweoe5orkk4ykv3p7624aqb4edpubpk
Retrieving t069967 16014 bafykbzacecexia6jkgcp3a5vjfdifjzweoe5orkk4ykv3p7624aqb4edpubpk
> Recv: 0 B, Paid 0 FIL, ClientEventOpen (DealStatusNew)
> Recv: 0 B, Paid 0 FIL, ClientEventDealProposed (DealStatusWaitForAcceptance)
> Recv: 0 B, Paid 0 FIL, ClientEventDealAccepted (DealStatusAccepted)
> Recv: 0 B, Paid 0 FIL, ClientEventPaymentChannelAddingFunds (DealStatusPaymentChannelAddingFunds)
> Recv: 269 B, Paid 0 FIL, ClientEventBlocksReceived (DealStatusPaymentChannelAddingFunds)
> Recv: 269 B, Paid 0 FIL, ClientEventPaymentRequested (DealStatusPaymentChannelAddingFunds)
> Recv: 1 MiB, Paid 0 FIL, ClientEventBlocksReceived (DealStatusPaymentChannelAddingFunds)
> Recv: 1 MiB, Paid 0 FIL, ClientEventPaymentChannelReady (DealStatusOngoing)
> Recv: 1 MiB, Paid 0 FIL, ClientEventPaymentRequested (DealStatusFundsNeeded)
> Recv: 1 MiB, Paid 0 FIL, ClientEventSendFunds (DealStatusSendFunds)
> Recv: 1 MiB, Paid 0.00000000000209769 FIL, ClientEventPaymentSent (DealStatusOngoing)
> Recv: 2 MiB, Paid 0.00000000000209769 FIL, ClientEventBlocksReceived (DealStatusOngoing)
> Recv: 2 MiB, Paid 0.00000000000209769 FIL, ClientEventPaymentRequested (DealStatusFundsNeeded)
> Recv: 3 MiB, Paid 0.00000000000209769 FIL, ClientEventBlocksReceived (DealStatusFundsNeeded)
> Recv: 3 MiB, Paid 0.00000000000209769 FIL, ClientEventSendFunds (DealStatusSendFunds)
> Recv: 3 MiB, Paid 0.000000000006291994 FIL, ClientEventPaymentSent (DealStatusOngoing)
> Recv: 4 MiB, Paid 0.000000000006291994 FIL, ClientEventBlocksReceived (DealStatusOngoing)
> Recv: 4 MiB, Paid 0.000000000006291994 FIL, ClientEventLastPaymentRequested (DealStatusFundsNeededLastPayment)
> Recv: 4.769 MiB, Paid 0.000000000006291994 FIL, ClientEventBlocksReceived (DealStatusFundsNeededLastPayment)
> Recv: 4.769 MiB, Paid 0.000000000006291994 FIL, ClientEventAllBlocksReceived (DealStatusSendFundsLastPayment)
> Recv: 4.769 MiB, Paid 0.000000000010000538 FIL, ClientEventPaymentSent (DealStatusFinalizing)
> Recv: 4.769 MiB, Paid 0.000000000010000538 FIL, ClientEventComplete (DealStatusCompleted)
Success
0.10user 0.04system 4:12.75elapsed 0%CPU (0avgtext+0avgdata 39264maxresident)k
0inputs+0outputs (0major+3881minor)pagefaults 0swaps
Skipping ahead

1 wiki.zip.ak.bd
t02182-10661 t02965-11447 t02750-12139 t01632-12986 t02014-20801 t03052-21780 t01591-8925 t02263-9702
Already have log for t02182 10661 bafykbzacebkfkb3kwfxh6yv4q6kfkbteulhcjhqdpydt2jhy3sg6yjyv4hzt4
Retrieving t02965 11447 bafykbzacebkfkb3kwfxh6yv4q6kfkbteulhcjhqdpydt2jhy3sg6yjyv4hzt4
2020-08-24T19:13:28.274Z	[33mWARN[0m	rpc	go-jsonrpc@v0.1.2-0.20200817153016-2ea5cbaf5ec0/client.go:430	unmarshaling failed	{"message": "{\"Err\":\"routing: not found\",\"Root\":null,\"Piece\":null,\"Size\":0,\"MinPrice\":\"\\u003cnil\\u003e\",\"UnsealPrice\":\"\\u003cnil\\u003e\",\"PaymentInterval\":0,\"PaymentIntervalIncrease\":0,\"Miner\":\"t02965\",\"MinerPeer\":{\"Address\":\"t02965\",\"ID\":\"12D3KooWCkwvoDCbgTeA449F3LEfpMMPSVZsarDNRFtQWeqREdV8\",\"PieceCID\":null}}"}
ERROR: RPC client error: unmarshaling result: failed to parse big string: '"\u003cnil\u003e"'

Command exited with non-zero status 1
0.04user 0.04system 0:06.79elapsed 1%CPU (0avgtext+0avgdata 37452maxresident)k
0inputs+0outputs (0major+3615minor)pagefaults 0swaps
Skipping ahead

1 wiki.zip.ab.ap
t01827-10018 t02674-11754 t02965-12629 t02014-15816 t01819-18949 t01824-22030 t01945-7863 t01902-9144
Already have log for t01827 10018 bafykbzacedrec7dhdzf24v7koae7tjtt57mciscxws3mm54uldsrc6fan3ta2
Already have log for t02674 11754 bafykbzacedrec7dhdzf24v7koae7tjtt57mciscxws3mm54uldsrc6fan3ta2
Already have log for t02965 12629 bafykbzacedrec7dhdzf24v7koae7tjtt57mciscxws3mm54uldsrc6fan3ta2
Already have log for t02014 15816 bafykbzacedrec7dhdzf24v7koae7tjtt57mciscxws3mm54uldsrc6fan3ta2
Retrieving t01819 18949 bafykbzacedrec7dhdzf24v7koae7tjtt57mciscxws3mm54uldsrc6fan3ta2
> Recv: 0 B, Paid 0 FIL, ClientEventOpen (DealStatusNew)
> Recv: 0 B, Paid 0 FIL, ClientEventDealProposed (DealStatusWaitForAcceptance)
> Recv: 0 B, Paid 0 FIL, ClientEventDealAccepted (DealStatusAccepted)
> Recv: 0 B, Paid 0 FIL, ClientEventPaymentChannelAddingFunds (DealStatusPaymentChannelAddingFunds)
> Recv: 269 B, Paid 0 FIL, ClientEventBlocksReceived (DealStatusPaymentChannelAddingFunds)
> Recv: 269 B, Paid 0 FIL, ClientEventPaymentRequested (DealStatusPaymentChannelAddingFunds)
> Recv: 1 MiB, Paid 0 FIL, ClientEventBlocksReceived (DealStatusPaymentChannelAddingFunds)
> Recv: 1 MiB, Paid 0 FIL, ClientEventPaymentChannelReady (DealStatusOngoing)
> Recv: 1 MiB, Paid 0 FIL, ClientEventPaymentRequested (DealStatusFundsNeeded)
> Recv: 1 MiB, Paid 0 FIL, ClientEventSendFunds (DealStatusSendFunds)
> Recv: 1 MiB, Paid 0.00000000000209769 FIL, ClientEventPaymentSent (DealStatusOngoing)
> Recv: 2 MiB, Paid 0.00000000000209769 FIL, ClientEventBlocksReceived (DealStatusOngoing)
> Recv: 2 MiB, Paid 0.00000000000209769 FIL, ClientEventPaymentRequested (DealStatusFundsNeeded)
> Recv: 3 MiB, Paid 0.00000000000209769 FIL, ClientEventBlocksReceived (DealStatusFundsNeeded)
> Recv: 3 MiB, Paid 0.00000000000209769 FIL, ClientEventSendFunds (DealStatusSendFunds)
> Recv: 3 MiB, Paid 0.000000000006291994 FIL, ClientEventPaymentSent (DealStatusOngoing)
> Recv: 4 MiB, Paid 0.000000000006291994 FIL, ClientEventBlocksReceived (DealStatusOngoing)
> Recv: 4 MiB, Paid 0.000000000006291994 FIL, ClientEventLastPaymentRequested (DealStatusFundsNeededLastPayment)
> Recv: 4.769 MiB, Paid 0.000000000006291994 FIL, ClientEventBlocksReceived (DealStatusFundsNeededLastPayment)
> Recv: 4.769 MiB, Paid 0.000000000006291994 FIL, ClientEventAllBlocksReceived (DealStatusSendFundsLastPayment)
> Recv: 4.769 MiB, Paid 0.000000000010000538 FIL, ClientEventPaymentSent (DealStatusFinalizing)
> Recv: 4.769 MiB, Paid 0.000000000010000538 FIL, ClientEventComplete (DealStatusCompleted)
Success
0.10user 0.04system 4:04.04elapsed 0%CPU (0avgtext+0avgdata 37852maxresident)k
0inputs+0outputs (0major+3841minor)pagefaults 0swaps
Skipping ahead

1 wiki.zip.af.as
t03052-11108 t02302-16099 t096492-17735 t02306-19179 t02014-19718 t01902-22207 t01819-22801 t01945-9398
Retrieving t03052 11108 bafykbzaceampmwc4loyd4ze2kq5ihybvn5gxae3gfx2kw5x57vkcnqxd32vou
> Recv: 0 B, Paid 0 FIL, ClientEventOpen (DealStatusNew)
> Recv: 0 B, Paid 0 FIL, ClientEventDealProposed (DealStatusWaitForAcceptance)
> Recv: 0 B, Paid 0 FIL, ClientEventDealAccepted (DealStatusAccepted)
> Recv: 0 B, Paid 0 FIL, ClientEventPaymentChannelAddingFunds (DealStatusPaymentChannelAddingFunds)
> Recv: 269 B, Paid 0 FIL, ClientEventBlocksReceived (DealStatusPaymentChannelAddingFunds)
> Recv: 269 B, Paid 0 FIL, ClientEventPaymentRequested (DealStatusPaymentChannelAddingFunds)
> Recv: 1 MiB, Paid 0 FIL, ClientEventBlocksReceived (DealStatusPaymentChannelAddingFunds)
> Recv: 1 MiB, Paid 0 FIL, ClientEventPaymentChannelReady (DealStatusOngoing)
> Recv: 1 MiB, Paid 0 FIL, ClientEventPaymentRequested (DealStatusFundsNeeded)
> Recv: 1 MiB, Paid 0 FIL, ClientEventSendFunds (DealStatusSendFunds)
> Recv: 1 MiB, Paid 0.00000000000209769 FIL, ClientEventPaymentSent (DealStatusOngoing)
> Recv: 2 MiB, Paid 0.00000000000209769 FIL, ClientEventBlocksReceived (DealStatusOngoing)
> Recv: 2 MiB, Paid 0.00000000000209769 FIL, ClientEventPaymentRequested (DealStatusFundsNeeded)
> Recv: 3 MiB, Paid 0.00000000000209769 FIL, ClientEventBlocksReceived (DealStatusFundsNeeded)
> Recv: 3 MiB, Paid 0.00000000000209769 FIL, ClientEventSendFunds (DealStatusSendFunds)
> Recv: 3 MiB, Paid 0.000000000006291994 FIL, ClientEventPaymentSent (DealStatusOngoing)
> Recv: 4 MiB, Paid 0.000000000006291994 FIL, ClientEventBlocksReceived (DealStatusOngoing)
> Recv: 4 MiB, Paid 0.000000000006291994 FIL, ClientEventLastPaymentRequested (DealStatusFundsNeededLastPayment)
> Recv: 4.769 MiB, Paid 0.000000000006291994 FIL, ClientEventBlocksReceived (DealStatusFundsNeededLastPayment)
> Recv: 4.769 MiB, Paid 0.000000000006291994 FIL, ClientEventAllBlocksReceived (DealStatusSendFundsLastPayment)
> Recv: 4.769 MiB, Paid 0.000000000010000538 FIL, ClientEventPaymentSent (DealStatusFinalizing)
> Recv: 4.769 MiB, Paid 0.000000000010000538 FIL, ClientEventComplete (DealStatusCompleted)
Success
0.07user 0.04system 3:25.59elapsed 0%CPU (0avgtext+0avgdata 38924maxresident)k
8inputs+0outputs (1major+3751minor)pagefaults 0swaps
Skipping ahead

1 wiki.zip.ad.ad
t02554-10099 t02896-11037 t01945-11810 t02306-12669 t01593-14016 t05025-15928 t069967-19622 t01699-20512 t096605-21343 t02014-22085 t02264-6020 t01591-8431
Retrieving t02554 10099 bafykbzacedpqpcdmfc4yw5dhemg2ejt324nt6pgnhottowbuc44jegjpe7kme
> Recv: 0 B, Paid 0 FIL, ClientEventOpen (DealStatusNew)
> Recv: 0 B, Paid 0 FIL, ClientEventDealProposed (DealStatusWaitForAcceptance)
> Recv: 0 B, Paid 0 FIL, ClientEventDataTransferError (DealStatusErrored)
> Recv: 0 B, Paid 0 FIL, ClientEventOpen (DealStatusNew)
ERROR: retrieval failed: Retrieve: Retrieval Error: error generated by data transfer: deal data transfer failed: Response Rejected

Command exited with non-zero status 1
0.05user 0.03system 0:00.64elapsed 12%CPU (0avgtext+0avgdata 38556maxresident)k
0inputs+0outputs (0major+3779minor)pagefaults 0swaps
Skipping ahead

1 wiki.zip.af.bb
t02315-10279 t01632-11179 t01593-11954 t02965-14170 t02197-16103 t01945-20587 t01909-21488 t01824-22812 t02306-8634 t01708-9446
Retrieving t02315 10279 bafykbzaceccpgeaetriuumpgsj6djtp2iurmtys7hl4pxluy7327sqa36tp7c
2020-08-24T19:21:07.050Z	[33mWARN[0m	rpc	go-jsonrpc@v0.1.2-0.20200817153016-2ea5cbaf5ec0/client.go:430	unmarshaling failed	{"message": "{\"Err\":\"failed to dial 12D3KooWHesJWTtJonjUP8MedttQ1j5KgjjBvvNuMtsjES6cP5Dw: all dials failed\\n  * [/ip4/34.220.91.72/tcp/28003] dial tcp4 34.220.91.72:28003: connect: connection refused\",\"Root\":null,\"Piece\":null,\"Size\":0,\"MinPrice\":\"\\u003cnil\\u003e\",\"UnsealPrice\":\"\\u003cnil\\u003e\",\"PaymentInterval\":0,\"PaymentIntervalIncrease\":0,\"Miner\":\"t02315\",\"MinerPeer\":{\"Address\":\"t02315\",\"ID\":\"12D3KooWHesJWTtJonjUP8MedttQ1j5KgjjBvvNuMtsjES6cP5Dw\",\"PieceCID\":null}}"}
ERROR: RPC client error: unmarshaling result: failed to parse big string: '"\u003cnil\u003e"'

Command exited with non-zero status 1
0.05user 0.03system 0:00.21elapsed 39%CPU (0avgtext+0avgdata 38460maxresident)k
0inputs+0outputs (0major+3686minor)pagefaults 0swaps
Skipping ahead

1 wiki.zip.ab.af
t02896-10903 t01824-13932 t01591-15775 t01819-17468 t01988-21238 t02004-22548 t01699-8361 t05025-9133 t02554-9912
Already have log for t02896 10903 bafykbzaceb75kww6ptk6i3eo3lza55mwsoesloqkvuwrkbbvqpeozoc2awccq
Already have log for t01824 13932 bafykbzaceb75kww6ptk6i3eo3lza55mwsoesloqkvuwrkbbvqpeozoc2awccq
Retrieving t01591 15775 bafykbzaceb75kww6ptk6i3eo3lza55mwsoesloqkvuwrkbbvqpeozoc2awccq
2020-08-24T19:21:15.069Z	[33mWARN[0m	rpc	go-jsonrpc@v0.1.2-0.20200817153016-2ea5cbaf5ec0/client.go:430	unmarshaling failed	{"message": "{\"Err\":\"routing: not found\",\"Root\":null,\"Piece\":null,\"Size\":0,\"MinPrice\":\"\\u003cnil\\u003e\",\"UnsealPrice\":\"\\u003cnil\\u003e\",\"PaymentInterval\":0,\"PaymentIntervalIncrease\":0,\"Miner\":\"t01591\",\"MinerPeer\":{\"Address\":\"t01591\",\"ID\":\"12D3KooWM8xf4aUWZG7G8d3pmWeWovbviHGJR1NK28gQxcBj4Cqg\",\"PieceCID\":null}}"}
ERROR: RPC client error: unmarshaling result: failed to parse big string: '"\u003cnil\u003e"'

Command exited with non-zero status 1
0.04user 0.03system 0:04.94elapsed 1%CPU (0avgtext+0avgdata 38824maxresident)k
0inputs+0outputs (0major+3741minor)pagefaults 0swaps
Skipping ahead

1 wiki.zip.al.aw
t02896-10702 t02004-11457 t02675-12171 t01902-18244 t01819-20834 t02249-21827 t02014-8006 t01743-9755
Already have log for t02896 10702 bafykbzacebkeklerbmnumpnzbikzllonbq4v5lb3ua27ef3rtzsjzyszxlk36
Retrieving t02004 11457 bafykbzacebkeklerbmnumpnzbikzllonbq4v5lb3ua27ef3rtzsjzyszxlk36
2020-08-24T19:21:17.734Z	[33mWARN[0m	rpc	go-jsonrpc@v0.1.2-0.20200817153016-2ea5cbaf5ec0/client.go:430	unmarshaling failed	{"message": "{\"Err\":\"failed to dial 12D3KooWRL2sjoGinBB4QSyRjJ7UkYMUPXgCPZykLgBaoLwmqSX4: all dials failed\\n  * [/ip4/113.215.188.183/tcp/35252] dial tcp4 113.215.188.183:35252: connect: connection refused\",\"Root\":null,\"Piece\":null,\"Size\":0,\"MinPrice\":\"\\u003cnil\\u003e\",\"UnsealPrice\":\"\\u003cnil\\u003e\",\"PaymentInterval\":0,\"PaymentIntervalIncrease\":0,\"Miner\":\"t02004\",\"MinerPeer\":{\"Address\":\"t02004\",\"ID\":\"12D3KooWRL2sjoGinBB4QSyRjJ7UkYMUPXgCPZykLgBaoLwmqSX4\",\"PieceCID\":null}}"}
ERROR: RPC client error: unmarshaling result: failed to parse big string: '"\u003cnil\u003e"'

Command exited with non-zero status 1
0.06user 0.02system 0:00.59elapsed 16%CPU (0avgtext+0avgdata 38824maxresident)k
0inputs+0outputs (0major+3722minor)pagefaults 0swaps
Skipping ahead

1 wiki.zip.al.ai
t01909-10652 t02965-11470 t01593-13021 t01699-20824 t096605-21807 t02014-8987 t02554-9783
Retrieving t01909 10652 bafykbzaceaharm5nab6ewg65jyainh3folcowwpvaw7ga2k6hrhveudruomyi
2020-08-24T19:21:23.854Z	[33mWARN[0m	rpc	go-jsonrpc@v0.1.2-0.20200817153016-2ea5cbaf5ec0/client.go:430	unmarshaling failed	{"message": "{\"Err\":\"failed to dial 12D3KooWG6NQw1y2dnHmj7dP5wskYp7oRh8H4hD59bt78DQjJZSo: all dials failed\\n  * [/ip4/183.15.179.247/tcp/12345] dial tcp4 0.0.0.0:38923-\\u003e183.15.179.247:12345: i/o timeout\",\"Root\":null,\"Piece\":null,\"Size\":0,\"MinPrice\":\"\\u003cnil\\u003e\",\"UnsealPrice\":\"\\u003cnil\\u003e\",\"PaymentInterval\":0,\"PaymentIntervalIncrease\":0,\"Miner\":\"t01909\",\"MinerPeer\":{\"Address\":\"t01909\",\"ID\":\"12D3KooWG6NQw1y2dnHmj7dP5wskYp7oRh8H4hD59bt78DQjJZSo\",\"PieceCID\":null}}"}
ERROR: RPC client error: unmarshaling result: failed to parse big string: '"\u003cnil\u003e"'

Command exited with non-zero status 1
0.05user 0.02system 0:05.06elapsed 1%CPU (0avgtext+0avgdata 38356maxresident)k
0inputs+0outputs (0major+3667minor)pagefaults 0swaps
Skipping ahead

1 wiki.zip.af.bq
t02675-12774 t01909-16130 t01593-17769 t02014-19725 t01824-21505 t096605-22214 t01902-8658 t01827-9410
Retrieving t02675 12774 bafykbzaceb5oa3ykgizvba2557lekgv44nnk6k3dkavtyc5ox5l6nuew4kcw6
2020-08-24T19:21:29.962Z	[33mWARN[0m	rpc	go-jsonrpc@v0.1.2-0.20200817153016-2ea5cbaf5ec0/client.go:430	unmarshaling failed	{"message": "{\"Err\":\"failed to dial 12D3KooWAfmJvpRxfNLBdvToYhS9osKRozg81DTNQDDYkzPUetPG: all dials failed\\n  * [/ip4/34.222.193.200/tcp/28003] dial tcp4 0.0.0.0:38923-\\u003e34.222.193.200:28003: i/o timeout\",\"Root\":null,\"Piece\":null,\"Size\":0,\"MinPrice\":\"\\u003cnil\\u003e\",\"UnsealPrice\":\"\\u003cnil\\u003e\",\"PaymentInterval\":0,\"PaymentIntervalIncrease\":0,\"Miner\":\"t02675\",\"MinerPeer\":{\"Address\":\"t02675\",\"ID\":\"12D3KooWAfmJvpRxfNLBdvToYhS9osKRozg81DTNQDDYkzPUetPG\",\"PieceCID\":null}}"}
ERROR: RPC client error: unmarshaling result: failed to parse big string: '"\u003cnil\u003e"'

Command exited with non-zero status 1
0.05user 0.01system 0:05.05elapsed 1%CPU (0avgtext+0avgdata 37608maxresident)k
0inputs+0outputs (0major+3652minor)pagefaults 0swaps
Skipping ahead

1 wiki.zip.ak.ao
t01945-11426 t01824-12128 t02004-18177 t02750-20789 t01699-8881 t02315-9688
Already have log for t01945 11426 bafykbzaceb4kqudbfcalm7bw4k45ctafsa3cy4p33ccze6yaj6b4bciuvnacw
Already have log for t01824 12128 bafykbzaceb4kqudbfcalm7bw4k45ctafsa3cy4p33ccze6yaj6b4bciuvnacw
Retrieving t02004 18177 bafykbzaceb4kqudbfcalm7bw4k45ctafsa3cy4p33ccze6yaj6b4bciuvnacw
2020-08-24T19:21:38.107Z	[33mWARN[0m	rpc	go-jsonrpc@v0.1.2-0.20200817153016-2ea5cbaf5ec0/client.go:430	unmarshaling failed	{"message": "{\"Err\":\"failed to dial 12D3KooWRL2sjoGinBB4QSyRjJ7UkYMUPXgCPZykLgBaoLwmqSX4: all dials failed\\n  * [/ip4/113.215.188.183/tcp/35252] dial tcp4 0.0.0.0:38923-\\u003e113.215.188.183:35252: i/o timeout\",\"Root\":null,\"Piece\":null,\"Size\":0,\"MinPrice\":\"\\u003cnil\\u003e\",\"UnsealPrice\":\"\\u003cnil\\u003e\",\"PaymentInterval\":0,\"PaymentIntervalIncrease\":0,\"Miner\":\"t02004\",\"MinerPeer\":{\"Address\":\"t02004\",\"ID\":\"12D3KooWRL2sjoGinBB4QSyRjJ7UkYMUPXgCPZykLgBaoLwmqSX4\",\"PieceCID\":null}}"}
ERROR: RPC client error: unmarshaling result: failed to parse big string: '"\u003cnil\u003e"'

Command exited with non-zero status 1
0.07user 0.01system 0:05.06elapsed 1%CPU (0avgtext+0avgdata 38012maxresident)k
0inputs+0outputs (0major+3747minor)pagefaults 0swaps
Skipping ahead

1 wiki.zip.am.bi
t02965-10796 t02315-12217 t02981-16851 t01824-18309 t01945-20893 t01699-24243 t02306-6948 t02302-9102
Already have log for t02965 10796 bafykbzacedjfcg6hjd7n3ybuzuton7ofalwxi362oqxynll6vpzedv4epcn5u
Retrieving t02315 12217 bafykbzacedjfcg6hjd7n3ybuzuton7ofalwxi362oqxynll6vpzedv4epcn5u
2020-08-24T19:21:40.379Z	[33mWARN[0m	rpc	go-jsonrpc@v0.1.2-0.20200817153016-2ea5cbaf5ec0/client.go:430	unmarshaling failed	{"message": "{\"Err\":\"failed to dial 12D3KooWHesJWTtJonjUP8MedttQ1j5KgjjBvvNuMtsjES6cP5Dw: all dials failed\\n  * [/ip4/34.220.91.72/tcp/28003] dial tcp4 34.220.91.72:28003: connect: connection refused\",\"Root\":null,\"Piece\":null,\"Size\":0,\"MinPrice\":\"\\u003cnil\\u003e\",\"UnsealPrice\":\"\\u003cnil\\u003e\",\"PaymentInterval\":0,\"PaymentIntervalIncrease\":0,\"Miner\":\"t02315\",\"MinerPeer\":{\"Address\":\"t02315\",\"ID\":\"12D3KooWHesJWTtJonjUP8MedttQ1j5KgjjBvvNuMtsjES6cP5Dw\",\"PieceCID\":null}}"}
ERROR: RPC client error: unmarshaling result: failed to parse big string: '"\u003cnil\u003e"'

Command exited with non-zero status 1
0.05user 0.02system 0:00.20elapsed 40%CPU (0avgtext+0avgdata 38020maxresident)k
0inputs+0outputs (0major+3664minor)pagefaults 0swaps
Skipping ahead

1 wiki.zip.al.bp
t01909-10777 t01824-12199 t02014-13068 t01699-16766 t01945-18273 t02981-20851 t01827-21847 t02206-6926 t01632-9825
Already have log for t01909 10777 bafykbzacearhams3do7h5fdpl5z52ixp4nf4mny4x2oe3obb2avnxb2rvrpps
Retrieving t01824 12199 bafykbzacearhams3do7h5fdpl5z52ixp4nf4mny4x2oe3obb2avnxb2rvrpps
2020-08-24T19:21:43.126Z	[33mWARN[0m	rpc	go-jsonrpc@v0.1.2-0.20200817153016-2ea5cbaf5ec0/client.go:430	unmarshaling failed	{"message": "{\"Err\":\"failed to dial 12D3KooWAcAC6hESHLkndpbpp3cNsHHCGP3K4WBi5sn1FU6nbZwh: all dials failed\\n  * [/ip4/101.206.156.202/tcp/18880] failed to negotiate security protocol: read tcp4 66.70.191.245:38923-\\u003e101.206.156.202:18880: read: connection reset by peer\",\"Root\":null,\"Piece\":null,\"Size\":0,\"MinPrice\":\"\\u003cnil\\u003e\",\"UnsealPrice\":\"\\u003cnil\\u003e\",\"PaymentInterval\":0,\"PaymentIntervalIncrease\":0,\"Miner\":\"t01824\",\"MinerPeer\":{\"Address\":\"t01824\",\"ID\":\"12D3KooWAcAC6hESHLkndpbpp3cNsHHCGP3K4WBi5sn1FU6nbZwh\",\"PieceCID\":null}}"}
ERROR: RPC client error: unmarshaling result: failed to parse big string: '"\u003cnil\u003e"'

Command exited with non-zero status 1
0.05user 0.03system 0:00.67elapsed 13%CPU (0avgtext+0avgdata 38424maxresident)k
0inputs+0outputs (0major+3705minor)pagefaults 0swaps
Skipping ahead

1 wiki.zip.ae.bp
t02182-10307 t02675-11888 t02965-12715 t096379-16045 t01824-17699 t02014-20566 t05025-21437 t01988-22146 t01945-23928 t02306-6073 t01699-8529
Already have log for t02182 10307 bafykbzaceddb24cpumdyqlan62zg7ongbbvld6ve5j3lo7uaum2m5qj64lp5s
Retrieving t02675 11888 bafykbzaceddb24cpumdyqlan62zg7ongbbvld6ve5j3lo7uaum2m5qj64lp5s
2020-08-24T19:21:50.283Z	[33mWARN[0m	rpc	go-jsonrpc@v0.1.2-0.20200817153016-2ea5cbaf5ec0/client.go:430	unmarshaling failed	{"message": "{\"Err\":\"failed to dial 12D3KooWAfmJvpRxfNLBdvToYhS9osKRozg81DTNQDDYkzPUetPG: all dials failed\\n  * [/ip4/34.222.193.200/tcp/28003] dial tcp4 0.0.0.0:38923-\\u003e34.222.193.200:28003: i/o timeout\",\"Root\":null,\"Piece\":null,\"Size\":0,\"MinPrice\":\"\\u003cnil\\u003e\",\"UnsealPrice\":\"\\u003cnil\\u003e\",\"PaymentInterval\":0,\"PaymentIntervalIncrease\":0,\"Miner\":\"t02675\",\"MinerPeer\":{\"Address\":\"t02675\",\"ID\":\"12D3KooWAfmJvpRxfNLBdvToYhS9osKRozg81DTNQDDYkzPUetPG\",\"PieceCID\":null}}"}
ERROR: RPC client error: unmarshaling result: failed to parse big string: '"\u003cnil\u003e"'

Command exited with non-zero status 1
0.04user 0.03system 0:05.08elapsed 1%CPU (0avgtext+0avgdata 38752maxresident)k
0inputs+0outputs (0major+3692minor)pagefaults 0swaps
Skipping ahead

1 wiki.zip.ac.ar
t01824-10969 t02302-15891 t01819-22056 t03052-22581 t02014-5952 t02197-8394 t01708-9226
Already have log for t01824 10969 bafykbzacecpbwhrmc3bojahyqw3w2vlpswgv7dtdateb2gzrloroefing2vbe
Retrieving t02302 15891 bafykbzacecpbwhrmc3bojahyqw3w2vlpswgv7dtdateb2gzrloroefing2vbe
> Recv: 0 B, Paid 0 FIL, ClientEventOpen (DealStatusNew)
> Recv: 0 B, Paid 0 FIL, ClientEventDealProposed (DealStatusWaitForAcceptance)
> Recv: 0 B, Paid 0 FIL, ClientEventDealAccepted (DealStatusAccepted)
> Recv: 0 B, Paid 0 FIL, ClientEventPaymentChannelAddingFunds (DealStatusPaymentChannelAddingFunds)
> Recv: 269 B, Paid 0 FIL, ClientEventBlocksReceived (DealStatusPaymentChannelAddingFunds)
> Recv: 269 B, Paid 0 FIL, ClientEventPaymentRequested (DealStatusPaymentChannelAddingFunds)
> Recv: 1 MiB, Paid 0 FIL, ClientEventBlocksReceived (DealStatusPaymentChannelAddingFunds)
> Recv: 1 MiB, Paid 0 FIL, ClientEventPaymentChannelReady (DealStatusOngoing)
> Recv: 1 MiB, Paid 0 FIL, ClientEventPaymentRequested (DealStatusFundsNeeded)
> Recv: 1 MiB, Paid 0 FIL, ClientEventSendFunds (DealStatusSendFunds)
> Recv: 1 MiB, Paid 0.00000000000209769 FIL, ClientEventPaymentSent (DealStatusOngoing)
> Recv: 2 MiB, Paid 0.00000000000209769 FIL, ClientEventBlocksReceived (DealStatusOngoing)
> Recv: 2 MiB, Paid 0.00000000000209769 FIL, ClientEventPaymentRequested (DealStatusFundsNeeded)
> Recv: 3 MiB, Paid 0.00000000000209769 FIL, ClientEventBlocksReceived (DealStatusFundsNeeded)
> Recv: 3 MiB, Paid 0.00000000000209769 FIL, ClientEventSendFunds (DealStatusSendFunds)
> Recv: 3 MiB, Paid 0.000000000006291994 FIL, ClientEventPaymentSent (DealStatusOngoing)
> Recv: 4 MiB, Paid 0.000000000006291994 FIL, ClientEventBlocksReceived (DealStatusOngoing)
> Recv: 4 MiB, Paid 0.000000000006291994 FIL, ClientEventLastPaymentRequested (DealStatusFundsNeededLastPayment)
> Recv: 4.769 MiB, Paid 0.000000000006291994 FIL, ClientEventBlocksReceived (DealStatusFundsNeededLastPayment)
> Recv: 4.769 MiB, Paid 0.000000000006291994 FIL, ClientEventAllBlocksReceived (DealStatusSendFundsLastPayment)
> Recv: 4.769 MiB, Paid 0.000000000010000538 FIL, ClientEventPaymentSent (DealStatusFinalizing)
> Recv: 4.769 MiB, Paid 0.000000000010000538 FIL, ClientEventComplete (DealStatusCompleted)
Success
0.11user 0.05system 6:13.69elapsed 0%CPU (0avgtext+0avgdata 38784maxresident)k
0inputs+0outputs (0major+3832minor)pagefaults 0swaps
Skipping ahead

1 wiki.zip.ag.ae
t01819-10373 t01824-14181 t02896-16162 t02965-21517 t01699-22834 t01945-6134
Already have log for t01819 10373 bafykbzacedzfkvy4i26lzcno5w3lmnge2c537gbtr4mh7mv3r5mj7wdbuxem4
Already have log for t01824 14181 bafykbzacedzfkvy4i26lzcno5w3lmnge2c537gbtr4mh7mv3r5mj7wdbuxem4
Already have log for t02896 16162 bafykbzacedzfkvy4i26lzcno5w3lmnge2c537gbtr4mh7mv3r5mj7wdbuxem4
Retrieving t02965 21517 bafykbzacedzfkvy4i26lzcno5w3lmnge2c537gbtr4mh7mv3r5mj7wdbuxem4
2020-08-24T19:28:14.564Z	[33mWARN[0m	rpc	go-jsonrpc@v0.1.2-0.20200817153016-2ea5cbaf5ec0/client.go:430	unmarshaling failed	{"message": "{\"Err\":\"routing: not found\",\"Root\":null,\"Piece\":null,\"Size\":0,\"MinPrice\":\"\\u003cnil\\u003e\",\"UnsealPrice\":\"\\u003cnil\\u003e\",\"PaymentInterval\":0,\"PaymentIntervalIncrease\":0,\"Miner\":\"t02965\",\"MinerPeer\":{\"Address\":\"t02965\",\"ID\":\"12D3KooWCkwvoDCbgTeA449F3LEfpMMPSVZsarDNRFtQWeqREdV8\",\"PieceCID\":null}}"}
ERROR: RPC client error: unmarshaling result: failed to parse big string: '"\u003cnil\u003e"'

Command exited with non-zero status 1
0.06user 0.01system 0:04.41elapsed 1%CPU (0avgtext+0avgdata 39100maxresident)k
0inputs+0outputs (0major+3763minor)pagefaults 0swaps
Skipping ahead

1 wiki.zip.ac.bw
t01819-10127 t01902-11021 t02750-11805 t02302-15914 t01591-17736 t02014-19047 t02896-21335 t01699-5984 t01593-8420 t05036-9324
Already have log for t01819 10127 bafykbzacecmalk2qhshqwvjfyk5y4kvs4dhekbmac6ffuuoxvlwcn7ny2megu
Already have log for t01902 11021 bafykbzacecmalk2qhshqwvjfyk5y4kvs4dhekbmac6ffuuoxvlwcn7ny2megu
Retrieving t02750 11805 bafykbzacecmalk2qhshqwvjfyk5y4kvs4dhekbmac6ffuuoxvlwcn7ny2megu
> Recv: 0 B, Paid 0 FIL, ClientEventOpen (DealStatusNew)
> Recv: 0 B, Paid 0 FIL, ClientEventDealProposed (DealStatusWaitForAcceptance)
> Recv: 0 B, Paid 0 FIL, ClientEventDealAccepted (DealStatusAccepted)
> Recv: 269 B, Paid 0 FIL, ClientEventBlocksReceived (DealStatusAccepted)
> Recv: 269 B, Paid 0 FIL, ClientEventPaymentRequested (DealStatusAccepted)
> Recv: 1 MiB, Paid 0 FIL, ClientEventBlocksReceived (DealStatusAccepted)
> Recv: 1 MiB, Paid 0 FIL, ClientEventPaymentChannelAddingFunds (DealStatusPaymentChannelAddingFunds)
> Recv: 1 MiB, Paid 0 FIL, ClientEventPaymentChannelReady (DealStatusOngoing)
> Recv: 1 MiB, Paid 0 FIL, ClientEventPaymentRequested (DealStatusFundsNeeded)
> Recv: 1 MiB, Paid 0 FIL, ClientEventSendFunds (DealStatusSendFunds)
> Recv: 1 MiB, Paid 0.00000000000209769 FIL, ClientEventPaymentSent (DealStatusOngoing)
> Recv: 2 MiB, Paid 0.00000000000209769 FIL, ClientEventBlocksReceived (DealStatusOngoing)
> Recv: 2 MiB, Paid 0.00000000000209769 FIL, ClientEventPaymentRequested (DealStatusFundsNeeded)
> Recv: 3 MiB, Paid 0.00000000000209769 FIL, ClientEventBlocksReceived (DealStatusFundsNeeded)
> Recv: 3 MiB, Paid 0.00000000000209769 FIL, ClientEventSendFunds (DealStatusSendFunds)
> Recv: 3 MiB, Paid 0.000000000006291994 FIL, ClientEventPaymentSent (DealStatusOngoing)
> Recv: 4 MiB, Paid 0.000000000006291994 FIL, ClientEventBlocksReceived (DealStatusOngoing)
> Recv: 4 MiB, Paid 0.000000000006291994 FIL, ClientEventLastPaymentRequested (DealStatusFundsNeededLastPayment)
> Recv: 4.769 MiB, Paid 0.000000000006291994 FIL, ClientEventBlocksReceived (DealStatusFundsNeededLastPayment)
> Recv: 4.769 MiB, Paid 0.000000000006291994 FIL, ClientEventAllBlocksReceived (DealStatusSendFundsLastPayment)
> Recv: 4.769 MiB, Paid 0.000000000010000538 FIL, ClientEventPaymentSent (DealStatusFinalizing)
> Recv: 4.769 MiB, Paid 0.000000000010000538 FIL, ClientEventComplete (DealStatusCompleted)
Success
0.10user 0.04system 5:45.56elapsed 0%CPU (0avgtext+0avgdata 38704maxresident)k
0inputs+0outputs (0major+3749minor)pagefaults 0swaps
Skipping ahead

1 wiki.zip.ai.am
t01945-10473 t02306-12853 t01909-16383 t01988-20695 t0151229-21645 t01699-6274 t01902-8795 t02981-9558
Already have log for t01945 10473 bafykbzaceakaogsyfmfmwtqfie5sesyqjqotahrosyxmykugf25gmi5ndd3z6
Retrieving t02306 12853 bafykbzaceakaogsyfmfmwtqfie5sesyqjqotahrosyxmykugf25gmi5ndd3z6
2020-08-24T19:34:10.361Z	[33mWARN[0m	rpc	go-jsonrpc@v0.1.2-0.20200817153016-2ea5cbaf5ec0/client.go:430	unmarshaling failed	{"message": "{\"Err\":\"failed to dial 12D3KooWE2c5CzRJFbirE8pKSeHuXtQFiWVC5YgfLhY5mobpK4ez: all dials failed\\n  * [/ip4/116.211.58.216/tcp/1579] dial tcp4 0.0.0.0:38923-\\u003e116.211.58.216:1579: i/o timeout\",\"Root\":null,\"Piece\":null,\"Size\":0,\"MinPrice\":\"\\u003cnil\\u003e\",\"UnsealPrice\":\"\\u003cnil\\u003e\",\"PaymentInterval\":0,\"PaymentIntervalIncrease\":0,\"Miner\":\"t02306\",\"MinerPeer\":{\"Address\":\"t02306\",\"ID\":\"12D3KooWE2c5CzRJFbirE8pKSeHuXtQFiWVC5YgfLhY5mobpK4ez\",\"PieceCID\":null}}"}
ERROR: RPC client error: unmarshaling result: failed to parse big string: '"\u003cnil\u003e"'

Command exited with non-zero status 1
0.06user 0.03system 0:05.06elapsed 1%CPU (0avgtext+0avgdata 37880maxresident)k
0inputs+0outputs (0major+3711minor)pagefaults 0swaps
Skipping ahead

1 wiki.zip.ah.as
t02182-10424 t02014-11252 t03052-16283 t02750-17871 t01827-20665 t01699-22899 t01945-6212 t01593-8758
Retrieving t02182 10424 bafykbzacec2iggfgugtn4rz7zzsye6ckgutv43nnw6klnnqma4jancipql7k6
> Recv: 0 B, Paid 0 FIL, ClientEventOpen (DealStatusNew)
> Recv: 0 B, Paid 0 FIL, ClientEventDealProposed (DealStatusWaitForAcceptance)
> Recv: 0 B, Paid 0 FIL, ClientEventDealAccepted (DealStatusAccepted)
> Recv: 0 B, Paid 0 FIL, ClientEventPaymentChannelAddingFunds (DealStatusPaymentChannelAddingFunds)
> Recv: 269 B, Paid 0 FIL, ClientEventBlocksReceived (DealStatusPaymentChannelAddingFunds)
> Recv: 269 B, Paid 0 FIL, ClientEventPaymentRequested (DealStatusPaymentChannelAddingFunds)
> Recv: 1 MiB, Paid 0 FIL, ClientEventBlocksReceived (DealStatusPaymentChannelAddingFunds)
> Recv: 1 MiB, Paid 0 FIL, ClientEventPaymentChannelReady (DealStatusOngoing)
> Recv: 1 MiB, Paid 0 FIL, ClientEventPaymentRequested (DealStatusFundsNeeded)
> Recv: 1 MiB, Paid 0 FIL, ClientEventSendFunds (DealStatusSendFunds)
> Recv: 1 MiB, Paid 0.00000000000209769 FIL, ClientEventPaymentSent (DealStatusOngoing)
> Recv: 2 MiB, Paid 0.00000000000209769 FIL, ClientEventBlocksReceived (DealStatusOngoing)
> Recv: 2 MiB, Paid 0.00000000000209769 FIL, ClientEventPaymentRequested (DealStatusFundsNeeded)
> Recv: 3 MiB, Paid 0.00000000000209769 FIL, ClientEventBlocksReceived (DealStatusFundsNeeded)
> Recv: 3 MiB, Paid 0.00000000000209769 FIL, ClientEventSendFunds (DealStatusSendFunds)
> Recv: 3 MiB, Paid 0.000000000006291994 FIL, ClientEventPaymentSent (DealStatusOngoing)
> Recv: 4 MiB, Paid 0.000000000006291994 FIL, ClientEventBlocksReceived (DealStatusOngoing)
> Recv: 4 MiB, Paid 0.000000000006291994 FIL, ClientEventLastPaymentRequested (DealStatusFundsNeededLastPayment)
> Recv: 4.769 MiB, Paid 0.000000000006291994 FIL, ClientEventBlocksReceived (DealStatusFundsNeededLastPayment)
> Recv: 4.769 MiB, Paid 0.000000000006291994 FIL, ClientEventAllBlocksReceived (DealStatusSendFundsLastPayment)
> Recv: 4.769 MiB, Paid 0.000000000010000538 FIL, ClientEventPaymentSent (DealStatusFinalizing)
> Recv: 4.769 MiB, Paid 0.000000000010000538 FIL, ClientEventComplete (DealStatusCompleted)
Success
0.07user 0.04system 3:22.54elapsed 0%CPU (0avgtext+0avgdata 39128maxresident)k
0inputs+0outputs (0major+3847minor)pagefaults 0swaps
Skipping ahead

1 wiki.zip.am.bj
t02675-10787 t02004-11553 t02810-16853 t02981-18308 t02965-19483 t02750-20895 t01699-6952 t01591-9880
Already have log for t02675 10787 bafykbzacea3czgk4qhmgiua46rs6o24tqw4zezxbxhfmb7aqijpolqiks7she
Retrieving t02004 11553 bafykbzacea3czgk4qhmgiua46rs6o24tqw4zezxbxhfmb7aqijpolqiks7she
2020-08-24T19:37:36.602Z	[33mWARN[0m	rpc	go-jsonrpc@v0.1.2-0.20200817153016-2ea5cbaf5ec0/client.go:430	unmarshaling failed	{"message": "{\"Err\":\"failed to dial 12D3KooWRL2sjoGinBB4QSyRjJ7UkYMUPXgCPZykLgBaoLwmqSX4: all dials failed\\n  * [/ip4/113.215.188.183/tcp/35252] dial tcp4 113.215.188.183:35252: connect: connection refused\",\"Root\":null,\"Piece\":null,\"Size\":0,\"MinPrice\":\"\\u003cnil\\u003e\",\"UnsealPrice\":\"\\u003cnil\\u003e\",\"PaymentInterval\":0,\"PaymentIntervalIncrease\":0,\"Miner\":\"t02004\",\"MinerPeer\":{\"Address\":\"t02004\",\"ID\":\"12D3KooWRL2sjoGinBB4QSyRjJ7UkYMUPXgCPZykLgBaoLwmqSX4\",\"PieceCID\":null}}"}
ERROR: RPC client error: unmarshaling result: failed to parse big string: '"\u003cnil\u003e"'

Command exited with non-zero status 1
0.07user 0.02system 0:00.58elapsed 17%CPU (0avgtext+0avgdata 37560maxresident)k
0inputs+0outputs (0major+3705minor)pagefaults 0swaps
Skipping ahead

1 wiki.zip.al.bx
t01902-10768 t01988-16779 t01591-18274 t02014-19957 t02098-21866 t01593-9007
Retrieving t01902 10768 bafykbzacebtppwrfzeddjq3nkurcuy5mpxu7ceaqvjmcivjmkjnpw4p7lpsww
> Recv: 0 B, Paid 0 FIL, ClientEventOpen (DealStatusNew)
> Recv: 0 B, Paid 0 FIL, ClientEventDealProposed (DealStatusWaitForAcceptance)
> Recv: 0 B, Paid 0 FIL, ClientEventDealAccepted (DealStatusAccepted)
> Recv: 269 B, Paid 0 FIL, ClientEventBlocksReceived (DealStatusAccepted)
> Recv: 269 B, Paid 0 FIL, ClientEventPaymentChannelAddingFunds (DealStatusPaymentChannelAddingFunds)
> Recv: 269 B, Paid 0 FIL, ClientEventPaymentRequested (DealStatusPaymentChannelAddingFunds)
> Recv: 1 MiB, Paid 0 FIL, ClientEventBlocksReceived (DealStatusPaymentChannelAddingFunds)
> Recv: 1 MiB, Paid 0 FIL, ClientEventPaymentChannelReady (DealStatusOngoing)
> Recv: 1 MiB, Paid 0 FIL, ClientEventPaymentRequested (DealStatusFundsNeeded)
> Recv: 1 MiB, Paid 0 FIL, ClientEventSendFunds (DealStatusSendFunds)
> Recv: 1 MiB, Paid 0.00000000000209769 FIL, ClientEventPaymentSent (DealStatusOngoing)
> Recv: 2 MiB, Paid 0.00000000000209769 FIL, ClientEventBlocksReceived (DealStatusOngoing)
> Recv: 2 MiB, Paid 0.00000000000209769 FIL, ClientEventPaymentRequested (DealStatusFundsNeeded)
> Recv: 3 MiB, Paid 0.00000000000209769 FIL, ClientEventBlocksReceived (DealStatusFundsNeeded)
> Recv: 3 MiB, Paid 0.00000000000209769 FIL, ClientEventSendFunds (DealStatusSendFunds)
> Recv: 3 MiB, Paid 0.000000000006291994 FIL, ClientEventPaymentSent (DealStatusOngoing)
> Recv: 4 MiB, Paid 0.000000000006291994 FIL, ClientEventBlocksReceived (DealStatusOngoing)
> Recv: 4 MiB, Paid 0.000000000006291994 FIL, ClientEventLastPaymentRequested (DealStatusFundsNeededLastPayment)
> Recv: 4.769 MiB, Paid 0.000000000006291994 FIL, ClientEventBlocksReceived (DealStatusFundsNeededLastPayment)
> Recv: 4.769 MiB, Paid 0.000000000006291994 FIL, ClientEventAllBlocksReceived (DealStatusSendFundsLastPayment)
> Recv: 4.769 MiB, Paid 0.000000000010000538 FIL, ClientEventPaymentSent (DealStatusFinalizing)
> Recv: 4.769 MiB, Paid 0.000000000010000538 FIL, ClientEventComplete (DealStatusCompleted)
Success
0.10user 0.03system 3:29.13elapsed 0%CPU (0avgtext+0avgdata 39576maxresident)k
0inputs+0outputs (0major+3843minor)pagefaults 0swaps
Skipping ahead

1 wiki.zip.ab.by
t02197-10992 t01593-11764 t069967-15851 t02750-18965 t02014-20482 t01824-21980 t02315-9178 t01827-9990
Already have log for t02197 10992 bafykbzacedh6ob5dy4iyijp72owvu2xwmglw6ogf3nhsxp3swaa3ieesnwggg
Retrieving t01593 11764 bafykbzacedh6ob5dy4iyijp72owvu2xwmglw6ogf3nhsxp3swaa3ieesnwggg
2020-08-24T19:41:14.150Z	[33mWARN[0m	rpc	go-jsonrpc@v0.1.2-0.20200817153016-2ea5cbaf5ec0/client.go:430	unmarshaling failed	{"message": "{\"Err\":\"routing: not found\",\"Root\":null,\"Piece\":null,\"Size\":0,\"MinPrice\":\"\\u003cnil\\u003e\",\"UnsealPrice\":\"\\u003cnil\\u003e\",\"PaymentInterval\":0,\"PaymentIntervalIncrease\":0,\"Miner\":\"t01593\",\"MinerPeer\":{\"Address\":\"t01593\",\"ID\":\"12D3KooWBxQqffcLnrpGGovydDLrPPZsrVtJwgKKyRHAPRAQwaNQ\",\"PieceCID\":null}}"}
ERROR: RPC client error: unmarshaling result: failed to parse big string: '"\u003cnil\u003e"'

Command exited with non-zero status 1
0.04user 0.04system 0:05.29elapsed 1%CPU (0avgtext+0avgdata 37528maxresident)k
0inputs+0outputs (0major+3630minor)pagefaults 0swaps
Skipping ahead

1 wiki.zip.ad.af
t02675-10091 t01708-10999 t02014-12670 t02965-14013 t02197-15931 t096492-17605 t01824-21344 t01699-22077 t02306-8429
Already have log for t02675 10091 bafykbzaced6uvbokmncfp3z7am4xr3rbl6jiidaop2psyh7o2qntclgwrolna
Retrieving t01708 10999 bafykbzaced6uvbokmncfp3z7am4xr3rbl6jiidaop2psyh7o2qntclgwrolna
> Recv: 0 B, Paid 0 FIL, ClientEventOpen (DealStatusNew)
> Recv: 0 B, Paid 0 FIL, ClientEventDealProposed (DealStatusWaitForAcceptance)
> Recv: 0 B, Paid 0 FIL, ClientEventDealAccepted (DealStatusAccepted)
> Recv: 0 B, Paid 0 FIL, ClientEventPaymentChannelAddingFunds (DealStatusPaymentChannelAddingFunds)
> Recv: 0 B, Paid 0 FIL, ClientEventPaymentChannelReady (DealStatusOngoing)
