1 wiki.zip.aa.aa
2 wiki.zip.aa.ab
3 wiki.zip.aa.ac
4 wiki.zip.aa.ad
5 wiki.zip.aa.ae
6 wiki.zip.aa.af
7 wiki.zip.aa.ag
8 wiki.zip.aa.ah
9 wiki.zip.aa.ai
10 wiki.zip.aa.aj
11 wiki.zip.aa.ak
12 wiki.zip.aa.al
13 wiki.zip.aa.am
14 wiki.zip.aa.an
15 wiki.zip.aa.ao
16 wiki.zip.aa.ap
17 wiki.zip.aa.aq
18 wiki.zip.aa.ar
19 wiki.zip.aa.as
20 wiki.zip.aa.at
21 wiki.zip.aa.au
22 wiki.zip.aa.av
23 wiki.zip.aa.aw
24 wiki.zip.aa.ax
25 wiki.zip.aa.ay
26 wiki.zip.aa.az
27 wiki.zip.aa.ba
28 wiki.zip.aa.bb
29 wiki.zip.aa.bc
30 wiki.zip.aa.bd
31 wiki.zip.aa.be
32 wiki.zip.aa.bf
33 wiki.zip.aa.bg
34 wiki.zip.aa.bh
35 wiki.zip.aa.bi
36 wiki.zip.aa.bj
37 wiki.zip.aa.bk
38 wiki.zip.aa.bl
39 wiki.zip.aa.bm
40 wiki.zip.aa.bn
41 wiki.zip.aa.bo
42 wiki.zip.aa.bp
43 wiki.zip.aa.bq
44 wiki.zip.aa.br
45 wiki.zip.aa.bs
46 wiki.zip.aa.bt
47 wiki.zip.aa.bu
48 wiki.zip.aa.bv
49 wiki.zip.aa.bw
50 wiki.zip.aa.bx
51 wiki.zip.aa.by
52 wiki.zip.aa.bz
53 wiki.zip.aa.ca
54 wiki.zip.ab.aa
55 wiki.zip.ab.ab
56 wiki.zip.ab.ac
57 wiki.zip.ab.ad
58 wiki.zip.ab.ae
59 wiki.zip.ab.af
60 wiki.zip.ab.ag
61 wiki.zip.ab.ah
62 wiki.zip.ab.ai
63 wiki.zip.ab.aj
64 wiki.zip.ab.ak
65 wiki.zip.ab.al
66 wiki.zip.ab.am
67 wiki.zip.ab.an
68 wiki.zip.ab.ao
69 wiki.zip.ab.ap
70 wiki.zip.ab.aq
71 wiki.zip.ab.ar
72 wiki.zip.ab.as
73 wiki.zip.ab.at
74 wiki.zip.ab.au
75 wiki.zip.ab.av
76 wiki.zip.ab.aw
77 wiki.zip.ab.ax
78 wiki.zip.ab.ay
79 wiki.zip.ab.az
80 wiki.zip.ab.ba
81 wiki.zip.ab.bb
82 wiki.zip.ab.bc
83 wiki.zip.ab.bd
84 wiki.zip.ab.be
85 wiki.zip.ab.bf
86 wiki.zip.ab.bg
87 wiki.zip.ab.bh
88 wiki.zip.ab.bi
89 wiki.zip.ab.bj
90 wiki.zip.ab.bk
91 wiki.zip.ab.bl
92 wiki.zip.ab.bm
93 wiki.zip.ab.bn
94 wiki.zip.ab.bo
95 wiki.zip.ab.bp
96 wiki.zip.ab.bq
97 wiki.zip.ab.br
98 wiki.zip.ab.bs
99 wiki.zip.ab.bt
100 wiki.zip.ab.bu
101 wiki.zip.ab.bv
102 wiki.zip.ab.bw
103 wiki.zip.ab.bx
104 wiki.zip.ab.by
105 wiki.zip.ab.bz
106 wiki.zip.ab.ca
107 wiki.zip.ac.aa
108 wiki.zip.ac.ab
109 wiki.zip.ac.ac
110 wiki.zip.ac.ad
111 wiki.zip.ac.ae
112 wiki.zip.ac.af
113 wiki.zip.ac.ag
114 wiki.zip.ac.ah
115 wiki.zip.ac.ai
116 wiki.zip.ac.aj
117 wiki.zip.ac.ak
118 wiki.zip.ac.al
119 wiki.zip.ac.am
120 wiki.zip.ac.an
121 wiki.zip.ac.ao
122 wiki.zip.ac.ap
123 wiki.zip.ac.aq
124 wiki.zip.ac.ar
125 wiki.zip.ac.as
126 wiki.zip.ac.at
127 wiki.zip.ac.au
128 wiki.zip.ac.av
129 wiki.zip.ac.aw
130 wiki.zip.ac.ax
131 wiki.zip.ac.ay
132 wiki.zip.ac.az
133 wiki.zip.ac.ba
134 wiki.zip.ac.bb
135 wiki.zip.ac.bc
136 wiki.zip.ac.bd
137 wiki.zip.ac.be
138 wiki.zip.ac.bf
139 wiki.zip.ac.bg
140 wiki.zip.ac.bh
141 wiki.zip.ac.bi
142 wiki.zip.ac.bj
143 wiki.zip.ac.bk
144 wiki.zip.ac.bl
145 wiki.zip.ac.bm
146 wiki.zip.ac.bn
147 wiki.zip.ac.bo
148 wiki.zip.ac.bp
149 wiki.zip.ac.bq
150 wiki.zip.ac.br
151 wiki.zip.ac.bs
152 wiki.zip.ac.bt
153 wiki.zip.ac.bu
154 wiki.zip.ac.bv
155 wiki.zip.ac.bw
156 wiki.zip.ac.bx
157 wiki.zip.ac.by
158 wiki.zip.ac.bz
159 wiki.zip.ac.ca
160 wiki.zip.ad.aa
161 wiki.zip.ad.ab
162 wiki.zip.ad.ac
163 wiki.zip.ad.ad
164 wiki.zip.ad.ae
165 wiki.zip.ad.af
166 wiki.zip.ad.ag
167 wiki.zip.ad.ah
168 wiki.zip.ad.ai
169 wiki.zip.ad.aj
170 wiki.zip.ad.ak
171 wiki.zip.ad.al
172 wiki.zip.ad.am
173 wiki.zip.ad.an
174 wiki.zip.ad.ao
175 wiki.zip.ad.ap
176 wiki.zip.ad.aq
177 wiki.zip.ad.ar
178 wiki.zip.ad.as
179 wiki.zip.ad.at
180 wiki.zip.ad.au
181 wiki.zip.ad.av
182 wiki.zip.ad.aw
183 wiki.zip.ad.ax
184 wiki.zip.ad.ay
185 wiki.zip.ad.az
186 wiki.zip.ad.ba
187 wiki.zip.ad.bb
188 wiki.zip.ad.bc
189 wiki.zip.ad.bd
190 wiki.zip.ad.be
191 wiki.zip.ad.bf
192 wiki.zip.ad.bg
193 wiki.zip.ad.bh
194 wiki.zip.ad.bi
195 wiki.zip.ad.bj
196 wiki.zip.ad.bk
197 wiki.zip.ad.bl
198 wiki.zip.ad.bm
199 wiki.zip.ad.bn
200 wiki.zip.ad.bo
201 wiki.zip.ad.bp
202 wiki.zip.ad.bq
203 wiki.zip.ad.br
204 wiki.zip.ad.bs
205 wiki.zip.ad.bt
206 wiki.zip.ad.bu
207 wiki.zip.ad.bv
208 wiki.zip.ad.bw
209 wiki.zip.ad.bx
210 wiki.zip.ad.by
211 wiki.zip.ad.bz
212 wiki.zip.ad.ca
213 wiki.zip.ae.aa
214 wiki.zip.ae.ab
215 wiki.zip.ae.ac
216 wiki.zip.ae.ad
217 wiki.zip.ae.ae
218 wiki.zip.ae.af
219 wiki.zip.ae.ag
220 wiki.zip.ae.ah
221 wiki.zip.ae.ai
222 wiki.zip.ae.aj
223 wiki.zip.ae.ak
224 wiki.zip.ae.al
225 wiki.zip.ae.am
226 wiki.zip.ae.an
227 wiki.zip.ae.ao
228 wiki.zip.ae.ap
229 wiki.zip.ae.aq
230 wiki.zip.ae.ar
231 wiki.zip.ae.as
232 wiki.zip.ae.at
233 wiki.zip.ae.au
234 wiki.zip.ae.av
235 wiki.zip.ae.aw
236 wiki.zip.ae.ax
237 wiki.zip.ae.ay
238 wiki.zip.ae.az
239 wiki.zip.ae.ba
240 wiki.zip.ae.bb
241 wiki.zip.ae.bc
242 wiki.zip.ae.bd
243 wiki.zip.ae.be
244 wiki.zip.ae.bf
245 wiki.zip.ae.bg
246 wiki.zip.ae.bh
247 wiki.zip.ae.bi
248 wiki.zip.ae.bj
249 wiki.zip.ae.bk
250 wiki.zip.ae.bl
251 wiki.zip.ae.bm
252 wiki.zip.ae.bn
253 wiki.zip.ae.bo
254 wiki.zip.ae.bp
255 wiki.zip.ae.bq
256 wiki.zip.ae.br
257 wiki.zip.ae.bs
258 wiki.zip.ae.bt
259 wiki.zip.ae.bu
260 wiki.zip.ae.bv
261 wiki.zip.ae.bw
262 wiki.zip.ae.bx
263 wiki.zip.ae.by
264 wiki.zip.ae.bz
265 wiki.zip.ae.ca
266 wiki.zip.af.aa
267 wiki.zip.af.ab
268 wiki.zip.af.ac
269 wiki.zip.af.ad
270 wiki.zip.af.ae
271 wiki.zip.af.af
272 wiki.zip.af.ag
273 wiki.zip.af.ah
274 wiki.zip.af.ai
275 wiki.zip.af.aj
276 wiki.zip.af.ak
277 wiki.zip.af.al
278 wiki.zip.af.am
279 wiki.zip.af.an
280 wiki.zip.af.ao
281 wiki.zip.af.ap
282 wiki.zip.af.aq
283 wiki.zip.af.ar
284 wiki.zip.af.as
285 wiki.zip.af.at
286 wiki.zip.af.au
287 wiki.zip.af.av
288 wiki.zip.af.aw
289 wiki.zip.af.ax
290 wiki.zip.af.ay
291 wiki.zip.af.az
292 wiki.zip.af.ba
293 wiki.zip.af.bb
294 wiki.zip.af.bc
295 wiki.zip.af.bd
296 wiki.zip.af.be
297 wiki.zip.af.bf
298 wiki.zip.af.bg
299 wiki.zip.af.bh
300 wiki.zip.af.bi
301 wiki.zip.af.bj
302 wiki.zip.af.bk
303 wiki.zip.af.bl
304 wiki.zip.af.bm
305 wiki.zip.af.bn
306 wiki.zip.af.bo
307 wiki.zip.af.bp
308 wiki.zip.af.bq
309 wiki.zip.af.br
310 wiki.zip.af.bs
311 wiki.zip.af.bt
312 wiki.zip.af.bu
313 wiki.zip.af.bv
314 wiki.zip.af.bw
315 wiki.zip.af.bx
316 wiki.zip.af.by
317 wiki.zip.af.bz
318 wiki.zip.af.ca
319 wiki.zip.ag.aa
320 wiki.zip.ag.ab
321 wiki.zip.ag.ac
322 wiki.zip.ag.ad
323 wiki.zip.ag.ae
324 wiki.zip.ag.af
325 wiki.zip.ag.ag
326 wiki.zip.ag.ah
327 wiki.zip.ag.ai
328 wiki.zip.ag.aj
329 wiki.zip.ag.ak
330 wiki.zip.ag.al
331 wiki.zip.ag.am
332 wiki.zip.ag.an
333 wiki.zip.ag.ao
334 wiki.zip.ag.ap
335 wiki.zip.ag.aq
336 wiki.zip.ag.ar
337 wiki.zip.ag.as
338 wiki.zip.ag.at
339 wiki.zip.ag.au
340 wiki.zip.ag.av
341 wiki.zip.ag.aw
342 wiki.zip.ag.ax
343 wiki.zip.ag.ay
344 wiki.zip.ag.az
345 wiki.zip.ag.ba
346 wiki.zip.ag.bb
347 wiki.zip.ag.bc
348 wiki.zip.ag.bd
349 wiki.zip.ag.be
350 wiki.zip.ag.bf
351 wiki.zip.ag.bg
352 wiki.zip.ag.bh
353 wiki.zip.ag.bi
354 wiki.zip.ag.bj
355 wiki.zip.ag.bk
356 wiki.zip.ag.bl
357 wiki.zip.ag.bm
358 wiki.zip.ag.bn
359 wiki.zip.ag.bo
360 wiki.zip.ag.bp
361 wiki.zip.ag.bq
362 wiki.zip.ag.br
363 wiki.zip.ag.bs
364 wiki.zip.ag.bt
365 wiki.zip.ag.bu
366 wiki.zip.ag.bv
367 wiki.zip.ag.bw
368 wiki.zip.ag.bx
369 wiki.zip.ag.by
370 wiki.zip.ag.bz
371 wiki.zip.ag.ca
372 wiki.zip.ah.aa
373 wiki.zip.ah.ab
374 wiki.zip.ah.ac
375 wiki.zip.ah.ad
376 wiki.zip.ah.ae
377 wiki.zip.ah.af
378 wiki.zip.ah.ag
379 wiki.zip.ah.ah
380 wiki.zip.ah.ai
381 wiki.zip.ah.aj
382 wiki.zip.ah.ak
383 wiki.zip.ah.al
384 wiki.zip.ah.am
385 wiki.zip.ah.an
386 wiki.zip.ah.ao
387 wiki.zip.ah.ap
388 wiki.zip.ah.aq
389 wiki.zip.ah.ar
390 wiki.zip.ah.as
391 wiki.zip.ah.at
392 wiki.zip.ah.au
393 wiki.zip.ah.av
394 wiki.zip.ah.aw
395 wiki.zip.ah.ax
396 wiki.zip.ah.ay
397 wiki.zip.ah.az
398 wiki.zip.ah.ba
399 wiki.zip.ah.bb
400 wiki.zip.ah.bc
401 wiki.zip.ah.bd
402 wiki.zip.ah.be
403 wiki.zip.ah.bf
404 wiki.zip.ah.bg
405 wiki.zip.ah.bh
406 wiki.zip.ah.bi
407 wiki.zip.ah.bj
408 wiki.zip.ah.bk
409 wiki.zip.ah.bl
410 wiki.zip.ah.bm
411 wiki.zip.ah.bn
412 wiki.zip.ah.bo
413 wiki.zip.ah.bp
414 wiki.zip.ah.bq
415 wiki.zip.ah.br
416 wiki.zip.ah.bs
417 wiki.zip.ah.bt
418 wiki.zip.ah.bu
419 wiki.zip.ah.bv
420 wiki.zip.ah.bw
421 wiki.zip.ah.bx
422 wiki.zip.ah.by
423 wiki.zip.ah.bz
424 wiki.zip.ah.ca
425 wiki.zip.ai.aa
426 wiki.zip.ai.ab
427 wiki.zip.ai.ac
428 wiki.zip.ai.ad
429 wiki.zip.ai.ae
430 wiki.zip.ai.af
431 wiki.zip.ai.ag
432 wiki.zip.ai.ah
433 wiki.zip.ai.ai
434 wiki.zip.ai.aj
435 wiki.zip.ai.ak
436 wiki.zip.ai.al
437 wiki.zip.ai.am
438 wiki.zip.ai.an
439 wiki.zip.ai.ao
440 wiki.zip.ai.ap
441 wiki.zip.ai.aq
442 wiki.zip.ai.ar
443 wiki.zip.ai.as
444 wiki.zip.ai.at
445 wiki.zip.ai.au
446 wiki.zip.ai.av
447 wiki.zip.ai.aw
448 wiki.zip.ai.ax
449 wiki.zip.ai.ay
450 wiki.zip.ai.az
451 wiki.zip.ai.ba
452 wiki.zip.ai.bb
453 wiki.zip.ai.bc
454 wiki.zip.ai.bd
455 wiki.zip.ai.be
456 wiki.zip.ai.bf
457 wiki.zip.ai.bg
458 wiki.zip.ai.bh
459 wiki.zip.ai.bi
460 wiki.zip.ai.bj
461 wiki.zip.ai.bk
462 wiki.zip.ai.bl
463 wiki.zip.ai.bm
464 wiki.zip.ai.bn
465 wiki.zip.ai.bo
466 wiki.zip.ai.bp
467 wiki.zip.ai.bq
468 wiki.zip.ai.br
469 wiki.zip.ai.bs
470 wiki.zip.ai.bt
471 wiki.zip.ai.bu
472 wiki.zip.ai.bv
473 wiki.zip.ai.bw
474 wiki.zip.ai.bx
475 wiki.zip.ai.by
476 wiki.zip.ai.bz
477 wiki.zip.ai.ca
478 wiki.zip.aj.aa
479 wiki.zip.aj.ab
480 wiki.zip.aj.ac
481 wiki.zip.aj.ad
482 wiki.zip.aj.ae
483 wiki.zip.aj.af
484 wiki.zip.aj.ag
485 wiki.zip.aj.ah
486 wiki.zip.aj.ai
487 wiki.zip.aj.aj
488 wiki.zip.aj.ak
489 wiki.zip.aj.al
490 wiki.zip.aj.am
491 wiki.zip.aj.an
492 wiki.zip.aj.ao
493 wiki.zip.aj.ap
494 wiki.zip.aj.aq
495 wiki.zip.aj.ar
496 wiki.zip.aj.as
497 wiki.zip.aj.at
498 wiki.zip.aj.au
499 wiki.zip.aj.av
500 wiki.zip.aj.aw
501 wiki.zip.aj.ax
502 wiki.zip.aj.ay
503 wiki.zip.aj.az
504 wiki.zip.aj.ba
505 wiki.zip.aj.bb
506 wiki.zip.aj.bc
507 wiki.zip.aj.bd
508 wiki.zip.aj.be
509 wiki.zip.aj.bf
510 wiki.zip.aj.bg
511 wiki.zip.aj.bh
512 wiki.zip.aj.bi
513 wiki.zip.aj.bj
514 wiki.zip.aj.bk
515 wiki.zip.aj.bl
516 wiki.zip.aj.bm
517 wiki.zip.aj.bn
518 wiki.zip.aj.bo
519 wiki.zip.aj.bp
520 wiki.zip.aj.bq
521 wiki.zip.aj.br
522 wiki.zip.aj.bs
523 wiki.zip.aj.bt
524 wiki.zip.aj.bu
525 wiki.zip.aj.bv
526 wiki.zip.aj.bw
527 wiki.zip.aj.bx
528 wiki.zip.aj.by
529 wiki.zip.aj.bz
530 wiki.zip.aj.ca
531 wiki.zip.ak.aa
532 wiki.zip.ak.ab
533 wiki.zip.ak.ac
534 wiki.zip.ak.ad
535 wiki.zip.ak.ae
536 wiki.zip.ak.af
537 wiki.zip.ak.ag
538 wiki.zip.ak.ah
539 wiki.zip.ak.ai
540 wiki.zip.ak.aj
541 wiki.zip.ak.ak
542 wiki.zip.ak.al
543 wiki.zip.ak.am
544 wiki.zip.ak.an
545 wiki.zip.ak.ao
546 wiki.zip.ak.ap
547 wiki.zip.ak.aq
548 wiki.zip.ak.ar
549 wiki.zip.ak.as
550 wiki.zip.ak.at
551 wiki.zip.ak.au
552 wiki.zip.ak.av
553 wiki.zip.ak.aw
554 wiki.zip.ak.ax
555 wiki.zip.ak.ay
556 wiki.zip.ak.az
557 wiki.zip.ak.ba
558 wiki.zip.ak.bb
559 wiki.zip.ak.bc
560 wiki.zip.ak.bd
561 wiki.zip.ak.be
562 wiki.zip.ak.bf
563 wiki.zip.ak.bg
564 wiki.zip.ak.bh
565 wiki.zip.ak.bi
566 wiki.zip.ak.bj
567 wiki.zip.ak.bk
568 wiki.zip.ak.bl
569 wiki.zip.ak.bm
570 wiki.zip.ak.bn
571 wiki.zip.ak.bo
572 wiki.zip.ak.bp
573 wiki.zip.ak.bq
574 wiki.zip.ak.br
575 wiki.zip.ak.bs
576 wiki.zip.ak.bt
577 wiki.zip.ak.bu
578 wiki.zip.ak.bv
579 wiki.zip.ak.bw
580 wiki.zip.ak.bx
581 wiki.zip.ak.by
582 wiki.zip.ak.bz
583 wiki.zip.ak.ca
584 wiki.zip.al.aa
585 wiki.zip.al.ab
586 wiki.zip.al.ac
587 wiki.zip.al.ad
588 wiki.zip.al.ae
589 wiki.zip.al.af
590 wiki.zip.al.ag
591 wiki.zip.al.ah
592 wiki.zip.al.ai
593 wiki.zip.al.aj
594 wiki.zip.al.ak
595 wiki.zip.al.al
596 wiki.zip.al.am
597 wiki.zip.al.an
598 wiki.zip.al.ao
599 wiki.zip.al.ap
600 wiki.zip.al.aq
601 wiki.zip.al.ar
602 wiki.zip.al.as
603 wiki.zip.al.at
604 wiki.zip.al.au
605 wiki.zip.al.av
606 wiki.zip.al.aw
607 wiki.zip.al.ax
608 wiki.zip.al.ay
609 wiki.zip.al.az
610 wiki.zip.al.ba
611 wiki.zip.al.bb
612 wiki.zip.al.bc
613 wiki.zip.al.bd
614 wiki.zip.al.be
615 wiki.zip.al.bf
616 wiki.zip.al.bg
617 wiki.zip.al.bh
618 wiki.zip.al.bi
619 wiki.zip.al.bj
620 wiki.zip.al.bk
621 wiki.zip.al.bl
622 wiki.zip.al.bm
623 wiki.zip.al.bn
624 wiki.zip.al.bo
625 wiki.zip.al.bp
626 wiki.zip.al.bq
627 wiki.zip.al.br
628 wiki.zip.al.bs
629 wiki.zip.al.bt
630 wiki.zip.al.bu
631 wiki.zip.al.bv
632 wiki.zip.al.bw
633 wiki.zip.al.bx
634 wiki.zip.al.by
635 wiki.zip.al.bz
636 wiki.zip.al.ca
637 wiki.zip.am.aa
638 wiki.zip.am.ab
639 wiki.zip.am.ac
640 wiki.zip.am.ad
641 wiki.zip.am.ae
642 wiki.zip.am.af
643 wiki.zip.am.ag
644 wiki.zip.am.ah
645 wiki.zip.am.ai
646 wiki.zip.am.aj
647 wiki.zip.am.ak
648 wiki.zip.am.al
649 wiki.zip.am.am
650 wiki.zip.am.an
651 wiki.zip.am.ao
652 wiki.zip.am.ap
653 wiki.zip.am.aq
654 wiki.zip.am.ar
655 wiki.zip.am.as
656 wiki.zip.am.at
657 wiki.zip.am.au
658 wiki.zip.am.av
659 wiki.zip.am.aw
660 wiki.zip.am.ax
661 wiki.zip.am.ay
662 wiki.zip.am.az
663 wiki.zip.am.ba
664 wiki.zip.am.bb
665 wiki.zip.am.bc
666 wiki.zip.am.bd
667 wiki.zip.am.be
668 wiki.zip.am.bf
669 wiki.zip.am.bg
670 wiki.zip.am.bh
671 wiki.zip.am.bi
672 wiki.zip.am.bj
673 wiki.zip.am.bk
674 wiki.zip.am.bl
675 wiki.zip.am.bm
676 wiki.zip.am.bn
677 wiki.zip.am.bo
678 wiki.zip.am.bp
679 wiki.zip.am.bq
680 wiki.zip.am.br
681 wiki.zip.am.bs
682 wiki.zip.am.bt
683 wiki.zip.am.bu
684 wiki.zip.am.bv
685 wiki.zip.am.bw
686 wiki.zip.am.bx
687 wiki.zip.am.by
688 wiki.zip.am.bz
689 wiki.zip.am.ca
690 wiki.zip.an.aa
691 wiki.zip.an.ab
692 wiki.zip.an.ac
693 wiki.zip.an.ad
694 wiki.zip.an.ae
695 wiki.zip.an.af
696 wiki.zip.an.ag
697 wiki.zip.an.ah
removed 'retrievals/t0287838/wiki.zip.ab.aa-t02965-17461-1598295668.log'
removed 'retrievals/t0287838/wiki.zip.ab.aw-t02750-18952-1598295667.log'
removed 'retrievals/t0287838/wiki.zip.ab.bc-t069967-19518-1598295665.log'
removed 'retrievals/t0287838/wiki.zip.ad.at-t03052-11007-1598295662.log'
removed 'retrievals/t0287838/wiki.zip.ad.ax-t01593-10111-1598295663.log'
removed 'retrievals/t0287838/wiki.zip.ad.bg-t02315-10175-1598295673.log'
removed 'retrievals/t0287838/wiki.zip.ae.ac-t01593-15987-1598295667.log'
removed 'retrievals/t0287838/wiki.zip.ae.bm-t02014-17701-1598295663.log'
removed 'retrievals/t0287838/wiki.zip.af.bz-t02674-12781-1598295663.log'
removed 'retrievals/t0287838/wiki.zip.ag.ab-t01827-17787-1598295668.log'
removed 'retrievals/t0287838/wiki.zip.ag.at-t01699-10341-1598295663.log'
removed 'retrievals/t0287838/wiki.zip.ag.bs-t04985-10439-1598295666.log'
removed 'retrievals/t0287838/wiki.zip.ai.ae-t02750-12843-1598295662.log'
removed 'retrievals/t0287838/wiki.zip.ai.af-t01632-11264-1598295676.log'
removed 'retrievals/t0287838/wiki.zip.ai.bh-t02182-10541-1598295664.log'
removed 'retrievals/t0287838/wiki.zip.ak.ar-t01824-10591-1598295665.log'
removed 'retrievals/t0287838/wiki.zip.al.ae-t01632-10642-1598295661.log'
removed 'retrievals/t0287838/wiki.zip.al.bt-t01819-13075-1598295669.log'
removed 'retrievals/t0287838/wiki.zip.am.ap-t01593-16805-1598295663.log'
removed 'retrievals/t0287838/wiki.zip.an.ad-t02965-11566-1598295662.log'
1 wiki.zip.aj.aw
t05025-10560 t01902-11342 t02965-12937 t01593-16562 t02197-20761 t02332-24078 t02306-7979 t02675-8817
Retrieving t05025 10560 bafykbzaceb5pigxnwaznaaorjf6enupg5w6peto6twteuxjspkx5gawdhihc4
2020-08-24T19:01:43.473Z	[33mWARN[0m	rpc	go-jsonrpc@v0.1.2-0.20200817153016-2ea5cbaf5ec0/client.go:430	unmarshaling failed	{"message": "{\"Err\":\"failed to dial 12D3KooWAxA2MbBiS1TNuzAQZwnwLBVsj4exe5PS19w1gn78oqWN: all dials failed\\n  * [/ip4/117.48.133.73/tcp/1348] dial tcp4 0.0.0.0:38923-\\u003e117.48.133.73:1348: i/o timeout\",\"Root\":null,\"Piece\":null,\"Size\":0,\"MinPrice\":\"\\u003cnil\\u003e\",\"UnsealPrice\":\"\\u003cnil\\u003e\",\"PaymentInterval\":0,\"PaymentIntervalIncrease\":0,\"Miner\":\"t05025\",\"MinerPeer\":{\"Address\":\"t05025\",\"ID\":\"12D3KooWAxA2MbBiS1TNuzAQZwnwLBVsj4exe5PS19w1gn78oqWN\",\"PieceCID\":null}}"}
ERROR: RPC client error: unmarshaling result: failed to parse big string: '"\u003cnil\u003e"'

Command exited with non-zero status 1
0.04user 0.03system 0:05.08elapsed 1%CPU (0avgtext+0avgdata 38708maxresident)k
0inputs+0outputs (0major+3715minor)pagefaults 0swaps
Skipping ahead

1 wiki.zip.ae.br
t02674-11897 t02098-16049 t01824-19701 t03052-22153 t02965-22763 t02315-6621 t05036-9369
Already have log for t02674 11897 bafykbzacecfsepmoi2yfpujwoywnrauqqiroxxzufb33a2enc6sbwgym77eee
Retrieving t02098 16049 bafykbzacecfsepmoi2yfpujwoywnrauqqiroxxzufb33a2enc6sbwgym77eee
> Recv: 0 B, Paid 0 FIL, ClientEventOpen (DealStatusNew)
> Recv: 0 B, Paid 0 FIL, ClientEventDealProposed (DealStatusWaitForAcceptance)
> Recv: 0 B, Paid 0 FIL, ClientEventDealAccepted (DealStatusAccepted)
> Recv: 0 B, Paid 0 FIL, ClientEventPaymentChannelAddingFunds (DealStatusPaymentChannelAddingFunds)
> Recv: 269 B, Paid 0 FIL, ClientEventBlocksReceived (DealStatusPaymentChannelAddingFunds)
> Recv: 269 B, Paid 0 FIL, ClientEventPaymentRequested (DealStatusPaymentChannelAddingFunds)
> Recv: 1 MiB, Paid 0 FIL, ClientEventBlocksReceived (DealStatusPaymentChannelAddingFunds)
> Recv: 1 MiB, Paid 0 FIL, ClientEventPaymentChannelReady (DealStatusOngoing)
> Recv: 1 MiB, Paid 0 FIL, ClientEventPaymentRequested (DealStatusFundsNeeded)
> Recv: 1 MiB, Paid 0 FIL, ClientEventSendFunds (DealStatusSendFunds)
> Recv: 1 MiB, Paid 0.00000000000209769 FIL, ClientEventPaymentSent (DealStatusOngoing)
> Recv: 2 MiB, Paid 0.00000000000209769 FIL, ClientEventBlocksReceived (DealStatusOngoing)
> Recv: 2 MiB, Paid 0.00000000000209769 FIL, ClientEventPaymentRequested (DealStatusFundsNeeded)
> Recv: 3 MiB, Paid 0.00000000000209769 FIL, ClientEventBlocksReceived (DealStatusFundsNeeded)
> Recv: 3 MiB, Paid 0.00000000000209769 FIL, ClientEventSendFunds (DealStatusSendFunds)
> Recv: 3 MiB, Paid 0.000000000006291994 FIL, ClientEventPaymentSent (DealStatusOngoing)
> Recv: 4 MiB, Paid 0.000000000006291994 FIL, ClientEventBlocksReceived (DealStatusOngoing)
> Recv: 4 MiB, Paid 0.000000000006291994 FIL, ClientEventLastPaymentRequested (DealStatusFundsNeededLastPayment)
> Recv: 4.769 MiB, Paid 0.000000000006291994 FIL, ClientEventBlocksReceived (DealStatusFundsNeededLastPayment)
> Recv: 4.769 MiB, Paid 0.000000000006291994 FIL, ClientEventAllBlocksReceived (DealStatusSendFundsLastPayment)
> Recv: 4.769 MiB, Paid 0.000000000010000538 FIL, ClientEventPaymentSent (DealStatusFinalizing)
> Recv: 4.769 MiB, Paid 0.000000000010000538 FIL, ClientEventComplete (DealStatusCompleted)
Success
0.05user 0.04system 3:48.12elapsed 0%CPU (0avgtext+0avgdata 38184maxresident)k
0inputs+0outputs (0major+3779minor)pagefaults 0swaps
Skipping ahead

1 wiki.zip.ah.ap
t02306-12018 t02896-16286 t01819-17866 t02965-20657 t02302-21582 t01945-6700 t01632-9492
Retrieving t02306 12018 bafykbzacebjas7lvztgqpvs7zdxve2vqboknto4q5qoq3gchyghi2ixtkhbbq
2020-08-24T19:05:39.776Z	[33mWARN[0m	rpc	go-jsonrpc@v0.1.2-0.20200817153016-2ea5cbaf5ec0/client.go:430	unmarshaling failed	{"message": "{\"Err\":\"failed to dial 12D3KooWE2c5CzRJFbirE8pKSeHuXtQFiWVC5YgfLhY5mobpK4ez: all dials failed\\n  * [/ip4/116.211.58.216/tcp/1579] dial tcp4 0.0.0.0:38923-\\u003e116.211.58.216:1579: i/o timeout\",\"Root\":null,\"Piece\":null,\"Size\":0,\"MinPrice\":\"\\u003cnil\\u003e\",\"UnsealPrice\":\"\\u003cnil\\u003e\",\"PaymentInterval\":0,\"PaymentIntervalIncrease\":0,\"Miner\":\"t02306\",\"MinerPeer\":{\"Address\":\"t02306\",\"ID\":\"12D3KooWE2c5CzRJFbirE8pKSeHuXtQFiWVC5YgfLhY5mobpK4ez\",\"PieceCID\":null}}"}
ERROR: RPC client error: unmarshaling result: failed to parse big string: '"\u003cnil\u003e"'

Command exited with non-zero status 1
0.06user 0.03system 0:05.06elapsed 1%CPU (0avgtext+0avgdata 38044maxresident)k
0inputs+0outputs (0major+3691minor)pagefaults 0swaps
Skipping ahead

1 wiki.zip.ah.aj
t02306-11237 t01945-11995 t02674-14214 t01819-16266 t01824-21576 t02014-9537
Retrieving t02306 11237 bafykbzacebd7u4l3iikvkvzvgzrxste7wlv22myvff2nbg7aabhouszcu2ufi
2020-08-24T19:05:40.905Z	[33mWARN[0m	rpc	go-jsonrpc@v0.1.2-0.20200817153016-2ea5cbaf5ec0/client.go:430	unmarshaling failed	{"message": "{\"Err\":\"dial backoff\",\"Root\":null,\"Piece\":null,\"Size\":0,\"MinPrice\":\"\\u003cnil\\u003e\",\"UnsealPrice\":\"\\u003cnil\\u003e\",\"PaymentInterval\":0,\"PaymentIntervalIncrease\":0,\"Miner\":\"t02306\",\"MinerPeer\":{\"Address\":\"t02306\",\"ID\":\"12D3KooWE2c5CzRJFbirE8pKSeHuXtQFiWVC5YgfLhY5mobpK4ez\",\"PieceCID\":null}}"}
ERROR: RPC client error: unmarshaling result: failed to parse big string: '"\u003cnil\u003e"'

Command exited with non-zero status 1
0.04user 0.04system 0:00.07elapsed 107%CPU (0avgtext+0avgdata 38940maxresident)k
0inputs+0outputs (0major+3723minor)pagefaults 0swaps
Skipping ahead

1 wiki.zip.ac.bi
t01824-10067 t02014-14004 t02750-15893 t01827-17594 t03052-20503 t02249-21328 t01945-22035 t02332-22597 t02206-6557 t01819-9243
Already have log for t01824 10067 bafykbzaceb53zkdyjrrs3da6are5dnhrjqmq5qz2yykif472swtkxw6i4veoo
Already have log for t02014 14004 bafykbzaceb53zkdyjrrs3da6are5dnhrjqmq5qz2yykif472swtkxw6i4veoo
Retrieving t02750 15893 bafykbzaceb53zkdyjrrs3da6are5dnhrjqmq5qz2yykif472swtkxw6i4veoo
> Recv: 0 B, Paid 0 FIL, ClientEventOpen (DealStatusNew)
> Recv: 0 B, Paid 0 FIL, ClientEventDealProposed (DealStatusWaitForAcceptance)
> Recv: 0 B, Paid 0 FIL, ClientEventDealAccepted (DealStatusAccepted)
> Recv: 269 B, Paid 0 FIL, ClientEventBlocksReceived (DealStatusAccepted)
> Recv: 269 B, Paid 0 FIL, ClientEventPaymentRequested (DealStatusAccepted)
> Recv: 1 MiB, Paid 0 FIL, ClientEventBlocksReceived (DealStatusAccepted)
> Recv: 1 MiB, Paid 0 FIL, ClientEventPaymentChannelAddingFunds (DealStatusPaymentChannelAddingFunds)
> Recv: 1 MiB, Paid 0 FIL, ClientEventPaymentChannelReady (DealStatusOngoing)
> Recv: 1 MiB, Paid 0 FIL, ClientEventPaymentRequested (DealStatusFundsNeeded)
> Recv: 1 MiB, Paid 0 FIL, ClientEventSendFunds (DealStatusSendFunds)
> Recv: 1 MiB, Paid 0.00000000000209769 FIL, ClientEventPaymentSent (DealStatusOngoing)
> Recv: 2 MiB, Paid 0.00000000000209769 FIL, ClientEventBlocksReceived (DealStatusOngoing)
> Recv: 2 MiB, Paid 0.00000000000209769 FIL, ClientEventPaymentRequested (DealStatusFundsNeeded)
> Recv: 3 MiB, Paid 0.00000000000209769 FIL, ClientEventBlocksReceived (DealStatusFundsNeeded)
> Recv: 3 MiB, Paid 0.00000000000209769 FIL, ClientEventSendFunds (DealStatusSendFunds)
> Recv: 3 MiB, Paid 0.000000000006291994 FIL, ClientEventPaymentSent (DealStatusOngoing)
> Recv: 4 MiB, Paid 0.000000000006291994 FIL, ClientEventBlocksReceived (DealStatusOngoing)
> Recv: 4.769 MiB, Paid 0.000000000006291994 FIL, ClientEventBlocksReceived (DealStatusOngoing)
> Recv: 4.769 MiB, Paid 0.000000000006291994 FIL, ClientEventAllBlocksReceived (DealStatusBlocksComplete)
> Recv: 4.769 MiB, Paid 0.000000000006291994 FIL, ClientEventLastPaymentRequested (DealStatusSendFundsLastPayment)
> Recv: 4.769 MiB, Paid 0.000000000010000538 FIL, ClientEventPaymentSent (DealStatusFinalizing)
> Recv: 4.769 MiB, Paid 0.000000000010000538 FIL, ClientEventComplete (DealStatusCompleted)
Success
0.10user 0.07system 7:17.80elapsed 0%CPU (0avgtext+0avgdata 38876maxresident)k
0inputs+0outputs (0major+3750minor)pagefaults 0swaps
Skipping ahead

1 wiki.zip.ah.ai
t02014-10402 t01945-11243 t02554-11997 t02965-17857 t02004-20658 t02810-21569 t01827-22281 t02306-6202 t01824-8707 t01909-9526
Already have log for t02014 10402 bafykbzacedgbya2qnz6anwpn7tzbp4ur2lerrqkrrnbqitecf5bb4dyeyq33g
Already have log for t01945 11243 bafykbzacedgbya2qnz6anwpn7tzbp4ur2lerrqkrrnbqitecf5bb4dyeyq33g
Retrieving t02554 11997 bafykbzacedgbya2qnz6anwpn7tzbp4ur2lerrqkrrnbqitecf5bb4dyeyq33g
> Recv: 0 B, Paid 0 FIL, ClientEventOpen (DealStatusNew)
> Recv: 0 B, Paid 0 FIL, ClientEventDealProposed (DealStatusWaitForAcceptance)
> Recv: 0 B, Paid 0 FIL, ClientEventDataTransferError (DealStatusErrored)
> Recv: 0 B, Paid 0 FIL, ClientEventOpen (DealStatusNew)
ERROR: retrieval failed: Retrieve: Retrieval Error: error generated by data transfer: deal data transfer failed: Response Rejected

Command exited with non-zero status 1
0.06user 0.03system 0:00.64elapsed 14%CPU (0avgtext+0avgdata 38684maxresident)k
0inputs+0outputs (0major+3762minor)pagefaults 0swaps
Skipping ahead

1 wiki.zip.ad.bs
t01591-10176 t01819-11070 t02750-15984 t02014-20538 t02098-21393 t096605-22110 t01902-9302
Retrieving t01591 10176 bafykbzacec3abetn2eg7le6j7l5mdsrusk56usu6kwfswnhrgm6e7d5sqwrzg
2020-08-24T19:13:11.367Z	[33mWARN[0m	rpc	go-jsonrpc@v0.1.2-0.20200817153016-2ea5cbaf5ec0/client.go:430	unmarshaling failed	{"message": "{\"Err\":\"routing: not found\",\"Root\":null,\"Piece\":null,\"Size\":0,\"MinPrice\":\"\\u003cnil\\u003e\",\"UnsealPrice\":\"\\u003cnil\\u003e\",\"PaymentInterval\":0,\"PaymentIntervalIncrease\":0,\"Miner\":\"t01591\",\"MinerPeer\":{\"Address\":\"t01591\",\"ID\":\"12D3KooWM8xf4aUWZG7G8d3pmWeWovbviHGJR1NK28gQxcBj4Cqg\",\"PieceCID\":null}}"}
ERROR: RPC client error: unmarshaling result: failed to parse big string: '"\u003cnil\u003e"'

Command exited with non-zero status 1
0.07user 0.01system 0:04.78elapsed 1%CPU (0avgtext+0avgdata 37468maxresident)k
0inputs+0outputs (0major+3598minor)pagefaults 0swaps
Skipping ahead

1 wiki.zip.aj.ar
t02302-10551 t02674-11364 t01824-12079 t02750-20751 t02556-21724 t01902-22413 t02315-6330 t02981-8865 t02896-9671
Retrieving t02302 10551 bafykbzacebftsxmc4d4w3yhrsqyysqpn4zhbc5k7ytc5lpaydteogs7epadh4
2020-08-24T19:13:22.564Z	[33mWARN[0m	rpc	go-jsonrpc@v0.1.2-0.20200817153016-2ea5cbaf5ec0/client.go:430	unmarshaling failed	{"message": "{\"Err\":\"routing: not found\",\"Root\":null,\"Piece\":null,\"Size\":0,\"MinPrice\":\"\\u003cnil\\u003e\",\"UnsealPrice\":\"\\u003cnil\\u003e\",\"PaymentInterval\":0,\"PaymentIntervalIncrease\":0,\"Miner\":\"t02302\",\"MinerPeer\":{\"Address\":\"t02302\",\"ID\":\"12D3KooWNw1a5jM1nQKVw6b6FFLMyZQKnqeQpEeKXYNUMmbWpTFZ\",\"PieceCID\":null}}"}
ERROR: RPC client error: unmarshaling result: failed to parse big string: '"\u003cnil\u003e"'

Command exited with non-zero status 1
0.06user 0.03system 0:10.14elapsed 0%CPU (0avgtext+0avgdata 38004maxresident)k
0inputs+0outputs (0major+3700minor)pagefaults 0swaps
Skipping ahead

1 wiki.zip.ab.br
t02263-10014 t02675-10930 t03052-11786 t01824-12631 t02306-15832 t02197-17546 t02014-21274 t01945-22555 t01819-5940 t02098-8408 t01743-9269
Already have log for t02263 10014 bafykbzacedhhp5chhyuewhnq24oacsebcetl7joewn2npiujyuvntwgqbao7u
Already have log for t02675 10930 bafykbzacedhhp5chhyuewhnq24oacsebcetl7joewn2npiujyuvntwgqbao7u
Already have log for t03052 11786 bafykbzacedhhp5chhyuewhnq24oacsebcetl7joewn2npiujyuvntwgqbao7u
Retrieving t01824 12631 bafykbzacedhhp5chhyuewhnq24oacsebcetl7joewn2npiujyuvntwgqbao7u
2020-08-24T19:13:27.354Z	[33mWARN[0m	rpc	go-jsonrpc@v0.1.2-0.20200817153016-2ea5cbaf5ec0/client.go:430	unmarshaling failed	{"message": "{\"Err\":\"failed to dial 12D3KooWAcAC6hESHLkndpbpp3cNsHHCGP3K4WBi5sn1FU6nbZwh: all dials failed\\n  * [/ip4/101.206.156.202/tcp/18880] failed to negotiate security protocol: read tcp4 66.70.191.245:38923-\\u003e101.206.156.202:18880: read: connection reset by peer\",\"Root\":null,\"Piece\":null,\"Size\":0,\"MinPrice\":\"\\u003cnil\\u003e\",\"UnsealPrice\":\"\\u003cnil\\u003e\",\"PaymentInterval\":0,\"PaymentIntervalIncrease\":0,\"Miner\":\"t01824\",\"MinerPeer\":{\"Address\":\"t01824\",\"ID\":\"12D3KooWAcAC6hESHLkndpbpp3cNsHHCGP3K4WBi5sn1FU6nbZwh\",\"PieceCID\":null}}"}
ERROR: RPC client error: unmarshaling result: failed to parse big string: '"\u003cnil\u003e"'

Command exited with non-zero status 1
0.07user 0.02system 0:00.67elapsed 14%CPU (0avgtext+0avgdata 39232maxresident)k
0inputs+0outputs (0major+3791minor)pagefaults 0swaps
Skipping ahead

1 wiki.zip.am.ar
t02306-10782 t01819-13089 t01699-16810 t01945-18296 t01824-19470 t02896-20892 t01902-21881 t02263-6951 t02965-9079 t02014-9849
Already have log for t02306 10782 bafykbzacec2n4cloukrjsk6sjo7dcafoylv3mcpmc77nonr7tbf6vde66z6ya
Already have log for t01819 13089 bafykbzacec2n4cloukrjsk6sjo7dcafoylv3mcpmc77nonr7tbf6vde66z6ya
Already have log for t01699 16810 bafykbzacec2n4cloukrjsk6sjo7dcafoylv3mcpmc77nonr7tbf6vde66z6ya
Retrieving t01945 18296 bafykbzacec2n4cloukrjsk6sjo7dcafoylv3mcpmc77nonr7tbf6vde66z6ya
> Recv: 0 B, Paid 0 FIL, ClientEventOpen (DealStatusNew)
> Recv: 0 B, Paid 0 FIL, ClientEventDealProposed (DealStatusWaitForAcceptance)
> Recv: 0 B, Paid 0 FIL, ClientEventDealAccepted (DealStatusAccepted)
> Recv: 269 B, Paid 0 FIL, ClientEventBlocksReceived (DealStatusAccepted)
> Recv: 269 B, Paid 0 FIL, ClientEventPaymentRequested (DealStatusAccepted)
> Recv: 1 MiB, Paid 0 FIL, ClientEventBlocksReceived (DealStatusAccepted)
> Recv: 1 MiB, Paid 0 FIL, ClientEventPaymentChannelAddingFunds (DealStatusPaymentChannelAddingFunds)
> Recv: 1 MiB, Paid 0 FIL, ClientEventPaymentChannelReady (DealStatusOngoing)
> Recv: 1 MiB, Paid 0 FIL, ClientEventPaymentRequested (DealStatusFundsNeeded)
> Recv: 1 MiB, Paid 0 FIL, ClientEventSendFunds (DealStatusSendFunds)
> Recv: 1 MiB, Paid 0.00000000000209769 FIL, ClientEventPaymentSent (DealStatusOngoing)
> Recv: 2 MiB, Paid 0.00000000000209769 FIL, ClientEventBlocksReceived (DealStatusOngoing)
> Recv: 2 MiB, Paid 0.00000000000209769 FIL, ClientEventPaymentRequested (DealStatusFundsNeeded)
> Recv: 3 MiB, Paid 0.00000000000209769 FIL, ClientEventBlocksReceived (DealStatusFundsNeeded)
> Recv: 3 MiB, Paid 0.00000000000209769 FIL, ClientEventSendFunds (DealStatusSendFunds)
> Recv: 3 MiB, Paid 0.000000000006291994 FIL, ClientEventPaymentSent (DealStatusOngoing)
> Recv: 4 MiB, Paid 0.000000000006291994 FIL, ClientEventBlocksReceived (DealStatusOngoing)
> Recv: 4 MiB, Paid 0.000000000006291994 FIL, ClientEventLastPaymentRequested (DealStatusFundsNeededLastPayment)
> Recv: 4.769 MiB, Paid 0.000000000006291994 FIL, ClientEventBlocksReceived (DealStatusFundsNeededLastPayment)
> Recv: 4.769 MiB, Paid 0.000000000006291994 FIL, ClientEventAllBlocksReceived (DealStatusSendFundsLastPayment)
> Recv: 4.769 MiB, Paid 0.000000000010000538 FIL, ClientEventPaymentSent (DealStatusFinalizing)
> Recv: 4.769 MiB, Paid 0.000000000010000538 FIL, ClientEventComplete (DealStatusCompleted)
Success
0.08user 0.06system 7:36.85elapsed 0%CPU (0avgtext+0avgdata 38056maxresident)k
0inputs+0outputs (0major+3869minor)pagefaults 0swaps
Skipping ahead

1 wiki.zip.af.bl
t02896-10349 t02014-12762 t02004-16114 t01824-19723 t02197-20613 t01945-21497 t01819-8647 t04985-9407
Already have log for t02896 10349 bafykbzacea2msvjoeoil36f6kxgwepuak2b6vokvhbcemag4yye7hevovl2we
Retrieving t02014 12762 bafykbzacea2msvjoeoil36f6kxgwepuak2b6vokvhbcemag4yye7hevovl2we
> Recv: 0 B, Paid 0 FIL, ClientEventOpen (DealStatusNew)
> Recv: 0 B, Paid 0 FIL, ClientEventDealProposed (DealStatusWaitForAcceptance)
ERROR: retrieval timed out

Command exited with non-zero status 124
0.15user 0.09system 17:00.00elapsed 0%CPU (0avgtext+0avgdata 39516maxresident)k
0inputs+0outputs (0major+4040minor)pagefaults 0swaps
Skipping ahead

1 wiki.zip.ac.br
t01699-15910 t03052-17597 t02306-19042 t02014-19636 t01819-20509 t01593-5979
Retrieving t01699 15910 bafykbzacecyz3wxk4ur7d6uxkkqaj2mwh25uic2pnnbjzmd5olrdpjbzixfti
> Recv: 0 B, Paid 0 FIL, ClientEventOpen (DealStatusNew)
> Recv: 0 B, Paid 0 FIL, ClientEventDealProposed (DealStatusWaitForAcceptance)
> Recv: 0 B, Paid 0 FIL, ClientEventDealAccepted (DealStatusAccepted)
> Recv: 0 B, Paid 0 FIL, ClientEventPaymentChannelAddingFunds (DealStatusPaymentChannelAddingFunds)
> Recv: 269 B, Paid 0 FIL, ClientEventBlocksReceived (DealStatusPaymentChannelAddingFunds)
> Recv: 269 B, Paid 0 FIL, ClientEventPaymentRequested (DealStatusPaymentChannelAddingFunds)
> Recv: 1 MiB, Paid 0 FIL, ClientEventBlocksReceived (DealStatusPaymentChannelAddingFunds)
> Recv: 1 MiB, Paid 0 FIL, ClientEventPaymentChannelReady (DealStatusOngoing)
> Recv: 1 MiB, Paid 0 FIL, ClientEventPaymentRequested (DealStatusFundsNeeded)
> Recv: 1 MiB, Paid 0 FIL, ClientEventSendFunds (DealStatusSendFunds)
> Recv: 1 MiB, Paid 0.00000000000209769 FIL, ClientEventPaymentSent (DealStatusOngoing)
> Recv: 2 MiB, Paid 0.00000000000209769 FIL, ClientEventBlocksReceived (DealStatusOngoing)
> Recv: 2 MiB, Paid 0.00000000000209769 FIL, ClientEventPaymentRequested (DealStatusFundsNeeded)
> Recv: 3 MiB, Paid 0.00000000000209769 FIL, ClientEventBlocksReceived (DealStatusFundsNeeded)
> Recv: 3 MiB, Paid 0.00000000000209769 FIL, ClientEventSendFunds (DealStatusSendFunds)
> Recv: 3 MiB, Paid 0.000000000006291994 FIL, ClientEventPaymentSent (DealStatusOngoing)
> Recv: 3 MiB, Paid 0.000000000006291994 FIL, ClientEventLastPaymentRequested (DealStatusFundsNeededLastPayment)
> Recv: 4 MiB, Paid 0.000000000006291994 FIL, ClientEventBlocksReceived (DealStatusFundsNeededLastPayment)
> Recv: 4.769 MiB, Paid 0.000000000006291994 FIL, ClientEventBlocksReceived (DealStatusFundsNeededLastPayment)
> Recv: 4.769 MiB, Paid 0.000000000006291994 FIL, ClientEventAllBlocksReceived (DealStatusSendFundsLastPayment)
> Recv: 4.769 MiB, Paid 0.000000000010000538 FIL, ClientEventPaymentSent (DealStatusFinalizing)
> Recv: 4.769 MiB, Paid 0.000000000010000538 FIL, ClientEventComplete (DealStatusCompleted)
Success
0.09user 0.07system 4:20.42elapsed 0%CPU (0avgtext+0avgdata 39000maxresident)k
0inputs+0outputs (0major+3872minor)pagefaults 0swaps
Skipping ahead

1 wiki.zip.aj.bo
t02014-10570 t02981-11400 t01824-12098 t02810-16607 t01945-20767 t02306-6374 t02965-9636
Retrieving t02014 10570 bafykbzacecyg5ovz3eihqyafqtzi3pidng6c7yod4cdy2z7kpxb6lxjfsjpna
> Recv: 0 B, Paid 0 FIL, ClientEventOpen (DealStatusNew)
> Recv: 0 B, Paid 0 FIL, ClientEventDealProposed (DealStatusWaitForAcceptance)
> Recv: 0 B, Paid 0 FIL, ClientEventOpen (DealStatusNew)
> Recv: 0 B, Paid 0 FIL, ClientEventDealProposed (DealStatusWaitForAcceptance)
> Recv: 0 B, Paid 0 FIL, ClientEventDealAccepted (DealStatusAccepted)
> Recv: 0 B, Paid 0 FIL, ClientEventPaymentChannelAddingFunds (DealStatusPaymentChannelAddingFunds)
> Recv: 269 B, Paid 0 FIL, ClientEventBlocksReceived (DealStatusPaymentChannelAddingFunds)
> Recv: 269 B, Paid 0 FIL, ClientEventPaymentRequested (DealStatusPaymentChannelAddingFunds)
> Recv: 1 MiB, Paid 0 FIL, ClientEventBlocksReceived (DealStatusPaymentChannelAddingFunds)
> Recv: 1 MiB, Paid 0 FIL, ClientEventPaymentChannelReady (DealStatusOngoing)
> Recv: 1 MiB, Paid 0 FIL, ClientEventPaymentRequested (DealStatusFundsNeeded)
> Recv: 1 MiB, Paid 0 FIL, ClientEventSendFunds (DealStatusSendFunds)
> Recv: 1 MiB, Paid 0.00000000000209769 FIL, ClientEventPaymentSent (DealStatusOngoing)
> Recv: 2 MiB, Paid 0.00000000000209769 FIL, ClientEventBlocksReceived (DealStatusOngoing)
> Recv: 2 MiB, Paid 0.00000000000209769 FIL, ClientEventPaymentRequested (DealStatusFundsNeeded)
> Recv: 3 MiB, Paid 0.00000000000209769 FIL, ClientEventBlocksReceived (DealStatusFundsNeeded)
> Recv: 3 MiB, Paid 0.00000000000209769 FIL, ClientEventSendFunds (DealStatusSendFunds)
> Recv: 3 MiB, Paid 0.000000000006291994 FIL, ClientEventPaymentSent (DealStatusOngoing)
> Recv: 4 MiB, Paid 0.000000000006291994 FIL, ClientEventBlocksReceived (DealStatusOngoing)
> Recv: 4 MiB, Paid 0.000000000006291994 FIL, ClientEventLastPaymentRequested (DealStatusFundsNeededLastPayment)
> Recv: 4.769 MiB, Paid 0.000000000006291994 FIL, ClientEventBlocksReceived (DealStatusFundsNeededLastPayment)
> Recv: 4.769 MiB, Paid 0.000000000006291994 FIL, ClientEventAllBlocksReceived (DealStatusSendFundsLastPayment)
> Recv: 4.769 MiB, Paid 0.000000000010000538 FIL, ClientEventPaymentSent (DealStatusFinalizing)
> Recv: 4.769 MiB, Paid 0.000000000010000538 FIL, ClientEventComplete (DealStatusCompleted)
> Recv: 0 B, Paid 0 FIL, ClientEventOpen (DealStatusNew)
ERROR: retrieval failed: ClientRetrieve: merkledag: not found

Command exited with non-zero status 1
0.10user 0.06system 6:00.43elapsed 0%CPU (0avgtext+0avgdata 39296maxresident)k
0inputs+0outputs (0major+3850minor)pagefaults 0swaps
Skipping ahead

1 wiki.zip.af.az
t02302-10277 t01945-14160 t05025-16102 t02306-17743 t01819-19181 t01699-20590 t02156-21482 t03052-22218 t01591-8651 t02896-9439
Already have log for t02302 10277 bafykbzaced7jyoqsd4pymgdowzn4vo3tvjcbjm4d53mtwrtczukqlzpq5xggi
Already have log for t01945 14160 bafykbzaced7jyoqsd4pymgdowzn4vo3tvjcbjm4d53mtwrtczukqlzpq5xggi
Retrieving t05025 16102 bafykbzaced7jyoqsd4pymgdowzn4vo3tvjcbjm4d53mtwrtczukqlzpq5xggi
2020-08-24T19:48:41.508Z	[33mWARN[0m	rpc	go-jsonrpc@v0.1.2-0.20200817153016-2ea5cbaf5ec0/client.go:430	unmarshaling failed	{"message": "{\"Err\":\"failed to dial 12D3KooWAxA2MbBiS1TNuzAQZwnwLBVsj4exe5PS19w1gn78oqWN: all dials failed\\n  * [/ip4/117.48.133.73/tcp/1348] dial tcp4 0.0.0.0:38923-\\u003e117.48.133.73:1348: i/o timeout\",\"Root\":null,\"Piece\":null,\"Size\":0,\"MinPrice\":\"\\u003cnil\\u003e\",\"UnsealPrice\":\"\\u003cnil\\u003e\",\"PaymentInterval\":0,\"PaymentIntervalIncrease\":0,\"Miner\":\"t05025\",\"MinerPeer\":{\"Address\":\"t05025\",\"ID\":\"12D3KooWAxA2MbBiS1TNuzAQZwnwLBVsj4exe5PS19w1gn78oqWN\",\"PieceCID\":null}}"}
ERROR: RPC client error: unmarshaling result: failed to parse big string: '"\u003cnil\u003e"'

Command exited with non-zero status 1
0.03user 0.04system 0:05.05elapsed 1%CPU (0avgtext+0avgdata 37812maxresident)k
0inputs+0outputs (0major+3672minor)pagefaults 0swaps
Skipping ahead

1 wiki.zip.am.ae
t01743-10783 t01819-11503 t01632-12193 t02810-16795 t01824-18286 t02896-19459 t02004-19955 t069967-21849 t01902-6935 t02554-9027 t02981-9794
Already have log for t01743 10783 bafykbzacedgsq3kmfa6laok2emlafda2tfzttoq3arjdwrtbiewl27gx24rt2
Already have log for t01819 11503 bafykbzacedgsq3kmfa6laok2emlafda2tfzttoq3arjdwrtbiewl27gx24rt2
Retrieving t01632 12193 bafykbzacedgsq3kmfa6laok2emlafda2tfzttoq3arjdwrtbiewl27gx24rt2
2020-08-24T19:48:45.150Z	[33mWARN[0m	rpc	go-jsonrpc@v0.1.2-0.20200817153016-2ea5cbaf5ec0/client.go:430	unmarshaling failed	{"message": "{\"Err\":\"failed to dial 12D3KooWDmcfoMZd58DS7mBXxY9a9ceddrSnYr6g8Rcv6fDfXF4q: all dials failed\\n  * [/ip4/120.133.36.57/tcp/23456] dial tcp4 120.133.36.57:23456: connect: connection refused\",\"Root\":null,\"Piece\":null,\"Size\":0,\"MinPrice\":\"\\u003cnil\\u003e\",\"UnsealPrice\":\"\\u003cnil\\u003e\",\"PaymentInterval\":0,\"PaymentIntervalIncrease\":0,\"Miner\":\"t01632\",\"MinerPeer\":{\"Address\":\"t01632\",\"ID\":\"12D3KooWDmcfoMZd58DS7mBXxY9a9ceddrSnYr6g8Rcv6fDfXF4q\",\"PieceCID\":null}}"}
ERROR: RPC client error: unmarshaling result: failed to parse big string: '"\u003cnil\u003e"'

Command exited with non-zero status 1
0.05user 0.03system 0:00.54elapsed 15%CPU (0avgtext+0avgdata 37976maxresident)k
0inputs+0outputs (0major+3717minor)pagefaults 0swaps
Skipping ahead

1 wiki.zip.aj.ad
t02004-10531 t04985-11366 t02750-12903 t02896-16538 t01824-22422 t01945-24064 t01819-8844 t02182-9656
Retrieving t02004 10531 bafykbzaced7qby4demklxcihsio37swuspqta372niadwoogbwunuefdcvmcm
2020-08-24T19:48:46.772Z	[33mWARN[0m	rpc	go-jsonrpc@v0.1.2-0.20200817153016-2ea5cbaf5ec0/client.go:430	unmarshaling failed	{"message": "{\"Err\":\"failed to dial 12D3KooWRL2sjoGinBB4QSyRjJ7UkYMUPXgCPZykLgBaoLwmqSX4: all dials failed\\n  * [/ip4/113.215.188.183/tcp/35252] dial tcp4 113.215.188.183:35252: connect: connection refused\",\"Root\":null,\"Piece\":null,\"Size\":0,\"MinPrice\":\"\\u003cnil\\u003e\",\"UnsealPrice\":\"\\u003cnil\\u003e\",\"PaymentInterval\":0,\"PaymentIntervalIncrease\":0,\"Miner\":\"t02004\",\"MinerPeer\":{\"Address\":\"t02004\",\"ID\":\"12D3KooWRL2sjoGinBB4QSyRjJ7UkYMUPXgCPZykLgBaoLwmqSX4\",\"PieceCID\":null}}"}
ERROR: RPC client error: unmarshaling result: failed to parse big string: '"\u003cnil\u003e"'

Command exited with non-zero status 1
0.04user 0.05system 0:00.56elapsed 16%CPU (0avgtext+0avgdata 38064maxresident)k
0inputs+0outputs (0major+3764minor)pagefaults 0swaps
Skipping ahead

1 wiki.zip.ah.af
t01824-10392 t02004-11235 t02674-12813 t0123649-16258 t01827-21572 t02332-22284 t02014-22877 t01591-8699 t01593-9533
Already have log for t01824 10392 bafykbzacec3vvlyt7kbnfvotahiyyycmnjlo5x6khalzdm6ho3i335xgfjerq
Retrieving t02004 11235 bafykbzacec3vvlyt7kbnfvotahiyyycmnjlo5x6khalzdm6ho3i335xgfjerq
2020-08-24T19:48:48.905Z	[33mWARN[0m	rpc	go-jsonrpc@v0.1.2-0.20200817153016-2ea5cbaf5ec0/client.go:430	unmarshaling failed	{"message": "{\"Err\":\"dial backoff\",\"Root\":null,\"Piece\":null,\"Size\":0,\"MinPrice\":\"\\u003cnil\\u003e\",\"UnsealPrice\":\"\\u003cnil\\u003e\",\"PaymentInterval\":0,\"PaymentIntervalIncrease\":0,\"Miner\":\"t02004\",\"MinerPeer\":{\"Address\":\"t02004\",\"ID\":\"12D3KooWRL2sjoGinBB4QSyRjJ7UkYMUPXgCPZykLgBaoLwmqSX4\",\"PieceCID\":null}}"}
ERROR: RPC client error: unmarshaling result: failed to parse big string: '"\u003cnil\u003e"'

Command exited with non-zero status 1
0.05user 0.01system 0:00.06elapsed 109%CPU (0avgtext+0avgdata 38608maxresident)k
0inputs+0outputs (0major+3752minor)pagefaults 0swaps
Skipping ahead

1 wiki.zip.ag.ai
t01708-10379 t02965-11170 t02675-12417 t02315-12768 t03052-16170 t01819-17793 t01945-19189 t02014-20626 t05025-21520 t02302-8684 t01699-9468
Retrieving t01708 10379 bafykbzacecrnlnfm5ebcblxgkikzhxvdub46ctzoq5h2sqrxu5xfe5tiozt7q
> Recv: 0 B, Paid 0 FIL, ClientEventOpen (DealStatusNew)
> Recv: 0 B, Paid 0 FIL, ClientEventDealProposed (DealStatusWaitForAcceptance)
> Recv: 0 B, Paid 0 FIL, ClientEventDealAccepted (DealStatusAccepted)
> Recv: 0 B, Paid 0 FIL, ClientEventPaymentChannelAddingFunds (DealStatusPaymentChannelAddingFunds)
> Recv: 0 B, Paid 0 FIL, ClientEventPaymentChannelReady (DealStatusOngoing)
ERROR: retrieval timed out

Command exited with non-zero status 124
0.14user 0.11system 17:00.00elapsed 0%CPU (0avgtext+0avgdata 37828maxresident)k
0inputs+0outputs (0major+3905minor)pagefaults 0swaps
Skipping ahead

1 wiki.zip.ad.as
t01945-15946 t01699-17622 t02306-19108 t069967-21360 t02332-22062 t02014-6023 t02965-9281
Already have log for t01945 15946 bafykbzaceb2vywsnfnu2jelsdy2gvb74w6bzpffx7tgrixi7psrqtaiexcyzo
Retrieving t01699 17622 bafykbzaceb2vywsnfnu2jelsdy2gvb74w6bzpffx7tgrixi7psrqtaiexcyzo
> Recv: 0 B, Paid 0 FIL, ClientEventOpen (DealStatusNew)
> Recv: 0 B, Paid 0 FIL, ClientEventDealProposed (DealStatusWaitForAcceptance)
> Recv: 0 B, Paid 0 FIL, ClientEventDealAccepted (DealStatusAccepted)
> Recv: 0 B, Paid 0 FIL, ClientEventPaymentChannelAddingFunds (DealStatusPaymentChannelAddingFunds)
> Recv: 269 B, Paid 0 FIL, ClientEventBlocksReceived (DealStatusPaymentChannelAddingFunds)
> Recv: 269 B, Paid 0 FIL, ClientEventPaymentRequested (DealStatusPaymentChannelAddingFunds)
> Recv: 1 MiB, Paid 0 FIL, ClientEventBlocksReceived (DealStatusPaymentChannelAddingFunds)
> Recv: 1 MiB, Paid 0 FIL, ClientEventPaymentChannelReady (DealStatusOngoing)
> Recv: 1 MiB, Paid 0 FIL, ClientEventPaymentRequested (DealStatusFundsNeeded)
> Recv: 1 MiB, Paid 0 FIL, ClientEventSendFunds (DealStatusSendFunds)
> Recv: 1 MiB, Paid 0.00000000000209769 FIL, ClientEventPaymentSent (DealStatusOngoing)
> Recv: 2 MiB, Paid 0.00000000000209769 FIL, ClientEventBlocksReceived (DealStatusOngoing)
> Recv: 2 MiB, Paid 0.00000000000209769 FIL, ClientEventPaymentRequested (DealStatusFundsNeeded)
> Recv: 3 MiB, Paid 0.00000000000209769 FIL, ClientEventBlocksReceived (DealStatusFundsNeeded)
> Recv: 3 MiB, Paid 0.00000000000209769 FIL, ClientEventSendFunds (DealStatusSendFunds)
> Recv: 3 MiB, Paid 0.000000000006291994 FIL, ClientEventPaymentSent (DealStatusOngoing)
> Recv: 4 MiB, Paid 0.000000000006291994 FIL, ClientEventBlocksReceived (DealStatusOngoing)
> Recv: 4 MiB, Paid 0.000000000006291994 FIL, ClientEventLastPaymentRequested (DealStatusFundsNeededLastPayment)
> Recv: 4.769 MiB, Paid 0.000000000006291994 FIL, ClientEventBlocksReceived (DealStatusFundsNeededLastPayment)
> Recv: 4.769 MiB, Paid 0.000000000006291994 FIL, ClientEventAllBlocksReceived (DealStatusSendFundsLastPayment)
> Recv: 4.769 MiB, Paid 0.000000000010000538 FIL, ClientEventPaymentSent (DealStatusFinalizing)
> Recv: 4.769 MiB, Paid 0.000000000010000538 FIL, ClientEventComplete (DealStatusCompleted)
Success
0.09user 0.06system 5:10.04elapsed 0%CPU (0avgtext+0avgdata 38764maxresident)k
0inputs+0outputs (0major+3820minor)pagefaults 0swaps
Skipping ahead

1 wiki.zip.aa.br
t02014-10947 t01902-11750 t02554-12605 t02315-13921 t069967-17446 t01909-21222 t01988-21947 t02197-22507 t01945-23844 t01593-8375 t02965-9175 t01632-9906
Already have log for t02014 10947 bafykbzacebesga27vlskn4giidpvbmixwius5eewhyzgsqyqlya3jdgz4nug2
Already have log for t01902 11750 bafykbzacebesga27vlskn4giidpvbmixwius5eewhyzgsqyqlya3jdgz4nug2
Already have log for t02554 12605 bafykbzacebesga27vlskn4giidpvbmixwius5eewhyzgsqyqlya3jdgz4nug2
Retrieving t02315 13921 bafykbzacebesga27vlskn4giidpvbmixwius5eewhyzgsqyqlya3jdgz4nug2
2020-08-24T20:11:06.384Z	[33mWARN[0m	rpc	go-jsonrpc@v0.1.2-0.20200817153016-2ea5cbaf5ec0/client.go:430	unmarshaling failed	{"message": "{\"Err\":\"failed to dial 12D3KooWHesJWTtJonjUP8MedttQ1j5KgjjBvvNuMtsjES6cP5Dw: all dials failed\\n  * [/ip4/34.220.91.72/tcp/28003] dial tcp4 34.220.91.72:28003: connect: connection refused\",\"Root\":null,\"Piece\":null,\"Size\":0,\"MinPrice\":\"\\u003cnil\\u003e\",\"UnsealPrice\":\"\\u003cnil\\u003e\",\"PaymentInterval\":0,\"PaymentIntervalIncrease\":0,\"Miner\":\"t02315\",\"MinerPeer\":{\"Address\":\"t02315\",\"ID\":\"12D3KooWHesJWTtJonjUP8MedttQ1j5KgjjBvvNuMtsjES6cP5Dw\",\"PieceCID\":null}}"}
ERROR: RPC client error: unmarshaling result: failed to parse big string: '"\u003cnil\u003e"'

Command exited with non-zero status 1
0.04user 0.03system 0:00.20elapsed 37%CPU (0avgtext+0avgdata 37812maxresident)k
0inputs+0outputs (0major+3666minor)pagefaults 0swaps
Skipping ahead

1 wiki.zip.al.an
t01708-10751 t01824-12168 t01591-16731 t02965-19942 t03052-20830 t02014-21819 t01699-23114 t01819-8011 t01945-8966 t02896-9749
Already have log for t01708 10751 bafykbzaceca2ffyedknqyzfjba4vh3s3z4eejv3abjlb46rbj5cubsx2tunme
Retrieving t01824 12168 bafykbzaceca2ffyedknqyzfjba4vh3s3z4eejv3abjlb46rbj5cubsx2tunme
2020-08-24T20:11:09.144Z	[33mWARN[0m	rpc	go-jsonrpc@v0.1.2-0.20200817153016-2ea5cbaf5ec0/client.go:430	unmarshaling failed	{"message": "{\"Err\":\"failed to dial 12D3KooWAcAC6hESHLkndpbpp3cNsHHCGP3K4WBi5sn1FU6nbZwh: all dials failed\\n  * [/ip4/101.206.156.202/tcp/18880] failed to negotiate security protocol: read tcp4 66.70.191.245:38923-\\u003e101.206.156.202:18880: read: connection reset by peer\",\"Root\":null,\"Piece\":null,\"Size\":0,\"MinPrice\":\"\\u003cnil\\u003e\",\"UnsealPrice\":\"\\u003cnil\\u003e\",\"PaymentInterval\":0,\"PaymentIntervalIncrease\":0,\"Miner\":\"t01824\",\"MinerPeer\":{\"Address\":\"t01824\",\"ID\":\"12D3KooWAcAC6hESHLkndpbpp3cNsHHCGP3K4WBi5sn1FU6nbZwh\",\"PieceCID\":null}}"}
ERROR: RPC client error: unmarshaling result: failed to parse big string: '"\u003cnil\u003e"'

Command exited with non-zero status 1
0.04user 0.03system 0:00.68elapsed 12%CPU (0avgtext+0avgdata 37824maxresident)k
0inputs+0outputs (0major+3690minor)pagefaults 0swaps
Skipping ahead

1 wiki.zip.ad.aj
t02896-10138 t01819-10995 t02675-12674 t01909-17619 t01945-19094 t02965-19635 t01824-20514 t03052-21346 t01699-6570
Retrieving t02896 10138 bafykbzacedlh4jubvct5x35avkjplku4fyhi6qfcfe77arqi2bctjmpxt6bnm
2020-08-24T20:11:14.718Z	[33mWARN[0m	rpc	go-jsonrpc@v0.1.2-0.20200817153016-2ea5cbaf5ec0/client.go:430	unmarshaling failed	{"message": "{\"Err\":\"routing: not found\",\"Root\":null,\"Piece\":null,\"Size\":0,\"MinPrice\":\"\\u003cnil\\u003e\",\"UnsealPrice\":\"\\u003cnil\\u003e\",\"PaymentInterval\":0,\"PaymentIntervalIncrease\":0,\"Miner\":\"t02896\",\"MinerPeer\":{\"Address\":\"t02896\",\"ID\":\"12D3KooWAxJdKvDZCaFDJQhi6yNaqBsWHpgvdUTmsKCGtnFNfeuz\",\"PieceCID\":null}}"}
ERROR: RPC client error: unmarshaling result: failed to parse big string: '"\u003cnil\u003e"'

Command exited with non-zero status 1
0.04user 0.03system 0:04.52elapsed 1%CPU (0avgtext+0avgdata 38324maxresident)k
0inputs+0outputs (0major+3752minor)pagefaults 0swaps
Skipping ahead

1 wiki.zip.ab.bc
t01819-11778 t02965-13950 t069967-19518 t01699-8334 t01945-9227
Already have log for t01819 11778 bafykbzacebi3s2dz4nqdul6f3s7pc42a6qfdtrsuzmb7nl3f4poq7xbsawm5o
Already have log for t02965 13950 bafykbzacebi3s2dz4nqdul6f3s7pc42a6qfdtrsuzmb7nl3f4poq7xbsawm5o
Retrieving t069967 19518 bafykbzacebi3s2dz4nqdul6f3s7pc42a6qfdtrsuzmb7nl3f4poq7xbsawm5o
> Recv: 0 B, Paid 0 FIL, ClientEventOpen (DealStatusNew)
> Recv: 0 B, Paid 0 FIL, ClientEventDealProposed (DealStatusWaitForAcceptance)
> Recv: 0 B, Paid 0 FIL, ClientEventDealAccepted (DealStatusAccepted)
> Recv: 0 B, Paid 0 FIL, ClientEventPaymentChannelAddingFunds (DealStatusPaymentChannelAddingFunds)
> Recv: 269 B, Paid 0 FIL, ClientEventBlocksReceived (DealStatusPaymentChannelAddingFunds)
> Recv: 269 B, Paid 0 FIL, ClientEventPaymentRequested (DealStatusPaymentChannelAddingFunds)
> Recv: 1 MiB, Paid 0 FIL, ClientEventBlocksReceived (DealStatusPaymentChannelAddingFunds)
> Recv: 1 MiB, Paid 0 FIL, ClientEventPaymentChannelReady (DealStatusOngoing)
> Recv: 1 MiB, Paid 0 FIL, ClientEventPaymentRequested (DealStatusFundsNeeded)
> Recv: 1 MiB, Paid 0 FIL, ClientEventSendFunds (DealStatusSendFunds)
> Recv: 1 MiB, Paid 0.00000000000209769 FIL, ClientEventPaymentSent (DealStatusOngoing)
> Recv: 2 MiB, Paid 0.00000000000209769 FIL, ClientEventBlocksReceived (DealStatusOngoing)
> Recv: 2 MiB, Paid 0.00000000000209769 FIL, ClientEventPaymentRequested (DealStatusFundsNeeded)
> Recv: 3 MiB, Paid 0.00000000000209769 FIL, ClientEventBlocksReceived (DealStatusFundsNeeded)
> Recv: 3 MiB, Paid 0.00000000000209769 FIL, ClientEventSendFunds (DealStatusSendFunds)
> Recv: 3 MiB, Paid 0.000000000006291994 FIL, ClientEventPaymentSent (DealStatusOngoing)
> Recv: 4 MiB, Paid 0.000000000006291994 FIL, ClientEventBlocksReceived (DealStatusOngoing)
> Recv: 4 MiB, Paid 0.000000000006291994 FIL, ClientEventLastPaymentRequested (DealStatusFundsNeededLastPayment)
> Recv: 4.769 MiB, Paid 0.000000000006291994 FIL, ClientEventBlocksReceived (DealStatusFundsNeededLastPayment)
> Recv: 4.769 MiB, Paid 0.000000000006291994 FIL, ClientEventAllBlocksReceived (DealStatusSendFundsLastPayment)
> Recv: 4.769 MiB, Paid 0.000000000010000538 FIL, ClientEventPaymentSent (DealStatusFinalizing)
> Recv: 4.769 MiB, Paid 0.000000000010000538 FIL, ClientEventComplete (DealStatusCompleted)
Success
0.12user 0.03system 4:22.86elapsed 0%CPU (0avgtext+0avgdata 39460maxresident)k
0inputs+0outputs (0major+3928minor)pagefaults 0swaps
Skipping ahead

1 wiki.zip.aa.ad
t01743-10879 t02750-11717 t05025-15722 t03052-17406 t01819-19486 t02332-21180 t02981-21942 t02197-22479 t02315-9113 t02004-9930
Already have log for t01743 10879 bafykbzaceaodz76cdarzsyecuxe434kxk2f7hhf7mmk7k5qa2powsx44f5cma
Already have log for t02750 11717 bafykbzaceaodz76cdarzsyecuxe434kxk2f7hhf7mmk7k5qa2powsx44f5cma
Already have log for t05025 15722 bafykbzaceaodz76cdarzsyecuxe434kxk2f7hhf7mmk7k5qa2powsx44f5cma
Retrieving t03052 17406 bafykbzaceaodz76cdarzsyecuxe434kxk2f7hhf7mmk7k5qa2powsx44f5cma
> Recv: 0 B, Paid 0 FIL, ClientEventOpen (DealStatusNew)
> Recv: 0 B, Paid 0 FIL, ClientEventDealProposed (DealStatusWaitForAcceptance)
> Recv: 0 B, Paid 0 FIL, ClientEventDealAccepted (DealStatusAccepted)
> Recv: 0 B, Paid 0 FIL, ClientEventPaymentChannelAddingFunds (DealStatusPaymentChannelAddingFunds)
