{"jsonrpc":"2.0","result":{"Err":"","Root":{"/":"bafykbzacebwfpdjhfkv4dckre5pdb6dbtn3drso5mdqbmbofexmrri6vt3py2"},"Piece":null,"Size":34359738368,"MinPrice":"68719476736","UnsealPrice":"0","PaymentInterval":1048576,"PaymentIntervalIncrease":1048576,"Miner":"f023242","MinerPeer":{"Address":"f023467","ID":"12D3KooWMpuRzgVuRS6m285cucGgnXWwTnsNtGzjsMJeEqS7UtJw","PieceCID":null}},"id":1}
Apr 04 06:30:06 > Recv: 0 B, Paid 0 FIL, ClientEventOpen (DealStatusNew)
Apr 04 06:30:06 > Recv: 0 B, Paid 0 FIL, ClientEventDealProposed (DealStatusWaitForAcceptance)
Apr 04 06:30:06 > Recv: 0 B, Paid 0 FIL, ClientEventDealAccepted (DealStatusAccepted)
Apr 04 06:30:12 > Recv: 0 B, Paid 0 FIL, ClientEventPaymentChannelAddingFunds (DealStatusPaymentChannelAddingInitialFunds)
Apr 04 06:33:30 > Recv: 0 B, Paid 0 FIL, ClientEventPaymentChannelReady (DealStatusPaymentChannelAllocatingLane)
Apr 04 06:33:30 > Recv: 0 B, Paid 0 FIL, ClientEventLaneAllocated (DealStatusOngoing)
Apr 04 06:36:31 > Recv: 962 B, Paid 0 FIL, ClientEventBlocksReceived (DealStatusOngoing)
Apr 04 06:36:31 > Recv: 52.95 KiB, Paid 0 FIL, ClientEventBlocksReceived (DealStatusOngoing)
Apr 04 06:36:32 > Recv: 52.95 KiB, Paid 0 FIL, ClientEventPaymentRequested (DealStatusFundsNeeded)
Apr 04 06:36:32 > Recv: 1.052 MiB, Paid 0 FIL, ClientEventBlocksReceived (DealStatusFundsNeeded)
Apr 04 06:36:32 > Recv: 1.052 MiB, Paid 0 FIL, ClientEventSendFunds (DealStatusSendFunds)
Apr 04 06:36:32 > Recv: 1.052 MiB, Paid 0.000000000002205594 FIL, ClientEventPaymentSent (DealStatusOngoing)
Apr 04 06:36:33 > Recv: 2.052 MiB, Paid 0.000000000002205594 FIL, ClientEventBlocksReceived (DealStatusOngoing)
Apr 04 06:36:33 > Recv: 2.052 MiB, Paid 0.000000000002205594 FIL, ClientEventPaymentRequested (DealStatusFundsNeeded)
Apr 04 06:36:33 > Recv: 2.052 MiB, Paid 0.000000000002205594 FIL, ClientEventSendFunds (DealStatusSendFunds)
Apr 04 06:36:33 > Recv: 2.052 MiB, Paid 0.000000000006399898 FIL, ClientEventPaymentSent (DealStatusOngoing)
Apr 04 06:36:34 > Recv: 4.052 MiB, Paid 0.000000000006399898 FIL, ClientEventBlocksReceived (DealStatusOngoing)
Apr 04 06:36:34 > Recv: 5.052 MiB, Paid 0.000000000006399898 FIL, ClientEventBlocksReceived (DealStatusOngoing)
Apr 04 06:36:34 > Recv: 5.052 MiB, Paid 0.000000000006399898 FIL, ClientEventPaymentRequested (DealStatusFundsNeeded)
Apr 04 06:36:34 > Recv: 5.052 MiB, Paid 0.000000000006399898 FIL, ClientEventSendFunds (DealStatusSendFunds)
Apr 04 06:36:35 > Recv: 5.052 MiB, Paid 0.000000000012691354 FIL, ClientEventPaymentSent (DealStatusOngoing)
Apr 04 06:36:35 > Recv: 7.052 MiB, Paid 0.000000000012691354 FIL, ClientEventBlocksReceived (DealStatusOngoing)
Apr 04 06:36:36 > Recv: 8.052 MiB, Paid 0.000000000012691354 FIL, ClientEventBlocksReceived (DealStatusOngoing)
Apr 04 06:36:36 > Recv: 9.052 MiB, Paid 0.000000000012691354 FIL, ClientEventBlocksReceived (DealStatusOngoing)
Apr 04 06:36:37 > Recv: 9.052 MiB, Paid 0.000000000012691354 FIL, ClientEventPaymentRequested (DealStatusFundsNeeded)
Apr 04 06:36:37 > Recv: 9.052 MiB, Paid 0.000000000012691354 FIL, ClientEventSendFunds (DealStatusSendFunds)
Apr 04 06:36:37 > Recv: 9.052 MiB, Paid 0.000000000021079962 FIL, ClientEventPaymentSent (DealStatusOngoing)
Apr 04 06:36:38 > Recv: 11.05 MiB, Paid 0.000000000021079962 FIL, ClientEventBlocksReceived (DealStatusOngoing)
Apr 04 06:36:38 > Recv: 12.05 MiB, Paid 0.000000000021079962 FIL, ClientEventBlocksReceived (DealStatusOngoing)
Apr 04 06:36:40 > Recv: 13.05 MiB, Paid 0.000000000021079962 FIL, ClientEventBlocksReceived (DealStatusOngoing)
Apr 04 06:36:42 > Recv: 14.05 MiB, Paid 0.000000000021079962 FIL, ClientEventBlocksReceived (DealStatusOngoing)
Apr 04 06:36:44 > Recv: 14.05 MiB, Paid 0.000000000021079962 FIL, ClientEventPaymentRequested (DealStatusFundsNeeded)
Apr 04 06:36:44 > Recv: 14.05 MiB, Paid 0.000000000021079962 FIL, ClientEventSendFunds (DealStatusSendFunds)
Apr 04 06:36:44 > Recv: 14.05 MiB, Paid 0.000000000031565722 FIL, ClientEventPaymentSent (DealStatusOngoing)
Apr 04 06:36:46 > Recv: 16.05 MiB, Paid 0.000000000031565722 FIL, ClientEventBlocksReceived (DealStatusOngoing)
Apr 04 06:36:49 > Recv: 17.05 MiB, Paid 0.000000000031565722 FIL, ClientEventBlocksReceived (DealStatusOngoing)
Apr 04 06:36:52 > Recv: 18.05 MiB, Paid 0.000000000031565722 FIL, ClientEventBlocksReceived (DealStatusOngoing)
Apr 04 06:36:56 > Recv: 19.05 MiB, Paid 0.000000000031565722 FIL, ClientEventBlocksReceived (DealStatusOngoing)
Apr 04 06:36:57 > Recv: 20.05 MiB, Paid 0.000000000031565722 FIL, ClientEventBlocksReceived (DealStatusOngoing)
Apr 04 06:37:01 > Recv: 20.05 MiB, Paid 0.000000000031565722 FIL, ClientEventPaymentRequested (DealStatusFundsNeeded)
Apr 04 06:37:01 > Recv: 20.05 MiB, Paid 0.000000000031565722 FIL, ClientEventSendFunds (DealStatusSendFunds)
Apr 04 06:37:01 > Recv: 20.05 MiB, Paid 0.000000000044148634 FIL, ClientEventPaymentSent (DealStatusOngoing)
Apr 04 06:37:07 > Recv: 22.05 MiB, Paid 0.000000000044148634 FIL, ClientEventBlocksReceived (DealStatusOngoing)
Apr 04 06:37:07 > Recv: 23.05 MiB, Paid 0.000000000044148634 FIL, ClientEventBlocksReceived (DealStatusOngoing)
Apr 04 06:37:08 > Recv: 24.05 MiB, Paid 0.000000000044148634 FIL, ClientEventBlocksReceived (DealStatusOngoing)
Apr 04 06:37:11 > Recv: 25.05 MiB, Paid 0.000000000044148634 FIL, ClientEventBlocksReceived (DealStatusOngoing)
Apr 04 06:37:13 > Recv: 26.05 MiB, Paid 0.000000000044148634 FIL, ClientEventBlocksReceived (DealStatusOngoing)
Apr 04 06:37:14 > Recv: 27.05 MiB, Paid 0.000000000044148634 FIL, ClientEventBlocksReceived (DealStatusOngoing)
Apr 04 06:37:17 > Recv: 27.05 MiB, Paid 0.000000000044148634 FIL, ClientEventPaymentRequested (DealStatusFundsNeeded)
Apr 04 06:37:17 > Recv: 27.05 MiB, Paid 0.000000000044148634 FIL, ClientEventSendFunds (DealStatusSendFunds)
Apr 04 06:37:17 > Recv: 27.05 MiB, Paid 0.000000000058828698 FIL, ClientEventPaymentSent (DealStatusOngoing)
Apr 04 06:37:21 > Recv: 29.05 MiB, Paid 0.000000000058828698 FIL, ClientEventBlocksReceived (DealStatusOngoing)
Apr 04 06:37:23 > Recv: 30.05 MiB, Paid 0.000000000058828698 FIL, ClientEventBlocksReceived (DealStatusOngoing)
Apr 04 06:37:26 > Recv: 31.05 MiB, Paid 0.000000000058828698 FIL, ClientEventBlocksReceived (DealStatusOngoing)
Apr 04 06:37:29 > Recv: 32.05 MiB, Paid 0.000000000058828698 FIL, ClientEventBlocksReceived (DealStatusOngoing)
Apr 04 06:37:31 > Recv: 33.05 MiB, Paid 0.000000000058828698 FIL, ClientEventBlocksReceived (DealStatusOngoing)
Apr 04 06:37:35 > Recv: 34.05 MiB, Paid 0.000000000058828698 FIL, ClientEventBlocksReceived (DealStatusOngoing)
Apr 04 06:37:37 > Recv: 35.05 MiB, Paid 0.000000000058828698 FIL, ClientEventBlocksReceived (DealStatusOngoing)
Apr 04 06:37:41 > Recv: 35.05 MiB, Paid 0.000000000058828698 FIL, ClientEventPaymentRequested (DealStatusFundsNeeded)
Apr 04 06:37:41 > Recv: 35.05 MiB, Paid 0.000000000058828698 FIL, ClientEventSendFunds (DealStatusSendFunds)
Apr 04 06:37:41 > Recv: 35.05 MiB, Paid 0.000000000075605914 FIL, ClientEventPaymentSent (DealStatusOngoing)
Apr 04 06:37:46 > Recv: 37.05 MiB, Paid 0.000000000075605914 FIL, ClientEventBlocksReceived (DealStatusOngoing)
Apr 04 06:37:47 > Recv: 38.05 MiB, Paid 0.000000000075605914 FIL, ClientEventBlocksReceived (DealStatusOngoing)
Apr 04 06:37:48 > Recv: 39.05 MiB, Paid 0.000000000075605914 FIL, ClientEventBlocksReceived (DealStatusOngoing)
Apr 04 06:37:51 > Recv: 40.05 MiB, Paid 0.000000000075605914 FIL, ClientEventBlocksReceived (DealStatusOngoing)
Apr 04 06:37:55 > Recv: 41.05 MiB, Paid 0.000000000075605914 FIL, ClientEventBlocksReceived (DealStatusOngoing)
Apr 04 06:37:55 > Recv: 42.05 MiB, Paid 0.000000000075605914 FIL, ClientEventBlocksReceived (DealStatusOngoing)
Apr 04 06:37:56 > Recv: 43.05 MiB, Paid 0.000000000075605914 FIL, ClientEventBlocksReceived (DealStatusOngoing)
Apr 04 06:37:57 > Recv: 44.05 MiB, Paid 0.000000000075605914 FIL, ClientEventBlocksReceived (DealStatusOngoing)
Apr 04 06:37:58 > Recv: 44.05 MiB, Paid 0.000000000075605914 FIL, ClientEventPaymentRequested (DealStatusFundsNeeded)
Apr 04 06:37:58 > Recv: 44.05 MiB, Paid 0.000000000075605914 FIL, ClientEventSendFunds (DealStatusSendFunds)
Apr 04 06:37:59 > Recv: 44.05 MiB, Paid 0.000000000094480282 FIL, ClientEventPaymentSent (DealStatusOngoing)
Apr 04 06:38:01 > Recv: 46.05 MiB, Paid 0.000000000094480282 FIL, ClientEventBlocksReceived (DealStatusOngoing)
Apr 04 06:38:03 > Recv: 47.05 MiB, Paid 0.000000000094480282 FIL, ClientEventBlocksReceived (DealStatusOngoing)
Apr 04 06:38:05 > Recv: 48.05 MiB, Paid 0.000000000094480282 FIL, ClientEventBlocksReceived (DealStatusOngoing)
Apr 04 06:38:09 > Recv: 49.05 MiB, Paid 0.000000000094480282 FIL, ClientEventBlocksReceived (DealStatusOngoing)
Apr 04 06:38:10 > Recv: 50.05 MiB, Paid 0.000000000094480282 FIL, ClientEventBlocksReceived (DealStatusOngoing)
Apr 04 06:38:10 > Recv: 51.05 MiB, Paid 0.000000000094480282 FIL, ClientEventBlocksReceived (DealStatusOngoing)
Apr 04 06:38:11 > Recv: 52.05 MiB, Paid 0.000000000094480282 FIL, ClientEventBlocksReceived (DealStatusOngoing)
Apr 04 06:38:12 > Recv: 53.05 MiB, Paid 0.000000000094480282 FIL, ClientEventBlocksReceived (DealStatusOngoing)
Apr 04 06:38:14 > Recv: 54.05 MiB, Paid 0.000000000094480282 FIL, ClientEventBlocksReceived (DealStatusOngoing)
Apr 04 06:38:17 > Recv: 54.05 MiB, Paid 0.000000000094480282 FIL, ClientEventPaymentRequested (DealStatusFundsNeeded)
Apr 04 06:38:17 > Recv: 54.05 MiB, Paid 0.000000000094480282 FIL, ClientEventSendFunds (DealStatusSendFunds)
Apr 04 06:38:17 > Recv: 54.05 MiB, Paid 0.000000000115451802 FIL, ClientEventPaymentSent (DealStatusOngoing)
Apr 04 06:38:21 > Recv: 56.05 MiB, Paid 0.000000000115451802 FIL, ClientEventBlocksReceived (DealStatusOngoing)
Apr 04 06:38:24 > Recv: 57.05 MiB, Paid 0.000000000115451802 FIL, ClientEventBlocksReceived (DealStatusOngoing)
Apr 04 06:38:26 > Recv: 58.05 MiB, Paid 0.000000000115451802 FIL, ClientEventBlocksReceived (DealStatusOngoing)
Apr 04 06:38:29 > Recv: 59.05 MiB, Paid 0.000000000115451802 FIL, ClientEventBlocksReceived (DealStatusOngoing)
Apr 04 06:38:32 > Recv: 60.05 MiB, Paid 0.000000000115451802 FIL, ClientEventBlocksReceived (DealStatusOngoing)
Apr 04 06:38:35 > Recv: 61.05 MiB, Paid 0.000000000115451802 FIL, ClientEventBlocksReceived (DealStatusOngoing)
Apr 04 06:38:38 > Recv: 62.05 MiB, Paid 0.000000000115451802 FIL, ClientEventBlocksReceived (DealStatusOngoing)
Apr 04 06:38:39 > Recv: 63.05 MiB, Paid 0.000000000115451802 FIL, ClientEventBlocksReceived (DealStatusOngoing)
Apr 04 06:38:43 > Recv: 64.05 MiB, Paid 0.000000000115451802 FIL, ClientEventBlocksReceived (DealStatusOngoing)
Apr 04 06:38:47 > Recv: 65.05 MiB, Paid 0.000000000115451802 FIL, ClientEventBlocksReceived (DealStatusOngoing)
Apr 04 06:38:49 > Recv: 65.05 MiB, Paid 0.000000000115451802 FIL, ClientEventPaymentRequested (DealStatusFundsNeeded)
Apr 04 06:38:49 > Recv: 65.05 MiB, Paid 0.000000000115451802 FIL, ClientEventSendFunds (DealStatusSendFunds)
Apr 04 06:38:49 > Recv: 65.05 MiB, Paid 0.000000000138520474 FIL, ClientEventPaymentSent (DealStatusOngoing)
Apr 04 06:38:51 > Recv: 67.05 MiB, Paid 0.000000000138520474 FIL, ClientEventBlocksReceived (DealStatusOngoing)
Apr 04 06:38:53 > Recv: 68.05 MiB, Paid 0.000000000138520474 FIL, ClientEventBlocksReceived (DealStatusOngoing)
Apr 04 06:38:56 > Recv: 69.05 MiB, Paid 0.000000000138520474 FIL, ClientEventBlocksReceived (DealStatusOngoing)
Apr 04 06:38:59 > Recv: 70.05 MiB, Paid 0.000000000138520474 FIL, ClientEventBlocksReceived (DealStatusOngoing)
Apr 04 06:39:00 > Recv: 71.05 MiB, Paid 0.000000000138520474 FIL, ClientEventBlocksReceived (DealStatusOngoing)
Apr 04 06:39:02 > Recv: 72.05 MiB, Paid 0.000000000138520474 FIL, ClientEventBlocksReceived (DealStatusOngoing)
Apr 04 06:39:05 > Recv: 73.05 MiB, Paid 0.000000000138520474 FIL, ClientEventBlocksReceived (DealStatusOngoing)
Apr 04 06:39:07 > Recv: 74.05 MiB, Paid 0.000000000138520474 FIL, ClientEventBlocksReceived (DealStatusOngoing)
Apr 04 06:39:08 > Recv: 75.05 MiB, Paid 0.000000000138520474 FIL, ClientEventBlocksReceived (DealStatusOngoing)
Apr 04 06:39:10 > Recv: 76.05 MiB, Paid 0.000000000138520474 FIL, ClientEventBlocksReceived (DealStatusOngoing)
Apr 04 06:39:11 > Recv: 77.05 MiB, Paid 0.000000000138520474 FIL, ClientEventBlocksReceived (DealStatusOngoing)
Apr 04 06:39:12 > Recv: 77.05 MiB, Paid 0.000000000138520474 FIL, ClientEventPaymentRequested (DealStatusFundsNeeded)
Apr 04 06:39:12 > Recv: 77.05 MiB, Paid 0.000000000138520474 FIL, ClientEventSendFunds (DealStatusSendFunds)
Apr 04 06:39:12 > Recv: 77.05 MiB, Paid 0.000000000163686298 FIL, ClientEventPaymentSent (DealStatusOngoing)
Apr 04 06:39:15 > Recv: 79.05 MiB, Paid 0.000000000163686298 FIL, ClientEventBlocksReceived (DealStatusOngoing)
Apr 04 06:39:16 > Recv: 80.05 MiB, Paid 0.000000000163686298 FIL, ClientEventBlocksReceived (DealStatusOngoing)
Apr 04 06:39:18 > Recv: 81.05 MiB, Paid 0.000000000163686298 FIL, ClientEventBlocksReceived (DealStatusOngoing)
Apr 04 06:39:20 > Recv: 82.05 MiB, Paid 0.000000000163686298 FIL, ClientEventBlocksReceived (DealStatusOngoing)
Apr 04 06:39:22 > Recv: 83.05 MiB, Paid 0.000000000163686298 FIL, ClientEventBlocksReceived (DealStatusOngoing)
Apr 04 06:39:24 > Recv: 84.05 MiB, Paid 0.000000000163686298 FIL, ClientEventBlocksReceived (DealStatusOngoing)
Apr 04 06:39:26 > Recv: 85.05 MiB, Paid 0.000000000163686298 FIL, ClientEventBlocksReceived (DealStatusOngoing)
Apr 04 06:39:29 > Recv: 86.05 MiB, Paid 0.000000000163686298 FIL, ClientEventBlocksReceived (DealStatusOngoing)
Apr 04 06:39:31 > Recv: 87.05 MiB, Paid 0.000000000163686298 FIL, ClientEventBlocksReceived (DealStatusOngoing)
Apr 04 06:39:32 > Recv: 88.05 MiB, Paid 0.000000000163686298 FIL, ClientEventBlocksReceived (DealStatusOngoing)
Apr 04 06:39:34 > Recv: 89.05 MiB, Paid 0.000000000163686298 FIL, ClientEventBlocksReceived (DealStatusOngoing)
Apr 04 06:39:35 > Recv: 90.05 MiB, Paid 0.000000000163686298 FIL, ClientEventBlocksReceived (DealStatusOngoing)
Apr 04 06:39:36 > Recv: 90.05 MiB, Paid 0.000000000163686298 FIL, ClientEventPaymentRequested (DealStatusFundsNeeded)
Apr 04 06:39:36 > Recv: 90.05 MiB, Paid 0.000000000163686298 FIL, ClientEventSendFunds (DealStatusSendFunds)
Apr 04 06:39:36 > Recv: 90.05 MiB, Paid 0.000000000190949274 FIL, ClientEventPaymentSent (DealStatusOngoing)
Apr 04 06:39:36 > Recv: 92.05 MiB, Paid 0.000000000190949274 FIL, ClientEventBlocksReceived (DealStatusOngoing)
Apr 04 06:39:37 > Recv: 93.05 MiB, Paid 0.000000000190949274 FIL, ClientEventBlocksReceived (DealStatusOngoing)
Apr 04 06:39:38 > Recv: 94.05 MiB, Paid 0.000000000190949274 FIL, ClientEventBlocksReceived (DealStatusOngoing)
Apr 04 06:39:38 > Recv: 95.05 MiB, Paid 0.000000000190949274 FIL, ClientEventBlocksReceived (DealStatusOngoing)
Apr 04 06:39:40 > Recv: 96.05 MiB, Paid 0.000000000190949274 FIL, ClientEventBlocksReceived (DealStatusOngoing)
Apr 04 06:39:42 > Recv: 97.05 MiB, Paid 0.000000000190949274 FIL, ClientEventBlocksReceived (DealStatusOngoing)
Apr 04 06:39:43 > Recv: 98.05 MiB, Paid 0.000000000190949274 FIL, ClientEventBlocksReceived (DealStatusOngoing)
Apr 04 06:39:45 > Recv: 99.05 MiB, Paid 0.000000000190949274 FIL, ClientEventBlocksReceived (DealStatusOngoing)
Apr 04 06:39:48 > Recv: 100.1 MiB, Paid 0.000000000190949274 FIL, ClientEventBlocksReceived (DealStatusOngoing)
Apr 04 06:39:51 > Recv: 101.1 MiB, Paid 0.000000000190949274 FIL, ClientEventBlocksReceived (DealStatusOngoing)
Apr 04 06:39:53 > Recv: 102.1 MiB, Paid 0.000000000190949274 FIL, ClientEventBlocksReceived (DealStatusOngoing)
Apr 04 06:39:54 > Recv: 103.1 MiB, Paid 0.000000000190949274 FIL, ClientEventBlocksReceived (DealStatusOngoing)
Apr 04 06:39:54 > Recv: 104.1 MiB, Paid 0.000000000190949274 FIL, ClientEventBlocksReceived (DealStatusOngoing)
Apr 04 06:39:56 > Recv: 104.1 MiB, Paid 0.000000000190949274 FIL, ClientEventPaymentRequested (DealStatusFundsNeeded)
Apr 04 06:39:56 > Recv: 104.1 MiB, Paid 0.000000000190949274 FIL, ClientEventSendFunds (DealStatusSendFunds)
Apr 04 06:39:56 > Recv: 104.1 MiB, Paid 0.000000000220309402 FIL, ClientEventPaymentSent (DealStatusOngoing)
Apr 04 06:39:59 > Recv: 106.1 MiB, Paid 0.000000000220309402 FIL, ClientEventBlocksReceived (DealStatusOngoing)
Apr 04 06:40:02 > Recv: 107.1 MiB, Paid 0.000000000220309402 FIL, ClientEventBlocksReceived (DealStatusOngoing)
Apr 04 06:40:04 > Recv: 108.1 MiB, Paid 0.000000000220309402 FIL, ClientEventBlocksReceived (DealStatusOngoing)
Apr 04 06:40:06 > Recv: 109.1 MiB, Paid 0.000000000220309402 FIL, ClientEventBlocksReceived (DealStatusOngoing)
Apr 04 06:40:07 > Recv: 110.1 MiB, Paid 0.000000000220309402 FIL, ClientEventBlocksReceived (DealStatusOngoing)
Apr 04 06:40:09 > Recv: 111.1 MiB, Paid 0.000000000220309402 FIL, ClientEventBlocksReceived (DealStatusOngoing)
Apr 04 06:40:10 > Recv: 112.1 MiB, Paid 0.000000000220309402 FIL, ClientEventBlocksReceived (DealStatusOngoing)
Apr 04 06:40:12 > Recv: 113.1 MiB, Paid 0.000000000220309402 FIL, ClientEventBlocksReceived (DealStatusOngoing)
Apr 04 06:40:14 > Recv: 114.1 MiB, Paid 0.000000000220309402 FIL, ClientEventBlocksReceived (DealStatusOngoing)
Apr 04 06:40:16 > Recv: 115.1 MiB, Paid 0.000000000220309402 FIL, ClientEventBlocksReceived (DealStatusOngoing)
Apr 04 06:40:18 > Recv: 116.1 MiB, Paid 0.000000000220309402 FIL, ClientEventBlocksReceived (DealStatusOngoing)
Apr 04 06:40:20 > Recv: 117.1 MiB, Paid 0.000000000220309402 FIL, ClientEventBlocksReceived (DealStatusOngoing)
Apr 04 06:40:21 > Recv: 118.1 MiB, Paid 0.000000000220309402 FIL, ClientEventBlocksReceived (DealStatusOngoing)
Apr 04 06:40:23 > Recv: 119.1 MiB, Paid 0.000000000220309402 FIL, ClientEventBlocksReceived (DealStatusOngoing)
Apr 04 06:40:25 > Recv: 119.1 MiB, Paid 0.000000000220309402 FIL, ClientEventPaymentRequested (DealStatusFundsNeeded)
Apr 04 06:40:25 > Recv: 119.1 MiB, Paid 0.000000000220309402 FIL, ClientEventSendFunds (DealStatusSendFunds)
Apr 04 06:40:25 > Recv: 119.1 MiB, Paid 0.000000000251766682 FIL, ClientEventPaymentSent (DealStatusOngoing)
Apr 04 06:40:27 > Recv: 121.1 MiB, Paid 0.000000000251766682 FIL, ClientEventBlocksReceived (DealStatusOngoing)
Apr 04 06:40:29 > Recv: 122.1 MiB, Paid 0.000000000251766682 FIL, ClientEventBlocksReceived (DealStatusOngoing)
Apr 04 06:40:31 > Recv: 123.1 MiB, Paid 0.000000000251766682 FIL, ClientEventBlocksReceived (DealStatusOngoing)
Apr 04 06:40:33 > Recv: 124.1 MiB, Paid 0.000000000251766682 FIL, ClientEventBlocksReceived (DealStatusOngoing)
Apr 04 06:40:34 > Recv: 125.1 MiB, Paid 0.000000000251766682 FIL, ClientEventBlocksReceived (DealStatusOngoing)
Apr 04 06:40:37 > Recv: 126.1 MiB, Paid 0.000000000251766682 FIL, ClientEventBlocksReceived (DealStatusOngoing)
Apr 04 06:40:39 > Recv: 127.1 MiB, Paid 0.000000000251766682 FIL, ClientEventBlocksReceived (DealStatusOngoing)
Apr 04 06:40:42 > Recv: 128.1 MiB, Paid 0.000000000251766682 FIL, ClientEventBlocksReceived (DealStatusOngoing)
Apr 04 06:40:43 > Recv: 129.1 MiB, Paid 0.000000000251766682 FIL, ClientEventBlocksReceived (DealStatusOngoing)
Apr 04 06:40:44 > Recv: 130.1 MiB, Paid 0.000000000251766682 FIL, ClientEventBlocksReceived (DealStatusOngoing)
Apr 04 06:40:45 > Recv: 131.1 MiB, Paid 0.000000000251766682 FIL, ClientEventBlocksReceived (DealStatusOngoing)
Apr 04 06:40:48 > Recv: 132.1 MiB, Paid 0.000000000251766682 FIL, ClientEventBlocksReceived (DealStatusOngoing)
Apr 04 06:40:50 > Recv: 133.1 MiB, Paid 0.000000000251766682 FIL, ClientEventBlocksReceived (DealStatusOngoing)
Apr 04 06:40:51 > Recv: 134.1 MiB, Paid 0.000000000251766682 FIL, ClientEventBlocksReceived (DealStatusOngoing)
Apr 04 06:40:53 > Recv: 135.1 MiB, Paid 0.000000000251766682 FIL, ClientEventBlocksReceived (DealStatusOngoing)
Apr 04 06:40:56 > Recv: 135.1 MiB, Paid 0.000000000251766682 FIL, ClientEventPaymentRequested (DealStatusFundsNeeded)
Apr 04 06:40:56 > Recv: 135.1 MiB, Paid 0.000000000251766682 FIL, ClientEventSendFunds (DealStatusSendFunds)
Apr 04 06:40:56 > Recv: 135.1 MiB, Paid 0.000000000285321114 FIL, ClientEventPaymentSent (DealStatusOngoing)
Apr 04 06:40:58 > Recv: 137.1 MiB, Paid 0.000000000285321114 FIL, ClientEventBlocksReceived (DealStatusOngoing)
Apr 04 06:40:59 > Recv: 138.1 MiB, Paid 0.000000000285321114 FIL, ClientEventBlocksReceived (DealStatusOngoing)
Apr 04 06:41:00 > Recv: 139.1 MiB, Paid 0.000000000285321114 FIL, ClientEventBlocksReceived (DealStatusOngoing)
Apr 04 06:41:01 > Recv: 140.1 MiB, Paid 0.000000000285321114 FIL, ClientEventBlocksReceived (DealStatusOngoing)
Apr 04 06:41:02 > Recv: 141.1 MiB, Paid 0.000000000285321114 FIL, ClientEventBlocksReceived (DealStatusOngoing)
Apr 04 06:41:03 > Recv: 142.1 MiB, Paid 0.000000000285321114 FIL, ClientEventBlocksReceived (DealStatusOngoing)
Apr 04 06:41:04 > Recv: 143.1 MiB, Paid 0.000000000285321114 FIL, ClientEventBlocksReceived (DealStatusOngoing)
Apr 04 06:41:05 > Recv: 144.1 MiB, Paid 0.000000000285321114 FIL, ClientEventBlocksReceived (DealStatusOngoing)
Apr 04 06:41:06 > Recv: 145.1 MiB, Paid 0.000000000285321114 FIL, ClientEventBlocksReceived (DealStatusOngoing)
Apr 04 06:41:08 > Recv: 146.1 MiB, Paid 0.000000000285321114 FIL, ClientEventBlocksReceived (DealStatusOngoing)
Apr 04 06:41:09 > Recv: 147.1 MiB, Paid 0.000000000285321114 FIL, ClientEventBlocksReceived (DealStatusOngoing)
Apr 04 06:41:11 > Recv: 148.1 MiB, Paid 0.000000000285321114 FIL, ClientEventBlocksReceived (DealStatusOngoing)
Apr 04 06:41:12 > Recv: 149.1 MiB, Paid 0.000000000285321114 FIL, ClientEventBlocksReceived (DealStatusOngoing)
Apr 04 06:41:13 > Recv: 150.1 MiB, Paid 0.000000000285321114 FIL, ClientEventBlocksReceived (DealStatusOngoing)
Apr 04 06:41:14 > Recv: 151.1 MiB, Paid 0.000000000285321114 FIL, ClientEventBlocksReceived (DealStatusOngoing)
Apr 04 06:41:14 > Recv: 152.1 MiB, Paid 0.000000000285321114 FIL, ClientEventBlocksReceived (DealStatusOngoing)
Apr 04 06:41:15 > Recv: 152.1 MiB, Paid 0.000000000285321114 FIL, ClientEventPaymentRequested (DealStatusFundsNeeded)
Apr 04 06:41:15 > Recv: 152.1 MiB, Paid 0.000000000285321114 FIL, ClientEventSendFunds (DealStatusSendFunds)
Apr 04 06:41:15 > Recv: 152.1 MiB, Paid 0.000000000320972698 FIL, ClientEventPaymentSent (DealStatusOngoing)
Apr 04 06:41:17 > Recv: 154.1 MiB, Paid 0.000000000320972698 FIL, ClientEventBlocksReceived (DealStatusOngoing)
Apr 04 06:41:18 > Recv: 155.1 MiB, Paid 0.000000000320972698 FIL, ClientEventBlocksReceived (DealStatusOngoing)
Apr 04 06:41:20 > Recv: 156.1 MiB, Paid 0.000000000320972698 FIL, ClientEventBlocksReceived (DealStatusOngoing)
Apr 04 06:41:21 > Recv: 157.1 MiB, Paid 0.000000000320972698 FIL, ClientEventBlocksReceived (DealStatusOngoing)
Apr 04 06:41:22 > Recv: 158.1 MiB, Paid 0.000000000320972698 FIL, ClientEventBlocksReceived (DealStatusOngoing)
Apr 04 06:41:23 > Recv: 159.1 MiB, Paid 0.000000000320972698 FIL, ClientEventBlocksReceived (DealStatusOngoing)
Apr 04 06:41:24 > Recv: 160.1 MiB, Paid 0.000000000320972698 FIL, ClientEventBlocksReceived (DealStatusOngoing)
Apr 04 06:41:25 > Recv: 161.1 MiB, Paid 0.000000000320972698 FIL, ClientEventBlocksReceived (DealStatusOngoing)
Apr 04 06:41:25 > Recv: 162.1 MiB, Paid 0.000000000320972698 FIL, ClientEventBlocksReceived (DealStatusOngoing)
Apr 04 06:41:26 > Recv: 163.1 MiB, Paid 0.000000000320972698 FIL, ClientEventBlocksReceived (DealStatusOngoing)
Apr 04 06:41:26 > Recv: 164.1 MiB, Paid 0.000000000320972698 FIL, ClientEventBlocksReceived (DealStatusOngoing)
Apr 04 06:41:27 > Recv: 165.1 MiB, Paid 0.000000000320972698 FIL, ClientEventBlocksReceived (DealStatusOngoing)
Apr 04 06:41:27 > Recv: 166.1 MiB, Paid 0.000000000320972698 FIL, ClientEventBlocksReceived (DealStatusOngoing)
Apr 04 06:41:27 > Recv: 167.1 MiB, Paid 0.000000000320972698 FIL, ClientEventBlocksReceived (DealStatusOngoing)
Apr 04 06:41:28 > Recv: 168.1 MiB, Paid 0.000000000320972698 FIL, ClientEventBlocksReceived (DealStatusOngoing)
Apr 04 06:41:28 > Recv: 169.1 MiB, Paid 0.000000000320972698 FIL, ClientEventBlocksReceived (DealStatusOngoing)
Apr 04 06:41:28 > Recv: 170.1 MiB, Paid 0.000000000320972698 FIL, ClientEventBlocksReceived (DealStatusOngoing)
Apr 04 06:41:28 > Recv: 170.1 MiB, Paid 0.000000000320972698 FIL, ClientEventPaymentRequested (DealStatusFundsNeeded)
Apr 04 06:41:28 > Recv: 170.1 MiB, Paid 0.000000000320972698 FIL, ClientEventSendFunds (DealStatusSendFunds)
Apr 04 06:41:29 > Recv: 170.1 MiB, Paid 0.000000000358721434 FIL, ClientEventPaymentSent (DealStatusOngoing)
Apr 04 06:41:29 > Recv: 172.1 MiB, Paid 0.000000000358721434 FIL, ClientEventBlocksReceived (DealStatusOngoing)
Apr 04 06:41:29 > Recv: 173.1 MiB, Paid 0.000000000358721434 FIL, ClientEventBlocksReceived (DealStatusOngoing)
Apr 04 06:41:29 > Recv: 174.1 MiB, Paid 0.000000000358721434 FIL, ClientEventBlocksReceived (DealStatusOngoing)
Apr 04 06:41:30 > Recv: 175.1 MiB, Paid 0.000000000358721434 FIL, ClientEventBlocksReceived (DealStatusOngoing)
Apr 04 06:41:30 > Recv: 176.1 MiB, Paid 0.000000000358721434 FIL, ClientEventBlocksReceived (DealStatusOngoing)
Apr 04 06:41:31 > Recv: 177.1 MiB, Paid 0.000000000358721434 FIL, ClientEventBlocksReceived (DealStatusOngoing)
Apr 04 06:41:31 > Recv: 178.1 MiB, Paid 0.000000000358721434 FIL, ClientEventBlocksReceived (DealStatusOngoing)
Apr 04 06:41:34 > Recv: 179.1 MiB, Paid 0.000000000358721434 FIL, ClientEventBlocksReceived (DealStatusOngoing)
Apr 04 06:41:37 > Recv: 180.1 MiB, Paid 0.000000000358721434 FIL, ClientEventBlocksReceived (DealStatusOngoing)
Apr 04 06:41:40 > Recv: 181.1 MiB, Paid 0.000000000358721434 FIL, ClientEventBlocksReceived (DealStatusOngoing)
Apr 04 06:41:42 > Recv: 182.1 MiB, Paid 0.000000000358721434 FIL, ClientEventBlocksReceived (DealStatusOngoing)
Apr 04 06:41:43 > Recv: 183.1 MiB, Paid 0.000000000358721434 FIL, ClientEventBlocksReceived (DealStatusOngoing)
Apr 04 06:41:44 > Recv: 184.1 MiB, Paid 0.000000000358721434 FIL, ClientEventBlocksReceived (DealStatusOngoing)
Apr 04 06:41:48 > Recv: 185.1 MiB, Paid 0.000000000358721434 FIL, ClientEventBlocksReceived (DealStatusOngoing)
Apr 04 06:41:52 > Recv: 186.1 MiB, Paid 0.000000000358721434 FIL, ClientEventBlocksReceived (DealStatusOngoing)
Apr 04 06:41:56 > Recv: 187.1 MiB, Paid 0.000000000358721434 FIL, ClientEventBlocksReceived (DealStatusOngoing)
Apr 04 06:41:56 > Recv: 188.1 MiB, Paid 0.000000000358721434 FIL, ClientEventBlocksReceived (DealStatusOngoing)
Apr 04 06:41:57 > Recv: 189.1 MiB, Paid 0.000000000358721434 FIL, ClientEventBlocksReceived (DealStatusOngoing)
Apr 04 06:41:57 > Recv: 189.1 MiB, Paid 0.000000000358721434 FIL, ClientEventPaymentRequested (DealStatusFundsNeeded)
Apr 04 06:41:57 > Recv: 189.1 MiB, Paid 0.000000000358721434 FIL, ClientEventSendFunds (DealStatusSendFunds)
Apr 04 06:41:57 > Recv: 189.1 MiB, Paid 0.000000000398567322 FIL, ClientEventPaymentSent (DealStatusOngoing)
Apr 04 06:42:02 > Recv: 191.1 MiB, Paid 0.000000000398567322 FIL, ClientEventBlocksReceived (DealStatusOngoing)
Apr 04 06:42:05 > Recv: 192.1 MiB, Paid 0.000000000398567322 FIL, ClientEventBlocksReceived (DealStatusOngoing)
Apr 04 06:42:11 > Recv: 193.1 MiB, Paid 0.000000000398567322 FIL, ClientEventBlocksReceived (DealStatusOngoing)
Apr 04 06:42:13 > Recv: 194.1 MiB, Paid 0.000000000398567322 FIL, ClientEventBlocksReceived (DealStatusOngoing)
Apr 04 06:42:13 > Recv: 195.1 MiB, Paid 0.000000000398567322 FIL, ClientEventBlocksReceived (DealStatusOngoing)
Apr 04 06:42:14 > Recv: 196.1 MiB, Paid 0.000000000398567322 FIL, ClientEventBlocksReceived (DealStatusOngoing)
Apr 04 06:42:14 > Recv: 197.1 MiB, Paid 0.000000000398567322 FIL, ClientEventBlocksReceived (DealStatusOngoing)
Apr 04 06:42:14 > Recv: 198.1 MiB, Paid 0.000000000398567322 FIL, ClientEventBlocksReceived (DealStatusOngoing)
Apr 04 06:42:14 > Recv: 199.1 MiB, Paid 0.000000000398567322 FIL, ClientEventBlocksReceived (DealStatusOngoing)
Apr 04 06:42:14 > Recv: 200.1 MiB, Paid 0.000000000398567322 FIL, ClientEventBlocksReceived (DealStatusOngoing)
Apr 04 06:42:14 > Recv: 201.1 MiB, Paid 0.000000000398567322 FIL, ClientEventBlocksReceived (DealStatusOngoing)
Apr 04 06:42:14 > Recv: 202.1 MiB, Paid 0.000000000398567322 FIL, ClientEventBlocksReceived (DealStatusOngoing)
Apr 04 06:42:14 > Recv: 203.1 MiB, Paid 0.000000000398567322 FIL, ClientEventBlocksReceived (DealStatusOngoing)
Apr 04 06:42:14 > Recv: 204.1 MiB, Paid 0.000000000398567322 FIL, ClientEventBlocksReceived (DealStatusOngoing)
Apr 04 06:42:15 > Recv: 205.1 MiB, Paid 0.000000000398567322 FIL, ClientEventBlocksReceived (DealStatusOngoing)
Apr 04 06:42:15 > Recv: 206.1 MiB, Paid 0.000000000398567322 FIL, ClientEventBlocksReceived (DealStatusOngoing)
Apr 04 06:42:15 > Recv: 207.1 MiB, Paid 0.000000000398567322 FIL, ClientEventBlocksReceived (DealStatusOngoing)
Apr 04 06:42:15 > Recv: 208.1 MiB, Paid 0.000000000398567322 FIL, ClientEventBlocksReceived (DealStatusOngoing)
Apr 04 06:42:15 > Recv: 209.1 MiB, Paid 0.000000000398567322 FIL, ClientEventBlocksReceived (DealStatusOngoing)
Apr 04 06:42:15 > Recv: 209.1 MiB, Paid 0.000000000398567322 FIL, ClientEventPaymentRequested (DealStatusFundsNeeded)
Apr 04 06:42:15 > Recv: 209.1 MiB, Paid 0.000000000398567322 FIL, ClientEventSendFunds (DealStatusSendFunds)
Apr 04 06:42:15 > Recv: 209.1 MiB, Paid 0.000000000440510362 FIL, ClientEventPaymentSent (DealStatusOngoing)
Apr 04 06:42:21 > Recv: 211.1 MiB, Paid 0.000000000440510362 FIL, ClientEventBlocksReceived (DealStatusOngoing)
Apr 04 06:42:22 > Recv: 212.1 MiB, Paid 0.000000000440510362 FIL, ClientEventBlocksReceived (DealStatusOngoing)
Apr 04 06:42:24 > Recv: 213.1 MiB, Paid 0.000000000440510362 FIL, ClientEventBlocksReceived (DealStatusOngoing)
Apr 04 06:42:25 > Recv: 214.1 MiB, Paid 0.000000000440510362 FIL, ClientEventBlocksReceived (DealStatusOngoing)
Apr 04 06:42:26 > Recv: 215.1 MiB, Paid 0.000000000440510362 FIL, ClientEventBlocksReceived (DealStatusOngoing)
Apr 04 06:42:27 > Recv: 216.1 MiB, Paid 0.000000000440510362 FIL, ClientEventBlocksReceived (DealStatusOngoing)
Apr 04 06:42:28 > Recv: 217.1 MiB, Paid 0.000000000440510362 FIL, ClientEventBlocksReceived (DealStatusOngoing)
Apr 04 06:42:28 > Recv: 218.1 MiB, Paid 0.000000000440510362 FIL, ClientEventBlocksReceived (DealStatusOngoing)
Apr 04 06:42:29 > Recv: 219.1 MiB, Paid 0.000000000440510362 FIL, ClientEventBlocksReceived (DealStatusOngoing)
Apr 04 06:42:30 > Recv: 220.1 MiB, Paid 0.000000000440510362 FIL, ClientEventBlocksReceived (DealStatusOngoing)
Apr 04 06:42:30 > Recv: 221.1 MiB, Paid 0.000000000440510362 FIL, ClientEventBlocksReceived (DealStatusOngoing)
Apr 04 06:42:31 > Recv: 222.1 MiB, Paid 0.000000000440510362 FIL, ClientEventBlocksReceived (DealStatusOngoing)
Apr 04 06:42:32 > Recv: 223.1 MiB, Paid 0.000000000440510362 FIL, ClientEventBlocksReceived (DealStatusOngoing)
Apr 04 06:42:34 > Recv: 224.1 MiB, Paid 0.000000000440510362 FIL, ClientEventBlocksReceived (DealStatusOngoing)
Apr 04 06:42:36 > Recv: 225.1 MiB, Paid 0.000000000440510362 FIL, ClientEventBlocksReceived (DealStatusOngoing)
Apr 04 06:42:38 > Recv: 226.1 MiB, Paid 0.000000000440510362 FIL, ClientEventBlocksReceived (DealStatusOngoing)
Apr 04 06:42:43 > Recv: 227.1 MiB, Paid 0.000000000440510362 FIL, ClientEventBlocksReceived (DealStatusOngoing)
Apr 04 06:42:44 > Recv: 228.1 MiB, Paid 0.000000000440510362 FIL, ClientEventBlocksReceived (DealStatusOngoing)
Apr 04 06:42:45 > Recv: 229.1 MiB, Paid 0.000000000440510362 FIL, ClientEventBlocksReceived (DealStatusOngoing)
Apr 04 06:42:46 > Recv: 230.1 MiB, Paid 0.000000000440510362 FIL, ClientEventBlocksReceived (DealStatusOngoing)
Apr 04 06:42:47 > Recv: 230.1 MiB, Paid 0.000000000440510362 FIL, ClientEventPaymentRequested (DealStatusFundsNeeded)
Apr 04 06:42:47 > Recv: 230.1 MiB, Paid 0.000000000440510362 FIL, ClientEventSendFunds (DealStatusSendFunds)
Apr 04 06:42:47 > Recv: 230.1 MiB, Paid 0.000000000484550554 FIL, ClientEventPaymentSent (DealStatusOngoing)
Apr 04 06:42:54 > Recv: 232.1 MiB, Paid 0.000000000484550554 FIL, ClientEventBlocksReceived (DealStatusOngoing)
Apr 04 06:42:57 > Recv: 233.1 MiB, Paid 0.000000000484550554 FIL, ClientEventBlocksReceived (DealStatusOngoing)
Apr 04 06:42:59 > Recv: 234.1 MiB, Paid 0.000000000484550554 FIL, ClientEventBlocksReceived (DealStatusOngoing)
Apr 04 06:43:01 > Recv: 235.1 MiB, Paid 0.000000000484550554 FIL, ClientEventBlocksReceived (DealStatusOngoing)
Apr 04 06:43:02 > Recv: 236.1 MiB, Paid 0.000000000484550554 FIL, ClientEventBlocksReceived (DealStatusOngoing)
Apr 04 06:43:03 > Recv: 237.1 MiB, Paid 0.000000000484550554 FIL, ClientEventBlocksReceived (DealStatusOngoing)
Apr 04 06:43:03 > Recv: 238.1 MiB, Paid 0.000000000484550554 FIL, ClientEventBlocksReceived (DealStatusOngoing)
Apr 04 06:43:04 > Recv: 239.1 MiB, Paid 0.000000000484550554 FIL, ClientEventBlocksReceived (DealStatusOngoing)
Apr 04 06:43:04 > Recv: 240.1 MiB, Paid 0.000000000484550554 FIL, ClientEventBlocksReceived (DealStatusOngoing)
Apr 04 06:43:05 > Recv: 241.1 MiB, Paid 0.000000000484550554 FIL, ClientEventBlocksReceived (DealStatusOngoing)
Apr 04 06:43:06 > Recv: 242.1 MiB, Paid 0.000000000484550554 FIL, ClientEventBlocksReceived (DealStatusOngoing)
Apr 04 06:43:08 > Recv: 243.1 MiB, Paid 0.000000000484550554 FIL, ClientEventBlocksReceived (DealStatusOngoing)
Apr 04 06:43:09 > Recv: 244.1 MiB, Paid 0.000000000484550554 FIL, ClientEventBlocksReceived (DealStatusOngoing)
Apr 04 06:43:12 > Recv: 245.1 MiB, Paid 0.000000000484550554 FIL, ClientEventBlocksReceived (DealStatusOngoing)
Apr 04 06:43:16 > Recv: 246.1 MiB, Paid 0.000000000484550554 FIL, ClientEventBlocksReceived (DealStatusOngoing)
Apr 04 06:43:17 > Recv: 247.1 MiB, Paid 0.000000000484550554 FIL, ClientEventBlocksReceived (DealStatusOngoing)
Apr 04 06:43:18 > Recv: 248.1 MiB, Paid 0.000000000484550554 FIL, ClientEventBlocksReceived (DealStatusOngoing)
Apr 04 06:43:18 > Recv: 249.1 MiB, Paid 0.000000000484550554 FIL, ClientEventBlocksReceived (DealStatusOngoing)
Apr 04 06:43:18 > Recv: 250.1 MiB, Paid 0.000000000484550554 FIL, ClientEventBlocksReceived (DealStatusOngoing)
Apr 04 06:43:19 > Recv: 251.1 MiB, Paid 0.000000000484550554 FIL, ClientEventBlocksReceived (DealStatusOngoing)
Apr 04 06:43:20 > Recv: 252.1 MiB, Paid 0.000000000484550554 FIL, ClientEventBlocksReceived (DealStatusOngoing)
Apr 04 06:43:20 > Recv: 252.1 MiB, Paid 0.000000000484550554 FIL, ClientEventPaymentRequested (DealStatusFundsNeeded)
Apr 04 06:43:20 > Recv: 252.1 MiB, Paid 0.000000000484550554 FIL, ClientEventSendFunds (DealStatusSendFunds)
Apr 04 06:43:20 > Recv: 252.1 MiB, Paid 0.000000000530687898 FIL, ClientEventPaymentSent (DealStatusOngoing)
Apr 04 06:43:28 > Recv: 254.1 MiB, Paid 0.000000000530687898 FIL, ClientEventBlocksReceived (DealStatusOngoing)
Apr 04 06:43:30 > Recv: 255.1 MiB, Paid 0.000000000530687898 FIL, ClientEventBlocksReceived (DealStatusOngoing)
Apr 04 06:43:33 > Recv: 256.1 MiB, Paid 0.000000000530687898 FIL, ClientEventBlocksReceived (DealStatusOngoing)
Apr 04 06:43:35 > Recv: 257.1 MiB, Paid 0.000000000530687898 FIL, ClientEventBlocksReceived (DealStatusOngoing)
Apr 04 06:43:36 > Recv: 258.1 MiB, Paid 0.000000000530687898 FIL, ClientEventBlocksReceived (DealStatusOngoing)
Apr 04 06:43:37 > Recv: 259.1 MiB, Paid 0.000000000530687898 FIL, ClientEventBlocksReceived (DealStatusOngoing)
Apr 04 06:43:38 > Recv: 260.1 MiB, Paid 0.000000000530687898 FIL, ClientEventBlocksReceived (DealStatusOngoing)
Apr 04 06:43:38 > Recv: 261.1 MiB, Paid 0.000000000530687898 FIL, ClientEventBlocksReceived (DealStatusOngoing)
Apr 04 06:43:39 > Recv: 262.1 MiB, Paid 0.000000000530687898 FIL, ClientEventBlocksReceived (DealStatusOngoing)
Apr 04 06:43:39 > Recv: 263.1 MiB, Paid 0.000000000530687898 FIL, ClientEventBlocksReceived (DealStatusOngoing)
Apr 04 06:43:39 > Recv: 264.1 MiB, Paid 0.000000000530687898 FIL, ClientEventBlocksReceived (DealStatusOngoing)
Apr 04 06:43:39 > Recv: 265.1 MiB, Paid 0.000000000530687898 FIL, ClientEventBlocksReceived (DealStatusOngoing)
Apr 04 06:43:39 > Recv: 266.1 MiB, Paid 0.000000000530687898 FIL, ClientEventBlocksReceived (DealStatusOngoing)
Apr 04 06:43:39 > Recv: 267.1 MiB, Paid 0.000000000530687898 FIL, ClientEventBlocksReceived (DealStatusOngoing)
Apr 04 06:43:39 > Recv: 268.1 MiB, Paid 0.000000000530687898 FIL, ClientEventBlocksReceived (DealStatusOngoing)
Apr 04 06:43:39 > Recv: 269.1 MiB, Paid 0.000000000530687898 FIL, ClientEventBlocksReceived (DealStatusOngoing)
Apr 04 06:43:40 > Recv: 270.1 MiB, Paid 0.000000000530687898 FIL, ClientEventBlocksReceived (DealStatusOngoing)
Apr 04 06:43:41 > Recv: 271.1 MiB, Paid 0.000000000530687898 FIL, ClientEventBlocksReceived (DealStatusOngoing)
Apr 04 06:43:42 > Recv: 272.1 MiB, Paid 0.000000000530687898 FIL, ClientEventBlocksReceived (DealStatusOngoing)
Apr 04 06:43:44 > Recv: 273.1 MiB, Paid 0.000000000530687898 FIL, ClientEventBlocksReceived (DealStatusOngoing)
Apr 04 06:43:45 > Recv: 274.1 MiB, Paid 0.000000000530687898 FIL, ClientEventBlocksReceived (DealStatusOngoing)
Apr 04 06:43:48 > Recv: 275.1 MiB, Paid 0.000000000530687898 FIL, ClientEventBlocksReceived (DealStatusOngoing)
Apr 04 06:43:51 > Recv: 275.1 MiB, Paid 0.000000000530687898 FIL, ClientEventPaymentRequested (DealStatusFundsNeeded)
Apr 04 06:43:51 > Recv: 275.1 MiB, Paid 0.000000000530687898 FIL, ClientEventSendFunds (DealStatusSendFunds)
Apr 04 06:43:51 > Recv: 275.1 MiB, Paid 0.000000000578922394 FIL, ClientEventPaymentSent (DealStatusOngoing)
Apr 04 06:44:03 > Recv: 277.1 MiB, Paid 0.000000000578922394 FIL, ClientEventBlocksReceived (DealStatusOngoing)
Apr 04 06:44:09 > Recv: 278.1 MiB, Paid 0.000000000578922394 FIL, ClientEventBlocksReceived (DealStatusOngoing)
Apr 04 06:44:11 > Recv: 279.1 MiB, Paid 0.000000000578922394 FIL, ClientEventBlocksReceived (DealStatusOngoing)
Apr 04 06:44:13 > Recv: 280.1 MiB, Paid 0.000000000578922394 FIL, ClientEventBlocksReceived (DealStatusOngoing)
Apr 04 06:44:14 > Recv: 281.1 MiB, Paid 0.000000000578922394 FIL, ClientEventBlocksReceived (DealStatusOngoing)
Apr 04 06:44:15 > Recv: 282.1 MiB, Paid 0.000000000578922394 FIL, ClientEventBlocksReceived (DealStatusOngoing)
Apr 04 06:44:16 > Recv: 283.1 MiB, Paid 0.000000000578922394 FIL, ClientEventBlocksReceived (DealStatusOngoing)
Apr 04 06:44:17 > Recv: 284.1 MiB, Paid 0.000000000578922394 FIL, ClientEventBlocksReceived (DealStatusOngoing)
Apr 04 06:44:17 > Recv: 285.1 MiB, Paid 0.000000000578922394 FIL, ClientEventBlocksReceived (DealStatusOngoing)
Apr 04 06:44:17 > Recv: 286.1 MiB, Paid 0.000000000578922394 FIL, ClientEventBlocksReceived (DealStatusOngoing)
Apr 04 06:44:17 > Recv: 287.1 MiB, Paid 0.000000000578922394 FIL, ClientEventBlocksReceived (DealStatusOngoing)
Apr 04 06:44:17 > Recv: 288.1 MiB, Paid 0.000000000578922394 FIL, ClientEventBlocksReceived (DealStatusOngoing)
Apr 04 06:44:17 > Recv: 289.1 MiB, Paid 0.000000000578922394 FIL, ClientEventBlocksReceived (DealStatusOngoing)
Apr 04 06:44:17 > Recv: 290.1 MiB, Paid 0.000000000578922394 FIL, ClientEventBlocksReceived (DealStatusOngoing)
Apr 04 06:44:17 > Recv: 291.1 MiB, Paid 0.000000000578922394 FIL, ClientEventBlocksReceived (DealStatusOngoing)
Apr 04 06:44:17 > Recv: 292.1 MiB, Paid 0.000000000578922394 FIL, ClientEventBlocksReceived (DealStatusOngoing)
Apr 04 06:44:18 > Recv: 293.1 MiB, Paid 0.000000000578922394 FIL, ClientEventBlocksReceived (DealStatusOngoing)
Apr 04 06:44:20 > Recv: 294.1 MiB, Paid 0.000000000578922394 FIL, ClientEventBlocksReceived (DealStatusOngoing)
Apr 04 06:44:22 > Recv: 295.1 MiB, Paid 0.000000000578922394 FIL, ClientEventBlocksReceived (DealStatusOngoing)
Apr 04 06:44:24 > Recv: 296.1 MiB, Paid 0.000000000578922394 FIL, ClientEventBlocksReceived (DealStatusOngoing)
Apr 04 06:44:26 > Recv: 297.1 MiB, Paid 0.000000000578922394 FIL, ClientEventBlocksReceived (DealStatusOngoing)
Apr 04 06:44:28 > Recv: 298.1 MiB, Paid 0.000000000578922394 FIL, ClientEventBlocksReceived (DealStatusOngoing)
Apr 04 06:44:30 > Recv: 299.1 MiB, Paid 0.000000000578922394 FIL, ClientEventBlocksReceived (DealStatusOngoing)
Apr 04 06:44:31 > Recv: 299.1 MiB, Paid 0.000000000578922394 FIL, ClientEventPaymentRequested (DealStatusFundsNeeded)
Apr 04 06:44:31 > Recv: 299.1 MiB, Paid 0.000000000578922394 FIL, ClientEventSendFunds (DealStatusSendFunds)
Apr 04 06:44:31 > Recv: 299.1 MiB, Paid 0.000000000629254042 FIL, ClientEventPaymentSent (DealStatusOngoing)
Apr 04 06:44:44 > Recv: 301.1 MiB, Paid 0.000000000629254042 FIL, ClientEventBlocksReceived (DealStatusOngoing)
Apr 04 06:44:49 > Recv: 302.1 MiB, Paid 0.000000000629254042 FIL, ClientEventBlocksReceived (DealStatusOngoing)
Apr 04 06:44:50 > Recv: 303.1 MiB, Paid 0.000000000629254042 FIL, ClientEventBlocksReceived (DealStatusOngoing)
Apr 04 06:44:52 > Recv: 304.1 MiB, Paid 0.000000000629254042 FIL, ClientEventBlocksReceived (DealStatusOngoing)
Apr 04 06:44:52 > Recv: 305.1 MiB, Paid 0.000000000629254042 FIL, ClientEventBlocksReceived (DealStatusOngoing)
Apr 04 06:44:52 > Recv: 306.1 MiB, Paid 0.000000000629254042 FIL, ClientEventBlocksReceived (DealStatusOngoing)
Apr 04 06:44:53 > Recv: 307.1 MiB, Paid 0.000000000629254042 FIL, ClientEventBlocksReceived (DealStatusOngoing)
Apr 04 06:44:53 > Recv: 308.1 MiB, Paid 0.000000000629254042 FIL, ClientEventBlocksReceived (DealStatusOngoing)
Apr 04 06:44:54 > Recv: 309.1 MiB, Paid 0.000000000629254042 FIL, ClientEventBlocksReceived (DealStatusOngoing)
Apr 04 06:44:54 > Recv: 310.1 MiB, Paid 0.000000000629254042 FIL, ClientEventBlocksReceived (DealStatusOngoing)
Apr 04 06:44:54 > Recv: 311.1 MiB, Paid 0.000000000629254042 FIL, ClientEventBlocksReceived (DealStatusOngoing)
Apr 04 06:44:55 > Recv: 312.1 MiB, Paid 0.000000000629254042 FIL, ClientEventBlocksReceived (DealStatusOngoing)
Apr 04 06:44:55 > Recv: 313.1 MiB, Paid 0.000000000629254042 FIL, ClientEventBlocksReceived (DealStatusOngoing)
Apr 04 06:44:55 > Recv: 314.1 MiB, Paid 0.000000000629254042 FIL, ClientEventBlocksReceived (DealStatusOngoing)
Apr 04 06:44:55 > Recv: 315.1 MiB, Paid 0.000000000629254042 FIL, ClientEventBlocksReceived (DealStatusOngoing)
Apr 04 06:44:55 > Recv: 316.1 MiB, Paid 0.000000000629254042 FIL, ClientEventBlocksReceived (DealStatusOngoing)
Apr 04 06:44:55 > Recv: 317.1 MiB, Paid 0.000000000629254042 FIL, ClientEventBlocksReceived (DealStatusOngoing)
Apr 04 06:44:55 > Recv: 318.1 MiB, Paid 0.000000000629254042 FIL, ClientEventBlocksReceived (DealStatusOngoing)
Apr 04 06:44:56 > Recv: 319.1 MiB, Paid 0.000000000629254042 FIL, ClientEventBlocksReceived (DealStatusOngoing)
Apr 04 06:44:56 > Recv: 320.1 MiB, Paid 0.000000000629254042 FIL, ClientEventBlocksReceived (DealStatusOngoing)
Apr 04 06:44:56 > Recv: 321.1 MiB, Paid 0.000000000629254042 FIL, ClientEventBlocksReceived (DealStatusOngoing)
Apr 04 06:44:56 > Recv: 322.1 MiB, Paid 0.000000000629254042 FIL, ClientEventBlocksReceived (DealStatusOngoing)
Apr 04 06:44:56 > Recv: 323.1 MiB, Paid 0.000000000629254042 FIL, ClientEventBlocksReceived (DealStatusOngoing)
Apr 04 06:44:56 > Recv: 324.1 MiB, Paid 0.000000000629254042 FIL, ClientEventBlocksReceived (DealStatusOngoing)
Apr 04 06:44:56 > Recv: 324.1 MiB, Paid 0.000000000629254042 FIL, ClientEventPaymentRequested (DealStatusFundsNeeded)
Apr 04 06:44:56 > Recv: 324.1 MiB, Paid 0.000000000629254042 FIL, ClientEventSendFunds (DealStatusSendFunds)
Apr 04 06:44:56 > Recv: 324.1 MiB, Paid 0.000000000681682842 FIL, ClientEventPaymentSent (DealStatusOngoing)
Apr 04 06:45:10 > Recv: 326.1 MiB, Paid 0.000000000681682842 FIL, ClientEventBlocksReceived (DealStatusOngoing)
Apr 04 06:45:11 > Recv: 327.1 MiB, Paid 0.000000000681682842 FIL, ClientEventBlocksReceived (DealStatusOngoing)
Apr 04 06:45:12 > Recv: 328.1 MiB, Paid 0.000000000681682842 FIL, ClientEventBlocksReceived (DealStatusOngoing)
Apr 04 06:45:12 > Recv: 329.1 MiB, Paid 0.000000000681682842 FIL, ClientEventBlocksReceived (DealStatusOngoing)
Apr 04 06:45:13 > Recv: 330.1 MiB, Paid 0.000000000681682842 FIL, ClientEventBlocksReceived (DealStatusOngoing)
Apr 04 06:45:14 > Recv: 331.1 MiB, Paid 0.000000000681682842 FIL, ClientEventBlocksReceived (DealStatusOngoing)
Apr 04 06:45:15 > Recv: 332.1 MiB, Paid 0.000000000681682842 FIL, ClientEventBlocksReceived (DealStatusOngoing)
Apr 04 06:45:16 > Recv: 333.1 MiB, Paid 0.000000000681682842 FIL, ClientEventBlocksReceived (DealStatusOngoing)
Apr 04 06:45:16 > Recv: 334.1 MiB, Paid 0.000000000681682842 FIL, ClientEventBlocksReceived (DealStatusOngoing)
Apr 04 06:45:17 > Recv: 335.1 MiB, Paid 0.000000000681682842 FIL, ClientEventBlocksReceived (DealStatusOngoing)
Apr 04 06:45:17 > Recv: 336.1 MiB, Paid 0.000000000681682842 FIL, ClientEventBlocksReceived (DealStatusOngoing)
Apr 04 06:45:18 > Recv: 337.1 MiB, Paid 0.000000000681682842 FIL, ClientEventBlocksReceived (DealStatusOngoing)
Apr 04 06:45:19 > Recv: 338.1 MiB, Paid 0.000000000681682842 FIL, ClientEventBlocksReceived (DealStatusOngoing)
Apr 04 06:45:21 > Recv: 339.1 MiB, Paid 0.000000000681682842 FIL, ClientEventBlocksReceived (DealStatusOngoing)
Apr 04 06:45:23 > Recv: 340.1 MiB, Paid 0.000000000681682842 FIL, ClientEventBlocksReceived (DealStatusOngoing)
Apr 04 06:45:26 > Recv: 341.1 MiB, Paid 0.000000000681682842 FIL, ClientEventBlocksReceived (DealStatusOngoing)
Apr 04 06:45:28 > Recv: 342.1 MiB, Paid 0.000000000681682842 FIL, ClientEventBlocksReceived (DealStatusOngoing)
Apr 04 06:45:30 > Recv: 343.1 MiB, Paid 0.000000000681682842 FIL, ClientEventBlocksReceived (DealStatusOngoing)
Apr 04 06:45:31 > Recv: 344.1 MiB, Paid 0.000000000681682842 FIL, ClientEventBlocksReceived (DealStatusOngoing)
Apr 04 06:45:33 > Recv: 345.1 MiB, Paid 0.000000000681682842 FIL, ClientEventBlocksReceived (DealStatusOngoing)
Apr 04 06:45:34 > Recv: 346.1 MiB, Paid 0.000000000681682842 FIL, ClientEventBlocksReceived (DealStatusOngoing)
Apr 04 06:45:35 > Recv: 347.1 MiB, Paid 0.000000000681682842 FIL, ClientEventBlocksReceived (DealStatusOngoing)
Apr 04 06:45:36 > Recv: 348.1 MiB, Paid 0.000000000681682842 FIL, ClientEventBlocksReceived (DealStatusOngoing)
Apr 04 06:45:37 > Recv: 349.1 MiB, Paid 0.000000000681682842 FIL, ClientEventBlocksReceived (DealStatusOngoing)
Apr 04 06:45:37 > Recv: 350.1 MiB, Paid 0.000000000681682842 FIL, ClientEventBlocksReceived (DealStatusOngoing)
Apr 04 06:45:37 > Recv: 350.1 MiB, Paid 0.000000000681682842 FIL, ClientEventPaymentRequested (DealStatusFundsNeeded)
Apr 04 06:45:37 > Recv: 350.1 MiB, Paid 0.000000000681682842 FIL, ClientEventSendFunds (DealStatusSendFunds)
Apr 04 06:45:37 > Recv: 350.1 MiB, Paid 0.000000000736208794 FIL, ClientEventPaymentSent (DealStatusOngoing)
Apr 04 06:45:52 > Recv: 352.1 MiB, Paid 0.000000000736208794 FIL, ClientEventBlocksReceived (DealStatusOngoing)
Apr 04 06:45:52 > Recv: 353.1 MiB, Paid 0.000000000736208794 FIL, ClientEventBlocksReceived (DealStatusOngoing)
Apr 04 06:45:53 > Recv: 354.1 MiB, Paid 0.000000000736208794 FIL, ClientEventBlocksReceived (DealStatusOngoing)
Apr 04 06:45:53 > Recv: 355.1 MiB, Paid 0.000000000736208794 FIL, ClientEventBlocksReceived (DealStatusOngoing)
Apr 04 06:45:53 > Recv: 356.1 MiB, Paid 0.000000000736208794 FIL, ClientEventBlocksReceived (DealStatusOngoing)
Apr 04 06:45:53 > Recv: 357.1 MiB, Paid 0.000000000736208794 FIL, ClientEventBlocksReceived (DealStatusOngoing)
Apr 04 06:45:54 > Recv: 358.1 MiB, Paid 0.000000000736208794 FIL, ClientEventBlocksReceived (DealStatusOngoing)
Apr 04 06:45:54 > Recv: 359.1 MiB, Paid 0.000000000736208794 FIL, ClientEventBlocksReceived (DealStatusOngoing)
Apr 04 06:45:54 > Recv: 360.1 MiB, Paid 0.000000000736208794 FIL, ClientEventBlocksReceived (DealStatusOngoing)
Apr 04 06:45:55 > Recv: 361.1 MiB, Paid 0.000000000736208794 FIL, ClientEventBlocksReceived (DealStatusOngoing)
Apr 04 06:45:55 > Recv: 362.1 MiB, Paid 0.000000000736208794 FIL, ClientEventBlocksReceived (DealStatusOngoing)
Apr 04 06:45:56 > Recv: 363.1 MiB, Paid 0.000000000736208794 FIL, ClientEventBlocksReceived (DealStatusOngoing)
Apr 04 06:45:56 > Recv: 364.1 MiB, Paid 0.000000000736208794 FIL, ClientEventBlocksReceived (DealStatusOngoing)
Apr 04 06:45:57 > Recv: 365.1 MiB, Paid 0.000000000736208794 FIL, ClientEventBlocksReceived (DealStatusOngoing)
Apr 04 06:45:57 > Recv: 366.1 MiB, Paid 0.000000000736208794 FIL, ClientEventBlocksReceived (DealStatusOngoing)
Apr 04 06:45:57 > Recv: 367.1 MiB, Paid 0.000000000736208794 FIL, ClientEventBlocksReceived (DealStatusOngoing)
Apr 04 06:45:58 > Recv: 368.1 MiB, Paid 0.000000000736208794 FIL, ClientEventBlocksReceived (DealStatusOngoing)
Apr 04 06:45:58 > Recv: 369.1 MiB, Paid 0.000000000736208794 FIL, ClientEventBlocksReceived (DealStatusOngoing)
Apr 04 06:45:58 > Recv: 370.1 MiB, Paid 0.000000000736208794 FIL, ClientEventBlocksReceived (DealStatusOngoing)
Apr 04 06:45:59 > Recv: 371.1 MiB, Paid 0.000000000736208794 FIL, ClientEventBlocksReceived (DealStatusOngoing)
Apr 04 06:45:59 > Recv: 372.1 MiB, Paid 0.000000000736208794 FIL, ClientEventBlocksReceived (DealStatusOngoing)
Apr 04 06:45:59 > Recv: 373.1 MiB, Paid 0.000000000736208794 FIL, ClientEventBlocksReceived (DealStatusOngoing)
Apr 04 06:46:00 > Recv: 374.1 MiB, Paid 0.000000000736208794 FIL, ClientEventBlocksReceived (DealStatusOngoing)
Apr 04 06:46:00 > Recv: 375.1 MiB, Paid 0.000000000736208794 FIL, ClientEventBlocksReceived (DealStatusOngoing)
Apr 04 06:46:00 > Recv: 376.1 MiB, Paid 0.000000000736208794 FIL, ClientEventBlocksReceived (DealStatusOngoing)
Apr 04 06:46:00 > Recv: 377.1 MiB, Paid 0.000000000736208794 FIL, ClientEventBlocksReceived (DealStatusOngoing)
Apr 04 06:46:00 > Recv: 377.1 MiB, Paid 0.000000000736208794 FIL, ClientEventPaymentRequested (DealStatusFundsNeeded)
Apr 04 06:46:00 > Recv: 377.1 MiB, Paid 0.000000000736208794 FIL, ClientEventSendFunds (DealStatusSendFunds)
Apr 04 06:46:00 > Recv: 377.1 MiB, Paid 0.000000000792831898 FIL, ClientEventPaymentSent (DealStatusOngoing)
Apr 04 06:46:15 > Recv: 379.1 MiB, Paid 0.000000000792831898 FIL, ClientEventBlocksReceived (DealStatusOngoing)
Apr 04 06:46:16 > Recv: 380.1 MiB, Paid 0.000000000792831898 FIL, ClientEventBlocksReceived (DealStatusOngoing)
Apr 04 06:46:16 > Recv: 381.1 MiB, Paid 0.000000000792831898 FIL, ClientEventBlocksReceived (DealStatusOngoing)
Apr 04 06:46:16 > Recv: 382.1 MiB, Paid 0.000000000792831898 FIL, ClientEventBlocksReceived (DealStatusOngoing)
Apr 04 06:46:17 > Recv: 383.1 MiB, Paid 0.000000000792831898 FIL, ClientEventBlocksReceived (DealStatusOngoing)
Apr 04 06:46:17 > Recv: 384.1 MiB, Paid 0.000000000792831898 FIL, ClientEventBlocksReceived (DealStatusOngoing)
Apr 04 06:46:17 > Recv: 385.1 MiB, Paid 0.000000000792831898 FIL, ClientEventBlocksReceived (DealStatusOngoing)
Apr 04 06:46:17 > Recv: 386.1 MiB, Paid 0.000000000792831898 FIL, ClientEventBlocksReceived (DealStatusOngoing)
Apr 04 06:46:18 > Recv: 387.1 MiB, Paid 0.000000000792831898 FIL, ClientEventBlocksReceived (DealStatusOngoing)
Apr 04 06:46:18 > Recv: 388.1 MiB, Paid 0.000000000792831898 FIL, ClientEventBlocksReceived (DealStatusOngoing)
Apr 04 06:46:18 > Recv: 389.1 MiB, Paid 0.000000000792831898 FIL, ClientEventBlocksReceived (DealStatusOngoing)
Apr 04 06:46:19 > Recv: 390.1 MiB, Paid 0.000000000792831898 FIL, ClientEventBlocksReceived (DealStatusOngoing)
Apr 04 06:46:19 > Recv: 391.1 MiB, Paid 0.000000000792831898 FIL, ClientEventBlocksReceived (DealStatusOngoing)
Apr 04 06:46:19 > Recv: 392.1 MiB, Paid 0.000000000792831898 FIL, ClientEventBlocksReceived (DealStatusOngoing)
Apr 04 06:46:19 > Recv: 393.1 MiB, Paid 0.000000000792831898 FIL, ClientEventBlocksReceived (DealStatusOngoing)
Apr 04 06:46:20 > Recv: 394.1 MiB, Paid 0.000000000792831898 FIL, ClientEventBlocksReceived (DealStatusOngoing)
Apr 04 06:46:20 > Recv: 395.1 MiB, Paid 0.000000000792831898 FIL, ClientEventBlocksReceived (DealStatusOngoing)
Apr 04 06:46:20 > Recv: 396.1 MiB, Paid 0.000000000792831898 FIL, ClientEventBlocksReceived (DealStatusOngoing)
Apr 04 06:46:20 > Recv: 397.1 MiB, Paid 0.000000000792831898 FIL, ClientEventBlocksReceived (DealStatusOngoing)
Apr 04 06:46:21 > Recv: 398.1 MiB, Paid 0.000000000792831898 FIL, ClientEventBlocksReceived (DealStatusOngoing)
Apr 04 06:46:21 > Recv: 399.1 MiB, Paid 0.000000000792831898 FIL, ClientEventBlocksReceived (DealStatusOngoing)
Apr 04 06:46:21 > Recv: 400.1 MiB, Paid 0.000000000792831898 FIL, ClientEventBlocksReceived (DealStatusOngoing)
Apr 04 06:46:21 > Recv: 401.1 MiB, Paid 0.000000000792831898 FIL, ClientEventBlocksReceived (DealStatusOngoing)
Apr 04 06:46:22 > Recv: 402.1 MiB, Paid 0.000000000792831898 FIL, ClientEventBlocksReceived (DealStatusOngoing)
Apr 04 06:46:22 > Recv: 403.1 MiB, Paid 0.000000000792831898 FIL, ClientEventBlocksReceived (DealStatusOngoing)
Apr 04 06:46:22 > Recv: 404.1 MiB, Paid 0.000000000792831898 FIL, ClientEventBlocksReceived (DealStatusOngoing)
Apr 04 06:46:22 > Recv: 405.1 MiB, Paid 0.000000000792831898 FIL, ClientEventBlocksReceived (DealStatusOngoing)
Apr 04 06:46:22 > Recv: 405.1 MiB, Paid 0.000000000792831898 FIL, ClientEventPaymentRequested (DealStatusFundsNeeded)
Apr 04 06:46:22 > Recv: 405.1 MiB, Paid 0.000000000792831898 FIL, ClientEventSendFunds (DealStatusSendFunds)
Apr 04 06:46:22 > Recv: 405.1 MiB, Paid 0.000000000851552154 FIL, ClientEventPaymentSent (DealStatusOngoing)
Apr 04 06:46:27 > Recv: 407.1 MiB, Paid 0.000000000851552154 FIL, ClientEventBlocksReceived (DealStatusOngoing)
Apr 04 06:46:27 > Recv: 408.1 MiB, Paid 0.000000000851552154 FIL, ClientEventBlocksReceived (DealStatusOngoing)
Apr 04 06:46:27 > Recv: 409.1 MiB, Paid 0.000000000851552154 FIL, ClientEventBlocksReceived (DealStatusOngoing)
Apr 04 06:46:28 > Recv: 410.1 MiB, Paid 0.000000000851552154 FIL, ClientEventBlocksReceived (DealStatusOngoing)
Apr 04 06:46:28 > Recv: 411.1 MiB, Paid 0.000000000851552154 FIL, ClientEventBlocksReceived (DealStatusOngoing)
Apr 04 06:46:28 > Recv: 412.1 MiB, Paid 0.000000000851552154 FIL, ClientEventBlocksReceived (DealStatusOngoing)
Apr 04 06:46:29 > Recv: 413.1 MiB, Paid 0.000000000851552154 FIL, ClientEventBlocksReceived (DealStatusOngoing)
Apr 04 06:46:29 > Recv: 414.1 MiB, Paid 0.000000000851552154 FIL, ClientEventBlocksReceived (DealStatusOngoing)
Apr 04 06:46:29 > Recv: 415.1 MiB, Paid 0.000000000851552154 FIL, ClientEventBlocksReceived (DealStatusOngoing)
Apr 04 06:46:30 > Recv: 416.1 MiB, Paid 0.000000000851552154 FIL, ClientEventBlocksReceived (DealStatusOngoing)
Apr 04 06:46:30 > Recv: 417.1 MiB, Paid 0.000000000851552154 FIL, ClientEventBlocksReceived (DealStatusOngoing)
Apr 04 06:46:31 > Recv: 418.1 MiB, Paid 0.000000000851552154 FIL, ClientEventBlocksReceived (DealStatusOngoing)
Apr 04 06:46:31 > Recv: 419.1 MiB, Paid 0.000000000851552154 FIL, ClientEventBlocksReceived (DealStatusOngoing)
Apr 04 06:46:32 > Recv: 420.1 MiB, Paid 0.000000000851552154 FIL, ClientEventBlocksReceived (DealStatusOngoing)
Apr 04 06:46:32 > Recv: 421.1 MiB, Paid 0.000000000851552154 FIL, ClientEventBlocksReceived (DealStatusOngoing)
Apr 04 06:46:33 > Recv: 422.1 MiB, Paid 0.000000000851552154 FIL, ClientEventBlocksReceived (DealStatusOngoing)
Apr 04 06:46:34 > Recv: 423.1 MiB, Paid 0.000000000851552154 FIL, ClientEventBlocksReceived (DealStatusOngoing)
Apr 04 06:46:34 > Recv: 424.1 MiB, Paid 0.000000000851552154 FIL, ClientEventBlocksReceived (DealStatusOngoing)
Apr 04 06:46:35 > Recv: 425.1 MiB, Paid 0.000000000851552154 FIL, ClientEventBlocksReceived (DealStatusOngoing)
Apr 04 06:46:35 > Recv: 426.1 MiB, Paid 0.000000000851552154 FIL, ClientEventBlocksReceived (DealStatusOngoing)
Apr 04 06:46:36 > Recv: 427.1 MiB, Paid 0.000000000851552154 FIL, ClientEventBlocksReceived (DealStatusOngoing)
Apr 04 06:46:36 > Recv: 428.1 MiB, Paid 0.000000000851552154 FIL, ClientEventBlocksReceived (DealStatusOngoing)
Apr 04 06:46:37 > Recv: 429.1 MiB, Paid 0.000000000851552154 FIL, ClientEventBlocksReceived (DealStatusOngoing)
Apr 04 06:46:38 > Recv: 430.1 MiB, Paid 0.000000000851552154 FIL, ClientEventBlocksReceived (DealStatusOngoing)
Apr 04 06:46:39 > Recv: 431.1 MiB, Paid 0.000000000851552154 FIL, ClientEventBlocksReceived (DealStatusOngoing)
Apr 04 06:46:41 > Recv: 432.1 MiB, Paid 0.000000000851552154 FIL, ClientEventBlocksReceived (DealStatusOngoing)
Apr 04 06:46:43 > Recv: 433.1 MiB, Paid 0.000000000851552154 FIL, ClientEventBlocksReceived (DealStatusOngoing)
Apr 04 06:46:45 > Recv: 434.1 MiB, Paid 0.000000000851552154 FIL, ClientEventBlocksReceived (DealStatusOngoing)
Apr 04 06:46:45 > Recv: 434.1 MiB, Paid 0.000000000851552154 FIL, ClientEventPaymentRequested (DealStatusFundsNeeded)
Apr 04 06:46:45 > Recv: 434.1 MiB, Paid 0.000000000851552154 FIL, ClientEventSendFunds (DealStatusSendFunds)
Apr 04 06:46:45 > Recv: 434.1 MiB, Paid 0.000000000912369562 FIL, ClientEventPaymentSent (DealStatusOngoing)
Apr 04 06:46:54 > Recv: 436.1 MiB, Paid 0.000000000912369562 FIL, ClientEventBlocksReceived (DealStatusOngoing)
Apr 04 06:46:55 > Recv: 437.1 MiB, Paid 0.000000000912369562 FIL, ClientEventBlocksReceived (DealStatusOngoing)
Apr 04 06:46:55 > Recv: 438.1 MiB, Paid 0.000000000912369562 FIL, ClientEventBlocksReceived (DealStatusOngoing)
Apr 04 06:46:56 > Recv: 439.1 MiB, Paid 0.000000000912369562 FIL, ClientEventBlocksReceived (DealStatusOngoing)
Apr 04 06:46:57 > Recv: 440.1 MiB, Paid 0.000000000912369562 FIL, ClientEventBlocksReceived (DealStatusOngoing)
Apr 04 06:46:57 > Recv: 441.1 MiB, Paid 0.000000000912369562 FIL, ClientEventBlocksReceived (DealStatusOngoing)
Apr 04 06:46:57 > Recv: 442.1 MiB, Paid 0.000000000912369562 FIL, ClientEventBlocksReceived (DealStatusOngoing)
Apr 04 06:46:57 > Recv: 443.1 MiB, Paid 0.000000000912369562 FIL, ClientEventBlocksReceived (DealStatusOngoing)
Apr 04 06:46:58 > Recv: 444.1 MiB, Paid 0.000000000912369562 FIL, ClientEventBlocksReceived (DealStatusOngoing)
Apr 04 06:46:58 > Recv: 445.1 MiB, Paid 0.000000000912369562 FIL, ClientEventBlocksReceived (DealStatusOngoing)
Apr 04 06:47:00 > Recv: 446.1 MiB, Paid 0.000000000912369562 FIL, ClientEventBlocksReceived (DealStatusOngoing)
Apr 04 06:47:02 > Recv: 447.1 MiB, Paid 0.000000000912369562 FIL, ClientEventBlocksReceived (DealStatusOngoing)
Apr 04 06:47:04 > Recv: 448.1 MiB, Paid 0.000000000912369562 FIL, ClientEventBlocksReceived (DealStatusOngoing)
Apr 04 06:47:08 > Recv: 449.1 MiB, Paid 0.000000000912369562 FIL, ClientEventBlocksReceived (DealStatusOngoing)
Apr 04 06:47:12 > Recv: 450.1 MiB, Paid 0.000000000912369562 FIL, ClientEventBlocksReceived (DealStatusOngoing)
Apr 04 06:47:16 > Recv: 451.1 MiB, Paid 0.000000000912369562 FIL, ClientEventBlocksReceived (DealStatusOngoing)
Apr 04 06:47:17 > Recv: 452.1 MiB, Paid 0.000000000912369562 FIL, ClientEventBlocksReceived (DealStatusOngoing)
Apr 04 06:47:19 > Recv: 453.1 MiB, Paid 0.000000000912369562 FIL, ClientEventBlocksReceived (DealStatusOngoing)
Apr 04 06:47:20 > Recv: 454.1 MiB, Paid 0.000000000912369562 FIL, ClientEventBlocksReceived (DealStatusOngoing)
Apr 04 06:47:20 > Recv: 455.1 MiB, Paid 0.000000000912369562 FIL, ClientEventBlocksReceived (DealStatusOngoing)
Apr 04 06:47:20 > Recv: 456.1 MiB, Paid 0.000000000912369562 FIL, ClientEventBlocksReceived (DealStatusOngoing)
Apr 04 06:47:20 > Recv: 457.1 MiB, Paid 0.000000000912369562 FIL, ClientEventBlocksReceived (DealStatusOngoing)
Apr 04 06:47:20 > Recv: 458.1 MiB, Paid 0.000000000912369562 FIL, ClientEventBlocksReceived (DealStatusOngoing)
Apr 04 06:47:20 > Recv: 459.1 MiB, Paid 0.000000000912369562 FIL, ClientEventBlocksReceived (DealStatusOngoing)
Apr 04 06:47:20 > Recv: 460.1 MiB, Paid 0.000000000912369562 FIL, ClientEventBlocksReceived (DealStatusOngoing)
Apr 04 06:47:20 > Recv: 461.1 MiB, Paid 0.000000000912369562 FIL, ClientEventBlocksReceived (DealStatusOngoing)
Apr 04 06:47:21 > Recv: 462.1 MiB, Paid 0.000000000912369562 FIL, ClientEventBlocksReceived (DealStatusOngoing)
Apr 04 06:47:21 > Recv: 463.1 MiB, Paid 0.000000000912369562 FIL, ClientEventBlocksReceived (DealStatusOngoing)
Apr 04 06:47:21 > Recv: 464.1 MiB, Paid 0.000000000912369562 FIL, ClientEventBlocksReceived (DealStatusOngoing)
Apr 04 06:47:21 > Recv: 464.1 MiB, Paid 0.000000000912369562 FIL, ClientEventPaymentRequested (DealStatusFundsNeeded)
Apr 04 06:47:21 > Recv: 464.1 MiB, Paid 0.000000000912369562 FIL, ClientEventSendFunds (DealStatusSendFunds)
Apr 04 06:47:21 > Recv: 464.1 MiB, Paid 0.000000000975284122 FIL, ClientEventPaymentSent (DealStatusOngoing)
Apr 04 06:47:30 > Recv: 466.1 MiB, Paid 0.000000000975284122 FIL, ClientEventBlocksReceived (DealStatusOngoing)
Apr 04 06:47:30 > Recv: 467.1 MiB, Paid 0.000000000975284122 FIL, ClientEventBlocksReceived (DealStatusOngoing)
Apr 04 06:47:31 > Recv: 468.1 MiB, Paid 0.000000000975284122 FIL, ClientEventBlocksReceived (DealStatusOngoing)
