{"jsonrpc":"2.0","result":{"Err":"","Root":{"/":"bafykbzacedqs6z3a56hasssv234ddhav7zgrlaukfnj6norlu4deptzsezn6g"},"Piece":null,"Size":34359738368,"MinPrice":"68719476736","UnsealPrice":"0","PaymentInterval":1048576,"PaymentIntervalIncrease":1048576,"Miner":"f09845","MinerPeer":{"Address":"f09848","ID":"12D3KooWHS66EuJ6WpgadiJWeuqkYmECavDsy8jUZ6aWpBd3taX7","PieceCID":null}},"id":1}
Apr 04 06:31:22 > Recv: 0 B, Paid 0 FIL, ClientEventOpen (DealStatusNew)
Apr 04 06:31:22 > Recv: 0 B, Paid 0 FIL, ClientEventDealProposed (DealStatusWaitForAcceptance)
Apr 04 06:31:25 > Recv: 0 B, Paid 0 FIL, ClientEventDealAccepted (DealStatusAccepted)
Apr 04 06:31:25 > Recv: 0 B, Paid 0 FIL, ClientEventPaymentChannelAddingFunds (DealStatusPaymentChannelAddingInitialFunds)
Apr 04 06:34:30 > Recv: 0 B, Paid 0 FIL, ClientEventPaymentChannelReady (DealStatusPaymentChannelAllocatingLane)
Apr 04 06:34:30 > Recv: 0 B, Paid 0 FIL, ClientEventLaneAllocated (DealStatusOngoing)
Apr 04 06:34:53 > Recv: 962 B, Paid 0 FIL, ClientEventBlocksReceived (DealStatusOngoing)
Apr 04 06:34:53 > Recv: 52.95 KiB, Paid 0 FIL, ClientEventBlocksReceived (DealStatusOngoing)
Apr 04 06:34:57 > Recv: 52.95 KiB, Paid 0 FIL, ClientEventPaymentRequested (DealStatusFundsNeeded)
Apr 04 06:34:57 > Recv: 1.052 MiB, Paid 0 FIL, ClientEventBlocksReceived (DealStatusFundsNeeded)
Apr 04 06:34:57 > Recv: 1.052 MiB, Paid 0 FIL, ClientEventSendFunds (DealStatusSendFunds)
Apr 04 06:34:57 > Recv: 1.052 MiB, Paid 0.000000000002205594 FIL, ClientEventPaymentSent (DealStatusOngoing)
Apr 04 06:35:23 > Recv: 2.052 MiB, Paid 0.000000000002205594 FIL, ClientEventBlocksReceived (DealStatusOngoing)
Apr 04 06:35:26 > Recv: 2.052 MiB, Paid 0.000000000002205594 FIL, ClientEventPaymentRequested (DealStatusFundsNeeded)
Apr 04 06:35:26 > Recv: 3.052 MiB, Paid 0.000000000002205594 FIL, ClientEventBlocksReceived (DealStatusFundsNeeded)
Apr 04 06:35:26 > Recv: 3.052 MiB, Paid 0.000000000002205594 FIL, ClientEventSendFunds (DealStatusSendFunds)
Apr 04 06:35:26 > Recv: 3.052 MiB, Paid 0.000000000006399898 FIL, ClientEventPaymentSent (DealStatusOngoing)
Apr 04 06:36:16 > Recv: 4.052 MiB, Paid 0.000000000006399898 FIL, ClientEventBlocksReceived (DealStatusOngoing)
Apr 04 06:36:19 > Recv: 5.052 MiB, Paid 0.000000000006399898 FIL, ClientEventBlocksReceived (DealStatusOngoing)
Apr 04 06:36:21 > Recv: 5.052 MiB, Paid 0.000000000006399898 FIL, ClientEventPaymentRequested (DealStatusFundsNeeded)
Apr 04 06:36:21 > Recv: 5.052 MiB, Paid 0.000000000006399898 FIL, ClientEventSendFunds (DealStatusSendFunds)
Apr 04 06:36:21 > Recv: 5.052 MiB, Paid 0.000000000012691354 FIL, ClientEventPaymentSent (DealStatusOngoing)
Apr 04 06:36:54 > Recv: 7.052 MiB, Paid 0.000000000012691354 FIL, ClientEventBlocksReceived (DealStatusOngoing)
Apr 04 06:36:56 > Recv: 8.052 MiB, Paid 0.000000000012691354 FIL, ClientEventBlocksReceived (DealStatusOngoing)
Apr 04 06:36:56 > Recv: 9.052 MiB, Paid 0.000000000012691354 FIL, ClientEventBlocksReceived (DealStatusOngoing)
Apr 04 06:37:00 > Recv: 9.052 MiB, Paid 0.000000000012691354 FIL, ClientEventPaymentRequested (DealStatusFundsNeeded)
Apr 04 06:37:00 > Recv: 10.05 MiB, Paid 0.000000000012691354 FIL, ClientEventBlocksReceived (DealStatusFundsNeeded)
Apr 04 06:37:00 > Recv: 10.05 MiB, Paid 0.000000000012691354 FIL, ClientEventSendFunds (DealStatusSendFunds)
Apr 04 06:37:00 > Recv: 10.05 MiB, Paid 0.000000000021079962 FIL, ClientEventPaymentSent (DealStatusOngoing)
Apr 04 06:37:45 > Recv: 11.05 MiB, Paid 0.000000000021079962 FIL, ClientEventBlocksReceived (DealStatusOngoing)
Apr 04 06:37:48 > Recv: 12.05 MiB, Paid 0.000000000021079962 FIL, ClientEventBlocksReceived (DealStatusOngoing)
Apr 04 06:37:55 > Recv: 13.05 MiB, Paid 0.000000000021079962 FIL, ClientEventBlocksReceived (DealStatusOngoing)
Apr 04 06:37:55 > Recv: 14.05 MiB, Paid 0.000000000021079962 FIL, ClientEventBlocksReceived (DealStatusOngoing)
Apr 04 06:37:56 > Recv: 14.05 MiB, Paid 0.000000000021079962 FIL, ClientEventPaymentRequested (DealStatusFundsNeeded)
Apr 04 06:37:56 > Recv: 14.05 MiB, Paid 0.000000000021079962 FIL, ClientEventSendFunds (DealStatusSendFunds)
Apr 04 06:37:56 > Recv: 14.05 MiB, Paid 0.000000000031565722 FIL, ClientEventPaymentSent (DealStatusOngoing)
Apr 04 06:38:34 > Recv: 16.05 MiB, Paid 0.000000000031565722 FIL, ClientEventBlocksReceived (DealStatusOngoing)
Apr 04 06:38:36 > Recv: 17.05 MiB, Paid 0.000000000031565722 FIL, ClientEventBlocksReceived (DealStatusOngoing)
Apr 04 06:38:37 > Recv: 18.05 MiB, Paid 0.000000000031565722 FIL, ClientEventBlocksReceived (DealStatusOngoing)
Apr 04 06:38:38 > Recv: 19.05 MiB, Paid 0.000000000031565722 FIL, ClientEventBlocksReceived (DealStatusOngoing)
Apr 04 06:38:39 > Recv: 20.05 MiB, Paid 0.000000000031565722 FIL, ClientEventBlocksReceived (DealStatusOngoing)
Apr 04 06:38:39 > Recv: 20.05 MiB, Paid 0.000000000031565722 FIL, ClientEventPaymentRequested (DealStatusFundsNeeded)
Apr 04 06:38:39 > Recv: 20.05 MiB, Paid 0.000000000031565722 FIL, ClientEventSendFunds (DealStatusSendFunds)
Apr 04 06:38:39 > Recv: 20.05 MiB, Paid 0.000000000044148634 FIL, ClientEventPaymentSent (DealStatusOngoing)
Apr 04 06:39:17 > Recv: 22.05 MiB, Paid 0.000000000044148634 FIL, ClientEventBlocksReceived (DealStatusOngoing)
Apr 04 06:39:19 > Recv: 23.05 MiB, Paid 0.000000000044148634 FIL, ClientEventBlocksReceived (DealStatusOngoing)
Apr 04 06:39:21 > Recv: 24.05 MiB, Paid 0.000000000044148634 FIL, ClientEventBlocksReceived (DealStatusOngoing)
Apr 04 06:39:22 > Recv: 25.05 MiB, Paid 0.000000000044148634 FIL, ClientEventBlocksReceived (DealStatusOngoing)
Apr 04 06:39:24 > Recv: 26.05 MiB, Paid 0.000000000044148634 FIL, ClientEventBlocksReceived (DealStatusOngoing)
Apr 04 06:39:28 > Recv: 27.05 MiB, Paid 0.000000000044148634 FIL, ClientEventBlocksReceived (DealStatusOngoing)
Apr 04 06:39:31 > Recv: 27.05 MiB, Paid 0.000000000044148634 FIL, ClientEventPaymentRequested (DealStatusFundsNeeded)
Apr 04 06:39:31 > Recv: 27.05 MiB, Paid 0.000000000044148634 FIL, ClientEventSendFunds (DealStatusSendFunds)
Apr 04 06:39:31 > Recv: 27.05 MiB, Paid 0.000000000058828698 FIL, ClientEventPaymentSent (DealStatusOngoing)
Apr 04 06:39:54 > Recv: 29.05 MiB, Paid 0.000000000058828698 FIL, ClientEventBlocksReceived (DealStatusOngoing)
Apr 04 06:39:55 > Recv: 30.05 MiB, Paid 0.000000000058828698 FIL, ClientEventBlocksReceived (DealStatusOngoing)
Apr 04 06:39:56 > Recv: 31.05 MiB, Paid 0.000000000058828698 FIL, ClientEventBlocksReceived (DealStatusOngoing)
Apr 04 06:39:56 > Recv: 32.05 MiB, Paid 0.000000000058828698 FIL, ClientEventBlocksReceived (DealStatusOngoing)
Apr 04 06:39:57 > Recv: 33.05 MiB, Paid 0.000000000058828698 FIL, ClientEventBlocksReceived (DealStatusOngoing)
Apr 04 06:39:57 > Recv: 34.05 MiB, Paid 0.000000000058828698 FIL, ClientEventBlocksReceived (DealStatusOngoing)
Apr 04 06:39:58 > Recv: 35.05 MiB, Paid 0.000000000058828698 FIL, ClientEventBlocksReceived (DealStatusOngoing)
Apr 04 06:39:59 > Recv: 35.05 MiB, Paid 0.000000000058828698 FIL, ClientEventPaymentRequested (DealStatusFundsNeeded)
Apr 04 06:39:59 > Recv: 35.05 MiB, Paid 0.000000000058828698 FIL, ClientEventSendFunds (DealStatusSendFunds)
Apr 04 06:39:59 > Recv: 35.05 MiB, Paid 0.000000000075605914 FIL, ClientEventPaymentSent (DealStatusOngoing)
Apr 04 06:40:30 > Recv: 37.05 MiB, Paid 0.000000000075605914 FIL, ClientEventBlocksReceived (DealStatusOngoing)
Apr 04 06:40:33 > Recv: 38.05 MiB, Paid 0.000000000075605914 FIL, ClientEventBlocksReceived (DealStatusOngoing)
Apr 04 06:40:34 > Recv: 39.05 MiB, Paid 0.000000000075605914 FIL, ClientEventBlocksReceived (DealStatusOngoing)
Apr 04 06:40:40 > Recv: 40.05 MiB, Paid 0.000000000075605914 FIL, ClientEventBlocksReceived (DealStatusOngoing)
Apr 04 06:40:43 > Recv: 41.05 MiB, Paid 0.000000000075605914 FIL, ClientEventBlocksReceived (DealStatusOngoing)
Apr 04 06:40:46 > Recv: 42.05 MiB, Paid 0.000000000075605914 FIL, ClientEventBlocksReceived (DealStatusOngoing)
Apr 04 06:40:49 > Recv: 43.05 MiB, Paid 0.000000000075605914 FIL, ClientEventBlocksReceived (DealStatusOngoing)
Apr 04 06:40:51 > Recv: 44.05 MiB, Paid 0.000000000075605914 FIL, ClientEventBlocksReceived (DealStatusOngoing)
Apr 04 06:40:54 > Recv: 44.05 MiB, Paid 0.000000000075605914 FIL, ClientEventPaymentRequested (DealStatusFundsNeeded)
Apr 04 06:40:54 > Recv: 44.05 MiB, Paid 0.000000000075605914 FIL, ClientEventSendFunds (DealStatusSendFunds)
Apr 04 06:40:54 > Recv: 44.05 MiB, Paid 0.000000000094480282 FIL, ClientEventPaymentSent (DealStatusOngoing)
Apr 04 06:41:24 > Recv: 46.05 MiB, Paid 0.000000000094480282 FIL, ClientEventBlocksReceived (DealStatusOngoing)
Apr 04 06:41:27 > Recv: 47.05 MiB, Paid 0.000000000094480282 FIL, ClientEventBlocksReceived (DealStatusOngoing)
Apr 04 06:41:29 > Recv: 48.05 MiB, Paid 0.000000000094480282 FIL, ClientEventBlocksReceived (DealStatusOngoing)
Apr 04 06:41:30 > Recv: 49.05 MiB, Paid 0.000000000094480282 FIL, ClientEventBlocksReceived (DealStatusOngoing)
Apr 04 06:41:32 > Recv: 50.05 MiB, Paid 0.000000000094480282 FIL, ClientEventBlocksReceived (DealStatusOngoing)
Apr 04 06:41:35 > Recv: 51.05 MiB, Paid 0.000000000094480282 FIL, ClientEventBlocksReceived (DealStatusOngoing)
Apr 04 06:41:38 > Recv: 52.05 MiB, Paid 0.000000000094480282 FIL, ClientEventBlocksReceived (DealStatusOngoing)
Apr 04 06:41:42 > Recv: 53.05 MiB, Paid 0.000000000094480282 FIL, ClientEventBlocksReceived (DealStatusOngoing)
Apr 04 06:41:43 > Recv: 54.05 MiB, Paid 0.000000000094480282 FIL, ClientEventBlocksReceived (DealStatusOngoing)
Apr 04 06:41:43 > Recv: 54.05 MiB, Paid 0.000000000094480282 FIL, ClientEventPaymentRequested (DealStatusFundsNeeded)
Apr 04 06:41:43 > Recv: 54.05 MiB, Paid 0.000000000094480282 FIL, ClientEventSendFunds (DealStatusSendFunds)
Apr 04 06:41:43 > Recv: 54.05 MiB, Paid 0.000000000115451802 FIL, ClientEventPaymentSent (DealStatusOngoing)
Apr 04 06:42:31 > Recv: 56.05 MiB, Paid 0.000000000115451802 FIL, ClientEventBlocksReceived (DealStatusOngoing)
Apr 04 06:42:34 > Recv: 57.05 MiB, Paid 0.000000000115451802 FIL, ClientEventBlocksReceived (DealStatusOngoing)
Apr 04 06:42:42 > Recv: 58.05 MiB, Paid 0.000000000115451802 FIL, ClientEventBlocksReceived (DealStatusOngoing)
Apr 04 06:42:44 > Recv: 59.05 MiB, Paid 0.000000000115451802 FIL, ClientEventBlocksReceived (DealStatusOngoing)
Apr 04 06:42:46 > Recv: 60.05 MiB, Paid 0.000000000115451802 FIL, ClientEventBlocksReceived (DealStatusOngoing)
Apr 04 06:42:47 > Recv: 61.05 MiB, Paid 0.000000000115451802 FIL, ClientEventBlocksReceived (DealStatusOngoing)
Apr 04 06:42:50 > Recv: 62.05 MiB, Paid 0.000000000115451802 FIL, ClientEventBlocksReceived (DealStatusOngoing)
Apr 04 06:42:51 > Recv: 63.05 MiB, Paid 0.000000000115451802 FIL, ClientEventBlocksReceived (DealStatusOngoing)
Apr 04 06:42:59 > Recv: 64.05 MiB, Paid 0.000000000115451802 FIL, ClientEventBlocksReceived (DealStatusOngoing)
Apr 04 06:43:03 > Recv: 65.05 MiB, Paid 0.000000000115451802 FIL, ClientEventBlocksReceived (DealStatusOngoing)
Apr 04 06:43:04 > Recv: 65.05 MiB, Paid 0.000000000115451802 FIL, ClientEventPaymentRequested (DealStatusFundsNeeded)
Apr 04 06:43:04 > Recv: 65.05 MiB, Paid 0.000000000115451802 FIL, ClientEventSendFunds (DealStatusSendFunds)
Apr 04 06:43:04 > Recv: 65.05 MiB, Paid 0.000000000138520474 FIL, ClientEventPaymentSent (DealStatusOngoing)
Apr 04 06:43:27 > Recv: 67.05 MiB, Paid 0.000000000138520474 FIL, ClientEventBlocksReceived (DealStatusOngoing)
Apr 04 06:43:28 > Recv: 68.05 MiB, Paid 0.000000000138520474 FIL, ClientEventBlocksReceived (DealStatusOngoing)
Apr 04 06:43:30 > Recv: 69.05 MiB, Paid 0.000000000138520474 FIL, ClientEventBlocksReceived (DealStatusOngoing)
Apr 04 06:43:34 > Recv: 70.05 MiB, Paid 0.000000000138520474 FIL, ClientEventBlocksReceived (DealStatusOngoing)
Apr 04 06:43:35 > Recv: 71.05 MiB, Paid 0.000000000138520474 FIL, ClientEventBlocksReceived (DealStatusOngoing)
Apr 04 06:43:37 > Recv: 72.05 MiB, Paid 0.000000000138520474 FIL, ClientEventBlocksReceived (DealStatusOngoing)
Apr 04 06:43:38 > Recv: 73.05 MiB, Paid 0.000000000138520474 FIL, ClientEventBlocksReceived (DealStatusOngoing)
Apr 04 06:43:39 > Recv: 74.05 MiB, Paid 0.000000000138520474 FIL, ClientEventBlocksReceived (DealStatusOngoing)
Apr 04 06:43:39 > Recv: 75.05 MiB, Paid 0.000000000138520474 FIL, ClientEventBlocksReceived (DealStatusOngoing)
Apr 04 06:43:39 > Recv: 76.05 MiB, Paid 0.000000000138520474 FIL, ClientEventBlocksReceived (DealStatusOngoing)
Apr 04 06:43:41 > Recv: 77.05 MiB, Paid 0.000000000138520474 FIL, ClientEventBlocksReceived (DealStatusOngoing)
Apr 04 06:43:43 > Recv: 77.05 MiB, Paid 0.000000000138520474 FIL, ClientEventPaymentRequested (DealStatusFundsNeeded)
Apr 04 06:43:43 > Recv: 77.05 MiB, Paid 0.000000000138520474 FIL, ClientEventSendFunds (DealStatusSendFunds)
Apr 04 06:43:43 > Recv: 77.05 MiB, Paid 0.000000000163686298 FIL, ClientEventPaymentSent (DealStatusOngoing)
Apr 04 06:44:25 > Recv: 79.05 MiB, Paid 0.000000000163686298 FIL, ClientEventBlocksReceived (DealStatusOngoing)
Apr 04 06:44:28 > Recv: 80.05 MiB, Paid 0.000000000163686298 FIL, ClientEventBlocksReceived (DealStatusOngoing)
Apr 04 06:44:31 > Recv: 81.05 MiB, Paid 0.000000000163686298 FIL, ClientEventBlocksReceived (DealStatusOngoing)
Apr 04 06:44:32 > Recv: 82.05 MiB, Paid 0.000000000163686298 FIL, ClientEventBlocksReceived (DealStatusOngoing)
Apr 04 06:44:33 > Recv: 83.05 MiB, Paid 0.000000000163686298 FIL, ClientEventBlocksReceived (DealStatusOngoing)
Apr 04 06:44:34 > Recv: 84.05 MiB, Paid 0.000000000163686298 FIL, ClientEventBlocksReceived (DealStatusOngoing)
Apr 04 06:44:36 > Recv: 85.05 MiB, Paid 0.000000000163686298 FIL, ClientEventBlocksReceived (DealStatusOngoing)
Apr 04 06:44:37 > Recv: 86.05 MiB, Paid 0.000000000163686298 FIL, ClientEventBlocksReceived (DealStatusOngoing)
Apr 04 06:44:42 > Recv: 87.05 MiB, Paid 0.000000000163686298 FIL, ClientEventBlocksReceived (DealStatusOngoing)
Apr 04 06:44:46 > Recv: 88.05 MiB, Paid 0.000000000163686298 FIL, ClientEventBlocksReceived (DealStatusOngoing)
Apr 04 06:44:50 > Recv: 89.05 MiB, Paid 0.000000000163686298 FIL, ClientEventBlocksReceived (DealStatusOngoing)
Apr 04 06:44:52 > Recv: 90.05 MiB, Paid 0.000000000163686298 FIL, ClientEventBlocksReceived (DealStatusOngoing)
Apr 04 06:44:55 > Recv: 90.05 MiB, Paid 0.000000000163686298 FIL, ClientEventPaymentRequested (DealStatusFundsNeeded)
Apr 04 06:44:55 > Recv: 90.05 MiB, Paid 0.000000000163686298 FIL, ClientEventSendFunds (DealStatusSendFunds)
Apr 04 06:44:55 > Recv: 90.05 MiB, Paid 0.000000000190949274 FIL, ClientEventPaymentSent (DealStatusOngoing)
Apr 04 06:45:17 > Recv: 92.05 MiB, Paid 0.000000000190949274 FIL, ClientEventBlocksReceived (DealStatusOngoing)
Apr 04 06:45:17 > Recv: 93.05 MiB, Paid 0.000000000190949274 FIL, ClientEventBlocksReceived (DealStatusOngoing)
Apr 04 06:45:18 > Recv: 94.05 MiB, Paid 0.000000000190949274 FIL, ClientEventBlocksReceived (DealStatusOngoing)
Apr 04 06:45:20 > Recv: 95.05 MiB, Paid 0.000000000190949274 FIL, ClientEventBlocksReceived (DealStatusOngoing)
Apr 04 06:45:23 > Recv: 96.05 MiB, Paid 0.000000000190949274 FIL, ClientEventBlocksReceived (DealStatusOngoing)
Apr 04 06:45:25 > Recv: 97.05 MiB, Paid 0.000000000190949274 FIL, ClientEventBlocksReceived (DealStatusOngoing)
Apr 04 06:45:26 > Recv: 98.05 MiB, Paid 0.000000000190949274 FIL, ClientEventBlocksReceived (DealStatusOngoing)
Apr 04 06:45:27 > Recv: 99.05 MiB, Paid 0.000000000190949274 FIL, ClientEventBlocksReceived (DealStatusOngoing)
Apr 04 06:45:29 > Recv: 100.1 MiB, Paid 0.000000000190949274 FIL, ClientEventBlocksReceived (DealStatusOngoing)
Apr 04 06:45:30 > Recv: 101.1 MiB, Paid 0.000000000190949274 FIL, ClientEventBlocksReceived (DealStatusOngoing)
Apr 04 06:45:31 > Recv: 102.1 MiB, Paid 0.000000000190949274 FIL, ClientEventBlocksReceived (DealStatusOngoing)
Apr 04 06:45:32 > Recv: 103.1 MiB, Paid 0.000000000190949274 FIL, ClientEventBlocksReceived (DealStatusOngoing)
Apr 04 06:45:34 > Recv: 104.1 MiB, Paid 0.000000000190949274 FIL, ClientEventBlocksReceived (DealStatusOngoing)
Apr 04 06:45:35 > Recv: 104.1 MiB, Paid 0.000000000190949274 FIL, ClientEventPaymentRequested (DealStatusFundsNeeded)
Apr 04 06:45:35 > Recv: 104.1 MiB, Paid 0.000000000190949274 FIL, ClientEventSendFunds (DealStatusSendFunds)
Apr 04 06:45:35 > Recv: 104.1 MiB, Paid 0.000000000220309402 FIL, ClientEventPaymentSent (DealStatusOngoing)
Apr 04 06:46:22 > Recv: 106.1 MiB, Paid 0.000000000220309402 FIL, ClientEventBlocksReceived (DealStatusOngoing)
Apr 04 06:46:22 > Recv: 107.1 MiB, Paid 0.000000000220309402 FIL, ClientEventBlocksReceived (DealStatusOngoing)
Apr 04 06:46:22 > Recv: 108.1 MiB, Paid 0.000000000220309402 FIL, ClientEventBlocksReceived (DealStatusOngoing)
Apr 04 06:46:22 > Recv: 109.1 MiB, Paid 0.000000000220309402 FIL, ClientEventBlocksReceived (DealStatusOngoing)
Apr 04 06:46:22 > Recv: 110.1 MiB, Paid 0.000000000220309402 FIL, ClientEventBlocksReceived (DealStatusOngoing)
Apr 04 06:46:23 > Recv: 111.1 MiB, Paid 0.000000000220309402 FIL, ClientEventBlocksReceived (DealStatusOngoing)
Apr 04 06:46:23 > Recv: 112.1 MiB, Paid 0.000000000220309402 FIL, ClientEventBlocksReceived (DealStatusOngoing)
Apr 04 06:46:23 > Recv: 113.1 MiB, Paid 0.000000000220309402 FIL, ClientEventBlocksReceived (DealStatusOngoing)
Apr 04 06:46:23 > Recv: 114.1 MiB, Paid 0.000000000220309402 FIL, ClientEventBlocksReceived (DealStatusOngoing)
Apr 04 06:46:24 > Recv: 115.1 MiB, Paid 0.000000000220309402 FIL, ClientEventBlocksReceived (DealStatusOngoing)
Apr 04 06:46:24 > Recv: 116.1 MiB, Paid 0.000000000220309402 FIL, ClientEventBlocksReceived (DealStatusOngoing)
Apr 04 06:46:25 > Recv: 117.1 MiB, Paid 0.000000000220309402 FIL, ClientEventBlocksReceived (DealStatusOngoing)
Apr 04 06:46:25 > Recv: 118.1 MiB, Paid 0.000000000220309402 FIL, ClientEventBlocksReceived (DealStatusOngoing)
Apr 04 06:46:26 > Recv: 119.1 MiB, Paid 0.000000000220309402 FIL, ClientEventBlocksReceived (DealStatusOngoing)
Apr 04 06:46:28 > Recv: 119.1 MiB, Paid 0.000000000220309402 FIL, ClientEventPaymentRequested (DealStatusFundsNeeded)
Apr 04 06:46:28 > Recv: 120.1 MiB, Paid 0.000000000220309402 FIL, ClientEventBlocksReceived (DealStatusFundsNeeded)
Apr 04 06:46:28 > Recv: 120.1 MiB, Paid 0.000000000220309402 FIL, ClientEventSendFunds (DealStatusSendFunds)
Apr 04 06:46:28 > Recv: 120.1 MiB, Paid 0.000000000251766682 FIL, ClientEventPaymentSent (DealStatusOngoing)
Apr 04 06:46:32 > Recv: 121.1 MiB, Paid 0.000000000251766682 FIL, ClientEventBlocksReceived (DealStatusOngoing)
Apr 04 06:46:34 > Recv: 122.1 MiB, Paid 0.000000000251766682 FIL, ClientEventBlocksReceived (DealStatusOngoing)
Apr 04 06:46:35 > Recv: 123.1 MiB, Paid 0.000000000251766682 FIL, ClientEventBlocksReceived (DealStatusOngoing)
Apr 04 06:46:36 > Recv: 124.1 MiB, Paid 0.000000000251766682 FIL, ClientEventBlocksReceived (DealStatusOngoing)
Apr 04 06:46:37 > Recv: 125.1 MiB, Paid 0.000000000251766682 FIL, ClientEventBlocksReceived (DealStatusOngoing)
Apr 04 06:46:41 > Recv: 126.1 MiB, Paid 0.000000000251766682 FIL, ClientEventBlocksReceived (DealStatusOngoing)
Apr 04 06:46:45 > Recv: 127.1 MiB, Paid 0.000000000251766682 FIL, ClientEventBlocksReceived (DealStatusOngoing)
Apr 04 06:46:46 > Recv: 128.1 MiB, Paid 0.000000000251766682 FIL, ClientEventBlocksReceived (DealStatusOngoing)
Apr 04 06:46:46 > Recv: 129.1 MiB, Paid 0.000000000251766682 FIL, ClientEventBlocksReceived (DealStatusOngoing)
Apr 04 06:46:47 > Recv: 130.1 MiB, Paid 0.000000000251766682 FIL, ClientEventBlocksReceived (DealStatusOngoing)
Apr 04 06:46:49 > Recv: 131.1 MiB, Paid 0.000000000251766682 FIL, ClientEventBlocksReceived (DealStatusOngoing)
Apr 04 06:46:52 > Recv: 132.1 MiB, Paid 0.000000000251766682 FIL, ClientEventBlocksReceived (DealStatusOngoing)
Apr 04 06:46:54 > Recv: 133.1 MiB, Paid 0.000000000251766682 FIL, ClientEventBlocksReceived (DealStatusOngoing)
Apr 04 06:46:55 > Recv: 134.1 MiB, Paid 0.000000000251766682 FIL, ClientEventBlocksReceived (DealStatusOngoing)
Apr 04 06:46:56 > Recv: 135.1 MiB, Paid 0.000000000251766682 FIL, ClientEventBlocksReceived (DealStatusOngoing)
Apr 04 06:46:57 > Recv: 135.1 MiB, Paid 0.000000000251766682 FIL, ClientEventPaymentRequested (DealStatusFundsNeeded)
Apr 04 06:46:57 > Recv: 135.1 MiB, Paid 0.000000000251766682 FIL, ClientEventSendFunds (DealStatusSendFunds)
Apr 04 06:46:57 > Recv: 135.1 MiB, Paid 0.000000000285321114 FIL, ClientEventPaymentSent (DealStatusOngoing)
Apr 04 06:47:26 > Recv: 137.1 MiB, Paid 0.000000000285321114 FIL, ClientEventBlocksReceived (DealStatusOngoing)
Apr 04 06:47:31 > Recv: 138.1 MiB, Paid 0.000000000285321114 FIL, ClientEventBlocksReceived (DealStatusOngoing)
