Apr 04 06:25:29 1234
Apr 04 06:25:29 eyJhbGciOiJIUzI1NiIsInR5cCI6IkpXVCJ9.eyJBbGxvdyI6WyJyZWFkIiwid3JpdGUiLCJzaWduIiwiYWRtaW4iXX0.RzY4hBx900NTgTTAA7E-5suH8551qNnu4IWj05cheAs
Apr 04 06:25:30 Loading deals f0421499
Apr 04 06:25:30 f0421499 1 minimal_finality_stateroots_616300_2021-03-26_22-00-00.car.aa
Apr 04 06:25:30 f0421499 2 minimal_finality_stateroots_616300_2021-03-26_22-00-00.car.ab
Apr 04 06:25:30 f0421499 3 minimal_finality_stateroots_620860_2021-03-28_12-00-00.car.aa
Apr 04 06:25:30 f0421499 4 minimal_finality_stateroots_620860_2021-03-28_12-00-00.car.ab
Apr 04 06:25:30 f0421499 5 minimal_finality_stateroots_624460_2021-03-29_18-00-00.car.aa
Apr 04 06:25:30 f0421499 6 minimal_finality_stateroots_624460_2021-03-29_18-00-00.car.ab
Apr 04 06:25:30 f0421499 7 minimal_finality_stateroots_627340_2021-03-30_18-00-00.car.aa
Apr 04 06:25:30 f0421499 8 minimal_finality_stateroots_627340_2021-03-30_18-00-00.car.ab
Apr 04 06:25:30 1 minimal_finality_stateroots_620860_2021-03-28_12-00-00.car.ab
Apr 04 06:25:30 f071624-1643068 f09848-1642933 f019551-1645164 f01278-1645170 f08403-1645178 f022352-1652238 f058369-1652461 f0145874-1652527 f023467-1652489 f099608-1652792
Apr 04 06:25:30 Mpool pending 2, skipping + sleeping 30s
Apr 04 06:26:00 Mpool pending 2, skipping + sleeping 30s
Apr 04 06:26:30 Mpool pending 1, skipping + sleeping 30s
Apr 04 06:27:01 Mpool pending 1, skipping + sleeping 30s
Apr 04 06:27:31 Mpool pending 1, skipping + sleeping 30s
Apr 04 06:28:01 Mpool pending 1, skipping + sleeping 30s
Apr 04 06:28:31 Mpool pending 1, skipping + sleeping 30s
Apr 04 06:29:01 Mpool pending 1, skipping + sleeping 30s
Apr 04 06:29:34 Mpool pending 1, skipping + sleeping 30s
Apr 04 06:30:04 Already have log for f099608 1652792 bafykbzacedqs6z3a56hasssv234ddhav7zgrlaukfnj6norlu4deptzsezn6g
Apr 04 06:30:05 
Apr 04 06:30:06 0 minimal_finality_stateroots_624460_2021-03-29_18-00-00.car.ab
Apr 04 06:30:06 f099608-1652417 f01240-1652718 f022163-1652787
Apr 04 06:30:07 Already have log for f099608 1652417 bafykbzaceazee5wr2xtg4gpmjeo65uawsjx5i7kpxlv6h75hinjfqc7sg72sa
Apr 04 06:30:12 Already have log for f01240 1652718 bafykbzaceazee5wr2xtg4gpmjeo65uawsjx5i7kpxlv6h75hinjfqc7sg72sa
Apr 04 06:30:13 Mpool pending 4, skipping + sleeping 30s
Apr 04 06:30:43 
Apr 04 06:30:44 0 minimal_finality_stateroots_620860_2021-03-28_12-00-00.car.aa
Apr 04 06:30:44 f0165400-1642717 f022163-1643006 f019551-1645067 f022352-1642861 f066596-1643069 f0145874-1642998 f071624-1645163 f08403-1645153 f022142-1652418 f014768-1652440 f023467-1652230 f058369-1652547
Apr 04 06:30:44 Already have log for f0165400 1642717 bafykbzacebwfpdjhfkv4dckre5pdb6dbtn3drso5mdqbmbofexmrri6vt3py2
Apr 04 06:30:45 Already have log for f022163 1643006 bafykbzacebwfpdjhfkv4dckre5pdb6dbtn3drso5mdqbmbofexmrri6vt3py2
Apr 04 06:30:46 Retrieving f019551 1645067 bafykbzacebwfpdjhfkv4dckre5pdb6dbtn3drso5mdqbmbofexmrri6vt3py2
Apr 04 06:30:46   % Total    % Received % Xferd  Average Speed   Time    Time     Time  Current
Apr 04 06:30:46                                  Dload  Upload   Total   Spent    Left  Speed
Apr 04 06:30:47   0     0    0     0    0     0      0      0 --:--:-- --:--:-- --:--:--     0100   568  100   391  100   177   4710   2132 --:--:-- --:--:-- --:--:--  6843
Apr 04 06:30:47 {"jsonrpc":"2.0","result":{"Err":"","Root":{"/":"bafykbzacebwfpdjhfkv4dckre5pdb6dbtn3drso5mdqbmbofexmrri6vt3py2"},"Piece":null,"Size":34359738368,"MinPrice":"31988916420608","UnsealPrice":"0","PaymentInterval":33554432,"PaymentIntervalIncrease":33554432,"Miner":"f019519","MinerPeer":{"Address":"f019551","ID":"12D3KooWQKi3L61jRSYfwDMAA2xJVWxhXFUchAg15uk6fFQEK6S3","PieceCID":null}},"id":1}
Apr 04 06:30:47 > Recv: 0 B, Paid 0 FIL, ClientEventOpen (DealStatusNew)
Apr 04 06:30:47 > Recv: 0 B, Paid 0 FIL, ClientEventDealProposed (DealStatusWaitForAcceptance)
