Apr 04 06:26:45 1234
Apr 04 06:26:45 eyJhbGciOiJIUzI1NiIsInR5cCI6IkpXVCJ9.eyJBbGxvdyI6WyJyZWFkIiwid3JpdGUiLCJzaWduIiwiYWRtaW4iXX0.RzY4hBx900NTgTTAA7E-5suH8551qNnu4IWj05cheAs
Apr 04 06:26:45 Loading deals f0421499
Apr 04 06:26:45 f0421499 1 minimal_finality_stateroots_616300_2021-03-26_22-00-00.car.aa
Apr 04 06:26:45 f0421499 2 minimal_finality_stateroots_616300_2021-03-26_22-00-00.car.ab
Apr 04 06:26:45 f0421499 3 minimal_finality_stateroots_620860_2021-03-28_12-00-00.car.aa
Apr 04 06:26:45 f0421499 4 minimal_finality_stateroots_620860_2021-03-28_12-00-00.car.ab
Apr 04 06:26:45 f0421499 5 minimal_finality_stateroots_624460_2021-03-29_18-00-00.car.aa
Apr 04 06:26:45 f0421499 6 minimal_finality_stateroots_624460_2021-03-29_18-00-00.car.ab
Apr 04 06:26:45 f0421499 7 minimal_finality_stateroots_627340_2021-03-30_18-00-00.car.aa
Apr 04 06:26:45 f0421499 8 minimal_finality_stateroots_627340_2021-03-30_18-00-00.car.ab
Apr 04 06:26:45 1 minimal_finality_stateroots_624460_2021-03-29_18-00-00.car.ab
Apr 04 06:26:45 f099608-1652417 f01240-1652718 f022163-1652787
Apr 04 06:26:45 Mpool pending 1, skipping + sleeping 30s
Apr 04 06:27:16 Mpool pending 1, skipping + sleeping 30s
Apr 04 06:27:46 Mpool pending 1, skipping + sleeping 30s
Apr 04 06:28:16 
Apr 04 06:28:17 0 minimal_finality_stateroots_620860_2021-03-28_12-00-00.car.aa
Apr 04 06:28:17 f0165400-1642717 f022163-1643006 f019551-1645067 f022352-1642861 f066596-1643069 f0145874-1642998 f071624-1645163 f08403-1645153 f022142-1652418 f014768-1652440 f023467-1652230 f058369-1652547
Apr 04 06:28:17 Mpool pending 1, skipping + sleeping 30s
Apr 04 06:28:47 Mpool pending 1, skipping + sleeping 30s
Apr 04 06:29:32 Mpool pending 1, skipping + sleeping 30s
Apr 04 06:30:03 Retrieving f022352 1642861 bafykbzacebwfpdjhfkv4dckre5pdb6dbtn3drso5mdqbmbofexmrri6vt3py2
Apr 04 06:30:03   % Total    % Received % Xferd  Average Speed   Time    Time     Time  Current
Apr 04 06:30:03                                  Dload  Upload   Total   Spent    Left  Speed
Apr 04 06:30:03   0     0    0     0    0     0      0      0 --:--:-- --:--:-- --:--:--     0100   563  100   386  100   177   1795    823 --:--:-- --:--:-- --:--:--  2618
Apr 04 06:30:03 {"jsonrpc":"2.0","result":{"Err":"","Root":{"/":"bafykbzacebwfpdjhfkv4dckre5pdb6dbtn3drso5mdqbmbofexmrri6vt3py2"},"Piece":null,"Size":34359738368,"MinPrice":"68719476736","UnsealPrice":"0","PaymentInterval":1048576,"PaymentIntervalIncrease":1048576,"Miner":"f019559","MinerPeer":{"Address":"f022352","ID":"12D3KooWDaYp2U3XiDeYvXVruQ5BwGUxwobQA62fASdvZGZVb4n8","PieceCID":null}},"id":1}
Apr 04 06:30:03 > Recv: 0 B, Paid 0 FIL, ClientEventOpen (DealStatusNew)
Apr 04 06:30:03 > Recv: 0 B, Paid 0 FIL, ClientEventDealProposed (DealStatusWaitForAcceptance)
