Apr 04 06:25:29 1234
Apr 04 06:25:29 eyJhbGciOiJIUzI1NiIsInR5cCI6IkpXVCJ9.eyJBbGxvdyI6WyJyZWFkIiwid3JpdGUiLCJzaWduIiwiYWRtaW4iXX0.RzY4hBx900NTgTTAA7E-5suH8551qNnu4IWj05cheAs
Apr 04 06:25:30 Loading deals f0421499
Apr 04 06:25:30 f0421499 1 minimal_finality_stateroots_616300_2021-03-26_22-00-00.car.aa
Apr 04 06:25:30 f0421499 2 minimal_finality_stateroots_616300_2021-03-26_22-00-00.car.ab
Apr 04 06:25:30 f0421499 3 minimal_finality_stateroots_620860_2021-03-28_12-00-00.car.aa
Apr 04 06:25:30 f0421499 4 minimal_finality_stateroots_620860_2021-03-28_12-00-00.car.ab
Apr 04 06:25:30 f0421499 5 minimal_finality_stateroots_624460_2021-03-29_18-00-00.car.aa
Apr 04 06:25:30 f0421499 6 minimal_finality_stateroots_624460_2021-03-29_18-00-00.car.ab
Apr 04 06:25:30 f0421499 7 minimal_finality_stateroots_627340_2021-03-30_18-00-00.car.aa
Apr 04 06:25:30 f0421499 8 minimal_finality_stateroots_627340_2021-03-30_18-00-00.car.ab
Apr 04 06:25:30 1 minimal_finality_stateroots_616300_2021-03-26_22-00-00.car.ab
Apr 04 06:25:30 f08403-1639685 f022163-1639544 f014768-1639431 f01278-1639717 f01234-1639443 f071624-1639479 f022352-1639878 f099608-1640642 f01240-1640769 f0145874-1640738 f02576-1640964 f015927-1641099 f010479-1641179
Apr 04 06:25:30 Mpool pending 2, skipping + sleeping 30s
Apr 04 06:26:00 Mpool pending 2, skipping + sleeping 30s
Apr 04 06:26:30 Mpool pending 1, skipping + sleeping 30s
Apr 04 06:27:01 Mpool pending 1, skipping + sleeping 30s
Apr 04 06:27:31 Mpool pending 1, skipping + sleeping 30s
Apr 04 06:28:01 Mpool pending 1, skipping + sleeping 30s
Apr 04 06:28:31 Mpool pending 1, skipping + sleeping 30s
Apr 04 06:29:01 Mpool pending 1, skipping + sleeping 30s
Apr 04 06:29:34 Mpool pending 1, skipping + sleeping 30s
Apr 04 06:30:04 Already have log for f0145874 1640738 bafykbzacea5dewvdatvbxc2tmi26bomowduqhoi7ery4yqi3n6li32n4oe546
Apr 04 06:30:05 Already have log for f02576 1640964 bafykbzacea5dewvdatvbxc2tmi26bomowduqhoi7ery4yqi3n6li32n4oe546
Apr 04 06:30:07 Retrieving f015927 1641099 bafykbzacea5dewvdatvbxc2tmi26bomowduqhoi7ery4yqi3n6li32n4oe546
Apr 04 06:30:07   % Total    % Received % Xferd  Average Speed   Time    Time     Time  Current
Apr 04 06:30:07                                  Dload  Upload   Total   Spent    Left  Speed
Apr 04 06:30:07   0     0    0     0    0     0      0      0 --:--:-- --:--:-- --:--:--     0100   562  100   385  100   177  12031   5531 --:--:-- --:--:-- --:--:-- 17562
Apr 04 06:30:07 {"jsonrpc":"2.0","result":{"Err":"","Root":{"/":"bafykbzacea5dewvdatvbxc2tmi26bomowduqhoi7ery4yqi3n6li32n4oe546"},"Piece":null,"Size":34359738368,"MinPrice":"68719476736","UnsealPrice":"0","PaymentInterval":1048576,"PaymentIntervalIncrease":1048576,"Miner":"f01237","MinerPeer":{"Address":"f015927","ID":"12D3KooWQGPq3PGYwecDrdb8Xv8N8KXqsVs4VP7EXBh671nttjpT","PieceCID":null}},"id":1}
Apr 04 06:30:07 > Recv: 0 B, Paid 0 FIL, ClientEventOpen (DealStatusNew)
Apr 04 06:30:07 > Recv: 0 B, Paid 0 FIL, ClientEventDealProposed (DealStatusWaitForAcceptance)
Apr 04 06:30:07 > Recv: 0 B, Paid 0 FIL, ClientEventDealRejected (DealStatusRetryLegacy)
Apr 04 06:30:07 > Recv: 0 B, Paid 0 FIL, ClientEventDealProposed (DealStatusWaitForAcceptanceLegacy)
Apr 04 06:30:07 > Recv: 0 B, Paid 0 FIL, ClientEventDealRejected (DealStatusRejected)
Apr 04 06:30:07 > Recv: 0 B, Paid 0 FIL, ClientEventOpen (DealStatusNew)
Apr 04 06:30:07 ERROR: retrieval failed: Retrieve: Retrieval Proposal Rejected: deal rejected: miner is not accepting online retrieval deals
Apr 04 06:30:07 
Apr 04 06:30:07 Command exited with non-zero status 1
Apr 04 06:30:07 0.20user 0.00system 0:00.20elapsed 104%CPU (0avgtext+0avgdata 74588maxresident)k
Apr 04 06:30:07 0inputs+0outputs (0major+10077minor)pagefaults 0swaps
Apr 04 06:30:07 f0421499: 23.119675563370925146 FIL (690G free)
Apr 04 06:30:07 Skipping ahead
Apr 04 06:30:07 
Apr 04 06:30:08 1 minimal_finality_stateroots_627340_2021-03-30_18-00-00.car.ab
Apr 04 06:30:08 f08403-1652750 f019551-1652790
Apr 04 06:30:12 Already have log for f08403 1652750 bafykbzacebrkcuqlkatfr5t72rvi622se6vvwndcn6akviq547jp3whpufdjs
Apr 04 06:30:13 Mpool pending 4, skipping + sleeping 30s
Apr 04 06:30:43 
Apr 04 06:30:44 0 minimal_finality_stateroots_624460_2021-03-29_18-00-00.car.ab
Apr 04 06:30:44 f099608-1652417 f01240-1652718 f022163-1652787
Apr 04 06:30:44 Already have log for f099608 1652417 bafykbzaceazee5wr2xtg4gpmjeo65uawsjx5i7kpxlv6h75hinjfqc7sg72sa
Apr 04 06:30:45 Already have log for f01240 1652718 bafykbzaceazee5wr2xtg4gpmjeo65uawsjx5i7kpxlv6h75hinjfqc7sg72sa
Apr 04 06:30:46 Retrieving f022163 1652787 bafykbzaceazee5wr2xtg4gpmjeo65uawsjx5i7kpxlv6h75hinjfqc7sg72sa
Apr 04 06:30:46   % Total    % Received % Xferd  Average Speed   Time    Time     Time  Current
Apr 04 06:30:46                                  Dload  Upload   Total   Spent    Left  Speed
Apr 04 06:30:47   0     0    0     0    0     0      0      0 --:--:-- --:--:-- --:--:--     0100   562  100   385  100   177   3532   1623 --:--:-- --:--:-- --:--:--  5155
Apr 04 06:30:47 {"jsonrpc":"2.0","result":{"Err":"","Root":{"/":"bafykbzaceazee5wr2xtg4gpmjeo65uawsjx5i7kpxlv6h75hinjfqc7sg72sa"},"Piece":null,"Size":34359738368,"MinPrice":"68719476736","UnsealPrice":"0","PaymentInterval":1048576,"PaymentIntervalIncrease":1048576,"Miner":"f01030","MinerPeer":{"Address":"f022163","ID":"12D3KooWDXMs6HMEdL7ein6hBWJHv42g7VMGWwUEgH8gYZ8kELYT","PieceCID":null}},"id":1}
Apr 04 06:30:47 > Recv: 0 B, Paid 0 FIL, ClientEventOpen (DealStatusNew)
Apr 04 06:30:47 > Recv: 0 B, Paid 0 FIL, ClientEventDealProposed (DealStatusWaitForAcceptance)
Apr 04 10:30:47 ERROR: retrieval timed out
Apr 04 10:30:47 
Apr 04 10:30:47 Command exited with non-zero status 124
Apr 04 10:30:47 4.06user 0.05system 4:00:00elapsed 0%CPU (0avgtext+0avgdata 73384maxresident)k
Apr 04 10:30:47 0inputs+0outputs (0major+11808minor)pagefaults 0swaps
Apr 04 10:30:47 f0421499: 23.106365688241355979 FIL (663G free)
Apr 04 10:30:47 Skipping ahead
Apr 04 10:30:47 
Apr 04 10:30:48 1 minimal_finality_stateroots_616300_2021-03-26_22-00-00.car.aa
Apr 04 10:30:48 f023971-1638943 f0157535-1639420 f015927-1639425 f066596-1639456 f071624-1640606 f08403-1641409 f01234-1640777 f023467-1641041 f019551-1641211 f022352-1642427
Apr 04 10:30:49 Already have log for f023971 1638943 bafykbzacedoze6ckqa36rd7sxv7pcpjhugbbdnfssif2meiivcykvcvqup5h2
Apr 04 10:30:50 Already have log for f0157535 1639420 bafykbzacedoze6ckqa36rd7sxv7pcpjhugbbdnfssif2meiivcykvcvqup5h2
Apr 04 10:30:52 Already have log for f015927 1639425 bafykbzacedoze6ckqa36rd7sxv7pcpjhugbbdnfssif2meiivcykvcvqup5h2
Apr 04 10:30:53 Already have log for f066596 1639456 bafykbzacedoze6ckqa36rd7sxv7pcpjhugbbdnfssif2meiivcykvcvqup5h2
Apr 04 10:30:55 Already have log for f071624 1640606 bafykbzacedoze6ckqa36rd7sxv7pcpjhugbbdnfssif2meiivcykvcvqup5h2
Apr 04 10:30:56 Already have log for f08403 1641409 bafykbzacedoze6ckqa36rd7sxv7pcpjhugbbdnfssif2meiivcykvcvqup5h2
Apr 04 10:30:57 Already have log for f01234 1640777 bafykbzacedoze6ckqa36rd7sxv7pcpjhugbbdnfssif2meiivcykvcvqup5h2
Apr 04 10:30:59 Already have log for f023467 1641041 bafykbzacedoze6ckqa36rd7sxv7pcpjhugbbdnfssif2meiivcykvcvqup5h2
Apr 04 10:31:00 Already have log for f019551 1641211 bafykbzacedoze6ckqa36rd7sxv7pcpjhugbbdnfssif2meiivcykvcvqup5h2
Apr 04 10:31:02 Already have log for f022352 1642427 bafykbzacedoze6ckqa36rd7sxv7pcpjhugbbdnfssif2meiivcykvcvqup5h2
Apr 04 10:31:03 
Apr 04 10:31:04 0 minimal_finality_stateroots_620860_2021-03-28_12-00-00.car.ab
Apr 04 10:31:04 f071624-1643068 f09848-1642933 f019551-1645164 f01278-1645170 f08403-1645178 f022352-1652238 f058369-1652461 f0145874-1652527 f023467-1652489 f099608-1652792
Apr 04 10:31:04 Already have log for f071624 1643068 bafykbzacedqs6z3a56hasssv234ddhav7zgrlaukfnj6norlu4deptzsezn6g
Apr 04 10:31:05 Already have log for f09848 1642933 bafykbzacedqs6z3a56hasssv234ddhav7zgrlaukfnj6norlu4deptzsezn6g
Apr 04 10:31:11 Already have log for f019551 1645164 bafykbzacedqs6z3a56hasssv234ddhav7zgrlaukfnj6norlu4deptzsezn6g
Apr 04 10:31:13 Already have log for f01278 1645170 bafykbzacedqs6z3a56hasssv234ddhav7zgrlaukfnj6norlu4deptzsezn6g
Apr 04 10:31:15 Already have log for f08403 1645178 bafykbzacedqs6z3a56hasssv234ddhav7zgrlaukfnj6norlu4deptzsezn6g
Apr 04 10:31:16 Already have log for f022352 1652238 bafykbzacedqs6z3a56hasssv234ddhav7zgrlaukfnj6norlu4deptzsezn6g
Apr 04 10:31:18 Already have log for f058369 1652461 bafykbzacedqs6z3a56hasssv234ddhav7zgrlaukfnj6norlu4deptzsezn6g
Apr 04 10:31:20 Already have log for f0145874 1652527 bafykbzacedqs6z3a56hasssv234ddhav7zgrlaukfnj6norlu4deptzsezn6g
Apr 04 10:31:21 Already have log for f023467 1652489 bafykbzacedqs6z3a56hasssv234ddhav7zgrlaukfnj6norlu4deptzsezn6g
Apr 04 10:31:23 Already have log for f099608 1652792 bafykbzacedqs6z3a56hasssv234ddhav7zgrlaukfnj6norlu4deptzsezn6g
Apr 04 10:31:24 
Apr 04 10:31:25 0 minimal_finality_stateroots_627340_2021-03-30_18-00-00.car.aa
Apr 04 10:31:25 f09848-1652857 f019551-1651158 f066596-1652487 f022163-1652788
Apr 04 10:31:25 Already have log for f09848 1652857 bafykbzaceaoebu76qzfrijr63ghpslqqzgcqneq75lfbrdhp5v7l3dtv6n2j4
Apr 04 10:31:26 Already have log for f019551 1651158 bafykbzaceaoebu76qzfrijr63ghpslqqzgcqneq75lfbrdhp5v7l3dtv6n2j4
Apr 04 10:31:28 Already have log for f066596 1652487 bafykbzaceaoebu76qzfrijr63ghpslqqzgcqneq75lfbrdhp5v7l3dtv6n2j4
Apr 04 10:31:29 Already have log for f022163 1652788 bafykbzaceaoebu76qzfrijr63ghpslqqzgcqneq75lfbrdhp5v7l3dtv6n2j4
Apr 04 10:31:30 
Apr 04 10:31:31 0 minimal_finality_stateroots_624460_2021-03-29_18-00-00.car.aa
Apr 04 10:31:31 f02576-1650987 f08399-1652420 f010479-1652545
Apr 04 10:31:31 Already have log for f02576 1650987 bafykbzacecpfagbszu24mq4jynabqouymjp5m3waz3kw6ccqqziwwcjm732ry
Apr 04 10:31:37 Already have log for f08399 1652420 bafykbzacecpfagbszu24mq4jynabqouymjp5m3waz3kw6ccqqziwwcjm732ry
Apr 04 10:31:38 Already have log for f010479 1652545 bafykbzacecpfagbszu24mq4jynabqouymjp5m3waz3kw6ccqqziwwcjm732ry
Apr 04 10:31:39 
Apr 04 10:31:40 0 minimal_finality_stateroots_620860_2021-03-28_12-00-00.car.aa
Apr 04 10:31:40 f0165400-1642717 f022163-1643006 f019551-1645067 f022352-1642861 f066596-1643069 f0145874-1642998 f071624-1645163 f08403-1645153 f022142-1652418 f014768-1652440 f023467-1652230 f058369-1652547
Apr 04 10:31:40 Already have log for f0165400 1642717 bafykbzacebwfpdjhfkv4dckre5pdb6dbtn3drso5mdqbmbofexmrri6vt3py2
Apr 04 10:31:42 Already have log for f022163 1643006 bafykbzacebwfpdjhfkv4dckre5pdb6dbtn3drso5mdqbmbofexmrri6vt3py2
Apr 04 10:31:43 Already have log for f019551 1645067 bafykbzacebwfpdjhfkv4dckre5pdb6dbtn3drso5mdqbmbofexmrri6vt3py2
Apr 04 10:31:44 Already have log for f022352 1642861 bafykbzacebwfpdjhfkv4dckre5pdb6dbtn3drso5mdqbmbofexmrri6vt3py2
Apr 04 10:31:45 Already have log for f066596 1643069 bafykbzacebwfpdjhfkv4dckre5pdb6dbtn3drso5mdqbmbofexmrri6vt3py2
Apr 04 10:31:46 Already have log for f0145874 1642998 bafykbzacebwfpdjhfkv4dckre5pdb6dbtn3drso5mdqbmbofexmrri6vt3py2
Apr 04 10:31:48 Already have log for f071624 1645163 bafykbzacebwfpdjhfkv4dckre5pdb6dbtn3drso5mdqbmbofexmrri6vt3py2
Apr 04 10:31:49 Already have log for f08403 1645153 bafykbzacebwfpdjhfkv4dckre5pdb6dbtn3drso5mdqbmbofexmrri6vt3py2
Apr 04 10:31:50 Already have log for f022142 1652418 bafykbzacebwfpdjhfkv4dckre5pdb6dbtn3drso5mdqbmbofexmrri6vt3py2
Apr 04 10:31:51 Already have log for f014768 1652440 bafykbzacebwfpdjhfkv4dckre5pdb6dbtn3drso5mdqbmbofexmrri6vt3py2
Apr 04 10:31:52 Already have log for f023467 1652230 bafykbzacebwfpdjhfkv4dckre5pdb6dbtn3drso5mdqbmbofexmrri6vt3py2
Apr 04 10:31:53 Already have log for f058369 1652547 bafykbzacebwfpdjhfkv4dckre5pdb6dbtn3drso5mdqbmbofexmrri6vt3py2
Apr 04 10:31:54 
