Apr 04 06:30:01 1234
Apr 04 06:30:01 eyJhbGciOiJIUzI1NiIsInR5cCI6IkpXVCJ9.eyJBbGxvdyI6WyJyZWFkIiwid3JpdGUiLCJzaWduIiwiYWRtaW4iXX0.RzY4hBx900NTgTTAA7E-5suH8551qNnu4IWj05cheAs
Apr 04 06:30:02 Loading deals f0421499
Apr 04 06:30:02 f0421499 1 minimal_finality_stateroots_616300_2021-03-26_22-00-00.car.aa
Apr 04 06:30:02 f0421499 2 minimal_finality_stateroots_616300_2021-03-26_22-00-00.car.ab
Apr 04 06:30:02 f0421499 3 minimal_finality_stateroots_620860_2021-03-28_12-00-00.car.aa
Apr 04 06:30:02 f0421499 4 minimal_finality_stateroots_620860_2021-03-28_12-00-00.car.ab
Apr 04 06:30:02 f0421499 5 minimal_finality_stateroots_624460_2021-03-29_18-00-00.car.aa
Apr 04 06:30:02 f0421499 6 minimal_finality_stateroots_624460_2021-03-29_18-00-00.car.ab
Apr 04 06:30:02 f0421499 7 minimal_finality_stateroots_627340_2021-03-30_18-00-00.car.aa
Apr 04 06:30:02 f0421499 8 minimal_finality_stateroots_627340_2021-03-30_18-00-00.car.ab
Apr 04 06:30:02 1 minimal_finality_stateroots_616300_2021-03-26_22-00-00.car.ab
Apr 04 06:30:02 f08403-1639685 f022163-1639544 f014768-1639431 f01278-1639717 f01234-1639443 f071624-1639479 f022352-1639878 f099608-1640642 f01240-1640769 f0145874-1640738 f02576-1640964 f015927-1641099 f010479-1641179
Apr 04 06:30:03 Already have log for f08403 1639685 bafykbzacea5dewvdatvbxc2tmi26bomowduqhoi7ery4yqi3n6li32n4oe546
Apr 04 06:30:04 Already have log for f022163 1639544 bafykbzacea5dewvdatvbxc2tmi26bomowduqhoi7ery4yqi3n6li32n4oe546
Apr 04 06:30:05 Retrieving f014768 1639431 bafykbzacea5dewvdatvbxc2tmi26bomowduqhoi7ery4yqi3n6li32n4oe546
Apr 04 06:30:05   % Total    % Received % Xferd  Average Speed   Time    Time     Time  Current
Apr 04 06:30:05                                  Dload  Upload   Total   Spent    Left  Speed
Apr 04 06:30:06   0     0    0     0    0     0      0      0 --:--:-- --:--:-- --:--:--     0100   563  100   386  100   177    396    181 --:--:-- --:--:-- --:--:--   578100   563  100   386  100   177    396    181 --:--:-- --:--:-- --:--:--   578
Apr 04 06:30:06 {"jsonrpc":"2.0","result":{"Err":"","Root":{"/":"bafykbzacea5dewvdatvbxc2tmi26bomowduqhoi7ery4yqi3n6li32n4oe546"},"Piece":null,"Size":34359738368,"MinPrice":"68719476736","UnsealPrice":"0","PaymentInterval":1048576,"PaymentIntervalIncrease":1048576,"Miner":"f014754","MinerPeer":{"Address":"f014768","ID":"12D3KooWEFAhaG4kVzpxuoKXZxzbD47Qmwp98tzUYB8ho2BQnzeL","PieceCID":null}},"id":1}
Apr 04 06:30:07 > Recv: 0 B, Paid 0 FIL, ClientEventOpen (DealStatusNew)
Apr 04 06:30:07 > Recv: 0 B, Paid 0 FIL, ClientEventDealProposed (DealStatusWaitForAcceptance)
Apr 04 06:30:07 > Recv: 0 B, Paid 0 FIL, ClientEventDealAccepted (DealStatusAccepted)
Apr 04 06:33:30 > Recv: 0 B, Paid 0 FIL, ClientEventPaymentChannelAddingFunds (DealStatusPaymentChannelAddingInitialFunds)
Apr 04 06:36:59 > Recv: 0 B, Paid 0 FIL, ClientEventPaymentChannelReady (DealStatusPaymentChannelAllocatingLane)
Apr 04 06:36:59 > Recv: 0 B, Paid 0 FIL, ClientEventLaneAllocated (DealStatusOngoing)
Apr 04 06:40:16 > Recv: 962 B, Paid 0 FIL, ClientEventBlocksReceived (DealStatusOngoing)
Apr 04 06:40:17 > Recv: 52.95 KiB, Paid 0 FIL, ClientEventBlocksReceived (DealStatusOngoing)
Apr 04 06:40:20 > Recv: 52.95 KiB, Paid 0 FIL, ClientEventPaymentRequested (DealStatusFundsNeeded)
Apr 04 06:40:20 > Recv: 1.052 MiB, Paid 0 FIL, ClientEventBlocksReceived (DealStatusFundsNeeded)
Apr 04 06:40:20 > Recv: 1.052 MiB, Paid 0 FIL, ClientEventSendFunds (DealStatusSendFunds)
Apr 04 06:40:20 > Recv: 1.052 MiB, Paid 0.000000000002205594 FIL, ClientEventPaymentSent (DealStatusOngoing)
Apr 04 06:40:28 > Recv: 2.052 MiB, Paid 0.000000000002205594 FIL, ClientEventBlocksReceived (DealStatusOngoing)
Apr 04 06:40:37 > Recv: 2.052 MiB, Paid 0.000000000002205594 FIL, ClientEventPaymentRequested (DealStatusFundsNeeded)
Apr 04 06:40:37 > Recv: 3.052 MiB, Paid 0.000000000002205594 FIL, ClientEventBlocksReceived (DealStatusFundsNeeded)
Apr 04 06:40:37 > Recv: 3.052 MiB, Paid 0.000000000002205594 FIL, ClientEventSendFunds (DealStatusSendFunds)
Apr 04 06:40:37 > Recv: 3.052 MiB, Paid 0.000000000006399898 FIL, ClientEventPaymentSent (DealStatusOngoing)
Apr 04 06:40:50 > Recv: 4.052 MiB, Paid 0.000000000006399898 FIL, ClientEventBlocksReceived (DealStatusOngoing)
Apr 04 06:40:54 > Recv: 5.052 MiB, Paid 0.000000000006399898 FIL, ClientEventBlocksReceived (DealStatusOngoing)
Apr 04 06:40:59 > Recv: 5.052 MiB, Paid 0.000000000006399898 FIL, ClientEventPaymentRequested (DealStatusFundsNeeded)
Apr 04 06:40:59 > Recv: 6.052 MiB, Paid 0.000000000006399898 FIL, ClientEventBlocksReceived (DealStatusFundsNeeded)
Apr 04 06:40:59 > Recv: 6.052 MiB, Paid 0.000000000006399898 FIL, ClientEventSendFunds (DealStatusSendFunds)
Apr 04 06:40:59 > Recv: 6.052 MiB, Paid 0.000000000012691354 FIL, ClientEventPaymentSent (DealStatusOngoing)
Apr 04 06:41:17 > Recv: 7.052 MiB, Paid 0.000000000012691354 FIL, ClientEventBlocksReceived (DealStatusOngoing)
Apr 04 06:41:21 > Recv: 8.052 MiB, Paid 0.000000000012691354 FIL, ClientEventBlocksReceived (DealStatusOngoing)
Apr 04 06:41:26 > Recv: 9.052 MiB, Paid 0.000000000012691354 FIL, ClientEventBlocksReceived (DealStatusOngoing)
Apr 04 06:41:33 > Recv: 9.052 MiB, Paid 0.000000000012691354 FIL, ClientEventPaymentRequested (DealStatusFundsNeeded)
Apr 04 06:41:33 > Recv: 10.05 MiB, Paid 0.000000000012691354 FIL, ClientEventBlocksReceived (DealStatusFundsNeeded)
Apr 04 06:41:33 > Recv: 10.05 MiB, Paid 0.000000000012691354 FIL, ClientEventSendFunds (DealStatusSendFunds)
Apr 04 06:41:34 > Recv: 10.05 MiB, Paid 0.000000000021079962 FIL, ClientEventPaymentSent (DealStatusOngoing)
Apr 04 06:41:57 > Recv: 11.05 MiB, Paid 0.000000000021079962 FIL, ClientEventBlocksReceived (DealStatusOngoing)
Apr 04 06:41:58 > Recv: 12.05 MiB, Paid 0.000000000021079962 FIL, ClientEventBlocksReceived (DealStatusOngoing)
Apr 04 06:42:01 > Recv: 13.05 MiB, Paid 0.000000000021079962 FIL, ClientEventBlocksReceived (DealStatusOngoing)
Apr 04 06:42:08 > Recv: 14.05 MiB, Paid 0.000000000021079962 FIL, ClientEventBlocksReceived (DealStatusOngoing)
Apr 04 06:42:13 > Recv: 14.05 MiB, Paid 0.000000000021079962 FIL, ClientEventPaymentRequested (DealStatusFundsNeeded)
Apr 04 06:42:13 > Recv: 15.05 MiB, Paid 0.000000000021079962 FIL, ClientEventBlocksReceived (DealStatusFundsNeeded)
Apr 04 06:42:13 > Recv: 15.05 MiB, Paid 0.000000000021079962 FIL, ClientEventSendFunds (DealStatusSendFunds)
Apr 04 06:42:13 > Recv: 15.05 MiB, Paid 0.000000000031565722 FIL, ClientEventPaymentSent (DealStatusOngoing)
Apr 04 06:42:39 > Recv: 16.05 MiB, Paid 0.000000000031565722 FIL, ClientEventBlocksReceived (DealStatusOngoing)
Apr 04 06:42:45 > Recv: 17.05 MiB, Paid 0.000000000031565722 FIL, ClientEventBlocksReceived (DealStatusOngoing)
Apr 04 06:42:46 > Recv: 18.05 MiB, Paid 0.000000000031565722 FIL, ClientEventBlocksReceived (DealStatusOngoing)
Apr 04 06:42:47 > Recv: 19.05 MiB, Paid 0.000000000031565722 FIL, ClientEventBlocksReceived (DealStatusOngoing)
Apr 04 06:42:47 > Recv: 20.05 MiB, Paid 0.000000000031565722 FIL, ClientEventBlocksReceived (DealStatusOngoing)
Apr 04 06:42:50 > Recv: 20.05 MiB, Paid 0.000000000031565722 FIL, ClientEventPaymentRequested (DealStatusFundsNeeded)
Apr 04 06:42:50 > Recv: 20.05 MiB, Paid 0.000000000031565722 FIL, ClientEventSendFunds (DealStatusSendFunds)
Apr 04 06:42:50 > Recv: 20.05 MiB, Paid 0.000000000044148634 FIL, ClientEventPaymentSent (DealStatusOngoing)
Apr 04 06:43:21 > Recv: 22.05 MiB, Paid 0.000000000044148634 FIL, ClientEventBlocksReceived (DealStatusOngoing)
Apr 04 06:43:25 > Recv: 23.05 MiB, Paid 0.000000000044148634 FIL, ClientEventBlocksReceived (DealStatusOngoing)
Apr 04 06:43:27 > Recv: 24.05 MiB, Paid 0.000000000044148634 FIL, ClientEventBlocksReceived (DealStatusOngoing)
Apr 04 06:43:32 > Recv: 25.05 MiB, Paid 0.000000000044148634 FIL, ClientEventBlocksReceived (DealStatusOngoing)
Apr 04 06:43:37 > Recv: 26.05 MiB, Paid 0.000000000044148634 FIL, ClientEventBlocksReceived (DealStatusOngoing)
Apr 04 06:43:39 > Recv: 27.05 MiB, Paid 0.000000000044148634 FIL, ClientEventBlocksReceived (DealStatusOngoing)
Apr 04 06:43:39 > Recv: 27.05 MiB, Paid 0.000000000044148634 FIL, ClientEventPaymentRequested (DealStatusFundsNeeded)
Apr 04 06:43:39 > Recv: 27.05 MiB, Paid 0.000000000044148634 FIL, ClientEventSendFunds (DealStatusSendFunds)
Apr 04 06:43:39 > Recv: 27.05 MiB, Paid 0.000000000058828698 FIL, ClientEventPaymentSent (DealStatusOngoing)
Apr 04 06:44:17 > Recv: 29.05 MiB, Paid 0.000000000058828698 FIL, ClientEventBlocksReceived (DealStatusOngoing)
Apr 04 06:44:23 > Recv: 30.05 MiB, Paid 0.000000000058828698 FIL, ClientEventBlocksReceived (DealStatusOngoing)
Apr 04 06:44:30 > Recv: 31.05 MiB, Paid 0.000000000058828698 FIL, ClientEventBlocksReceived (DealStatusOngoing)
Apr 04 06:44:33 > Recv: 32.05 MiB, Paid 0.000000000058828698 FIL, ClientEventBlocksReceived (DealStatusOngoing)
Apr 04 06:44:36 > Recv: 33.05 MiB, Paid 0.000000000058828698 FIL, ClientEventBlocksReceived (DealStatusOngoing)
Apr 04 06:44:38 > Recv: 34.05 MiB, Paid 0.000000000058828698 FIL, ClientEventBlocksReceived (DealStatusOngoing)
Apr 04 06:44:42 > Recv: 35.05 MiB, Paid 0.000000000058828698 FIL, ClientEventBlocksReceived (DealStatusOngoing)
Apr 04 06:44:48 > Recv: 35.05 MiB, Paid 0.000000000058828698 FIL, ClientEventPaymentRequested (DealStatusFundsNeeded)
Apr 04 06:44:48 > Recv: 35.05 MiB, Paid 0.000000000058828698 FIL, ClientEventSendFunds (DealStatusSendFunds)
Apr 04 06:44:48 > Recv: 35.05 MiB, Paid 0.000000000075605914 FIL, ClientEventPaymentSent (DealStatusOngoing)
Apr 04 06:45:29 > Recv: 37.05 MiB, Paid 0.000000000075605914 FIL, ClientEventBlocksReceived (DealStatusOngoing)
Apr 04 06:45:33 > Recv: 38.05 MiB, Paid 0.000000000075605914 FIL, ClientEventBlocksReceived (DealStatusOngoing)
Apr 04 06:45:38 > Recv: 39.05 MiB, Paid 0.000000000075605914 FIL, ClientEventBlocksReceived (DealStatusOngoing)
Apr 04 06:45:39 > Recv: 40.05 MiB, Paid 0.000000000075605914 FIL, ClientEventBlocksReceived (DealStatusOngoing)
Apr 04 06:45:41 > Recv: 41.05 MiB, Paid 0.000000000075605914 FIL, ClientEventBlocksReceived (DealStatusOngoing)
Apr 04 06:45:46 > Recv: 42.05 MiB, Paid 0.000000000075605914 FIL, ClientEventBlocksReceived (DealStatusOngoing)
Apr 04 06:45:53 > Recv: 43.05 MiB, Paid 0.000000000075605914 FIL, ClientEventBlocksReceived (DealStatusOngoing)
Apr 04 06:45:59 > Recv: 44.05 MiB, Paid 0.000000000075605914 FIL, ClientEventBlocksReceived (DealStatusOngoing)
Apr 04 06:46:04 > Recv: 44.05 MiB, Paid 0.000000000075605914 FIL, ClientEventPaymentRequested (DealStatusFundsNeeded)
Apr 04 06:46:04 > Recv: 44.05 MiB, Paid 0.000000000075605914 FIL, ClientEventSendFunds (DealStatusSendFunds)
Apr 04 06:46:04 > Recv: 44.05 MiB, Paid 0.000000000094480282 FIL, ClientEventPaymentSent (DealStatusOngoing)
Apr 04 06:46:28 > Recv: 46.05 MiB, Paid 0.000000000094480282 FIL, ClientEventBlocksReceived (DealStatusOngoing)
Apr 04 06:46:32 > Recv: 47.05 MiB, Paid 0.000000000094480282 FIL, ClientEventBlocksReceived (DealStatusOngoing)
Apr 04 06:46:37 > Recv: 48.05 MiB, Paid 0.000000000094480282 FIL, ClientEventBlocksReceived (DealStatusOngoing)
Apr 04 06:46:44 > Recv: 49.05 MiB, Paid 0.000000000094480282 FIL, ClientEventBlocksReceived (DealStatusOngoing)
Apr 04 06:46:47 > Recv: 50.05 MiB, Paid 0.000000000094480282 FIL, ClientEventBlocksReceived (DealStatusOngoing)
Apr 04 06:46:54 > Recv: 51.05 MiB, Paid 0.000000000094480282 FIL, ClientEventBlocksReceived (DealStatusOngoing)
Apr 04 06:46:57 > Recv: 52.05 MiB, Paid 0.000000000094480282 FIL, ClientEventBlocksReceived (DealStatusOngoing)
Apr 04 06:47:02 > Recv: 53.05 MiB, Paid 0.000000000094480282 FIL, ClientEventBlocksReceived (DealStatusOngoing)
Apr 04 06:47:11 > Recv: 54.05 MiB, Paid 0.000000000094480282 FIL, ClientEventBlocksReceived (DealStatusOngoing)
Apr 04 06:47:20 > Recv: 54.05 MiB, Paid 0.000000000094480282 FIL, ClientEventPaymentRequested (DealStatusFundsNeeded)
Apr 04 06:47:20 > Recv: 54.05 MiB, Paid 0.000000000094480282 FIL, ClientEventSendFunds (DealStatusSendFunds)
Apr 04 06:47:20 > Recv: 54.05 MiB, Paid 0.000000000115451802 FIL, ClientEventPaymentSent (DealStatusOngoing)
