Apr 04 06:25:44 1234
Apr 04 06:25:44 eyJhbGciOiJIUzI1NiIsInR5cCI6IkpXVCJ9.eyJBbGxvdyI6WyJyZWFkIiwid3JpdGUiLCJzaWduIiwiYWRtaW4iXX0.RzY4hBx900NTgTTAA7E-5suH8551qNnu4IWj05cheAs
Apr 04 06:25:44 Loading deals f0421499
Apr 04 06:25:44 f0421499 1 minimal_finality_stateroots_616300_2021-03-26_22-00-00.car.aa
Apr 04 06:25:44 f0421499 2 minimal_finality_stateroots_616300_2021-03-26_22-00-00.car.ab
Apr 04 06:25:44 f0421499 3 minimal_finality_stateroots_620860_2021-03-28_12-00-00.car.aa
Apr 04 06:25:44 f0421499 4 minimal_finality_stateroots_620860_2021-03-28_12-00-00.car.ab
Apr 04 06:25:44 f0421499 5 minimal_finality_stateroots_624460_2021-03-29_18-00-00.car.aa
Apr 04 06:25:44 f0421499 6 minimal_finality_stateroots_624460_2021-03-29_18-00-00.car.ab
Apr 04 06:25:44 f0421499 7 minimal_finality_stateroots_627340_2021-03-30_18-00-00.car.aa
Apr 04 06:25:44 f0421499 8 minimal_finality_stateroots_627340_2021-03-30_18-00-00.car.ab
Apr 04 06:25:44 1 minimal_finality_stateroots_624460_2021-03-29_18-00-00.car.aa
Apr 04 06:25:44 f02576-1650987 f08399-1652420 f010479-1652545
Apr 04 06:25:44 Mpool pending 2, skipping + sleeping 30s
Apr 04 06:26:14 Mpool pending 1, skipping + sleeping 30s
Apr 04 06:26:44 Mpool pending 1, skipping + sleeping 30s
Apr 04 06:27:14 
Apr 04 06:27:15 0 minimal_finality_stateroots_620860_2021-03-28_12-00-00.car.ab
Apr 04 06:27:15 f071624-1643068 f09848-1642933 f019551-1645164 f01278-1645170 f08403-1645178 f022352-1652238 f058369-1652461 f0145874-1652527 f023467-1652489 f099608-1652792
Apr 04 06:27:16 Mpool pending 1, skipping + sleeping 30s
Apr 04 06:27:46 Mpool pending 1, skipping + sleeping 30s
Apr 04 06:28:16 Mpool pending 1, skipping + sleeping 30s
Apr 04 06:28:46 Retrieving f01278 1645170 bafykbzacedqs6z3a56hasssv234ddhav7zgrlaukfnj6norlu4deptzsezn6g
Apr 04 06:28:46   % Total    % Received % Xferd  Average Speed   Time    Time     Time  Current
Apr 04 06:28:46                                  Dload  Upload   Total   Spent    Left  Speed
Apr 04 06:28:46   0     0    0     0    0     0      0      0 --:--:-- --:--:-- --:--:--     0100   550  100   374  100   176   8697   4093 --:--:-- --:--:-- --:--:-- 12790
Apr 04 06:28:46 {"jsonrpc":"2.0","result":{"Err":"","Root":{"/":"bafykbzacedqs6z3a56hasssv234ddhav7zgrlaukfnj6norlu4deptzsezn6g"},"Piece":null,"Size":34359738368,"MinPrice":"0","UnsealPrice":"0","PaymentInterval":1048576,"PaymentIntervalIncrease":1048576,"Miner":"f01019","MinerPeer":{"Address":"f01278","ID":"12D3KooWQvdhZSSArWTSBiyjVZa3mAmzoLHXV2QS9nFoaGLv3fL7","PieceCID":null}},"id":1}
Apr 04 06:28:46 > Recv: 0 B, Paid 0 FIL, ClientEventOpen (DealStatusNew)
Apr 04 06:28:46 > Recv: 0 B, Paid 0 FIL, ClientEventDealProposed (DealStatusWaitForAcceptance)
Apr 04 06:28:46 > Recv: 0 B, Paid 0 FIL, ClientEventDealAccepted (DealStatusAccepted)
Apr 04 06:28:46 > Recv: 0 B, Paid 0 FIL, ClientEventPaymentChannelSkip (DealStatusOngoing)
