Apr 04 15:48:58 1234
Apr 04 15:48:58 eyJhbGciOiJIUzI1NiIsInR5cCI6IkpXVCJ9.eyJBbGxvdyI6WyJyZWFkIiwid3JpdGUiLCJzaWduIiwiYWRtaW4iXX0.RzY4hBx900NTgTTAA7E-5suH8551qNnu4IWj05cheAs
Apr 04 15:48:58 Loading deals f0421499
Apr 04 15:48:58 f0421499 1 minimal_finality_stateroots_616300_2021-03-26_22-00-00.car.aa
Apr 04 15:48:58 f0421499 2 minimal_finality_stateroots_616300_2021-03-26_22-00-00.car.ab
Apr 04 15:48:58 f0421499 3 minimal_finality_stateroots_620860_2021-03-28_12-00-00.car.aa
Apr 04 15:48:58 f0421499 4 minimal_finality_stateroots_620860_2021-03-28_12-00-00.car.ab
Apr 04 15:48:59 f0421499 5 minimal_finality_stateroots_624460_2021-03-29_18-00-00.car.aa
Apr 04 15:48:59 f0421499 6 minimal_finality_stateroots_624460_2021-03-29_18-00-00.car.ab
Apr 04 15:48:59 f0421499 7 minimal_finality_stateroots_627340_2021-03-30_18-00-00.car.aa
Apr 04 15:48:59 f0421499 8 minimal_finality_stateroots_627340_2021-03-30_18-00-00.car.ab
Apr 04 15:48:59 1 minimal_finality_stateroots_620860_2021-03-28_12-00-00.car.ab
Apr 04 15:48:59 f071624-1643068 f09848-1642933 f019551-1645164 f01278-1645170 f08403-1645178 f022352-1652238 f058369-1652461 f0145874-1652527 f023467-1652489 f099608-1652792
Apr 04 15:48:59 Mpool pending 2, skipping + sleeping 30s
Apr 04 15:49:29 Mpool pending 2, skipping + sleeping 30s
Apr 04 15:50:00 Already have log for f019551 1645164 bafykbzacedqs6z3a56hasssv234ddhav7zgrlaukfnj6norlu4deptzsezn6g
Apr 04 15:50:02 Already have log for f01278 1645170 bafykbzacedqs6z3a56hasssv234ddhav7zgrlaukfnj6norlu4deptzsezn6g
Apr 04 15:50:05 Already have log for f08403 1645178 bafykbzacedqs6z3a56hasssv234ddhav7zgrlaukfnj6norlu4deptzsezn6g
Apr 04 15:50:06 Already have log for f022352 1652238 bafykbzacedqs6z3a56hasssv234ddhav7zgrlaukfnj6norlu4deptzsezn6g
Apr 04 15:50:13 Already have log for f058369 1652461 bafykbzacedqs6z3a56hasssv234ddhav7zgrlaukfnj6norlu4deptzsezn6g
Apr 04 15:50:16 Already have log for f0145874 1652527 bafykbzacedqs6z3a56hasssv234ddhav7zgrlaukfnj6norlu4deptzsezn6g
Apr 04 15:50:18 Already have log for f023467 1652489 bafykbzacedqs6z3a56hasssv234ddhav7zgrlaukfnj6norlu4deptzsezn6g
Apr 04 15:50:20 Already have log for f099608 1652792 bafykbzacedqs6z3a56hasssv234ddhav7zgrlaukfnj6norlu4deptzsezn6g
Apr 04 15:50:21 
Apr 04 15:50:22 0 minimal_finality_stateroots_627340_2021-03-30_18-00-00.car.ab
Apr 04 15:50:22 f08403-1652750 f019551-1652790
Apr 04 15:50:22 Already have log for f08403 1652750 bafykbzacebrkcuqlkatfr5t72rvi622se6vvwndcn6akviq547jp3whpufdjs
Apr 04 15:50:24 Mpool pending 1, skipping + sleeping 30s
Apr 04 15:50:54 
Apr 04 15:50:55 0 minimal_finality_stateroots_624460_2021-03-29_18-00-00.car.aa
Apr 04 15:50:55 f02576-1650987 f08399-1652420 f010479-1652545
Apr 04 15:50:56 Mpool pending 1, skipping + sleeping 30s
Apr 04 15:51:26 Mpool pending 1, skipping + sleeping 30s
Apr 04 15:51:58 Already have log for f010479 1652545 bafykbzacecpfagbszu24mq4jynabqouymjp5m3waz3kw6ccqqziwwcjm732ry
