Apr 04 06:25:42 1234
Apr 04 06:25:42 eyJhbGciOiJIUzI1NiIsInR5cCI6IkpXVCJ9.eyJBbGxvdyI6WyJyZWFkIiwid3JpdGUiLCJzaWduIiwiYWRtaW4iXX0.RzY4hBx900NTgTTAA7E-5suH8551qNnu4IWj05cheAs
Apr 04 06:25:42 Loading deals f0421499
Apr 04 06:25:42 f0421499 1 minimal_finality_stateroots_616300_2021-03-26_22-00-00.car.aa
Apr 04 06:25:42 f0421499 2 minimal_finality_stateroots_616300_2021-03-26_22-00-00.car.ab
Apr 04 06:25:42 f0421499 3 minimal_finality_stateroots_620860_2021-03-28_12-00-00.car.aa
Apr 04 06:25:42 f0421499 4 minimal_finality_stateroots_620860_2021-03-28_12-00-00.car.ab
Apr 04 06:25:42 f0421499 5 minimal_finality_stateroots_624460_2021-03-29_18-00-00.car.aa
Apr 04 06:25:42 f0421499 6 minimal_finality_stateroots_624460_2021-03-29_18-00-00.car.ab
Apr 04 06:25:42 f0421499 7 minimal_finality_stateroots_627340_2021-03-30_18-00-00.car.aa
Apr 04 06:25:42 f0421499 8 minimal_finality_stateroots_627340_2021-03-30_18-00-00.car.ab
Apr 04 06:25:42 1 minimal_finality_stateroots_616300_2021-03-26_22-00-00.car.ab
Apr 04 06:25:42 f08403-1639685 f022163-1639544 f014768-1639431 f01278-1639717 f01234-1639443 f071624-1639479 f022352-1639878 f099608-1640642 f01240-1640769 f0145874-1640738 f02576-1640964 f015927-1641099 f010479-1641179
Apr 04 06:25:42 Mpool pending 2, skipping + sleeping 30s
Apr 04 06:26:13 Mpool pending 1, skipping + sleeping 30s
Apr 04 06:26:43 Mpool pending 1, skipping + sleeping 30s
Apr 04 06:27:13 Mpool pending 1, skipping + sleeping 30s
Apr 04 06:27:44 Mpool pending 1, skipping + sleeping 30s
Apr 04 06:28:14 Mpool pending 1, skipping + sleeping 30s
Apr 04 06:28:44 Retrieving f022352 1639878 bafykbzacea5dewvdatvbxc2tmi26bomowduqhoi7ery4yqi3n6li32n4oe546
Apr 04 06:28:44   % Total    % Received % Xferd  Average Speed   Time    Time     Time  Current
Apr 04 06:28:44                                  Dload  Upload   Total   Spent    Left  Speed
Apr 04 06:28:44   0     0    0     0    0     0      0      0 --:--:-- --:--:-- --:--:--     0100   563  100   386  100   177   3541   1623 --:--:-- --:--:-- --:--:--  5165
Apr 04 06:28:44 {"jsonrpc":"2.0","result":{"Err":"","Root":{"/":"bafykbzacea5dewvdatvbxc2tmi26bomowduqhoi7ery4yqi3n6li32n4oe546"},"Piece":null,"Size":34359738368,"MinPrice":"68719476736","UnsealPrice":"0","PaymentInterval":1048576,"PaymentIntervalIncrease":1048576,"Miner":"f019559","MinerPeer":{"Address":"f022352","ID":"12D3KooWDaYp2U3XiDeYvXVruQ5BwGUxwobQA62fASdvZGZVb4n8","PieceCID":null}},"id":1}
Apr 04 06:28:44 > Recv: 0 B, Paid 0 FIL, ClientEventOpen (DealStatusNew)
Apr 04 06:28:44 > Recv: 0 B, Paid 0 FIL, ClientEventDealProposed (DealStatusWaitForAcceptance)
